#auto generated file!
12.0;43;43;40;40;57;34;44;41;31;44;36;51;48;48
18.0;46;44;40;40;59;34;44;38;31;44;34;51;49;46
24.0;47;46;38;40;58;35;42;37;32;40;36;51;47;51
30.0;47;48;37;39;57;34;43;37;35;39;36;49;51;48
36.0;50;48;38;39;56;35;43;37;35;39;35;46;50;49
42.0;52;49;37;39;56;34;46;37;34;41;33;47;49;46
48.0;52;48;37;44;57;34;47;36;34;39;34;46;48;44
54.0;54;50;39;45;55;32;46;37;33;40;36;43;47;43
60.0;55;51;37;43;56;33;46;38;31;37;35;44;49;45
66.0;55;50;35;42;56;34;47;38;34;34;36;46;48;45
72.0;56;51;36;42;56;37;50;39;32;31;34;44;47;45
78.0;59;54;35;45;56;38;49;39;33;33;33;41;44;41
84.0;58;55;36;45;58;39;48;39;32;30;34;43;43;40
90.0;59;58;37;42;58;37;50;42;33;30;31;42;43;38
96.0;61;59;37;44;60;39;47;41;34;27;31;42;43;35
102.0;61;58;38;44;59;41;46;39;33;27;30;42;45;37
108.0;63;60;37;44;58;41;47;38;32;26;31;42;43;38
114.0;63;61;37;44;59;44;46;37;31;24;32;43;42;37
120.0;63;62;35;46;61;45;46;39;30;23;33;42;40;35
126.0;61;63;37;47;62;47;42;42;30;23;33;39;37;37
132.0;60;64;39;46;65;47;39;41;32;23;32;36;40;36
138.0;59;63;43;48;62;47;41;40;35;23;31;35;37;36
144.0;59;64;43;49;60;47;40;40;34;25;30;36;36;37
150.0;58;65;40;47;61;50;40;37;34;29;32;35;35;37
156.0;60;67;41;49;59;50;39;39;33;28;29;34;35;37
162.0;62;65;41;47;57;53;39;39;33;26;29;32;38;39
168.0;62;66;41;49;57;53;40;40;33;27;27;32;36;37
174.0;63;65;41;49;61;53;37;38;33;29;27;30;39;35
180.0;64;64;41;50;60;53;38;36;31;31;26;29;40;37
186.0;65;65;41;51;61;52;38;36;31;30;27;28;38;37
192.0;66;68;39;51;60;50;38;36;30;28;27;31;38;38
198.0;68;71;40;51;59;51;37;34;31;29;25;30;38;36
204.0;68;73;40;51;58;51;36;31;31;29;25;32;39;36
210.0;68;73;38;50;58;51;36;32;28;29;25;35;40;37
216.0;64;73;38;48;61;54;36;31;26;29;27;33;41;39
222.0;65;74;38;48;58;54;39;31;27;28;27;31;42;38
228.0;64;76;39;47;56;54;39;29;25;29;28;31;44;39
234.0;67;77;42;49;58;53;38;30;22;32;29;28;38;37
240.0;68;77;47;50;57;51;38;28;23;32;28;26;37;38
246.0;68;76;47;49;59;50;39;28;24;32;28;23;38;39
252.0;68;77;46;48;58;49;37;28;28;34;28;24;36;39
258.0;69;74;51;45;58;49;36;29;29;35;27;23;36;39
264.0;67;75;51;47;59;46;35;29;28;37;26;25;37;38
270.0;68;74;52;51;59;45;36;28;29;35;26;24;35;38
276.0;71;74;49;51;68;47;34;27;28;34;27;23;29;38
282.0;70;75;50;53;68;47;29;27;28;33;28;25;31;36
288.0;70;75;50;56;67;46;29;28;30;32;24;23;30;40
294.0;71;75;51;57;67;48;25;27;31;32;26;23;28;39
300.0;71;76;49;57;67;50;25;26;31;32;24;22;30;40
306.0;69;75;49;57;68;52;26;26;31;34;21;24;29;39
312.0;70;73;49;56;68;54;24;26;33;36;20;23;30;38
318.0;70;73;51;57;66;55;24;27;34;35;18;22;29;39
324.0;69;78;52;57;67;54;24;27;32;31;21;25;28;35
330.0;69;80;54;54;68;56;23;25;30;33;23;27;26;32
336.0;69;82;54;55;68;56;23;27;27;31;24;28;25;31
342.0;68;84;54;57;67;55;23;27;26;33;25;28;25;28
348.0;69;84;52;56;70;54;20;28;26;33;25;29;26;28
354.0;68;83;57;55;69;56;19;27;26;34;27;28;23;28
360.0;69;84;55;52;67;55;19;29;25;34;27;28;27;29
366.0;68;84;56;54;67;54;19;29;27;35;27;31;24;25
372.0;66;85;55;55;68;52;21;29;30;35;28;30;22;24
378.0;65;84;55;56;68;51;19;28;32;36;29;30;23;24
384.0;65;85;55;57;68;51;19;28;33;36;28;27;25;23
390.0;67;87;55;56;66;53;22;26;29;36;28;26;25;24
396.0;65;88;55;55;63;53;22;27;28;35;31;25;29;24
402.0;65;87;54;56;64;54;23;29;25;36;30;23;31;23
408.0;66;88;52;57;65;54;22;28;23;37;31;24;31;22
414.0;67;88;52;55;67;55;22;27;23;37;29;24;31;23
420.0;66;90;52;57;66;56;21;27;23;38;27;24;30;23
426.0;66;90;52;58;65;58;23;26;21;37;28;26;27;23
432.0;66;90;51;58;63;61;22;26;23;38;27;25;27;23
438.0;68;89;52;58;65;61;23;25;21;37;27;24;26;24
444.0;68;91;51;59;63;62;25;25;22;35;26;26;25;22
450.0;72;93;50;61;63;62;25;24;22;34;24;24;23;23
456.0;73;93;49;61;61;63;26;25;23;31;25;23;23;24
462.0;72;94;48;63;62;63;28;23;24;32;24;24;20;23
468.0;75;94;48;63;63;60;27;23;24;32;23;23;21;24
474.0;75;94;48;63;60;60;25;23;24;36;22;24;22;24
480.0;75;93;46;64;62;62;26;24;24;36;22;23;21;22
486.0;75;93;48;62;64;60;26;24;22;36;21;20;24;25
492.0;74;93;48;61;64;61;26;26;23;35;21;18;24;26
498.0;73;92;49;62;64;60;28;25;24;34;22;18;25;24
504.0;76;91;49;65;63;59;29;22;25;32;22;21;24;22
510.0;77;93;51;62;63;57;27;21;24;29;24;25;24;23
516.0;79;93;50;62;64;60;27;20;22;30;23;25;24;21
522.0;83;91;51;57;65;59;25;17;22;32;25;27;24;22
528.0;84;92;52;56;64;60;23;18;23;31;24;28;22;23
534.0;82;93;50;54;64;59;25;19;23;33;24;27;23;24
540.0;81;93;50;57;62;59;28;19;21;31;24;26;24;25
546.0;81;95;49;58;62;60;27;19;21;33;23;23;22;27
552.0;82;96;48;60;61;59;27;18;20;33;22;23;26;25
558.0;81;95;47;60;62;59;25;19;21;35;22;22;27;25
564.0;81;95;49;57;61;61;22;21;21;36;22;22;26;26
570.0;82;93;49;58;62;61;21;22;22;38;23;20;25;24
576.0;81;92;49;58;62;62;21;23;24;38;21;20;25;24
582.0;81;91;49;57;63;60;22;22;23;40;20;20;27;25
588.0;79;90;49;58;62;60;22;22;26;40;20;19;26;27
594.0;80;87;47;58;64;59;21;21;26;39;23;20;27;28
600.0;79;86;49;56;67;60;20;21;27;41;23;20;25;26
606.0;80;86;51;55;68;62;19;19;27;38;23;20;25;27
612.0;81;86;53;56;67;60;19;21;25;41;21;18;25;27
618.0;81;84;53;59;67;58;20;21;25;39;23;18;22;30
624.0;82;85;53;58;67;58;18;23;25;37;22;19;21;32
630.0;82;85;54;59;66;58;18;22;28;35;22;19;19;33
636.0;79;89;55;58;64;57;20;20;27;33;21;23;21;33
642.0;78;91;58;56;64;57;20;20;25;34;22;21;22;32
648.0;80;90;60;55;65;58;20;19;25;35;22;21;20;30
654.0;81;91;60;55;63;59;21;22;24;34;20;21;22;27
660.0;82;91;61;55;61;59;20;25;23;34;21;21;21;26
666.0;84;92;56;56;64;58;20;25;23;34;21;21;20;26
672.0;84;94;54;57;64;57;20;27;22;34;20;22;21;24
678.0;87;91;52;56;62;56;18;27;25;34;20;24;24;24
684.0;87;90;51;56;61;57;18;27;24;33;22;26;22;26
690.0;85;90;50;55;61;58;18;27;24;33;22;27;24;26
696.0;84;90;51;55;59;56;22;27;24;31;24;29;21;27
702.0;83;88;53;54;58;57;17;31;24;31;23;32;21;28
708.0;82;89;55;53;58;58;18;33;22;31;23;30;21;27
714.0;80;90;54;56;57;58;20;33;21;26;23;31;24;27
720.0;80;90;52;56;57;59;21;33;20;25;24;30;26;27
726.0;80;90;56;57;57;60;20;33;21;24;20;30;27;25
732.0;81;91;57;59;54;61;20;31;22;24;22;30;24;24
738.0;83;89;60;60;54;61;20;29;21;24;21;30;25;23
744.0;84;89;60;58;55;62;21;29;21;23;21;31;25;21
750.0;77;88;62;62;54;61;23;30;21;24;20;31;27;20
756.0;79;87;62;63;55;59;24;29;19;24;20;30;28;21
762.0;79;88;63;61;55;59;26;30;20;22;21;28;27;21
768.0;79;87;64;60;54;61;26;31;18;23;22;29;28;18
774.0;79;87;66;59;56;61;27;32;17;20;22;27;30;17
780.0;80;86;65;60;56;60;29;32;18;19;21;27;29;18
786.0;81;84;66;60;57;58;29;32;17;21;22;25;29;19
792.0;81;84;65;61;56;59;29;31;17;20;21;26;30;20
798.0;78;85;64;63;58;59;29;32;16;19;25;25;28;19
804.0;77;85;64;64;58;57;29;33;15;19;25;27;29;18
810.0;78;86;64;62;58;57;28;34;14;19;24;28;29;19
816.0;77;87;65;62;63;57;28;33;15;18;24;27;27;17
822.0;78;86;65;64;61;56;28;33;13;19;23;29;27;18
828.0;76;88;66;66;62;56;27;33;13;20;22;28;25;18
834.0;75;89;68;62;61;56;28;34;14;20;24;27;25;17
840.0;74;87;66;64;59;57;31;35;15;21;24;27;23;17
846.0;76;86;65;65;59;56;29;35;14;22;23;25;26;19
852.0;76;87;62;65;56;57;28;38;13;21;23;27;27;20
858.0;78;89;60;64;58;58;24;38;13;21;22;26;26;23
864.0;79;88;60;66;57;56;24;38;15;21;23;27;23;23
870.0;79;86;58;65;56;56;24;38;17;22;23;29;23;24
876.0;78;84;59;66;58;59;24;35;17;21;23;28;22;26
882.0;80;84;61;66;56;57;24;35;17;20;23;27;22;28
888.0;79;83;59;66;57;60;23;35;19;19;22;28;21;29
894.0;77;84;59;64;58;59;23;34;19;20;24;30;21;28
900.0;77;83;59;66;59;58;24;31;18;22;23;34;19;27
906.0;76;83;58;65;61;58;23;33;19;18;21;33;23;29
912.0;76;81;58;66;63;56;24;34;18;19;22;32;22;29
918.0;76;79;58;67;63;58;23;35;19;20;21;29;22;30
924.0;77;79;60;68;62;59;21;32;20;19;23;28;22;30
930.0;76;80;62;68;63;59;20;31;19;19;23;28;22;30
936.0;76;80;62;65;61;59;22;33;20;17;23;29;24;29
942.0;78;80;65;63;61;59;24;31;17;17;22;28;25;30
948.0;79;79;65;64;62;57;24;30;19;19;21;25;26;30
954.0;78;80;65;65;63;59;23;28;18;18;22;26;25;30
960.0;78;81;66;66;63;59;22;28;18;16;22;27;23;31
966.0;77;80;68;64;63;58;22;29;18;18;21;28;23;31
972.0;77;79;70;64;64;58;25;28;17;17;19;29;23;30
978.0;79;80;72;63;63;59;22;28;19;18;20;30;20;27
984.0;80;80;68;65;64;57;21;28;20;18;18;30;23;28
990.0;80;82;67;65;65;57;19;28;17;22;21;28;22;27
996.0;79;81;67;66;65;55;21;27;17;24;20;31;21;26
1002.0;80;81;67;66;64;54;22;27;17;23;22;30;21;26
1008.0;79;81;67;65;63;54;20;27;20;24;24;29;22;25
1014.0;81;82;68;65;66;52;19;26;18;25;22;29;23;24
1020.0;83;83;67;67;65;52;19;28;18;25;21;30;21;21
1026.0;83;84;68;66;65;53;22;28;17;26;21;28;21;18
1032.0;82;85;66;66;65;53;21;29;16;27;22;28;22;18
1038.0;82;81;64;66;66;54;20;28;16;30;21;30;21;21
1044.0;83;83;63;65;68;53;20;26;17;28;25;30;20;19
1050.0;83;80;66;67;69;55;20;29;16;28;23;29;17;18
1056.0;83;80;61;66;68;54;22;28;18;28;26;30;18;18
1062.0;83;80;60;65;66;55;21;30;18;28;27;30;18;19
1068.0;85;79;58;64;67;56;21;30;16;27;28;32;17;20
1074.0;85;79;59;63;66;57;22;31;17;24;28;31;16;22
1080.0;86;79;59;64;66;57;21;29;16;26;27;31;16;23
1086.0;87;80;58;63;66;57;21;30;14;25;28;31;15;25
1092.0;86;80;59;64;65;57;20;32;12;25;28;32;16;24
1098.0;84;80;59;62;65;58;19;33;13;24;26;32;18;27
1104.0;82;80;58;61;64;57;18;33;16;26;23;34;19;29
1110.0;82;79;57;64;61;57;16;32;19;26;23;34;20;30
1116.0;81;81;56;65;63;57;17;32;18;24;25;31;22;28
1122.0;81;81;56;63;61;58;17;33;20;25;25;31;21;28
1128.0;81;84;54;63;61;61;16;33;18;22;27;29;23;28
1134.0;79;84;53;60;61;64;16;33;18;25;28;30;22;27
1140.0;82;86;54;58;62;62;16;31;19;27;28;27;23;25
1146.0;81;84;56;56;63;61;17;34;20;25;28;27;24;24
1152.0;83;84;55;55;63;63;16;33;19;23;29;26;23;28
1158.0;85;84;56;54;61;61;16;35;18;24;30;24;24;28
1164.0;83;86;55;54;59;59;16;35;18;26;30;24;25;30
1170.0;83;84;53;55;62;60;15;35;19;27;29;24;25;29
1176.0;83;85;52;56;62;63;16;34;19;28;27;21;25;29
1182.0;81;87;56;56;59;64;18;34;17;28;25;21;25;29
1188.0;82;86;57;55;62;62;20;34;17;24;26;21;24;30
1194.0;83;88;55;58;61;63;21;33;17;25;25;20;22;29
1200.0;83;90;54;59;64;64;24;32;15;24;24;19;21;27
1206.0;84;90;51;56;63;64;26;31;14;26;24;21;23;27
1212.0;83;88;50;57;64;66;20;33;14;27;22;25;23;28
1218.0;81;90;49;60;64;63;21;34;16;24;23;25;23;27
1224.0;82;91;49;59;64;63;21;35;16;25;23;23;21;28
1230.0;82;92;50;59;64;63;22;35;15;23;24;23;21;27
1236.0;82;94;51;59;63;65;22;34;16;22;23;23;22;24
1242.0;83;95;52;60;64;62;20;33;18;21;25;24;20;23
1248.0;81;95;52;59;66;59;21;33;23;20;25;24;19;23
1254.0;80;94;50;61;65;61;24;32;23;20;25;24;18;23
1260.0;83;92;51;62;66;59;22;31;23;19;26;24;20;22
1266.0;83;91;52;63;67;59;18;32;25;20;27;23;19;21
1272.0;81;91;52;64;65;58;18;32;27;20;27;23;19;23
1278.0;80;92;52;64;63;57;21;32;27;19;29;21;20;23
1284.0;80;91;52;63;59;57;21;33;29;20;29;23;21;22
1290.0;77;90;53;65;60;57;21;32;30;21;28;21;23;22
1296.0;79;91;55;61;60;56;22;30;26;22;28;20;27;23
1302.0;80;91;54;62;62;57;22;31;25;21;28;18;28;21
1308.0;78;92;55;62;63;58;22;30;26;23;26;18;29;18
1314.0;79;91;57;63;64;56;22;30;25;21;24;19;30;19
1320.0;81;94;58;59;64;55;23;32;23;21;23;17;31;19
1326.0;83;96;57;63;64;55;23;29;24;21;24;14;28;19
1332.0;82;96;58;62;63;55;22;29;24;22;27;15;26;19
1338.0;84;97;57;59;63;55;24;28;24;24;26;15;24;20
1344.0;83;98;55;60;63;54;25;28;24;24;28;15;23;20
1350.0;82;100;57;59;61;54;26;27;23;24;28;16;23;20
1356.0;83;100;58;58;61;55;25;27;23;23;29;14;21;23
1362.0;82;101;57;59;61;55;24;27;22;24;29;15;20;24
1368.0;84;100;56;58;62;54;23;28;22;25;29;14;22;23
1374.0;86;99;56;58;62;55;23;25;22;27;29;15;20;23
1380.0;85;98;57;56;63;55;22;27;22;29;28;16;18;24
1386.0;86;97;55;57;62;57;22;27;22;26;27;17;19;26
1392.0;85;95;53;59;60;60;24;30;24;26;25;17;17;25
1398.0;86;94;53;61;60;57;26;28;25;27;24;19;17;23
1404.0;86;95;54;58;60;56;26;29;24;26;26;19;19;22
1410.0;88;92;54;59;61;56;25;29;24;27;26;18;19;22
1416.0;87;90;54;58;62;58;27;29;24;26;26;19;19;21
1422.0;87;91;54;60;62;57;29;27;24;26;24;18;20;21
1428.0;87;92;53;59;60;57;28;27;26;26;25;18;21;21
1434.0;87;91;52;58;61;59;28;27;24;25;27;17;21;23
1440.0;89;91;54;57;62;60;26;27;24;25;24;15;22;24
1446.0;88;90;54;58;61;60;27;26;27;24;24;17;20;24
1452.0;88;91;54;60;61;60;27;24;25;24;24;17;21;24
1458.0;91;92;54;61;59;57;31;22;24;25;25;15;22;22
1464.0;89;91;53;58;57;60;35;23;25;28;26;15;19;21
1470.0;89;92;53;61;55;57;34;24;24;28;28;15;19;21
1476.0;89;91;53;61;56;57;33;24;24;28;28;17;20;19
1482.0;89;89;54;61;57;56;34;24;27;29;27;15;19;19
1488.0;91;90;49;61;55;60;35;23;23;29;26;18;20;20
1494.0;90;91;49;63;55;60;32;23;25;28;26;18;21;19
1500.0;90;90;49;65;55;59;30;23;23;28;26;19;22;21
1506.0;88;90;49;65;55;60;32;24;22;28;27;18;20;22
1512.0;89;89;49;67;56;60;32;23;23;26;24;21;19;22
1518.0;91;89;50;65;56;60;33;22;24;24;24;22;19;21
1524.0;89;91;50;63;57;59;32;21;23;25;23;23;21;23
1530.0;90;90;48;65;56;56;32;23;24;26;23;23;19;25
1536.0;92;88;49;65;57;55;30;22;25;24;27;23;19;24
1542.0;90;90;49;64;57;55;30;23;24;24;28;22;20;24
1548.0;91;90;50;63;57;55;31;21;25;25;24;21;22;25
1554.0;94;92;50;64;57;55;29;19;23;26;23;21;23;24
1560.0;93;93;49;65;56;55;29;21;24;24;24;20;21;26
1566.0;93;93;49;64;56;57;29;23;22;20;25;20;20;29
1572.0;95;95;49;59;55;60;32;22;20;20;24;19;20;30
1578.0;94;95;49;59;57;60;31;24;19;20;23;17;21;31
1584.0;95;96;50;60;56;62;31;24;15;20;21;16;21;33
1590.0;93;98;49;60;59;59;31;26;14;20;23;16;19;33
1596.0;93;101;48;59;58;59;30;24;16;21;21;17;22;31
1602.0;93;102;48;58;61;59;30;22;15;25;19;16;22;30
1608.0;96;102;49;56;61;59;33;22;16;22;19;16;20;29
1614.0;99;102;50;58;60;58;30;22;17;23;18;15;21;27
1620.0;98;103;50;56;60;59;31;24;17;20;17;15;22;28
1626.0;96;103;51;55;61;56;32;24;18;19;18;14;24;29
1632.0;98;101;52;55;61;58;31;22;19;17;18;15;26;27
1638.0;98;100;51;56;62;59;33;22;20;17;18;16;23;25
1644.0;97;100;50;55;63;59;32;22;22;17;18;19;22;24
1650.0;97;102;50;53;64;61;30;22;22;16;14;18;24;27
1656.0;97;103;50;53;63;62;31;22;21;16;13;17;24;28
1662.0;98;103;49;53;63;61;32;23;18;14;15;19;24;28
1668.0;100;104;49;51;62;62;31;20;19;14;16;20;24;28
1674.0;98;104;48;52;62;63;30;20;19;15;17;20;23;29
1680.0;99;104;48;53;62;64;27;20;20;16;17;19;23;28
1686.0;101;105;48;57;62;64;27;19;21;15;16;18;21;26
1692.0;98;105;51;57;61;67;25;19;19;15;17;19;21;26
1698.0;97;102;54;57;62;62;25;19;19;16;21;19;20;27
1704.0;96;104;54;57;60;62;23;18;20;20;19;20;19;28
1710.0;97;105;51;55;60;63;24;18;20;23;20;21;17;26
1716.0;96;105;50;54;61;62;24;21;21;25;19;20;17;25
1722.0;94;105;50;56;59;63;24;22;25;24;19;20;15;24
1728.0;94;106;49;53;58;63;24;23;26;23;18;21;15;27
1734.0;91;105;49;54;56;63;24;24;26;24;19;21;17;27
1740.0;91;105;50;55;55;62;21;22;27;25;21;23;17;26
1746.0;90;107;51;55;56;64;20;23;26;24;22;23;18;21
1752.0;91;107;49;57;55;63;19;22;26;26;21;23;19;22
1758.0;92;108;47;57;56;64;19;21;25;26;20;25;19;21
1764.0;93;109;45;60;56;62;19;19;23;27;20;25;21;21
1770.0;93;108;48;57;58;62;18;19;24;27;21;24;20;21
1776.0;91;107;46;60;61;62;18;16;25;28;22;24;19;21
1782.0;90;108;46;60;61;61;17;16;25;27;23;25;19;22
1788.0;87;108;46;62;61;61;16;19;26;25;24;25;19;21
1794.0;87;110;44;61;60;62;20;20;29;25;24;25;16;17
1800.0;88;108;44;60;59;64;19;18;29;25;26;26;16;18
1806.0;89;107;46;62;58;63;18;17;30;25;24;27;16;18
1812.0;88;105;50;61;60;62;19;19;28;26;24;25;18;15
1818.0;86;106;49;60;60;61;19;17;27;24;24;28;25;14
1824.0;88;107;49;61;60;60;20;19;28;23;23;27;22;13
1830.0;87;108;49;62;61;62;20;19;27;22;23;25;21;14
1836.0;88;107;49;62;63;62;20;19;25;26;23;24;20;12
1842.0;90;107;49;63;66;61;20;18;26;27;23;23;15;12
1848.0;90;107;49;62;65;64;20;16;28;25;23;23;15;13
1854.0;91;106;47;64;64;65;21;15;26;25;26;21;15;14
1860.0;91;107;45;64;61;64;22;17;25;26;26;22;14;16
1866.0;92;107;44;60;62;61;22;19;24;26;26;26;15;16
1872.0;93;107;43;59;62;61;25;22;24;24;21;26;16;17
1878.0;93;108;45;59;62;62;25;21;21;23;20;27;17;17
1884.0;96;106;47;57;61;62;24;22;22;24;21;27;15;16
1890.0;96;105;47;55;63;63;23;23;22;23;21;26;16;17
1896.0;95;106;46;55;64;64;23;24;23;20;19;26;16;19
1902.0;97;107;47;53;64;63;23;25;24;20;17;25;16;19
1908.0;99;108;47;52;63;64;23;27;24;19;16;25;15;18
1914.0;97;107;46;55;61;61;24;29;23;22;17;25;18;15
1920.0;98;103;50;53;59;61;24;30;24;24;16;24;19;15
1926.0;99;101;50;53;57;61;23;31;22;24;18;25;19;17
1932.0;99;101;50;54;59;60;23;29;23;24;19;24;18;17
1938.0;102;100;49;54;57;59;23;30;22;24;17;26;19;18
1944.0;103;98;52;52;58;58;22;30;24;24;17;26;20;16
1950.0;103;97;53;53;58;57;20;28;24;24;19;28;21;15
1956.0;103;95;53;53;57;58;22;30;23;25;16;29;21;15
1962.0;101;95;51;53;58;62;22;30;23;25;18;29;18;15
1968.0;97;93;50;52;60;62;22;31;23;25;20;30;19;16
1974.0;97;93;52;52;60;61;21;34;24;22;21;30;19;14
