#auto generated file!
12.0;99;108;93;94;96;103;109;91;119;82;97;107;89;113
18.0;105;110;92;95;99;106;107;88;114;88;100;101;81;114
24.0;108;112;92;94;101;108;107;87;106;90;101;101;80;113
30.0;109;115;91;96;102;109;108;88;106;92;96;103;74;111
36.0;106;118;95;100;108;112;113;87;103;90;94;97;70;107
42.0;109;125;98;101;102;110;110;88;100;89;93;99;69;107
48.0;112;127;97;105;103;110;106;88;98;87;95;95;72;105
54.0;115;129;98;107;108;114;104;88;98;84;86;91;74;104
60.0;120;132;98;105;110;115;104;89;98;82;87;91;73;96
66.0;123;135;102;106;111;114;102;86;92;82;84;91;74;98
72.0;125;134;105;109;107;118;107;83;90;82;87;90;71;92
78.0;127;135;110;104;109;122;110;76;89;81;88;89;65;95
84.0;132;136;110;104;111;128;107;74;86;80;85;88;67;92
90.0;136;141;107;103;114;131;109;79;79;75;83;82;64;97
96.0;138;141;108;104;113;133;105;77;80;74;79;83;65;100
102.0;146;143;110;102;115;139;110;74;72;67;80;84;61;97
108.0;146;142;106;103;116;138;109;77;71;70;77;86;63;96
114.0;147;146;105;105;119;133;108;77;70;68;82;81;65;94
120.0;150;146;107;106;120;131;107;76;71;68;79;80;64;95
126.0;153;143;103;110;123;128;107;79;71;65;81;80;65;92
132.0;150;141;103;113;129;131;108;78;70;66;83;79;62;87
138.0;153;141;104;116;128;132;109;73;68;67;83;76;62;88
144.0;153;144;105;119;127;135;110;74;69;70;75;77;60;82
150.0;152;143;111;120;125;133;108;72;69;70;75;78;61;83
156.0;151;148;111;122;125;127;108;75;68;73;71;79;61;81
162.0;152;147;108;127;124;129;108;79;72;69;73;75;60;77
168.0;152;148;106;130;128;128;100;78;70;66;76;78;60;80
174.0;155;148;107;133;126;127;98;80;70;65;72;76;62;81
180.0;149;150;109;132;130;129;97;79;70;67;70;76;61;81
186.0;152;150;112;133;129;126;95;78;68;67;68;77;65;80
192.0;150;151;112;132;133;129;92;76;69;69;70;74;65;78
198.0;154;155;115;132;134;129;92;71;66;66;74;75;60;77
204.0;155;156;116;131;134;133;92;72;67;64;73;73;60;74
210.0;156;154;117;130;136;133;93;75;67;64;76;77;56;66
216.0;159;156;114;131;136;137;91;78;66;65;72;76;62;57
222.0;158;155;112;135;138;137;83;80;62;69;69;81;64;57
228.0;161;155;113;134;137;138;82;78;64;69;65;79;65;60
234.0;157;159;114;139;134;140;83;77;62;70;65;78;63;59
240.0;161;158;118;137;133;143;85;75;59;72;63;77;61;58
246.0;164;157;121;136;134;142;87;67;58;72;60;77;62;63
252.0;166;157;122;135;137;145;86;65;60;73;58;73;60;63
258.0;166;157;125;137;134;146;83;66;60;72;58;71;62;63
264.0;166;157;128;134;133;146;84;63;61;76;58;69;63;62
270.0;170;157;126;137;134;146;86;59;61;77;58;69;57;63
276.0;176;155;130;136;137;147;82;58;61;76;56;68;55;63
282.0;175;158;129;134;139;149;76;60;65;78;53;68;52;64
288.0;176;157;133;133;141;145;72;58;64;77;57;68;54;65
294.0;176;160;135;129;145;145;73;57;61;78;59;65;52;65
300.0;174;159;136;136;146;145;75;59;61;74;56;66;49;64
306.0;177;163;140;135;149;139;70;55;59;75;55;66;49;68
312.0;178;166;138;136;148;137;68;56;63;74;54;67;51;64
318.0;179;166;141;136;149;140;67;57;63;69;54;67;51;61
324.0;181;167;141;138;148;143;63;55;63;68;55;64;53;61
330.0;179;169;143;143;146;140;62;55;64;66;55;65;53;60
336.0;180;172;144;144;143;139;64;52;64;67;54;65;55;57
342.0;178;172;145;145;142;141;66;57;65;65;56;60;51;57
348.0;177;175;146;148;144;142;65;54;64;65;56;58;50;56
354.0;176;176;142;151;146;143;65;56;64;65;53;60;50;53
360.0;177;176;141;148;148;144;65;53;62;62;55;59;56;54
366.0;176;179;141;146;147;146;64;52;61;62;56;60;57;53
372.0;176;182;141;142;150;142;62;50;60;61;56;64;62;52
378.0;175;184;142;141;146;144;63;49;59;60;56;65;61;55
384.0;177;185;144;140;146;150;60;52;53;62;50;64;61;56
390.0;179;181;139;141;146;157;58;51;51;61;55;66;57;58
396.0;182;182;140;146;146;160;55;48;55;62;51;63;56;54
402.0;180;181;138;146;143;160;53;48;57;60;53;67;57;57
408.0;182;184;136;145;145;158;52;47;61;57;55;63;59;56
414.0;181;183;135;144;144;158;58;50;61;58;53;60;61;54
420.0;182;179;138;141;146;158;58;53;61;56;52;59;60;57
426.0;183;179;139;145;142;160;53;52;63;58;52;59;58;57
432.0;184;186;138;143;144;163;48;52;57;57;52;61;61;54
438.0;181;182;137;142;147;164;48;49;58;58;53;64;61;56
444.0;183;179;135;143;145;168;50;51;58;58;52;65;58;55
450.0;185;177;134;143;146;168;52;53;56;60;50;64;57;55
456.0;185;174;135;141;147;164;51;56;55;61;50;64;60;57
462.0;186;171;132;141;145;165;50;59;60;59;51;62;63;56
468.0;183;174;129;141;146;162;49;61;63;62;48;61;67;54
474.0;184;173;134;141;151;163;46;53;63;62;50;59;66;55
480.0;186;170;135;142;151;162;45;56;63;61;49;60;67;53
486.0;183;170;139;144;151;160;44;55;63;59;50;62;68;52
492.0;181;169;137;148;152;161;47;55;65;58;47;60;67;53
498.0;185;170;132;148;151;161;48;58;63;56;49;61;66;52
504.0;181;170;134;148;151;162;47;58;63;54;52;63;69;48
510.0;178;171;134;152;150;164;46;58;66;53;50;62;66;50
516.0;176;171;138;151;151;166;43;60;66;53;50;62;69;44
522.0;177;170;143;148;150;167;43;59;68;55;47;65;65;43
528.0;185;167;139;152;147;168;43;60;70;52;46;64;65;42
534.0;182;169;134;154;144;169;43;61;76;50;49;65;63;41
540.0;182;168;131;153;143;170;46;60;76;49;50;65;61;46
546.0;183;167;131;147;144;173;47;57;77;52;49;68;59;46
552.0;183;168;132;149;150;169;47;55;75;52;47;67;59;47
558.0;187;165;128;149;151;166;45;53;79;52;49;68;62;46
564.0;190;163;128;155;152;165;45;53;77;48;49;66;62;47
570.0;187;163;127;153;152;167;47;53;74;46;51;68;59;53
576.0;187;162;127;152;150;166;49;54;75;45;50;69;60;54
582.0;184;161;127;152;152;171;50;53;74;45;52;64;59;56
588.0;187;161;126;155;152;168;49;58;72;47;50;64;56;55
594.0;187;163;130;153;151;166;52;58;71;47;50;62;57;53
600.0;185;163;130;153;153;162;56;55;71;47;54;64;57;50
606.0;186;163;130;152;150;161;53;58;73;50;54;67;53;50
612.0;185;165;129;151;147;160;53;63;69;49;53;67;57;52
618.0;187;167;131;149;147;157;53;64;67;49;58;65;57;49
624.0;187;168;135;150;149;158;55;63;64;47;59;64;53;48
630.0;185;168;132;152;150;164;53;63;60;46;60;62;54;51
636.0;185;171;130;152;149;164;53;65;56;45;61;65;51;53
642.0;186;173;131;148;148;163;51;68;59;42;61;65;51;54
648.0;187;174;132;150;147;162;50;64;57;44;63;65;50;55
654.0;187;174;134;152;146;162;49;64;58;47;61;65;48;53
660.0;189;176;132;149;150;161;53;62;55;46;61;63;49;54
666.0;187;178;132;149;147;163;51;65;56;45;61;65;49;52
672.0;186;182;132;148;148;160;52;63;54;49;59;63;48;56
678.0;184;181;134;149;147;157;55;65;49;50;57;64;49;59
684.0;179;185;135;150;145;159;54;64;48;52;57;62;51;59
690.0;183;186;134;146;145;161;53;62;48;49;56;62;54;61
696.0;183;186;133;149;145;155;53;60;46;54;51;65;61;59
702.0;185;185;137;152;140;157;52;64;46;51;53;65;57;56
708.0;188;185;133;152;138;157;56;66;47;47;53;62;57;59
714.0;187;189;136;152;141;159;54;61;45;46;53;64;58;55
720.0;191;188;133;153;140;155;53;61;48;50;54;62;58;54
726.0;190;188;132;155;141;159;51;61;48;51;53;62;54;55
732.0;188;189;129;157;142;162;47;59;50;52;57;59;54;55
738.0;186;190;127;153;142;164;48;61;51;55;56;53;57;57
744.0;190;191;126;152;146;165;46;58;51;53;56;52;56;58
750.0;193;192;127;157;144;161;43;59;56;53;59;47;53;56
756.0;194;193;126;153;146;158;47;58;58;58;56;42;56;55
762.0;197;192;126;157;149;161;46;56;59;51;54;43;53;56
768.0;199;193;123;157;151;164;48;53;60;53;49;41;53;56
774.0;196;196;123;153;153;164;51;52;61;51;47;39;55;59
780.0;199;195;126;151;152;164;50;51;62;49;45;41;55;60
786.0;202;199;124;149;148;164;50;51;62;49;45;41;55;61
792.0;199;197;128;148;144;168;46;52;65;48;46;41;55;63
798.0;199;197;125;149;142;171;49;53;61;46;47;40;56;65
804.0;196;198;125;151;143;173;50;54;59;44;47;40;57;63
810.0;195;199;125;154;145;175;53;51;57;46;45;41;54;60
816.0;199;201;124;151;142;174;55;53;60;46;44;41;52;58
822.0;199;202;127;154;142;169;55;52;62;45;42;43;49;59
828.0;201;199;126;154;143;168;55;53;64;43;43;47;47;57
834.0;201;198;126;156;145;166;53;53;59;43;45;48;46;61
840.0;200;196;126;154;145;165;50;50;60;45;45;49;51;64
846.0;201;194;127;154;147;161;49;49;60;46;45;48;55;64
852.0;201;197;126;157;146;161;48;48;58;46;46;49;53;64
858.0;199;199;126;155;152;158;47;45;58;44;45;49;57;66
864.0;203;198;125;155;153;155;47;44;58;43;47;53;52;67
870.0;201;201;124;158;152;154;45;45;61;43;48;51;52;65
876.0;198;203;124;159;150;152;48;45;61;43;48;52;53;64
882.0;198;199;121;159;151;153;50;49;58;40;51;53;55;63
888.0;198;202;123;160;148;153;52;48;54;43;48;52;56;63
894.0;199;201;122;161;152;150;55;51;57;42;48;48;51;63
900.0;198;200;121;162;150;148;56;50;59;40;50;54;50;62
906.0;199;201;120;160;152;153;51;54;61;38;48;52;53;58
912.0;200;202;123;161;152;155;47;52;64;36;47;51;52;58
918.0;199;204;126;160;154;151;49;51;62;35;44;50;54;61
924.0;196;201;131;156;153;152;46;53;61;36;44;52;53;66
930.0;196;201;135;158;149;150;48;53;59;36;45;51;54;65
936.0;195;202;135;159;148;150;50;52;59;37;46;50;56;61
942.0;194;204;134;157;148;153;50;52;64;38;45;50;51;60
948.0;193;205;134;154;145;151;47;52;68;44;50;49;47;61
954.0;193;203;135;152;146;151;50;50;72;44;50;47;47;60
960.0;193;206;136;152;143;152;46;52;70;45;49;48;48;60
966.0;199;204;135;152;143;148;47;51;72;47;49;49;46;58
972.0;202;207;133;149;141;151;48;50;73;44;46;46;50;60
978.0;202;208;130;151;143;154;47;48;72;42;45;47;53;58
984.0;201;209;130;154;141;154;47;48;70;44;43;48;52;59
990.0;202;210;131;152;142;157;49;45;69;44;43;45;52;59
996.0;202;213;130;151;139;161;49;47;70;43;42;46;50;57
1002.0;196;213;133;147;139;161;47;49;71;42;42;48;50;62
1008.0;195;214;131;147;138;157;49;55;67;39;46;47;53;62
1014.0;197;211;133;150;144;154;45;54;64;41;48;43;56;60
1020.0;197;210;135;149;144;152;51;51;62;41;51;43;55;59
1026.0;197;208;135;146;144;153;50;52;64;41;49;44;57;60
1032.0;198;211;136;146;139;150;50;51;61;43;51;46;53;65
1038.0;197;211;136;147;139;150;48;46;59;47;53;48;56;63
1044.0;193;211;138;147;138;150;47;48;58;46;57;49;54;64
1050.0;194;212;139;147;139;150;48;46;62;47;56;47;52;61
1056.0;194;210;139;145;138;150;49;49;64;43;59;47;52;61
1062.0;195;216;142;144;137;144;49;52;64;44;60;48;50;55
1068.0;193;216;144;144;135;140;53;53;63;48;56;48;49;58
1074.0;191;219;148;144;137;137;50;53;63;47;56;49;48;58
1080.0;192;217;151;141;134;137;54;52;62;47;57;50;49;57
1086.0;191;216;150;143;134;136;53;53;62;46;57;55;49;55
1092.0;193;213;152;143;134;134;51;57;60;45;61;55;46;56
1098.0;189;213;149;142;135;135;51;57;59;46;61;55;48;60
1104.0;188;218;150;147;134;137;46;59;58;46;60;57;44;56
1110.0;189;218;154;147;130;132;47;60;58;47;62;59;45;52
1116.0;185;218;155;149;127;131;48;63;58;50;58;60;45;53
1122.0;189;216;155;147;126;133;45;61;56;49;62;59;48;54
1128.0;188;217;159;145;125;134;44;62;56;47;65;56;46;56
1134.0;192;217;158;145;129;134;40;59;56;49;67;57;43;54
1140.0;190;218;159;145;128;135;40;57;59;50;64;57;43;55
1146.0;189;217;158;150;127;136;41;57;61;53;58;54;45;54
1152.0;189;215;154;149;130;137;46;53;63;55;54;56;47;52
1158.0;189;215;154;149;129;138;48;52;62;56;58;54;46;50
1164.0;188;218;151;147;130;138;49;51;63;55;59;53;44;54
1170.0;186;216;149;144;131;139;51;52;65;54;62;53;46;52
1176.0;189;216;151;141;128;141;49;53;65;58;65;50;43;51
1182.0;190;217;151;141;120;137;48;51;68;55;71;51;45;55
1188.0;188;219;152;137;125;140;49;53;68;55;71;51;42;50
1194.0;189;215;152;140;127;136;51;53;68;58;69;51;42;49
1200.0;188;214;157;138;130;138;46;54;70;57;69;53;39;47
1206.0;189;222;155;137;132;138;42;55;71;53;70;51;38;47
1212.0;190;222;156;138;133;138;46;51;68;54;70;53;39;42
1218.0;189;224;155;140;131;138;47;50;68;54;65;55;42;42
1224.0;188;224;156;141;130;139;46;50;67;53;65;57;42;42
1230.0;188;224;155;142;128;140;47;50;67;54;65;55;43;42
1236.0;189;226;156;144;123;137;48;46;65;57;64;56;46;43
1242.0;190;228;155;145;117;135;49;47;65;55;66;58;47;43
1248.0;190;228;152;143;117;136;47;45;67;55;66;62;47;45
1254.0;187;231;149;142;119;136;51;44;69;52;66;64;45;45
1260.0;185;233;153;136;118;135;53;42;66;53;66;65;46;49
1266.0;184;233;154;131;120;136;54;41;67;52;64;65;49;50
1272.0;187;233;154;131;118;133;56;40;64;57;66;60;52;49
1278.0;189;231;153;132;121;131;59;42;64;58;61;60;52;47
1284.0;189;232;152;130;123;132;60;44;63;59;59;59;51;47
1290.0;191;230;150;132;128;132;54;49;63;58;57;59;50;47
1296.0;191;233;151;132;131;134;55;49;65;61;55;54;45;44
1302.0;193;238;153;131;132;131;53;49;62;58;59;54;45;42
1308.0;193;241;149;131;133;130;52;50;63;59;56;57;47;39
1314.0;194;245;149;127;131;127;51;49;63;57;58;61;50;38
1320.0;195;238;146;129;131;126;52;49;65;56;61;59;52;41
1326.0;193;238;143;129;132;126;59;50;64;57;60;58;52;39
1332.0;196;237;140;131;129;124;58;51;62;57;64;60;52;39
1338.0;194;233;139;134;129;124;58;51;64;58;63;59;52;42
1344.0;193;232;142;136;130;124;60;49;61;57;64;60;51;41
1350.0;192;232;141;139;129;124;62;49;59;55;65;57;52;44
1356.0;198;232;146;140;126;122;55;45;52;55;68;60;52;49
1362.0;202;230;146;137;125;122;52;45;54;55;69;61;52;50
1368.0;203;231;147;134;126;125;48;45;55;52;67;62;59;46
1374.0;201;230;145;131;132;124;47;48;54;52;66;62;62;46
1380.0;204;228;140;134;131;129;46;51;54;55;63;62;58;45
1386.0;204;228;142;129;132;132;47;53;55;50;62;61;62;43
1392.0;203;228;142;130;131;132;45;58;54;52;60;60;61;44
1398.0;206;231;140;132;128;133;42;58;53;52;58;62;62;43
1404.0;204;229;140;134;128;138;42;57;52;51;57;60;64;44
1410.0;205;230;140;135;126;138;44;58;53;51;53;57;65;45
1416.0;206;226;143;136;127;135;39;58;51;52;56;59;69;43
1422.0;205;225;141;136;129;135;40;58;46;52;57;60;73;43
1428.0;206;225;139;137;131;137;39;57;47;55;60;56;68;43
1434.0;203;225;137;142;132;133;39;57;55;55;58;56;66;42
1440.0;199;227;133;143;132;131;39;57;56;58;58;55;66;46
1446.0;201;230;130;140;130;128;43;60;58;54;58;56;64;48
1452.0;197;231;132;140;132;128;43;58;56;56;61;57;62;47
1458.0;195;229;131;139;130;128;49;57;55;53;62;59;63;50
1464.0;198;231;130;138;130;127;50;59;53;51;61;57;63;52
1470.0;198;233;129;142;131;124;44;58;53;51;64;59;62;52
1476.0;199;230;129;145;130;123;44;56;55;53;67;57;59;53
1482.0;198;236;126;147;128;123;46;55;54;49;66;57;59;56
1488.0;201;236;124;143;130;124;46;53;54;50;67;53;61;58
1494.0;201;235;124;145;129;124;44;59;55;48;64;52;61;59
1500.0;198;238;125;145;132;121;43;60;58;46;63;54;58;59
1506.0;199;237;126;148;133;122;41;59;57;45;54;58;59;62
1512.0;197;237;127;146;133;121;43;62;53;46;53;60;61;61
1518.0;196;239;131;148;133;120;42;60;52;44;54;59;62;60
1524.0;196;243;129;148;134;121;39;56;53;44;51;64;63;59
1530.0;196;243;130;151;129;122;37;53;52;45;54;65;62;61
1536.0;195;246;130;149;127;120;36;56;51;43;60;66;60;61
1542.0;199;245;131;150;127;120;37;51;50;44;57;65;63;61
1548.0;198;244;131;150;125;123;36;55;50;46;56;63;62;61
1554.0;203;242;132;148;125;122;37;55;49;45;56;63;63;60
1560.0;203;248;132;143;127;121;38;54;47;46;56;63;63;59
1566.0;200;247;130;147;128;122;37;55;45;46;56;61;64;62
1572.0;201;247;129;147;128;128;40;58;45;42;54;58;60;63
1578.0;201;247;132;146;129;126;42;54;46;44;58;54;60;61
1584.0;201;249;133;141;130;127;43;51;47;41;60;55;62;60
1590.0;203;246;133;141;131;125;46;49;51;41;58;58;60;58
1596.0;203;247;129;139;130;126;48;48;54;42;59;56;62;57
1602.0;203;250;128;135;130;128;48;50;53;40;63;59;57;56
1608.0;202;253;124;134;131;121;49;49;56;44;66;59;56;56
1614.0;206;252;119;138;132;118;49;47;57;44;68;57;57;56
1620.0;211;246;119;139;132;117;51;50;54;45;64;56;56;60
1626.0;214;243;118;138;130;119;50;49;51;47;67;54;57;63
1632.0;212;246;115;139;128;120;49;49;53;49;67;54;55;64
1638.0;210;248;113;142;127;122;49;49;53;50;67;53;53;64
1644.0;213;246;114;141;127;123;48;49;48;50;70;52;54;65
1650.0;209;247;116;138;129;119;52;53;48;51;71;47;56;64
1656.0;213;247;119;135;127;123;56;54;53;49;70;44;52;58
1662.0;218;248;115;136;126;118;57;52;55;52;71;44;52;56
1668.0;222;246;113;132;124;121;59;51;55;52;73;43;52;57
1674.0;224;248;112;135;125;122;58;50;55;56;65;43;50;57
1680.0;226;247;114;131;127;124;62;52;56;54;64;40;46;57
1686.0;224;246;114;130;127;122;63;54;60;55;58;44;43;60
1692.0;226;243;116;129;126;118;61;59;60;52;60;47;42;61
1698.0;225;239;116;131;126;120;62;56;57;56;55;49;46;62
1704.0;221;242;115;134;124;122;60;57;55;56;56;49;48;61
1710.0;220;244;116;129;125;122;58;55;60;55;58;52;45;61
1716.0;218;242;118;129;125;117;60;59;59;56;60;51;43;63
1722.0;222;242;116;128;124;115;59;62;59;58;59;53;43;60
1728.0;223;243;118;125;125;117;58;62;60;58;60;53;42;56
1734.0;226;244;120;124;123;120;59;60;63;56;56;50;42;57
1740.0;224;247;119;124;124;121;55;59;63;58;59;46;44;57
1746.0;229;245;120;121;123;121;57;56;62;59;58;49;44;56
1752.0;229;244;120;123;126;121;60;56;61;61;54;47;44;54
1758.0;228;244;119;124;127;123;61;55;63;59;53;48;45;51
1764.0;226;247;116;128;125;121;58;58;61;60;53;52;46;49
1770.0;224;250;116;121;122;120;59;54;60;64;54;55;47;54
1776.0;224;256;116;120;123;122;55;54;54;65;59;54;46;52
1782.0;221;259;118;121;127;123;57;54;56;62;56;46;48;52
1788.0;218;256;120;119;127;123;58;58;53;60;54;48;53;53
1794.0;219;255;119;119;127;122;58;59;54;59;55;49;54;51
1800.0;220;255;121;121;127;122;55;58;55;59;58;48;53;48
1806.0;219;254;119;124;129;120;54;58;54;61;57;48;56;47
1812.0;217;253;121;123;130;121;55;60;51;54;58;54;55;48
1818.0;220;251;124;126;127;125;52;63;55;53;55;55;48;46
1824.0;222;252;126;123;129;122;53;63;52;53;57;55;45;48
1830.0;225;254;124;127;130;124;50;62;52;53;53;53;46;47
1836.0;227;253;121;130;132;125;49;64;54;54;50;50;46;45
1842.0;227;247;120;127;133;127;51;68;53;53;53;47;49;45
1848.0;227;244;116;126;137;130;50;69;55;52;52;50;46;46
1854.0;225;242;116;125;139;129;47;71;55;52;53;50;47;49
1860.0;227;239;119;123;141;133;46;66;56;53;52;51;48;46
1866.0;226;235;117;122;143;137;46;64;60;52;53;51;48;46
1872.0;225;233;114;125;144;144;45;62;61;49;53;52;48;45
1878.0;224;231;112;124;145;143;46;64;61;51;52;54;50;43
1884.0;224;232;109;124;148;141;50;65;60;50;54;50;51;42
1890.0;221;229;109;127;150;138;49;66;62;51;52;51;51;44
1896.0;226;228;113;124;148;138;47;66;63;51;48;50;51;47
1902.0;226;229;114;125;147;136;49;63;63;53;45;52;51;47
1908.0;222;229;116;122;148;135;48;63;66;56;45;53;54;43
1914.0;223;225;117;122;149;135;48;63;68;53;46;54;53;44
1920.0;223;224;115;120;148;136;49;64;69;55;46;54;53;44
1926.0;220;225;118;120;151;133;49;66;65;53;47;52;52;49
1932.0;219;224;118;120;154;131;51;65;64;51;51;52;51;49
1938.0;218;227;119;119;151;133;52;64;63;50;51;49;51;53
1944.0;215;228;117;122;153;133;53;65;64;47;48;49;54;52
1950.0;216;226;119;121;151;133;56;64;66;48;48;47;52;53
1956.0;214;228;117;124;152;129;51;61;71;48;50;49;54;52
1962.0;213;226;119;121;153;129;53;57;71;54;50;48;52;54
1968.0;213;224;122;120;153;129;54;59;70;56;49;48;53;50
1974.0;214;228;123;118;151;128;50;57;69;56;49;47;56;54
