#auto generated file!
12.0;85;86;79;77;90;98;89;77;95;80;77;103;92;72
18.0;87;90;84;82;94;97;88;78;90;81;73;99;89;68
24.0;89;92;87;87;90;97;89;72;86;81;76;98;88;68
30.0;92;93;85;92;91;97;85;72;84;78;73;98;86;74
36.0;94;92;88;93;93;97;78;72;85;73;71;103;82;79
42.0;97;93;92;92;92;101;81;65;84;73;74;100;77;79
48.0;99;94;93;93;93;103;80;66;80;74;73;97;76;79
54.0;99;95;94;93;94;107;79;66;77;71;69;97;77;82
60.0;98;97;98;95;93;108;74;70;76;73;68;95;74;81
66.0;100;96;102;100;90;113;73;65;74;74;63;93;75;82
72.0;99;95;99;104;92;119;73;60;75;70;64;91;75;84
78.0;101;95;98;103;94;123;70;61;77;71;66;88;77;76
84.0;102;98;104;103;94;122;69;60;74;76;63;83;79;73
90.0;103;101;108;103;101;122;66;58;72;74;60;89;76;67
96.0;108;101;112;104;102;122;68;54;65;73;62;83;79;67
102.0;110;99;112;106;105;124;67;57;70;69;62;79;76;64
108.0;113;101;114;105;105;127;65;59;69;66;58;77;79;62
114.0;114;104;113;104;102;126;68;59;69;65;58;73;79;66
120.0;116;105;111;105;104;124;71;59;66;68;58;73;73;67
126.0;115;107;111;105;103;122;73;60;70;67;59;73;66;69
132.0;119;106;112;102;103;123;67;61;75;68;58;71;65;70
138.0;120;104;111;107;108;122;67;63;71;71;54;74;61;67
144.0;119;107;113;109;110;121;71;62;69;69;54;71;61;64
150.0;120;109;117;110;115;124;69;58;66;68;50;67;63;64
156.0;121;112;113;110;117;124;69;55;68;63;52;65;66;65
162.0;122;111;113;111;120;122;70;54;68;61;52;66;63;67
168.0;123;113;116;112;119;123;71;53;67;60;50;68;63;62
174.0;124;113;115;110;121;127;68;55;66;59;49;68;66;59
180.0;123;116;114;111;119;127;68;57;65;62;51;64;65;58
186.0;124;119;114;112;119;130;66;55;67;58;57;63;58;58
192.0;128;120;115;113;120;130;63;50;65;59;59;64;54;60
198.0;130;121;116;116;119;131;61;50;67;57;56;63;57;56
204.0;131;121;115;117;121;130;58;49;68;58;55;64;58;55
210.0;135;124;116;120;120;129;56;48;66;58;51;62;60;55
216.0;138;124;116;115;118;129;57;48;68;60;49;63;59;56
222.0;140;125;121;116;118;126;57;48;66;56;49;65;59;54
228.0;142;123;121;113;119;126;55;50;68;55;54;65;55;54
234.0;143;123;121;114;118;125;53;49;70;55;54;66;55;54
240.0;144;125;119;113;119;126;54;48;69;58;51;67;54;53
246.0;147;127;120;112;117;125;58;48;68;58;50;63;53;54
252.0;148;133;116;115;120;123;59;50;67;58;48;61;53;49
258.0;148;135;116;116;124;120;58;46;64;54;52;61;53;53
264.0;149;135;116;114;123;119;56;47;61;56;49;67;56;52
270.0;152;137;116;116;124;120;56;45;62;56;47;67;54;48
276.0;153;142;117;119;121;121;59;43;66;54;43;65;53;44
282.0;155;144;117;117;121;124;60;41;62;58;45;61;56;39
288.0;154;142;122;116;118;126;59;42;58;58;46;60;57;42
294.0;155;142;122;115;118;126;60;44;56;58;48;55;61;40
300.0;154;141;119;116;122;128;61;45;58;54;50;54;58;40
306.0;151;143;119;115;122;129;61;44;59;55;55;48;58;41
312.0;153;148;119;116;122;125;61;40;59;56;57;48;55;41
318.0;155;149;117;118;123;127;62;38;60;56;53;46;54;42
324.0;152;152;116;118;126;124;59;38;57;55;59;46;55;43
330.0;156;153;115;117;127;122;58;37;55;55;57;44;57;47
336.0;160;156;115;118;125;121;58;38;56;52;57;43;55;46
342.0;163;157;112;122;125;120;53;41;53;52;59;40;58;45
348.0;162;158;111;123;128;118;52;42;54;51;60;39;58;44
354.0;159;157;115;124;131;119;50;42;53;48;60;42;56;44
360.0;156;156;116;126;134;118;49;45;51;49;58;42;55;45
366.0;156;159;112;124;132;122;49;46;50;50;59;44;54;43
372.0;157;157;107;126;129;124;49;47;47;54;57;42;59;45
378.0;161;159;106;126;130;130;48;51;46;54;52;43;56;38
384.0;163;168;106;126;127;129;45;50;47;54;50;42;59;34
390.0;160;170;104;126;127;130;44;51;47;58;48;42;58;35
396.0;164;170;103;125;130;130;44;50;47;57;48;43;55;34
402.0;166;174;101;127;132;129;42;47;46;56;49;41;55;35
408.0;166;173;99;123;134;130;39;46;46;58;52;44;58;32
414.0;169;170;100;123;130;130;38;50;49;60;52;40;52;37
420.0;168;169;95;125;127;129;39;52;52;60;53;41;51;39
426.0;168;166;94;121;130;130;45;52;51;60;53;40;50;40
432.0;165;166;95;120;129;123;49;53;49;62;53;39;53;44
438.0;166;168;93;117;130;121;50;52;50;62;54;37;55;45
444.0;165;171;95;117;131;120;50;51;49;57;54;37;56;47
450.0;166;171;93;118;132;122;51;51;52;60;49;36;54;45
456.0;168;175;92;118;133;116;46;52;51;58;49;40;56;46
462.0;167;172;95;123;132;117;47;47;53;58;50;40;54;45
468.0;168;173;95;120;132;120;46;44;56;56;52;38;53;47
474.0;170;175;96;119;132;118;46;43;58;56;53;33;54;47
480.0;173;179;96;115;130;120;48;45;55;54;56;31;54;44
486.0;174;178;95;116;129;123;49;42;55;54;55;32;53;45
492.0;176;175;98;115;131;124;48;45;55;52;53;30;54;44
498.0;173;174;101;114;130;125;49;43;59;53;53;30;52;44
504.0;174;170;102;112;131;124;49;44;59;53;51;32;50;49
510.0;176;170;102;111;130;125;51;44;57;53;52;34;48;47
516.0;174;171;100;111;131;124;53;42;55;52;55;38;48;46
522.0;171;169;101;110;134;124;57;40;52;51;55;39;49;48
528.0;171;167;102;110;133;124;54;41;55;51;54;38;50;50
534.0;169;170;100;110;131;125;52;40;55;50;55;40;51;52
540.0;172;168;103;110;133;127;51;37;56;49;56;39;47;52
546.0;175;168;105;109;132;126;48;35;57;49;55;39;50;52
552.0;179;167;105;112;130;125;46;38;57;50;51;39;49;52
558.0;179;169;105;115;132;124;49;35;55;53;49;37;48;50
564.0;177;168;107;116;134;125;50;35;51;54;51;37;48;47
570.0;177;171;111;116;129;126;51;37;49;49;48;38;45;53
576.0;179;171;107;118;128;126;51;38;52;50;51;37;43;49
582.0;179;172;107;122;126;126;53;39;50;46;48;37;46;49
588.0;177;174;108;113;126;122;56;41;52;48;50;38;47;48
594.0;178;172;107;112;125;119;56;38;56;51;49;40;48;49
600.0;177;173;106;113;123;119;57;37;54;52;52;39;49;49
606.0;179;174;108;115;121;119;57;40;52;53;50;38;47;47
612.0;181;175;107;118;120;120;56;41;52;53;48;35;47;47
618.0;184;179;111;116;118;120;57;39;53;50;46;34;46;47
624.0;182;181;111;117;113;122;56;39;53;51;45;35;48;47
630.0;185;180;113;117;114;122;56;38;51;49;48;36;48;43
636.0;187;179;115;116;114;121;56;40;46;49;46;37;51;43
642.0;187;175;117;116;109;118;58;42;48;48;44;39;56;43
648.0;187;176;120;118;107;113;59;40;49;48;45;37;57;44
654.0;187;179;119;119;106;112;58;40;50;50;43;37;56;44
660.0;189;181;124;118;104;113;57;39;50;53;42;35;53;42
666.0;187;182;126;119;101;111;55;38;49;55;43;37;55;42
672.0;187;182;128;119;103;110;52;36;50;54;40;39;55;45
678.0;185;185;128;121;104;112;51;33;48;54;36;41;55;47
684.0;187;186;123;121;103;112;49;39;50;52;38;40;52;48
690.0;192;187;123;119;103;112;50;37;50;48;38;41;50;50
696.0;186;189;125;119;102;112;49;38;51;47;40;40;50;52
702.0;186;193;123;118;102;112;49;36;51;46;39;39;51;55
708.0;183;192;122;121;103;112;51;38;52;45;38;38;50;55
714.0;181;191;124;121;105;110;49;41;53;46;39;39;51;50
720.0;181;191;124;122;103;108;49;45;51;48;41;41;47;49
726.0;178;190;126;123;106;108;48;43;53;44;39;43;48;51
732.0;177;188;127;124;103;107;51;45;51;45;38;43;51;50
738.0;177;191;128;124;105;109;49;44;53;44;35;42;51;48
744.0;179;187;132;125;103;110;48;45;53;44;34;43;51;46
750.0;181;189;130;126;104;106;50;44;52;40;35;46;52;45
756.0;179;188;130;127;106;107;50;42;52;42;37;44;53;43
762.0;180;184;133;126;108;108;47;41;52;42;35;42;56;46
768.0;182;185;132;126;109;108;49;42;51;43;32;39;55;47
774.0;181;189;133;123;105;109;49;40;51;42;33;40;55;50
780.0;184;185;135;122;105;109;50;39;51;41;35;39;53;52
786.0;185;185;136;122;104;108;50;40;52;41;36;38;50;53
792.0;185;185;135;125;105;108;50;41;49;40;35;39;50;53
798.0;185;187;134;123;109;106;49;38;48;42;36;41;49;53
804.0;186;187;135;123;108;106;46;37;50;47;37;37;48;53
810.0;185;188;132;121;109;107;46;39;47;47;40;36;48;55
816.0;186;184;132;122;107;104;45;39;46;44;44;39;51;57
822.0;185;183;129;121;112;105;45;43;43;45;44;38;49;58
828.0;188;185;125;124;112;103;43;42;45;44;45;37;50;57
834.0;189;186;124;126;113;102;44;46;42;43;42;36;50;57
840.0;189;188;121;126;112;100;43;46;42;41;43;35;53;61
846.0;187;189;124;124;112;100;43;47;43;40;40;36;55;60
852.0;188;191;124;123;109;103;43;47;44;40;42;35;52;59
858.0;190;187;127;120;111;101;41;45;48;40;44;36;51;59
864.0;194;188;129;121;111;100;44;46;45;36;42;36;51;57
870.0;192;187;128;120;112;99;40;50;49;39;44;36;49;55
876.0;195;184;130;121;112;99;38;49;51;39;48;35;47;52
882.0;194;181;132;123;111;98;41;45;52;36;51;35;49;52
888.0;191;180;132;122;108;99;42;42;54;37;53;36;52;52
894.0;192;181;128;122;105;99;42;39;54;38;54;40;53;53
900.0;195;180;130;121;104;94;44;43;51;36;54;40;54;54
906.0;192;182;132;120;105;97;40;40;48;38;54;43;55;54
912.0;193;180;136;116;110;95;41;39;50;38;58;42;51;51
918.0;192;179;134;115;112;95;38;42;49;39;60;42;51;52
924.0;190;181;134;115;111;96;37;43;46;40;63;39;54;51
930.0;189;180;136;112;114;97;37;43;49;42;60;37;52;52
936.0;186;182;136;116;114;94;36;40;47;44;62;40;51;52
942.0;181;180;137;117;113;96;36;40;50;43;63;40;53;51
948.0;180;181;138;115;113;91;37;39;54;44;61;43;56;48
954.0;175;184;141;118;111;88;39;40;56;45;61;43;53;46
960.0;176;183;144;119;109;89;41;41;54;45;58;44;51;46
966.0;176;182;143;120;108;87;42;41;53;47;57;45;50;49
972.0;174;183;144;122;108;88;37;44;55;47;56;45;49;48
978.0;176;182;141;122;109;87;36;42;58;50;54;45;49;49
984.0;178;188;140;120;105;85;32;45;54;51;53;50;49;50
990.0;177;189;145;116;102;83;32;47;54;53;54;48;51;49
996.0;175;188;142;120;103;85;37;46;51;53;55;47;50;48
1002.0;176;189;144;120;104;85;41;40;49;54;56;48;47;47
1008.0;175;191;147;117;105;87;43;43;45;55;56;44;47;45
1014.0;172;193;149;118;103;89;41;41;44;51;59;46;48;46
1020.0;173;192;150;118;105;92;38;37;40;50;63;46;51;45
1026.0;172;191;151;117;107;93;40;38;41;46;63;46;51;44
1032.0;173;192;149;120;106;94;42;38;38;41;64;41;56;46
1038.0;175;192;147;118;109;94;43;33;39;41;66;43;58;42
1044.0;176;192;148;118;111;91;41;32;42;42;66;42;58;41
1050.0;175;193;147;114;110;89;41;35;42;41;66;42;62;43
1056.0;174;192;144;113;112;89;37;35;45;43;66;46;61;43
1062.0;174;191;145;114;112;91;37;34;45;41;68;47;61;40
1068.0;175;192;144;116;114;92;36;33;41;41;68;48;58;42
1074.0;179;189;145;118;115;91;34;34;42;38;68;46;58;43
1080.0;179;187;146;117;116;93;37;34;41;40;65;44;57;44
1086.0;178;187;148;114;116;94;39;37;40;42;64;44;56;41
1092.0;177;188;146;114;115;96;40;40;44;39;62;41;54;44
1098.0;178;186;146;115;110;95;41;39;48;44;61;39;49;49
1104.0;179;186;147;112;110;95;39;38;47;45;66;41;49;46
1110.0;177;186;146;111;109;96;38;36;45;47;66;41;50;52
1116.0;178;189;144;112;108;97;39;39;46;48;64;39;46;51
1122.0;181;190;143;112;110;98;36;36;45;51;65;37;46;50
1128.0;184;186;141;112;109;98;37;38;48;51;64;36;46;50
1134.0;185;186;137;110;110;98;40;38;49;51;67;35;43;51
1140.0;183;189;139;109;106;95;43;40;49;52;67;38;41;49
1146.0;186;188;136;110;104;91;43;39;52;54;65;42;41;49
1152.0;187;192;136;109;102;93;45;40;53;50;63;42;38;50
1158.0;186;189;135;110;100;98;48;41;52;49;62;41;37;52
1164.0;183;191;135;111;99;97;47;45;54;49;62;42;38;47
1170.0;182;192;138;108;102;97;49;46;56;47;63;41;34;45
1176.0;180;192;139;107;100;100;51;45;56;49;61;41;34;45
1182.0;184;189;135;109;100;103;51;44;55;49;59;41;35;46
1188.0;185;187;138;110;104;103;50;45;54;50;53;41;34;46
1194.0;185;183;138;107;104;104;51;46;52;50;56;43;35;46
1200.0;187;181;139;107;103;107;51;46;50;51;54;43;35;46
1206.0;188;182;141;110;105;107;48;44;49;48;54;43;34;47
1212.0;190;182;144;114;102;104;50;41;49;48;57;42;33;44
1218.0;191;185;147;110;100;107;45;41;50;51;52;43;34;44
1224.0;189;181;147;110;100;107;48;43;52;47;53;40;36;47
1230.0;194;181;142;110;100;111;49;42;50;48;51;39;34;49
1236.0;193;181;146;111;97;110;50;44;47;45;49;41;35;51
1242.0;192;182;149;111;99;110;49;43;45;45;47;42;36;50
1248.0;190;182;146;106;101;110;52;45;43;51;46;41;38;49
1254.0;191;183;147;106;99;110;50;44;44;54;45;41;38;48
1260.0;191;182;147;111;102;107;53;43;45;52;48;37;37;45
1266.0;190;181;144;114;95;109;56;44;47;52;44;40;39;45
1272.0;189;178;147;116;96;112;54;49;45;48;43;40;38;45
1278.0;191;176;145;120;95;113;54;50;43;48;41;42;40;42
1284.0;193;179;147;126;95;111;53;48;40;46;43;42;37;40
1290.0;193;182;149;124;99;109;50;46;40;45;47;42;36;38
1296.0;195;181;150;121;97;106;51;48;37;44;48;43;40;39
1302.0;195;184;150;117;96;107;52;46;35;47;47;44;38;42
1308.0;193;183;152;113;97;105;49;45;38;47;52;43;38;45
1314.0;194;184;152;114;97;108;48;44;36;46;48;42;41;46
1320.0;194;181;149;115;97;107;49;47;36;47;46;43;43;46
1326.0;193;179;149;115;93;106;51;50;33;50;45;46;43;47
1332.0;193;177;147;115;93;105;50;49;38;50;48;45;43;47
1338.0;192;178;145;119;91;105;50;46;40;50;47;46;43;48
1344.0;194;178;143;121;94;104;49;45;39;51;46;46;43;47
1350.0;191;178;142;123;91;108;49;49;37;50;44;50;41;47
1356.0;193;177;142;123;92;103;51;49;38;51;46;45;43;47
1362.0;193;177;142;124;93;104;51;50;37;49;46;43;43;48
1368.0;193;179;144;124;91;100;52;52;40;47;42;45;43;48
1374.0;191;181;140;127;91;100;51;52;41;48;41;46;43;48
1380.0;191;180;138;125;99;99;50;52;39;51;46;41;41;48
1386.0;192;179;137;129;97;100;50;52;40;50;47;37;40;50
1392.0;192;178;137;128;102;97;54;54;39;50;47;37;38;47
1398.0;195;177;135;130;102;97;55;52;39;48;48;36;38;48
1404.0;196;176;135;134;103;97;55;55;38;44;52;34;34;47
1410.0;196;177;137;136;99;95;56;55;41;42;50;36;35;45
1416.0;197;177;137;134;100;96;55;52;44;45;46;37;36;44
1422.0;195;180;135;137;100;98;57;48;42;45;44;37;37;45
1428.0;197;182;136;135;100;97;52;53;42;46;44;40;37;39
1434.0;196;180;134;134;102;97;50;53;41;45;46;42;40;40
1440.0;195;184;133;132;102;99;51;52;39;45;43;43;39;43
1446.0;194;184;132;132;102;100;48;53;40;46;41;43;38;47
1452.0;188;186;130;131;102;105;49;53;39;47;41;45;37;47
1458.0;187;186;132;129;103;101;53;55;37;49;44;43;35;46
1464.0;189;188;132;125;103;101;49;58;37;46;44;43;36;49
1470.0;185;193;127;124;104;102;48;55;40;45;44;44;39;50
1476.0;182;190;127;123;107;102;50;50;44;45;47;43;42;48
1482.0;185;189;125;121;106;102;50;49;45;42;46;45;47;48
1488.0;183;189;127;125;107;102;52;47;45;42;42;43;46;50
1494.0;178;187;129;127;107;103;52;47;44;41;42;42;51;50
1500.0;175;188;128;127;108;104;54;45;45;42;36;44;54;50
1506.0;174;185;127;128;107;104;56;47;47;40;35;45;53;52
1512.0;171;185;125;132;106;105;58;45;48;40;34;47;50;54
1518.0;170;186;123;129;106;104;57;45;49;41;35;46;55;54
1524.0;174;186;121;126;106;109;55;44;46;44;37;46;50;56
1530.0;175;186;120;125;106;106;58;41;49;41;39;49;50;55
1536.0;174;186;124;127;103;106;57;37;48;44;41;45;53;55
1542.0;177;183;120;125;108;108;52;39;44;41;47;48;54;54
1548.0;175;184;120;126;108;104;50;40;49;40;45;53;54;52
1554.0;174;180;120;129;111;105;50;37;50;40;43;54;55;52
1560.0;173;180;120;127;111;108;46;40;50;43;41;56;56;49
1566.0;173;178;122;130;110;109;45;42;51;39;44;54;53;50
1572.0;175;176;122;128;113;112;46;41;50;37;46;50;53;51
1578.0;172;176;123;127;113;117;40;39;51;40;47;50;53;52
1584.0;172;175;124;129;116;114;37;41;51;39;49;51;48;54
1590.0;174;176;127;131;116;113;38;39;50;40;44;51;45;56
1596.0;171;178;127;131;118;112;38;39;50;40;47;50;44;55
1602.0;170;178;126;134;117;113;39;42;50;40;44;50;45;52
1608.0;167;176;129;133;117;114;41;42;47;41;46;49;47;51
1614.0;168;177;126;130;121;113;39;43;45;43;47;51;46;51
1620.0;168;178;122;133;120;110;39;42;48;45;50;51;43;51
1626.0;169;178;123;131;118;113;39;43;47;44;50;52;43;50
1632.0;169;178;119;128;120;111;43;45;51;46;45;49;44;52
1638.0;167;179;118;130;121;113;41;45;50;50;43;46;46;51
1644.0;167;177;120;128;121;112;42;44;49;52;47;45;47;49
1650.0;169;179;122;125;122;110;44;44;48;46;45;47;49;50
1656.0;170;180;126;125;125;109;42;43;48;42;44;48;49;49
1662.0;172;179;127;127;127;107;44;44;46;42;40;46;51;48
1668.0;175;181;128;128;129;107;44;43;44;40;38;44;50;49
1674.0;177;182;128;131;125;105;44;42;44;43;39;44;47;49
1680.0;179;184;123;131;126;106;45;46;43;41;37;42;48;49
1686.0;179;183;124;135;126;104;43;46;45;38;36;45;47;49
1692.0;177;182;125;135;125;103;41;45;46;38;37;44;49;53
1698.0;179;181;123;129;122;106;42;48;44;40;41;45;49;51
1704.0;179;181;122;125;123;108;41;48;48;40;39;45;50;51
1710.0;179;181;122;125;121;111;41;45;50;41;37;50;51;46
1716.0;178;184;119;119;121;111;40;47;54;42;39;47;53;46
1722.0;180;185;121;118;122;109;43;45;52;40;37;50;50;48
1728.0;179;186;119;115;123;108;42;47;52;40;38;51;51;49
1734.0;179;187;117;118;123;107;41;44;53;38;39;51;55;48
1740.0;179;187;117;117;123;109;41;45;52;38;37;51;53;51
1746.0;179;185;117;117;124;109;42;42;55;39;37;54;54;46
1752.0;181;186;118;117;124;107;42;40;55;39;35;52;56;48
1758.0;184;185;115;115;124;109;43;42;55;39;35;50;56;48
1764.0;186;183;118;111;124;111;43;44;53;43;36;50;52;46
1770.0;183;184;119;112;126;111;43;45;50;45;37;49;51;45
1776.0;181;182;118;115;129;110;41;44;52;46;39;48;52;43
1782.0;176;183;117;119;125;111;43;42;53;44;43;45;52;47
1788.0;175;184;116;121;124;114;40;43;53;46;42;46;51;45
1794.0;174;185;114;118;125;118;42;44;51;48;38;46;52;45
1800.0;175;187;112;117;123;117;45;42;51;50;38;48;51;44
1806.0;177;187;113;115;122;121;43;39;52;50;38;48;51;44
1812.0;175;187;114;117;122;119;42;38;51;52;35;51;54;43
1818.0;176;189;114;117;120;119;43;39;51;48;35;53;52;44
1824.0;177;189;113;117;119;116;41;41;52;49;39;53;49;45
1830.0;177;193;111;117;117;114;38;41;52;50;39;55;48;48
1836.0;177;191;110;117;116;118;37;43;51;50;39;57;47;47
1842.0;181;192;111;116;116;119;40;43;49;50;39;54;43;47
1848.0;183;191;109;120;112;121;40;46;47;51;37;54;41;48
1854.0;180;189;110;117;112;122;41;50;46;51;41;50;43;48
1860.0;180;186;113;116;114;122;47;44;41;49;44;51;44;49
1866.0;180;186;114;118;113;123;49;41;39;47;45;51;47;47
1872.0;180;184;114;118;114;123;50;43;40;47;45;51;42;49
1878.0;178;183;109;115;116;125;50;44;40;48;46;52;44;50
1884.0;173;184;111;114;120;125;50;41;42;49;46;49;46;50
1890.0;171;184;111;114;119;122;53;41;43;48;47;53;43;51
1896.0;169;183;111;114;120;126;49;41;45;50;46;53;47;46
1902.0;171;182;113;115;120;126;47;38;46;49;48;49;48;48
1908.0;168;183;117;117;117;129;44;38;47;46;49;50;47;48
1914.0;167;180;120;116;114;130;47;40;45;43;50;53;47;48
1920.0;171;182;120;114;115;128;48;37;46;40;51;51;48;49
1926.0;173;181;120;113;112;127;46;38;50;41;50;53;48;48
1932.0;175;178;121;112;111;125;47;37;51;41;51;53;48;50
1938.0;182;180;120;112;114;119;46;38;50;41;50;54;48;46
1944.0;183;177;120;115;113;121;46;39;52;40;49;58;44;43
1950.0;182;181;118;114;115;122;46;38;52;39;48;58;46;41
1956.0;180;183;120;117;113;120;42;36;49;40;51;64;46;39
1962.0;182;186;115;117;111;120;41;35;50;42;52;61;47;41
1968.0;180;184;117;118;110;118;44;34;47;43;49;68;47;41
1974.0;180;186;113;116;111;117;46;34;48;42;49;69;47;42
