#auto generated file!
12.0;147;129;119;113;151;133;122;140;125;110;121;125;122;143
18.0;147;135;126;114;151;134;124;136;125;107;116;125;118;142
24.0;147;140;130;112;153;132;123;136;126;104;113;133;113;138
30.0;148;145;131;116;155;135;117;130;127;102;115;132;111;136
36.0;157;146;138;117;160;138;114;119;123;106;115;130;103;134
42.0;159;148;138;123;156;142;114;115;117;109;113;126;103;137
48.0;160;148;139;123;160;143;114;118;110;108;114;127;100;136
54.0;159;149;143;131;160;145;117;108;111;111;108;124;99;135
60.0;164;153;143;133;157;150;114;109;111;106;110;121;97;132
66.0;165;152;143;130;159;153;114;109;113;107;110;120;100;125
72.0;171;159;145;133;160;154;107;109;114;104;104;122;103;115
78.0;175;163;149;132;157;150;109;104;106;105;104;121;109;116
84.0;174;163;150;136;157;147;101;107;109;105;101;119;111;120
90.0;178;166;153;137;157;151;102;107;104;104;99;113;108;121
96.0;181;171;157;142;160;152;104;109;99;99;98;106;102;120
102.0;180;172;159;141;160;155;101;112;101;95;98;105;100;121
108.0;182;178;159;138;162;154;100;106;107;91;92;108;99;124
114.0;180;182;161;140;162;149;96;103;99;97;100;105;97;129
120.0;182;184;168;140;160;151;94;99;100;97;103;101;94;127
126.0;185;188;165;139;162;152;94;94;102;100;105;102;89;123
132.0;189;192;164;139;161;154;91;91;101;95;107;103;87;126
138.0;190;195;163;140;163;151;88;92;107;98;109;100;83;121
144.0;195;199;165;141;166;150;91;89;107;97;104;99;81;116
150.0;193;198;170;140;167;153;95;89;109;97;99;99;74;117
156.0;192;198;168;140;165;152;98;89;111;98;95;102;74;118
162.0;192;202;175;145;162;149;95;88;107;98;96;100;72;119
168.0;196;205;174;145;164;151;96;84;105;97;96;98;76;113
174.0;200;205;174;146;167;151;98;88;103;92;93;95;76;112
180.0;201;205;176;148;168;149;97;94;102;90;93;95;73;109
186.0;203;204;174;149;169;152;95;96;100;92;97;95;74;100
192.0;208;207;177;149;165;151;95;94;104;91;94;96;74;95
198.0;209;219;181;151;166;155;91;89;102;85;93;94;71;94
204.0;210;223;185;148;170;153;84;89;104;86;94;89;71;94
210.0;210;224;186;154;168;152;86;89;101;82;92;88;76;92
216.0;214;229;188;152;168;155;86;88;97;81;86;82;78;96
222.0;213;228;185;157;168;155;86;85;98;83;86;84;78;94
228.0;213;231;183;160;168;155;86;88;96;81;82;86;77;94
234.0;212;235;182;161;165;149;88;86;95;84;83;89;78;93
240.0;213;234;181;159;168;158;87;82;90;84;85;89;78;92
246.0;215;239;176;158;171;159;85;83;95;81;83;86;77;92
252.0;216;240;173;157;170;157;85;83;96;84;81;88;77;93
258.0;217;241;170;155;180;155;84;87;93;82;82;86;76;92
264.0;220;244;171;157;180;152;86;88;93;84;79;83;72;91
270.0;220;240;172;158;179;153;85;87;96;81;83;84;71;91
276.0;222;241;170;157;179;151;83;86;89;87;84;85;74;92
282.0;223;247;175;155;175;152;85;82;88;83;80;87;71;97
288.0;223;244;173;158;176;154;82;86;87;82;81;88;66;100
294.0;221;246;174;162;175;150;83;87;87;79;75;89;73;99
300.0;223;247;175;163;176;152;78;88;91;75;74;88;70;100
306.0;226;245;176;163;178;147;83;90;86;78;73;88;70;97
312.0;230;247;176;165;180;148;86;91;83;80;72;83;66;93
318.0;234;250;180;170;178;147;89;91;80;78;76;77;60;90
324.0;235;250;180;169;179;148;88;89;81;84;76;75;58;88
330.0;236;252;180;168;178;154;93;84;82;80;75;74;60;84
336.0;233;250;180;168;179;155;93;85;83;83;76;72;60;83
342.0;236;250;183;170;183;155;93;80;79;82;77;68;60;84
348.0;236;249;183;175;188;153;92;77;79;75;82;68;59;84
354.0;236;250;183;177;186;152;91;80;79;72;81;69;59;85
360.0;238;251;180;175;187;158;92;78;77;75;80;68;58;83
366.0;241;252;184;172;188;161;95;81;77;72;80;66;54;77
372.0;245;254;184;176;185;158;92;83;74;75;76;69;55;74
378.0;244;255;186;175;183;163;93;78;74;70;79;71;56;73
384.0;246;261;179;174;183;164;88;84;71;72;78;74;55;71
390.0;245;260;177;174;186;169;86;89;70;69;77;75;59;64
396.0;245;259;182;178;187;170;89;87;68;65;76;70;60;64
402.0;243;259;184;175;185;171;91;80;67;68;76;70;64;67
408.0;242;261;183;174;186;173;90;80;63;65;78;69;67;69
414.0;239;263;189;177;180;169;90;82;64;71;74;68;64;70
420.0;235;264;185;179;185;172;92;81;65;67;75;69;63;68
426.0;235;260;184;179;185;174;94;77;70;68;73;70;61;70
432.0;237;262;183;179;187;171;91;82;67;71;74;67;59;70
438.0;236;262;186;175;184;173;91;87;70;66;74;65;60;71
444.0;238;264;188;176;183;174;87;84;68;68;72;66;60;72
450.0;238;262;190;177;181;177;81;82;70;69;70;63;63;77
456.0;238;263;188;180;182;177;80;86;69;67;67;62;64;77
462.0;237;265;185;183;182;179;80;87;69;67;61;62;65;78
468.0;243;262;180;183;182;182;84;84;72;67;59;63;60;79
474.0;245;260;180;187;179;179;84;86;70;68;58;63;60;81
480.0;248;260;185;186;177;180;81;82;72;71;60;62;58;78
486.0;246;263;185;187;175;179;79;80;73;71;61;64;57;80
492.0;249;259;185;186;175;179;80;79;72;72;63;58;59;84
498.0;248;261;184;182;176;183;73;74;73;73;66;60;62;85
504.0;246;265;185;180;180;183;67;72;78;73;68;58;66;79
510.0;249;266;187;181;178;184;63;67;72;76;67;63;66;81
516.0;250;262;193;181;182;182;63;67;70;79;68;61;67;75
522.0;248;262;193;175;184;179;66;64;71;84;71;60;68;75
528.0;245;263;191;176;184;177;67;65;72;87;73;56;68;76
534.0;244;269;190;173;182;177;68;66;73;86;73;62;64;73
540.0;246;268;187;173;182;179;60;70;75;88;70;64;68;70
546.0;250;267;187;168;178;179;57;73;81;86;72;65;66;71
552.0;247;263;187;166;181;180;62;72;81;86;71;67;66;71
558.0;250;263;186;170;183;180;60;73;81;83;68;65;65;73
564.0;251;263;187;169;181;178;61;73;81;82;69;67;65;73
570.0;257;266;186;170;175;181;58;73;76;81;69;68;68;72
576.0;253;264;186;166;179;184;58;73;78;86;66;72;65;70
582.0;255;261;186;172;173;178;60;68;79;84;72;72;70;70
588.0;255;265;183;166;174;183;61;69;74;90;70;71;72;67
594.0;256;266;186;168;177;185;61;67;74;86;66;75;71;62
600.0;256;271;184;169;178;183;56;68;74;86;66;75;70;64
606.0;257;269;184;173;178;181;58;66;70;83;66;76;72;67
612.0;254;271;187;173;178;182;58;65;69;85;65;77;72;64
618.0;258;267;185;176;178;182;54;67;72;84;66;75;75;61
624.0;258;268;183;172;174;179;56;73;72;81;68;75;79;62
630.0;261;265;186;170;172;180;58;76;76;76;67;78;72;63
636.0;260;263;185;171;173;177;57;76;76;80;72;71;74;65
642.0;262;262;186;171;172;176;61;76;75;83;69;71;69;67
648.0;263;264;183;171;175;175;63;78;75;79;68;68;72;66
654.0;265;264;185;170;178;172;61;78;75;79;64;68;74;67
660.0;268;260;185;167;179;171;63;76;74;79;68;70;72;68
666.0;267;260;182;169;179;170;65;73;72;82;70;70;74;67
672.0;262;263;184;170;181;170;60;72;72;83;70;70;75;68
678.0;261;260;181;171;178;173;59;72;74;79;71;74;77;70
684.0;260;263;183;172;177;164;58;73;75;77;71;78;76;73
690.0;259;263;186;171;179;165;58;71;73;77;72;77;79;70
696.0;260;262;187;171;176;168;55;70;74;72;74;75;82;74
702.0;258;262;185;171;180;170;54;68;72;76;75;73;83;73
708.0;259;260;180;172;185;170;60;70;70;73;76;71;82;72
714.0;255;261;180;171;182;173;61;70;73;71;75;69;87;72
720.0;254;262;180;165;183;171;61;70;78;72;74;70;88;72
726.0;253;265;184;162;178;171;67;69;79;68;74;73;86;71
732.0;252;264;183;165;181;168;69;70;78;67;73;72;87;71
738.0;254;263;181;169;182;169;71;65;76;68;73;70;88;71
744.0;258;259;179;164;179;171;72;69;79;67;74;74;85;70
750.0;257;256;179;165;185;170;70;64;82;72;72;71;85;72
756.0;260;263;179;162;188;169;74;68;81;70;68;73;82;63
762.0;262;262;182;161;185;166;76;69;84;73;68;70;79;63
768.0;264;261;186;162;182;169;77;70;80;73;69;71;79;57
774.0;265;262;187;161;178;170;75;65;80;77;70;70;81;59
780.0;269;265;192;160;181;166;70;63;79;77;70;70;83;55
786.0;271;268;194;167;180;164;70;62;79;75;67;64;87;52
792.0;276;264;193;167;180;164;70;59;81;77;68;62;87;52
798.0;275;264;193;165;179;166;71;61;80;74;66;64;90;52
804.0;269;265;194;164;175;170;70;62;80;72;69;67;92;51
810.0;267;272;194;164;177;167;68;68;82;69;70;62;91;49
816.0;269;273;197;161;177;165;68;69;84;68;68;60;92;49
822.0;269;275;192;161;174;167;67;66;85;72;67;61;92;52
828.0;272;275;190;164;181;169;68;62;84;72;65;61;85;52
834.0;272;273;190;165;181;170;69;60;90;70;63;60;85;52
840.0;270;270;186;167;185;169;70;60;90;71;63;59;87;53
846.0;269;270;184;166;188;165;73;61;91;72;63;58;90;50
852.0;271;270;180;165;185;169;69;63;94;73;65;63;83;50
858.0;274;270;183;165;186;169;69;61;91;71;62;66;84;49
864.0;274;269;184;164;183;168;70;63;90;71;65;67;81;51
870.0;275;271;185;164;185;167;68;65;86;72;62;69;83;48
876.0;280;272;186;162;186;169;67;69;86;73;57;66;76;51
882.0;279;273;190;160;189;167;66;70;83;78;57;66;72;50
888.0;282;274;185;162;186;170;66;72;81;73;58;68;73;50
894.0;282;272;184;161;184;171;67;69;85;71;62;68;70;54
900.0;280;274;185;162;187;167;69;67;84;65;65;70;73;52
906.0;283;270;183;164;187;169;71;61;85;67;67;67;70;56
912.0;283;270;179;166;188;169;73;62;84;68;64;69;70;55
918.0;283;265;183;167;188;164;74;62;86;67;63;67;75;56
924.0;282;267;183;164;189;162;78;62;83;71;64;66;75;54
930.0;281;266;184;165;190;162;80;61;87;65;60;65;77;57
936.0;281;261;187;165;192;164;78;60;87;68;59;62;80;56
942.0;279;256;185;169;188;165;78;64;88;67;58;65;80;58
948.0;279;257;188;169;190;162;79;66;89;66;57;64;79;55
954.0;278;255;193;174;186;167;80;68;86;63;55;66;73;56
960.0;277;260;192;170;188;169;79;68;85;64;56;65;72;55
966.0;276;257;189;165;185;163;81;69;87;66;60;71;78;53
972.0;276;259;186;168;186;161;77;71;82;67;60;69;79;59
978.0;273;263;185;169;189;163;72;73;82;67;58;70;77;59
984.0;273;262;185;170;189;162;74;74;79;69;60;70;77;56
990.0;268;262;185;171;190;164;79;74;79;64;58;69;78;59
996.0;265;264;187;172;190;164;76;74;77;65;56;68;81;61
1002.0;264;260;188;176;188;164;74;80;70;64;63;67;81;61
1008.0;262;261;186;174;189;166;74;73;71;63;64;68;82;67
1014.0;265;260;192;175;190;162;74;75;65;61;63;68;83;67
1020.0;264;260;196;176;191;156;73;73;65;65;62;74;81;64
1026.0;266;261;196;177;187;159;73;67;67;68;65;70;79;65
1032.0;269;263;195;179;186;159;77;63;65;72;68;67;79;58
1038.0;269;265;197;180;187;160;75;61;63;70;72;67;79;55
1044.0;271;269;195;175;185;163;76;63;62;73;70;64;78;56
1050.0;273;269;194;173;185;168;70;63;62;68;72;66;78;59
1056.0;277;268;187;174;182;169;71;69;63;69;70;64;76;61
1062.0;279;268;186;174;185;167;71;68;60;71;77;63;74;57
1068.0;277;268;188;170;186;171;69;71;59;72;73;62;75;59
1074.0;279;266;185;173;187;168;71;72;59;72;76;64;69;59
1080.0;278;265;187;170;188;171;69;74;61;68;76;64;69;60
1086.0;279;269;187;166;188;174;71;75;63;63;70;66;66;63
1092.0;278;268;191;165;188;172;67;75;62;67;71;68;67;61
1098.0;274;267;193;168;186;173;64;73;64;65;73;69;67;64
1104.0;275;269;190;172;186;177;65;73;63;65;72;73;62;58
1110.0;273;271;188;170;188;173;66;76;61;67;74;70;65;58
1116.0;271;265;190;168;187;175;68;77;62;72;71;69;65;60
1122.0;268;264;189;167;190;174;69;75;66;70;72;70;64;62
1128.0;269;267;189;165;188;176;65;76;65;76;67;70;65;62
1134.0;270;269;188;166;191;176;64;75;64;73;71;65;64;64
1140.0;266;274;190;168;189;175;62;72;67;72;72;65;67;61
1146.0;266;271;190;170;192;175;56;70;72;70;74;66;66;62
1152.0;263;266;198;173;192;173;54;74;70;66;77;70;64;60
1158.0;261;268;199;174;191;170;54;75;71;65;75;69;67;61
1164.0;266;266;199;175;193;168;54;74;72;73;74;64;65;57
1170.0;268;270;197;178;191;165;58;67;71;72;75;67;65;56
1176.0;268;277;194;182;189;162;57;72;68;70;74;66;64;57
1182.0;269;275;192;181;190;163;58;75;65;71;76;69;61;55
1188.0;268;274;195;179;189;164;58;72;62;73;78;67;62;59
1194.0;269;273;194;177;188;164;59;71;62;73;77;68;63;62
1200.0;266;272;193;176;187;162;64;72;63;71;79;64;63;68
1206.0;264;275;192;174;191;161;61;73;67;67;80;64;61;70
1212.0;264;276;186;176;186;162;64;75;66;67;79;66;65;68
1218.0;266;277;185;182;188;162;64;70;65;68;81;66;65;61
1224.0;267;275;186;182;191;157;63;73;64;71;80;66;62;63
1230.0;271;272;185;180;191;158;67;75;60;70;77;65;62;67
1236.0;269;275;188;180;194;153;68;75;60;68;75;65;63;67
1242.0;264;278;189;183;194;152;68;72;59;69;76;66;66;64
1248.0;269;275;186;188;194;147;70;72;63;68;74;67;67;60
1254.0;266;272;186;193;190;148;71;75;61;69;76;68;67;58
1260.0;267;273;188;193;190;149;71;72;60;67;76;70;64;60
1266.0;264;274;188;196;190;152;66;67;58;67;78;70;69;61
1272.0;263;270;183;201;191;150;68;69;59;68;76;73;70;59
1278.0;262;269;186;205;189;155;64;66;58;69;77;70;73;57
1284.0;259;266;188;207;186;156;64;64;60;72;81;71;67;59
1290.0;260;266;183;212;188;153;66;66;54;69;76;73;70;64
1296.0;259;264;182;208;186;154;68;65;55;71;78;72;72;66
1302.0;257;266;182;206;188;154;67;65;55;69;79;72;74;66
1308.0;257;268;178;206;190;155;63;67;58;69;76;72;75;66
1314.0;256;267;181;207;187;156;65;64;59;71;71;73;74;69
1320.0;258;267;174;205;186;157;72;59;63;72;71;74;73;69
1326.0;259;263;171;205;184;161;69;61;65;75;75;71;70;71
1332.0;255;264;169;202;186;160;66;67;65;75;77;68;74;72
1338.0;256;269;165;202;187;159;64;67;65;73;78;66;71;78
1344.0;259;268;162;204;188;157;65;65;63;74;80;68;67;80
1350.0;255;267;163;206;190;154;65;61;59;73;85;71;71;80
1356.0;255;267;164;205;187;158;68;60;61;76;83;69;70;77
1362.0;256;267;161;204;187;157;69;65;62;75;81;70;70;76
1368.0;256;267;162;204;184;159;74;62;64;76;78;72;69;73
1374.0;262;268;157;200;189;160;73;56;63;81;80;70;69;72
1380.0;263;269;154;196;187;165;75;57;62;80;77;70;71;74
1386.0;262;271;160;192;188;164;73;59;63;77;74;69;73;75
1392.0;262;269;162;189;190;159;78;57;64;75;74;69;77;75
1398.0;264;265;164;192;189;154;80;60;66;74;67;75;75;75
1404.0;265;266;165;189;190;155;75;63;70;75;62;72;76;77
1410.0;263;270;165;188;188;157;72;63;71;78;61;74;78;72
1416.0;265;272;165;189;186;160;69;64;72;76;60;73;79;70
1422.0;265;274;170;188;184;159;66;65;73;71;62;75;80;68
1428.0;261;273;163;189;187;161;68;65;76;73;59;80;79;66
1434.0;265;270;161;189;190;162;76;65;79;66;60;80;72;65
1440.0;266;275;166;186;183;166;74;61;80;62;57;79;76;69
1446.0;264;274;167;185;185;162;73;63;85;63;59;81;72;67
1452.0;263;276;165;188;184;160;70;62;87;66;59;82;72;66
1458.0;262;280;161;186;185;162;71;62;84;64;59;82;72;70
1464.0;264;277;162;185;190;162;71;61;82;64;60;81;69;72
1470.0;265;277;160;186;190;162;66;63;80;60;64;82;71;74
1476.0;267;276;156;186;191;157;70;65;85;60;64;81;71;71
1482.0;268;276;155;187;191;163;68;64;81;57;66;82;73;69
1488.0;266;275;152;188;194;162;70;68;82;55;65;81;74;68
1494.0;272;273;151;191;191;164;70;70;74;56;64;84;70;70
1500.0;274;273;156;194;188;162;64;69;72;60;63;82;73;70
1506.0;273;271;157;192;187;166;66;72;72;60;58;80;73;73
1512.0;275;269;158;190;183;167;70;71;71;62;58;82;72;72
1518.0;275;265;157;188;182;167;68;73;70;65;58;81;78;73
1524.0;272;262;156;184;180;166;65;72;76;70;63;81;77;76
1530.0;274;261;153;182;181;167;63;68;82;72;64;80;75;78
1536.0;273;263;153;181;178;171;62;67;82;70;61;80;78;81
1542.0;277;263;156;183;178;175;63;67;79;68;59;79;74;79
1548.0;280;263;160;184;180;172;63;67;77;68;56;83;69;78
1554.0;283;258;162;185;177;175;62;65;77;69;58;77;71;81
1560.0;280;260;166;185;178;172;60;68;74;69;63;76;69;80
1566.0;283;255;167;184;178;173;60;68;75;69;66;76;64;82
1572.0;282;258;171;184;183;171;54;64;74;67;65;79;65;83
1578.0;281;258;169;181;182;174;55;64;72;69;70;78;64;83
1584.0;281;263;171;178;180;174;52;65;74;71;67;81;60;83
1590.0;280;259;167;178;183;171;52;61;75;71;67;84;61;91
1596.0;283;259;165;175;183;174;55;60;73;72;71;83;60;87
1602.0;283;259;163;175;183;176;55;65;71;75;71;79;57;88
1608.0;280;258;161;177;184;172;55;68;73;73;71;80;62;86
1614.0;278;255;162;182;191;170;56;70;75;67;69;79;63;83
1620.0;277;255;162;182;192;171;55;68;77;66;72;75;68;80
1626.0;279;255;162;178;191;171;56;69;74;69;72;74;69;81
1632.0;277;256;163;174;189;171;58;69;76;68;71;75;68;85
1638.0;280;252;156;173;185;175;57;69;81;67;75;73;69;88
1644.0;277;250;156;173;190;173;57;75;81;66;75;72;66;89
1650.0;273;247;156;170;191;174;59;79;82;65;78;69;68;89
1656.0;274;248;160;171;195;175;60;77;77;65;77;69;68;84
1662.0;277;248;160;168;195;176;64;75;73;67;75;68;70;84
1668.0;281;246;160;169;199;180;63;77;69;65;71;67;72;81
1674.0;281;251;164;169;199;180;62;76;71;63;67;68;71;78
1680.0;281;248;167;171;196;181;66;73;71;62;61;71;76;76
1686.0;280;250;167;171;199;182;66;76;66;59;62;72;72;78
1692.0;284;252;168;175;194;178;69;74;61;61;63;75;70;76
1698.0;283;255;164;177;194;178;67;76;57;64;64;73;70;78
1704.0;285;254;164;177;191;184;63;76;59;62;62;73;69;81
1710.0;285;256;162;177;193;181;62;77;60;66;62;70;70;79
1716.0;284;258;166;180;190;182;61;77;65;67;60;67;65;78
1722.0;287;262;166;180;185;184;62;77;68;69;60;63;62;75
1728.0;285;262;163;183;186;185;62;79;71;70;59;58;61;76
1734.0;282;266;162;183;187;185;62;81;70;71;61;54;63;73
1740.0;281;270;160;185;184;181;63;87;65;66;62;56;65;75
1746.0;284;265;156;191;186;183;65;89;62;65;60;56;65;73
1752.0;282;261;159;189;187;182;67;89;60;66;57;57;67;77
1758.0;280;263;156;190;189;180;66;93;58;65;57;55;70;78
1764.0;282;270;155;188;188;177;63;95;59;65;55;55;72;76
1770.0;283;272;153;182;190;177;63;95;62;68;53;56;73;73
1776.0;280;270;154;179;188;180;63;100;61;68;55;58;72;72
1782.0;282;272;152;176;188;181;64;97;60;69;55;61;72;71
1788.0;283;271;150;181;188;180;65;95;64;65;55;63;71;69
1794.0;288;261;157;179;189;180;64;93;60;63;58;66;71;71
1800.0;293;260;154;174;192;181;66;99;59;66;56;65;68;67
1806.0;294;259;153;173;192;186;63;97;62;65;56;66;68;66
1812.0;292;260;155;175;189;186;64;97;64;65;58;65;66;64
1818.0;290;261;157;177;188;188;59;99;59;62;62;63;70;65
1824.0;290;261;157;179;187;183;62;99;59;63;63;64;70;63
1830.0;292;263;160;179;190;181;62;97;57;65;59;69;66;60
1836.0;293;261;164;183;188;178;60;98;56;65;59;70;66;59
1842.0;293;258;165;184;187;175;63;97;57;68;58;70;67;58
1848.0;292;256;168;187;190;174;66;96;53;63;57;71;68;59
1854.0;291;257;173;185;190;173;68;95;53;59;56;71;70;59
1860.0;292;258;176;184;187;175;70;96;55;57;56;71;67;56
1866.0;295;261;177;184;187;172;74;96;53;56;54;70;65;56
1872.0;296;262;176;189;186;170;72;87;57;57;60;67;66;55
1878.0;298;259;175;185;183;173;72;87;57;54;60;69;70;58
1884.0;299;258;172;187;182;174;72;83;58;56;66;66;72;55
1890.0;301;257;172;186;178;170;71;79;62;60;61;73;73;57
1896.0;299;257;176;186;177;168;68;76;63;59;64;75;73;59
1902.0;300;262;176;186;179;172;67;78;60;62;63;71;68;56
1908.0;305;262;179;181;177;169;65;83;60;59;63;71;67;59
1914.0;308;261;182;181;180;171;63;84;60;56;59;70;68;57
1920.0;313;260;179;177;181;171;64;83;64;57;57;69;71;54
1926.0;310;265;180;179;182;170;62;78;65;57;54;71;70;57
1932.0;312;265;179;173;182;171;67;78;67;51;57;75;67;56
1938.0;311;264;179;177;179;173;70;76;64;56;57;71;66;57
1944.0;316;263;178;178;180;171;73;73;61;56;58;76;62;55
1950.0;317;263;181;177;180;171;72;73;65;54;57;76;59;55
1956.0;317;263;178;174;181;168;73;77;69;50;59;75;61;55
1962.0;319;266;172;169;179;166;80;75;70;53;61;73;61;56
1968.0;317;265;176;169;177;164;80;78;70;52;63;72;62;55
1974.0;319;257;180;169;175;161;83;79;69;53;63;66;63;63
