#auto generated file!
12.0;26;31;36;31;26;36;26;25;25;21;31;26;30;30
18.0;28;31;38;31;25;35;26;26;26;22;29;23;30;30
24.0;27;29;37;30;29;35;26;26;26;22;29;24;28;32
30.0;27;30;37;29;29;34;25;25;26;24;28;26;29;31
36.0;27;30;38;28;31;33;27;25;26;23;28;24;30;30
42.0;28;30;36;28;31;34;25;25;26;23;28;24;31;31
48.0;27;33;37;27;32;35;23;25;24;23;28;24;31;31
54.0;28;35;39;27;29;35;22;25;25;25;24;26;30;30
60.0;29;37;41;26;30;34;23;23;26;24;23;25;31;28
66.0;31;38;40;25;30;33;22;26;24;24;22;26;30;29
72.0;33;40;42;25;30;33;23;28;23;22;20;26;27;28
78.0;35;41;40;26;33;35;22;28;21;20;20;28;26;25
84.0;36;41;45;27;32;36;20;27;20;18;19;28;25;26
90.0;36;40;45;28;34;35;19;25;20;18;21;27;24;28
96.0;37;40;46;28;32;34;17;26;24;18;21;26;22;29
102.0;38;41;48;27;31;35;18;26;22;16;22;25;22;29
108.0;37;43;48;27;31;36;19;25;22;17;23;21;21;30
114.0;37;44;50;29;32;36;17;25;24;15;21;20;21;29
120.0;37;43;48;30;35;36;18;26;22;13;20;23;22;27
126.0;37;44;48;31;34;36;17;27;24;11;20;23;22;26
132.0;37;46;48;32;34;36;18;27;26;11;19;19;21;26
138.0;38;49;48;33;35;36;17;24;26;12;18;18;20;26
144.0;39;49;48;33;36;38;16;23;26;11;18;19;18;26
150.0;37;48;47;34;38;40;17;23;28;10;15;19;18;26
156.0;38;50;48;33;37;41;16;22;28;9;15;18;19;26
162.0;38;51;47;33;36;42;17;22;29;8;13;20;18;26
168.0;38;50;45;33;37;42;17;25;29;8;12;20;17;27
174.0;40;52;43;32;36;40;18;25;29;9;12;20;17;27
180.0;40;52;43;35;36;40;20;26;29;8;12;18;15;26
186.0;39;54;42;35;35;40;20;28;29;8;12;19;14;25
192.0;40;53;41;33;36;39;22;26;29;8;15;20;14;24
198.0;40;53;42;34;38;39;22;26;27;9;12;21;13;24
204.0;40;54;42;35;38;38;24;26;27;9;13;18;13;23
210.0;39;55;42;33;39;41;23;27;29;9;12;18;11;22
216.0;40;55;42;33;38;41;23;27;29;10;12;17;11;22
222.0;40;56;42;32;35;43;24;26;28;11;12;18;11;22
228.0;39;56;41;31;36;44;23;25;27;12;15;17;13;21
234.0;39;54;42;30;37;46;21;26;26;13;14;18;14;20
240.0;42;53;42;31;38;46;18;27;26;12;13;18;15;19
246.0;42;55;40;32;38;45;18;29;25;10;13;18;16;19
252.0;43;53;41;32;40;45;18;27;23;11;15;18;17;17
258.0;43;53;41;32;39;46;18;27;24;11;14;18;17;17
264.0;43;53;41;33;39;46;19;26;22;12;15;18;16;17
270.0;43;53;44;33;38;45;19;24;23;13;15;19;16;15
276.0;43;54;46;33;36;44;19;24;21;14;15;20;16;15
282.0;41;53;45;34;36;45;20;22;23;13;16;22;14;16
288.0;46;54;44;32;32;44;20;22;24;13;16;20;18;15
294.0;48;55;41;32;31;44;20;21;22;14;17;20;19;16
300.0;48;55;41;33;33;45;20;18;21;15;17;21;18;15
306.0;48;55;42;33;33;43;18;16;21;16;20;22;19;14
312.0;50;55;42;35;33;41;17;17;21;14;19;21;20;15
318.0;50;55;44;36;31;40;19;18;18;12;18;22;20;17
324.0;49;56;43;36;30;39;19;19;17;13;18;21;21;19
330.0;48;58;43;32;32;40;19;21;15;13;19;19;21;20
336.0;49;57;43;33;32;40;19;20;15;13;19;19;21;20
342.0;48;55;45;34;32;39;19;21;15;14;20;17;21;20
348.0;50;55;45;33;34;39;18;19;17;16;20;14;21;19
354.0;52;55;43;33;37;39;18;16;18;14;21;14;20;20
360.0;53;57;43;33;36;40;19;15;17;13;19;13;22;20
366.0;54;55;43;34;36;41;19;16;18;13;18;13;21;19
372.0;54;56;44;34;34;44;18;15;16;13;18;13;22;19
378.0;53;56;43;34;34;44;20;14;16;14;18;13;21;20
384.0;52;55;42;35;35;44;19;15;16;13;18;13;21;22
390.0;52;56;42;36;35;44;17;16;16;14;18;13;21;20
396.0;51;55;43;37;35;44;16;19;16;13;17;14;21;19
402.0;51;56;44;38;35;45;14;20;16;15;15;14;21;16
408.0;52;56;44;38;32;43;11;21;16;16;16;18;21;16
414.0;51;54;43;36;33;42;12;21;17;16;18;18;23;16
420.0;50;54;42;35;33;41;14;21;19;16;20;18;23;14
426.0;51;54;42;33;34;38;14;22;18;18;20;18;24;14
432.0;50;54;41;34;34;42;14;22;20;17;20;16;23;13
438.0;51;56;43;35;32;44;12;22;20;17;21;15;19;13
444.0;51;56;44;35;32;43;13;22;19;17;19;14;20;15
450.0;52;56;43;36;31;42;12;23;19;18;21;14;18;15
456.0;50;57;42;35;32;43;11;24;19;18;25;13;17;14
462.0;51;57;41;32;32;45;11;24;21;16;24;14;18;14
468.0;50;56;40;34;31;45;10;24;22;20;22;14;19;13
474.0;53;55;41;34;33;43;11;23;21;21;19;13;21;12
480.0;54;54;41;34;33;42;13;23;21;21;19;14;19;12
486.0;55;55;41;34;33;40;14;21;19;21;20;15;19;13
492.0;54;56;41;32;34;39;15;22;19;22;18;15;19;14
498.0;54;54;40;35;33;39;14;23;21;21;17;14;21;14
504.0;52;54;41;35;33;41;17;24;21;22;16;14;18;12
510.0;52;54;41;35;33;42;17;22;21;22;15;15;17;14
516.0;51;57;39;35;34;41;15;21;21;23;15;15;18;15
522.0;51;58;39;34;35;42;14;20;19;21;15;17;19;16
528.0;50;58;39;32;36;42;16;19;19;21;16;17;18;17
534.0;49;58;39;32;35;43;17;19;18;21;15;18;19;17
540.0;49;57;40;30;35;42;16;17;18;23;15;18;20;20
546.0;50;59;39;30;36;40;16;18;15;22;14;21;19;21
552.0;50;56;39;31;36;40;16;18;14;21;16;21;21;21
558.0;50;57;39;33;34;41;15;17;15;21;17;19;22;20
564.0;50;57;38;33;33;40;15;17;17;20;19;20;21;20
570.0;52;58;38;32;32;40;14;17;18;22;20;19;19;19
576.0;51;59;38;32;32;42;15;17;18;20;20;21;19;16
582.0;50;60;38;32;33;43;16;16;20;18;20;20;17;17
588.0;50;61;37;32;33;42;16;15;21;18;19;21;17;18
594.0;50;61;36;32;34;41;18;15;21;17;19;20;20;16
600.0;49;60;35;32;35;41;18;14;21;19;19;21;20;16
606.0;50;59;37;32;36;40;16;15;19;20;18;23;20;15
612.0;50;59;37;32;37;40;16;14;19;22;16;23;19;16
618.0;50;59;37;32;38;39;17;14;20;22;15;24;18;15
624.0;51;58;38;33;36;38;19;13;18;22;16;24;19;15
630.0;51;58;37;33;36;38;18;12;19;22;14;25;18;19
636.0;52;58;38;30;36;38;18;14;20;22;13;26;18;17
642.0;52;59;38;31;36;39;17;16;19;22;13;23;18;17
648.0;53;60;38;30;37;37;18;16;19;20;13;25;18;16
654.0;55;62;40;30;37;36;17;15;19;20;14;23;18;14
660.0;55;63;38;29;39;37;17;15;18;20;15;22;17;15
666.0;55;63;39;29;39;38;18;17;18;17;14;20;18;15
672.0;55;64;40;29;38;39;17;18;19;16;13;18;20;14
678.0;55;66;40;29;36;38;19;17;19;16;12;20;20;13
684.0;56;67;40;28;36;39;19;15;19;15;12;19;21;14
690.0;55;67;40;29;36;38;18;15;19;15;11;22;20;15
696.0;56;67;38;29;37;39;18;15;17;16;12;21;20;15
702.0;56;66;38;32;36;39;19;14;17;14;12;20;22;15
708.0;55;64;39;32;37;40;18;15;18;14;12;20;22;14
714.0;54;65;38;33;37;38;17;16;19;14;14;20;21;14
720.0;55;64;39;34;38;40;16;17;17;16;14;17;18;15
726.0;55;64;39;33;38;42;17;19;16;15;14;17;19;12
732.0;56;65;40;32;41;40;17;19;16;13;13;17;19;12
738.0;56;65;41;33;41;40;17;18;16;13;13;17;19;11
744.0;57;65;40;35;41;40;17;19;16;13;14;16;17;10
750.0;56;63;40;36;40;39;19;18;16;12;15;18;18;10
756.0;55;63;43;35;40;37;20;20;15;12;13;18;18;11
762.0;56;62;44;35;40;39;20;17;12;12;14;18;18;13
768.0;56;65;44;34;40;39;16;18;13;14;14;17;19;11
774.0;56;65;44;35;40;40;14;15;13;15;14;18;20;11
780.0;56;65;44;34;41;38;14;16;14;15;14;18;20;11
786.0;55;65;45;35;42;38;14;16;13;18;13;16;18;12
792.0;57;68;42;35;41;40;13;16;13;15;13;15;19;13
798.0;58;68;43;33;40;39;15;16;13;14;13;16;19;13
804.0;58;68;42;33;40;38;15;16;14;15;13;17;18;13
810.0;58;69;42;33;38;38;15;16;14;17;15;15;18;12
816.0;59;71;42;35;39;37;15;15;12;19;15;16;15;10
822.0;59;72;40;34;40;37;15;14;12;19;16;16;15;11
828.0;60;71;41;32;39;37;15;15;12;18;17;16;16;11
834.0;60;70;42;32;39;34;14;17;11;19;17;15;17;13
840.0;57;73;42;32;40;34;15;15;11;19;20;14;18;10
846.0;58;74;39;31;40;37;15;16;12;17;21;15;17;8
852.0;58;74;38;33;39;36;12;19;13;16;22;15;17;8
858.0;58;74;38;35;41;36;9;18;12;15;21;16;18;9
864.0;58;72;35;35;41;35;10;20;13;15;21;17;19;9
870.0;56;72;37;35;41;33;10;20;14;16;22;17;18;9
876.0;55;70;38;36;41;33;11;22;14;14;19;18;19;10
882.0;53;71;38;38;38;32;12;22;14;15;21;17;19;10
888.0;53;73;38;38;37;33;14;22;12;14;21;17;18;10
894.0;53;71;39;36;38;36;14;21;12;14;21;17;18;10
900.0;52;71;39;36;39;35;14;21;11;14;21;16;19;12
906.0;51;73;38;36;39;37;17;20;11;13;20;15;16;14
912.0;50;73;40;36;41;37;15;20;12;13;20;15;15;13
918.0;49;72;39;36;40;37;14;19;13;16;21;14;16;14
924.0;50;72;38;37;38;39;14;19;13;17;21;14;14;14
930.0;49;72;37;36;41;37;14;19;13;17;24;13;15;13
936.0;49;72;36;36;42;37;15;19;13;17;23;13;14;14
942.0;49;69;38;36;42;36;18;21;12;17;25;12;13;12
948.0;48;68;37;37;42;36;17;19;13;18;24;15;13;13
954.0;47;71;37;36;42;36;19;18;12;18;23;16;13;12
960.0;49;71;38;36;42;36;22;19;10;16;22;14;11;14
966.0;50;71;37;36;42;35;21;20;13;15;22;15;12;11
972.0;50;69;38;36;42;34;23;19;13;16;22;15;11;12
978.0;50;69;38;36;39;35;22;19;12;17;22;15;11;15
984.0;52;68;38;33;37;34;21;20;16;17;22;15;11;16
990.0;53;67;40;34;36;35;21;19;16;16;23;14;10;16
996.0;53;67;41;35;37;35;19;20;16;15;24;14;11;13
1002.0;53;68;38;35;36;36;22;19;17;16;22;13;12;13
1008.0;53;69;39;34;35;35;21;19;18;15;21;14;13;14
1014.0;53;68;38;31;34;34;20;20;18;16;21;16;14;17
1020.0;51;68;37;31;34;35;19;22;19;17;19;15;15;18
1026.0;50;67;36;32;34;35;18;25;18;19;17;12;15;22
1032.0;48;68;35;31;34;35;17;24;18;21;19;13;16;21
1038.0;47;68;35;32;35;37;15;23;18;21;20;12;17;20
1044.0;48;66;34;34;35;37;15;25;19;20;19;13;16;19
1050.0;48;66;35;34;37;39;14;25;19;15;20;12;18;18
1056.0;48;66;36;35;37;39;14;25;19;17;18;12;17;17
1062.0;49;65;36;34;38;39;14;24;19;16;18;14;17;17
1068.0;48;65;37;35;39;38;14;23;18;16;18;14;18;17
1074.0;47;64;37;33;39;38;13;24;18;16;20;16;18;17
1080.0;49;63;41;33;39;36;14;21;18;16;19;16;18;17
1086.0;47;63;40;34;41;36;16;22;17;17;20;17;16;14
1092.0;48;63;40;34;40;37;17;23;16;15;20;18;15;14
1098.0;50;62;40;33;40;37;18;23;16;16;19;17;16;13
1104.0;49;63;41;33;38;36;18;22;18;15;18;18;17;14
1110.0;52;63;42;34;38;35;20;21;18;14;16;19;14;14
1116.0;53;62;43;32;39;36;22;20;18;14;15;19;13;14
1122.0;54;61;41;31;41;36;23;18;18;14;16;21;11;15
1128.0;57;61;40;31;41;37;23;17;15;14;15;21;12;16
1134.0;59;63;40;31;40;40;23;15;15;14;14;21;12;13
1140.0;60;65;40;30;40;40;20;15;16;15;14;20;12;13
1146.0;59;61;41;29;41;41;19;16;16;16;13;19;14;15
1152.0;59;62;42;30;42;40;16;16;17;17;12;18;16;13
1158.0;57;61;43;32;40;38;16;13;17;20;15;19;16;13
1164.0;57;62;43;32;42;38;16;13;16;20;17;17;14;13
1170.0;57;62;43;32;43;37;15;15;16;19;16;17;14;14
1176.0;56;61;43;33;43;38;14;15;15;18;15;20;14;15
1182.0;56;58;44;32;43;36;13;14;15;17;16;24;16;16
1188.0;56;59;46;35;41;37;12;15;14;16;16;21;16;16
1194.0;56;60;45;36;42;39;9;13;14;17;17;21;15;16
1200.0;57;59;45;37;43;38;11;14;13;18;17;18;13;17
1206.0;58;58;46;38;43;37;11;14;13;20;17;16;14;15
1212.0;58;58;46;38;42;36;10;15;13;18;18;17;14;17
1218.0;58;60;46;37;40;38;10;12;13;20;18;15;15;18
1224.0;54;59;47;37;41;39;11;14;13;19;19;14;15;18
1230.0;54;59;47;35;43;39;12;13;12;20;17;16;14;19
1236.0;54;59;47;36;42;37;10;12;12;21;16;15;19;20
1242.0;54;63;47;37;41;39;10;12;11;18;16;14;17;21
1248.0;55;63;44;37;44;39;10;11;11;17;15;15;17;22
1254.0;55;63;42;38;43;40;11;12;11;17;15;14;17;22
1260.0;52;64;42;39;42;41;11;13;11;19;12;15;17;22
1266.0;51;66;43;37;41;40;13;12;11;17;12;16;18;23
1272.0;51;67;44;38;41;41;12;13;10;15;13;14;20;21
1278.0;53;67;45;37;40;41;13;12;11;16;13;13;19;20
1284.0;54;67;46;38;40;40;15;12;12;17;10;12;18;19
1290.0;54;68;45;39;40;40;14;12;11;19;10;12;18;18
1296.0;55;70;44;39;41;40;13;11;11;19;12;11;17;17
1302.0;57;72;42;39;40;39;13;10;11;19;12;11;17;18
1308.0;57;73;42;40;40;39;12;10;11;20;13;10;15;18
1314.0;57;73;41;42;41;39;14;7;11;20;12;10;16;17
1320.0;55;73;40;43;41;38;14;7;12;21;14;10;17;15
1326.0;56;74;40;40;44;39;15;7;12;20;13;10;15;15
1332.0;58;72;39;42;44;38;15;6;12;20;15;10;15;14
1338.0;58;73;37;43;44;36;15;5;12;20;16;11;15;15
1344.0;60;72;36;43;45;34;15;5;13;23;14;13;14;13
1350.0;58;72;35;46;44;34;15;5;14;20;14;12;16;15
1356.0;57;74;36;45;44;35;14;7;14;20;13;12;17;12
1362.0;57;74;36;45;44;34;16;7;14;20;13;11;17;12
1368.0;57;74;38;43;44;33;17;6;16;19;14;10;18;11
1374.0;55;73;39;43;43;34;18;8;15;21;14;11;16;10
1380.0;54;72;38;45;44;33;19;10;13;21;16;11;15;9
1386.0;56;71;37;45;45;33;16;11;11;22;16;11;15;11
1392.0;55;73;37;45;45;33;15;11;11;20;16;14;14;11
1398.0;54;74;37;45;45;30;17;11;14;20;16;14;14;9
1404.0;55;75;39;44;45;30;19;12;13;19;14;15;13;7
1410.0;54;73;38;45;46;30;18;14;12;19;15;16;13;7
1416.0;54;70;37;45;46;30;19;14;11;18;17;17;14;8
1422.0;53;71;38;44;46;29;19;14;13;18;18;17;13;7
1428.0;53;72;37;44;46;27;20;14;12;19;18;17;13;8
1434.0;52;72;36;45;48;27;19;16;11;17;18;17;14;8
1440.0;51;72;36;45;47;27;19;14;10;18;18;18;15;10
1446.0;51;71;38;45;50;26;18;14;9;16;18;18;15;11
1452.0;49;70;41;45;51;26;18;14;9;15;19;18;14;11
1458.0;49;70;41;45;50;26;18;14;9;14;20;18;14;12
1464.0;50;71;43;45;49;27;19;13;9;14;20;15;14;11
1470.0;50;70;43;44;51;29;17;13;14;14;17;15;12;11
1476.0;50;69;42;45;50;29;16;13;16;14;17;16;12;11
1482.0;51;70;43;45;48;29;14;13;15;14;17;16;12;13
1488.0;51;68;44;46;47;29;15;15;15;14;17;15;12;12
1494.0;51;67;44;46;45;27;14;16;15;15;19;17;11;13
1500.0;51;67;45;46;45;26;14;16;14;15;18;18;10;15
1506.0;53;68;46;47;44;25;16;15;12;14;17;17;11;15
1512.0;51;69;45;48;44;26;18;14;12;13;17;16;12;15
1518.0;52;70;44;48;45;26;18;13;14;13;16;15;12;14
1524.0;50;70;44;48;44;30;19;11;16;12;17;15;11;13
1530.0;51;68;42;49;43;31;19;13;16;11;20;15;9;13
1536.0;50;67;44;51;43;30;18;13;18;11;17;17;9;12
1542.0;51;66;44;51;44;30;16;12;18;12;18;16;9;13
1548.0;53;65;46;52;42;32;17;10;18;11;19;13;10;12
1554.0;54;65;42;53;42;31;18;10;18;12;21;13;10;11
1560.0;53;64;41;51;42;33;20;10;16;14;21;13;11;11
1566.0;54;64;42;50;39;34;19;12;16;14;21;13;11;11
1572.0;52;68;42;48;39;33;19;10;16;14;20;15;11;13
1578.0;53;66;44;49;39;33;16;9;16;13;20;16;11;15
1584.0;50;66;44;48;38;32;17;10;18;12;21;18;11;15
1590.0;50;65;45;46;39;32;18;10;17;12;21;19;12;14
1596.0;51;65;44;44;39;32;17;10;17;12;22;21;13;13
1602.0;52;63;44;43;39;31;19;10;19;11;21;20;14;14
1608.0;52;64;44;43;39;32;20;10;19;12;22;19;10;14
1614.0;52;64;44;44;39;31;21;15;19;9;21;18;10;13
1620.0;52;64;44;43;38;32;21;15;19;10;21;16;10;15
1626.0;52;63;44;42;37;31;24;17;20;11;21;16;9;13
1632.0;53;64;45;41;39;32;20;18;19;12;18;17;9;13
1638.0;53;64;45;41;39;32;20;19;19;13;18;16;10;11
1644.0;53;64;43;43;38;34;19;17;20;12;18;17;12;10
1650.0;53;65;42;44;40;36;18;16;19;12;16;17;13;9
1656.0;53;64;43;44;40;37;18;16;17;13;16;17;12;10
1662.0;56;65;43;43;39;36;16;17;17;13;17;18;11;9
1668.0;56;64;45;43;38;36;17;16;17;11;17;18;13;9
1674.0;57;65;46;43;36;35;16;15;17;12;19;18;14;7
1680.0;56;66;43;44;38;35;18;15;15;11;19;19;15;6
1686.0;54;67;43;46;38;34;18;14;15;11;20;20;14;6
1692.0;54;65;43;45;39;36;15;14;18;12;20;18;14;7
1698.0;54;66;43;46;38;36;14;14;18;15;18;16;15;7
1704.0;54;65;43;45;37;38;13;15;18;15;18;16;15;8
1710.0;53;67;43;44;37;39;12;15;19;14;19;15;15;8
1716.0;52;66;43;44;37;40;10;15;18;17;18;16;14;10
1722.0;53;66;43;43;40;40;11;14;16;16;16;18;14;10
1728.0;53;66;43;44;39;40;12;15;16;14;17;16;15;10
1734.0;53;66;44;43;40;41;10;15;17;13;20;14;15;9
1740.0;53;66;43;42;42;43;10;15;15;13;21;15;13;9
1746.0;53;64;44;42;43;43;10;15;16;15;21;14;11;9
1752.0;53;65;45;42;43;41;10;16;17;15;20;13;10;10
1758.0;53;64;46;40;44;43;10;15;19;14;18;13;11;10
1764.0;54;63;47;41;45;43;10;15;19;14;17;13;9;10
1770.0;54;63;46;41;43;40;11;17;18;16;19;13;8;11
1776.0;53;63;47;42;43;42;12;17;17;15;18;14;7;10
1782.0;52;63;44;44;45;42;13;17;17;15;17;14;7;10
1788.0;53;66;42;43;46;41;11;19;18;15;16;13;7;10
1794.0;52;67;41;43;46;41;12;20;18;15;14;14;8;9
1800.0;52;68;42;42;47;40;13;19;18;17;14;12;7;9
1806.0;52;68;43;43;46;39;12;19;19;17;14;10;9;9
1812.0;53;67;42;43;48;39;12;18;19;17;14;11;9;8
1818.0;52;66;44;43;46;38;11;18;18;19;15;11;10;9
1824.0;52;65;46;42;47;38;11;16;17;21;16;11;9;9
1830.0;50;65;46;41;50;38;12;16;18;24;14;9;8;9
1836.0;51;64;46;41;52;40;11;15;15;23;13;9;10;10
1842.0;52;61;45;42;50;41;12;14;16;22;15;9;10;11
1848.0;52;61;44;42;50;41;12;14;15;23;15;10;10;11
1854.0;55;62;43;40;50;40;12;15;16;22;14;9;11;11
1860.0;59;61;41;39;51;40;11;15;15;22;14;9;11;12
1866.0;56;64;41;39;53;40;11;15;14;22;14;9;12;10
1872.0;56;65;42;39;52;39;11;15;14;23;13;9;12;10
1878.0;56;65;41;40;52;39;11;18;13;23;13;8;11;10
1884.0;57;64;39;39;53;39;11;17;12;21;14;9;13;12
1890.0;59;63;41;39;51;39;13;16;12;20;14;9;12;12
1896.0;60;64;40;39;52;41;11;17;12;21;13;8;11;11
1902.0;60;64;40;38;51;41;10;18;13;21;13;8;12;11
1908.0;60;65;40;38;51;42;8;18;12;20;14;7;12;13
1914.0;59;63;41;38;51;44;9;18;12;22;12;8;11;12
1920.0;62;62;39;37;50;43;9;19;13;22;11;7;11;15
1926.0;63;62;39;38;50;43;10;17;13;21;10;7;12;15
1932.0;63;62;40;39;50;43;10;15;12;21;10;9;11;15
1938.0;62;61;41;40;50;41;13;15;13;20;9;8;11;16
1944.0;62;61;41;39;50;40;15;16;15;18;9;8;11;15
1950.0;63;60;41;39;49;40;15;17;14;17;10;9;11;15
1956.0;63;62;41;39;48;41;16;16;13;15;10;9;11;16
1962.0;62;63;43;37;48;44;16;17;13;13;10;8;10;16
1968.0;63;63;42;34;46;45;16;18;13;13;12;9;11;15
1974.0;62;64;42;31;48;47;15;18;15;11;12;9;13;13
