#auto generated file!
12.0;112;93;106;93;79;103;109;122;86;113;87;96;96;105
18.0;113;97;111;98;79;103;110;119;84;111;91;91;89;104
24.0;113;99;106;100;82;102;109;123;84;110;86;96;87;103
30.0;113;103;106;101;88;106;110;117;89;104;87;92;84;100
36.0;113;103;103;113;88;108;111;113;84;104;80;89;86;105
42.0;113;110;102;114;88;109;108;113;84;105;72;90;81;111
48.0;116;110;99;115;87;113;108;112;83;100;78;91;81;107
54.0;118;109;99;114;88;116;104;115;81;98;82;89;81;106
60.0;121;110;100;116;90;121;97;117;77;98;84;85;79;105
66.0;123;110;103;119;95;120;97;113;73;94;88;84;81;100
72.0;120;112;106;119;98;119;95;111;71;92;89;85;85;98
78.0;124;117;107;118;101;120;89;108;68;95;88;88;84;93
84.0;125;120;106;118;106;121;87;112;67;92;86;85;84;91
90.0;132;121;109;118;106;127;83;108;68;94;81;87;80;86
96.0;136;124;110;115;109;130;80;106;65;91;78;90;79;87
102.0;140;126;109;117;109;130;75;106;64;87;80;88;82;87
108.0;146;126;112;116;111;130;72;110;70;82;79;83;79;84
114.0;148;129;111;117;111;131;70;108;73;85;78;79;77;83
120.0;152;129;115;116;112;132;71;103;68;83;78;78;78;85
126.0;153;129;117;121;111;133;68;101;67;85;77;80;78;80
132.0;154;130;120;122;111;138;69;97;67;84;77;77;75;79
138.0;155;133;123;124;114;138;68;92;66;85;80;75;71;76
144.0;152;132;128;128;115;137;68;93;66;88;79;73;67;74
150.0;155;135;128;127;115;138;70;86;68;84;80;74;68;72
156.0;156;139;127;126;118;135;69;87;72;80;81;72;66;72
162.0;154;137;132;126;122;136;71;83;72;77;80;71;65;74
168.0;153;140;132;124;125;138;69;80;69;77;81;73;67;72
174.0;150;141;134;122;125;136;66;78;75;79;83;73;68;70
180.0;153;141;133;126;132;138;61;75;74;76;79;71;73;68
186.0;154;140;135;131;135;132;58;76;76;75;77;65;74;72
192.0;153;140;134;129;136;135;58;73;74;75;76;68;75;74
198.0;158;142;134;126;134;134;57;70;76;75;75;72;72;75
204.0;159;145;135;128;132;136;58;68;74;73;77;73;73;69
210.0;160;144;135;129;131;135;55;66;78;72;78;74;73;70
216.0;162;146;136;129;132;137;56;65;78;68;76;72;71;72
222.0;161;150;132;127;134;137;59;65;76;69;71;76;72;71
228.0;164;152;132;128;132;139;56;62;75;67;73;74;71;75
234.0;163;149;133;126;136;139;60;64;72;69;72;75;70;72
240.0;168;156;132;130;136;139;60;62;69;63;69;67;73;76
246.0;166;160;130;132;137;141;60;63;67;64;69;64;70;77
252.0;165;162;130;128;136;141;58;66;67;66;70;64;69;78
258.0;168;163;128;128;133;145;63;64;69;65;67;63;67;77
264.0;170;161;126;129;136;148;64;64;66;65;62;64;67;78
270.0;170;162;125;132;134;144;64;65;69;67;59;62;69;78
276.0;169;163;125;135;132;146;63;62;67;67;59;64;72;76
282.0;166;167;126;135;133;149;65;60;66;62;58;65;69;79
288.0;165;168;126;137;137;143;63;55;69;64;58;65;72;78
294.0;168;169;125;138;139;142;61;58;71;61;55;67;67;79
300.0;172;171;127;142;139;137;60;54;70;63;54;68;67;76
306.0;175;169;126;141;138;139;62;53;69;62;54;68;69;75
312.0;174;172;124;141;138;138;61;50;73;64;55;70;66;74
318.0;180;172;123;141;141;139;61;49;71;64;55;68;66;70
324.0;179;175;122;140;142;141;63;48;73;63;57;68;64;65
330.0;184;174;121;140;143;140;64;49;74;62;57;66;63;63
336.0;184;173;122;140;144;141;67;48;72;61;56;64;59;69
342.0;183;174;121;137;146;141;65;54;70;61;57;62;58;71
348.0;183;175;121;138;147;140;65;52;68;65;53;64;60;69
354.0;180;176;121;140;151;140;64;51;67;68;51;59;60;72
360.0;183;174;123;146;151;140;61;48;65;65;54;59;61;70
366.0;179;173;125;144;153;139;58;52;65;63;54;59;60;76
372.0;180;174;126;144;152;137;58;52;71;60;48;59;64;75
378.0;180;176;128;146;153;140;56;53;70;59;46;59;60;74
384.0;182;174;127;152;153;137;54;51;77;58;43;61;57;74
390.0;185;176;125;155;152;137;55;52;72;59;43;61;57;71
396.0;185;177;124;155;153;140;52;51;71;60;44;62;57;69
402.0;182;176;124;156;154;137;55;52;69;58;42;64;61;70
408.0;183;176;122;155;153;139;56;51;69;61;40;60;66;69
414.0;186;180;120;153;153;137;55;52;71;56;41;60;68;68
420.0;189;180;121;149;151;135;55;54;69;55;40;62;67;73
426.0;189;181;121;151;151;136;57;56;70;54;38;61;61;74
432.0;189;178;125;151;151;137;56;59;69;55;39;57;61;73
438.0;190;177;129;153;153;135;57;55;66;56;43;54;59;73
444.0;192;177;129;154;154;134;54;57;64;56;45;57;57;70
450.0;193;174;131;150;155;133;55;55;65;54;46;62;58;69
456.0;188;179;128;147;155;134;59;56;63;56;46;59;58;72
462.0;190;178;124;148;157;135;59;56;62;52;47;59;61;72
468.0;190;181;128;150;152;130;59;59;62;53;46;57;60;73
474.0;189;178;127;152;151;133;61;60;67;52;44;57;62;67
480.0;187;182;126;151;148;135;62;62;65;53;47;57;60;65
486.0;185;185;130;148;148;138;61;63;65;54;47;58;54;64
492.0;187;185;132;148;144;137;60;61;68;53;51;59;53;62
498.0;184;186;131;145;143;139;63;67;69;54;48;55;51;65
504.0;185;185;131;142;146;140;62;67;67;55;48;54;51;67
510.0;185;186;128;143;141;144;65;63;68;55;46;58;55;63
516.0;189;187;128;140;142;146;61;61;72;57;47;54;55;61
522.0;189;189;129;143;135;150;60;60;72;54;44;56;55;64
528.0;189;194;132;143;134;148;60;58;73;53;43;55;56;62
534.0;193;193;139;140;134;148;61;58;72;52;45;53;52;60
540.0;196;195;141;140;134;148;59;59;70;53;43;50;52;60
546.0;196;195;141;139;132;150;63;59;64;49;43;48;60;61
552.0;197;196;143;140;131;150;63;63;61;46;45;49;58;58
558.0;196;198;140;142;130;150;62;65;63;48;47;47;57;55
564.0;198;196;144;138;130;150;61;68;60;48;50;45;55;57
570.0;198;195;138;139;129;151;62;70;60;52;50;44;54;58
576.0;197;197;135;138;131;150;61;69;60;53;51;47;51;60
582.0;196;198;134;141;128;149;60;68;59;52;56;48;48;63
588.0;194;196;138;142;124;147;64;67;63;51;53;47;51;63
594.0;195;198;141;143;123;144;63;67;63;51;51;47;51;63
600.0;192;195;142;145;123;143;62;64;62;53;50;48;54;67
606.0;196;193;137;147;127;138;62;62;61;58;48;48;52;71
612.0;196;194;137;149;125;140;64;62;59;60;49;50;51;64
618.0;197;194;134;144;125;140;64;66;59;62;48;53;49;65
624.0;196;197;132;145;124;141;65;66;59;61;48;52;46;68
630.0;197;196;131;146;129;141;67;62;60;59;49;52;47;64
636.0;197;196;130;145;131;135;68;64;60;58;53;54;45;64
642.0;197;194;133;147;131;136;65;61;58;58;54;56;47;63
648.0;195;194;132;148;129;135;66;64;59;58;51;58;48;63
654.0;195;194;133;148;131;134;67;63;61;56;51;55;49;63
660.0;198;195;136;145;131;134;69;60;58;55;51;56;48;64
666.0;198;199;137;146;133;129;66;60;55;55;53;55;47;67
672.0;199;198;141;148;134;126;67;63;55;50;58;53;44;64
678.0;202;198;139;150;131;125;65;65;54;48;60;53;46;64
684.0;201;202;139;147;131;124;63;64;59;46;57;53;48;66
690.0;200;200;140;148;132;127;62;63;58;48;57;51;48;66
696.0;199;199;144;149;129;129;57;62;56;53;57;50;49;67
702.0;200;198;141;151;132;132;59;61;54;51;53;53;50;65
708.0;204;201;140;150;132;134;62;61;52;48;52;55;48;61
714.0;203;197;141;150;134;135;64;57;55;51;50;52;51;60
720.0;204;198;137;151;136;132;62;52;57;52;49;56;54;60
726.0;202;201;138;152;137;129;62;51;61;51;46;55;55;60
732.0;203;206;135;151;137;130;64;51;56;49;45;56;56;61
738.0;205;206;136;149;139;133;63;47;55;49;47;52;55;64
744.0;203;207;136;150;136;133;63;50;55;49;47;53;55;63
750.0;201;206;137;151;137;137;65;52;58;48;44;49;55;60
756.0;201;202;135;152;140;135;65;51;59;51;46;52;52;59
762.0;203;207;134;157;138;137;59;47;57;47;49;52;52;61
768.0;202;211;134;159;138;139;58;46;55;44;48;55;49;62
774.0;202;211;132;158;139;139;58;50;57;45;46;53;49;61
780.0;202;211;131;158;140;141;57;51;58;44;47;50;48;62
786.0;203;213;132;153;140;144;56;51;57;46;48;51;47;59
792.0;205;212;131;155;141;145;53;51;57;48;46;51;49;56
798.0;206;215;133;153;137;145;54;52;59;47;45;53;46;55
804.0;205;218;131;157;137;141;55;54;55;41;46;53;51;56
810.0;202;218;135;151;139;143;53;51;56;43;47;53;52;57
816.0;207;217;136;150;136;143;50;52;57;43;46;54;51;58
822.0;207;216;134;152;135;146;48;55;57;43;45;56;48;58
828.0;205;214;133;150;134;149;50;58;58;42;44;58;49;56
834.0;207;214;132;151;137;142;53;55;54;45;45;60;48;57
840.0;207;221;131;154;135;142;52;57;55;45;44;54;47;56
846.0;208;217;129;156;131;147;52;58;58;48;45;51;44;56
852.0;205;222;129;155;130;149;49;55;57;49;47;51;48;54
858.0;199;222;129;157;134;145;49;53;56;49;48;55;45;59
864.0;197;224;126;157;131;139;48;55;56;50;45;56;53;63
870.0;197;226;126;154;131;139;47;53;56;51;46;55;55;64
876.0;196;226;125;154;135;140;48;53;50;55;47;53;54;64
882.0;196;227;124;155;136;136;47;52;51;54;45;53;59;65
888.0;192;226;124;156;138;137;45;51;50;59;43;55;58;66
894.0;192;227;128;153;138;132;45;54;53;58;44;56;57;63
900.0;194;222;130;150;142;134;39;54;55;57;46;60;56;61
906.0;194;218;131;154;139;133;38;57;53;57;45;60;60;61
912.0;194;216;129;152;136;137;40;56;54;59;46;59;60;62
918.0;194;220;131;148;136;141;39;55;53;57;46;60;59;61
924.0;196;221;132;148;135;140;38;53;54;56;46;58;61;62
930.0;195;221;135;149;133;143;36;53;54;56;46;57;59;63
936.0;195;217;138;151;138;142;37;48;52;57;48;57;59;61
942.0;194;213;138;149;138;146;38;51;52;51;52;56;59;63
948.0;195;215;135;149;138;147;33;53;55;50;53;52;60;65
954.0;195;217;134;149;137;147;36;51;54;48;54;51;62;65
960.0;196;214;133;150;137;147;38;52;55;49;52;50;63;64
966.0;195;213;134;154;138;148;43;46;57;49;47;51;65;60
972.0;199;210;133;153;137;147;47;44;55;47;48;49;68;63
978.0;200;212;136;149;132;149;44;42;55;46;52;52;66;65
984.0;201;212;137;152;132;152;43;38;58;46;51;51;63;64
990.0;199;211;138;152;134;155;44;37;54;45;50;53;61;67
996.0;200;206;141;153;136;154;44;36;55;47;49;55;59;65
1002.0;200;208;143;154;138;153;41;36;55;44;50;55;58;65
1008.0;204;205;142;153;138;150;40;35;57;47;51;54;57;67
1014.0;207;205;145;147;140;152;40;35;57;46;51;55;55;65
1020.0;208;202;146;146;139;154;40;39;54;50;51;56;55;60
1026.0;209;204;143;147;138;153;43;40;54;47;54;55;51;62
1032.0;209;203;143;144;143;151;45;39;54;45;54;57;51;62
1038.0;208;204;142;141;144;150;48;38;54;47;53;59;51;61
1044.0;208;208;140;139;146;148;48;40;55;47;54;58;49;60
1050.0;206;211;140;138;148;148;46;44;49;46;56;62;47;59
1056.0;207;212;139;137;148;151;41;42;51;44;58;62;46;62
1062.0;209;214;138;138;147;148;42;44;52;43;57;60;48;60
1068.0;210;212;136;140;148;148;42;42;52;43;57;61;48;61
1074.0;210;210;133;140;144;143;42;45;54;45;59;62;49;64
1080.0;207;207;130;140;144;146;44;42;57;44;60;65;47;67
1086.0;205;210;129;139;139;146;46;42;58;42;61;64;50;69
1092.0;204;212;130;140;139;145;44;44;60;39;62;64;50;67
1098.0;209;216;129;142;137;145;48;44;56;33;62;63;48;68
1104.0;204;214;129;143;139;148;49;46;54;34;59;64;50;67
1110.0;206;211;127;145;139;144;50;47;58;34;61;60;50;68
1116.0;205;210;126;143;140;147;52;48;54;34;65;60;49;67
1122.0;205;214;125;140;145;149;52;45;54;32;67;57;48;67
1128.0;202;218;122;141;147;147;50;44;54;34;64;59;49;69
1134.0;198;221;123;137;143;149;52;44;53;34;65;58;51;72
1140.0;196;218;127;135;143;152;55;42;52;34;64;60;47;75
1146.0;198;218;126;138;141;149;56;40;57;34;62;60;50;71
1152.0;203;218;127;137;144;150;55;42;52;34;61;61;46;70
1158.0;203;218;131;134;142;150;55;42;51;36;63;60;44;71
1164.0;200;220;132;132;145;149;55;43;49;35;65;59;46;70
1170.0;197;216;133;131;147;150;55;45;51;35;66;58;48;68
1176.0;201;217;134;129;149;148;54;44;46;37;67;57;47;70
1182.0;203;213;134;135;152;148;52;45;43;42;64;53;48;68
1188.0;201;211;136;132;151;145;51;44;42;46;68;54;49;70
1194.0;202;209;137;131;149;143;52;45;40;48;69;54;52;69
1200.0;200;208;132;133;151;145;55;45;40;46;65;57;54;69
1206.0;197;210;131;136;153;148;55;45;36;47;66;55;57;64
1212.0;194;211;133;138;151;144;54;44;36;51;68;53;58;65
1218.0;196;211;131;138;152;143;50;47;36;52;68;56;56;64
1224.0;195;209;134;137;152;149;43;51;39;49;65;59;51;67
1230.0;196;209;133;140;152;148;44;49;40;47;68;55;54;65
1236.0;193;208;137;139;154;147;45;47;45;47;67;53;51;67
1242.0;194;205;140;136;152;147;46;48;46;44;67;54;52;69
1248.0;198;203;140;136;150;145;46;49;48;46;63;52;55;69
1254.0;196;203;139;138;152;146;47;47;46;47;62;52;57;68
1260.0;197;202;141;138;153;141;49;47;49;45;64;50;56;68
1266.0;197;202;144;142;149;144;51;45;48;45;65;49;54;65
1272.0;196;200;146;145;150;141;50;47;46;44;66;50;53;66
1278.0;195;203;149;144;147;138;52;48;44;45;66;49;52;68
1284.0;193;202;148;146;146;140;54;49;41;40;66;51;58;66
1290.0;200;199;144;144;146;138;52;49;44;38;67;55;60;64
1296.0;200;200;142;147;146;138;52;47;46;37;67;56;53;69
1302.0;198;198;139;148;148;138;51;47;45;39;71;55;54;69
1308.0;195;197;137;150;149;138;51;47;40;40;76;54;60;66
1314.0;196;197;137;148;148;141;51;48;42;38;75;52;64;63
1320.0;195;198;137;143;146;142;52;50;41;38;74;54;67;63
1326.0;197;195;135;144;145;140;52;50;45;41;71;55;67;63
1332.0;195;196;135;144;146;141;53;51;46;41;71;55;63;63
1338.0;192;194;131;148;150;141;55;53;44;43;68;56;63;62
1344.0;190;194;134;144;153;139;54;52;46;48;68;56;62;60
1350.0;192;190;133;143;150;137;60;52;45;47;68;56;65;62
1356.0;194;190;128;143;148;134;63;54;44;47;67;59;67;62
1362.0;194;190;129;141;149;132;65;57;43;47;67;59;65;62
1368.0;196;185;129;143;144;133;64;56;47;50;65;59;65;64
1374.0;197;186;127;141;141;135;64;55;49;51;66;61;64;63
1380.0;198;189;124;140;140;133;61;59;55;52;65;57;65;62
1386.0;199;187;125;141;141;134;62;59;56;54;63;59;60;60
1392.0;197;187;124;142;141;133;62;59;55;55;59;60;64;62
1398.0;198;186;126;143;141;133;62;60;54;54;57;60;63;63
1404.0;200;185;125;144;141;133;61;58;56;56;58;59;65;59
1410.0;203;185;126;146;142;134;61;53;54;55;60;58;64;59
1416.0;206;187;128;148;140;137;62;52;59;50;57;57;65;52
1422.0;207;192;129;152;138;134;59;53;57;54;57;60;58;50
1428.0;208;192;126;152;137;136;56;55;54;55;57;60;58;54
1434.0;208;194;125;151;138;137;55;55;55;57;54;59;58;54
1440.0;205;197;124;154;136;135;56;56;56;52;56;61;56;56
1446.0;209;197;126;153;132;136;55;59;56;50;56;63;52;56
1452.0;208;196;129;156;134;137;52;55;57;49;57;60;54;56
1458.0;208;199;127;157;137;137;54;53;55;51;57;56;52;57
1464.0;210;197;126;160;139;135;54;51;60;48;56;54;52;58
1470.0;213;199;127;157;139;134;54;50;58;48;56;56;54;55
1476.0;211;200;124;154;140;136;57;48;60;50;54;55;56;55
1482.0;210;202;126;153;141;133;57;53;61;45;52;55;58;54
1488.0;212;201;130;150;143;134;53;55;60;45;49;55;55;58
1494.0;209;200;129;152;142;134;54;59;57;50;49;55;53;57
1500.0;204;198;128;150;146;134;58;60;54;51;45;60;52;60
1506.0;205;195;128;148;148;133;62;59;57;49;45;61;50;60
1512.0;207;195;127;147;148;133;62;55;57;49;49;60;49;62
1518.0;209;196;131;145;148;134;63;52;54;50;52;57;49;60
1524.0;209;196;130;147;148;132;62;55;56;48;52;56;48;61
1530.0;207;197;129;150;148;132;63;53;58;50;55;50;45;63
1536.0;205;195;130;150;149;132;63;54;57;53;52;53;47;60
1542.0;207;195;131;148;145;133;63;55;54;50;59;53;44;63
1548.0;211;193;132;151;147;135;56;54;56;54;60;51;42;58
1554.0;213;191;132;151;145;135;57;54;57;51;60;53;44;57
1560.0;218;190;135;147;146;135;55;55;58;50;57;52;47;55
1566.0;221;189;134;145;145;135;57;56;60;49;56;49;48;56
1572.0;217;189;133;144;145;140;57;55;60;48;56;52;47;57
1578.0;215;192;133;144;146;138;57;53;57;47;58;52;48;60
1584.0;214;194;137;142;146;135;59;51;54;48;60;53;47;60
1590.0;216;196;135;142;146;135;59;53;54;47;57;51;50;59
1596.0;213;196;128;143;147;137;58;56;53;48;59;56;49;57
1602.0;214;195;130;141;148;137;57;51;51;48;57;59;55;57
1608.0;212;196;129;142;145;141;58;48;53;51;57;60;54;54
1614.0;210;196;131;145;144;142;58;49;50;57;54;55;57;52
1620.0;212;198;133;147;146;144;56;45;52;56;53;52;55;51
1626.0;211;195;130;152;147;140;60;47;57;55;52;48;52;54
1632.0;209;197;132;148;148;142;60;47;55;52;51;49;55;55
1638.0;210;193;129;149;147;146;58;48;62;55;52;49;51;51
1644.0;208;192;128;144;150;148;59;53;65;52;54;47;49;51
1650.0;213;192;132;141;148;150;59;53;64;52;51;48;48;49
1656.0;207;194;130;141;149;152;59;51;63;56;48;47;51;52
1662.0;209;195;133;137;147;150;59;49;65;60;46;44;51;55
1668.0;208;197;132;135;143;149;54;53;65;62;49;47;52;54
1674.0;207;197;133;134;145;154;48;51;66;61;52;43;54;55
1680.0;206;196;131;131;146;152;48;47;69;64;52;45;54;59
1686.0;209;198;129;129;144;151;50;47;69;63;51;47;55;58
1692.0;210;200;130;129;145;154;50;46;66;60;52;45;55;58
1698.0;210;198;133;129;145;159;48;49;64;58;51;47;56;53
1704.0;209;202;131;131;143;156;50;45;63;56;55;47;57;55
1710.0;213;200;130;133;139;156;48;45;64;56;55;48;59;54
1716.0;212;203;133;132;138;161;49;47;65;55;46;49;54;56
1722.0;211;206;133;130;140;155;48;46;63;54;47;51;58;58
1728.0;213;204;133;132;140;157;48;43;63;55;50;50;55;57
1734.0;214;203;135;132;141;157;45;45;59;57;49;48;55;60
1740.0;212;204;134;134;140;156;44;48;61;54;53;47;55;58
1746.0;208;201;132;130;141;151;47;50;62;54;54;50;60;60
1752.0;210;205;131;133;141;152;49;47;60;53;55;50;59;55
1758.0;211;206;132;133;144;147;52;46;59;55;55;49;57;54
1764.0;211;209;130;132;141;147;49;45;58;56;56;51;58;57
1770.0;213;207;128;133;140;148;45;47;58;56;59;51;61;54
1776.0;216;208;123;132;137;147;49;48;56;57;62;49;63;53
1782.0;218;211;119;131;143;145;51;48;52;54;62;54;59;53
1788.0;220;213;117;131;142;145;51;45;54;57;58;56;59;52
1794.0;218;217;121;129;140;144;49;47;54;54;57;59;56;55
1800.0;217;218;122;131;141;143;47;49;53;55;57;58;56;53
1806.0;222;215;120;132;142;143;49;48;54;54;56;55;57;53
1812.0;222;216;117;133;142;140;53;51;55;54;51;57;57;52
1818.0;224;219;117;133;143;137;49;47;57;53;51;60;58;52
1824.0;228;219;119;135;142;131;48;48;54;53;52;62;56;53
1830.0;229;217;117;136;141;124;53;46;53;55;54;64;57;54
1836.0;230;216;116;141;139;126;52;41;54;56;55;62;58;54
1842.0;228;214;116;146;140;125;53;41;52;56;55;59;58;57
1848.0;229;213;114;145;137;131;52;41;51;57;55;57;58;60
1854.0;228;213;111;146;137;129;54;41;52;58;53;58;58;62
1860.0;227;215;115;149;137;134;49;37;52;59;53;54;58;61
1866.0;229;217;114;148;140;134;48;35;50;54;52;54;61;64
1872.0;230;218;113;149;141;135;45;35;51;54;52;55;62;60
1878.0;228;218;115;144;142;131;47;37;53;53;53;52;65;62
1884.0;227;223;116;144;141;132;47;35;55;47;53;56;65;59
1890.0;226;221;116;140;142;131;50;36;54;45;54;56;64;65
1896.0;230;221;117;138;145;132;52;38;51;44;50;57;65;60
1902.0;229;218;115;137;149;132;50;37;52;46;51;60;64;60
1908.0;232;217;115;137;147;131;51;40;51;45;51;62;62;59
1914.0;230;220;116;130;139;132;51;43;53;48;53;64;63;58
1920.0;232;223;114;131;141;131;53;43;54;44;57;62;61;54
1926.0;231;225;112;131;142;129;55;41;56;45;61;62;58;52
1932.0;231;227;113;129;143;131;52;42;57;49;53;61;60;52
1938.0;234;228;114;126;142;130;51;42;54;48;56;62;60;53
1944.0;237;230;116;127;137;131;51;41;51;49;56;63;59;52
1950.0;239;228;116;127;138;135;54;36;50;47;54;62;60;54
1956.0;242;230;114;126;138;136;53;36;51;46;55;62;58;53
1962.0;242;231;116;126;137;140;50;37;50;46;55;62;55;53
1968.0;241;232;120;124;139;141;50;36;51;47;55;59;50;55
1974.0;241;233;119;121;139;141;51;41;47;42;55;65;49;56
