#auto generated file!
12.0;101;129;113;114;102;122;111;123;109;123;112;126;108;107
18.0;104;136;116;113;103;125;108;117;111;120;114;122;106;105
24.0;110;134;120;109;107;124;110;122;111;118;115;122;100;98
30.0;113;138;122;107;109;124;108;122;109;113;115;121;99;100
36.0;116;142;122;105;113;129;110;124;103;109;111;113;101;102
42.0;116;142;125;104;113;128;111;127;107;107;106;110;103;101
48.0;119;147;124;107;117;131;104;125;103;107;103;109;101;103
54.0;121;150;130;108;116;134;97;123;100;105;103;107;101;105
60.0;127;153;130;110;119;131;95;118;107;103;96;103;102;106
66.0;127;161;133;114;122;132;89;118;107;96;93;106;101;101
72.0;130;162;138;114;129;135;89;111;108;92;91;105;98;98
78.0;128;162;137;117;128;133;94;112;107;91;89;104;102;96
84.0;134;164;143;116;123;134;94;108;106;89;92;103;102;92
90.0;139;165;146;117;126;138;91;109;104;84;90;99;101;91
96.0;142;168;147;121;128;136;88;106;99;83;90;100;102;90
102.0;144;168;148;124;132;137;84;107;98;82;90;95;104;87
108.0;144;171;153;128;135;138;83;107;93;81;86;95;101;85
114.0;149;173;154;131;135;140;82;101;93;79;87;94;99;83
120.0;150;173;156;130;135;139;81;98;92;82;87;94;100;83
126.0;149;175;158;132;135;144;81;95;96;77;84;90;96;88
132.0;153;175;160;132;136;145;82;96;94;76;80;87;94;90
138.0;158;178;155;129;135;149;80;93;95;81;78;87;91;91
144.0;160;179;159;129;136;149;82;89;96;80;75;87;89;90
150.0;160;187;160;129;136;152;80;88;95;78;78;84;85;88
156.0;158;190;161;133;135;153;78;91;93;75;78;85;86;84
162.0;161;189;159;130;138;152;79;94;95;75;73;84;87;84
168.0;161;190;161;132;138;151;81;91;94;77;78;83;84;79
174.0;165;189;158;136;138;150;78;89;92;74;78;82;87;84
180.0;169;193;163;137;138;147;78;86;90;74;79;83;82;81
186.0;166;196;159;139;141;147;77;88;88;73;75;83;86;82
192.0;170;194;162;141;140;147;77;86;89;75;75;84;86;74
198.0;172;194;163;141;140;149;82;81;79;75;74;85;84;81
204.0;178;196;160;142;141;148;86;85;80;72;67;83;80;82
210.0;184;194;162;145;144;149;85;81;83;69;64;79;81;80
216.0;188;195;160;141;145;150;85;81;77;75;68;79;77;79
222.0;190;198;161;144;143;149;84;81;79;76;71;73;76;75
228.0;191;199;168;144;140;150;82;79;78;77;74;71;71;76
234.0;195;202;169;148;140;150;83;77;77;73;69;70;73;74
240.0;198;204;170;145;139;150;81;77;74;72;68;75;72;75
246.0;199;204;173;146;140;149;79;73;74;76;69;75;76;67
252.0;195;204;172;147;142;150;77;76;76;74;70;76;76;65
258.0;196;203;171;146;145;153;79;76;76;72;68;75;76;64
264.0;198;205;171;147;150;155;80;72;74;72;65;74;74;63
270.0;201;207;169;145;152;155;79;69;75;71;69;76;71;61
276.0;201;205;167;145;156;157;77;74;73;72;70;75;68;60
282.0;198;207;169;146;155;157;80;71;73;69;74;74;68;59
288.0;199;211;166;144;155;157;79;71;70;69;76;76;67;60
294.0;196;209;166;147;159;158;82;68;70;66;73;77;69;60
300.0;195;212;167;145;159;161;81;67;69;66;74;75;67;62
306.0;193;213;169;143;157;159;81;65;70;70;78;75;68;59
312.0;197;216;168;145;157;158;79;61;69;69;79;76;69;57
318.0;201;215;166;144;159;163;76;64;66;65;79;73;69;60
324.0;200;217;164;146;160;164;72;61;65;65;79;75;68;64
330.0;198;220;168;146;161;161;71;68;59;64;78;72;65;69
336.0;204;222;170;143;167;159;72;68;63;57;77;71;65;62
342.0;207;221;172;144;171;158;68;66;61;58;73;74;66;61
348.0;210;222;176;144;166;156;68;64;59;62;78;74;63;58
354.0;213;223;174;145;165;153;70;70;58;59;73;75;63;59
360.0;213;222;172;145;169;152;71;67;62;60;71;74;61;61
366.0;216;223;174;143;167;150;72;72;58;61;75;71;59;59
372.0;216;224;172;146;167;150;73;72;57;62;75;70;60;56
378.0;214;222;176;146;167;151;71;71;56;63;78;69;61;55
384.0;217;223;177;142;170;155;77;67;56;63;70;69;62;52
390.0;215;223;177;141;172;156;76;65;60;58;73;68;63;53
396.0;216;222;177;141;173;154;73;61;61;60;74;73;66;49
402.0;213;222;177;140;176;157;75;64;62;60;71;69;65;49
408.0;215;221;178;143;179;158;72;62;55;62;72;69;66;48
414.0;216;222;183;138;180;159;74;64;52;65;69;66;62;50
420.0;218;221;184;139;176;161;71;67;50;64;67;66;62;54
426.0;218;222;183;143;174;159;73;67;49;63;67;64;66;52
432.0;219;222;182;144;175;156;76;64;52;66;70;59;65;50
438.0;220;219;183;144;174;156;72;65;53;66;67;58;70;53
444.0;220;219;182;144;174;158;74;61;51;67;67;58;70;55
450.0;221;221;182;143;174;155;73;64;47;69;67;59;69;56
456.0;221;219;183;143;173;155;70;63;47;66;70;57;69;64
462.0;222;220;183;143;173;157;68;62;47;63;68;57;70;67
468.0;224;219;185;144;168;153;72;65;48;61;65;57;70;69
474.0;223;223;185;144;164;152;69;64;52;60;69;53;73;69
480.0;224;221;180;143;162;154;68;68;52;58;71;56;73;70
486.0;224;220;173;141;165;153;70;72;53;56;75;57;72;69
492.0;225;225;171;141;162;152;65;73;55;60;70;61;70;70
498.0;225;225;173;144;163;154;66;75;53;61;67;62;63;69
504.0;227;228;170;148;161;158;65;73;53;58;63;63;60;73
510.0;226;228;170;149;160;158;65;72;53;55;68;64;61;71
516.0;226;229;168;150;162;162;69;66;52;49;72;62;60;73
522.0;233;227;169;153;163;162;65;65;54;46;69;65;51;78
528.0;234;229;170;155;157;165;64;68;49;51;68;61;55;74
534.0;232;229;170;156;153;170;63;69;47;49;66;65;57;74
540.0;236;227;168;153;154;168;66;68;52;50;65;64;56;73
546.0;235;229;165;154;153;168;62;69;51;52;70;60;57;75
552.0;232;228;166;162;151;165;67;66;49;50;73;59;59;73
558.0;232;230;166;163;156;164;72;63;49;44;70;60;59;72
564.0;232;228;165;163;158;167;68;60;54;46;74;60;58;67
570.0;233;230;165;163;159;162;66;58;59;47;77;58;56;67
576.0;234;228;165;163;164;156;68;57;59;49;78;56;55;68
582.0;234;227;163;164;163;153;73;59;57;48;80;55;57;67
588.0;232;229;161;161;162;156;72;62;60;48;78;54;57;68
594.0;237;230;157;160;165;156;72;58;58;45;79;58;57;68
600.0;242;232;161;159;163;155;74;56;57;48;73;55;59;66
606.0;241;227;161;159;164;156;73;58;59;48;70;52;62;70
612.0;243;226;166;161;157;155;71;55;58;54;69;53;62;70
618.0;243;230;166;162;154;156;71;52;57;54;68;53;63;71
624.0;242;234;164;162;158;157;67;54;56;52;68;52;60;74
630.0;244;235;163;164;154;155;68;52;56;54;72;51;58;74
636.0;249;233;161;166;151;155;71;48;54;54;72;51;61;74
642.0;250;239;157;162;150;157;66;51;54;54;71;54;64;71
648.0;250;240;155;165;147;159;67;56;53;54;68;55;61;70
654.0;248;242;158;163;152;156;62;55;56;53;72;55;58;70
660.0;247;243;157;162;156;155;61;54;58;58;68;56;59;66
666.0;242;242;155;162;160;154;62;49;59;60;70;56;62;67
672.0;242;245;154;159;161;154;61;52;60;58;71;57;61;65
678.0;240;246;153;156;164;154;65;54;62;54;71;56;62;63
684.0;239;248;150;155;164;153;63;54;62;54;71;56;65;66
690.0;242;246;148;156;163;154;63;53;61;55;70;55;64;70
696.0;241;246;148;156;162;158;64;50;61;56;70;55;63;70
702.0;240;249;150;155;162;157;61;49;60;58;71;54;67;67
708.0;243;249;146;157;160;156;58;48;61;64;70;58;68;62
714.0;243;246;145;154;160;154;58;50;62;64;71;62;68;63
720.0;241;248;144;155;159;155;60;52;60;64;70;59;71;62
726.0;242;248;148;157;161;156;59;52;57;63;65;57;70;65
732.0;244;243;152;151;164;153;65;53;56;63;65;58;66;67
738.0;245;244;147;154;164;151;65;47;52;73;62;63;67;66
744.0;245;241;148;154;163;153;63;49;54;72;59;63;72;64
750.0;247;240;150;155;168;150;63;48;56;68;52;65;73;65
756.0;246;238;154;155;169;148;63;52;54;67;56;62;70;66
762.0;247;239;153;153;171;148;61;57;50;69;55;60;70;67
768.0;246;233;152;153;168;149;64;55;52;71;58;64;69;66
774.0;246;237;152;154;171;147;59;55;52;74;55;63;68;67
780.0;246;238;151;157;169;149;56;54;55;74;53;64;72;62
786.0;250;240;149;160;165;151;56;53;57;71;51;66;70;61
792.0;249;241;154;158;164;148;59;52;57;73;51;62;71;61
798.0;248;241;155;155;170;148;56;54;58;73;51;63;73;55
804.0;248;242;157;152;170;146;59;53;60;71;50;64;72;56
810.0;248;242;157;145;172;149;59;48;62;73;49;67;74;55
816.0;248;241;155;146;172;151;62;47;64;70;51;67;74;52
822.0;248;242;155;147;170;148;68;45;62;69;51;69;73;53
828.0;250;245;153;147;167;151;64;44;65;70;50;63;74;57
834.0;251;245;155;147;167;151;63;43;61;70;50;65;73;59
840.0;254;245;159;146;166;150;63;43;59;69;50;65;72;59
846.0;253;244;158;141;164;151;65;40;62;68;55;64;78;57
852.0;252;247;159;143;164;144;65;44;63;68;53;66;75;57
858.0;253;243;159;144;162;149;68;43;68;68;50;65;71;57
864.0;252;244;163;141;158;149;70;45;67;69;46;64;74;58
870.0;249;243;166;140;162;151;67;47;70;67;45;63;74;56
876.0;247;237;167;142;163;154;70;45;71;65;49;63;72;55
882.0;248;236;168;147;164;155;70;43;67;61;49;63;71;58
888.0;248;238;170;149;162;153;69;44;70;54;47;67;69;60
894.0;246;237;171;148;160;155;69;42;67;59;45;70;68;63
900.0;245;239;169;151;165;153;71;47;68;54;44;69;65;60
906.0;248;239;167;154;162;155;70;48;74;52;46;64;60;61
912.0;249;243;170;153;158;153;69;49;78;52;42;63;59;62
918.0;249;241;170;153;160;151;72;51;76;53;40;63;62;59
924.0;248;240;174;153;160;154;73;55;78;51;40;58;60;56
930.0;247;238;170;154;161;154;75;53;77;52;46;57;62;54
936.0;244;238;166;158;158;152;74;60;76;53;47;58;66;50
942.0;244;240;163;156;160;152;68;61;80;55;46;58;64;53
948.0;244;242;166;158;157;151;68;58;77;55;49;59;64;52
954.0;247;244;167;156;157;151;64;57;77;56;48;58;64;54
960.0;249;244;168;151;158;150;63;58;78;56;46;56;65;58
966.0;249;243;165;156;156;147;60;59;81;58;47;58;64;57
972.0;249;244;165;156;156;144;64;60;75;61;48;54;62;62
978.0;248;247;165;157;162;142;63;58;71;59;51;52;61;64
984.0;246;247;162;160;167;139;61;59;71;57;51;56;62;62
990.0;243;249;161;159;165;138;59;61;69;61;51;58;64;62
996.0;244;252;161;156;165;133;56;68;70;59;51;58;68;59
1002.0;242;246;163;157;168;134;53;65;72;65;52;59;67;57
1008.0;243;246;163;153;167;135;54;64;71;65;57;55;67;60
1014.0;239;249;164;153;170;135;54;66;70;60;58;60;68;54
1020.0;238;249;166;153;170;136;55;65;67;58;62;57;70;54
1026.0;235;251;165;150;168;135;54;66;68;57;61;62;72;56
1032.0;242;247;162;151;166;134;54;68;62;60;64;63;69;58
1038.0;243;249;167;152;166;135;52;64;61;60;64;66;67;54
1044.0;246;250;164;150;166;134;56;64;61;61;65;66;62;55
1050.0;246;251;165;147;167;131;57;61;61;64;62;66;65;57
1056.0;247;255;161;149;169;132;57;60;58;67;62;63;66;54
1062.0;249;254;163;150;170;133;55;62;59;64;62;60;65;54
1068.0;251;254;166;149;166;133;53;61;56;62;65;60;67;57
1074.0;250;256;167;153;166;128;49;61;53;59;61;63;73;61
1080.0;248;260;165;152;165;126;46;63;56;59;58;67;72;63
1086.0;253;257;166;155;168;127;48;58;56;58;59;65;73;57
1092.0;254;257;163;158;169;126;45;61;55;62;60;60;76;54
1098.0;254;257;162;158;173;125;48;62;54;57;61;64;71;54
1104.0;254;257;159;157;174;125;47;64;53;59;61;63;73;54
1110.0;253;254;158;158;172;123;48;65;53;65;61;61;74;55
1116.0;250;251;159;156;173;121;53;65;55;64;61;64;75;53
1122.0;248;253;164;151;173;121;49;64;59;63;58;63;78;56
1128.0;245;255;164;150;171;122;45;65;59;64;61;62;80;57
1134.0;241;257;169;149;172;119;49;69;58;62;57;63;80;55
1140.0;242;255;167;149;178;118;50;65;58;64;55;61;80;58
1146.0;243;252;170;151;181;120;52;64;57;58;56;60;80;56
1152.0;237;252;171;152;183;121;50;67;56;57;58;58;81;57
1158.0;236;252;173;151;182;123;49;63;58;60;59;58;81;55
1164.0;235;254;170;149;181;128;51;58;58;68;56;56;78;58
1170.0;236;257;168;147;179;127;48;62;59;67;55;64;77;54
1176.0;234;259;171;152;178;125;48;66;55;68;55;62;74;53
1182.0;237;260;172;153;174;123;46;65;55;72;57;59;73;54
1188.0;238;259;170;154;171;120;48;65;60;76;56;59;70;54
1194.0;234;255;170;156;172;122;48;67;60;75;59;59;70;53
1200.0;236;260;171;157;170;122;48;65;61;74;59;57;68;52
1206.0;236;252;177;157;168;124;48;67;62;72;57;59;69;52
1212.0;236;251;179;158;166;125;52;68;59;69;55;56;70;56
1218.0;235;247;182;162;167;124;51;74;59;68;51;56;67;57
1224.0;236;248;177;163;172;127;50;75;57;69;53;59;61;53
1230.0;238;255;176;165;173;128;54;73;51;62;51;58;62;54
1236.0;238;256;177;165;173;133;52;71;50;62;50;58;58;57
1242.0;239;255;175;164;175;135;53;72;53;58;52;54;57;58
1248.0;236;253;177;165;174;134;53;71;53;57;55;57;61;54
1254.0;237;255;173;165;170;132;54;72;52;58;56;61;63;52
1260.0;237;254;174;166;172;131;57;72;48;55;56;59;62;57
1266.0;238;253;171;165;171;137;56;67;48;64;56;58;61;55
1272.0;240;251;172;162;166;141;57;66;50;64;58;54;61;58
1278.0;242;250;169;164;166;139;54;67;55;64;58;56;58;58
1284.0;241;249;167;164;163;145;55;64;56;65;60;57;54;60
1290.0;241;249;168;166;165;147;53;60;54;68;57;54;55;63
1296.0;238;246;170;166;163;147;52;58;58;68;64;52;55;63
1302.0;241;247;170;168;162;148;53;55;58;70;62;49;53;64
1308.0;245;248;171;167;162;146;54;55;56;70;55;47;56;68
1314.0;245;247;171;167;165;145;54;52;58;68;55;48;56;69
1320.0;244;248;169;166;166;146;56;53;61;71;56;45;54;65
1326.0;244;249;171;167;164;147;57;50;63;72;54;46;53;63
1332.0;242;250;170;168;168;146;57;49;61;71;57;44;53;64
1338.0;246;248;168;168;172;144;56;47;58;73;58;45;56;61
1344.0;247;247;164;167;172;144;54;49;56;69;65;50;58;58
1350.0;249;250;165;168;168;145;52;47;64;67;62;45;61;57
1356.0;242;249;165;172;161;147;54;48;63;71;59;47;61;61
1362.0;244;248;166;171;163;145;53;46;58;70;58;46;66;66
1368.0;242;248;165;176;165;144;50;49;56;73;56;45;66;65
1374.0;241;247;162;177;163;146;48;54;58;71;56;43;69;65
1380.0;245;249;163;179;159;145;48;55;55;65;57;46;67;67
1386.0;245;248;164;177;159;144;49;56;57;66;57;45;68;65
1392.0;243;249;164;177;156;146;47;58;54;66;58;49;71;62
1398.0;242;248;160;180;159;144;50;61;54;62;55;52;70;63
1404.0;239;246;154;186;159;144;52;60;56;65;54;54;69;62
1410.0;239;248;149;189;160;146;51;60;52;66;54;53;73;60
1416.0;242;251;145;190;163;144;52;59;49;65;56;52;71;61
1422.0;243;254;144;189;165;145;52;57;46;64;61;54;68;58
1428.0;243;250;145;188;165;146;50;56;53;62;62;51;69;60
1434.0;244;251;147;184;164;148;50;59;52;61;59;49;69;63
1440.0;241;252;149;188;163;149;51;57;53;61;65;47;64;60
1446.0;242;250;151;189;168;147;49;55;57;62;62;45;63;60
1452.0;238;249;152;185;166;148;53;54;56;64;60;49;64;62
1458.0;238;245;153;187;164;145;54;55;53;63;61;54;63;65
1464.0;237;243;151;187;163;145;57;60;54;63;62;52;60;66
1470.0;236;244;151;185;159;144;59;62;55;62;65;53;59;66
1476.0;238;245;153;182;162;142;60;65;54;58;60;55;60;66
1482.0;237;246;153;184;164;138;58;64;53;62;62;54;58;67
1488.0;237;246;155;182;160;139;60;66;53;59;61;57;60;65
1494.0;239;245;153;183;159;139;59;66;54;60;61;59;61;62
1500.0;242;242;153;181;162;144;55;65;52;61;60;59;62;62
1506.0;244;243;152;183;156;147;54;63;54;57;59;62;60;66
1512.0;246;243;151;184;153;144;52;66;53;56;59;65;61;67
1518.0;247;241;150;184;155;147;54;66;49;52;61;65;63;66
1524.0;248;240;149;186;153;148;56;62;55;47;63;66;62;65
1530.0;245;244;155;187;156;151;54;61;54;44;61;65;60;63
1536.0;245;241;157;187;156;149;54;61;56;45;61;64;59;65
1542.0;242;241;154;186;158;151;54;63;57;44;65;63;57;65
1548.0;240;244;153;186;155;152;53;64;55;46;68;64;56;64
1554.0;239;244;156;191;153;148;52;65;56;47;65;66;56;62
1560.0;237;245;151;186;154;152;52;68;58;48;62;63;59;65
1566.0;239;246;151;184;154;152;52;66;60;49;59;60;62;66
1572.0;239;245;148;179;155;153;52;65;58;52;60;63;62;69
1578.0;239;248;151;178;150;153;59;65;56;50;56;66;60;69
1584.0;247;245;153;175;145;151;54;69;59;51;56;71;58;66
1590.0;249;245;151;173;147;152;53;70;60;51;54;71;58;66
1596.0;247;247;151;171;143;149;56;73;60;53;58;75;52;65
1602.0;246;243;155;174;141;148;56;72;59;58;54;76;53;65
1608.0;243;245;157;169;142;147;55;70;60;62;57;76;55;62
1614.0;244;247;158;170;142;149;53;64;59;62;56;77;55;64
1620.0;247;246;153;170;146;152;51;59;58;66;56;81;52;63
1626.0;250;248;153;170;143;151;54;62;59;66;53;81;49;61
1632.0;254;252;152;170;143;152;51;62;61;61;57;80;48;57
1638.0;252;255;149;170;143;152;48;64;58;61;56;88;47;57
1644.0;251;257;148;170;143;150;46;65;58;61;60;89;45;57
1650.0;253;259;144;169;141;151;46;61;60;60;62;89;49;56
1656.0;255;257;145;173;141;154;48;58;62;56;60;90;46;55
1662.0;256;261;144;174;142;155;50;57;59;59;55;86;47;55
1668.0;256;264;153;169;142;154;46;57;60;57;57;83;48;54
1674.0;257;268;152;171;136;153;47;56;57;59;61;79;47;57
1680.0;259;268;155;168;138;151;49;55;55;64;59;76;46;57
1686.0;258;267;153;165;140;150;48;60;56;64;59;78;45;57
1692.0;259;268;154;164;137;149;46;59;54;65;64;79;47;55
1698.0;260;271;153;166;136;148;45;60;55;61;65;81;45;54
1704.0;257;269;153;171;134;149;42;60;56;60;64;78;50;57
1710.0;257;270;148;174;138;150;38;58;56;63;62;78;45;63
1716.0;255;272;147;173;136;149;41;59;56;67;65;76;46;58
1722.0;255;273;148;170;137;153;41;63;55;67;61;73;47;57
1728.0;251;276;146;169;137;156;43;62;57;70;60;69;46;58
1734.0;252;270;146;171;142;154;41;64;60;69;60;65;46;60
1740.0;253;268;142;166;141;152;44;68;64;75;56;63;45;63
1746.0;252;271;143;164;144;152;43;67;64;72;56;65;47;60
1752.0;251;274;144;161;143;150;44;70;62;70;59;65;46;61
1758.0;249;270;144;158;142;147;43;71;65;71;60;69;49;62
1764.0;248;269;142;163;142;148;44;72;64;69;57;71;52;59
1770.0;249;269;145;161;143;146;45;69;61;69;58;71;55;59
1776.0;251;270;150;161;146;138;49;70;65;64;54;65;53;64
1782.0;252;274;151;157;144;139;49;69;68;63;54;63;54;63
1788.0;252;270;152;156;143;139;51;69;67;59;53;65;58;66
1794.0;248;271;151;155;144;140;53;73;65;56;58;62;57;67
1800.0;250;271;150;156;143;142;51;75;65;54;58;60;57;68
1806.0;250;269;150;154;147;139;52;77;65;51;62;58;55;71
1812.0;250;271;144;149;146;137;53;78;70;55;65;60;53;69
1818.0;251;281;144;151;144;136;49;75;68;55;64;61;52;69
1824.0;253;281;142;147;145;139;49;78;68;54;63;61;55;65
1830.0;252;282;145;146;145;138;49;81;67;52;64;62;57;60
1836.0;253;286;140;146;146;142;54;76;63;54;62;58;60;60
1842.0;257;285;139;147;149;140;53;76;63;51;62;58;59;61
1848.0;257;284;137;145;149;142;58;74;61;52;59;61;60;61
1854.0;260;283;135;143;149;141;61;79;57;49;56;62;63;62
1860.0;260;281;134;145;148;138;57;80;62;48;57;59;67;64
1866.0;263;274;132;148;149;138;58;80;60;46;61;57;69;65
1872.0;264;271;136;148;148;140;56;79;61;46;63;58;66;64
1878.0;268;271;136;148;147;140;52;80;62;46;57;59;69;65
1884.0;266;270;136;148;144;140;53;79;66;49;58;56;69;66
1890.0;264;272;137;151;141;141;50;76;70;46;61;56;68;67
1896.0;262;274;137;152;141;139;50;77;67;53;58;58;68;64
1902.0;266;272;142;155;139;138;51;79;65;54;55;55;63;66
1908.0;270;273;139;156;138;137;51;78;59;53;59;53;64;70
1914.0;268;273;141;150;138;140;50;72;59;55;65;53;68;68
1920.0;272;272;141;147;139;139;46;70;57;63;60;54;68;72
1926.0;272;269;142;151;140;138;48;71;55;61;63;56;66;68
1932.0;273;266;139;150;138;142;49;68;60;61;65;55;67;67
1938.0;273;265;140;153;137;142;51;67;60;58;67;56;70;61
1944.0;273;268;139;150;141;144;50;66;60;63;66;54;66;60
1950.0;275;270;138;151;140;148;49;66;54;62;67;52;63;65
1956.0;276;271;142;153;137;150;45;60;56;61;68;51;65;65
1962.0;270;274;136;150;139;152;49;58;55;62;69;53;67;66
1968.0;265;274;138;151;138;155;50;58;59;58;67;54;67;66
1974.0;268;281;135;152;137;150;47;58;59;55;67;57;66;68
