#auto generated file!
12.0;41;45;40;47;42;51;47;46;35;44;42;33;46;41
18.0;41;49;39;48;42;51;46;46;36;47;37;33;43;42
24.0;41;50;40;50;42;52;46;44;37;42;37;35;44;40
30.0;43;52;39;49;43;54;44;45;38;41;36;33;43;40
36.0;45;51;41;50;44;58;41;44;34;41;36;32;43;40
42.0;46;54;39;50;45;57;44;42;35;41;34;32;42;39
48.0;47;54;43;50;44;59;42;41;36;39;33;33;40;39
54.0;48;52;43;49;44;59;43;42;36;39;35;33;39;38
60.0;48;53;43;49;44;61;43;43;37;37;35;34;37;36
66.0;46;53;44;50;46;63;41;42;37;36;36;34;35;37
72.0;47;55;43;50;45;65;43;39;35;39;38;32;35;34
78.0;51;54;40;51;44;66;44;37;35;36;39;34;33;36
84.0;51;53;42;51;44;64;44;37;36;36;36;35;35;36
90.0;54;53;42;50;46;64;46;33;38;36;35;34;32;37
96.0;55;56;43;50;48;59;44;33;37;38;34;37;29;37
102.0;55;56;46;54;50;60;42;36;35;37;31;33;29;36
108.0;54;59;50;55;49;58;39;38;33;37;29;28;33;38
114.0;54;58;52;58;48;56;40;37;32;34;32;29;32;38
120.0;56;58;52;60;46;57;40;34;30;36;31;29;31;40
126.0;56;57;53;59;45;58;39;35;31;36;31;30;31;39
132.0;56;59;53;60;46;61;36;35;31;34;29;29;31;40
138.0;60;60;51;58;46;62;36;34;32;32;28;29;32;40
144.0;59;61;49;58;46;62;36;33;34;34;27;32;32;37
150.0;60;62;47;58;46;61;38;31;34;34;28;33;30;38
156.0;61;63;46;57;48;61;39;31;33;34;25;33;31;38
162.0;61;63;45;59;49;61;39;32;32;36;24;29;32;38
168.0;64;64;44;61;52;63;41;32;30;33;23;27;31;35
174.0;66;65;43;63;52;67;39;28;29;31;24;28;32;33
180.0;64;68;42;63;55;65;38;27;31;32;22;29;31;33
186.0;64;68;41;61;56;65;37;28;34;34;24;29;28;31
192.0;64;68;42;60;57;66;39;28;31;36;23;29;27;30
198.0;66;69;44;61;60;66;37;27;27;36;24;30;23;30
204.0;65;68;42;59;60;65;39;27;26;38;24;31;25;31
210.0;68;67;43;59;59;65;39;25;22;41;26;30;26;30
216.0;66;68;43;59;59;67;39;23;23;41;26;31;29;26
222.0;67;69;44;58;60;65;39;23;24;39;28;30;27;27
228.0;66;72;43;61;60;65;37;22;22;40;29;28;29;26
234.0;69;76;43;59;59;64;37;22;23;39;27;31;27;24
240.0;69;77;44;60;60;64;36;22;22;37;27;31;25;26
246.0;70;78;42;58;61;62;34;23;23;35;30;35;24;25
252.0;70;78;42;58;61;62;33;24;24;35;29;36;24;24
258.0;71;79;45;57;60;63;31;24;25;37;26;35;24;23
264.0;71;79;44;56;62;63;31;26;23;37;28;36;24;20
270.0;74;76;45;56;63;63;31;27;23;38;28;34;23;19
276.0;74;74;46;57;63;63;29;25;25;36;29;34;25;20
282.0;74;75;47;54;63;62;28;26;26;33;30;35;26;21
288.0;74;76;45;51;63;63;31;27;29;32;30;32;26;21
294.0;76;75;45;51;65;60;31;27;30;29;30;33;26;22
300.0;79;74;43;52;62;64;30;28;26;28;27;35;29;23
306.0;80;75;43;51;68;66;27;29;25;26;27;32;28;23
312.0;82;75;43;51;66;67;28;29;23;26;25;33;28;24
318.0;82;74;45;51;65;68;28;28;23;26;25;32;28;25
324.0;81;76;46;52;64;68;26;27;27;26;26;30;27;24
330.0;81;75;46;49;65;67;27;26;26;31;28;32;22;25
336.0;82;76;46;50;66;64;25;26;26;34;29;30;22;24
342.0;84;76;46;52;64;65;26;26;26;32;30;26;24;23
348.0;83;75;44;53;62;65;26;28;27;32;28;29;25;23
354.0;87;77;41;55;61;66;25;26;28;30;27;30;24;23
360.0;88;76;40;57;60;67;26;24;27;29;28;31;23;24
366.0;87;77;41;57;60;68;23;24;26;31;27;31;24;24
372.0;88;73;40;58;61;67;25;22;29;32;28;30;23;24
378.0;89;75;40;58;59;66;24;23;28;32;28;31;26;21
384.0;90;77;41;58;60;66;25;22;27;32;28;29;25;20
390.0;90;77;41;60;60;66;26;21;27;32;29;28;23;20
396.0;88;76;43;61;61;64;26;21;26;30;32;30;21;21
402.0;90;77;45;57;62;64;24;21;26;31;32;32;18;21
408.0;89;78;48;58;63;63;24;21;25;30;33;31;19;18
414.0;88;79;48;57;63;61;27;22;24;27;33;35;18;18
420.0;86;79;48;59;60;63;25;27;24;26;32;34;19;18
426.0;88;81;49;57;59;65;25;28;20;25;32;33;20;18
432.0;88;78;50;60;57;62;26;25;24;23;33;35;21;18
438.0;90;80;50;59;55;64;28;23;24;24;30;33;22;18
444.0;89;82;51;60;54;63;29;23;24;23;30;33;20;19
450.0;90;83;51;61;52;63;28;24;24;23;29;30;21;21
456.0;90;84;51;61;53;64;26;22;23;21;30;31;21;23
462.0;94;80;52;61;52;66;23;23;25;22;30;28;20;24
468.0;96;81;52;59;50;64;23;21;24;23;34;27;19;27
474.0;96;80;51;60;48;66;24;21;25;24;36;26;17;26
480.0;94;83;52;58;49;64;23;21;26;25;37;28;18;22
486.0;93;83;54;57;51;64;22;21;27;24;38;25;19;22
492.0;93;84;52;59;53;64;21;22;26;24;37;24;20;21
498.0;93;84;50;58;53;63;21;19;27;28;37;26;20;21
504.0;93;84;50;58;54;65;21;21;26;26;38;25;19;20
510.0;93;84;49;58;55;65;22;19;27;27;39;24;19;19
516.0;92;87;49;58;56;64;23;18;26;26;38;21;25;17
522.0;94;88;48;58;54;62;25;18;24;28;36;23;24;18
528.0;94;90;46;57;55;62;25;19;26;28;34;21;24;19
534.0;91;91;44;59;55;63;24;20;24;28;34;22;24;21
540.0;90;92;44;60;55;63;23;20;26;28;34;21;25;19
546.0;90;93;46;61;54;62;25;21;26;26;32;21;25;18
552.0;89;93;46;62;54;63;24;20;26;26;35;21;23;18
558.0;89;90;48;61;54;66;23;21;27;23;36;21;22;19
564.0;88;90;48;60;54;67;21;18;26;23;37;23;25;20
570.0;88;89;50;62;55;67;20;18;25;22;38;20;28;18
576.0;89;91;50;61;54;67;18;18;24;20;38;20;31;19
582.0;87;92;51;64;53;68;17;21;23;20;34;21;29;20
588.0;88;90;51;63;53;68;17;23;25;20;33;20;29;20
594.0;88;91;51;63;52;68;18;23;26;19;34;21;28;18
600.0;89;90;50;65;53;65;19;23;26;18;34;21;29;18
606.0;90;91;50;67;53;62;20;23;26;20;33;21;26;18
612.0;92;90;50;68;53;64;19;24;25;19;32;20;24;20
618.0;91;91;50;66;54;63;17;23;24;22;32;21;25;21
624.0;91;88;51;65;55;63;18;23;22;24;31;22;24;23
630.0;91;88;52;66;55;64;19;22;24;20;31;22;24;22
636.0;91;87;56;65;55;65;18;22;24;17;32;20;25;23
642.0;92;85;55;64;52;65;20;24;22;20;33;20;24;24
648.0;96;88;54;63;52;64;18;26;21;21;28;21;23;25
654.0;94;88;52;62;51;63;20;28;18;25;26;22;24;27
660.0;96;87;53;61;50;64;21;28;20;24;28;20;23;25
666.0;97;88;53;62;53;62;19;28;21;24;26;20;23;24
672.0;97;87;55;61;54;60;22;25;19;24;24;22;25;25
678.0;98;85;55;60;58;57;21;26;20;25;24;21;25;25
684.0;97;85;53;59;55;58;20;28;20;29;23;21;27;25
690.0;99;85;52;60;53;59;19;28;21;28;22;25;26;23
696.0;99;87;53;57;53;58;18;27;21;30;21;25;28;23
702.0;99;87;53;56;52;61;19;27;22;28;21;20;31;24
708.0;97;91;54;59;53;58;18;27;22;29;21;20;30;21
714.0;99;92;54;61;54;56;20;25;21;30;21;19;30;18
720.0;99;90;54;61;54;57;23;27;20;30;21;15;30;19
726.0;95;92;54;61;53;59;24;28;19;29;21;14;31;20
732.0;96;92;53;62;54;58;25;27;20;28;22;15;27;21
738.0;96;92;54;61;52;60;22;26;17;28;24;18;29;21
744.0;95;91;54;62;53;58;21;27;16;28;25;18;31;21
750.0;93;90;56;62;56;57;18;29;14;28;28;18;31;20
756.0;92;87;53;61;62;61;19;31;14;29;28;17;28;18
762.0;92;86;56;61;60;62;19;32;15;27;27;17;28;18
768.0;89;86;55;61;59;64;21;34;15;28;27;16;29;16
774.0;88;85;53;62;63;63;23;32;16;26;29;16;27;17
780.0;87;83;54;60;64;60;21;35;16;27;28;18;27;20
786.0;86;84;56;59;66;59;19;33;20;25;28;17;27;21
792.0;86;83;59;58;67;59;17;32;21;27;25;20;25;21
798.0;88;81;58;59;67;59;19;28;21;27;23;21;26;23
804.0;89;81;58;58;69;57;19;27;19;30;23;21;27;22
810.0;87;83;57;59;69;57;21;28;17;27;22;22;30;21
816.0;87;84;55;59;68;55;25;28;16;27;23;22;31;20
822.0;88;82;56;59;67;54;24;32;16;26;21;21;34;20
828.0;88;83;55;59;66;56;26;32;16;25;22;21;32;19
834.0;88;83;56;58;63;57;28;29;16;27;21;23;32;19
840.0;88;83;56;56;65;61;26;27;15;27;21;24;31;20
846.0;88;83;57;53;63;58;27;26;17;26;23;25;34;20
852.0;87;83;58;53;62;59;27;29;17;24;24;24;35;18
858.0;88;83;58;54;65;59;25;31;17;23;21;23;35;18
864.0;87;84;58;57;65;59;24;30;20;21;21;22;33;19
870.0;88;85;57;58;62;61;23;31;22;21;21;21;31;19
876.0;87;85;56;56;62;60;30;31;25;19;19;20;30;20
882.0;90;84;55;58;63;59;29;31;27;19;19;17;30;19
888.0;89;86;56;59;63;57;28;31;26;18;20;17;30;20
894.0;87;87;58;57;69;58;27;32;25;17;19;17;27;20
900.0;87;87;57;57;71;58;26;31;27;17;19;18;27;18
906.0;85;86;58;54;69;59;24;33;27;20;21;17;29;18
912.0;85;87;59;54;70;56;23;31;30;20;20;16;31;18
918.0;88;88;56;55;69;56;25;28;29;22;18;17;30;19
924.0;88;86;55;57;67;58;24;25;29;23;21;17;31;19
930.0;90;85;58;55;69;58;23;24;30;23;21;18;28;18
936.0;91;84;57;55;70;59;21;24;32;24;21;18;24;20
942.0;90;84;55;56;70;58;20;23;32;25;23;21;24;19
948.0;90;84;57;56;71;58;21;23;30;24;21;22;27;16
954.0;89;82;55;56;73;55;20;24;31;26;25;22;25;17
960.0;89;81;55;55;74;55;20;25;29;26;24;21;27;19
966.0;89;80;55;55;70;55;21;26;29;25;22;25;27;21
972.0;90;78;57;55;73;56;24;27;29;23;21;24;23;20
978.0;92;78;57;54;73;56;24;27;30;22;22;24;21;20
984.0;93;77;54;55;76;55;24;24;30;22;23;24;23;20
990.0;93;77;55;55;75;55;22;23;31;23;22;24;21;24
996.0;91;79;54;55;77;52;23;24;30;22;23;27;20;23
1002.0;91;79;58;56;75;55;24;23;33;22;19;26;19;20
1008.0;92;78;57;55;75;56;26;23;32;22;19;25;21;19
1014.0;90;79;57;54;74;56;26;23;32;21;22;25;22;19
1020.0;91;77;58;52;75;56;26;23;30;23;22;27;21;19
1026.0;94;79;55;54;73;56;24;22;29;25;23;27;21;18
1032.0;94;79;55;54;71;55;26;23;30;24;21;28;23;17
1038.0;97;78;56;54;72;50;25;25;33;23;19;30;21;17
1044.0;98;79;55;55;70;51;24;26;32;25;19;27;21;18
1050.0;99;78;58;54;70;49;22;26;31;27;18;28;22;18
1056.0;100;79;59;54;68;50;20;26;30;26;16;29;23;20
1062.0;98;81;60;52;68;50;21;23;30;25;18;29;25;20
1068.0;97;80;60;52;70;49;20;23;32;24;18;32;25;18
1074.0;99;79;62;52;69;50;22;23;31;23;19;32;24;15
1080.0;103;76;67;54;68;48;22;22;30;21;18;32;23;16
1086.0;104;74;67;55;67;49;23;21;29;22;17;32;23;17
1092.0;103;77;67;55;67;50;20;21;28;24;17;31;23;17
1098.0;104;76;67;56;69;52;17;21;26;25;17;30;20;20
1104.0;101;74;67;58;69;51;19;23;25;22;18;28;20;25
1110.0;99;75;66;58;68;50;19;23;24;20;20;27;25;26
1116.0;100;77;66;56;66;50;22;22;26;17;19;26;25;28
1122.0;103;77;66;55;69;51;21;22;26;16;18;25;24;27
1128.0;104;76;67;56;66;52;21;24;25;14;20;24;24;27
1134.0;103;78;69;59;67;53;18;20;23;14;20;22;26;28
1140.0;104;80;68;60;65;54;18;18;24;14;21;21;26;27
1146.0;103;81;68;62;65;52;19;19;21;14;23;20;26;27
1152.0;103;80;67;63;66;53;20;20;20;13;23;20;26;26
1158.0;103;81;68;64;63;51;20;19;19;14;24;20;26;28
1164.0;103;84;67;65;63;50;18;20;20;13;23;20;28;26
1170.0;104;83;69;64;61;50;16;20;21;14;25;18;29;26
1176.0;106;82;69;64;60;50;18;22;20;13;24;17;29;26
1182.0;106;82;70;60;60;53;18;19;21;14;22;18;30;27
1188.0;106;81;70;59;59;52;18;20;21;16;21;20;30;27
1194.0;107;82;69;57;59;54;17;20;21;21;20;21;28;24
1200.0;107;82;69;57;61;53;17;19;22;21;20;20;28;24
1206.0;108;86;67;54;60;53;18;17;21;22;23;20;26;25
1212.0;109;86;70;54;61;54;17;16;21;21;21;21;26;23
1218.0;111;85;71;54;60;52;19;16;21;19;19;20;27;26
1224.0;109;86;69;53;61;53;19;16;21;20;18;20;29;26
1230.0;109;87;68;54;61;53;20;16;18;20;20;20;29;25
1236.0;108;86;67;55;61;53;20;18;17;22;20;18;27;28
1242.0;107;87;67;58;57;52;20;20;16;22;19;18;29;28
1248.0;110;88;66;58;57;53;19;19;16;22;20;19;27;26
1254.0;108;88;66;57;57;54;18;18;16;25;22;19;26;26
1260.0;109;88;67;60;55;55;18;21;16;25;17;17;28;24
1266.0;110;89;64;59;55;55;20;20;15;24;17;17;31;24
1272.0;111;86;64;61;56;57;18;21;16;23;15;18;30;24
1278.0;111;85;64;60;56;58;18;22;15;23;13;19;31;25
1284.0;109;83;65;61;56;60;17;21;19;24;12;19;29;25
1290.0;109;84;65;61;57;58;18;20;17;24;12;22;27;26
1296.0;108;83;64;61;57;59;15;21;17;25;14;24;26;26
1302.0;108;83;63;61;56;60;17;22;19;27;14;20;26;24
1308.0;107;84;65;60;55;59;18;22;19;27;14;19;27;24
1314.0;109;83;64;61;58;58;18;22;17;27;16;19;27;21
1320.0;112;82;65;62;57;57;18;20;20;27;15;19;25;21
1326.0;113;80;66;62;58;59;21;19;20;26;13;20;23;20
1332.0;115;78;64;64;58;59;19;18;21;24;14;20;23;23
1338.0;116;79;63;65;58;56;20;19;21;23;15;18;23;24
1344.0;116;80;65;67;57;53;18;20;21;23;17;17;24;22
1350.0;120;79;66;67;57;52;18;21;20;22;16;17;22;23
1356.0;118;82;67;68;56;53;15;23;18;20;15;19;24;22
1362.0;117;83;67;69;55;53;15;22;17;21;16;19;26;20
1368.0;118;83;66;68;57;52;15;20;16;21;19;19;26;20
1374.0;118;84;66;67;57;53;16;20;18;19;17;20;25;20
1380.0;118;83;67;66;56;52;17;20;19;20;16;22;23;21
1386.0;117;85;68;65;54;51;17;21;21;20;15;21;25;20
1392.0;118;84;69;65;53;50;18;21;21;18;16;21;26;20
1398.0;119;84;68;64;55;48;19;21;21;18;16;20;26;21
1404.0;119;84;69;63;56;49;18;21;22;21;16;19;25;18
1410.0;120;83;67;67;55;49;18;20;23;19;16;18;24;21
1416.0;117;82;65;65;56;52;20;19;22;21;18;20;24;19
1422.0;116;81;65;65;58;49;20;20;22;22;17;18;26;21
1428.0;115;82;60;67;57;50;19;20;20;21;20;18;31;20
1434.0;112;82;60;68;57;49;19;19;22;20;21;20;31;20
1440.0;111;83;60;69;57;50;17;19;18;25;20;20;29;22
1446.0;111;82;59;68;56;51;18;19;20;25;19;22;28;22
1452.0;109;84;60;67;55;50;18;18;19;24;19;25;29;23
1458.0;109;85;59;69;54;52;19;18;18;25;16;25;28;23
1464.0;109;86;55;71;54;53;19;18;20;25;16;22;28;24
1470.0;108;86;55;71;56;52;18;18;22;27;18;21;24;24
1476.0;109;87;49;71;57;53;17;21;23;27;18;21;23;24
1482.0;108;86;48;70;58;52;18;24;22;27;21;22;20;24
1488.0;109;85;48;69;61;54;20;25;23;25;21;19;19;22
1494.0;107;85;50;69;62;53;18;22;25;25;22;21;19;22
1500.0;107;85;47;71;63;55;18;21;24;25;21;21;18;24
1506.0;107;85;47;70;65;54;19;21;25;26;18;20;18;25
1512.0;107;84;47;68;64;55;19;23;24;27;19;20;19;24
1518.0;106;83;48;67;63;56;19;25;23;26;20;21;19;24
1524.0;107;82;48;66;63;58;19;25;20;26;20;21;20;25
1530.0;106;85;49;67;62;59;20;24;22;23;19;17;22;25
1536.0;104;85;50;65;62;59;20;25;24;21;21;18;21;25
1542.0;102;86;51;67;61;60;20;21;26;19;23;16;22;26
1548.0;105;86;52;64;59;60;19;21;29;18;24;17;22;24
1554.0;104;88;51;61;59;61;19;20;29;20;24;17;21;26
1560.0;102;88;50;62;58;57;21;20;29;20;24;17;24;28
1566.0;101;86;49;61;59;56;22;21;29;21;25;17;26;27
1572.0;100;87;49;61;58;57;19;21;28;20;26;20;27;27
1578.0;101;85;48;60;60;56;19;21;29;22;24;22;25;28
1584.0;101;84;48;61;59;60;15;20;29;22;22;25;24;30
1590.0;103;82;47;60;60;59;18;19;26;22;23;28;24;29
1596.0;104;81;48;61;59;61;17;19;25;20;24;27;22;32
1602.0;103;82;48;60;59;61;18;17;26;20;24;25;25;32
1608.0;105;83;49;60;59;64;17;17;25;19;22;26;24;30
1614.0;105;82;49;60;59;64;19;17;24;20;23;28;23;27
1620.0;105;82;49;59;57;65;21;18;25;18;23;29;22;27
1626.0;107;83;49;58;59;66;21;17;27;16;21;26;22;28
1632.0;107;83;50;57;57;68;21;17;29;16;21;25;21;28
1638.0;106;80;50;57;61;68;20;17;31;16;20;24;22;28
1644.0;103;80;52;57;61;67;18;17;29;21;23;22;21;29
1650.0;99;80;52;57;62;67;19;18;30;22;24;22;21;27
1656.0;98;80;54;57;61;67;18;19;30;23;24;21;19;29
1662.0;99;80;53;55;60;65;17;19;30;27;24;23;20;28
1668.0;101;78;52;54;60;66;18;19;31;28;25;24;19;25
1674.0;100;77;53;53;58;63;17;20;31;30;29;26;19;24
1680.0;102;78;54;53;57;63;17;20;30;29;30;25;18;24
1686.0;101;77;56;52;57;64;17;20;29;26;33;25;17;26
1692.0;103;77;56;51;55;60;16;21;28;26;33;26;19;29
1698.0;102;77;55;51;56;61;18;23;29;27;32;24;18;27
1704.0;103;78;54;51;56;62;18;22;28;28;31;25;18;26
1710.0;103;79;55;51;56;61;18;22;28;29;31;26;18;23
1716.0;102;79;56;53;53;59;20;23;27;29;30;24;19;26
1722.0;103;78;57;54;53;58;20;24;25;28;33;24;20;23
1728.0;101;76;58;58;53;59;21;24;28;24;34;23;21;20
1734.0;97;76;59;58;53;58;23;23;27;23;36;24;24;19
1740.0;98;78;61;59;56;57;20;24;22;23;34;26;23;19
1746.0;99;78;61;59;54;56;21;25;22;23;33;27;24;18
1752.0;100;77;60;60;54;57;21;28;22;23;31;29;21;17
1758.0;100;78;62;57;53;56;21;32;24;25;28;29;20;15
1764.0;101;80;61;57;54;57;23;32;25;24;25;27;19;15
1770.0;101;80;55;56;55;58;24;32;23;27;26;26;20;17
1776.0;100;79;55;56;53;57;25;31;23;28;28;26;19;20
1782.0;99;80;56;57;50;57;25;29;26;25;27;27;20;22
1788.0;98;80;57;58;49;57;27;26;26;24;28;29;18;23
1794.0;97;82;57;60;46;57;25;25;27;24;28;29;19;24
1800.0;100;83;57;63;46;56;26;22;26;23;28;26;20;24
1806.0;100;83;55;63;47;54;25;24;26;21;27;27;21;27
1812.0;98;84;56;62;47;53;24;25;26;22;25;27;21;30
1818.0;97;84;56;64;48;53;25;24;24;22;25;28;21;29
1824.0;98;86;56;65;48;52;25;24;25;21;24;27;20;29
1830.0;98;88;57;65;48;52;25;24;25;19;24;26;21;28
1836.0;95;89;57;65;50;53;25;25;24;19;26;26;20;26
1842.0;94;93;55;65;50;52;25;25;23;18;25;27;21;27
1848.0;96;93;53;66;51;51;24;24;23;17;25;28;22;27
1854.0;98;93;54;65;54;48;22;22;22;19;26;28;22;27
1860.0;97;93;53;67;55;49;22;20;21;20;27;28;22;26
1866.0;96;93;57;66;55;49;21;21;20;19;26;28;23;26
1872.0;98;92;57;64;55;51;21;19;21;22;25;27;21;27
1878.0;97;93;57;64;56;53;22;19;19;22;23;26;24;25
1884.0;98;91;54;65;56;54;23;19;22;21;23;26;26;22
1890.0;99;90;54;64;56;53;23;21;20;20;21;28;27;24
1896.0;99;91;54;65;57;52;22;20;18;20;21;30;27;24
1902.0;99;93;57;64;59;51;23;21;15;20;21;29;24;24
1908.0;98;92;61;65;57;50;25;20;14;21;21;29;25;22
1914.0;100;91;60;63;58;49;27;19;15;22;21;29;23;23
1920.0;100;93;60;62;58;49;28;15;18;23;20;29;22;23
1926.0;101;93;60;64;55;50;26;13;19;24;20;32;21;22
1932.0;102;94;59;63;57;51;25;12;17;25;19;31;21;24
1938.0;102;94;58;68;55;51;26;12;17;23;17;29;20;28
1944.0;100;95;55;68;57;50;26;12;17;24;17;30;21;28
1950.0;100;92;53;69;59;47;28;14;17;25;16;31;22;27
1956.0;100;93;52;69;62;49;26;14;17;24;16;32;22;24
1962.0;100;92;53;70;63;48;24;13;17;25;16;31;23;25
1968.0;101;94;52;70;59;50;23;14;18;26;16;30;20;27
1974.0;101;95;54;71;57;50;23;12;21;27;16;30;18;25
