#auto generated file!
12.0;163;131;128;159;135;132;144;159;136;149;151;135;143;135
18.0;163;136;132;163;141;133;138;159;139;149;152;128;135;132
24.0;165;137;137;166;143;135;135;152;135;146;160;126;136;127
30.0;168;137;137;172;144;142;131;146;137;147;152;126;134;127
36.0;173;136;139;174;140;146;134;139;135;147;151;129;133;124
42.0;177;139;141;176;144;149;130;134;132;154;149;130;127;118
48.0;177;143;148;177;145;151;134;127;130;155;149;128;125;111
54.0;179;149;152;179;140;153;137;127;129;146;142;130;125;112
60.0;183;151;151;175;146;160;131;128;128;144;138;132;124;109
66.0;185;155;156;177;145;161;130;127;125;144;140;129;119;107
72.0;185;156;155;183;150;162;127;122;125;141;136;125;122;111
78.0;185;162;158;186;153;165;127;121;125;138;137;121;115;107
84.0;185;163;168;188;151;165;126;121;128;135;130;118;114;108
90.0;189;169;170;186;147;169;119;120;131;130;124;118;120;108
96.0;197;172;174;181;147;171;119;118;128;131;124;116;117;105
102.0;206;173;175;181;148;175;113;116;125;124;119;117;121;107
108.0;208;175;174;181;147;172;112;118;125;127;119;119;116;107
114.0;209;177;178;185;144;176;110;118;120;127;119;118;113;106
120.0;209;182;181;184;144;180;112;115;124;124;112;114;110;109
126.0;209;184;181;182;144;186;107;115;125;122;117;110;109;109
132.0;206;184;187;182;142;189;100;119;122;126;116;111;106;110
138.0;203;191;190;185;152;190;105;113;116;123;113;103;104;112
144.0;204;193;191;185;156;194;99;112;116;120;112;104;107;107
150.0;207;194;189;187;153;197;99;113;119;122;110;102;104;104
156.0;211;200;189;189;152;196;99;113;120;120;102;100;102;107
162.0;215;201;190;187;154;198;99;107;116;117;99;108;106;103
168.0;213;204;188;194;156;194;98;109;111;118;104;111;95;105
174.0;214;203;192;189;154;191;98;116;115;116;106;107;90;109
180.0;214;203;194;195;157;196;97;116;108;119;101;106;86;108
186.0;212;205;195;198;161;198;98;109;102;115;105;106;87;109
192.0;211;205;195;198;163;199;94;110;101;113;108;105;91;107
198.0;212;210;196;195;163;197;100;104;103;111;103;106;88;112
204.0;215;209;196;197;164;199;99;102;99;113;104;106;86;111
210.0;216;210;196;199;164;202;97;103;102;110;102;104;84;111
216.0;220;210;197;196;162;204;99;103;99;109;99;107;83;112
222.0;222;211;202;192;159;201;103;98;98;112;100;104;83;115
228.0;221;211;207;190;164;199;99;96;100;109;104;97;88;115
234.0;221;214;207;187;162;196;99;96;99;112;105;94;91;117
240.0;222;214;204;185;167;201;99;94;98;112;107;95;92;110
246.0;223;222;199;182;171;197;99;91;94;111;111;94;91;115
252.0;225;223;201;181;177;199;103;96;89;104;111;91;86;114
258.0;222;223;201;183;175;199;101;95;91;109;107;92;87;115
264.0;226;225;201;181;175;199;97;99;93;108;107;92;84;113
270.0;227;232;201;180;171;200;104;98;96;105;105;87;86;108
276.0;230;229;198;185;174;204;105;94;93;100;106;88;90;104
282.0;231;231;199;192;176;204;105;94;86;99;102;88;90;103
288.0;236;236;201;189;176;200;98;98;83;92;104;93;99;95
294.0;240;241;205;186;173;203;92;97;82;92;105;91;99;94
300.0;239;243;198;190;170;205;92;95;89;88;104;91;99;97
306.0;241;244;197;186;175;206;94;94;87;81;105;90;102;98
312.0;241;251;202;187;176;206;92;89;88;82;106;89;104;87
318.0;243;246;204;187;178;209;91;89;86;84;103;89;102;89
324.0;246;244;203;184;174;211;88;88;87;89;102;90;104;90
330.0;247;243;201;187;175;207;88;89;90;91;101;86;108;87
336.0;250;247;200;187;173;204;88;88;88;92;101;84;109;89
342.0;253;249;200;187;173;198;90;88;89;92;100;83;108;90
348.0;257;253;196;185;175;198;90;87;91;91;98;82;107;90
354.0;259;256;197;184;177;195;92;91;92;85;96;78;107;91
360.0;258;253;197;181;178;196;94;93;91;77;98;83;108;93
366.0;262;251;198;182;181;192;92;95;94;76;94;87;103;93
372.0;264;256;198;178;182;191;88;95;95;76;92;91;102;92
378.0;261;258;199;177;178;189;90;98;96;82;92;90;99;91
384.0;262;261;195;177;178;189;91;99;100;83;91;90;95;89
390.0;268;264;196;176;176;188;89;97;95;83;95;90;95;88
396.0;268;266;201;174;178;190;90;99;95;79;97;85;96;82
402.0;266;268;200;173;176;196;88;97;92;84;99;89;95;77
408.0;263;268;199;174;177;200;89;97;94;79;98;88;100;74
414.0;262;271;199;175;178;202;91;95;89;81;96;91;100;70
420.0;263;269;198;180;178;200;93;92;88;83;93;91;99;73
426.0;264;274;198;180;178;200;91;89;86;84;91;94;95;76
432.0;265;275;199;184;181;197;86;90;87;86;90;91;95;74
438.0;262;273;196;189;177;192;87;91;95;88;91;89;96;74
444.0;262;273;193;188;176;192;86;90;100;85;91;88;101;75
450.0;267;273;193;190;178;191;85;85;99;85;91;91;100;72
456.0;267;281;189;187;176;189;82;81;100;87;90;96;100;75
462.0;269;285;183;191;175;190;82;81;99;86;90;96;97;76
468.0;267;285;180;191;180;194;79;83;101;87;90;93;94;76
474.0;266;294;179;193;182;193;83;82;97;87;86;91;92;75
480.0;269;293;180;189;177;193;83;87;95;86;91;89;90;78
486.0;271;291;184;184;177;194;85;89;102;82;91;83;92;75
492.0;272;292;186;183;176;193;83;87;100;80;90;86;94;78
498.0;270;294;185;188;175;191;84;86;102;78;89;87;90;81
504.0;270;293;184;190;170;197;78;88;101;75;89;91;91;83
510.0;270;299;179;192;167;200;81;86;102;75;89;88;90;82
516.0;269;297;176;193;168;201;83;91;98;79;90;84;89;82
522.0;274;298;176;198;167;199;77;90;94;85;86;85;89;82
528.0;273;295;176;202;169;200;78;89;89;82;87;88;89;83
534.0;274;295;173;203;171;196;79;83;83;90;87;92;90;84
540.0;272;295;173;210;171;198;79;83;85;87;83;89;92;83
546.0;277;297;166;213;174;196;82;82;82;84;80;90;98;79
552.0;277;294;166;213;174;197;82;82;74;87;79;93;100;82
558.0;279;296;163;211;178;197;82;82;77;86;79;87;99;84
564.0;278;295;167;209;177;193;83;81;78;84;80;91;98;86
570.0;275;301;168;214;178;195;76;80;80;82;77;94;98;82
576.0;279;300;169;214;171;194;82;76;77;81;81;97;97;82
582.0;278;300;170;215;171;194;77;81;75;78;82;97;98;84
588.0;274;304;171;216;171;189;80;78;76;77;85;100;93;86
594.0;273;303;174;218;171;187;84;77;73;79;83;101;91;86
600.0;275;300;175;218;172;189;84;76;74;77;85;99;92;84
606.0;273;304;174;216;174;193;79;81;73;78;84;98;91;82
612.0;276;295;172;218;178;192;82;78;70;82;83;100;92;82
618.0;277;297;172;215;180;195;81;76;69;85;83;100;88;82
624.0;277;298;177;219;177;196;75;75;65;87;84;99;91;80
630.0;279;302;178;217;177;194;72;77;65;90;80;97;92;80
636.0;283;301;181;214;178;196;68;76;62;93;81;95;92;80
642.0;282;303;188;212;174;199;64;76;64;91;83;95;94;75
648.0;285;302;179;212;175;202;63;77;63;89;85;96;96;76
654.0;286;303;178;216;169;201;67;77;66;87;85;97;94;74
660.0;285;305;181;214;171;204;64;80;66;87;86;90;93;74
666.0;285;304;181;215;172;204;61;80;69;87;80;98;91;73
672.0;282;303;180;213;173;203;61;79;73;86;84;97;91;75
678.0;279;306;185;210;170;206;60;80;73;85;84;99;87;76
684.0;277;307;179;210;168;203;66;82;74;86;84;101;88;75
690.0;277;302;183;216;169;203;66;83;79;80;81;100;84;77
696.0;279;301;185;216;171;204;67;82;80;78;78;98;87;74
702.0;282;300;180;212;175;206;69;86;78;77;82;95;85;73
708.0;285;304;171;217;172;205;67;82;77;79;87;94;87;73
714.0;296;305;168;217;170;204;65;79;76;78;93;87;89;73
720.0;293;308;168;218;167;201;66;76;80;75;100;93;85;70
726.0;294;312;168;215;164;197;72;73;82;74;105;89;83;72
732.0;289;314;168;213;169;199;72;72;83;75;105;87;81;73
738.0;286;315;170;211;175;197;72;70;80;81;101;87;84;71
744.0;289;308;168;207;180;201;73;73;84;79;98;87;87;66
750.0;286;310;170;203;180;201;74;74;86;76;99;91;84;66
756.0;285;310;171;203;179;197;71;76;86;82;98;90;86;66
762.0;288;307;170;201;180;196;69;75;87;86;102;90;84;65
768.0;289;306;167;201;184;192;72;75;85;86;102;84;82;75
774.0;290;305;167;200;183;191;69;73;84;85;106;85;80;82
780.0;289;308;174;197;179;190;68;70;89;81;109;80;81;85
786.0;292;307;170;200;177;188;69;72;88;84;109;80;75;89
792.0;288;307;171;201;179;191;68;70;89;85;111;77;77;86
798.0;283;308;173;202;178;192;65;73;86;84;111;80;76;89
804.0;285;304;171;200;183;195;62;76;85;83;106;79;80;91
810.0;290;307;170;196;183;193;60;76;84;80;107;80;80;94
816.0;292;305;167;192;185;196;58;72;84;82;108;81;83;95
822.0;292;308;169;189;184;196;61;71;84;79;112;82;83;90
828.0;297;306;168;192;181;192;64;69;79;77;111;90;82;92
834.0;294;307;166;196;180;191;66;74;79;80;107;94;80;86
840.0;294;307;167;198;179;193;70;75;77;78;105;93;75;89
846.0;299;310;167;198;177;191;68;79;72;77;108;92;74;88
852.0;303;308;169;195;178;194;68;78;72;78;106;87;78;86
858.0;306;306;173;199;180;195;70;77;69;80;103;86;77;79
864.0;306;307;168;197;177;195;74;76;66;83;103;84;78;86
870.0;306;308;173;203;174;190;74;69;67;82;98;87;82;87
876.0;303;308;171;206;179;185;70;66;67;84;100;91;82;88
882.0;305;310;169;206;178;183;77;67;69;80;101;89;79;87
888.0;308;306;169;206;181;182;81;66;66;83;99;84;81;88
894.0;306;308;171;203;186;178;84;66;71;82;97;80;78;90
900.0;308;306;169;200;190;177;84;69;70;85;97;79;78;88
906.0;307;307;171;199;191;175;84;67;73;88;96;80;80;82
912.0;308;303;173;201;191;178;85;64;72;89;95;79;81;81
918.0;308;307;175;197;188;182;83;67;73;87;94;75;81;83
924.0;309;315;170;196;188;183;78;68;71;90;98;71;83;80
930.0;309;313;175;196;193;181;78;69;70;90;94;69;82;81
936.0;307;313;181;194;192;181;82;73;73;88;91;70;76;79
942.0;314;310;179;194;194;178;82;72;70;88;90;70;76;83
948.0;314;309;176;197;194;179;79;75;68;86;92;68;77;86
954.0;316;305;175;197;193;180;75;74;74;86;96;68;76;85
960.0;313;305;177;194;194;181;78;79;73;87;94;70;74;81
966.0;309;305;178;192;192;181;77;81;79;87;96;68;78;77
972.0;310;303;178;188;193;179;79;80;79;89;96;70;78;78
978.0;311;304;180;183;198;170;85;80;78;90;92;71;81;77
984.0;311;304;176;184;196;173;89;81;74;86;91;72;82;81
990.0;314;301;175;183;197;173;90;82;78;79;90;71;82;85
996.0;321;306;174;185;197;171;88;82;73;73;88;73;85;84
1002.0;323;306;168;184;200;176;84;86;75;73;86;73;84;82
1008.0;326;304;167;190;199;176;81;87;68;75;87;74;83;83
1014.0;325;305;169;187;196;179;80;87;65;74;90;72;88;83
1020.0;325;304;167;188;201;179;78;91;67;74;94;71;83;78
1026.0;327;302;164;191;202;181;74;92;67;76;95;68;81;80
1032.0;330;301;165;190;198;183;72;91;73;75;91;70;82;79
1038.0;326;301;169;190;197;182;74;93;72;73;88;70;82;83
1044.0;328;304;171;188;198;180;77;94;69;69;89;68;82;83
1050.0;326;304;172;191;204;182;77;93;67;65;89;66;80;84
1056.0;325;304;167;195;206;183;74;94;74;62;91;65;79;81
1062.0;323;304;170;192;206;181;74;95;78;60;90;62;85;80
1068.0;323;305;174;190;210;182;73;93;79;58;86;64;85;78
1074.0;320;304;178;185;211;185;69;90;78;64;88;65;85;78
1080.0;315;307;173;188;210;191;71;88;79;64;91;66;80;77
1086.0;319;307;178;188;209;190;72;90;73;66;88;65;79;76
1092.0;320;309;180;191;213;191;71;86;71;65;86;63;76;78
1098.0;320;311;173;186;210;195;70;86;76;64;87;65;79;78
1104.0;319;306;172;187;213;194;71;88;75;66;87;64;81;77
1110.0;315;309;170;188;208;194;72;92;78;69;85;63;81;76
1116.0;316;311;174;184;208;198;71;87;77;69;80;65;84;76
1122.0;319;306;173;188;208;198;79;83;77;69;81;65;78;76
1128.0;321;304;175;186;209;203;76;83;72;69;83;67;78;74
1134.0;324;302;172;184;214;205;77;82;70;69;85;68;73;75
1140.0;323;303;175;182;213;205;77;77;69;74;82;69;76;75
1146.0;322;303;171;181;212;210;76;81;69;72;84;73;74;72
1152.0;324;303;171;181;208;213;72;80;70;76;87;69;72;74
1158.0;328;303;173;179;209;213;70;77;68;70;89;72;75;74
1164.0;324;301;172;179;209;215;68;76;68;75;93;74;74;72
1170.0;324;304;170;174;209;214;66;74;70;74;96;78;71;76
1176.0;325;310;164;172;209;214;67;75;70;74;96;78;72;74
1182.0;328;307;164;176;208;215;69;79;70;73;92;81;65;73
1188.0;328;307;168;176;205;214;68;84;68;73;93;82;64;70
1194.0;327;304;174;173;206;214;67;83;68;72;93;84;64;71
1200.0;327;304;172;179;201;216;68;87;67;78;89;82;61;69
1206.0;335;305;173;179;192;216;67;90;67;80;87;82;61;66
1212.0;333;308;177;179;188;211;66;88;68;84;87;83;65;63
1218.0;333;311;175;177;184;209;68;88;66;85;86;85;68;65
1224.0;336;312;175;175;181;206;68;92;66;88;85;83;68;65
1230.0;330;314;170;176;180;203;72;91;68;88;86;82;70;70
1236.0;329;315;172;181;178;202;65;92;72;87;85;80;73;69
1242.0;327;316;172;180;174;204;67;95;72;85;86;80;74;68
1248.0;327;317;172;173;176;208;71;92;71;82;87;78;77;69
1254.0;326;318;172;172;178;208;68;95;70;80;84;76;78;75
1260.0;328;318;171;169;181;211;72;93;63;77;84;76;78;79
1266.0;326;320;173;172;185;204;69;90;64;76;90;74;81;76
1272.0;322;321;175;174;189;205;70;88;63;74;93;72;81;73
1278.0;324;318;175;177;189;204;70;84;62;76;93;78;76;74
1284.0;324;318;175;186;189;199;74;86;63;75;87;83;72;69
1290.0;323;318;172;188;190;198;78;84;64;76;82;81;76;70
1296.0;319;317;172;189;195;199;82;82;66;73;77;82;74;73
1302.0;315;313;172;189;198;198;78;80;67;73;80;82;79;76
1308.0;312;311;174;193;199;197;79;78;66;79;75;84;77;76
1314.0;310;313;177;196;199;194;83;80;61;79;70;83;79;76
1320.0;312;310;173;196;196;194;82;78;63;82;72;86;82;74
1326.0;311;308;175;196;197;191;84;77;61;85;67;91;82;75
1332.0;314;302;178;194;202;187;83;78;58;85;64;94;83;78
1338.0;314;303;182;193;201;181;85;81;57;84;68;90;81;80
1344.0;307;306;182;195;199;182;85;83;59;83;68;89;83;79
1350.0;305;307;177;193;194;182;86;88;59;83;72;90;82;82
1356.0;307;306;177;192;194;186;89;88;55;78;72;91;84;81
1362.0;308;306;177;194;192;189;87;90;58;75;71;94;79;80
1368.0;313;303;180;191;190;194;87;91;58;74;72;93;79;75
1374.0;315;305;179;187;189;196;81;90;58;75;75;92;80;78
1380.0;314;300;180;183;191;194;80;89;63;79;73;95;80;79
1386.0;313;305;183;179;188;193;77;87;62;80;77;97;80;79
1392.0;315;306;182;183;190;192;79;81;60;84;75;95;82;76
1398.0;318;304;181;187;190;190;82;81;62;79;77;98;80;71
1404.0;321;305;178;183;189;187;85;81;62;80;79;100;83;67
1410.0;319;308;176;181;186;184;81;83;65;83;85;98;83;68
1416.0;322;308;175;184;186;182;82;80;67;83;83;99;84;65
1422.0;320;305;180;191;187;179;83;79;67;77;84;100;83;65
1428.0;317;304;181;194;184;179;86;81;70;72;85;95;85;67
1434.0;317;304;182;192;189;179;82;79;72;72;84;93;86;69
1440.0;318;301;182;192;189;177;82;77;72;77;85;90;87;71
1446.0;320;303;182;194;191;175;79;75;78;79;82;89;84;69
1452.0;320;307;180;196;189;173;83;75;78;82;80;89;82;66
1458.0;315;302;183;196;192;168;83;75;79;87;81;86;85;68
1464.0;313;302;190;195;195;171;78;72;79;82;82;87;85;69
1470.0;313;300;191;194;194;174;83;73;75;84;79;85;84;71
1476.0;313;302;193;199;192;172;82;69;78;82;79;84;87;68
1482.0;317;306;189;200;189;171;85;71;79;77;78;81;90;67
1488.0;317;306;182;197;193;168;88;72;84;77;75;81;95;65
1494.0;314;303;183;200;192;173;86;67;87;77;77;82;92;67
1500.0;313;300;185;201;191;173;88;66;86;76;76;84;93;68
1506.0;315;298;181;204;194;171;88;67;87;77;80;86;86;66
1512.0;315;301;181;206;191;172;82;67;85;77;82;89;90;62
1518.0;314;298;180;207;197;169;85;66;91;77;82;84;89;61
1524.0;312;302;178;208;197;169;83;69;88;81;82;82;87;62
1530.0;312;302;174;204;197;169;82;72;86;84;84;83;89;62
1536.0;314;303;175;204;199;167;81;72;86;81;89;83;84;62
1542.0;311;307;178;204;198;168;83;68;89;82;84;83;82;63
1548.0;312;306;180;200;195;168;77;67;89;86;83;87;84;66
1554.0;314;305;182;200;193;166;74;72;96;81;83;86;82;66
1560.0;319;306;182;202;186;167;75;75;98;83;76;85;82;64
1566.0;320;310;180;202;183;168;74;79;97;81;79;84;75;68
1572.0;319;309;179;200;183;171;78;78;93;79;77;84;78;72
1578.0;321;310;174;199;178;169;75;83;95;78;75;87;81;75
1584.0;320;311;173;198;181;175;74;78;98;75;72;88;84;73
1590.0;322;309;176;200;181;172;72;76;103;76;70;87;80;76
1596.0;323;311;175;193;177;172;74;76;104;79;73;82;84;77
1602.0;319;310;178;190;181;171;72;74;103;82;77;85;86;72
1608.0;322;312;179;189;179;172;72;73;102;80;80;83;85;72
1614.0;322;315;176;189;181;170;73;76;104;77;78;83;87;69
1620.0;321;315;178;190;182;167;74;75;101;70;83;83;90;71
1626.0;322;319;179;190;180;169;77;77;99;70;79;76;92;71
1632.0;324;321;182;193;180;173;74;81;94;65;77;78;91;67
1638.0;324;319;182;194;180;174;76;79;95;67;73;77;90;70
1644.0;323;315;183;196;183;172;79;76;97;62;74;76;94;70
1650.0;318;313;186;198;181;172;82;73;93;58;81;77;95;73
1656.0;324;313;180;196;183;170;79;75;91;62;84;76;96;71
1662.0;320;312;180;194;185;170;80;76;87;67;85;72;94;78
1668.0;321;307;181;193;183;172;82;77;87;67;84;75;93;78
1674.0;323;308;181;193;187;168;81;79;90;65;83;74;94;74
1680.0;322;309;182;194;190;172;79;80;85;66;81;77;92;71
1686.0;326;309;185;189;192;176;76;77;81;64;81;80;94;70
1692.0;325;312;188;189;192;178;73;78;81;65;80;79;92;68
1698.0;329;310;190;187;192;178;69;79;84;65;75;85;90;67
1704.0;329;307;190;191;189;178;71;77;79;68;73;87;93;68
1710.0;330;308;190;190;188;174;65;77;81;69;76;91;94;67
1716.0;326;307;197;188;186;181;61;77;78;70;76;92;95;66
1722.0;330;304;198;184;187;178;65;74;75;72;75;97;92;69
1728.0;330;301;197;184;187;176;64;76;75;75;77;96;90;72
1734.0;329;306;196;186;188;174;65;74;74;71;81;96;89;71
1740.0;328;309;199;185;185;174;65;73;76;70;84;92;88;72
1746.0;327;309;193;184;182;178;69;78;81;68;83;89;85;74
1752.0;332;311;190;185;180;181;71;75;80;73;81;88;80;73
1758.0;334;309;191;181;178;178;73;80;78;80;84;85;76;73
1764.0;329;310;193;176;177;182;73;84;74;74;87;85;79;77
1770.0;331;312;190;175;179;186;74;82;75;74;84;84;76;78
1776.0;327;312;192;174;181;182;76;85;75;76;85;85;79;71
1782.0;330;310;189;174;177;186;74;86;83;75;81;83;77;75
1788.0;328;312;188;175;177;189;73;89;79;74;78;81;79;78
1794.0;328;315;186;172;174;184;76;92;75;76;82;80;79;81
1800.0;329;314;178;176;169;187;78;91;78;75;82;80;83;80
1806.0;331;317;179;176;169;187;83;89;76;72;83;79;81;78
1812.0;331;313;177;178;171;187;83;90;75;74;80;81;84;76
1818.0;333;305;178;173;172;186;88;95;76;76;80;82;78;78
1824.0;336;304;179;175;171;188;88;92;76;80;78;81;75;77
1830.0;340;302;178;174;172;185;86;88;77;84;77;81;73;83
1836.0;346;302;175;172;172;187;88;91;78;80;76;78;72;83
1842.0;350;305;172;171;171;187;92;88;81;77;75;77;71;83
1848.0;351;306;175;167;169;190;93;89;79;77;73;77;71;83
1854.0;351;306;175;168;169;195;90;85;77;76;78;73;73;84
1860.0;347;306;174;169;169;195;85;88;77;76;78;76;72;88
1866.0;351;307;177;167;171;191;82;86;76;76;82;75;72;87
1872.0;349;307;178;167;167;193;83;86;78;76;83;76;73;84
1878.0;350;313;179;163;166;195;81;84;82;74;82;74;72;85
1884.0;352;311;178;163;164;196;81;81;87;79;79;73;71;85
1890.0;355;313;180;164;159;196;82;83;86;80;75;76;67;84
1896.0;353;311;181;161;161;196;82;88;85;77;80;73;68;84
1902.0;353;309;186;158;163;192;86;87;86;77;75;74;69;85
1908.0;351;311;185;158;164;192;85;88;84;79;76;77;64;86
1914.0;352;307;184;161;167;193;86;85;83;78;77;78;65;84
1920.0;349;308;187;161;165;190;88;81;81;82;79;74;68;87
1926.0;349;312;187;168;158;193;86;83;80;77;79;74;68;86
1932.0;351;309;187;172;157;194;81;82;79;76;79;76;69;88
1938.0;354;308;185;171;160;192;82;83;79;78;76;73;72;87
1944.0;354;310;185;170;164;184;83;84;80;76;74;71;76;89
1950.0;354;304;186;169;166;184;84;86;82;76;74;71;76;88
1956.0;363;301;183;167;166;184;84;83;82;77;76;70;75;89
1962.0;360;305;180;167;165;182;86;84;82;79;73;72;80;85
1968.0;364;308;182;174;163;181;86;76;82;79;68;73;78;86
1974.0;364;310;182;175;162;186;84;79;81;80;64;72;74;87
