#auto generated file!
12.0;124;106;122;113;114;129;122;106;110;109;109;121;117;98
18.0;123;108;126;116;117;127;125;102;109;106;107;120;117;97
24.0;123;112;131;113;119;129;122;102;113;100;106;121;113;96
30.0;124;117;133;116;121;131;118;98;109;98;108;122;110;95
36.0;126;121;137;119;123;134;110;102;111;93;107;119;106;92
42.0;128;124;141;118;129;133;104;100;111;96;105;115;107;89
48.0;136;126;141;120;135;134;106;94;109;92;105;112;100;90
54.0;139;127;138;118;137;137;107;93;106;93;109;110;98;88
60.0;140;127;139;117;142;134;100;94;105;95;110;116;97;84
66.0;138;129;139;121;144;136;97;92;101;99;106;116;99;83
72.0;142;130;139;122;147;136;97;92;100;100;104;117;92;82
78.0;144;132;141;119;143;138;99;95;100;102;102;113;91;81
84.0;150;134;144;118;141;143;96;93;95;105;100;111;91;79
90.0;151;136;147;120;144;142;93;90;94;101;98;114;92;78
96.0;153;139;150;121;146;141;93;89;90;100;99;110;90;79
102.0;158;139;155;120;152;139;90;87;85;99;103;106;87;80
108.0;161;140;158;120;149;143;84;84;82;99;99;109;92;80
114.0;159;143;155;118;151;143;82;84;85;98;100;110;93;79
120.0;161;144;152;118;154;142;79;85;81;99;105;112;90;78
126.0;164;144;157;119;156;139;78;89;82;94;101;111;90;76
132.0;163;145;159;120;160;139;79;83;80;94;103;110;88;77
138.0;167;148;158;122;160;141;75;82;72;92;101;114;86;82
144.0;169;149;156;125;163;142;79;81;69;92;96;112;84;83
150.0;169;149;157;125;166;145;79;76;70;90;95;110;86;83
156.0;169;150;159;126;168;143;82;74;71;89;96;109;86;78
162.0;171;151;162;126;164;143;84;79;72;90;94;104;84;76
168.0;171;154;162;127;161;147;80;77;71;93;95;101;83;78
174.0;173;155;166;133;159;146;78;70;75;94;95;99;83;74
180.0;173;150;165;134;162;147;76;70;75;93;102;95;82;76
186.0;177;151;166;133;164;147;69;71;78;94;100;96;78;76
192.0;180;153;167;135;164;149;68;69;77;90;98;93;80;77
198.0;177;155;168;136;161;148;67;73;81;84;102;87;82;79
204.0;180;156;167;138;157;150;64;76;80;82;104;81;80;85
210.0;180;156;170;135;154;153;66;78;77;86;102;81;75;87
216.0;181;158;170;135;156;155;66;79;72;89;104;77;69;89
222.0;179;160;174;141;149;159;66;84;72;90;100;71;72;83
228.0;179;164;177;146;148;158;64;81;69;88;100;70;72;84
234.0;179;167;175;150;147;158;64;84;70;86;100;65;71;84
240.0;181;168;173;151;145;159;65;83;70;89;97;66;73;80
246.0;182;169;175;145;142;153;67;85;72;95;98;64;73;80
252.0;184;173;176;146;146;155;66;82;69;95;93;64;70;81
258.0;187;174;176;150;149;153;64;80;68;97;86;66;77;73
264.0;184;176;176;152;150;153;65;75;74;93;84;68;77;73
270.0;187;176;174;153;151;153;61;78;69;91;84;72;78;73
276.0;189;177;174;149;156;150;61;78;64;92;86;71;78;75
282.0;191;182;172;151;156;149;64;78;59;86;87;68;78;79
288.0;194;185;167;149;152;153;62;84;59;84;89;69;75;78
294.0;197;184;168;154;153;154;62;84;59;86;86;62;74;77
300.0;195;185;169;152;153;154;66;82;64;84;79;65;72;80
306.0;195;187;171;154;154;148;67;79;66;85;79;69;69;77
312.0;196;185;172;157;153;148;65;80;67;83;76;67;71;80
318.0;197;188;172;156;155;144;67;81;65;82;73;66;72;82
324.0;195;191;168;160;154;145;64;82;66;84;69;70;72;80
330.0;192;196;168;165;154;141;67;82;66;82;67;71;70;79
336.0;191;200;173;163;157;141;65;78;66;88;65;66;69;78
342.0;192;203;173;158;158;146;65;73;67;86;65;67;68;79
348.0;191;202;170;159;157;145;68;74;67;88;66;68;69;76
354.0;190;202;169;159;159;147;66;74;66;88;65;67;76;72
360.0;191;207;169;156;158;146;66;75;66;87;65;64;74;76
366.0;193;209;169;158;160;141;66;76;68;85;65;63;75;72
372.0;195;210;167;155;163;142;65;72;69;87;66;64;72;73
378.0;195;209;165;160;163;140;67;76;67;87;65;65;70;71
384.0;196;210;164;159;160;140;68;78;66;86;62;67;71;73
390.0;196;209;162;160;160;142;65;77;67;92;59;69;68;74
396.0;192;211;164;161;155;147;65;76;67;88;60;73;64;77
402.0;188;211;162;163;159;143;67;76;69;91;61;75;58;77
408.0;194;211;160;163;156;148;67;77;66;89;60;74;57;78
414.0;193;211;160;160;155;154;65;82;64;89;64;74;53;76
420.0;191;213;157;162;153;158;64;85;62;91;65;75;50;74
426.0;190;216;154;159;154;156;69;83;63;89;64;75;51;77
432.0;192;218;152;157;154;159;71;82;65;89;59;76;50;76
438.0;197;219;146;155;154;164;73;82;62;89;60;77;47;75
444.0;199;219;149;156;153;158;70;79;58;95;60;76;53;75
450.0;200;223;146;157;152;154;68;79;60;92;59;78;57;75
456.0;202;220;149;159;154;153;67;83;63;89;58;80;52;71
462.0;207;221;148;157;153;150;68;81;67;87;59;78;54;70
468.0;206;224;150;157;149;146;68;81;66;86;60;81;53;73
474.0;206;226;151;159;148;148;69;77;67;81;61;79;58;70
480.0;212;229;154;160;149;146;65;78;67;81;58;77;55;69
486.0;213;231;157;158;153;144;65;79;70;79;54;81;48;68
492.0;218;229;155;154;153;144;62;81;72;82;55;82;46;67
498.0;222;228;156;156;156;143;63;78;71;81;53;81;45;67
504.0;220;227;156;151;157;143;62;80;67;81;60;82;47;67
510.0;222;232;152;146;154;141;64;81;65;84;58;86;48;67
516.0;225;235;154;150;150;137;60;83;61;82;57;85;50;71
522.0;223;235;147;149;154;139;62;79;63;83;59;82;52;73
528.0;223;233;150;148;153;139;67;78;63;86;59;80;50;71
534.0;216;234;151;153;156;137;63;79;62;86;59;79;51;74
540.0;215;232;154;153;156;139;61;78;63;85;60;77;50;77
546.0;215;233;159;156;155;139;64;76;64;82;60;68;53;76
552.0;217;237;160;153;152;140;64;77;67;79;59;71;46;78
558.0;218;232;162;151;154;142;59;78;69;88;55;69;47;76
564.0;221;235;166;148;154;141;57;80;70;82;52;67;50;77
570.0;223;242;163;147;151;139;57;79;68;82;51;65;54;79
576.0;228;246;165;149;151;139;59;77;70;75;50;64;53;74
582.0;226;245;164;149;152;144;59;78;69;76;54;61;54;69
588.0;228;244;163;147;155;142;60;79;70;73;57;59;52;71
594.0;231;243;160;144;154;144;57;79;71;69;56;58;58;76
600.0;231;242;157;145;152;142;60;76;74;71;55;61;58;76
606.0;233;242;158;136;155;141;60;73;76;71;57;63;59;76
612.0;233;240;157;138;157;142;62;73;71;75;57;63;54;78
618.0;233;241;155;142;160;140;59;72;72;74;58;64;54;76
624.0;234;241;150;142;158;143;62;70;73;79;56;65;51;76
630.0;237;243;147;143;159;140;68;66;71;76;55;67;52;76
636.0;238;243;142;141;157;141;68;68;69;79;57;66;51;80
642.0;238;239;142;140;155;139;69;69;68;80;58;68;51;84
648.0;235;238;143;140;154;139;71;65;71;79;57;70;49;89
654.0;232;242;145;139;157;139;69;64;73;77;53;70;51;89
660.0;235;235;148;144;157;144;65;63;68;76;54;72;52;87
666.0;234;235;150;146;154;148;66;64;65;76;52;70;54;86
672.0;233;236;150;146;153;148;65;62;62;75;54;71;53;92
678.0;233;232;149;148;152;151;67;63;63;76;53;65;55;93
684.0;238;231;151;146;149;150;72;62;63;74;53;62;57;92
690.0;241;230;150;145;146;153;74;58;61;75;54;62;57;94
696.0;234;231;151;145;148;153;76;58;62;77;55;61;59;90
702.0;237;235;148;145;147;154;77;56;59;75;55;57;60;95
708.0;244;236;147;148;149;157;71;56;61;74;55;54;58;90
714.0;247;237;150;152;150;154;69;56;63;69;56;50;57;90
720.0;242;240;149;153;151;153;68;58;59;71;59;49;60;88
726.0;245;242;151;155;151;150;67;56;60;68;58;51;59;87
732.0;242;241;148;158;153;150;65;55;62;68;61;49;61;87
738.0;246;244;146;157;156;148;61;52;65;68;62;48;60;87
744.0;248;246;150;154;155;145;61;53;64;70;62;49;55;88
750.0;247;249;154;157;149;147;61;52;62;70;66;45;55;86
756.0;246;247;152;159;146;149;63;55;62;69;69;44;55;84
762.0;244;244;154;161;144;152;63;55;61;71;65;48;56;82
768.0;247;245;154;163;143;153;64;55;61;70;65;49;52;79
774.0;251;247;151;162;146;154;60;56;61;72;64;44;52;80
780.0;250;243;149;164;146;158;56;55;58;71;66;49;54;81
786.0;251;246;148;164;145;158;55;59;55;69;67;50;56;77
792.0;248;246;144;161;143;153;59;62;60;69;70;47;58;80
798.0;240;248;147;163;140;156;53;62;65;67;72;50;57;80
804.0;238;248;147;166;141;160;51;61;68;64;74;46;57;79
810.0;239;247;148;162;143;161;54;60;67;61;72;49;56;81
816.0;244;252;149;159;143;158;52;57;65;64;69;49;56;83
822.0;243;249;154;159;146;156;53;57;63;62;66;49;60;83
828.0;243;251;152;158;149;160;55;54;62;62;67;47;61;79
834.0;244;251;152;159;143;160;57;55;64;66;62;44;60;83
840.0;243;250;153;159;143;161;58;55;61;68;63;45;58;83
846.0;245;250;152;159;142;160;64;56;63;65;60;46;60;78
852.0;249;251;147;160;144;163;63;58;64;64;55;47;60;75
858.0;250;247;150;162;149;162;61;58;67;64;55;49;55;71
864.0;253;247;147;162;149;162;64;57;68;62;54;51;53;71
870.0;255;250;148;164;145;158;66;55;66;59;52;55;55;72
876.0;250;252;151;166;143;158;68;62;66;61;46;58;52;67
882.0;251;248;153;166;145;157;68;64;67;59;48;60;52;62
888.0;250;251;152;166;147;157;68;64;65;57;48;63;51;61
894.0;246;255;155;167;145;154;68;63;66;56;44;65;52;64
900.0;251;250;151;166;144;152;66;61;71;60;46;70;49;63
906.0;250;252;149;169;145;149;66;60;67;58;45;68;57;65
912.0;249;253;148;169;146;151;66;55;66;59;49;68;58;63
918.0;252;255;149;166;143;151;66;54;66;63;45;68;56;66
924.0;251;259;152;162;145;153;65;59;61;58;40;67;58;70
930.0;250;253;153;163;147;156;67;55;66;56;39;65;58;72
936.0;251;253;156;161;146;153;63;56;69;55;42;67;58;70
942.0;250;255;160;160;147;156;60;56;64;57;42;66;56;71
948.0;247;253;163;158;145;157;58;58;63;60;43;65;60;70
954.0;247;251;162;157;146;158;59;56;66;62;41;62;63;70
960.0;250;252;161;156;148;159;55;56;65;65;40;62;62;69
966.0;252;255;159;155;149;156;58;55;68;67;37;62;58;69
972.0;254;256;159;155;151;152;58;53;68;66;35;63;60;70
978.0;255;255;160;154;150;152;61;53;69;64;39;63;57;68
984.0;251;252;158;156;149;156;62;57;72;62;40;62;57;66
990.0;253;254;157;157;149;154;58;60;71;66;39;60;54;68
996.0;252;251;155;154;150;156;59;62;71;61;42;58;56;73
1002.0;248;250;155;155;148;155;62;66;71;63;42;59;53;73
1008.0;246;251;150;155;151;155;60;67;70;60;44;62;53;76
1014.0;247;245;150;148;149;156;62;65;73;61;49;62;55;78
1020.0;247;243;150;153;149;158;60;62;74;61;52;65;52;74
1026.0;248;246;152;154;149;159;60;59;71;63;53;65;49;72
1032.0;244;246;159;152;150;164;60;54;70;62;55;66;48;70
1038.0;244;249;159;157;148;160;61;59;70;62;47;67;48;69
1044.0;248;247;161;157;149;155;60;60;67;61;50;69;49;67
1050.0;250;247;158;155;150;149;64;58;70;59;50;72;50;68
1056.0;248;246;157;153;150;152;64;63;63;60;53;72;49;70
1062.0;247;246;158;152;148;157;64;67;60;58;55;70;47;71
1068.0;246;244;158;152;148;164;61;67;65;55;55;69;48;68
1074.0;246;246;158;150;153;162;63;65;65;56;54;65;48;69
1080.0;247;248;159;149;152;158;65;65;69;56;55;61;51;65
1086.0;250;248;159;149;152;158;65;67;71;52;55;63;52;59
1092.0;251;249;154;151;154;159;65;67;73;52;59;62;48;56
1098.0;248;251;159;154;152;155;67;68;71;51;60;60;49;55
1104.0;249;251;159;153;153;159;65;67;69;51;59;58;51;56
1110.0;248;252;158;152;153;157;65;66;69;56;62;60;47;55
1116.0;247;248;154;152;154;155;66;64;72;60;61;62;50;55
1122.0;245;247;155;153;158;150;65;64;75;60;60;63;52;53
1128.0;244;248;157;152;158;148;62;65;75;58;64;63;52;54
1134.0;242;247;156;154;155;144;61;69;75;58;69;59;54;57
1140.0;238;249;155;151;156;146;57;69;78;61;68;59;54;59
1146.0;238;249;158;154;155;143;59;65;76;59;68;59;56;61
1152.0;239;249;161;156;159;141;59;64;79;61;63;55;54;60
1158.0;238;249;162;160;158;141;59;63;77;57;64;52;56;64
1164.0;237;246;159;157;160;142;60;65;79;53;60;57;59;66
1170.0;234;247;162;151;161;143;58;68;79;60;59;57;58;63
1176.0;238;249;163;150;160;141;58;67;77;55;56;64;56;66
1182.0;234;246;162;147;162;142;59;65;76;58;57;65;59;68
1188.0;234;244;161;149;160;145;57;66;73;63;55;63;61;69
1194.0;232;238;162;149;160;146;60;66;77;63;54;63;62;68
1200.0;233;233;159;151;161;148;64;66;74;66;52;66;59;68
1206.0;233;234;158;150;161;145;65;67;74;65;49;67;59;73
1212.0;234;231;159;151;163;151;67;66;72;67;50;63;58;68
1218.0;233;230;161;153;162;151;66;62;74;66;51;63;56;72
1224.0;233;227;155;153;168;151;62;60;71;70;54;61;64;71
1230.0;234;225;149;153;168;148;63;61;66;70;58;65;64;76
1236.0;237;227;150;153;164;145;64;62;64;67;56;68;67;76
1242.0;236;228;147;156;164;144;67;63;63;66;57;65;68;76
1248.0;231;230;149;159;165;143;64;62;66;63;55;67;70;76
1254.0;233;232;146;158;165;147;60;62;64;65;53;65;70;80
1260.0;233;232;147;159;166;147;58;58;63;63;57;65;71;81
1266.0;232;233;150;161;164;146;61;59;65;63;57;61;71;77
1272.0;232;233;148;157;164;147;63;56;68;65;59;61;70;77
1278.0;234;234;147;156;165;146;62;56;66;61;62;67;69;75
1284.0;229;235;147;161;168;150;60;56;64;56;66;67;69;72
1290.0;231;237;143;158;167;149;61;60;68;55;67;65;67;72
1296.0;232;241;143;160;165;157;54;61;64;54;67;65;67;70
1302.0;235;242;145;159;163;161;56;57;59;55;67;62;64;75
1308.0;239;240;139;160;163;161;57;57;60;53;68;64;63;76
1314.0;240;240;135;163;163;163;55;59;61;52;66;62;65;76
1320.0;242;241;137;160;164;164;63;56;65;48;64;63;61;72
1326.0;239;238;138;160;164;163;61;58;72;47;69;59;61;71
1332.0;242;235;133;160;167;165;61;54;76;50;67;62;59;69
1338.0;244;237;133;156;166;164;60;56;77;52;68;60;59;68
1344.0;247;237;132;155;170;160;60;56;78;52;66;58;60;69
1350.0;242;239;128;153;168;157;62;57;84;55;67;63;62;63
1356.0;251;237;132;156;164;158;62;53;81;56;66;63;61;60
1362.0;252;240;131;157;163;158;63;54;74;58;64;67;59;60
1368.0;250;238;134;153;159;157;62;60;76;60;64;67;59;61
1374.0;252;237;135;152;162;157;65;57;72;61;60;67;60;63
1380.0;252;237;137;151;164;156;66;62;69;59;56;68;57;66
1386.0;249;236;135;155;168;157;66;61;69;59;57;67;56;65
1392.0;250;237;136;153;173;164;67;60;67;60;54;64;54;61
1398.0;252;236;139;151;174;162;65;57;67;63;53;65;51;65
1404.0;253;238;141;149;172;159;67;54;69;62;54;67;51;64
1410.0;254;238;140;149;168;157;73;52;68;61;55;66;52;67
1416.0;250;239;139;148;167;155;71;53;67;63;57;69;51;71
1422.0;251;241;138;152;165;155;67;56;65;64;57;65;52;72
1428.0;247;240;140;152;165;156;71;54;64;62;58;66;55;70
1434.0;242;242;139;150;169;154;74;59;65;58;58;67;55;68
1440.0;244;245;138;151;170;153;74;53;64;60;58;69;52;69
1446.0;244;244;143;151;170;152;73;53;68;60;57;67;50;68
1452.0;245;244;145;153;168;145;71;56;69;63;59;65;49;68
1458.0;247;249;146;151;168;142;69;54;70;65;55;68;50;66
1464.0;248;248;148;153;171;140;70;52;68;66;52;68;50;66
1470.0;250;247;150;155;174;138;69;51;69;66;50;65;49;67
1476.0;249;249;150;154;175;140;67;54;72;67;47;63;48;65
1482.0;245;250;150;152;175;140;68;56;70;67;48;63;47;69
1488.0;247;249;153;148;174;141;69;55;71;64;48;63;51;67
1494.0;244;249;149;148;177;142;70;54;70;63;48;63;53;70
1500.0;242;245;151;152;176;144;69;55;67;63;48;62;57;69
1506.0;243;248;154;150;174;144;68;54;63;59;52;65;57;69
1512.0;245;245;151;150;176;142;66;53;65;63;54;61;59;70
1518.0;247;244;151;151;182;140;68;55;60;59;55;57;61;70
1524.0;249;240;155;150;179;142;65;52;59;63;54;59;63;70
1530.0;251;237;155;153;179;140;61;56;61;64;53;59;62;69
1536.0;251;232;156;155;177;139;58;58;60;63;54;63;66;68
1542.0;254;234;159;149;174;140;53;60;59;63;55;60;70;70
1548.0;254;237;159;152;169;138;54;66;60;65;51;57;72;66
1554.0;253;239;159;152;169;143;53;66;59;66;45;60;72;64
1560.0;258;239;157;152;170;146;56;63;56;67;45;60;68;63
1566.0;258;239;155;153;166;142;56;63;58;70;51;62;68;59
1572.0;260;240;151;148;165;145;56;61;57;71;56;62;68;60
1578.0;264;243;152;146;160;141;58;56;57;72;57;63;73;58
1584.0;267;243;152;146;162;140;58;57;52;72;57;61;75;58
1590.0;264;246;150;145;164;141;60;58;51;70;59;58;77;57
1596.0;266;248;147;146;167;137;60;60;52;68;53;61;73;62
1602.0;266;249;142;146;167;139;59;59;51;71;54;62;71;64
1608.0;267;251;145;147;168;137;61;58;50;67;54;57;72;66
1614.0;264;249;141;151;176;136;67;58;50;63;53;54;72;66
1620.0;268;251;137;151;173;134;68;57;52;65;52;54;71;67
1626.0;265;251;137;155;165;134;69;57;57;70;53;50;71;66
1632.0;265;249;135;157;165;132;74;57;59;69;54;53;72;59
1638.0;264;253;137;159;163;130;73;59;58;69;56;51;69;59
1644.0;265;258;134;158;159;129;70;61;54;74;57;53;65;63
1650.0;266;259;137;159;156;129;68;62;55;75;58;51;66;59
1656.0;261;262;134;157;155;133;71;62;57;73;59;50;65;61
1662.0;262;267;131;159;159;131;68;59;57;75;56;52;65;59
1668.0;259;263;133;160;163;129;70;60;56;77;59;50;64;57
1674.0;253;263;130;159;166;130;70;63;57;78;58;50;64;59
1680.0;251;259;132;161;162;131;68;64;58;79;61;53;61;60
1686.0;255;260;135;156;165;133;67;63;59;75;60;55;59;58
1692.0;254;263;134;157;164;134;66;63;62;73;59;52;61;58
1698.0;262;258;134;154;162;136;68;64;64;72;54;52;62;58
1704.0;263;256;135;153;161;137;65;62;66;71;55;54;62;60
1710.0;260;258;135;160;164;137;68;55;66;68;54;55;58;62
1716.0;261;260;138;157;164;133;68;52;65;70;54;55;61;62
1722.0;261;261;137;157;163;132;68;54;65;69;53;56;61;63
1728.0;259;262;138;158;165;128;72;56;65;68;49;58;62;60
1734.0;261;261;135;156;167;129;73;57;64;69;48;59;63;58
1740.0;261;260;138;154;169;128;68;59;66;70;49;56;68;54
1746.0;259;261;142;152;170;128;63;59;65;73;48;58;65;57
1752.0;259;262;144;153;171;127;63;60;62;74;49;55;63;58
1758.0;253;260;152;150;172;133;62;57;58;75;49;54;62;63
1764.0;254;258;158;150;173;136;55;59;57;73;50;55;62;60
1770.0;253;257;157;149;175;134;57;61;56;72;49;55;63;62
1776.0;256;249;154;148;169;136;65;63;53;73;51;57;63;63
1782.0;255;250;153;143;173;134;61;67;54;71;54;60;63;62
1788.0;256;248;154;145;174;133;65;67;54;73;51;57;63;60
1794.0;254;245;154;143;174;137;69;65;51;74;51;56;66;61
1800.0;253;251;154;138;176;137;67;67;52;75;52;54;61;63
1806.0;255;250;153;138;174;139;67;67;50;78;51;53;60;65
1812.0;251;247;156;138;170;139;69;67;52;77;51;56;60;67
1818.0;253;244;153;140;174;140;63;67;55;75;51;55;61;69
1824.0;251;248;152;140;169;140;68;66;55;77;51;60;58;65
1830.0;248;250;154;139;174;141;68;61;56;78;49;59;56;67
1836.0;247;252;154;140;178;143;68;59;51;78;55;52;54;69
1842.0;245;253;154;139;178;143;69;62;50;78;54;52;52;71
1848.0;244;252;151;137;178;146;70;64;56;76;52;54;50;70
1854.0;238;249;152;136;181;145;68;64;57;79;56;54;49;72
1860.0;240;245;152;132;180;148;64;66;62;81;56;54;48;72
1866.0;239;245;153;132;177;148;67;66;63;82;53;52;48;75
1872.0;235;248;155;136;182;141;66;67;62;79;56;53;47;73
1878.0;236;252;157;135;184;143;64;66;61;76;54;52;49;71
1884.0;234;255;155;138;179;145;62;68;66;75;53;51;45;74
1890.0;234;256;158;137;181;143;62;62;65;77;57;51;45;72
1896.0;232;255;157;138;184;148;62;60;66;72;57;51;46;72
1902.0;230;254;160;136;186;143;62;61;66;74;59;52;46;71
1908.0;232;252;156;137;183;145;64;61;65;73;60;52;48;72
1914.0;233;252;157;136;179;146;65;60;68;69;63;53;49;70
1920.0;235;248;155;137;179;147;70;55;68;71;61;52;50;72
1926.0;234;247;158;137;176;147;71;53;72;70;59;54;52;70
1932.0;231;247;162;137;172;144;73;53;74;72;60;55;51;69
1938.0;236;249;163;134;167;148;73;52;71;68;62;55;53;69
1944.0;237;248;161;132;164;148;73;51;75;67;62;57;55;70
1950.0;238;245;161;132;169;149;75;52;74;65;64;58;49;69
1956.0;246;247;164;132;169;146;75;53;72;60;63;53;46;74
1962.0;249;242;165;131;170;143;76;54;72;61;63;56;49;69
1968.0;246;241;165;130;176;145;76;50;70;62;66;55;47;71
1974.0;246;237;163;132;178;141;78;47;71;63;68;53;50;73
