#auto generated file!
12.0;61;49;63;61;55;51;63;67;53;53;57;51;62;54
18.0;64;51;63;61;56;55;61;64;51;54;54;51;62;53
24.0;64;53;67;61;57;54;62;64;48;51;53;52;63;51
30.0;67;56;69;60;58;56;59;58;46;49;51;55;66;50
36.0;67;60;70;62;58;56;60;55;41;52;54;50;65;50
42.0;68;61;68;63;59;56;58;54;41;51;54;50;67;50
48.0;68;66;69;64;60;56;55;52;42;50;54;52;60;52
54.0;69;68;70;64;64;55;54;51;42;51;53;49;58;52
60.0;69;69;70;67;65;56;55;52;41;49;49;49;55;54
66.0;72;68;74;68;65;56;57;50;40;43;49;46;56;56
72.0;74;70;77;67;66;56;56;49;41;45;48;42;54;55
78.0;76;71;74;70;68;53;56;47;41;46;48;43;55;52
84.0;79;77;71;71;68;54;50;47;44;46;43;42;54;54
90.0;82;79;72;72;68;55;48;46;44;48;40;44;51;51
96.0;84;79;71;72;69;57;49;44;44;46;41;46;48;50
102.0;86;82;71;73;70;57;49;43;40;44;39;46;48;52
108.0;87;83;68;74;71;58;49;45;38;45;37;47;46;52
114.0;87;84;70;75;72;58;48;45;37;44;37;45;47;51
120.0;88;86;71;77;71;59;47;42;39;44;37;43;46;50
126.0;88;90;69;78;71;58;48;37;39;45;39;43;45;50
132.0;87;87;71;77;69;61;48;39;42;44;39;42;47;47
138.0;87;87;68;80;69;64;47;37;40;43;38;43;50;47
144.0;88;88;70;77;68;65;46;37;40;49;36;43;49;44
150.0;93;88;71;75;68;66;46;37;40;47;35;44;49;41
156.0;98;88;73;72;68;67;42;38;39;50;32;44;48;41
162.0;99;89;74;72;68;68;40;39;36;51;33;42;47;42
168.0;97;88;77;75;68;68;44;37;34;49;32;42;46;43
174.0;97;92;78;71;68;67;45;33;35;48;32;41;47;46
180.0;98;94;78;73;66;65;44;31;33;47;31;42;47;51
186.0;95;94;78;75;67;64;45;32;36;44;32;44;44;50
192.0;96;94;77;78;67;63;45;32;37;43;34;42;42;50
198.0;93;91;77;78;69;66;42;33;38;41;36;43;42;51
204.0;92;94;76;76;68;65;41;35;42;39;37;43;44;48
210.0;91;94;79;77;67;64;42;38;41;41;35;42;44;45
216.0;91;94;77;79;66;63;39;38;42;39;38;43;43;48
222.0;92;88;76;82;66;62;38;38;43;40;39;42;46;48
228.0;90;89;76;78;67;61;38;39;46;40;40;43;46;47
234.0;94;91;75;78;66;61;40;37;48;39;39;42;44;46
240.0;96;90;75;74;68;63;40;38;45;44;41;40;41;45
246.0;96;89;77;73;70;65;38;37;47;41;43;41;39;44
252.0;99;91;79;71;70;66;38;37;44;42;45;39;37;42
258.0;102;91;83;72;70;67;36;38;43;43;44;35;35;41
264.0;101;92;81;73;70;71;36;39;43;43;42;35;34;40
270.0;102;93;78;73;68;72;36;40;43;43;39;34;36;43
276.0;102;94;75;73;66;70;34;41;45;43;40;35;35;47
282.0;105;98;78;74;67;71;34;38;43;38;37;32;37;48
288.0;108;97;79;77;68;69;33;39;43;36;34;30;38;49
294.0;107;97;76;76;68;69;31;38;46;38;33;35;38;48
300.0;107;97;78;72;73;68;28;36;45;37;31;41;38;49
306.0;105;99;80;72;74;70;27;38;46;36;33;38;35;47
312.0;105;100;83;70;76;72;28;34;44;36;32;40;33;47
318.0;104;102;84;70;74;74;26;33;44;36;34;41;34;44
324.0;105;102;85;72;75;71;26;31;45;36;32;40;32;48
330.0;105;104;84;73;77;68;26;30;47;37;31;42;30;46
336.0;106;102;85;71;79;71;26;31;43;35;31;42;33;45
342.0;108;103;84;67;80;72;22;34;46;33;27;43;34;47
348.0;108;104;82;66;80;75;23;32;47;33;26;43;36;45
354.0;111;103;79;67;79;77;26;30;47;31;26;42;37;45
360.0;110;101;84;71;79;76;27;29;44;28;27;44;35;45
366.0;111;98;85;71;80;74;27;30;46;26;27;44;34;47
372.0;108;95;87;72;80;77;28;29;42;25;29;45;36;47
378.0;109;97;83;74;80;75;28;30;40;26;32;43;36;47
384.0;111;97;84;78;82;76;27;27;39;24;34;42;36;43
390.0;108;99;84;76;83;76;27;28;38;26;38;44;33;40
396.0;107;99;84;78;84;75;27;29;41;26;35;43;33;39
402.0;106;99;84;78;85;75;26;30;41;26;36;42;32;40
408.0;106;99;84;78;89;77;27;28;40;29;36;39;32;36
414.0;107;98;83;78;87;80;28;28;40;29;36;38;34;34
420.0;108;98;80;80;87;78;32;29;39;30;37;37;32;33
426.0;109;99;79;80;85;77;32;29;39;32;33;38;34;34
432.0;114;97;79;81;85;75;34;29;35;31;33;41;31;35
438.0;114;99;80;79;86;72;37;30;32;32;34;40;30;35
444.0;115;96;79;80;85;71;39;31;33;31;35;40;30;35
450.0;117;97;78;78;87;73;39;31;37;27;35;36;32;33
456.0;120;99;79;79;85;76;37;32;33;27;34;32;35;32
462.0;119;101;78;78;85;76;34;29;30;30;34;36;36;34
468.0;116;102;79;76;83;76;38;30;31;29;36;35;34;35
474.0;114;101;81;78;84;75;39;32;29;27;39;34;34;33
480.0;117;99;82;76;85;74;41;33;27;27;40;32;33;34
486.0;116;100;84;79;87;74;41;33;27;25;36;31;34;33
492.0;113;99;82;77;86;76;41;32;28;26;37;31;36;36
498.0;114;97;84;77;83;76;41;35;27;26;36;34;35;35
504.0;115;98;81;75;83;76;39;30;29;28;37;35;36;38
510.0;117;99;80;74;83;76;38;31;28;28;36;36;37;37
516.0;117;98;76;73;87;75;36;32;29;30;37;35;36;39
522.0;116;99;76;73;88;74;35;29;31;31;40;33;40;35
528.0;119;99;77;71;90;75;32;26;32;31;39;33;39;37
534.0;120;100;76;70;90;73;31;26;36;34;42;32;37;33
540.0;123;100;76;67;90;74;32;24;35;33;46;32;37;31
546.0;123;99;76;69;90;78;30;24;36;32;42;34;37;30
552.0;123;98;76;70;94;77;27;22;35;32;41;35;39;31
558.0;122;96;75;72;94;76;28;23;34;34;41;33;37;35
564.0;122;97;73;71;93;75;30;23;36;36;41;34;37;32
570.0;123;97;75;72;91;74;32;23;36;38;39;33;36;31
576.0;127;99;79;71;86;75;32;22;36;38;37;32;36;30
582.0;128;103;80;72;87;72;29;24;36;35;38;34;34;28
588.0;128;103;80;73;85;72;31;25;32;36;36;38;35;26
594.0;128;105;78;72;83;72;31;29;33;38;35;34;36;26
600.0;128;103;78;73;85;73;32;28;34;35;36;32;36;27
606.0;127;102;80;73;84;74;30;26;35;35;37;32;35;30
612.0;124;102;78;75;84;74;34;26;36;34;36;32;34;31
618.0;123;102;79;77;80;75;31;26;38;33;34;32;36;34
624.0;122;108;78;77;80;75;28;24;37;33;37;30;35;36
630.0;124;108;78;79;81;74;27;24;36;31;36;30;37;35
636.0;125;107;77;80;80;75;29;23;34;32;35;29;34;40
642.0;127;107;78;78;77;76;29;22;35;32;38;28;33;40
648.0;128;112;78;79;74;77;28;22;33;33;39;26;35;36
654.0;127;116;75;79;75;77;27;19;35;34;37;27;39;33
660.0;129;120;74;78;74;79;28;19;32;35;33;27;39;33
666.0;128;122;74;77;77;77;28;21;34;34;30;27;38;33
672.0;129;122;75;77;75;77;28;22;34;32;30;26;38;35
678.0;128;122;77;77;75;77;28;22;34;30;30;23;39;38
684.0;125;127;77;76;76;79;29;22;33;31;26;21;42;36
690.0;124;124;77;73;77;80;31;22;31;35;30;20;43;33
696.0;124;125;75;70;78;80;31;24;32;34;30;22;43;32
702.0;124;127;76;71;76;79;33;25;33;33;30;22;41;30
708.0;120;129;76;70;77;78;31;29;32;35;30;22;43;28
714.0;121;129;77;69;78;77;30;29;30;32;33;22;45;28
720.0;123;130;78;68;79;77;28;27;30;30;34;23;45;28
726.0;123;133;78;67;76;79;30;28;30;30;30;23;44;29
732.0;125;131;77;66;78;78;31;31;31;29;31;23;42;27
738.0;125;130;76;67;77;78;32;30;28;30;32;25;44;26
744.0;124;130;75;67;75;80;35;31;28;28;31;24;47;25
750.0;124;129;74;68;74;80;32;32;24;30;34;26;48;25
756.0;124;128;74;67;73;80;32;34;25;30;31;30;46;26
762.0;125;128;74;64;73;80;33;35;27;33;27;31;45;25
768.0;121;130;74;66;72;80;34;34;30;32;29;30;44;24
774.0;119;130;72;65;73;80;33;35;29;35;31;32;42;24
780.0;120;133;72;63;74;82;36;31;28;36;30;33;37;25
786.0;120;132;73;65;74;80;38;30;28;33;32;32;36;27
792.0;123;133;70;66;75;83;38;29;29;31;31;31;36;25
798.0;123;133;70;68;76;84;36;30;26;32;32;30;35;25
804.0;121;135;71;68;76;85;35;30;27;32;30;30;35;25
810.0;119;136;70;68;75;84;37;31;25;36;32;27;33;27
816.0;119;135;69;68;74;82;39;31;26;34;30;31;34;28
822.0;118;136;68;68;76;82;35;32;27;31;28;31;36;32
828.0;115;133;68;71;76;85;36;33;26;31;27;27;41;31
834.0;118;133;68;71;79;86;36;32;27;28;28;28;36;30
840.0;118;133;68;72;81;86;34;33;28;27;29;29;34;28
846.0;118;133;67;73;80;90;29;33;29;29;28;27;34;30
852.0;116;134;69;75;79;92;27;33;29;31;28;26;32;29
858.0;118;135;71;75;80;90;23;32;32;27;27;27;33;30
864.0;118;135;70;76;80;88;26;31;32;27;28;26;32;31
870.0;119;133;71;76;80;87;28;35;30;26;29;24;30;32
876.0;121;135;73;76;80;83;28;33;31;26;30;24;30;30
882.0;118;135;74;73;80;86;29;31;27;26;32;25;33;31
888.0;119;135;74;71;80;84;32;32;26;24;33;28;31;31
894.0;117;133;75;71;80;86;32;33;26;23;35;27;31;31
900.0;120;131;77;71;78;87;31;33;26;21;33;26;32;34
906.0;123;130;78;66;82;85;33;32;26;18;33;27;32;35
912.0;119;130;80;65;80;84;30;34;26;21;35;29;33;34
918.0;118;130;79;64;82;83;31;34;26;22;33;31;34;33
924.0;116;129;78;66;84;80;31;36;25;23;33;31;34;34
930.0;118;126;77;69;85;79;33;35;26;21;33;30;36;32
936.0;119;127;77;70;86;77;34;35;25;18;30;32;36;34
942.0;121;128;76;71;83;76;34;35;25;18;31;31;35;36
948.0;122;129;74;73;82;77;35;33;25;19;32;28;32;39
954.0;125;125;75;72;81;79;33;28;29;20;31;29;34;39
960.0;125;125;74;71;81;80;30;31;29;20;33;28;34;39
966.0;126;125;72;72;80;81;31;33;27;24;34;26;32;37
972.0;127;127;73;72;83;81;29;34;25;20;35;26;32;36
978.0;126;127;77;72;80;79;33;34;26;19;35;25;33;34
984.0;126;123;79;74;77;81;33;35;26;18;35;26;34;33
990.0;127;123;78;77;76;79;28;35;25;19;37;27;33;36
996.0;128;122;77;76;77;79;29;35;27;20;34;27;33;36
1002.0;129;120;76;76;75;78;31;33;27;22;35;28;33;37
1008.0;131;118;79;73;75;77;31;34;26;22;34;28;34;38
1014.0;132;117;80;70;74;77;30;34;26;22;34;29;37;38
1020.0;133;117;79;69;73;76;30;36;26;22;33;29;38;39
1026.0;135;117;81;69;74;74;31;37;28;22;31;27;36;38
1032.0;135;117;81;69;71;74;30;35;28;22;30;31;36;41
1038.0;134;122;81;69;70;76;29;36;28;21;32;28;33;41
1044.0;132;118;83;69;71;76;31;38;30;18;32;27;34;41
1050.0;131;115;82;71;76;75;32;38;34;17;30;27;32;40
1056.0;129;118;83;70;74;74;32;38;33;17;30;30;34;38
1062.0;129;118;82;69;75;76;31;36;34;19;31;30;32;38
1068.0;130;121;83;68;75;75;31;36;35;18;28;30;33;37
1074.0;130;121;84;68;74;75;31;38;34;21;26;30;32;36
1080.0;128;120;84;67;76;73;31;39;34;21;25;30;32;40
1086.0;127;119;82;65;75;72;31;39;35;23;29;30;35;38
1092.0;126;118;79;68;75;71;36;37;34;23;29;31;35;38
1098.0;127;117;78;70;79;69;34;35;30;22;28;36;37;38
1104.0;127;118;76;71;80;70;34;36;30;22;30;35;34;37
1110.0;130;120;74;69;81;71;32;34;31;22;31;31;34;40
1116.0;127;120;72;68;81;74;34;32;35;23;33;27;34;40
1122.0;130;119;73;65;83;73;34;31;36;23;34;26;36;37
1128.0;130;121;74;67;84;70;36;26;37;25;33;24;37;36
1134.0;132;122;74;66;82;74;34;26;35;24;32;25;40;34
1140.0;131;122;75;67;82;72;33;30;34;24;30;25;40;35
1146.0;132;122;74;68;83;75;32;30;35;22;28;25;38;36
1152.0;135;123;73;67;83;73;31;27;35;22;28;30;38;35
1158.0;135;122;74;66;80;76;30;27;37;23;27;29;38;36
1164.0;135;121;71;66;81;77;29;27;40;26;29;27;36;35
1170.0;135;124;68;66;83;76;29;27;37;27;29;26;36;37
1176.0;134;125;68;64;84;76;30;27;36;26;29;25;35;41
1182.0;135;125;68;64;87;76;32;26;35;24;30;24;35;39
1188.0;134;125;69;66;87;75;31;27;35;27;30;24;35;35
1194.0;132;123;69;67;87;76;29;27;35;32;26;24;37;36
1200.0;133;124;69;65;89;76;29;26;35;33;26;24;35;36
1206.0;134;124;67;66;87;75;31;25;33;32;29;25;36;36
1212.0;131;124;68;67;86;76;34;24;32;33;27;25;36;37
1218.0;132;125;69;68;87;74;33;22;33;34;27;24;35;37
1224.0;132;126;66;68;88;74;34;22;34;34;27;24;36;35
1230.0;131;124;66;67;89;73;33;24;32;35;29;28;36;33
1236.0;130;123;69;68;88;75;34;23;31;34;29;28;36;32
1242.0;126;123;68;71;91;74;35;22;29;33;32;24;38;34
1248.0;126;120;68;72;91;75;35;21;31;32;31;24;40;34
1254.0;129;122;68;70;90;75;35;20;32;32;30;24;40;33
1260.0;128;125;69;71;89;72;36;18;31;33;29;24;40;35
1266.0;130;124;71;71;89;71;32;20;31;33;27;22;42;37
1272.0;129;126;70;71;90;71;31;22;29;33;27;20;41;40
1278.0;130;125;70;70;86;72;31;25;28;35;27;22;40;39
1284.0;131;125;72;69;87;69;32;24;28;34;28;23;41;37
1290.0;129;127;72;72;85;70;35;27;24;32;29;23;39;36
1296.0;131;127;76;71;86;68;33;26;26;30;29;26;36;35
1302.0;129;126;76;68;82;66;33;26;27;34;28;28;40;37
1308.0;127;124;76;70;83;65;33;27;28;34;28;28;39;38
1314.0;128;123;75;67;81;65;33;29;27;35;34;30;38;35
1320.0;127;122;74;70;80;65;32;30;28;38;32;30;37;35
1326.0;125;119;71;72;78;69;30;27;32;39;33;31;38;36
1332.0;126;119;71;72;80;70;28;29;29;40;31;30;38;37
1338.0;128;119;73;69;78;71;28;28;29;41;32;30;39;35
1344.0;128;119;75;70;78;71;30;26;30;40;33;30;35;35
1350.0;127;118;75;70;76;68;31;25;32;42;34;31;36;35
1356.0;127;119;76;71;77;70;31;25;30;38;35;31;37;33
1362.0;126;119;71;69;79;69;31;28;31;39;36;34;33;35
1368.0;124;119;73;67;79;70;31;29;30;38;37;35;30;38
1374.0;121;120;74;69;80;71;32;29;32;38;36;33;28;37
1380.0;123;119;73;73;79;69;30;29;32;38;35;33;32;35
1386.0;126;117;74;73;80;67;30;29;33;37;32;34;33;35
1392.0;126;117;72;69;81;67;31;29;33;35;33;36;34;37
1398.0;126;116;74;71;77;68;33;29;32;36;30;36;35;37
1404.0;124;115;74;73;78;66;34;30;30;37;30;37;37;35
1410.0;124;115;75;73;77;66;37;30;31;35;28;37;37;35
1416.0;127;114;73;74;79;65;34;30;33;36;28;37;37;33
1422.0;127;114;73;74;79;68;31;28;33;36;28;36;39;34
1428.0;129;117;74;76;78;65;29;29;30;35;29;37;40;32
1434.0;129;117;76;73;76;65;31;26;33;35;27;39;40;33
1440.0;129;115;76;73;79;64;31;26;33;32;29;41;40;32
1446.0;129;115;77;73;80;62;30;26;33;32;27;43;40;33
1452.0;126;114;76;76;82;63;30;27;33;32;28;43;39;31
1458.0;124;117;75;77;83;60;34;29;32;33;28;42;37;29
1464.0;125;118;73;79;84;60;35;29;32;33;29;40;35;28
1470.0;122;120;72;77;88;61;34;29;34;36;29;39;33;26
1476.0;120;123;72;76;87;61;34;26;35;36;29;42;32;27
1482.0;120;123;72;75;85;63;38;27;34;36;29;39;34;25
1488.0;119;123;70;75;84;65;37;29;36;37;29;38;33;25
1494.0;120;123;68;76;81;64;36;29;37;37;32;40;31;26
1500.0;121;122;68;76;82;66;38;30;33;37;32;40;29;26
1506.0;121;121;69;75;83;68;37;32;34;34;32;38;30;26
1512.0;123;119;71;74;83;68;36;31;31;33;33;38;32;28
1518.0;122;122;72;73;81;70;35;32;29;30;33;38;35;28
1524.0;123;119;73;74;80;70;35;30;29;30;34;40;33;30
1530.0;123;119;73;76;80;72;34;30;27;30;34;39;32;31
1536.0;125;119;70;75;79;74;35;30;25;32;34;38;32;32
1542.0;121;119;70;73;79;77;37;32;28;30;35;35;31;33
1548.0;120;119;69;79;80;72;35;28;31;31;34;38;32;32
1554.0;119;117;70;79;82;69;34;30;32;32;34;39;33;30
1560.0;118;114;70;84;81;69;33;29;32;32;35;39;33;31
1566.0;120;115;71;84;79;72;30;27;32;34;34;40;31;31
1572.0;118;116;70;83;80;75;30;27;33;32;35;43;31;27
1578.0;115;114;71;84;79;78;32;26;30;31;36;43;35;26
1584.0;113;111;68;86;79;78;34;25;32;33;38;43;35;25
1590.0;112;110;70;83;82;80;35;24;32;30;38;44;35;25
1596.0;113;112;70;80;84;78;38;23;32;31;40;42;35;22
1602.0;113;111;69;82;84;77;39;23;35;32;39;40;35;21
1608.0;110;113;69;83;86;81;37;21;35;30;37;41;35;22
1614.0;108;113;70;83;86;81;36;18;34;32;40;41;35;23
1620.0;108;111;73;82;86;81;33;19;35;33;39;42;35;23
1626.0;108;111;71;82;88;81;30;19;35;37;40;41;35;22
1632.0;109;114;70;83;88;80;31;20;38;34;39;42;32;20
1638.0;112;113;71;82;89;81;30;23;36;32;41;37;33;20
1644.0;109;111;73;81;89;82;29;25;33;32;43;38;35;20
1650.0;110;111;74;79;89;83;31;26;30;35;40;36;35;21
1656.0;112;109;74;79;89;84;33;27;30;32;41;35;36;19
1662.0;111;109;73;81;92;84;28;28;30;33;42;36;34;19
1668.0;111;111;73;80;92;82;27;30;29;37;41;35;34;18
1674.0;110;111;73;81;94;82;27;31;28;38;38;32;37;18
1680.0;112;107;74;84;98;81;27;30;32;35;39;29;36;16
1686.0;113;105;74;84;98;80;28;28;32;35;41;30;35;17
1692.0;114;104;75;84;97;82;26;29;32;33;41;33;32;18
1698.0;114;104;76;85;97;83;28;29;28;31;39;36;31;19
1704.0;114;104;78;82;95;82;27;31;30;30;39;36;31;21
1710.0;116;105;79;82;94;80;27;33;32;30;38;36;32;16
1716.0;115;105;81;84;92;84;27;30;33;29;34;37;31;18
1722.0;119;106;82;84;90;84;25;32;34;27;36;36;28;17
1728.0;120;108;83;81;91;83;26;31;35;28;36;34;26;18
1734.0;123;103;85;81;91;85;25;31;35;29;35;34;26;17
1740.0;122;107;86;84;91;82;24;29;35;28;37;34;25;16
1746.0;124;106;83;86;93;82;22;27;36;30;35;34;26;16
1752.0;121;108;81;86;95;84;22;25;36;29;34;34;28;17
1758.0;121;109;81;86;93;85;20;22;34;29;37;36;29;18
1764.0;119;107;81;89;95;85;21;22;34;28;36;35;28;20
1770.0;119;107;81;87;92;84;23;24;36;30;35;35;26;21
1776.0;120;105;79;90;93;88;23;25;33;29;32;36;26;21
1782.0;123;104;78;93;96;82;24;22;33;30;32;35;28;20
1788.0;125;109;75;94;94;85;25;21;33;29;27;33;30;20
1794.0;125;112;78;93;92;83;26;22;33;27;26;34;30;19
1800.0;126;112;78;92;92;84;27;21;34;26;27;32;27;22
1806.0;125;113;81;92;94;82;26;20;35;25;25;32;27;23
1812.0;126;113;82;92;93;82;26;18;35;24;27;33;27;22
1818.0;123;113;82;93;92;82;24;18;37;25;26;33;31;21
1824.0;124;113;81;94;92;85;22;18;40;23;25;32;29;22
1830.0;125;116;77;97;89;85;22;22;36;24;26;31;27;23
1836.0;124;120;77;93;90;88;22;24;36;23;23;31;25;24
1842.0;124;121;78;94;85;88;21;25;36;23;23;32;26;24
1848.0;124;119;79;94;86;87;25;23;32;19;26;33;29;24
1854.0;125;121;81;90;86;87;26;23;30;20;26;33;28;24
1860.0;126;122;83;90;86;85;26;25;29;19;27;32;27;23
1866.0;126;121;82;87;86;84;29;26;28;18;31;32;28;22
1872.0;126;119;85;81;88;82;28;27;27;19;30;33;29;26
1878.0;126;118;82;81;89;80;29;26;27;20;33;32;30;27
1884.0;124;115;81;79;91;81;29;30;27;18;35;33;28;29
1890.0;124;117;76;77;90;82;28;33;27;19;35;34;28;30
1896.0;126;118;76;79;90;82;28;30;25;18;35;36;29;28
1902.0;126;118;77;80;91;82;28;29;24;17;35;37;27;29
1908.0;127;117;74;80;91;84;29;29;22;18;37;37;26;29
1914.0;124;118;76;81;91;82;27;30;22;19;36;42;26;26
1920.0;125;116;77;83;88;82;27;26;24;21;37;40;27;27
1926.0;122;118;74;80;88;82;28;28;22;22;39;39;29;29
1932.0;123;118;74;79;87;83;27;30;21;22;37;41;28;30
1938.0;120;117;77;78;86;82;31;28;23;22;35;42;28;31
1944.0;120;117;78;79;87;83;30;29;25;22;32;37;27;34
1950.0;120;119;78;78;87;84;34;29;24;22;31;33;28;33
1956.0;120;116;81;79;86;82;28;30;25;25;34;33;25;36
1962.0;121;117;79;76;84;81;26;32;24;27;34;35;27;37
1968.0;125;116;81;75;87;83;24;31;24;26;33;34;27;34
1974.0;125;117;82;74;86;82;25;31;22;27;36;32;30;31
