#auto generated file!
12.0;92;94;99;98;115;118;97;102;109;96;107;111;85;77
18.0;95;98;100;102;117;117;95;102;104;92;108;110;85;75
24.0;94;98;101;104;116;118;93;98;103;92;109;108;87;79
30.0;99;104;94;105;117;118;94;95;105;93;105;106;85;80
36.0;97;109;96;105;116;121;95;92;103;97;105;104;81;79
42.0;100;109;100;105;118;127;100;87;102;97;100;98;83;74
48.0;104;112;103;108;118;126;96;84;103;99;101;92;81;73
54.0;109;112;104;107;117;125;100;83;103;98;97;96;76;73
60.0;111;115;104;105;119;121;102;85;103;95;94;97;76;73
66.0;112;114;104;106;120;122;96;84;101;100;95;97;77;72
72.0;117;117;108;107;116;124;98;84;98;96;95;94;74;72
78.0;123;120;111;103;119;121;93;81;96;95;94;96;75;73
84.0;127;125;110;103;124;117;93;80;96;93;85;93;76;78
90.0;125;126;111;104;125;119;91;79;90;91;89;93;77;80
96.0;129;128;113;105;125;120;92;79;90;89;90;90;71;79
102.0;130;136;115;108;127;119;90;78;88;90;87;85;68;79
108.0;131;138;122;109;124;119;89;76;91;86;87;87;63;78
114.0;131;144;122;107;124;122;89;73;91;88;85;86;60;78
120.0;131;146;122;109;127;124;88;74;89;89;84;82;60;75
126.0;134;145;124;110;125;124;88;72;87;90;82;84;60;75
132.0;137;143;123;112;124;125;91;73;86;84;78;84;64;76
138.0;139;144;124;111;129;125;89;73;90;82;75;84;60;75
144.0;142;145;126;112;131;124;85;69;92;73;74;85;63;79
150.0;145;146;128;112;128;125;84;66;89;71;79;89;59;79
156.0;142;148;130;115;130;124;82;63;88;66;83;88;62;79
162.0;142;150;129;116;131;121;85;60;86;70;84;88;59;79
168.0;144;154;132;116;132;121;78;61;84;70;83;88;59;78
174.0;145;157;135;121;132;122;78;59;78;70;79;87;58;79
180.0;148;156;136;122;131;125;79;60;74;72;76;85;58;78
186.0;153;153;133;123;132;128;74;59;73;74;77;83;60;78
192.0;154;156;133;125;131;129;73;59;70;72;75;79;60;84
198.0;152;157;136;126;132;132;73;54;68;71;75;82;62;80
204.0;154;154;134;128;134;131;75;56;65;69;79;81;64;76
210.0;154;152;138;132;134;135;71;54;61;66;81;82;65;75
216.0;156;147;142;131;138;133;69;54;63;71;82;78;63;73
222.0;157;144;141;129;138;132;73;54;62;68;81;81;67;73
228.0;155;147;141;124;143;134;75;52;60;69;83;79;66;72
234.0;153;152;147;125;140;135;77;52;63;69;75;76;65;71
240.0;155;155;144;128;137;141;77;53;63;67;75;75;63;67
246.0;156;157;143;131;136;139;79;55;64;65;74;72;63;66
252.0;158;157;144;131;135;144;75;55;64;63;76;72;64;62
258.0;157;158;143;131;139;145;75;60;63;64;71;70;62;62
264.0;159;162;146;130;142;144;71;58;62;63;72;67;62;62
270.0;159;164;143;131;143;142;72;63;59;59;73;64;66;62
276.0;161;168;145;130;141;143;70;61;56;58;72;63;69;63
282.0;163;166;144;136;138;143;66;60;54;60;69;61;76;64
288.0;163;165;146;135;137;143;67;60;53;66;71;62;68;64
294.0;161;168;143;139;138;141;65;61;52;66;73;66;69;58
300.0;170;169;141;141;136;138;66;60;52;63;72;68;67;57
306.0;169;165;146;144;136;134;63;60;53;65;75;72;64;54
312.0;173;168;145;143;133;137;60;57;53;71;70;70;63;57
318.0;175;168;144;144;126;136;65;53;54;74;66;71;63;61
324.0;172;171;145;147;127;137;57;53;54;75;66;75;61;60
330.0;172;178;142;149;131;138;55;53;55;72;63;74;58;60
336.0;175;181;143;147;134;134;53;55;55;73;63;72;54;61
342.0;178;182;142;148;135;133;53;56;54;75;61;74;50;59
348.0;180;183;133;150;137;134;51;55;52;74;62;76;52;61
354.0;179;183;132;153;138;133;50;55;50;80;58;73;54;62
360.0;175;181;134;152;135;138;47;55;47;83;58;75;57;63
366.0;176;185;139;156;135;133;47;57;48;84;57;71;54;58
372.0;174;185;138;160;135;138;48;54;50;81;53;67;57;60
378.0;175;184;145;165;135;137;46;54;52;78;51;64;57;57
384.0;177;182;144;163;134;135;48;56;55;78;50;60;60;58
390.0;180;185;143;162;135;134;48;57;53;76;51;60;60;56
396.0;183;188;142;156;132;138;46;57;54;74;56;60;60;54
402.0;184;184;141;154;133;142;42;59;60;70;55;59;60;57
408.0;184;182;142;150;133;141;42;60;63;65;56;64;62;56
414.0;186;184;137;149;133;140;45;63;62;64;58;63;64;52
420.0;186;186;137;149;134;136;44;62;60;66;58;65;63;54
426.0;186;189;139;145;139;139;45;57;59;64;58;62;61;57
432.0;184;187;140;145;140;137;42;58;60;67;60;60;62;58
438.0;183;186;143;150;140;135;44;57;59;69;58;58;62;56
444.0;183;185;141;148;146;135;45;60;59;68;57;57;65;51
450.0;180;187;140;148;147;133;45;63;57;68;54;60;63;55
456.0;180;188;143;148;151;135;40;62;54;67;55;60;60;57
462.0;177;190;143;149;151;132;37;61;55;64;55;60;63;63
468.0;177;190;142;150;149;137;37;61;55;65;54;58;64;61
474.0;178;190;141;148;147;138;39;56;53;67;53;61;66;63
480.0;180;192;137;146;146;136;37;56;51;67;51;65;68;68
486.0;180;193;134;144;149;135;38;58;51;65;55;65;67;66
492.0;181;192;132;139;151;138;36;55;53;70;55;64;68;66
498.0;183;195;132;138;147;140;35;54;54;68;59;58;68;69
504.0;186;196;136;137;143;143;36;55;55;65;61;57;64;66
510.0;186;195;137;140;145;139;36;54;59;64;60;54;69;62
516.0;188;191;136;136;150;142;35;54;59;64;59;53;71;62
522.0;188;190;136;133;148;145;36;52;57;65;63;56;64;67
528.0;190;190;133;135;147;144;38;57;56;61;63;59;63;64
534.0;190;189;130;139;150;144;38;55;52;60;65;62;60;66
540.0;188;191;134;141;148;143;37;54;50;60;66;62;62;64
546.0;187;189;133;141;147;146;37;55;49;61;67;61;61;66
552.0;190;188;132;140;145;150;38;51;50;63;67;60;59;67
558.0;188;188;127;141;147;150;44;51;48;67;66;58;63;62
564.0;191;190;125;139;152;148;44;53;47;69;62;56;64;60
570.0;192;188;128;141;156;144;40;50;46;70;64;58;64;59
576.0;196;189;125;139;156;145;38;50;47;70;63;55;63;64
582.0;198;188;125;143;156;143;36;51;45;71;65;56;60;63
588.0;202;188;126;146;153;140;36;53;46;70;64;55;58;63
594.0;202;187;123;143;151;144;35;52;47;70;64;56;62;64
600.0;202;188;127;143;153;140;43;48;48;71;61;53;59;64
606.0;200;192;130;141;150;140;41;49;49;69;62;56;58;63
612.0;201;190;129;140;154;139;41;49;49;65;59;57;59;68
618.0;204;194;129;141;156;136;39;49;47;65;59;58;58;65
624.0;203;201;129;139;157;135;39;48;46;69;59;56;56;63
630.0;202;202;126;141;156;136;42;48;50;63;57;57;56;64
636.0;206;202;127;142;155;137;42;47;52;61;57;56;54;62
642.0;206;202;123;140;157;137;45;48;50;60;58;56;57;61
648.0;205;200;127;139;153;141;48;49;50;58;58;57;57;58
654.0;200;201;126;141;153;141;51;47;48;56;61;58;59;58
660.0;200;200;130;142;153;139;54;47;48;54;62;54;60;57
666.0;202;202;130;136;153;137;55;43;51;55;60;58;59;59
672.0;201;205;125;137;154;140;55;45;51;54;61;56;60;56
678.0;202;207;127;139;153;142;56;44;46;51;61;56;61;55
684.0;200;207;127;143;154;140;54;44;46;50;61;55;62;57
690.0;201;211;130;145;152;137;52;43;50;51;61;52;62;53
696.0;204;210;127;140;154;141;52;47;49;50;61;53;63;49
702.0;202;209;126;144;154;140;54;51;49;49;59;55;59;49
708.0;205;211;126;142;155;142;58;49;49;47;53;57;58;48
714.0;205;207;124;142;155;142;60;53;49;48;52;57;57;49
720.0;203;206;125;141;156;143;59;52;48;48;52;56;58;53
726.0;203;206;124;138;157;145;57;56;50;47;52;53;58;54
732.0;202;205;119;141;155;147;56;54;50;49;56;53;62;51
738.0;202;206;118;144;156;145;56;53;52;53;54;51;60;50
744.0;198;203;119;141;155;141;60;54;57;57;55;53;59;48
750.0;199;206;119;142;153;142;59;55;56;55;53;51;60;50
756.0;202;207;120;144;152;142;54;54;50;57;52;51;63;52
762.0;203;204;121;146;151;139;55;55;49;56;47;54;65;55
768.0;202;209;119;141;151;139;55;57;52;57;50;57;60;51
774.0;203;208;117;139;151;136;56;59;51;57;52;59;61;51
780.0;207;206;120;136;149;133;55;60;53;57;51;58;61;54
786.0;209;211;124;135;149;132;55;57;50;58;53;54;62;51
792.0;206;214;125;137;152;134;50;58;52;54;54;54;62;48
798.0;206;214;117;140;150;136;52;57;53;56;53;55;64;47
804.0;208;214;119;145;147;130;52;58;57;54;50;55;64;47
810.0;215;216;115;144;148;130;47;60;54;53;51;55;66;46
816.0;215;210;117;145;148;128;46;58;52;54;53;56;69;49
822.0;214;209;122;146;148;129;49;58;57;56;45;53;67;47
828.0;214;208;122;148;147;129;49;57;55;52;49;55;69;46
834.0;215;208;123;149;145;130;48;60;56;53;48;54;65;46
840.0;217;213;120;146;144;128;47;59;58;55;46;52;69;46
846.0;222;213;119;145;146;126;45;62;61;53;44;51;64;49
852.0;223;213;118;145;148;124;43;61;62;52;45;52;63;51
858.0;219;212;125;142;148;121;49;58;62;51;48;53;63;49
864.0;219;215;130;142;146;119;47;56;64;51;52;51;60;48
870.0;220;210;136;143;140;116;50;59;67;54;46;50;60;49
876.0;222;209;138;145;138;111;49;57;69;52;45;51;63;51
882.0;223;211;136;142;138;110;50;56;67;53;49;52;63;50
888.0;223;206;136;140;138;109;50;56;70;55;46;52;67;52
894.0;219;207;137;141;145;112;52;53;73;56;46;48;63;48
900.0;216;210;140;141;140;115;55;52;74;56;45;50;62;44
906.0;219;210;141;137;138;115;59;50;75;54;48;49;61;44
912.0;218;214;134;139;138;118;60;48;72;54;46;47;62;50
918.0;220;212;139;138;142;115;61;48;72;51;47;46;60;49
924.0;222;209;136;139;144;116;61;44;70;50;48;45;67;49
930.0;223;209;134;134;148;116;59;47;70;48;55;45;68;44
936.0;223;208;136;135;151;118;53;50;65;52;51;46;68;44
942.0;226;212;138;135;147;118;50;48;68;50;55;45;65;43
948.0;229;214;139;135;144;119;50;47;67;51;59;42;63;41
954.0;227;213;138;137;145;118;49;47;68;53;57;43;63;42
960.0;224;214;135;136;146;117;50;49;67;50;61;47;61;43
966.0;224;215;137;135;143;123;48;47;64;51;63;49;59;42
972.0;226;213;134;137;143;124;47;50;64;54;62;48;57;41
978.0;223;212;138;138;144;125;47;51;60;56;62;46;59;39
984.0;224;211;136;139;145;127;51;50;58;55;59;48;58;39
990.0;222;214;137;134;145;123;57;48;59;54;58;52;58;39
996.0;221;211;133;139;145;124;60;48;61;52;53;55;57;41
1002.0;223;215;133;141;143;123;59;48;62;50;52;53;58;40
1008.0;223;215;138;136;142;125;60;46;60;50;55;52;56;42
1014.0;222;217;139;136;145;126;60;44;59;49;56;53;52;42
1020.0;217;218;137;142;145;122;60;45;57;50;53;54;54;46
1026.0;220;219;137;138;146;124;54;47;58;51;47;55;55;49
1032.0;215;220;138;138;145;126;52;43;61;50;50;56;53;53
1038.0;217;219;141;135;142;127;52;44;60;49;50;59;55;50
1044.0;217;217;141;137;140;132;53;44;61;49;50;57;54;48
1050.0;215;217;140;142;141;129;56;43;59;47;52;59;51;49
1056.0;218;216;139;143;139;131;55;42;57;50;52;54;51;53
1062.0;219;220;138;139;140;128;54;45;54;50;51;54;51;57
1068.0;220;221;139;139;140;130;52;46;50;51;52;54;51;55
1074.0;220;220;140;136;138;127;51;50;48;51;59;55;49;56
1080.0;221;221;143;132;139;126;49;51;51;53;56;56;49;53
1086.0;225;222;147;137;140;126;43;51;50;49;54;53;53;50
1092.0;223;221;148;136;142;123;41;51;51;49;54;53;54;54
1098.0;226;222;150;134;139;123;42;52;51;50;54;53;53;51
1104.0;224;219;151;134;135;122;45;54;51;55;52;54;52;52
1110.0;222;223;153;134;131;121;45;55;49;56;52;51;54;54
1116.0;222;224;147;137;132;120;45;56;49;56;54;51;55;52
1122.0;220;224;146;134;132;118;47;58;53;55;53;50;58;52
1128.0;223;223;149;136;135;119;44;57;52;55;50;49;57;51
1134.0;222;219;150;135;137;123;45;56;52;53;50;50;55;53
1140.0;222;220;147;133;131;122;48;58;50;57;51;50;56;55
1146.0;217;227;144;130;129;121;49;55;48;61;52;53;57;57
1152.0;215;228;146;131;127;116;55;53;50;62;51;54;56;56
1158.0;215;225;148;129;127;118;53;51;53;62;52;53;59;55
1164.0;215;228;153;128;124;116;55;52;51;62;55;52;54;55
1170.0;212;227;154;129;125;118;56;53;51;67;52;52;54;50
1176.0;216;229;153;131;130;117;54;54;47;68;50;50;50;51
1182.0;219;226;151;130;131;122;51;56;47;65;50;55;47;50
1188.0;218;226;152;130;133;121;51;55;46;68;51;52;48;49
1194.0;217;226;151;130;134;118;53;58;45;68;49;52;49;50
1200.0;218;225;150;131;136;117;46;55;44;65;53;57;49;54
1206.0;215;231;148;132;134;118;47;54;42;60;55;59;49;56
1212.0;211;228;152;134;136;120;47;55;41;61;55;58;49;53
1218.0;212;226;151;132;136;121;45;53;41;61;56;57;54;55
1224.0;211;229;153;135;136;118;42;53;41;60;55;57;56;54
1230.0;206;228;149;135;138;121;45;53;42;62;50;60;57;54
1236.0;206;223;152;135;139;119;45;55;42;61;49;63;55;56
1242.0;207;224;154;137;140;127;40;55;39;61;46;63;51;56
1248.0;208;221;156;136;140;128;42;53;38;60;44;65;51;58
1254.0;210;225;159;138;137;131;39;51;37;55;43;65;51;59
1260.0;214;225;162;135;138;130;39;52;37;52;48;61;49;58
1266.0;216;224;161;137;134;130;40;52;40;49;50;60;51;56
1272.0;215;228;163;134;134;126;41;52;39;49;49;64;50;56
1278.0;216;225;157;137;131;123;40;55;43;51;50;66;53;53
1284.0;216;223;158;139;133;128;40;45;42;49;51;66;57;53
1290.0;216;219;153;142;135;128;43;42;41;53;53;68;54;53
1296.0;216;219;147;145;134;136;43;42;39;52;52;70;54;51
1302.0;214;216;149;146;134;132;45;45;41;52;52;71;53;50
1308.0;215;217;148;144;137;133;44;44;42;50;56;70;52;48
1314.0;219;211;149;143;133;136;45;43;44;55;53;69;53;47
1320.0;220;208;148;143;133;135;44;45;45;54;53;72;53;47
1326.0;220;210;146;145;133;134;46;43;46;51;54;76;51;45
1332.0;218;208;142;147;134;137;42;46;45;53;55;78;50;45
1338.0;217;208;143;146;135;136;43;46;47;54;53;77;49;46
1344.0;218;209;138;145;133;134;44;50;49;55;52;78;47;48
1350.0;221;213;138;143;132;132;46;50;50;52;51;77;47;48
1356.0;221;212;139;144;134;132;43;50;52;51;52;74;48;48
1362.0;220;211;139;146;137;128;46;47;54;51;51;72;47;51
1368.0;221;211;137;145;142;128;46;52;57;48;52;70;40;51
1374.0;222;211;138;141;142;131;46;50;54;50;53;71;43;48
1380.0;222;209;138;141;146;131;43;57;52;50;52;71;42;46
1386.0;219;208;138;140;145;131;44;58;55;50;55;66;44;47
1392.0;221;205;140;136;147;132;46;60;55;51;51;66;44;46
1398.0;219;204;140;132;149;135;43;63;56;51;51;64;46;47
1404.0;221;202;139;134;143;135;47;61;54;53;51;62;49;49
1410.0;219;202;138;133;146;135;47;61;51;54;52;63;50;49
1416.0;219;203;135;137;145;134;48;58;47;54;51;67;52;50
1422.0;217;205;132;140;144;133;49;58;49;55;55;66;49;48
1428.0;220;204;137;140;143;133;51;56;45;53;55;67;48;48
1434.0;218;205;137;139;143;134;51;53;43;55;55;68;51;48
1440.0;216;206;139;134;145;133;52;55;47;54;52;67;49;51
1446.0;215;208;140;135;144;132;53;53;50;56;53;64;45;52
1452.0;220;207;142;135;146;130;48;53;51;56;55;62;44;51
1458.0;219;210;137;137;148;131;44;51;54;55;56;62;45;51
1464.0;216;213;137;135;145;132;44;51;55;56;58;62;46;50
1470.0;219;212;140;134;144;129;45;49;59;54;56;61;47;51
1476.0;216;215;141;131;143;132;42;51;62;52;57;64;47;47
1482.0;218;216;139;131;144;130;45;52;65;48;54;64;50;44
1488.0;217;217;140;134;143;131;47;49;65;46;58;61;46;46
1494.0;217;218;143;135;139;132;46;49;68;47;56;57;46;47
1500.0;217;217;143;133;137;133;42;51;68;44;61;59;47;48
1506.0;218;217;143;133;136;131;43;53;66;41;61;60;50;48
1512.0;227;218;142;132;138;130;45;53;68;42;54;55;50;46
1518.0;220;220;145;131;137;131;46;54;69;41;54;58;49;45
1524.0;217;219;143;128;139;133;47;49;73;45;51;63;49;44
1530.0;216;217;142;127;141;134;47;49;70;42;53;67;52;43
1536.0;219;218;143;127;138;136;48;47;69;44;51;63;54;43
1542.0;223;217;144;123;137;135;49;48;67;46;51;63;52;45
1548.0;225;219;142;126;132;138;47;46;65;43;54;65;49;49
1554.0;221;217;142;126;130;138;47;47;68;50;55;63;48;48
1560.0;226;217;138;124;131;138;52;47;71;49;54;59;45;49
1566.0;223;216;139;127;130;138;50;53;71;47;54;55;47;50
1572.0;223;214;141;125;135;137;53;52;67;50;55;54;46;48
1578.0;221;210;142;130;134;142;55;52;67;50;53;50;45;49
1584.0;224;207;146;132;134;143;51;52;70;46;48;53;45;49
1590.0;227;207;143;136;137;137;53;53;67;46;48;53;44;49
1596.0;230;207;142;133;136;138;51;52;66;47;50;56;46;46
1602.0;226;203;144;132;135;144;52;53;65;47;50;57;43;49
1608.0;225;204;145;135;134;140;55;51;65;47;49;57;45;48
1614.0;224;204;146;135;133;137;59;49;63;46;49;56;47;52
1620.0;223;205;147;135;132;138;55;50;68;41;50;60;49;47
1626.0;226;205;146;137;134;137;54;50;68;42;47;58;50;46
1632.0;231;209;145;140;131;138;50;52;64;40;45;58;52;45
1638.0;226;209;145;142;132;137;49;53;64;43;45;59;50;46
1644.0;227;213;143;146;131;133;49;53;63;43;43;57;50;49
1650.0;225;210;145;143;134;134;48;56;63;42;46;55;50;49
1656.0;226;209;141;142;132;136;53;55;61;38;46;57;52;52
1662.0;226;207;140;144;133;135;51;53;62;40;47;56;51;55
1668.0;225;208;140;141;139;136;52;55;63;42;45;50;48;56
1674.0;223;205;145;139;142;136;52;56;63;41;43;48;51;56
1680.0;223;205;144;140;142;139;55;55;61;41;40;49;51;55
1686.0;220;207;141;140;139;138;52;56;63;44;43;49;52;56
1692.0;218;208;140;141;141;135;53;55;63;45;45;48;50;58
1698.0;220;208;138;142;141;133;53;58;60;48;49;47;48;55
1704.0;217;207;138;140;144;135;53;57;62;47;52;46;50;52
1710.0;219;212;131;138;144;135;52;55;63;51;50;43;53;54
1716.0;223;210;129;139;145;133;53;56;64;50;52;45;49;52
1722.0;221;208;131;138;149;138;50;52;66;50;49;45;50;53
1728.0;217;208;134;136;149;140;50;53;67;46;47;41;55;57
1734.0;213;207;134;135;153;142;52;57;61;45;49;38;56;58
1740.0;211;209;134;134;154;141;51;57;61;46;49;38;56;59
1746.0;210;211;134;135;155;145;51;56;59;43;51;36;56;58
1752.0;212;212;132;136;157;150;46;54;57;42;48;42;56;56
1758.0;212;211;132;135;157;151;46;51;58;42;48;45;54;58
1764.0;212;211;136;135;154;150;48;51;56;47;45;44;53;58
1770.0;212;211;136;135;151;151;50;53;54;47;46;42;55;57
1776.0;212;212;132;131;153;153;51;53;53;49;48;44;55;54
1782.0;214;212;135;132;149;154;52;52;52;51;50;41;55;51
1788.0;213;212;135;133;150;149;56;49;52;50;47;43;57;54
1794.0;213;212;135;130;151;149;53;50;52;52;45;42;58;58
1800.0;214;211;133;129;151;151;53;49;53;52;45;40;59;60
1806.0;216;210;139;133;148;148;53;50;53;51;41;41;60;57
1812.0;218;210;141;130;149;150;51;51;54;52;41;41;57;55
1818.0;219;211;143;132;146;152;52;46;56;57;40;40;53;53
1824.0;219;214;141;134;142;152;52;42;58;54;42;44;55;51
1830.0;217;213;142;133;141;151;50;41;57;55;43;47;56;54
1836.0;217;210;139;133;143;150;50;44;54;56;46;45;59;54
1842.0;216;210;141;138;137;148;50;47;56;59;46;44;53;55
1848.0;216;211;142;135;136;146;50;48;56;61;50;45;51;53
1854.0;215;211;143;134;135;145;51;49;59;58;48;44;52;56
1860.0;213;212;143;129;135;145;52;54;59;61;48;42;50;57
1866.0;213;213;142;131;135;142;52;55;61;62;46;42;50;56
1872.0;214;211;142;132;136;143;52;53;61;60;47;41;52;56
1878.0;212;210;143;133;136;141;54;51;63;58;47;42;55;55
1884.0;215;213;141;135;136;140;51;51;64;51;47;43;54;59
1890.0;212;213;140;134;137;143;47;52;64;45;47;45;58;63
1896.0;212;214;147;137;140;141;47;50;65;43;43;45;53;63
1902.0;210;217;150;135;140;141;45;53;65;44;41;45;50;64
1908.0;209;216;151;134;144;141;44;54;61;45;43;45;47;66
1914.0;205;216;148;134;147;141;49;54;62;43;42;47;46;66
1920.0;205;213;147;134;147;141;51;56;57;44;42;48;47;68
1926.0;202;213;152;136;144;140;56;54;54;44;40;49;47;69
1932.0;204;210;154;135;145;136;57;53;54;44;42;54;48;64
1938.0;205;210;153;134;148;137;56;51;53;45;39;55;51;63
1944.0;204;209;152;133;146;138;57;51;57;45;43;52;49;64
1950.0;209;210;149;134;146;139;57;52;52;45;41;53;47;66
1956.0;207;204;149;134;144;144;57;54;55;43;45;54;44;66
1962.0;207;204;144;136;142;145;59;54;52;43;44;53;47;70
1968.0;210;202;143;138;144;147;60;52;50;44;45;49;45;71
1974.0;211;205;143;138;141;142;59;52;52;46;49;49;45;68
