#auto generated file!
12.0;87;75;79;66;65;75;68;78;60;65;64;79;73;66
18.0;90;78;80;69;67;76;64;76;60;65;66;77;71;61
24.0;90;81;82;68;69;78;64;74;59;59;68;75;71;62
30.0;98;83;80;70;68;79;63;71;56;59;67;75;67;64
36.0;100;85;81;68;72;83;59;66;56;58;65;77;68;62
42.0;98;84;82;68;74;83;59;69;62;58;62;75;64;62
48.0;99;89;83;68;79;85;55;70;58;57;59;76;58;64
54.0;103;91;83;69;76;88;57;70;56;54;58;74;56;65
60.0;103;92;82;70;80;89;56;67;60;57;57;72;55;60
66.0;105;91;81;75;82;94;56;62;61;55;51;72;54;61
72.0;103;93;78;77;83;95;51;65;61;56;48;71;57;62
78.0;103;93;78;79;83;98;52;62;62;51;51;69;59;60
84.0;106;95;81;80;82;97;52;64;61;47;54;68;56;57
90.0;110;96;85;81;79;98;49;65;58;50;52;66;55;56
96.0;112;98;87;80;79;96;51;66;58;52;49;63;54;55
102.0;112;100;87;78;79;103;51;62;57;54;45;65;53;54
108.0;114;103;89;74;78;104;51;62;55;52;44;66;51;57
114.0;114;102;88;75;79;107;49;57;56;53;43;69;52;56
120.0;114;101;88;74;80;109;49;59;56;53;40;70;51;56
126.0;115;104;88;71;82;110;47;60;57;55;38;69;48;56
132.0;116;104;88;73;82;109;49;60;56;53;39;67;50;54
138.0;116;101;86;73;85;105;49;59;56;57;42;67;48;56
144.0;117;101;87;69;83;106;51;62;56;52;46;67;47;56
150.0;118;100;88;72;86;108;48;61;58;52;45;67;43;54
156.0;117;100;91;72;84;109;44;59;62;52;44;66;46;54
162.0;118;99;90;74;85;107;46;61;63;50;48;63;44;52
168.0;117;101;87;76;86;112;44;62;61;50;47;64;41;52
174.0;118;100;86;80;88;111;43;63;58;52;45;65;41;50
180.0;119;100;87;80;87;112;45;62;59;52;44;63;43;47
186.0;118;102;87;79;87;115;44;63;61;57;43;60;40;44
192.0;121;102;88;76;89;114;42;64;64;56;41;61;41;41
198.0;124;102;88;76;87;114;44;64;62;54;41;62;40;42
204.0;127;106;87;74;89;113;47;62;57;53;41;62;37;45
210.0;125;108;86;76;89;116;44;59;60;53;43;60;34;47
216.0;129;109;85;77;87;118;41;60;59;54;43;55;37;46
222.0;132;106;83;77;88;122;43;59;59;54;43;54;37;43
228.0;130;107;81;78;87;121;42;58;63;56;44;54;37;42
234.0;133;110;80;79;88;119;47;54;64;55;41;51;39;40
240.0;133;111;79;77;89;119;53;53;64;55;40;51;39;37
246.0;135;113;82;78;91;115;52;54;63;52;37;51;44;33
252.0;136;112;82;78;89;117;53;56;63;52;35;50;44;33
258.0;137;112;82;77;88;119;50;55;62;51;37;53;44;33
264.0;135;112;84;79;89;120;54;57;60;47;36;52;43;32
270.0;133;111;85;80;94;120;52;53;61;47;32;56;44;32
276.0;134;109;85;80;92;121;49;58;59;49;31;58;44;31
282.0;133;110;83;79;93;122;50;55;61;48;31;60;42;33
288.0;135;111;83;78;95;124;52;54;58;46;31;60;41;32
294.0;135;109;81;79;96;128;50;52;56;47;32;56;44;35
300.0;139;110;81;82;93;127;46;53;55;48;32;53;44;37
306.0;137;109;81;80;92;127;47;52;54;50;35;51;43;42
312.0;135;110;85;82;90;127;45;51;54;46;36;50;44;45
318.0;140;110;84;87;90;130;44;49;51;43;36;49;44;43
324.0;138;113;79;91;90;132;43;45;52;45;37;48;47;40
330.0;140;115;81;93;87;133;42;47;48;45;39;46;47;37
336.0;139;121;82;92;87;132;42;45;48;48;36;45;46;37
342.0;139;123;80;94;89;131;48;41;49;46;35;42;49;34
348.0;142;127;75;94;88;131;51;39;50;48;30;42;46;37
354.0;143;125;76;95;88;134;51;39;48;50;31;41;44;35
360.0;143;127;79;94;86;131;51;39;46;52;32;40;43;37
366.0;146;128;81;94;88;130;48;38;43;54;30;40;43;37
372.0;145;128;82;95;88;129;49;39;46;53;30;42;39;35
378.0;146;131;83;99;88;131;50;38;38;52;32;41;36;35
384.0;145;132;82;99;90;129;52;34;36;56;32;40;36;37
390.0;147;128;81;98;91;129;53;32;37;56;33;40;39;36
396.0;149;125;82;101;90;124;54;32;34;57;31;42;38;41
402.0;149;123;83;100;89;126;55;33;36;53;30;44;39;40
408.0;148;125;85;102;90;122;52;33;35;56;32;45;38;37
414.0;148;127;84;100;90;125;51;38;38;53;29;44;34;39
420.0;150;129;87;97;89;122;47;39;37;53;30;46;36;38
426.0;154;128;88;95;88;118;49;39;36;55;32;42;40;36
432.0;152;128;88;96;86;117;49;39;38;60;33;39;41;34
438.0;152;128;87;95;86;118;47;40;38;62;34;39;40;34
444.0;152;127;85;101;87;119;49;41;39;59;34;40;37;30
450.0;151;128;82;100;87;118;50;41;41;60;34;42;37;29
456.0;149;129;81;103;85;118;49;43;42;57;36;44;36;28
462.0;150;128;77;100;90;118;50;43;45;61;34;41;34;29
468.0;151;129;79;103;89;114;52;43;41;58;35;40;35;31
474.0;152;129;83;99;89;115;53;43;41;58;33;39;37;29
480.0;153;127;82;99;89;113;53;46;43;54;36;38;39;28
486.0;153;125;84;101;92;111;54;45;42;51;37;39;40;26
492.0;152;125;88;101;96;112;51;43;42;50;37;40;36;27
498.0;153;125;89;101;96;111;50;42;41;49;37;39;39;28
504.0;153;129;89;99;96;110;46;43;41;49;35;39;41;30
510.0;151;127;91;98;92;109;48;43;44;51;35;41;40;30
516.0;155;131;93;97;92;106;48;43;44;49;35;42;37;28
522.0;156;132;93;98;95;102;47;45;39;48;36;43;39;27
528.0;160;134;94;99;96;99;42;44;39;50;36;41;38;28
534.0;159;133;92;100;100;96;43;41;43;50;37;39;40;27
540.0;161;133;91;102;98;98;41;40;43;50;35;37;40;31
546.0;163;133;93;103;93;98;41;40;42;50;37;36;38;33
552.0;160;133;95;101;95;99;37;43;45;52;34;36;40;30
558.0;160;131;97;98;98;102;38;40;46;46;36;38;40;30
564.0;162;131;98;96;98;103;38;40;46;44;38;36;42;28
570.0;163;133;97;95;95;103;42;41;43;44;37;36;42;29
576.0;162;131;98;95;95;106;39;41;43;45;36;37;43;29
582.0;164;131;97;93;96;106;39;41;43;42;40;37;44;27
588.0;166;128;98;97;92;104;42;40;47;41;41;34;38;32
594.0;164;127;99;97;91;103;43;41;45;41;45;35;37;32
600.0;164;128;99;101;89;103;43;41;43;46;44;34;32;33
606.0;166;128;99;98;91;101;41;40;42;46;43;38;32;35
612.0;164;130;95;98;91;100;43;43;40;46;41;40;34;35
618.0;164;132;98;99;88;102;45;44;41;45;40;39;29;34
624.0;164;133;99;99;87;103;44;45;41;45;40;36;29;35
630.0;165;134;96;103;90;101;41;44;45;44;39;38;27;33
636.0;162;133;95;103;89;100;42;41;43;48;42;38;25;39
642.0;163;134;92;101;88;99;43;41;44;47;42;37;30;39
648.0;165;134;92;100;87;102;44;41;43;43;41;39;30;39
654.0;165;132;92;96;90;101;43;43;44;43;41;39;31;40
660.0;166;129;94;100;91;100;40;43;42;43;42;38;32;40
666.0;163;131;91;100;92;98;39;44;43;42;43;41;32;41
672.0;160;130;88;99;90;100;36;44;43;46;46;42;34;42
678.0;160;133;89;101;92;98;35;43;43;45;43;41;35;42
684.0;161;131;88;102;95;100;36;41;45;44;44;41;32;40
690.0;160;132;86;105;96;104;38;40;44;41;44;39;33;38
696.0;159;130;89;106;96;105;40;42;42;41;42;38;32;38
702.0;156;132;87;108;98;106;42;41;40;41;43;38;34;34
708.0;157;133;89;107;100;107;40;42;38;40;43;37;33;34
714.0;155;136;90;107;99;104;42;40;39;42;43;34;36;33
720.0;155;138;94;107;97;103;40;41;37;42;45;34;36;31
726.0;153;138;98;105;97;102;38;43;37;43;46;34;35;31
732.0;154;139;98;105;97;101;43;42;35;44;47;34;33;28
738.0;155;144;101;103;101;103;40;38;34;40;48;33;31;29
744.0;153;144;101;106;99;103;41;39;33;40;46;34;31;30
750.0;155;142;105;108;99;102;37;39;33;40;45;35;32;28
756.0;160;142;104;107;99;101;37;36;34;42;44;34;32;28
762.0;158;143;105;112;101;102;36;39;32;40;42;33;30;27
768.0;155;144;104;111;100;104;35;42;35;38;43;34;30;25
774.0;153;143;102;109;105;106;32;41;33;39;44;35;31;27
780.0;149;146;104;111;102;106;31;42;30;38;43;37;31;30
786.0;148;148;102;116;105;103;35;42;28;36;40;34;32;31
792.0;144;149;103;115;104;105;34;41;29;38;42;34;31;31
798.0;143;151;102;116;102;106;35;40;29;35;43;31;34;33
804.0;145;149;103;115;104;108;38;38;28;34;40;33;33;32
810.0;144;150;102;118;104;110;36;39;29;33;38;33;32;32
816.0;140;150;102;117;104;110;39;39;28;35;40;35;30;31
822.0;137;153;101;116;106;108;40;39;28;35;39;35;31;32
828.0;138;153;102;121;107;104;37;36;28;36;39;38;32;29
834.0;136;150;98;119;108;102;40;39;28;37;40;38;32;33
840.0;135;145;100;119;108;104;40;40;28;38;38;39;32;34
846.0;135;148;100;116;108;102;39;44;28;38;39;38;30;35
852.0;137;149;102;114;106;100;42;42;28;39;40;36;30;35
858.0;138;152;100;114;104;105;43;42;28;37;38;37;29;33
864.0;139;152;100;112;103;102;47;45;27;35;35;39;31;33
870.0;140;152;98;111;103;101;46;50;25;36;34;39;30;35
876.0;141;152;98;111;102;100;44;51;26;35;36;38;32;34
882.0;143;152;98;106;103;99;48;51;25;34;37;39;36;29
888.0;141;153;98;104;101;96;50;55;25;37;38;37;38;27
894.0;141;155;97;105;102;96;51;49;23;38;38;39;39;27
900.0;141;156;98;107;101;97;51;46;27;35;39;36;39;27
906.0;141;155;99;105;104;93;52;44;27;39;40;34;39;28
912.0;140;155;102;100;102;95;51;45;30;38;39;35;40;28
918.0;140;153;102;97;100;96;54;46;31;40;39;35;39;28
924.0;139;157;103;100;99;94;54;44;30;40;40;35;36;29
930.0;140;158;103;97;97;93;50;42;34;43;40;36;35;32
936.0;143;160;104;94;95;94;47;42;34;40;40;36;37;34
942.0;145;160;106;89;95;93;46;41;35;38;40;36;37;39
948.0;147;160;107;86;94;95;49;38;33;37;40;37;35;42
954.0;148;158;106;87;95;94;50;38;32;35;41;38;34;44
960.0;146;157;103;87;96;96;50;37;32;35;41;37;37;46
966.0;149;158;103;88;94;95;48;34;35;37;44;35;34;46
972.0;144;162;103;90;93;93;49;33;36;35;43;35;35;49
978.0;145;166;101;92;95;91;50;32;37;36;42;31;33;49
984.0;145;165;103;95;97;89;51;31;38;34;42;29;33;48
990.0;146;164;103;95;94;88;49;30;38;33;45;29;39;47
996.0;144;159;103;96;96;87;48;31;40;32;42;32;41;49
1002.0;145;160;104;94;97;87;47;31;37;34;40;35;40;49
1008.0;145;161;106;93;99;85;48;31;37;31;42;35;38;49
1014.0;144;161;106;94;102;88;44;30;38;32;40;34;39;48
1020.0;145;161;105;96;101;86;41;28;38;31;44;34;42;48
1026.0;148;163;105;98;98;86;37;31;36;32;44;35;41;46
1032.0;151;162;105;98;98;85;39;31;36;32;42;37;38;46
1038.0;151;161;103;97;99;86;39;33;34;34;41;39;39;44
1044.0;149;161;100;101;99;84;37;35;34;34;39;39;41;47
1050.0;148;163;99;102;98;85;37;36;34;36;39;38;41;44
1056.0;148;165;102;101;97;82;37;38;34;31;38;39;44;44
1062.0;149;168;102;103;98;80;35;39;31;29;39;39;43;45
1068.0;146;166;101;101;100;78;37;41;31;32;39;40;43;45
1074.0;149;165;102;98;96;79;41;40;29;34;39;38;46;44
1080.0;150;164;99;97;95;78;40;42;30;36;40;38;49;42
1086.0;149;162;96;96;97;78;42;39;32;38;39;39;49;44
1092.0;146;163;96;99;100;77;41;38;34;38;37;41;47;43
1098.0;145;163;97;98;100;78;40;37;36;37;36;40;50;43
1104.0;143;163;97;95;108;76;40;36;35;35;37;40;51;44
1110.0;145;163;97;93;106;73;45;35;33;36;35;42;53;44
1116.0;146;162;99;94;104;74;43;34;36;35;33;43;54;43
1122.0;145;161;98;95;105;75;43;30;39;33;32;46;55;43
1128.0;142;162;95;92;105;78;40;36;42;33;31;45;52;47
1134.0;139;164;94;93;103;77;41;34;44;36;32;45;52;46
1140.0;140;164;95;95;104;76;43;35;40;40;29;43;48;48
1146.0;142;164;96;94;103;79;43;39;38;40;27;43;46;46
1152.0;142;165;94;93;103;81;41;39;40;40;28;43;46;45
1158.0;143;164;95;94;100;82;38;40;39;39;30;45;46;45
1164.0;141;162;96;95;101;84;38;44;39;35;30;47;43;45
1170.0;139;158;99;98;101;84;40;41;40;34;29;49;44;44
1176.0;140;157;98;98;100;84;39;43;39;35;28;50;42;47
1182.0;143;157;96;97;99;84;40;45;42;33;31;46;39;48
1188.0;143;158;94;95;100;84;41;46;41;32;34;44;41;47
1194.0;141;158;94;90;101;81;44;45;43;36;33;47;41;46
1200.0;142;156;94;93;100;80;44;46;44;34;34;48;40;45
1206.0;139;157;95;96;100;80;43;47;44;35;31;47;41;45
1212.0;140;154;96;99;99;81;41;46;45;35;32;45;42;45
1218.0;141;152;95;99;100;84;40;44;45;35;35;43;43;44
1224.0;143;156;95;99;98;83;38;43;43;38;36;44;43;41
1230.0;141;155;95;97;97;83;37;44;43;37;38;47;43;43
1236.0;141;155;96;96;98;83;38;46;41;37;41;47;43;38
1242.0;141;156;96;97;97;83;39;47;40;37;40;45;42;40
1248.0;141;156;95;102;100;83;38;46;42;39;35;41;42;40
1254.0;142;157;98;100;98;82;40;47;40;41;31;41;42;41
1260.0;143;157;98;97;99;81;39;47;44;43;32;38;39;43
1266.0;147;156;99;94;99;84;40;49;41;41;33;35;39;43
1272.0;146;155;101;93;98;85;42;50;40;39;33;37;39;42
1278.0;145;157;98;91;99;86;43;50;38;40;31;38;42;42
1284.0;143;158;98;90;97;86;42;49;37;40;31;41;45;43
1290.0;145;159;97;89;98;87;42;48;36;38;31;43;45;42
1296.0;145;159;97;89;95;90;42;49;34;43;29;44;45;39
1302.0;145;159;98;88;98;91;46;49;30;44;30;41;44;37
1308.0;142;158;98;89;98;90;46;49;30;41;33;44;44;38
1314.0;142;157;100;85;100;92;46;50;33;38;31;44;44;38
1320.0;140;159;101;85;100;93;44;53;34;38;29;41;43;40
1326.0;140;157;101;87;98;91;45;52;33;39;28;43;46;40
1332.0;141;155;100;84;102;93;46;54;30;40;27;47;42;39
1338.0;137;154;99;85;105;98;46;53;31;41;26;49;42;34
1344.0;139;150;100;85;104;97;49;53;33;41;25;49;41;34
1350.0;138;149;99;85;103;99;51;50;35;41;26;50;39;35
1356.0;138;150;102;85;104;97;52;49;35;45;25;45;37;36
1362.0;138;150;102;85;102;97;53;51;35;43;27;46;37;34
1368.0;138;150;101;85;102;99;51;51;34;45;28;45;38;33
1374.0;136;150;99;83;105;98;53;51;33;44;31;43;40;34
1380.0;135;150;99;82;105;97;53;50;35;40;29;48;41;36
1386.0;135;149;98;84;102;96;51;52;34;43;30;51;39;36
1392.0;136;146;99;83;102;94;49;52;38;46;29;53;38;35
1398.0;135;145;98;84;102;95;46;52;40;48;31;49;37;38
1404.0;135;148;96;83;100;95;49;50;39;48;32;50;34;41
1410.0;134;143;98;86;97;97;50;49;42;46;33;48;36;41
1416.0;133;142;102;86;102;94;45;49;40;46;32;51;37;41
1422.0;134;143;102;93;100;94;42;48;38;47;31;51;38;39
1428.0;133;143;105;95;100;96;41;47;37;48;30;49;38;38
1434.0;137;144;103;95;99;98;40;44;36;50;30;48;38;38
1440.0;140;145;102;95;101;98;38;45;35;51;31;47;35;37
1446.0;141;147;100;95;104;97;38;48;34;54;29;44;34;35
1452.0;140;146;100;95;104;98;39;46;37;54;29;47;31;34
1458.0;142;147;100;92;105;98;38;46;33;50;32;47;35;35
1464.0;142;146;98;90;106;98;39;44;35;50;32;50;35;35
1470.0;141;148;96;91;107;97;37;45;38;48;33;52;35;32
1476.0;144;149;97;90;104;97;35;47;38;46;32;51;36;34
1482.0;144;149;101;90;104;94;33;49;36;47;31;50;37;35
1488.0;144;146;101;92;105;93;35;50;36;46;29;46;39;38
1494.0;143;146;101;93;104;91;35;48;37;47;29;48;41;37
1500.0;144;148;103;90;104;89;36;46;37;46;30;50;38;39
1506.0;145;147;101;89;107;89;32;47;39;46;31;50;37;40
1512.0;143;145;99;93;109;88;31;46;36;48;32;50;39;41
1518.0;144;143;101;94;109;87;29;48;36;46;31;50;38;44
1524.0;143;146;103;94;109;90;33;49;35;45;28;47;35;43
1530.0;144;147;102;95;106;88;38;48;31;45;30;45;37;44
1536.0;142;148;104;93;106;86;38;48;33;48;31;44;34;45
1542.0;142;149;104;92;109;85;35;45;36;47;33;42;35;46
1548.0;140;149;103;92;112;83;37;45;36;49;29;43;35;47
1554.0;138;147;103;93;113;84;34;45;37;47;31;42;37;49
1560.0;141;148;104;96;112;82;34;41;37;46;31;40;38;50
1566.0;143;148;105;96;109;82;34;43;36;46;31;40;38;49
1572.0;143;150;104;94;105;81;36;42;37;49;32;42;36;49
1578.0;142;149;102;96;105;82;37;42;39;48;34;42;35;47
1584.0;143;152;107;95;103;82;36;42;39;43;33;42;36;47
1590.0;144;151;107;96;102;80;36;41;40;41;36;40;38;48
1596.0;145;151;110;94;105;80;38;38;38;40;38;40;37;46
1602.0;145;152;110;93;104;84;34;37;38;40;37;42;40;44
1608.0;145;150;108;91;106;89;35;37;38;37;38;40;41;45
1614.0;142;151;106;90;105;92;34;39;42;38;39;39;39;44
1620.0;141;150;105;87;105;91;35;44;41;36;41;41;42;41
1626.0;142;150;101;86;104;91;33;44;43;40;42;41;42;41
1632.0;144;149;102;89;102;94;33;43;44;39;44;39;37;41
1638.0;146;151;96;89;102;93;34;45;45;39;45;37;35;43
1644.0;149;148;96;90;102;93;39;44;43;39;46;33;32;46
1650.0;148;148;94;88;102;96;42;44;42;38;47;33;32;46
1656.0;150;147;94;91;101;97;36;45;40;39;48;32;32;48
1662.0;149;147;95;94;101;96;36;43;42;38;48;32;30;49
1668.0;149;151;96;93;101;96;36;45;43;36;46;30;33;45
1674.0;151;152;95;93;100;98;36;41;42;34;49;31;34;44
1680.0;153;154;92;90;99;98;35;43;41;37;50;32;32;44
1686.0;157;153;93;89;99;97;35;45;39;37;46;34;31;45
1692.0;155;155;89;92;99;95;35;45;38;34;47;31;37;48
1698.0;157;155;87;94;100;91;32;45;40;37;44;31;37;50
1704.0;158;155;91;95;99;90;31;43;38;35;46;28;42;49
1710.0;158;155;92;93;101;92;30;47;38;34;48;29;38;45
1716.0;155;159;90;95;102;92;29;46;35;36;46;29;39;47
1722.0;156;160;90;95;101;89;29;47;32;37;47;33;40;44
1728.0;157;161;90;94;97;88;29;45;31;38;50;35;39;46
1734.0;157;161;92;93;96;89;29;47;30;37;50;34;37;48
1740.0;159;162;92;86;93;92;29;47;32;38;47;37;38;48
1746.0;161;164;91;87;94;94;30;45;31;37;45;34;37;50
1752.0;162;164;94;87;93;96;33;43;30;34;44;33;37;50
1758.0;162;161;93;89;91;96;35;46;26;32;42;34;39;54
1764.0;162;162;93;87;91;95;35;47;27;33;40;34;39;55
1770.0;160;156;92;81;95;98;35;49;26;34;41;35;42;56
1776.0;158;154;91;83;96;98;33;50;26;35;44;33;44;55
1782.0;160;155;90;83;97;100;30;48;28;34;42;33;46;54
1788.0;160;155;92;85;97;101;29;44;28;33;42;36;46;52
1794.0;163;155;91;87;98;101;29;45;27;31;45;34;45;49
1800.0;162;152;90;92;97;98;30;46;27;35;43;38;42;48
1806.0;157;152;90;90;100;102;27;44;30;35;44;38;42;49
1812.0;157;149;84;91;102;103;26;44;30;36;44;40;45;49
1818.0;157;149;84;93;100;102;26;45;28;39;45;39;44;49
1824.0;160;151;82;96;98;96;28;46;28;38;46;38;47;46
1830.0;161;148;80;95;97;96;30;46;28;39;46;38;49;47
1836.0;159;146;81;93;98;94;31;50;28;36;47;37;49;51
1842.0;159;148;80;93;97;95;33;47;28;39;47;39;46;49
1848.0;158;148;81;91;97;99;34;49;27;39;46;38;46;47
1854.0;160;149;80;93;95;99;33;48;27;39;45;41;46;45
1860.0;158;149;82;93;96;97;32;46;29;39;45;42;49;43
1866.0;158;147;81;94;99;97;37;48;31;36;42;41;49;40
1872.0;162;146;83;92;101;96;37;45;33;35;40;43;48;39
1878.0;161;150;78;96;99;96;38;43;32;36;39;43;51;38
1884.0;161;150;78;94;99;98;40;43;30;37;38;44;50;38
1890.0;158;152;78;93;98;101;38;43;30;37;42;44;48;38
1896.0;160;152;81;93;94;101;39;43;33;37;41;42;47;37
1902.0;161;152;84;95;92;100;38;41;33;37;39;43;48;37
1908.0;160;153;88;101;92;99;37;40;33;37;39;40;45;36
1914.0;161;153;84;100;92;101;37;40;32;36;43;40;46;35
1920.0;161;153;84;97;93;103;31;41;35;35;44;41;47;35
1926.0;162;154;84;97;95;100;30;41;36;35;44;40;48;34
1932.0;160;152;83;99;96;101;31;39;34;34;47;42;49;33
1938.0;155;154;82;99;97;102;31;40;34;36;48;43;46;33
1944.0;158;153;83;101;98;101;32;40;34;37;47;41;46;29
1950.0;161;154;84;98;99;102;32;37;33;38;47;38;49;28
1956.0;159;156;84;96;98;104;33;37;34;40;44;40;48;27
1962.0;160;155;85;98;98;105;34;35;33;43;44;39;46;25
1968.0;158;156;85;98;99;100;34;34;32;47;46;39;47;25
1974.0;159;156;85;97;100;98;34;35;33;46;45;39;46;27
