#auto generated file!
12.0;79;89;66;87;87;108;79;87;75;81;83;87;83;109
18.0;79;95;70;90;87;109;78;87;71;83;78;86;81;106
24.0;78;100;76;88;87;110;78;87;68;78;80;87;80;103
30.0;82;99;79;88;87;114;77;84;68;80;81;86;74;101
36.0;89;104;76;85;89;114;75;82;66;76;87;82;75;100
42.0;93;103;75;84;94;118;74;81;64;72;89;79;77;97
48.0;93;105;77;86;96;120;77;78;63;71;89;75;74;96
54.0;99;107;78;82;100;121;75;79;61;70;88;72;70;98
60.0;98;107;81;84;103;124;75;73;60;68;87;70;73;97
66.0;97;107;82;87;106;124;72;71;61;72;83;75;71;92
72.0;96;112;84;89;102;125;71;70;65;67;82;75;73;89
78.0;99;112;84;90;100;121;68;70;67;66;84;79;72;88
84.0;100;112;85;94;100;120;68;68;66;63;85;75;76;88
90.0;98;115;84;94;102;121;67;67;66;66;84;70;77;89
96.0;103;116;89;95;104;121;67;62;70;62;82;64;75;90
102.0;106;119;88;94;102;126;68;59;68;64;82;58;77;89
108.0;110;121;91;95;102;123;69;57;67;62;79;58;77;89
114.0;113;123;93;100;101;123;64;59;68;62;75;60;74;85
120.0;119;123;93;99;103;126;65;57;64;65;72;61;69;84
126.0;117;126;95;101;105;124;59;57;68;65;73;59;69;82
132.0;123;127;95;102;103;124;57;60;71;63;66;57;72;80
138.0;123;126;93;101;102;124;64;57;75;66;68;53;72;76
144.0;124;126;96;101;103;122;63;58;73;64;71;55;71;73
150.0;123;124;96;106;102;117;66;59;68;65;72;57;73;72
156.0;123;126;95;108;104;113;68;61;67;65;71;58;74;67
162.0;124;126;97;108;104;117;67;62;67;63;69;57;75;64
168.0;123;125;98;107;107;119;64;61;69;66;67;57;74;63
174.0;126;127;98;109;105;119;64;59;70;62;69;57;73;62
180.0;127;126;101;104;108;124;68;55;71;63;68;52;73;60
186.0;129;126;102;105;106;123;69;56;74;62;69;47;71;61
192.0;131;128;105;105;106;125;67;55;71;57;70;44;68;68
198.0;129;130;106;108;108;125;69;54;69;56;68;45;68;65
204.0;132;131;106;104;107;125;70;56;66;57;65;45;69;67
210.0;135;132;107;103;104;124;68;55;66;60;60;51;67;68
216.0;136;127;110;103;104;123;70;53;65;60;61;52;66;70
222.0;136;126;111;104;107;126;67;53;63;59;60;53;67;68
228.0;140;129;112;105;108;127;69;53;55;58;61;54;64;65
234.0;138;127;112;109;110;128;68;54;56;60;62;52;62;62
240.0;142;128;115;109;108;131;67;52;55;57;59;50;63;64
246.0;142;129;122;106;107;128;66;51;58;56;62;47;63;63
252.0;142;128;122;107;108;126;65;52;56;54;58;54;64;64
258.0;143;126;123;108;112;126;64;47;56;54;58;52;64;67
264.0;139;128;124;108;116;129;61;44;57;55;59;51;63;66
270.0;140;130;126;106;114;126;61;46;53;53;60;52;65;68
276.0;147;131;122;105;116;126;59;48;53;53;60;50;63;67
282.0;147;127;123;105;117;125;58;49;55;52;64;52;62;64
288.0;148;127;120;108;120;125;56;48;55;51;61;55;63;63
294.0;144;132;120;108;119;121;57;50;58;50;61;56;62;62
300.0;143;135;119;110;121;122;56;47;55;50;63;58;64;57
306.0;145;137;120;111;118;122;55;46;55;48;62;60;62;59
312.0;146;139;118;109;118;120;52;49;58;48;61;61;63;58
318.0;147;140;117;109;117;123;55;47;58;49;60;60;62;56
324.0;149;138;117;108;117;123;58;46;59;54;59;57;60;55
330.0;149;139;118;107;115;121;59;43;57;55;63;57;61;56
336.0;148;140;117;105;116;123;54;46;57;51;69;56;63;55
342.0;146;140;115;108;118;124;54;45;56;49;70;57;64;54
348.0;148;144;115;110;114;123;54;45;57;47;69;53;64;57
354.0;149;143;120;111;113;123;54;45;57;48;69;53;62;53
360.0;150;147;119;112;111;123;53;46;57;47;67;54;63;51
366.0;152;147;118;111;112;121;57;44;58;46;68;53;61;52
372.0;151;147;120;111;113;123;59;45;54;43;65;55;59;55
378.0;154;148;119;109;111;120;59;49;51;45;68;53;59;55
384.0;153;150;122;113;114;118;62;47;54;42;64;51;60;50
390.0;154;151;123;114;116;119;59;45;55;44;61;53;63;43
396.0;155;153;122;114;119;119;62;41;55;43;60;52;64;41
402.0;156;156;122;116;119;120;61;41;55;44;60;52;59;39
408.0;156;156;123;116;120;120;61;38;58;44;57;52;59;40
414.0;154;159;119;122;117;119;62;40;55;42;60;50;60;41
420.0;152;160;116;127;113;120;60;41;56;41;62;49;60;43
426.0;155;163;113;133;111;118;59;44;56;39;62;47;57;43
432.0;156;164;108;131;114;122;58;46;55;41;61;47;55;42
438.0;157;165;107;132;113;119;62;45;52;44;61;47;55;41
444.0;158;166;106;132;109;118;60;48;54;44;63;50;55;37
450.0;158;168;106;130;110;114;55;53;56;41;66;51;55;37
456.0;157;168;108;129;111;116;49;53;59;43;64;53;54;36
462.0;158;172;108;129;109;113;50;51;62;46;59;53;54;36
468.0;158;172;107;131;107;110;55;53;61;44;63;51;56;32
474.0;155;170;104;129;105;111;57;57;60;46;61;50;57;38
480.0;158;172;104;131;107;110;61;53;60;44;57;44;56;43
486.0;160;171;102;131;106;109;60;53;57;47;58;45;60;41
492.0;161;171;101;132;111;109;60;52;52;44;62;43;60;42
498.0;163;173;103;130;109;111;61;51;50;47;63;38;59;42
504.0;161;171;105;128;109;112;62;54;47;46;64;40;59;42
510.0;166;171;104;123;108;114;59;53;46;52;63;40;60;41
516.0;163;174;105;121;110;116;59;48;48;48;65;42;59;42
522.0;166;176;107;122;109;114;57;44;47;47;65;44;59;43
528.0;164;181;104;124;106;117;51;44;44;51;66;47;57;44
534.0;162;180;104;121;110;120;47;44;48;48;65;48;58;45
540.0;161;181;105;123;110;118;47;44;51;47;64;50;56;43
546.0;160;181;104;125;112;119;46;45;52;44;65;49;53;45
552.0;162;180;104;126;110;118;48;44;52;45;64;49;54;44
558.0;160;178;100;124;109;119;48;46;55;48;66;51;50;46
564.0;158;177;99;125;110;119;47;45;55;47;64;54;52;48
570.0;162;177;101;124;111;117;48;44;53;47;66;52;48;50
576.0;166;176;105;123;112;116;44;46;51;50;66;49;44;52
582.0;167;178;107;123;111;116;45;45;53;50;65;45;47;48
588.0;165;175;106;127;109;119;41;45;55;48;64;49;48;49
594.0;167;180;109;124;105;121;43;43;52;47;59;49;52;49
600.0;167;180;107;128;102;119;44;44;54;47;54;50;53;51
606.0;169;179;109;129;101;118;46;46;53;49;49;51;51;50
612.0;170;175;109;130;101;119;45;46;55;49;48;52;53;48
618.0;166;176;114;127;105;118;47;47;54;49;49;50;51;47
624.0;166;175;116;124;108;119;44;47;54;50;50;49;50;48
630.0;163;175;117;128;110;119;43;44;52;55;53;46;50;45
636.0;160;173;120;126;114;121;44;43;49;52;51;51;52;44
642.0;161;177;118;126;116;122;42;43;49;53;50;50;50;43
648.0;164;177;118;127;119;120;40;45;49;54;48;47;49;43
654.0;164;175;116;128;120;123;40;46;51;53;46;48;50;40
660.0;164;175;119;126;119;122;39;44;50;56;46;50;49;41
666.0;165;177;116;125;120;121;37;47;54;53;43;45;51;46
672.0;165;175;119;124;118;123;37;46;55;52;43;45;50;48
678.0;165;176;123;122;118;122;36;46;59;49;44;47;48;45
684.0;167;170;125;122;120;123;34;42;57;49;47;50;51;43
690.0;168;171;122;123;118;122;35;39;58;50;48;49;54;43
696.0;170;172;118;122;119;119;40;42;60;46;46;46;55;45
702.0;172;176;119;121;119;121;38;41;60;48;42;43;56;44
708.0;174;179;117;123;120;119;40;41;56;45;42;46;54;44
714.0;173;177;115;128;121;116;41;42;54;42;43;48;54;46
720.0;176;178;112;125;120;118;42;42;52;44;41;49;57;44
726.0;178;178;115;122;120;113;48;39;57;43;41;47;55;44
732.0;176;178;115;124;121;108;49;40;58;44;41;47;55;44
738.0;178;175;114;126;120;108;52;45;53;45;45;45;54;40
744.0;176;173;115;124;123;109;58;45;49;45;44;45;53;41
750.0;173;174;113;124;124;108;60;47;46;48;46;44;52;41
756.0;174;176;113;121;123;109;61;49;46;49;45;45;50;39
762.0;176;176;113;119;119;109;63;47;45;48;49;48;50;38
768.0;175;173;111;122;121;110;63;47;45;49;48;48;48;40
774.0;176;172;111;121;122;110;62;46;45;50;47;51;48;39
780.0;177;174;111;125;119;113;61;45;41;50;46;52;46;40
786.0;179;173;110;127;121;109;58;48;41;52;45;52;45;40
792.0;179;170;107;129;124;109;57;47;39;49;48;55;46;41
798.0;178;173;108;128;126;110;57;41;40;49;47;50;49;44
804.0;175;173;107;129;127;112;54;36;39;46;49;56;53;44
810.0;174;175;107;128;127;114;52;34;39;48;49;57;50;46
816.0;172;176;108;127;126;116;51;33;42;47;53;55;48;46
822.0;170;177;107;128;128;115;45;34;43;52;52;54;50;45
828.0;171;179;107;129;128;112;44;33;43;49;55;53;49;48
834.0;169;179;108;130;127;112;44;34;45;49;55;54;48;46
840.0;169;176;108;129;127;111;42;34;48;52;57;56;47;44
846.0;168;176;106;132;128;113;44;35;48;49;57;52;48;44
852.0;169;176;103;132;129;112;44;35;47;51;55;56;45;46
858.0;172;178;105;132;130;109;43;36;46;52;53;51;46;47
864.0;168;183;105;132;127;106;46;39;45;51;53;49;48;48
870.0;168;180;105;130;129;102;43;38;50;54;55;51;49;46
876.0;166;178;103;133;131;98;43;39;50;54;54;55;49;47
882.0;165;177;105;131;126;98;49;40;52;55;51;54;50;47
888.0;164;179;106;131;127;100;46;40;53;54;54;49;50;47
894.0;164;184;103;133;129;100;44;41;51;52;53;47;52;47
900.0;164;182;104;132;128;102;43;39;52;52;50;49;54;49
906.0;166;181;105;132;129;96;44;36;48;55;46;51;56;55
912.0;169;181;104;132;128;95;44;35;46;55;47;54;58;52
918.0;171;186;104;127;129;95;45;34;43;51;49;55;59;52
924.0;170;187;103;126;125;96;43;34;43;58;48;54;59;54
930.0;169;189;101;129;125;97;43;36;42;60;48;52;56;53
936.0;165;191;99;128;125;95;42;38;45;57;49;54;59;53
942.0;166;191;98;131;125;95;44;35;47;55;48;54;60;51
948.0;170;190;97;129;127;97;48;35;47;53;47;54;59;47
954.0;172;189;97;132;125;100;49;36;47;50;50;51;55;47
960.0;176;187;97;131;122;99;49;34;51;48;52;50;56;48
966.0;175;187;100;131;124;94;50;35;51;52;53;49;56;43
972.0;177;186;98;131;126;95;52;35;50;48;52;49;57;44
978.0;177;184;102;135;123;93;52;36;51;45;49;50;56;47
984.0;177;184;102;138;121;93;51;41;49;48;46;49;55;46
990.0;173;186;104;134;121;92;50;45;48;50;45;49;54;49
996.0;173;188;107;134;120;91;50;46;49;47;42;49;57;47
1002.0;175;187;109;134;119;89;54;46;47;47;41;48;58;46
1008.0;172;186;103;136;118;89;57;47;49;48;41;47;58;49
1014.0;171;186;106;137;118;87;55;49;46;47;42;47;60;49
1020.0;171;187;108;138;118;86;54;50;46;50;42;46;58;46
1026.0;173;188;108;134;119;86;55;47;48;49;45;47;52;49
1032.0;173;186;109;131;120;87;57;48;53;50;43;44;50;49
1038.0;171;183;110;130;117;89;57;50;50;52;44;46;50;51
1044.0;168;185;110;129;116;92;56;47;53;53;45;47;45;54
1050.0;169;184;111;128;120;92;58;43;52;53;46;47;42;55
1056.0;167;187;114;130;119;93;57;46;49;53;44;50;40;51
1062.0;166;186;116;127;120;92;56;46;49;58;43;50;41;50
1068.0;167;186;112;131;118;92;55;47;50;62;41;48;39;52
1074.0;168;185;114;129;114;95;55;46;52;60;44;48;40;50
1080.0;168;185;114;129;113;93;55;46;53;59;47;50;38;50
1086.0;167;187;112;134;113;91;57;44;53;58;47;49;37;51
1092.0;166;184;109;130;115;90;61;45;51;58;52;51;38;50
1098.0;166;184;108;130;118;92;59;46;51;60;51;47;40;48
1104.0;165;183;107;131;120;93;59;46;53;58;50;48;39;48
1110.0;165;183;108;127;120;93;57;46;50;61;51;49;38;52
1116.0;163;182;107;128;122;94;53;51;49;61;54;49;37;50
1122.0;165;180;108;129;118;96;53;50;47;60;55;47;42;50
1128.0;165;183;110;131;118;98;51;45;45;61;53;47;42;51
1134.0;168;179;105;134;120;99;49;42;48;64;52;45;43;52
1140.0;168;179;104;131;120;99;47;43;49;61;54;46;45;54
1146.0;167;182;107;130;116;101;50;42;47;58;54;43;49;54
1152.0;168;182;109;135;113;104;49;46;46;57;52;43;48;48
1158.0;169;182;109;130;114;109;47;48;48;53;53;41;49;48
1164.0;170;182;111;130;113;104;52;46;48;53;58;39;47;47
1170.0;170;182;109;130;111;106;52;45;49;52;61;38;47;48
1176.0;167;185;113;131;110;105;52;42;47;54;56;44;41;53
1182.0;172;188;109;127;111;102;54;46;44;53;52;44;43;55
1188.0;172;187;108;124;112;104;58;45;45;51;51;45;42;56
1194.0;171;187;108;124;110;107;59;43;45;54;47;42;45;58
1200.0;173;187;107;123;112;108;57;41;46;53;48;42;44;59
1206.0;169;185;107;125;112;109;59;41;47;53;46;45;44;58
1212.0;167;184;107;127;109;109;59;43;50;50;47;46;43;59
1218.0;164;185;111;126;109;111;58;43;48;50;46;46;46;57
1224.0;161;183;112;126;111;111;54;49;48;48;48;47;46;56
1230.0;165;184;110;122;115;110;53;50;47;48;49;45;49;53
1236.0;166;183;109;123;118;112;53;51;48;44;48;43;47;55
1242.0;164;183;107;124;120;110;51;53;47;42;49;45;48;57
1248.0;163;181;106;126;119;106;52;57;48;43;49;43;50;57
1254.0;159;182;104;123;121;111;50;58;49;39;50;48;49;57
1260.0;156;181;102;127;120;112;49;60;50;39;52;49;46;57
1266.0;154;180;102;128;122;113;49;60;52;39;54;44;46;57
1272.0;154;181;102;127;125;111;48;59;50;38;55;45;45;60
1278.0;156;183;101;124;124;114;48;60;49;37;55;45;46;58
1284.0;153;179;104;123;124;113;50;58;51;38;57;46;47;57
1290.0;155;179;104;123;126;117;48;58;50;37;55;46;49;53
1296.0;154;181;104;124;129;120;49;57;50;33;54;43;48;54
1302.0;153;178;103;121;128;122;54;60;45;33;55;43;50;55
1308.0;153;178;104;123;129;120;52;57;47;34;52;47;53;51
1314.0;150;181;106;123;126;119;51;57;48;35;52;46;57;49
1320.0;150;180;108;120;125;122;54;57;51;36;48;45;55;49
1326.0;152;179;104;119;127;121;54;57;54;35;47;47;54;50
1332.0;152;180;103;121;124;121;54;53;56;35;47;46;56;52
1338.0;156;182;103;121;125;118;55;51;54;36;49;44;55;51
1344.0;156;180;106;120;123;117;57;48;53;36;49;45;57;53
1350.0;157;181;102;124;124;119;56;48;52;36;46;45;57;53
1356.0;160;180;105;122;122;119;52;47;55;39;46;46;54;53
1362.0;160;183;104;120;121;120;53;48;55;39;41;49;56;51
1368.0;160;184;104;120;121;119;53;51;55;40;42;48;53;50
1374.0;160;183;102;123;120;115;53;50;57;41;46;44;56;50
1380.0;161;185;101;120;120;118;54;51;56;40;44;44;54;52
1386.0;167;184;102;122;121;118;49;52;57;36;43;44;52;53
1392.0;165;188;99;121;123;120;50;50;58;34;42;44;54;52
1398.0;166;186;101;125;123;120;47;52;59;33;40;48;50;50
1404.0;168;190;99;121;123;120;50;49;56;33;39;50;50;52
1410.0;168;192;99;122;122;119;47;49;58;32;37;51;54;50
1416.0;169;196;98;120;128;117;47;44;58;34;38;52;52;47
1422.0;172;198;97;119;126;117;48;43;56;35;37;53;53;46
1428.0;172;194;97;118;126;115;48;44;58;39;34;55;56;44
1434.0;175;196;96;115;123;116;49;42;57;39;33;57;58;44
1440.0;174;196;93;119;124;117;49;42;55;40;35;61;55;40
1446.0;174;198;94;120;125;118;50;44;57;37;37;57;51;38
1452.0;169;198;94;121;127;117;50;41;60;40;40;55;49;39
1458.0;173;198;98;124;127;122;46;36;60;37;37;56;44;42
1464.0;174;197;99;126;127;125;42;35;55;38;38;55;48;41
1470.0;177;196;100;126;127;121;43;35;56;37;35;56;46;45
1476.0;181;194;103;131;124;119;42;34;57;36;34;56;46;43
1482.0;181;191;100;129;125;122;42;32;56;37;38;61;47;39
1488.0;183;192;97;128;127;120;44;32;59;34;38;61;46;39
1494.0;184;194;93;131;125;116;44;33;59;33;39;63;47;39
1500.0;185;193;97;127;126;117;47;31;58;30;40;62;46;41
1506.0;183;192;97;127;124;119;47;33;58;30;43;59;46;42
1512.0;184;191;100;126;127;117;46;35;55;29;43;56;46;45
1518.0;186;188;100;126;129;117;42;35;53;35;45;54;44;46
1524.0;189;187;96;124;128;116;43;37;52;35;43;57;48;45
1530.0;190;186;97;122;130;115;46;32;51;37;44;55;49;46
1536.0;190;187;99;119;132;114;45;34;56;36;38;56;49;45
1542.0;193;188;99;118;129;114;43;38;53;36;37;55;53;44
1548.0;195;187;100;117;127;115;41;37;55;39;36;56;53;42
1554.0;193;186;100;113;127;117;41;35;56;39;35;58;56;44
1560.0;195;184;99;114;126;118;39;36;54;38;38;59;56;44
1566.0;197;186;97;114;127;114;36;35;53;41;38;62;56;44
1572.0;194;186;100;117;125;113;37;34;55;43;36;59;54;47
1578.0;191;183;99;122;129;113;37;36;50;43;41;61;51;44
1584.0;188;181;99;122;130;115;41;35;51;41;43;62;51;41
1590.0;191;182;98;122;128;115;42;36;50;44;45;59;50;38
1596.0;190;181;99;122;129;109;41;37;52;48;45;55;52;40
1602.0;188;183;97;123;132;111;42;39;49;46;45;59;49;37
1608.0;188;182;96;122;130;114;42;42;48;45;50;53;53;35
1614.0;189;185;96;124;128;111;42;43;47;43;49;54;51;38
1620.0;190;184;96;124;129;111;43;42;49;42;48;52;54;36
1626.0;188;187;96;125;130;113;44;44;48;40;45;55;50;35
1632.0;186;187;95;128;132;114;44;43;45;42;46;56;49;33
1638.0;188;186;97;129;136;114;44;39;43;42;43;55;52;32
1644.0;185;184;102;128;135;117;43;37;47;39;43;56;52;32
1650.0;188;182;102;129;130;120;42;38;43;41;44;56;53;32
1656.0;184;183;102;127;131;121;42;37;40;45;48;55;51;34
1662.0;183;184;103;127;133;117;44;39;42;45;47;51;50;35
1668.0;185;183;103;127;134;116;43;39;44;44;45;50;52;35
1674.0;183;183;104;129;136;120;41;39;44;44;47;46;50;34
1680.0;184;183;103;129;140;120;41;40;43;45;45;44;49;34
1686.0;183;183;108;126;140;120;40;41;43;47;43;45;47;34
1692.0;182;185;108;126;142;119;38;38;44;48;43;44;45;38
1698.0;184;180;106;123;143;122;39;37;46;46;45;43;46;40
1704.0;182;183;108;123;142;119;41;38;47;41;46;43;46;41
1710.0;183;182;111;123;138;116;38;36;47;43;49;44;47;43
1716.0;186;182;109;125;139;116;40;33;50;45;46;42;44;43
1722.0;187;180;110;125;137;118;41;32;46;47;47;44;45;41
1728.0;191;178;109;119;136;119;42;31;49;46;47;44;47;42
1734.0;194;180;105;120;139;118;43;29;46;48;50;42;48;38
1740.0;196;181;105;119;139;119;44;28;48;47;50;42;45;37
1746.0;196;181;110;117;138;113;41;31;47;46;51;44;48;37
1752.0;193;181;108;118;136;112;44;30;49;50;48;43;50;38
1758.0;192;182;105;117;133;112;42;33;51;51;46;46;52;38
1764.0;189;184;102;120;134;112;44;29;51;51;46;47;52;39
1770.0;190;183;100;117;133;113;47;30;52;50;48;44;54;39
1776.0;192;184;104;117;130;114;49;30;53;49;48;41;52;37
1782.0;192;183;104;118;132;115;48;32;52;51;46;41;49;37
1788.0;193;183;107;117;133;116;50;27;49;53;44;42;49;37
1794.0;194;181;105;113;135;117;53;29;49;53;44;43;48;36
1800.0;192;180;104;109;137;118;50;32;51;53;42;46;47;39
1806.0;192;181;105;110;138;118;46;31;50;53;41;48;48;39
1812.0;191;178;103;111;136;114;47;33;53;52;42;46;50;44
1818.0;192;179;105;109;135;112;47;35;52;55;39;46;49;45
1824.0;191;179;102;115;134;111;50;37;51;50;40;46;47;47
1830.0;191;176;101;116;130;113;55;37;51;48;39;47;50;46
1836.0;190;174;101;115;128;109;55;38;49;50;41;49;51;50
1842.0;189;177;103;115;125;107;54;38;48;51;37;49;52;55
1848.0;189;183;102;111;122;109;51;36;48;52;40;47;54;56
1854.0;187;184;100;113;121;109;53;36;46;50;40;47;55;59
1860.0;190;185;101;111;122;110;52;35;44;51;40;49;54;56
1866.0;194;182;102;111;124;106;49;33;44;52;41;53;56;53
1872.0;197;181;105;111;121;103;47;35;45;52;41;49;56;57
1878.0;195;181;102;111;122;101;47;37;50;52;40;50;53;59
1884.0;191;184;102;109;124;101;49;37;47;54;43;47;55;57
1890.0;190;182;103;109;124;102;49;37;47;53;47;46;55;56
1896.0;190;186;103;110;121;103;50;39;46;49;49;46;52;56
1902.0;194;185;109;112;121;103;51;36;45;45;50;44;51;54
1908.0;192;183;111;114;126;102;52;37;46;46;49;40;49;53
1914.0;193;182;107;113;122;106;53;37;49;43;47;43;53;52
1920.0;197;181;105;113;119;104;51;37;49;45;50;45;50;54
1926.0;198;180;110;111;119;107;50;35;50;44;48;43;50;55
1932.0;199;181;111;110;119;108;53;37;50;44;48;40;47;53
1938.0;198;181;111;104;119;107;57;36;49;46;48;41;47;56
1944.0;197;183;112;103;119;106;58;36;45;48;49;41;49;54
1950.0;198;186;114;104;118;105;58;36;46;46;48;42;48;51
1956.0;198;186;112;106;116;104;62;35;45;44;49;42;50;51
1962.0;200;186;110;108;114;106;61;37;43;40;51;42;52;50
1968.0;200;187;111;112;119;109;60;35;41;35;50;40;54;47
1974.0;199;188;112;107;121;107;63;35;40;36;52;40;52;48
