#auto generated file!
12.0;177;168;166;145;159;153;143;158;158;141;173;149;152;158
18.0;177;169;173;145;162;157;139;157;152;136;174;156;146;157
24.0;181;172;173;153;164;159;138;155;147;136;168;156;141;157
30.0;188;177;177;157;163;157;136;148;146;137;164;154;139;157
36.0;189;184;173;159;167;163;134;143;149;136;159;156;138;150
42.0;195;185;175;161;172;163;133;144;146;135;158;157;134;142
48.0;200;192;170;168;172;170;128;136;146;135;154;157;136;136
54.0;199;197;171;172;174;174;128;134;137;134;152;155;140;133
60.0;203;197;173;175;179;172;127;133;140;129;153;150;138;131
66.0;204;201;175;173;178;171;129;136;136;131;155;143;141;127
72.0;204;201;176;174;179;176;129;142;131;132;151;139;144;122
78.0;208;200;181;176;185;181;128;145;125;132;142;134;140;123
84.0;210;206;180;180;187;185;129;147;122;129;142;129;135;119
90.0;214;209;182;180;191;187;131;143;119;131;138;128;132;115
96.0;215;211;185;186;194;194;127;140;111;136;137;126;128;110
102.0;218;216;190;187;196;197;125;136;115;139;133;121;121;106
108.0;217;219;196;183;197;197;124;132;116;140;129;121;122;107
114.0;222;220;198;188;197;199;124;132;114;141;125;115;117;108
120.0;225;222;203;186;193;200;121;130;110;144;120;122;115;109
126.0;225;227;205;188;192;200;121;127;111;144;119;121;109;111
132.0;225;231;203;189;191;203;122;121;112;147;114;122;111;109
138.0;232;231;203;183;197;201;121;120;116;145;118;119;107;107
144.0;233;235;205;182;193;197;123;117;119;144;119;121;106;106
150.0;240;238;206;178;200;197;127;111;118;144;113;121;106;101
156.0;241;239;208;178;205;198;123;115;121;140;115;120;102;95
162.0;241;245;208;187;203;204;120;114;113;139;113;118;101;94
168.0;251;250;208;185;206;200;122;112;108;135;107;119;108;89
174.0;250;253;208;189;209;205;117;110;106;137;101;118;108;89
180.0;247;253;213;193;207;204;121;108;106;133;101;118;108;88
186.0;247;257;210;194;208;203;118;108;105;128;100;119;109;94
192.0;250;259;206;192;207;206;120;106;101;123;103;122;108;97
198.0;252;263;203;195;208;207;115;107;101;122;103;123;106;95
204.0;252;266;203;201;214;210;113;113;100;119;98;116;104;91
210.0;256;272;205;196;214;211;113;109;101;115;100;113;105;90
216.0;257;274;205;199;216;215;109;110;101;112;95;110;105;92
222.0;265;283;206;199;213;211;109;110;103;103;97;109;104;88
228.0;265;283;201;198;212;216;110;111;113;97;91;111;101;91
234.0;264;285;196;203;212;215;110;109;109;98;94;108;109;88
240.0;265;290;196;201;209;216;109;106;106;94;102;108;110;88
246.0;264;292;195;202;211;218;109;106;99;91;102;106;115;90
252.0;266;290;197;205;208;224;109;108;99;91;102;101;112;88
258.0;270;294;201;207;208;224;109;101;95;84;109;99;112;87
264.0;269;293;201;208;212;224;113;101;96;81;109;95;113;85
270.0;269;297;201;206;213;224;110;99;95;80;107;99;113;87
276.0;277;299;199;210;212;224;108;103;90;77;105;97;113;86
282.0;278;304;199;208;212;222;105;100;90;78;104;95;116;89
288.0;278;305;198;208;214;221;101;94;92;76;102;99;120;92
294.0;278;303;193;209;214;220;98;93;91;78;109;103;121;90
300.0;282;307;196;204;212;223;102;90;90;76;109;102;119;88
306.0;283;315;191;203;212;225;103;91;86;78;105;101;121;86
312.0;284;312;191;206;213;228;106;94;84;75;102;98;117;90
318.0;287;314;199;206;213;225;103;94;82;72;99;96;113;97
324.0;286;316;200;210;214;227;101;86;81;72;100;100;110;97
330.0;285;319;199;209;220;227;106;89;79;69;97;98;108;95
336.0;290;319;201;207;224;229;102;87;75;68;100;100;105;93
342.0;289;321;204;204;222;228;106;81;77;71;101;98;105;93
348.0;297;321;203;198;218;234;109;84;76;71;97;96;102;94
354.0;296;326;204;196;218;234;105;87;73;70;94;100;106;91
360.0;297;327;203;195;221;231;106;81;70;73;91;99;110;96
366.0;296;326;205;196;224;225;108;80;72;76;89;99;105;99
372.0;295;325;207;197;219;226;104;82;70;81;92;97;106;99
378.0;296;328;207;195;217;225;104;83;72;79;94;97;107;96
384.0;296;328;210;194;214;228;105;87;71;75;96;98;105;93
390.0;294;327;209;194;214;228;101;85;71;80;98;98;104;97
396.0;293;333;212;196;215;227;104;79;72;81;89;98;108;93
402.0;295;337;216;191;212;227;105;84;73;86;86;93;107;88
408.0;294;340;220;191;214;225;109;85;71;83;87;90;101;90
414.0;293;337;219;193;219;230;108;85;66;83;88;87;104;88
420.0;294;342;214;188;219;232;109;90;67;81;89;83;103;89
426.0;297;341;212;193;220;233;107;92;68;80;87;83;102;85
432.0;301;339;210;189;218;234;100;92;74;77;85;86;106;89
438.0;300;340;211;190;220;232;101;93;73;77;81;92;105;85
444.0;301;342;210;192;221;231;102;91;73;74;79;93;105;86
450.0;299;344;209;193;219;232;103;88;71;75;81;87;108;91
456.0;299;347;208;195;222;235;109;82;71;76;80;90;97;89
462.0;296;348;208;194;221;236;101;89;74;76;79;93;96;89
468.0;293;351;209;188;223;239;96;91;73;83;82;92;94;86
474.0;292;348;216;195;221;237;90;91;73;87;83;93;90;84
480.0;293;350;210;194;230;240;92;88;75;84;82;89;88;85
486.0;296;350;209;196;233;236;86;87;75;80;90;91;88;83
492.0;299;349;208;200;231;238;81;89;70;84;88;91;85;87
498.0;301;348;209;198;229;238;85;87;77;80;93;85;84;86
504.0;303;349;210;202;226;238;84;81;75;81;95;85;85;86
510.0;302;346;212;201;226;236;83;78;79;86;96;84;83;88
516.0;305;343;213;202;228;232;82;79;78;88;96;81;87;86
522.0;305;342;218;201;230;227;80;82;76;88;97;82;89;83
528.0;305;343;220;199;225;227;80;84;75;89;99;83;89;82
534.0;305;341;221;196;221;224;81;83;76;89;99;86;93;85
540.0;304;337;219;199;223;228;81;83;76;88;99;84;93;86
546.0;304;337;221;200;225;230;80;80;74;88;97;86;91;87
552.0;309;336;221;200;222;223;77;83;80;86;103;86;92;82
558.0;309;333;220;199;222;220;80;86;78;85;106;84;92;86
564.0;309;338;222;200;220;221;78;86;75;87;105;84;89;86
570.0;301;342;218;206;216;217;84;82;77;85;106;83;91;92
576.0;302;341;214;208;218;220;83;83;77;89;99;86;92;88
582.0;301;339;212;209;220;221;83;81;78;93;98;87;93;85
588.0;305;338;212;208;221;225;78;83;78;95;99;83;93;82
594.0;304;340;214;203;218;228;77;84;81;96;99;84;94;78
600.0;306;339;210;202;221;225;79;90;85;95;95;81;93;79
606.0;305;343;208;198;223;223;78;96;83;92;95;81;94;81
612.0;308;342;204;196;222;223;79;94;85;89;94;81;96;87
618.0;311;340;203;197;224;223;78;91;80;87;93;81;103;89
624.0;311;337;200;202;225;219;81;91;84;90;91;81;100;88
630.0;312;340;196;203;228;224;81;95;81;85;88;80;99;88
636.0;310;341;197;204;233;219;81;98;79;86;92;81;93;86
642.0;311;337;204;205;232;218;83;94;80;88;90;83;88;87
648.0;317;341;201;198;235;215;86;96;76;86;91;83;85;90
654.0;315;336;203;197;235;215;86;94;83;85;90;89;83;89
660.0;313;331;205;196;232;210;82;93;87;89;90;90;89;93
666.0;311;335;196;196;233;213;84;93;91;89;91;93;88;87
672.0;312;339;193;196;234;213;87;89;90;90;92;90;89;86
678.0;315;336;193;195;231;212;85;89;92;93;89;93;88;89
684.0;313;334;199;192;232;216;86;91;94;94;87;95;82;85
690.0;316;332;202;193;230;215;87;83;98;93;87;93;80;91
696.0;322;329;200;191;231;218;89;81;94;94;89;92;80;90
702.0;321;333;201;189;231;219;90;80;95;95;91;84;81;90
708.0;323;333;201;193;231;223;93;76;92;93;92;82;79;89
714.0;325;331;195;188;229;226;97;75;90;86;93;88;78;99
720.0;323;329;205;185;228;220;96;76;87;85;96;93;78;99
726.0;327;332;199;192;230;220;94;73;90;85;93;91;74;100
732.0;326;338;199;194;233;224;93;69;86;84;91;90;75;98
738.0;324;337;206;198;232;227;89;65;86;83;87;90;79;97
744.0;322;338;207;203;233;227;86;66;86;80;87;92;84;89
750.0;323;338;211;204;230;225;85;69;83;81;86;95;82;88
756.0;320;342;206;205;230;224;87;66;88;79;90;94;80;89
762.0;322;349;203;202;230;222;88;65;87;79;92;92;81;88
768.0;316;349;210;205;225;222;85;63;88;78;93;92;85;89
774.0;320;349;212;200;225;221;80;68;90;79;95;91;87;83
780.0;328;351;211;201;222;219;77;76;83;79;88;93;91;81
786.0;327;349;210;201;222;217;78;73;82;79;94;94;89;85
792.0;325;353;211;200;224;220;76;71;80;78;93;93;87;89
798.0;328;350;209;205;220;217;81;68;80;79;94;92;85;92
804.0;329;353;209;210;218;216;77;66;79;84;93;89;87;90
810.0;330;354;208;208;219;218;71;67;86;84;97;86;86;86
816.0;326;354;205;208;222;224;68;66;84;87;97;88;88;83
822.0;329;357;206;208;223;218;62;64;85;88;99;90;88;83
828.0;323;358;207;207;226;217;65;68;87;87;97;85;90;83
834.0;321;363;202;206;225;219;66;65;85;90;99;84;88;87
840.0;325;357;203;202;230;220;68;63;85;87;100;87;86;87
846.0;321;361;205;204;228;218;69;61;84;91;94;90;87;87
852.0;323;359;206;204;227;219;70;60;82;87;94;89;87;93
858.0;320;356;205;207;229;215;75;64;83;84;102;88;79;93
864.0;320;355;211;205;223;213;72;64;86;85;100;87;85;94
870.0;324;357;211;201;228;216;74;65;82;88;97;84;83;90
876.0;321;359;215;196;223;217;74;66;81;89;102;82;85;90
882.0;322;363;214;202;223;214;76;65;79;89;103;80;83;87
888.0;320;365;215;203;219;216;77;61;82;90;102;83;78;89
894.0;321;364;212;207;216;215;78;62;81;89;103;85;80;87
900.0;316;366;215;212;216;214;78;64;76;86;101;84;81;91
906.0;315;367;219;212;212;211;81;64;79;79;102;83;82;94
912.0;314;365;222;209;209;210;83;62;84;81;105;81;78;97
918.0;309;366;226;215;208;207;81;58;84;80;108;83;75;100
924.0;306;364;227;218;206;205;85;63;83;79;109;84;72;99
930.0;303;363;228;218;209;207;80;63;85;80;107;84;73;100
936.0;306;361;226;223;212;205;77;66;86;81;103;85;72;97
942.0;309;365;224;223;212;208;76;63;84;79;103;82;73;99
948.0;308;365;227;227;213;201;73;66;83;85;98;83;73;98
954.0;310;366;225;226;214;201;70;72;83;83;97;82;73;98
960.0;311;365;228;220;217;201;69;72;83;84;96;80;76;98
966.0;312;366;226;219;214;210;68;72;78;85;93;77;81;99
972.0;314;363;227;220;212;206;70;72;77;85;91;77;84;102
978.0;318;366;221;221;212;204;67;74;80;84;90;77;82;104
984.0;316;365;223;218;216;210;68;77;80;87;84;76;76;104
990.0;316;366;220;224;216;214;72;75;79;84;80;79;75;100
996.0;317;365;219;225;218;217;72;76;76;86;74;79;78;98
1002.0;316;362;220;221;215;222;73;78;79;87;75;78;76;98
1008.0;317;363;217;222;214;221;69;80;82;91;76;75;76;97
1014.0;317;366;219;219;214;223;70;85;79;89;77;75;76;91
1020.0;316;370;225;219;215;217;73;82;75;88;72;78;76;94
1026.0;316;373;226;215;212;216;70;85;80;89;67;82;75;94
1032.0;315;371;227;217;214;219;65;84;72;89;70;86;73;98
1038.0;318;368;228;214;215;217;69;83;72;86;70;87;77;96
1044.0;320;370;226;212;214;218;66;81;68;85;73;91;82;94
1050.0;322;370;225;211;218;219;63;82;64;87;72;90;86;91
1056.0;321;369;230;211;224;213;62;82;63;89;72;90;85;89
1062.0;322;367;230;210;223;217;62;85;61;90;70;94;80;89
1068.0;321;368;228;212;223;215;68;84;63;88;69;92;81;88
1074.0;323;364;230;210;226;216;65;89;64;85;66;90;85;87
1080.0;326;366;223;212;222;218;66;89;64;84;64;91;85;90
1086.0;329;368;218;214;221;220;66;91;64;82;68;90;80;89
1092.0;332;368;216;213;222;219;68;94;68;81;66;87;79;87
1098.0;334;366;210;210;224;217;75;90;72;79;68;86;81;88
1104.0;338;362;208;215;227;214;71;91;72;78;70;86;81;87
1110.0;333;367;206;216;226;213;74;90;77;75;71;88;76;88
1116.0;335;364;205;217;224;215;73;91;75;77;77;88;71;88
1122.0;339;367;203;215;226;211;70;89;79;78;77;86;71;89
1128.0;342;366;208;218;224;205;71;85;78;77;79;84;75;88
1134.0;340;367;209;220;226;203;72;82;78;74;80;82;77;90
1140.0;342;372;209;222;223;202;73;81;78;70;82;80;77;89
1146.0;344;373;214;224;223;202;76;77;80;67;78;78;78;86
1152.0;342;372;218;223;222;199;78;76;80;70;79;76;79;86
1158.0;342;367;217;225;226;198;76;75;83;73;77;79;77;85
1164.0;342;367;215;222;229;196;75;75;86;76;72;82;73;90
1170.0;347;368;211;220;228;198;81;77;90;73;70;79;74;84
1176.0;346;368;207;213;230;199;83;79;86;74;71;82;77;85
1182.0;343;370;204;213;231;196;81;78;88;73;73;85;79;86
1188.0;345;367;210;213;229;196;76;80;86;81;76;81;78;82
1194.0;344;368;213;215;229;197;75;84;84;81;76;75;78;81
1200.0;346;364;210;215;229;196;73;84;84;81;74;79;82;83
1206.0;347;360;215;213;226;191;75;90;83;82;78;77;82;81
1212.0;350;360;217;209;227;195;78;88;81;84;72;74;86;79
1218.0;344;359;220;207;230;199;78;86;84;80;73;72;87;81
1224.0;340;357;221;208;231;200;72;93;88;84;76;72;86;72
1230.0;340;353;221;207;234;203;75;92;84;85;77;69;87;73
1236.0;344;345;224;208;231;204;74;91;85;84;77;74;88;71
1242.0;345;347;226;203;228;204;80;87;86;80;79;70;91;74
1248.0;344;344;228;199;230;203;80;88;95;81;78;68;86;76
1254.0;340;344;228;197;234;200;85;89;91;81;77;71;86;77
1260.0;341;341;227;198;231;201;91;84;88;81;78;72;87;80
1266.0;340;342;224;195;229;202;91;83;87;83;77;75;88;84
1272.0;338;340;223;197;224;208;90;86;90;84;75;73;91;81
1278.0;339;342;229;196;225;207;86;85;87;81;81;72;89;81
1284.0;331;341;232;198;226;205;88;87;78;81;84;70;96;83
1290.0;331;342;231;199;222;209;90;86;79;83;84;68;96;80
1296.0;333;348;228;202;225;198;87;86;84;80;85;70;95;79
1302.0;329;350;229;205;224;202;88;90;83;78;82;74;92;74
1308.0;330;350;229;206;217;198;85;92;87;80;83;76;93;74
1314.0;328;349;234;205;216;195;80;93;88;76;87;84;89;76
1320.0;322;347;234;205;221;198;80;85;89;77;84;87;94;77
1326.0;320;344;232;207;223;205;81;86;84;78;83;89;92;76
1332.0;322;342;232;204;223;204;80;84;84;80;86;92;90;77
1338.0;326;341;228;207;223;202;79;85;87;82;85;93;88;74
1344.0;327;340;231;209;228;199;74;84;88;85;87;91;88;69
1350.0;322;337;233;212;229;197;80;85;90;83;86;87;89;70
1356.0;320;341;232;214;232;196;80;84;88;85;88;85;86;69
1362.0;318;340;233;211;233;192;83;86;86;87;87;86;84;74
1368.0;320;341;226;213;231;194;84;86;88;83;89;85;83;77
1374.0;323;344;225;210;237;194;85;84;86;78;91;85;83;75
1380.0;323;346;225;210;236;194;83;83;86;78;87;90;80;79
1386.0;320;346;229;216;239;192;87;83;87;75;83;87;75;81
1392.0;323;349;231;219;235;187;88;80;84;73;85;89;78;79
1398.0;324;343;229;223;237;189;89;77;85;71;89;85;82;77
1404.0;330;343;232;223;238;188;91;74;82;65;87;86;85;76
1410.0;327;338;233;222;240;188;94;76;81;67;87;81;88;78
1416.0;323;336;229;222;242;185;92;73;83;74;92;79;88;82
1422.0;326;337;234;219;240;184;89;71;85;79;91;74;88;83
1428.0;327;339;234;218;236;191;91;70;85;78;88;72;87;84
1434.0;324;342;242;223;234;186;90;71;81;80;89;70;90;78
1440.0;324;349;239;221;233;189;90;75;79;77;85;70;90;79
1446.0;326;351;244;224;234;189;93;72;81;75;82;66;86;77
1452.0;324;350;241;225;232;193;93;74;82;76;82;65;87;76
1458.0;323;353;238;222;230;195;95;75;82;75;79;65;92;76
1464.0;324;353;239;223;234;195;94;70;87;74;76;69;87;75
1470.0;328;359;234;225;232;193;95;68;88;75;73;69;88;73
1476.0;333;358;233;223;232;188;93;71;85;74;71;72;91;76
1482.0;329;354;235;223;234;186;95;75;84;71;71;74;94;75
1488.0;330;357;230;223;236;188;93;79;84;68;75;75;91;71
1494.0;332;353;231;227;236;188;90;76;77;76;74;78;95;67
1500.0;329;352;226;227;238;188;86;76;81;78;73;80;97;69
1506.0;323;349;224;228;241;189;86;79;83;77;69;82;100;70
1512.0;323;347;219;226;236;189;87;79;85;79;71;86;101;72
1518.0;324;350;220;225;234;189;87;78;85;79;69;82;102;76
1524.0;322;350;220;227;236;187;89;81;82;76;68;84;101;77
1530.0;322;351;217;222;241;187;87;79;84;80;71;87;98;74
1536.0;327;354;213;223;239;187;85;77;85;81;73;89;92;75
1542.0;329;356;210;222;237;197;82;75;90;81;73;85;89;74
1548.0;328;353;206;221;236;194;84;79;89;86;74;86;90;74
1554.0;329;356;204;219;238;197;87;77;84;89;72;85;85;78
1560.0;330;358;201;222;236;201;80;79;87;84;78;80;85;79
1566.0;329;361;204;219;232;196;80;77;85;88;77;79;89;84
1572.0;327;358;206;219;236;196;79;78;86;90;73;80;86;86
1578.0;329;360;210;219;236;200;79;75;83;87;75;78;86;83
1584.0;325;356;212;221;238;199;79;75;84;86;74;82;86;83
1590.0;321;358;214;216;241;201;84;75;82;83;74;80;91;80
1596.0;320;358;211;211;243;201;87;77;84;83;77;78;92;78
1602.0;321;357;213;210;244;202;85;79;84;85;80;77;87;76
1608.0;321;361;214;209;244;201;81;79;84;85;79;78;89;75
1614.0;322;364;212;207;240;200;82;77;82;87;78;83;88;78
1620.0;319;363;216;206;231;205;83;74;87;90;78;81;87;80
1626.0;316;362;218;205;232;202;84;78;83;95;79;77;88;81
1632.0;316;361;223;206;232;207;79;80;82;95;85;76;83;75
1638.0;317;357;222;212;232;206;84;76;83;91;84;80;82;74
1644.0;321;356;221;213;229;206;83;71;92;89;83;79;84;73
1650.0;321;349;219;215;228;203;79;73;93;88;83;83;88;78
1656.0;321;356;214;219;230;201;81;68;92;85;84;82;87;80
1662.0;326;355;210;220;230;200;78;68;91;84;83;86;89;80
1668.0;332;353;205;223;227;201;79;68;85;88;81;84;92;82
1674.0;330;350;205;231;228;200;80;71;82;83;78;88;88;86
1680.0;326;352;202;231;230;197;78;75;85;88;79;81;88;88
1686.0;327;352;202;227;226;197;81;77;87;86;77;85;87;89
1692.0;329;352;204;220;226;193;83;78;87;90;75;87;86;90
1698.0;332;348;203;219;225;196;85;78;86;93;75;87;87;86
1704.0;334;352;208;213;222;193;86;76;90;91;77;91;84;83
1710.0;335;347;206;212;222;192;91;80;93;92;76;93;84;77
1716.0;334;347;206;213;225;192;94;76;86;85;82;95;88;77
1722.0;337;343;210;210;224;188;96;78;81;79;80;98;94;82
1728.0;340;343;204;208;222;194;92;81;80;80;80;98;92;86
1734.0;335;342;211;207;219;194;94;85;82;78;80;96;90;87
1740.0;335;342;212;208;219;191;97;81;86;79;80;96;92;82
1746.0;333;341;214;213;220;190;101;81;84;73;83;96;93;78
1752.0;329;335;220;216;220;188;95;83;84;75;87;100;85;83
1758.0;329;341;222;219;215;187;93;85;83;74;92;98;80;82
1764.0;323;343;219;225;215;192;86;84;90;74;89;99;82;79
1770.0;326;337;219;229;221;192;81;83;93;70;88;97;81;83
1776.0;331;335;219;229;224;190;78;88;86;74;85;98;81;82
1782.0;335;332;222;231;219;190;74;88;82;76;87;100;82;82
1788.0;336;330;227;228;220;190;69;95;79;77;87;96;81;85
1794.0;337;332;220;229;212;195;74;91;82;78;85;96;80;89
1800.0;338;337;220;231;208;197;75;87;81;74;87;94;80;91
1806.0;342;339;219;229;204;201;74;87;78;77;88;91;81;90
1812.0;340;340;220;224;203;201;74;88;80;77;86;91;85;91
1818.0;341;343;221;224;206;201;74;87;78;77;83;89;86;90
1824.0;341;343;221;223;212;201;73;84;76;75;81;90;90;90
1830.0;345;345;222;216;210;202;69;84;80;73;80;93;91;90
1836.0;350;346;218;215;210;201;71;88;75;75;80;90;94;87
1842.0;352;348;215;215;210;202;72;87;75;71;85;88;92;88
1848.0;353;346;218;215;209;208;73;86;72;70;84;89;90;87
1854.0;352;341;217;210;213;210;76;90;70;69;86;91;90;85
1860.0;353;344;218;205;206;215;78;93;73;71;79;93;90;82
1866.0;355;348;214;208;209;213;77;93;75;71;72;91;91;83
1872.0;352;343;216;208;211;212;74;94;74;72;75;87;89;93
1878.0;354;340;215;209;208;211;72;92;74;71;74;90;93;97
1884.0;352;342;214;212;205;209;71;95;73;73;69;87;100;98
1890.0;350;341;214;208;211;208;69;97;74;77;70;88;95;98
1896.0;346;346;212;205;209;211;69;95;77;75;74;89;92;100
1902.0;346;342;214;203;210;211;70;95;80;78;72;88;90;101
1908.0;350;344;212;206;209;210;70;88;78;80;73;89;88;103
1914.0;348;345;210;207;212;209;69;85;82;86;73;89;86;99
1920.0;348;347;210;206;216;211;75;85;86;80;76;87;81;92
1926.0;352;343;208;205;214;209;69;86;90;83;80;86;81;94
1932.0;349;341;210;208;215;215;69;79;91;81;82;86;85;89
1938.0;352;345;210;208;213;212;76;78;93;74;87;84;85;83
1944.0;357;348;207;204;214;215;74;75;95;68;85;88;88;82
1950.0;355;347;207;204;214;212;77;82;92;69;85;89;85;82
1956.0;355;348;210;206;215;214;76;77;93;67;83;94;81;81
1962.0;356;343;209;205;220;211;77;77;91;69;83;94;83;82
1968.0;353;343;205;201;221;214;76;77;90;71;85;96;86;82
1974.0;354;337;206;201;223;217;78;74;92;71;82;98;82;85
