#auto generated file!
12.0;116;120;105;111;126;115;100;122;116;126;119;117;108;99
18.0;119;125;104;118;127;123;95;117;111;124;115;117;103;102
24.0;120;129;101;126;130;126;93;121;110;119;114;114;99;98
30.0;126;131;101;126;128;125;92;120;105;116;116;116;100;98
36.0;129;130;101;131;131;127;94;122;103;114;113;112;97;96
42.0;130;134;101;131;130;132;89;122;101;112;114;109;98;97
48.0;135;138;104;134;129;137;87;114;99;105;112;106;99;101
54.0;139;139;107;133;133;138;86;112;103;101;113;104;94;98
60.0;143;142;108;132;134;137;89;111;104;101;109;100;95;95
66.0;150;141;107;135;131;138;90;115;105;97;106;95;95;95
72.0;150;142;108;134;133;140;92;111;101;99;102;94;100;94
78.0;152;148;108;139;135;144;91;101;96;102;103;93;99;89
84.0;156;153;109;143;138;143;92;102;92;99;97;92;98;86
90.0;157;161;111;148;138;147;93;96;91;98;91;91;95;83
96.0;157;162;111;153;137;147;89;92;93;100;88;100;91;80
102.0;160;164;111;151;138;146;89;91;87;98;86;107;91;81
108.0;160;162;119;149;137;146;90;95;87;95;85;104;94;77
114.0;159;165;119;149;143;144;92;93;85;91;82;105;95;78
120.0;162;167;118;146;144;148;89;92;80;93;79;106;95;81
126.0;166;171;116;144;147;148;80;90;85;89;78;105;96;85
132.0;167;176;119;144;146;148;82;92;84;86;72;103;100;81
138.0;170;178;121;140;148;146;82;91;87;89;71;102;96;79
144.0;173;176;121;144;149;145;87;90;84;88;73;97;93;80
150.0;174;177;120;147;151;147;88;89;85;89;71;91;93;78
156.0;177;177;121;150;150;147;85;83;87;88;75;89;89;82
162.0;175;186;122;151;147;144;86;83;83;84;73;89;94;83
168.0;171;187;124;153;149;141;89;81;80;83;76;82;96;88
174.0;175;191;125;151;147;142;87;82;78;81;80;82;93;86
180.0;171;195;128;150;147;146;86;84;76;81;81;77;94;84
186.0;174;197;129;150;147;146;78;84;70;85;86;75;93;86
192.0;177;197;132;148;147;148;76;80;71;83;87;80;91;83
198.0;181;195;134;149;144;147;70;85;69;83;89;82;90;82
204.0;183;200;133;149;145;148;72;82;72;82;84;78;91;81
210.0;186;200;137;150;139;148;73;82;74;81;83;73;90;84
216.0;192;198;138;150;139;150;72;80;75;85;78;71;89;83
222.0;194;196;141;149;137;154;72;80;75;89;78;70;83;82
228.0;196;195;142;146;139;155;74;81;73;85;81;71;82;80
234.0;193;191;138;143;141;152;85;86;68;83;80;73;83;84
240.0;193;193;133;141;142;157;84;86;68;84;79;70;89;81
246.0;190;192;133;145;141;153;82;89;75;84;76;74;87;79
252.0;191;190;139;150;142;156;81;87;70;79;74;79;85;77
258.0;192;194;137;149;143;158;80;85;68;79;70;75;91;79
264.0;192;194;138;153;145;158;84;87;67;82;64;73;89;74
270.0;194;196;143;147;143;160;85;85;68;84;68;73;87;67
276.0;193;199;140;145;142;160;85;79;68;87;66;74;91;71
282.0;196;200;141;144;138;162;84;83;65;90;64;75;89;69
288.0;200;199;143;148;134;163;83;83;64;85;60;73;91;74
294.0;204;205;139;147;134;162;83;80;61;87;60;73;92;73
300.0;202;204;141;147;137;162;85;79;62;86;58;76;89;72
306.0;203;204;142;147;140;161;81;82;64;87;60;74;87;68
312.0;201;208;141;148;140;161;82;81;65;78;61;78;88;68
318.0;201;212;137;151;139;162;82;83;61;77;62;81;87;65
324.0;202;217;141;150;136;161;81;79;58;74;62;83;88;68
330.0;204;215;142;146;136;162;81;78;58;76;61;83;90;68
336.0;202;216;143;145;141;163;81;81;61;77;61;78;86;65
342.0;202;217;143;146;139;164;83;77;65;81;62;72;84;65
348.0;203;218;144;153;138;165;80;75;62;79;63;71;82;67
354.0;205;217;146;151;141;166;85;72;63;76;60;70;82;66
360.0;206;217;146;152;144;165;84;71;67;75;58;70;81;64
366.0;204;215;153;149;145;164;85;69;70;73;55;72;80;66
372.0;203;217;155;151;144;168;89;68;72;72;56;69;71;65
378.0;204;215;155;157;147;164;84;68;68;74;55;71;73;65
384.0;211;213;156;164;148;166;82;62;69;74;54;72;70;59
390.0;213;216;157;161;147;171;78;67;65;74;52;75;68;56
396.0;213;215;157;161;144;171;76;67;63;73;52;75;71;62
402.0;210;220;157;160;147;172;75;65;64;72;53;72;70;63
408.0;209;219;157;160;147;168;81;64;68;68;52;71;72;64
414.0;210;222;158;158;145;167;78;62;67;68;54;69;74;68
420.0;210;223;158;163;147;164;75;63;66;70;55;64;71;71
426.0;213;223;155;163;147;162;78;62;65;71;54;62;71;74
432.0;215;225;159;162;145;163;78;66;63;70;50;62;70;72
438.0;214;223;159;167;147;170;76;65;60;71;51;62;63;72
444.0;215;226;157;168;146;175;76;63;60;68;47;63;65;71
450.0;221;230;156;165;147;178;68;64;60;67;50;65;59;70
456.0;218;227;154;168;148;175;70;65;62;65;55;63;63;67
462.0;218;224;152;166;147;173;78;69;65;65;54;60;62;67
468.0;220;220;154;166;144;175;74;71;62;64;57;63;62;68
474.0;221;222;155;168;144;170;73;71;64;63;59;60;64;66
480.0;221;222;156;168;146;171;68;68;64;68;60;61;64;63
486.0;223;223;154;167;148;174;69;68;63;67;61;60;59;64
492.0;223;224;155;166;147;173;66;68;67;67;64;59;55;66
498.0;223;227;158;168;142;176;64;67;65;67;65;56;55;67
504.0;224;229;159;166;146;177;61;68;65;67;62;54;54;68
510.0;226;230;156;166;142;178;61;69;67;67;60;57;54;67
516.0;226;234;159;164;138;179;63;68;67;69;63;54;50;66
522.0;230;234;161;162;144;179;63;60;71;67;62;57;46;64
528.0;227;235;161;164;141;182;63;61;72;70;59;58;44;63
534.0;233;235;157;161;142;181;65;61;74;69;60;52;45;65
540.0;236;233;160;161;142;176;66;60;73;65;58;54;50;66
546.0;235;233;164;157;144;181;68;61;72;66;55;52;50;62
552.0;237;233;167;158;144;182;69;58;71;61;56;51;54;59
558.0;238;234;167;157;144;178;67;58;74;59;53;55;58;58
564.0;241;232;169;153;144;179;67;55;76;57;57;55;57;58
570.0;243;236;171;152;145;180;68;55;75;56;55;51;53;60
576.0;242;235;172;153;147;177;72;58;74;54;50;52;55;59
582.0;242;238;168;153;147;178;69;58;74;54;51;52;56;60
588.0;245;240;164;153;144;175;70;59;79;52;53;55;55;56
594.0;247;239;167;154;144;174;67;58;77;48;54;58;58;55
600.0;250;245;170;155;143;171;65;56;75;46;54;60;55;55
606.0;250;246;171;151;142;168;68;58;75;47;53;59;56;56
612.0;253;249;168;146;140;167;70;62;72;46;56;57;57;57
618.0;255;250;166;142;139;168;71;59;72;48;56;59;59;56
624.0;256;249;165;141;137;168;67;61;71;51;56;60;62;56
630.0;257;253;168;144;137;169;65;54;70;57;55;56;59;56
636.0;254;256;168;144;135;170;67;57;76;57;56;58;50;52
642.0;253;254;168;146;139;170;68;57;75;56;54;56;52;52
648.0;252;254;167;144;139;170;66;54;76;56;54;58;56;54
654.0;252;253;166;145;143;166;69;48;73;59;55;57;57;57
660.0;253;253;170;146;142;164;67;51;73;56;57;55;58;55
666.0;254;248;172;148;146;164;65;50;73;58;57;54;56;55
672.0;254;246;172;146;146;160;65;53;73;54;60;55;61;55
678.0;256;246;178;142;147;158;68;52;68;53;60;56;61;55
684.0;248;247;179;143;146;159;64;55;69;52;58;63;61;56
690.0;247;247;175;144;145;159;63;57;76;54;57;66;57;53
696.0;247;246;174;146;146;157;67;58;75;54;54;64;59;53
702.0;247;244;173;148;142;159;68;60;71;58;57;61;61;51
708.0;248;241;170;151;138;159;66;65;71;61;57;62;60;51
714.0;246;242;168;150;137;157;68;67;73;58;57;66;62;49
720.0;248;240;166;151;139;156;68;67;73;59;57;65;61;50
726.0;246;241;166;152;143;152;68;66;72;61;53;66;60;54
732.0;247;246;166;157;143;149;67;67;69;61;53;64;58;53
738.0;247;244;167;156;141;148;69;70;67;63;53;65;60;50
744.0;251;241;166;155;141;149;69;73;66;63;53;62;58;53
750.0;250;240;166;155;139;150;72;73;67;60;52;64;57;55
756.0;251;243;167;157;136;147;72;71;64;62;50;64;60;56
762.0;253;239;170;155;134;146;67;73;62;63;53;65;61;59
768.0;256;239;177;155;133;147;66;70;58;64;51;62;61;61
774.0;255;238;176;155;132;149;66;69;58;62;51;65;61;63
780.0;255;240;172;159;134;149;63;67;58;67;52;61;62;61
786.0;254;240;174;158;135;145;66;65;56;69;55;62;59;62
792.0;257;242;174;156;134;144;63;61;57;71;59;61;58;63
798.0;261;241;175;156;132;145;63;60;54;71;60;61;58;63
804.0;262;241;170;156;135;139;66;60;55;74;58;59;61;64
810.0;266;242;168;158;131;135;66;61;56;77;57;60;60;63
816.0;268;242;166;154;130;137;64;60;60;75;57;61;60;66
822.0;267;242;168;155;131;137;67;61;60;75;55;58;57;67
828.0;270;244;163;152;132;137;67;61;60;79;53;57;57;68
834.0;268;245;165;150;133;139;66;60;59;78;52;61;55;69
840.0;271;250;163;148;133;140;65;61;61;74;55;63;50;66
846.0;270;252;161;145;128;142;67;61;65;75;53;62;56;63
852.0;263;248;165;150;131;144;62;60;64;74;51;64;58;66
858.0;261;251;164;151;131;144;63;61;62;76;54;61;56;65
864.0;264;250;167;147;129;145;61;62;63;72;53;62;59;66
870.0;264;253;161;147;132;145;62;62;62;73;52;65;60;62
876.0;263;257;157;148;137;140;64;57;62;73;54;67;61;60
882.0;260;255;158;154;135;138;63;56;63;70;54;68;62;64
888.0;256;257;159;155;139;137;57;56;63;67;59;67;62;66
894.0;260;255;159;154;139;142;59;57;58;68;61;69;55;64
900.0;261;250;157;157;143;138;59;60;58;69;62;66;54;66
906.0;263;249;158;158;142;135;53;66;61;72;60;65;56;62
912.0;266;250;157;159;146;135;53;65;60;70;59;64;54;62
918.0;263;248;162;155;147;137;51;69;59;73;61;64;52;59
924.0;264;252;162;158;150;136;44;68;60;72;61;65;50;58
930.0;266;247;162;156;147;135;42;69;65;74;61;64;51;61
936.0;265;251;163;156;147;134;39;68;65;74;65;65;46;62
942.0;267;252;161;160;146;133;39;63;67;72;63;65;50;62
948.0;264;254;160;159;145;133;39;60;71;71;67;62;52;63
954.0;264;254;161;156;145;132;38;60;70;72;66;63;55;64
960.0;261;257;161;158;141;132;39;60;71;74;62;64;53;67
966.0;263;258;161;160;143;133;43;57;71;74;61;61;52;63
972.0;260;258;159;163;141;135;47;57;69;71;58;62;56;64
978.0;263;259;157;162;143;137;46;54;68;74;55;60;56;66
984.0;262;257;161;159;144;137;44;54;70;72;54;63;55;68
990.0;263;260;160;156;142;135;46;57;67;72;60;58;55;69
996.0;264;263;158;153;140;134;47;61;70;68;59;60;57;66
1002.0;259;262;159;154;142;135;50;63;66;69;60;61;58;62
1008.0;261;267;153;157;145;133;51;62;66;65;63;62;58;57
1014.0;267;266;154;157;144;134;49;60;66;62;63;60;59;59
1020.0;265;267;154;158;138;134;51;59;67;63;64;59;58;63
1026.0;260;269;151;161;142;132;54;59;66;61;64;59;62;60
1032.0;261;268;154;162;142;134;53;60;58;60;65;63;59;61
1038.0;261;267;151;158;142;135;54;63;61;58;67;64;57;62
1044.0;262;266;149;157;143;134;57;62;60;57;67;62;63;61
1050.0;266;267;148;159;145;134;57;58;60;58;67;55;64;62
1056.0;267;264;146;162;146;140;55;60;60;55;66;60;57;62
1062.0;266;264;149;163;143;145;54;61;56;55;62;63;59;60
1068.0;267;265;147;162;142;149;54;60;53;56;59;63;61;62
1074.0;266;263;146;160;144;149;55;58;53;62;61;64;62;57
1080.0;270;265;144;161;146;151;53;60;50;61;60;65;56;58
1086.0;272;265;143;161;145;150;52;59;51;61;59;68;55;59
1092.0;272;266;146;161;145;155;48;62;50;61;56;70;52;56
1098.0;267;269;147;161;151;156;53;64;48;60;54;68;48;54
1104.0;266;268;147;164;151;156;53;64;51;62;57;64;49;48
1110.0;267;267;146;163;148;156;56;63;53;62;58;63;50;48
1116.0;268;269;147;163;149;158;53;65;53;61;55;63;49;47
1122.0;265;273;145;165;145;158;55;65;52;59;57;66;45;50
1128.0;264;275;144;165;143;159;51;66;49;61;57;69;44;53
1134.0;262;274;145;167;140;157;50;66;51;63;58;69;44;54
1140.0;263;276;146;164;139;156;50;66;50;65;59;68;44;54
1146.0;262;278;149;160;138;159;47;65;50;65;59;69;45;54
1152.0;266;278;151;162;133;157;47;64;49;68;56;70;46;53
1158.0;265;275;151;162;132;157;50;66;48;67;58;70;46;53
1164.0;267;272;150;158;134;157;46;68;47;65;60;73;47;56
1170.0;264;270;151;163;133;156;47;68;46;67;59;73;45;58
1176.0;266;270;152;163;130;157;49;67;44;64;57;74;48;59
1182.0;266;269;153;166;133;156;50;65;42;63;54;76;51;56
1188.0;266;268;155;167;132;152;54;65;44;61;54;71;55;56
1194.0;269;263;151;169;137;154;53;65;44;60;54;66;54;61
1200.0;268;262;151;170;139;155;53;69;41;60;54;66;52;60
1206.0;267;262;150;171;142;152;54;66;40;66;52;66;53;59
1212.0;263;263;148;173;146;157;56;64;39;64;55;59;56;57
1218.0;265;262;147;171;147;154;60;63;39;65;56;60;53;58
1224.0;268;263;147;170;142;154;55;61;41;66;58;60;54;61
1230.0;264;261;148;168;141;154;61;63;41;66;61;62;50;60
1236.0;260;261;154;168;144;149;60;65;40;69;63;59;49;59
1242.0;261;257;156;172;141;148;61;64;43;69;64;60;48;56
1248.0;263;260;156;170;141;145;62;61;42;69;63;61;49;58
1254.0;266;257;158;171;141;144;61;62;42;68;64;60;49;57
1260.0;267;256;158;172;144;146;59;62;45;64;60;58;50;59
1266.0;263;254;157;171;147;145;58;62;47;64;63;58;54;57
1272.0;264;258;153;171;146;144;57;60;49;63;60;63;53;59
1278.0;266;251;157;169;140;148;55;58;50;62;64;66;52;62
1284.0;266;252;151;172;142;149;57;53;51;61;64;67;53;62
1290.0;266;254;151;169;138;150;56;53;49;63;68;68;51;64
1296.0;263;254;156;169;135;151;60;53;48;65;68;63;52;63
1302.0;262;254;160;162;134;149;63;59;46;65;64;62;56;64
1308.0;260;251;161;161;137;152;61;57;49;64;67;61;57;62
1314.0;259;253;160;160;137;153;61;57;49;67;65;59;58;62
1320.0;259;259;159;158;141;154;60;52;45;67;66;61;58;61
1326.0;259;261;156;160;145;153;58;51;43;67;67;59;57;64
1332.0;260;263;153;159;149;155;59;49;44;65;66;55;60;63
1338.0;259;264;154;158;147;156;60;47;43;67;61;56;61;67
1344.0;260;261;156;163;145;159;60;47;43;65;58;55;62;66
1350.0;264;262;155;157;146;154;58;50;47;69;55;58;64;61
1356.0;264;261;153;157;140;156;62;50;50;67;59;57;63;61
1362.0;264;264;154;154;140;155;61;51;50;68;61;57;62;59
1368.0;271;265;152;152;143;156;62;50;51;67;59;53;58;61
1374.0;270;267;154;152;143;155;63;49;51;70;56;51;58;61
1380.0;272;266;151;153;141;156;63;51;53;70;56;49;59;60
1386.0;276;267;150;154;140;153;63;53;49;70;55;49;59;62
1392.0;273;266;148;156;137;152;60;57;52;67;56;45;63;68
1398.0;273;265;150;153;135;151;60;59;50;73;55;42;63;71
1404.0;276;267;147;151;134;149;61;57;50;70;58;45;63;72
1410.0;271;267;150;146;134;150;64;59;53;66;63;42;61;74
1416.0;267;264;146;149;138;148;64;61;54;70;62;42;61;74
1422.0;265;259;151;148;141;154;67;61;49;70;61;46;58;70
1428.0;264;261;150;148;144;152;66;61;45;73;58;43;60;75
1434.0;264;262;152;147;143;149;69;61;48;73;57;44;58;73
1440.0;265;257;150;148;144;150;69;61;47;73;62;46;57;71
1446.0;268;256;150;146;144;148;65;65;45;77;64;47;57;68
1452.0;266;257;155;145;140;146;63;69;49;74;65;47;55;69
1458.0;264;258;156;147;144;145;64;68;48;76;65;45;53;67
1464.0;262;260;153;147;147;140;64;68;48;70;68;47;57;69
1470.0;263;258;152;148;146;141;59;68;45;74;73;45;58;70
1476.0;263;262;153;152;145;140;57;67;46;75;71;48;53;68
1482.0;264;265;155;152;147;143;56;67;42;71;72;46;55;65
1488.0;263;263;155;152;145;150;55;64;40;72;70;48;58;65
1494.0;265;262;150;151;144;150;53;66;43;74;68;51;57;66
1500.0;268;260;150;150;145;152;58;67;45;68;65;53;55;64
1506.0;267;264;148;149;143;152;64;67;44;67;63;54;53;65
1512.0;265;267;146;151;142;155;67;65;44;67;60;56;53;62
1518.0;262;261;148;156;146;156;62;67;45;68;59;54;54;62
1524.0;261;262;152;155;148;156;56;67;45;67;56;53;59;63
1530.0;265;266;150;154;145;157;57;65;44;64;57;54;62;60
1536.0;264;265;149;158;144;159;56;63;44;67;57;54;61;59
1542.0;261;266;144;163;144;158;56;62;45;65;58;52;66;60
1548.0;262;263;144;166;143;155;58;62;47;66;56;51;70;57
1554.0;261;264;138;167;142;153;58;65;48;65;54;55;73;57
1560.0;267;266;139;168;143;152;59;66;46;63;50;51;73;57
1566.0;267;266;140;163;147;156;61;65;45;65;51;53;67;54
1572.0;271;268;137;161;146;160;58;68;45;66;49;55;64;52
1578.0;270;267;137;160;143;159;67;70;46;67;49;54;61;50
1584.0;268;264;141;156;145;161;68;72;46;67;50;52;62;48
1590.0;267;269;138;156;143;159;70;72;45;66;51;53;61;50
1596.0;270;267;140;160;144;155;70;72;49;63;49;51;61;49
1602.0;269;264;141;158;144;158;69;70;51;62;51;49;65;49
1608.0;272;265;137;160;144;153;72;67;54;63;52;49;57;55
1614.0;270;263;137;160;140;147;71;69;55;66;55;54;57;56
1620.0;266;267;136;159;137;149;65;69;57;64;60;53;57;61
1626.0;264;263;138;161;136;150;63;68;55;65;62;54;61;60
1632.0;269;265;135;153;138;153;64;68;54;66;63;56;61;55
1638.0;271;263;138;154;142;156;62;66;57;66;60;48;61;56
1644.0;269;261;139;155;145;155;59;67;55;65;63;51;60;56
1650.0;273;263;141;153;148;157;60;63;55;63;62;52;55;55
1656.0;272;259;138;153;151;158;66;63;55;59;61;50;59;56
1662.0;271;260;138;150;156;159;63;63;53;60;61;48;59;59
1668.0;271;260;147;149;156;158;61;64;55;61;58;44;56;60
1674.0;269;260;146;152;157;160;67;63;54;58;56;43;55;60
1680.0;263;261;147;149;158;160;67;62;62;61;54;42;53;61
1686.0;264;258;147;151;157;160;65;60;60;61;57;41;57;62
1692.0;263;261;150;149;151;158;66;60;58;64;56;42;63;59
1698.0;263;264;146;147;150;154;61;60;58;65;58;43;64;67
1704.0;263;267;145;146;149;154;63;58;60;62;61;45;60;67
1710.0;264;269;146;143;151;159;60;58;58;59;67;44;61;61
1716.0;265;269;145;144;156;158;61;58;56;60;66;45;59;58
1722.0;267;268;144;143;160;157;63;58;59;61;60;47;57;56
1728.0;264;267;144;142;162;156;63;60;55;63;59;47;59;59
1734.0;269;267;142;142;157;156;64;58;56;63;61;44;61;60
1740.0;270;268;143;142;156;156;69;56;56;63;62;43;57;59
1746.0;272;272;139;146;155;157;69;54;55;64;61;44;55;57
1752.0;271;274;136;144;156;155;70;58;56;65;62;42;56;55
1758.0;274;277;136;145;154;154;66;57;54;62;65;43;59;54
1764.0;273;279;136;144;156;153;63;58;54;59;60;49;59;57
1770.0;271;281;136;145;154;149;62;60;60;59;61;45;59;58
1776.0;269;280;135;145;155;149;61;62;62;61;63;45;57;56
1782.0;267;279;135;148;154;150;64;58;61;62;61;45;57;59
1788.0;270;278;135;153;154;151;62;58;61;61;58;46;57;56
1794.0;273;277;136;150;154;151;59;61;60;64;61;42;58;54
1800.0;274;276;137;153;151;149;60;62;62;61;62;40;60;53
1806.0;271;275;138;155;149;150;58;58;62;60;63;44;58;59
1812.0;270;273;138;153;151;146;59;56;65;64;61;47;55;62
1818.0;274;273;138;151;148;149;60;57;67;61;58;45;56;63
1824.0;271;276;139;149;148;146;60;58;68;61;57;46;55;66
1830.0;271;275;141;148;150;147;62;57;67;61;59;43;53;66
1836.0;277;270;139;149;146;153;63;57;65;62;58;44;53;64
1842.0;279;272;141;152;148;152;56;54;61;62;57;48;54;64
1848.0;279;271;141;153;150;153;53;56;60;58;61;50;55;60
1854.0;281;271;139;153;147;152;52;57;60;63;60;50;55;60
1860.0;280;267;141;158;144;153;49;57;59;61;66;52;53;60
1866.0;275;269;141;160;142;155;48;58;61;64;66;50;53;58
1872.0;277;266;144;156;143;154;49;58;57;67;64;53;54;58
1878.0;278;267;142;162;145;152;50;61;58;65;62;49;51;58
1884.0;282;262;143;160;145;145;51;64;59;71;57;51;53;57
1890.0;280;264;141;161;146;142;52;62;57;73;59;49;54;60
1896.0;282;268;140;161;146;140;51;62;54;69;61;54;53;59
1902.0;279;268;141;160;145;141;51;57;58;69;63;57;53;58
1908.0;276;268;138;158;146;142;51;57;54;71;66;55;59;59
1914.0;273;265;138;161;147;140;50;60;56;72;66;59;55;58
1920.0;275;263;138;161;149;139;52;59;56;69;71;57;52;59
1926.0;276;263;139;164;147;138;55;59;57;70;68;54;50;60
1932.0;275;259;140;165;148;136;54;56;56;72;70;55;52;62
1938.0;272;256;139;166;154;133;52;54;56;73;71;60;52;62
1944.0;276;257;137;166;155;134;54;56;53;70;69;61;50;62
1950.0;278;257;139;166;156;132;57;56;53;70;67;55;50;64
1956.0;279;255;138;164;159;135;57;50;58;67;71;52;48;67
1962.0;280;254;136;163;164;136;58;51;59;68;73;51;50;57
1968.0;285;248;137;161;164;136;58;50;61;67;78;50;46;59
1974.0;284;248;134;164;162;137;57;52;63;71;74;49;46;59
