#auto generated file!
12.0;35;46;41;39;39;41;56;50;43;46;44;41;31;48
18.0;36;51;40;41;42;37;52;50;41;44;42;43;33;48
24.0;36;54;41;42;42;36;52;47;41;45;40;41;34;49
30.0;38;55;42;42;40;39;52;47;38;44;39;42;33;49
36.0;38;56;44;39;43;42;48;47;37;44;37;42;33;50
42.0;39;58;44;44;43;41;47;51;37;41;37;39;34;45
48.0;40;59;47;45;43;40;46;49;39;39;36;40;33;44
54.0;41;62;48;45;45;41;50;47;39;40;34;42;30;36
60.0;43;61;48;48;45;41;50;48;37;39;36;41;27;36
66.0;45;60;48;50;45;41;50;48;35;38;33;43;28;36
72.0;44;61;49;53;44;42;49;45;35;38;34;41;31;34
78.0;44;61;49;53;43;43;46;47;35;36;36;41;31;35
84.0;45;60;47;55;42;43;43;46;34;37;35;40;35;38
90.0;44;60;48;57;45;43;39;46;37;36;34;40;34;37
96.0;45;61;47;56;45;44;37;44;35;36;35;44;35;36
102.0;47;60;47;54;45;43;36;40;38;38;34;43;39;36
108.0;51;60;50;54;47;45;34;37;36;36;34;44;37;35
114.0;51;62;51;54;50;44;33;34;36;36;36;42;37;34
120.0;53;60;52;54;51;45;36;34;33;35;37;43;35;32
126.0;58;60;53;52;51;44;37;33;34;32;37;41;34;34
132.0;58;61;51;53;52;43;37;30;36;32;35;43;35;34
138.0;57;61;54;52;52;42;38;31;35;32;35;43;36;32
144.0;59;62;56;53;50;44;37;31;35;31;32;42;36;32
150.0;57;61;57;54;51;44;36;32;37;32;33;39;35;32
156.0;57;64;59;54;49;45;35;29;36;31;33;40;36;32
162.0;57;67;61;54;48;44;36;34;34;26;35;38;35;31
168.0;55;66;60;53;47;47;37;33;33;23;37;39;38;32
174.0;56;67;61;53;48;48;37;37;31;23;34;35;37;33
180.0;57;69;63;54;48;47;39;37;29;21;35;34;37;30
186.0;60;72;64;54;48;47;34;36;29;19;34;36;37;30
192.0;62;73;64;56;46;47;37;34;30;17;35;34;36;29
198.0;63;72;62;58;46;49;38;33;29;15;35;34;38;28
204.0;65;73;64;58;44;49;38;32;28;16;33;34;38;28
210.0;65;76;63;60;44;52;38;28;27;14;35;32;37;29
216.0;64;76;62;59;44;52;35;27;30;15;35;33;39;29
222.0;66;76;63;59;44;53;35;28;30;15;36;30;34;31
228.0;69;76;64;55;45;53;34;27;30;15;37;29;34;32
234.0;66;78;64;55;46;55;32;27;30;17;38;30;32;30
240.0;69;79;61;55;47;54;29;26;31;20;38;33;31;27
246.0;68;79;63;53;45;54;29;28;30;19;40;32;33;27
252.0;69;77;62;53;47;56;30;28;30;19;38;32;33;26
258.0;71;77;64;51;48;52;29;28;31;21;38;30;32;28
264.0;71;76;67;51;46;51;29;30;30;20;37;30;35;27
270.0;70;74;68;51;46;55;29;33;30;19;37;29;31;28
276.0;69;74;75;51;46;55;28;33;27;19;35;28;31;29
282.0;68;77;76;51;46;55;29;34;27;19;34;27;30;27
288.0;72;77;72;51;47;58;30;32;28;20;32;26;29;26
294.0;73;79;74;50;50;58;28;31;27;20;30;25;29;26
300.0;74;80;76;50;50;57;27;31;26;20;29;24;29;27
306.0;73;80;74;52;49;60;25;33;26;21;29;24;28;26
312.0;72;77;74;52;51;60;26;33;28;23;28;22;27;27
318.0;72;76;74;54;56;60;24;33;25;21;29;22;27;27
324.0;73;75;71;53;57;62;24;31;24;21;26;24;29;30
330.0;75;77;72;50;56;59;25;29;23;22;27;25;29;31
336.0;74;77;70;50;57;59;25;30;24;20;29;25;29;31
342.0;74;75;70;50;56;59;24;31;26;21;25;27;28;34
348.0;74;77;70;50;56;58;23;29;24;22;25;26;30;36
354.0;72;77;69;50;58;56;22;29;23;23;25;30;29;37
360.0;73;81;68;49;57;57;24;27;24;22;25;29;29;35
366.0;72;83;68;50;56;54;24;28;24;22;25;30;30;34
372.0;72;82;65;53;55;56;25;29;23;24;27;28;29;32
378.0;73;82;64;53;54;58;27;30;21;25;26;28;29;30
384.0;73;83;64;52;59;60;25;28;20;24;24;28;29;31
390.0;72;85;64;52;59;63;26;26;18;24;30;23;28;30
396.0;73;84;63;52;58;64;27;28;20;23;28;22;29;29
402.0;74;84;63;51;58;64;27;28;22;24;27;21;28;29
408.0;75;84;65;54;58;64;27;28;19;24;28;20;27;27
414.0;77;83;63;56;59;63;27;27;20;25;28;21;24;27
420.0;77;83;65;55;60;61;27;28;23;25;28;20;23;25
426.0;76;83;63;55;60;64;25;28;24;24;28;23;23;24
432.0;76;84;58;56;59;63;25;30;26;24;30;25;24;20
438.0;76;85;59;58;59;62;25;25;27;24;30;28;22;20
444.0;78;87;57;57;59;63;26;27;24;24;28;29;21;20
450.0;79;86;56;56;59;65;25;27;25;25;28;26;21;22
456.0;78;86;56;58;60;65;24;25;25;24;29;25;22;23
462.0;78;88;56;55;63;70;25;25;22;20;28;25;21;24
468.0;76;86;58;56;62;70;26;24;26;19;28;26;19;24
474.0;77;86;58;54;62;68;27;27;27;19;27;26;18;24
480.0;79;84;58;57;59;66;25;28;26;20;26;29;18;25
486.0;81;83;59;58;56;66;26;28;25;19;26;28;20;25
492.0;81;83;60;58;55;63;26;28;24;19;27;29;21;26
498.0;81;84;61;57;55;58;26;27;24;19;28;29;22;29
504.0;81;83;60;57;59;60;24;29;23;16;29;28;22;29
510.0;79;81;62;57;60;62;25;27;25;16;28;28;23;27
516.0;81;80;62;59;61;62;24;25;24;16;27;28;23;28
522.0;84;81;60;54;62;61;25;25;25;17;26;28;23;29
528.0;84;80;59;53;60;62;25;25;27;16;27;28;26;28
534.0;85;79;62;57;59;63;25;23;26;16;27;25;25;28
540.0;87;80;63;62;58;62;24;23;25;14;26;25;26;25
546.0;88;82;64;61;60;60;22;23;24;15;25;25;25;26
552.0;88;83;64;60;60;59;23;23;23;16;27;25;23;26
558.0;84;82;65;59;60;57;23;25;22;18;29;25;24;27
564.0;86;83;65;56;61;56;26;23;22;15;31;25;22;29
570.0;86;84;67;56;60;57;25;23;21;14;29;25;22;31
576.0;87;84;67;54;59;56;25;25;19;15;29;27;23;30
582.0;84;85;65;53;58;59;27;23;21;15;30;29;22;29
588.0;84;84;65;51;57;64;26;25;20;16;30;29;21;28
594.0;85;83;66;54;56;60;26;25;21;17;30;28;21;28
600.0;85;83;64;52;57;57;27;26;21;18;32;29;21;28
606.0;86;83;64;51;56;57;29;24;23;18;31;30;21;27
612.0;83;85;63;53;56;57;32;25;26;18;30;28;20;24
618.0;81;86;64;53;56;56;33;27;24;19;30;28;20;23
624.0;82;84;62;52;57;55;32;29;24;23;29;27;20;24
630.0;82;85;65;50;56;57;31;27;26;23;28;26;20;24
636.0;84;87;64;53;56;58;33;24;27;19;26;25;21;23
642.0;83;91;62;54;55;61;33;27;26;19;27;20;19;23
648.0;84;90;62;53;54;61;35;28;26;18;28;19;19;23
654.0;85;91;62;54;52;61;32;29;27;18;29;19;19;22
660.0;87;91;61;53;50;61;36;28;28;17;27;20;18;23
666.0;86;91;62;53;49;60;37;29;28;17;28;19;20;21
672.0;85;92;61;53;48;62;34;26;29;18;27;19;24;22
678.0;84;92;61;52;49;62;34;26;27;18;25;21;27;22
684.0;84;91;62;53;48;60;34;27;25;20;27;22;26;21
690.0;87;92;62;54;45;58;36;26;27;20;25;22;25;21
696.0;85;90;61;54;46;59;34;25;28;22;24;25;25;22
702.0;84;90;60;57;47;57;35;26;27;22;25;27;23;20
708.0;84;86;60;57;45;56;37;25;29;25;24;25;24;23
714.0;82;86;57;59;46;58;39;23;28;25;24;26;24;23
720.0;82;86;56;58;46;62;38;25;29;26;21;23;24;24
726.0;83;87;57;57;47;62;36;25;31;25;20;20;24;26
732.0;83;87;57;57;47;62;38;25;30;23;21;21;23;26
738.0;84;88;56;55;48;61;41;23;28;22;23;20;24;27
744.0;84;90;55;54;50;62;39;21;27;24;23;21;25;25
750.0;83;88;57;53;52;63;42;23;26;25;18;21;26;23
756.0;85;90;57;53;51;62;42;22;27;24;18;18;26;25
762.0;85;88;56;53;53;63;44;23;26;25;18;18;24;24
768.0;87;88;57;52;53;63;41;22;26;23;18;20;25;25
774.0;86;89;58;54;54;65;41;22;24;22;19;20;23;23
780.0;87;91;57;53;54;65;40;23;21;22;20;20;23;24
786.0;85;91;57;55;55;66;40;21;20;23;19;22;22;24
792.0;86;94;55;52;56;65;37;20;21;22;17;23;23;29
798.0;88;97;57;50;57;67;34;20;19;23;15;24;22;27
804.0;88;97;56;50;59;70;33;19;20;24;16;24;21;23
810.0;90;97;56;50;59;70;31;18;21;22;17;23;23;23
816.0;91;96;56;49;61;71;29;16;22;22;18;22;24;23
822.0;92;98;55;49;58;70;29;18;21;20;19;24;24;23
828.0;91;98;54;52;57;68;31;19;19;20;19;22;24;26
834.0;92;98;55;52;57;67;32;18;19;20;18;23;22;27
840.0;93;98;53;52;56;67;31;20;20;21;19;22;23;25
846.0;94;95;54;54;56;67;31;17;19;22;21;23;22;25
852.0;95;95;54;56;55;67;32;17;18;22;21;23;20;25
858.0;94;94;52;56;53;68;30;17;20;25;21;26;19;25
864.0;97;95;52;54;53;68;31;16;21;24;18;26;20;25
870.0;98;95;52;52;50;67;32;15;22;26;18;28;21;24
876.0;99;95;54;54;49;67;31;14;22;24;20;29;18;24
882.0;99;95;55;53;49;67;32;14;22;24;20;29;18;23
888.0;100;94;54;52;47;65;34;15;22;26;23;25;20;23
894.0;101;94;54;52;46;64;32;16;21;27;23;27;20;23
900.0;97;94;54;52;48;64;31;17;21;27;25;25;23;22
906.0;98;94;53;54;49;65;31;17;21;27;25;23;22;21
912.0;96;94;54;50;49;67;30;18;22;28;27;23;22;20
918.0;93;92;54;52;49;69;29;19;22;29;27;24;21;20
924.0;95;93;55;51;50;66;30;22;19;26;27;24;23;19
930.0;93;93;56;49;50;63;33;24;18;27;26;25;24;19
936.0;93;95;57;50;50;64;31;21;20;25;25;26;25;18
942.0;94;95;58;55;49;64;30;21;18;24;25;24;25;18
948.0;91;99;57;55;48;64;29;21;19;25;24;25;24;19
954.0;94;97;57;54;46;63;29;22;19;26;26;24;24;19
960.0;94;97;56;54;47;61;28;21;20;26;30;24;23;19
966.0;92;98;56;54;46;60;28;21;22;24;31;23;23;22
972.0;93;100;56;52;45;60;28;19;22;25;31;24;22;23
978.0;94;99;57;54;45;59;29;18;22;25;30;25;22;21
984.0;93;97;57;56;45;59;30;18;21;25;30;25;23;21
990.0;91;98;58;57;44;61;26;18;22;25;29;26;22;23
996.0;90;97;60;57;45;61;25;19;23;24;29;26;22;22
1002.0;89;98;60;58;44;60;23;21;24;27;28;26;21;21
1008.0;89;96;57;57;46;60;27;19;24;31;27;25;21;21
1014.0;87;96;58;58;46;61;25;20;23;33;26;24;20;23
1020.0;86;96;61;59;46;65;24;17;24;33;24;23;19;23
1026.0;87;95;62;59;47;65;23;15;24;36;22;22;20;23
1032.0;87;94;62;60;47;64;21;16;25;32;21;24;25;22
1038.0;88;96;60;57;52;64;20;17;24;32;21;23;25;21
1044.0;89;96;62;58;53;59;19;18;25;30;19;24;26;22
1050.0;89;98;62;59;54;58;20;16;23;28;18;25;26;24
1056.0;90;96;61;58;53;58;21;18;22;27;17;26;27;26
1062.0;88;94;63;59;51;57;21;20;25;27;18;25;27;25
1068.0;85;96;62;58;47;59;19;22;24;28;19;25;30;26
1074.0;86;95;63;57;45;60;18;22;26;29;19;24;28;28
1080.0;86;96;61;56;47;61;18;22;26;27;19;24;29;28
1086.0;86;95;61;55;46;61;17;21;26;29;19;24;32;28
1092.0;85;96;61;55;48;62;18;23;25;28;20;23;31;25
1098.0;83;96;61;55;50;62;18;23;25;29;21;22;31;24
1104.0;85;93;63;53;51;63;17;22;22;28;21;25;31;26
1110.0;85;96;64;55;50;64;17;23;20;25;21;24;29;27
1116.0;84;94;64;56;49;67;16;23;19;28;22;24;28;26
1122.0;86;94;65;55;50;68;15;22;19;29;21;23;26;27
1128.0;87;93;68;58;49;67;16;20;19;29;21;23;24;26
1134.0;89;93;69;55;49;66;18;20;21;28;22;24;24;22
1140.0;89;92;70;57;49;65;17;19;22;27;23;24;24;22
1146.0;87;93;71;58;48;67;17;18;21;29;22;23;23;23
1152.0;87;93;71;56;50;63;18;19;23;30;21;26;22;21
1158.0;88;95;69;56;51;63;16;18;25;27;21;28;21;22
1164.0;87;94;68;57;49;62;17;17;27;28;21;28;21;24
1170.0;87;94;67;57;49;63;20;15;28;28;21;28;20;23
1176.0;86;95;70;56;49;63;21;14;29;27;21;29;18;22
1182.0;86;96;67;56;49;63;22;15;28;26;22;30;18;22
1188.0;84;97;68;56;52;63;23;17;26;25;20;30;17;22
1194.0;84;98;68;54;51;63;23;17;25;26;22;29;16;24
1200.0;85;96;66;54;52;62;23;16;26;29;21;30;16;24
1206.0;87;96;67;53;52;61;23;16;26;30;22;28;17;22
1212.0;86;95;67;55;51;59;21;17;27;30;22;30;18;22
1218.0;85;97;69;54;50;60;22;16;28;29;22;29;19;20
1224.0;85;99;66;54;49;58;23;17;29;29;22;30;20;19
1230.0;85;98;63;54;48;59;25;16;28;30;24;31;20;19
1236.0;83;99;62;54;48;59;26;16;27;32;23;33;19;19
1242.0;84;100;60;53;49;60;25;15;27;33;22;34;18;20
1248.0;86;99;59;54;49;60;25;15;25;34;23;34;18;19
1254.0;87;99;59;55;48;59;25;16;22;36;25;33;15;21
1260.0;86;97;60;57;47;60;26;16;23;35;22;35;15;21
1266.0;86;98;60;57;47;60;27;18;20;32;23;32;17;23
1272.0;83;97;57;55;47;60;28;18;21;30;27;32;21;24
1278.0;83;97;58;56;46;61;28;20;21;30;28;30;19;23
1284.0;84;99;56;55;46;62;27;19;19;31;30;32;17;23
1290.0;84;101;56;54;45;62;27;20;18;33;30;30;18;22
1296.0;86;100;56;53;45;60;26;22;20;31;27;31;19;24
1302.0;86;102;56;53;43;62;25;22;19;29;31;29;18;25
1308.0;87;103;55;55;41;61;24;21;19;29;31;29;20;25
1314.0;89;101;54;57;42;62;24;22;18;28;29;30;19;25
1320.0;87;100;54;56;41;63;24;22;19;28;28;31;23;24
1326.0;84;100;52;57;41;62;25;25;19;29;31;30;23;22
1332.0;83;101;54;56;42;63;23;25;17;28;30;30;26;22
1338.0;83;102;54;58;41;64;23;26;15;27;31;29;24;23
1344.0;84;101;55;59;41;64;23;25;16;28;28;28;25;23
1350.0;85;102;57;60;40;64;23;24;18;29;28;25;23;22
1356.0;84;102;56;57;38;64;23;23;20;30;29;26;25;23
1362.0;84;101;56;59;40;62;22;23;21;29;29;26;24;24
1368.0;84;100;56;60;41;61;21;23;20;29;30;25;25;25
1374.0;86;101;56;59;41;61;22;22;20;31;29;24;24;24
1380.0;89;100;57;61;40;61;21;21;19;31;29;24;24;23
1386.0;87;99;56;62;39;61;18;23;21;33;30;21;26;24
1392.0;86;99;55;63;38;62;16;20;22;33;32;23;25;26
1398.0;86;98;55;68;41;61;17;17;23;31;30;22;25;26
1404.0;86;96;56;68;41;59;19;16;23;33;30;22;26;25
1410.0;88;97;53;70;42;58;20;17;23;29;28;21;27;27
1416.0;88;96;54;72;39;58;20;17;24;27;27;22;28;28
1422.0;88;97;53;73;41;56;19;20;23;26;27;23;28;26
1428.0;84;98;54;74;42;58;20;21;21;25;23;23;30;27
1434.0;82;96;55;76;43;60;20;21;21;23;24;23;31;25
1440.0;82;96;54;77;44;60;20;23;20;22;25;24;30;23
1446.0;82;98;55;78;45;59;21;23;20;22;24;23;30;20
1452.0;82;97;53;81;46;58;25;22;21;20;23;21;29;22
1458.0;83;98;54;81;46;58;25;19;21;18;24;21;29;23
1464.0;84;98;53;79;47;58;25;21;18;20;23;21;30;23
1470.0;84;100;51;79;48;59;25;23;18;19;23;21;28;22
1476.0;83;101;50;80;47;61;24;23;17;20;21;21;30;22
1482.0;85;101;50;83;47;59;26;23;17;21;17;19;31;21
1488.0;83;100;50;85;47;59;24;25;19;22;17;17;30;22
1494.0;81;100;50;81;49;58;24;24;24;22;17;14;31;25
1500.0;80;100;50;83;48;56;24;25;25;22;18;14;31;24
1506.0;81;102;48;84;48;55;24;27;24;21;16;15;30;25
1512.0;80;100;47;81;49;55;26;27;26;21;15;18;29;26
1518.0;83;98;49;82;47;56;25;28;26;21;13;18;28;26
1524.0;85;98;52;80;46;53;25;28;28;19;13;18;29;26
1530.0;84;99;52;80;47;55;24;28;26;18;13;20;28;26
1536.0;86;98;52;81;47;54;24;28;26;18;12;22;26;26
1542.0;86;99;51;79;46;52;22;32;23;18;14;23;28;27
1548.0;88;98;52;79;47;56;20;32;22;19;14;23;26;24
1554.0;87;100;53;74;45;58;21;29;23;20;15;23;27;25
1560.0;86;98;54;73;46;58;22;27;21;21;16;25;26;27
1566.0;87;97;54;73;46;59;22;28;22;20;17;24;25;26
1572.0;88;97;57;71;47;59;24;30;19;18;16;24;25;25
1578.0;88;98;56;70;48;60;25;29;23;15;15;23;27;23
1584.0;88;99;54;70;47;61;23;27;24;17;13;24;27;26
1590.0;89;100;53;68;47;63;24;28;25;17;12;22;26;26
1596.0;89;100;53;68;46;64;26;29;26;16;14;22;26;21
1602.0;92;101;53;69;48;64;24;28;24;17;14;21;24;21
1608.0;92;101;52;69;47;62;26;28;25;17;14;21;25;21
1614.0;97;100;53;67;46;62;25;26;26;17;13;20;28;20
1620.0;97;99;53;67;46;67;23;26;25;14;16;20;28;19
1626.0;96;100;51;70;47;64;23;25;23;15;16;19;32;19
1632.0;98;100;50;69;49;63;24;26;22;17;17;18;29;18
1638.0;99;100;50;71;52;62;22;25;22;18;16;18;26;19
1644.0;100;99;50;71;52;62;23;24;22;18;17;19;25;18
1650.0;98;99;51;71;52;63;25;23;21;20;20;18;21;18
1656.0;97;100;50;72;54;62;28;22;20;20;20;19;20;16
1662.0;92;100;48;70;52;64;31;25;21;21;20;18;22;16
1668.0;93;99;49;68;53;63;30;25;21;21;18;21;21;18
1674.0;94;100;47;67;55;64;30;24;19;22;18;22;21;17
1680.0;96;99;47;68;55;62;29;24;20;23;18;22;22;15
1686.0;94;100;51;67;55;62;29;23;19;23;20;23;19;15
1692.0;93;98;53;66;55;64;28;23;20;20;20;25;19;16
1698.0;91;96;51;67;56;64;27;23;23;19;21;26;19;17
1704.0;91;95;49;67;56;64;27;22;25;19;21;26;21;17
1710.0;91;93;49;64;54;64;26;21;24;23;21;27;23;20
1716.0;92;89;45;66;57;64;27;21;25;22;19;27;24;22
1722.0;93;89;46;65;57;65;27;20;24;21;18;27;26;22
1728.0;95;90;46;65;59;64;30;18;22;20;17;24;24;26
1734.0;95;90;43;65;60;63;30;17;23;19;19;26;24;26
1740.0;95;91;44;64;61;63;31;15;23;17;20;29;25;22
1746.0;96;92;43;64;60;64;32;16;23;18;17;28;24;23
1752.0;97;91;42;65;59;64;31;19;25;17;16;29;23;22
1758.0;97;90;43;65;58;64;29;21;23;16;20;29;23;22
1764.0;98;89;42;64;60;66;30;23;21;16;20;29;21;21
1770.0;97;90;42;63;60;66;29;25;22;16;19;28;22;21
1776.0;97;88;43;64;59;67;31;24;22;17;18;27;23;20
1782.0;96;91;44;71;58;62;28;23;24;17;17;28;22;19
1788.0;95;92;44;69;58;60;28;23;22;19;18;33;23;16
1794.0;94;92;44;69;60;58;29;24;22;19;19;31;23;16
1800.0;94;96;42;68;61;58;29;24;20;18;22;31;22;15
1806.0;94;97;42;67;63;57;31;22;19;17;23;29;23;16
1812.0;93;101;44;64;61;58;32;24;16;18;24;28;22;15
1818.0;91;99;45;67;62;56;34;25;15;19;26;26;21;14
1824.0;88;98;46;69;63;56;34;25;14;20;25;23;22;17
1830.0;86;97;46;69;61;58;34;30;13;20;27;21;22;16
1836.0;85;95;47;69;63;58;33;29;13;20;29;22;21;16
1842.0;86;94;47;66;62;55;32;32;12;21;30;26;21;16
1848.0;84;94;48;68;63;56;29;34;14;21;28;25;21;15
1854.0;88;94;48;67;63;56;29;35;14;21;27;22;19;17
1860.0;87;96;49;67;64;55;27;38;17;19;25;23;19;14
1866.0;84;94;51;65;65;54;28;39;17;21;25;24;19;14
1872.0;81;96;51;65;63;52;25;40;18;19;27;23;25;15
1878.0;82;94;50;64;61;54;26;41;20;20;25;21;25;17
1884.0;84;93;50;61;61;55;25;42;18;20;25;22;27;17
1890.0;83;95;51;61;63;54;25;45;20;19;23;20;25;16
1896.0;85;96;50;62;61;53;26;43;20;18;24;24;23;15
1902.0;86;96;51;65;62;53;26;41;17;18;26;23;22;14
1908.0;87;98;51;66;62;52;25;39;16;19;27;22;23;13
1914.0;86;98;52;65;63;55;27;36;14;19;31;17;24;13
1920.0;86;99;52;64;64;56;28;36;14;18;29;18;22;14
1926.0;86;98;52;65;63;55;29;33;13;19;31;19;21;16
1932.0;83;99;52;65;62;56;27;34;15;19;30;22;22;14
1938.0;84;98;53;64;62;55;28;33;15;20;29;22;21;16
1944.0;83;99;54;64;62;56;26;32;16;19;29;23;20;17
1950.0;84;94;54;66;60;58;26;31;18;19;30;23;22;15
1956.0;84;94;57;67;59;57;26;31;17;20;29;22;21;16
1962.0;82;92;58;63;60;58;26;32;16;24;28;20;22;19
1968.0;81;92;55;62;61;59;26;33;16;24;31;20;22;18
1974.0;82;91;58;62;62;57;26;32;17;26;29;20;21;17
