#auto generated file!
12.0;43;45;34;57;40;46;30;48;45;47;40;53;35;37
18.0;45;44;33;56;41;48;31;44;46;47;39;53;37;36
24.0;46;44;35;59;43;48;30;41;43;46;40;53;38;34
30.0;45;45;36;60;43;48;30;42;41;48;40;51;39;32
36.0;45;46;36;61;43;49;30;39;42;48;38;54;38;31
42.0;45;46;38;62;43;48;29;38;42;50;35;53;37;34
48.0;46;47;38;64;44;46;30;36;41;51;33;52;39;33
54.0;46;49;39;66;43;49;26;37;40;51;31;52;37;34
60.0;49;50;41;65;44;49;26;36;36;50;31;53;37;33
66.0;49;51;42;66;44;49;26;36;35;51;28;52;37;34
72.0;50;50;43;68;44;51;27;38;33;50;32;47;38;29
78.0;51;49;43;69;44;51;25;40;33;50;30;46;40;29
84.0;53;52;44;69;47;51;20;41;32;49;31;45;38;28
90.0;55;50;45;69;47;53;22;42;30;49;28;47;38;25
96.0;56;51;47;70;50;55;23;40;33;48;24;46;31;26
102.0;57;51;48;71;50;55;24;38;31;51;23;45;29;27
108.0;58;53;48;71;49;55;26;38;27;50;24;46;29;26
114.0;59;53;46;70;48;53;27;38;31;47;22;48;29;29
120.0;58;53;46;71;49;54;26;38;30;45;23;45;31;31
126.0;59;52;46;71;49;55;26;41;32;41;25;43;30;30
132.0;59;54;45;72;52;55;27;41;29;41;25;40;32;28
138.0;57;57;45;73;49;54;27;38;32;40;25;43;33;27
144.0;57;59;45;74;49;54;26;37;37;44;23;41;29;25
150.0;59;60;47;77;48;54;26;37;35;41;23;39;30;24
156.0;57;61;46;77;47;54;26;37;36;40;24;39;31;25
162.0;56;62;47;75;49;54;27;36;36;41;26;33;32;26
168.0;55;62;50;76;50;56;29;35;34;39;23;35;30;26
174.0;56;62;50;76;50;55;30;33;33;38;22;37;31;27
180.0;59;63;48;79;51;55;31;33;34;34;20;34;31;28
186.0;60;61;49;77;50;54;28;36;34;36;19;35;30;31
192.0;60;61;51;77;53;56;27;36;33;34;19;33;30;30
198.0;60;62;49;78;52;57;26;35;32;36;19;32;32;30
204.0;60;62;50;76;51;58;26;34;33;36;20;31;34;29
210.0;61;63;50;75;51;57;24;33;35;35;23;29;34;30
216.0;59;64;53;72;50;57;26;30;33;35;24;31;33;33
222.0;61;64;56;75;51;58;27;30;31;33;24;30;29;31
228.0;60;66;57;75;48;58;27;32;30;32;24;32;31;28
234.0;60;66;58;75;48;59;25;33;31;31;25;30;31;28
240.0;62;67;57;73;50;59;25;36;29;30;26;31;30;25
246.0;62;66;57;73;53;60;24;33;29;29;27;31;31;25
252.0;62;67;57;73;52;59;24;31;26;29;28;33;31;28
258.0;62;68;57;72;50;58;24;32;26;29;29;34;32;27
264.0;61;67;61;73;52;56;23;30;26;27;31;33;34;26
270.0;64;68;58;73;52;56;25;32;25;27;32;32;32;24
276.0;67;67;59;74;52;57;25;32;24;26;27;35;32;23
282.0;68;67;58;73;51;56;24;32;25;28;27;35;32;24
288.0;68;68;60;68;50;58;23;30;26;28;30;36;33;22
294.0;67;70;62;68;52;59;24;29;26;26;30;35;30;22
300.0;67;71;60;67;51;61;27;28;25;25;31;35;31;21
306.0;68;71;58;66;52;62;30;29;26;25;30;36;28;19
312.0;68;71;59;67;53;62;33;25;25;23;30;36;30;18
318.0;70;72;59;68;52;60;32;25;28;22;29;35;31;17
324.0;70;72;60;66;53;59;32;21;30;22;28;38;31;18
330.0;70;74;61;65;53;60;32;21;28;24;28;37;30;17
336.0;69;74;61;63;54;60;34;21;27;25;28;36;31;17
342.0;68;74;63;63;54;62;34;22;24;28;26;33;31;18
348.0;67;76;61;59;53;63;37;23;24;25;27;32;31;22
354.0;65;80;61;58;52;64;41;25;24;24;25;30;30;21
360.0;67;81;59;58;54;64;41;26;24;25;24;28;29;20
366.0;70;81;59;58;54;64;41;26;22;24;27;28;26;20
372.0;71;81;57;60;55;63;41;23;21;21;30;28;28;21
378.0;73;80;58;59;57;63;37;21;21;21;30;27;30;23
384.0;72;80;59;58;57;61;39;19;23;21;28;29;30;24
390.0;75;77;57;59;60;63;40;20;24;19;27;29;29;21
396.0;74;78;57;64;62;62;36;21;23;19;28;28;27;21
402.0;74;78;58;64;63;61;35;21;24;18;28;26;29;21
408.0;74;78;57;64;61;65;33;21;24;17;30;25;30;21
414.0;72;78;57;63;62;63;34;21;25;16;32;27;30;20
420.0;72;77;57;62;63;63;32;22;25;18;31;27;30;21
426.0;73;77;56;63;61;64;33;21;25;19;30;28;31;19
432.0;70;76;57;62;61;65;33;22;25;21;30;28;30;20
438.0;70;76;57;61;59;65;30;26;23;25;29;29;31;19
444.0;73;77;57;58;60;65;31;25;21;25;26;28;33;21
450.0;71;77;57;57;62;64;32;25;18;26;26;28;34;23
456.0;74;77;56;56;61;65;34;24;19;26;25;29;31;23
462.0;75;76;58;57;63;63;32;25;21;23;23;30;31;23
468.0;73;77;57;57;64;65;32;24;20;23;23;31;32;22
474.0;71;77;55;57;65;68;29;23;19;25;25;31;32;23
480.0;72;78;55;57;65;66;30;24;21;27;22;32;31;20
486.0;74;79;54;54;65;66;28;24;23;28;21;31;33;20
492.0;73;77;55;55;63;70;28;24;23;29;20;30;33;20
498.0;73;78;56;51;67;68;31;22;20;28;20;30;35;21
504.0;76;78;52;51;65;65;31;22;24;28;21;29;35;23
510.0;75;78;52;52;66;65;31;23;25;27;21;28;35;22
516.0;74;80;52;49;68;65;30;23;25;27;22;28;36;21
522.0;75;81;53;49;67;67;29;23;25;26;22;28;36;19
528.0;76;79;52;50;66;68;29;25;23;28;23;27;35;19
534.0;77;79;52;48;68;68;31;26;22;27;24;27;33;18
540.0;77;77;52;49;66;69;28;28;23;28;25;27;33;18
546.0;77;78;53;49;66;68;28;29;24;26;25;25;34;18
552.0;78;79;52;51;67;66;28;28;25;26;24;26;33;17
558.0;82;78;53;49;68;64;29;25;28;26;25;24;30;19
564.0;83;78;54;47;70;63;27;27;27;27;25;26;27;19
570.0;82;79;56;47;71;62;28;28;24;25;23;27;28;20
576.0;84;79;59;47;69;66;27;25;24;23;23;28;28;18
582.0;86;79;60;49;69;69;24;23;24;25;23;25;28;16
588.0;87;80;60;51;72;67;22;22;25;25;22;26;27;14
594.0;88;80;61;51;72;68;20;22;25;25;20;26;29;13
600.0;87;80;58;53;70;68;20;23;26;25;20;25;29;16
606.0;86;80;58;54;70;67;20;21;27;28;20;24;28;17
612.0;87;78;57;55;70;66;22;22;27;30;18;24;27;17
618.0;85;76;56;56;70;67;25;22;27;29;17;24;28;18
624.0;83;77;55;55;70;69;23;19;28;29;19;25;29;19
630.0;83;78;54;56;67;67;23;21;27;29;19;25;31;20
636.0;82;78;53;58;66;67;25;21;28;30;17;26;30;19
642.0;82;81;52;57;67;65;25;22;29;30;16;24;32;18
648.0;82;81;52;56;66;67;25;23;26;29;16;25;30;22
654.0;83;80;54;54;69;68;26;21;26;29;16;24;28;22
660.0;81;81;56;55;69;68;24;21;27;29;16;22;27;24
666.0;82;81;59;54;71;67;24;22;27;31;16;19;25;22
672.0;82;80;56;54;71;67;24;21;28;32;17;19;27;22
678.0;82;82;55;54;72;66;24;21;29;31;17;20;25;22
684.0;83;83;54;53;71;66;24;22;29;28;18;20;26;23
690.0;84;87;54;51;70;67;23;22;29;26;18;20;26;23
696.0;84;86;54;50;70;68;23;22;28;27;20;21;23;24
702.0;87;86;54;50;65;66;23;20;29;28;22;19;25;26
708.0;88;87;56;48;65;65;21;21;29;26;23;20;23;28
714.0;87;85;58;48;63;66;21;21;30;27;24;18;24;28
720.0;86;86;60;49;63;67;20;22;28;23;22;23;23;28
726.0;86;85;63;51;63;67;18;22;28;24;19;23;24;27
732.0;82;86;67;51;62;67;18;21;29;23;20;24;24;26
738.0;82;86;68;52;63;68;17;23;31;21;20;21;23;25
744.0;83;86;65;53;64;67;17;23;29;21;23;20;26;23
750.0;83;84;70;52;64;65;14;20;30;21;25;22;29;21
756.0;83;83;70;54;65;63;13;20;31;21;26;22;29;20
762.0;83;85;69;54;64;62;12;19;30;22;27;23;30;20
768.0;85;85;67;55;64;62;12;21;28;19;26;21;34;21
774.0;85;88;67;56;60;61;12;21;29;20;25;23;35;18
780.0;83;89;66;55;62;60;11;20;29;21;25;24;37;18
786.0;87;90;64;55;61;61;11;19;27;21;25;26;37;16
792.0;88;91;61;52;61;62;12;20;27;21;25;28;36;16
798.0;87;91;63;52;60;63;14;23;25;20;24;27;35;16
804.0;85;89;63;52;61;63;13;24;26;19;24;28;36;17
810.0;86;92;63;52;60;62;12;25;25;18;22;28;36;19
816.0;85;91;62;54;63;62;13;24;23;20;22;28;33;20
822.0;84;88;64;53;62;60;16;26;21;19;25;30;31;21
828.0;85;85;63;55;63;61;15;25;24;19;25;30;32;18
834.0;84;86;62;52;65;63;15;25;24;21;24;31;31;17
840.0;84;86;60;51;66;64;16;26;23;21;26;30;30;17
846.0;86;87;60;46;68;62;16;26;22;21;27;32;28;19
852.0;87;88;59;46;67;62;16;22;21;25;26;33;28;20
858.0;88;90;59;46;67;63;16;22;23;24;25;31;27;19
864.0;87;90;63;47;65;63;17;22;23;24;24;31;27;17
870.0;84;90;62;48;64;62;18;21;23;24;27;32;27;18
876.0;84;91;61;48;64;59;18;22;26;24;27;32;27;17
882.0;84;90;60;50;61;60;18;20;24;27;28;32;27;19
888.0;83;92;61;49;59;60;19;20;26;28;27;32;27;17
894.0;85;94;65;47;57;61;18;20;27;26;27;32;26;15
900.0;85;94;68;47;58;61;19;18;27;22;24;35;27;15
906.0;83;97;69;46;58;60;18;16;30;22;25;32;27;17
912.0;80;97;68;47;60;60;19;15;32;20;26;29;30;17
918.0;80;98;66;47;61;59;20;12;31;22;25;28;30;21
924.0;80;100;66;48;60;58;20;12;30;21;25;27;32;21
930.0;79;100;65;47;60;60;18;12;32;21;27;25;32;22
936.0;79;98;64;46;61;59;18;15;31;21;29;25;31;23
942.0;79;97;66;44;62;58;17;17;32;22;30;23;32;21
948.0;78;99;66;41;61;56;18;16;35;21;31;23;33;22
954.0;77;100;66;45;61;58;17;15;34;19;31;22;32;23
960.0;78;102;67;44;59;60;17;15;34;20;31;24;28;21
966.0;78;100;66;45;59;61;19;16;33;19;31;24;28;21
972.0;78;99;65;48;59;61;21;17;33;18;31;23;28;19
978.0;77;97;66;49;61;61;23;18;33;17;30;23;27;18
984.0;78;96;65;49;63;63;23;19;31;16;30;23;27;17
990.0;79;93;64;49;65;63;22;22;31;15;31;24;25;17
996.0;79;94;64;51;65;61;22;22;29;16;30;23;25;19
1002.0;78;93;64;52;65;60;21;21;30;13;30;24;27;22
1008.0;78;93;62;51;69;59;20;22;29;15;28;25;27;22
1014.0;79;93;64;52;70;58;18;20;28;15;27;27;27;22
1020.0;78;95;63;50;69;61;21;21;26;16;26;26;27;21
1026.0;80;93;64;52;69;62;21;21;26;15;25;24;27;21
1032.0;80;95;65;53;68;61;18;20;26;16;24;26;26;22
1038.0;80;95;64;55;65;64;19;20;22;15;26;24;25;26
1044.0;80;94;65;55;63;66;19;21;19;16;26;24;26;26
1050.0;81;93;62;54;64;66;17;23;21;15;25;26;28;25
1056.0;82;94;60;55;62;67;15;24;22;17;24;23;31;24
1062.0;84;96;60;55;58;65;16;25;24;17;23;22;30;25
1068.0;84;97;59;55;59;67;18;24;24;18;22;23;25;25
1074.0;86;100;61;56;59;66;18;25;22;16;21;20;24;26
1080.0;88;100;60;58;57;63;17;28;22;16;20;21;24;26
1086.0;89;101;60;57;57;63;17;28;23;16;19;23;22;25
1092.0;90;103;63;58;58;59;18;24;26;16;19;21;21;24
1098.0;88;103;65;58;58;60;17;25;27;17;16;23;21;22
1104.0;86;101;66;58;56;58;17;24;26;20;16;25;22;25
1110.0;84;102;67;58;56;57;18;26;26;21;16;24;22;23
1116.0;86;101;65;59;56;58;18;25;28;21;15;22;23;23
1122.0;90;101;62;61;55;58;18;26;27;19;16;21;23;23
1128.0;90;101;62;61;53;59;20;26;28;19;14;20;23;24
1134.0;90;101;58;58;53;59;21;27;29;21;16;21;23;23
1140.0;91;101;58;58;54;61;21;27;29;22;17;20;19;22
1146.0;89;100;59;57;54;61;21;24;28;21;19;25;19;23
1152.0;87;102;62;57;54;59;24;24;29;20;16;23;19;24
1158.0;88;105;64;57;54;57;22;23;27;22;16;22;18;25
1164.0;88;103;64;56;52;57;23;23;26;23;16;25;18;26
1170.0;91;104;65;53;51;58;24;20;28;24;15;22;20;25
1176.0;90;105;65;51;53;58;25;20;26;24;13;22;22;26
1182.0;88;105;64;53;54;56;24;22;27;23;14;25;21;24
1188.0;89;103;64;56;53;56;25;20;26;23;13;25;22;25
1194.0;90;105;64;54;55;54;26;18;26;23;15;24;22;24
1200.0;90;109;64;53;56;54;25;17;26;23;16;22;21;24
1206.0;90;109;61;51;57;56;27;15;26;25;15;21;21;26
1212.0;91;106;64;49;56;55;29;15;26;26;16;20;21;26
1218.0;90;106;66;48;55;55;27;15;29;26;16;20;21;26
1224.0;91;108;63;48;55;55;25;16;29;28;15;21;21;25
1230.0;90;107;64;48;57;56;23;17;27;29;14;20;22;26
1236.0;87;110;66;47;57;52;26;17;25;29;14;19;24;27
1242.0;88;109;68;48;56;50;26;18;24;29;15;19;26;24
1248.0;87;111;67;46;59;49;27;17;21;31;15;18;26;26
1254.0;86;112;68;48;57;49;27;17;19;30;16;18;27;26
1260.0;88;111;71;50;57;49;28;16;18;27;14;19;26;26
1266.0;89;109;70;50;57;50;29;15;18;26;17;21;22;27
1272.0;89;107;67;50;57;52;30;13;18;26;18;23;22;28
1278.0;89;106;66;50;57;50;33;12;21;26;19;22;21;28
1284.0;91;106;64;51;55;50;33;11;23;26;21;22;20;27
1290.0;91;107;64;50;54;50;34;12;23;27;22;23;19;24
1296.0;93;109;62;52;54;51;32;13;25;27;21;21;18;22
1302.0;94;110;64;51;53;52;32;14;20;26;18;23;18;25
1308.0;91;111;63;52;51;51;33;15;20;26;20;25;18;24
1314.0;91;113;66;55;51;48;31;13;19;25;21;25;17;25
1320.0;90;115;67;55;49;47;33;13;20;24;19;25;18;25
1326.0;91;114;63;56;49;46;30;15;22;28;19;24;19;24
1332.0;90;116;64;55;52;47;30;16;23;25;18;22;19;23
1338.0;89;117;65;54;52;45;30;16;25;24;20;23;16;24
1344.0;88;117;63;53;51;43;32;17;26;25;20;26;15;24
1350.0;87;116;63;53;50;43;35;17;24;24;21;26;16;25
1356.0;87;115;62;54;52;43;35;17;25;22;20;25;17;26
1362.0;87;112;64;56;55;42;35;19;25;22;19;26;15;23
1368.0;86;113;65;56;54;43;36;20;26;20;19;26;15;21
1374.0;88;112;66;57;53;45;36;21;23;19;20;25;13;22
1380.0;88;109;66;57;50;44;33;23;24;20;21;30;13;22
1386.0;89;110;68;56;50;43;32;22;22;19;22;28;15;24
1392.0;91;111;66;54;47;44;33;21;23;20;23;28;15;24
1398.0;93;111;65;55;49;44;31;22;21;20;23;27;15;24
1404.0;93;116;68;52;49;45;30;19;21;20;23;26;16;22
1410.0;91;115;66;53;48;45;31;18;24;19;24;26;16;24
1416.0;90;113;65;55;47;47;30;17;28;19;22;26;18;23
1422.0;91;110;63;57;49;45;30;18;29;18;21;26;19;24
1428.0;92;111;62;57;50;44;31;20;30;18;19;22;22;22
1434.0;91;111;64;55;49;45;27;17;32;19;20;22;23;25
1440.0;91;109;63;55;50;45;27;17;32;21;20;23;24;23
1446.0;91;107;64;56;51;46;27;16;34;21;20;23;20;24
1452.0;92;111;62;57;46;47;27;14;34;22;20;23;21;24
1458.0;93;111;60;58;45;47;26;15;32;23;19;25;22;24
1464.0;93;111;60;59;46;47;25;18;31;24;18;22;23;23
1470.0;93;111;61;56;46;45;26;17;31;24;19;22;25;24
1476.0;93;108;59;56;47;45;26;18;31;24;20;23;27;23
1482.0;94;109;62;55;44;48;26;18;32;23;20;22;26;21
1488.0;94;109;62;57;46;49;26;15;31;23;19;23;26;20
1494.0;94;109;61;58;46;50;26;16;30;26;18;24;25;17
1500.0;95;109;64;59;45;50;24;16;30;26;18;23;24;17
1506.0;98;104;65;58;45;53;25;18;29;26;17;24;22;16
1512.0;102;104;65;56;43;53;25;18;29;25;17;24;21;18
1518.0;99;103;65;54;45;53;26;20;29;25;16;25;20;20
1524.0;101;102;64;52;45;52;28;19;33;23;17;26;20;18
1530.0;102;99;61;50;46;54;31;21;33;21;18;26;20;18
1536.0;102;100;61;53;45;58;31;22;29;19;19;25;19;17
1542.0;102;100;60;53;43;62;32;23;29;19;19;23;19;16
1548.0;103;102;58;51;42;62;32;21;30;21;21;22;18;17
1554.0;104;103;58;51;41;62;33;20;29;21;19;23;17;19
1560.0;105;102;61;49;40;62;33;19;30;21;20;22;19;17
1566.0;104;104;61;49;40;62;34;20;31;19;20;23;19;14
1572.0;102;105;61;49;40;64;32;19;31;19;21;22;19;16
1578.0;101;103;61;49;41;67;32;19;30;20;21;19;19;18
1584.0;100;103;60;51;40;68;32;18;28;21;23;20;19;17
1590.0;101;103;60;51;39;70;34;18;27;21;22;20;18;16
1596.0;100;101;61;53;38;69;34;19;25;24;20;19;21;16
1602.0;98;100;61;56;39;70;33;18;28;24;19;18;22;14
1608.0;96;98;61;57;38;69;31;18;29;25;18;18;25;17
1614.0;97;96;60;56;40;69;30;17;29;28;18;17;26;17
1620.0;98;95;57;58;42;67;30;19;27;28;19;16;28;16
1626.0;97;95;56;61;44;67;31;17;29;25;19;17;26;16
1632.0;96;96;57;61;45;66;31;18;26;24;20;18;26;16
1638.0;98;93;55;60;45;67;33;17;28;26;20;16;25;17
1644.0;101;94;54;62;44;66;32;17;28;23;21;16;24;18
1650.0;100;95;55;62;45;67;34;18;23;22;21;18;23;17
1656.0;102;95;55;63;43;67;33;21;21;21;19;22;22;16
1662.0;102;93;55;68;43;66;33;23;18;22;17;22;22;16
1668.0;102;93;56;68;43;67;32;22;17;22;17;23;23;15
1674.0;101;94;55;67;42;67;31;21;21;23;18;22;26;12
1680.0;98;94;55;66;41;66;31;23;22;25;17;24;25;13
1686.0;100;95;57;67;40;64;30;22;23;24;17;25;24;12
1692.0;99;93;58;67;40;62;33;19;22;25;18;26;24;14
1698.0;99;97;57;68;39;61;31;21;22;23;17;26;27;12
1704.0;98;97;56;67;38;61;31;20;21;26;17;26;28;14
1710.0;96;95;56;67;39;62;27;21;23;27;16;26;30;15
1716.0;97;95;56;70;42;62;26;21;21;25;15;24;29;17
1722.0;97;95;53;71;42;61;27;21;25;25;16;23;28;16
1728.0;97;94;54;70;43;59;27;21;27;27;17;20;26;18
1734.0;99;95;54;69;44;59;27;22;24;26;17;20;26;18
1740.0;98;92;54;69;44;58;29;21;25;25;19;23;25;18
1746.0;98;93;53;68;44;59;30;20;27;26;18;22;24;18
1752.0;98;91;54;67;46;60;31;22;27;25;19;17;23;20
1758.0;98;90;53;68;48;60;32;20;27;22;20;19;23;20
1764.0;100;89;51;71;48;59;31;19;28;21;18;20;23;22
1770.0;100;88;52;74;47;61;30;19;26;22;16;20;21;24
1776.0;102;88;50;74;46;62;29;21;24;22;16;20;21;25
1782.0;100;89;48;75;46;61;30;18;26;23;16;19;22;27
1788.0;99;89;48;76;49;60;30;19;25;22;17;20;23;23
1794.0;100;89;47;74;50;61;29;18;26;23;14;21;23;25
1800.0;101;85;48;73;50;61;31;21;25;24;15;21;24;21
1806.0;100;86;47;74;51;57;33;22;24;23;15;22;24;22
1812.0;100;88;46;74;52;55;33;24;23;22;16;23;23;21
1818.0;98;88;49;71;51;55;34;25;23;21;16;23;24;22
1824.0;97;88;49;70;49;54;33;26;23;23;16;24;25;23
1830.0;96;87;50;68;49;54;35;27;25;24;15;23;26;21
1836.0;95;91;50;65;49;56;32;26;27;24;16;20;27;22
1842.0;94;92;51;64;50;55;31;25;27;23;19;21;24;24
1848.0;94;91;53;63;49;56;28;26;29;23;22;20;23;23
1854.0;93;89;53;61;48;58;29;25;34;24;21;19;24;22
1860.0;95;90;53;61;48;59;29;23;34;23;22;19;23;21
1866.0;95;91;54;59;49;58;31;24;32;23;20;20;23;21
1872.0;95;91;55;60;49;56;31;24;30;20;21;21;25;22
1878.0;93;91;54;60;48;59;32;22;30;19;20;23;26;23
1884.0;93;88;55;61;47;59;33;23;30;18;21;24;27;21
1890.0;93;89;55;63;46;59;33;24;32;17;21;23;27;18
1896.0;94;91;56;60;46;59;32;24;31;16;21;24;26;20
1902.0;96;88;57;59;44;59;32;25;35;17;21;23;25;19
1908.0;94;88;59;60;45;58;30;23;36;17;24;23;25;18
1914.0;95;87;58;59;45;60;29;24;36;18;23;24;27;15
1920.0;96;89;55;62;44;61;31;24;37;18;23;22;23;15
1926.0;94;89;57;64;44;61;26;24;35;19;24;25;21;17
1932.0;96;88;57;64;44;59;24;24;35;19;24;26;22;18
1938.0;94;87;57;65;44;55;24;25;36;21;25;26;22;19
1944.0;95;85;57;66;43;57;26;26;34;22;24;27;21;17
1950.0;94;84;57;68;43;59;26;28;34;22;23;27;20;15
1956.0;92;84;58;66;45;61;25;28;34;23;20;28;22;14
1962.0;91;83;60;66;43;62;21;31;32;24;18;29;22;18
1968.0;90;83;60;63;42;65;23;33;31;24;16;27;26;17
1974.0;90;83;60;63;43;66;24;31;32;22;16;29;23;18
