#auto generated file!
12.0;112;122;101;93;133;113;114;115;143;104;113;121;126;90
18.0;114;125;107;96;132;115;108;110;141;107;113;119;122;91
24.0;119;128;111;101;132;119;107;104;135;103;107;119;122;93
30.0;125;130;111;103;136;118;105;103;130;105;105;118;121;90
36.0;125;134;111;103;139;117;104;99;122;106;110;122;121;87
42.0;132;136;111;106;142;120;97;96;125;102;108;114;125;86
48.0;135;134;114;108;146;125;97;89;125;105;103;113;122;84
54.0;140;141;114;109;148;128;93;85;121;104;104;109;119;85
60.0;146;142;114;109;146;124;98;83;119;102;102;108;119;88
66.0;148;143;116;109;140;125;98;84;119;103;102;104;119;90
72.0;153;145;122;108;142;124;98;81;116;102;99;101;120;89
78.0;157;149;127;107;140;120;102;86;108;103;100;100;116;85
84.0;160;150;127;109;141;116;98;86;102;105;100;101;116;89
90.0;163;156;131;114;140;121;99;81;94;103;102;102;109;85
96.0;166;161;134;117;141;122;95;83;93;95;99;100;109;85
102.0;168;161;132;122;143;128;89;82;91;94;101;100;107;82
108.0;166;160;134;124;145;128;90;79;91;93;99;102;105;84
114.0;168;161;132;124;143;130;86;80;88;92;102;103;108;83
120.0;168;165;132;125;146;128;87;81;90;91;95;100;109;83
126.0;171;168;133;129;145;127;84;81;92;88;89;100;112;81
132.0;174;170;135;134;141;123;84;78;89;90;90;103;106;83
138.0;175;172;137;140;139;124;85;80;87;86;85;103;102;85
144.0;177;170;142;141;142;126;78;84;89;83;83;98;101;86
150.0;180;170;142;142;145;130;76;81;84;81;82;100;103;84
156.0;184;167;146;138;145;129;78;80;86;81;81;103;102;80
162.0;183;169;145;136;144;133;83;76;85;79;82;106;104;75
168.0;184;173;146;134;141;135;84;77;82;80;84;100;104;76
174.0;186;176;144;137;142;138;84;77;80;81;87;98;98;72
180.0;188;178;147;136;140;140;86;80;80;81;85;95;94;70
186.0;192;180;143;136;148;140;84;80;80;85;80;90;92;70
192.0;195;184;144;139;147;138;89;83;77;85;79;88;87;65
198.0;197;183;138;143;143;140;89;79;82;89;77;87;87;66
204.0;196;184;137;143;144;140;86;78;82;85;78;90;90;67
210.0;197;187;134;146;141;143;89;79;82;87;74;85;90;66
216.0;195;190;137;150;144;143;85;77;80;86;71;83;91;68
222.0;195;191;139;157;145;146;86;73;81;85;69;79;90;64
228.0;192;189;137;158;144;144;82;79;86;85;68;80;90;66
234.0;192;189;137;158;149;145;79;78;87;82;68;79;88;69
240.0;190;187;138;156;149;146;78;79;91;86;70;76;80;74
246.0;193;190;138;154;149;148;76;76;95;87;69;72;79;74
252.0;191;195;140;155;146;146;78;75;89;86;72;71;79;77
258.0;189;199;143;154;147;142;78;76;88;84;74;71;76;79
264.0;191;203;145;156;149;138;76;76;88;81;71;72;77;77
270.0;190;207;153;161;148;137;78;78;92;73;72;67;68;76
276.0;194;209;155;161;146;136;81;79;90;70;68;65;71;75
282.0;198;209;156;160;146;134;83;81;86;73;67;61;66;80
288.0;197;208;151;157;147;134;80;85;86;72;69;60;71;83
294.0;203;215;148;158;150;131;77;84;88;67;64;63;70;82
300.0;204;214;150;157;152;128;74;85;89;64;70;63;72;78
306.0;206;218;152;160;151;127;73;86;92;62;66;60;70;77
312.0;209;220;151;156;154;127;73;86;91;62;70;58;68;75
318.0;209;224;156;152;151;124;69;83;95;67;71;58;67;74
324.0;212;223;155;151;147;130;67;89;95;70;70;58;62;71
330.0;216;219;152;151;149;130;66;88;90;70;74;61;61;73
336.0;216;218;150;150;148;130;66;90;93;72;71;61;63;72
342.0;214;221;151;150;147;134;63;85;91;72;69;65;64;74
348.0;213;221;151;151;148;135;62;88;94;69;70;64;64;70
354.0;215;218;154;156;152;136;62;87;88;70;65;65;62;70
360.0;214;217;156;157;153;141;63;85;85;70;66;61;61;71
366.0;219;220;156;158;151;144;63;88;82;71;63;56;60;69
372.0;219;219;155;156;154;145;60;90;82;69;62;59;59;71
378.0;219;221;155;156;157;146;62;88;80;68;60;61;60;67
384.0;220;219;157;157;157;149;60;86;80;67;64;59;60;65
390.0;219;219;156;159;163;150;61;84;77;67;66;54;61;64
396.0;217;219;153;161;161;154;58;85;75;68;70;57;60;62
402.0;219;223;154;160;165;154;56;83;75;64;67;57;62;61
408.0;220;220;153;161;165;155;55;86;73;66;65;59;62;60
414.0;218;222;153;161;166;154;57;88;72;64;71;58;62;54
420.0;216;224;153;160;165;153;56;91;70;65;73;57;60;57
426.0;216;221;156;162;164;158;52;84;71;71;72;53;63;57
432.0;218;223;158;163;162;158;55;83;72;67;72;54;62;53
438.0;218;227;157;159;161;161;54;84;72;68;71;54;58;56
444.0;217;226;156;157;164;161;58;86;76;66;66;57;56;54
450.0;224;226;154;158;164;159;56;87;72;69;65;56;55;55
456.0;231;226;152;157;160;159;53;90;73;69;66;55;53;56
462.0;235;227;154;152;160;159;51;89;72;71;66;54;55;55
468.0;237;228;149;151;164;160;52;90;68;70;65;53;55;58
474.0;236;223;147;152;162;158;59;91;66;69;59;56;59;63
480.0;235;219;150;149;162;157;67;88;68;66;56;58;59;66
486.0;238;223;147;146;159;155;70;91;71;60;56;60;61;63
492.0;239;224;146;148;156;153;72;92;72;56;59;63;58;62
498.0;240;225;147;143;154;152;74;94;72;60;57;64;59;59
504.0;239;225;150;145;156;151;72;93;71;61;57;61;59;60
510.0;240;225;148;146;157;146;76;92;68;62;54;64;60;62
516.0;242;228;148;148;157;145;76;90;67;57;56;63;60;63
522.0;243;223;148;151;162;148;77;86;61;59;56;63;60;63
528.0;244;227;144;159;161;141;79;84;61;60;58;63;58;61
534.0;245;231;142;155;159;143;79;90;60;59;55;61;58;63
540.0;244;232;142;154;160;143;79;86;59;58;57;62;60;64
546.0;243;229;147;158;161;146;75;80;64;58;55;57;61;66
552.0;246;226;147;154;163;145;71;78;67;59;59;59;60;66
558.0;246;226;152;154;160;144;73;80;65;60;61;54;58;67
564.0;245;226;152;156;163;143;73;78;62;62;60;58;56;66
570.0;245;227;155;156;162;144;73;76;60;62;59;56;55;70
576.0;250;225;157;159;160;144;70;73;62;64;60;57;55;64
582.0;248;227;158;159;160;145;66;71;63;66;58;59;55;65
588.0;245;229;160;156;160;145;65;70;65;64;59;62;56;64
594.0;251;231;160;157;161;143;66;70;65;66;57;59;55;59
600.0;248;229;163;155;157;145;68;69;64;71;61;60;52;58
606.0;246;234;167;157;161;144;66;65;61;70;58;61;56;54
612.0;246;238;168;153;157;143;68;64;63;67;58;63;57;55
618.0;246;241;169;155;156;139;63;64;65;69;59;62;60;52
624.0;244;242;172;153;153;141;61;64;69;67;60;62;57;55
630.0;245;242;174;152;155;142;58;63;67;67;58;63;59;55
636.0;248;238;171;148;160;142;57;59;67;69;62;59;63;57
642.0;247;237;172;146;158;141;57;55;69;68;66;64;62;58
648.0;247;235;171;143;152;139;58;58;70;72;64;68;65;58
654.0;251;236;171;144;151;133;58;59;65;77;63;71;66;55
660.0;252;235;171;144;146;131;57;60;65;79;62;77;62;59
666.0;251;233;167;142;148;128;58;58;67;81;63;80;63;61
672.0;250;230;168;137;145;134;64;64;66;77;59;78;66;62
678.0;251;228;170;140;140;135;68;61;62;78;60;77;68;62
684.0;253;231;171;143;141;132;65;61;61;75;61;75;67;64
690.0;254;233;172;142;143;133;64;60;59;72;61;76;69;62
696.0;256;231;172;140;147;131;65;59;62;69;59;76;72;61
702.0;255;232;171;140;147;133;63;56;64;71;59;73;74;62
708.0;254;232;168;139;147;135;60;55;67;72;58;76;75;62
714.0;251;233;162;136;145;137;59;57;72;72;59;78;77;62
720.0;254;233;164;135;142;138;63;56;72;68;60;77;76;62
726.0;254;233;164;137;145;138;58;54;70;71;58;81;75;62
732.0;255;235;166;135;145;138;58;58;66;71;57;77;75;64
738.0;254;236;167;135;147;142;56;59;63;69;60;76;74;62
744.0;256;234;163;139;146;143;59;56;64;68;61;78;69;64
750.0;256;232;162;140;144;142;61;56;63;69;61;86;68;60
756.0;257;230;165;139;146;141;59;56;64;71;60;85;66;61
762.0;255;232;163;138;150;140;63;59;62;67;60;83;67;61
768.0;253;232;164;133;149;143;59;63;62;63;60;91;68;60
774.0;254;232;165;134;149;144;53;62;65;59;59;89;72;63
780.0;252;238;164;135;148;147;54;58;62;58;58;89;73;64
786.0;252;240;158;137;148;151;56;56;63;59;57;90;71;62
792.0;250;241;158;143;145;152;53;55;66;58;57;90;71;61
798.0;254;237;160;138;143;152;53;57;65;54;58;91;74;64
804.0;251;239;161;138;145;153;51;56;67;51;60;86;77;65
810.0;250;237;161;139;144;154;55;53;68;49;62;86;77;65
816.0;254;236;161;141;144;155;54;55;69;44;68;82;72;65
822.0;255;236;157;139;147;154;50;60;69;48;69;78;72;66
828.0;257;238;157;140;144;154;51;59;70;48;69;76;70;67
834.0;254;238;158;144;141;153;51;58;69;51;73;76;66;68
840.0;254;235;158;147;144;154;54;58;65;47;73;74;67;70
846.0;252;237;160;150;145;153;55;53;63;45;73;75;67;72
852.0;252;236;159;155;143;149;60;55;60;44;76;76;62;73
858.0;254;237;156;151;147;150;64;58;56;45;81;72;60;69
864.0;255;237;155;150;146;150;66;60;53;50;78;70;61;69
870.0;258;236;151;150;143;153;70;56;52;50;76;71;62;72
876.0;259;233;152;150;139;154;68;56;52;49;73;72;69;74
882.0;260;232;151;151;137;156;67;51;53;53;73;72;73;71
888.0;255;234;159;149;135;157;65;53;54;54;73;68;69;75
894.0;253;233;157;151;136;160;66;54;55;59;71;61;69;75
900.0;254;234;156;151;133;161;65;54;57;65;72;58;67;73
906.0;252;237;154;152;132;161;65;57;60;67;67;59;65;72
912.0;246;239;157;150;135;157;65;58;62;72;66;59;64;70
918.0;242;237;157;148;137;158;69;60;62;71;65;58;65;71
924.0;243;236;156;148;137;154;69;60;65;71;65;58;67;71
930.0;243;241;157;144;136;156;67;58;66;71;65;61;65;70
936.0;242;241;156;143;137;158;65;55;64;70;68;61;68;72
942.0;238;245;155;143;138;160;65;49;59;71;74;66;66;71
948.0;238;245;154;142;139;161;65;52;59;68;73;67;65;72
954.0;238;245;157;143;138;155;70;54;56;68;75;70;59;72
960.0;239;248;161;141;135;160;69;52;57;68;72;68;58;72
966.0;241;248;157;142;134;160;71;50;56;68;72;65;61;75
972.0;243;251;154;143;135;159;75;52;53;65;71;66;60;73
978.0;240;249;147;147;138;157;76;53;54;69;73;67;60;70
984.0;240;250;149;148;139;156;79;54;57;63;73;62;60;70
990.0;239;251;145;152;137;154;81;52;55;64;70;67;60;73
996.0;236;252;145;155;138;154;77;52;55;68;72;64;64;68
1002.0;237;251;143;153;140;155;77;51;51;63;77;64;64;74
1008.0;237;253;139;157;139;155;75;50;52;68;75;62;63;75
1014.0;234;255;141;163;137;149;78;49;53;68;72;64;58;79
1020.0;231;256;137;164;139;150;82;51;52;65;70;66;60;77
1026.0;229;256;138;164;141;150;84;52;54;63;70;65;63;71
1032.0;230;260;141;168;137;148;84;53;53;60;68;62;63;73
1038.0;229;261;143;169;135;148;81;54;56;57;66;65;64;72
1044.0;230;260;145;168;142;152;73;58;52;56;64;66;66;68
1050.0;229;259;144;165;149;148;66;60;54;60;64;69;67;66
1056.0;230;259;144;165;149;148;66;58;55;60;66;68;66;66
1062.0;231;256;145;168;147;147;72;62;55;57;64;67;65;64
1068.0;230;257;147;160;150;146;76;61;56;56;64;68;65;64
1074.0;230;255;148;157;151;147;73;57;56;55;66;68;70;67
1080.0;235;249;147;156;150;150;69;57;55;54;68;66;75;69
1086.0;239;247;148;157;150;152;68;55;59;51;65;62;75;72
1092.0;240;250;149;154;147;149;64;57;58;54;66;64;76;72
1098.0;240;251;149;156;149;154;61;59;58;52;64;61;73;73
1104.0;240;247;145;161;151;153;60;56;58;58;65;60;73;73
1110.0;240;249;143;162;153;154;60;52;59;59;68;64;69;68
1116.0;243;252;143;161;154;155;55;56;60;60;63;62;71;65
1122.0;238;254;147;164;154;153;57;55;58;63;61;61;73;62
1128.0;238;256;147;164;155;153;57;54;57;61;61;63;69;65
1134.0;238;262;147;163;150;152;57;54;55;64;56;66;68;68
1140.0;235;259;138;162;151;153;60;58;57;65;55;67;71;69
1146.0;232;259;132;167;153;157;59;59;59;66;53;68;68;68
1152.0;233;260;133;164;156;154;61;59;57;70;52;67;67;67
1158.0;232;259;132;165;155;153;61;58;55;71;53;68;69;69
1164.0;233;258;135;162;153;155;58;59;57;70;53;67;70;70
1170.0;232;256;133;164;154;157;59;59;58;71;52;69;68;68
1176.0;232;258;132;165;156;156;59;56;59;68;56;66;67;70
1182.0;232;262;131;165;156;157;58;58;62;68;54;64;63;70
1188.0;234;263;128;162;160;155;58;55;66;66;55;62;64;72
1194.0;230;264;128;163;158;158;58;53;69;66;53;62;65;73
1200.0;229;264;125;162;155;160;60;55;69;64;57;61;64;75
1206.0;234;266;125;162;152;160;62;51;68;62;57;65;65;71
1212.0;234;266;125;157;153;158;64;53;68;61;62;64;63;72
1218.0;234;271;129;156;153;161;65;53;67;61;57;62;62;69
1224.0;233;271;131;157;156;163;67;55;67;56;54;60;61;69
1230.0;232;271;132;154;153;159;70;57;67;58;54;61;62;70
1236.0;233;275;135;151;155;159;70;54;69;52;53;61;64;69
1242.0;236;274;136;155;155;154;70;53;67;54;54;62;61;69
1248.0;236;272;134;153;154;153;69;54;66;60;56;63;60;70
1254.0;238;269;136;157;152;154;69;50;68;60;58;60;60;69
1260.0;240;272;137;160;154;154;67;49;66;57;59;60;61;64
1266.0;240;270;137;157;151;153;65;53;68;57;58;63;66;62
1272.0;242;268;136;159;150;151;66;54;66;53;62;67;65;61
1278.0;241;268;140;159;145;150;67;53;64;52;64;67;68;62
1284.0;244;267;141;158;149;149;66;53;65;50;65;66;65;62
1290.0;241;266;142;159;151;148;68;52;66;50;67;66;64;60
1296.0;240;267;141;162;152;150;68;51;63;50;68;65;64;59
1302.0;246;260;142;160;151;152;71;52;62;46;64;65;66;63
1308.0;248;261;143;160;153;152;78;51;60;46;59;65;67;57
1314.0;247;259;147;157;155;153;78;52;60;50;59;64;63;56
1320.0;248;257;145;157;157;152;74;49;61;55;59;68;61;57
1326.0;245;257;145;154;156;154;72;49;61;57;62;68;60;60
1332.0;241;258;147;155;154;152;73;50;67;51;65;65;64;58
1338.0;243;256;147;150;155;152;69;50;69;51;62;67;65;64
1344.0;240;252;146;151;154;156;68;50;67;52;64;69;64;67
1350.0;242;256;146;148;155;154;71;52;68;54;58;68;62;66
1356.0;243;255;148;142;156;155;68;54;66;57;60;67;63;66
1362.0;243;256;153;141;155;151;69;54;69;55;59;66;63;66
1368.0;244;256;151;140;155;153;66;56;72;55;61;66;59;66
1374.0;246;257;153;138;154;152;69;53;74;57;59;66;60;62
1380.0;242;258;153;138;155;153;68;53;72;59;60;66;57;66
1386.0;245;256;151;139;156;148;67;56;71;60;58;68;57;68
1392.0;247;252;148;139;155;151;66;60;71;62;60;69;55;65
1398.0;245;254;150;138;159;148;63;58;71;62;60;71;56;65
1404.0;248;258;146;140;160;150;62;57;69;64;62;65;55;64
1410.0;248;261;144;137;158;153;63;58;68;65;62;61;55;67
1416.0;248;262;146;138;161;152;60;55;68;64;65;59;54;68
1422.0;250;261;147;138;159;150;57;56;66;61;69;57;58;71
1428.0;248;263;144;141;159;154;54;55;64;63;68;56;57;74
1434.0;246;264;144;140;161;151;53;58;65;65;69;57;56;71
1440.0;246;269;145;143;163;148;56;55;63;64;69;54;58;67
1446.0;248;272;142;143;164;152;51;56;62;57;66;55;62;70
1452.0;247;267;142;144;164;153;53;55;63;58;67;56;61;70
1458.0;249;265;142;146;165;156;50;55;66;56;64;55;57;74
1464.0;247;266;145;144;164;151;51;53;67;58;69;53;58;74
1470.0;243;267;151;145;168;150;49;51;67;63;70;49;53;74
1476.0;238;266;156;146;167;148;55;52;70;61;66;48;50;77
1482.0;238;267;157;148;165;151;56;51;72;59;62;51;52;71
1488.0;236;264;160;145;164;154;53;51;71;62;62;52;57;69
1494.0;233;265;161;148;165;153;50;54;68;59;60;53;60;71
1500.0;232;264;163;144;166;158;53;50;65;60;60;55;61;69
1506.0;233;260;162;142;166;159;57;52;60;62;58;54;66;69
1512.0;232;260;163;142;161;158;56;58;60;61;59;56;67;67
1518.0;232;258;162;142;163;155;56;57;61;63;57;51;69;74
1524.0;231;259;163;141;162;154;59;58;65;64;59;51;62;72
1530.0;230;260;163;141;163;154;58;58;67;60;60;51;66;69
1536.0;234;262;161;139;163;153;61;60;65;57;59;50;66;70
1542.0;234;257;163;139;161;152;61;61;60;58;60;51;67;76
1548.0;238;256;165;143;160;151;57;63;57;58;57;51;68;76
1554.0;239;258;162;144;160;158;55;62;56;57;55;49;68;77
1560.0;239;259;161;147;155;162;58;58;56;56;54;50;68;77
1566.0;241;262;162;146;153;157;56;57;59;56;56;50;69;76
1572.0;242;259;162;145;155;158;57;52;57;54;62;51;71;75
1578.0;240;259;164;143;157;159;54;54;58;54;65;49;68;76
1584.0;241;258;165;143;157;157;54;53;56;56;67;52;67;74
1590.0;244;257;163;145;153;162;53;51;58;55;68;51;65;75
1596.0;247;256;158;144;152;164;57;51;61;54;69;48;66;73
1602.0;242;258;158;149;152;164;61;54;59;52;71;44;64;72
1608.0;241;256;157;151;150;166;59;55;60;58;71;45;63;68
1614.0;245;260;158;150;153;163;56;54;62;58;66;46;63;66
1620.0;242;260;158;152;153;161;58;51;63;61;65;48;62;66
1626.0;240;257;158;153;154;167;57;49;66;59;64;51;59;66
1632.0;242;254;153;151;149;168;59;50;70;62;66;52;57;67
1638.0;243;256;152;152;148;167;60;51;66;62;66;53;58;66
1644.0;241;259;150;150;147;166;59;58;62;62;67;55;60;64
1650.0;240;259;149;149;148;165;61;58;63;63;63;58;59;65
1656.0;243;260;152;149;144;164;62;53;61;62;65;57;63;65
1662.0;241;259;153;151;147;163;63;57;57;61;61;57;64;66
1668.0;238;255;155;153;151;160;61;55;58;62;57;58;68;69
1674.0;237;255;155;153;152;162;62;54;60;61;55;59;67;68
1680.0;239;258;160;157;152;162;58;56;59;59;57;60;62;61
1686.0;236;261;161;156;151;160;58;57;60;59;57;61;64;59
1692.0;232;264;162;157;151;156;57;59;61;59;60;60;64;58
1698.0;232;259;167;162;150;154;61;59;59;60;56;59;62;60
1704.0;231;263;168;161;150;153;59;59;59;62;57;57;63;58
1710.0;229;262;164;164;154;151;57;59;57;62;56;60;67;58
1716.0;226;263;160;166;151;149;58;60;57;64;58;60;71;57
1722.0;228;263;165;162;151;154;57;55;58;63;60;57;71;56
1728.0;228;260;168;159;150;156;58;52;61;62;59;58;74;55
1734.0;232;259;165;161;150;155;59;53;59;62;61;58;72;54
1740.0;232;260;170;160;149;157;60;51;60;62;58;56;71;54
1746.0;233;264;165;164;148;160;61;53;58;57;60;52;72;53
1752.0;235;272;166;162;147;162;60;53;59;55;57;50;70;52
1758.0;233;272;170;166;149;155;56;54;64;54;55;51;67;54
1764.0;234;271;166;167;148;156;53;54;67;56;56;49;67;56
1770.0;235;270;169;160;149;160;53;54;63;56;57;49;70;55
1776.0;235;269;171;164;150;155;53;56;62;57;53;52;68;55
1782.0;241;269;170;154;152;163;48;55;63;53;54;58;67;53
1788.0;242;267;172;148;152;163;47;57;65;51;55;62;68;51
1794.0;239;268;172;145;152;167;45;56;66;53;54;63;68;52
1800.0;238;267;171;144;152;168;48;60;63;53;53;62;67;54
1806.0;237;265;171;143;153;167;47;63;61;57;52;60;68;56
1812.0;231;268;170;143;156;170;46;65;57;55;52;61;68;58
1818.0;236;269;169;143;154;171;47;64;57;54;54;60;62;60
1824.0;237;266;166;142;156;167;46;66;56;56;55;65;61;61
1830.0;239;264;168;142;154;166;43;62;56;59;55;67;63;62
1836.0;239;265;170;143;155;164;42;65;55;56;55;67;64;60
1842.0;239;260;167;147;155;166;46;67;56;56;59;66;59;57
1848.0;244;260;163;146;159;167;44;70;53;64;61;62;54;53
1854.0;249;258;165;149;157;162;46;72;50;62;63;61;57;49
1860.0;248;257;166;145;156;166;46;75;51;60;62;64;55;49
1866.0;246;262;164;144;153;163;48;74;54;57;59;69;57;50
1872.0;245;259;162;145;154;165;51;76;56;55;55;67;59;51
1878.0;246;257;158;146;156;162;51;79;59;55;55;66;63;47
1884.0;251;257;160;142;162;162;52;77;57;54;57;61;61;47
1890.0;253;257;159;141;163;164;50;73;57;57;62;60;61;43
1896.0;251;261;158;142;162;161;53;71;60;55;64;61;59;42
1902.0;253;264;158;141;158;162;53;70;57;54;63;61;62;44
1908.0;251;262;157;140;157;165;52;71;59;53;63;61;64;45
1914.0;251;260;155;148;156;163;52;72;59;50;63;60;65;46
1920.0;249;259;151;148;156;162;55;69;57;57;65;60;65;47
1926.0;249;258;150;154;156;159;59;70;52;61;64;60;62;46
1932.0;247;253;146;156;158;161;57;73;55;59;65;62;63;45
1938.0;252;255;147;157;155;158;60;72;52;61;66;59;62;44
1944.0;254;259;150;156;155;159;60;68;50;53;64;59;65;48
1950.0;251;257;154;158;156;157;58;66;53;52;61;60;68;49
1956.0;247;256;153;158;151;158;57;73;52;53;64;57;70;51
1962.0;247;255;153;155;151;157;62;73;52;55;63;55;72;50
1968.0;247;258;152;155;153;155;61;70;51;52;64;58;71;53
1974.0;245;258;155;150;154;157;62;70;46;53;67;60;70;53
