#auto generated file!
12.0;56;52;57;55;60;44;61;66;64;49;62;58;62;54
18.0;57;52;57;54;65;44;58;63;62;54;65;56;60;53
24.0;58;54;62;51;67;46;56;56;62;52;65;58;59;54
30.0;57;56;64;56;68;46;58;54;56;55;62;55;59;54
36.0;58;59;68;58;70;47;58;52;56;53;57;54;55;55
42.0;60;62;69;58;69;46;59;53;55;50;59;54;56;50
48.0;62;62;70;58;69;46;58;56;56;49;56;54;59;45
54.0;63;62;70;55;70;46;60;57;54;49;53;56;59;46
60.0;65;62;71;56;70;47;59;58;57;48;48;53;61;45
66.0;67;61;71;57;70;47;61;55;58;48;49;53;59;44
72.0;68;61;72;60;70;51;61;51;52;50;50;53;59;42
78.0;69;63;73;60;70;52;59;51;53;49;50;53;57;41
84.0;73;63;72;61;71;53;59;47;51;56;49;52;52;41
90.0;75;65;72;61;73;55;57;49;50;52;50;49;51;41
96.0;77;67;77;62;72;56;53;48;48;53;50;47;48;42
102.0;78;70;77;60;75;57;53;48;47;53;48;46;47;41
108.0;77;69;79;62;75;57;54;46;50;49;46;45;49;42
114.0;75;72;82;63;77;58;53;48;49;48;42;45;46;42
120.0;77;71;82;63;79;61;55;49;48;46;41;45;41;42
126.0;81;72;80;64;79;61;58;48;50;45;42;42;39;39
132.0;82;76;80;67;79;62;53;48;51;46;41;38;39;38
138.0;83;75;80;70;78;64;56;49;50;41;37;38;40;39
144.0;85;74;79;74;80;62;56;49;47;42;37;38;39;38
150.0;86;76;80;71;81;63;56;47;46;41;36;37;43;37
156.0;90;78;79;69;83;62;57;43;44;43;33;37;44;38
162.0;89;77;83;71;87;60;58;41;43;40;33;37;42;39
168.0;90;78;83;73;87;62;56;38;42;40;33;34;44;40
174.0;95;79;82;72;86;63;53;40;40;40;33;33;42;42
180.0;97;81;82;72;87;63;52;46;38;38;31;29;41;43
186.0;98;83;83;74;84;62;52;45;38;39;31;28;41;42
192.0;97;84;85;74;84;61;53;44;37;39;32;26;40;44
198.0;97;84;86;73;83;63;52;43;37;38;34;26;40;44
204.0;99;87;86;73;82;64;47;45;38;36;33;27;39;44
210.0;98;89;86;71;82;63;45;45;39;35;34;27;39;47
216.0;97;96;86;73;80;63;40;45;38;35;35;26;40;46
222.0;94;96;87;75;80;62;42;47;37;34;35;26;41;44
228.0;94;98;89;75;80;62;44;44;36;34;35;25;41;43
234.0;94;99;89;73;78;65;45;45;37;31;36;26;42;40
240.0;94;99;91;77;78;67;40;44;36;31;36;27;41;39
246.0;95;97;90;79;79;68;40;44;34;30;38;25;44;37
252.0;95;97;91;79;80;67;40;42;37;30;37;26;42;37
258.0;94;99;90;78;76;68;42;41;39;32;36;25;42;38
264.0;97;97;86;76;76;70;43;46;41;31;32;25;43;37
270.0;100;97;88;75;77;70;42;45;40;32;30;25;44;35
276.0;101;97;88;76;78;70;42;46;40;30;30;24;42;36
282.0;102;98;87;78;78;71;42;42;38;30;31;25;42;36
288.0;103;100;87;77;77;71;42;39;38;29;32;25;43;37
294.0;102;101;86;76;76;73;43;39;36;29;31;29;43;36
300.0;102;104;86;77;74;74;42;40;35;30;32;29;41;34
306.0;102;104;89;75;74;74;41;40;35;30;33;30;41;32
312.0;101;102;92;74;75;75;42;41;31;32;32;30;39;34
318.0;101;104;88;73;76;77;39;42;32;36;32;28;34;38
324.0;103;105;87;73;78;77;36;40;32;36;33;31;32;37
330.0;103;105;90;72;76;77;32;38;33;35;30;36;34;39
336.0;102;103;91;71;82;77;31;36;33;35;29;39;34;37
342.0;104;102;91;71;81;79;28;36;32;35;29;39;34;39
348.0;105;102;92;68;80;84;31;34;30;37;29;39;32;37
354.0;105;102;93;68;76;82;31;33;29;41;33;39;31;37
360.0;105;103;90;68;74;82;30;34;27;42;36;39;32;38
366.0;108;108;89;66;74;78;32;35;27;41;35;37;31;39
372.0;109;106;90;66;74;76;33;34;29;41;32;42;33;35
378.0;110;107;94;64;74;78;30;33;29;41;31;40;35;34
384.0;112;110;94;65;74;75;31;33;27;40;31;41;38;29
390.0;111;111;94;65;74;76;29;34;26;41;34;39;37;29
396.0;110;113;96;62;74;75;28;34;26;41;39;37;37;28
402.0;109;113;96;59;75;74;28;34;28;40;40;38;38;28
408.0;108;111;96;63;77;71;29;33;28;40;39;38;36;31
414.0;108;110;95;64;74;73;27;34;27;41;41;36;38;32
420.0;109;113;94;66;72;73;25;35;25;44;43;33;37;31
426.0;110;114;98;68;74;73;23;36;24;36;43;32;39;30
432.0;111;112;99;67;73;75;23;33;25;41;40;32;37;32
438.0;112;111;95;69;74;75;22;35;23;40;39;35;37;33
444.0;112;114;93;68;73;77;20;32;25;42;40;35;36;33
450.0;111;113;92;68;73;79;21;35;25;42;37;34;35;35
456.0;113;114;92;65;70;79;22;35;23;43;36;33;39;36
462.0;114;113;93;66;70;79;24;35;24;41;39;30;40;32
468.0;112;112;93;68;69;78;23;38;25;41;39;29;40;33
474.0;112;111;93;67;69;77;23;40;24;40;40;31;39;34
480.0;112;111;94;62;71;75;23;41;25;44;42;29;38;33
486.0;112;113;96;60;70;78;24;40;25;41;43;28;39;31
492.0;112;117;97;62;70;76;23;42;24;37;42;28;38;32
498.0;111;118;96;62;71;75;26;41;22;36;42;29;40;31
504.0;111;119;97;62;69;74;27;37;25;38;42;27;41;31
510.0;113;121;97;63;67;77;26;35;21;39;41;26;42;32
516.0;117;121;101;61;68;75;23;36;22;38;40;28;38;32
522.0;119;122;98;60;69;75;24;35;22;36;41;27;39;33
528.0;118;121;97;60;71;78;23;36;25;33;41;25;40;32
534.0;118;123;97;62;69;77;23;35;25;31;40;24;37;39
540.0;119;124;96;63;71;78;24;36;24;31;38;23;39;34
546.0;118;123;96;62;70;81;24;38;25;29;37;26;39;32
552.0;116;123;93;64;69;81;27;39;27;29;36;25;39;32
558.0;114;126;92;65;70;80;26;41;26;30;35;25;38;32
564.0;116;124;91;64;70;80;28;40;25;30;36;26;37;33
570.0;112;129;89;68;72;78;29;40;28;27;33;26;36;33
576.0;114;130;88;70;71;76;30;39;26;28;35;25;34;34
582.0;113;131;90;70;68;77;29;40;25;25;40;26;33;33
588.0;115;127;87;68;69;79;29;40;27;29;39;26;33;32
594.0;114;125;86;66;69;81;28;41;29;27;40;27;32;35
600.0;117;127;86;67;66;78;29;40;29;27;39;28;33;34
606.0;117;127;86;66;69;80;27;40;29;28;38;27;32;34
612.0;117;126;85;65;69;81;25;44;32;25;36;27;33;35
618.0;117;128;82;68;67;82;28;44;30;28;36;28;31;31
624.0;117;129;83;67;67;79;26;44;33;27;38;26;32;32
630.0;116;132;85;68;69;78;22;42;34;26;34;27;33;34
636.0;116;132;84;67;66;78;22;45;33;29;35;28;33;32
642.0;116;131;83;66;68;77;22;47;33;29;35;29;32;32
648.0;115;131;84;66;68;78;24;43;32;33;32;27;33;34
654.0;115;132;85;65;67;77;28;39;32;36;34;24;32;34
660.0;116;129;86;65;67;75;29;39;32;34;34;27;32;35
666.0;119;128;84;65;66;75;30;40;29;34;35;26;33;36
672.0;119;127;87;62;65;76;31;41;29;33;35;26;33;36
678.0;117;127;87;61;63;78;29;42;32;34;37;25;32;36
684.0;120;126;88;60;65;78;30;41;30;35;36;25;32;34
690.0;121;128;85;61;68;81;27;39;30;37;37;25;30;31
696.0;119;129;88;62;64;81;29;35;30;39;39;21;31;33
702.0;120;130;88;63;63;82;28;36;30;40;37;20;31;32
708.0;116;130;86;63;62;80;29;34;33;39;38;22;34;34
714.0;114;132;88;61;61;82;30;33;32;37;38;21;34;37
720.0;109;135;88;62;65;80;30;33;33;37;36;24;32;36
726.0;108;136;88;61;63;80;29;34;35;36;35;26;33;36
732.0;110;138;88;61;66;80;28;33;33;35;32;27;33;36
738.0;110;137;87;61;66;81;28;34;33;36;33;28;32;34
744.0;112;135;87;62;60;83;31;34;36;35;36;24;30;35
750.0;110;136;85;63;60;82;31;36;38;35;35;23;31;35
756.0;108;137;84;66;62;82;31;36;41;33;35;22;30;33
762.0;104;141;86;67;63;83;30;35;39;33;35;22;29;33
768.0;104;142;87;67;64;84;30;35;40;31;33;23;27;33
774.0;103;141;82;68;69;85;28;36;41;31;33;24;28;31
780.0;104;144;81;66;68;89;27;36;40;30;32;23;29;31
786.0;105;144;80;69;68;88;27;36;40;30;32;25;25;31
792.0;104;143;79;68;71;87;26;33;39;34;32;23;28;33
798.0;104;143;78;68;70;87;24;30;41;31;36;25;28;35
804.0;102;145;78;66;70;87;29;29;41;30;34;25;26;38
810.0;101;144;81;69;67;85;29;32;38;30;34;25;30;35
816.0;100;144;81;70;66;89;30;35;38;29;32;23;29;34
822.0;100;145;82;73;68;88;29;35;35;29;31;22;29;34
828.0;96;146;79;73;67;89;27;39;37;32;31;23;27;34
834.0;97;147;79;74;67;89;24;39;37;32;32;23;28;32
840.0;97;148;78;71;67;87;23;38;39;31;34;21;32;34
846.0;97;148;76;70;68;89;26;37;39;30;33;24;30;33
852.0;97;148;80;71;67;89;24;35;38;31;35;25;30;30
858.0;99;146;80;71;66;90;24;38;36;32;32;26;28;32
864.0;98;149;76;70;69;91;24;37;36;33;31;25;27;34
870.0;96;150;74;71;69;91;22;38;34;33;33;25;28;36
876.0;97;147;73;72;69;91;21;33;36;35;33;26;29;38
882.0;99;149;74;68;69;91;22;34;35;36;32;25;29;37
888.0;100;149;76;65;69;89;22;35;35;35;32;26;29;38
894.0;100;148;76;64;73;86;24;39;35;34;30;26;27;38
900.0;101;145;79;65;73;87;22;39;34;33;33;27;26;36
906.0;104;146;79;63;72;83;22;39;35;35;31;27;26;38
912.0;106;145;80;64;72;83;22;38;37;34;29;24;29;37
918.0;107;143;84;65;73;85;21;36;35;33;30;22;30;36
924.0;103;142;88;66;73;84;21;38;34;32;30;27;27;35
930.0;103;143;87;67;74;84;21;35;34;31;33;28;24;36
936.0;106;142;89;67;73;83;21;35;34;31;36;27;22;34
942.0;109;141;88;65;76;81;23;33;33;30;39;30;20;32
948.0;108;141;85;64;78;84;21;31;34;29;40;32;21;32
954.0;105;144;82;63;79;83;22;35;33;27;39;33;23;32
960.0;106;144;80;62;80;83;25;35;34;27;39;31;25;29
966.0;106;145;79;61;78;83;28;34;32;28;38;34;26;28
972.0;104;144;78;60;80;83;29;36;34;29;38;31;27;27
978.0;102;144;79;66;76;78;31;36;33;33;38;30;29;25
984.0;103;142;79;67;75;77;33;39;33;34;33;30;28;27
990.0;105;141;79;67;77;78;31;39;32;34;33;30;29;25
996.0;105;139;78;67;75;80;31;38;32;34;35;30;30;26
1002.0;108;137;77;66;75;81;35;38;31;29;33;33;29;28
1008.0;108;138;75;66;77;79;34;39;32;34;32;29;29;28
1014.0;104;138;75;65;80;77;35;41;33;30;32;32;29;29
1020.0;103;139;75;67;77;77;34;43;31;28;32;33;30;31
1026.0;101;140;73;71;77;76;35;43;28;28;31;34;31;32
1032.0;100;138;73;67;78;75;36;46;31;27;31;38;30;30
1038.0;102;137;74;69;77;75;35;44;29;28;30;37;29;34
1044.0;102;136;72;69;76;75;35;45;32;27;30;39;30;32
1050.0;101;138;72;69;76;76;35;44;31;27;31;39;31;30
1056.0;103;135;71;71;74;76;35;46;33;27;30;38;32;29
1062.0;103;135;73;73;75;77;34;41;33;23;30;39;33;31
1068.0;106;136;74;72;75;76;31;42;31;24;29;40;35;29
1074.0;106;138;69;69;73;75;32;41;31;27;30;40;38;31
1080.0;105;140;67;70;71;77;31;41;31;27;32;39;37;32
1086.0;106;141;66;69;73;77;31;40;33;26;31;39;35;33
1092.0;108;141;65;68;74;79;31;41;33;27;30;36;36;31
1098.0;108;140;63;69;74;81;30;42;31;26;32;35;38;31
1104.0;107;139;59;69;74;81;33;42;31;28;33;36;36;32
1110.0;108;136;58;70;76;82;34;40;30;29;35;36;33;33
1116.0;106;136;58;70;76;81;34;41;30;29;36;36;34;33
1122.0;107;136;56;73;76;81;34;43;30;28;37;32;33;34
1128.0;108;137;57;72;75;82;34;44;27;29;37;31;34;33
1134.0;108;135;57;75;76;81;34;46;27;29;38;30;32;32
1140.0;110;136;54;73;74;84;35;43;28;30;39;30;32;32
1146.0;109;137;54;72;74;87;38;40;29;32;36;31;30;31
1152.0;110;132;56;72;74;88;39;40;28;33;35;32;30;31
1158.0;109;135;59;71;74;88;41;42;26;35;36;28;28;28
1164.0;111;136;58;71;76;85;38;41;26;35;35;29;30;29
1170.0;111;137;59;72;75;83;41;39;25;34;36;29;30;29
1176.0;111;139;59;72;75;81;42;38;27;34;35;29;30;28
1182.0;111;138;59;72;76;80;42;41;28;34;34;28;30;27
1188.0;115;138;60;71;76;80;40;41;28;32;33;29;29;28
1194.0;118;134;62;70;75;84;41;40;24;34;34;28;28;28
1200.0;116;135;61;69;75;85;41;40;23;33;36;27;30;29
1206.0;116;132;61;74;74;85;41;39;27;31;36;28;28;28
1212.0;115;134;61;74;75;84;40;39;27;29;34;27;31;30
1218.0;114;135;62;74;75;86;38;36;28;30;35;25;32;30
1224.0;115;135;59;75;78;86;38;38;27;29;33;25;32;30
1230.0;115;135;59;75;75;86;38;40;28;28;33;22;35;31
1236.0;114;133;59;74;76;88;40;40;30;25;33;23;35;30
1242.0;114;134;60;77;73;86;37;39;34;25;30;24;38;29
1248.0;113;133;61;76;76;88;39;43;33;22;30;23;35;28
1254.0;111;134;61;77;77;85;39;39;34;22;34;23;34;30
1260.0;111;135;60;79;80;83;38;37;35;24;32;23;34;29
1266.0;112;135;62;80;79;80;35;39;37;25;32;24;30;30
1272.0;116;138;63;80;78;79;31;39;36;24;32;25;29;30
1278.0;116;134;62;79;78;79;33;38;36;27;31;27;27;33
1284.0;115;134;61;82;81;79;31;36;35;23;34;27;30;32
1290.0;113;137;63;80;81;79;32;37;35;26;33;27;29;28
1296.0;115;136;63;81;81;80;32;38;34;28;32;26;30;24
1302.0;115;137;64;79;81;80;33;36;31;29;32;26;31;26
1308.0;112;137;67;82;74;84;31;34;31;32;33;25;31;27
1314.0;113;135;63;82;76;84;30;33;34;35;31;25;30;29
1320.0;113;137;65;83;75;85;27;33;35;35;32;23;30;27
1326.0;113;135;67;78;73;88;30;33;32;35;32;25;30;29
1332.0;113;138;66;79;75;88;30;32;32;35;29;26;29;28
1338.0;113;137;65;81;74;89;29;33;32;32;28;27;31;29
1344.0;112;135;64;81;74;92;28;33;35;29;27;29;31;30
1350.0;112;134;64;82;72;92;29;32;35;29;26;29;34;30
1356.0;111;136;67;84;74;91;28;27;35;28;25;30;34;30
1362.0;109;135;68;82;75;91;27;28;38;30;23;29;35;30
1368.0;110;134;68;83;76;89;25;31;39;31;23;29;34;28
1374.0;109;132;70;84;77;85;27;30;37;31;25;30;35;28
1380.0;110;134;72;83;78;83;28;31;38;29;26;30;33;25
1386.0;111;136;72;86;76;81;27;27;37;31;24;31;31;30
1392.0;108;137;72;86;78;84;27;26;36;26;23;31;36;30
1398.0;112;139;72;82;80;82;29;27;36;25;22;30;34;30
1404.0;114;141;70;83;78;79;30;26;36;25;21;32;33;32
1410.0;118;138;70;85;77;80;29;25;40;24;21;28;33;32
1416.0;119;136;74;87;75;79;29;23;40;24;20;27;34;33
1422.0;116;132;74;87;76;76;31;24;39;26;21;28;35;35
1428.0;117;135;73;88;76;77;34;21;36;28;19;29;34;33
1434.0;117;136;73;89;72;78;34;23;36;28;20;29;36;29
1440.0;117;136;73;89;73;79;35;21;34;28;21;30;36;28
1446.0;121;133;74;88;73;78;36;25;31;30;20;30;35;26
1452.0;121;135;77;90;73;76;34;24;31;29;18;29;37;26
1458.0;120;136;76;91;75;75;33;24;30;29;17;30;37;27
1464.0;121;136;74;93;77;75;32;28;28;26;16;30;35;29
1470.0;123;134;75;91;81;74;33;26;27;28;17;29;35;27
1476.0;123;133;74;89;81;74;33;24;28;27;23;29;37;25
1482.0;125;132;74;87;82;72;33;24;32;27;22;27;39;24
1488.0;123;131;75;85;81;72;33;25;33;28;24;26;41;23
1494.0;123;130;77;84;83;70;33;29;32;28;21;26;40;24
1500.0;123;130;76;83;80;73;34;30;32;26;23;24;40;26
1506.0;121;133;78;85;79;71;35;30;31;28;23;22;37;27
1512.0;121;131;75;83;80;70;37;34;33;24;21;23;37;31
1518.0;120;132;76;83;80;71;36;35;34;24;20;23;36;30
1524.0;119;131;76;83;80;68;35;36;34;26;20;23;37;32
1530.0;115;131;78;87;82;65;36;33;38;23;21;25;36;30
1536.0;120;130;80;87;80;63;34;33;39;25;20;23;36;30
1542.0;121;131;80;86;77;60;36;33;38;24;20;26;35;33
1548.0;122;130;81;88;79;59;34;35;35;25;19;24;36;33
1554.0;119;134;81;85;82;60;34;32;35;25;21;23;36;33
1560.0;120;129;81;85;85;58;34;30;37;27;22;22;36;34
1566.0;120;128;77;85;83;61;36;37;37;28;17;23;34;34
1572.0;118;130;76;85;83;62;35;34;39;28;19;25;37;29
1578.0;113;134;74;83;83;65;37;32;41;30;19;26;35;28
1584.0;116;134;75;82;85;65;38;28;41;29;18;27;36;26
1590.0;120;133;74;83;84;65;37;29;41;31;18;24;34;27
1596.0;117;134;76;83;84;64;38;26;41;32;19;24;33;29
1602.0;118;134;77;88;81;65;39;26;40;33;18;22;32;27
1608.0;117;134;74;83;83;66;37;30;44;31;17;21;35;28
1614.0;114;133;79;84;85;68;35;32;43;25;16;21;34;31
1620.0;114;133;80;86;83;69;34;34;39;27;18;24;30;29
1626.0;112;135;82;85;83;71;32;35;36;29;17;24;31;28
1632.0;112;136;83;85;83;74;28;36;35;27;17;24;33;27
1638.0;112;136;86;86;81;72;27;35;33;29;16;23;35;29
1644.0;117;133;84;84;75;73;27;36;32;30;19;25;36;29
1650.0;117;129;83;83;74;71;28;37;35;30;22;26;35;30
1656.0;117;129;83;80;78;73;29;35;33;30;21;26;35;31
1662.0;118;130;83;80;80;72;33;32;34;29;22;29;32;26
1668.0;119;130;85;81;77;71;33;31;37;29;23;27;32;25
1674.0;117;130;84;81;77;71;33;35;37;29;22;27;32;25
1680.0;114;128;81;83;75;70;33;36;38;33;23;29;31;26
1686.0;115;127;81;87;74;72;30;34;37;32;23;30;31;27
1692.0;116;127;79;89;73;75;28;36;35;31;23;32;32;24
1698.0;117;125;79;88;75;73;31;38;34;27;24;33;30;26
1704.0;118;125;79;87;79;72;34;37;31;26;22;31;32;27
1710.0;116;126;80;87;80;71;34;35;34;25;22;30;32;28
1716.0;117;127;80;87;82;72;32;35;32;25;22;29;30;30
1722.0;115;127;83;85;83;72;30;33;30;29;23;30;30;30
1728.0;119;126;83;83;82;73;30;33;30;27;23;30;32;29
1734.0;115;126;85;80;84;72;31;30;28;29;24;30;32;34
1740.0;115;127;85;79;83;70;31;31;30;28;24;31;33;33
1746.0;117;126;82;78;84;72;31;31;32;27;22;29;35;34
1752.0;117;127;83;76;84;72;32;31;34;29;22;26;35;32
1758.0;117;125;84;72;85;75;28;29;34;29;24;27;38;33
1764.0;118;120;84;70;86;77;27;26;34;29;23;32;40;34
1770.0;117;118;80;74;87;76;29;29;34;29;22;33;39;33
1776.0;116;116;81;73;88;76;28;30;35;29;25;30;38;35
1782.0;117;117;80;70;88;77;26;30;36;30;24;30;41;34
1788.0;119;115;79;69;90;77;29;31;33;31;23;27;40;37
1794.0;118;116;80;69;91;79;28;30;34;29;23;28;40;35
1800.0;118;119;78;73;94;76;29;30;34;26;24;27;38;34
1806.0;119;119;75;76;93;79;27;30;33;25;26;27;38;33
1812.0;119;119;74;77;92;79;27;30;33;26;26;27;38;33
1818.0;121;119;75;77;88;81;27;29;33;26;26;27;39;32
1824.0;122;119;77;77;88;80;27;29;31;27;26;28;35;34
1830.0;121;120;78;76;90;79;29;28;30;25;24;32;37;31
1836.0;120;115;75;76;92;79;31;27;33;25;27;34;35;31
1842.0;122;117;74;78;90;74;31;28;34;25;30;35;34;28
1848.0;120;116;72;77;90;74;32;28;34;26;33;36;33;29
1854.0;122;117;71;77;90;75;30;29;36;24;32;35;30;32
1860.0;120;120;68;80;90;74;32;32;37;23;32;35;27;30
1866.0;121;119;64;80;89;72;32;32;37;23;35;37;28;31
1872.0;122;117;63;75;88;73;30;31;36;26;37;40;27;35
1878.0;121;116;63;76;89;73;31;30;36;27;39;36;27;36
1884.0;122;118;64;76;90;73;28;31;33;27;38;37;27;36
1890.0;123;117;64;73;90;75;27;31;34;28;39;38;25;36
1896.0;123;116;63;72;91;77;28;32;37;31;36;38;25;31
1902.0;125;116;61;74;93;79;25;31;36;27;37;38;26;32
1908.0;124;118;60;72;93;78;28;28;37;27;38;39;26;32
1914.0;124;117;60;70;94;75;28;27;40;26;39;39;27;34
1920.0;124;118;60;67;92;76;31;29;41;23;36;38;27;38
1926.0;124;118;61;65;91;76;32;31;43;25;36;36;25;37
1932.0;124;119;62;66;92;74;34;28;43;25;35;36;25;37
1938.0;124;120;64;68;93;72;33;29;40;23;34;36;28;36
1944.0;123;119;65;69;91;72;34;27;38;24;33;37;28;40
1950.0;124;119;65;69;96;73;33;29;35;24;32;32;29;40
1956.0;127;120;63;66;95;74;32;30;37;25;32;32;27;40
1962.0;128;122;64;65;96;71;34;30;38;22;34;31;26;39
1968.0;127;122;65;67;95;71;33;30;37;22;31;32;28;40
1974.0;128;120;66;66;94;71;33;30;37;23;32;33;31;36
