#auto generated file!
12.0;142;133;125;126;130;123;109;143;147;125;108;140;141;108
18.0;144;141;127;132;130;129;112;139;142;123;107;136;133;105
24.0;143;141;128;141;135;133;107;139;144;119;98;132;132;108
30.0;146;146;132;143;134;135;106;136;141;122;95;130;124;110
36.0;150;148;134;145;137;137;107;128;139;117;99;128;123;108
42.0;154;154;142;148;138;132;103;126;137;115;100;127;123;101
48.0;157;151;147;150;139;132;101;124;137;114;97;124;125;102
54.0;163;155;147;150;141;132;96;126;132;114;100;125;125;94
60.0;165;159;149;155;141;133;98;123;130;110;101;121;122;93
66.0;163;160;154;154;140;134;93;117;131;117;104;125;117;91
72.0;165;164;161;157;137;134;93;116;128;118;103;120;114;90
78.0;166;165;162;160;140;132;90;116;130;114;105;116;110;94
84.0;167;168;168;158;140;134;92;114;130;116;104;115;100;94
90.0;168;172;168;157;142;139;90;115;130;109;105;115;98;92
96.0;168;171;166;157;142;142;91;117;131;107;105;113;92;98
102.0;165;177;171;161;139;144;88;117;125;108;104;110;92;99
108.0;165;179;175;160;143;144;92;119;123;101;104;108;92;95
114.0;170;179;172;158;147;151;93;122;123;94;102;110;87;92
120.0;170;180;169;159;149;154;90;124;119;92;108;108;86;92
126.0;173;181;169;163;148;154;86;121;116;98;107;109;88;87
132.0;177;183;174;161;148;150;91;118;110;96;104;108;90;90
138.0;178;179;173;165;149;153;93;120;107;95;103;105;90;90
144.0;179;181;176;167;156;151;96;121;102;96;103;105;85;82
150.0;179;184;175;167;158;152;97;117;102;97;104;102;84;82
156.0;178;189;178;169;153;152;96;117;108;93;106;94;86;81
162.0;178;187;179;172;157;154;97;116;105;92;106;95;86;76
168.0;179;191;179;169;159;155;93;113;109;93;104;93;87;76
174.0;183;192;177;171;157;154;94;107;113;91;102;95;86;78
180.0;186;196;179;171;158;156;98;98;109;90;107;92;83;77
186.0;187;193;180;167;158;156;100;96;107;89;107;97;86;77
192.0;191;195;179;165;163;158;92;95;107;89;102;98;87;79
198.0;195;197;180;166;167;161;89;93;105;88;99;98;83;79
204.0;195;197;184;168;164;158;88;92;103;89;98;99;82;83
210.0;195;199;186;172;168;161;84;91;99;90;98;97;78;82
216.0;193;203;191;173;168;163;81;88;96;89;95;97;82;81
222.0;191;199;193;176;171;165;83;88;94;90;87;93;85;85
228.0;191;200;189;184;169;166;80;87;98;91;81;92;88;84
234.0;198;202;189;184;173;168;83;86;93;85;83;90;85;81
240.0;199;206;189;185;172;164;82;92;94;82;84;87;84;80
246.0;201;208;188;185;178;168;80;91;93;79;82;86;80;81
252.0;200;211;190;190;178;167;78;88;89;80;83;86;83;77
258.0;199;210;189;193;176;171;83;85;90;77;78;83;89;77
264.0;194;213;187;192;182;168;89;88;87;77;81;76;88;78
270.0;197;217;183;190;183;170;85;81;87;80;86;76;87;78
276.0;198;217;177;194;183;172;84;82;86;79;87;77;84;80
282.0;198;220;181;191;183;173;79;88;86;77;87;76;86;75
288.0;206;222;183;189;184;175;78;83;87;79;82;77;84;71
294.0;207;223;182;196;180;176;82;86;85;77;81;74;81;70
300.0;210;220;182;198;179;177;83;89;84;81;81;70;77;69
306.0;214;222;182;199;181;181;82;85;84;80;79;70;73;68
312.0;214;220;180;199;179;182;83;87;86;78;82;68;75;67
318.0;212;219;183;199;184;185;81;93;83;72;86;64;74;65
324.0;214;221;186;200;184;189;79;90;86;69;84;63;71;64
330.0;212;222;183;200;185;187;79;93;88;66;80;64;74;67
336.0;212;221;182;197;187;185;79;89;91;67;77;69;78;66
342.0;213;215;182;197;186;191;75;93;88;67;78;68;79;68
348.0;216;216;177;195;187;189;73;91;88;74;74;68;81;71
354.0;215;221;178;192;186;184;74;84;89;78;77;74;79;69
360.0;212;224;182;192;182;186;78;81;87;78;76;73;79;70
366.0;211;226;181;194;184;188;78;83;89;77;78;68;77;66
372.0;214;232;180;196;189;192;76;76;85;76;76;65;79;64
378.0;215;238;179;190;192;194;73;75;83;76;74;64;81;66
384.0;216;237;178;190;191;194;75;77;78;77;76;60;85;66
390.0;219;237;180;188;189;196;68;75;76;79;76;61;84;72
396.0;220;233;179;191;190;195;68;74;73;76;77;68;84;72
402.0;217;235;180;192;186;193;68;78;78;75;77;71;83;67
408.0;215;236;179;190;186;197;68;80;78;78;79;68;79;67
414.0;214;232;185;193;185;192;72;80;74;79;77;72;77;68
420.0;211;230;187;196;187;191;73;82;76;80;77;74;70;66
426.0;212;229;187;190;188;193;73;83;76;80;79;68;70;72
432.0;212;234;185;194;189;192;71;82;73;78;75;70;72;73
438.0;214;235;181;191;191;188;75;78;73;81;77;68;76;72
444.0;215;242;184;185;188;192;71;74;76;78;76;66;76;77
450.0;213;246;183;188;182;195;74;72;77;74;74;70;76;76
456.0;218;246;184;188;179;200;72;71;77;72;76;67;76;74
462.0;219;250;179;191;178;198;75;71;77;69;74;69;74;76
468.0;221;254;173;187;179;193;69;76;78;66;76;73;74;81
474.0;224;251;172;189;177;196;75;68;77;69;74;76;76;76
480.0;225;251;175;188;179;195;73;69;73;66;75;80;71;80
486.0;227;249;176;188;180;198;71;65;74;67;74;81;70;80
492.0;226;250;175;185;178;196;70;68;76;66;77;78;73;82
498.0;227;251;175;180;177;198;71;65;81;66;76;76;79;78
504.0;226;251;173;183;178;196;71;66;85;63;81;73;75;79
510.0;228;256;176;182;175;197;68;65;87;63;81;72;76;74
516.0;227;258;177;174;175;196;68;66;85;65;78;79;73;79
522.0;225;261;174;173;170;197;66;71;85;67;77;79;75;80
528.0;227;259;172;169;164;194;64;78;85;68;77;80;78;85
534.0;227;265;172;172;162;188;64;80;84;66;78;80;75;87
540.0;228;265;173;172;161;191;65;80;80;68;76;79;75;87
546.0;229;264;172;173;164;195;62;81;77;62;76;84;75;86
552.0;231;263;177;175;162;195;64;79;77;60;73;85;73;86
558.0;232;263;177;175;166;191;62;72;78;61;75;89;72;87
564.0;231;264;178;174;167;190;62;74;79;64;72;86;75;84
570.0;232;265;181;173;168;186;59;74;80;63;74;86;78;81
576.0;232;264;180;177;166;189;56;75;80;63;77;84;79;78
582.0;229;265;178;181;163;191;54;74;76;64;74;87;82;82
588.0;230;261;179;181;166;194;58;71;77;62;71;86;83;81
594.0;233;257;179;184;162;193;59;75;76;67;68;85;82;80
600.0;233;256;182;183;167;188;62;70;73;66;69;83;86;82
606.0;238;256;181;186;164;187;64;70;72;66;69;83;83;81
612.0;238;259;180;181;162;188;65;71;72;65;71;86;83;79
618.0;237;255;184;184;162;187;63;71;71;68;71;78;84;85
624.0;232;250;183;180;161;191;66;78;72;72;76;79;77;83
630.0;229;253;183;181;161;187;65;84;71;71;77;77;78;83
636.0;228;252;185;179;162;186;64;85;73;70;81;76;78;81
642.0;232;250;187;181;160;187;59;82;74;71;77;77;78;85
648.0;234;249;185;179;166;191;60;83;73;70;76;75;75;84
654.0;237;252;187;177;166;192;62;80;72;67;72;77;74;85
660.0;236;258;181;176;167;189;63;79;72;64;68;81;77;89
666.0;238;252;176;177;167;189;63;82;75;66;67;78;81;89
672.0;240;252;168;176;169;190;64;82;75;70;70;79;79;86
678.0;245;250;168;173;169;189;70;80;75;73;69;75;82;82
684.0;243;253;170;175;169;186;77;78;74;73;72;73;79;78
690.0;239;256;170;173;169;187;80;79;73;73;72;74;79;76
696.0;241;250;175;174;172;186;76;79;75;73;74;72;77;76
702.0;241;248;177;177;175;186;74;81;72;71;75;74;73;76
708.0;234;249;179;177;176;185;76;82;75;72;69;74;71;81
714.0;238;247;180;173;175;182;78;81;78;71;69;75;69;84
720.0;236;246;182;176;172;182;75;81;80;72;69;77;68;84
726.0;236;247;186;176;171;182;76;79;74;73;69;74;66;91
732.0;237;246;183;173;172;179;81;78;73;72;70;73;70;93
738.0;237;242;183;171;176;179;78;78;76;72;70;76;70;92
744.0;238;241;184;174;178;178;77;81;72;72;70;72;70;93
750.0;234;243;186;177;179;178;79;81;70;71;65;73;70;94
756.0;235;245;182;179;180;180;77;82;68;70;66;70;72;94
762.0;237;249;184;178;179;179;78;83;73;64;65;75;72;84
768.0;240;252;183;175;174;176;73;80;72;64;69;82;75;85
774.0;242;250;183;175;173;173;79;79;71;64;75;79;75;82
780.0;243;250;179;177;176;173;72;82;71;65;78;84;74;76
786.0;249;257;174;175;180;171;74;81;70;69;75;81;72;72
792.0;251;261;176;179;178;172;73;79;66;69;67;80;73;76
798.0;253;262;174;178;180;174;72;77;63;70;68;78;73;78
804.0;254;264;170;179;183;171;77;76;61;69;69;78;70;79
810.0;258;263;170;179;179;169;78;78;61;66;76;77;69;77
816.0;260;264;169;178;179;170;77;75;62;66;77;80;66;77
822.0;262;263;165;180;181;168;77;73;62;68;79;80;63;79
828.0;262;266;167;178;180;164;79;71;64;67;80;79;65;78
834.0;262;265;168;176;181;164;74;72;61;72;84;77;66;78
840.0;261;265;169;174;182;159;69;75;61;72;91;79;67;76
846.0;267;263;167;172;188;160;70;80;56;73;91;78;63;72
852.0;266;262;166;171;188;162;71;84;55;75;90;78;62;70
858.0;268;262;170;173;188;161;69;84;54;71;87;80;62;71
864.0;276;261;168;178;188;163;67;82;54;73;84;75;63;68
870.0;279;264;166;171;192;164;68;83;53;73;90;73;59;65
876.0;281;263;165;169;194;163;66;82;57;71;89;74;60;66
882.0;280;265;170;168;194;161;63;82;60;70;88;71;63;65
888.0;278;264;170;168;189;164;67;85;57;66;84;76;68;64
894.0;279;261;175;173;184;167;67;78;58;70;79;73;68;68
900.0;281;265;176;170;186;164;63;77;61;70;76;77;67;67
906.0;277;266;180;170;187;164;59;74;64;68;77;76;69;69
912.0;277;264;182;171;188;165;57;77;64;67;77;71;69;71
918.0;284;263;180;171;184;166;57;77;64;65;77;70;70;72
924.0;290;261;179;170;184;163;59;77;62;68;74;72;72;69
930.0;289;261;180;171;182;164;62;79;59;67;70;73;73;70
936.0;291;263;177;171;181;161;59;78;63;71;68;72;74;71
942.0;290;258;176;167;182;161;68;77;67;70;66;67;77;74
948.0;290;261;176;167;182;164;69;74;67;65;64;70;77;74
954.0;293;262;175;170;180;164;68;79;67;62;63;69;75;73
960.0;297;265;176;174;178;164;66;77;70;57;62;68;74;72
966.0;297;266;175;176;174;167;66;78;68;61;63;66;72;71
972.0;301;263;174;177;169;165;63;80;70;64;66;64;70;74
978.0;297;264;173;175;168;166;62;81;70;68;65;62;71;78
984.0;295;265;172;175;170;164;62;86;68;69;63;63;71;77
990.0;293;263;171;173;170;165;62;85;67;72;60;65;75;79
996.0;289;258;171;176;175;165;59;85;64;73;60;68;79;78
1002.0;291;257;172;173;176;162;59;82;66;77;61;68;77;79
1008.0;292;257;171;174;178;161;59;80;67;77;63;68;78;75
1014.0;292;260;170;176;174;162;60;79;70;75;64;69;76;73
1020.0;292;260;171;179;174;156;63;81;64;76;60;71;77;76
1026.0;286;260;171;178;175;158;64;82;63;76;61;69;80;77
1032.0;280;258;175;174;178;159;66;80;66;76;66;68;77;77
1038.0;285;260;171;174;179;159;68;86;65;75;61;62;77;78
1044.0;285;258;168;176;179;159;64;83;67;74;62;65;79;81
1050.0;284;258;172;173;184;163;66;84;63;69;58;71;76;79
1056.0;284;257;174;171;182;163;70;85;62;68;52;75;80;77
1062.0;287;258;175;170;182;160;78;83;62;66;50;73;81;75
1068.0;283;257;177;170;182;160;76;79;58;68;56;76;82;76
1074.0;284;253;180;169;185;162;76;81;60;67;55;76;78;74
1080.0;281;254;182;174;183;162;81;79;60;65;53;74;78;74
1086.0;281;255;181;170;182;160;85;79;61;65;53;79;76;73
1092.0;283;254;180;171;181;160;82;80;62;67;54;77;77;72
1098.0;284;253;178;168;177;161;84;79;62;69;55;81;78;71
1104.0;284;256;176;168;176;164;84;79;61;70;54;83;78;67
1110.0;282;252;177;168;175;169;87;78;60;71;57;84;77;63
1116.0;281;253;176;172;176;171;89;75;63;69;61;80;73;61
1122.0;280;255;174;170;173;167;88;72;65;72;61;83;76;64
1128.0;279;255;176;168;175;163;85;79;63;71;61;87;77;61
1134.0;283;258;179;164;173;162;80;79;63;71;62;87;77;62
1140.0;282;257;177;162;171;165;82;79;63;71;61;84;76;70
1146.0;281;262;179;163;169;164;81;79;63;70;60;85;74;70
1152.0;283;259;182;165;171;168;76;78;62;70;61;84;76;65
1158.0;284;259;181;166;171;169;73;78;65;71;60;85;74;64
1164.0;278;257;182;170;169;168;75;78;67;72;64;85;73;62
1170.0;276;260;180;167;172;163;80;80;68;69;66;84;71;64
1176.0;279;260;185;164;170;167;81;77;66;67;66;82;70;66
1182.0;284;260;185;165;172;162;82;76;65;70;65;81;69;64
1188.0;284;257;186;167;169;161;81;77;66;73;66;79;68;66
1194.0;282;261;185;171;164;161;79;79;64;70;69;83;68;64
1200.0;283;263;180;174;165;158;83;84;61;66;68;86;69;60
1206.0;287;262;178;170;167;156;79;86;62;67;72;84;66;64
1212.0;288;263;178;171;162;156;74;85;68;69;71;83;66;66
1218.0;287;262;176;167;165;154;77;84;69;66;72;83;70;68
1224.0;290;261;174;165;162;156;79;83;69;71;68;84;70;68
1230.0;290;260;176;162;162;157;79;82;67;71;70;86;70;68
1236.0;290;262;176;163;161;159;78;82;67;71;71;82;73;65
1242.0;287;264;175;165;163;160;70;83;72;73;71;79;72;66
1248.0;285;262;177;160;164;159;68;88;72;78;70;78;70;69
1254.0;283;261;179;167;160;165;60;88;72;75;71;80;69;70
1260.0;282;264;178;166;164;169;60;90;68;75;71;77;69;67
1266.0;284;264;181;166;160;173;60;87;68;78;70;73;66;70
1272.0;280;269;186;163;161;174;59;87;70;76;66;73;68;68
1278.0;279;270;186;167;167;176;61;85;70;76;63;71;65;64
1284.0;273;274;187;167;170;182;60;81;72;76;64;72;60;62
1290.0;273;276;187;163;173;176;65;81;73;75;58;73;62;65
1296.0;271;276;185;163;173;179;67;80;73;77;56;71;64;65
1302.0;267;280;178;163;174;177;68;82;70;79;63;72;65;62
1308.0;266;284;174;167;175;181;70;81;71;78;63;69;63;58
1314.0;266;283;177;167;173;181;71;82;70;78;66;67;61;58
1320.0;264;286;177;168;173;181;71;81;70;79;67;71;56;56
1326.0;262;287;176;169;175;185;66;79;69;81;66;71;61;53
1332.0;263;289;176;172;175;182;69;80;68;81;61;69;57;58
1338.0;264;292;180;170;176;183;69;80;63;81;58;69;56;59
1344.0;265;292;178;168;176;181;68;80;64;80;59;69;60;60
1350.0;264;297;181;170;174;182;67;82;62;75;56;69;61;60
1356.0;263;298;179;167;175;186;68;77;65;72;58;69;64;59
1362.0;263;302;179;167;177;183;70;80;66;72;55;67;62;57
1368.0;263;303;181;167;175;181;74;76;64;74;57;65;62;58
1374.0;264;307;184;162;173;184;72;77;65;73;58;63;61;57
1380.0;264;305;180;160;173;183;76;77;64;76;56;65;64;57
1386.0;263;304;178;156;177;183;77;80;67;77;53;66;64;55
1392.0;264;303;176;159;177;183;76;79;70;76;55;67;65;50
1398.0;265;303;176;160;175;186;73;80;76;76;57;64;62;47
1404.0;268;299;177;162;173;186;72;76;67;79;63;61;67;50
1410.0;266;303;169;159;174;186;76;74;65;78;63;63;68;56
1416.0;268;303;172;159;173;187;73;75;65;75;64;58;71;57
1422.0;270;305;172;160;176;187;74;69;68;72;62;57;70;58
1428.0;270;303;174;162;183;188;76;72;60;72;64;54;67;55
1434.0;271;299;171;161;181;187;77;71;63;73;68;57;65;56
1440.0;269;294;172;161;181;184;79;67;64;75;68;61;67;58
1446.0;270;295;171;164;179;185;80;68;63;73;67;61;71;53
1452.0;271;294;170;165;180;188;82;68;64;71;66;61;67;53
1458.0;270;294;173;166;173;184;83;69;61;73;67;62;67;58
1464.0;271;291;173;169;176;185;80;65;60;72;68;61;69;60
1470.0;266;293;179;169;175;184;80;66;63;73;65;57;68;62
1476.0;267;293;182;169;180;181;78;68;62;70;65;58;66;61
1482.0;268;290;181;169;179;182;78;65;65;70;67;61;68;57
1488.0;271;293;177;167;177;183;79;63;66;73;65;62;65;59
1494.0;270;295;178;163;178;188;81;61;67;71;64;60;64;60
1500.0;268;296;181;164;178;185;79;64;67;71;62;58;65;62
1506.0;269;297;179;166;180;181;76;64;67;73;61;56;63;68
1512.0;268;296;179;166;178;185;79;63;58;76;61;57;64;70
1518.0;272;292;177;168;180;183;72;64;60;77;60;58;64;73
1524.0;272;294;177;170;180;184;68;62;60;73;64;58;64;74
1530.0;270;292;178;166;186;181;68;60;62;74;62;60;66;75
1536.0;271;295;176;165;184;179;70;58;66;70;63;62;67;74
1542.0;265;300;179;168;183;176;69;59;65;72;64;61;66;73
1548.0;264;300;178;166;186;171;65;63;63;73;65;64;72;70
1554.0;262;298;178;163;187;169;70;62;66;78;67;60;72;68
1560.0;262;296;175;164;185;169;68;68;64;81;68;63;70;67
1566.0;260;295;172;162;185;168;66;69;68;85;67;60;74;69
1572.0;260;298;171;159;178;167;66;68;70;87;67;63;77;69
1578.0;263;301;169;160;180;165;64;71;73;80;68;60;77;69
1584.0;262;298;172;161;179;167;65;70;75;77;68;65;76;65
1590.0;262;296;175;161;178;169;66;70;71;78;64;69;74;67
1596.0;265;298;177;158;177;171;67;68;73;78;62;68;75;63
1602.0;266;298;181;158;169;175;67;69;69;78;61;65;77;67
1608.0;268;299;184;163;163;173;72;73;66;77;55;60;78;69
1614.0;268;300;183;163;161;174;70;76;67;80;52;64;73;69
1620.0;267;299;182;160;161;173;73;77;68;82;52;62;75;69
1626.0;266;298;178;159;167;170;75;80;72;80;58;62;69;66
1632.0;267;297;175;163;163;170;76;79;73;76;60;62;73;66
1638.0;266;300;176;168;163;167;73;72;69;81;59;62;76;68
1644.0;267;302;172;167;166;165;74;74;69;80;60;61;77;66
1650.0;267;300;171;170;163;163;76;72;70;79;60;60;82;67
1656.0;268;298;169;172;162;162;77;65;69;85;61;61;82;69
1662.0;271;295;166;170;162;163;76;62;70;87;63;64;84;67
1668.0;263;295;171;171;161;166;79;63;69;83;67;64;82;66
1674.0;264;296;169;171;161;161;79;66;64;83;68;64;86;68
1680.0;267;300;169;170;162;162;77;68;63;80;69;63;83;67
1686.0;273;304;168;169;161;163;77;67;61;78;69;63;79;68
1692.0;275;297;171;168;159;165;78;68;67;78;70;61;76;67
1698.0;272;302;174;172;155;163;78;72;64;76;71;59;76;66
1704.0;276;301;166;170;153;168;75;70;69;78;70;58;78;68
1710.0;278;301;166;172;154;173;74;73;68;84;66;53;73;65
1716.0;282;303;165;172;154;170;73;73;65;85;67;55;73;63
1722.0;281;301;168;175;153;169;76;77;62;83;71;55;72;57
1728.0;280;301;172;176;154;171;69;77;63;80;71;56;71;59
1734.0;283;300;171;173;158;166;68;70;63;82;71;57;78;60
1740.0;278;300;174;170;153;168;74;64;67;81;73;59;76;63
1746.0;278;299;173;172;151;170;72;66;66;80;76;58;75;64
1752.0;281;296;176;173;146;170;70;70;67;80;77;60;73;61
1758.0;283;296;176;179;145;171;67;72;68;79;76;60;72;56
1764.0;288;289;175;178;145;169;68;76;70;76;76;62;73;55
1770.0;281;290;178;179;147;168;64;78;74;77;76;61;71;56
1776.0;282;290;175;181;144;170;60;76;74;83;77;62;71;55
1782.0;286;291;174;187;145;171;61;76;74;79;76;57;68;55
1788.0;286;294;171;191;143;170;63;78;71;77;75;57;66;58
1794.0;283;290;169;194;143;173;66;77;74;73;76;60;65;57
1800.0;290;288;166;194;142;168;70;76;78;74;76;60;61;57
1806.0;287;288;165;190;141;167;71;79;80;76;78;59;66;53
1812.0;286;286;170;193;140;167;71;77;77;76;76;57;69;55
1818.0;283;286;170;194;144;169;71;78;73;76;74;60;67;55
1824.0;287;288;174;190;148;166;65;74;73;75;74;66;65;55
1830.0;287;285;177;193;150;164;65;74;71;79;75;64;63;53
1836.0;285;284;178;194;149;161;68;73;71;81;74;64;62;56
1842.0;280;289;181;195;153;160;64;77;73;76;72;66;59;55
1848.0;281;288;181;199;154;157;64;75;72;76;70;68;59;56
1854.0;284;290;180;199;157;160;63;74;66;78;70;67;58;54
1860.0;281;290;180;201;158;158;64;74;67;80;66;62;63;56
1866.0;281;292;179;197;160;154;67;72;72;80;65;63;63;55
1872.0;281;293;179;194;161;153;67;70;75;78;71;61;61;56
1878.0;283;294;179;196;162;147;64;71;72;79;70;62;63;58
1884.0;281;288;178;194;159;152;64;75;68;81;68;66;68;58
1890.0;281;290;172;190;157;150;62;78;72;80;68;71;67;62
1896.0;284;290;172;189;155;150;60;78;73;81;73;68;67;60
1902.0;284;286;175;187;159;150;60;77;75;81;75;63;66;62
1908.0;283;285;176;186;151;148;61;82;78;83;74;62;68;63
1914.0;289;286;179;186;152;147;57;80;76;82;74;62;67;63
1920.0;287;289;176;187;151;147;61;82;80;78;72;63;65;62
1926.0;287;289;175;181;152;147;65;86;74;75;76;65;65;63
1932.0;285;285;176;179;153;146;69;84;73;80;79;66;65;60
1938.0;288;289;173;181;159;141;73;82;75;71;83;61;61;63
1944.0;286;283;170;180;164;146;72;80;76;71;85;63;62;62
1950.0;289;281;166;175;161;144;78;79;77;73;88;64;61;64
1956.0;290;281;165;176;159;146;78;81;78;75;83;64;62;62
1962.0;288;278;166;176;165;149;75;82;77;77;80;59;67;61
1968.0;286;276;169;180;169;148;80;75;80;74;81;60;64;58
1974.0;285;282;167;178;168;149;77;76;80;76;76;62;65;59
