#auto generated file!
12.0;85;99;91;87;97;82;88;78;87;89;79;79;77;82
18.0;88;101;90;88;99;83;87;79;80;90;76;79;76;84
24.0;92;104;91;89;100;84;83;81;76;87;74;79;77;83
30.0;96;102;93;91;106;82;81;78;79;89;71;75;77;80
36.0;100;104;97;94;107;84;76;76;72;86;74;77;76;77
42.0;101;109;94;99;108;84;75;71;74;87;72;80;73;73
48.0;105;109;95;98;111;83;77;77;74;86;73;76;68;68
54.0;106;109;96;97;113;85;77;79;75;84;74;75;69;61
60.0;107;109;98;98;113;83;74;78;77;88;73;76;67;59
66.0;109;110;102;97;116;86;69;81;75;84;75;76;62;58
72.0;110;116;102;100;115;86;68;81;73;85;73;73;62;56
78.0;112;117;106;101;115;85;68;79;73;86;74;71;58;55
84.0;114;119;108;102;114;87;68;80;73;81;73;67;59;55
90.0;115;118;110;106;113;86;71;83;72;79;72;66;55;54
96.0;114;120;113;107;111;86;67;82;68;79;77;68;57;51
102.0;115;123;115;107;114;88;68;81;71;78;72;65;56;47
108.0;114;127;116;106;112;86;68;80;72;76;68;68;57;50
114.0;116;128;116;107;113;86;68;75;77;74;65;66;58;51
120.0;121;128;116;109;112;82;63;75;79;80;65;66;58;46
126.0;122;129;118;113;113;83;63;73;78;81;67;63;55;42
132.0;124;129;118;116;113;83;64;72;76;80;68;64;51;42
138.0;126;132;117;119;114;83;69;69;74;78;63;61;53;42
144.0;127;134;121;119;117;83;62;66;77;73;64;63;51;43
150.0;129;136;122;116;117;87;58;66;76;71;67;65;48;42
156.0;132;138;121;111;119;85;56;64;80;67;69;64;49;45
162.0;132;139;120;111;119;83;52;64;81;66;70;65;50;48
168.0;130;141;119;112;119;83;52;62;82;65;71;66;51;47
174.0;132;146;119;112;119;84;47;64;83;63;67;66;51;47
180.0;135;148;122;114;121;82;45;63;80;66;67;61;50;46
186.0;135;150;121;114;119;79;47;62;83;62;69;60;50;49
192.0;136;151;119;117;115;81;45;63;85;60;63;64;47;54
198.0;139;155;121;117;113;80;46;59;91;56;60;66;44;53
204.0;140;160;119;113;112;80;48;58;90;55;62;68;42;53
210.0;140;162;120;111;111;88;45;60;88;55;57;67;44;52
216.0;138;159;122;113;110;90;48;58;89;57;57;67;42;50
222.0;139;159;121;115;110;92;47;60;88;58;54;65;41;51
228.0;140;158;121;115;109;93;49;62;89;58;57;62;41;46
234.0;146;160;117;117;105;94;51;64;89;60;51;61;41;44
240.0;146;161;114;117;106;96;53;65;84;58;48;65;42;45
246.0;146;160;112;119;109;95;53;63;85;59;51;60;42;46
252.0;146;160;110;121;109;100;52;66;82;60;49;56;42;47
258.0;148;157;113;117;108;101;49;71;80;59;47;56;45;49
264.0;147;155;111;120;113;102;50;67;80;62;47;53;47;46
270.0;146;158;110;119;116;104;48;66;81;62;48;52;42;48
276.0;147;157;113;117;115;104;50;62;84;59;51;49;43;49
282.0;151;159;113;117;114;105;52;62;83;60;52;46;39;47
288.0;155;155;112;118;112;106;53;62;81;61;55;46;37;47
294.0;156;156;115;119;112;106;54;60;80;59;54;46;35;48
300.0;156;157;117;121;112;104;55;58;77;55;55;50;35;48
306.0;158;162;118;124;112;104;57;54;70;53;56;47;36;49
312.0;158;163;120;127;110;103;59;57;67;51;55;47;35;48
318.0;157;163;121;127;113;100;57;55;68;51;57;49;33;49
324.0;155;162;127;128;115;101;55;53;67;50;57;51;34;45
330.0;155;163;128;126;112;103;55;52;71;50;53;51;36;45
336.0;155;164;126;127;112;100;57;54;71;49;56;48;34;47
342.0;155;163;123;131;111;102;56;54;70;48;53;51;36;47
348.0;155;163;120;133;113;102;52;55;66;51;55;51;36;48
354.0;156;167;122;132;112;99;51;53;67;49;57;51;36;48
360.0;156;169;124;134;106;98;52;50;69;48;52;57;38;47
366.0;157;171;120;136;107;96;54;48;64;47;53;57;44;46
372.0;155;172;120;136;107;98;51;53;67;49;53;54;40;45
378.0;155;170;121;134;107;101;52;52;71;51;48;53;39;46
384.0;154;167;118;133;105;104;54;51;69;53;49;55;42;46
390.0;154;171;120;129;110;104;54;48;68;54;46;58;43;41
396.0;155;172;122;127;107;109;57;46;65;53;45;56;42;44
402.0;154;167;122;125;106;109;59;46;66;52;49;54;44;47
408.0;153;167;124;127;105;111;62;43;62;53;46;53;47;47
414.0;152;167;120;127;104;109;60;50;62;55;46;49;47;52
420.0;150;167;118;126;103;109;61;52;63;57;45;48;47;54
426.0;148;172;120;127;103;110;58;52;60;57;41;49;50;53
432.0;151;172;119;125;103;110;55;53;63;56;40;49;51;53
438.0;153;171;117;127;101;110;55;56;62;55;41;49;52;51
444.0;153;172;117;130;105;107;56;54;61;53;41;49;50;52
450.0;154;168;119;127;107;106;56;57;63;51;40;47;51;54
456.0;154;167;116;123;108;107;58;55;61;53;41;49;52;56
462.0;152;167;114;126;106;108;58;56;59;52;42;48;54;58
468.0;155;167;112;127;102;109;58;54;59;53;43;47;54;60
474.0;159;167;108;128;101;108;59;53;57;53;48;47;51;61
480.0;159;170;104;126;104;104;59;53;56;50;51;52;51;61
486.0;160;173;105;120;104;104;57;53;55;48;46;58;55;62
492.0;158;172;103;119;103;107;56;51;54;47;48;59;60;63
498.0;158;174;107;119;105;106;56;49;56;44;47;56;63;60
504.0;156;172;106;118;107;104;54;50;56;43;51;56;66;61
510.0;154;173;110;118;105;103;54;52;57;43;50;57;61;63
516.0;150;175;109;116;107;103;54;51;57;43;50;54;63;68
522.0;151;173;109;117;108;103;56;51;57;41;50;54;65;65
528.0;148;172;111;117;109;102;53;55;59;47;48;52;63;64
534.0;149;172;111;118;109;105;49;55;59;53;45;52;61;62
540.0;147;173;114;119;111;102;51;59;59;53;41;52;60;59
546.0;149;172;112;121;112;108;50;55;61;52;41;49;60;58
552.0;149;176;110;119;113;107;51;54;59;56;41;50;59;56
558.0;151;179;109;118;113;108;53;54;59;58;41;47;54;56
564.0;153;179;108;119;112;108;53;56;55;55;40;45;58;59
570.0;151;177;108;120;111;107;51;58;58;55;37;46;62;59
576.0;149;179;111;119;111;108;47;59;59;56;37;47;60;58
582.0;152;179;112;121;111;108;45;52;58;53;39;48;63;59
588.0;150;177;110;125;109;108;46;48;56;55;43;50;66;57
594.0;149;174;111;124;108;109;43;50;60;52;47;47;68;58
600.0;149;176;112;126;110;109;45;47;57;52;50;47;66;54
606.0;143;177;111;123;110;114;43;48;58;54;51;51;66;51
612.0;141;183;111;120;106;112;44;48;61;50;50;56;65;53
618.0;140;181;112;120;103;111;42;46;62;53;54;58;63;55
624.0;138;182;116;121;101;108;42;47;61;53;56;58;62;55
630.0;139;182;116;121;103;104;42;49;62;50;56;57;63;56
636.0;137;182;120;121;100;106;48;48;61;52;51;58;62;54
642.0;140;181;120;122;103;107;46;47;62;48;52;58;60;54
648.0;140;182;119;121;106;108;41;54;58;44;51;58;63;55
654.0;141;186;119;119;107;110;43;53;60;42;51;57;61;51
660.0;145;189;118;117;107;105;44;50;59;44;48;60;64;50
666.0;148;190;119;116;108;107;44;48;58;40;44;60;67;51
672.0;146;187;117;119;110;109;41;48;61;36;45;61;69;51
678.0;147;185;117;123;110;110;41;47;62;36;41;60;70;51
684.0;149;186;116;123;110;108;39;49;64;35;40;59;70;52
690.0;148;188;115;125;114;108;37;49;59;34;43;60;70;50
696.0;148;186;114;125;118;112;37;46;56;32;43;61;72;50
702.0;146;187;114;124;117;114;35;47;55;33;47;61;71;49
708.0;145;189;111;125;112;115;34;52;53;33;48;63;68;52
714.0;144;189;112;126;116;112;33;51;52;34;47;65;68;51
720.0;141;190;110;125;118;111;31;57;51;36;50;63;66;51
726.0;139;189;109;123;117;113;33;58;52;36;50;66;64;51
732.0;140;190;111;119;116;113;33;56;49;40;52;66;66;49
738.0;141;191;111;119;117;113;38;55;50;39;50;66;61;49
744.0;142;193;107;121;115;112;40;54;47;40;52;66;60;51
750.0;143;196;110;119;114;114;40;54;48;41;51;67;58;45
756.0;149;198;109;117;114;117;37;51;49;42;47;66;59;45
762.0;146;196;111;117;114;120;39;53;48;40;44;66;59;47
768.0;148;194;110;115;112;121;39;52;48;41;47;67;61;45
774.0;147;195;109;110;113;121;39;51;50;44;48;68;62;43
780.0;145;199;106;109;112;123;36;49;49;45;48;71;61;47
786.0;150;198;105;108;110;122;37;48;49;46;47;73;59;48
792.0;149;201;104;107;112;118;41;49;48;50;47;69;57;48
798.0;150;197;106;111;113;114;42;51;45;54;47;68;55;47
804.0;149;202;109;112;114;113;42;52;45;50;47;65;52;48
810.0;152;201;106;112;114;111;41;52;46;50;48;64;54;49
816.0;150;204;113;111;111;112;38;54;48;48;48;64;51;48
822.0;150;205;114;113;110;111;39;54;49;49;46;62;50;48
828.0;150;204;116;113;108;112;38;50;49;49;45;66;51;49
834.0;148;203;115;113;108;115;40;51;48;51;45;64;51;48
840.0;147;203;113;117;108;115;41;53;49;52;46;62;47;47
846.0;151;198;119;116;107;113;44;54;49;52;45;58;48;46
852.0;154;200;119;117;105;114;46;50;51;51;44;57;50;42
858.0;154;198;116;119;99;112;52;49;49;55;44;60;52;41
864.0;155;197;119;118;98;113;50;49;50;55;43;58;55;40
870.0;155;194;122;118;97;111;46;50;50;54;42;63;59;39
876.0;157;199;124;113;101;114;45;47;49;53;43;61;57;37
882.0;158;199;127;113;102;117;46;46;43;52;44;56;55;42
888.0;156;201;130;112;104;117;48;49;39;50;43;56;53;42
894.0;158;199;126;110;108;116;49;47;39;51;46;55;53;43
900.0;158;200;129;112;107;115;47;44;39;51;46;53;54;45
906.0;159;198;127;114;108;115;48;43;40;51;45;53;55;44
912.0;160;198;128;113;107;117;51;40;42;50;46;54;51;43
918.0;162;200;131;111;106;117;52;40;45;46;47;50;52;41
924.0;159;203;132;110;104;122;51;40;45;50;45;48;49;42
930.0;160;200;134;108;105;119;52;38;48;52;45;46;51;42
936.0;155;202;136;110;106;117;52;39;46;54;48;46;49;40
942.0;152;203;134;108;101;116;52;43;45;58;48;49;50;41
948.0;155;204;134;108;104;115;53;42;44;59;47;49;44;42
954.0;153;203;135;106;103;115;53;40;47;62;52;47;45;39
960.0;154;203;139;107;101;113;49;40;48;62;52;50;43;39
966.0;156;202;138;109;106;114;50;38;46;61;52;48;42;38
972.0;157;201;137;110;108;114;48;40;46;61;54;43;42;39
978.0;158;198;138;110;107;114;51;40;46;65;50;39;44;40
984.0;159;201;136;110;106;115;54;40;45;64;52;39;41;38
990.0;158;205;136;110;107;115;51;39;44;66;49;38;38;44
996.0;159;203;132;110;107;119;52;40;44;63;50;37;39;45
1002.0;160;202;131;111;105;121;52;39;44;65;52;37;38;43
1008.0;163;203;131;108;104;120;53;42;45;64;49;37;38;43
1014.0;167;200;130;110;103;117;51;38;44;63;51;39;40;47
1020.0;164;199;129;111;104;117;53;39;42;63;49;38;43;49
1026.0;164;199;130;110;103;116;55;38;45;59;49;40;41;51
1032.0;163;199;132;111;106;112;51;37;45;60;48;44;43;49
1038.0;161;199;130;110;107;115;50;39;48;59;48;43;45;46
1044.0;164;199;128;109;106;112;51;40;47;59;49;45;46;45
1050.0;162;197;125;111;106;109;53;39;49;60;51;45;45;48
1056.0;162;202;127;107;106;110;49;41;47;60;49;46;44;50
1062.0;162;202;129;103;111;108;50;38;49;64;49;44;39;52
1068.0;163;199;130;101;109;105;50;41;50;62;49;45;38;58
1074.0;160;200;130;103;111;104;52;41;49;63;47;45;39;56
1080.0;163;201;128;102;115;102;47;43;53;65;44;45;38;54
1086.0;165;198;127;102;114;104;45;46;54;63;42;46;39;55
1092.0;164;200;127;101;113;99;43;45;54;66;47;46;40;55
1098.0;166;200;126;100;116;100;41;44;54;62;48;49;40;54
1104.0;165;197;128;99;114;99;44;48;52;60;50;49;42;53
1110.0;164;195;129;101;113;103;45;46;52;60;50;50;44;48
1116.0;169;194;131;100;115;100;44;45;52;60;49;49;44;48
1122.0;171;194;131;98;114;99;41;44;55;63;49;48;44;49
1128.0;170;196;130;96;116;100;41;46;53;64;48;48;46;46
1134.0;172;194;127;98;116;99;43;45;53;68;48;47;44;46
1140.0;174;192;126;98;115;103;43;43;55;65;44;46;49;47
1146.0;177;192;127;100;116;102;46;42;52;64;42;43;49;48
1152.0;177;192;125;104;118;100;47;40;51;64;44;43;46;49
1158.0;174;191;126;107;118;98;48;41;53;64;44;44;44;48
1164.0;173;186;125;105;118;100;48;40;54;65;46;47;46;47
1170.0;176;186;128;101;117;100;48;43;49;62;48;49;46;47
1176.0;179;187;128;103;114;100;47;39;47;61;51;53;45;46
1182.0;178;185;133;104;112;103;50;40;43;58;51;53;45;45
1188.0;177;187;129;105;112;105;47;39;43;58;51;55;45;47
1194.0;179;190;131;107;108;104;46;39;45;59;49;53;44;46
1200.0;179;190;131;106;110;105;43;40;44;61;49;52;42;48
1206.0;180;194;131;103;110;103;43;38;43;61;50;54;43;47
1212.0;180;196;128;104;105;108;45;39;46;57;51;52;41;48
1218.0;181;197;127;100;107;110;42;39;46;58;49;53;42;49
1224.0;178;198;129;104;106;109;43;38;43;58;53;48;43;50
1230.0;179;199;130;102;107;112;43;37;43;56;52;50;41;49
1236.0;178;200;131;104;108;110;44;34;43;55;52;52;40;49
1242.0;178;201;131;103;110;113;44;34;43;56;46;52;41;48
1248.0;179;202;132;104;108;111;43;32;43;56;49;48;43;50
1254.0;180;202;129;101;107;110;41;32;42;57;47;53;47;52
1260.0;180;202;133;100;108;109;39;30;42;59;47;52;48;51
1266.0;183;201;135;101;109;109;43;30;44;58;46;48;43;50
1272.0;177;199;137;104;110;109;41;31;41;59;51;43;47;51
1278.0;175;200;138;101;109;111;38;33;42;57;54;43;46;53
1284.0;177;200;132;103;113;111;38;32;44;59;53;42;45;51
1290.0;178;199;133;105;111;110;37;33;42;59;52;39;47;55
1296.0;177;204;131;107;110;111;36;35;40;56;50;43;45;55
1302.0;173;207;136;109;108;113;35;36;40;56;48;40;44;55
1308.0;172;203;136;110;108;114;39;35;39;59;46;39;44;56
1314.0;173;203;136;107;107;114;36;37;39;59;45;40;48;56
1320.0;171;204;134;109;110;111;36;38;41;56;39;42;46;63
1326.0;169;201;135;107;110;116;37;39;42;53;42;44;47;58
1332.0;174;196;137;106;110;120;37;38;40;53;43;42;50;54
1338.0;176;192;139;107;111;118;39;38;40;53;44;41;49;53
1344.0;174;195;141;108;115;115;42;41;38;46;40;41;50;54
1350.0;177;196;141;110;117;108;40;44;37;47;40;40;50;53
1356.0;176;192;138;112;115;109;39;43;39;51;40;40;50;56
1362.0;177;194;137;113;117;108;43;43;38;49;41;39;49;52
1368.0;176;192;134;111;116;111;46;45;39;47;43;38;51;51
1374.0;178;192;135;107;118;112;48;40;40;50;44;37;46;53
1380.0;178;192;134;107;118;112;44;42;41;45;44;39;48;56
1386.0;179;194;132;108;116;112;44;42;41;45;41;41;49;56
1392.0;178;191;133;107;113;111;44;45;43;45;44;42;48;56
1398.0;180;194;133;105;112;111;44;47;42;45;42;40;46;59
1404.0;181;197;133;108;113;106;42;46;39;44;41;42;49;59
1410.0;181;198;133;112;109;109;40;46;38;47;41;42;49;55
1416.0;181;198;134;114;108;109;39;44;39;45;42;41;50;56
1422.0;179;197;135;114;105;113;41;47;42;44;44;39;50;50
1428.0;178;193;134;117;108;110;44;45;47;44;42;37;50;51
1434.0;176;190;131;118;106;110;42;50;45;46;43;40;52;51
1440.0;176;194;131;117;104;110;43;50;45;46;46;41;48;49
1446.0;173;193;131;117;105;115;44;49;46;46;46;43;46;46
1452.0;176;194;131;116;105;114;46;49;45;45;44;44;46;45
1458.0;179;196;130;114;106;113;47;46;47;49;40;43;46;44
1464.0;180;196;132;119;107;112;46;48;41;46;40;41;49;43
1470.0;186;194;133;116;107;109;49;48;40;44;40;41;49;44
1476.0;188;193;130;116;111;112;47;46;42;42;39;41;51;42
1482.0;190;193;129;114;111;114;48;47;39;40;38;43;52;42
1488.0;188;195;128;115;111;116;50;49;41;40;36;44;51;36
1494.0;190;196;126;116;111;115;48;48;42;41;36;44;52;35
1500.0;189;195;124;119;111;116;47;51;41;41;38;43;51;34
1506.0;188;198;126;116;113;115;49;49;39;38;39;41;53;36
1512.0;187;199;127;118;112;114;49;51;39;37;40;42;48;37
1518.0;184;199;130;117;116;113;48;55;34;36;41;45;45;37
1524.0;183;195;130;116;114;112;52;55;32;39;41;45;49;37
1530.0;182;194;132;115;116;112;52;52;30;45;39;45;49;37
1536.0;182;194;131;115;119;110;49;53;30;45;44;44;45;39
1542.0;179;195;130;112;119;110;53;52;33;45;45;43;44;40
1548.0;182;191;131;111;117;109;53;53;35;47;47;43;41;40
1554.0;180;191;134;112;115;109;52;53;36;48;46;42;42;40
1560.0;185;187;138;110;115;111;55;57;34;46;44;40;41;37
1566.0;187;186;135;110;117;114;52;55;33;45;46;40;40;40
1572.0;186;189;132;109;119;116;50;57;34;41;48;40;38;41
1578.0;187;191;130;112;116;113;52;54;38;39;51;43;37;37
1584.0;183;194;130;111;118;113;48;56;36;40;48;45;39;39
1590.0;185;191;128;110;117;114;49;57;39;40;51;45;37;37
1596.0;187;189;131;111;114;114;47;55;40;40;54;46;39;33
1602.0;190;188;129;108;114;113;48;58;40;41;54;47;37;33
1608.0;191;185;128;110;112;114;45;58;42;42;52;49;35;37
1614.0;186;185;130;109;113;116;46;57;42;45;52;46;36;37
1620.0;187;186;128;112;110;116;47;58;42;45;52;47;34;36
1626.0;188;189;124;111;110;112;46;58;40;45;54;47;40;36
1632.0;188;192;124;111;113;111;45;57;37;44;59;45;39;35
1638.0;187;194;128;110;109;114;45;54;38;43;56;44;42;36
1644.0;186;194;130;109;106;114;46;55;37;43;56;44;45;35
1650.0;186;191;130;110;104;114;43;58;40;42;53;45;49;35
1656.0;186;192;127;112;104;115;43;57;43;42;51;47;46;35
1662.0;186;191;128;114;100;112;45;58;44;41;49;47;46;39
1668.0;188;191;129;114;103;109;43;59;41;42;50;43;46;42
1674.0;188;186;127;118;102;108;43;56;41;46;51;44;47;43
1680.0;191;184;130;119;102;106;45;56;40;46;50;45;44;42
1686.0;194;190;127;117;106;108;42;56;36;45;46;47;45;41
1692.0;196;191;128;115;110;107;40;55;38;43;50;46;45;36
1698.0;195;192;129;112;112;106;42;54;38;44;48;50;44;34
1704.0;195;189;126;116;112;105;42;50;42;44;47;52;44;36
1710.0;195;189;126;114;111;106;37;49;40;44;50;55;48;36
1716.0;196;190;128;114;111;109;36;50;35;40;47;55;49;40
1722.0;197;189;125;115;108;117;37;51;35;38;44;55;49;40
1728.0;198;189;127;115;104;121;35;49;37;39;43;55;51;37
1734.0;199;190;127;112;105;119;34;51;38;41;38;58;53;35
1740.0;200;192;127;111;103;116;36;52;38;44;38;56;55;32
1746.0;199;194;125;110;102;122;34;52;38;43;40;54;54;33
1752.0;200;197;126;110;104;124;31;50;38;40;42;51;54;33
1758.0;197;200;127;107;108;123;30;51;36;39;42;52;54;34
1764.0;194;200;123;104;109;121;32;52;37;38;45;55;54;36
1770.0;197;200;121;104;109;122;33;53;37;37;46;51;52;38
1776.0;196;202;121;103;109;121;34;54;39;37;46;50;51;37
1782.0;197;201;119;106;110;119;34;51;39;36;50;52;49;37
1788.0;198;198;119;104;111;121;38;52;37;38;48;51;50;35
1794.0;199;198;121;105;111;122;37;51;34;39;46;53;49;35
1800.0;196;197;122;107;110;124;39;50;34;39;46;51;50;35
1806.0;196;196;122;108;110;122;39;52;38;40;43;51;48;35
1812.0;196;192;124;105;110;122;41;48;42;37;43;54;48;38
1818.0;196;190;122;103;115;125;43;47;43;39;38;55;46;38
1824.0;200;190;121;102;115;123;45;45;44;40;34;57;44;40
1830.0;198;190;121;101;116;123;46;46;45;40;33;58;43;40
1836.0;200;189;120;102;111;126;44;44;48;43;33;56;44;40
1842.0;200;191;120;101;112;125;43;41;53;42;33;56;43;40
1848.0;201;190;118;102;116;125;42;43;51;43;34;54;44;37
1854.0;200;191;113;100;115;126;43;43;51;45;35;53;45;40
1860.0;201;190;115;100;114;127;43;40;52;45;34;56;41;42
1866.0;203;192;113;103;112;127;44;40;52;46;32;56;37;43
1872.0;202;192;112;101;111;129;47;44;50;45;32;55;35;45
1878.0;204;192;109;100;110;129;47;46;48;42;33;53;40;47
1884.0;205;194;109;97;110;129;51;51;46;42;32;50;39;45
1890.0;203;193;109;97;108;127;51;50;48;42;32;52;41;47
1896.0;202;192;113;97;106;125;50;53;49;43;34;53;42;41
1902.0;200;189;115;101;106;130;47;53;52;42;32;49;41;43
1908.0;202;187;117;100;108;128;46;54;49;39;35;49;42;44
1914.0;200;185;120;101;107;125;49;52;47;42;39;46;45;42
1920.0;197;187;119;102;110;124;50;51;45;41;42;45;45;42
1926.0;196;189;118;104;110;126;47;52;51;38;44;39;44;42
1932.0;198;190;120;107;110;118;45;53;50;37;44;41;42;45
1938.0;196;190;118;110;109;120;48;51;52;35;45;38;41;47
1944.0;196;191;119;111;105;120;48;50;53;35;45;39;40;48
1950.0;193;191;120;114;106;123;47;49;53;34;44;40;42;44
1956.0;193;193;119;115;109;122;49;49;52;31;42;40;42;44
1962.0;195;191;120;113;108;120;45;50;56;31;43;40;44;44
1968.0;194;192;123;110;107;119;43;49;58;31;43;42;44;45
1974.0;195;190;122;109;107;117;43;49;58;35;44;42;43;46
