#auto generated file!
12.0;138;136;124;117;113;151;107;114;141;130;135;142;119;133
18.0;144;141;125;115;121;154;103;110;136;126;131;145;116;133
24.0;147;145;125;118;121;160;104;106;132;124;124;145;117;132
30.0;150;148;129;121;120;159;101;100;132;126;128;142;117;127
36.0;152;151;131;124;122;164;101;96;127;121;126;141;121;123
42.0;153;155;133;124;129;163;101;97;128;120;120;142;117;118
48.0;155;159;140;126;129;167;101;96;119;115;121;138;121;113
54.0;164;159;138;127;133;167;100;93;121;116;113;132;125;112
60.0;168;160;143;128;131;169;105;91;122;109;113;131;121;109
66.0;169;164;143;130;134;174;103;92;112;107;112;128;124;108
72.0;169;168;144;133;140;173;101;90;110;109;114;123;116;110
78.0;176;170;141;138;144;177;98;86;108;104;106;122;116;114
84.0;180;173;140;133;149;181;98;86;102;105;103;120;120;110
90.0;184;173;140;132;151;183;100;81;101;100;103;119;123;110
96.0;192;173;145;130;149;179;101;76;102;99;106;120;121;107
102.0;194;172;143;133;147;181;100;75;105;93;103;121;125;108
108.0;196;173;143;129;149;181;99;75;104;95;101;118;129;108
114.0;194;175;147;130;148;182;98;77;98;92;100;121;131;107
120.0;193;181;149;135;147;182;95;79;96;91;100;121;124;107
126.0;195;184;152;130;148;181;97;74;96;93;100;121;121;108
132.0;197;183;154;129;148;181;90;80;99;90;101;121;122;105
138.0;201;185;161;129;154;181;87;78;99;81;98;119;124;103
144.0;202;187;159;128;160;181;85;80;93;82;98;118;124;103
150.0;201;189;161;130;166;180;85;78;91;81;100;116;120;102
156.0;204;190;165;128;166;184;85;80;88;77;99;110;121;103
162.0;208;196;168;127;166;185;84;76;87;75;105;106;123;94
168.0;213;198;168;125;165;187;78;77;86;76;104;106;121;96
174.0;216;202;169;127;163;189;78;79;84;78;99;106;119;91
180.0;216;206;167;124;165;191;80;79;85;77;100;100;116;94
186.0;220;209;168;125;168;195;78;80;85;77;96;97;115;87
192.0;223;215;167;128;169;191;76;80;83;79;93;102;110;84
198.0;224;214;168;126;169;187;80;81;81;81;93;103;111;82
204.0;232;211;167;129;168;182;78;83;83;78;92;102;111;84
210.0;233;212;170;134;168;182;76;82;76;76;94;101;109;87
216.0;235;214;176;136;169;181;75;82;74;76;97;96;105;84
222.0;237;214;177;136;166;181;77;83;78;73;99;91;103;85
228.0;237;214;178;134;166;177;78;87;79;73;100;89;102;86
234.0;234;211;178;133;167;184;80;83;78;74;98;89;101;90
240.0;237;212;174;133;169;182;79;80;82;76;96;88;100;92
246.0;238;211;174;135;173;186;78;77;79;78;94;86;104;87
252.0;244;211;173;132;172;190;77;77;76;82;93;82;101;90
258.0;247;214;174;137;171;191;78;77;76;78;96;75;101;85
264.0;250;215;176;139;173;190;76;75;77;83;95;73;97;81
270.0;248;216;180;140;174;192;77;78;74;81;93;77;94;76
276.0;245;212;185;145;174;191;74;81;73;79;98;73;94;76
282.0;245;212;186;149;172;192;81;79;67;77;101;69;92;78
288.0;245;213;185;149;173;197;81;76;65;73;98;72;93;80
294.0;244;215;185;145;173;197;81;75;67;77;93;78;93;77
300.0;244;220;185;148;174;199;85;74;72;70;91;78;87;73
306.0;246;219;188;145;176;199;81;76;70;75;96;74;81;74
312.0;243;220;187;148;179;197;81;79;68;75;98;72;80;73
318.0;241;222;189;147;179;197;83;76;67;76;101;74;79;69
324.0;246;223;194;146;180;194;85;75;67;71;94;76;79;70
330.0;248;227;195;150;178;190;79;78;67;74;94;76;76;68
336.0;246;226;194;153;177;188;78;79;75;70;93;75;73;73
342.0;251;228;201;153;175;185;80;80;74;72;90;75;68;68
348.0;249;230;199;153;175;187;83;79;75;73;85;77;65;70
354.0;251;232;198;155;176;185;77;81;73;74;84;75;67;72
360.0;253;230;198;156;179;186;71;82;71;74;82;76;70;72
366.0;251;237;195;157;176;185;69;84;75;75;82;72;70;72
372.0;253;240;196;155;177;185;72;82;71;73;84;72;68;72
378.0;256;242;196;155;178;186;71;79;67;71;85;71;67;76
384.0;257;240;196;156;178;183;72;78;65;73;82;75;69;76
390.0;256;242;197;159;179;183;71;77;68;73;79;76;71;69
396.0;259;243;195;157;177;183;75;74;71;74;75;75;74;68
402.0;259;243;192;154;179;178;81;72;72;73;78;72;77;70
408.0;258;245;194;156;178;174;82;74;72;73;79;71;73;71
414.0;260;242;189;161;174;177;86;76;68;70;77;71;77;72
420.0;260;244;192;159;171;179;86;74;67;69;80;73;76;70
426.0;259;248;193;161;169;178;87;69;67;70;79;76;72;72
432.0;263;246;192;158;169;183;85;66;67;72;77;76;71;75
438.0;264;246;195;158;167;185;82;64;65;75;77;75;74;73
444.0;263;246;195;160;172;182;81;67;68;72;78;71;70;75
450.0;266;245;198;161;174;178;83;71;67;72;75;71;66;73
456.0;268;246;201;161;174;177;83;70;69;68;76;69;64;74
462.0;266;245;200;159;177;179;84;73;67;70;74;70;62;74
468.0;268;244;204;160;176;178;81;74;67;68;73;71;64;72
474.0;267;244;208;161;179;171;82;74;66;68;68;70;67;75
480.0;270;243;208;163;179;170;78;75;67;66;67;69;71;74
486.0;269;243;206;163;176;169;78;74;67;64;69;73;72;77
492.0;270;240;209;162;174;176;78;71;66;66;70;75;64;79
498.0;271;242;207;162;174;173;80;72;67;66;68;75;63;80
504.0;268;243;205;163;177;170;79;73;69;66;64;75;66;82
510.0;269;239;200;160;177;169;79;71;72;67;69;75;67;86
516.0;265;235;201;165;177;170;81;73;73;68;65;76;67;84
522.0;266;239;202;161;176;171;80;69;74;67;64;80;69;82
528.0;261;238;200;162;181;175;80;70;73;64;63;80;71;82
534.0;259;239;198;164;180;175;80;70;75;67;61;79;70;83
540.0;262;240;197;164;180;171;81;72;75;69;63;82;68;76
546.0;261;239;198;166;180;169;79;72;76;74;64;79;72;71
552.0;263;239;197;165;183;169;76;74;75;75;67;79;71;67
558.0;263;236;197;165;177;169;73;78;74;77;71;83;70;67
564.0;263;237;195;164;177;167;75;79;73;77;73;83;69;68
570.0;265;236;197;161;180;166;78;82;73;73;68;83;69;69
576.0;264;238;200;156;182;166;75;81;75;73;66;84;71;69
582.0;264;241;197;158;180;166;76;82;78;72;67;81;66;72
588.0;262;241;198;157;179;168;72;81;81;71;66;86;67;71
594.0;266;240;198;157;182;164;75;77;87;68;68;85;64;69
600.0;264;244;197;162;181;169;75;73;86;69;67;83;59;71
606.0;258;238;198;165;179;166;77;72;87;66;73;86;65;70
612.0;260;242;197;163;182;161;79;73;84;64;76;86;63;70
618.0;262;242;196;161;188;159;78;72;84;65;74;86;63;70
624.0;257;240;194;160;187;159;78;73;85;65;75;87;64;76
630.0;257;242;192;162;184;159;76;76;89;69;79;79;62;74
636.0;255;242;191;161;185;162;71;72;92;71;78;84;60;76
642.0;251;244;195;161;182;160;74;76;91;70;77;83;60;76
648.0;250;240;198;159;183;162;73;76;90;71;74;87;64;73
654.0;250;237;196;161;188;162;67;77;89;71;77;87;65;73
660.0;246;239;194;161;185;165;69;77;92;69;74;89;63;77
666.0;247;235;193;163;182;168;68;79;93;70;74;89;63;76
672.0;248;236;194;161;181;167;67;80;97;68;72;84;69;76
678.0;249;236;198;159;181;171;68;78;96;67;73;82;68;74
684.0;251;240;195;158;182;172;68;77;94;65;74;81;72;71
690.0;255;243;196;155;185;170;67;76;94;66;72;81;72;68
696.0;260;244;194;153;183;169;72;81;91;65;72;82;67;67
702.0;257;249;195;155;182;168;72;82;93;61;72;78;69;67
708.0;260;251;198;157;177;166;69;82;96;60;71;78;68;67
714.0;260;254;195;158;180;165;67;82;94;63;73;78;68;63
720.0;261;253;194;161;178;167;70;80;94;60;66;83;70;63
726.0;258;251;194;159;176;171;72;83;92;59;67;82;73;63
732.0;259;260;193;160;176;169;77;77;91;60;63;80;71;64
738.0;260;257;196;157;175;173;81;76;90;58;60;79;72;66
744.0;259;250;197;161;178;175;82;77;85;59;60;78;72;67
750.0;261;253;195;160;180;173;76;78;86;59;60;81;71;67
756.0;261;259;195;160;175;171;77;79;81;62;56;84;73;67
762.0;263;260;195;163;175;171;76;80;82;56;58;79;72;70
768.0;264;260;197;160;171;171;72;84;83;60;57;78;72;71
774.0;260;262;200;162;168;171;75;82;84;62;61;71;69;73
780.0;258;260;199;161;168;167;78;82;81;64;61;70;76;75
786.0;258;264;194;158;166;166;81;80;84;68;63;73;73;72
792.0;264;263;195;157;164;166;78;78;85;69;63;75;71;72
798.0;258;261;194;155;166;166;81;81;82;69;63;77;73;74
804.0;256;261;190;158;168;165;82;78;79;70;65;79;74;75
810.0;251;263;187;159;167;161;81;83;78;74;69;81;74;72
816.0;252;266;185;156;164;162;78;83;78;79;70;80;74;73
822.0;254;266;183;156;165;162;76;85;74;81;69;76;77;76
828.0;253;270;182;158;162;161;74;82;73;83;75;74;75;78
834.0;249;270;184;159;161;162;77;83;69;84;75;75;70;82
840.0;255;268;184;155;165;163;78;83;69;85;76;70;67;82
846.0;257;266;186;152;163;164;82;82;69;84;75;74;65;81
852.0;258;268;183;157;164;166;82;84;68;80;71;75;66;78
858.0;254;267;185;157;167;166;80;82;69;81;67;76;71;78
864.0;254;270;184;157;167;165;82;82;66;82;68;73;70;80
870.0;252;270;189;160;168;166;79;76;66;79;71;72;67;85
876.0;258;271;187;160;166;167;79;74;68;79;72;70;66;83
882.0;259;269;185;155;164;171;79;71;71;81;75;70;68;82
888.0;260;270;188;159;164;171;77;71;68;83;68;68;69;84
894.0;258;273;187;155;164;172;76;75;71;84;69;70;66;80
900.0;258;274;193;149;163;174;74;76;71;84;67;69;69;79
906.0;258;272;192;147;163;173;74;76;73;85;68;66;72;81
912.0;260;273;195;149;162;174;74;75;71;87;67;68;71;74
918.0;259;274;197;150;163;176;74;74;68;85;70;68;71;71
924.0;251;273;197;149;165;176;71;77;65;88;78;69;73;68
930.0;253;274;193;146;162;174;70;80;65;90;81;71;71;70
936.0;254;270;190;142;164;177;70;78;64;89;82;73;73;74
942.0;255;268;194;141;165;181;71;76;66;83;81;76;71;72
948.0;261;259;195;144;166;180;68;76;69;79;80;76;67;80
954.0;262;260;191;144;165;182;70;74;71;76;76;81;65;83
960.0;263;261;192;142;166;185;69;71;70;78;77;78;65;83
966.0;263;256;197;143;164;185;70;72;76;77;73;76;65;83
972.0;260;256;200;144;162;182;69;73;78;77;75;76;66;82
978.0;263;254;202;147;161;183;68;68;75;79;74;77;68;81
984.0;263;256;202;151;161;181;70;60;75;83;76;77;66;79
990.0;262;260;205;148;162;178;69;61;71;83;80;78;64;79
996.0;271;262;203;144;164;181;67;60;67;83;74;79;65;80
1002.0;271;261;204;143;163;180;66;60;68;85;74;79;68;78
1008.0;269;256;210;146;167;181;68;66;67;86;66;77;65;76
1014.0;270;253;216;142;166;179;71;68;67;86;67;75;66;74
1020.0;269;250;215;142;168;180;73;70;66;84;67;74;67;75
1026.0;268;248;216;143;170;181;75;67;65;85;66;70;68;78
1032.0;267;248;217;143;171;181;77;66;63;82;65;69;71;80
1038.0;265;251;223;147;171;180;73;61;65;81;64;68;74;77
1044.0;266;251;223;142;171;177;78;59;64;83;68;68;75;75
1050.0;272;246;222;145;171;175;75;59;64;79;70;71;74;77
1056.0;274;242;218;141;170;174;79;63;63;84;67;72;76;77
1062.0;276;240;216;140;171;171;78;65;60;80;67;76;77;83
1068.0;277;243;215;140;173;168;80;64;64;78;65;75;74;84
1074.0;279;243;213;139;172;172;80;61;61;76;68;74;74;88
1080.0;278;242;214;135;173;176;79;61;58;79;71;71;72;91
1086.0;277;241;211;135;175;173;82;61;60;82;73;71;69;90
1092.0;279;243;210;133;174;173;86;59;59;82;76;68;70;88
1098.0;281;245;209;138;172;168;84;60;55;77;77;67;76;91
1104.0;283;250;210;140;168;168;83;62;56;75;74;66;74;91
1110.0;285;253;210;140;166;170;84;67;62;76;70;61;70;86
1116.0;283;251;213;139;168;172;89;67;62;72;69;58;72;85
1122.0;286;255;212;140;168;173;85;65;61;71;68;58;73;85
1128.0;284;258;211;139;168;171;82;64;60;76;74;54;72;87
1134.0;285;255;212;141;167;172;82;67;56;74;75;55;74;85
1140.0;283;255;212;144;164;171;83;68;58;73;72;58;70;89
1146.0;282;258;209;147;165;174;86;69;55;68;73;55;69;90
1152.0;280;252;211;145;162;182;87;70;58;68;73;60;64;88
1158.0;283;252;210;147;164;180;85;68;58;73;72;63;60;85
1164.0;276;256;209;145;164;182;82;74;60;68;73;64;63;84
1170.0;280;257;214;148;164;180;82;75;53;68;72;64;62;81
1176.0;283;258;212;148;167;178;87;81;52;65;70;59;60;80
1182.0;278;257;217;149;167;180;83;77;51;64;74;63;60;80
1188.0;278;258;220;145;166;183;80;75;49;64;75;64;63;80
1194.0;279;256;218;149;167;186;81;76;48;62;73;61;63;81
1200.0;279;255;220;154;170;189;80;78;49;58;70;58;63;77
1206.0;277;256;221;155;170;190;75;80;53;59;65;57;66;76
1212.0;281;260;219;154;171;187;69;81;56;59;64;55;68;76
1218.0;282;265;215;152;174;188;66;80;55;59;65;58;66;75
1224.0;283;265;217;153;174;183;70;80;57;63;63;58;66;68
1230.0;285;264;217;153;172;185;72;75;59;60;61;59;65;73
1236.0;279;264;216;154;174;186;70;77;60;58;60;64;65;73
1242.0;280;266;212;153;172;184;68;77;63;61;59;64;68;73
1248.0;276;269;212;152;168;185;70;79;64;61;56;69;68;71
1254.0;277;269;212;153;169;182;74;81;62;65;53;69;66;68
1260.0;276;268;214;152;171;181;72;85;61;64;53;67;66;70
1266.0;274;268;214;147;172;182;72;85;62;64;55;71;64;70
1272.0;272;272;216;143;177;180;76;85;61;63;48;70;64;73
1278.0;272;270;215;145;177;179;75;85;65;62;47;68;65;75
1284.0;272;272;211;146;176;180;73;83;65;62;51;70;65;74
1290.0;272;274;213;147;179;182;70;81;61;63;53;68;64;73
1296.0;272;272;214;146;177;185;70;78;61;65;52;73;63;72
1302.0;274;270;208;148;181;187;74;78;58;64;52;72;63;71
1308.0;279;269;205;154;179;186;73;79;60;61;55;67;64;69
1314.0;280;271;205;153;183;190;68;76;63;61;52;65;63;70
1320.0;284;273;203;154;180;194;63;77;63;62;52;62;65;68
1326.0;289;271;200;153;183;191;62;78;62;65;52;66;63;65
1332.0;290;272;203;158;180;188;62;80;64;64;52;65;59;63
1338.0;288;278;203;159;175;186;62;81;61;67;53;66;59;62
1344.0;287;277;203;159;175;184;63;83;59;70;52;64;57;67
1350.0;288;277;202;156;175;184;65;81;58;70;53;64;58;69
1356.0;288;275;201;151;175;183;63;82;63;70;54;64;57;74
1362.0;285;275;203;152;183;184;62;83;61;68;54;60;60;70
1368.0;280;276;199;151;186;185;64;82;61;71;58;60;61;66
1374.0;281;277;200;152;178;191;64;79;61;69;61;60;61;66
1380.0;283;279;201;150;176;192;61;76;62;68;64;60;63;65
1386.0;286;277;205;146;175;194;61;78;64;67;65;57;62;63
1392.0;283;276;200;149;175;194;62;77;67;65;69;61;60;62
1398.0;286;273;202;151;172;194;62;75;65;63;73;62;61;61
1404.0;282;272;202;151;171;197;62;76;68;62;70;67;62;58
1410.0;283;269;204;148;172;197;64;79;68;59;72;63;65;57
1416.0;286;266;202;152;171;197;64;72;70;61;70;62;64;63
1422.0;289;266;203;151;170;194;65;72;70;60;73;58;65;64
1428.0;287;264;203;155;175;196;62;69;70;60;75;59;65;60
1434.0;288;262;203;154;174;193;66;66;68;63;72;65;66;60
1440.0;285;260;205;153;176;192;66;64;66;65;74;63;70;61
1446.0;281;257;198;157;179;193;66;63;68;64;79;62;70;63
1452.0;285;260;193;157;180;195;71;60;74;61;74;60;70;60
1458.0;284;256;194;157;183;195;68;63;73;60;75;65;68;59
1464.0;282;255;188;155;182;196;66;67;77;60;77;64;70;61
1470.0;282;253;186;157;182;197;66;67;74;62;77;63;69;65
1476.0;282;251;184;159;183;195;68;65;76;67;76;61;67;66
1482.0;286;251;181;158;183;193;65;65;76;73;77;63;65;64
1488.0;288;251;176;155;184;190;65;69;75;77;76;60;69;65
1494.0;293;251;174;154;181;190;63;69;74;82;77;60;73;59
1500.0;292;251;175;157;179;191;58;75;73;84;74;61;71;59
1506.0;293;252;171;158;187;191;62;74;72;83;76;63;64;54
1512.0;299;250;165;156;190;191;64;73;70;79;74;66;65;58
1518.0;298;250;165;157;193;191;64;78;70;77;73;66;65;53
1524.0;298;253;162;155;190;190;64;75;71;77;76;63;68;58
1530.0;296;252;162;154;192;187;63;76;72;73;75;68;70;60
1536.0;295;251;166;152;197;179;63;74;73;74;71;69;74;62
1542.0;295;251;166;150;195;180;66;73;74;70;69;70;77;64
1548.0;294;251;166;153;196;180;67;72;77;70;67;67;77;63
1554.0;293;252;171;156;197;176;63;71;80;73;63;69;72;64
1560.0;295;254;170;157;200;175;59;73;76;72;65;67;77;60
1566.0;295;252;172;155;199;170;60;75;77;72;64;67;78;64
1572.0;295;251;173;157;201;169;59;76;77;70;65;67;72;68
1578.0;296;252;174;154;198;172;59;78;76;70;66;68;72;65
1584.0;299;250;177;157;195;169;62;76;77;66;64;68;72;68
1590.0;298;249;175;153;191;166;66;74;79;73;68;70;66;72
1596.0;299;253;178;156;191;168;66;75;75;69;64;70;64;72
1602.0;294;256;172;158;193;165;67;76;70;69;67;68;66;79
1608.0;300;253;171;160;192;162;66;70;71;73;68;69;68;77
1614.0;298;256;173;158;194;162;65;69;69;71;61;74;70;80
1620.0;299;258;169;157;192;160;66;68;73;67;65;73;73;80
1626.0;297;263;170;160;188;160;66;67;77;62;65;74;73;78
1632.0;302;264;166;161;185;160;60;72;78;61;63;74;76;78
1638.0;301;262;164;158;180;162;59;73;77;62;65;78;79;80
1644.0;298;264;162;160;177;165;60;73;81;63;64;76;79;78
1650.0;301;263;162;161;178;159;61;69;84;61;64;80;82;75
1656.0;301;264;158;159;180;163;61;71;80;60;64;79;84;76
1662.0;304;264;158;161;174;161;64;74;79;60;63;81;83;74
1668.0;300;265;160;160;171;158;68;78;78;57;68;80;84;73
1674.0;300;264;160;159;168;157;71;81;77;58;73;80;81;71
1680.0;302;265;157;156;168;160;73;80;81;53;73;79;85;68
1686.0;300;264;156;158;170;162;74;81;81;54;75;74;82;69
1692.0;303;263;153;163;169;161;74;80;81;56;72;76;83;66
1698.0;301;262;153;163;166;166;70;79;79;59;77;77;86;62
1704.0;302;265;155;169;163;167;67;78;77;58;74;77;85;63
1710.0;303;269;151;169;165;166;70;77;75;56;73;78;84;64
1716.0;306;265;152;170;164;168;71;79;73;54;72;79;82;65
1722.0;302;265;149;170;165;173;75;79;78;50;68;79;82;65
1728.0;302;267;151;167;166;171;75;80;77;48;70;75;85;66
1734.0;300;268;150;166;167;172;77;83;71;54;68;75;80;69
1740.0;293;271;151;165;169;175;77;79;70;55;70;74;81;70
1746.0;295;271;153;169;170;174;77;80;67;57;70;74;76;67
1752.0;300;271;154;171;164;169;78;79;71;57;69;71;77;69
1758.0;301;271;156;170;163;170;76;74;71;57;72;72;74;73
1764.0;297;273;157;168;160;166;79;79;72;59;71;74;72;73
1770.0;295;271;162;165;160;168;77;77;72;63;72;73;71;74
1776.0;297;265;163;164;162;167;79;74;73;64;70;73;73;76
1782.0;292;264;163;167;164;169;78;73;74;65;76;69;72;74
1788.0;294;262;159;166;162;173;76;76;73;66;75;68;74;76
1794.0;295;261;158;168;164;171;76;83;70;68;69;65;75;77
1800.0;298;261;155;172;161;175;75;79;73;67;73;60;75;76
1806.0;301;263;152;173;162;180;73;79;71;63;76;58;73;76
1812.0;301;265;158;171;158;178;73;77;72;67;75;55;74;76
1818.0;299;261;165;174;158;179;72;73;69;67;76;57;77;73
1824.0;300;262;166;176;157;183;76;71;72;67;70;57;73;70
1830.0;297;270;166;172;157;180;78;70;70;68;67;58;73;74
1836.0;297;269;167;174;155;181;78;70;68;68;64;61;74;74
1842.0;295;269;166;171;152;184;76;75;71;69;69;59;72;72
1848.0;297;269;164;171;149;186;75;76;74;69;67;61;68;74
1854.0;295;269;167;170;152;184;74;80;73;73;61;62;65;75
1860.0;292;268;164;171;155;184;71;83;77;69;59;63;70;74
1866.0;293;271;165;169;156;182;70;86;76;66;57;65;74;70
1872.0;292;273;163;169;157;180;72;82;76;67;57;63;74;75
1878.0;291;272;164;171;155;180;72;76;80;67;60;62;72;78
1884.0;291;271;168;169;152;180;70;77;81;68;60;65;71;77
1890.0;289;273;165;167;154;181;74;77;80;68;63;66;70;73
1896.0;293;272;166;165;158;178;68;78;79;67;68;67;65;76
1902.0;296;273;164;167;158;177;68;80;80;65;66;66;66;74
1908.0;297;270;163;165;154;176;68;80;81;68;67;66;69;76
1914.0;297;267;163;167;153;172;66;78;84;68;74;63;74;74
1920.0;297;261;163;168;149;173;65;78;84;70;77;65;75;75
1926.0;294;261;163;165;150;172;68;79;81;70;76;71;75;75
1932.0;296;255;160;165;149;173;69;76;82;73;72;78;74;78
1938.0;297;255;162;163;147;172;71;76;78;75;71;79;77;77
1944.0;296;255;165;163;148;172;75;77;77;74;72;77;74;75
1950.0;291;260;163;164;148;173;81;79;77;73;68;79;73;71
1956.0;294;260;166;162;151;169;77;76;76;70;68;82;77;72
1962.0;295;259;166;165;148;167;75;76;76;69;68;83;80;73
1968.0;292;258;172;167;147;162;72;78;79;71;70;81;80;71
1974.0;293;255;171;172;145;163;72;76;79;69;77;79;78;71
