#auto generated file!
12.0;163;157;179;158;138;173;165;166;157;165;145;140;152;142
18.0;168;162;181;158;139;180;157;165;160;154;141;138;148;149
24.0;172;167;184;163;143;177;154;152;160;151;144;140;146;147
30.0;175;173;187;160;147;183;149;146;159;147;141;146;149;138
36.0;177;180;186;160;151;188;150;147;153;149;136;146;147;130
42.0;180;181;189;163;150;191;144;148;149;146;138;145;143;133
48.0;181;185;190;169;149;191;141;143;154;146;135;145;138;133
54.0;183;184;192;172;152;199;140;136;153;141;139;146;134;129
60.0;190;192;198;172;152;198;136;135;145;142;140;136;134;130
66.0;192;195;200;170;153;199;142;134;142;136;138;140;131;128
72.0;192;198;205;174;150;201;132;133;144;137;137;136;135;126
78.0;199;202;208;179;151;199;125;135;143;133;133;134;129;130
84.0;201;206;209;181;152;200;127;135;136;135;132;134;123;129
90.0;205;209;211;181;153;197;129;133;137;138;131;131;122;123
96.0;212;210;212;182;153;200;127;125;142;136;128;128;122;123
102.0;214;207;211;181;158;198;128;123;140;134;126;126;129;125
108.0;217;211;212;180;163;202;122;121;140;132;126;124;129;121
114.0;218;213;210;181;168;206;117;122;132;137;124;127;125;120
120.0;222;213;213;180;169;209;115;127;129;138;118;122;131;114
126.0;224;212;217;180;171;207;112;127;129;137;116;122;134;112
132.0;226;213;218;178;171;207;111;130;129;138;115;122;130;112
138.0;227;212;219;181;176;200;109;133;125;134;116;122;133;113
144.0;230;217;220;182;174;201;110;132;128;125;114;123;127;117
150.0;234;220;222;184;177;205;103;124;126;117;115;125;131;117
156.0;235;217;217;184;179;206;104;130;124;121;116;124;134;109
162.0;236;224;216;187;183;207;108;132;119;120;108;123;129;108
168.0;235;228;217;186;183;202;110;129;117;124;112;120;131;106
174.0;235;234;218;189;181;205;109;123;116;124;110;120;128;108
180.0;237;238;220;192;183;203;103;123;116;123;111;119;126;106
186.0;241;244;221;192;184;198;101;118;112;123;115;123;125;103
192.0;246;244;216;196;183;199;102;114;107;122;118;125;124;104
198.0;247;246;221;196;186;201;98;111;104;122;122;119;126;101
204.0;248;240;227;201;186;203;98;107;106;119;127;116;122;100
210.0;253;242;224;200;189;204;100;105;107;121;129;109;118;99
216.0;252;246;225;198;188;199;99;109;107;120;131;107;114;105
222.0;255;250;223;202;185;199;102;111;105;112;131;112;114;99
228.0;259;247;221;202;187;200;100;111;100;116;127;115;112;103
234.0;258;251;227;207;188;204;95;110;98;112;120;114;111;105
240.0;261;253;230;210;188;203;94;105;100;109;116;112;110;109
246.0;261;255;230;211;187;205;94;104;102;108;116;114;108;105
252.0;261;258;235;212;192;207;94;103;104;105;109;109;113;98
258.0;263;257;237;208;193;207;98;98;101;103;109;105;118;103
264.0;264;255;239;208;196;203;104;98;102;106;110;104;114;97
270.0;266;256;241;211;194;202;104;105;97;99;114;104;113;94
276.0;269;261;241;213;195;202;101;103;100;98;110;99;111;97
282.0;268;260;248;216;196;202;106;103;97;97;104;102;105;96
288.0;267;269;247;211;194;201;105;101;98;98;105;103;107;94
294.0;270;269;246;210;195;197;108;102;105;97;107;96;107;91
300.0;270;269;245;211;196;195;105;100;108;98;106;96;113;88
306.0;270;273;242;215;198;196;100;99;105;102;107;96;115;82
312.0;275;272;241;213;198;194;99;101;100;104;110;101;111;81
318.0;273;273;243;216;199;194;94;98;98;103;111;103;113;82
324.0;270;278;240;219;200;202;91;98;92;102;115;105;111;77
330.0;267;281;234;217;202;207;89;100;89;104;108;109;113;80
336.0;264;285;237;221;201;206;87;96;90;106;103;106;115;83
342.0;265;285;236;223;204;209;90;102;87;104;100;99;115;81
348.0;269;284;237;222;205;209;93;100;88;103;99;97;114;80
354.0;271;283;237;225;204;212;90;103;85;102;101;98;112;77
360.0;273;285;241;229;199;210;85;104;81;102;99;103;115;74
366.0;270;285;241;230;200;209;84;102;88;106;95;104;109;77
372.0;269;291;240;227;197;210;86;99;83;108;93;104;110;83
378.0;271;294;238;233;195;214;86;94;84;107;94;101;108;81
384.0;269;297;239;229;193;214;89;101;83;105;94;99;103;85
390.0;270;301;236;233;191;216;88;96;80;102;96;101;104;86
396.0;276;298;228;232;197;216;88;93;84;97;92;109;101;89
402.0;277;296;229;233;199;219;89;93;80;96;92;108;96;93
408.0;276;296;226;225;201;215;93;94;83;100;93;110;94;94
414.0;282;299;227;217;207;215;98;94;83;95;94;107;92;90
420.0;286;302;226;216;206;217;96;92;84;98;93;106;91;87
426.0;286;303;223;214;209;218;91;93;84;93;92;112;91;91
432.0;288;298;225;213;214;217;89;96;89;93;91;106;91;90
438.0;291;306;223;216;213;220;89;94;91;87;89;103;90;88
444.0;295;309;229;213;210;217;88;97;95;87;86;102;86;86
450.0;299;312;227;216;213;212;87;93;89;85;89;104;86;88
456.0;297;309;230;215;217;213;88;93;88;85;87;100;86;92
462.0;303;310;233;215;218;209;88;91;88;86;82;101;83;93
468.0;307;310;228;217;216;206;91;94;90;84;80;102;81;94
474.0;307;305;229;218;217;209;94;95;91;80;77;102;83;93
480.0;306;306;228;220;218;212;91;99;93;73;83;101;83;87
486.0;308;308;230;218;224;214;91;98;91;74;80;100;84;80
492.0;311;308;233;219;223;213;88;93;89;73;81;96;89;84
498.0;312;307;232;221;222;216;93;95;86;70;77;100;91;78
504.0;311;309;232;220;221;216;91;101;85;71;76;100;88;79
510.0;313;310;228;218;217;219;93;101;86;70;76;98;89;82
516.0;312;313;234;217;218;220;92;104;81;70;77;97;85;80
522.0;310;314;231;221;218;218;95;107;81;69;79;94;84;79
528.0;316;316;227;216;216;217;97;111;82;68;78;90;84;82
534.0;317;320;229;211;216;217;99;106;81;65;79;88;85;87
540.0;312;321;226;215;213;219;99;106;77;65;82;87;91;87
546.0;314;320;221;219;216;225;100;104;75;67;81;84;88;86
552.0;317;316;221;219;216;222;100;103;77;68;82;86;86;87
558.0;318;316;222;214;219;217;101;100;79;70;82;85;84;93
564.0;317;314;221;214;213;219;102;102;80;71;84;82;87;94
570.0;315;314;223;216;214;220;101;104;82;68;84;85;86;88
576.0;317;315;227;217;213;218;98;104;83;67;84;85;87;85
582.0;318;318;230;218;215;215;99;101;84;64;78;80;93;87
588.0;327;318;232;216;215;214;92;100;82;65;85;77;93;84
594.0;329;318;232;218;219;215;90;104;83;69;79;71;92;81
600.0;324;316;232;219;220;213;91;101;84;71;82;67;96;84
606.0;322;315;234;217;221;216;93;102;81;72;84;66;95;82
612.0;321;313;237;220;219;215;91;97;81;73;87;70;95;81
618.0;320;312;235;217;212;218;94;95;82;70;91;72;100;82
624.0;321;309;234;217;212;223;92;96;86;72;90;69;94;85
630.0;322;310;235;213;212;222;93;94;90;70;94;67;91;87
636.0;322;313;234;211;212;218;96;97;88;68;95;69;89;88
642.0;321;317;234;212;212;220;92;99;85;67;95;66;92;88
648.0;321;317;232;211;210;218;92;93;84;71;94;72;91;94
654.0;322;322;231;213;210;216;90;94;83;71;94;72;88;94
660.0;323;324;234;210;210;214;86;91;83;73;99;76;84;93
666.0;325;326;229;214;208;211;83;92;84;77;97;77;88;89
672.0;324;331;228;218;204;216;83;85;79;80;99;72;91;90
678.0;331;326;228;217;204;218;82;84;78;78;94;75;95;90
684.0;328;326;227;210;208;216;83;86;78;71;101;76;95;95
690.0;324;331;222;208;211;216;83;83;79;82;101;75;89;96
696.0;326;332;221;209;207;220;80;81;80;86;103;74;87;94
702.0;325;334;225;206;209;216;79;71;83;91;102;75;92;92
708.0;325;334;223;204;208;220;81;70;77;89;101;80;93;95
714.0;327;338;221;208;206;223;81;71;79;85;100;75;90;96
720.0;333;337;219;208;205;227;83;72;75;84;100;77;88;92
726.0;332;333;218;210;209;223;88;71;78;82;100;76;88;92
732.0;333;336;218;205;207;225;87;73;74;84;100;76;86;96
738.0;332;339;218;207;205;223;85;76;80;80;100;73;87;95
744.0;330;341;218;207;206;221;89;77;79;78;96;72;89;97
750.0;333;347;215;205;201;215;89;78;77;83;100;73;89;95
756.0;337;348;216;205;200;218;88;76;76;84;98;69;91;94
762.0;339;345;214;204;201;217;91;72;78;85;96;73;90;95
768.0;338;350;210;202;199;218;89;77;75;85;98;73;88;98
774.0;337;350;212;198;196;220;91;77;74;87;99;72;90;97
780.0;341;356;210;200;198;222;87;75;74;88;94;72;87;96
786.0;338;353;214;202;199;223;86;77;76;90;92;72;83;95
792.0;340;352;211;201;204;222;86;79;77;88;94;74;79;93
798.0;340;349;211;203;203;224;84;79;80;87;94;71;79;96
804.0;338;346;204;200;207;227;83;84;84;85;91;74;80;97
810.0;338;339;206;203;209;227;82;85;84;83;89;75;84;96
816.0;339;340;207;207;212;228;81;81;81;82;88;80;80;94
822.0;339;338;208;208;215;228;77;79;79;84;83;83;85;94
828.0;336;338;210;207;216;229;77;82;79;82;84;81;85;94
834.0;335;335;212;208;215;223;79;84;86;82;84;75;89;93
840.0;334;336;212;210;211;221;84;86;88;81;79;74;91;93
846.0;335;330;212;207;218;221;86;89;88;80;86;71;84;93
852.0;338;330;214;204;221;218;82;90;84;83;87;70;82;97
858.0;335;332;217;201;227;218;82;87;83;82;89;67;82;98
864.0;334;332;214;199;229;214;84;91;80;84;90;69;80;100
870.0;331;334;214;198;227;209;87;89;80;82;94;75;80;100
876.0;333;333;212;196;222;210;91;88;82;83;97;76;78;99
882.0;333;334;216;196;214;211;95;84;83;83;97;76;78;100
888.0;336;334;211;197;208;216;90;92;84;83;97;69;84;99
894.0;331;338;214;204;205;208;90;92;79;86;96;73;89;95
900.0;333;338;215;202;206;203;94;90;75;85;97;80;91;91
906.0;336;334;223;208;202;200;92;90;77;83;98;83;92;82
912.0;336;336;226;209;201;203;88;91;80;80;94;83;91;82
918.0;335;335;227;209;199;208;87;92;82;81;91;82;90;82
924.0;336;339;227;210;198;204;85;94;81;80;91;83;84;88
930.0;333;343;231;217;201;201;82;90;83;83;92;82;77;85
936.0;335;343;228;219;199;201;82;87;90;84;87;82;76;87
942.0;333;338;225;224;194;203;80;92;89;80;94;81;78;89
948.0;330;334;228;229;190;205;77;93;88;82;96;78;81;89
954.0;332;330;226;236;191;199;77;97;86;78;96;81;85;86
960.0;333;331;229;235;192;195;79;103;89;78;89;81;83;83
966.0;332;333;229;235;189;195;77;103;86;85;90;81;80;85
972.0;330;334;229;238;188;197;78;101;82;87;87;81;80;88
978.0;326;331;227;236;187;195;81;106;84;82;89;79;86;91
984.0;329;327;224;231;188;193;86;99;85;87;87;83;90;91
990.0;328;325;222;226;189;197;86;100;86;87;88;85;89;92
996.0;324;330;223;226;189;195;87;99;83;86;90;83;91;94
1002.0;322;331;231;221;189;196;87;96;82;90;86;86;88;95
1008.0;324;334;231;221;188;192;85;99;83;91;82;83;88;99
1014.0;322;335;235;218;185;192;82;100;88;92;79;80;91;101
1020.0;322;334;236;221;188;190;82;96;86;98;79;79;89;100
1026.0;320;339;237;216;189;187;85;93;90;96;78;75;91;104
1032.0;319;340;235;214;190;189;90;95;91;94;80;71;90;102
1038.0;321;341;240;214;187;192;87;97;87;93;79;75;89;98
1044.0;327;338;242;209;189;191;84;95;90;92;84;75;88;96
1050.0;325;342;239;211;189;195;81;92;89;93;82;77;88;97
1056.0;326;344;239;211;188;196;81;92;93;94;84;74;84;94
1062.0;332;339;235;216;190;197;79;92;89;91;86;75;82;97
1068.0;328;339;234;218;191;198;81;95;87;91;82;74;85;97
1074.0;325;341;234;218;189;202;77;96;87;95;82;76;86;92
1080.0;324;341;233;220;191;197;80;98;84;95;80;81;81;95
1086.0;322;345;234;223;188;197;86;98;83;95;81;80;75;93
1092.0;320;349;235;221;190;194;84;98;79;95;80;81;80;94
1098.0;321;354;232;221;193;195;79;98;77;89;85;82;79;95
1104.0;318;356;229;219;191;201;77;101;74;90;83;92;80;89
1110.0;319;353;227;223;189;201;78;105;73;88;83;93;80;88
1116.0;319;352;225;219;193;202;81;105;76;87;87;95;76;83
1122.0;314;350;229;216;195;199;87;104;79;87;87;96;75;82
1128.0;314;350;226;221;188;199;86;106;79;91;87;93;81;79
1134.0;321;349;227;220;187;195;85;108;77;91;88;92;83;77
1140.0;319;349;225;215;186;200;81;112;76;89;88;93;86;81
1146.0;323;347;225;217;189;197;82;106;81;88;88;96;83;78
1152.0;322;349;223;216;191;199;83;107;83;88;83;94;81;81
1158.0;323;352;220;215;183;200;81;107;81;91;84;97;82;84
1164.0;328;357;226;219;188;200;79;107;77;90;80;96;75;78
1170.0;332;358;227;220;192;205;76;106;75;85;75;94;78;77
1176.0;330;357;222;225;189;204;76;102;72;86;78;95;83;81
1182.0;331;352;222;233;188;200;73;100;71;91;80;100;83;76
1188.0;337;350;220;232;188;198;73;98;66;89;81;101;86;81
1194.0;330;353;220;230;189;199;73;92;68;91;81;102;91;81
1200.0;327;353;220;231;192;198;76;90;66;90;80;101;95;81
1206.0;329;351;218;227;194;197;76;86;75;92;79;104;92;80
1212.0;330;350;218;230;193;200;72;90;73;95;78;102;93;76
1218.0;330;349;220;231;195;202;73;87;74;99;80;96;87;77
1224.0;331;348;219;231;197;205;72;85;78;97;77;98;89;73
1230.0;328;349;215;232;198;205;76;90;81;93;74;101;86;72
1236.0;331;348;214;228;196;199;79;91;84;93;73;104;88;72
1242.0;333;347;213;228;197;202;81;87;82;95;69;104;89;73
1248.0;336;345;217;228;199;193;82;83;85;95;67;106;86;78
1254.0;343;345;216;231;200;195;81;83;85;91;65;102;87;76
1260.0;344;347;216;231;194;198;84;82;84;90;64;100;84;82
1266.0;347;348;218;227;190;201;84;86;83;93;64;95;79;85
1272.0;345;352;218;231;182;205;85;87;83;90;65;90;84;83
1278.0;350;349;220;227;182;207;86;87;86;90;64;88;77;87
1284.0;347;354;219;227;181;204;89;84;90;90;59;91;76;89
1290.0;349;354;215;226;180;206;89;91;89;90;59;90;75;87
1296.0;347;349;218;223;184;207;88;95;86;90;65;84;77;87
1302.0;348;346;219;221;188;207;86;94;86;92;68;81;74;90
1308.0;347;348;221;221;186;205;85;93;82;94;73;79;76;90
1314.0;345;351;218;217;187;206;86;96;82;95;72;76;77;92
1320.0;349;349;210;215;187;206;89;96;82;92;76;81;82;86
1326.0;344;345;209;215;183;206;89;103;81;93;78;86;81;87
1332.0;346;346;211;212;194;209;86;100;79;93;75;81;81;87
1338.0;345;346;213;213;196;212;84;97;81;91;75;81;78;88
1344.0;341;351;215;216;197;208;82;100;78;88;76;81;78;89
1350.0;341;354;214;215;196;206;85;95;82;87;75;79;79;92
1356.0;341;352;217;215;200;206;86;94;84;79;71;80;82;93
1362.0;340;354;214;214;201;204;84;90;86;79;71;86;83;94
1368.0;344;359;215;218;202;205;82;85;86;82;72;84;76;90
1374.0;348;364;214;219;200;205;82;79;85;81;74;84;75;90
1380.0;347;364;210;216;200;209;84;81;83;86;72;85;73;90
1386.0;341;362;208;216;198;216;81;84;85;91;69;85;73;91
1392.0;345;362;207;219;198;217;78;80;86;96;66;86;72;88
1398.0;342;363;203;222;199;216;74;84;87;94;66;85;73;92
1404.0;346;363;199;214;200;216;78;86;86;97;70;84;71;90
1410.0;344;358;201;215;200;220;82;90;83;93;70;83;71;90
1416.0;349;358;196;211;199;218;86;89;85;95;68;84;73;89
1422.0;351;352;199;208;201;216;87;93;87;91;67;87;73;88
1428.0;348;352;207;203;204;219;90;88;86;92;69;85;73;84
1434.0;348;348;207;207;201;225;87;90;83;91;71;84;79;79
1440.0;346;350;208;208;200;223;84;89;83;95;73;83;79;79
1446.0;344;351;204;209;193;226;87;87;81;97;74;86;78;83
1452.0;346;350;205;210;196;227;88;89;84;94;72;81;77;81
1458.0;347;352;204;207;197;226;91;90;76;96;72;83;77;82
1464.0;346;353;203;206;189;228;88;95;75;97;77;84;76;83
1470.0;351;356;201;202;191;227;90;91;73;95;78;85;77;83
1476.0;353;353;202;199;190;224;93;91;74;98;76;86;78;83
1482.0;351;351;201;201;189;225;95;94;71;94;79;84;78;87
1488.0;353;353;202;203;190;226;93;93;72;92;79;83;76;85
1494.0;350;355;203;207;195;225;90;93;75;92;79;78;70;88
1500.0;355;355;208;208;197;227;85;99;75;86;77;77;65;86
1506.0;359;352;208;207;198;228;86;95;75;86;78;77;65;86
1512.0;357;356;211;206;197;228;85;95;79;88;76;75;62;85
1518.0;359;355;214;201;196;229;86;93;76;90;72;81;65;83
1524.0;357;351;216;205;204;227;80;90;77;86;76;82;65;84
1530.0;361;357;219;206;203;225;78;90;77;80;73;82;66;83
1536.0;361;357;220;206;198;221;79;95;77;79;70;85;70;82
1542.0;363;356;218;206;200;222;75;92;77;81;74;82;72;82
1548.0;363;354;217;207;202;226;74;94;76;82;69;83;74;79
1554.0;365;354;216;205;200;227;76;96;76;78;64;83;76;84
1560.0;366;352;219;207;199;231;82;96;73;75;63;81;75;81
1566.0;363;348;222;211;196;230;78;93;72;81;67;84;76;79
1572.0;357;346;221;207;199;232;80;94;71;81;70;82;79;81
1578.0;355;350;220;209;204;225;81;95;72;79;71;80;81;78
1584.0;352;347;219;211;205;227;82;95;74;84;72;75;76;81
1590.0;351;348;216;209;205;227;84;97;73;84;75;78;74;79
1596.0;350;345;211;208;204;226;88;94;72;87;74;84;74;83
1602.0;347;345;212;210;206;225;91;93;69;82;73;83;76;88
1608.0;347;347;214;211;202;222;91;92;72;80;73;85;77;87
1614.0;348;346;212;211;202;216;89;96;74;80;76;87;80;83
1620.0;349;346;212;213;204;214;87;96;73;78;77;86;79;86
1626.0;348;341;217;216;202;216;88;96;71;78;73;85;82;87
1632.0;348;341;216;214;205;215;93;91;68;82;72;87;82;86
1638.0;350;337;215;212;211;217;99;87;72;82;69;84;81;84
1644.0;352;336;213;212;212;212;96;93;79;82;69;82;78;84
1650.0;350;335;205;217;207;218;92;94;78;86;71;83;77;87
1656.0;352;335;204;218;206;216;92;96;78;88;71;82;76;86
1662.0;356;335;206;216;206;220;92;98;77;84;69;81;71;89
1668.0;357;338;210;220;201;220;89;95;75;82;70;79;72;92
1674.0;354;334;209;221;204;219;88;93;76;82;68;82;73;97
1680.0;356;332;214;222;205;219;87;86;76;82;72;77;73;99
1686.0;352;335;208;216;206;219;85;93;77;85;68;82;75;99
1692.0;356;333;206;219;207;218;85;97;74;87;67;84;72;95
1698.0;355;336;207;217;205;218;86;100;76;86;68;87;76;83
1704.0;355;337;208;221;207;219;82;98;77;81;70;84;76;85
1710.0;356;336;207;224;215;214;80;101;78;74;70;80;75;90
1716.0;362;333;209;222;215;216;76;97;82;77;64;82;75;90
1722.0;361;332;209;219;215;214;73;94;84;78;71;85;76;89
1728.0;358;333;207;218;214;207;72;95;85;81;77;84;76;93
1734.0;359;335;203;215;217;206;72;89;89;80;81;84;75;95
1740.0;356;333;204;214;219;206;71;86;90;80;84;82;76;99
1746.0;356;334;207;213;221;206;71;86;88;82;84;86;74;92
1752.0;362;333;207;217;217;205;71;88;87;84;81;85;74;89
1758.0;365;332;203;213;214;207;71;92;85;82;85;87;77;87
1764.0;368;333;207;212;214;204;70;87;83;86;83;89;74;90
1770.0;370;333;206;209;215;203;69;88;79;88;84;89;76;91
1776.0;373;333;206;209;212;204;68;88;77;87;88;90;76;89
1782.0;370;332;208;209;214;200;65;84;79;90;88;90;81;90
1788.0;371;332;208;207;216;198;66;87;80;94;86;84;79;92
1794.0;371;332;206;209;215;196;69;82;86;92;84;86;79;93
1800.0;375;330;205;208;212;198;66;81;87;91;89;85;79;94
1806.0;379;331;199;207;210;198;71;82;87;92;89;87;76;92
1812.0;379;332;201;208;214;202;69;81;90;90;85;83;76;90
1818.0;379;329;198;210;210;202;71;82;90;87;87;84;77;94
1824.0;377;330;202;207;204;197;68;85;94;90;86;88;75;97
1830.0;382;331;201;206;201;197;63;87;93;92;89;84;75;99
1836.0;378;335;200;204;207;197;68;90;92;94;84;83;72;96
1842.0;381;340;201;202;211;199;68;87;88;89;82;85;73;94
1848.0;384;335;201;203;209;198;68;87;88;89;81;87;76;94
1854.0;381;338;200;203;207;197;69;85;92;93;81;83;78;93
1860.0;379;336;201;203;206;198;71;89;98;88;77;79;79;96
1866.0;376;334;201;202;207;201;71;88;101;88;79;80;78;94
1872.0;379;335;201;206;203;199;69;87;97;90;79;84;74;97
1878.0;375;336;201;207;204;199;76;85;97;88;81;82;71;98
1884.0;373;338;203;209;199;194;77;90;96;90;78;79;75;99
1890.0;368;344;203;211;201;195;75;91;93;86;78;84;73;98
1896.0;369;344;204;206;202;196;78;89;89;89;81;88;69;96
1902.0;366;344;206;201;206;189;81;90;90;89;81;89;68;100
1908.0;370;344;212;206;207;187;82;87;88;87;79;87;65;99
1914.0;374;344;208;204;207;185;79;90;89;87;76;89;66;102
1920.0;373;342;210;204;211;185;80;87;92;87;76;86;64;103
1926.0;373;340;207;203;213;189;84;91;95;87;75;83;65;95
1932.0;370;337;209;204;215;191;79;93;97;84;74;84;68;95
1938.0;375;338;208;202;219;192;84;90;90;80;79;84;67;92
1944.0;377;333;208;203;217;189;89;88;91;81;78;85;69;92
1950.0;373;335;207;202;221;188;89;87;90;82;79;87;69;91
1956.0;370;336;199;203;221;192;90;91;84;84;78;85;77;90
1962.0;367;334;197;206;219;194;94;89;86;84;78;84;81;87
1968.0;366;331;196;206;227;192;92;92;87;87;78;84;79;83
1974.0;363;329;202;206;230;192;94;92;84;89;76;82;80;81
