#auto generated file!
12.0;84;84;99;81;81;92;93;86;83;77;84;83;88;85
18.0;89;85;103;81;81;93;90;83;81;70;85;84;89;86
24.0;91;86;106;84;82;93;88;85;79;69;82;81;91;83
30.0;94;89;107;86;86;95;85;86;75;67;83;79;89;79
36.0;97;89;106;89;88;100;83;85;74;70;80;73;90;76
42.0;99;93;107;84;88;103;81;84;73;72;80;73;87;76
48.0;100;95;107;84;85;105;79;79;72;74;80;73;90;77
54.0;104;98;108;82;86;106;77;78;73;72;75;74;92;75
60.0;105;98;109;86;85;107;76;76;70;68;75;74;94;77
66.0;108;100;107;90;86;113;74;74;65;71;73;71;94;74
72.0;107;101;109;89;89;116;73;76;65;73;72;68;89;73
78.0;107;102;109;87;94;115;70;71;66;74;69;69;94;73
84.0;106;102;109;88;93;117;72;73;68;74;71;65;93;69
90.0;106;101;110;89;95;119;66;71;65;76;74;65;95;68
96.0;110;101;112;90;99;122;65;72;62;75;74;62;90;66
102.0;111;100;107;93;101;123;63;75;64;75;77;62;85;64
108.0;115;105;106;99;104;122;59;73;62;77;71;60;83;64
114.0;114;105;105;99;104;120;62;78;61;78;69;63;77;65
120.0;117;105;107;99;101;123;65;76;58;80;68;64;77;60
126.0;120;106;111;98;101;123;67;77;55;80;67;60;75;60
132.0;124;107;112;100;100;125;65;78;56;75;64;57;78;59
138.0;126;108;112;99;103;124;67;76;56;75;63;57;74;60
144.0;130;108;110;102;103;124;67;73;58;76;61;53;74;61
150.0;132;107;112;103;104;125;65;70;57;71;64;52;75;63
156.0;131;111;113;105;99;127;63;70;57;73;61;50;75;65
162.0;134;112;112;102;101;130;60;69;55;71;61;53;76;64
168.0;134;114;111;101;104;132;60;69;57;71;56;51;78;62
174.0;137;115;113;104;105;128;55;72;60;68;57;51;73;62
180.0;139;116;120;102;103;132;51;69;58;69;55;49;74;63
186.0;139;117;120;101;105;131;53;69;61;68;53;48;75;60
192.0;140;119;123;101;109;131;51;71;57;71;52;46;72;57
198.0;144;120;123;101;111;132;51;66;53;74;51;47;70;57
204.0;142;123;124;105;108;129;55;67;50;71;49;47;71;59
210.0;144;125;123;105;112;132;55;62;52;69;49;47;65;60
216.0;144;125;119;106;113;133;57;62;51;69;46;48;66;61
222.0;146;127;121;104;113;133;55;59;51;67;48;48;67;61
228.0;147;126;122;107;112;134;55;59;51;63;49;46;70;59
234.0;148;128;123;108;112;133;53;61;48;63;50;46;69;58
240.0;149;127;122;106;113;132;58;62;50;59;49;48;65;60
246.0;149;130;127;105;113;134;59;60;49;55;52;46;63;58
252.0;147;132;129;108;116;134;57;62;45;58;52;46;57;57
258.0;149;132;130;105;112;137;56;64;46;57;51;49;55;57
264.0;147;136;129;108;116;138;54;66;44;57;50;49;50;56
270.0;148;137;132;105;120;138;53;67;39;58;47;48;53;55
276.0;148;137;128;104;120;139;55;69;41;58;43;52;52;54
282.0;147;139;129;101;122;140;55;65;43;59;44;55;47;54
288.0;148;137;129;101;122;139;54;66;46;58;49;51;47;53
294.0;148;136;127;100;122;138;53;61;45;60;50;50;56;54
300.0;150;137;127;100;122;135;55;59;46;61;54;47;53;54
306.0;151;134;128;103;121;133;56;57;47;62;55;45;54;54
312.0;152;139;126;104;120;137;57;58;46;58;52;43;54;54
318.0;151;144;127;104;117;136;56;57;47;57;51;43;58;52
324.0;153;145;126;105;118;139;57;58;48;53;47;42;55;54
330.0;150;145;123;106;120;138;59;56;54;55;43;42;55;54
336.0;151;147;124;104;125;133;59;51;53;55;45;46;56;51
342.0;150;149;128;105;125;129;59;50;53;55;46;45;53;53
348.0;150;150;126;107;123;126;63;47;56;56;44;45;53;54
354.0;146;150;126;109;126;127;61;45;57;59;45;44;49;56
360.0;147;152;126;109;123;130;58;47;57;60;46;41;49;55
366.0;150;155;127;105;121;133;58;49;56;57;48;39;47;55
372.0;152;153;127;108;124;129;58;49;55;58;48;39;46;54
378.0;152;151;129;112;122;127;53;53;57;57;47;41;43;56
384.0;153;154;127;110;121;129;53;51;57;58;44;41;45;57
390.0;153;153;131;109;117;129;51;55;57;55;46;45;43;56
396.0;154;152;132;106;117;130;51;54;59;55;44;45;46;55
402.0;155;154;132;101;119;132;52;49;59;56;43;47;46;55
408.0;152;153;126;101;120;133;47;54;60;60;43;47;46;58
414.0;152;152;127;103;120;132;46;57;60;61;41;47;44;58
420.0;155;151;128;106;121;131;45;59;56;60;42;46;43;57
426.0;156;152;130;108;122;130;48;57;53;61;44;39;43;57
432.0;156;155;128;105;125;127;52;57;52;61;45;40;42;55
438.0;158;156;125;107;121;125;50;56;53;64;45;41;42;57
444.0;157;155;121;109;120;127;49;54;54;64;48;38;44;60
450.0;158;155;121;112;122;130;47;54;57;61;46;39;43;55
456.0;156;156;121;114;126;130;47;50;55;59;46;39;43;58
462.0;157;157;120;113;127;127;47;55;55;64;44;41;39;54
468.0;157;158;121;111;130;126;49;52;56;64;44;41;37;54
474.0;157;162;116;110;130;124;50;47;56;67;46;39;42;54
480.0;156;164;115;111;128;122;46;46;59;66;49;41;44;53
486.0;158;163;114;115;126;123;49;48;56;66;46;39;45;52
492.0;158;165;112;116;127;126;50;50;57;60;47;36;44;52
498.0;159;164;113;117;124;124;51;50;57;55;50;39;45;52
504.0;159;165;114;118;123;124;54;49;53;55;49;42;44;51
510.0;162;164;112;116;119;126;53;49;54;56;50;42;45;52
516.0;165;165;115;115;117;127;52;48;52;53;54;42;42;53
522.0;164;169;116;112;116;124;48;48;55;55;55;41;44;53
528.0;165;173;115;109;116;124;49;46;57;55;58;39;42;52
534.0;165;170;118;108;114;128;48;45;56;58;59;39;41;51
540.0;170;169;118;109;112;123;47;47;59;52;56;44;40;54
546.0;167;167;122;108;115;120;47;48;58;53;55;44;42;54
552.0;168;167;123;111;116;121;47;47;56;50;55;44;42;53
558.0;170;163;123;113;122;121;46;49;59;45;53;43;41;52
564.0;172;162;120;113;124;125;44;45;59;45;52;45;40;54
570.0;171;167;120;114;126;122;45;41;58;44;51;47;39;55
576.0;174;168;116;117;124;121;43;42;59;46;50;48;37;55
582.0;175;167;115;119;122;122;41;46;57;49;49;48;39;51
588.0;174;173;115;118;121;122;43;46;53;50;51;46;40;48
594.0;172;175;115;120;118;121;42;46;55;52;50;45;43;46
600.0;174;174;117;120;120;116;43;45;51;48;52;48;43;49
606.0;173;174;121;120;118;115;50;44;49;51;49;47;44;45
612.0;175;178;121;121;115;117;46;41;49;50;47;48;44;48
618.0;173;179;123;121;115;120;47;40;49;49;49;46;42;47
624.0;173;182;119;118;115;121;43;44;48;50;50;46;44;47
630.0;170;180;120;115;118;119;47;51;48;47;46;47;48;44
636.0;170;184;119;115;118;118;43;49;49;49;48;46;47;45
642.0;171;187;116;115;121;116;40;46;49;53;45;50;46;45
648.0;178;183;118;113;116;117;39;47;46;56;44;51;44;48
654.0;179;183;118;113;115;117;40;48;46;54;46;50;44;47
660.0;178;177;120;117;115;116;42;50;45;53;44;48;42;53
666.0;178;178;118;117;115;117;45;51;45;50;45;44;43;54
672.0;179;177;112;118;116;115;44;52;43;48;47;49;44;56
678.0;180;177;114;116;116;116;39;50;41;47;53;48;46;57
684.0;179;173;114;117;115;117;39;51;43;47;55;49;45;56
690.0;180;174;114;118;120;111;39;46;41;48;56;50;45;58
696.0;182;174;114;121;122;114;37;47;39;48;51;47;46;58
702.0;180;174;114;122;123;116;37;49;38;47;50;44;49;57
708.0;180;176;110;127;128;113;39;46;42;42;49;42;49;57
714.0;180;173;107;129;126;113;40;47;43;40;48;44;53;57
720.0;181;172;107;129;121;114;39;46;44;41;50;45;54;57
726.0;183;173;110;130;123;113;39;49;40;43;48;45;51;53
732.0;182;172;109;131;125;112;38;50;42;43;50;44;50;52
738.0;176;173;111;126;123;115;38;47;45;44;50;47;53;52
744.0;175;175;108;129;126;117;39;47;41;46;46;49;51;51
750.0;178;174;103;132;125;116;36;47;40;50;46;49;51;53
756.0;183;174;103;129;125;119;36;48;36;48;46;48;51;54
762.0;181;169;104;130;125;119;35;55;41;48;46;49;48;50
768.0;178;168;111;127;126;123;34;53;42;49;46;45;48;50
774.0;177;163;113;130;126;123;35;52;42;51;43;50;49;46
780.0;178;163;115;130;126;121;34;51;45;51;43;50;47;46
786.0;177;166;114;132;125;121;33;50;46;49;42;51;46;48
792.0;178;162;116;130;126;122;34;51;46;51;41;53;44;46
798.0;183;166;118;124;125;118;31;54;48;48;40;56;42;47
804.0;185;166;117;126;124;117;34;53;49;47;37;55;43;47
810.0;185;166;118;126;125;118;35;53;46;47;37;56;40;48
816.0;187;163;115;128;126;120;34;52;49;48;37;55;37;49
822.0;185;159;118;127;128;119;34;51;50;48;42;54;36;49
828.0;188;160;116;124;126;120;36;53;46;49;40;56;38;48
834.0;186;158;118;125;127;122;34;52;44;53;40;54;41;46
840.0;188;160;116;122;128;121;36;54;45;51;39;51;41;48
846.0;185;160;118;122;127;119;42;53;45;49;41;51;42;46
852.0;183;163;120;123;128;118;39;51;43;48;41;51;47;45
858.0;186;163;121;123;129;116;40;52;41;48;41;51;46;43
864.0;188;161;120;121;131;113;47;54;40;49;39;52;44;41
870.0;188;164;118;122;130;117;46;52;39;54;37;51;44;38
876.0;186;161;120;122;129;114;48;48;39;58;38;50;47;40
882.0;188;161;123;119;129;113;49;48;36;59;35;50;49;41
888.0;184;160;122;118;127;113;50;52;39;57;34;52;50;42
894.0;184;161;123;116;128;113;50;51;41;56;34;50;52;41
900.0;184;161;122;114;130;109;54;54;42;56;30;47;52;45
906.0;183;164;123;113;132;107;55;54;43;49;29;47;53;48
912.0;183;166;123;113;130;107;55;52;46;49;29;50;51;46
918.0;184;169;126;116;130;108;49;52;49;49;28;50;49;41
924.0;185;169;127;116;132;105;50;52;47;47;29;50;50;41
930.0;187;165;129;116;133;101;51;51;45;47;31;53;47;44
936.0;186;164;137;116;131;100;50;52;41;45;30;52;51;45
942.0;185;162;141;117;128;101;51;52;43;47;31;52;46;44
948.0;183;163;140;115;130;102;53;50;47;47;30;52;44;44
954.0;180;164;133;115;128;103;55;51;49;48;32;53;46;43
960.0;181;165;133;112;129;101;58;51;51;46;32;52;46;43
966.0;181;170;131;108;127;102;61;50;50;45;32;50;48;45
972.0;181;173;130;112;128;106;57;46;48;43;31;53;47;45
978.0;179;173;131;109;129;103;54;49;50;47;33;54;47;42
984.0;181;173;126;109;126;104;55;47;50;50;36;52;48;43
990.0;182;170;124;110;131;105;56;46;48;51;37;52;47;41
996.0;182;170;127;108;130;104;54;48;51;49;40;50;46;41
1002.0;185;170;124;109;130;103;55;45;49;51;42;52;46;39
1008.0;185;169;123;111;131;103;52;46;48;52;40;51;49;40
1014.0;183;167;124;108;132;104;50;47;50;50;40;54;50;41
1020.0;184;165;121;109;134;102;50;47;49;50;39;55;51;44
1026.0;184;163;116;110;134;101;50;48;48;56;40;56;49;45
1032.0;181;160;114;115;135;103;47;48;47;58;41;55;50;46
1038.0;183;158;114;111;135;104;47;51;46;61;39;56;51;44
1044.0;182;156;112;112;134;105;51;50;45;63;39;59;48;44
1050.0;185;158;111;112;134;102;53;49;42;62;38;59;50;45
1056.0;186;158;111;113;133;99;57;48;43;63;41;55;49;44
1062.0;186;159;110;114;134;96;53;46;47;59;41;58;50;47
1068.0;185;160;109;113;134;98;54;47;47;57;40;58;52;46
1074.0;186;158;113;112;127;102;52;47;45;59;40;56;55;48
1080.0;186;162;112;113;126;102;52;44;43;61;44;54;55;46
1086.0;186;161;109;113;127;103;52;43;44;62;45;56;54;45
1092.0;188;163;109;112;130;104;50;42;45;58;44;54;55;46
1098.0;184;165;111;111;128;102;51;45;49;58;43;52;54;47
1104.0;183;166;111;112;130;101;51;48;47;59;41;52;55;44
1110.0;184;166;111;111;130;99;50;48;45;63;40;53;52;48
1116.0;179;170;114;113;130;97;48;47;44;60;41;55;52;50
1122.0;179;173;115;112;125;100;48;48;45;59;40;51;55;50
1128.0;176;175;114;109;124;101;51;46;46;58;41;53;55;51
1134.0;174;174;115;110;123;101;54;45;46;56;42;54;57;49
1140.0;174;178;110;113;121;102;52;45;47;60;41;53;56;48
1146.0;176;179;112;115;118;103;50;45;46;59;40;55;54;48
1152.0;181;178;111;114;118;99;52;47;44;57;44;56;52;47
1158.0;187;177;110;115;117;98;52;48;43;57;45;53;52;46
1164.0;188;179;110;117;118;96;49;51;43;57;44;50;52;46
1170.0;192;177;114;119;116;94;52;51;42;59;41;45;54;44
1176.0;190;175;111;121;119;97;51;52;42;58;40;46;56;42
1182.0;191;172;112;119;119;96;52;55;43;59;41;45;55;41
1188.0;192;173;109;120;115;98;51;60;42;60;37;45;56;42
1194.0;191;174;109;118;115;97;55;59;43;57;38;44;58;42
1200.0;191;180;105;117;118;96;54;60;41;53;40;45;55;45
1206.0;191;183;105;120;119;95;53;61;42;52;39;44;52;44
1212.0;190;182;107;120;121;98;50;59;42;52;36;47;53;43
1218.0;189;182;106;119;123;99;51;59;42;53;37;45;51;44
1224.0;192;181;107;122;124;99;52;55;43;52;35;46;47;45
1230.0;193;178;106;123;124;99;51;54;45;52;37;43;48;47
1236.0;191;180;106;121;126;99;52;55;44;48;38;45;48;47
1242.0;193;179;108;119;126;99;48;53;43;47;39;48;50;48
1248.0;190;182;109;115;125;99;50;52;44;46;43;47;52;46
1254.0;189;180;109;116;126;100;50;54;47;48;40;47;48;46
1260.0;189;180;111;114;123;103;54;53;47;49;39;47;44;47
1266.0;185;181;114;116;121;102;56;53;48;46;40;46;43;49
1272.0;184;182;115;117;125;107;53;56;46;43;40;47;40;45
1278.0;182;180;118;119;125;108;54;51;46;44;40;46;41;46
1284.0;182;176;119;116;124;104;56;50;49;49;39;49;41;46
1290.0;186;175;116;114;117;106;55;53;45;53;42;50;43;45
1296.0;186;177;115;114;116;109;56;53;45;52;40;48;43;46
1302.0;186;179;113;115;116;108;58;49;45;53;40;47;43;48
1308.0;183;182;115;111;115;111;58;48;43;50;41;52;43;48
1314.0;183;181;116;110;115;110;59;47;44;56;40;52;40;47
1320.0;186;176;115;111;117;110;58;49;44;57;39;53;41;44
1326.0;184;178;118;111;118;108;56;50;42;55;41;53;42;44
1332.0;182;177;119;112;120;105;60;46;42;52;41;51;44;49
1338.0;181;177;118;110;120;105;57;48;40;50;42;52;48;52
1344.0;179;178;117;109;119;106;57;46;42;50;45;53;49;50
1350.0;182;176;118;107;120;105;53;46;44;51;48;55;47;48
1356.0;185;176;116;108;119;107;57;46;45;52;49;52;44;44
1362.0;184;177;117;105;120;108;55;47;47;53;51;51;41;44
1368.0;183;176;119;107;119;107;57;46;47;50;52;52;39;46
1374.0;182;172;123;104;118;106;56;52;47;53;49;54;40;44
1380.0;187;173;122;105;117;109;54;54;45;51;48;51;39;45
1386.0;187;170;122;105;121;110;55;56;46;50;48;48;40;42
1392.0;187;170;120;107;120;107;53;57;48;50;42;46;44;49
1398.0;185;170;124;109;120;109;49;60;48;50;43;46;42;45
1404.0;182;169;126;110;123;107;49;60;52;49;41;43;42;47
1410.0;181;171;126;108;124;107;49;57;53;50;40;44;43;47
1416.0;178;173;125;109;123;110;46;55;52;51;40;45;44;49
1422.0;176;169;127;110;126;108;46;55;50;49;43;46;46;49
1428.0;176;170;131;106;125;103;44;55;53;48;44;48;49;48
1434.0;174;175;133;106;129;104;46;51;54;47;44;46;45;46
1440.0;171;177;127;111;133;103;45;50;56;48;44;46;43;46
1446.0;168;178;129;112;131;103;45;52;53;52;45;46;40;46
1452.0;170;182;129;112;128;103;43;50;54;53;42;44;42;48
1458.0;169;183;128;115;130;100;44;49;52;55;41;43;44;47
1464.0;169;186;125;113;123;100;45;50;55;52;47;43;43;49
1470.0;168;187;121;114;124;103;41;49;57;50;47;44;46;49
1476.0;166;191;119;114;124;101;39;52;56;53;46;48;43;48
1482.0;164;191;120;112;120;104;44;52;53;50;50;48;46;46
1488.0;163;195;117;113;119;105;43;51;54;49;49;48;47;47
1494.0;163;196;116;115;114;106;43;50;53;51;51;50;46;46
1500.0;165;198;113;117;113;104;46;50;52;49;51;49;47;46
1506.0;164;198;111;118;114;108;42;49;48;52;51;51;46;48
1512.0;165;199;112;113;119;109;43;51;47;53;46;49;47;47
1518.0;164;201;111;114;118;113;43;49;48;57;44;46;47;45
1524.0;164;204;107;113;118;112;42;51;46;58;45;47;50;43
1530.0;162;201;106;113;118;116;43;53;46;61;44;44;51;42
1536.0;163;202;104;110;124;115;43;53;44;60;48;42;49;43
1542.0;166;202;104;111;123;115;48;54;44;55;48;42;46;42
1548.0;164;203;105;109;121;116;46;52;46;55;48;44;48;43
1554.0;166;203;102;109;123;113;46;54;48;53;50;46;46;41
1560.0;168;204;105;106;125;111;46;51;50;51;51;45;47;40
1566.0;170;203;103;105;125;110;49;52;46;51;50;42;52;42
1572.0;168;201;108;104;124;113;44;52;46;51;48;44;51;46
1578.0;170;201;109;102;123;114;42;52;48;49;50;40;51;49
1584.0;169;199;107;103;125;115;43;45;45;50;53;43;55;48
1590.0;167;199;109;102;122;116;42;46;46;48;55;42;56;50
1596.0;167;201;108;105;123;115;41;47;43;50;55;40;54;51
1602.0;168;202;106;106;122;115;43;47;42;53;56;41;53;46
1608.0;170;204;109;105;121;114;44;46;40;54;56;39;52;46
1614.0;169;205;109;103;120;118;41;46;44;52;57;39;49;48
1620.0;168;209;112;102;117;118;43;43;42;54;58;41;48;45
1626.0;168;210;107;105;115;118;41;45;41;54;61;40;48;47
1632.0;171;212;107;106;114;118;47;42;40;50;61;41;46;45
1638.0;172;214;108;106;114;118;47;42;41;52;57;42;41;46
1644.0;168;213;105;108;115;119;46;45;37;51;58;42;46;47
1650.0;168;211;105;103;115;119;47;46;37;49;64;42;45;49
1656.0;169;211;105;105;112;116;44;48;36;49;63;43;48;51
1662.0;170;210;108;110;114;117;41;49;34;49;57;41;46;54
1668.0;169;211;110;112;109;116;39;50;33;51;55;44;45;56
1674.0;169;212;109;111;108;116;38;52;32;51;54;43;46;59
1680.0;166;209;107;112;111;117;38;52;32;50;55;41;50;60
1686.0;166;211;108;112;113;116;36;57;31;50;54;40;48;58
1692.0;163;211;109;113;115;117;35;54;31;51;54;40;48;59
1698.0;164;208;108;114;117;116;37;51;31;53;56;41;47;57
1704.0;165;205;108;115;120;113;41;47;32;56;57;41;47;53
1710.0;169;208;109;113;117;116;40;46;34;54;55;42;44;53
1716.0;167;210;110;114;121;113;38;44;38;53;52;40;46;54
1722.0;169;212;107;114;120;117;37;42;40;52;50;41;49;50
1728.0;168;213;109;114;118;114;41;41;43;55;48;43;47;46
1734.0;170;215;108;111;118;116;41;41;44;51;46;42;52;45
1740.0;173;216;109;110;116;118;42;38;41;54;42;41;51;49
1746.0;172;216;109;107;112;119;45;40;42;56;40;42;49;51
1752.0;173;217;111;102;110;123;45;44;39;50;38;43;53;52
1758.0;175;212;113;102;111;122;42;42;42;45;39;47;53;55
1764.0;172;216;114;104;113;125;40;44;40;44;35;48;51;54
1770.0;174;211;116;104;109;126;42;43;41;46;35;50;52;51
1776.0;175;206;114;106;108;126;47;43;40;46;36;50;53;50
1782.0;174;210;117;104;105;126;47;43;38;45;37;52;53;49
1788.0;174;207;118;104;107;125;49;44;38;46;36;46;53;53
1794.0;173;208;120;106;105;123;50;46;37;46;38;44;50;54
1800.0;176;204;120;106;104;124;50;40;35;49;40;44;54;54
1806.0;176;205;121;102;105;123;47;41;36;51;41;42;54;56
1812.0;174;205;121;103;106;123;46;41;37;52;44;44;51;53
1818.0;175;203;123;102;110;126;45;41;38;48;44;42;52;51
1824.0;172;201;123;104;114;123;46;43;36;47;44;44;53;50
1830.0;173;199;122;107;117;123;47;44;38;44;45;43;51;47
1836.0;173;197;121;106;117;122;49;47;38;46;48;42;51;43
1842.0;169;194;120;107;118;126;45;51;35;45;50;44;52;44
1848.0;169;191;122;108;120;126;48;44;39;44;50;45;54;40
1854.0;166;193;121;108;123;127;47;44;41;43;50;46;50;41
1860.0;168;189;123;106;120;129;44;47;41;46;52;47;48;40
1866.0;168;187;124;105;124;130;41;49;39;42;48;46;52;45
1872.0;168;182;128;102;123;127;42;50;48;41;47;46;52;44
1878.0;166;179;124;100;125;124;40;54;49;43;47;48;53;48
1884.0;163;181;127;99;122;122;39;54;49;46;48;51;50;49
1890.0;161;184;127;100;123;121;39;56;48;46;46;50;50;49
1896.0;158;181;128;100;123;122;37;58;50;47;47;49;52;48
1902.0;157;183;132;96;122;121;38;56;48;51;49;49;50;48
1908.0;158;186;134;101;121;121;37;53;46;50;45;50;51;47
1914.0;161;183;131;103;122;121;38;52;48;54;47;50;49;41
1920.0;162;181;131;105;119;119;39;50;53;51;48;50;51;41
1926.0;161;185;132;103;118;123;39;48;55;50;46;46;51;43
1932.0;160;184;129;103;117;124;37;53;57;50;45;44;52;45
1938.0;162;185;127;103;113;124;38;49;57;50;44;43;57;48
1944.0;162;187;127;102;113;125;40;50;56;52;41;44;57;44
1950.0;162;184;126;101;112;127;42;47;53;54;44;45;58;45
1956.0;163;184;132;102;112;125;40;47;51;53;39;45;58;49
1962.0;164;187;132;100;111;124;41;48;49;50;41;45;60;48
1968.0;165;185;132;103;113;126;42;47;47;47;41;45;58;49
1974.0;165;182;129;105;117;123;44;49;44;51;39;43;59;50
