#auto generated file!
12.0;16;12;18;14;18;15;12;21;16;12;6;13;16;11
18.0;17;12;20;14;19;14;10;21;15;11;7;13;17;10
24.0;17;13;22;14;18;13;10;21;16;11;6;13;17;9
30.0;16;12;23;15;17;15;10;19;15;13;6;14;16;9
36.0;16;14;22;14;17;16;9;18;14;14;6;14;16;10
42.0;16;15;22;14;17;15;11;17;14;13;7;12;16;11
48.0;17;17;21;14;18;16;11;16;13;12;7;11;16;11
54.0;17;17;22;15;18;16;12;16;13;12;6;11;16;9
60.0;17;17;23;15;18;15;10;20;13;12;6;11;15;8
66.0;16;17;23;15;18;15;11;19;13;13;6;10;16;8
72.0;16;17;22;15;19;15;11;18;12;12;8;11;16;8
78.0;17;17;22;15;19;14;12;17;12;11;9;11;16;8
84.0;17;16;22;16;19;16;10;14;11;11;10;13;17;8
90.0;17;16;23;18;20;16;10;12;11;9;10;12;18;8
96.0;17;16;22;18;20;16;10;12;11;10;10;12;17;9
102.0;17;16;23;17;20;15;10;13;13;9;10;13;15;9
108.0;18;17;22;18;20;14;10;13;13;10;11;12;13;9
114.0;19;17;21;19;20;14;9;12;13;10;11;12;14;9
120.0;21;16;19;19;20;16;7;12;14;10;12;11;14;9
126.0;21;16;19;19;19;15;7;13;12;11;13;10;15;10
132.0;20;17;19;19;20;17;7;12;12;11;12;10;15;9
138.0;20;17;19;19;20;18;8;14;12;11;9;9;15;9
144.0;20;17;19;19;19;18;8;13;11;11;9;11;16;9
150.0;20;17;19;20;19;18;8;13;10;11;9;11;16;9
156.0;21;19;19;20;18;18;9;11;11;12;8;11;14;9
162.0;22;19;19;20;19;17;9;13;10;12;9;11;13;7
168.0;22;19;20;20;19;16;7;13;10;13;9;11;14;7
174.0;22;19;21;22;19;16;7;13;8;11;9;11;15;7
180.0;20;19;20;24;19;16;8;12;8;11;9;11;16;7
186.0;21;19;20;24;18;17;8;10;8;11;10;11;16;7
192.0;21;20;20;24;18;16;8;10;8;11;10;11;15;8
198.0;22;20;19;24;18;17;10;12;8;10;10;10;12;8
204.0;22;21;18;23;19;17;11;11;9;10;9;11;11;8
210.0;23;20;18;23;19;17;11;11;9;11;9;10;11;8
216.0;23;21;18;23;19;17;12;9;10;11;9;10;10;8
222.0;23;21;17;22;19;19;12;9;11;10;9;11;10;7
228.0;24;21;17;22;17;20;12;9;12;9;9;11;10;7
234.0;24;21;17;22;17;20;13;8;11;11;8;12;9;7
240.0;22;22;18;22;17;21;13;8;12;9;8;13;8;7
246.0;22;22;18;20;17;21;13;9;12;11;8;13;7;7
252.0;22;22;19;20;16;20;14;9;11;11;9;13;7;7
258.0;22;22;19;20;16;20;14;9;10;13;9;13;7;6
264.0;22;22;19;21;16;20;14;10;11;12;9;11;7;6
270.0;23;22;19;22;16;19;14;8;12;12;9;11;6;7
276.0;24;22;19;22;17;18;15;8;11;12;9;11;6;6
282.0;24;22;20;22;16;19;12;8;11;12;9;12;7;6
288.0;22;24;22;22;16;17;11;8;11;12;9;12;6;8
294.0;21;24;22;23;17;18;11;7;10;12;9;12;6;8
300.0;22;24;23;23;16;18;13;7;8;12;9;11;7;7
306.0;23;25;23;23;17;18;13;8;7;11;8;10;7;7
312.0;23;25;22;24;18;18;13;8;7;10;8;11;6;7
318.0;23;24;22;24;17;18;15;7;7;10;9;11;6;7
324.0;24;24;20;25;17;19;14;7;7;10;9;12;6;6
330.0;25;24;20;25;17;18;13;8;7;10;8;12;6;7
336.0;25;24;19;24;17;17;13;9;8;11;7;12;6;8
342.0;28;24;17;24;17;17;13;9;9;11;7;10;7;7
348.0;28;24;17;24;17;17;12;10;8;12;7;10;7;7
354.0;28;24;17;23;19;18;12;9;8;12;8;9;7;6
360.0;28;24;17;23;19;18;12;9;8;12;8;8;7;7
366.0;28;24;19;21;20;17;11;9;8;12;7;9;8;7
372.0;28;24;19;21;20;17;11;9;8;12;8;7;8;8
378.0;28;24;18;21;20;16;11;8;9;13;8;7;8;9
384.0;28;23;18;20;19;17;12;9;10;11;6;9;8;10
390.0;28;26;18;20;18;15;11;9;9;10;6;11;10;9
396.0;28;26;17;20;18;16;12;10;9;9;6;10;11;8
402.0;27;27;16;20;18;17;12;10;8;9;7;10;12;7
408.0;27;27;17;20;18;17;12;10;8;9;6;10;12;7
414.0;27;27;17;19;18;17;12;10;8;9;6;10;12;8
420.0;28;27;17;19;19;17;10;9;9;9;6;9;13;8
426.0;27;28;18;19;18;17;10;9;11;6;6;9;14;8
432.0;27;28;19;19;17;17;10;9;10;7;6;9;15;7
438.0;27;29;18;19;17;18;9;9;10;7;5;11;14;7
444.0;28;29;18;19;16;18;9;8;11;7;6;9;14;8
450.0;28;30;17;18;16;20;9;8;12;7;7;8;14;6
456.0;28;29;18;18;16;21;9;8;10;7;7;8;14;7
462.0;27;29;19;19;16;19;9;8;10;10;6;8;12;8
468.0;25;27;19;21;16;19;8;6;10;13;6;10;12;8
474.0;25;24;18;23;17;22;8;7;11;13;6;8;11;7
480.0;26;23;19;22;18;22;8;7;11;12;6;8;12;6
486.0;26;23;19;22;19;22;7;7;11;12;5;8;12;7
492.0;26;24;19;22;19;22;7;7;10;12;5;9;12;6
498.0;26;24;18;21;18;23;6;8;10;13;5;10;12;6
504.0;26;24;18;22;18;23;6;8;10;13;5;11;11;5
510.0;25;24;18;22;19;23;6;9;11;11;5;11;11;5
516.0;25;24;18;23;20;22;6;9;11;12;4;10;12;4
522.0;26;25;17;23;20;24;6;10;12;9;5;7;11;5
528.0;27;25;19;22;20;24;6;9;12;9;6;7;10;4
534.0;25;24;20;21;20;22;6;10;14;9;5;10;9;5
540.0;25;24;19;19;20;22;6;10;13;12;5;9;10;6
546.0;24;25;19;19;20;22;6;12;13;11;5;9;9;6
552.0;24;25;19;22;20;21;6;12;12;11;5;8;9;6
558.0;25;25;18;22;18;20;6;15;12;11;5;9;8;6
564.0;23;26;19;22;15;20;6;13;13;15;6;8;7;7
570.0;23;27;20;21;15;19;6;12;13;14;6;8;8;8
576.0;24;26;20;21;17;19;4;12;13;14;6;8;8;8
582.0;25;26;20;20;17;20;5;12;13;14;6;7;8;7
588.0;25;26;19;21;17;20;5;11;12;12;9;7;9;7
594.0;25;26;19;21;17;19;5;12;13;12;9;6;9;7
600.0;25;27;19;20;17;21;7;11;11;11;8;6;9;8
606.0;26;26;20;20;17;20;8;10;13;11;8;5;9;7
612.0;27;25;21;19;18;20;9;10;10;11;8;5;10;7
618.0;28;25;22;19;17;21;9;10;10;11;6;6;10;6
624.0;28;24;22;18;17;23;10;10;10;12;5;6;10;5
630.0;26;24;22;18;18;23;10;10;11;11;6;7;10;4
636.0;26;24;22;17;18;23;10;9;11;13;5;7;11;4
642.0;25;23;21;18;19;23;9;9;11;14;5;6;12;5
648.0;26;23;22;17;19;22;8;8;10;14;5;7;13;6
654.0;26;23;23;18;20;22;6;9;9;14;5;7;13;5
660.0;26;23;25;18;20;22;6;8;9;14;5;7;12;5
666.0;26;25;25;18;19;23;6;9;9;14;4;7;10;5
672.0;26;26;24;18;19;23;5;9;8;15;4;8;10;5
678.0;26;26;24;18;19;22;6;9;8;15;3;8;11;5
684.0;25;25;24;18;22;21;6;9;6;16;3;8;12;5
690.0;25;25;24;18;22;22;6;9;6;15;3;8;13;4
696.0;24;26;24;18;22;22;7;9;5;14;3;8;13;5
702.0;24;26;25;18;22;21;7;9;5;13;3;8;14;5
708.0;24;25;24;17;23;21;7;9;5;13;4;9;14;5
714.0;24;25;24;18;24;22;6;9;4;13;3;9;14;5
720.0;23;25;25;19;24;23;6;8;4;13;3;9;13;5
726.0;24;26;24;18;22;24;6;7;5;13;3;9;14;5
732.0;24;27;22;20;22;23;6;7;6;12;5;9;13;4
738.0;24;27;21;20;22;23;5;7;6;13;4;10;14;4
744.0;26;27;21;21;22;23;4;8;6;12;5;8;15;2
750.0;25;27;22;21;22;24;3;7;7;12;5;8;15;2
756.0;24;27;22;22;22;25;3;7;8;11;5;8;14;2
762.0;24;26;22;23;23;24;3;7;8;10;5;9;14;2
768.0;24;26;22;23;24;24;3;7;8;10;5;8;13;3
774.0;23;26;22;25;25;22;3;7;8;9;5;7;15;3
780.0;23;28;22;25;25;21;3;6;7;10;6;7;14;3
786.0;24;27;22;24;26;21;1;8;7;10;6;8;14;2
792.0;24;27;22;24;27;22;2;8;6;8;6;8;14;2
798.0;24;26;22;25;28;22;3;8;6;8;6;7;13;2
804.0;24;26;22;25;27;21;3;8;6;8;6;7;14;3
810.0;24;25;22;25;28;20;2;10;6;8;5;7;14;4
816.0;26;25;22;25;27;21;3;9;6;7;5;7;13;4
822.0;26;25;23;25;28;21;3;6;6;7;5;8;13;4
828.0;25;25;21;25;30;21;3;6;7;7;6;8;13;3
834.0;26;25;20;25;30;21;2;7;7;7;5;9;13;3
840.0;26;25;20;25;29;21;2;7;8;7;4;10;13;3
846.0;25;26;20;24;29;21;2;7;8;8;4;11;13;2
852.0;25;27;20;25;28;21;2;7;9;8;4;11;12;1
858.0;25;27;20;25;28;22;2;6;10;7;4;11;12;1
864.0;24;28;20;25;27;22;2;6;10;7;3;13;12;1
870.0;24;27;19;27;28;22;3;6;10;7;3;12;11;1
876.0;25;27;19;28;27;21;3;6;10;6;3;12;11;2
882.0;25;27;20;28;26;20;3;6;11;6;4;12;10;2
888.0;24;27;21;28;27;18;3;6;12;6;5;11;10;2
894.0;24;25;22;27;27;19;3;6;13;6;4;11;10;3
900.0;26;25;22;25;27;21;3;6;13;5;3;11;10;3
906.0;26;25;23;25;25;21;3;7;11;6;5;12;8;3
912.0;26;25;21;26;26;21;3;8;11;7;4;11;7;4
918.0;26;25;21;25;25;21;5;8;11;7;4;12;6;4
924.0;26;25;21;25;24;22;6;8;10;7;4;12;6;4
930.0;26;24;21;26;23;24;5;8;10;7;6;10;6;4
936.0;26;23;21;25;24;25;5;8;10;7;6;10;6;4
942.0;25;23;21;26;22;24;4;10;10;7;8;10;8;2
948.0;26;25;21;26;19;24;5;10;10;6;8;10;8;2
954.0;26;26;20;26;19;23;5;10;11;5;9;11;7;2
960.0;26;26;21;26;19;23;5;10;11;4;8;9;10;2
966.0;26;25;21;26;19;23;6;10;11;4;8;8;9;4
972.0;26;25;21;26;18;23;7;9;11;4;9;8;9;4
978.0;25;25;21;25;19;21;7;9;13;5;10;7;9;4
984.0;25;25;20;24;19;21;8;9;13;5;11;7;8;5
990.0;25;24;20;25;19;21;8;11;13;5;11;6;7;5
996.0;26;23;21;25;19;20;8;11;12;6;11;7;5;6
1002.0;27;22;22;24;19;20;8;9;12;8;11;7;5;6
1008.0;27;21;22;24;21;21;8;9;11;8;11;7;4;6
1014.0;26;22;21;24;20;21;8;10;11;8;9;8;4;8
1020.0;26;25;21;24;19;21;9;10;11;5;10;8;3;8
1026.0;27;25;21;24;19;20;11;10;11;4;9;7;3;9
1032.0;26;25;21;24;20;20;11;10;10;4;9;7;4;9
1038.0;26;27;21;25;20;20;11;10;9;3;8;7;4;9
1044.0;26;27;21;26;21;20;9;10;9;3;7;7;4;10
1050.0;29;27;20;27;20;20;7;9;9;3;7;7;4;11
1056.0;29;26;21;26;20;20;8;10;9;3;6;7;4;11
1062.0;27;26;22;26;20;20;9;9;8;3;6;7;4;13
1068.0;27;28;23;26;19;20;10;6;8;4;6;6;4;13
1074.0;27;28;24;24;20;20;8;6;9;3;7;6;6;12
1080.0;26;28;25;23;18;21;7;5;10;4;8;7;8;10
1086.0;26;28;25;23;18;21;7;5;10;4;7;7;9;10
1092.0;26;27;26;23;18;21;7;5;11;4;7;6;8;11
1098.0;26;29;25;24;17;21;7;5;10;4;7;6;8;11
1104.0;26;29;25;25;17;21;7;5;10;4;7;6;8;10
1110.0;26;31;25;26;17;21;5;5;10;3;8;7;7;9
1116.0;26;32;25;26;17;20;4;5;10;4;7;8;7;9
1122.0;26;32;25;26;15;20;5;4;10;4;8;8;8;9
1128.0;26;31;25;26;16;19;5;4;10;4;8;8;8;10
1134.0;27;32;25;26;16;20;6;2;9;5;8;8;7;9
1140.0;27;31;25;25;15;21;7;2;9;5;8;8;9;8
1146.0;28;32;23;25;15;19;6;2;9;7;9;8;9;8
1152.0;29;32;23;26;15;20;7;2;7;7;9;7;8;8
1158.0;30;32;23;25;14;19;7;2;8;6;9;8;9;8
1164.0;29;33;23;26;14;19;7;3;8;6;8;7;9;8
1170.0;29;32;22;27;13;20;7;4;8;6;8;8;8;8
1176.0;30;33;22;28;13;19;7;3;7;6;8;8;9;7
1182.0;30;33;22;28;12;19;7;3;8;6;8;9;8;7
1188.0;30;33;21;27;13;19;8;3;8;6;8;9;7;8
1194.0;30;32;21;27;14;19;8;3;10;6;8;7;6;9
1200.0;30;32;21;27;14;20;9;3;8;6;7;6;8;9
1206.0;28;32;22;27;14;20;8;5;9;6;7;6;8;8
1212.0;28;32;22;25;15;20;10;5;10;6;5;7;8;7
1218.0;29;32;22;24;16;19;10;5;10;6;5;6;8;8
1224.0;29;31;21;23;16;20;9;6;11;7;5;5;8;9
1230.0;29;31;21;23;16;20;9;6;12;7;5;5;8;8
1236.0;28;32;22;23;16;20;9;7;11;7;5;5;7;8
1242.0;28;31;22;23;17;18;11;6;13;6;5;6;7;7
1248.0;27;29;22;25;17;16;10;7;14;5;5;8;7;8
1254.0;27;30;24;23;17;17;10;7;12;5;5;7;7;9
1260.0;27;31;24;22;17;16;10;6;13;6;5;6;8;9
1266.0;26;30;24;22;16;16;9;6;13;7;5;7;10;9
1272.0;26;30;25;23;16;17;10;6;11;7;5;7;9;8
1278.0;27;31;23;21;16;19;10;6;12;7;6;6;9;7
1284.0;26;32;21;21;17;20;9;6;12;7;6;6;8;9
1290.0;26;33;20;22;18;19;9;6;12;7;6;6;7;9
1296.0;26;32;21;21;18;20;9;6;11;8;6;6;7;9
1302.0;27;32;21;21;18;20;9;6;11;8;6;6;7;8
1308.0;28;32;19;21;16;21;9;6;11;8;6;6;9;8
1314.0;28;31;19;21;16;21;9;5;11;7;7;8;8;9
1320.0;28;31;21;21;17;21;8;5;12;7;6;8;8;7
1326.0;28;32;21;22;16;21;8;5;11;7;6;8;8;7
1332.0;30;32;21;22;17;20;8;4;11;7;7;7;7;7
1338.0;31;32;22;21;18;20;8;4;11;7;6;7;6;7
1344.0;31;34;22;20;18;20;8;4;10;6;5;8;6;8
1350.0;31;33;21;20;16;23;9;3;9;7;6;8;6;8
1356.0;31;34;22;18;15;23;9;4;10;7;4;8;6;9
1362.0;29;33;23;19;15;25;9;3;10;7;4;7;6;10
1368.0;29;32;22;18;17;23;9;4;7;8;4;8;8;11
1374.0;32;33;21;18;17;23;7;5;6;7;4;7;9;11
1380.0;33;33;22;18;17;22;7;5;7;6;5;6;8;11
1386.0;31;33;20;20;16;23;7;4;7;6;6;7;9;11
1392.0;32;33;20;20;17;23;7;3;9;6;5;6;9;10
1398.0;31;32;21;20;17;23;6;3;9;6;7;7;9;9
1404.0;29;33;21;20;17;23;6;3;9;6;7;7;9;10
1410.0;29;32;21;20;17;24;6;4;9;5;9;7;8;9
1416.0;30;33;21;20;16;24;5;4;10;5;9;7;8;8
1422.0;30;32;21;20;16;24;5;4;11;5;10;5;8;9
1428.0;31;33;21;20;15;24;5;4;11;5;9;5;8;9
1434.0;32;32;21;21;16;24;5;4;11;5;8;4;8;9
1440.0;34;33;22;21;17;22;5;5;10;5;6;3;8;9
1446.0;34;31;22;22;16;21;5;6;10;6;6;5;7;9
1452.0;34;31;21;23;16;20;6;7;8;4;8;6;7;9
1458.0;34;31;22;23;15;20;7;6;9;4;8;7;6;8
1464.0;35;32;21;25;14;20;7;5;8;6;6;6;6;9
1470.0;35;31;21;25;15;21;7;5;8;6;6;5;6;9
1476.0;35;30;21;25;16;21;7;5;8;6;7;5;6;8
1482.0;34;29;21;25;17;20;9;5;8;5;6;4;6;11
1488.0;32;30;22;25;17;20;9;6;9;5;6;4;6;9
1494.0;32;30;22;25;16;21;7;7;9;6;5;4;7;9
1500.0;32;30;22;26;16;22;9;4;9;7;5;4;6;8
1506.0;33;30;21;26;15;21;10;4;9;7;5;4;7;8
1512.0;31;30;21;26;15;22;9;4;9;8;4;5;7;9
1518.0;31;31;19;27;15;22;8;4;8;7;6;5;6;11
1524.0;29;31;19;29;16;22;8;3;7;7;8;5;6;10
1530.0;29;31;18;28;16;21;8;4;8;7;9;5;6;10
1536.0;30;31;18;27;16;21;8;4;9;7;8;6;6;9
1542.0;30;30;18;26;16;21;9;4;10;5;10;7;5;9
1548.0;30;28;18;25;17;20;9;4;11;5;11;7;5;10
1554.0;31;29;17;24;18;20;8;4;10;5;10;8;6;10
1560.0;32;28;21;25;17;20;8;3;9;7;6;8;5;11
1566.0;32;28;20;25;16;20;8;3;9;5;6;10;6;12
1572.0;32;29;19;25;16;21;8;3;9;4;7;9;5;13
1578.0;33;31;19;24;15;22;8;3;9;4;7;9;4;12
1584.0;33;30;18;23;14;22;8;5;9;5;8;9;4;12
1590.0;33;28;19;20;14;22;8;5;11;5;9;9;5;12
1596.0;33;28;20;18;15;22;8;5;10;5;10;9;5;12
1602.0;33;28;20;18;16;22;9;6;11;4;10;8;4;11
1608.0;33;28;20;18;16;22;8;6;11;5;10;8;5;10
1614.0;32;28;20;19;15;21;8;6;11;5;12;8;5;10
1620.0;33;28;21;18;15;21;8;6;9;5;10;10;5;11
1626.0;29;29;20;18;17;20;9;6;9;5;11;9;6;12
1632.0;29;30;19;20;17;19;9;6;7;5;12;10;6;11
1638.0;29;29;19;19;17;18;10;5;5;7;13;11;6;12
1644.0;29;31;20;19;17;18;10;5;5;7;12;11;6;10
1650.0;29;32;22;19;17;18;8;5;5;7;12;10;5;11
1656.0;29;32;21;19;17;18;8;5;4;8;13;10;5;11
1662.0;29;32;21;20;16;18;8;5;4;7;13;10;6;11
1668.0;29;32;21;19;17;18;7;5;4;7;12;10;6;13
1674.0;28;32;22;19;18;17;7;5;3;7;12;10;7;13
1680.0;28;33;22;18;18;17;8;5;3;7;10;11;7;13
1686.0;28;33;22;18;18;17;8;5;3;7;10;11;7;13
1692.0;27;33;22;19;18;17;8;5;4;7;12;11;7;10
1698.0;27;34;22;19;19;17;8;7;4;7;11;9;7;9
1704.0;27;33;22;18;19;17;8;7;4;7;12;10;7;9
1710.0;27;32;22;18;19;17;8;6;4;7;13;11;7;9
1716.0;27;32;23;18;18;17;9;6;5;7;11;10;8;9
1722.0;27;33;23;18;18;17;8;6;6;8;10;10;8;8
1728.0;28;34;22;19;19;16;7;6;7;8;9;10;6;9
1734.0;28;34;22;18;19;16;8;7;6;7;9;12;6;8
1740.0;27;36;23;18;19;16;9;5;5;7;8;12;7;8
1746.0;27;35;23;18;18;16;9;8;6;6;8;13;5;8
1752.0;27;35;22;18;18;17;9;10;7;6;5;15;5;6
1758.0;27;34;22;18;18;17;10;10;7;7;6;13;5;6
1764.0;27;34;22;18;19;16;10;12;7;7;5;11;6;6
1770.0;28;34;23;18;19;16;10;11;8;6;5;11;5;6
1776.0;29;34;23;17;19;17;10;11;8;6;5;11;3;7
1782.0;30;35;23;17;19;17;11;12;7;6;5;9;2;7
1788.0;30;35;23;16;21;17;11;11;5;6;6;9;3;7
1794.0;31;35;23;16;21;18;12;9;5;5;6;8;4;7
1800.0;31;35;24;17;21;18;12;9;4;5;5;8;4;7
1806.0;31;35;24;17;21;19;11;8;4;4;6;9;4;7
1812.0;31;36;24;17;21;19;10;9;4;4;6;9;3;7
1818.0;32;37;22;17;21;20;8;10;4;4;6;10;3;6
1824.0;31;37;22;16;22;20;8;9;5;4;6;10;3;7
1830.0;30;36;23;14;22;23;5;10;5;5;7;8;5;7
1836.0;30;37;22;14;22;23;7;7;5;5;7;6;6;9
1842.0;30;38;22;14;21;22;7;8;5;5;7;6;6;9
1848.0;31;37;22;14;19;22;7;8;5;6;7;6;7;9
1854.0;31;38;21;12;20;22;7;8;5;7;7;6;7;9
1860.0;30;39;21;12;19;22;6;8;5;7;7;8;7;9
1866.0;30;40;21;12;19;23;5;8;5;8;4;9;7;9
1872.0;28;43;21;12;19;23;6;6;4;10;4;9;6;9
1878.0;30;43;22;12;19;22;7;5;3;9;5;9;5;9
1884.0;30;44;21;13;19;22;7;5;3;9;5;9;5;8
1890.0;30;44;21;13;19;22;8;5;3;9;5;9;4;8
1896.0;30;45;20;14;19;20;8;6;4;10;5;9;3;7
1902.0;29;47;20;14;20;19;8;3;4;10;5;11;4;6
1908.0;30;45;20;16;19;19;7;4;4;9;5;11;4;7
1914.0;30;43;20;18;19;19;7;5;4;9;6;10;4;6
1920.0;30;43;20;18;19;18;7;5;4;9;6;10;4;7
1926.0;29;44;19;20;18;18;7;4;5;9;7;9;4;7
1932.0;30;42;18;20;18;18;8;4;5;9;7;10;3;8
1938.0;31;42;18;21;16;18;9;4;4;9;6;10;2;10
1944.0;31;42;18;21;16;18;9;5;4;8;5;11;2;10
1950.0;32;41;18;22;16;17;10;5;4;7;5;10;4;9
1956.0;34;42;18;20;16;17;10;6;5;7;3;10;4;8
1962.0;35;41;19;20;15;17;11;7;5;8;3;9;3;7
1968.0;34;40;19;20;16;18;11;8;3;9;4;9;2;7
1974.0;34;40;20;20;15;18;11;8;3;9;4;10;2;6
