#auto generated file!
12.0;102;118;125;115;121;104;137;95;108;119;115;99;126;116
18.0;104;121;129;116;125;110;130;90;106;115;116;99;125;114
24.0;104;126;131;115;129;111;127;87;100;114;117;105;124;110
30.0;104;127;138;118;132;115;128;87;98;109;111;99;125;109
36.0;109;128;137;121;135;116;132;83;98;108;105;100;122;106
42.0;113;133;139;120;137;122;128;79;94;106;108;95;122;104
48.0;115;138;138;124;139;122;125;77;93;105;111;96;114;103
54.0;121;143;138;133;143;120;122;75;89;103;111;93;112;97
60.0;121;144;138;132;140;122;124;75;87;102;114;97;108;96
66.0;126;148;141;133;142;121;118;75;85;95;114;99;105;98
72.0;128;152;142;131;144;123;117;79;81;96;112;97;102;96
78.0;128;146;144;138;147;125;119;76;80;99;111;98;94;95
84.0;129;149;142;139;148;128;114;81;73;100;107;96;96;98
90.0;128;148;144;141;148;126;118;77;75;94;105;100;97;99
96.0;124;149;145;145;149;126;118;78;75;95;97;100;97;102
102.0;126;151;146;149;150;131;112;77;76;94;97;96;92;103
108.0;125;157;148;145;150;132;110;80;79;91;93;94;95;101
114.0;128;161;148;147;153;135;105;81;77;97;88;92;93;95
120.0;132;166;146;146;156;137;100;78;78;95;91;92;91;92
126.0;136;170;146;144;156;137;103;79;73;96;90;91;90;89
132.0;135;173;150;147;156;141;100;83;76;97;83;86;84;89
138.0;137;172;148;149;155;143;99;82;75;99;81;87;84;89
144.0;140;176;146;152;158;142;96;80;77;93;81;87;84;88
150.0;145;181;149;150;162;141;92;78;73;92;80;85;84;88
156.0;150;184;150;149;166;140;88;78;71;88;81;89;81;85
162.0;152;181;151;151;170;145;86;77;74;86;80;87;83;77
168.0;155;185;150;151;166;143;86;80;78;86;76;86;82;76
174.0;155;183;147;157;166;146;84;75;80;88;75;85;82;77
180.0;158;186;148;161;167;145;85;71;78;87;77;81;81;75
186.0;158;188;149;162;167;149;81;73;74;88;80;81;77;73
192.0;160;188;147;168;168;149;81;69;73;81;81;81;78;76
198.0;163;187;147;167;169;149;85;67;77;76;79;79;79;76
204.0;165;187;147;167;171;147;83;70;75;79;79;79;73;78
210.0;167;187;148;167;171;149;84;71;72;80;78;79;69;78
216.0;170;189;155;167;168;148;81;71;73;80;76;76;69;77
222.0;170;191;152;169;166;147;79;71;75;83;75;71;70;81
228.0;170;195;155;170;167;147;79;69;73;82;79;70;66;78
234.0;168;195;159;171;167;145;74;71;70;79;81;73;66;81
240.0;171;197;162;172;170;144;72;69;72;79;77;69;66;80
246.0;173;198;162;177;169;146;75;68;73;72;74;72;63;78
252.0;173;197;169;174;164;149;72;70;73;72;75;72;60;80
258.0;175;197;167;172;166;146;77;68;74;70;75;73;62;78
264.0;175;196;170;174;169;143;77;68;70;73;72;71;65;77
270.0;175;196;171;171;165;145;75;69;69;77;72;71;69;75
276.0;177;193;170;177;162;146;71;69;74;70;72;71;68;80
282.0;177;197;171;179;166;142;72;69;75;70;74;66;67;75
288.0;178;200;170;179;163;145;71;71;74;69;72;72;64;72
294.0;177;200;171;177;162;144;67;70;74;72;74;77;63;72
300.0;180;200;171;183;159;144;66;70;70;73;75;76;64;69
306.0;179;199;173;185;160;144;64;72;74;71;73;76;61;69
312.0;176;200;177;185;152;146;64;73;78;70;71;74;65;69
318.0;175;203;168;183;155;151;68;78;81;66;71;70;63;68
324.0;174;203;166;185;156;150;67;79;83;68;69;69;68;63
330.0;179;206;161;189;156;146;66;78;81;71;66;69;68;64
336.0;183;210;160;188;156;147;69;79;80;68;62;65;69;64
342.0;185;213;161;190;155;148;72;77;75;64;66;64;67;63
348.0;181;213;159;190;158;148;72;80;76;61;65;67;68;62
354.0;188;220;159;190;157;149;67;79;74;60;67;64;64;62
360.0;188;220;160;189;152;147;69;78;71;63;66;66;65;66
366.0;186;221;160;187;152;150;69;74;72;62;69;67;66;65
372.0;184;220;161;185;152;153;70;77;71;60;70;68;67;62
378.0;185;220;155;185;158;156;70;78;73;57;71;66;65;61
384.0;185;219;153;186;161;151;68;76;76;60;73;64;66;62
390.0;187;220;153;180;165;152;69;72;73;61;76;64;67;61
396.0;186;217;157;179;167;149;71;65;73;62;78;66;68;62
402.0;185;218;155;177;172;149;71;63;75;59;76;67;69;64
408.0;192;216;159;175;170;148;69;60;75;59;73;67;67;70
414.0;196;215;159;175;170;145;68;60;75;56;73;68;69;71
420.0;197;219;159;178;169;143;64;60;70;57;75;71;68;70
426.0;197;219;155;178;167;144;68;63;70;54;72;74;69;70
432.0;194;217;155;179;167;144;68;67;73;54;67;77;70;68
438.0;197;215;154;182;167;144;65;66;75;59;65;73;70;68
444.0;193;218;154;179;165;146;69;65;77;59;64;69;73;69
450.0;193;217;155;180;164;147;71;65;77;57;63;72;69;70
456.0;193;221;153;182;165;146;70;65;73;57;65;70;68;72
462.0;196;226;149;179;166;145;75;63;74;60;65;67;68;67
468.0;195;229;149;178;164;145;73;67;73;61;65;66;67;68
474.0;199;229;153;177;162;145;71;64;75;62;67;65;67;64
480.0;202;231;154;179;166;141;71;66;67;57;69;66;69;62
486.0;202;233;152;179;165;139;68;68;68;59;72;68;66;61
492.0;206;232;148;181;162;138;71;68;68;61;69;68;69;59
498.0;206;230;148;182;166;141;70;64;63;63;72;68;67;60
504.0;211;234;149;180;161;143;71;57;66;65;65;69;71;58
510.0;212;233;149;178;162;143;72;55;68;68;66;68;73;53
516.0;209;233;148;173;165;144;72;52;69;71;64;68;77;55
522.0;209;227;143;173;166;145;70;54;70;73;64;69;80;57
528.0;209;230;143;172;167;144;62;58;72;72;65;69;80;57
534.0;211;231;139;173;169;141;63;56;73;76;65;69;78;56
540.0;213;233;136;170;167;144;59;61;76;75;64;64;80;58
546.0;214;234;139;171;165;144;59;61;71;71;66;64;83;58
552.0;212;236;137;170;162;141;58;61;70;75;70;63;84;61
558.0;216;233;138;169;164;145;57;61;70;73;71;65;77;61
564.0;216;234;136;172;167;148;55;59;65;70;71;65;79;63
570.0;217;232;133;171;167;146;58;60;64;69;77;60;84;62
576.0;215;232;131;168;168;143;60;59;62;72;83;64;80;63
582.0;216;232;132;170;168;146;61;60;61;73;80;63;77;61
588.0;217;229;138;168;166;143;61;62;62;76;76;64;77;61
594.0;217;231;136;170;165;139;61;64;64;73;74;65;74;67
600.0;217;226;136;169;166;136;66;64;62;71;79;69;73;66
606.0;223;227;138;167;168;140;65;60;62;69;78;71;70;62
612.0;222;227;137;166;170;143;65;61;60;70;78;70;71;60
618.0;220;227;139;168;171;142;67;60;63;71;74;70;70;58
624.0;219;226;139;167;176;144;72;57;62;72;76;64;71;55
630.0;221;227;141;165;173;143;72;57;63;72;75;69;67;55
636.0;223;225;137;165;175;143;75;56;61;72;76;68;65;59
642.0;219;226;139;164;178;144;72;62;61;74;74;65;64;58
648.0;222;229;138;165;176;146;70;62;61;72;70;63;66;60
654.0;219;225;139;166;181;146;69;60;61;72;68;66;69;59
660.0;221;224;142;167;177;147;70;58;62;71;68;66;68;59
666.0;223;224;146;163;179;148;70;54;62;71;67;61;71;61
672.0;224;223;145;163;177;149;66;55;62;74;66;60;73;63
678.0;225;223;150;163;173;149;70;55;60;70;68;59;70;65
684.0;226;223;154;161;175;149;69;56;64;67;68;52;68;68
690.0;223;224;154;161;176;156;67;55;62;65;69;51;69;68
696.0;221;226;148;162;175;157;67;59;62;66;72;51;67;67
702.0;224;231;147;163;172;154;64;63;62;66;71;47;67;69
708.0;225;228;147;165;169;150;65;63;69;67;75;46;63;68
714.0;227;229;151;163;173;149;64;63;66;66;72;48;64;65
720.0;230;229;148;163;178;149;64;61;69;66;67;49;62;65
726.0;235;233;148;164;176;148;63;63;68;62;61;49;63;67
732.0;240;232;147;164;171;148;63;64;70;64;56;49;63;69
738.0;239;235;145;161;173;145;62;64;66;65;57;53;66;69
744.0;242;240;146;161;172;147;62;62;68;67;52;51;66;64
750.0;238;240;145;165;174;146;64;65;66;68;54;50;64;61
756.0;238;239;144;166;176;146;63;68;68;67;54;48;64;59
762.0;236;240;148;169;174;143;62;71;64;61;58;54;63;57
768.0;239;240;149;171;168;145;65;66;66;57;61;53;63;57
774.0;240;242;147;173;168;146;62;68;65;55;62;53;64;55
780.0;242;244;145;176;164;146;64;67;65;55;59;53;64;56
786.0;242;247;140;176;166;143;61;69;67;57;58;55;64;55
792.0;243;245;140;178;163;144;62;66;67;60;60;56;61;55
798.0;245;243;142;177;163;140;63;67;65;58;58;58;62;59
804.0;245;243;140;179;164;141;64;68;63;60;55;60;61;57
810.0;244;245;140;174;163;140;60;71;66;59;58;58;60;62
816.0;247;243;144;173;160;138;59;74;66;60;59;57;59;61
822.0;246;242;146;172;156;139;60;75;66;61;57;59;61;60
828.0;248;244;146;172;157;137;56;75;67;64;62;60;58;54
834.0;247;244;150;163;159;139;60;75;67;61;59;61;61;54
840.0;245;242;149;162;157;140;63;73;68;64;60;58;62;57
846.0;241;242;151;163;155;141;64;74;70;63;59;59;62;56
852.0;241;240;148;162;156;144;64;72;67;68;60;60;63;55
858.0;239;241;148;161;158;145;67;67;69;69;57;59;67;53
864.0;237;241;150;161;158;147;65;66;68;69;59;60;69;50
870.0;240;237;150;163;158;143;67;67;69;64;61;64;67;50
876.0;241;239;150;164;162;140;64;69;65;62;62;65;63;54
882.0;239;236;151;162;165;138;66;68;64;60;63;66;65;57
888.0;240;235;149;162;167;136;67;69;70;56;63;66;62;58
894.0;239;233;150;164;165;138;66;69;73;56;59;64;63;61
900.0;236;234;149;164;167;136;66;70;70;57;61;64;63;63
906.0;232;231;149;169;167;137;66;71;71;58;65;60;61;63
912.0;230;233;147;172;165;141;63;67;73;58;68;61;59;63
918.0;233;234;151;171;161;144;59;70;74;58;68;57;61;59
924.0;234;235;156;170;159;145;58;71;75;57;65;58;62;55
930.0;232;236;159;169;159;144;57;70;75;58;64;60;61;56
936.0;236;231;161;168;157;143;56;69;70;61;66;66;63;53
942.0;235;229;159;167;152;145;59;64;72;64;61;71;64;58
948.0;239;224;156;162;149;141;68;64;74;66;60;73;65;59
954.0;240;222;158;162;150;141;68;68;72;62;58;74;66;59
960.0;236;223;158;161;150;139;69;70;71;61;62;75;68;57
966.0;233;227;162;161;147;136;65;72;72;59;62;79;65;60
972.0;234;225;162;161;146;135;67;69;74;66;64;70;62;65
978.0;237;224;162;161;148;133;66;69;73;68;67;68;60;64
984.0;233;223;163;161;151;135;67;69;69;69;64;68;62;66
990.0;232;227;163;163;147;138;64;72;69;67;63;66;63;66
996.0;230;224;162;160;147;138;68;72;69;68;66;66;64;66
1002.0;230;225;160;161;150;140;67;73;69;66;63;66;65;65
1008.0;230;228;162;161;146;141;68;77;66;65;63;66;63;64
1014.0;232;228;159;162;146;144;67;74;67;68;67;67;59;60
1020.0;237;227;161;157;150;140;69;74;68;68;70;63;59;57
1026.0;237;223;165;159;148;142;67;73;67;68;72;61;59;59
1032.0;234;225;166;162;150;140;66;75;66;70;67;58;59;62
1038.0;234;224;164;163;153;140;69;74;67;67;72;56;60;57
1044.0;233;222;165;161;150;140;70;74;62;67;73;59;63;61
1050.0;233;223;165;159;152;137;71;76;60;68;73;58;64;61
1056.0;236;224;165;159;152;138;72;73;61;66;73;56;65;60
1062.0;230;225;171;156;148;139;70;74;60;67;75;56;69;60
1068.0;229;226;172;156;149;140;70;71;61;69;74;56;69;58
1074.0;232;225;171;153;151;139;71;70;62;76;73;54;68;55
1080.0;232;226;170;149;148;147;70;70;64;71;74;54;69;56
1086.0;231;230;172;146;151;148;68;69;65;70;73;49;70;58
1092.0;229;231;170;145;154;148;67;69;71;69;72;45;70;60
1098.0;226;232;169;142;158;148;67;66;70;69;72;46;70;65
1104.0;227;234;168;138;160;152;64;66;76;71;70;43;68;63
1110.0;228;234;170;139;159;153;67;69;75;68;67;46;67;58
1116.0;230;235;166;141;160;155;66;65;74;63;64;48;71;62
1122.0;231;237;167;140;162;154;66;64;77;63;62;48;71;58
1128.0;234;233;173;139;164;158;64;64;72;62;65;47;69;56
1134.0;238;231;180;139;165;156;61;63;68;60;63;46;70;60
1140.0;238;234;186;135;161;156;59;62;73;62;61;45;67;61
1146.0;238;239;185;135;162;151;59;63;72;64;65;46;66;55
1152.0;243;240;188;132;159;150;60;58;73;65;63;46;65;58
1158.0;241;239;190;134;157;146;59;60;78;64;61;45;67;59
1164.0;241;239;188;135;160;145;61;60;80;61;59;43;70;58
1170.0;240;241;184;134;159;143;62;60;78;64;60;45;74;56
1176.0;242;242;182;130;163;142;62;57;77;63;61;48;76;55
1182.0;240;242;181;132;167;142;58;57;78;61;62;49;76;55
1188.0;237;243;180;130;163;147;57;59;81;60;65;49;72;57
1194.0;237;239;175;126;160;149;61;62;83;63;63;53;70;59
1200.0;235;243;179;126;163;150;63;59;78;61;63;54;68;58
1206.0;239;242;179;123;161;152;64;58;81;63;65;53;65;55
1212.0;243;243;182;124;162;154;61;56;77;63;62;52;65;56
1218.0;243;244;177;126;164;155;65;59;76;60;63;49;63;56
1224.0;241;244;180;125;162;155;66;59;77;61;63;51;61;55
1230.0;241;242;177;124;164;157;65;58;79;59;65;54;60;55
1236.0;241;243;176;126;165;159;63;58;76;63;60;55;61;54
1242.0;241;243;175;132;166;159;62;55;74;63;62;53;60;55
1248.0;242;243;174;129;165;159;65;57;71;63;64;52;61;55
1254.0;246;242;172;127;164;161;64;60;71;59;63;55;59;57
1260.0;248;245;174;128;159;162;62;58;69;59;62;56;57;61
1266.0;247;244;173;128;155;162;62;58;71;58;67;55;56;64
1272.0;249;244;173;133;157;159;62;56;70;55;66;57;55;64
1278.0;250;243;174;134;159;157;59;52;70;55;63;61;58;65
1284.0;252;241;165;136;159;156;58;54;74;54;59;64;60;68
1290.0;252;237;166;133;161;161;57;55;72;56;60;61;60;69
1296.0;255;238;166;136;161;160;57;57;68;57;63;58;58;66
1302.0;252;243;167;137;158;159;59;58;66;56;63;56;62;64
1308.0;249;242;171;140;158;160;56;57;67;50;64;58;62;66
1314.0;250;243;170;145;151;158;51;58;67;50;67;63;61;66
1320.0;251;245;172;141;149;161;51;57;66;54;62;62;63;66
1326.0;251;244;171;141;146;161;52;57;61;54;66;65;69;62
1332.0;250;245;168;141;148;161;56;54;61;52;68;63;72;61
1338.0;249;246;170;139;150;163;56;55;60;52;72;62;70;56
1344.0;254;246;171;141;152;164;58;52;60;51;69;60;67;55
1350.0;250;249;167;146;152;167;55;52;61;56;66;58;67;54
1356.0;248;247;168;146;151;169;57;54;65;54;64;59;67;51
1362.0;243;249;166;143;147;167;57;58;64;56;64;63;69;54
1368.0;245;249;167;142;149;171;55;57;61;57;64;60;69;54
1374.0;246;251;166;142;147;171;59;62;61;55;66;56;64;54
1380.0;243;253;167;141;150;168;56;62;61;54;66;56;65;58
1386.0;246;252;168;139;148;168;54;59;63;58;67;57;66;55
1392.0;247;254;167;138;146;165;57;58;61;57;65;59;64;62
1398.0;248;252;167;136;149;166;55;58;64;56;62;59;66;62
1404.0;251;255;163;137;148;164;54;58;63;58;61;62;67;59
1410.0;250;249;167;139;145;166;59;61;64;58;60;59;65;58
1416.0;249;248;165;142;148;164;58;62;67;58;58;59;65;57
1422.0;249;250;167;143;146;162;58;65;67;58;56;59;62;58
1428.0;247;251;164;145;142;165;58;65;67;61;57;56;64;58
1434.0;247;247;167;148;141;169;57;68;62;58;56;55;66;59
1440.0;250;248;171;149;139;164;58;68;59;56;59;54;66;59
1446.0;251;247;172;150;141;166;58;73;58;54;56;55;65;54
1452.0;250;247;173;149;141;169;58;72;59;53;58;54;65;52
1458.0;248;244;175;153;145;172;57;75;59;48;58;55;64;47
1464.0;247;241;174;153;146;175;57;76;56;49;59;56;63;48
1470.0;242;245;173;152;148;177;55;72;61;51;59;53;64;48
1476.0;242;245;174;152;148;179;58;70;59;52;62;54;60;45
1482.0;242;247;177;149;150;174;62;66;57;52;61;54;65;44
1488.0;242;243;176;151;150;171;59;69;60;55;62;54;63;45
1494.0;244;244;175;149;150;170;58;71;60;56;60;51;66;46
1500.0;247;245;177;156;148;167;54;68;57;57;61;53;62;48
1506.0;244;246;181;157;150;165;54;64;58;56;59;52;64;50
1512.0;241;248;179;154;149;164;55;62;61;58;62;53;65;49
1518.0;242;250;177;155;148;163;58;64;59;56;64;55;64;45
1524.0;238;252;177;155;146;163;60;64;58;54;64;57;64;48
1530.0;239;253;177;152;148;165;60;63;56;53;60;60;61;53
1536.0;240;252;181;156;144;161;59;65;55;56;55;64;61;51
1542.0;243;252;176;154;145;165;63;60;57;55;58;59;62;51
1548.0;242;255;172;154;148;161;62;65;56;55;61;58;61;50
1554.0;240;252;171;154;147;164;63;60;57;58;60;60;63;51
1560.0;239;251;171;152;145;167;62;60;57;58;61;64;63;50
1566.0;239;249;168;153;147;164;58;63;54;61;59;66;65;54
1572.0;238;258;166;154;145;163;58;63;55;61;57;67;64;51
1578.0;235;259;165;155;146;163;54;62;56;63;57;66;66;53
1584.0;233;256;168;153;150;159;55;62;56;65;61;64;64;54
1590.0;235;258;169;144;151;160;52;65;57;67;59;66;65;52
1596.0;236;261;170;146;148;163;50;65;52;67;57;70;63;52
1602.0;235;258;170;151;146;163;52;66;52;67;56;70;64;50
1608.0;232;257;169;152;147;163;55;62;56;72;52;66;65;52
1614.0;229;256;168;150;147;165;55;60;57;72;55;70;64;52
1620.0;230;258;168;147;149;166;55;58;53;66;58;73;67;52
1626.0;231;259;162;142;149;173;54;60;55;67;57;67;69;55
1632.0;227;262;163;142;150;171;56;63;56;64;55;68;69;54
1638.0;227;260;160;140;152;178;55;60;57;60;55;65;72;59
1644.0;230;249;158;143;151;181;58;57;59;60;57;63;72;62
1650.0;229;247;160;146;149;179;57;59;60;61;56;66;67;64
1656.0;231;245;165;149;148;179;58;57;59;61;59;62;63;64
1662.0;228;247;167;150;144;174;54;60;64;59;61;63;64;65
1668.0;229;250;161;149;142;172;56;62;64;61;59;67;63;65
1674.0;233;250;161;150;142;176;53;66;66;60;58;63;60;62
1680.0;232;251;161;152;139;177;51;66;67;58;57;66;58;65
1686.0;232;251;166;151;136;175;48;71;69;57;58;63;56;67
1692.0;230;254;164;149;136;177;48;73;70;56;64;61;53;65
1698.0;233;251;164;148;140;178;47;72;68;55;70;56;49;69
1704.0;234;249;164;143;139;180;46;66;72;57;74;56;49;71
1710.0;236;254;163;144;138;177;49;65;70;57;77;54;48;68
1716.0;237;255;163;142;139;176;49;66;70;55;77;51;48;72
1722.0;237;258;160;145;137;176;50;66;69;54;76;53;50;69
1728.0;235;254;166;144;136;177;56;61;67;58;80;50;49;67
1734.0;237;256;167;138;136;176;57;64;62;57;80;53;50;67
1740.0;237;256;165;137;139;175;56;63;66;57;84;52;48;65
1746.0;239;256;163;138;137;172;58;68;63;60;81;53;49;63
1752.0;235;255;162;136;142;173;61;69;66;58;82;55;47;59
1758.0;236;254;163;137;141;172;61;67;65;58;81;55;47;63
1764.0;234;254;164;138;139;170;59;67;64;60;81;57;50;63
1770.0;234;251;165;138;137;169;56;73;62;62;76;58;49;70
1776.0;227;251;170;137;135;174;59;72;57;62;77;62;47;70
1782.0;228;255;176;141;132;171;59;77;60;54;71;64;44;68
1788.0;229;256;174;142;135;176;58;79;56;53;67;64;46;65
1794.0;224;255;173;145;133;175;61;77;57;57;68;63;45;67
1800.0;226;255;174;149;134;174;60;76;57;57;65;63;44;66
1806.0;224;257;174;148;136;171;58;74;59;56;67;64;45;67
1812.0;221;258;175;143;141;168;60;74;58;56;65;65;48;68
1818.0;221;257;176;143;147;167;63;70;61;51;65;63;50;66
1824.0;220;257;171;145;142;173;63;72;64;46;66;62;51;68
1830.0;221;261;170;146;142;174;62;72;62;47;66;64;51;62
1836.0;223;261;172;149;141;176;64;67;63;43;64;63;53;61
1842.0;220;265;172;151;145;172;61;66;67;40;65;63;51;62
1848.0;219;267;175;152;141;170;60;65;67;38;65;64;54;63
1854.0;220;263;171;151;142;172;59;66;66;39;66;60;57;68
1860.0;223;265;172;155;143;170;55;68;61;40;67;59;56;66
1866.0;221;266;169;153;142;169;55;64;60;40;70;65;61;65
1872.0;224;268;168;152;143;171;49;62;60;45;68;67;59;64
1878.0;223;268;169;152;146;169;49;62;62;50;71;63;60;56
1884.0;222;270;167;152;149;168;49;61;59;55;73;62;57;56
1890.0;225;272;169;154;148;163;49;60;57;58;74;62;55;54
1896.0;226;269;169;153;149;163;50;61;56;60;73;62;53;56
1902.0;223;270;169;156;149;161;49;56;60;60;72;64;55;56
1908.0;226;273;166;156;148;164;48;50;64;61;73;60;54;57
1914.0;224;273;170;153;147;164;49;51;66;59;69;63;55;57
1920.0;226;272;169;152;149;169;49;53;61;55;67;64;57;57
1926.0;232;274;169;152;150;168;50;51;62;56;62;55;58;61
1932.0;235;278;166;152;148;167;50;49;63;60;62;53;56;61
1938.0;232;283;165;152;151;162;50;52;62;61;60;55;54;61
1944.0;226;285;165;152;154;161;56;54;57;59;61;58;53;59
1950.0;229;283;161;152;154;161;54;56;57;60;59;58;54;62
1956.0;224;287;161;155;154;162;53;54;56;62;56;60;56;60
1962.0;224;284;161;152;157;163;53;57;57;65;56;58;51;62
1968.0;227;282;160;151;158;163;54;56;58;64;54;57;55;61
1974.0;225;284;159;152;157;163;52;58;56;65;54;58;57;60
