#auto generated file!
12.0;99;108;97;95;110;90;81;102;91;108;97;115;107;100
18.0;101;115;100;99;112;89;79;102;89;108;96;109;107;94
24.0;112;116;101;101;116;88;78;98;86;111;93;111;100;89
30.0;111;121;104;102;121;86;78;95;84;111;94;107;101;85
36.0;112;124;107;104;119;85;78;92;83;111;93;107;100;85
42.0;116;130;107;104;119;87;77;87;83;109;89;106;101;85
48.0;119;131;107;106;120;91;79;91;75;107;87;105;99;83
54.0;122;130;107;108;117;99;80;89;78;106;84;100;95;85
60.0;124;128;107;112;118;103;81;87;77;107;83;96;94;83
66.0;127;132;112;112;117;101;85;84;75;106;78;95;95;81
72.0;134;135;112;115;123;105;83;82;72;100;76;91;91;81
78.0;137;140;112;117;124;108;83;86;73;91;71;91;87;80
84.0;142;142;114;117;128;109;82;81;70;92;67;88;92;76
90.0;141;146;114;116;127;111;79;83;67;91;69;85;91;80
96.0;141;148;113;117;129;114;71;86;69;94;65;83;89;81
102.0;141;148;113;113;129;114;71;85;72;96;67;82;90;79
108.0;143;151;117;115;126;112;71;81;71;99;63;80;92;79
114.0;144;156;117;116;126;111;71;77;72;97;65;79;89;80
120.0;144;155;116;116;127;112;71;78;74;94;68;79;86;80
126.0;144;157;121;116;128;112;68;79;72;94;68;76;90;75
132.0;146;155;123;119;131;110;68;76;69;90;69;74;93;77
138.0;148;153;128;118;129;114;68;75;70;86;72;71;94;74
144.0;149;153;132;118;131;114;70;74;70;86;71;71;93;68
150.0;151;154;128;122;132;112;68;75;66;85;67;72;98;70
156.0;155;157;131;124;131;112;68;75;62;81;65;73;99;67
162.0;158;155;134;129;130;113;65;74;62;83;65;71;95;66
168.0;155;155;135;128;134;110;67;73;60;81;66;74;95;67
174.0;156;160;135;126;132;107;69;72;59;75;68;77;99;65
180.0;156;163;136;125;133;110;66;72;59;75;66;78;99;62
186.0;156;165;137;126;132;112;65;71;56;74;67;78;99;62
192.0;155;166;139;124;130;111;63;75;58;71;67;80;98;63
198.0;157;169;134;122;132;111;64;77;56;72;69;80;97;60
204.0;155;171;131;119;135;113;65;77;59;73;65;82;94;61
210.0;159;167;134;118;138;111;66;76;59;72;65;81;92;62
216.0;161;166;140;117;136;114;62;72;58;75;71;76;88;64
222.0;162;168;141;118;136;111;61;69;53;74;74;82;88;63
228.0;163;170;138;120;132;107;62;69;55;78;71;83;90;62
234.0;166;174;134;118;136;106;60;66;54;77;74;81;92;62
240.0;168;173;133;123;137;105;55;61;50;83;81;80;91;60
246.0;170;176;135;124;137;108;55;60;48;80;81;76;86;64
252.0;169;180;132;126;140;103;56;59;49;83;75;74;87;67
258.0;172;177;132;128;141;103;54;61;46;85;74;74;86;67
264.0;176;175;132;127;136;107;54;62;46;81;74;75;86;69
270.0;174;180;131;130;135;105;55;62;50;79;73;76;83;67
276.0;175;182;133;129;133;107;56;61;51;77;75;73;84;64
282.0;175;183;131;130;131;106;57;60;52;75;75;76;84;65
288.0;175;182;129;135;134;104;56;57;51;72;73;81;86;65
294.0;178;181;129;138;131;101;54;55;54;73;74;84;80;68
300.0;180;186;134;136;128;103;51;54;58;68;74;82;78;68
306.0;182;187;133;135;128;107;49;52;59;67;72;83;79;67
312.0;183;187;133;134;129;108;51;55;60;63;65;85;79;68
318.0;186;184;137;132;126;105;49;56;66;65;64;87;74;69
324.0;186;185;140;133;126;101;50;56;66;64;64;87;73;69
330.0;187;187;143;136;128;102;52;52;64;61;65;89;70;64
336.0;186;188;146;135;128;101;56;52;63;63;63;86;71;62
342.0;189;190;147;135;130;102;55;51;60;68;59;83;69;62
348.0;187;191;148;139;127;106;55;55;61;65;59;80;66;61
354.0;189;192;148;139;127;108;56;55;59;66;57;81;63;60
360.0;189;193;146;141;127;104;56;55;56;65;61;81;64;62
366.0;187;192;144;138;133;103;55;54;55;69;61;83;66;60
372.0;186;190;146;141;136;105;51;54;57;69;58;83;64;60
378.0;189;188;146;143;134;105;51;55;58;71;58;78;65;59
384.0;190;189;143;145;133;104;49;54;60;71;61;78;64;59
390.0;191;190;144;144;132;101;52;56;61;69;64;75;62;59
396.0;196;188;139;147;134;100;53;59;62;68;64;74;61;55
402.0;196;185;140;144;137;98;55;61;63;65;64;76;61;55
408.0;199;181;142;143;134;101;54;63;60;66;62;76;62;57
414.0;198;180;147;142;133;100;51;66;59;65;59;79;64;57
420.0;197;178;147;144;132;100;55;62;62;68;55;78;66;56
426.0;197;179;148;141;130;102;52;60;62;68;56;83;66;56
432.0;199;177;146;138;133;104;51;58;60;72;52;85;65;60
438.0;198;180;147;143;134;106;51;59;60;68;50;81;64;59
444.0;201;179;148;144;134;105;49;59;62;66;51;79;65;58
450.0;201;180;150;143;136;105;49;56;63;62;52;78;65;60
456.0;203;182;150;142;132;109;50;56;61;62;59;70;62;62
462.0;207;183;150;140;133;107;52;57;59;62;56;68;62;64
468.0;203;181;148;143;132;107;55;57;62;65;58;67;57;65
474.0;200;182;152;142;131;108;56;55;63;68;57;64;58;64
480.0;203;183;148;145;133;108;57;54;62;63;60;66;57;61
486.0;200;184;148;143;135;111;55;56;64;59;62;66;57;60
492.0;200;184;147;143;135;110;53;56;66;59;64;63;59;61
498.0;202;185;147;144;136;111;50;54;68;60;60;66;57;60
504.0;204;182;146;142;137;112;53;54;70;60;61;64;57;58
510.0;207;185;145;140;134;114;51;53;70;59;58;64;61;59
516.0;209;183;141;139;136;114;54;57;68;60;58;60;61;60
522.0;207;185;142;138;133;114;58;57;67;60;58;59;64;58
528.0;206;185;141;134;136;115;56;55;69;57;63;57;66;60
534.0;204;187;143;132;135;115;53;54;66;57;63;57;68;66
540.0;203;186;144;128;139;117;51;59;68;59;62;54;65;65
546.0;204;185;148;127;142;116;55;57;65;57;61;53;66;64
552.0;204;188;148;126;144;113;53;60;65;56;61;54;65;63
558.0;202;189;145;130;146;116;57;57;61;60;58;57;62;60
564.0;203;194;141;126;145;117;56;58;60;58;58;60;62;62
570.0;206;193;141;128;145;116;55;54;61;57;59;60;62;63
576.0;208;193;141;128;146;116;57;52;61;55;59;63;58;63
582.0;211;193;144;128;146;118;53;54;63;54;56;63;53;64
588.0;212;191;141;131;147;117;49;56;63;54;58;61;55;65
594.0;209;195;143;127;149;115;49;53;63;54;57;61;56;69
600.0;205;197;143;123;146;117;48;54;64;55;56;66;54;72
606.0;205;200;141;122;145;119;47;56;67;55;56;64;54;69
612.0;207;201;141;122;141;120;46;58;68;59;54;66;52;65
618.0;206;203;143;122;143;116;47;53;68;60;55;69;52;63
624.0;205;204;144;124;142;117;46;56;68;59;51;69;53;62
630.0;208;207;141;124;142;118;47;54;68;58;50;68;53;62
636.0;211;203;145;122;139;115;45;55;69;56;48;69;55;68
642.0;212;203;143;124;142;115;46;51;68;57;46;68;56;69
648.0;211;201;147;124;140;117;45;52;69;58;47;64;57;68
654.0;211;202;144;120;143;123;43;54;70;53;48;67;56;66
660.0;208;204;147;117;142;122;40;56;68;53;51;66;55;71
666.0;208;203;147;116;143;125;37;55;66;52;48;66;61;73
672.0;212;203;147;114;143;127;37;55;69;50;47;63;63;70
678.0;218;205;150;111;137;129;38;50;69;50;49;64;59;71
684.0;220;206;150;111;137;132;36;49;68;50;46;66;62;67
690.0;219;209;149;111;133;133;35;48;67;53;48;64;63;68
696.0;220;209;146;110;135;132;39;49;68;57;47;63;61;64
702.0;222;209;147;111;140;131;42;48;69;55;45;57;64;60
708.0;221;213;148;113;141;134;38;48;68;57;40;60;63;56
714.0;225;216;150;111;140;133;41;48;68;57;37;56;62;56
720.0;229;209;151;114;141;128;47;48;66;56;39;59;61;52
726.0;229;211;153;117;138;126;47;49;67;57;40;57;60;49
732.0;230;209;149;120;138;125;46;50;69;58;40;55;57;54
738.0;228;213;152;119;134;126;44;48;68;57;40;56;60;55
744.0;226;215;158;122;132;124;45;45;67;54;41;55;59;57
750.0;225;214;161;119;127;130;42;48;64;52;46;53;61;58
756.0;225;213;162;121;127;132;42;44;61;52;47;59;61;54
762.0;224;212;164;119;128;132;37;45;63;50;48;62;62;54
768.0;220;217;167;116;129;133;39;42;62;47;48;61;61;58
774.0;223;219;166;117;128;131;39;44;63;46;49;61;57;57
780.0;222;214;162;117;131;130;37;48;62;50;51;62;55;59
786.0;220;218;160;113;130;127;38;49;66;52;46;65;55;61
792.0;223;218;162;113;127;128;37;50;66;54;46;63;54;59
798.0;223;219;157;118;130;128;39;53;63;51;47;64;49;59
804.0;221;218;158;117;133;130;43;54;61;56;44;60;46;59
810.0;224;218;154;118;133;132;47;52;60;58;44;58;44;58
816.0;224;218;153;119;135;134;49;50;58;56;45;57;46;56
822.0;221;215;157;116;137;126;49;54;60;59;45;58;49;54
828.0;218;216;157;114;136;126;51;55;58;61;45;58;47;58
834.0;219;218;159;112;135;124;56;56;58;61;44;55;46;57
840.0;219;217;160;112;138;123;54;59;60;59;39;53;50;57
846.0;222;217;157;113;141;125;55;56;61;58;37;54;46;58
852.0;226;214;156;111;140;124;54;56;62;58;35;52;47;65
858.0;223;210;161;110;141;126;53;58;62;56;38;52;47;63
864.0;226;214;160;111;143;124;48;56;62;59;38;51;49;59
870.0;228;215;167;108;137;125;46;57;58;58;40;52;46;63
876.0;230;217;170;110;135;126;45;50;63;55;34;54;49;62
882.0;231;218;164;112;130;124;48;48;63;56;37;55;53;61
888.0;231;218;162;112;127;123;53;51;62;59;38;51;54;59
894.0;228;217;160;114;128;125;55;51;62;61;38;52;51;58
900.0;226;217;159;116;127;124;52;55;60;62;38;56;50;58
906.0;225;220;161;116;129;121;52;55;59;61;36;59;49;57
912.0;224;220;164;116;126;121;50;56;60;66;35;57;46;59
918.0;224;222;164;116;126;123;50;55;57;64;35;57;51;56
924.0;226;223;164;110;128;128;48;49;58;63;37;56;51;59
930.0;226;223;163;110;127;133;48;49;56;65;38;49;51;62
936.0;227;221;164;112;124;135;47;46;57;65;39;50;53;60
942.0;230;221;165;114;121;135;49;48;55;62;39;52;49;60
948.0;231;224;165;117;124;134;52;47;51;59;36;53;46;61
954.0;230;222;163;120;126;137;49;46;50;57;39;54;46;61
960.0;226;225;164;119;124;137;51;49;54;56;37;55;44;59
966.0;227;224;164;119;124;136;47;44;56;56;35;58;49;61
972.0;227;225;162;119;124;136;48;47;59;49;33;58;51;62
978.0;226;223;161;118;127;140;45;49;58;50;34;60;51;58
984.0;223;223;160;122;130;141;44;49;54;55;35;56;54;54
990.0;222;224;161;121;129;140;47;50;55;54;34;55;55;53
996.0;222;220;162;120;127;141;50;53;52;55;35;53;57;53
1002.0;222;220;161;120;128;139;46;53;54;54;37;58;57;51
1008.0;221;221;159;117;128;136;47;56;57;57;35;58;57;51
1014.0;223;222;158;115;126;139;47;52;54;58;38;59;60;49
1020.0;224;224;157;117;125;139;48;55;51;55;39;56;62;48
1026.0;222;223;158;116;124;137;43;58;52;57;42;57;58;53
1032.0;224;224;154;113;126;140;44;57;54;59;41;57;59;48
1038.0;223;223;151;112;127;139;45;59;52;63;42;56;60;48
1044.0;224;224;149;111;130;140;49;55;50;64;41;52;58;53
1050.0;224;225;147;112;129;140;54;55;50;63;40;51;56;54
1056.0;224;227;147;114;126;139;53;54;51;61;43;51;56;54
1062.0;222;226;144;116;128;141;51;53;52;59;43;51;56;58
1068.0;219;228;147;113;129;138;53;51;57;57;44;50;54;60
1074.0;222;226;147;116;128;140;53;48;55;58;47;48;52;60
1080.0;224;228;146;116;128;141;56;47;51;58;48;46;49;62
1086.0;225;228;146;117;127;139;56;51;49;55;48;47;50;62
1092.0;224;226;145;118;129;140;58;50;50;55;51;42;48;64
1098.0;224;225;145;114;128;143;57;52;56;52;51;44;45;64
1104.0;226;225;142;115;129;142;56;48;60;55;49;44;46;63
1110.0;224;224;146;114;128;141;52;45;62;56;53;44;48;63
1116.0;228;223;147;111;128;138;57;41;60;55;53;47;52;60
1122.0;228;221;144;115;129;139;57;42;59;57;52;43;53;61
1128.0;224;222;143;114;132;140;56;44;61;57;55;44;52;56
1134.0;228;218;143;114;133;140;54;41;65;56;54;47;55;52
1140.0;228;219;145;116;135;142;56;42;57;56;55;47;53;49
1146.0;230;221;142;113;135;139;56;45;56;56;50;50;55;52
1152.0;231;219;143;116;131;139;54;47;56;53;51;52;57;51
1158.0;230;226;141;116;127;139;52;49;60;54;49;49;56;52
1164.0;230;228;139;118;125;142;49;52;62;51;48;48;57;51
1170.0;229;229;140;118;124;142;50;52;64;50;50;47;54;51
1176.0;230;228;139;117;123;142;53;53;63;51;51;49;52;49
1182.0;226;229;144;116;119;142;56;55;60;48;52;50;54;49
1188.0;220;226;145;116;118;139;55;55;58;56;49;53;55;55
1194.0;220;231;142;117;117;140;52;57;56;54;51;53;54;56
1200.0;226;230;144;115;113;138;54;56;52;55;55;53;53;56
1206.0;226;230;144;117;116;137;55;54;52;60;55;48;51;55
1212.0;224;230;145;115;118;140;57;51;56;55;54;52;49;54
1218.0;223;227;145;114;120;145;58;53;55;55;58;49;48;50
1224.0;222;231;146;116;118;146;60;51;50;57;60;46;48;49
1230.0;226;227;143;115;116;148;59;52;51;58;61;46;46;52
1236.0;225;229;142;116;115;150;56;51;48;62;62;48;49;47
1242.0;225;228;141;117;115;150;55;54;49;63;59;46;47;51
1248.0;228;227;140;115;118;152;53;54;48;66;59;46;46;48
1254.0;226;230;138;117;119;151;52;54;46;61;61;48;48;49
1260.0;225;228;138;117;122;147;52;55;46;63;60;52;48;47
1266.0;223;226;139;116;121;148;54;60;43;61;61;51;51;46
1272.0;221;223;139;116;121;149;55;59;45;61;62;49;51;49
1278.0;224;227;137;115;122;145;55;56;44;61;60;51;49;54
1284.0;225;228;136;115;120;146;57;56;44;58;62;51;49;53
1290.0;229;227;135;114;122;143;58;53;46;59;61;53;47;53
1296.0;228;224;133;115;119;143;55;57;47;60;64;54;49;52
1302.0;225;225;134;117;119;147;58;56;52;58;59;53;47;50
1308.0;225;226;134;117;120;146;61;51;52;63;60;49;47;49
1314.0;225;222;136;113;125;147;60;53;50;64;60;46;48;51
1320.0;225;220;137;113;125;147;61;54;47;62;61;48;47;53
1326.0;224;219;141;117;122;147;66;51;49;55;60;51;47;51
1332.0;224;219;138;116;125;146;62;50;50;56;61;55;47;51
1338.0;223;222;139;117;123;149;61;45;51;58;60;56;45;51
1344.0;222;219;145;117;122;151;58;45;49;58;60;56;45;53
1350.0;223;218;146;119;122;151;57;43;48;56;61;57;47;52
1356.0;219;220;149;121;120;152;58;42;49;55;63;53;47;52
1362.0;217;217;148;120;122;154;64;43;45;49;62;55;50;54
1368.0;220;219;151;119;121;151;62;43;47;53;58;55;51;50
1374.0;217;216;153;116;122;152;66;42;47;53;62;53;52;49
1380.0;212;221;151;116;124;157;66;42;48;54;60;49;51;49
1386.0;212;220;149;118;126;155;64;43;49;58;61;50;51;44
1392.0;215;219;151;115;127;156;65;41;49;57;63;49;49;44
1398.0;217;218;156;113;130;153;66;43;49;52;60;50;52;41
1404.0;224;216;156;118;130;153;65;38;48;51;58;51;51;41
1410.0;225;221;154;118;129;152;64;36;48;54;54;52;49;44
1416.0;225;225;154;113;127;151;64;39;44;52;54;50;53;49
1422.0;223;226;150;113;128;147;60;41;47;52;54;56;55;48
1428.0;222;226;154;114;131;146;60;43;46;50;56;53;51;48
1434.0;222;227;151;113;131;148;59;42;47;52;54;52;53;49
1440.0;220;226;152;112;132;151;59;42;45;52;52;52;55;50
1446.0;220;224;152;112;135;150;62;42;47;50;54;49;54;49
1452.0;221;229;148;112;136;155;60;44;47;54;48;49;54;43
1458.0;224;231;148;111;137;152;66;41;47;51;50;45;55;42
1464.0;224;227;152;110;138;151;68;39;45;52;51;49;55;39
1470.0;221;232;152;109;140;152;69;38;44;49;53;47;55;39
1476.0;222;231;153;112;141;150;70;41;42;48;52;46;52;40
1482.0;224;231;152;112;140;150;69;41;45;47;53;47;50;39
1488.0;224;233;150;112;142;147;67;42;41;51;54;49;48;40
1494.0;223;234;146;109;143;144;66;42;40;55;56;52;50;40
1500.0;224;236;144;109;143;141;62;41;41;56;56;52;54;41
1506.0;227;237;145;110;142;141;59;42;43;55;60;52;50;37
1512.0;223;234;144;108;147;143;60;49;42;57;59;49;47;38
1518.0;224;235;146;109;147;143;61;48;42;58;54;48;47;38
1524.0;225;237;152;109;145;137;63;49;41;54;52;50;48;38
1530.0;221;234;157;109;149;134;64;47;41;52;51;54;51;36
1536.0;225;235;153;111;146;136;64;46;40;53;48;58;47;38
1542.0;229;233;156;109;145;136;64;44;41;54;47;60;46;36
1548.0;231;235;160;106;141;138;67;45;41;51;47;60;43;35
1554.0;232;236;158;104;136;143;63;45;45;51;43;61;46;37
1560.0;230;237;160;106;138;141;62;43;45;50;42;62;46;38
1566.0;229;241;155;105;140;141;62;41;47;52;41;61;43;42
1572.0;230;242;157;103;140;139;57;42;49;53;42;62;43;41
1578.0;231;239;153;105;138;136;57;42;48;55;44;59;49;44
1584.0;231;235;150;106;136;134;59;45;46;52;46;62;51;47
1590.0;231;233;150;106;133;132;62;45;44;51;46;62;54;51
1596.0;231;232;148;107;132;132;64;46;46;51;46;64;51;50
1602.0;229;228;149;114;133;131;63;47;46;51;48;64;48;49
1608.0;228;228;149;115;132;129;59;51;47;51;52;61;48;50
1614.0;225;228;153;116;133;130;63;53;47;45;51;61;48;47
1620.0;223;227;153;118;135;129;64;54;48;47;50;57;48;47
1626.0;226;226;155;121;136;126;57;50;45;49;57;54;51;47
1632.0;224;226;153;120;131;130;62;53;44;52;55;57;48;45
1638.0;218;224;156;120;134;128;63;54;41;51;57;58;47;49
1644.0;218;226;155;116;134;125;63;55;45;51;60;58;43;51
1650.0;220;228;155;120;132;125;64;55;42;50;56;60;41;52
1656.0;218;231;152;122;132;127;62;57;40;51;56;58;45;49
1662.0;214;233;151;123;133;133;62;56;42;50;54;57;45;47
1668.0;212;231;148;120;134;134;67;56;42;50;54;58;49;45
1674.0;214;232;151;119;134;132;67;53;42;50;56;57;46;47
1680.0;214;236;156;116;133;130;68;51;43;47;53;58;45;50
1686.0;215;234;159;115;136;130;66;50;42;45;51;58;48;51
1692.0;215;230;158;113;132;133;69;52;45;43;54;55;48;53
1698.0;213;230;156;114;131;133;71;53;47;45;49;57;49;52
1704.0;214;230;157;116;129;132;72;50;50;45;46;58;50;51
1710.0;219;226;158;116;129;133;69;51;50;46;47;54;51;51
1716.0;214;225;157;114;125;134;69;52;50;51;47;56;53;53
1722.0;214;222;154;116;122;138;68;55;54;49;47;53;51;57
1728.0;214;222;156;116;125;137;67;55;55;48;48;54;49;54
1734.0;216;225;153;116;126;132;68;53;56;48;50;52;49;56
1740.0;216;227;149;116;128;132;68;48;54;52;52;52;47;59
1746.0;214;228;150;119;131;129;66;44;56;54;53;52;42;62
1752.0;212;231;152;120;129;127;65;45;57;52;55;46;46;63
1758.0;211;230;151;125;131;126;60;46;59;50;56;45;48;62
1764.0;209;233;150;122;132;127;57;45;61;51;54;45;50;64
1770.0;208;233;149;124;129;127;58;45;63;48;60;42;49;65
1776.0;210;232;151;121;125;125;55;48;62;51;62;41;55;62
1782.0;207;230;151;124;125;123;55;49;62;53;61;42;56;62
1788.0;206;230;150;122;126;120;52;51;62;52;61;44;58;66
1794.0;206;229;151;125;130;119;55;48;61;47;60;40;61;68
1800.0;207;231;147;127;130;120;53;47;60;47;59;45;60;67
1806.0;210;233;144;129;130;119;56;48;56;45;58;47;58;67
1812.0;209;232;148;130;130;121;54;52;54;45;55;48;59;63
1818.0;210;232;149;128;130;123;56;52;52;45;55;49;59;60
1824.0;207;228;147;130;131;117;58;52;52;48;58;49;58;65
1830.0;207;227;144;131;134;118;57;52;56;46;57;49;56;66
1836.0;204;226;143;132;134;116;60;54;51;48;64;49;57;62
1842.0;206;227;142;128;137;118;61;56;51;48;63;51;56;56
1848.0;209;226;142;128;139;118;65;53;51;45;63;50;53;58
1854.0;208;224;144;132;139;118;65;53;49;48;60;49;54;57
1860.0;207;221;143;130;133;119;69;53;50;49;61;48;60;57
1866.0;208;220;143;129;129;120;70;53;54;45;60;49;59;61
1872.0;211;219;142;129;130;120;67;54;52;49;61;46;60;60
1878.0;213;220;141;129;131;122;65;55;50;52;59;45;60;58
1884.0;210;220;137;127;133;119;67;55;54;56;59;44;62;57
1890.0;208;222;138;128;131;120;66;56;55;57;57;48;61;53
1896.0;206;227;137;125;135;117;64;57;59;58;56;48;58;53
1902.0;205;232;139;124;137;118;61;54;55;56;58;49;59;53
1908.0;210;232;140;125;136;116;61;52;55;54;61;48;61;49
1914.0;213;231;137;128;138;117;61;50;54;55;62;48;58;48
1920.0;211;229;137;129;139;115;58;51;55;59;58;51;58;50
1926.0;216;228;136;130;139;112;58;50;57;59;60;49;57;49
1932.0;221;227;135;131;140;110;54;51;56;63;58;50;55;49
1938.0;222;224;136;132;140;111;55;50;57;64;58;48;55;48
1944.0;219;224;132;132;143;109;56;50;57;65;59;51;56;47
1950.0;218;226;133;133;142;110;58;51;58;60;59;53;54;45
1956.0;218;229;134;134;146;107;54;52;53;61;57;55;53;47
1962.0;216;228;136;136;143;108;54;56;54;60;55;56;52;46
1968.0;216;225;133;138;147;108;53;56;55;62;55;54;51;47
1974.0;216;223;132;137;151;109;53;57;52;63;54;53;50;50
