#auto generated file!
12.0;124;113;162;135;130;128;135;133;136;135;120;130;107;112
18.0;128;114;161;138;130;132;136;129;133;136;117;129;107;110
24.0;136;115;158;140;128;136;134;133;135;135;115;124;104;107
30.0;140;116;155;140;132;140;133;130;130;135;112;125;103;109
36.0;150;116;156;144;136;143;130;126;130;128;113;122;101;105
42.0;150;118;161;146;137;146;133;118;130;126;110;119;103;103
48.0;158;117;165;147;140;146;135;117;122;122;109;117;105;100
54.0;167;119;168;148;144;149;128;116;121;117;104;115;105;99
60.0;168;128;169;150;142;149;124;115;121;115;101;109;105;104
66.0;171;134;170;153;143;149;119;115;118;114;102;109;98;105
72.0;170;137;170;157;143;150;116;113;117;116;99;110;96;106
78.0;168;144;173;158;145;154;115;106;115;112;102;112;93;103
84.0;172;144;180;160;149;159;107;105;115;110;99;109;89;102
90.0;175;143;181;163;150;160;105;106;112;109;99;108;89;100
96.0;174;145;190;162;155;162;100;106;114;105;100;103;85;99
102.0;180;147;189;165;157;165;99;105;107;102;96;101;87;100
108.0;180;151;187;168;160;166;91;105;105;101;95;99;85;107
114.0;180;157;189;170;158;164;91;104;107;101;92;95;89;103
120.0;180;158;188;171;161;167;90;104;109;102;90;92;89;99
126.0;180;160;187;172;162;170;86;105;107;104;90;91;84;102
132.0;182;162;184;177;160;171;87;100;104;106;92;89;81;105
138.0;186;165;186;177;164;167;87;103;96;106;91;86;77;109
144.0;184;164;180;182;163;172;86;102;95;105;92;84;80;111
150.0;186;167;178;181;166;170;89;103;91;104;93;85;77;110
156.0;188;170;174;181;163;170;91;100;90;106;98;84;77;108
162.0;191;171;175;185;162;174;93;99;89;108;91;87;70;105
168.0;190;172;176;185;164;173;94;99;90;106;92;90;67;102
174.0;190;175;175;182;164;177;94;98;94;102;92;88;70;99
180.0;190;179;178;182;165;177;95;93;94;103;92;85;67;100
186.0;187;180;182;181;164;176;96;86;99;105;95;84;69;96
192.0;190;182;181;176;166;172;95;85;102;105;96;86;70;94
198.0;190;177;184;179;167;174;95;84;99;105;91;89;70;96
204.0;197;174;182;184;171;169;96;81;101;100;92;92;71;90
210.0;199;179;180;187;169;164;100;82;96;102;90;91;70;91
216.0;195;183;180;188;169;163;107;78;96;101;90;86;70;94
222.0;199;186;180;187;172;167;110;76;92;99;92;81;67;92
228.0;202;190;175;189;173;166;112;79;93;94;88;81;69;89
234.0;205;193;175;191;176;165;111;79;89;93;84;83;69;87
240.0;202;196;180;187;172;168;108;81;81;90;90;87;71;87
246.0;204;203;184;186;172;172;100;81;82;85;90;81;72;88
252.0;205;202;184;189;171;173;94;81;80;83;86;82;75;95
258.0;208;207;185;189;170;177;95;77;79;79;84;80;78;92
264.0;212;210;188;184;170;171;95;77;78;82;81;82;79;91
270.0;213;211;186;180;171;168;100;78;87;84;74;81;77;90
276.0;216;213;183;182;170;167;98;76;88;82;75;82;77;91
282.0;217;216;185;179;169;169;99;74;84;84;75;85;75;89
288.0;217;220;186;181;171;171;102;74;83;84;68;84;73;86
294.0;216;223;183;182;176;176;101;71;82;84;67;78;72;89
300.0;216;225;182;177;172;182;104;73;76;84;67;78;72;92
306.0;218;229;184;183;172;187;104;69;72;80;63;77;71;91
312.0;219;226;185;183;173;187;103;70;72;81;64;78;71;88
318.0;225;229;183;179;172;183;104;65;72;79;61;83;77;88
324.0;227;230;179;179;174;185;106;66;72;78;59;84;77;84
330.0;226;233;179;179;174;186;106;63;70;81;59;81;80;83
336.0;229;237;178;178;176;186;104;62;72;84;61;78;78;77
342.0;229;235;179;175;173;190;103;61;72;85;62;77;76;83
348.0;232;234;177;177;177;189;105;60;70;80;61;79;75;84
354.0;233;235;179;178;180;188;107;59;71;78;59;79;72;82
360.0;233;235;179;175;179;186;106;62;72;76;62;82;72;81
366.0;236;239;180;171;180;186;108;58;75;75;60;79;71;82
372.0;237;239;179;173;179;190;104;60;73;75;56;74;76;85
378.0;239;240;178;173;178;191;105;58;76;69;58;75;75;85
384.0;239;241;178;172;177;189;101;61;76;66;59;79;72;90
390.0;241;241;176;179;175;189;97;61;78;67;59;73;71;93
396.0;243;244;164;177;182;186;96;63;83;71;57;70;72;92
402.0;244;245;163;177;183;184;94;64;85;69;58;65;76;93
408.0;246;246;166;178;172;186;92;71;82;65;61;69;74;92
414.0;240;248;171;182;172;189;92;73;78;65;63;67;73;87
420.0;242;248;169;185;171;189;92;69;77;69;69;69;70;81
426.0;239;246;168;189;175;190;92;68;73;68;73;71;69;79
432.0;242;245;168;189;175;188;93;70;74;68;70;71;69;78
438.0;242;246;167;188;172;189;95;70;74;67;69;71;74;76
444.0;241;246;169;187;175;186;91;67;76;68;71;71;73;79
450.0;242;248;166;185;174;188;91;71;76;65;70;69;76;79
456.0;242;248;165;181;173;190;93;68;77;70;72;70;75;76
462.0;247;244;159;186;176;188;92;67;79;74;73;69;73;73
468.0;250;246;158;185;174;188;93;74;73;75;72;72;67;73
474.0;250;247;159;185;173;187;91;76;74;75;71;72;68;72
480.0;250;245;160;190;174;184;91;75;76;76;70;70;68;71
486.0;247;247;160;189;173;189;94;72;73;78;71;70;66;71
492.0;246;250;161;189;174;187;93;68;70;77;71;72;67;75
498.0;250;250;159;192;177;189;88;69;66;74;68;77;69;72
504.0;255;247;159;190;176;187;82;72;66;72;70;77;74;73
510.0;253;247;161;188;173;187;82;75;69;73;70;77;74;71
516.0;251;248;162;191;171;188;80;76;69;73;69;77;76;69
522.0;248;249;160;196;170;186;85;80;71;74;64;76;72;69
528.0;248;249;161;196;170;188;86;78;68;78;61;73;73;71
534.0;251;248;155;197;169;185;90;80;71;74;62;71;74;73
540.0;251;250;155;199;167;182;86;77;72;74;65;75;75;72
546.0;252;249;154;202;168;185;77;77;75;75;66;76;73;71
552.0;246;246;155;203;169;184;76;80;73;75;69;77;71;76
558.0;249;247;153;198;168;187;76;79;71;74;71;79;69;79
564.0;249;246;153;196;172;187;75;77;73;78;69;75;69;81
570.0;250;251;154;198;173;184;74;74;73;78;68;75;73;75
576.0;251;252;156;200;168;185;68;74;72;79;70;78;76;71
582.0;253;256;157;197;169;189;63;76;71;75;71;80;73;70
588.0;257;260;155;192;171;187;59;76;72;74;75;77;74;71
594.0;257;264;154;195;172;188;58;72;69;75;73;78;76;69
600.0;256;266;150;197;173;191;55;71;65;77;73;80;77;69
606.0;255;268;151;193;175;184;54;76;65;79;73;77;80;70
612.0;252;269;150;193;174;186;55;74;60;83;72;81;82;69
618.0;252;267;150;196;175;190;53;74;59;84;72;80;80;68
624.0;252;268;156;199;174;191;54;76;54;81;72;79;78;66
630.0;249;266;155;199;169;194;55;75;51;79;78;80;80;70
636.0;256;268;153;203;170;192;54;77;46;81;75;79;72;74
642.0;255;268;149;206;166;192;56;73;45;81;75;85;74;75
648.0;254;269;151;210;165;188;58;69;45;83;75;81;76;76
654.0;252;271;149;209;162;186;62;71;48;81;81;79;72;77
660.0;249;276;147;208;163;184;62;72;50;79;85;74;76;75
666.0;247;274;148;209;163;180;63;74;49;79;83;75;81;75
672.0;248;275;150;209;159;183;67;69;51;74;84;76;78;77
678.0;248;277;153;203;159;185;66;73;47;76;80;77;75;81
684.0;253;270;154;203;161;184;64;74;50;80;78;75;74;80
690.0;257;267;153;203;164;186;64;73;49;79;74;75;76;80
696.0;257;267;156;201;161;187;65;73;51;79;73;77;74;79
702.0;259;264;153;201;162;190;67;68;52;86;71;76;69;82
708.0;259;265;158;202;163;187;63;69;50;84;72;75;71;82
714.0;258;267;155;197;166;188;67;68;58;81;75;73;65;82
720.0;259;266;154;198;165;185;70;66;59;80;75;77;65;81
726.0;256;266;155;196;166;183;71;65;63;80;75;80;61;83
732.0;260;267;157;192;165;180;73;62;67;77;79;82;57;82
738.0;260;270;160;189;165;181;79;63;66;74;74;80;57;82
744.0;256;269;155;192;162;182;77;65;68;78;74;83;62;77
750.0;252;268;158;193;168;189;70;69;66;74;71;82;69;71
756.0;250;272;159;196;171;187;68;66;67;71;68;87;71;67
762.0;252;272;161;198;170;182;66;68;68;70;66;85;75;67
768.0;253;269;164;201;169;180;68;69;71;73;66;80;72;65
774.0;256;266;164;197;166;178;69;69;73;75;69;80;72;66
780.0;251;268;164;195;167;182;69;68;77;73;70;77;74;65
786.0;253;270;165;197;166;184;66;68;72;75;71;76;75;62
792.0;253;271;167;199;161;185;61;70;76;77;70;75;76;59
798.0;254;269;167;197;160;183;60;74;75;78;72;77;76;58
804.0;252;267;167;198;164;184;58;70;74;80;76;77;73;60
810.0;253;265;165;198;165;183;58;68;76;80;76;78;74;61
816.0;252;265;169;199;164;179;59;66;80;79;75;78;74;61
822.0;251;267;167;197;166;182;57;70;77;72;71;83;78;62
828.0;254;267;169;194;165;183;59;71;76;69;78;78;77;60
834.0;259;265;168;186;163;184;61;68;74;68;84;81;74;65
840.0;253;267;172;188;159;184;63;71;72;68;80;83;75;65
846.0;253;269;176;189;159;184;67;68;72;67;77;84;71;64
852.0;252;268;177;185;162;183;68;68;74;72;78;83;64;66
858.0;255;271;179;184;159;178;70;71;72;74;79;81;61;66
864.0;258;271;178;183;160;182;70;68;72;74;81;80;61;62
870.0;256;271;180;182;162;182;70;68;70;73;81;81;62;62
876.0;258;270;181;184;164;183;68;70;72;66;78;79;63;64
882.0;256;270;183;188;166;180;67;65;70;64;78;82;66;65
888.0;254;269;182;185;167;178;68;68;74;64;72;88;66;65
894.0;258;269;186;187;166;179;66;67;72;62;73;89;62;64
900.0;259;271;190;190;163;175;71;70;75;61;69;85;59;62
906.0;255;274;192;183;164;175;69;68;76;63;69;86;61;65
912.0;253;276;186;184;168;175;72;69;79;63;67;84;56;68
918.0;249;275;187;184;170;176;73;74;77;61;67;81;56;70
924.0;249;273;192;183;174;175;72;72;78;60;67;80;57;68
930.0;251;274;191;185;173;174;71;74;76;62;69;76;57;67
936.0;250;277;190;184;171;171;70;68;76;65;71;77;61;69
942.0;250;278;191;184;169;169;71;66;78;61;73;78;63;69
948.0;252;274;191;181;166;169;70;68;78;62;73;80;65;71
954.0;252;271;192;184;170;171;69;63;86;63;70;74;63;72
960.0;257;267;193;184;169;171;70;61;85;64;71;74;64;70
966.0;259;265;193;182;170;176;64;59;86;66;72;72;63;73
972.0;261;263;195;179;170;173;63;58;89;66;73;71;63;76
978.0;256;263;197;177;168;170;62;58;90;69;75;72;66;77
984.0;261;262;193;172;169;172;64;59;86;69;74;77;64;78
990.0;261;268;191;165;170;170;67;64;83;72;73;72;63;81
996.0;261;262;195;163;175;166;65;62;85;77;78;72;62;77
1002.0;263;265;199;160;176;162;60;68;82;78;75;73;62;77
1008.0;261;267;201;159;174;159;62;70;78;76;73;76;64;80
1014.0;262;268;200;165;174;154;63;71;77;74;74;75;64;79
1020.0;264;266;203;165;172;154;60;68;78;76;76;74;64;80
1026.0;262;264;202;168;169;159;58;69;77;77;73;75;67;80
1032.0;259;258;202;168;173;163;60;70;76;72;76;76;70;77
1038.0;262;264;204;163;171;162;60;73;70;72;72;78;72;77
1044.0;263;259;203;161;175;160;62;72;75;69;69;77;79;76
1050.0;258;259;207;160;172;161;62;72;75;70;68;82;75;79
1056.0;256;259;204;157;173;167;60;72;74;70;68;82;77;81
1062.0;255;258;205;157;176;167;59;68;74;69;72;80;76;84
1068.0;254;259;206;158;177;167;63;68;75;70;68;78;77;80
1074.0;253;264;206;157;172;166;64;64;78;76;69;73;76;82
1080.0;254;265;203;157;169;169;64;61;81;80;71;72;73;81
1086.0;260;267;202;156;170;168;63;62;76;80;73;70;78;75
1092.0;265;266;202;157;163;172;60;62;75;82;73;72;79;72
1098.0;267;265;200;158;159;171;56;63;77;81;75;76;80;72
1104.0;265;265;204;161;155;168;55;66;78;84;75;72;84;68
1110.0;261;267;207;161;158;169;57;66;77;80;75;68;84;70
1116.0;258;266;209;162;161;168;59;66;76;77;73;69;84;72
1122.0;262;266;210;166;161;169;59;66;73;76;74;68;82;68
1128.0;258;263;217;168;163;164;58;72;72;75;71;69;83;67
1134.0;257;260;216;162;165;162;59;76;77;77;72;68;81;68
1140.0;258;259;217;162;165;161;62;76;77;72;72;68;81;70
1146.0;255;262;217;160;170;161;63;75;76;76;73;66;74;72
1152.0;254;267;220;158;170;157;64;76;79;72;71;68;73;71
1158.0;258;268;221;158;169;155;65;72;82;73;68;68;72;71
1164.0;256;268;222;159;173;156;67;76;81;72;64;64;71;71
1170.0;256;268;223;164;171;154;66;76;80;69;66;66;71;70
1176.0;256;268;219;167;170;153;64;78;80;73;66;65;69;72
1182.0;256;267;218;165;172;158;62;77;76;74;70;68;67;70
1188.0;258;268;216;167;170;157;61;78;76;74;70;66;69;70
1194.0;253;264;211;169;168;150;66;80;78;71;75;72;73;70
1200.0;253;265;213;168;171;152;68;75;78;70;74;68;71;74
1206.0;250;262;216;167;169;151;74;74;79;67;73;70;73;75
1212.0;253;261;218;166;169;150;73;70;76;72;69;71;73;79
1218.0;250;260;218;169;173;150;78;65;79;66;71;66;77;78
1224.0;255;264;213;170;172;149;75;64;81;68;73;65;72;79
1230.0;252;265;206;169;172;147;76;63;81;70;73;72;75;79
1236.0;252;269;203;174;177;144;75;66;76;76;71;65;72;80
1242.0;254;267;205;174;178;145;72;64;76;73;71;60;79;82
1248.0;256;269;205;176;176;147;72;64;72;75;74;60;72;82
1254.0;261;272;204;170;180;149;71;64;70;70;72;59;76;82
1260.0;265;272;204;174;176;145;71;59;67;76;70;66;73;82
1266.0;269;270;207;173;177;144;69;57;70;75;71;67;68;83
1272.0;274;274;205;172;177;145;72;55;67;75;69;65;66;84
1278.0;274;279;203;170;178;145;73;57;65;75;67;66;68;80
1284.0;271;281;199;169;184;147;79;59;62;73;62;64;70;80
1290.0;273;281;196;169;183;143;76;60;66;79;64;61;66;83
1296.0;273;275;197;170;187;141;79;60;66;80;63;61;69;79
1302.0;273;276;196;169;187;143;80;60;64;80;64;62;71;75
1308.0;273;277;196;168;184;148;81;57;59;81;68;61;72;75
1314.0;274;278;189;169;178;146;81;56;65;80;70;66;74;74
1320.0;275;279;188;171;183;148;79;57;63;78;72;67;69;71
1326.0;276;276;186;178;183;148;76;55;65;77;73;66;68;73
1332.0;273;278;189;176;183;151;73;58;66;77;73;67;64;72
1338.0;273;277;187;174;185;149;72;63;68;78;79;63;62;70
1344.0;277;279;183;176;185;148;72;66;68;75;74;66;61;70
1350.0;275;277;182;180;187;148;71;67;69;71;74;65;63;71
1356.0;274;280;182;175;189;143;74;70;70;70;72;68;61;72
1362.0;271;281;182;176;193;144;75;71;68;64;74;69;61;71
1368.0;267;283;184;169;199;145;74;69;70;61;77;69;59;74
1374.0;265;281;189;170;202;145;74;66;69;63;78;65;63;70
1380.0;267;279;191;170;202;145;75;61;67;59;83;66;68;67
1386.0;268;280;191;171;200;145;70;61;67;62;81;69;68;67
1392.0;270;278;190;173;197;148;64;64;65;63;80;72;68;68
1398.0;274;277;185;168;196;148;65;66;63;65;81;76;71;65
1404.0;275;280;183;163;197;148;72;64;64;64;80;79;67;64
1410.0;275;281;183;168;193;148;73;63;64;63;76;80;67;66
1416.0;273;276;182;165;192;149;73;62;66;65;78;80;70;69
1422.0;269;279;186;167;191;147;74;64;64;65;76;79;65;74
1428.0;272;280;187;166;190;146;70;64;62;67;74;80;67;75
1434.0;272;274;190;164;190;148;71;68;60;68;76;80;65;74
1440.0;269;273;192;161;186;145;73;72;63;67;77;80;66;76
1446.0;270;270;190;169;189;147;75;70;60;67;75;78;62;78
1452.0;275;268;189;171;188;150;74;70;59;65;71;79;59;82
1458.0;273;270;188;167;186;151;74;70;57;69;70;82;58;85
1464.0;273;273;187;167;184;148;73;67;55;71;73;81;60;88
1470.0;277;273;188;168;182;147;70;67;55;71;73;84;59;86
1476.0;275;272;189;163;183;150;72;70;52;73;72;82;61;86
1482.0;278;271;190;162;183;152;74;71;49;72;71;82;65;80
1488.0;277;269;188;169;187;152;72;71;47;71;71;80;67;79
1494.0;281;270;189;172;183;153;74;70;46;70;72;78;63;79
1500.0;281;270;186;174;183;148;77;71;47;71;70;77;63;82
1506.0;278;272;184;174;185;148;77;72;52;73;68;74;61;82
1512.0;280;271;185;173;181;151;76;71;49;74;68;72;65;84
1518.0;278;277;182;176;180;157;76;70;51;73;63;70;66;81
1524.0;278;274;181;177;181;157;70;72;52;75;64;72;65;82
1530.0;277;272;182;176;175;157;72;70;53;74;65;73;70;84
1536.0;277;271;178;177;174;157;72;76;51;75;64;74;73;81
1542.0;282;265;181;179;177;154;76;78;52;69;62;72;75;78
1548.0;279;264;178;179;178;153;74;76;56;72;65;69;74;83
1554.0;274;262;175;181;180;151;75;82;54;73;71;69;72;81
1560.0;274;260;175;184;176;153;76;78;54;74;70;74;76;76
1566.0;277;261;173;187;178;150;76;77;53;69;72;79;76;72
1572.0;276;261;173;182;180;151;71;74;57;69;69;80;80;77
1578.0;278;259;171;181;177;153;71;75;56;68;70;85;81;75
1584.0;272;262;174;178;179;155;69;71;60;70;74;82;82;72
1590.0;273;265;173;178;179;159;69;73;59;71;73;80;81;67
1596.0;274;265;172;175;180;161;68;77;61;74;71;79;78;65
1602.0;270;267;174;179;181;161;62;76;61;73;74;80;75;67
1608.0;270;270;178;180;180;160;61;78;62;73;74;77;72;65
1614.0;267;270;175;179;179;157;68;77;63;72;77;81;72;63
1620.0;264;275;180;177;178;154;66;82;65;68;78;78;69;66
1626.0;265;273;176;182;180;155;67;82;60;63;80;79;71;67
1632.0;265;269;177;179;185;154;66;81;63;67;80;79;69;66
1638.0;263;268;175;183;188;156;63;78;62;68;81;78;74;63
1644.0;260;267;173;180;191;156;64;84;64;66;77;80;74;64
1650.0;257;272;174;182;189;154;66;83;67;62;78;78;78;60
1656.0;262;273;172;178;186;148;75;81;64;60;82;79;78;62
1662.0;265;270;171;176;184;146;77;83;64;60;80;80;79;65
1668.0;268;267;176;176;179;148;76;79;66;61;80;84;75;65
1674.0;267;268;181;175;184;148;74;76;68;60;82;78;73;66
1680.0;264;266;179;173;186;152;71;75;69;59;82;79;77;68
1686.0;264;264;180;173;188;150;72;72;72;61;80;81;76;67
1692.0;268;264;182;174;187;152;70;76;70;64;80;74;76;63
1698.0;268;266;182;174;185;151;69;78;72;63;76;72;76;68
1704.0;264;261;185;176;186;150;72;75;71;64;78;69;77;72
1710.0;269;259;185;177;189;146;76;70;71;66;77;69;73;73
1716.0;270;262;187;178;189;146;76;68;71;63;74;69;75;72
1722.0;272;258;183;180;191;146;74;68;69;62;77;73;73;74
1728.0;276;256;179;182;192;146;74;66;67;60;82;73;77;70
1734.0;274;258;182;180;191;151;75;63;68;59;82;76;72;69
1740.0;272;258;187;182;191;151;72;67;66;58;77;79;72;68
1746.0;270;256;187;184;188;150;70;68;67;58;81;78;77;66
1752.0;271;256;186;186;191;150;72;72;62;55;83;73;75;68
1758.0;270;259;185;185;190;152;69;76;61;57;84;73;69;70
1764.0;270;259;181;186;190;153;67;79;62;55;85;76;65;72
1770.0;272;260;185;184;186;154;66;75;63;54;87;75;69;70
1776.0;271;263;182;182;188;153;63;81;61;53;87;75;72;69
1782.0;272;266;182;184;185;154;60;82;61;52;85;76;72;69
1788.0;280;265;182;181;182;151;61;80;60;52;87;77;75;67
1794.0;279;262;181;179;186;153;63;82;63;52;89;72;74;65
1800.0;281;262;176;177;183;155;66;80;65;54;87;76;72;66
1806.0;278;262;177;174;180;154;65;80;68;59;87;75;75;66
1812.0;275;258;182;177;181;153;67;74;65;60;92;75;73;68
1818.0;277;255;185;178;177;154;69;77;66;60;91;70;71;70
1824.0;276;256;182;176;179;157;68;75;69;57;93;73;71;68
1830.0;276;257;183;175;179;157;71;69;69;58;93;75;71;67
1836.0;278;255;183;174;181;155;67;73;67;63;97;74;68;65
1842.0;278;255;181;173;186;157;68;74;66;62;97;72;68;63
1848.0;274;257;181;168;189;163;73;73;67;63;92;77;62;61
1854.0;276;257;180;165;185;164;73;74;70;60;87;83;62;64
1860.0;278;258;181;166;188;163;71;72;70;60;90;80;62;61
1866.0;277;259;179;168;186;170;73;70;68;62;87;78;58;65
1872.0;282;257;177;166;185;169;75;74;67;65;81;78;56;68
1878.0;281;258;181;164;181;167;74;71;70;67;85;77;59;65
1884.0;281;262;182;162;185;165;71;74;65;68;84;78;55;68
1890.0;284;259;176;164;187;165;68;77;65;75;86;76;54;64
1896.0;285;257;175;163;186;165;70;71;67;78;85;79;56;63
1902.0;285;253;172;165;184;165;67;67;68;78;84;86;61;65
1908.0;286;253;175;167;184;167;68;67;66;74;82;88;62;61
1914.0;291;252;178;163;185;168;70;65;66;69;81;86;64;62
1920.0;286;256;182;163;181;170;75;62;65;71;79;85;63;62
1926.0;285;254;182;163;181;170;72;63;68;72;76;87;66;61
1932.0;285;258;183;164;183;171;65;65;71;69;70;87;69;60
1938.0;285;259;181;162;184;166;64;67;68;68;72;94;68;62
1944.0;283;258;182;161;187;166;64;68;66;68;71;95;69;62
1950.0;286;257;181;162;186;163;66;67;66;68;73;95;67;63
1956.0;286;256;181;161;189;166;63;64;67;78;73;91;63;62
1962.0;286;256;182;163;190;173;61;61;67;78;69;90;63;61
1968.0;283;256;180;166;189;176;62;60;63;78;71;89;64;63
1974.0;284;256;181;167;185;174;65;58;63;83;69;85;65;65
