#auto generated file!
12.0;130;120;105;116;105;98;115;117;103;131;115;107;107;131
18.0;134;122;107;121;106;97;111;119;109;126;108;110;103;127
24.0;135;130;111;120;108;101;109;113;110;124;108;107;102;122
30.0;138;131;112;120;109;103;106;113;110;119;111;102;101;125
36.0;141;131;119;118;110;103;104;116;105;120;112;100;97;124
42.0;142;130;118;117;111;109;101;114;108;115;114;100;98;123
48.0;141;133;118;120;113;110;92;112;110;118;117;101;96;119
54.0;143;133;121;120;116;108;92;111;109;116;114;101;100;116
60.0;144;135;126;123;116;107;94;109;109;108;110;99;107;113
66.0;151;137;128;126;122;112;94;99;105;106;107;94;103;116
72.0;153;139;128;127;126;117;95;101;100;105;106;93;96;114
78.0;153;143;129;127;128;116;94;104;99;98;103;93;97;116
84.0;152;146;134;126;130;118;95;104;97;100;101;89;94;114
90.0;156;147;134;127;127;124;97;102;94;96;107;87;92;110
96.0;155;144;133;132;129;126;98;101;92;95;105;83;93;114
102.0;154;142;140;136;126;123;97;99;93;91;105;84;91;119
108.0;154;149;140;138;126;120;94;98;94;93;102;86;94;112
114.0;160;148;138;137;126;121;98;95;100;88;100;86;93;110
120.0;160;152;140;139;127;125;95;92;100;88;98;84;88;112
126.0;164;157;145;141;126;125;96;91;99;84;99;75;85;113
132.0;166;157;147;142;127;127;94;88;103;81;93;79;85;111
138.0;171;161;145;143;132;128;91;85;102;82;92;78;85;105
144.0;174;159;146;142;136;130;89;88;103;81;92;77;78;105
150.0;174;164;147;143;135;129;89;84;103;80;97;75;75;105
156.0;172;170;146;149;136;127;85;85;101;80;94;74;79;102
162.0;174;173;144;150;136;129;85;84;101;77;91;75;80;101
168.0;177;174;149;147;138;131;83;87;99;78;90;73;76;98
174.0;171;175;147;146;139;132;87;84;101;81;98;67;73;99
180.0;173;174;149;145;144;132;85;89;99;77;96;66;72;99
186.0;176;173;154;144;142;134;86;88;101;71;95;65;73;98
192.0;180;177;155;146;147;132;87;88;98;67;98;63;70;92
198.0;180;179;155;149;149;134;88;87;94;68;98;61;66;92
204.0;180;177;157;151;151;135;87;83;92;70;92;64;69;92
210.0;184;175;161;152;150;131;82;83;93;68;91;65;74;91
216.0;184;177;159;155;149;128;85;85;96;67;86;64;72;93
222.0;187;176;158;156;149;128;83;88;93;66;91;62;68;95
228.0;189;176;160;158;145;130;85;90;96;65;86;61;68;91
234.0;191;174;164;159;144;130;82;92;96;61;86;66;68;87
240.0;190;175;163;158;145;129;85;89;94;58;85;68;69;92
246.0;192;176;164;159;144;126;84;85;85;66;82;72;70;95
252.0;193;177;164;161;141;125;84;83;90;69;77;71;75;90
258.0;195;179;163;165;143;125;83;81;88;74;75;72;70;87
264.0;196;182;165;163;141;129;83;81;85;74;76;71;71;83
270.0;192;183;162;165;142;131;81;80;86;76;76;74;67;85
276.0;192;185;164;167;143;131;77;78;81;75;75;73;74;85
282.0;190;192;164;170;144;135;77;79;77;75;74;73;67;83
288.0;196;197;164;170;144;134;77;79;75;75;72;71;67;79
294.0;196;196;164;174;149;131;78;77;73;70;71;73;67;81
300.0;200;199;166;174;151;132;78;75;67;71;70;69;66;82
306.0;202;202;166;171;150;132;82;75;65;70;71;68;65;81
312.0;207;203;165;173;150;132;78;77;65;71;70;61;69;79
318.0;204;202;169;174;155;130;75;74;68;67;72;59;70;81
324.0;203;203;171;170;155;131;75;74;68;65;72;58;73;82
330.0;204;203;169;167;156;133;75;79;67;68;71;57;70;81
336.0;203;199;169;165;160;131;76;80;65;70;71;59;70;82
342.0;202;199;171;165;163;132;74;79;63;69;71;58;72;82
348.0;203;197;171;167;165;136;69;77;65;73;70;56;68;83
354.0;202;196;173;167;166;139;71;73;67;69;69;61;67;80
360.0;203;202;166;167;171;140;74;66;71;66;69;57;68;80
366.0;201;196;166;167;171;139;76;66;71;64;75;58;70;80
372.0;204;196;166;165;172;137;77;64;71;63;75;59;71;80
378.0;209;200;165;165;169;135;74;65;72;64;75;57;69;81
384.0;215;202;162;165;169;136;75;58;70;64;72;60;67;85
390.0;215;203;162;171;163;139;74;59;69;62;71;62;65;85
396.0;218;201;160;174;165;137;72;59;65;63;70;64;71;81
402.0;221;197;160;177;166;138;72;60;66;68;69;61;67;78
408.0;219;200;158;176;165;140;73;59;67;67;69;62;68;77
414.0;216;204;157;178;170;143;76;59;65;67;68;62;64;71
420.0;212;204;156;180;168;143;74;60;69;65;69;63;64;73
426.0;211;207;155;180;169;143;72;60;66;65;70;62;66;74
432.0;211;208;149;180;166;143;73;63;65;66;70;62;68;76
438.0;213;209;150;177;165;147;71;60;63;73;71;59;67;75
444.0;215;209;151;180;168;148;73;59;58;69;69;57;70;74
450.0;215;209;158;180;169;150;66;59;54;71;69;59;70;71
456.0;215;206;157;180;169;149;64;62;58;77;65;58;70;70
462.0;220;205;157;177;170;152;63;65;54;78;62;58;69;70
468.0;218;204;156;180;171;148;66;63;54;79;63;60;72;66
474.0;220;202;156;176;169;152;65;65;53;82;65;61;69;65
480.0;222;203;156;176;170;150;63;63;54;81;68;57;70;67
486.0;220;203;157;178;173;153;62;66;56;74;68;57;68;65
492.0;221;205;159;175;172;156;62;64;52;69;72;58;64;71
498.0;223;210;156;173;171;159;61;61;54;70;71;57;62;72
504.0;223;214;157;174;168;158;55;62;56;69;71;60;61;72
510.0;223;219;156;175;168;153;58;61;57;67;69;58;63;73
516.0;227;221;156;176;166;154;56;61;56;69;65;58;61;74
522.0;228;220;155;174;170;152;56;61;56;69;67;56;61;75
528.0;231;224;155;175;173;148;56;61;55;68;62;57;61;74
534.0;237;226;152;168;175;150;54;60;54;68;60;59;65;72
540.0;236;224;153;166;177;146;54;62;54;69;59;60;65;75
546.0;230;226;154;164;174;147;55;61;61;69;59;61;67;72
552.0;230;224;153;167;177;149;51;62;59;66;58;64;65;75
558.0;230;224;155;171;175;147;50;60;59;61;58;68;68;74
564.0;230;226;157;169;179;146;45;62;59;61;56;64;71;75
570.0;232;231;158;173;180;141;47;63;61;60;54;59;68;73
576.0;230;233;160;169;177;139;51;63;58;61;56;60;69;74
582.0;226;229;163;168;178;138;51;68;57;60;58;55;71;78
588.0;227;230;164;170;176;140;51;66;55;60;57;55;68;81
594.0;230;230;167;169;174;142;53;66;50;60;57;54;71;77
600.0;229;230;168;165;173;143;54;63;52;60;59;55;74;75
606.0;228;232;170;167;172;143;55;67;49;58;56;55;75;73
612.0;229;232;172;167;170;140;54;65;52;62;57;55;73;72
618.0;229;234;172;162;174;146;50;61;49;62;57;58;74;72
624.0;231;237;173;159;168;148;56;57;50;62;60;54;77;68
630.0;232;239;171;158;168;149;54;55;49;62;60;55;78;70
636.0;237;239;169;158;169;152;55;57;46;60;63;53;75;67
642.0;237;238;165;155;170;155;55;56;50;62;59;59;77;62
648.0;241;233;163;153;174;152;57;54;50;63;59;59;79;63
654.0;242;234;163;152;176;151;53;54;54;60;63;58;80;60
660.0;243;234;164;148;174;150;50;57;56;62;64;55;80;63
666.0;241;237;166;146;175;146;50;60;56;61;64;58;76;64
672.0;239;236;166;147;175;143;51;59;55;61;64;63;75;66
678.0;236;237;164;153;174;143;49;58;51;61;69;66;74;65
684.0;239;235;166;154;173;143;50;58;55;58;69;60;76;64
690.0;236;233;163;156;174;145;54;56;54;61;66;61;76;65
696.0;236;229;163;158;173;143;53;55;57;62;71;62;76;62
702.0;236;231;164;157;174;143;51;58;58;62;66;63;76;61
708.0;237;229;163;157;175;143;53;57;58;57;65;65;77;64
714.0;237;233;163;156;174;143;56;57;56;59;64;61;75;66
720.0;239;230;161;159;177;147;54;57;58;58;63;57;74;66
726.0;236;227;160;161;178;147;55;57;59;59;63;60;77;61
732.0;239;227;160;160;177;148;58;58;59;58;61;61;76;58
738.0;241;225;161;161;178;146;59;56;60;55;62;60;75;61
744.0;240;224;159;163;181;144;63;58;56;55;62;58;75;62
750.0;240;222;157;162;182;146;63;58;58;55;67;56;71;63
756.0;239;223;159;160;183;146;65;57;56;56;65;56;72;63
762.0;239;219;160;160;186;147;64;61;55;55;64;53;72;65
768.0;239;221;156;159;188;144;63;68;54;54;63;52;71;68
774.0;239;220;156;160;191;143;64;67;53;54;57;56;72;68
780.0;233;219;158;161;195;144;68;68;51;53;59;54;70;67
786.0;231;215;154;162;194;144;67;70;54;57;60;54;69;69
792.0;233;212;152;161;194;144;68;73;53;58;59;58;67;68
798.0;234;211;155;158;195;142;65;78;54;56;58;59;69;66
804.0;234;215;152;159;190;144;67;74;55;55;61;59;67;68
810.0;229;214;153;157;186;144;70;70;52;57;66;66;67;69
816.0;232;214;150;160;185;146;60;75;53;58;65;68;64;70
822.0;235;212;151;157;182;147;62;72;56;62;59;71;62;72
828.0;237;216;152;155;180;146;65;72;57;63;59;67;60;71
834.0;235;216;149;152;181;147;66;72;59;63;65;67;60;68
840.0;234;222;151;151;179;144;69;74;59;65;60;70;55;67
846.0;236;227;156;147;176;141;69;71;56;61;58;70;59;73
852.0;232;231;158;152;175;139;68;66;55;65;56;70;60;73
858.0;231;233;159;144;177;141;67;69;56;68;55;68;61;71
864.0;232;231;157;142;176;144;65;72;53;72;57;65;64;70
870.0;238;226;152;144;176;148;64;70;53;74;53;66;67;69
876.0;238;226;151;144;177;150;66;72;51;71;53;66;65;70
882.0;239;225;148;144;177;150;67;70;51;74;52;66;66;71
888.0;244;225;149;141;178;147;71;71;51;74;54;60;66;69
894.0;248;224;145;141;175;151;68;71;54;73;54;62;63;71
900.0;247;224;145;139;172;153;67;71;54;70;57;64;63;74
906.0;245;227;143;137;173;157;66;69;53;72;58;65;64;71
912.0;246;229;144;135;173;156;72;73;51;69;60;59;61;72
918.0;245;227;142;138;174;159;69;74;56;68;57;60;61;70
924.0;248;226;144;135;172;158;70;74;59;70;59;56;63;66
930.0;244;223;146;138;175;154;72;76;59;70;60;58;61;64
936.0;246;224;145;138;175;157;69;72;61;70;58;58;61;66
942.0;246;226;147;135;173;158;65;75;61;69;57;60;62;66
948.0;241;230;148;136;171;154;64;79;63;67;60;63;62;62
954.0;243;227;151;139;168;154;62;78;61;68;59;61;68;61
960.0;239;228;146;140;168;161;64;77;59;68;59;65;66;60
966.0;242;232;148;139;164;160;67;77;56;69;59;67;62;58
972.0;240;231;144;140;169;161;67;77;58;70;59;63;64;57
978.0;237;232;151;142;168;161;65;78;57;70;56;61;64;58
984.0;237;234;152;143;169;163;68;76;57;70;58;59;61;53
990.0;239;238;148;143;168;156;67;75;60;70;59;61;60;56
996.0;239;238;153;141;165;157;70;76;59;69;56;59;59;59
1002.0;238;236;154;137;166;154;70;74;60;69;58;60;64;60
1008.0;237;239;153;136;171;152;69;73;59;70;58;61;64;58
1014.0;237;243;154;135;170;155;68;75;58;70;58;62;59;56
1020.0;238;240;152;137;173;156;71;70;58;65;60;66;59;55
1026.0;242;245;153;133;173;158;70;70;56;64;63;63;54;56
1032.0;243;245;154;131;174;158;72;72;52;62;62;63;55;57
1038.0;241;244;155;128;172;154;73;74;56;62;63;66;57;55
1044.0;244;242;155;128;169;151;75;73;57;62;63;66;59;56
1050.0;243;241;156;123;167;154;74;75;57;60;59;67;65;59
1056.0;250;243;158;125;165;151;77;72;56;59;56;66;65;57
1062.0;252;244;156;124;166;152;74;71;56;58;56;68;70;53
1068.0;255;242;158;125;168;150;74;68;62;57;55;66;69;51
1074.0;256;242;154;129;167;150;73;69;64;56;57;63;69;51
1080.0;255;242;152;130;168;153;72;69;65;58;56;60;66;54
1086.0;259;242;151;127;168;154;70;73;64;58;57;62;65;50
1092.0;259;237;153;126;165;153;73;75;67;61;59;58;66;48
1098.0;262;239;151;126;160;155;73;69;67;63;59;56;69;51
1104.0;264;240;153;127;159;156;72;74;68;59;61;53;66;48
1110.0;263;243;152;127;158;156;66;74;71;59;65;51;66;49
1116.0;261;243;153;126;155;158;71;73;73;55;66;49;68;49
1122.0;264;245;152;125;158;157;69;69;73;55;64;48;67;54
1128.0;264;243;152;124;158;160;69;71;73;53;66;48;65;54
1134.0;262;243;152;124;157;160;72;72;71;55;62;50;66;54
1140.0;266;244;149;124;154;162;72;74;72;52;60;48;69;54
1146.0;270;243;150;122;153;156;75;75;71;54;60;46;70;55
1152.0;272;242;146;123;152;155;75;72;71;58;65;49;68;52
1158.0;271;245;145;121;154;154;73;69;69;63;62;52;70;52
1164.0;269;245;142;121;154;153;72;65;73;64;69;51;66;56
1170.0;266;247;147;124;156;154;74;64;70;64;63;51;65;55
1176.0;272;248;149;119;153;153;74;63;69;67;57;54;65;57
1182.0;271;247;151;122;151;157;75;62;69;64;56;50;70;55
1188.0;271;246;152;122;149;155;72;65;68;62;60;52;71;55
1194.0;271;242;148;124;151;157;70;67;63;66;61;53;71;56
1200.0;272;244;148;127;150;159;66;65;64;63;63;54;70;55
1206.0;270;249;148;128;147;162;66;60;63;65;61;55;73;53
1212.0;268;253;145;128;150;160;65;61;61;64;63;56;68;58
1218.0;267;255;148;127;150;160;60;63;61;64;63;58;68;56
1224.0;270;258;151;125;148;162;59;63;60;64;58;58;68;56
1230.0;268;256;148;127;146;166;60;63;61;64;60;53;69;59
1236.0;269;255;145;127;147;165;60;62;60;67;60;54;71;58
1242.0;269;256;145;124;144;164;62;59;60;67;61;55;73;61
1248.0;268;257;145;128;146;164;61;58;61;64;61;52;73;62
1254.0;265;259;148;130;147;164;64;57;57;67;58;49;75;60
1260.0;265;262;152;131;143;161;60;58;58;71;58;48;70;63
1266.0;264;259;154;135;148;161;56;57;63;68;58;48;67;62
1272.0;265;253;157;139;150;159;54;58;59;69;59;50;67;61
1278.0;264;251;158;140;154;158;50;56;57;73;53;51;72;63
1284.0;265;254;160;135;155;153;51;54;60;72;54;52;71;64
1290.0;266;252;157;135;156;151;51;53;64;74;57;53;69;62
1296.0;265;252;154;138;157;151;56;54;60;75;57;53;67;61
1302.0;266;250;156;138;155;148;58;57;59;75;56;53;65;64
1308.0;266;252;155;135;156;146;57;56;60;76;57;51;65;68
1314.0;265;247;157;138;160;145;58;55;58;76;54;50;69;68
1320.0;270;248;159;135;161;144;56;55;56;76;55;49;69;67
1326.0;267;249;161;138;160;141;53;57;54;73;61;50;68;68
1332.0;268;245;161;142;159;142;51;56;56;78;60;51;65;66
1338.0;268;243;165;138;161;140;51;58;60;75;60;53;65;63
1344.0;270;245;161;134;162;141;53;55;58;75;57;56;67;66
1350.0;268;244;159;133;161;143;50;58;59;76;58;56;71;64
1356.0;268;244;157;134;162;142;49;58;58;78;61;53;73;63
1362.0;273;240;159;136;162;141;46;55;65;78;59;53;72;61
1368.0;268;239;159;140;161;142;49;58;69;76;58;51;71;59
1374.0;267;238;158;138;159;147;50;55;69;75;58;59;67;60
1380.0;265;242;158;137;156;143;57;57;67;75;59;58;68;58
1386.0;265;242;159;135;158;142;56;63;68;76;57;58;64;57
1392.0;265;241;160;132;160;138;54;61;64;78;57;59;67;64
1398.0;268;242;159;135;160;138;54;57;63;74;57;58;67;68
1404.0;264;243;158;136;158;139;53;57;63;77;58;56;70;68
1410.0;264;241;157;136;158;138;50;61;67;74;57;54;74;69
1416.0;263;247;159;135;158;137;48;60;64;72;61;53;76;67
1422.0;262;247;163;136;156;137;48;62;62;71;62;48;78;68
1428.0;260;244;164;141;157;139;46;63;58;71;63;52;76;66
1434.0;260;242;161;143;160;139;45;64;55;71;63;56;76;65
1440.0;259;243;158;144;156;137;51;68;50;72;64;55;75;68
1446.0;256;244;157;144;154;138;53;64;48;74;67;56;75;70
1452.0;254;247;156;144;155;138;54;66;52;70;63;56;72;73
1458.0;253;246;154;145;158;135;56;66;51;70;65;56;75;70
1464.0;255;245;154;142;162;130;57;69;52;75;59;57;76;67
1470.0;257;243;155;142;165;129;62;68;53;72;56;54;78;66
1476.0;256;243;151;142;169;127;60;65;58;75;60;53;76;65
1482.0;255;246;149;146;168;126;60;64;60;75;60;54;72;65
1488.0;257;243;149;142;172;125;65;64;57;74;61;56;72;63
1494.0;258;244;149;143;171;128;64;61;58;75;63;57;68;61
1500.0;255;240;152;146;172;129;66;58;56;73;66;59;68;60
1506.0;254;240;154;144;172;128;70;60;53;78;68;59;63;57
1512.0;258;246;158;140;172;131;69;60;50;73;65;59;62;57
1518.0;260;246;159;142;171;133;68;62;49;73;63;59;60;55
1524.0;262;247;158;143;172;134;69;61;49;74;62;54;59;56
1530.0;263;249;156;145;173;133;72;57;50;71;59;53;60;59
1536.0;263;251;152;144;177;131;70;57;53;71;58;53;60;60
1542.0;263;254;152;140;177;133;72;53;51;71;58;51;61;64
1548.0;264;254;151;139;177;130;77;56;50;68;59;52;58;65
1554.0;260;257;150;134;180;134;82;56;54;67;54;53;57;62
1560.0;256;261;150;135;180;135;79;54;54;69;53;56;54;64
1566.0;253;262;149;138;176;134;75;53;58;66;55;58;56;67
1572.0;250;260;149;136;175;137;76;56;58;67;54;60;57;65
1578.0;248;263;146;138;175;142;74;58;59;61;57;60;55;64
1584.0;251;261;144;138;175;142;75;61;61;58;59;59;55;61
1590.0;248;268;144;136;174;142;74;62;61;57;55;59;55;65
1596.0;251;266;143;139;172;145;74;61;62;58;55;55;55;64
1602.0;250;267;145;138;171;146;75;58;65;58;58;53;55;61
1608.0;255;264;143;139;168;147;78;57;63;62;57;52;53;62
1614.0;254;264;147;140;165;149;81;55;65;60;54;53;50;63
1620.0;252;262;146;141;163;152;78;52;64;57;55;57;53;68
1626.0;252;265;143;139;164;155;79;52;65;58;53;58;52;65
1632.0;251;264;144;139;165;159;81;52;64;57;52;55;53;64
1638.0;251;265;145;140;164;159;79;53;67;56;50;52;53;66
1644.0;252;262;142;140;162;159;80;55;66;57;52;53;55;65
1650.0;253;259;137;138;163;162;77;60;62;58;54;54;56;67
1656.0;253;260;140;140;163;160;79;53;60;61;52;53;55;71
1662.0;245;264;143;140;162;161;76;54;60;59;55;53;53;75
1668.0;247;262;144;139;157;159;78;60;59;61;53;52;55;74
1674.0;248;262;142;139;154;160;79;60;54;61;53;55;55;78
1680.0;251;256;144;142;157;163;73;57;56;60;52;55;53;81
1686.0;250;256;141;144;161;162;73;56;58;58;51;56;54;80
1692.0;252;256;141;141;162;157;71;52;63;63;53;62;53;74
1698.0;249;254;139;141;166;157;73;51;66;60;55;61;56;72
1704.0;249;256;137;136;168;158;69;48;63;59;58;66;60;73
1710.0;250;254;137;139;169;156;70;46;62;59;53;68;59;78
1716.0;246;255;138;137;168;154;70;49;65;53;55;65;64;81
1722.0;246;254;138;139;168;155;66;54;68;52;55;64;62;79
1728.0;241;259;138;135;168;156;66;56;66;50;59;66;63;77
1734.0;243;258;134;137;173;154;67;58;65;47;58;68;62;76
1740.0;243;257;134;135;175;153;69;61;67;47;55;71;64;69
1746.0;243;255;135;141;177;154;66;61;61;49;56;72;63;67
1752.0;244;253;133;143;176;154;66;60;64;50;59;71;62;65
1758.0;248;256;130;142;181;154;66;56;62;51;59;72;62;61
1764.0;248;257;130;141;180;152;61;59;62;50;61;75;63;61
1770.0;246;257;129;139;181;148;62;63;58;51;66;70;66;64
1776.0;249;261;131;137;181;145;63;60;63;53;65;67;62;63
1782.0;251;260;129;137;180;143;60;58;63;53;66;68;64;68
1788.0;251;265;130;135;177;141;63;57;63;55;64;66;65;68
1794.0;254;266;127;134;173;140;66;60;62;56;64;64;69;65
1800.0;256;266;128;133;175;142;65;60;64;57;62;63;66;63
1806.0;257;263;128;135;177;141;63;65;61;57;60;66;66;61
1812.0;254;262;132;135;176;143;62;64;59;59;58;65;66;65
1818.0;258;258;131;140;173;142;56;68;59;58;61;61;67;68
1824.0;260;258;131;137;171;144;53;67;59;59;61;65;66;69
1830.0;258;258;133;137;171;148;52;63;60;59;65;64;65;67
1836.0;258;261;134;135;169;148;48;67;61;62;64;64;61;68
1842.0;259;267;132;133;170;141;50;63;59;66;63;67;63;67
1848.0;258;268;133;134;168;142;56;63;56;65;62;65;62;68
1854.0;261;265;133;138;167;146;61;58;57;60;65;61;62;66
1860.0;259;264;138;137;164;148;59;56;57;62;67;59;62;68
1866.0;259;265;133;140;164;147;61;60;55;64;66;58;60;68
1872.0;258;263;136;138;162;146;62;62;57;67;62;61;58;68
1878.0;259;269;133;134;163;148;62;60;57;65;58;63;58;71
1884.0;260;269;134;134;165;146;59;55;58;64;60;65;59;72
1890.0;260;269;134;132;165;146;60;56;60;65;62;65;54;72
1896.0;260;269;137;130;165;143;56;59;59;63;62;66;57;74
1902.0;260;272;135;132;165;143;54;58;57;62;62;69;57;74
1908.0;258;273;136;133;164;140;56;58;57;64;62;70;57;72
1914.0;259;268;138;130;162;141;60;59;60;65;60;72;55;71
1920.0;256;269;134;131;165;143;60;62;60;69;64;70;49;68
1926.0;254;270;133;133;170;141;60;62;64;69;65;65;45;69
1932.0;256;271;134;135;170;139;59;61;61;71;61;67;45;70
1938.0;253;272;137;136;169;134;61;62;62;76;62;64;45;67
1944.0;254;267;136;136;173;133;65;58;59;79;63;65;45;67
1950.0;254;266;132;139;171;134;65;58;58;83;63;67;44;66
1956.0;250;264;130;140;169;135;66;60;61;85;64;67;43;66
1962.0;251;262;127;142;170;133;65;58;66;85;66;67;44;64
1968.0;249;264;128;140;170;139;68;59;67;79;67;67;41;62
1974.0;249;267;127;141;166;135;66;60;62;81;71;68;43;64
