#auto generated file!
12.0;149;119;138;148;134;141;160;134;159;146;143;146;133;150
18.0;158;123;141;153;132;146;160;132;158;139;143;138;130;147
24.0;159;129;137;158;141;150;154;128;159;139;141;135;128;142
30.0;165;135;138;157;146;150;154;129;152;137;138;128;128;143
36.0;166;136;142;158;150;149;156;125;148;134;139;131;127;139
42.0;170;138;152;158;154;150;151;129;144;126;136;129;123;140
48.0;174;141;153;168;153;150;147;131;142;121;131;121;124;144
54.0;176;147;154;171;154;150;149;128;145;115;129;119;120;143
60.0;180;146;155;172;156;151;147;127;138;121;129;116;115;147
66.0;182;151;152;174;162;152;147;126;133;122;125;110;119;145
72.0;186;155;156;177;164;150;140;126;129;118;127;112;119;141
78.0;191;157;160;177;164;154;138;123;121;113;123;117;129;133
84.0;195;163;166;183;169;156;135;117;112;114;118;116;125;131
90.0;196;168;177;188;171;155;129;115;118;108;117;116;118;124
96.0;200;176;180;188;180;155;124;108;118;104;119;113;114;121
102.0;194;186;180;188;183;150;120;107;124;107;122;113;106;120
108.0;198;186;185;189;184;152;120;108;123;106;118;113;97;121
114.0;199;187;188;188;185;155;116;110;121;107;114;116;95;119
120.0;199;189;187;187;184;158;116;101;126;110;111;115;93;124
126.0;202;191;189;189;180;153;115;100;126;112;112;113;93;125
132.0;205;187;190;194;180;161;114;100;120;107;110;115;96;121
138.0;208;192;194;197;177;160;113;95;116;104;110;119;95;120
144.0;209;198;193;194;181;158;107;93;113;106;115;116;94;123
150.0;212;205;192;192;185;160;108;92;107;108;112;113;97;117
156.0;211;204;194;201;185;162;104;87;110;110;103;116;97;116
162.0;212;205;190;199;190;167;110;81;107;108;98;117;103;113
168.0;216;209;184;197;192;166;110;88;104;111;96;116;101;110
174.0;216;212;178;195;196;164;106;88;104;114;104;112;99;112
180.0;214;215;180;198;197;162;106;90;98;112;108;111;95;114
186.0;215;215;179;201;197;167;106;91;104;109;102;110;93;111
192.0;214;214;179;200;197;173;103;94;103;112;99;107;95;110
198.0;216;215;177;204;194;177;100;95;102;110;97;106;98;109
204.0;215;216;178;203;197;178;102;97;96;112;97;107;94;108
210.0;214;221;177;207;198;177;108;99;96;107;91;105;93;107
216.0;218;221;178;209;195;174;109;97;101;102;89;106;94;107
222.0;223;223;181;214;196;175;106;94;97;104;84;104;92;107
228.0;218;222;183;219;196;177;107;93;94;108;85;94;97;107
234.0;220;220;184;216;197;180;105;94;96;104;85;96;97;106
240.0;218;226;182;214;197;176;108;90;95;102;86;101;97;108
246.0;220;235;183;214;202;178;110;89;93;94;87;95;97;103
252.0;225;236;185;212;202;174;110;89;93;95;84;94;94;107
258.0;227;237;183;209;207;170;105;89;90;94;84;97;102;106
264.0;228;239;179;209;209;169;109;91;88;93;86;97;100;103
270.0;233;239;181;208;215;171;103;92;86;93;83;91;94;111
276.0;231;243;178;208;210;175;101;95;84;94;84;91;98;108
282.0;232;245;177;205;208;175;105;96;87;95;85;89;94;107
288.0;236;248;175;202;204;177;107;100;91;96;85;86;90;103
294.0;237;251;176;203;205;173;111;96;90;93;87;85;93;100
300.0;241;249;175;202;203;174;111;97;91;91;88;84;90;104
306.0;242;251;173;199;198;179;118;97;84;93;84;86;90;106
312.0;243;253;171;197;200;178;113;95;84;97;84;84;94;107
318.0;245;253;173;197;199;177;109;96;87;95;85;87;90;107
324.0;247;252;174;203;195;175;103;100;89;94;82;88;91;107
330.0;250;259;179;206;195;173;103;99;89;95;78;85;85;104
336.0;254;264;181;203;192;178;103;104;83;90;78;82;81;107
342.0;255;267;178;197;190;180;104;105;85;91;76;82;81;109
348.0;259;269;178;196;188;179;98;106;86;91;78;83;78;111
354.0;264;271;179;197;187;176;95;108;81;93;80;82;77;110
360.0;263;277;182;197;185;176;95;107;81;92;78;83;74;110
366.0;265;275;182;191;183;175;98;104;83;93;84;83;75;109
372.0;270;273;182;191;183;176;102;103;79;90;87;86;73;105
378.0;273;273;181;190;182;178;105;100;77;90;85;85;76;105
384.0;276;272;180;190;186;178;104;103;77;88;82;85;76;103
390.0;275;273;183;189;188;174;105;105;78;88;82;83;74;103
396.0;276;274;181;186;189;173;104;106;76;88;83;84;77;103
402.0;283;273;179;190;189;172;105;105;71;90;80;83;74;106
408.0;281;272;184;193;188;171;102;105;69;89;78;86;76;106
414.0;279;274;187;193;191;170;101;104;67;94;75;85;75;105
420.0;286;276;187;192;193;167;96;97;70;97;80;86;71;102
426.0;285;283;187;194;190;163;94;99;72;100;86;80;68;99
432.0;283;290;187;191;191;168;93;100;71;100;87;80;66;93
438.0;282;293;182;188;196;169;95;103;66;98;79;83;70;96
444.0;285;296;186;184;190;165;93;103;69;96;82;80;75;96
450.0;290;297;187;183;188;166;89;110;66;95;80;82;75;92
456.0;289;299;187;184;187;166;91;104;69;95;80;82;73;94
462.0;286;305;187;182;182;164;88;103;69;102;83;77;73;99
468.0;285;306;192;180;180;163;86;110;70;100;82;74;72;100
474.0;285;308;191;179;184;161;85;108;71;95;82;80;72;99
480.0;284;309;189;177;189;157;90;107;71;93;86;79;70;99
486.0;285;308;189;178;187;156;92;106;71;95;89;81;69;94
492.0;286;309;181;182;183;161;88;108;64;93;90;84;74;97
498.0;288;308;181;187;180;161;88;104;65;93;91;83;74;97
504.0;287;307;178;186;175;167;88;101;65;92;98;82;80;94
510.0;284;309;184;190;173;162;89;101;68;88;96;89;75;92
516.0;284;304;188;188;176;162;89;100;65;96;96;85;77;90
522.0;279;312;185;185;176;159;91;100;66;98;92;86;79;92
528.0;281;312;184;187;177;164;88;94;71;95;94;86;74;93
534.0;283;315;181;188;174;166;83;93;73;93;94;88;71;98
540.0;287;314;185;186;173;163;88;90;76;91;94;85;73;95
546.0;288;309;186;187;176;162;88;87;82;91;93;78;78;95
552.0;287;309;189;186;174;165;91;84;83;91;95;74;79;93
558.0;291;310;185;186;176;168;91;83;85;87;96;67;81;94
564.0;295;310;188;185;179;167;95;82;82;85;93;70;77;92
570.0;294;309;187;182;188;165;95;85;82;82;92;73;78;88
576.0;290;309;187;180;186;168;94;87;80;86;93;69;79;92
582.0;290;310;186;182;186;165;95;90;85;84;92;68;77;90
588.0;297;314;183;187;187;167;94;86;82;81;87;66;81;88
594.0;295;315;184;183;190;168;98;87;79;75;94;67;82;83
600.0;291;310;181;185;192;170;96;90;78;74;92;73;85;83
606.0;290;309;182;184;194;174;90;90;83;73;88;74;88;81
612.0;289;312;183;184;193;172;89;92;80;74;85;76;92;79
618.0;287;311;184;185;195;178;83;95;81;76;81;73;93;78
624.0;288;313;183;182;201;178;83;93;78;76;80;74;94;77
630.0;292;316;185;183;197;175;87;92;75;76;81;77;90;74
636.0;296;316;186;179;197;177;91;86;76;77;78;78;89;74
642.0;298;315;187;179;193;180;91;83;79;78;77;79;89;72
648.0;295;313;194;179;187;183;89;81;77;79;77;79;92;75
654.0;291;310;196;180;191;183;84;78;77;80;83;76;98;73
660.0;290;305;195;178;197;188;86;81;72;80;82;78;95;73
666.0;287;301;198;182;202;189;88;85;72;77;76;76;98;69
672.0;293;303;202;182;204;187;94;87;68;75;77;76;91;61
678.0;296;304;205;182;202;189;92;84;70;78;75;71;91;61
684.0;293;305;202;179;200;192;90;87;70;79;75;75;90;63
690.0;291;301;200;182;199;197;93;87;70;79;74;73;89;65
696.0;294;302;198;182;204;198;94;85;70;79;73;73;87;61
702.0;293;300;204;179;207;201;93;81;67;80;71;75;87;62
708.0;294;298;200;179;207;202;96;78;64;82;71;75;85;69
714.0;297;297;202;179;205;200;96;75;64;79;73;76;84;73
720.0;294;290;205;179;210;201;91;73;63;77;73;80;87;77
726.0;291;292;207;183;209;200;94;72;67;74;72;81;84;74
732.0;294;294;208;184;214;200;92;71;63;78;71;77;84;70
738.0;292;295;206;186;211;199;88;71;64;75;71;79;84;79
744.0;295;289;203;188;209;204;86;69;70;77;74;75;81;80
750.0;293;291;204;188;208;202;87;64;74;75;83;73;80;78
756.0;290;292;208;187;209;199;87;64;70;82;81;72;81;78
762.0;294;292;203;181;207;202;88;66;72;84;83;71;78;79
768.0;294;295;201;182;204;203;88;68;68;78;84;70;81;84
774.0;288;294;199;182;204;205;89;68;67;85;85;70;84;80
780.0;290;294;194;183;205;205;87;64;70;88;89;68;87;76
786.0;288;295;194;182;202;202;83;63;77;89;88;69;89;79
792.0;290;294;191;184;207;203;83;60;77;88;87;71;87;78
798.0;293;290;189;184;211;204;80;58;81;86;87;71;88;78
804.0;294;294;195;181;211;204;82;57;76;87;89;72;85;73
810.0;296;295;189;180;212;209;78;61;76;91;90;72;84;67
816.0;300;287;192;181;210;208;77;61;81;90;89;73;82;69
822.0;299;289;192;182;208;206;77;63;83;87;87;77;83;67
828.0;296;288;195;178;204;210;78;67;83;91;82;76;87;65
834.0;296;291;196;180;201;210;79;71;81;90;80;79;81;65
840.0;291;293;197;183;197;213;74;71;85;88;85;79;76;68
846.0;288;297;196;183;195;210;76;77;87;87;83;81;73;67
852.0;285;300;198;184;195;208;79;77;88;85;80;80;76;65
858.0;283;301;197;183;195;209;82;79;89;85;77;84;72;64
864.0;283;300;195;183;195;210;82;78;90;86;75;83;74;66
870.0;286;300;194;184;194;212;82;77;87;80;73;85;75;71
876.0;288;295;191;183;196;213;83;76;90;80;75;88;72;70
882.0;287;289;193;181;196;213;80;79;94;76;75;90;74;73
888.0;286;291;193;181;195;211;81;79;95;74;76;90;72;76
894.0;281;296;193;180;200;206;79;80;93;78;75;87;76;76
900.0;281;300;195;182;200;200;79;83;91;79;71;92;70;77
906.0;280;301;197;185;201;200;73;84;92;81;68;91;68;79
912.0;279;296;197;191;203;200;71;84;90;76;70;85;72;86
918.0;278;296;200;190;203;202;71;86;89;78;69;85;67;86
924.0;279;298;203;190;204;203;69;82;90;74;71;86;68;83
930.0;278;300;200;191;205;205;73;79;87;75;71;81;70;85
936.0;275;302;200;191;208;209;76;76;86;73;71;79;70;84
942.0;276;303;201;193;206;211;76;76;83;72;72;77;69;85
948.0;275;303;198;194;206;209;77;76;89;67;74;76;65;91
954.0;278;307;200;188;206;205;76;76;88;70;73;74;69;90
960.0;280;308;200;191;204;202;75;78;86;72;71;76;67;90
966.0;281;310;202;192;202;200;75;75;85;74;75;78;69;82
972.0;282;313;201;192;202;202;70;74;83;74;75;77;71;84
978.0;285;312;196;191;200;207;69;76;83;73;77;77;71;83
984.0;285;314;193;191;202;207;71;77;82;75;74;78;68;83
990.0;285;317;191;191;203;207;71;77;81;76;77;77;70;77
996.0;287;318;192;190;205;206;67;77;78;75;75;73;74;83
1002.0;291;321;193;187;207;209;67;77;77;74;74;74;67;82
1008.0;292;322;192;187;211;208;64;82;75;74;74;75;65;79
1014.0;293;319;190;189;211;212;59;81;76;78;77;73;63;79
1020.0;297;316;192;191;206;212;61;78;77;80;78;71;62;79
1026.0;298;309;195;192;199;209;61;81;79;75;82;81;59;80
1032.0;301;308;193;193;195;207;63;84;78;78;83;79;58;80
1038.0;299;315;189;194;200;205;65;84;78;77;82;80;58;74
1044.0;299;315;188;190;202;206;62;88;79;82;82;76;60;71
1050.0;293;312;180;188;204;205;66;88;79;82;82;82;66;73
1056.0;293;313;182;186;203;206;66;90;74;80;86;86;62;73
1062.0;290;314;183;180;203;211;65;88;72;84;85;87;65;73
1068.0;289;322;186;183;201;211;69;82;71;79;86;84;66;71
1074.0;290;322;184;182;203;213;70;76;69;80;88;86;67;70
1080.0;288;323;186;187;198;214;72;77;69;77;82;88;70;69
1086.0;292;322;184;183;199;211;77;79;69;77;81;89;66;71
1092.0;297;317;182;187;203;209;72;83;68;76;80;90;64;72
1098.0;295;315;187;186;203;211;76;82;67;72;80;86;66;74
1104.0;302;319;187;184;201;208;82;84;65;68;77;85;65;73
1110.0;301;320;186;183;201;207;84;85;68;66;75;83;64;77
1116.0;299;323;186;177;200;203;84;87;70;69;77;81;63;81
1122.0;299;325;185;177;196;198;89;87;71;70;77;84;60;82
1128.0;296;323;185;177;195;199;85;91;69;70;77;91;61;81
1134.0;297;320;190;176;194;200;85;90;69;71;78;91;62;77
1140.0;302;321;189;178;191;201;86;92;69;66;77;92;62;74
1146.0;297;324;189;182;194;198;84;92;68;67;74;93;62;76
1152.0;297;325;193;183;191;197;83;89;65;71;76;91;63;76
1158.0;295;325;197;186;184;195;78;95;69;73;73;91;61;78
1164.0;292;327;194;183;186;194;81;96;73;70;71;91;66;76
1170.0;292;327;191;183;182;194;82;98;69;70;68;95;68;81
1176.0;294;323;190;180;182;196;76;103;64;74;74;96;68;80
1182.0;300;321;193;179;180;197;73;102;64;76;76;93;66;80
1188.0;299;322;189;178;180;199;76;99;64;79;77;91;70;77
1194.0;299;320;190;174;176;199;78;103;68;75;77;92;71;78
1200.0;302;321;187;173;177;198;80;101;64;77;76;90;73;81
1206.0;303;319;188;174;177;199;76;100;65;77;75;88;72;87
1212.0;299;322;190;172;180;199;76;96;68;80;74;87;71;86
1218.0;300;323;190;171;181;199;75;92;64;80;74;91;76;84
1224.0;302;324;187;172;179;198;76;95;68;79;73;89;77;81
1230.0;306;328;187;173;175;199;76;94;71;76;75;84;76;80
1236.0;307;323;186;171;176;202;75;91;72;78;75;84;77;83
1242.0;311;326;185;173;178;202;73;89;71;77;75;78;81;81
1248.0;313;320;191;169;180;201;73;91;73;78;73;77;81;80
1254.0;311;317;191;171;179;200;73;91;71;83;73;76;79;85
1260.0;314;316;186;176;177;205;75;90;72;81;72;71;76;89
1266.0;316;317;188;178;174;201;75;93;69;79;72;71;78;89
1272.0;314;321;189;175;179;198;78;90;70;78;72;65;76;95
1278.0;310;322;190;179;176;197;78;88;72;81;72;68;76;91
1284.0;310;327;191;182;180;198;78;83;68;80;72;68;72;91
1290.0;309;329;192;181;181;195;77;85;69;79;73;69;72;89
1296.0;308;331;193;182;179;196;75;83;71;75;73;72;71;91
1302.0;306;335;187;181;180;193;76;79;72;75;76;73;73;94
1308.0;304;328;188;182;182;197;78;78;66;76;78;68;76;99
1314.0;307;326;185;184;182;199;79;75;71;77;79;64;76;96
1320.0;313;323;184;177;185;195;82;80;76;74;79;63;72;97
1326.0;315;325;184;176;183;194;81;82;79;75;76;65;74;91
1332.0;313;331;178;177;190;197;78;86;79;71;72;69;75;84
1338.0;318;331;179;177;191;200;82;87;77;64;72;67;70;85
1344.0;315;329;178;179;195;199;83;88;78;63;71;67;70;85
1350.0;319;330;183;180;193;195;83;90;76;62;67;68;68;86
1356.0;324;328;180;181;195;194;82;85;79;63;64;67;70;88
1362.0;325;327;180;187;195;193;81;85;81;65;60;71;67;83
1368.0;329;327;177;188;195;194;81;79;83;67;62;71;64;83
1374.0;325;326;177;186;193;195;78;80;84;67;63;69;70;87
1380.0;323;330;180;189;190;191;76;79;81;68;62;71;74;86
1386.0;326;331;182;193;191;191;78;76;77;69;64;70;70;82
1392.0;325;333;184;192;189;190;82;75;77;69;63;69;70;82
1398.0;329;334;184;189;193;188;74;76;78;70;64;69;69;83
1404.0;327;329;181;190;193;188;74;78;76;73;63;75;71;82
1410.0;328;327;184;194;193;188;75;77;76;68;64;71;71;84
1416.0;335;327;187;192;192;185;78;74;75;65;67;69;70;84
1422.0;334;329;187;192;192;182;81;75;73;69;70;69;71;76
1428.0;333;328;187;194;195;177;82;74;74;70;71;72;68;75
1434.0;332;327;186;194;194;174;85;75;78;74;66;69;71;75
1440.0;332;325;187;197;193;179;86;75;79;72;66;67;71;71
1446.0;332;327;187;195;194;178;85;77;80;76;68;71;66;64
1452.0;328;331;185;198;194;180;84;73;78;79;69;74;63;64
1458.0;322;331;187;201;195;181;85;72;77;79;70;71;64;65
1464.0;321;331;189;203;194;180;84;71;75;81;72;73;61;65
1470.0;320;331;188;207;196;178;85;69;73;79;73;71;63;67
1476.0;317;331;188;207;194;179;90;69;72;81;71;68;64;69
1482.0;321;328;191;202;195;178;91;69;72;79;68;64;68;74
1488.0;322;328;195;204;193;176;91;68;75;77;67;65;65;74
1494.0;321;325;198;202;196;177;84;74;75;75;66;64;65;78
1500.0;321;326;196;202;200;181;82;71;79;76;63;64;61;78
1506.0;321;316;198;203;200;179;81;70;76;80;65;65;64;82
1512.0;318;318;196;204;205;179;80;66;76;80;68;62;63;85
1518.0;317;320;200;202;206;174;82;64;70;80;69;60;67;89
1524.0;318;320;204;200;203;176;79;61;72;78;70;61;67;91
1530.0;316;320;198;196;203;177;77;67;69;80;71;63;71;92
1536.0;313;320;199;197;201;173;79;67;73;80;74;67;74;83
1542.0;308;323;201;194;198;173;80;69;78;82;75;65;72;82
1548.0;309;323;200;195;195;172;79;72;77;80;77;64;73;84
1554.0;310;323;201;195;197;171;78;74;74;76;80;62;75;84
1560.0;309;317;201;195;196;173;82;70;74;79;81;63;74;86
1566.0;311;315;200;196;197;171;82;70;75;79;81;64;75;84
1572.0;312;316;199;195;193;171;83;71;72;82;83;66;74;83
1578.0;313;317;201;192;189;174;83;74;75;77;83;69;73;80
1584.0;313;317;197;192;195;175;84;73;75;78;78;72;70;81
1590.0;320;312;193;194;190;170;85;74;73;79;81;76;70;83
1596.0;328;315;193;195;190;167;81;78;66;79;82;74;69;83
1602.0;329;315;194;195;192;166;80;77;68;77;87;75;65;80
1608.0;325;316;194;193;193;168;83;71;69;83;85;75;66;79
1614.0;323;317;191;194;191;169;88;70;70;83;82;75;67;80
1620.0;326;316;192;196;187;169;92;68;76;81;81;76;66;74
1626.0;326;314;194;199;188;166;86;67;73;83;85;74;68;77
1632.0;328;316;189;199;186;167;86;63;73;84;84;81;67;77
1638.0;323;315;190;197;186;165;88;66;72;86;85;78;75;74
1644.0;323;312;189;197;183;167;88;66;71;92;83;75;79;75
1650.0;322;311;185;195;188;169;86;65;70;96;82;77;80;74
1656.0;323;311;186;198;182;174;91;63;70;90;83;75;79;75
1662.0;326;311;187;199;185;170;87;65;67;97;79;74;79;74
1668.0;327;311;187;200;184;168;86;62;69;100;80;72;78;76
1674.0;331;313;188;202;185;164;86;57;69;104;77;72;73;79
1680.0;329;313;195;200;185;161;85;61;71;96;79;75;69;81
1686.0;330;313;195;201;182;161;84;60;65;96;82;77;71;83
1692.0;333;310;196;205;185;164;80;62;65;93;81;78;68;80
1698.0;333;315;199;206;181;166;78;62;69;91;76;83;67;74
1704.0;335;318;200;206;185;161;80;63;67;90;71;83;69;72
1710.0;332;320;198;206;184;165;78;65;65;95;68;88;65;71
1716.0;332;319;205;202;182;160;77;63;70;96;70;87;66;71
1722.0;334;315;206;200;182;161;76;62;70;98;70;88;69;69
1728.0;334;317;207;199;186;165;76;65;69;95;72;83;66;66
1734.0;332;318;206;197;183;164;78;67;72;94;71;81;69;68
1740.0;331;322;203;199;184;166;75;66;71;93;67;81;69;73
1746.0;333;323;204;199;184;166;72;71;71;92;65;78;70;72
1752.0;336;321;205;196;183;167;74;71;72;95;64;78;69;69
1758.0;340;322;204;194;184;165;77;75;72;94;64;74;64;71
1764.0;336;325;203;196;187;163;73;78;71;87;65;75;66;75
1770.0;334;326;202;188;190;165;69;75;73;87;63;80;72;76
1776.0;332;322;206;182;191;164;71;78;74;89;65;76;74;76
1782.0;332;325;205;179;189;165;73;80;74;90;67;77;73;71
1788.0;331;324;207;179;187;163;74;79;78;84;69;78;72;75
1794.0;329;324;214;177;190;159;73;79;77;84;67;83;70;74
1800.0;333;324;215;179;194;161;71;79;75;82;64;78;71;74
1806.0;331;324;216;177;194;159;75;81;74;76;66;81;73;73
1812.0;335;324;214;180;193;158;73;87;74;75;62;82;69;74
1818.0;333;324;211;180;189;158;74;87;71;74;66;79;75;79
1824.0;334;326;210;180;187;157;69;86;69;79;69;82;77;75
1830.0;329;326;209;181;192;154;71;80;67;80;70;85;76;80
1836.0;329;325;212;185;191;157;75;76;65;80;68;84;75;78
1842.0;330;324;212;180;192;159;73;78;64;79;69;88;75;77
1848.0;328;323;214;180;187;160;71;75;62;80;70;90;79;81
1854.0;328;325;212;184;189;161;64;72;60;81;73;89;81;81
1860.0;325;324;215;184;188;166;65;73;58;84;72;85;80;81
1866.0;323;324;214;180;188;169;62;79;62;84;71;82;79;83
1872.0;323;325;215;182;184;169;65;81;66;82;76;76;76;80
1878.0;322;324;216;185;189;163;63;81;69;79;75;75;78;81
1884.0;318;325;211;186;191;162;65;80;71;82;75;75;80;79
1890.0;316;329;210;184;192;166;64;76;74;82;73;74;80;80
1896.0;316;331;211;186;195;163;67;73;74;81;72;77;77;77
1902.0;317;331;206;191;196;166;69;76;72;80;69;74;76;77
1908.0;316;331;208;191;194;166;72;78;69;79;72;76;75;73
1914.0;315;328;208;191;188;169;72;79;65;86;70;77;79;73
1920.0;316;329;208;193;182;167;72;75;68;87;78;73;78;74
1926.0;316;332;205;190;184;168;73;78;67;84;77;74;78;74
1932.0;315;332;203;194;183;169;76;79;67;82;81;69;79;71
1938.0;312;332;207;193;182;167;74;83;68;85;78;69;80;70
1944.0;311;329;208;195;177;169;72;81;76;85;79;72;82;64
1950.0;312;334;207;194;176;168;73;79;79;83;76;72;81;66
1956.0;308;332;205;191;177;173;72;74;82;87;78;70;83;68
1962.0;305;332;204;189;172;172;71;77;83;94;77;72;85;67
1968.0;307;328;205;194;177;172;70;76;81;94;73;73;85;65
1974.0;311;328;207;192;175;174;67;78;81;95;76;71;81;64
