#auto generated file!
12.0;173;167;175;154;148;146;181;148;180;143;146;151;129;159
18.0;179;169;174;155;150;147;180;150;178;141;141;153;129;154
24.0;180;176;172;165;151;148;173;146;170;147;144;144;129;155
30.0;185;178;174;168;157;148;167;142;165;151;146;142;125;152
36.0;190;182;173;171;159;152;161;141;160;151;145;144;119;152
42.0;190;184;181;172;166;153;157;139;161;144;139;143;117;154
48.0;194;187;184;182;168;154;156;132;159;142;139;142;109;152
54.0;196;188;190;189;174;149;145;132;155;137;142;144;109;150
60.0;196;192;189;193;175;147;143;134;151;141;142;141;102;154
66.0;206;193;187;193;176;152;141;134;146;140;136;140;109;147
72.0;207;193;190;195;174;151;144;132;144;143;131;134;119;143
78.0;212;193;192;195;176;159;137;126;148;135;135;128;119;145
84.0;213;192;192;196;179;161;138;123;143;135;139;129;115;145
90.0;214;196;196;198;180;164;135;121;137;137;136;125;116;145
96.0;217;197;199;201;183;165;130;119;138;132;135;126;116;142
102.0;219;198;201;199;184;166;128;113;137;130;129;134;117;145
108.0;220;199;200;201;184;171;125;110;140;129;127;132;118;144
114.0;224;200;205;202;187;173;119;109;132;130;125;131;116;147
120.0;227;203;206;208;188;172;124;110;129;132;122;126;107;146
126.0;231;205;205;208;191;173;131;110;125;130;117;129;104;141
132.0;234;205;204;210;193;173;129;112;127;132;114;124;106;137
138.0;235;210;207;212;195;172;130;118;121;123;116;120;104;137
144.0;236;213;204;212;190;175;127;118;120;126;115;122;102;140
150.0;234;216;205;210;193;181;129;117;115;126;113;123;103;135
156.0;236;220;208;210;191;184;128;114;113;125;114;124;104;129
162.0;239;228;216;208;187;185;124;112;111;121;112;122;107;128
168.0;240;231;219;210;185;189;125;120;112;118;109;118;102;122
174.0;246;233;214;215;183;193;121;116;115;124;109;117;96;118
180.0;247;234;211;213;186;193;124;116;120;121;110;117;94;114
186.0;247;238;211;214;191;196;119;112;121;119;105;120;92;115
192.0;252;243;214;212;192;197;118;110;117;119;104;115;91;116
198.0;251;245;217;212;192;192;117;115;119;120;101;116;91;112
204.0;250;253;218;216;188;193;114;117;115;119;99;115;92;111
210.0;254;254;215;213;190;192;112;114;118;116;107;111;93;111
216.0;255;256;215;215;194;198;111;107;121;116;104;105;94;109
222.0;256;260;216;222;194;198;109;108;122;114;100;106;92;103
228.0;262;257;217;225;190;200;109;108;125;117;96;102;91;101
234.0;265;255;216;225;188;197;111;110;125;118;95;100;92;103
240.0;273;256;222;227;189;196;106;110;121;116;92;97;95;100
246.0;275;256;221;231;184;200;103;112;116;111;95;99;96;101
252.0;281;262;221;230;188;204;97;107;112;106;96;102;93;101
258.0;284;267;225;230;189;203;92;101;112;112;100;99;91;95
264.0;284;265;226;224;192;206;96;98;109;114;102;99;92;93
270.0;290;264;224;222;191;209;92;96;110;113;106;103;85;95
276.0;292;265;223;226;189;207;91;95;108;117;106;105;86;90
282.0;288;265;219;223;190;210;91;99;113;115;103;105;86;93
288.0;290;264;219;220;187;211;96;97;114;112;100;105;90;95
294.0;287;266;217;222;190;214;91;101;111;115;103;106;84;93
300.0;290;269;212;221;190;212;95;101;113;117;106;104;80;90
306.0;289;266;212;225;188;210;95;105;115;120;102;105;79;89
312.0;287;269;212;225;186;215;97;102;119;121;101;100;80;86
318.0;285;274;209;223;186;217;99;97;121;118;103;98;84;86
324.0;284;269;206;225;191;215;100;95;119;112;103;103;88;90
330.0;288;265;206;220;194;218;104;95;116;107;107;103;85;92
336.0;287;263;210;219;195;218;106;94;119;108;103;101;84;93
342.0;287;266;209;214;198;218;102;99;117;102;104;97;89;98
348.0;290;264;204;217;202;222;100;103;116;101;106;93;86;96
354.0;294;267;207;213;199;219;100;99;119;98;108;93;87;97
360.0;293;267;202;215;202;221;98;98;120;99;110;90;87;98
366.0;291;263;202;216;205;215;96;96;122;101;111;89;92;101
372.0;290;265;208;218;199;219;99;95;113;103;110;92;91;98
378.0;292;264;211;216;199;219;98;96;107;103;110;91;93;101
384.0;296;264;214;221;199;217;97;94;105;101;111;88;100;93
390.0;300;265;217;219;198;219;97;92;100;104;110;86;97;96
396.0;299;267;214;220;203;218;98;93;101;103;107;85;95;97
402.0;301;269;212;223;205;219;96;91;98;107;100;85;95;99
408.0;298;273;214;222;204;216;93;93;96;111;103;91;94;92
414.0;295;278;218;223;202;214;92;93;100;105;110;92;90;88
420.0;296;279;216;223;200;212;96;94;102;102;109;94;90;87
426.0;301;279;215;223;204;211;93;90;102;98;112;91;86;95
432.0;299;280;220;224;199;206;98;93;97;96;115;91;85;97
438.0;297;278;218;226;201;211;95;91;98;93;116;92;84;100
444.0;300;281;215;236;199;208;93;88;103;91;115;90;79;102
450.0;302;286;212;233;195;206;93;91;103;89;114;91;82;103
456.0;304;286;209;231;198;202;96;93;105;87;111;90;88;100
462.0;303;287;204;231;201;202;99;87;107;91;108;91;88;101
468.0;303;289;202;232;205;202;99;88;105;88;107;92;86;102
474.0;305;294;207;231;206;200;96;90;103;89;102;94;82;101
480.0;310;299;213;229;208;198;97;92;100;90;95;88;80;101
486.0;311;299;214;229;212;201;98;94;96;86;91;86;83;100
492.0;319;299;214;229;216;200;92;89;99;86;88;89;85;95
498.0;322;294;216;230;215;202;98;83;97;88;85;86;87;97
504.0;325;296;217;230;217;201;99;84;97;85;87;84;83;95
510.0;326;296;217;229;221;199;100;88;97;83;85;84;85;90
516.0;328;299;216;230;220;198;101;90;93;82;82;86;86;89
522.0;324;303;219;222;222;202;99;86;94;77;85;89;85;93
528.0;324;311;216;221;220;204;98;85;97;79;80;87;84;94
534.0;327;310;220;219;227;206;92;82;96;77;81;85;81;97
540.0;327;306;217;219;226;206;94;83;96;79;82;89;79;97
546.0;327;311;216;216;223;204;100;86;97;80;85;87;75;93
552.0;327;317;213;215;226;202;99;81;95;83;86;87;75;94
558.0;327;315;217;216;225;199;98;74;95;83;90;90;77;94
564.0;329;317;216;215;219;199;96;75;94;83;96;94;72;95
570.0;330;323;215;216;221;200;92;77;95;80;94;96;69;92
576.0;333;317;214;215;221;202;94;75;99;82;97;94;68;89
582.0;337;315;211;212;223;205;99;74;97;79;100;95;66;87
588.0;339;314;211;213;228;207;100;74;95;74;96;91;67;91
594.0;339;314;208;218;226;209;100;72;95;72;92;100;68;87
600.0;339;315;206;210;230;207;99;74;94;69;95;102;70;90
606.0;344;316;211;212;220;206;97;73;93;72;92;102;72;90
612.0;346;314;211;205;220;209;91;77;91;73;96;99;75;93
618.0;347;318;215;203;218;206;88;82;91;72;93;102;74;91
624.0;343;315;215;201;221;206;87;83;91;77;94;104;71;92
630.0;342;311;218;201;221;207;90;81;89;79;98;107;69;87
636.0;337;312;219;201;224;206;92;84;93;80;99;100;71;82
642.0;337;316;218;200;224;203;88;79;101;84;102;99;70;79
648.0;337;314;217;200;219;206;83;77;99;86;108;100;68;86
654.0;339;315;215;197;217;207;79;79;102;85;107;100;66;92
660.0;337;319;212;199;218;208;79;82;97;84;108;95;67;95
666.0;340;318;213;200;215;210;77;78;97;84;109;93;71;95
672.0;345;318;214;197;211;217;79;78;92;82;111;92;71;93
678.0;344;316;214;199;211;218;76;82;90;75;107;99;73;96
684.0;343;319;216;199;209;214;79;86;89;69;105;100;73;99
690.0;345;321;218;200;205;213;74;87;90;74;104;96;75;98
696.0;342;322;222;198;206;211;72;91;85;73;109;100;73;96
702.0;346;317;217;195;207;212;73;88;86;69;110;105;77;98
708.0;344;319;219;195;207;213;72;89;84;72;109;101;81;95
714.0;345;321;221;190;209;212;76;92;83;75;101;96;83;96
720.0;345;323;219;186;209;214;77;88;81;74;105;96;84;99
726.0;345;319;222;192;208;215;73;89;80;76;103;97;87;94
732.0;349;320;221;189;203;215;72;87;83;79;107;91;89;95
738.0;354;325;222;183;202;215;71;83;86;81;110;90;84;94
744.0;355;324;228;189;204;210;70;81;88;83;103;88;80;97
750.0;362;323;228;189;205;210;74;75;82;83;102;85;77;105
756.0;361;328;226;190;207;216;73;78;85;80;97;83;68;108
762.0;361;324;227;184;207;211;77;78;88;79;98;82;74;110
768.0;358;325;232;182;204;212;76;83;89;79;102;80;71;107
774.0;356;324;231;186;202;212;80;81;89;79;101;78;74;107
780.0;358;322;237;186;200;212;79;81;89;76;99;79;75;107
786.0;357;323;237;186;201;212;78;80;91;76;99;78;74;108
792.0;356;323;241;188;200;208;76;78;90;74;104;81;73;108
798.0;353;322;244;187;197;210;80;77;89;79;100;83;72;107
804.0;356;320;245;191;198;207;78;78;86;84;99;83;68;107
810.0;358;321;246;192;195;207;84;74;83;90;92;86;69;103
816.0;359;320;245;189;195;207;90;76;86;90;91;80;71;101
822.0;363;318;243;190;191;210;90;77;88;90;92;75;74;99
828.0;363;323;242;190;188;211;88;79;82;87;95;75;78;99
834.0;362;327;238;188;188;217;85;82;83;90;85;77;78;100
840.0;360;327;237;187;190;218;86;76;86;93;87;79;75;99
846.0;361;321;231;185;191;219;81;80;91;98;88;85;73;96
852.0;362;323;228;185;191;215;80;78;93;98;89;79;75;104
858.0;361;325;231;185;192;215;79;81;87;97;89;75;78;105
864.0;361;324;230;186;191;213;79;82;88;104;85;73;79;105
870.0;359;327;227;181;193;217;81;83;91;102;86;71;81;101
876.0;356;323;225;181;199;214;81;85;94;103;87;69;85;98
882.0;356;329;222;181;201;216;75;82;95;103;92;67;87;94
888.0;358;327;225;180;203;215;76;83;93;100;92;69;88;91
894.0;359;329;224;177;201;216;79;84;89;98;92;73;86;93
900.0;362;318;222;178;199;215;80;89;94;94;93;79;84;93
906.0;362;322;221;177;201;218;77;87;86;93;94;81;88;93
912.0;363;325;219;178;200;216;78;92;87;92;97;80;87;86
918.0;363;324;218;175;202;220;75;94;85;92;96;83;83;90
924.0;361;327;215;174;201;219;75;94;85;88;95;87;90;89
930.0;360;326;215;172;199;221;75;94;88;93;96;91;85;85
936.0;358;330;212;178;200;221;75;94;84;93;95;88;88;84
942.0;356;329;208;185;205;221;76;96;81;96;91;85;85;86
948.0;358;321;205;183;203;223;76;94;85;96;94;86;88;88
954.0;361;324;207;181;205;219;82;95;85;90;90;85;88;88
960.0;362;319;205;183;207;219;85;91;83;91;90;86;86;93
966.0;367;318;206;183;207;216;88;89;86;91;89;84;84;92
972.0;371;321;206;185;206;209;87;88;89;94;92;82;82;88
978.0;370;323;204;190;209;210;84;85;87;91;93;79;86;89
984.0;370;321;200;190;211;210;85;84;86;91;95;83;84;90
990.0;362;327;198;196;210;209;84;84;84;92;93;85;88;88
996.0;364;327;201;199;209;208;80;84;84;96;92;83;85;88
1002.0;364;328;203;196;213;203;79;85;87;97;87;87;85;86
1008.0;360;331;200;196;213;203;79;95;87;99;79;88;83;87
1014.0;361;329;196;201;210;199;78;98;90;102;81;85;86;84
1020.0;358;327;201;203;205;199;77;100;90;98;87;84;84;87
1026.0;355;327;202;207;206;197;74;99;91;94;88;84;90;86
1032.0;354;326;203;208;209;197;72;94;87;89;91;88;91;91
1038.0;353;323;200;206;212;199;75;92;86;88;96;89;88;93
1044.0;354;326;199;202;215;198;75;92;83;86;96;90;90;94
1050.0;356;323;208;203;210;194;71;94;85;84;94;91;89;98
1056.0;353;324;209;202;211;203;71;91;84;88;93;87;85;99
1062.0;350;322;211;201;213;207;72;91;81;89;92;87;83;101
1068.0;345;322;215;204;214;210;71;92;78;86;93;87;84;99
1074.0;342;328;211;206;216;211;73;87;78;83;96;88;83;98
1080.0;342;330;208;202;214;212;78;86;82;87;97;86;82;94
1086.0;343;339;210;202;214;207;77;88;84;88;95;87;78;88
1092.0;346;344;209;205;214;207;73;86;83;88;90;87;80;88
1098.0;351;343;206;209;212;203;75;86;83;86;92;83;79;92
1104.0;353;341;202;206;210;202;76;89;81;89;98;84;74;95
1110.0;355;342;201;198;210;209;80;82;85;88;96;82;76;96
1116.0;355;338;202;199;212;207;79;84;87;89;94;85;75;94
1122.0;354;338;203;199;209;210;83;83;84;88;88;82;77;102
1128.0;352;339;202;202;212;207;80;79;82;86;88;84;79;108
1134.0;352;338;203;206;210;207;83;76;81;81;90;82;84;107
1140.0;348;337;209;207;207;208;76;78;77;85;94;80;84;110
1146.0;345;338;206;205;208;211;77;81;77;81;100;81;87;103
1152.0;340;338;208;211;207;212;70;84;74;79;102;83;93;99
1158.0;340;337;205;212;206;214;71;82;78;83;99;79;92;102
1164.0;340;335;205;214;204;212;68;85;77;89;97;83;90;101
1170.0;342;339;203;216;205;206;73;83;77;85;95;85;85;106
1176.0;341;335;200;217;206;209;72;84;77;84;98;87;86;104
1182.0;340;334;199;217;202;210;71;91;74;84;100;88;86;104
1188.0;339;337;202;214;203;211;68;90;72;84;101;93;81;105
1194.0;340;340;203;209;205;213;68;97;74;83;100;88;77;103
1200.0;341;340;207;210;211;212;64;98;74;84;97;86;78;98
1206.0;344;343;202;209;213;210;61;98;77;84;101;86;72;100
1212.0;342;348;205;210;215;208;60;94;77;83;99;85;71;103
1218.0;341;346;206;212;211;211;60;94;74;84;100;85;69;107
1224.0;338;343;207;208;211;214;58;96;76;84;100;88;71;106
1230.0;335;347;204;212;208;214;64;94;77;82;100;84;69;110
1236.0;331;350;201;212;206;217;65;92;77;85;98;81;72;113
1242.0;333;352;200;213;204;218;65;93;77;88;101;77;69;110
1248.0;336;352;201;214;202;216;68;92;74;87;93;78;77;110
1254.0;338;351;197;213;208;218;69;89;76;86;90;74;79;112
1260.0;332;358;194;213;206;220;72;90;71;87;88;75;79;115
1266.0;333;358;196;218;203;216;78;90;73;90;86;74;71;114
1272.0;340;355;195;218;205;217;78;88;71;88;86;74;74;111
1278.0;339;355;196;214;206;212;78;86;76;95;83;70;79;111
1284.0;339;357;197;211;213;211;78;84;74;90;82;71;81;112
1290.0;342;363;195;209;211;209;77;82;77;95;78;74;81;107
1296.0;341;363;194;212;206;217;82;74;79;95;77;77;78;105
1302.0;345;365;192;214;203;214;88;67;81;95;69;80;82;105
1308.0;349;365;192;218;204;211;86;69;80;99;69;75;82;101
1314.0;350;364;189;220;204;213;82;67;83;98;65;77;83;105
1320.0;352;365;190;222;203;210;83;68;75;95;68;80;86;103
1326.0;350;371;184;218;206;210;88;68;78;93;65;76;88;105
1332.0;349;370;188;219;203;216;86;71;79;90;66;74;90;99
1338.0;346;367;190;214;203;215;87;76;80;88;72;76;91;95
1344.0;345;369;191;215;204;215;83;79;84;86;70;81;86;92
1350.0;345;368;190;219;203;216;82;78;85;87;65;79;92;91
1356.0;344;368;189;223;205;215;84;79;82;92;66;75;93;85
1362.0;343;368;188;222;211;215;83;77;80;89;67;77;94;86
1368.0;343;366;190;218;213;211;87;79;83;88;67;78;91;86
1374.0;343;365;191;215;213;211;87;82;82;90;69;77;89;86
1380.0;341;364;190;216;214;209;86;78;81;92;67;81;88;93
1386.0;345;365;191;214;212;211;84;83;78;94;64;83;86;90
1392.0;346;366;195;216;212;207;83;78;77;94;65;84;86;91
1398.0;344;368;196;210;215;206;87;79;75;93;65;85;89;88
1404.0;342;369;199;208;214;207;87;80;73;93;62;86;86;94
1410.0;345;366;202;204;217;205;86;82;76;92;68;83;86;88
1416.0;338;367;199;201;219;208;88;83;79;88;67;82;90;91
1422.0;340;366;203;198;221;212;90;80;74;85;68;84;89;90
1428.0;339;364;206;202;217;219;89;78;69;87;71;84;89;86
1434.0;338;366;205;202;217;218;87;78;67;89;73;82;89;89
1440.0;336;363;206;200;222;217;88;78;73;86;73;85;84;89
1446.0;334;364;207;194;223;219;89;72;70;85;74;91;86;92
1452.0;336;366;204;190;224;218;92;70;71;89;73;90;86;91
1458.0;331;370;206;195;226;217;89;71;72;83;75;91;87;87
1464.0;333;376;200;197;222;222;90;66;72;86;71;95;87;83
1470.0;330;376;198;197;222;221;88;70;75;83;73;97;88;82
1476.0;323;380;199;196;225;219;89;69;78;82;77;100;85;78
1482.0;320;379;197;194;227;222;85;70;74;84;78;102;86;82
1488.0;325;376;199;195;221;220;88;73;74;84;75;104;87;79
1494.0;327;373;198;195;222;220;89;74;72;90;75;104;87;74
1500.0;325;368;201;191;225;218;88;79;74;96;75;101;83;76
1506.0;330;365;203;195;227;217;81;76;72;98;76;100;81;79
1512.0;332;364;204;198;230;213;80;74;75;97;76;98;81;78
1518.0;329;361;202;197;229;216;76;74;77;98;77;102;80;82
1524.0;329;357;203;198;229;214;77;72;78;103;77;101;79;83
1530.0;328;355;199;203;238;217;79;69;79;96;77;100;79;81
1536.0;326;354;205;202;242;215;76;71;81;91;76;100;80;81
1542.0;327;355;201;205;238;215;73;70;82;94;77;102;82;79
1548.0;327;358;204;203;236;218;74;70;79;90;82;99;86;74
1554.0;330;355;207;204;237;215;73;72;82;93;74;100;86;72
1560.0;335;349;205;207;237;214;75;75;80;92;71;103;83;74
1566.0;334;353;209;208;234;214;76;73;79;94;70;100;79;77
1572.0;331;353;213;208;231;216;79;73;75;94;67;101;80;79
1578.0;327;354;209;211;231;219;79;68;75;95;66;102;79;85
1584.0;325;350;212;213;232;220;78;63;75;100;67;99;80;86
1590.0;321;352;214;216;232;217;75;61;78;101;63;100;83;87
1596.0;327;353;216;216;231;217;72;61;78;98;61;100;85;85
1602.0;331;354;222;213;228;216;73;61;78;101;62;95;81;85
1608.0;327;354;223;216;224;226;77;60;76;100;59;92;81;85
1614.0;325;357;220;216;223;226;78;60;75;101;61;90;77;91
1620.0;325;360;217;222;217;223;80;61;82;102;59;88;75;89
1626.0;321;353;215;224;219;223;84;60;87;94;60;96;76;88
1632.0;321;352;214;221;219;224;81;62;90;93;58;100;73;92
1638.0;321;352;213;219;216;224;82;67;87;88;60;102;75;94
1644.0;325;347;213;218;217;229;84;65;83;87;59;99;78;96
1650.0;324;344;215;225;215;232;82;64;84;84;60;103;75;93
1656.0;322;352;210;218;211;231;87;62;87;84;61;103;78;94
1662.0;321;348;212;215;209;229;88;68;85;89;62;101;77;96
1668.0;324;350;213;216;208;231;85;70;85;85;64;94;78;97
1674.0;322;351;214;212;207;225;84;69;86;89;68;94;79;100
1680.0;324;347;217;212;210;223;84;68;82;91;70;93;82;97
1686.0;324;350;217;212;216;220;83;71;81;91;69;92;82;92
1692.0;322;350;218;211;220;216;82;73;85;90;70;90;82;91
1698.0;326;353;218;212;224;215;82;73;86;89;66;86;81;89
1704.0;330;353;218;211;225;213;76;73;83;94;69;87;78;90
1710.0;327;352;216;211;225;211;85;76;86;88;72;84;80;87
1716.0;323;349;212;210;224;213;87;76;86;91;72;88;82;87
1722.0;324;351;206;212;223;215;87;78;87;93;71;84;84;85
1728.0;325;353;206;215;220;218;87;75;85;93;70;84;83;86
1734.0;323;352;201;213;219;214;90;81;85;96;71;88;87;80
1740.0;323;348;199;214;228;219;92;84;83;95;70;86;79;80
1746.0;326;347;200;214;227;217;95;87;79;93;71;80;82;82
1752.0;329;343;201;219;225;219;95;90;80;93;70;78;83;75
1758.0;328;345;199;216;222;220;93;89;83;94;70;82;85;74
1764.0;320;344;202;218;219;224;93;91;83;99;69;82;83;73
1770.0;320;340;203;223;218;225;95;88;86;97;71;81;80;73
1776.0;325;337;205;223;218;219;91;90;88;99;72;77;81;75
1782.0;322;344;205;220;221;217;85;91;85;101;75;80;83;71
1788.0;325;343;207;217;222;218;86;86;81;106;75;84;78;72
1794.0;319;341;208;218;219;223;83;89;81;105;74;88;78;74
1800.0;321;340;213;222;217;225;84;83;81;101;76;85;81;71
1806.0;321;333;213;221;217;227;79;85;85;99;78;88;81;73
1812.0;320;331;214;224;216;224;77;85;89;101;79;88;79;73
1818.0;322;331;221;223;216;225;76;81;90;101;78;87;77;72
1824.0;322;329;219;225;213;224;78;83;88;106;77;89;75;72
1830.0;324;329;216;222;217;225;77;82;91;106;82;84;75;70
1836.0;325;328;216;224;216;226;74;78;87;105;86;87;77;71
1842.0;326;327;218;224;216;225;74;78;88;102;85;89;76;72
1848.0;328;329;219;223;212;217;77;79;87;98;87;96;75;73
1854.0;331;330;214;225;212;217;76;78;84;96;90;99;78;70
1860.0;329;325;213;224;214;221;75;76;84;97;98;96;82;66
1866.0;328;326;216;222;211;219;77;80;85;93;97;98;81;67
1872.0;335;325;214;220;206;219;81;85;80;99;89;98;84;65
1878.0;334;329;216;224;205;213;77;83;80;102;86;94;87;70
1884.0;339;330;218;219;207;214;72;84;81;100;85;90;93;68
1890.0;341;333;213;219;207;218;74;85;77;102;80;91;93;67
1896.0;336;335;213;220;208;218;76;84;80;101;83;89;92;65
1902.0;335;339;215;219;207;217;74;84;75;101;90;86;93;65
1908.0;331;340;220;219;204;211;79;85;76;96;93;86;94;66
1914.0;331;343;218;215;200;211;83;82;79;94;93;87;93;71
1920.0;334;344;216;213;201;210;87;79;77;96;91;87;97;68
1926.0;333;345;215;213;205;212;85;73;77;97;94;86;96;69
1932.0;337;345;216;214;200;214;82;75;76;95;91;85;101;69
1938.0;342;343;215;209;200;214;85;77;76;95;84;90;102;68
1944.0;347;344;217;210;202;213;80;81;76;92;84;87;99;68
1950.0;344;345;218;211;204;213;79;81;74;92;84;87;101;67
1956.0;345;345;213;208;205;212;83;84;75;95;84;87;96;68
1962.0;347;337;213;202;210;204;87;91;77;92;85;88;101;66
1968.0;348;335;214;204;212;205;85;91;74;94;87;87;99;65
1974.0;349;336;208;205;211;204;86;94;72;93;88;89;95;70
