#auto generated file!
12.0;80;64;73;80;69;55;68;79;72;76;67;77;78;62
18.0;82;68;74;82;73;59;66;79;70;70;67;72;77;61
24.0;85;73;76;83;75;59;66;75;67;70;64;72;75;60
30.0;86;74;77;80;75;58;65;75;68;71;66;72;73;60
36.0;88;78;78;82;72;62;64;73;68;68;64;68;74;61
42.0;88;83;78;86;72;63;60;75;64;65;66;64;72;64
48.0;91;84;77;85;73;63;59;75;62;66;65;63;74;63
54.0;95;84;79;85;73;63;63;69;66;68;63;59;71;62
60.0;100;83;78;82;74;64;61;70;68;67;65;57;72;59
66.0;100;83;77;84;75;65;60;71;64;65;67;59;71;59
72.0;100;81;80;88;76;67;60;69;64;64;65;62;69;55
78.0;103;84;80;88;80;67;61;64;62;59;67;65;66;54
84.0;104;83;80;89;83;66;58;66;62;57;64;66;65;57
90.0;103;82;80;90;88;63;59;67;59;58;66;63;64;58
96.0;105;81;84;87;87;64;57;66;59;56;67;62;65;60
102.0;108;81;84;87;89;63;57;66;57;55;62;64;66;61
108.0;110;82;83;88;92;63;56;62;60;56;57;68;63;60
114.0;111;82;86;89;91;65;56;58;57;55;57;70;65;58
120.0;114;81;88;85;89;67;54;57;58;59;58;71;60;59
126.0;114;84;89;88;89;68;58;60;58;54;57;66;58;57
132.0;114;86;92;88;92;68;61;57;57;51;54;66;58;56
138.0;114;87;91;89;91;70;57;59;55;49;57;68;59;54
144.0;113;89;92;90;89;73;59;57;54;51;56;68;57;52
150.0;117;88;95;91;90;77;58;60;48;49;56;64;54;53
156.0;118;88;92;95;92;83;55;62;44;52;53;58;53;55
162.0;119;89;90;97;89;85;51;64;43;51;56;59;50;57
168.0;120;91;90;99;90;83;50;66;44;54;54;58;49;52
174.0;118;96;88;103;92;86;48;69;43;49;55;56;49;48
180.0;118;99;93;97;98;87;52;65;40;52;51;59;43;46
186.0;118;100;94;99;97;90;53;62;39;52;52;60;41;43
192.0;119;101;95;99;100;91;52;66;35;50;52;60;40;40
198.0;119;101;95;99;100;89;52;68;36;50;53;57;43;38
204.0;119;103;93;100;99;88;49;69;34;50;54;57;44;41
210.0;118;101;92;101;103;92;49;68;36;50;54;51;44;41
216.0;119;102;94;102;108;92;47;64;34;49;52;51;43;43
222.0;119;104;94;104;110;87;48;62;37;51;52;49;42;41
228.0;120;104;92;103;109;87;48;64;35;51;54;49;45;39
234.0;124;102;92;103;107;89;47;67;35;49;54;50;41;40
240.0;123;98;93;105;108;91;44;71;38;48;53;50;36;42
246.0;122;99;93;107;107;91;44;70;39;44;49;52;39;44
252.0;121;100;94;106;110;90;46;70;41;43;49;48;36;46
258.0;121;100;93;108;109;90;43;70;39;42;49;52;39;45
264.0;123;100;92;107;109;92;43;67;42;43;47;50;39;46
270.0;122;102;92;108;112;93;45;65;39;44;44;49;39;46
276.0;120;102;92;110;113;94;46;63;38;46;44;49;37;46
282.0;121;102;89;108;112;98;46;61;39;47;43;52;36;46
288.0;122;105;91;106;110;97;45;56;40;45;45;55;39;44
294.0;123;104;88;109;111;97;46;56;41;46;45;53;36;45
300.0;125;107;86;108;112;96;46;58;42;47;42;49;36;46
306.0;126;107;84;109;112;98;45;55;42;49;43;47;36;47
312.0;130;109;87;105;112;102;43;54;41;47;41;45;37;47
318.0;130;110;87;107;109;101;43;54;42;45;45;45;40;42
324.0;135;115;84;103;108;102;43;52;43;43;47;46;36;43
330.0;137;117;84;104;112;103;46;49;41;38;44;45;40;40
336.0;138;113;83;102;110;105;46;50;42;43;46;45;37;40
342.0;140;112;84;102;107;103;50;49;41;43;48;47;35;39
348.0;139;113;85;103;106;105;47;47;41;46;44;48;36;40
354.0;142;113;87;109;107;104;45;45;42;43;42;44;35;42
360.0;142;117;87;113;109;104;44;44;43;39;46;41;34;37
366.0;143;118;90;113;108;106;46;44;42;38;47;39;31;35
372.0;142;117;91;114;109;105;45;43;40;40;49;41;29;35
378.0;144;121;90;114;107;102;48;40;42;37;50;41;30;34
384.0;144;120;90;115;109;102;47;41;43;31;50;40;32;36
390.0;148;120;90;116;108;102;44;42;38;35;51;39;32;35
396.0;148;120;87;118;109;105;45;37;40;36;46;39;32;38
402.0;149;118;86;119;112;102;46;36;40;36;45;39;34;38
408.0;150;121;83;118;112;101;46;37;41;35;44;39;37;36
414.0;150;121;81;119;112;102;47;39;39;36;44;38;35;37
420.0;147;124;82;121;112;100;46;38;41;38;41;39;34;37
426.0;149;125;83;121;112;101;47;39;38;36;39;39;34;37
432.0;150;125;82;121;110;101;50;35;39;38;40;37;32;40
438.0;150;125;83;122;111;101;51;34;39;40;40;37;31;36
444.0;150;127;83;121;107;101;53;36;38;40;36;37;37;34
450.0;150;126;85;117;106;100;52;35;40;44;35;37;38;35
456.0;147;125;85;121;105;97;52;37;38;47;39;36;39;32
462.0;145;129;84;119;105;101;53;37;40;46;36;38;38;29
468.0;144;129;81;115;105;104;52;40;38;49;37;40;38;28
474.0;143;127;80;118;105;104;53;39;37;48;40;43;38;25
480.0;145;128;80;119;103;108;52;38;36;47;41;38;39;26
486.0;146;128;83;116;103;109;52;40;34;46;38;36;39;30
492.0;148;127;81;117;105;111;50;40;33;42;38;39;39;30
498.0;149;131;82;115;99;114;49;38;34;42;39;38;39;31
504.0;148;130;82;116;100;111;50;39;37;44;40;36;40;27
510.0;150;129;81;116;102;108;52;40;35;46;40;33;42;26
516.0;149;131;81;112;101;110;53;37;36;48;41;32;42;27
522.0;148;131;80;110;105;109;51;39;36;47;42;34;42;26
528.0;147;128;82;110;109;110;48;39;36;48;42;32;42;27
534.0;147;129;81;113;107;111;46;40;37;46;43;32;39;29
540.0;148;129;79;111;112;109;47;40;37;47;43;30;39;29
546.0;148;130;74;117;108;110;45;40;36;47;44;30;42;29
552.0;147;131;72;118;106;111;46;42;36;47;44;31;43;26
558.0;149;130;70;119;107;108;47;43;38;45;46;29;41;28
564.0;144;130;74;122;107;108;49;42;31;41;48;29;45;30
570.0;143;133;79;121;104;109;48;40;31;39;52;27;45;29
576.0;143;136;76;120;100;105;49;41;34;40;53;30;44;29
582.0;140;139;77;124;98;104;51;43;34;40;52;27;41;30
588.0;141;140;80;123;98;100;53;41;34;42;50;28;41;29
594.0;139;140;79;127;101;98;51;43;35;39;47;30;39;32
600.0;144;140;77;128;101;96;46;44;32;38;48;33;40;33
606.0;146;140;77;130;103;93;43;43;33;39;46;32;40;35
612.0;148;143;79;128;103;89;44;41;32;40;47;33;39;34
618.0;148;143;81;129;101;91;42;39;33;38;48;34;40;33
624.0;148;141;79;131;97;92;40;37;38;39;49;33;42;34
630.0;148;142;79;128;96;96;39;35;42;36;49;32;41;37
636.0;146;140;82;125;97;98;36;39;42;36;45;32;42;40
642.0;151;140;82;122;95;99;34;39;42;37;43;35;40;41
648.0;152;142;83;119;95;96;34;39;44;38;43;34;39;42
654.0;150;143;89;115;94;98;34;42;42;38;41;33;37;44
660.0;152;143;86;114;93;99;33;42;44;39;39;33;39;44
666.0;151;144;88;111;92;98;32;43;40;39;42;36;40;44
672.0;152;147;88;110;92;98;28;42;42;43;39;35;39;45
678.0;153;147;88;105;95;95;27;39;41;46;40;35;41;48
684.0;155;150;87;107;91;97;24;41;39;45;43;35;39;47
690.0;153;151;88;106;94;93;26;46;40;42;42;39;37;43
696.0;154;151;87;108;98;93;26;46;37;43;41;38;39;39
702.0;156;151;89;109;99;87;28;46;35;42;41;41;38;38
708.0;158;152;90;108;97;88;26;45;36;43;42;39;38;38
714.0;159;153;90;107;96;87;26;45;38;41;41;41;40;36
720.0;160;157;89;110;98;85;26;41;39;41;39;42;37;36
726.0;163;158;90;111;99;85;26;43;38;34;40;40;36;37
732.0;160;162;90;111;98;84;24;45;38;34;41;41;37;35
738.0;157;164;93;112;97;85;20;46;39;36;39;41;37;34
744.0;157;160;93;110;94;85;20;47;41;36;42;41;38;36
750.0;156;159;95;111;93;87;23;48;38;36;39;42;38;35
756.0;159;160;97;108;92;87;26;48;38;36;35;40;38;36
762.0;160;159;98;106;91;88;27;44;35;34;36;43;43;36
768.0;162;162;98;103;90;87;28;45;32;34;38;42;43;36
774.0;160;162;98;103;87;89;29;46;32;35;38;40;42;39
780.0;164;160;96;99;86;89;31;44;34;34;39;43;44;37
786.0;163;159;96;99;88;90;32;43;34;35;37;41;44;39
792.0;166;159;95;99;90;90;29;42;35;35;36;42;42;40
798.0;163;160;95;100;89;92;30;42;37;33;36;40;40;43
804.0;162;160;98;102;89;90;32;43;38;31;36;36;40;43
810.0;161;161;97;100;89;89;36;40;37;29;38;34;46;43
816.0;163;157;99;99;87;88;35;41;40;30;38;36;45;42
822.0;162;154;101;101;90;88;35;40;39;28;38;39;44;41
828.0;162;153;101;100;90;87;35;38;38;30;38;43;44;41
834.0;162;152;102;100;90;85;35;38;39;30;38;44;46;39
840.0;162;153;99;97;89;90;39;36;34;27;42;45;48;39
846.0;157;156;99;96;89;89;39;37;36;29;41;45;49;38
852.0;161;154;99;93;89;86;40;40;39;27;42;42;49;39
858.0;160;153;101;89;87;84;41;42;38;27;44;41;51;42
864.0;165;153;98;88;88;85;44;41;38;25;45;41;49;40
870.0;167;153;96;90;90;82;42;37;40;27;46;44;48;38
876.0;168;153;95;89;90;82;41;40;40;27;46;42;47;40
882.0;165;155;99;91;89;84;36;39;45;27;44;38;48;40
888.0;166;155;97;94;88;81;38;37;44;29;45;38;50;38
894.0;164;156;97;95;88;80;39;38;45;29;45;37;50;37
900.0;161;157;97;95;90;78;36;37;49;32;47;36;47;38
906.0;161;162;94;94;91;77;37;35;48;33;49;34;49;36
912.0;164;162;93;96;93;77;38;35;47;34;47;34;43;37
918.0;163;165;93;91;94;78;40;34;49;35;48;34;39;37
924.0;160;163;92;90;94;80;40;31;51;42;46;36;39;36
930.0;161;164;93;93;96;79;36;32;49;42;46;35;37;37
936.0;161;161;93;90;96;81;35;33;50;41;46;34;41;38
942.0;161;161;95;87;96;79;39;34;51;41;43;37;39;37
948.0;161;160;99;86;98;79;40;34;49;41;43;37;39;34
954.0;165;163;98;85;99;82;40;35;51;40;40;34;34;34
960.0;167;164;95;85;100;83;37;38;49;39;39;34;34;36
966.0;169;166;94;82;98;86;37;38;48;39;37;36;35;35
972.0;169;167;93;82;98;86;35;39;46;40;38;37;35;35
978.0;169;169;91;79;98;85;36;40;45;35;41;38;37;37
984.0;172;163;92;79;99;89;36;40;43;35;39;39;37;37
990.0;174;160;93;78;100;87;34;37;47;38;37;41;33;41
996.0;176;160;94;80;99;86;34;37;47;38;36;41;33;39
1002.0;176;161;95;82;98;88;35;35;46;39;36;41;27;41
1008.0;176;164;98;79;97;90;31;36;45;39;36;40;25;44
1014.0;176;163;98;80;98;91;28;34;46;35;36;43;26;46
1020.0;177;158;95;83;99;88;30;35;44;40;38;43;26;44
1026.0;175;158;96;84;97;88;29;38;44;37;40;43;27;44
1032.0;176;158;99;79;95;92;29;39;45;38;40;39;25;46
1038.0;174;157;101;79;96;95;29;38;46;42;38;39;25;41
1044.0;176;157;101;80;96;94;30;38;43;41;34;40;30;40
1050.0;174;158;104;76;97;96;30;38;44;42;32;43;28;38
1056.0;172;159;99;75;98;99;32;38;42;42;32;44;30;38
1062.0;172;157;101;75;99;102;31;38;41;41;30;42;32;39
1068.0;172;160;102;75;99;102;31;37;42;40;30;41;32;37
1074.0;171;165;102;79;98;101;30;36;43;38;33;41;29;34
1080.0;169;165;105;80;99;100;28;35;47;36;33;41;28;34
1086.0;168;165;104;79;100;98;27;36;48;34;35;40;30;36
1092.0;167;166;104;81;100;100;29;35;48;32;39;37;30;32
1098.0;168;170;103;80;100;98;29;32;49;31;39;38;32;31
1104.0;166;172;99;85;100;95;31;32;46;33;41;38;33;29
1110.0;168;168;99;85;100;96;31;33;50;32;40;40;30;28
1116.0;171;169;98;82;99;94;30;33;51;31;43;40;28;31
1122.0;169;170;99;80;99;94;30;35;50;31;42;42;27;32
1128.0;167;169;100;80;98;92;30;39;49;32;43;42;27;32
1134.0;167;167;100;78;99;91;32;41;49;31;44;43;28;30
1140.0;165;165;98;77;99;91;35;42;50;31;44;44;27;32
1146.0;168;163;97;79;98;91;36;42;49;33;42;42;27;33
1152.0;167;163;98;78;99;93;36;44;47;32;40;41;28;34
1158.0;166;163;97;79;99;94;35;42;45;34;39;45;28;34
1164.0;166;163;98;78;99;93;39;40;44;31;39;47;29;34
1170.0;167;160;98;80;99;94;42;37;44;29;39;49;28;34
1176.0;170;157;99;79;99;95;44;35;43;31;38;51;28;31
1182.0;168;161;99;80;100;98;41;37;42;31;35;51;26;31
1188.0;169;161;99;79;101;99;41;36;42;31;35;51;26;30
1194.0;171;160;98;84;102;100;39;31;43;30;37;48;26;31
1200.0;171;160;100;78;103;100;36;33;44;29;40;46;28;32
1206.0;169;159;106;77;104;96;38;36;43;30;39;42;29;32
1212.0;170;156;107;80;101;93;43;39;38;30;39;40;31;33
1218.0;172;156;108;83;100;95;44;37;35;28;42;37;31;32
1224.0;172;155;108;84;102;96;42;36;36;30;41;35;31;32
1230.0;175;152;107;82;102;95;40;37;35;33;41;37;31;33
1236.0;175;155;109;84;98;96;38;39;34;32;41;35;31;33
1242.0;173;155;113;83;98;94;39;40;34;30;42;33;32;34
1248.0;177;156;111;81;100;95;38;41;34;28;38;33;33;35
1254.0;176;155;108;81;97;98;38;40;36;30;37;32;35;37
1260.0;177;154;108;83;98;98;38;39;33;32;36;30;38;36
1266.0;177;156;108;82;97;99;38;39;32;30;39;31;36;36
1272.0;180;158;106;83;96;97;40;38;33;32;38;32;32;35
1278.0;182;156;111;81;94;99;39;38;30;32;37;32;33;36
1284.0;184;156;112;80;94;98;36;38;29;33;36;33;35;36
1290.0;184;157;112;81;97;94;35;37;31;33;38;32;35;34
1296.0;184;160;111;82;93;94;34;37;33;32;41;30;35;34
1302.0;181;162;111;82;96;93;36;35;32;32;41;27;39;33
1308.0;181;162;109;82;95;92;36;36;30;34;41;28;40;34
1314.0;179;160;107;82;95;92;36;39;27;35;42;31;39;36
1320.0;181;159;104;86;94;91;36;36;28;35;42;35;37;36
1326.0;180;160;104;89;93;89;38;37;28;36;41;32;39;34
1332.0;178;159;107;88;91;91;38;32;28;37;41;36;38;36
1338.0;178;160;106;94;92;87;36;34;29;35;39;37;37;36
1344.0;175;161;106;92;95;88;38;34;27;35;38;35;40;36
1350.0;177;158;106;91;92;90;38;33;29;35;38;35;41;37
1356.0;179;158;106;90;92;92;37;33;26;33;38;36;42;38
1362.0;179;156;107;90;92;89;39;31;26;36;38;37;41;39
1368.0;182;160;106;91;89;87;40;32;25;35;34;38;43;38
1374.0;180;156;109;92;90;86;41;36;25;31;38;37;43;36
1380.0;183;159;108;93;86;84;39;34;27;32;38;37;44;36
1386.0;181;160;108;91;85;84;38;35;28;31;38;39;46;36
1392.0;180;160;108;90;86;82;36;36;33;31;37;37;48;36
1398.0;179;162;110;86;85;82;37;35;34;32;35;37;49;37
1404.0;178;160;111;84;87;79;39;39;31;34;35;39;48;36
1410.0;180;161;108;84;88;80;41;35;31;33;34;38;51;36
1416.0;180;160;107;85;88;82;41;34;33;33;33;38;48;38
1422.0;177;161;108;87;87;81;40;32;33;34;36;39;48;37
1428.0;176;164;107;87;88;85;38;33;33;32;34;37;50;36
1434.0;172;163;109;92;86;84;33;30;34;35;37;38;52;35
1440.0;172;164;110;94;85;85;30;30;31;35;39;41;50;34
1446.0;172;164;111;92;84;84;31;33;30;35;38;40;52;34
1452.0;172;164;114;90;84;84;33;33;34;35;35;41;50;31
1458.0;172;161;114;94;85;83;32;33;36;34;39;39;47;31
1464.0;174;159;114;94;85;88;33;35;32;33;38;37;47;31
1470.0;174;159;114;93;85;86;31;38;35;30;39;37;46;33
1476.0;174;160;115;93;81;90;32;38;32;31;35;35;48;36
1482.0;174;160;114;94;81;88;32;36;34;30;35;35;50;37
1488.0;170;164;115;96;82;87;33;38;33;32;35;35;49;31
1494.0;164;162;114;96;82;91;35;37;34;31;35;35;50;34
1500.0;164;159;115;96;84;89;36;37;36;31;37;34;46;36
1506.0;162;161;117;97;88;89;37;34;35;31;34;37;44;34
1512.0;160;162;122;95;85;93;36;33;37;33;34;37;43;30
1518.0;158;163;120;96;87;92;37;31;34;37;35;36;41;33
1524.0;155;161;115;94;90;95;38;34;32;39;36;37;39;35
1530.0;153;162;111;91;93;94;36;37;34;39;39;40;36;35
1536.0;153;165;106;91;95;97;35;38;35;39;39;40;34;33
1542.0;151;162;109;91;95;98;34;39;35;40;41;38;34;33
1548.0;149;163;109;89;97;96;35;38;36;39;45;37;33;34
1554.0;148;165;107;90;96;90;34;37;37;37;48;38;40;33
1560.0;147;170;103;92;96;90;31;40;37;37;46;38;42;31
1566.0;143;173;100;91;94;90;29;40;36;38;50;40;44;32
1572.0;142;175;102;94;95;89;26;38;36;38;48;42;43;32
1578.0;141;175;103;97;94;90;27;38;36;39;46;41;42;31
1584.0;143;173;105;97;98;88;29;39;35;40;43;38;41;31
1590.0;142;173;103;97;96;89;31;43;34;40;41;38;41;32
1596.0;142;173;103;95;96;89;34;40;37;35;41;37;41;37
1602.0;140;170;104;94;98;89;34;42;37;37;40;36;41;38
1608.0;137;167;108;97;100;90;34;41;35;36;39;39;41;36
1614.0;137;167;104;96;99;92;35;40;37;37;40;39;42;35
1620.0;138;165;104;100;99;94;37;35;34;36;39;41;44;34
1626.0;136;165;105;100;100;96;36;37;34;33;39;40;41;38
1632.0;137;166;108;99;101;93;35;36;34;33;36;41;43;38
1638.0;138;169;110;97;99;87;36;36;33;36;37;42;44;36
1644.0;138;167;108;100;99;87;37;36;34;36;38;44;43;33
1650.0;138;169;108;100;99;88;37;34;32;38;36;44;43;34
1656.0;140;171;110;98;99;87;38;34;31;42;34;41;42;33
1662.0;144;172;110;98;99;87;36;33;32;44;35;43;40;27
1668.0;144;172;111;98;99;90;33;32;35;44;31;43;41;27
1674.0;144;168;114;98;98;89;33;32;35;45;32;42;41;29
1680.0;142;168;114;101;98;92;29;32;36;43;32;44;37;32
1686.0;140;167;115;104;100;91;31;33;37;43;32;38;35;34
1692.0;139;166;114;103;103;93;31;33;38;44;33;35;34;34
1698.0;137;164;116;103;103;94;31;32;37;47;32;35;36;33
1704.0;138;159;115;101;107;94;28;34;37;45;35;35;39;33
1710.0;137;161;112;102;104;92;30;34;36;46;32;41;39;34
1716.0;138;161;113;104;103;92;29;34;34;44;33;43;39;33
1722.0;136;157;111;105;102;94;34;34;34;42;33;44;41;33
1728.0;136;155;112;107;103;95;33;37;31;42;33;42;41;33
1734.0;137;153;109;107;104;91;36;37;33;42;33;41;44;33
1740.0;136;154;110;105;104;91;40;39;31;39;30;40;49;32
1746.0;138;155;110;102;102;91;40;38;30;41;29;37;53;34
1752.0;140;154;112;106;103;91;40;39;32;40;27;35;49;32
1758.0;143;153;112;107;103;93;39;36;30;39;29;36;47;33
1764.0;144;152;113;111;109;89;40;35;29;40;27;36;44;31
1770.0;143;150;114;110;106;85;38;36;30;40;27;39;45;37
1776.0;141;151;111;111;105;84;40;37;30;39;27;37;49;38
1782.0;141;151;110;110;106;81;39;35;29;36;27;39;55;41
1788.0;143;155;107;108;105;80;38;35;27;38;29;39;55;41
1794.0;146;156;106;107;105;81;37;31;30;39;29;40;53;40
1800.0;146;154;103;106;107;79;37;33;32;40;34;38;52;39
1806.0;145;154;103;108;106;78;39;33;31;41;36;35;49;42
1812.0;144;151;105;107;104;77;40;35;32;41;36;35;49;44
1818.0;144;153;104;107;107;78;41;32;34;39;37;33;45;46
1824.0;146;152;103;107;107;80;44;29;32;38;35;37;44;46
1830.0;150;148;101;109;108;79;40;30;33;40;35;37;44;46
1836.0;151;150;98;108;108;79;38;32;37;40;34;37;43;45
1842.0;153;151;99;100;109;81;39;31;33;42;38;40;39;45
1848.0;153;149;97;100;113;82;37;32;34;40;38;43;40;42
1854.0;158;146;98;103;111;80;37;32;36;38;39;40;41;41
1860.0;155;146;98;104;113;82;39;33;37;37;38;36;39;43
1866.0;153;146;98;104;108;83;41;34;41;36;38;37;39;42
1872.0;150;145;103;105;110;83;39;33;38;36;41;38;37;42
1878.0;149;144;103;107;108;82;40;33;40;36;40;37;38;43
1884.0;150;145;103;107;107;81;40;34;39;41;38;37;36;42
1890.0;148;147;100;105;104;81;38;33;39;43;38;38;41;45
1896.0;149;147;103;104;103;85;38;35;39;43;36;37;38;43
1902.0;149;151;102;101;100;84;39;36;38;44;37;35;41;43
1908.0;151;153;104;103;97;83;40;37;38;42;40;32;42;38
1914.0;152;151;106;103;96;86;40;38;37;41;39;33;41;37
1920.0;150;149;107;105;97;85;39;36;42;38;39;35;39;39
1926.0;151;149;107;106;98;85;37;37;41;38;42;34;37;38
1932.0;153;152;108;105;97;83;39;36;43;38;43;36;34;33
1938.0;154;153;107;103;96;84;37;35;42;41;43;37;32;36
1944.0;154;153;105;103;98;84;38;37;42;40;45;36;32;33
1950.0;153;154;106;103;98;83;37;34;43;40;45;36;35;33
1956.0;154;154;107;100;92;82;37;42;44;39;46;37;34;32
1962.0;153;153;106;101;91;83;37;42;44;39;46;34;38;33
1968.0;152;155;103;103;91;83;37;42;42;39;48;33;40;32
1974.0;152;157;103;103;89;85;38;42;40;37;48;33;41;32
