#auto generated file!
12.0;25;21;33;27;44;35;24;26;30;36;26;23;24;26
18.0;26;25;32;26;45;36;21;26;31;36;26;23;22;25
24.0;26;28;31;26;44;37;21;27;33;36;27;20;20;24
30.0;27;29;31;26;47;38;21;27;31;38;25;20;19;21
36.0;28;31;31;26;46;40;23;29;31;36;25;19;17;18
42.0;27;31;32;26;46;37;22;29;32;36;28;18;18;18
48.0;26;30;30;26;48;38;24;29;30;35;28;19;20;17
54.0;28;32;29;25;50;38;24;28;28;35;27;19;21;16
60.0;28;31;27;25;51;37;24;26;28;36;27;22;22;16
66.0;28;33;27;26;51;37;24;25;27;36;27;23;21;15
72.0;28;35;26;28;50;36;27;23;25;36;29;23;21;13
78.0;29;36;26;29;48;35;27;23;23;34;29;24;21;16
84.0;29;36;28;31;50;36;25;23;25;29;27;25;20;16
90.0;30;37;28;32;51;35;25;24;25;29;27;24;19;14
96.0;30;37;27;32;52;35;26;24;26;30;25;23;20;13
102.0;31;38;28;32;53;35;23;25;25;29;24;23;20;14
108.0;33;37;26;32;51;36;22;25;27;28;25;23;20;15
114.0;32;39;26;33;51;37;24;24;27;25;25;23;19;15
120.0;33;39;29;33;51;37;23;24;27;24;24;23;18;15
126.0;33;38;29;34;49;36;23;24;27;24;26;23;18;16
132.0;33;40;29;34;50;37;21;24;27;24;26;23;17;15
138.0;34;40;29;35;49;37;23;23;24;25;26;22;18;15
144.0;34;41;30;36;50;37;23;24;22;25;24;21;19;14
150.0;34;41;29;36;51;38;21;24;23;26;25;20;17;15
156.0;32;42;31;38;53;37;20;22;23;26;24;19;18;15
162.0;31;42;32;38;51;39;21;24;23;24;23;19;18;15
168.0;31;43;31;39;53;40;21;24;24;23;21;17;17;16
174.0;31;41;31;39;51;40;20;25;24;22;21;17;19;19
180.0;31;41;30;38;54;42;16;25;24;22;21;18;19;19
186.0;29;41;31;38;53;42;17;24;23;20;22;20;20;20
192.0;28;42;31;40;53;42;17;22;22;19;21;21;20;22
198.0;28;42;31;39;52;43;18;23;22;18;21;21;19;23
204.0;29;43;33;38;48;44;18;22;23;20;21;19;19;23
210.0;28;45;32;39;50;43;17;23;22;19;20;19;19;24
216.0;28;47;31;40;50;45;17;24;23;19;19;18;19;20
222.0;28;46;30;40;50;45;17;23;24;23;17;17;20;20
228.0;27;44;33;40;53;45;17;22;21;19;18;18;20;23
234.0;28;47;33;41;53;44;16;21;21;19;17;19;19;22
240.0;28;47;34;41;54;45;16;23;22;18;18;18;18;18
246.0;29;48;34;39;54;46;16;23;24;15;17;18;19;18
252.0;30;49;33;40;54;46;15;21;26;14;18;19;18;17
258.0;31;49;35;41;54;44;15;20;26;14;18;19;18;16
264.0;30;47;37;42;51;45;15;22;26;14;17;20;17;17
270.0;31;45;37;44;50;44;15;21;28;15;17;20;17;16
276.0;32;45;38;45;49;42;15;21;28;15;17;20;16;17
282.0;32;45;39;46;50;43;15;21;28;15;16;19;15;16
288.0;32;49;38;47;51;43;16;19;27;14;16;19;13;16
294.0;31;49;38;46;50;44;17;18;25;13;18;19;14;18
300.0;32;49;40;45;49;46;17;20;24;12;16;17;16;17
306.0;33;50;41;44;50;46;16;17;24;11;15;18;17;18
312.0;32;50;41;46;48;46;15;15;24;11;15;20;17;20
318.0;32;50;40;46;48;47;14;16;24;11;18;18;18;18
324.0;32;50;39;46;48;47;16;16;23;12;19;18;18;16
330.0;31;50;39;47;49;47;17;17;22;11;20;18;17;15
336.0;32;48;40;47;49;48;14;16;21;12;17;20;20;16
342.0;31;48;40;47;49;46;14;15;20;13;17;22;22;16
348.0;35;48;39;49;49;45;13;15;21;11;17;21;20;17
354.0;36;48;38;49;47;44;15;17;21;12;15;21;21;16
360.0;37;50;39;49;47;42;12;17;21;11;13;22;23;17
366.0;36;50;39;46;48;42;13;18;23;13;12;22;21;17
372.0;36;51;39;46;48;41;14;18;23;11;12;22;20;19
378.0;37;53;39;45;47;42;12;18;25;11;13;19;20;19
384.0;38;53;37;46;48;45;11;15;26;11;11;19;20;20
390.0;39;53;37;44;48;46;12;15;24;14;10;17;20;21
396.0;38;53;39;45;47;47;13;13;21;15;9;17;22;21
402.0;39;55;39;45;45;50;13;14;20;14;9;16;19;22
408.0;39;56;39;47;43;49;12;17;21;15;9;14;19;20
414.0;39;55;39;47;43;51;12;18;21;15;8;14;18;20
420.0;40;56;38;46;44;50;13;20;18;16;9;13;18;19
426.0;41;57;38;48;44;50;13;18;17;15;9;13;18;19
432.0;45;58;38;46;43;51;12;17;16;16;8;14;17;19
438.0;43;57;38;46;43;53;12;18;16;14;9;14;17;20
444.0;43;56;39;44;43;52;14;18;15;14;9;16;17;20
450.0;43;53;41;42;43;51;14;19;17;15;9;16;18;19
456.0;44;54;41;41;43;50;13;19;16;15;9;18;18;19
462.0;47;55;41;39;44;49;12;19;15;13;8;18;20;20
468.0;49;54;42;39;43;49;11;17;14;16;8;18;21;19
474.0;49;53;43;39;41;49;11;18;14;13;9;16;25;20
480.0;50;52;42;39;40;49;12;20;16;12;9;17;21;21
486.0;51;50;42;42;38;48;11;22;13;15;8;16;19;25
492.0;52;52;41;44;36;47;12;22;14;14;8;16;18;24
498.0;51;51;43;44;38;49;10;21;13;16;9;15;18;22
504.0;51;52;43;43;38;48;11;22;12;15;9;16;18;22
510.0;51;54;43;44;38;49;11;21;10;15;8;14;20;22
516.0;53;55;43;45;37;49;11;22;10;14;7;13;21;20
522.0;53;53;44;44;38;49;10;22;10;14;7;14;22;20
528.0;53;48;43;43;38;50;10;21;11;14;7;16;23;23
534.0;52;47;43;43;38;49;9;23;11;15;8;16;23;23
540.0;53;47;42;43;38;48;10;23;12;14;7;16;23;24
546.0;55;47;44;44;38;48;9;23;11;15;7;14;22;23
552.0;58;47;45;44;37;46;8;23;11;16;8;14;20;23
558.0;58;47;45;42;38;46;7;22;11;16;9;15;20;24
564.0;55;50;43;41;38;46;7;20;11;18;13;15;18;25
570.0;56;51;44;41;38;48;6;22;9;15;13;16;17;24
576.0;56;51;43;42;38;51;6;23;9;16;12;17;16;20
582.0;55;50;46;42;39;50;7;23;9;16;12;17;16;18
588.0;54;50;45;42;39;48;8;23;10;17;13;16;15;20
594.0;54;52;45;42;41;47;9;22;11;17;12;17;13;18
600.0;52;55;42;41;42;50;9;21;12;17;12;18;11;18
606.0;51;56;42;40;41;51;10;22;13;15;12;16;13;18
612.0;52;56;40;40;43;50;8;22;14;15;12;16;12;20
618.0;51;57;39;41;42;50;9;22;14;14;14;16;11;20
624.0;53;58;38;42;42;51;9;20;15;14;14;16;10;18
630.0;54;57;38;41;43;52;10;19;16;14;15;13;10;18
636.0;55;57;41;39;40;52;11;18;16;14;15;14;12;16
642.0;55;57;40;41;40;50;12;17;16;15;14;13;13;17
648.0;55;58;38;41;39;49;12;19;17;15;15;12;12;18
654.0;55;59;40;41;39;49;11;18;17;14;15;12;13;17
660.0;56;59;41;41;40;52;9;17;17;14;14;14;11;15
666.0;57;59;41;40;40;51;10;17;17;13;14;14;10;17
672.0;58;57;41;40;38;50;10;18;17;14;15;14;10;18
678.0;55;56;41;39;38;50;11;18;15;15;16;14;10;22
684.0;55;57;40;36;38;50;12;16;16;16;16;16;9;23
690.0;56;57;41;34;37;49;12;17;16;15;15;17;10;24
696.0;57;56;40;33;38;52;13;15;16;13;15;16;11;25
702.0;56;57;41;33;40;53;13;14;15;13;16;15;11;23
708.0;55;57;42;33;40;52;13;11;15;15;16;16;11;24
714.0;60;57;41;32;39;50;12;11;16;17;15;14;12;24
720.0;59;60;41;33;39;48;13;11;14;18;15;15;14;20
726.0;60;60;40;34;39;46;12;11;15;19;14;15;14;21
732.0;59;59;38;36;39;45;13;11;15;21;13;15;15;21
738.0;59;58;39;35;43;43;12;11;15;21;15;16;12;21
744.0;57;57;41;35;43;42;13;11;14;22;15;16;13;21
750.0;57;57;41;35;42;43;13;12;13;21;16;15;14;21
756.0;56;57;39;35;38;44;15;12;13;22;16;16;16;21
762.0;57;55;37;37;38;41;15;13;13;21;18;16;17;22
768.0;58;55;38;39;37;42;14;14;13;21;16;16;17;20
774.0;61;54;38;40;37;42;14;14;11;21;15;17;16;20
780.0;60;56;36;39;39;41;14;14;12;20;14;18;17;20
786.0;60;56;35;40;38;43;13;15;13;19;12;13;18;25
792.0;61;55;34;39;39;42;12;15;15;20;12;13;18;25
798.0;61;53;33;38;37;44;13;16;16;21;13;11;18;26
804.0;62;53;33;38;36;42;11;18;15;21;14;12;21;24
810.0;61;52;33;38;36;41;12;20;16;20;14;12;21;24
816.0;62;53;33;35;35;43;12;21;17;20;15;11;21;22
822.0;62;53;34;34;33;43;13;20;18;19;17;10;20;24
828.0;61;54;34;33;35;43;14;20;18;17;16;9;21;25
834.0;60;56;35;32;32;44;14;22;17;16;16;10;21;25
840.0;63;56;34;33;32;45;16;18;16;16;15;11;20;25
846.0;63;57;34;34;32;45;15;20;16;15;16;10;19;24
852.0;63;58;33;34;31;45;16;18;17;15;17;9;21;23
858.0;64;59;33;34;31;44;18;19;17;15;16;9;20;21
864.0;64;61;33;33;32;43;20;19;16;14;14;10;20;21
870.0;65;60;35;33;32;44;19;19;16;14;13;12;18;20
876.0;66;60;35;33;31;43;19;19;17;15;14;11;18;19
882.0;65;60;35;35;32;42;20;17;15;15;13;12;20;19
888.0;66;60;33;34;32;42;20;19;15;14;14;12;20;19
894.0;67;61;32;34;30;40;19;19;16;15;15;13;19;20
900.0;66;60;32;33;30;40;19;19;16;17;17;13;19;19
906.0;65;60;34;33;32;40;19;19;16;17;13;13;20;19
912.0;67;58;34;32;29;40;19;19;15;19;16;13;20;19
918.0;68;58;34;33;29;40;16;17;14;20;15;14;21;21
924.0;68;59;34;33;29;39;16;17;14;19;16;15;21;20
930.0;67;59;35;32;29;38;17;19;14;20;16;14;20;20
936.0;66;59;37;33;29;38;17;17;14;20;15;14;21;20
942.0;66;59;37;33;28;38;18;18;15;21;15;13;21;18
948.0;63;59;36;37;28;40;17;19;14;19;15;14;22;17
954.0;64;61;36;39;28;40;15;19;14;19;15;14;21;15
960.0;64;62;35;39;26;40;15;19;17;19;13;14;21;16
966.0;67;63;36;38;27;39;15;18;18;18;10;14;21;16
972.0;67;63;37;37;27;39;15;18;18;19;10;15;21;14
978.0;67;62;37;36;29;37;16;18;18;19;11;15;22;13
984.0;66;64;37;35;29;38;16;19;18;19;10;13;22;14
990.0;68;65;37;34;28;39;14;19;16;20;12;12;20;16
996.0;69;63;37;33;29;39;13;18;18;20;12;12;22;15
1002.0;70;62;40;33;28;38;13;16;18;17;15;13;21;16
1008.0;70;61;42;34;28;37;13;16;20;17;15;13;19;15
1014.0;71;62;42;32;28;40;13;16;22;14;12;15;17;16
1020.0;73;62;42;32;27;41;12;15;24;13;12;16;16;15
1026.0;72;64;42;33;29;40;11;13;24;13;12;17;17;13
1032.0;72;64;42;34;29;41;11;14;21;10;13;16;18;15
1038.0;74;65;42;34;27;42;11;15;21;10;13;15;19;12
1044.0;74;64;40;34;28;42;10;15;21;10;13;17;19;13
1050.0;75;64;39;34;28;42;11;15;22;10;13;17;18;12
1056.0;76;63;38;35;26;42;12;17;22;8;14;18;16;13
1062.0;77;63;39;35;24;42;11;17;22;8;14;19;16;13
1068.0;79;63;39;34;25;41;13;17;21;10;14;18;14;12
1074.0;79;65;38;32;24;42;13;17;21;11;15;17;15;11
1080.0;81;63;38;33;24;40;14;17;20;11;16;18;15;10
1086.0;83;61;39;32;24;40;14;18;19;11;18;18;14;9
1092.0;82;61;40;31;25;39;15;18;19;10;19;16;15;10
1098.0;80;62;40;31;26;39;15;18;19;10;18;17;15;10
1104.0;82;62;40;32;26;38;14;18;20;8;17;17;15;11
1110.0;81;61;40;32;26;37;14;17;19;9;17;19;16;12
1116.0;79;61;40;33;26;39;13;20;19;10;16;18;15;11
1122.0;80;63;39;34;26;38;15;18;19;9;16;17;15;11
1128.0;79;63;41;33;26;37;16;17;17;8;18;17;15;13
1134.0;77;65;40;32;27;37;16;18;16;8;18;18;15;13
1140.0;75;65;42;31;26;37;16;20;16;7;18;20;15;12
1146.0;73;64;41;31;27;36;15;20;16;7;19;20;17;14
1152.0;74;64;42;31;27;35;16;17;15;8;21;18;18;14
1158.0;73;66;40;33;26;34;16;18;15;7;21;15;20;16
1164.0;72;66;40;34;26;34;15;20;15;8;21;14;19;16
1170.0;71;66;40;34;28;35;15;19;12;7;24;14;19;16
1176.0;72;66;40;35;28;33;15;18;12;7;23;15;19;17
1182.0;69;66;40;36;29;32;16;18;12;8;22;17;19;16
1188.0;69;67;38;36;28;30;17;18;14;8;24;17;19;15
1194.0;71;67;37;35;28;32;18;16;14;8;25;17;18;14
1200.0;71;67;38;37;30;32;17;16;14;8;23;18;16;13
1206.0;72;66;37;38;31;33;17;17;14;9;21;18;16;11
1212.0;73;66;35;38;33;33;14;13;16;9;23;19;17;11
1218.0;73;66;36;36;33;35;14;14;15;8;23;21;14;12
1224.0;73;65;36;36;34;35;14;14;15;9;22;21;14;12
1230.0;72;65;39;36;31;34;13;14;15;8;24;20;15;14
1236.0;71;68;39;33;31;33;14;13;17;8;20;20;17;16
1242.0;68;65;40;32;31;33;15;16;17;10;21;21;16;15
1248.0;67;65;40;33;31;34;15;17;16;10;22;21;14;15
1254.0;68;64;41;34;32;32;15;18;17;10;19;21;14;15
1260.0;69;63;41;37;32;32;16;16;16;10;17;21;15;15
1266.0;67;62;42;34;32;31;17;15;18;11;18;22;15;16
1272.0;67;62;42;33;32;32;17;18;19;10;17;20;15;16
1278.0;66;60;41;34;33;32;17;20;19;11;16;20;16;15
1284.0;66;61;40;35;33;32;17;19;18;10;19;19;15;16
1290.0;68;61;40;38;31;32;17;17;16;10;20;19;14;17
1296.0;69;61;40;39;31;33;17;17;16;9;19;17;15;17
1302.0;67;60;41;38;31;33;18;17;18;9;18;18;15;17
1308.0;67;61;40;37;32;33;20;18;20;9;16;17;13;17
1314.0;68;61;40;38;35;33;17;18;18;11;15;17;13;16
1320.0;68;60;40;37;34;32;16;19;19;11;15;17;13;19
1326.0;70;61;39;36;34;33;17;19;18;11;14;17;13;18
1332.0;69;63;38;35;33;34;17;19;17;12;14;17;14;18
1338.0;68;64;39;36;33;36;18;18;16;10;15;16;14;17
1344.0;71;64;40;36;32;36;18;19;15;10;13;16;13;17
1350.0;71;63;39;35;31;36;19;19;15;10;16;16;14;16
1356.0;72;63;39;35;31;36;19;17;14;10;18;16;14;16
1362.0;70;64;40;35;31;38;19;18;17;11;16;14;14;13
1368.0;69;64;40;35;31;38;19;19;18;11;15;15;13;13
1374.0;68;64;39;34;30;39;19;17;17;12;18;15;14;14
1380.0;68;62;39;36;30;40;18;18;17;11;18;14;14;15
1386.0;69;62;40;36;31;39;16;18;16;11;17;15;15;15
1392.0;67;61;40;36;31;37;17;18;16;11;15;17;15;19
1398.0;67;61;39;35;33;38;16;17;17;13;14;17;16;17
1404.0;66;60;39;36;34;38;15;15;17;14;14;17;16;19
1410.0;66;62;37;34;35;36;14;15;18;16;14;18;16;19
1416.0;67;63;39;36;34;36;14;15;17;15;13;19;14;18
1422.0;67;61;36;36;32;37;14;15;17;17;15;18;17;18
1428.0;67;62;39;35;28;37;14;16;18;17;16;19;17;15
1434.0;70;62;38;35;27;35;14;17;18;14;19;18;18;15
1440.0;70;62;38;36;28;37;13;17;16;16;19;18;16;14
1446.0;69;63;35;37;28;36;14;18;16;16;18;18;17;15
1452.0;69;60;35;39;28;37;14;17;17;17;17;18;17;15
1458.0;72;60;34;39;26;36;16;18;18;16;18;15;16;16
1464.0;72;59;33;40;27;36;15;20;17;16;17;15;14;19
1470.0;71;58;34;40;27;37;16;20;16;16;16;15;15;19
1476.0;71;58;33;40;26;37;17;20;15;17;17;16;14;19
1482.0;70;58;35;41;26;36;19;21;14;16;16;16;13;19
1488.0;71;58;34;43;26;33;19;20;14;16;18;15;12;21
1494.0;69;59;35;40;27;34;17;21;14;16;18;16;12;22
1500.0;70;58;34;40;28;34;15;22;13;16;20;17;14;19
1506.0;67;59;34;40;30;33;15;20;15;17;20;16;14;20
1512.0;67;60;35;39;29;33;16;20;15;18;19;16;14;19
1518.0;69;61;34;39;30;32;16;19;16;20;15;16;14;19
1524.0;70;61;36;37;31;32;15;19;17;18;15;15;13;21
1530.0;69;59;37;37;31;33;16;16;17;18;15;16;14;22
1536.0;68;58;38;37;31;32;16;16;15;18;17;16;14;24
1542.0;71;58;37;36;34;33;14;15;14;19;17;16;14;22
1548.0;71;58;36;35;35;34;13;16;14;20;18;14;15;21
1554.0;71;58;36;37;34;34;13;15;14;22;18;15;12;21
1560.0;72;59;35;38;33;31;12;14;14;23;19;15;12;23
1566.0;73;59;35;38;34;31;12;14;14;23;18;16;12;21
1572.0;74;59;34;38;34;31;12;15;16;20;19;16;11;21
1578.0;72;58;35;37;33;32;13;16;18;22;19;16;11;18
1584.0;74;58;34;35;33;32;13;16;19;24;19;15;11;17
1590.0;75;59;35;36;33;31;15;16;17;23;20;14;10;16
1596.0;77;57;35;36;33;31;15;17;14;25;19;14;12;15
1602.0;76;58;35;37;33;31;15;17;12;24;20;13;15;14
1608.0;77;58;37;35;33;31;11;16;11;23;21;15;17;15
1614.0;77;58;37;37;31;31;11;16;12;24;21;14;17;14
1620.0;78;59;39;36;31;32;12;15;13;24;18;14;15;14
1626.0;77;57;40;36;29;33;10;16;14;25;19;13;14;17
1632.0;78;57;40;38;28;32;7;15;14;27;19;13;15;17
1638.0;75;56;44;38;27;35;5;16;13;25;21;13;15;17
1644.0;75;56;44;39;26;36;6;15;13;25;21;12;17;15
1650.0;74;57;45;39;27;36;6;15;13;25;19;13;17;14
1656.0;74;55;45;39;26;36;7;13;14;26;18;15;17;15
1662.0;74;54;46;38;26;37;7;13;14;24;19;16;17;15
1668.0;73;54;47;35;26;39;7;14;14;23;21;16;17;14
1674.0;72;55;46;35;24;40;9;14;14;21;22;16;17;15
1680.0;69;53;46;37;24;42;10;15;13;22;23;15;17;14
1686.0;70;52;46;38;24;40;12;15;12;23;23;15;17;13
1692.0;70;50;47;39;23;40;11;15;11;23;22;18;18;13
1698.0;69;50;48;38;20;41;12;16;11;24;22;17;19;13
1704.0;66;52;48;35;21;42;14;16;13;23;21;18;17;14
1710.0;66;51;48;35;21;43;14;15;13;24;20;20;15;15
1716.0;66;52;47;35;21;43;14;15;13;23;20;21;16;14
1722.0;65;53;49;35;22;43;13;15;12;22;22;19;16;14
1728.0;65;52;47;35;25;43;13;17;13;22;20;19;16;13
1734.0;63;49;48;35;26;44;14;16;16;20;20;20;16;13
1740.0;63;47;48;39;24;43;11;17;15;20;23;20;18;12
1746.0;62;47;48;39;24;42;12;17;15;19;23;22;19;11
1752.0;62;47;47;39;23;42;15;17;16;17;23;21;21;10
1758.0;63;48;47;39;23;44;15;14;15;15;22;23;21;11
1764.0;64;48;49;36;23;43;15;16;15;17;21;22;23;8
1770.0;65;49;47;39;23;42;13;15;15;18;21;22;23;8
1776.0;65;51;46;38;26;43;13;13;15;17;21;20;22;10
1782.0;64;52;46;37;27;42;12;14;16;17;20;21;21;11
1788.0;65;54;45;35;27;42;10;14;14;16;21;22;23;12
1794.0;67;54;45;34;28;43;11;13;14;16;22;21;21;11
1800.0;68;53;45;35;27;42;11;11;15;19;23;21;19;11
1806.0;69;54;45;35;27;42;10;10;15;19;21;22;20;11
1812.0;69;53;44;38;27;42;8;11;15;20;20;23;18;12
1818.0;69;53;44;39;27;45;7;12;16;20;17;21;19;11
1824.0;69;53;45;40;27;45;7;11;17;20;17;20;18;11
1830.0;70;56;44;40;27;45;6;11;15;19;17;21;18;11
1836.0;70;56;45;41;26;45;5;13;14;19;17;19;18;12
1842.0;71;58;47;39;29;45;4;11;13;17;18;18;17;13
1848.0;71;61;46;39;30;45;4;9;14;19;16;15;18;13
1854.0;71;62;46;39;29;46;6;9;15;17;16;14;17;13
1860.0;70;63;46;38;31;45;5;11;17;16;16;13;16;13
1866.0;70;62;46;38;30;45;6;9;16;16;16;15;17;14
1872.0;70;63;44;37;30;46;6;10;16;16;16;15;16;15
1878.0;72;65;45;34;30;42;6;9;16;16;19;16;16;14
1884.0;75;63;45;35;30;44;7;13;12;17;17;14;15;13
1890.0;76;64;45;35;30;44;7;12;12;16;15;15;15;14
1896.0;76;65;44;36;31;45;8;13;11;15;15;15;13;13
1902.0;76;64;44;35;32;46;7;12;10;15;16;14;15;14
1908.0;76;65;46;34;32;45;7;12;9;15;16;15;15;13
1914.0;76;64;45;34;32;46;8;11;9;13;16;16;18;12
1920.0;76;64;46;32;33;47;8;10;8;14;16;15;18;13
1926.0;75;64;46;33;33;47;7;11;7;14;17;14;20;12
1932.0;75;65;46;34;32;47;8;12;7;15;17;15;16;11
1938.0;73;65;47;35;33;47;8;14;7;14;17;15;14;11
1944.0;73;66;47;36;34;45;8;14;6;15;17;13;16;10
1950.0;74;65;47;38;32;44;8;13;6;16;17;13;17;10
1956.0;77;64;48;39;31;43;7;14;6;14;16;14;16;11
1962.0;76;67;46;41;30;43;7;13;7;13;17;14;16;10
1968.0;74;68;48;40;30;42;7;14;7;13;17;14;17;9
1974.0;76;65;51;40;28;41;10;14;7;12;18;15;15;8
