#auto generated file!
12.0;74;82;79;85;75;70;73;64;71;68;73;69;74;43
18.0;75;81;82;85;79;76;72;60;68;67;72;64;72;47
24.0;80;85;85;84;80;79;68;58;74;61;67;63;71;45
30.0;80;89;86;83;82;82;66;56;72;65;65;61;68;45
36.0;85;87;85;86;80;83;67;58;68;67;63;60;66;45
42.0;86;86;86;87;84;84;65;60;67;64;61;60;66;44
48.0;90;90;86;87;82;84;64;61;66;63;55;56;69;47
54.0;92;94;85;88;76;88;63;61;65;61;56;56;70;45
60.0;92;96;86;85;80;86;60;61;65;60;57;53;75;44
66.0;92;99;87;87;82;86;59;60;65;59;53;54;74;43
72.0;92;101;90;87;83;87;61;55;64;61;52;49;74;44
78.0;94;102;91;89;77;90;63;56;61;60;52;49;69;47
84.0;96;102;92;90;78;94;65;54;56;56;53;49;67;48
90.0;99;103;92;90;80;94;59;53;52;58;53;49;68;50
96.0;101;100;90;93;82;93;63;52;53;57;55;45;70;46
102.0;103;106;91;95;79;93;63;53;50;60;53;44;67;43
108.0;103;111;90;99;79;93;58;53;49;58;55;45;64;43
114.0;105;110;88;99;82;92;56;55;48;59;54;48;62;42
120.0;105;113;89;98;84;90;58;54;46;56;54;50;62;41
126.0;104;113;91;98;84;89;56;52;44;53;57;52;64;43
132.0;108;114;92;94;88;86;60;52;42;54;58;52;61;39
138.0;114;114;96;95;89;86;56;52;41;52;58;50;59;38
144.0;114;119;96;94;89;88;53;50;42;56;55;47;57;40
150.0;114;118;94;92;92;87;55;49;43;56;56;45;59;40
156.0;112;119;95;89;95;89;55;47;45;54;55;47;59;39
162.0;113;120;95;89;95;88;55;47;46;49;56;48;61;38
168.0;112;121;96;91;93;87;58;46;47;49;54;45;60;41
174.0;114;123;93;91;93;86;57;44;48;49;55;47;57;43
180.0;116;123;93;95;95;89;54;40;44;47;56;47;58;43
186.0;117;124;92;95;95;86;54;45;40;47;53;49;60;43
192.0;114;127;95;97;93;87;53;43;43;46;52;48;60;42
198.0;111;130;98;96;95;87;49;43;44;47;52;48;58;42
204.0;113;126;97;99;95;86;46;47;44;49;53;45;58;42
210.0;117;121;98;97;95;88;48;46;45;50;52;44;61;38
216.0;118;125;94;98;96;88;47;44;44;51;49;39;63;44
222.0;121;126;92;95;96;85;49;45;46;51;48;39;63;44
228.0;122;128;93;94;97;82;50;44;49;51;44;38;64;44
234.0;123;129;94;96;98;81;49;41;45;53;43;36;65;47
240.0;124;127;95;99;95;81;48;41;45;53;43;35;67;47
246.0;124;127;96;99;95;82;46;41;46;54;42;39;64;45
252.0;123;127;100;100;94;81;49;40;44;53;40;41;64;44
258.0;122;126;101;101;99;84;49;42;43;49;38;37;67;42
264.0;123;123;103;102;96;85;51;41;44;44;42;37;66;43
270.0;123;122;105;101;94;86;50;43;47;43;40;40;66;40
276.0;124;121;104;100;93;85;52;42;46;45;39;40;66;43
282.0;120;121;104;103;96;85;53;41;43;41;41;41;68;43
288.0;121;124;104;103;96;86;57;39;43;38;39;44;61;45
294.0;122;123;105;106;97;87;57;37;40;40;40;41;58;47
300.0;126;124;101;108;97;87;56;39;39;38;39;41;58;47
306.0;125;123;101;109;94;89;54;38;39;41;42;39;59;47
312.0;125;126;103;107;98;88;52;39;37;41;40;40;54;50
318.0;125;125;104;110;96;89;52;35;39;41;40;41;53;50
324.0;123;124;106;111;96;89;52;35;39;44;40;41;55;45
330.0;123;125;109;112;96;90;52;33;39;46;41;37;53;44
336.0;124;124;110;112;95;92;52;36;37;48;43;34;53;40
342.0;124;127;110;110;91;90;54;37;38;47;42;34;55;41
348.0;126;129;108;113;93;89;55;35;41;46;37;35;53;40
354.0;125;127;107;115;92;89;56;36;43;44;37;36;54;39
360.0;128;126;103;116;93;88;55;34;44;46;35;39;54;39
366.0;132;126;106;114;91;87;51;37;44;46;34;37;54;41
372.0;132;130;108;116;93;88;47;36;44;45;34;36;51;40
378.0;132;129;108;116;94;86;45;36;42;45;34;36;54;43
384.0;134;131;110;118;92;84;46;35;40;44;33;37;54;42
390.0;135;133;111;115;92;89;45;34;38;44;35;35;54;40
396.0;133;134;109;118;94;90;45;34;38;44;35;35;54;37
402.0;135;135;110;116;94;91;42;36;38;42;35;36;54;36
408.0;131;138;112;115;88;91;46;38;40;39;37;37;54;34
414.0;136;138;112;112;87;90;49;39;39;37;36;39;52;34
420.0;139;141;113;111;89;92;41;38;39;39;36;39;49;34
426.0;138;142;114;107;88;92;40;36;44;38;38;42;48;33
432.0;139;142;110;107;92;91;38;37;44;39;36;43;48;34
438.0;138;145;105;106;89;93;36;40;45;39;37;43;48;36
444.0;138;143;106;105;89;98;35;41;42;40;37;43;43;40
450.0;139;146;107;104;87;100;34;39;44;39;40;41;40;40
456.0;138;147;105;104;88;100;35;34;44;39;45;44;38;39
462.0;137;144;105;106;87;100;35;36;46;40;43;43;41;37
468.0;137;144;107;110;85;102;37;34;44;36;42;43;42;37
474.0;137;145;105;107;84;99;38;34;45;36;44;45;42;39
480.0;138;145;102;109;85;96;36;35;43;40;44;45;41;41
486.0;139;145;105;109;84;92;34;36;41;41;45;47;41;41
492.0;139;144;103;109;89;94;35;36;43;45;44;41;42;36
498.0;136;145;103;107;86;99;34;37;41;46;47;41;41;37
504.0;136;147;106;104;88;98;31;37;42;46;45;40;41;39
510.0;136;148;109;104;90;98;31;33;44;46;42;38;41;40
516.0;133;152;107;104;92;93;33;32;45;47;40;39;42;41
522.0;133;152;109;104;90;96;33;32;43;48;39;40;42;39
528.0;134;149;107;106;87;94;34;32;42;52;41;41;42;39
534.0;133;149;104;104;89;98;34;32;44;50;40;41;41;41
540.0;132;149;103;103;89;96;32;32;42;53;41;39;44;45
546.0;135;148;100;106;89;98;32;34;41;47;43;41;42;44
552.0;135;149;99;107;87;98;33;34;42;44;44;41;43;44
558.0;136;150;101;109;87;96;34;35;43;44;40;39;45;41
564.0;138;150;100;108;88;97;35;36;42;40;41;37;46;42
570.0;136;155;101;107;90;96;36;38;38;42;41;37;44;39
576.0;137;153;102;105;90;93;36;41;35;47;40;40;42;39
582.0;138;150;103;106;88;92;36;40;38;48;38;42;40;41
588.0;138;153;104;107;89;88;34;40;39;49;38;42;40;39
594.0;139;151;103;106;90;90;36;41;35;48;41;44;38;38
600.0;138;151;100;109;88;94;35;42;35;50;41;43;36;38
606.0;140;150;102;107;89;93;35;42;31;52;44;39;39;37
612.0;138;150;103;106;88;95;33;41;31;51;44;41;38;41
618.0;137;152;101;106;86;96;37;39;33;49;42;41;39;42
624.0;136;153;108;107;84;95;34;40;33;48;41;40;40;41
630.0;135;155;110;108;82;96;35;37;31;48;39;41;41;42
636.0;133;160;108;111;81;95;37;37;32;48;37;37;44;40
642.0;131;159;110;109;80;96;38;38;32;51;40;36;41;39
648.0;133;157;109;108;82;97;39;38;32;47;42;36;39;41
654.0;136;157;108;109;80;97;39;40;33;45;42;35;37;42
660.0;137;157;108;112;82;94;39;40;32;44;45;35;34;41
666.0;138;157;108;107;82;96;42;40;33;41;44;34;36;42
672.0;139;157;108;105;85;94;44;41;32;44;39;34;34;44
678.0;139;162;107;106;85;99;40;43;30;44;37;32;34;42
684.0;140;163;107;105;83;98;39;42;29;42;38;34;34;46
690.0;141;165;105;101;85;97;41;41;29;43;39;32;35;46
696.0;141;166;104;102;87;95;42;40;25;43;39;36;37;43
702.0;140;167;105;101;89;91;42;40;30;45;38;34;36;42
708.0;140;165;106;102;90;89;40;41;27;45;40;33;39;43
714.0;138;163;105;104;91;91;40;41;29;46;41;33;37;41
720.0;139;165;106;103;88;91;41;42;25;44;42;35;38;41
726.0;137;163;108;100;91;92;40;44;24;48;42;31;38;42
732.0;136;162;110;100;91;90;43;41;26;48;40;35;34;44
738.0;137;158;111;101;89;93;40;39;25;52;41;37;34;43
744.0;135;156;108;100;92;93;43;40;26;52;42;36;35;42
750.0;131;156;111;99;94;95;43;36;25;55;38;38;36;43
756.0;131;153;115;99;96;97;44;34;26;56;37;36;34;42
762.0;131;152;114;101;93;97;43;37;26;57;34;39;34;42
768.0;130;151;112;100;94;96;40;43;26;55;33;42;33;45
774.0;130;150;113;99;92;96;37;45;27;55;34;42;32;48
780.0;131;150;112;96;91;95;43;43;25;57;33;40;36;48
786.0;135;148;110;95;91;94;43;42;30;55;33;40;36;48
792.0;133;147;115;94;94;93;42;44;29;48;35;44;35;47
798.0;132;147;116;92;94;91;44;46;29;49;35;40;37;48
804.0;134;149;115;92;96;91;44;44;27;47;33;41;38;49
810.0;133;148;116;92;97;92;42;47;24;47;32;42;39;49
816.0;132;148;114;98;94;90;42;49;26;49;34;43;35;46
822.0;133;146;113;99;95;89;42;48;29;49;35;46;34;42
828.0;132;146;110;99;94;89;43;46;33;49;36;44;35;44
834.0;132;144;109;100;96;87;43;46;35;49;39;43;33;44
840.0;133;144;105;101;99;84;43;45;38;46;42;45;29;46
846.0;130;149;104;96;100;84;44;49;39;43;38;46;30;48
852.0;127;151;100;100;101;86;45;48;36;42;40;47;29;48
858.0;129;150;100;104;99;84;47;48;37;39;40;49;29;45
864.0;126;144;104;102;98;86;47;53;36;41;39;47;32;45
870.0;126;140;104;104;100;85;44;52;35;46;39;48;32;45
876.0;125;140;102;106;101;86;45;47;34;47;39;46;34;48
882.0;126;143;101;108;99;87;46;45;35;45;41;43;34;47
888.0;127;143;99;107;103;90;49;47;30;42;43;43;33;44
894.0;128;146;98;103;103;89;50;44;29;43;43;44;34;46
900.0;129;147;99;100;103;88;54;44;29;43;43;39;37;45
906.0;131;147;100;98;102;88;52;47;31;44;41;39;36;44
912.0;133;148;100;98;99;89;48;48;31;44;43;40;38;41
918.0;135;148;98;98;93;88;50;50;33;41;43;40;40;43
924.0;135;146;99;100;92;88;49;49;32;40;45;40;42;43
930.0;134;146;101;101;90;88;51;48;31;39;45;41;40;45
936.0;137;145;106;98;94;86;50;47;29;38;42;42;40;46
942.0;140;145;105;98;95;87;51;48;27;39;39;42;37;47
948.0;144;141;107;96;93;86;50;49;29;38;39;40;37;51
954.0;143;140;105;96;90;89;55;49;30;40;40;37;35;51
960.0;145;142;102;93;92;93;54;48;32;41;38;36;36;48
966.0;149;143;97;91;90;94;53;50;32;42;41;38;35;45
972.0;149;143;99;89;92;97;53;50;29;42;41;37;36;43
978.0;147;143;100;89;93;97;53;49;27;41;42;38;39;42
984.0;147;142;98;92;94;95;56;45;28;43;42;37;39;42
990.0;151;142;97;88;97;97;55;46;28;41;40;39;36;43
996.0;150;140;98;87;98;98;59;45;23;42;37;39;40;44
1002.0;150;143;94;87;95;99;57;45;23;41;37;39;43;47
1008.0;151;147;96;86;90;97;57;47;22;42;37;38;41;49
1014.0;152;148;95;84;89;98;57;45;20;46;37;40;38;51
1020.0;153;148;93;88;87;97;56;49;24;44;33;40;37;51
1026.0;151;149;94;90;87;98;53;47;23;44;35;40;39;50
1032.0;148;149;96;91;88;96;53;46;23;41;34;42;38;55
1038.0;147;148;95;88;89;97;54;48;24;43;36;39;39;53
1044.0;149;147;94;86;92;93;51;47;28;44;38;39;42;50
1050.0;151;142;93;85;91;91;49;45;30;47;39;40;47;50
1056.0;152;139;93;84;87;94;52;45;30;46;41;40;48;49
1062.0;150;138;94;86;87;98;48;43;32;44;44;41;46;49
1068.0;149;135;93;90;87;98;48;43;33;45;41;42;46;50
1074.0;148;131;97;90;87;98;47;46;34;46;41;39;48;48
1080.0;146;134;95;92;88;97;47;42;35;48;42;39;47;48
1086.0;145;135;94;93;88;96;49;41;34;49;40;39;49;48
1092.0;143;137;94;95;86;95;49;39;32;49;40;41;51;49
1098.0;144;134;93;97;83;96;48;42;35;47;41;42;51;47
1104.0;144;135;94;94;81;98;48;44;37;48;40;35;52;50
1110.0;144;137;94;94;82;102;48;44;36;44;38;37;51;49
1116.0;142;136;94;94;84;101;50;45;35;45;37;38;49;50
1122.0;141;138;94;97;81;102;50;43;37;46;38;40;43;50
1128.0;139;141;92;93;77;102;52;44;36;48;39;43;47;47
1134.0;139;140;94;95;79;101;48;44;37;47;40;45;46;45
1140.0;140;140;95;95;81;100;49;43;35;47;42;45;42;46
1146.0;139;139;96;95;79;100;47;44;38;48;43;46;42;44
1152.0;137;138;96;96;81;99;51;45;38;49;43;48;37;42
1158.0;140;137;97;94;81;100;52;45;39;49;46;46;33;41
1164.0;141;135;93;97;82;104;50;46;37;47;45;47;34;42
1170.0;141;137;94;98;84;103;49;48;40;46;42;46;29;43
1176.0;141;138;92;94;84;106;47;49;42;48;40;45;29;45
1182.0;140;138;96;94;80;106;45;50;42;49;41;44;29;46
1188.0;142;139;96;94;80;106;43;48;40;44;43;47;30;48
1194.0;145;139;94;94;82;104;44;48;39;45;40;48;29;49
1200.0;144;140;93;97;80;104;44;47;41;45;41;50;26;48
1206.0;144;144;91;97;80;104;44;47;42;45;38;50;28;46
1212.0;144;146;90;96;81;105;44;45;43;43;38;49;30;46
1218.0;145;146;93;95;82;103;41;49;43;44;41;44;28;46
1224.0;145;145;92;97;79;101;40;49;44;49;40;45;28;46
1230.0;144;142;92;98;78;99;43;47;43;51;40;45;32;46
1236.0;145;141;91;94;83;102;42;49;42;49;41;45;32;44
1242.0;145;142;91;92;86;98;44;49;44;50;42;44;32;41
1248.0;147;144;89;92;86;100;45;47;42;49;42;42;33;42
1254.0;149;142;86;94;87;102;42;48;40;50;40;45;31;44
1260.0;150;143;85;92;89;106;42;49;45;46;40;42;31;40
1266.0;155;141;86;90;88;105;43;48;45;45;42;43;28;41
1272.0;155;146;85;92;82;109;45;42;45;44;42;43;28;42
1278.0;151;149;85;90;83;108;45;42;46;48;42;42;26;43
1284.0;152;152;87;91;83;108;45;43;43;47;40;42;25;42
1290.0;151;153;85;92;82;109;46;45;41;44;42;42;26;42
1296.0;151;152;87;94;80;107;45;44;44;44;44;44;25;39
1302.0;152;150;88;97;78;109;45;46;40;46;44;42;25;38
1308.0;153;148;89;96;80;102;45;48;41;46;46;42;27;37
1314.0;151;145;89;97;80;102;43;50;44;44;49;43;28;35
1320.0;154;145;90;94;78;103;42;50;42;41;50;44;30;37
1326.0;157;144;92;94;81;105;40;50;40;39;50;42;30;36
1332.0;159;147;94;92;78;108;40;48;38;38;52;39;32;35
1338.0;156;149;94;91;77;107;39;48;40;39;50;41;35;34
1344.0;159;150;94;89;78;107;38;44;40;39;51;40;34;37
1350.0;157;150;92;86;81;111;37;46;40;42;50;38;30;40
1356.0;155;149;92;82;82;116;39;50;41;36;48;39;33;38
1362.0;155;149;93;86;79;117;41;49;40;34;47;39;34;37
1368.0;152;150;93;87;81;119;39;44;40;35;51;42;32;35
1374.0;153;152;91;84;78;118;38;40;41;35;52;47;34;37
1380.0;153;151;89;84;79;120;40;39;41;37;51;46;35;35
1386.0;153;153;89;83;79;122;38;38;40;37;51;44;36;37
1392.0;150;155;89;86;81;122;40;35;38;37;53;44;35;35
1398.0;148;153;88;91;84;124;39;33;36;39;52;43;34;36
1404.0;147;152;88;92;85;122;40;34;36;39;53;41;34;37
1410.0;146;152;86;94;86;119;41;31;34;41;50;42;38;40
1416.0;149;152;87;91;87;116;40;31;35;42;49;44;37;40
1422.0;150;154;87;90;86;118;41;28;35;42;46;47;37;39
1428.0;149;155;88;89;87;120;41;29;35;42;44;50;35;36
1434.0;148;157;88;90;87;117;41;30;36;43;41;54;36;32
1440.0;149;157;86;93;89;119;41;29;37;44;41;50;37;28
1446.0;149;159;84;92;87;124;44;29;35;43;42;46;39;27
1452.0;149;160;89;91;88;119;42;27;36;45;41;43;39;31
1458.0;146;160;90;93;88;118;44;28;39;42;38;42;42;30
1464.0;141;159;89;93;89;117;46;31;40;44;34;38;46;33
1470.0;145;158;90;95;87;116;46;32;41;42;35;36;46;31
1476.0;145;159;84;93;86;117;50;31;42;43;32;35;48;35
1482.0;145;156;86;93;87;116;47;31;44;44;32;37;50;32
1488.0;145;154;86;89;89;112;48;33;43;47;32;41;48;33
1494.0;144;155;85;89;89;109;49;36;43;51;30;40;47;33
1500.0;146;154;81;91;90;108;50;35;46;52;29;40;46;32
1506.0;148;152;80;89;88;109;49;35;48;55;29;41;43;34
1512.0;146;152;83;88;88;110;49;34;46;56;32;40;42;34
1518.0;144;152;80;87;87;109;50;33;45;60;34;40;44;35
1524.0;144;154;80;86;85;110;50;33;47;64;35;38;39;35
1530.0;141;156;83;87;83;108;50;32;48;59;33;42;41;37
1536.0;141;158;83;89;82;108;50;32;49;55;34;41;41;37
1542.0;145;160;86;89;83;108;47;32;53;51;33;39;39;35
1548.0;145;159;84;91;82;107;49;33;54;55;34;36;39;32
1554.0;145;157;84;92;82;107;48;33;56;54;34;36;39;33
1560.0;146;158;84;97;82;105;47;35;54;52;34;37;38;31
1566.0;147;158;85;97;82;105;48;33;52;53;33;36;39;32
1572.0;146;159;88;98;80;105;47;32;51;51;35;36;38;34
1578.0;146;161;87;96;79;103;48;29;51;50;37;37;40;36
1584.0;147;163;88;93;81;105;49;30;51;49;37;36;37;34
1590.0;147;165;86;92;82;107;48;30;49;49;36;35;37;37
1596.0;148;167;87;89;79;112;47;33;46;46;38;36;37;35
1602.0;149;165;87;91;77;112;47;35;48;42;40;34;36;37
1608.0;149;163;84;90;79;110;48;37;50;41;37;38;38;36
1614.0;148;162;85;93;78;110;48;35;51;43;37;39;35;36
1620.0;153;163;88;88;76;108;47;34;49;45;37;36;38;38
1626.0;155;164;86;90;76;107;43;35;48;49;38;34;40;35
1632.0;154;165;85;89;75;107;41;35;48;48;39;34;44;36
1638.0;153;169;89;86;76;106;40;36;45;48;37;37;41;37
1644.0;154;168;90;86;77;106;38;38;43;44;37;39;41;39
1650.0;153;169;90;85;80;106;38;40;44;41;37;39;39;39
1656.0;153;170;92;83;81;104;37;41;46;39;35;41;39;39
1662.0;154;166;90;84;83;104;36;37;46;41;35;40;44;40
1668.0;151;165;92;82;81;106;39;36;48;40;34;40;46;40
1674.0;153;166;92;83;84;102;38;34;45;39;35;42;44;43
1680.0;154;168;91;82;81;103;37;34;48;40;34;40;44;44
1686.0;155;166;90;85;82;104;35;33;49;37;34;40;47;43
1692.0;156;164;93;84;80;105;36;34;47;37;33;45;44;42
1698.0;156;164;91;85;82;102;34;35;46;37;35;46;44;43
1704.0;157;163;92;84;79;101;34;37;44;38;37;48;43;43
1710.0;157;164;96;82;81;101;33;38;47;33;35;49;42;42
1716.0;158;164;97;83;80;102;35;37;45;36;34;49;39;41
1722.0;158;164;99;82;81;102;34;38;45;32;35;52;39;39
1728.0;160;163;98;85;82;101;35;43;42;31;35;48;40;37
1734.0;161;162;98;86;85;100;35;40;42;31;34;49;41;36
1740.0;162;166;98;88;86;95;33;37;39;32;31;53;43;37
1746.0;163;164;98;94;86;95;33;38;38;33;30;53;38;37
1752.0;168;169;96;96;86;92;33;40;39;33;26;52;35;35
1758.0;168;170;96;96;87;93;32;38;38;28;26;54;35;39
1764.0;168;170;94;94;85;94;32;38;39;32;25;52;35;42
1770.0;167;169;94;91;84;92;33;38;40;34;25;53;37;43
1776.0;166;169;96;92;81;93;35;36;41;31;27;53;37;43
1782.0;166;166;96;95;85;94;35;36;37;32;29;52;36;41
1788.0;167;166;97;93;86;96;36;33;39;33;30;47;34;43
1794.0;166;165;99;92;85;98;36;29;40;33;30;49;38;40
1800.0;167;168;101;88;85;95;38;29;40;34;30;48;37;40
1806.0;170;169;100;86;88;98;37;30;41;33;29;47;36;36
1812.0;166;169;103;90;89;93;37;32;39;31;32;47;35;37
1818.0;165;168;102;91;91;91;38;33;37;33;32;48;33;38
1824.0;164;167;103;91;91;93;41;34;36;30;33;46;30;41
1830.0;164;168;106;91;86;93;41;33;35;31;32;46;33;41
1836.0;164;169;103;89;86;95;41;33;34;33;34;44;34;41
1842.0;163;167;105;88;83;92;40;36;35;35;34;44;37;41
1848.0;161;168;103;87;84;96;39;38;36;35;36;39;38;40
1854.0;159;166;104;87;86;93;41;37;39;34;35;40;39;40
1860.0;160;165;103;87;86;94;38;35;39;36;35;45;37;40
1866.0;161;165;104;85;88;95;37;34;39;36;34;44;36;42
1872.0;165;161;104;85;81;98;37;35;38;35;35;45;36;45
1878.0;164;159;105;85;80;97;38;38;36;36;35;45;37;45
1884.0;165;157;105;83;82;97;37;36;35;38;33;48;38;46
1890.0;167;156;106;83;83;97;32;36;34;37;37;47;38;47
1896.0;166;155;106;80;84;95;33;36;36;40;36;48;38;47
1902.0;166;154;103;83;85;95;33;39;34;41;37;46;38;46
1908.0;168;155;105;83;84;94;33;38;35;38;37;45;39;46
1914.0;166;156;105;80;85;93;35;36;40;38;38;42;40;46
1920.0;167;157;106;82;82;91;33;39;40;37;40;41;40;45
1926.0;169;154;108;79;81;92;33;38;43;34;37;42;44;46
1932.0;168;152;110;77;78;91;36;37;48;32;38;46;47;40
1938.0;168;152;106;75;81;93;39;39;48;32;39;44;48;36
1944.0;168;152;104;78;82;92;38;41;44;31;38;46;50;36
1950.0;166;155;109;79;83;91;38;43;45;26;38;47;46;34
1956.0;167;157;108;81;81;93;40;40;43;24;39;45;46;36
1962.0;170;161;109;78;77;93;43;39;43;23;37;46;44;37
1968.0;166;163;108;80;77;92;43;40;43;22;38;47;45;36
1974.0;169;165;108;82;80;92;41;38;45;22;38;43;45;32
