#auto generated file!
12.0;50;50;53;43;44;46;36;46;36;49;38;47;35;27
18.0;51;51;51;42;46;49;35;46;33;49;39;45;34;29
24.0;50;51;48;43;45;51;37;44;33;50;38;46;36;28
30.0;51;49;48;43;45;51;36;47;34;49;40;45;35;27
36.0;52;49;52;47;44;49;36;48;34;48;40;43;33;25
42.0;55;51;52;50;45;49;35;47;31;47;40;42;29;27
48.0;58;49;50;49;48;49;36;47;31;46;41;41;30;25
54.0;58;50;51;48;47;51;42;45;33;45;38;40;28;24
60.0;59;50;50;46;47;50;44;47;37;44;36;39;26;25
66.0;60;50;49;46;48;50;44;45;37;45;35;39;27;25
72.0;61;50;51;44;49;49;45;46;37;44;33;38;28;25
78.0;62;53;52;44;48;48;47;44;37;46;30;36;27;26
84.0;62;55;51;43;48;50;48;44;38;47;31;32;26;25
90.0;62;56;51;44;48;50;48;44;37;46;31;30;28;25
96.0;60;58;49;48;47;51;47;42;39;47;29;30;30;23
102.0;59;58;48;47;46;52;46;41;40;46;30;33;29;25
108.0;59;61;49;49;48;52;42;38;39;45;29;33;29;27
114.0;57;61;48;47;49;50;45;40;39;44;30;32;30;28
120.0;58;60;48;48;48;49;44;41;40;45;29;32;30;28
126.0;59;61;50;48;50;52;45;40;35;43;32;30;28;27
132.0;61;64;48;52;52;52;46;37;31;41;30;31;28;27
138.0;61;67;47;51;52;51;44;38;29;41;30;33;28;28
144.0;64;69;49;48;51;51;44;38;29;40;29;34;26;28
150.0;64;70;49;50;52;52;44;35;29;41;25;32;28;29
156.0;65;70;48;49;52;53;43;33;28;40;27;33;28;31
162.0;66;69;49;48;52;56;40;35;27;39;27;35;29;28
168.0;66;68;51;51;52;59;38;33;27;37;28;34;29;27
174.0;66;69;52;49;53;60;37;30;29;36;29;34;29;27
180.0;68;68;51;49;53;61;38;30;27;36;29;34;30;26
186.0;68;66;53;47;52;62;36;32;28;36;27;35;31;27
192.0;68;65;50;46;53;61;35;37;25;35;31;32;32;30
198.0;68;66;50;46;54;62;34;39;24;35;30;33;29;30
204.0;70;66;50;48;54;61;34;37;25;33;31;33;29;29
210.0;72;66;53;47;53;60;35;36;26;31;31;32;30;28
216.0;73;66;54;49;52;57;34;37;27;32;30;32;29;28
222.0;73;68;51;48;50;58;33;38;27;35;28;33;30;28
228.0;73;71;53;48;49;57;31;36;25;37;29;33;30;28
234.0;73;68;56;49;50;56;31;35;25;37;30;33;29;28
240.0;72;71;56;52;50;57;30;34;24;38;30;32;27;27
246.0;73;73;57;52;50;58;30;35;24;36;30;32;25;25
252.0;74;75;58;47;51;57;29;35;21;35;32;31;26;29
258.0;74;75;57;48;51;57;30;35;21;34;29;32;25;32
264.0;74;74;56;48;53;56;31;35;20;33;29;33;27;31
270.0;74;73;56;51;53;55;30;36;21;32;30;32;27;30
276.0;72;74;55;56;51;58;29;38;22;31;29;34;26;25
282.0;73;79;55;56;50;55;26;36;20;30;32;34;27;27
288.0;73;77;58;57;50;55;26;36;21;28;31;36;28;24
294.0;75;78;60;56;49;53;25;37;19;30;31;34;28;25
300.0;75;79;58;56;50;53;25;39;19;28;31;35;28;24
306.0;74;77;59;59;49;53;25;39;21;29;29;36;28;22
312.0;76;76;59;62;52;53;24;37;19;26;28;36;28;24
318.0;77;76;57;61;53;53;21;36;20;26;29;37;28;26
324.0;77;76;57;61;53;53;22;33;18;29;29;37;29;26
330.0;78;75;56;62;52;53;21;32;17;28;30;37;30;29
336.0;78;77;57;61;53;52;22;34;16;27;30;37;31;25
342.0;80;78;55;62;55;52;22;32;17;24;32;37;29;25
348.0;82;78;55;63;54;53;21;28;18;22;35;37;28;26
354.0;80;78;56;64;54;53;21;27;17;22;36;36;28;28
360.0;82;80;55;63;55;53;21;26;16;22;35;38;27;27
366.0;83;81;54;63;55;51;21;27;16;22;35;37;27;28
372.0;83;82;54;62;55;51;20;27;16;21;34;39;29;27
378.0;82;84;53;62;55;50;23;27;15;22;29;35;31;32
384.0;83;84;55;61;54;52;21;29;14;22;29;34;30;32
390.0;83;85;53;62;53;53;25;32;16;18;28;33;29;30
396.0;84;85;53;61;54;56;26;31;15;17;29;35;27;27
402.0;83;86;53;60;55;57;28;31;16;15;29;33;28;26
408.0;85;86;51;60;56;56;28;30;21;12;31;30;27;27
414.0;84;85;50;60;56;60;30;30;23;10;30;29;26;27
420.0;84;86;50;59;55;58;31;30;22;13;28;28;27;29
426.0;84;88;49;57;55;60;31;30;22;14;27;29;25;29
432.0;85;87;48;59;55;60;31;31;22;14;26;26;26;30
438.0;89;84;49;61;54;62;32;29;25;13;26;27;24;25
444.0;87;83;51;61;54;62;33;29;26;13;27;25;25;24
450.0;87;83;52;61;54;62;33;28;24;13;26;26;26;25
456.0;89;83;53;58;54;64;35;25;21;14;25;26;27;26
462.0;90;83;53;59;52;63;34;26;21;13;24;27;28;27
468.0;89;82;52;61;53;64;34;26;24;13;25;24;26;27
474.0;89;82;52;61;52;62;33;26;24;14;26;25;26;28
480.0;89;83;53;61;51;63;34;24;23;18;27;24;25;25
486.0;86;79;54;62;51;66;31;26;23;19;26;26;24;27
492.0;84;78;56;62;50;64;31;26;23;20;27;28;25;26
498.0;84;81;55;64;49;63;30;26;22;18;29;28;24;27
504.0;83;80;55;64;47;64;32;25;20;20;32;29;24;25
510.0;83;81;54;63;47;66;29;26;21;21;31;27;24;27
516.0;84;82;54;63;49;66;27;25;21;20;31;25;24;29
522.0;82;82;55;63;49;66;27;25;22;20;30;26;23;30
528.0;84;85;55;62;47;64;24;24;23;20;30;30;24;28
534.0;84;80;56;61;48;62;25;24;24;24;34;29;22;27
540.0;85;83;55;61;48;61;24;25;23;23;34;28;22;28
546.0;82;85;57;61;49;59;26;22;22;25;35;27;22;28
552.0;82;87;57;61;50;60;27;20;22;24;37;27;21;25
558.0;83;92;57;60;50;58;28;20;22;23;34;27;20;26
564.0;81;90;55;61;50;60;29;21;23;23;32;28;20;27
570.0;82;88;54;59;52;60;27;21;25;24;33;30;19;26
576.0;81;89;49;58;56;62;25;25;26;22;32;29;20;26
582.0;80;90;53;58;56;64;23;24;25;22;32;27;19;27
588.0;79;89;55;59;55;63;24;25;24;22;32;29;16;28
594.0;78;88;55;59;57;62;22;24;21;23;31;33;17;30
600.0;79;89;55;61;59;60;21;24;22;23;28;32;18;29
606.0;81;88;56;61;59;61;21;24;21;22;29;31;18;28
612.0;81;87;59;63;61;60;21;23;21;20;27;31;18;28
618.0;83;88;58;62;60;64;23;24;21;16;27;28;17;29
624.0;82;85;57;63;58;64;24;25;23;17;27;29;17;29
630.0;83;85;56;63;55;66;26;23;24;18;26;28;18;29
636.0;85;86;56;64;56;66;27;21;21;19;26;27;17;29
642.0;85;85;56;63;59;65;24;21;19;19;27;26;20;31
648.0;85;87;57;62;58;64;23;22;18;19;29;25;20;31
654.0;84;86;61;61;60;62;23;24;19;19;27;23;21;30
660.0;84;87;61;64;59;61;26;21;18;19;28;23;19;30
666.0;83;91;61;65;58;62;23;19;19;17;28;25;18;31
672.0;84;92;58;65;58;60;27;19;19;15;30;25;17;31
678.0;86;91;58;67;63;61;25;18;18;13;30;25;15;30
684.0;86;92;56;67;62;60;25;19;18;14;31;26;16;28
690.0;84;94;55;66;62;60;26;18;19;15;30;25;17;29
696.0;87;94;58;66;60;57;25;15;20;18;29;25;17;29
702.0;84;96;58;65;60;57;28;16;22;18;26;24;20;26
708.0;86;97;59;64;60;57;29;14;21;20;26;23;19;25
714.0;86;98;58;63;59;58;29;16;23;19;26;23;18;24
720.0;87;97;58;64;60;59;28;17;23;17;24;23;18;25
726.0;88;95;58;62;61;59;27;18;24;19;23;22;18;26
732.0;87;96;60;62;64;59;25;19;23;19;23;21;17;25
738.0;85;98;62;61;63;60;23;19;22;22;22;21;19;23
744.0;85;99;63;61;62;61;23;19;21;22;20;22;18;24
750.0;84;100;64;63;61;60;24;17;21;22;19;22;18;25
756.0;86;99;62;64;61;58;23;17;22;24;19;21;18;26
762.0;85;99;62;64;61;59;22;16;22;24;21;20;20;25
768.0;87;99;60;67;59;58;20;15;22;24;21;21;21;26
774.0;87;98;63;66;57;56;19;16;23;26;19;23;22;25
780.0;89;100;62;67;56;55;23;17;22;25;18;20;22;24
786.0;88;101;62;66;54;55;24;16;20;28;17;23;24;22
792.0;88;101;62;64;55;55;25;16;19;29;17;22;25;22
798.0;88;100;60;64;57;56;25;18;18;26;18;24;24;22
804.0;88;99;60;62;56;57;24;20;18;27;20;21;25;23
810.0;87;99;60;61;54;57;25;19;21;28;18;22;27;22
816.0;84;101;60;61;55;59;26;19;21;28;18;21;25;22
822.0;83;100;59;58;58;59;28;19;21;29;19;21;23;23
828.0;80;101;58;60;55;59;28;22;23;30;18;21;22;23
834.0;80;100;57;60;53;60;29;24;22;28;19;22;23;23
840.0;83;98;57;57;53;60;30;24;22;29;18;22;23;24
846.0;84;99;57;55;53;58;31;23;21;30;22;22;23;22
852.0;84;98;55;56;56;56;29;25;21;30;21;21;25;23
858.0;84;99;56;55;56;54;28;24;25;29;19;21;25;25
864.0;82;99;55;52;58;52;30;26;28;28;20;20;24;26
870.0;83;102;55;51;58;52;31;27;24;28;22;20;22;25
876.0;85;102;53;54;57;52;29;24;23;29;23;22;23;24
882.0;85;102;56;55;56;53;27;24;23;29;22;22;23;23
888.0;87;100;56;56;54;50;26;23;25;31;22;24;24;22
894.0;88;103;51;58;55;51;25;21;26;30;22;23;24;23
900.0;87;105;54;56;55;51;25;20;28;29;21;23;22;24
906.0;87;105;54;58;55;51;24;18;28;29;23;22;21;25
912.0;86;107;56;58;53;52;25;16;29;28;23;22;20;25
918.0;88;106;56;56;52;54;23;18;31;27;23;20;19;27
924.0;88;110;60;54;51;54;23;19;27;26;23;20;18;27
930.0;88;111;62;52;49;52;24;20;28;26;26;20;18;24
936.0;88;111;62;52;48;52;23;20;28;26;28;20;19;23
942.0;87;108;61;53;48;51;26;27;27;24;29;19;19;21
948.0;88;107;64;53;49;50;27;24;27;23;27;20;21;20
954.0;87;108;62;52;49;51;26;25;27;22;29;21;20;21
960.0;88;109;60;52;49;51;24;24;29;21;29;19;22;23
966.0;84;105;62;53;49;51;24;24;30;23;29;18;24;24
972.0;84;105;65;53;50;51;19;26;29;22;28;18;25;25
978.0;81;106;66;52;50;50;22;25;30;22;28;17;24;27
984.0;84;104;65;52;51;52;22;25;29;22;27;17;26;24
990.0;84;105;68;50;52;55;20;26;28;21;26;18;25;22
996.0;86;107;67;51;54;53;22;23;27;22;27;15;22;24
1002.0;85;107;69;52;52;52;21;23;28;23;27;14;22;25
1008.0;91;104;67;51;53;52;21;25;26;21;28;15;25;21
1014.0;91;104;64;53;55;51;19;23;30;20;27;15;25;23
1020.0;93;105;65;54;51;53;16;20;31;21;27;18;23;23
1026.0;94;104;65;53;52;51;19;23;31;18;26;17;26;21
1032.0;89;104;63;53;52;50;21;26;32;18;27;17;28;20
1038.0;90;104;62;54;52;50;22;24;29;17;29;19;27;21
1044.0;89;103;62;53;56;51;22;24;29;18;27;20;25;21
1050.0;89;103;60;54;55;53;24;22;30;18;27;19;25;21
1056.0;89;102;62;53;54;53;24;24;31;18;25;17;25;23
1062.0;90;102;63;53;56;54;23;23;28;19;22;18;27;22
1068.0;90;103;63;55;55;53;20;23;27;21;19;20;27;24
1074.0;91;102;60;54;56;55;17;25;25;22;18;22;29;24
1080.0;89;101;61;53;59;55;19;26;23;23;16;22;29;24
1086.0;88;99;61;55;61;54;17;28;25;23;17;23;25;24
1092.0;89;98;60;55;60;52;17;28;26;26;19;22;24;24
1098.0;89;99;61;55;59;52;18;29;25;25;21;21;23;23
1104.0;88;102;62;56;59;51;18;29;23;23;21;22;22;24
1110.0;88;101;63;56;59;53;17;30;24;23;19;22;21;24
1116.0;90;101;66;54;58;54;19;30;23;20;21;23;20;21
1122.0;91;100;68;54;56;52;20;31;24;22;19;22;20;21
1128.0;89;99;67;55;58;55;20;32;23;23;19;22;18;20
1134.0;91;98;68;55;57;55;20;34;23;24;17;22;18;18
1140.0;89;96;65;54;57;56;20;34;22;26;20;23;19;19
1146.0;90;93;65;54;59;54;22;32;22;29;19;22;19;20
1152.0;90;92;66;54;57;55;26;31;21;28;18;24;18;20
1158.0;88;89;67;55;57;58;25;30;21;28;19;24;19;20
1164.0;88;90;69;53;58;56;25;27;21;29;19;23;19;23
1170.0;90;89;69;49;61;56;22;26;23;30;18;22;20;25
1176.0;90;91;69;51;61;56;22;26;23;30;17;21;19;24
1182.0;89;92;72;52;63;55;22;23;22;28;18;21;21;22
1188.0;88;94;73;53;61;56;22;23;19;28;19;18;23;23
1194.0;88;95;71;52;61;56;19;24;20;28;21;18;24;23
1200.0;88;97;70;53;61;55;19;24;18;27;22;19;24;23
1206.0;88;95;70;55;59;55;16;26;19;27;24;19;23;24
1212.0;87;93;69;54;57;55;17;26;21;30;25;21;21;24
1218.0;86;93;69;54;57;55;17;26;21;29;25;23;22;23
1224.0;85;93;67;56;57;56;18;24;20;30;26;24;21;23
1230.0;86;96;67;53;54;55;18;24;22;31;26;23;22;23
1236.0;87;94;66;51;55;58;18;23;24;31;24;22;23;24
1242.0;87;96;64;52;55;58;19;22;24;32;24;20;23;24
1248.0;88;94;65;51;53;57;18;20;24;32;25;23;23;27
1254.0;88;97;65;52;55;58;19;17;23;33;26;18;22;27
1260.0;91;95;65;52;51;57;21;17;22;32;26;19;25;27
1266.0;91;93;65;50;53;56;21;17;23;35;26;18;25;27
1272.0;95;93;66;50;53;59;21;14;23;34;25;19;25;23
1278.0;96;94;66;50;52;59;20;15;23;32;24;19;26;24
1284.0;94;95;67;51;53;59;19;13;23;32;23;20;25;26
1290.0;95;95;66;53;54;57;19;13;22;31;22;22;25;26
1296.0;94;96;66;55;53;56;19;14;23;30;22;21;25;26
1302.0;97;98;65;53;52;56;19;13;23;29;21;24;27;23
1308.0;99;95;65;55;51;55;19;15;24;26;21;22;28;25
1314.0;101;95;66;52;51;52;21;15;26;26;20;23;27;25
1320.0;100;96;66;52;51;54;20;15;27;22;22;21;28;26
1326.0;102;98;65;52;53;54;20;13;27;22;21;21;29;23
1332.0;103;97;65;51;50;56;21;13;32;21;21;20;28;22
1338.0;102;95;66;50;50;58;22;13;32;23;20;20;29;20
1344.0;102;97;61;49;47;58;25;14;29;26;21;22;29;20
1350.0;101;94;61;49;48;60;25;14;25;25;21;24;32;21
1356.0;100;97;59;46;48;61;24;14;26;23;22;25;32;23
1362.0;100;98;59;48;48;61;24;14;26;23;20;25;32;22
1368.0;99;98;57;48;48;61;23;15;25;25;22;27;30;22
1374.0;101;99;55;46;45;61;26;17;25;26;23;25;30;21
1380.0;101;100;54;45;45;62;28;19;26;25;22;24;30;19
1386.0;102;100;54;44;43;66;28;18;25;24;23;24;29;20
1392.0;105;101;54;45;42;66;26;20;23;23;23;24;28;20
1398.0;105;103;54;45;45;68;26;19;23;21;23;20;27;21
1404.0;106;104;52;45;46;67;28;18;21;20;23;22;25;23
1410.0;106;103;51;43;47;68;28;21;19;20;24;21;27;22
1416.0;106;100;51;43;52;66;26;25;18;20;21;21;27;24
1422.0;105;98;52;45;53;63;25;22;18;23;23;20;28;25
1428.0;107;99;54;44;53;64;27;25;15;20;25;16;26;25
1434.0;106;99;55;45;53;67;25;24;12;20;22;20;27;25
1440.0;105;99;56;47;53;65;24;26;12;20;22;22;25;24
1446.0;109;97;55;46;53;64;22;27;12;20;23;22;25;25
1452.0;109;96;52;47;53;64;24;26;13;18;23;24;26;25
1458.0;109;96;52;47;52;62;25;27;13;18;25;23;27;24
1464.0;111;94;50;47;54;61;24;26;12;19;29;21;29;23
1470.0;111;93;50;48;54;59;22;25;14;18;27;23;32;24
1476.0;111;93;51;47;54;57;25;26;14;17;26;24;31;24
1482.0;112;92;50;47;57;59;22;22;13;16;30;26;31;23
1488.0;110;91;51;47;57;61;24;21;13;16;31;25;31;22
1494.0;111;93;50;47;57;60;24;22;13;17;29;25;32;20
1500.0;111;93;49;48;56;61;25;21;14;16;29;25;30;22
1506.0;112;93;49;47;53;61;27;21;15;14;32;24;31;21
1512.0;112;94;49;46;53;60;26;22;17;15;30;24;33;19
1518.0;109;92;51;46;54;58;27;23;20;16;26;24;33;21
1524.0;108;92;52;48;55;55;24;25;19;16;28;24;33;21
1530.0;110;92;51;49;55;52;25;26;19;17;27;25;33;19
1536.0;109;90;53;50;56;50;25;27;21;17;28;23;32;19
1542.0;106;91;55;52;58;51;24;27;23;17;25;23;27;21
1548.0;106;92;56;53;58;54;26;26;24;15;25;24;24;17
1554.0;106;92;55;52;56;56;26;26;25;16;25;23;24;18
1560.0;105;88;52;53;55;56;27;26;27;16;26;25;26;18
1566.0;106;88;53;52;56;55;25;26;27;17;25;25;27;18
1572.0;107;88;54;54;53;57;28;25;25;18;24;24;22;21
1578.0;107;86;56;54;53;58;28;26;25;18;24;24;21;20
1584.0;106;86;54;53;55;60;27;27;24;19;23;25;20;21
1590.0;105;86;52;54;54;58;26;31;24;21;21;25;20;23
1596.0;105;86;53;55;57;56;25;30;24;19;21;27;20;22
1602.0;102;87;56;55;56;57;28;26;25;20;20;27;19;22
1608.0;101;88;57;54;58;56;30;25;25;21;21;26;17;21
1614.0;102;85;58;53;56;56;30;25;25;22;22;24;20;22
1620.0;103;86;56;54;55;55;31;27;23;23;22;24;21;20
1626.0;102;84;57;53;55;55;32;28;23;24;21;25;23;18
1632.0;101;84;58;53;55;54;32;28;24;24;21;24;23;19
1638.0;101;87;65;51;52;55;29;28;22;25;19;26;23;17
1644.0;102;87;66;51;53;54;29;28;21;25;20;24;24;16
1650.0;101;88;66;53;55;54;32;26;21;25;19;23;21;16
1656.0;101;88;65;54;55;53;30;26;22;26;19;22;22;17
1662.0;100;88;65;53;58;53;31;26;23;26;17;22;21;17
1668.0;98;86;63;52;58;55;32;24;23;24;18;24;24;19
1674.0;97;86;62;54;58;55;32;21;23;25;18;24;27;18
1680.0;97;84;62;55;58;56;31;22;22;25;19;23;28;18
1686.0;98;84;63;53;59;58;32;22;22;24;20;20;27;18
1692.0;98;84;64;52;57;57;33;23;24;23;21;21;26;17
1698.0;98;84;66;53;55;56;31;22;24;23;22;20;26;20
1704.0;99;85;67;51;58;55;31;20;27;20;22;21;25;19
1710.0;96;85;68;50;60;58;28;22;27;20;24;22;23;17
1716.0;99;85;65;49;62;58;28;21;25;21;25;20;23;19
1722.0;99;85;64;50;64;55;27;21;26;22;24;20;24;19
1728.0;99;86;63;51;63;54;26;22;23;23;26;20;25;19
1734.0;97;86;62;52;65;53;28;23;23;23;25;20;24;19
1740.0;98;87;59;53;64;52;25;25;22;22;24;21;28;20
1746.0;99;88;59;52;63;52;24;24;24;22;23;22;27;21
1752.0;99;89;56;53;63;51;24;24;26;23;23;22;26;21
1758.0;99;90;58;53;63;50;24;24;27;21;22;20;27;22
1764.0;99;89;57;54;64;48;26;24;26;22;22;21;25;23
1770.0;99;87;56;53;65;48;25;25;28;23;23;22;24;22
1776.0;99;88;55;55;65;47;26;24;27;23;23;20;25;23
1782.0;100;87;55;55;68;46;26;23;27;24;22;19;24;24
1788.0;99;86;55;56;66;48;23;25;26;24;22;21;25;24
1794.0;100;87;53;57;68;48;21;25;25;26;24;21;22;23
1800.0;101;88;53;60;67;47;20;24;24;27;22;22;22;23
1806.0;100;89;52;59;67;48;19;24;27;30;23;20;21;21
1812.0;99;91;51;59;66;51;19;23;26;27;24;21;21;22
1818.0;97;95;49;58;62;53;23;22;30;24;23;18;23;23
1824.0;99;93;48;57;64;53;25;22;31;24;20;19;23;22
1830.0;95;92;50;56;64;54;24;22;34;24;19;19;22;25
1836.0;92;96;50;58;64;54;25;19;32;24;21;17;24;24
1842.0;89;98;51;59;64;54;24;18;31;24;20;18;25;25
1848.0;87;99;50;59;66;53;24;18;31;24;19;17;26;27
1854.0;87;97;53;59;65;53;22;18;29;24;20;17;28;28
1860.0;86;96;54;58;64;54;26;18;26;24;21;15;29;29
1866.0;87;95;57;58;65;53;26;19;24;22;21;18;25;30
1872.0;87;96;55;62;66;52;26;19;22;22;21;17;27;28
1878.0;87;96;55;62;67;53;26;19;21;22;22;16;25;29
1884.0;88;97;54;61;65;53;27;18;21;23;22;17;24;30
1890.0;87;95;54;59;68;54;28;18;21;23;22;15;24;32
1896.0;88;94;53;59;68;53;28;19;23;21;23;16;24;31
1902.0;90;92;53;59;66;53;29;20;24;19;21;16;26;32
1908.0;87;92;52;61;63;55;28;20;26;20;22;16;27;31
1914.0;88;91;52;62;62;55;26;23;29;21;19;17;27;28
1920.0;88;90;51;64;58;54;25;24;32;21;19;16;31;27
1926.0;86;91;50;65;57;54;25;25;32;20;20;18;31;26
1932.0;85;92;50;63;58;55;29;25;34;17;17;18;29;28
1938.0;83;90;48;65;60;56;29;24;34;16;17;20;28;30
1944.0;83;92;50;61;59;55;29;25;34;16;18;19;27;32
1950.0;84;93;49;61;59;56;30;25;33;15;18;19;27;31
1956.0;85;94;50;62;60;60;25;26;30;15;17;19;26;31
1962.0;86;93;50;61;62;64;24;22;29;14;19;18;27;31
1968.0;87;93;50;62;63;62;25;21;28;14;16;18;29;32
1974.0;88;92;50;62;63;60;25;22;27;14;15;19;30;33
