#auto generated file!
12.0;20;17;18;15;8;9;15;7;20;9;17;14;14;17
18.0;21;17;17;15;8;10;15;8;19;9;18;13;15;15
24.0;21;17;17;14;8;11;13;8;18;10;16;13;16;18
30.0;21;16;17;15;8;12;14;7;17;9;16;14;16;18
36.0;21;16;16;15;10;11;12;7;18;8;17;15;17;17
42.0;21;17;17;15;10;11;12;7;18;7;16;16;17;16
48.0;22;16;17;16;11;11;12;7;18;7;16;14;16;17
54.0;23;16;16;17;12;11;12;7;18;8;15;13;16;16
60.0;23;16;17;18;13;11;11;8;18;7;15;12;16;15
66.0;24;16;17;18;13;11;11;8;18;7;15;13;14;15
72.0;24;16;15;20;13;11;11;9;17;8;15;13;14;14
78.0;25;16;15;19;13;12;10;10;15;8;15;13;14;15
84.0;26;16;12;20;13;12;9;10;15;11;16;13;13;14
90.0;26;16;12;20;13;13;8;9;15;11;16;14;13;14
96.0;27;16;14;19;12;12;9;9;14;11;16;14;12;15
102.0;27;17;14;19;12;12;8;10;13;11;15;14;12;16
108.0;28;17;14;18;13;13;7;10;12;11;15;15;12;15
114.0;28;17;14;18;15;13;7;12;11;12;14;13;12;14
120.0;28;17;15;18;17;11;7;12;12;10;13;13;12;15
126.0;27;17;16;17;17;11;7;12;11;12;13;12;13;15
132.0;28;17;16;17;17;12;7;11;11;12;13;12;13;14
138.0;28;17;17;16;17;12;8;10;11;11;13;12;13;15
144.0;28;18;17;16;18;13;9;11;11;10;12;12;11;14
150.0;27;19;17;18;18;13;7;10;11;11;13;10;13;13
156.0;26;19;19;18;19;15;7;9;10;9;13;11;13;12
162.0;25;19;20;19;19;15;7;9;11;9;14;10;12;11
168.0;25;18;21;19;19;14;8;9;10;8;14;10;14;11
174.0;25;18;21;21;20;12;8;10;10;7;13;9;14;12
180.0;25;18;20;20;22;13;7;10;10;7;13;9;13;13
186.0;25;18;20;20;22;14;6;10;10;7;13;9;12;14
192.0;25;17;20;18;22;14;6;10;12;8;13;9;12;14
198.0;25;17;20;18;23;14;6;10;9;9;13;9;12;15
204.0;24;16;21;19;22;14;6;11;9;9;13;8;13;15
210.0;26;16;21;22;22;13;6;12;10;8;12;7;12;13
216.0;26;15;20;23;21;13;6;13;11;8;11;7;13;13
222.0;25;17;20;23;21;13;5;14;11;7;11;7;13;13
228.0;25;15;20;22;21;14;6;13;11;8;11;7;13;14
234.0;26;16;20;22;21;14;5;14;10;8;11;7;12;14
240.0;26;17;20;23;22;14;5;13;10;8;11;6;12;13
246.0;26;19;18;23;23;12;4;13;10;10;11;7;11;13
252.0;26;20;18;23;23;12;4;12;10;10;11;7;11;13
258.0;27;20;17;25;23;12;4;12;9;8;11;8;11;13
264.0;28;19;19;25;21;11;4;12;9;8;11;8;11;14
270.0;28;20;19;25;21;12;5;12;8;7;12;7;11;13
276.0;26;22;18;26;21;12;5;11;8;6;12;8;11;14
282.0;25;22;18;25;21;12;5;10;10;7;11;8;12;14
288.0;25;22;15;25;22;13;5;10;10;8;13;7;12;13
294.0;24;21;15;25;23;13;4;11;10;7;13;8;12;14
300.0;25;20;16;25;23;13;4;10;10;7;14;8;12;13
306.0;26;20;16;26;23;12;5;9;10;5;15;8;12;13
312.0;26;21;16;26;23;12;4;9;11;6;15;8;11;12
318.0;26;21;17;25;24;12;6;9;12;6;15;6;10;11
324.0;26;21;17;26;24;11;4;9;12;7;15;5;10;13
330.0;27;22;16;26;25;11;4;8;10;9;16;5;9;12
336.0;27;21;16;25;25;12;4;10;9;10;13;6;11;11
342.0;26;19;16;26;26;12;4;13;8;10;13;5;11;11
348.0;27;18;16;25;25;13;4;11;9;10;15;5;11;11
354.0;27;18;16;24;24;13;4;12;9;9;15;6;12;11
360.0;27;19;16;24;24;12;4;14;7;9;15;7;11;11
366.0;28;19;16;24;23;12;4;15;8;7;14;8;11;11
372.0;28;19;17;24;23;11;4;16;8;8;13;8;11;10
378.0;28;19;16;24;23;11;5;16;8;8;13;7;11;11
384.0;29;19;16;24;22;12;4;17;8;9;13;8;9;10
390.0;31;19;15;23;23;12;4;17;7;10;14;7;9;9
396.0;31;19;15;22;23;12;4;18;9;10;13;6;9;9
402.0;30;19;14;24;24;12;5;16;8;11;14;5;9;9
408.0;31;20;14;23;24;13;5;15;9;10;12;5;9;10
414.0;30;20;13;24;25;12;6;12;9;10;15;5;8;11
420.0;32;20;13;24;26;12;9;10;9;9;13;5;7;11
426.0;32;20;13;23;27;13;8;8;10;9;13;5;8;11
432.0;31;20;13;23;29;14;9;8;9;9;13;4;6;12
438.0;31;20;13;21;29;13;10;8;9;11;12;4;6;13
444.0;30;21;12;22;28;12;10;9;10;12;10;4;8;12
450.0;30;21;12;22;29;13;11;9;9;14;8;2;8;12
456.0;27;21;12;22;31;12;11;9;7;16;8;3;10;11
462.0;27;21;11;22;31;12;9;8;7;15;8;6;13;10
468.0;26;21;12;24;29;13;9;9;4;14;8;9;11;11
474.0;27;20;12;24;29;15;9;8;5;14;8;9;10;10
480.0;28;19;13;24;31;15;8;8;6;14;8;7;10;9
486.0;27;19;13;24;31;15;7;8;6;14;8;8;9;11
492.0;27;19;15;25;33;15;6;7;5;13;8;8;8;11
498.0;27;19;15;23;32;15;6;8;6;13;7;9;9;11
504.0;28;19;16;24;32;15;6;8;6;13;7;9;8;9
510.0;28;17;17;24;33;15;7;7;7;12;7;8;8;10
516.0;29;18;16;24;33;15;7;7;7;12;7;7;7;11
522.0;28;18;18;27;34;17;6;5;7;11;6;8;6;9
528.0;28;18;19;27;33;17;7;5;8;10;6;9;5;8
534.0;28;18;19;25;33;18;7;5;8;11;6;9;5;8
540.0;29;18;19;25;33;18;7;4;8;11;7;9;5;7
546.0;29;18;18;25;33;18;7;4;9;11;8;8;5;7
552.0;28;17;19;25;33;18;8;4;8;11;8;9;5;7
558.0;28;17;18;25;31;20;8;4;8;11;8;10;5;7
564.0;28;17;18;25;31;20;8;3;8;10;8;11;6;7
570.0;28;17;17;26;31;20;8;3;8;9;7;11;7;8
576.0;27;17;18;25;32;19;7;5;8;9;7;11;8;7
582.0;27;16;17;24;31;19;7;5;11;10;6;11;8;8
588.0;27;16;17;24;31;19;7;5;11;10;6;11;8;8
594.0;27;16;17;24;31;19;7;6;11;10;6;11;8;7
600.0;27;16;18;23;32;19;7;6;12;9;6;10;8;7
606.0;28;16;16;23;33;19;5;8;12;8;6;10;9;7
612.0;28;16;14;24;33;19;5;9;11;9;6;10;9;7
618.0;30;18;15;23;33;19;4;9;9;8;7;10;8;7
624.0;30;18;15;22;34;18;4;8;10;8;8;9;8;8
630.0;30;18;15;21;35;18;3;7;10;9;8;10;8;8
636.0;30;18;15;20;35;19;3;7;10;9;9;10;8;7
642.0;30;17;14;20;35;20;4;8;10;9;8;10;8;7
648.0;30;17;14;19;33;21;4;8;11;10;8;11;8;6
654.0;31;17;15;18;34;21;3;9;8;9;7;10;11;7
660.0;31;18;14;20;35;21;3;8;9;8;7;10;9;7
666.0;31;19;15;20;34;21;3;9;8;9;7;9;8;7
672.0;32;22;15;19;34;21;3;10;7;8;6;7;9;7
678.0;32;22;15;19;34;21;3;10;8;8;6;7;9;6
684.0;32;22;15;20;34;21;3;9;9;10;6;6;8;5
690.0;32;22;15;19;34;20;3;8;9;10;6;7;9;6
696.0;33;21;15;20;31;21;4;9;9;10;7;6;8;6
702.0;33;21;16;21;31;20;4;9;10;10;6;6;8;5
708.0;33;19;15;19;31;20;5;10;10;10;6;6;10;6
714.0;33;18;14;20;31;19;5;10;11;10;6;6;12;5
720.0;31;19;16;20;31;21;5;11;8;8;6;5;14;5
726.0;31;19;14;20;31;22;5;10;8;8;7;5;15;5
732.0;32;19;13;20;31;21;5;10;8;9;7;5;13;7
738.0;32;19;14;20;30;21;5;10;8;8;8;6;12;7
744.0;31;21;13;20;29;20;5;11;9;8;7;6;13;7
750.0;31;21;13;21;29;20;5;11;9;8;7;6;12;7
756.0;31;21;13;21;29;20;5;12;10;7;7;5;12;7
762.0;32;21;12;20;29;20;6;12;9;8;7;5;13;6
768.0;32;20;12;22;29;23;5;11;10;8;8;4;13;3
774.0;31;20;13;21;27;23;6;11;9;8;9;5;14;3
780.0;31;21;13;20;27;24;6;11;8;8;9;5;13;4
786.0;32;23;13;21;26;24;5;11;8;8;9;5;11;4
792.0;31;23;14;22;27;24;3;11;9;9;8;5;10;4
798.0;32;23;15;22;28;23;4;10;10;8;8;4;9;4
804.0;32;22;14;22;29;23;4;11;10;7;8;4;9;5
810.0;30;23;13;21;31;22;4;12;10;7;7;4;10;6
816.0;28;23;15;20;32;22;4;12;10;7;7;4;10;6
822.0;28;23;15;19;32;23;4;12;10;7;7;4;11;5
828.0;29;23;15;19;30;23;4;11;10;8;7;5;11;5
834.0;30;23;15;19;29;23;3;12;8;7;7;7;11;6
840.0;29;23;15;19;30;23;3;10;9;8;6;7;12;6
846.0;27;24;16;19;30;23;2;9;10;7;8;7;14;4
852.0;28;24;16;19;30;23;2;9;10;7;8;6;13;5
858.0;28;24;16;19;30;23;2;9;10;7;8;6;13;5
864.0;28;25;16;17;30;22;2;9;9;7;8;7;14;6
870.0;27;24;17;19;29;23;3;8;9;8;7;7;13;6
876.0;26;24;17;19;28;24;4;9;9;7;7;7;13;6
882.0;26;24;17;19;28;24;5;9;8;7;7;7;13;6
888.0;25;25;18;20;28;25;5;9;8;6;6;7;13;5
894.0;24;25;18;20;28;25;7;9;8;6;6;7;12;5
900.0;24;26;16;19;28;25;7;10;7;7;6;7;13;5
906.0;24;26;16;21;27;25;7;11;7;6;6;6;13;5
912.0;25;26;17;21;27;25;7;11;7;5;6;6;13;4
918.0;25;26;18;21;28;25;7;11;6;5;5;6;13;4
924.0;26;26;17;21;28;25;7;11;6;5;5;6;13;4
930.0;27;26;17;21;27;24;7;10;6;6;4;7;14;4
936.0;27;26;17;19;26;25;6;10;6;7;5;7;15;4
942.0;28;27;16;19;23;25;6;10;7;7;5;7;16;4
948.0;27;26;16;18;23;25;8;11;7;7;7;8;14;3
954.0;26;24;18;19;21;24;8;12;7;7;7;8;15;4
960.0;25;23;18;20;22;23;9;11;7;6;8;8;16;4
966.0;26;24;20;20;19;23;10;12;7;6;7;8;15;3
972.0;26;23;20;20;19;24;10;12;7;6;7;8;14;4
978.0;25;23;19;20;19;23;10;12;7;8;8;8;14;4
984.0;24;24;19;21;19;23;11;11;7;8;8;8;13;4
990.0;24;24;19;21;19;23;8;11;9;7;10;8;13;4
996.0;26;25;20;21;18;23;6;10;9;5;11;8;13;5
1002.0;31;24;20;19;18;21;6;10;9;4;11;9;12;6
1008.0;31;24;20;20;18;21;6;10;9;5;11;8;11;6
1014.0;31;23;20;20;18;21;6;11;8;5;12;9;10;6
1020.0;29;22;21;19;19;21;7;12;9;5;12;8;10;6
1026.0;29;23;20;18;18;21;8;12;9;5;11;8;12;6
1032.0;29;24;18;19;18;21;9;12;10;4;11;8;11;6
1038.0;29;25;18;18;17;21;8;12;10;4;10;8;13;7
1044.0;30;26;18;18;18;20;7;10;10;5;10;9;12;7
1050.0;30;27;18;16;19;19;7;9;10;7;10;9;11;8
1056.0;29;27;18;16;19;19;7;8;13;7;10;8;11;8
1062.0;29;29;17;15;18;19;6;8;13;7;9;9;13;8
1068.0;29;28;17;15;18;19;6;9;13;7;9;9;13;8
1074.0;30;28;18;14;19;19;7;9;12;7;7;9;13;8
1080.0;30;28;17;15;19;19;7;9;12;7;7;9;13;8
1086.0;31;28;17;15;19;19;7;8;11;7;7;10;12;9
1092.0;32;28;17;16;18;19;8;8;11;8;8;8;11;8
1098.0;32;27;18;17;17;19;7;8;11;7;9;8;12;8
1104.0;32;25;17;17;17;19;6;8;11;7;9;9;14;9
1110.0;32;25;19;18;16;20;6;8;10;7;9;9;12;9
1116.0;33;23;20;18;17;19;7;8;9;6;10;9;12;9
1122.0;33;23;18;19;16;18;8;9;9;5;10;9;13;10
1128.0;34;22;18;20;16;18;8;8;9;4;9;10;14;10
1134.0;34;21;18;20;15;18;8;8;9;5;9;11;14;10
1140.0;34;22;19;20;15;17;9;7;8;6;8;11;13;11
1146.0;34;22;19;20;15;17;8;7;8;6;8;11;14;11
1152.0;34;21;18;19;16;17;8;8;8;6;10;10;13;12
1158.0;35;23;17;18;15;16;8;9;8;6;9;11;12;13
1164.0;34;23;16;18;16;16;7;8;8;6;10;13;12;13
1170.0;34;21;16;17;16;19;6;8;8;6;10;13;13;13
1176.0;33;21;16;17;16;19;6;7;8;8;10;13;13;13
1182.0;34;21;16;16;16;19;7;8;8;8;10;12;12;13
1188.0;34;21;16;15;16;21;7;8;7;7;10;13;13;12
1194.0;35;21;14;17;16;21;8;9;10;5;9;13;12;10
1200.0;38;21;14;17;17;21;8;9;9;4;8;13;9;12
1206.0;39;20;15;17;17;22;8;8;8;5;8;11;9;13
1212.0;39;21;15;16;17;21;7;9;8;5;8;10;10;14
1218.0;39;21;15;15;17;21;7;8;7;5;9;10;11;15
1224.0;38;21;17;17;17;22;6;7;7;4;8;11;11;14
1230.0;38;22;17;17;17;21;6;7;7;4;8;11;12;13
1236.0;36;22;15;17;17;21;7;9;6;4;8;12;13;13
1242.0;35;23;15;17;17;20;6;9;6;5;9;12;13;13
1248.0;36;23;15;17;18;21;5;9;7;4;8;13;12;12
1254.0;35;24;15;16;17;20;5;11;7;5;9;13;11;12
1260.0;36;23;14;16;18;21;6;11;7;5;9;11;12;11
1266.0;35;24;13;16;18;20;6;10;8;6;10;9;14;11
1272.0;36;24;13;16;18;20;6;11;8;6;10;10;12;10
1278.0;36;24;13;15;19;21;6;10;9;4;10;10;13;10
1284.0;36;24;13;15;19;22;7;10;8;4;10;11;11;10
1290.0;36;24;13;15;19;22;6;10;8;6;10;11;11;9
1296.0;36;23;15;13;20;22;7;10;7;6;10;11;12;8
1302.0;36;24;14;13;20;22;6;11;7;6;9;12;12;8
1308.0;35;24;14;13;20;22;7;11;8;7;9;12;11;7
1314.0;34;24;14;13;20;21;8;11;8;8;9;13;11;6
1320.0;34;24;14;14;20;20;9;10;8;8;9;12;10;8
1326.0;33;24;13;16;20;20;8;10;9;8;8;12;10;9
1332.0;33;24;13;16;20;19;7;9;9;9;9;11;11;10
1338.0;33;25;13;16;19;18;7;9;8;9;9;12;10;12
1344.0;33;26;13;16;18;19;6;11;8;9;8;10;11;12
1350.0;33;26;13;17;18;19;6;11;8;10;7;9;11;12
1356.0;33;26;13;16;19;19;6;11;8;10;7;9;12;11
1362.0;33;26;13;16;20;20;6;10;8;11;6;9;12;10
1368.0;33;26;13;16;20;18;7;11;9;10;6;9;14;8
1374.0;34;25;13;17;19;18;7;11;11;9;6;10;13;7
1380.0;33;25;13;17;19;18;7;11;12;9;6;10;13;7
1386.0;34;26;13;17;19;18;6;11;12;9;5;10;13;7
1392.0;34;26;13;17;19;18;6;11;12;10;5;9;13;7
1398.0;34;26;13;16;19;18;5;12;11;10;6;9;14;7
1404.0;35;26;13;14;20;17;5;11;11;11;6;11;13;7
1410.0;35;25;14;15;21;17;6;10;10;11;6;11;14;5
1416.0;35;26;13;15;22;17;7;8;10;10;6;12;14;5
1422.0;35;26;13;15;22;17;6;7;10;10;7;13;14;5
1428.0;35;26;14;16;22;16;6;9;10;8;7;13;14;4
1434.0;35;25;13;16;23;16;7;8;9;8;7;13;15;5
1440.0;35;27;12;17;24;16;7;7;9;7;6;13;15;5
1446.0;36;27;10;16;24;16;7;7;9;7;6;13;16;6
1452.0;36;27;11;14;23;16;8;7;9;7;6;12;16;8
1458.0;37;27;12;14;23;15;8;8;10;7;6;11;16;6
1464.0;37;27;12;13;23;16;8;8;10;7;6;11;16;6
1470.0;37;29;12;13;23;15;8;8;11;7;6;10;16;5
1476.0;36;29;12;14;23;15;7;8;10;8;6;10;16;6
1482.0;36;28;12;14;24;15;8;8;9;8;7;9;16;6
1488.0;35;28;12;14;25;15;8;9;9;8;7;9;16;5
1494.0;35;29;12;15;25;16;8;8;8;8;6;8;16;6
1500.0;33;32;12;14;26;15;7;8;8;8;7;10;14;6
1506.0;34;32;13;15;25;15;7;8;9;7;5;9;14;7
1512.0;34;32;14;15;26;14;6;7;8;8;6;8;14;8
1518.0;33;33;14;15;27;16;7;7;6;8;6;7;14;7
1524.0;33;34;13;15;27;16;7;7;6;8;6;7;15;6
1530.0;35;34;12;14;25;16;7;8;7;8;6;7;15;6
1536.0;35;35;12;14;25;16;6;8;7;9;4;7;16;6
1542.0;35;34;12;13;25;16;6;8;7;9;5;8;16;6
1548.0;35;34;14;13;26;14;7;7;7;9;5;8;15;6
1554.0;36;34;13;13;26;15;7;5;9;9;5;9;13;6
1560.0;35;33;13;13;25;17;7;6;9;9;5;9;13;6
1566.0;35;34;12;11;26;17;7;7;10;9;5;8;14;5
1572.0;34;34;13;11;26;14;9;9;10;10;5;7;13;5
1578.0;34;34;12;11;27;15;12;10;9;9;4;6;13;4
1584.0;34;35;13;12;27;15;14;9;9;9;4;4;11;4
1590.0;34;35;15;11;27;15;13;8;9;9;4;4;11;5
1596.0;34;34;15;11;27;16;13;9;9;9;4;4;10;5
1602.0;34;34;13;11;28;17;13;7;9;10;3;5;11;5
1608.0;34;34;15;11;28;18;13;6;9;9;3;5;10;5
1614.0;34;35;15;11;28;19;13;7;8;10;4;3;9;4
1620.0;34;36;15;11;29;19;13;7;7;10;4;4;7;4
1626.0;34;35;14;11;29;20;11;9;7;11;3;6;7;3
1632.0;34;36;15;12;30;20;10;8;7;11;3;5;6;3
1638.0;33;36;14;12;30;19;8;8;9;10;5;4;9;3
1644.0;33;36;14;12;31;18;8;8;8;8;5;5;10;4
1650.0;32;37;15;12;31;18;7;9;7;8;4;6;10;4
1656.0;33;37;15;12;31;18;7;8;8;8;3;7;9;4
1662.0;34;37;15;12;30;17;7;7;8;9;3;7;10;4
1668.0;33;37;15;13;29;17;7;6;9;8;5;7;10;4
1674.0;32;38;15;14;28;17;7;6;10;9;4;7;9;4
1680.0;32;39;15;13;28;17;7;7;11;8;4;7;9;3
1686.0;32;38;13;13;28;17;9;7;12;9;4;7;7;4
1692.0;33;36;13;13;28;17;9;7;11;8;9;5;7;4
1698.0;33;36;13;12;27;17;9;9;11;7;10;5;8;3
1704.0;33;36;12;13;27;17;9;8;12;8;10;4;8;3
1710.0;32;36;12;12;26;18;9;7;12;8;10;5;9;4
1716.0;33;34;12;12;26;18;8;6;12;10;10;5;9;5
1722.0;33;32;13;13;27;17;7;6;13;10;10;6;7;6
1728.0;33;35;12;13;28;18;6;7;12;9;9;6;6;6
1734.0;33;35;13;13;29;18;4;7;13;9;8;6;6;6
1740.0;34;36;11;13;28;17;5;8;12;9;6;7;8;6
1746.0;33;36;11;12;28;17;6;8;12;9;6;7;8;7
1752.0;34;36;11;13;28;17;6;8;11;9;6;7;8;6
1758.0;37;34;12;13;26;18;6;8;11;8;6;7;8;6
1764.0;37;34;11;15;26;16;6;8;10;8;6;8;8;7
1770.0;37;34;11;16;25;16;7;8;11;6;8;8;7;6
1776.0;37;34;10;16;25;16;7;8;11;7;8;8;7;6
1782.0;36;34;10;16;25;16;7;8;12;7;8;7;7;7
1788.0;35;33;12;15;25;16;7;7;12;7;10;7;8;6
1794.0;35;34;14;16;24;16;7;6;12;7;12;6;7;4
1800.0;35;35;14;16;24;16;5;6;12;9;11;7;6;4
1806.0;35;35;13;16;24;16;6;5;13;9;10;8;6;4
1812.0;36;34;13;18;24;16;6;5;14;8;10;8;4;4
1818.0;36;34;13;19;20;16;7;6;15;7;10;9;4;4
1824.0;35;35;14;19;19;15;8;6;14;7;10;10;4;4
1830.0;35;36;14;19;20;15;8;6;14;7;8;10;4;4
1836.0;34;36;13;18;21;15;8;7;15;8;8;9;4;4
1842.0;34;36;13;18;20;15;8;7;14;9;8;9;4;5
1848.0;33;37;14;19;20;14;8;6;14;10;7;9;4;5
1854.0;32;38;14;20;20;14;7;6;15;9;8;8;4;5
1860.0;34;37;14;20;20;15;6;5;13;8;8;9;6;5
1866.0;32;38;13;19;20;16;7;6;13;7;9;8;6;6
1872.0;34;37;14;19;19;15;9;6;13;7;9;6;6;6
1878.0;34;37;15;19;18;16;9;5;13;8;10;6;5;5
1884.0;34;37;17;19;18;16;9;6;12;6;9;6;5;6
1890.0;33;38;18;18;19;16;9;6;12;5;9;6;5;6
1896.0;33;38;18;19;19;16;10;6;12;6;7;5;5;6
1902.0;33;37;18;19;20;16;10;5;13;6;7;5;5;6
1908.0;33;37;19;17;19;16;10;5;15;6;7;5;5;6
1914.0;33;37;19;18;19;16;11;5;14;6;7;4;4;7
1920.0;33;38;19;18;19;16;10;5;13;6;8;4;4;7
1926.0;33;38;19;18;19;16;10;5;12;6;8;5;4;7
1932.0;33;37;20;19;18;15;11;5;12;6;8;5;4;7
1938.0;32;37;21;18;18;15;10;5;12;6;8;5;6;7
1944.0;33;37;21;17;18;15;10;6;11;5;8;5;6;8
1950.0;33;36;20;17;19;17;10;6;10;5;8;5;6;8
1956.0;32;35;20;16;21;18;9;6;9;6;9;5;7;7
1962.0;32;35;20;17;23;19;8;6;9;6;8;6;4;7
1968.0;31;34;21;17;24;20;8;5;9;6;8;7;3;7
1974.0;31;34;21;16;25;19;7;5;10;7;8;7;3;7
