#auto generated file!
12.0;142;132;130;142;128;125;122;123;125;128;136;119;116;132
18.0;148;134;134;141;132;138;117;114;123;130;132;117;112;128
24.0;152;135;135;142;133;140;111;112;122;131;127;120;113;127
30.0;156;138;139;140;139;138;108;110;124;125;121;121;113;128
36.0;158;140;145;140;139;142;106;108;121;128;125;107;117;124
42.0;163;143;151;138;141;145;109;112;109;125;120;107;117;120
48.0;165;149;153;137;144;147;103;110;112;125;121;104;119;111
54.0;165;150;156;137;149;146;103;109;109;125;119;106;117;109
60.0;164;154;158;139;145;146;103;112;109;124;116;106;117;107
66.0;165;158;161;138;146;146;102;106;107;118;121;106;118;108
72.0;167;158;163;143;147;147;100;108;105;114;117;104;121;106
78.0;167;156;161;147;149;148;99;111;106;115;111;103;118;109
84.0;170;158;164;147;149;154;99;105;98;116;112;101;116;111
90.0;170;161;167;150;150;154;99;101;93;114;115;107;112;107
96.0;176;161;166;149;150;156;100;101;89;115;114;103;111;109
102.0;179;163;166;149;146;158;101;100;88;118;107;105;111;109
108.0;181;166;167;153;145;158;102;97;86;108;109;107;112;109
114.0;187;170;165;155;144;158;97;96;87;110;109;108;112;102
120.0;188;174;166;156;144;162;94;97;89;109;106;109;107;99
126.0;191;175;169;158;145;163;92;97;86;106;106;111;107;94
132.0;195;181;174;153;146;159;91;94;88;105;104;109;109;92
138.0;195;181;172;152;154;161;89;92;87;101;98;108;109;101
144.0;193;182;172;151;155;163;85;94;88;107;99;107;108;96
150.0;197;182;171;146;157;166;89;95;87;110;96;104;107;93
156.0;195;182;173;146;162;167;90;94;83;108;97;102;108;93
162.0;195;182;173;148;167;172;91;94;81;106;93;97;106;95
168.0;198;186;171;151;168;172;95;94;79;105;87;93;106;95
174.0;202;186;173;154;167;174;96;87;80;102;91;92;105;91
180.0;203;188;172;157;166;174;95;89;81;102;90;88;105;90
186.0;205;189;176;154;163;174;99;89;77;100;87;93;102;92
192.0;209;188;176;157;165;175;100;88;78;92;90;87;106;89
198.0;212;192;174;159;164;170;101;86;79;96;88;84;105;90
204.0;215;190;175;158;164;170;101;84;81;97;86;88;100;91
210.0;215;191;172;162;166;169;102;84;83;96;84;92;98;86
216.0;216;190;174;161;166;170;101;81;89;92;85;94;94;87
222.0;221;186;179;161;166;174;98;77;93;88;84;98;87;88
228.0;225;189;178;162;166;171;97;79;92;88;82;103;86;82
234.0;224;190;179;163;168;174;95;77;87;88;85;103;86;81
240.0;224;193;181;162;171;173;96;76;90;86;83;97;86;82
246.0;228;194;181;162;168;173;93;74;89;91;84;97;86;80
252.0;232;196;183;164;163;178;96;74;84;92;86;91;83;78
258.0;231;199;183;164;166;174;92;74;88;88;87;92;84;78
264.0;237;202;184;163;167;171;91;68;91;89;86;91;83;77
270.0;238;204;179;163;165;172;85;69;94;92;84;96;82;77
276.0;240;201;179;166;164;169;89;73;88;92;83;96;83;77
282.0;237;203;174;175;166;173;88;72;82;85;86;100;81;78
288.0;237;206;172;176;163;170;86;68;87;87;85;100;85;78
294.0;237;204;170;179;164;173;82;63;87;85;83;103;89;81
300.0;235;200;172;181;164;176;80;67;89;83;85;102;85;81
306.0;236;204;172;181;163;176;81;64;89;85;86;98;85;80
312.0;234;202;174;185;164;178;78;65;89;83;88;95;86;79
318.0;233;205;175;187;164;179;77;62;91;84;87;95;85;76
324.0;229;209;175;183;166;181;81;62;93;81;85;96;82;77
330.0;226;214;172;185;166;182;81;65;90;85;85;96;79;74
336.0;222;212;167;190;160;185;84;69;94;86;80;96;80;75
342.0;223;212;168;185;163;184;85;69;93;82;82;98;82;74
348.0;224;211;168;185;169;181;84;66;89;83;85;98;81;76
354.0;223;218;169;183;166;187;83;70;91;76;86;94;75;79
360.0;226;215;170;183;171;192;86;67;85;76;86;92;74;77
366.0;227;217;165;180;173;192;83;70;84;74;86;95;74;80
372.0;227;213;166;180;172;188;80;72;84;79;84;96;79;80
378.0;231;216;169;182;173;187;76;70;83;76;78;96;80;83
384.0;230;218;168;182;176;186;75;70;88;75;78;95;79;80
390.0;224;216;168;184;177;182;75;75;87;80;82;90;78;82
396.0;223;221;165;185;177;178;76;74;88;84;80;88;78;83
402.0;221;222;166;185;176;181;72;74;92;84;82;85;77;83
408.0;224;222;165;186;172;181;70;78;89;84;83;87;78;81
414.0;222;224;166;186;173;187;69;76;83;84;79;87;83;81
420.0;226;228;168;192;175;188;66;72;82;83;76;79;83;82
426.0;230;230;173;190;174;189;66;72;78;81;74;77;82;84
432.0;233;234;175;188;169;190;66;70;73;81;81;75;79;86
438.0;239;238;176;187;168;192;63;65;72;80;76;77;79;88
444.0;242;234;174;188;170;194;64;64;71;80;77;76;77;89
450.0;241;237;175;184;167;196;65;69;72;78;77;75;83;81
456.0;246;239;173;185;164;195;65;68;73;76;76;73;85;82
462.0;242;243;171;189;165;197;64;68;72;75;79;72;83;80
468.0;243;247;169;190;164;197;63;70;73;75;78;69;86;76
474.0;246;250;168;193;165;197;63;69;75;75;75;70;81;73
480.0;245;255;173;190;165;194;64;70;77;73;73;68;81;72
486.0;245;254;172;194;168;189;66;66;76;75;70;68;82;75
492.0;245;252;170;196;168;186;64;68;71;80;72;67;84;77
498.0;246;250;174;193;166;188;64;67;69;84;73;64;87;75
504.0;248;256;176;193;166;192;63;67;69;80;69;62;85;74
510.0;252;257;179;189;167;194;61;66;69;81;66;62;84;73
516.0;255;258;177;190;165;193;59;68;70;84;68;60;81;72
522.0;254;256;175;189;167;198;59;67;65;85;67;64;79;75
528.0;251;259;177;188;166;196;62;70;63;85;68;62;79;74
534.0;251;262;173;188;170;198;60;69;62;81;67;64;81;74
540.0;250;262;175;187;166;200;59;68;67;82;66;61;84;73
546.0;251;266;176;181;167;197;61;69;69;80;66;62;84;71
552.0;254;266;173;182;170;198;58;67;75;81;64;61;79;72
558.0;252;267;174;185;174;199;59;65;77;75;64;64;74;71
564.0;255;265;176;183;175;193;62;70;76;76;57;66;74;72
570.0;253;267;178;189;176;192;62;69;75;75;53;68;75;68
576.0;255;265;179;184;179;192;61;71;74;76;57;68;72;67
582.0;253;263;181;182;180;191;65;72;75;72;61;67;73;65
588.0;255;260;181;180;182;194;63;71;72;76;63;62;74;67
594.0;256;263;181;176;183;190;64;70;70;76;66;65;74;66
600.0;253;264;182;175;184;189;63;68;69;77;67;68;74;67
606.0;252;263;179;176;186;190;66;66;70;82;62;66;74;68
612.0;251;255;183;176;185;191;71;66;67;84;63;63;74;71
618.0;255;255;182;179;184;190;70;68;65;83;61;65;74;69
624.0;256;254;182;178;181;188;72;72;65;80;63;59;75;75
630.0;255;254;181;178;181;187;75;75;62;81;61;61;73;76
636.0;253;256;185;173;183;186;75;77;62;81;59;62;74;74
642.0;248;258;186;171;188;187;74;73;64;79;63;59;74;76
648.0;248;259;183;171;190;183;73;70;68;77;70;61;71;76
654.0;250;260;184;166;185;186;76;70;66;82;69;61;70;75
660.0;251;260;188;169;189;183;76;70;62;83;65;57;75;72
666.0;253;259;187;165;189;186;78;69;64;81;66;59;75;69
672.0;249;259;185;166;190;181;85;64;64;77;65;66;79;70
678.0;248;257;187;163;191;182;85;61;63;76;64;68;82;73
684.0;250;257;184;163;186;185;82;62;66;76;67;71;78;73
690.0;253;256;184;163;186;186;81;64;67;79;61;66;80;74
696.0;252;259;186;163;186;185;78;63;73;77;59;65;77;77
702.0;256;257;183;162;182;184;78;65;77;74;62;70;77;73
708.0;262;256;182;160;183;183;78;66;80;71;61;71;74;73
714.0;264;259;179;157;184;180;76;67;82;68;62;71;74;77
720.0;262;258;174;157;190;182;73;70;83;65;61;71;75;79
726.0;261;259;170;158;187;187;70;73;76;68;65;72;75;79
732.0;259;259;171;159;183;189;69;76;74;70;62;74;77;78
738.0;257;260;174;162;185;187;69;79;71;69;60;71;77;79
744.0;258;262;176;164;185;188;70;76;71;70;56;75;74;75
750.0;258;266;180;168;178;188;71;77;66;68;57;73;77;73
756.0;254;268;184;166;182;183;71;78;68;65;58;74;75;74
762.0;255;268;185;163;179;182;67;76;70;66;61;75;77;76
768.0;254;266;180;164;181;188;64;77;70;68;61;74;78;75
774.0;256;268;179;161;181;185;63;79;70;70;55;80;79;74
780.0;257;263;181;160;180;183;70;78;68;71;58;81;79;71
786.0;258;264;179;160;175;185;70;78;75;69;58;81;80;68
792.0;255;267;182;163;176;186;68;75;74;72;58;82;72;70
798.0;255;269;180;167;175;183;70;75;71;70;57;82;74;72
804.0;256;272;177;164;176;179;74;74;69;74;60;79;78;68
810.0;258;270;175;163;175;179;76;74;67;77;61;80;76;69
816.0;258;266;175;164;174;180;79;74;67;78;58;84;76;67
822.0;261;270;171;165;179;182;77;71;62;76;59;81;79;67
828.0;258;268;167;168;182;182;78;64;70;77;58;87;75;66
834.0;260;268;165;173;180;184;81;66;68;77;55;87;77;59
840.0;264;270;164;175;177;179;83;66;68;78;55;85;77;59
846.0;261;268;164;179;180;177;84;66;66;76;60;84;78;57
852.0;259;269;163;179;184;175;85;66;64;79;60;86;76;55
858.0;263;270;166;180;184;174;84;67;62;81;56;84;75;54
864.0;267;272;170;178;184;171;81;70;61;81;55;84;71;55
870.0;273;270;174;178;177;171;79;73;59;79;57;79;73;58
876.0;274;268;169;180;180;172;76;71;59;74;61;81;73;62
882.0;280;268;166;179;182;174;67;72;62;72;60;81;72;65
888.0;274;272;169;182;182;169;70;72;58;71;62;83;72;64
894.0;272;271;167;187;178;165;70;70;61;70;60;87;76;66
900.0;275;273;167;186;177;162;68;67;63;69;61;83;81;68
906.0;280;275;165;182;181;159;67;68;65;66;62;83;79;68
912.0;278;276;167;182;181;159;68;67;65;68;62;81;82;64
918.0;280;272;168;182;181;161;73;64;66;70;63;77;78;65
924.0;278;270;165;181;177;169;72;60;65;72;63;78;82;68
930.0;280;272;163;183;180;163;77;60;65;70;60;78;79;70
936.0;279;271;162;183;179;161;78;63;67;70;60;78;78;71
942.0;287;266;162;182;179;162;77;62;74;62;58;76;79;74
948.0;284;266;167;184;179;158;75;62;74;68;59;74;76;74
954.0;283;266;161;186;175;157;77;61;73;73;62;77;77;72
960.0;281;265;161;188;174;158;76;64;70;73;62;75;77;76
966.0;281;267;164;189;175;159;76;64;69;74;62;73;76;71
972.0;274;265;161;188;179;158;79;71;68;76;62;74;78;67
978.0;275;264;161;191;177;156;78;71;68;75;61;77;78;68
984.0;279;263;159;188;177;157;77;69;69;79;57;81;76;69
990.0;280;267;156;187;179;151;79;72;66;78;59;81;76;69
996.0;280;268;159;187;183;149;80;71;65;78;58;80;74;68
1002.0;276;271;163;183;181;153;77;68;69;79;62;81;71;66
1008.0;275;273;163;180;186;151;77;70;69;79;60;81;71;65
1014.0;274;274;165;182;187;152;77;71;73;76;59;76;69;65
1020.0;273;275;165;183;186;150;75;68;73;82;59;78;70;63
1026.0;271;271;165;187;181;153;74;70;74;85;60;78;66;65
1032.0;273;276;163;190;177;152;72;70;77;89;59;74;66;62
1038.0;276;277;156;189;179;150;72;72;79;91;61;65;71;62
1044.0;274;281;159;187;181;145;72;70;82;89;61;68;73;58
1050.0;275;282;161;185;178;143;72;70;84;91;60;68;74;57
1056.0;274;284;159;187;176;143;71;69;82;87;60;70;79;59
1062.0;274;285;157;186;176;143;67;72;82;86;61;75;78;58
1068.0;275;285;155;188;172;145;65;71;80;88;63;75;76;62
1074.0;281;284;155;185;170;151;64;72;81;84;64;74;74;61
1080.0;281;284;155;180;171;153;65;73;82;82;68;74;70;62
1086.0;280;284;160;180;174;151;65;72;78;88;68;74;66;60
1092.0;282;286;156;181;174;151;69;71;76;89;66;73;65;61
1098.0;280;286;155;184;175;148;71;75;76;89;65;71;64;61
1104.0;275;286;156;179;178;148;71;75;77;88;66;72;65;64
1110.0;275;289;157;179;180;149;69;74;77;87;66;78;62;58
1116.0;280;289;158;175;177;150;71;75;73;85;68;76;66;57
1122.0;280;292;159;173;178;153;71;77;70;85;65;74;64;59
1128.0;276;296;156;172;182;154;74;74;67;85;67;74;64;59
1134.0;276;295;154;172;177;152;72;77;70;87;69;73;64;62
1140.0;281;294;157;173;178;151;65;78;68;88;67;69;67;64
1146.0;283;297;156;171;178;152;61;81;70;90;61;71;65;64
1152.0;279;299;158;172;177;151;56;81;71;85;65;71;67;68
1158.0;278;296;162;172;175;150;59;76;72;82;68;72;68;70
1164.0;277;295;166;173;173;148;58;75;67;81;73;73;72;69
1170.0;278;294;166;170;174;149;63;72;66;78;75;75;68;72
1176.0;276;296;164;164;174;149;62;70;65;83;75;78;68;76
1182.0;276;299;164;160;171;156;64;71;68;84;70;76;66;75
1188.0;277;298;161;165;173;154;65;73;71;81;69;73;67;73
1194.0;276;299;162;165;175;151;67;72;72;83;74;73;61;70
1200.0;281;299;160;165;174;152;67;74;70;81;74;72;60;71
1206.0;282;298;160;167;174;145;74;76;69;82;72;69;64;68
1212.0;281;297;162;169;171;142;76;77;67;81;74;68;67;68
1218.0;281;299;159;166;173;144;74;82;66;78;73;73;65;67
1224.0;276;298;157;166;179;145;79;83;66;76;72;71;65;67
1230.0;280;300;158;171;175;143;78;75;68;77;77;69;62;67
1236.0;281;297;156;172;178;145;76;75;66;77;77;71;64;65
1242.0;278;298;156;175;177;147;73;76;65;77;76;72;65;65
1248.0;275;298;157;171;177;148;79;77;62;76;79;75;64;62
1254.0;277;299;160;172;178;150;76;74;64;76;81;72;60;61
1260.0;277;300;159;174;182;154;72;72;64;75;82;70;60;59
1266.0;280;301;160;177;184;148;71;71;63;75;81;71;58;60
1272.0;283;297;155;179;187;148;76;70;66;73;81;69;56;60
1278.0;284;296;156;180;192;143;80;70;65;67;78;66;58;65
1284.0;283;296;156;181;196;139;78;71;66;71;78;65;49;71
1290.0;281;297;157;181;197;136;70;73;62;72;78;66;51;79
1296.0;282;297;160;179;195;134;71;72;63;71;78;65;55;78
1302.0;285;301;159;181;198;133;69;70;62;69;76;70;53;74
1308.0;284;302;160;179;200;129;73;72;64;71;74;64;54;74
1314.0;286;298;160;181;203;132;71;71;65;72;73;62;53;73
1320.0;288;296;160;181;202;130;69;73;63;72;78;63;53;72
1326.0;290;297;158;178;209;127;71;72;60;71;76;64;54;73
1332.0;285;297;155;181;210;130;73;71;67;64;75;63;56;73
1338.0;287;294;156;180;209;138;71;69;67;64;70;65;56;74
1344.0;287;293;157;177;210;142;75;69;64;63;65;63;59;76
1350.0;288;294;158;181;209;141;71;64;65;64;65;65;58;77
1356.0;287;293;156;180;210;144;74;61;61;63;64;65;61;81
1362.0;286;291;163;180;209;144;77;55;65;63;65;64;62;76
1368.0;281;289;165;178;213;147;78;53;68;58;70;66;64;70
1374.0;283;290;164;177;210;149;70;53;73;64;70;67;63;67
1380.0;282;292;165;175;208;149;63;53;73;65;73;67;64;71
1386.0;282;291;167;175;212;147;62;55;68;62;76;65;65;73
1392.0;283;288;169;177;211;148;61;55;63;63;78;67;63;74
1398.0;282;283;172;177;207;150;61;58;65;59;81;67;65;73
1404.0;283;281;173;180;210;148;59;58;69;58;77;68;67;69
1410.0;282;277;175;184;208;150;61;58;72;60;72;64;64;73
1416.0;276;276;174;186;202;152;65;62;80;60;70;62;65;70
1422.0;277;274;173;185;202;152;67;61;80;59;66;63;68;73
1428.0;282;275;172;184;200;153;65;62;79;61;67;62;68;70
1434.0;284;276;173;186;201;151;60;58;83;62;69;57;73;67
1440.0;284;280;168;186;202;148;66;57;83;62;67;57;72;68
1446.0;285;280;168;189;201;149;65;55;82;66;64;58;67;71
1452.0;285;282;166;195;198;149;59;54;79;66;67;57;70;73
1458.0;289;281;169;192;196;148;57;55;72;65;70;59;73;74
1464.0;290;281;170;187;191;148;61;57;69;68;71;62;72;73
1470.0;288;283;170;183;192;149;58;62;69;67;70;66;71;72
1476.0;288;281;173;184;196;150;56;60;65;70;68;67;72;70
1482.0;290;283;176;184;194;150;54;65;59;69;68;66;74;68
1488.0;288;285;176;183;191;154;53;65;64;71;66;63;73;68
1494.0;288;288;175;183;192;156;51;65;64;75;65;63;74;61
1500.0;288;287;177;188;188;159;53;66;59;79;63;61;74;58
1506.0;289;288;179;182;187;158;56;66;62;78;66;62;72;55
1512.0;289;291;181;177;186;156;60;68;61;73;69;63;72;54
1518.0;291;290;178;177;188;156;62;67;61;72;67;63;73;55
1524.0;287;291;179;178;188;154;64;67;61;72;70;65;72;52
1530.0;289;290;183;180;186;157;64;64;59;72;68;64;71;53
1536.0;290;285;187;178;186;157;66;63;62;70;70;65;70;51
1542.0;294;283;190;178;189;154;68;66;64;70;66;63;65;50
1548.0;291;282;190;179;186;157;72;69;64;66;65;63;65;51
1554.0;289;282;190;178;185;157;75;69;63;69;65;66;62;50
1560.0;289;280;189;178;185;155;79;70;63;66;65;68;64;49
1566.0;285;284;191;174;182;158;83;66;66;67;65;68;66;45
1572.0;286;286;190;170;183;159;83;63;65;67;66;67;72;43
1578.0;286;288;193;170;186;155;87;62;66;62;64;61;76;44
1584.0;286;287;193;169;184;158;88;61;64;59;67;63;74;47
1590.0;287;287;197;172;179;155;90;62;64;62;64;58;76;47
1596.0;286;287;199;175;180;157;91;58;58;60;65;61;75;48
1602.0;282;285;202;173;182;157;95;56;59;60;63;59;77;50
1608.0;279;287;201;177;184;150;96;54;58;63;62;59;80;50
1614.0;276;292;197;176;181;152;94;54;58;62;60;62;79;57
1620.0;278;291;197;177;182;155;90;53;61;60;59;62;73;62
1626.0;281;290;193;173;182;159;86;56;63;58;57;66;76;60
1632.0;280;292;193;173;182;156;81;59;64;60;63;64;74;59
1638.0;279;295;188;177;185;155;81;60;69;58;61;63;70;59
1644.0;281;292;185;171;183;153;80;63;69;59;62;69;73;60
1650.0;281;292;185;172;182;155;85;64;69;57;58;66;73;61
1656.0;282;289;184;168;179;154;85;67;71;59;61;67;73;61
1662.0;281;288;186;164;182;153;81;66;64;68;64;68;75;60
1668.0;283;290;185;167;182;151;81;69;63;64;60;68;76;61
1674.0;285;293;181;166;180;154;79;68;61;66;56;71;76;64
1680.0;283;293;184;165;182;155;81;68;60;62;54;73;78;62
1686.0;283;292;182;170;179;161;82;70;57;65;52;70;77;60
1692.0;290;294;181;172;179;163;80;69;54;64;52;68;78;56
1698.0;292;296;181;171;179;160;77;71;54;64;55;69;78;53
1704.0;293;297;178;172;182;160;75;68;56;68;54;69;74;54
1710.0;297;301;177;165;177;157;75;67;53;68;60;69;75;59
1716.0;297;298;176;166;178;154;73;70;57;67;64;66;72;62
1722.0;299;300;173;163;181;156;71;74;59;66;64;66;68;60
1728.0;301;301;170;163;186;155;72;72;62;65;63;63;69;58
1734.0;304;299;170;161;186;156;73;72;57;68;62;62;72;58
1740.0;303;298;167;166;183;155;75;71;56;72;65;61;71;57
1746.0;304;302;164;165;184;154;71;73;57;72;67;59;69;59
1752.0;301;305;167;165;181;156;69;68;59;73;65;60;68;63
1758.0;300;303;167;170;185;157;68;68;57;73;65;61;65;61
1764.0;300;300;169;172;182;151;66;67;58;75;65;64;66;65
1770.0;297;299;168;172;185;151;68;65;61;76;68;63;65;62
1776.0;297;297;170;171;189;149;65;67;64;78;66;64;63;60
1782.0;296;296;174;166;186;149;65;70;68;78;67;66;60;59
1788.0;295;298;172;167;185;150;64;70;68;79;68;66;60;58
1794.0;295;298;174;167;182;151;70;69;69;76;66;66;61;56
1800.0;296;300;170;165;182;150;66;71;66;80;63;71;63;57
1806.0;290;300;172;166;181;155;69;69;69;79;58;66;67;59
1812.0;291;300;172;168;184;153;68;70;67;84;63;62;63;55
1818.0;289;300;173;172;187;156;64;70;65;80;64;60;63;57
1824.0;291;303;170;171;187;156;63;70;66;79;63;61;64;56
1830.0;292;302;166;170;188;156;68;71;64;76;63;58;67;59
1836.0;298;302;165;167;190;154;68;69;60;77;59;60;70;61
1842.0;301;303;167;163;191;156;69;65;62;75;59;57;71;61
1848.0;299;302;166;166;191;156;70;67;66;71;57;58;68;63
1854.0;298;291;164;167;191;159;74;62;66;74;57;64;70;63
1860.0;295;287;162;163;192;160;75;65;70;70;61;61;72;67
1866.0;294;284;164;167;191;160;76;67;69;68;62;63;69;66
1872.0;298;285;159;167;186;162;72;67;73;64;64;64;70;69
1878.0;297;285;161;167;192;158;75;69;69;64;61;63;70;69
1884.0;300;287;161;168;191;156;75;63;73;65;62;63;71;65
1890.0;296;284;159;166;191;158;76;61;76;67;60;66;75;65
1896.0;294;284;153;168;191;158;76;62;76;66;66;65;72;69
1902.0;291;276;157;169;191;160;77;61;75;70;70;63;72;68
1908.0;294;278;154;167;188;159;74;59;77;71;72;63;74;70
1914.0;294;278;154;168;187;161;71;58;77;68;72;65;76;71
1920.0;287;278;153;170;183;161;69;58;80;69;74;65;77;76
1926.0;289;279;153;166;184;160;71;60;81;67;74;68;75;73
1932.0;293;280;149;166;180;161;69;61;79;67;77;68;75;75
1938.0;294;278;152;163;178;160;67;65;82;69;73;73;71;75
1944.0;296;275;151;162;178;158;65;64;82;65;76;73;73;82
1950.0;297;278;149;159;177;158;69;65;82;63;78;71;71;83
1956.0;295;279;149;160;177;159;68;64;83;60;88;70;68;80
1962.0;295;278;150;161;175;160;68;64;84;63;88;71;69;74
1968.0;294;274;145;163;173;157;68;65;86;68;92;74;70;71
1974.0;296;271;146;159;172;157;64;69;85;72;89;74;74;72
