#auto generated file!
12.0;74;66;63;78;58;77;67;78;55;95;77;68;72;72
18.0;75;66;66;79;60;78;68;76;52;91;80;69;69;71
24.0;75;67;68;76;62;78;69;78;52;92;78;69;63;73
30.0;77;66;70;76;64;83;69;78;53;90;74;67;63;70
36.0;82;68;72;78;66;87;62;76;49;86;67;68;65;74
42.0;82;71;73;81;67;86;58;74;50;82;64;67;69;76
48.0;86;71;76;83;67;85;57;71;50;82;66;65;71;70
54.0;89;71;74;82;71;86;56;71;51;81;65;65;70;68
60.0;90;75;75;85;73;86;57;72;53;75;62;65;69;63
66.0;91;75;78;88;75;87;57;71;54;77;62;61;65;59
72.0;96;77;80;90;75;90;53;65;55;75;60;60;65;59
78.0;98;78;81;89;77;88;56;66;53;76;59;58;63;58
84.0;99;83;81;92;78;89;52;64;53;79;55;55;63;57
90.0;98;82;81;92;81;89;55;62;55;75;54;56;65;55
96.0;99;83;83;93;80;93;53;63;51;76;55;54;63;54
102.0;101;84;85;92;80;96;51;63;54;76;50;54;64;50
108.0;100;84;84;94;81;94;53;60;53;77;50;49;69;52
114.0;99;87;82;96;82;94;55;60;54;75;49;49;66;52
120.0;104;88;82;98;82;95;51;58;53;74;48;49;66;52
126.0;106;93;80;97;81;95;50;56;50;75;50;50;65;52
132.0;107;97;79;98;79;93;48;59;46;75;51;47;65;56
138.0;113;102;78;100;81;91;49;54;46;73;46;46;64;57
144.0;113;103;78;103;80;90;50;57;46;73;44;45;64;54
150.0;113;107;79;102;81;91;50;59;46;74;43;42;62;51
156.0;116;109;79;106;83;89;49;61;45;71;45;40;60;47
162.0;116;108;87;106;86;82;53;62;46;69;43;40;55;47
168.0;117;107;86;106;86;83;53;58;47;68;43;43;55;48
174.0;121;108;88;106;84;83;50;56;47;66;45;40;56;50
180.0;121;109;87;107;84;85;51;54;52;62;47;40;54;47
186.0;123;106;88;105;86;85;51;56;53;59;45;41;55;47
192.0;127;104;89;105;87;87;46;57;53;56;45;43;54;47
198.0;128;104;89;104;88;85;46;57;57;58;45;44;51;44
204.0;130;105;90;101;91;86;48;55;54;57;42;42;51;48
210.0;130;106;90;100;94;84;46;56;53;61;40;40;51;49
216.0;130;105;88;101;96;83;46;58;55;58;40;40;52;48
222.0;134;108;93;98;96;81;45;56;57;58;40;39;52;43
228.0;134;107;95;98;97;80;46;57;54;58;41;44;48;41
234.0;132;107;96;96;97;81;46;57;52;58;42;44;51;41
240.0;132;108;95;99;95;82;48;54;51;57;42;46;49;42
246.0;134;105;95;101;95;83;48;55;51;55;43;45;46;44
252.0;136;104;94;102;96;84;49;55;46;52;43;47;48;44
258.0;135;105;97;102;98;82;45;54;49;50;46;47;46;44
264.0;140;103;96;107;98;85;43;51;48;53;45;45;45;41
270.0;138;103;98;107;98;84;44;49;48;52;44;46;45;44
276.0;137;104;98;105;99;86;44;50;50;51;42;46;42;46
282.0;137;107;98;105;97;85;45;49;55;50;41;46;41;44
288.0;138;109;95;105;96;86;45;50;53;51;41;49;41;41
294.0;139;108;96;102;99;87;44;50;54;50;40;46;45;40
300.0;137;109;98;99;97;90;45;52;55;48;39;44;45;42
306.0;140;107;98;98;96;91;39;50;57;46;42;47;47;42
312.0;141;111;96;98;97;87;38;53;57;43;40;49;48;42
318.0;142;114;96;99;96;89;40;51;55;43;42;48;44;41
324.0;143;118;101;101;95;90;40;49;57;39;41;46;43;37
330.0;145;121;102;100;95;87;40;47;59;41;41;46;40;36
336.0;145;121;101;102;95;88;43;47;58;42;40;44;41;33
342.0;152;122;99;101;92;88;43;45;58;43;41;43;40;33
348.0;158;124;96;99;96;87;40;45;55;42;42;44;39;33
354.0;158;124;97;101;97;91;38;42;56;40;41;45;40;30
360.0;162;126;100;101;94;89;37;40;55;38;42;43;41;32
366.0;162;128;100;102;96;89;34;37;54;37;44;44;41;32
372.0;161;131;100;101;100;86;34;35;54;38;45;44;40;31
378.0;163;131;99;104;101;86;34;40;48;37;44;42;39;32
384.0;165;133;98;104;98;88;34;35;48;39;48;42;38;30
390.0;167;139;100;102;98;88;35;35;45;38;41;41;39;32
396.0;170;136;100;100;98;90;33;33;44;39;40;42;41;34
402.0;169;136;99;103;97;90;32;32;46;38;42;42;40;34
408.0;169;136;100;103;94;89;30;33;51;39;43;44;37;32
414.0;168;141;101;103;93;88;29;34;50;38;43;44;36;32
420.0;166;140;102;100;95;87;28;36;54;37;43;42;37;33
426.0;165;141;103;100;96;88;27;34;56;34;44;42;35;35
432.0;167;138;105;101;95;89;30;33;52;38;41;41;34;36
438.0;167;134;106;101;95;90;32;34;51;36;43;40;32;39
444.0;166;134;108;103;96;88;30;32;56;37;38;41;33;38
450.0;166;136;106;101;100;88;30;34;54;36;40;40;35;34
456.0;167;136;103;100;98;88;32;34;56;35;40;41;35;35
462.0;167;136;99;103;96;86;34;32;58;37;40;40;33;39
468.0;166;135;97;106;98;85;32;32;61;37;41;41;32;37
474.0;163;136;96;111;96;85;33;33;59;40;41;41;32;34
480.0;164;136;95;110;95;87;32;33;61;39;38;43;34;33
486.0;164;135;95;111;95;90;32;32;58;37;38;44;34;35
492.0;165;136;93;111;92;89;36;32;59;37;37;42;28;43
498.0;168;136;91;114;93;87;36;33;52;39;35;42;28;46
504.0;167;134;91;114;94;88;39;30;53;38;34;44;30;44
510.0;165;137;89;115;95;92;38;31;49;38;34;43;30;44
516.0;162;141;89;112;95;93;38;32;49;37;34;41;33;44
522.0;161;143;89;112;96;92;36;31;51;39;34;42;31;43
528.0;163;143;86;112;96;91;36;31;49;43;32;42;32;44
534.0;161;147;87;110;101;91;33;29;52;43;31;41;32;42
540.0;162;149;85;109;101;96;33;32;52;41;27;37;34;42
546.0;161;147;87;106;99;99;34;33;52;43;28;36;34;41
552.0;162;149;86;107;99;97;32;35;51;40;31;35;36;40
558.0;163;151;87;105;98;96;32;35;50;43;30;38;34;38
564.0;160;150;88;107;100;97;35;37;48;41;29;36;34;38
570.0;163;148;88;106;101;95;40;38;45;43;28;35;35;35
576.0;164;146;89;104;103;90;42;40;41;44;28;37;37;35
582.0;162;147;89;106;105;91;40;40;37;43;27;39;36;38
588.0;163;149;87;106;106;89;41;42;38;40;28;39;35;37
594.0;164;153;85;105;106;91;42;39;39;37;28;35;37;39
600.0;164;152;88;106;105;90;43;39;38;37;27;37;36;38
606.0;163;149;88;108;105;90;43;38;39;37;29;35;36;40
612.0;161;149;91;109;105;91;41;37;40;36;29;36;37;38
618.0;161;147;89;106;102;91;42;37;40;37;29;39;41;39
624.0;162;145;91;108;103;90;45;38;39;37;28;37;41;36
630.0;163;144;92;106;100;88;44;37;40;37;30;38;43;38
636.0;160;143;93;108;98;88;45;37;40;36;33;37;42;40
642.0;159;144;96;109;99;86;48;34;38;32;34;37;44;40
648.0;160;144;98;109;97;86;47;36;36;33;37;37;42;38
654.0;160;146;96;110;94;85;44;37;34;35;37;44;41;37
660.0;162;148;98;108;99;85;45;35;30;33;38;42;40;37
666.0;159;149;100;106;101;84;44;35;33;32;40;42;37;38
672.0;158;150;98;104;98;85;42;37;35;35;41;39;37;41
678.0;158;151;94;100;98;87;43;36;34;35;45;38;37;44
684.0;158;155;93;100;96;86;45;35;36;34;46;37;35;44
690.0;157;158;92;101;92;87;46;32;32;35;48;36;36;48
696.0;158;154;92;100;93;88;49;32;37;35;46;36;35;45
702.0;159;155;88;102;92;90;49;34;38;34;44;39;33;43
708.0;160;152;89;99;93;90;49;34;41;34;44;38;36;41
714.0;159;152;87;98;89;93;46;36;46;36;47;39;33;39
720.0;159;155;85;98;94;88;49;40;44;33;48;36;33;38
726.0;160;156;87;97;95;88;47;39;46;31;47;37;33;37
732.0;157;161;90;97;96;87;48;37;45;35;45;37;31;34
738.0;156;159;90;96;93;88;52;35;43;34;46;40;30;38
744.0;157;159;92;91;94;91;53;35;43;34;45;41;29;36
750.0;157;159;92;86;94;90;51;33;46;35;44;44;32;37
756.0;157;159;90;85;94;94;48;36;47;31;44;46;34;35
762.0;157;157;92;86;98;96;51;33;45;32;41;42;36;34
768.0;159;159;88;85;100;97;48;32;45;32;42;43;33;37
774.0;162;157;83;85;102;97;45;33;47;33;43;40;35;38
780.0;163;154;83;85;101;99;40;31;50;34;43;43;38;36
786.0;158;150;83;87;102;101;44;33;50;34;44;43;37;34
792.0;159;148;83;88;100;99;43;35;48;35;44;44;36;38
798.0;164;150;84;87;94;97;42;35;51;38;42;42;36;38
804.0;162;146;89;90;95;97;42;33;50;35;44;41;37;39
810.0;161;147;86;92;96;97;36;32;50;39;44;42;36;42
816.0;161;144;84;97;94;97;37;35;51;38;45;42;35;40
822.0;161;147;85;97;93;100;35;35;50;38;43;42;35;39
828.0;161;146;86;98;94;98;36;36;49;36;44;39;37;40
834.0;161;147;87;100;94;96;39;38;49;38;42;35;35;39
840.0;160;150;92;99;94;93;40;36;49;39;40;34;36;38
846.0;160;149;94;96;94;91;41;35;49;40;38;35;37;41
852.0;154;146;97;96;97;91;41;35;48;40;41;33;38;43
858.0;155;147;98;97;97;89;40;35;48;40;41;33;41;39
864.0;155;149;95;96;98;91;37;36;49;40;38;33;41;42
870.0;153;149;98;97;97;92;39;40;45;39;38;32;38;43
876.0;149;145;99;97;96;93;39;44;42;41;39;32;41;43
882.0;151;145;100;97;94;89;40;44;44;40;39;32;41;44
888.0;150;146;94;95;96;87;46;44;46;38;39;33;43;43
894.0;152;142;95;98;95;89;47;47;47;35;39;31;42;41
900.0;152;141;96;98;98;89;46;48;44;35;40;30;41;42
906.0;151;142;97;98;99;91;45;49;43;33;43;32;41;36
912.0;149;143;99;99;104;92;44;44;41;32;46;32;39;36
918.0;147;142;100;102;101;92;40;46;42;32;48;35;38;35
924.0;146;140;100;104;100;93;40;46;40;33;49;35;38;36
930.0;147;137;101;105;99;94;39;48;41;34;47;37;38;33
936.0;147;139;102;105;96;93;39;48;43;35;48;36;37;32
942.0;146;142;101;103;96;94;38;49;40;34;48;39;37;33
948.0;147;143;102;105;97;94;37;49;39;35;47;37;37;31
954.0;149;143;103;103;94;92;40;49;40;35;47;38;35;32
960.0;148;139;104;100;94;92;42;47;44;35;48;38;35;34
966.0;147;141;100;98;92;92;42;46;46;36;44;41;37;38
972.0;145;141;98;99;93;93;42;43;45;39;44;41;39;38
978.0;145;141;97;97;93;91;43;44;44;41;44;42;39;39
984.0;142;140;96;98;91;90;46;44;49;40;43;40;42;39
990.0;138;141;93;97;92;91;46;45;49;41;40;43;42;42
996.0;137;140;95;97;92;92;48;44;49;40;41;40;42;43
1002.0;142;142;95;98;93;92;47;41;43;40;42;40;42;43
1008.0;140;146;93;98;95;95;50;40;39;39;43;38;41;43
1014.0;139;146;91;103;94;96;47;38;37;41;43;36;45;44
1020.0;142;148;88;105;94;98;47;39;34;42;44;35;41;43
1026.0;142;148;88;107;93;95;46;37;38;41;43;36;43;43
1032.0;141;151;86;109;91;91;44;37;38;41;43;39;48;41
1038.0;142;151;90;107;95;94;44;40;37;40;42;35;42;41
1044.0;143;152;92;105;98;93;44;40;32;41;41;35;43;41
1050.0;143;154;94;104;98;91;45;42;32;42;39;37;40;39
1056.0;143;152;94;100;96;92;45;42;36;44;41;36;39;40
1062.0;141;152;93;101;93;92;47;41;37;43;41;35;43;41
1068.0;140;153;94;101;94;92;44;44;36;44;41;32;44;41
1074.0;138;151;92;102;95;92;47;43;35;44;42;32;44;43
1080.0;139;149;94;104;95;94;47;45;32;45;42;34;43;37
1086.0;138;148;95;106;98;93;49;42;33;45;38;35;41;39
1092.0;136;149;94;106;102;94;45;45;34;49;37;36;35;38
1098.0;139;150;94;109;100;91;44;46;32;48;38;36;36;37
1104.0;142;148;94;110;101;87;46;43;32;49;39;34;38;37
1110.0;143;149;94;110;101;89;48;43;31;48;40;31;36;37
1116.0;143;150;93;110;100;88;49;41;32;48;39;32;37;38
1122.0;144;150;94;111;103;89;49;38;32;48;34;33;37;38
1128.0;141;155;95;111;102;84;52;37;33;49;35;30;39;37
1134.0;140;155;97;113;103;83;49;41;33;50;33;30;35;38
1140.0;142;153;97;115;101;80;52;39;33;52;35;31;34;36
1146.0;145;155;95;115;103;79;51;37;35;53;35;31;32;34
1152.0;145;154;95;111;103;83;49;40;34;53;34;31;32;36
1158.0;145;154;96;109;103;84;48;38;37;55;33;31;29;38
1164.0;148;152;95;110;103;84;47;38;33;52;37;32;28;41
1170.0;147;154;97;109;102;87;46;38;31;51;36;36;26;40
1176.0;150;156;97;108;102;85;46;36;31;50;34;39;26;40
1182.0;148;153;97;109;101;89;47;37;32;49;35;36;29;38
1188.0;146;154;96;109;102;90;46;37;32;50;33;36;32;37
1194.0;147;152;97;110;101;89;47;38;34;50;29;37;33;36
1200.0;149;151;99;109;98;89;45;38;33;50;29;36;38;36
1206.0;148;150;101;108;97;86;46;37;33;52;33;36;37;36
1212.0;147;153;100;108;97;86;44;38;33;49;34;39;38;34
1218.0;147;156;94;109;95;90;48;37;34;46;32;37;38;37
1224.0;148;156;91;107;94;91;45;37;35;47;32;38;40;39
1230.0;147;155;91;108;96;92;41;36;35;50;32;38;40;39
1236.0;147;153;92;106;93;94;45;35;35;47;33;38;41;41
1242.0;149;154;94;105;93;97;45;34;34;45;31;36;39;44
1248.0;147;151;94;107;94;102;42;36;35;45;27;38;39;43
1254.0;146;152;94;108;94;102;46;35;36;42;27;37;37;44
1260.0;146;154;95;106;92;101;46;33;38;44;28;37;36;44
1266.0;146;154;92;108;92;102;49;33;35;46;29;35;39;40
1272.0;145;152;94;104;99;101;49;34;36;43;31;33;39;40
1278.0;140;152;93;103;99;103;45;34;36;45;32;35;43;40
1284.0;139;154;93;101;97;102;46;36;35;45;34;34;45;39
1290.0;141;156;92;102;95;103;46;34;33;46;36;32;43;41
1296.0;147;156;92;104;92;102;42;32;32;42;38;34;44;43
1302.0;144;156;92;103;94;103;44;35;30;43;39;33;43;41
1308.0;143;155;92;103;94;103;41;35;31;45;42;33;44;39
1314.0;145;157;94;103;95;102;41;32;31;44;43;33;44;36
1320.0;144;157;91;107;94;100;41;33;33;46;42;34;42;36
1326.0;141;161;90;109;92;99;40;34;33;45;45;31;44;36
1332.0;143;158;90;106;91;99;39;36;36;41;44;31;45;41
1338.0;141;157;93;104;90;98;38;38;39;39;46;31;46;40
1344.0;144;160;92;102;90;99;40;31;36;40;47;33;44;42
1350.0;146;160;92;103;92;96;39;31;34;40;44;37;43;43
1356.0;146;161;92;104;93;97;38;33;35;39;43;34;44;41
1362.0;145;162;89;106;91;97;36;35;36;40;40;36;45;42
1368.0;146;158;88;109;93;98;37;36;37;36;38;34;45;45
1374.0;146;158;87;108;94;100;34;37;35;35;38;37;44;47
1380.0;145;160;92;104;95;101;33;37;35;33;37;38;43;47
1386.0;145;160;91;103;98;98;32;40;34;33;39;38;42;47
1392.0;145;162;92;102;99;100;31;35;33;33;37;41;44;46
1398.0;147;165;91;103;104;99;30;35;31;32;35;41;44;43
1404.0;146;166;85;102;104;99;33;32;32;33;37;41;44;46
1410.0;145;161;85;103;105;99;30;33;35;31;39;42;48;44
1416.0;141;163;84;102;105;100;31;33;35;32;38;42;45;49
1422.0;139;163;86;104;107;99;30;31;35;33;40;39;43;51
1428.0;138;164;89;103;105;101;33;31;33;31;40;38;44;50
1434.0;139;160;87;103;109;105;33;30;31;31;38;39;45;50
1440.0;140;160;87;101;107;105;33;33;31;32;34;42;44;51
1446.0;143;161;82;103;108;103;33;34;29;33;34;44;44;49
1452.0;146;163;83;102;106;99;33;38;27;34;34;44;44;47
1458.0;146;163;82;102;107;98;34;38;27;36;34;43;43;47
1464.0;146;169;83;99;107;97;33;37;27;36;31;44;43;48
1470.0;146;168;83;99;107;97;30;37;27;40;32;45;41;48
1476.0;150;165;82;100;106;96;30;38;30;40;33;46;41;43
1482.0;149;161;81;103;105;98;29;38;30;43;32;45;43;43
1488.0;143;160;83;100;107;100;29;38;32;42;34;45;42;45
1494.0;144;156;83;98;107;101;27;39;30;41;33;51;45;45
1500.0;142;161;84;96;103;97;25;39;32;39;37;54;44;47
1506.0;143;158;84;96;104;95;26;42;35;39;37;52;44;45
1512.0;143;157;86;95;104;94;27;40;35;43;36;52;45;43
1518.0;147;160;84;95;107;95;27;37;38;41;33;51;42;43
1524.0;145;160;85;97;107;97;26;40;38;39;37;49;39;41
1530.0;148;160;84;100;107;98;26;39;40;35;36;48;37;42
1536.0;148;161;84;101;109;96;26;38;41;35;34;48;38;41
1542.0;149;161;86;100;108;95;26;39;41;35;33;49;36;42
1548.0;153;160;88;98;106;93;29;40;44;36;30;47;36;40
1554.0;153;162;86;98;105;91;29;41;44;38;29;47;38;39
1560.0;151;164;85;99;101;91;29;45;42;40;29;48;37;39
1566.0;152;163;85;98;100;96;27;44;43;42;27;47;39;37
1572.0;154;161;83;101;100;96;28;46;42;40;30;40;40;39
1578.0;155;160;86;103;102;96;27;42;40;41;29;40;41;38
1584.0;158;159;87;100;102;94;28;42;38;43;31;41;40;37
1590.0;160;161;89;98;99;94;31;42;37;39;31;42;40;37
1596.0;157;161;92;99;101;93;34;41;36;35;31;42;39;39
1602.0;159;160;92;98;100;92;33;39;37;36;31;44;39;40
1608.0;160;162;91;95;102;90;35;37;34;39;33;45;36;41
1614.0;159;164;95;92;101;91;33;37;36;39;30;46;36;41
1620.0;159;165;94;91;99;92;38;36;34;37;29;47;39;40
1626.0;159;170;92;92;100;92;39;33;32;38;30;47;36;40
1632.0;160;171;91;93;101;94;39;35;31;38;32;45;34;36
1638.0;155;171;94;95;101;97;36;32;29;41;33;44;34;38
1644.0;154;170;96;102;103;96;38;27;30;40;29;46;32;37
1650.0;156;176;99;101;98;94;38;29;33;36;29;44;31;36
1656.0;154;177;98;104;96;93;39;31;32;40;30;41;32;33
1662.0;154;176;99;105;99;92;40;30;33;40;32;39;30;31
1668.0;156;177;102;104;95;91;40;31;34;40;32;38;30;30
1674.0;159;177;101;102;94;90;41;34;33;40;32;38;29;30
1680.0;158;176;103;100;97;92;42;35;31;40;31;38;30;27
1686.0;154;178;104;101;93;94;46;35;29;39;32;39;31;25
1692.0;153;178;103;101;86;93;48;33;30;42;32;42;32;27
1698.0;152;174;105;100;86;93;51;30;33;38;31;45;34;28
1704.0;151;173;106;103;87;92;51;29;32;38;31;46;33;28
1710.0;151;171;105;101;90;92;50;28;36;36;33;47;31;29
1716.0;151;170;103;103;91;94;50;26;35;35;34;47;31;30
1722.0;150;168;103;103;86;94;52;26;33;38;37;47;31;32
1728.0;151;166;102;105;88;93;50;27;34;37;35;48;30;34
1734.0;149;166;100;104;91;96;49;25;36;36;36;44;34;34
1740.0;148;165;101;104;89;97;51;24;35;36;35;44;34;37
1746.0;147;167;101;104;89;100;47;25;34;37;35;43;34;37
1752.0;148;168;101;104;92;99;49;25;34;37;37;39;30;37
1758.0;145;166;104;103;96;100;45;29;34;38;36;40;27;37
1764.0;143;167;105;106;96;101;48;28;31;33;36;43;28;35
1770.0;142;165;106;106;98;99;45;31;30;34;36;43;28;37
1776.0;144;163;107;103;97;99;43;33;28;34;38;44;29;38
1782.0;144;163;106;103;98;101;40;30;29;36;39;43;28;40
1788.0;143;161;106;99;97;102;45;33;27;38;39;41;29;40
1794.0;145;163;104;97;99;103;47;34;26;37;37;43;28;37
1800.0;146;163;104;98;99;102;49;35;24;37;38;43;28;34
1806.0;147;162;104;98;98;100;48;35;28;40;36;42;28;34
1812.0;149;160;106;98;98;96;45;35;30;40;38;44;29;32
1818.0;147;159;105;96;96;102;47;36;31;40;37;42;29;33
1824.0;149;159;103;93;95;102;47;38;34;41;36;41;31;31
1830.0;151;157;103;93;94;103;45;39;36;40;36;42;30;31
1836.0;154;159;103;95;95;96;44;38;36;41;35;41;29;34
1842.0;155;159;101;98;94;95;43;39;40;38;36;43;27;32
1848.0;157;159;101;99;92;98;41;41;39;38;35;41;26;33
1854.0;156;159;99;96;91;99;44;42;37;37;33;42;34;31
1860.0;158;159;100;100;89;101;43;40;37;40;37;36;31;29
1866.0;155;160;101;99;89;101;44;38;38;39;38;36;31;31
1872.0;157;158;99;101;90;105;42;34;38;39;38;35;32;32
1878.0;158;157;98;102;92;103;42;35;37;39;38;36;31;32
1884.0;155;157;97;102;90;101;44;38;39;37;35;38;33;34
1890.0;155;159;96;103;93;101;45;39;37;35;28;41;31;37
1896.0;156;160;95;103;93;100;44;40;40;35;29;39;30;36
1902.0;157;159;94;102;95;102;42;38;39;36;28;40;31;37
1908.0;156;160;95;101;96;102;45;35;37;36;28;40;31;38
1914.0;160;158;96;102;96;103;43;35;40;36;29;40;29;33
1920.0;160;156;98;98;94;104;43;35;40;38;30;41;30;33
1926.0;155;158;103;97;92;105;44;32;37;39;31;42;31;34
1932.0;156;159;102;99;91;106;39;33;39;42;31;39;31;33
1938.0;160;156;100;98;92;102;39;36;40;40;31;41;34;31
1944.0;158;156;99;95;91;105;40;38;41;35;31;41;38;32
1950.0;159;157;97;95;93;106;39;38;41;37;33;40;35;30
1956.0;159;155;98;94;93;106;40;37;41;39;31;39;35;33
1962.0;160;155;99;92;93;105;40;38;40;40;33;36;35;34
1968.0;161;158;100;91;94;105;39;35;44;38;33;37;32;33
1974.0;164;158;102;91;97;106;38;36;40;37;32;34;30;35
