#auto generated file!
12.0;94;100;93;88;100;97;62;75;105;79;80;75;82;70
18.0;97;100;97;89;104;98;63;76;103;76;70;71;84;72
24.0;99;103;97;94;105;97;60;71;106;75;70;67;80;76
30.0;102;106;98;94;108;98;58;69;97;78;71;69;78;74
36.0;103;108;101;96;112;93;60;67;93;79;67;67;80;74
42.0;105;108;102;99;111;90;59;72;91;80;65;66;80;72
48.0;107;111;99;101;112;93;60;71;91;77;65;65;79;69
54.0;109;112;102;102;109;97;63;65;89;73;65;69;79;66
60.0;108;112;104;103;108;99;61;66;84;74;64;69;80;68
66.0;108;115;107;103;111;101;54;67;80;75;65;70;80;64
72.0;111;117;107;106;111;103;52;68;78;76;65;65;78;63
78.0;113;119;105;104;111;106;51;67;79;72;66;66;76;65
84.0;113;118;106;107;111;110;54;63;80;63;66;68;75;66
90.0;112;120;103;107;115;110;57;63;79;60;65;69;74;66
96.0;113;121;105;107;114;109;57;61;80;59;60;68;78;68
102.0;112;121;106;109;117;111;57;61;78;61;59;64;78;66
108.0;115;123;106;111;118;112;56;61;74;60;60;62;75;67
114.0;118;125;105;110;117;111;56;60;75;62;64;60;72;65
120.0;121;126;105;112;119;108;56;57;73;64;62;59;69;69
126.0;121;125;102;113;124;111;59;59;69;67;58;57;66;69
132.0;119;128;103;112;123;110;59;59;69;65;60;58;67;68
138.0;124;132;103;110;127;108;59;55;71;65;58;58;63;67
144.0;124;130;104;112;129;107;56;56;72;66;57;61;60;66
150.0;122;131;105;113;127;107;59;55;69;66;60;60;62;64
156.0;124;132;105;109;127;107;60;56;67;67;61;59;62;64
162.0;123;133;106;110;127;108;58;58;67;68;61;56;64;61
168.0;121;134;108;112;128;109;58;59;66;66;61;56;62;60
174.0;124;132;111;112;132;109;56;61;64;65;58;58;58;60
180.0;125;135;111;111;130;108;56;64;66;61;55;60;57;61
186.0;126;135;112;109;130;112;55;64;64;60;52;61;58;62
192.0;127;130;108;110;133;115;56;63;66;58;52;60;60;62
198.0;133;133;111;109;130;112;54;64;66;57;52;62;55;62
204.0;134;133;111;108;128;111;54;66;66;54;50;61;62;62
210.0;137;132;114;107;128;111;51;66;67;55;51;60;62;59
216.0;139;131;116;105;129;110;51;60;64;57;52;66;63;57
222.0;140;132;117;104;131;108;50;60;67;57;51;68;58;57
228.0;142;136;118;103;131;108;50;60;68;57;52;66;55;54
234.0;146;136;115;105;134;105;45;57;73;59;54;63;54;54
240.0;145;138;115;101;133;103;46;56;76;57;56;66;53;55
246.0;144;140;117;96;133;110;43;53;76;53;55;62;59;59
252.0;150;148;121;94;131;106;45;52;76;50;53;60;57;57
258.0;150;145;123;92;133;104;47;54;78;49;53;59;53;60
264.0;154;146;122;96;135;103;47;57;70;49;54;60;48;59
270.0;156;145;120;95;137;103;47;58;70;47;54;62;47;59
276.0;154;145;119;97;138;102;48;60;71;44;54;61;47;60
282.0;152;141;119;96;140;100;48;63;67;45;55;64;48;62
288.0;154;143;119;96;142;98;48;59;67;45;52;64;53;60
294.0;155;143;121;96;141;100;46;56;70;45;50;61;55;61
300.0;155;145;122;96;144;100;45;54;68;46;55;61;51;58
306.0;158;144;119;96;145;101;45;54;70;43;54;60;52;59
312.0;159;143;119;98;143;100;46;53;70;42;56;57;56;58
318.0;161;146;119;103;139;101;46;53;68;41;54;56;56;57
324.0;160;144;119;110;139;101;43;52;71;40;59;53;53;56
330.0;159;142;121;110;135;105;42;54;70;40;62;55;51;54
336.0;161;144;117;106;134;106;39;58;68;42;60;55;52;58
342.0;161;144;116;106;132;108;40;60;65;44;58;51;51;64
348.0;162;144;115;105;131;111;40;57;66;46;54;51;53;65
354.0;166;145;112;102;131;114;41;57;66;47;52;52;53;62
360.0;166;146;114;103;131;118;43;52;70;48;50;50;50;59
366.0;165;146;116;99;130;125;42;51;67;50;51;49;52;57
372.0;166;149;115;95;129;127;44;50;66;51;49;49;51;59
378.0;168;149;116;98;128;126;44;50;65;52;48;48;48;60
384.0;170;148;120;97;126;128;42;54;65;51;43;52;46;58
390.0;172;151;122;95;124;129;44;53;62;51;45;49;47;56
396.0;170;155;123;94;121;130;44;52;60;55;43;50;50;53
402.0;172;154;125;95;121;133;42;51;60;56;45;48;47;51
408.0;170;158;124;97;120;131;43;50;59;54;48;47;48;51
414.0;170;161;125;98;117;132;41;54;56;55;45;48;49;49
420.0;169;164;123;99;114;132;41;51;59;55;46;50;47;50
426.0;170;164;121;101;116;133;39;52;57;52;47;49;48;51
432.0;173;166;121;99;117;129;43;49;56;47;52;51;47;50
438.0;172;165;120;99;118;131;41;51;53;53;51;49;47;50
444.0;175;167;120;98;117;133;41;50;56;48;50;49;48;48
450.0;180;169;118;91;120;136;40;48;53;45;53;53;47;47
456.0;176;166;121;92;120;138;43;47;49;49;53;52;46;48
462.0;174;167;121;93;123;136;41;47;50;46;52;53;49;48
468.0;173;169;124;94;122;135;43;50;48;48;50;49;46;49
474.0;175;170;124;90;121;135;47;55;48;41;48;47;45;54
480.0;174;170;122;88;122;134;46;56;48;43;47;49;48;53
486.0;174;172;124;89;125;135;43;53;44;45;46;45;49;56
492.0;175;172;123;85;127;133;45;56;49;43;48;43;49;52
498.0;177;172;122;82;122;135;48;59;48;49;45;41;47;53
504.0;174;176;124;80;123;135;48;60;48;46;43;41;48;54
510.0;173;176;123;78;124;140;48;54;48;46;43;41;52;54
516.0;174;175;124;78;122;140;51;53;46;47;44;43;51;52
522.0;172;173;122;80;123;136;52;56;49;46;44;42;52;53
528.0;172;175;122;80;122;133;54;58;48;46;46;42;52;50
534.0;176;172;124;76;122;128;54;56;49;49;50;39;55;50
540.0;178;167;125;76;123;127;52;57;45;51;50;40;57;52
546.0;180;165;122;79;125;124;52;56;43;53;50;39;59;53
552.0;181;170;120;81;118;123;51;54;44;50;52;42;58;56
558.0;179;169;120;81;120;124;52;53;48;48;52;42;57;55
564.0;176;169;123;80;119;127;54;51;45;47;52;44;57;56
570.0;172;171;125;83;119;129;56;49;44;45;49;45;54;59
576.0;173;175;121;84;118;130;55;50;41;46;48;46;54;59
582.0;172;177;120;84;116;130;57;47;43;44;52;45;52;61
588.0;176;174;119;84;116;131;60;46;42;43;54;46;49;60
594.0;180;175;120;83;118;129;59;47;41;42;54;50;44;58
600.0;179;176;122;81;123;130;55;48;41;46;55;48;40;56
606.0;178;177;123;84;122;128;55;46;44;46;55;44;41;57
612.0;179;174;122;82;121;127;56;47;41;47;56;47;42;59
618.0;179;176;121;84;119;129;55;48;40;47;55;48;40;59
624.0;174;179;125;85;115;128;58;44;41;47;56;46;41;61
630.0;175;182;126;85;116;130;55;45;42;45;56;43;43;57
636.0;174;180;126;85;117;123;59;42;44;49;57;44;45;55
642.0;173;179;125;87;116;120;62;44;46;46;57;46;46;53
648.0;176;181;129;88;115;115;60;42;47;44;57;48;43;55
654.0;175;181;130;87;114;114;57;42;51;44;54;46;46;59
660.0;176;183;126;90;114;113;56;44;51;44;54;44;46;59
666.0;180;184;127;89;112;114;55;45;50;41;54;45;46;58
672.0;181;183;128;91;113;113;55;42;50;42;57;45;44;56
678.0;179;185;124;90;116;115;56;43;48;43;57;48;43;53
684.0;179;183;122;92;117;113;58;45;50;43;57;47;42;52
690.0;176;182;124;90;117;112;60;47;51;43;57;48;43;50
696.0;176;179;125;90;119;109;59;48;49;44;57;51;45;49
702.0;178;178;126;89;119;111;59;45;48;43;59;49;46;50
708.0;177;176;126;88;117;112;60;48;52;42;54;48;46;54
714.0;176;173;127;92;115;112;56;50;55;43;52;49;46;54
720.0;178;171;127;96;110;112;56;49;54;42;53;52;48;52
726.0;177;172;126;97;111;109;54;49;59;43;53;51;44;55
732.0;176;173;126;95;112;110;57;45;54;44;55;55;47;51
738.0;176;177;124;97;112;114;58;43;56;42;54;51;48;48
744.0;176;179;125;95;110;110;60;44;55;40;56;53;48;49
750.0;176;180;129;94;110;109;58;43;54;40;57;52;48;50
756.0;176;181;128;96;109;108;57;44;52;41;56;55;52;45
762.0;176;182;132;96;108;108;57;45;50;41;54;53;53;45
768.0;178;180;133;99;107;106;55;46;47;42;60;51;53;43
774.0;178;181;130;101;107;106;55;45;50;42;58;52;49;46
780.0;176;184;131;102;110;103;57;49;51;42;54;49;47;45
786.0;177;180;128;102;110;104;55;51;49;42;57;53;50;42
792.0;179;178;130;100;109;103;57;51;51;43;57;53;49;40
798.0;179;175;131;100;108;107;60;48;49;45;57;50;49;42
804.0;179;177;134;100;109;106;57;51;49;42;51;52;49;44
810.0;179;175;137;100;111;105;56;49;49;41;52;51;49;46
816.0;182;177;139;103;109;103;57;49;47;43;52;48;47;44
822.0;181;179;138;99;112;101;61;53;45;42;50;47;48;44
828.0;180;180;139;99;111;100;60;52;48;42;48;51;46;44
834.0;181;181;140;99;113;99;60;51;47;44;48;49;45;43
840.0;178;182;135;102;112;101;65;48;47;47;47;46;48;42
846.0;178;182;134;100;115;102;66;45;51;43;46;47;49;42
852.0;181;183;131;99;117;101;66;45;52;42;45;47;48;43
858.0;178;184;131;99;117;99;65;43;51;48;46;48;50;41
864.0;179;186;130;98;117;96;66;44;52;46;46;46;52;42
870.0;181;185;128;98;115;98;64;48;51;43;47;48;53;41
876.0;178;183;128;98;114;99;63;48;54;45;45;48;56;41
882.0;180;181;127;101;115;97;60;46;55;46;48;47;57;40
888.0;180;186;130;103;112;97;55;46;54;47;47;45;58;40
894.0;184;186;131;103;110;97;52;43;55;47;49;45;60;38
900.0;179;183;132;105;114;100;47;40;56;49;49;47;58;41
906.0;180;185;131;102;113;100;45;38;57;52;48;48;57;44
912.0;183;184;129;100;117;104;45;40;55;52;48;46;55;42
918.0;185;181;129;104;117;103;44;40;56;48;48;46;54;45
924.0;187;175;132;107;115;101;45;44;54;48;49;44;52;47
930.0;183;177;130;107;114;104;45;48;53;47;51;42;53;46
936.0;181;176;128;109;115;104;45;47;53;48;52;43;52;47
942.0;179;175;127;110;116;109;48;45;53;47;51;42;51;47
948.0;184;176;125;112;114;110;49;46;51;47;52;40;48;46
954.0;183;174;127;111;117;109;48;44;50;48;52;41;51;45
960.0;184;176;126;113;117;110;50;42;48;49;50;41;50;44
966.0;184;174;127;111;121;110;48;42;49;51;51;41;50;41
972.0;187;172;126;111;123;108;47;42;51;52;50;41;48;42
978.0;187;173;123;110;123;107;48;43;53;51;49;44;47;42
984.0;188;171;124;108;121;107;49;45;54;50;51;44;49;39
990.0;186;172;125;110;120;108;48;45;53;50;47;43;50;43
996.0;183;175;126;109;118;108;50;45;51;50;46;44;51;44
1002.0;182;174;127;109;121;106;49;45;52;50;45;43;53;44
1008.0;183;174;125;111;117;110;49;45;50;51;42;45;54;44
1014.0;185;173;124;110;117;111;51;49;49;45;42;49;52;43
1020.0;185;174;127;106;119;111;48;46;49;46;47;48;49;45
1026.0;188;176;124;106;117;111;47;46;50;47;46;51;44;47
1032.0;187;175;125;103;115;109;46;43;54;46;47;54;46;50
1038.0;185;175;125;104;118;109;48;43;55;46;47;54;45;46
1044.0;187;175;127;102;113;110;49;43;51;50;50;53;45;45
1050.0;188;172;126;100;117;110;48;44;53;52;50;54;42;44
1056.0;186;175;125;97;118;108;46;46;52;53;47;57;47;43
1062.0;188;177;120;94;118;111;47;47;50;56;45;56;46;45
1068.0;189;182;117;93;117;109;48;47;54;55;41;58;43;47
1074.0;189;184;120;94;120;111;48;44;50;54;37;59;45;45
1080.0;192;185;123;95;118;110;46;41;52;52;37;61;44;44
1086.0;194;184;123;95;118;108;49;43;49;51;36;60;45;45
1092.0;194;183;123;93;119;111;48;41;51;50;36;60;45;46
1098.0;196;182;120;95;123;111;49;43;48;49;33;58;46;47
1104.0;193;181;124;94;121;114;49;43;50;46;35;59;46;45
1110.0;194;181;125;92;121;119;49;41;47;45;35;62;46;43
1116.0;194;182;122;94;123;122;45;41;47;46;36;59;45;44
1122.0;197;183;124;93;122;120;50;36;43;44;40;56;48;44
1128.0;197;183;123;90;122;120;52;37;46;43;40;52;50;45
1134.0;197;181;122;93;121;118;50;43;45;44;42;49;50;45
1140.0;198;178;123;96;119;119;46;43;48;46;38;51;45;50
1146.0;197;179;121;92;119;121;45;44;44;46;39;52;49;52
1152.0;197;178;123;90;120;123;44;47;45;45;39;50;49;50
1158.0;197;178;125;90;119;121;43;50;43;43;41;52;48;50
1164.0;195;182;125;91;117;121;40;49;45;45;43;51;45;51
1170.0;197;184;123;96;122;116;41;47;40;45;39;53;47;50
1176.0;195;186;125;96;119;115;41;47;41;46;42;53;46;48
1182.0;195;190;127;99;117;116;40;49;39;47;40;50;42;49
1188.0;195;189;126;99;118;116;38;47;38;53;41;50;40;50
1194.0;194;190;122;99;120;114;39;47;41;55;42;50;38;49
1200.0;195;191;124;97;119;114;40;47;41;55;42;50;39;46
1206.0;195;190;124;95;120;115;40;50;42;55;40;47;40;47
1212.0;196;190;126;94;116;116;39;50;43;54;41;46;42;47
1218.0;194;189;126;92;120;116;40;50;45;50;43;45;43;47
1224.0;195;188;128;93;121;116;38;49;44;50;42;48;43;45
1230.0;191;189;130;97;119;118;38;47;45;52;38;49;43;44
1236.0;193;191;128;94;118;118;39;45;46;55;39;50;43;41
1242.0;192;189;125;97;119;122;37;47;44;54;37;50;43;44
1248.0;192;189;125;98;118;117;39;47;47;52;38;50;45;43
1254.0;187;188;123;101;117;116;39;51;46;50;36;55;44;47
1260.0;190;191;125;102;116;120;36;51;46;46;35;51;43;48
1266.0;191;194;124;103;116;122;36;51;44;46;37;48;42;46
1272.0;191;195;125;102;117;122;36;48;46;47;39;46;39;47
1278.0;190;198;125;102;115;122;37;47;47;42;40;46;42;47
1284.0;189;194;129;103;115;122;37;51;47;40;39;45;41;48
1290.0;191;191;126;103;115;123;35;55;45;43;39;44;40;50
1296.0;188;191;125;103;114;123;33;52;46;43;41;45;44;52
1302.0;187;192;128;101;113;122;33;48;52;42;41;43;48;50
1308.0;186;195;125;104;113;120;39;45;53;40;39;45;51;45
1314.0;184;194;128;102;111;119;43;44;53;39;37;45;53;48
1320.0;184;192;130;100;110;124;41;46;53;36;41;46;52;45
1326.0;183;191;131;101;108;125;37;46;51;41;40;46;54;46
1332.0;185;195;130;101;107;123;36;46;51;42;42;44;49;49
1338.0;185;196;129;100;108;125;36;46;51;42;40;42;50;50
1344.0;185;199;128;100;106;124;37;48;50;42;40;45;47;49
1350.0;184;203;128;101;109;122;38;46;48;44;41;43;47;46
1356.0;186;199;128;102;109;121;39;48;47;47;41;41;47;45
1362.0;185;198;128;99;113;119;44;46;46;48;41;42;47;44
1368.0;183;197;129;100;115;120;44;46;44;47;41;44;47;43
1374.0;187;196;125;100;116;123;47;46;46;45;37;46;45;41
1380.0;187;200;126;103;115;122;48;45;46;43;36;45;43;41
1386.0;187;200;124;106;115;121;46;46;49;42;36;43;44;41
1392.0;187;202;127;107;114;122;45;45;47;40;38;44;44;38
1398.0;184;204;125;108;113;121;45;47;44;40;40;44;44;41
1404.0;184;203;121;109;114;120;46;46;46;42;44;41;43;41
1410.0;182;203;121;108;119;120;46;50;47;43;40;41;42;38
1416.0;181;203;120;106;122;118;47;51;44;44;41;43;41;39
1422.0;183;202;122;107;120;118;48;48;49;44;39;42;37;41
1428.0;183;202;119;107;120;119;47;51;48;46;38;44;38;38
1434.0;184;202;117;111;121;120;47;51;48;45;37;47;36;34
1440.0;184;199;114;109;118;120;49;53;48;42;34;49;42;39
1446.0;181;202;115;111;120;118;50;50;47;43;34;48;43;38
1452.0;179;201;115;113;123;119;49;48;46;46;35;44;45;37
1458.0;179;203;115;113;125;120;50;48;45;43;35;44;44;36
1464.0;180;206;116;112;126;120;49;44;41;49;36;42;43;36
1470.0;179;208;115;114;126;118;48;44;39;49;36;43;46;35
1476.0;177;210;117;114;124;119;50;44;37;53;37;43;44;31
1482.0;181;206;117;118;124;117;47;41;38;56;41;40;45;29
1488.0;180;208;115;116;125;120;46;42;38;54;42;40;44;30
1494.0;179;209;116;118;125;116;50;44;42;49;42;39;43;28
1500.0;177;209;117;118;123;118;52;42;44;48;42;36;48;26
1506.0;175;209;114;118;124;118;50;42;39;51;44;41;48;27
1512.0;176;210;111;119;123;121;44;43;36;49;46;44;47;31
1518.0;175;209;111;122;123;120;42;43;39;48;46;40;46;36
1524.0;174;205;113;123;122;122;42;39;37;47;47;43;49;37
1530.0;175;201;112;121;123;123;43;39;39;49;51;40;50;34
1536.0;178;196;109;119;127;125;44;36;41;50;53;37;52;33
1542.0;178;195;109;121;122;126;46;36;46;48;53;37;49;34
1548.0;176;196;106;122;120;127;48;36;42;50;55;36;48;38
1554.0;173;195;103;125;123;127;50;37;45;46;56;36;44;40
1560.0;171;195;102;126;122;126;50;40;46;46;55;35;46;40
1566.0;172;192;106;125;121;126;50;39;45;43;56;35;50;40
1572.0;172;191;107;123;120;128;47;39;43;46;56;38;47;43
1578.0;171;192;105;121;120;130;45;38;43;47;58;38;50;42
1584.0;172;199;105;121;119;130;45;36;44;49;57;36;47;40
1590.0;179;194;103;119;116;129;47;36;44;48;63;36;47;39
1596.0;179;191;102;115;115;127;48;36;45;51;62;38;53;38
1602.0;179;189;102;119;113;124;43;39;46;54;60;41;53;38
1608.0;181;187;103;117;112;122;41;39;46;58;58;41;53;42
1614.0;184;189;101;113;111;127;43;41;44;52;56;43;55;41
1620.0;182;188;100;112;110;127;44;40;45;51;59;43;53;46
1626.0;182;186;98;112;113;126;46;43;42;49;62;43;51;47
1632.0;181;185;96;111;115;126;50;45;43;48;60;43;53;44
1638.0;182;185;96;110;119;126;47;41;42;49;61;45;51;46
1644.0;182;190;96;111;119;128;49;41;42;44;61;43;49;45
1650.0;183;190;94;111;117;126;52;42;46;45;57;42;50;45
1656.0;186;189;91;111;116;126;52;42;43;46;60;44;47;47
1662.0;188;192;92;111;116;123;51;42;46;43;56;45;45;50
1668.0;189;191;96;109;116;122;50;39;47;41;55;44;46;55
1674.0;189;188;95;111;116;121;49;40;48;42;55;45;46;55
1680.0;190;186;93;113;114;118;47;38;49;44;55;45;52;56
1686.0;188;190;93;113;114;117;51;37;50;49;52;43;49;54
1692.0;186;189;95;112;112;118;55;36;52;45;53;46;47;54
1698.0;187;189;95;115;112;121;55;36;52;43;53;45;46;51
1704.0;185;188;94;114;111;121;55;37;51;46;55;48;43;52
1710.0;187;190;92;114;113;119;58;37;49;46;57;48;41;49
1716.0;184;191;91;116;113;123;56;37;49;46;57;49;41;47
1722.0;185;191;92;115;113;124;53;37;46;44;57;53;42;48
1728.0;188;191;92;114;112;123;50;40;47;45;56;51;45;46
1734.0;189;190;90;110;111;126;50;38;47;42;57;53;47;50
1740.0;189;192;88;111;112;125;47;39;47;45;59;50;46;50
1746.0;187;192;88;107;113;122;51;38;50;47;53;51;48;53
1752.0;186;188;89;109;114;122;53;37;48;47;51;50;51;55
1758.0;187;191;86;111;113;124;53;37;49;47;48;49;52;53
1764.0;188;192;82;109;116;125;53;38;49;46;50;48;51;53
1770.0;186;194;84;106;112;127;53;39;52;49;50;46;51;51
1776.0;186;196;84;104;111;128;56;42;49;46;45;49;49;55
1782.0;183;192;88;103;111;124;56;42;53;46;46;52;47;57
1788.0;185;191;89;105;112;120;56;46;47;45;47;53;46;58
1794.0;182;191;88;103;115;117;57;48;48;42;46;50;52;61
1800.0;184;192;89;104;114;113;58;49;48;47;46;50;51;55
1806.0;185;194;89;106;117;115;55;45;47;48;47;50;51;51
1812.0;186;192;91;107;117;115;53;46;46;46;46;51;52;52
1818.0;187;193;90;108;115;117;52;45;44;47;46;54;49;53
1824.0;184;195;96;105;117;115;55;44;46;46;46;51;47;53
1830.0;185;194;100;101;120;122;53;40;46;50;44;46;48;51
1836.0;183;195;102;102;122;121;47;41;46;50;43;45;50;53
1842.0;183;199;103;105;122;121;47;40;46;44;43;42;51;54
1848.0;187;198;100;109;123;122;48;39;42;44;43;40;51;54
1854.0;188;197;98;111;124;119;49;39;44;42;41;40;51;57
1860.0;186;197;97;113;126;117;51;42;44;41;41;38;49;58
1866.0;183;193;99;112;128;117;50;42;47;43;42;36;47;61
1872.0;182;191;101;110;130;117;51;40;46;43;45;34;49;61
1878.0;181;191;102;112;126;119;48;40;50;46;47;35;49;54
1884.0;178;192;101;113;127;120;47;44;50;44;47;34;53;50
1890.0;178;193;101;112;126;120;45;43;51;45;48;36;51;51
1896.0;179;192;102;113;124;119;47;43;49;46;45;37;51;53
1902.0;179;194;99;114;126;119;50;44;45;47;45;36;50;52
1908.0;182;194;99;115;124;114;49;47;50;49;45;37;47;48
1914.0;182;193;101;112;125;115;48;47;49;50;43;37;50;48
1920.0;181;191;103;110;125;116;50;46;53;49;44;37;48;47
1926.0;182;194;105;110;125;116;48;46;53;43;43;39;48;48
1932.0;182;192;109;109;126;118;48;43;54;42;43;39;48;47
1938.0;180;190;108;111;123;119;47;43;59;43;46;39;44;48
1944.0;181;190;107;110;124;123;45;43;60;41;44;42;46;44
1950.0;181;188;107;109;124;123;45;41;58;42;46;46;46;44
1956.0;181;186;109;109;126;121;45;38;60;43;46;47;43;46
1962.0;182;184;109;112;126;123;46;38;59;43;46;45;42;45
1968.0;185;182;110;108;125;123;48;41;59;46;45;43;41;44
1974.0;187;179;111;108;126;122;47;40;57;46;45;47;42;43
