#auto generated file!
12.0;110;114;122;97;121;123;117;126;99;121;104;134;114;98
18.0;112;118;123;98;128;125;115;125;102;114;102;133;113;92
24.0;114;119;123;100;127;131;111;124;100;113;98;133;116;91
30.0;118;124;123;100;132;130;107;123;102;109;97;132;115;88
36.0;126;127;121;106;138;131;108;121;97;98;96;127;113;91
42.0;127;134;123;106;143;130;108;118;96;92;96;126;111;90
48.0;132;137;127;106;143;128;107;113;95;94;92;127;109;90
54.0;141;137;130;106;146;126;108;111;93;90;93;121;104;94
60.0;139;136;133;110;145;125;107;111;96;87;92;121;106;92
66.0;139;140;132;109;146;127;109;109;91;85;90;123;104;96
72.0;141;137;136;113;146;127;110;110;88;84;93;122;100;93
78.0;147;139;137;114;145;129;107;109;85;86;92;127;95;88
84.0;150;142;141;115;146;128;107;107;88;83;91;129;87;86
90.0;156;143;143;119;146;129;105;101;86;86;91;128;83;84
96.0;161;142;142;121;145;130;100;101;89;83;92;126;83;85
102.0;164;141;145;126;141;131;97;102;91;83;90;124;78;87
108.0;165;146;142;129;143;133;96;101;90;84;90;118;76;87
114.0;166;149;144;130;145;134;97;96;82;87;92;115;74;89
120.0;168;150;144;133;149;133;96;93;82;85;93;110;76;88
126.0;172;151;145;132;150;136;95;91;81;86;91;109;76;85
132.0;174;153;146;134;152;137;94;88;80;85;94;105;73;85
138.0;176;157;152;134;146;144;89;84;84;84;88;104;72;86
144.0;178;158;154;132;144;144;90;86;84;87;86;100;71;86
150.0;183;153;153;133;143;146;87;86;81;94;86;99;70;86
156.0;186;156;155;134;148;149;79;86;83;96;83;93;68;84
162.0;188;157;155;134;149;147;80;82;85;93;84;92;69;85
168.0;191;157;153;134;149;148;80;78;85;89;82;93;69;92
174.0;191;159;151;133;148;148;83;79;85;89;81;96;70;87
180.0;191;160;151;132;147;149;79;85;88;85;76;92;73;92
186.0;195;168;152;132;147;149;80;83;85;82;70;91;73;93
192.0;197;171;154;135;144;144;79;83;85;83;69;94;68;94
198.0;197;174;152;140;138;145;76;81;88;81;70;93;69;96
204.0;203;176;152;141;142;144;75;77;87;82;71;88;70;92
210.0;209;175;154;139;141;153;77;73;86;81;70;88;70;84
216.0;212;177;157;140;138;154;75;71;79;83;69;88;73;84
222.0;214;182;161;141;137;150;76;66;76;84;69;85;75;84
228.0;215;183;159;138;139;153;70;67;78;90;70;81;76;81
234.0;218;184;160;139;141;151;71;66;76;91;70;80;76;77
240.0;221;190;158;139;144;151;68;69;72;89;68;81;77;73
246.0;221;191;157;144;143;146;70;70;74;90;65;79;78;72
252.0;225;196;160;145;145;145;70;66;70;88;65;77;78;70
258.0;225;196;161;146;149;146;68;67;71;87;61;79;76;68
264.0;227;195;165;149;146;143;66;62;71;85;65;79;78;69
270.0;228;191;164;148;144;145;67;61;74;86;71;75;79;67
276.0;227;194;168;145;155;143;66;60;75;83;69;73;77;65
282.0;223;194;169;151;155;142;67;61;69;78;73;79;76;63
288.0;225;194;172;151;157;143;66;62;63;76;71;84;75;61
294.0;225;196;167;157;152;142;66;62;65;75;72;84;75;62
300.0;224;200;166;157;153;143;64;64;63;74;70;85;73;64
306.0;224;199;164;161;153;147;67;63;66;73;68;84;72;59
312.0;224;203;161;163;156;148;67;59;65;75;66;82;69;62
318.0;222;204;161;164;157;149;65;61;68;73;66;80;68;62
324.0;223;211;164;164;155;146;62;61;65;72;64;80;68;65
330.0;223;207;164;161;153;151;59;65;65;75;66;83;66;62
336.0;222;207;163;162;154;147;60;61;66;76;66;82;68;66
342.0;221;210;161;160;155;149;60;60;68;77;68;77;65;69
348.0;225;212;160;161;151;151;55;58;73;78;69;74;66;67
354.0;227;216;158;158;152;155;52;59;72;78;67;76;66;64
360.0;225;217;158;160;154;154;50;59;71;77;69;74;68;64
366.0;225;214;156;160;154;152;48;60;74;79;68;73;67;70
372.0;224;221;157;159;152;150;50;61;73;77;68;73;68;67
378.0;226;221;154;162;154;147;50;65;71;75;63;72;70;70
384.0;227;222;150;165;156;145;52;63;71;75;67;69;69;69
390.0;228;227;152;162;153;143;50;66;72;78;65;67;67;70
396.0;227;225;157;160;150;143;52;65;71;78;64;64;69;75
402.0;230;226;158;158;154;143;50;64;75;72;64;62;72;72
408.0;236;228;155;159;148;144;52;64;76;75;62;61;72;68
414.0;237;228;156;155;145;143;54;65;75;80;59;60;74;69
420.0;239;230;160;159;145;144;55;66;74;75;58;60;68;67
426.0;236;228;161;158;147;142;57;66;70;75;65;58;70;67
432.0;236;230;158;164;149;141;49;71;67;76;66;56;71;66
438.0;236;228;156;164;155;144;50;74;67;77;66;53;63;67
444.0;239;228;158;163;152;147;48;75;66;80;63;55;60;66
450.0;244;227;158;161;154;146;42;75;69;80;64;54;61;65
456.0;247;227;159;159;152;147;43;78;65;79;63;53;63;65
462.0;252;229;156;158;149;148;40;80;66;80;60;53;62;67
468.0;255;232;158;157;151;149;41;75;68;72;61;55;62;64
474.0;251;230;159;156;151;148;45;76;63;75;60;56;67;63
480.0;252;231;158;159;150;146;47;73;67;77;56;57;66;61
486.0;254;231;153;158;154;148;47;68;66;81;57;57;65;61
492.0;253;234;159;158;151;152;46;65;71;78;59;55;61;58
498.0;254;236;157;153;148;152;45;65;72;82;60;52;62;62
504.0;254;239;158;155;146;153;45;67;69;82;61;50;61;60
510.0;250;239;159;153;145;156;49;66;69;80;64;51;59;60
516.0;246;233;162;146;147;158;51;67;71;78;66;58;59;58
522.0;249;232;161;144;143;158;54;66;71;80;66;61;58;57
528.0;249;234;159;141;142;156;54;67;70;82;63;60;65;58
534.0;249;234;161;140;142;154;53;68;68;84;60;62;65;60
540.0;250;235;161;143;144;153;53;67;67;83;59;59;61;65
546.0;252;241;157;137;145;152;53;63;70;80;63;63;61;63
552.0;254;242;155;138;145;150;56;61;69;82;61;64;58;65
558.0;252;244;152;141;147;150;51;61;68;81;65;66;59;63
564.0;255;242;153;137;151;148;51;63;68;79;61;67;57;68
570.0;254;241;146;138;152;151;51;66;69;80;62;64;58;68
576.0;255;242;146;138;152;155;49;68;67;75;61;63;58;71
582.0;253;244;144;139;153;155;51;67;67;75;61;65;56;70
588.0;251;244;145;138;154;157;52;65;66;75;60;65;60;68
594.0;256;244;143;137;152;154;52;63;70;75;58;65;59;72
600.0;255;243;142;138;154;154;53;66;72;76;58;63;57;69
606.0;254;238;148;136;158;152;51;65;71;80;58;65;56;68
612.0;251;238;151;135;160;151;48;67;71;76;61;65;59;67
618.0;255;239;153;135;158;151;51;68;68;73;60;65;56;68
624.0;259;237;153;132;156;152;51;70;70;72;61;64;53;70
630.0;254;234;155;136;157;149;50;71;72;72;61;66;51;72
636.0;257;234;155;132;157;147;50;73;71;69;64;69;51;71
642.0;262;232;160;133;157;148;53;70;65;72;61;67;52;68
648.0;260;231;158;136;159;147;47;68;67;74;62;66;55;70
654.0;261;231;158;136;157;149;52;72;63;73;61;66;54;67
660.0;261;233;160;133;156;153;50;70;66;72;64;60;56;66
666.0;259;231;158;132;152;155;50;72;66;76;67;61;56;65
672.0;264;230;157;128;151;153;52;76;65;79;67;58;58;62
678.0;259;230;154;132;153;154;52;73;70;78;66;58;61;60
684.0;258;230;155;130;155;154;52;73;65;79;69;61;58;61
690.0;257;230;155;132;150;156;55;78;62;79;69;62;57;58
696.0;259;230;158;132;145;157;57;75;57;79;73;62;58;58
702.0;256;228;160;133;141;156;56;71;57;79;74;65;63;61
708.0;258;223;160;136;140;157;57;72;57;80;67;65;64;64
714.0;260;223;162;135;142;155;58;75;56;72;69;62;65;66
720.0;258;221;159;134;142;154;59;72;56;73;73;61;70;68
726.0;263;222;161;135;142;158;56;71;56;74;68;58;73;63
732.0;262;223;159;134;136;155;63;72;58;73;68;61;74;62
738.0;261;227;162;134;134;155;61;70;58;70;68;64;74;62
744.0;262;224;165;140;134;149;63;63;60;66;72;65;72;65
750.0;257;223;166;145;137;149;63;62;58;67;70;67;74;62
756.0;262;224;164;147;137;151;63;63;57;66;69;66;73;58
762.0;262;221;164;146;135;149;65;62;58;66;73;65;77;57
768.0;267;219;163;147;135;149;65;61;56;64;80;62;76;56
774.0;266;220;169;145;139;145;66;63;55;66;76;63;73;54
780.0;267;218;170;148;139;144;67;64;52;66;76;59;75;55
786.0;263;221;170;151;138;144;66;63;48;66;81;56;74;59
792.0;261;223;163;152;139;150;63;67;48;62;82;60;72;58
798.0;260;221;165;152;142;154;66;69;45;60;79;58;69;60
804.0;260;223;166;152;143;157;63;64;49;64;77;52;69;61
810.0;259;224;166;151;146;158;65;60;46;64;78;53;70;60
816.0;258;221;166;149;148;157;64;56;47;68;81;56;72;57
822.0;259;225;167;147;145;153;64;55;49;68;80;54;74;60
828.0;259;227;169;149;145;149;66;56;50;67;80;52;74;57
834.0;260;229;170;149;147;150;67;57;49;65;76;53;69;59
840.0;260;225;167;151;148;154;66;58;53;65;73;55;67;58
846.0;262;224;167;152;151;152;62;62;52;66;77;55;61;57
852.0;265;220;164;152;154;150;66;60;51;66;76;56;59;61
858.0;262;223;166;156;153;150;64;58;50;66;76;58;57;61
864.0;264;224;166;154;156;151;62;58;50;63;79;56;57;60
870.0;268;219;168;151;156;151;63;62;50;64;78;56;55;59
876.0;269;221;164;152;156;153;59;62;48;68;76;54;58;60
882.0;271;221;164;151;151;149;61;61;52;70;79;52;61;57
888.0;269;217;167;152;151;151;62;59;53;69;77;54;59;60
894.0;270;214;165;153;155;152;57;61;54;71;73;56;59;60
900.0;273;213;163;151;158;148;55;67;55;70;73;54;60;60
906.0;274;213;162;152;158;147;60;71;53;71;71;55;57;56
912.0;275;218;164;153;161;142;56;70;53;73;69;55;56;55
918.0;270;216;157;153;164;143;59;74;58;74;70;56;55;51
924.0;267;217;160;156;163;148;55;74;60;71;70;57;55;47
930.0;268;213;157;156;163;148;54;72;61;69;75;58;59;47
936.0;266;211;155;156;162;147;57;75;65;71;72;58;58;47
942.0;269;208;152;157;161;145;59;76;63;68;74;59;57;52
948.0;272;212;151;156;157;142;63;74;62;69;72;60;56;54
954.0;270;214;153;155;154;143;64;72;65;66;70;58;59;57
960.0;270;217;153;158;150;141;63;67;65;66;73;58;58;61
966.0;274;213;155;157;148;144;67;68;65;66;70;56;55;62
972.0;276;210;153;158;148;145;62;70;65;65;70;58;59;61
978.0;276;211;153;156;148;143;63;71;65;64;69;59;63;59
984.0;278;209;154;154;151;145;64;67;62;64;69;59;62;62
990.0;279;209;157;150;156;145;65;63;62;64;71;56;61;62
996.0;276;203;158;152;150;145;66;66;62;61;70;66;62;63
1002.0;273;204;156;153;148;147;66;69;63;63;70;59;64;65
1008.0;274;206;157;150;149;147;63;69;61;62;70;62;63;67
1014.0;272;206;161;150;151;146;59;69;63;61;70;62;63;67
1020.0;269;208;162;153;156;145;60;66;60;62;67;64;61;67
1026.0;264;211;165;154;153;147;58;65;63;59;71;63;60;67
1032.0;261;209;170;159;154;144;60;68;62;58;71;58;58;68
1038.0;263;208;174;158;152;143;60;67;62;55;71;56;63;68
1044.0;261;211;175;160;149;145;58;67;64;55;72;56;63;64
1050.0;262;212;174;160;146;149;56;67;67;52;69;57;64;65
1056.0;258;214;176;159;148;150;54;66;70;55;63;58;63;66
1062.0;262;216;173;157;150;147;60;66;67;56;63;59;60;64
1068.0;264;215;176;155;147;145;61;65;62;55;65;62;61;67
1074.0;262;215;173;156;152;150;67;66;62;54;58;57;64;64
1080.0;261;219;168;156;152;155;69;59;65;52;57;59;66;62
1086.0;261;221;165;155;152;156;71;56;65;56;58;58;64;62
1092.0;260;220;165;154;155;156;74;57;63;54;56;61;66;59
1098.0;259;220;164;153;155;158;73;57;64;58;57;57;68;57
1104.0;258;221;166;150;149;159;71;58;64;58;61;61;68;56
1110.0;259;220;167;152;145;158;67;61;62;59;56;67;66;61
1116.0;259;221;166;148;147;160;68;57;63;63;55;68;63;62
1122.0;256;222;165;148;155;155;67;55;67;59;58;69;61;63
1128.0;254;222;171;146;157;153;67;60;63;59;59;66;59;64
1134.0;255;222;173;143;159;152;63;58;65;61;59;66;63;61
1140.0;255;221;172;141;162;151;64;57;70;64;62;66;56;59
1146.0;254;225;169;135;161;155;58;66;71;66;61;62;56;61
1152.0;252;225;168;136;160;158;55;67;70;63;65;60;56;65
1158.0;252;228;164;138;160;160;57;67;70;61;64;62;52;65
1164.0;253;227;165;136;160;159;56;63;76;62;64;62;52;65
1170.0;251;224;164;136;161;163;60;61;75;66;64;63;50;62
1176.0;252;228;166;135;157;164;60;58;73;64;64;65;48;66
1182.0;253;231;166;137;157;162;59;61;69;62;62;63;53;65
1188.0;256;237;166;135;154;158;64;59;69;64;64;63;51;60
1194.0;256;236;168;131;157;157;69;61;68;62;62;67;46;60
1200.0;259;234;166;132;161;160;69;62;66;60;61;65;45;60
1206.0;261;235;157;133;157;161;70;63;66;61;64;68;46;58
1212.0;260;233;159;134;158;159;73;63;64;59;62;65;53;58
1218.0;256;231;156;140;156;160;74;68;62;58;65;66;50;58
1224.0;256;233;150;142;157;160;73;67;64;59;63;67;50;59
1230.0;260;232;146;137;157;164;70;69;62;61;63;73;50;56
1236.0;259;230;150;137;158;164;67;70;64;59;63;74;48;57
1242.0;259;233;147;136;159;166;62;69;65;57;64;73;49;61
1248.0;259;231;145;137;161;163;62;69;65;60;63;71;51;63
1254.0;258;232;143;137;158;163;64;67;64;65;62;71;52;64
1260.0;262;232;146;136;156;162;64;64;63;63;63;74;54;61
1266.0;264;233;150;135;156;163;66;63;65;62;65;69;49;60
1272.0;262;233;152;136;155;163;64;65;61;60;67;71;47;64
1278.0;261;236;151;135;153;164;66;64;59;64;69;70;49;59
1284.0;264;238;147;137;151;163;67;64;60;67;68;67;46;61
1290.0;263;239;147;136;154;160;65;64;63;70;68;69;47;55
1296.0;269;239;144;132;153;159;59;67;64;73;73;72;46;50
1302.0;266;240;146;134;154;157;61;68;65;71;68;74;46;50
1308.0;264;242;148;133;155;158;59;69;66;72;65;74;45;50
1314.0;266;248;148;132;153;155;59;69;66;71;63;70;44;56
1320.0;266;247;144;131;156;155;58;67;67;72;64;70;48;55
1326.0;263;247;143;132;154;151;59;66;70;71;63;74;50;57
1332.0;263;244;146;134;158;148;59;67;74;65;64;72;50;56
1338.0;266;243;144;139;154;151;60;66;73;61;66;71;50;56
1344.0;265;243;146;138;153;148;54;67;74;61;65;73;52;61
1350.0;261;244;148;140;154;146;56;66;72;62;62;70;55;64
1356.0;258;244;147;142;152;147;59;63;75;64;61;65;58;65
1362.0;255;245;146;143;151;150;59;61;75;67;61;64;60;63
1368.0;254;246;145;141;153;152;64;59;68;66;60;64;62;66
1374.0;254;247;146;139;151;151;63;65;70;63;62;62;64;63
1380.0;254;251;147;135;153;151;63;63;68;65;61;62;63;64
1386.0;248;258;145;134;155;149;63;64;73;64;58;59;64;66
1392.0;249;260;145;133;155;148;63;64;77;63;55;58;64;66
1398.0;253;259;142;139;155;146;60;63;77;61;53;60;61;71
1404.0;252;260;140;141;156;149;59;62;74;63;55;61;59;69
1410.0;250;262;140;141;156;151;62;60;75;60;50;61;61;71
1416.0;252;264;141;143;155;152;58;60;72;58;53;62;59;71
1422.0;250;263;139;144;155;151;59;59;73;59;54;63;58;73
1428.0;244;268;143;144;156;150;59;58;71;53;56;64;60;74
1434.0;244;269;143;149;153;146;60;61;71;55;55;65;58;71
1440.0;243;270;143;150;155;147;62;59;68;54;59;63;54;73
1446.0;241;274;141;153;156;150;61;58;64;52;57;64;57;72
1452.0;242;271;143;153;158;148;62;58;63;55;57;64;55;71
1458.0;242;271;142;154;159;145;65;55;63;58;56;66;56;68
1464.0;245;273;142;155;159;147;61;58;64;53;54;65;57;67
1470.0;244;273;145;159;162;144;60;59;65;51;53;60;57;68
1476.0;241;275;147;158;162;149;59;55;65;49;55;62;54;69
1482.0;240;277;149;156;161;148;62;52;67;51;54;65;54;64
1488.0;242;275;151;157;162;150;58;47;67;53;55;63;54;66
1494.0;245;272;150;154;163;154;60;47;65;54;54;61;58;63
1500.0;245;272;150;157;165;151;63;46;66;55;52;59;55;64
1506.0;253;267;153;156;163;149;67;50;62;48;51;61;56;64
1512.0;253;269;155;157;164;151;67;51;57;45;51;62;50;68
1518.0;252;268;154;158;163;153;65;55;57;45;52;62;51;65
1524.0;249;268;152;158;160;154;68;56;56;45;55;60;54;65
1530.0;251;265;152;161;161;156;71;51;56;44;57;58;55;62
1536.0;255;263;150;158;160;155;71;53;53;46;57;57;55;67
1542.0;253;265;151;157;157;153;72;57;54;49;56;58;52;66
1548.0;256;262;151;156;153;152;74;56;51;49;60;59;56;65
1554.0;257;261;152;156;154;150;75;52;52;52;62;54;56;67
1560.0;260;260;154;155;154;151;73;49;48;51;62;56;57;70
1566.0;262;256;154;150;153;151;73;50;52;51;64;60;57;67
1572.0;263;255;154;152;149;152;72;50;53;49;64;60;54;73
1578.0;264;254;151;155;148;151;72;53;48;52;67;59;52;74
1584.0;259;257;149;156;149;149;69;56;47;50;72;58;56;73
1590.0;260;253;152;155;154;145;67;56;48;50;74;57;59;70
1596.0;266;254;153;156;148;146;64;57;51;51;76;57;54;67
1602.0;261;257;159;155;143;144;68;56;51;51;74;59;55;67
1608.0;259;257;157;153;144;141;68;58;50;53;77;60;56;67
1614.0;257;256;157;155;143;141;67;60;53;49;80;59;55;68
1620.0;260;256;157;155;145;144;68;58;53;50;77;56;54;67
1626.0;259;258;156;159;144;142;65;52;59;50;75;58;54;69
1632.0;259;260;157;159;141;146;60;48;58;52;73;63;55;69
1638.0;261;260;156;159;141;148;61;46;58;55;69;63;56;67
1644.0;262;257;154;159;142;148;63;47;58;57;66;63;57;67
1650.0;261;255;157;162;140;150;60;47;61;52;68;66;54;67
1656.0;256;253;159;164;141;146;58;50;62;55;71;64;56;65
1662.0;260;247;158;167;143;148;57;54;59;53;72;61;56;65
1668.0;259;245;158;164;141;153;54;55;60;53;75;62;56;65
1674.0;263;245;152;166;144;150;57;55;61;57;75;61;55;59
1680.0;259;245;153;167;145;149;54;57;65;59;69;61;54;63
1686.0;261;245;148;164;145;149;54;55;66;60;71;61;55;66
1692.0;263;244;148;161;148;149;55;54;64;59;69;62;56;68
1698.0;268;242;149;163;149;149;52;51;64;60;72;66;54;61
1704.0;273;241;144;167;150;150;54;55;64;58;69;61;53;61
1710.0;271;238;142;165;149;150;54;58;66;57;68;63;54;65
1716.0;267;239;143;158;154;147;55;62;59;57;74;63;54;68
1722.0;269;240;141;155;157;149;54;64;59;56;72;63;50;71
1728.0;268;236;142;158;158;151;53;63;56;57;71;65;51;71
1734.0;270;237;139;155;158;150;51;65;56;59;70;65;52;73
1740.0;272;235;134;153;159;150;53;65;57;60;73;66;49;74
1746.0;271;235;133;155;160;154;51;66;60;57;68;65;51;74
1752.0;272;233;130;150;160;149;54;72;63;58;69;64;51;75
1758.0;277;231;128;155;157;149;52;71;65;58;69;65;50;73
1764.0;274;232;130;154;157;148;50;71;62;56;73;69;49;75
1770.0;273;227;130;152;157;152;53;68;65;54;74;69;49;77
1776.0;270;225;130;151;160;153;54;69;67;54;75;68;49;75
1782.0;271;222;134;148;161;155;52;70;66;55;73;70;50;73
1788.0;270;221;133;147;162;156;59;69;63;57;74;67;50;72
1794.0;268;220;130;145;163;155;57;70;65;60;74;67;53;73
1800.0;267;221;133;144;164;153;56;67;67;59;77;67;53;72
1806.0;269;219;135;143;167;154;54;66;64;57;77;68;56;71
1812.0;268;215;135;146;169;156;55;64;62;60;75;65;59;71
1818.0;266;210;137;146;169;158;53;63;64;64;77;67;58;68
1824.0;272;211;138;145;170;161;58;61;60;58;78;67;55;66
1830.0;270;214;139;143;168;163;57;55;58;56;80;70;58;69
1836.0;272;213;138;144;165;165;58;54;54;56;79;73;61;68
1842.0;273;210;132;148;161;165;60;58;55;57;77;73;60;71
1848.0;268;214;132;151;160;167;57;60;62;53;75;74;55;72
1854.0;271;214;131;151;158;169;54;64;60;53;75;75;57;68
1860.0;270;215;132;149;158;168;58;64;57;52;77;72;56;72
1866.0;268;216;129;146;159;166;62;62;61;50;73;73;60;75
1872.0;268;214;129;148;160;164;61;62;64;51;68;72;63;76
1878.0;267;214;122;143;160;164;60;66;63;52;70;75;67;77
1884.0;268;215;125;139;156;165;59;63;66;52;71;73;66;82
1890.0;269;214;127;142;161;167;59;61;68;51;67;70;65;79
1896.0;270;215;126;141;161;163;65;61;69;51;65;68;67;78
1902.0;267;214;124;140;165;160;65;62;70;55;66;66;68;78
1908.0;267;215;123;139;165;164;63;59;68;54;64;66;70;83
1914.0;267;215;123;146;166;167;65;54;66;56;65;62;67;81
1920.0;269;217;123;149;166;168;66;54;60;56;63;58;69;82
1926.0;271;216;129;150;166;171;65;54;59;54;59;55;68;83
1932.0;269;216;132;151;170;169;62;54;58;55;61;58;67;78
1938.0;270;215;133;149;171;167;62;53;57;56;62;58;70;77
1944.0;272;215;140;151;172;170;56;52;56;59;56;58;67;76
1950.0;272;213;142;151;172;169;58;56;58;57;57;60;64;71
1956.0;271;216;143;150;171;167;60;56;59;58;53;58;62;76
1962.0;273;211;145;151;172;166;59;55;60;61;50;57;63;77
1968.0;271;214;145;149;172;167;57;58;57;62;49;61;65;73
1974.0;268;211;146;152;173;170;56;52;63;63;51;61;64;70
