#auto generated file!
12.0;108;114;111;111;102;110;119;107;116;119;119;123;105;136
18.0;113;117;115;118;104;108;115;104;112;119;115;126;103;131
24.0;114;125;114;121;103;112;116;101;114;117;109;123;106;125
30.0;117;124;117;121;104;110;114;100;118;116;109;122;107;121
36.0;117;125;116;123;109;111;113;96;124;113;109;120;106;118
42.0;122;129;120;125;110;117;114;95;121;106;107;117;107;110
48.0;123;133;121;125;109;118;117;96;121;116;104;109;99;109
54.0;131;134;122;124;111;119;121;94;118;112;101;105;101;107
60.0;136;137;127;126;113;117;116;95;115;112;97;104;100;105
66.0;142;136;130;133;113;119;114;91;114;109;94;104;96;105
72.0;143;136;130;136;114;120;116;93;112;111;96;104;87;102
78.0;149;137;131;141;118;123;114;89;109;107;93;105;86;98
84.0;153;140;134;138;119;124;113;88;108;105;92;105;87;94
90.0;153;143;136;144;123;122;112;88;105;105;87;105;83;94
96.0;155;147;138;142;125;124;112;86;99;105;85;105;82;95
102.0;157;152;138;140;126;127;111;82;98;105;84;106;84;90
108.0;155;155;142;145;131;125;115;78;97;103;81;99;81;93
114.0;152;154;147;144;135;129;111;75;93;100;84;98;85;93
120.0;156;153;147;146;134;130;111;75;97;96;82;97;83;93
126.0;160;154;147;146;135;135;108;74;96;95;80;100;84;86
132.0;160;156;147;145;139;137;107;74;97;94;81;97;82;84
138.0;160;158;145;146;141;136;103;80;96;93;78;100;81;83
144.0;163;159;152;142;143;139;100;78;96;91;80;99;77;81
150.0;165;167;156;142;141;138;102;75;93;89;80;100;76;76
156.0;164;165;159;146;140;139;100;72;91;91;79;99;79;76
162.0;166;166;161;147;139;144;98;73;89;90;78;96;76;77
168.0;165;168;162;146;141;147;96;73;88;83;80;95;79;77
174.0;168;167;162;147;140;145;101;78;85;80;79;94;79;75
180.0;174;169;167;150;144;144;95;76;81;81;78;90;76;75
186.0;173;174;169;149;151;145;99;74;76;80;77;84;74;75
192.0;171;176;168;148;149;146;97;75;82;81;78;80;75;74
198.0;171;180;163;149;149;150;95;77;78;81;77;82;74;74
204.0;169;182;165;151;149;146;94;80;80;80;77;79;72;76
210.0;170;184;166;156;147;145;93;77;82;76;74;79;75;76
216.0;167;188;164;158;144;146;86;75;87;77;76;79;75;78
222.0;166;192;163;165;145;145;85;74;87;75;73;77;72;81
228.0;168;195;166;162;147;146;84;70;84;75;70;81;69;83
234.0;176;198;166;164;149;143;82;70;85;70;69;81;70;77
240.0;179;201;164;164;152;142;81;71;79;69;71;78;71;78
246.0;179;202;161;160;153;147;84;73;75;64;75;77;72;78
252.0;177;207;160;161;156;146;78;76;73;64;74;74;73;81
258.0;178;207;159;162;158;147;77;76;72;62;71;77;70;84
264.0;180;205;162;161;159;147;76;75;70;59;70;79;69;88
270.0;180;207;162;162;160;147;74;75;70;59;73;80;66;85
276.0;184;207;160;162;155;150;75;77;71;61;73;80;63;82
282.0;189;209;163;159;156;152;74;78;73;59;69;77;59;83
288.0;188;209;164;160;155;150;76;80;73;63;70;75;54;83
294.0;191;209;167;164;157;148;71;79;71;62;67;79;56;79
300.0;191;210;168;167;158;152;72;81;61;62;65;76;59;78
306.0;192;211;167;169;162;147;75;74;59;64;70;76;62;72
312.0;191;212;169;168;161;149;72;77;56;65;70;79;65;66
318.0;191;212;165;173;162;148;75;79;56;63;71;76;65;64
324.0;189;213;164;171;163;150;73;79;58;64;70;78;63;65
330.0;190;215;165;169;164;148;73;76;58;67;70;80;65;60
336.0;192;213;165;167;163;150;76;71;56;68;72;77;67;63
342.0;194;215;163;166;162;150;72;74;55;72;72;77;66;62
348.0;195;216;163;165;162;150;69;71;53;69;72;80;65;70
354.0;200;217;162;163;159;148;67;69;54;71;71;82;66;71
360.0;200;220;166;164;161;149;69;68;55;73;68;81;61;65
366.0;200;220;166;161;157;147;67;63;59;78;71;84;60;67
372.0;198;221;163;163;157;144;68;65;56;79;71;85;63;67
378.0;196;221;166;164;156;141;67;70;57;83;68;83;63;65
384.0;198;221;163;166;153;140;67;67;57;80;68;87;64;69
390.0;200;220;158;166;152;141;64;68;56;83;70;87;62;73
396.0;200;222;157;169;153;140;67;69;52;83;66;86;63;73
402.0;199;226;156;167;152;144;65;71;54;79;68;85;62;72
408.0;200;230;159;166;154;144;67;71;54;75;70;77;61;72
414.0;202;229;160;165;157;142;64;76;52;74;69;76;61;73
420.0;202;233;165;165;154;140;76;74;53;68;70;68;62;70
426.0;205;230;164;166;154;139;78;72;55;66;68;70;61;72
432.0;207;229;164;169;154;132;81;73;55;64;65;73;63;71
438.0;202;231;165;169;155;131;80;71;56;62;67;75;61;75
444.0;205;231;165;168;157;129;78;70;57;60;70;75;61;74
450.0;205;235;161;169;156;130;77;69;56;61;67;76;66;72
456.0;206;238;162;168;152;128;79;65;60;59;68;70;72;73
462.0;206;234;160;167;151;131;79;65;59;60;69;69;73;77
468.0;208;234;161;167;152;134;75;65;56;59;77;66;71;75
474.0;210;233;154;170;154;130;79;66;56;61;76;67;73;71
480.0;208;234;154;171;155;133;78;66;56;60;77;68;72;68
486.0;209;233;156;170;160;137;82;65;57;58;74;65;65;69
492.0;208;233;155;172;159;139;83;65;58;60;74;63;63;68
498.0;207;232;156;171;161;138;79;62;58;65;75;68;62;66
504.0;206;232;149;173;163;135;81;64;55;67;74;72;60;69
510.0;204;236;150;170;166;137;78;64;54;61;73;75;61;71
516.0;205;239;144;171;170;138;78;62;54;61;73;76;59;70
522.0;202;238;148;168;173;143;75;60;54;58;70;77;59;75
528.0;202;238;145;167;174;145;71;64;53;61;74;75;58;73
534.0;204;237;145;171;173;144;73;65;49;62;74;74;60;69
540.0;202;237;146;170;172;146;78;69;49;63;74;71;59;64
546.0;203;235;145;173;177;148;74;66;47;65;71;69;61;66
552.0;205;233;146;170;177;152;72;65;49;66;69;69;61;66
558.0;212;237;147;174;177;154;68;64;49;62;69;66;58;63
564.0;215;237;145;171;172;157;68;63;49;65;74;66;57;61
570.0;217;236;143;171;169;157;67;64;49;68;70;71;55;63
576.0;218;239;144;171;172;155;63;61;51;67;73;68;54;64
582.0;217;242;142;172;170;157;66;62;49;69;73;65;55;61
588.0;218;240;143;174;170;156;66;64;53;62;71;64;55;64
594.0;221;241;143;173;169;155;66;60;55;59;69;65;61;63
600.0;220;246;147;171;171;153;65;60;56;56;72;62;61;60
606.0;221;247;150;168;175;150;64;57;55;56;71;65;63;58
612.0;220;250;152;167;173;147;62;56;58;59;72;69;58;57
618.0;223;247;153;168;172;149;64;56;59;59;68;69;56;57
624.0;222;245;154;166;169;149;65;56;60;57;71;72;56;58
630.0;219;241;155;164;173;148;64;56;60;56;74;74;59;57
636.0;220;240;158;167;176;148;65;54;57;53;72;74;58;58
642.0;223;243;158;164;177;151;65;57;56;56;69;67;56;58
648.0;223;247;158;161;177;151;61;56;57;55;72;69;55;58
654.0;224;250;156;164;176;153;56;55;58;55;70;70;57;56
660.0;222;250;160;165;179;152;57;54;61;54;65;72;56;53
666.0;220;248;160;164;182;153;55;53;67;52;64;77;54;51
672.0;222;246;162;165;182;153;55;54;69;47;64;77;51;53
678.0;229;245;162;165;183;150;58;52;69;49;63;71;54;50
684.0;229;243;164;157;181;150;59;54;68;51;66;69;56;53
690.0;230;247;165;160;178;150;57;53;67;50;66;66;54;57
696.0;228;246;164;161;178;151;60;52;68;54;66;62;54;56
702.0;226;248;166;163;179;149;61;52;63;56;66;62;55;54
708.0;229;250;165;161;179;148;59;51;64;55;67;64;58;50
714.0;229;251;165;161;177;150;60;49;66;55;68;64;58;47
720.0;230;255;166;164;177;150;55;50;64;57;65;62;58;47
726.0;233;256;165;163;178;151;51;49;61;60;66;61;57;49
732.0;233;255;160;167;176;151;54;46;65;61;68;60;56;48
738.0;234;255;157;164;177;154;53;49;68;61;66;59;54;49
744.0;234;259;153;164;175;155;57;49;65;58;62;60;60;49
750.0;231;264;153;159;177;153;59;52;69;52;60;59;62;50
756.0;232;261;150;159;180;154;57;53;69;55;58;58;65;49
762.0;234;262;147;160;179;151;53;55;68;55;59;56;68;53
768.0;237;260;151;165;180;149;54;54;63;51;60;59;69;48
774.0;234;260;152;164;185;149;55;53;61;48;67;59;65;48
780.0;237;262;150;163;187;148;57;50;60;45;65;59;64;53
786.0;237;265;148;155;188;149;59;51;60;46;66;61;57;58
792.0;236;264;150;157;186;151;59;55;60;45;61;63;58;55
798.0;231;263;149;159;185;149;55;56;62;45;62;65;60;59
804.0;235;264;147;159;185;150;53;58;65;40;62;61;62;59
810.0;234;266;149;160;183;147;52;62;64;43;58;59;60;63
816.0;228;266;146;159;187;144;55;58;67;49;58;58;58;67
822.0;231;263;147;162;183;139;58;58;68;49;60;59;58;65
828.0;231;262;148;160;181;142;58;57;66;48;59;60;62;66
834.0;228;266;150;154;180;143;56;58;65;52;60;61;64;63
840.0;226;269;149;153;182;141;53;57;67;51;61;67;62;62
846.0;232;268;149;153;181;142;56;56;67;50;58;65;62;61
852.0;238;269;149;149;179;141;55;57;64;52;56;67;63;61
858.0;237;269;152;147;181;139;52;60;59;52;60;65;65;62
864.0;245;269;153;148;180;139;52;58;59;52;58;65;62;60
870.0;248;268;150;148;177;142;53;54;59;50;61;66;62;62
876.0;249;270;157;144;177;145;48;53;61;49;57;65;64;61
882.0;247;266;158;144;176;147;49;53;63;49;57;65;63;63
888.0;248;267;161;141;179;144;53;53;64;45;59;64;61;61
894.0;249;262;156;145;180;145;52;49;66;46;55;69;64;62
900.0;246;262;156;146;180;149;49;49;64;47;54;73;63;62
906.0;247;259;156;144;179;151;48;44;62;54;55;71;66;64
912.0;249;259;154;143;178;147;48;43;63;55;58;72;66;65
918.0;252;258;156;146;176;145;51;44;64;60;53;69;64;62
924.0;251;260;156;146;177;146;54;43;65;61;52;65;64;60
930.0;251;262;158;149;174;144;52;43;63;62;54;63;64;61
936.0;256;259;160;148;174;143;53;43;65;60;57;58;61;63
942.0;255;261;163;150;170;144;54;40;63;58;59;57;60;66
948.0;251;265;166;147;167;144;55;40;64;56;58;59;61;67
954.0;246;266;166;148;171;142;55;43;64;58;57;55;65;64
960.0;243;266;166;145;169;144;55;45;63;58;58;55;65;68
966.0;243;265;170;144;168;143;53;44;63;60;56;54;66;71
972.0;241;265;172;145;169;146;55;44;63;57;59;50;66;68
978.0;239;262;173;142;168;147;55;44;64;61;60;53;65;67
984.0;238;265;173;143;166;148;55;43;63;59;59;54;67;67
990.0;241;265;174;142;161;151;56;41;63;60;57;51;70;68
996.0;242;269;169;142;161;150;58;42;64;59;53;52;69;70
1002.0;244;267;167;141;164;147;59;42;64;61;54;53;68;69
1008.0;248;269;165;145;163;144;56;42;60;59;53;58;69;69
1014.0;249;269;162;144;162;151;57;39;53;64;50;58;73;69
1020.0;251;272;164;138;163;148;56;42;58;66;50;60;63;69
1026.0;247;272;167;138;164;148;57;43;58;66;48;63;61;68
1032.0;247;269;166;140;162;149;57;43;60;65;43;65;65;69
1038.0;249;264;167;142;161;150;58;43;60;67;44;65;63;67
1044.0;251;264;163;143;158;144;58;41;59;72;46;70;63;68
1050.0;251;266;159;144;158;143;54;39;62;73;51;71;63;66
1056.0;254;263;158;137;162;141;55;40;65;71;53;70;64;67
1062.0;255;259;157;139;162;143;55;43;65;71;50;68;64;69
1068.0;255;256;153;140;162;147;58;42;63;72;52;67;63;70
1074.0;253;254;151;140;161;146;59;45;66;69;55;69;64;68
1080.0;255;252;153;140;160;143;61;44;65;69;55;68;67;68
1086.0;250;254;155;143;157;142;67;46;65;67;58;67;64;65
1092.0;252;254;157;140;155;141;65;47;66;66;61;70;65;61
1098.0;249;251;154;146;154;139;66;45;68;66;63;71;62;66
1104.0;250;248;157;146;154;139;65;42;67;70;63;70;62;67
1110.0;252;243;156;145;158;140;64;46;67;69;63;69;61;67
1116.0;256;248;155;142;158;143;61;43;66;69;65;67;60;67
1122.0;256;250;150;139;159;144;62;45;66;70;64;67;60;68
1128.0;256;249;148;141;161;145;65;48;61;69;65;66;59;67
1134.0;256;249;150;141;159;141;64;48;64;70;61;70;60;67
1140.0;253;250;153;147;158;142;61;49;64;70;62;68;54;69
1146.0;252;250;149;145;157;147;60;49;65;69;63;68;55;71
1152.0;252;251;146;145;159;149;60;48;62;70;64;68;53;73
1158.0;255;250;146;145;159;153;59;48;57;66;63;69;54;76
1164.0;253;253;143;145;157;156;59;50;57;59;64;72;58;74
1170.0;253;256;141;144;155;158;60;50;56;61;65;70;58;73
1176.0;255;254;141;143;151;161;60;52;57;59;64;74;59;70
1182.0;256;253;140;146;152;156;60;53;56;59;65;72;61;71
1188.0;256;256;141;142;150;157;61;53;57;62;65;70;61;69
1194.0;258;257;137;141;153;160;61;52;53;62;70;69;63;64
1200.0;255;258;141;140;155;157;62;48;56;61;68;67;66;66
1206.0;256;256;143;139;151;157;61;48;59;60;72;66;66;66
1212.0;262;252;146;135;154;161;62;49;57;59;72;63;63;65
1218.0;266;252;145;137;154;156;62;47;57;58;78;59;66;63
1224.0;268;258;144;134;154;159;59;49;55;53;79;60;62;66
1230.0;271;256;142;138;153;158;63;46;54;51;77;60;62;69
1236.0;272;259;143;136;151;156;63;49;55;51;76;61;58;70
1242.0;274;254;145;137;152;159;56;49;56;52;76;58;61;71
1248.0;272;251;144;139;149;160;55;50;58;55;75;59;62;71
1254.0;268;254;141;136;153;157;57;51;57;56;75;61;64;70
1260.0;270;251;140;137;151;151;62;52;55;52;81;64;63;71
1266.0;273;250;137;139;151;155;61;55;56;54;77;60;63;69
1272.0;276;251;133;137;151;155;61;57;56;57;77;58;66;65
1278.0;278;247;131;134;147;155;61;55;61;59;77;61;65;69
1284.0;276;245;131;133;150;158;60;55;59;61;78;61;65;68
1290.0;281;247;126;134;150;161;59;56;59;57;75;63;65;67
1296.0;278;248;127;134;152;159;59;56;65;61;71;64;60;66
1302.0;277;251;125;135;154;159;62;57;64;58;70;63;60;65
1308.0;273;253;124;133;154;157;64;61;64;59;69;63;59;67
1314.0;275;257;122;137;157;158;63;58;59;60;67;62;62;63
1320.0;274;258;120;136;154;159;68;59;58;58;70;58;66;62
1326.0;274;260;122;137;155;161;69;56;58;56;68;55;69;60
1332.0;269;263;128;136;153;161;66;52;59;58;70;61;67;57
1338.0;269;264;133;130;148;161;72;53;61;58;71;62;63;55
1344.0;268;262;137;130;147;157;75;50;63;61;66;61;65;58
1350.0;267;258;137;133;147;157;76;53;63;62;67;61;64;55
1356.0;267;262;137;132;145;156;74;53;67;64;67;60;63;53
1362.0;266;259;136;133;147;154;74;52;69;64;66;63;62;55
1368.0;268;256;135;132;148;154;70;50;69;61;72;61;66;58
1374.0;265;252;136;130;147;156;66;50;72;62;75;60;65;64
1380.0;268;253;133;126;151;161;72;45;72;61;71;60;61;66
1386.0;269;255;135;128;150;162;67;45;72;60;72;63;58;64
1392.0;270;256;134;126;149;164;66;47;67;57;77;66;59;62
1398.0;267;261;133;125;149;164;65;49;67;56;77;64;57;66
1404.0;265;262;133;122;151;161;68;50;66;55;78;64;57;68
1410.0;265;265;135;128;149;161;63;50;65;55;74;64;58;68
1416.0;266;266;136;131;151;162;61;45;69;55;69;62;58;69
1422.0;263;263;138;129;152;167;57;45;74;57;67;62;59;67
1428.0;260;265;142;126;155;166;55;48;74;58;66;64;54;67
1434.0;259;263;145;127;157;165;54;46;73;62;67;65;56;61
1440.0;259;265;144;127;160;167;53;44;76;60;67;64;53;61
1446.0;259;268;148;123;160;166;50;44;77;57;73;62;52;61
1452.0;255;266;151;128;156;166;53;46;75;56;72;63;53;60
1458.0;256;268;148;130;153;163;54;45;75;57;75;62;51;63
1464.0;257;272;148;131;152;163;58;42;72;55;76;63;51;60
1470.0;255;273;148;134;149;169;53;42;73;52;72;62;53;65
1476.0;252;273;145;135;151;171;57;43;75;50;70;62;52;64
1482.0;247;277;147;139;147;169;60;45;73;48;68;65;52;63
1488.0;247;281;148;141;146;169;63;45;69;48;66;63;52;62
1494.0;245;279;147;142;149;168;62;46;66;48;73;62;51;62
1500.0;247;282;146;142;151;169;61;47;62;43;78;64;46;62
1506.0;248;283;148;141;151;166;59;47;61;44;78;64;46;64
1512.0;248;278;144;140;150;170;58;49;62;45;82;62;48;64
1518.0;250;276;144;143;151;167;58;48;62;43;81;64;51;62
1524.0;247;281;144;150;152;161;50;48;63;44;81;66;51;62
1530.0;245;279;144;153;153;162;50;49;65;45;85;60;49;61
1536.0;248;273;148;157;153;162;51;50;64;45;82;60;51;56
1542.0;247;275;151;158;155;160;51;52;62;42;82;58;49;58
1548.0;246;273;146;162;157;159;50;55;63;42;83;59;48;57
1554.0;246;273;147;159;157;160;51;54;64;42;81;64;49;53
1560.0;247;272;143;161;155;162;49;55;63;42;78;68;50;55
1566.0;248;271;142;164;151;164;54;53;65;36;74;66;57;55
1572.0;251;265;143;159;149;164;57;52;67;44;71;66;56;56
1578.0;253;263;141;160;146;162;57;50;75;42;74;67;53;57
1584.0;256;263;143;160;145;161;57;50;72;42;70;68;54;59
1590.0;257;260;145;158;147;162;56;53;67;45;64;70;58;58
1596.0;256;259;150;158;146;159;55;52;69;47;60;72;57;60
1602.0;253;259;154;160;149;162;54;54;65;47;57;72;59;55
1608.0;254;258;153;160;143;166;53;52;65;47;59;76;56;58
1614.0;251;258;151;162;140;168;58;54;61;51;57;72;59;58
1620.0;250;259;155;163;140;167;56;55;57;50;60;73;55;60
1626.0;254;259;156;163;141;165;52;54;58;48;62;73;57;58
1632.0;252;261;155;160;139;167;51;53;57;49;65;73;61;57
1638.0;247;262;158;161;137;168;50;52;56;50;64;74;60;61
1644.0;247;260;156;162;138;171;51;52;57;51;65;71;58;61
1650.0;251;260;158;165;137;169;56;51;55;50;62;68;59;59
1656.0;248;259;156;168;138;171;58;51;53;49;61;68;61;59
1662.0;246;253;157;162;146;172;57;51;53;52;62;69;62;58
1668.0;245;254;157;160;147;173;60;47;52;53;63;66;63;60
1674.0;240;255;158;159;145;172;64;45;50;56;68;65;63;60
1680.0;239;254;154;157;143;172;65;49;55;52;66;71;63;60
1686.0;239;252;157;158;137;173;68;47;55;52;63;72;65;62
1692.0;237;255;160;155;140;175;68;47;51;52;66;67;65;62
1698.0;240;256;161;153;139;175;67;46;54;53;62;68;64;62
1704.0;238;254;158;154;140;176;63;49;55;52;65;69;64;63
1710.0;236;256;159;155;139;174;68;48;54;56;65;64;62;64
1716.0;235;257;161;152;139;176;70;47;51;60;64;61;62;65
1722.0;235;258;161;152;135;174;66;47;54;62;67;63;62;64
1728.0;235;260;163;152;135;175;61;49;58;61;67;63;60;61
1734.0;236;262;163;150;129;175;63;52;54;63;64;65;62;62
1740.0;237;263;157;149;133;178;64;54;53;63;65;57;65;62
1746.0;239;263;161;150;130;172;62;55;54;61;64;60;64;65
1752.0;239;261;158;151;129;176;63;62;52;59;65;57;63;65
1758.0;240;259;161;151;130;173;61;63;50;58;66;59;67;62
1764.0;241;261;159;151;127;171;57;63;53;63;65;59;68;62
1770.0;244;258;157;151;130;173;55;63;58;60;65;58;63;65
1776.0;245;257;155;153;129;173;54;66;59;63;65;57;61;63
1782.0;245;255;153;155;129;170;57;65;59;62;68;56;61;65
1788.0;246;254;150;152;131;170;59;66;57;63;70;54;66;62
1794.0;249;255;148;154;132;168;61;65;53;62;70;55;66;62
1800.0;250;257;151;153;135;167;60;59;56;63;66;56;66;61
1806.0;250;259;152;150;137;170;57;61;54;64;64;56;66;60
1812.0;250;258;157;152;137;169;58;56;53;69;62;56;65;58
1818.0;251;258;156;152;142;167;58;57;51;72;59;55;68;54
1824.0;249;258;156;152;143;166;57;56;55;70;57;53;72;56
1830.0;245;255;153;153;140;172;57;54;56;72;57;59;69;58
1836.0;242;258;149;154;143;175;58;54;54;70;57;61;71;54
1842.0;241;256;153;152;143;173;59;56;56;67;59;62;68;55
1848.0;239;265;152;148;146;166;59;56;55;69;62;60;66;57
1854.0;243;267;154;147;146;168;60;59;53;67;59;58;62;57
1860.0;236;271;156;148;148;165;63;56;53;65;62;57;63;57
1866.0;239;272;154;148;150;160;61;55;56;66;61;55;68;55
1872.0;240;278;150;150;153;161;61;52;55;67;59;51;65;58
1878.0;242;278;153;145;156;162;62;54;55;62;54;56;63;58
1884.0;246;273;145;149;159;163;62;51;59;64;51;53;65;60
1890.0;246;271;145;153;159;161;62;51;62;62;51;48;64;65
1896.0;246;266;144;153;158;163;61;55;63;62;54;48;63;64
1902.0;247;262;145;151;155;162;64;56;65;63;55;50;63;62
1908.0;247;261;142;153;153;164;65;56;62;60;55;52;68;62
1914.0;245;261;143;157;153;164;66;54;60;59;57;55;67;59
1920.0;243;260;140;153;154;164;67;49;62;67;55;56;67;63
1926.0;241;261;143;149;158;167;63;48;63;65;54;56;66;66
1932.0;244;262;144;149;156;162;63;45;64;65;57;63;63;63
1938.0;241;258;143;151;158;163;63;47;62;68;57;60;65;64
1944.0;239;261;140;150;165;165;61;46;63;67;51;61;65;66
1950.0;239;264;138;153;163;171;62;50;65;68;45;55;60;67
1956.0;241;262;138;152;162;171;59;52;64;69;46;54;61;69
1962.0;244;259;139;153;161;169;60;52;63;74;45;51;60;70
1968.0;242;257;137;150;161;164;61;51;65;75;48;59;63;67
1974.0;244;257;140;155;157;165;65;51;61;72;46;58;63;66
