#auto generated file!
12.0;101;113;101;87;82;99;102;100;103;119;112;89;98;94
18.0;100;114;104;88;81;102;101;98;105;120;109;90;97;91
24.0;105;118;107;90;79;105;94;96;104;120;108;91;90;93
30.0;107;121;108;89;82;111;93;89;99;122;109;91;87;92
36.0;111;124;110;90;86;110;88;87;95;123;105;94;84;93
42.0;112;126;107;92;90;112;79;88;99;120;105;95;83;92
48.0;113;126;109;93;94;115;79;90;99;121;101;95;80;85
54.0;112;131;110;93;96;114;76;88;100;125;102;91;77;85
60.0;124;131;112;95;95;114;73;84;98;124;96;93;77;84
66.0;126;132;111;98;99;115;75;87;94;113;95;93;76;86
72.0;131;135;112;103;103;116;73;81;95;112;89;89;72;89
78.0;130;133;116;104;107;121;72;84;93;112;82;88;68;90
84.0;132;133;117;106;110;123;73;88;84;107;85;85;68;89
90.0;131;134;120;108;110;124;76;85;81;108;86;85;63;89
96.0;133;134;122;106;115;127;72;82;82;109;85;83;63;87
102.0;131;137;125;109;115;129;72;83;84;106;79;81;64;85
108.0;131;140;121;109;114;130;78;86;84;105;75;81;63;83
114.0;135;142;123;111;113;130;75;82;88;100;76;80;64;81
120.0;133;148;121;108;115;128;78;82;83;102;74;79;69;80
126.0;134;150;121;106;114;128;80;80;86;105;71;78;69;78
132.0;132;151;122;107;116;132;82;79;83;105;69;75;71;76
138.0;137;154;122;109;115;132;80;75;81;100;70;74;73;78
144.0;142;155;123;113;112;133;78;75;81;98;70;72;73;75
150.0;144;154;126;113;113;135;79;72;77;98;70;74;69;76
156.0;146;155;126;118;116;138;79;70;73;94;71;73;68;73
162.0;146;156;129;118;117;140;79;74;69;92;70;76;67;67
168.0;146;158;125;119;119;139;77;74;69;91;69;76;65;73
174.0;151;163;125;120;118;138;78;72;64;95;67;74;64;71
180.0;149;167;126;120;120;139;81;69;62;90;68;73;67;69
186.0;150;164;125;126;121;137;81;70;63;88;65;74;66;70
192.0;150;163;123;125;119;141;85;66;63;94;66;73;64;68
198.0;156;165;122;126;118;140;82;68;66;95;66;70;61;65
204.0;161;165;122;129;119;146;81;62;66;93;62;67;62;65
210.0;159;167;126;128;123;143;76;64;66;92;62;67;65;62
216.0;163;168;127;128;123;141;75;69;63;90;61;66;64;62
222.0;161;173;125;127;121;142;75;67;61;85;63;67;67;66
228.0;159;171;127;131;124;141;71;70;62;83;67;63;65;66
234.0;162;177;127;134;123;137;70;70;66;81;69;62;61;61
240.0;161;175;131;134;127;136;70;70;63;82;70;62;60;59
246.0;164;179;130;135;127;135;72;71;66;76;66;66;59;54
252.0;168;177;131;132;130;136;70;71;63;74;67;65;63;53
258.0;166;180;135;136;127;135;67;71;67;73;67;65;62;49
264.0;167;176;135;140;127;138;66;70;69;72;68;66;60;46
270.0;166;177;137;140;125;142;59;64;70;77;65;66;60;52
276.0;169;178;137;140;129;143;55;60;72;73;64;64;63;53
282.0;165;181;141;141;131;146;56;66;71;66;60;63;63;50
288.0;161;180;145;146;129;149;52;70;70;65;58;62;62;51
294.0;167;182;147;146;128;153;49;69;68;64;57;57;61;52
300.0;166;184;147;142;130;153;50;66;71;66;60;55;61;49
306.0;168;186;147;137;131;152;46;71;70;66;64;56;59;47
312.0;172;187;152;134;127;152;44;73;69;67;64;55;61;43
318.0;173;185;150;138;130;151;44;72;73;61;64;56;61;42
324.0;172;182;153;136;128;154;46;72;67;62;63;57;60;48
330.0;173;185;152;136;126;152;46;70;66;62;64;57;62;49
336.0;172;181;151;134;125;148;49;71;67;64;63;60;63;52
342.0;173;178;149;132;122;144;50;71;66;65;65;62;68;55
348.0;174;179;147;136;122;141;50;68;62;67;66;61;70;57
354.0;176;184;150;137;121;143;49;65;62;61;63;64;73;52
360.0;180;181;152;135;118;141;50;66;62;61;65;58;74;57
366.0;179;184;150;136;118;139;57;64;61;59;64;58;75;56
372.0;179;182;155;133;119;141;56;62;60;55;66;58;78;56
378.0;179;181;157;130;123;140;55;61;59;60;65;60;78;52
384.0;181;182;158;126;130;142;56;59;60;59;62;58;77;50
390.0;181;187;153;127;133;141;54;58;57;65;59;60;75;50
396.0;183;187;152;130;131;142;52;58;55;60;60;64;70;56
402.0;186;191;154;131;132;143;43;60;54;58;59;68;65;56
408.0;186;193;154;132;130;143;44;59;54;57;59;72;64;53
414.0;189;190;155;136;126;141;47;54;51;61;59;72;66;53
420.0;191;189;157;135;125;140;49;52;52;61;59;75;64;51
426.0;192;190;160;136;122;144;49;55;54;60;55;72;61;50
432.0;191;189;161;134;124;145;48;55;55;60;56;72;61;49
438.0;192;191;157;131;125;148;46;57;53;59;54;72;62;53
444.0;194;194;151;133;123;154;49;59;51;55;51;70;61;55
450.0;195;193;156;134;121;149;50;58;53;55;46;73;60;57
456.0;198;192;154;134;125;146;49;57;52;56;47;74;58;58
462.0;199;194;154;132;126;143;52;57;52;56;49;73;59;54
468.0;201;197;153;133;127;144;54;59;48;55;48;72;57;52
474.0;202;197;150;127;130;141;54;59;52;57;49;73;53;56
480.0;204;196;148;128;129;146;58;58;48;54;51;72;48;60
486.0;202;201;148;125;130;147;56;61;48;53;48;72;49;60
492.0;201;205;146;124;132;151;57;55;47;54;48;72;50;58
498.0;199;206;147;124;129;148;59;55;48;56;50;75;49;55
504.0;199;207;147;121;128;150;61;51;48;54;53;72;50;59
510.0;203;203;142;119;129;155;62;54;48;55;57;68;48;57
516.0;202;206;141;122;129;153;60;53;50;55;56;69;46;58
522.0;199;209;140;123;131;150;60;52;50;56;55;68;46;61
528.0;202;210;141;120;133;150;53;52;49;53;55;72;48;62
534.0;197;210;142;122;133;151;53;54;50;52;54;74;49;59
540.0;201;207;139;119;133;150;53;55;52;52;56;73;49;61
546.0;203;204;137;120;136;148;55;54;56;50;57;73;48;59
552.0;206;209;136;119;137;148;54;55;56;46;55;71;51;57
558.0;206;209;136;118;135;148;54;56;53;46;55;69;53;62
564.0;204;209;137;117;132;145;56;57;53;46;55;69;57;63
570.0;204;212;139;115;130;146;56;57;54;44;54;72;54;63
576.0;208;210;138;112;128;147;55;56;55;44;57;71;56;63
582.0;206;212;140;112;128;148;53;55;52;42;57;70;59;66
588.0;208;208;137;113;128;144;55;56;55;41;56;74;58;67
594.0;207;211;131;114;132;140;51;57;53;46;55;73;60;70
600.0;208;216;133;116;133;144;52;54;52;45;53;67;60;67
606.0;209;212;134;117;130;146;54;52;52;50;51;64;61;68
612.0;208;212;138;120;126;146;58;50;51;51;49;62;61;68
618.0;210;213;136;120;125;146;59;49;49;53;52;65;56;67
624.0;210;211;132;123;121;148;59;50;50;54;52;63;58;69
630.0;210;212;131;123;120;149;59;53;47;52;53;67;59;65
636.0;214;210;130;123;119;150;61;53;48;50;54;63;57;68
642.0;212;209;132;120;119;151;59;56;47;51;55;63;59;67
648.0;213;205;131;120;121;150;58;59;48;51;56;60;61;67
654.0;217;208;128;118;119;147;62;56;51;52;55;57;62;68
660.0;220;208;125;117;119;145;60;58;57;54;54;55;60;68
666.0;221;212;126;114;116;145;60;58;55;58;47;57;62;69
672.0;222;214;123;116;116;147;59;57;52;59;46;61;59;69
678.0;223;215;124;117;115;145;60;55;49;58;49;63;58;69
684.0;223;214;124;117;113;142;60;52;50;61;53;66;56;69
690.0;223;215;128;120;113;143;59;54;46;61;55;65;52;66
696.0;219;219;123;124;114;140;60;53;45;62;57;67;53;64
702.0;218;218;122;123;116;144;59;53;48;59;58;65;57;60
708.0;218;219;123;124;120;144;62;51;46;59;53;62;57;62
714.0;220;216;123;121;121;142;60;54;45;61;52;65;56;64
720.0;221;213;123;120;122;143;58;56;43;61;51;70;57;62
726.0;224;211;125;119;122;141;58;55;43;62;51;71;56;62
732.0;226;213;127;121;123;139;58;53;44;63;50;70;50;63
738.0;226;211;125;123;127;139;57;53;45;61;53;65;51;64
744.0;226;213;125;127;124;143;55;53;47;57;55;63;47;65
750.0;224;214;126;126;128;145;54;54;46;55;52;63;49;64
756.0;226;214;125;126;127;144;51;58;47;56;48;60;53;65
762.0;227;214;124;126;126;142;54;60;47;56;47;61;54;62
768.0;226;215;126;123;127;140;54;60;44;62;48;58;52;65
774.0;227;217;127;125;126;139;50;59;44;63;45;59;52;67
780.0;227;217;130;122;124;138;49;59;44;62;49;59;52;68
786.0;226;216;133;121;123;138;50;56;46;65;52;56;49;69
792.0;226;212;137;123;123;134;51;57;48;64;53;56;45;71
798.0;225;214;138;121;125;134;46;59;47;65;54;56;45;71
804.0;226;215;140;121;123;133;49;60;47;62;57;54;43;70
810.0;225;213;137;125;122;136;48;59;45;61;59;53;48;69
816.0;225;214;138;126;121;134;47;58;49;55;57;54;52;70
822.0;226;214;133;128;119;135;48;62;49;52;58;54;53;69
828.0;228;213;135;126;121;137;50;58;51;52;58;54;48;69
834.0;228;211;134;128;119;139;48;62;50;53;56;54;50;68
840.0;230;210;129;127;122;134;48;64;52;55;54;54;53;68
846.0;233;214;133;125;120;134;49;66;54;53;53;54;50;62
852.0;232;214;132;118;123;134;54;67;55;50;52;57;53;59
858.0;231;211;134;119;123;134;53;66;51;54;54;58;53;59
864.0;230;213;135;123;122;135;56;62;53;53;53;56;52;57
870.0;229;214;134;121;122;136;54;64;56;54;55;52;53;56
876.0;229;215;131;121;123;132;52;64;56;55;54;58;57;53
882.0;232;215;131;123;123;132;52;62;56;56;53;59;54;52
888.0;230;217;133;124;123;134;50;62;55;56;54;56;54;52
894.0;230;220;130;119;124;132;51;61;54;54;52;59;60;54
900.0;232;220;131;117;125;134;54;61;54;52;51;58;60;51
906.0;234;218;132;118;121;135;52;59;57;52;52;56;60;54
912.0;235;220;130;122;119;137;48;59;57;52;51;56;59;55
918.0;235;222;127;119;118;139;50;56;58;50;54;57;58;57
924.0;237;223;127;121;114;141;52;57;59;48;51;55;56;59
930.0;239;222;127;125;114;141;53;58;57;52;48;50;56;58
936.0;241;223;127;124;118;137;53;60;55;51;46;50;53;62
942.0;241;224;129;123;117;135;52;57;57;51;45;50;54;65
948.0;242;223;128;124;118;131;51;57;56;49;50;51;52;68
954.0;239;225;127;122;117;130;52;60;52;48;53;53;54;68
960.0;240;226;125;123;117;131;47;62;51;47;56;51;55;69
966.0;242;230;123;127;118;128;52;61;48;49;57;51;50;64
972.0;246;231;118;126;120;126;55;61;47;51;58;52;51;58
978.0;246;231;120;125;118;126;59;58;46;51;55;52;55;58
984.0;239;232;120;127;116;129;56;58;46;52;58;54;54;59
990.0;240;228;120;126;114;131;54;56;49;53;59;55;54;61
996.0;235;224;119;129;112;131;57;59;51;57;59;57;51;59
1002.0;233;221;124;128;109;132;53;59;50;59;60;60;53;59
1008.0;233;223;125;132;110;132;53;55;50;59;59;61;52;56
1014.0;230;225;126;132;115;132;51;57;48;60;57;60;52;55
1020.0;231;224;124;138;115;130;47;59;47;58;61;58;51;57
1026.0;227;226;126;139;122;127;48;56;47;55;56;56;59;56
1032.0;227;229;121;135;120;125;48;58;48;58;57;58;59;57
1038.0;224;231;127;133;115;123;51;60;47;61;56;59;56;57
1044.0;227;234;130;130;112;122;49;61;48;61;53;57;57;59
1050.0;225;233;130;128;110;122;51;64;48;62;52;59;58;58
1056.0;227;238;127;126;110;122;49;64;51;59;50;62;55;60
1062.0;231;235;122;128;113;120;48;65;52;59;52;61;54;60
1068.0;228;233;124;129;116;120;45;67;56;61;53;60;53;55
1074.0;231;231;125;128;116;121;50;67;53;60;54;55;53;56
1080.0;227;227;131;130;115;123;49;72;50;62;55;56;52;51
1086.0;226;226;133;133;115;124;50;69;47;60;57;58;53;49
1092.0;226;224;137;129;114;128;50;67;41;61;56;60;57;50
1098.0;225;226;137;130;113;130;48;65;41;63;54;59;54;55
1104.0;230;228;136;126;110;127;50;64;46;61;55;59;53;55
1110.0;228;228;136;127;113;130;50;62;45;61;54;63;51;52
1116.0;229;232;136;130;113;129;50;61;47;59;51;66;50;47
1122.0;226;232;132;134;109;131;50;63;52;64;46;67;48;46
1128.0;224;233;134;134;108;132;51;62;49;67;44;65;49;48
1134.0;222;233;136;135;109;137;51;58;49;68;48;64;46;44
1140.0;225;228;135;139;109;136;51;59;46;67;49;64;46;46
1146.0;229;228;130;137;109;135;48;62;46;65;49;66;46;50
1152.0;235;226;128;138;112;135;48;60;47;64;49;65;42;51
1158.0;234;223;126;134;114;137;50;60;51;62;52;67;41;49
1164.0;228;225;127;134;119;138;54;60;50;57;54;62;42;50
1170.0;227;229;122;132;122;135;54;57;47;57;55;68;45;50
1176.0;224;229;122;133;123;134;53;58;49;56;52;64;47;56
1182.0;222;229;123;134;127;130;52;59;47;57;54;63;49;54
1188.0;219;228;120;137;128;128;57;61;44;57;55;63;49;54
1194.0;217;230;121;139;127;124;56;61;44;58;56;66;49;52
1200.0;214;229;126;139;130;121;53;62;42;57;55;65;51;56
1206.0;215;228;129;137;131;121;51;62;46;56;53;63;53;55
1212.0;220;230;126;136;134;123;51;63;46;58;52;61;53;47
1218.0;221;229;124;138;128;124;51;64;46;60;54;62;56;43
1224.0;221;228;124;135;132;128;48;61;47;61;55;63;57;40
1230.0;221;227;125;135;133;125;49;60;45;60;55;67;61;37
1236.0;221;226;131;134;133;124;48;58;48;62;52;66;60;37
1242.0;221;224;133;135;126;121;47;59;52;61;50;70;60;41
1248.0;223;226;131;135;123;120;50;59;53;59;51;70;59;41
1254.0;220;226;130;135;125;123;57;59;52;57;52;75;51;38
1260.0;221;224;131;138;125;121;54;57;52;58;56;75;50;38
1266.0;220;219;135;140;119;123;55;58;48;60;56;75;51;41
1272.0;221;217;133;140;121;128;56;57;48;64;53;73;51;38
1278.0;222;218;133;142;118;129;58;55;49;67;50;74;46;39
1284.0;223;217;135;142;117;131;58;54;52;69;50;70;47;35
1290.0;220;217;137;139;118;132;58;56;48;68;48;74;50;35
1296.0;219;219;137;142;116;129;63;57;49;66;48;74;47;34
1302.0;221;220;134;143;112;130;59;55;50;69;49;75;47;36
1308.0;217;220;128;144;112;130;60;51;57;69;52;79;46;35
1314.0;218;224;125;145;108;129;62;52;62;65;51;78;46;35
1320.0;216;223;125;145;108;129;59;50;61;62;55;77;55;35
1326.0;216;224;121;144;104;129;59;54;60;64;55;78;58;34
1332.0;221;224;118;142;104;131;54;55;62;63;54;82;58;32
1338.0;223;225;117;143;101;132;54;54;61;61;52;82;59;36
1344.0;224;225;114;146;104;132;53;48;65;62;53;79;55;40
1350.0;224;226;116;146;105;134;54;49;64;58;51;76;57;40
1356.0;226;229;122;141;100;136;52;50;62;59;50;77;56;40
1362.0;229;228;121;138;102;135;52;46;62;63;50;79;56;39
1368.0;230;230;121;139;103;136;51;42;65;64;45;79;55;40
1374.0;231;229;126;137;103;134;52;43;63;67;44;75;55;41
1380.0;233;231;127;135;106;135;53;41;58;70;41;72;56;42
1386.0;229;230;127;134;107;135;55;45;58;72;40;72;56;40
1392.0;227;230;126;139;106;132;54;45;58;68;42;68;64;41
1398.0;231;231;127;139;105;133;52;45;57;66;40;65;68;41
1404.0;234;231;128;140;106;134;49;45;56;65;41;65;64;42
1410.0;231;232;128;139;109;137;52;43;57;63;43;64;62;40
1416.0;231;235;127;143;112;138;52;39;56;62;41;64;59;41
1422.0;228;240;127;143;112;137;52;40;54;61;41;64;59;42
1428.0;225;243;128;145;111;140;51;43;52;59;40;63;60;40
1434.0;224;243;129;143;113;142;49;40;54;58;40;64;61;40
1440.0;226;241;128;142;118;140;51;38;58;56;40;61;61;40
1446.0;226;243;125;142;117;140;51;39;56;59;42;61;58;41
1452.0;228;241;123;141;120;134;52;39;56;60;44;60;61;41
1458.0;226;241;122;135;117;138;52;41;55;59;47;63;65;39
1464.0;224;241;123;135;117;137;55;42;53;58;46;65;65;39
1470.0;226;239;125;136;118;138;56;40;53;55;43;64;66;41
1476.0;228;238;124;134;121;139;56;41;54;54;41;64;64;42
1482.0;227;235;126;132;120;140;62;44;54;54;39;60;64;43
1488.0;228;234;126;128;121;144;58;46;54;52;41;59;62;47
1494.0;226;234;125;127;119;144;55;49;58;48;41;60;64;50
1500.0;223;233;125;129;120;142;49;50;59;45;44;59;69;53
1506.0;222;233;123;124;125;143;47;52;57;51;43;57;71;52
1512.0;226;235;124;121;124;143;44;53;62;53;43;55;66;51
1518.0;222;232;129;119;128;144;42;51;60;57;44;52;66;54
1524.0;225;231;124;118;126;147;42;49;58;57;47;59;62;55
1530.0;226;231;124;116;123;149;45;49;58;55;49;58;62;55
1536.0;227;231;118;113;123;151;45;49;61;55;49;59;62;57
1542.0;225;228;117;112;125;153;49;51;64;56;47;57;61;55
1548.0;225;230;117;115;124;153;49;55;61;56;46;54;62;53
1554.0;224;226;118;116;125;151;48;56;59;56;51;57;63;50
1560.0;221;229;118;116;124;151;46;57;59;54;57;59;64;45
1566.0;226;226;114;116;122;151;46;60;57;54;58;59;67;44
1572.0;228;222;114;120;124;154;47;58;59;51;59;56;65;43
1578.0;231;225;116;118;125;150;48;61;55;52;55;54;66;44
1584.0;234;225;117;118;124;149;47;59;59;52;56;51;65;44
1590.0;234;228;116;121;124;147;47;58;56;51;58;51;62;47
1596.0;234;230;116;124;122;147;45;57;59;52;59;49;60;46
1602.0;231;234;115;123;123;149;48;55;60;52;57;47;61;45
1608.0;229;230;113;122;128;152;50;51;60;51;55;47;63;49
1614.0;229;233;113;122;129;151;52;52;58;51;53;47;63;47
1620.0;229;233;118;126;129;150;52;51;56;52;53;46;59;46
1626.0;225;231;119;123;128;149;54;52;60;56;51;44;60;48
1632.0;224;230;122;125;125;150;54;52;59;52;51;46;62;48
1638.0;223;232;117;129;125;147;55;55;57;54;51;45;65;45
1644.0;226;231;119;128;126;147;54;51;52;55;56;45;62;48
1650.0;222;231;116;132;126;152;51;53;52;53;57;46;59;50
1656.0;220;232;116;135;128;148;50;54;52;54;58;46;57;50
1662.0;222;231;114;137;128;149;49;52;54;52;62;47;57;46
1668.0;220;231;113;140;128;150;48;54;55;56;59;45;57;44
1674.0;217;229;117;137;128;144;52;56;55;54;62;45;57;47
1680.0;218;229;118;132;124;141;52;59;58;53;62;49;59;46
1686.0;220;231;120;131;121;139;57;59;57;53;57;50;61;44
1692.0;220;227;119;134;117;140;58;61;56;52;56;51;62;47
1698.0;223;225;123;134;118;137;52;64;59;47;56;53;61;48
1704.0;220;221;123;132;124;135;54;64;59;49;56;52;60;51
1710.0;219;222;122;133;125;138;53;62;57;48;56;54;61;50
1716.0;217;223;123;138;128;138;51;60;57;48;54;53;60;50
1722.0;212;225;124;141;125;139;49;56;57;51;51;56;62;52
1728.0;214;222;120;143;124;140;50;59;54;50;53;54;65;52
1734.0;217;223;122;142;121;138;48;60;55;48;54;52;66;54
1740.0;216;224;121;143;121;138;49;58;56;50;55;49;67;53
1746.0;216;221;120;144;120;136;53;60;53;51;55;49;64;58
1752.0;213;221;123;145;126;134;56;59;50;52;55;52;60;54
1758.0;217;218;122;142;126;136;54;59;56;55;54;53;57;51
1764.0;217;216;121;143;127;135;55;56;58;54;56;55;55;52
1770.0;218;216;118;145;128;137;55;57;57;53;52;54;57;53
1776.0;222;218;119;143;128;137;52;51;57;55;55;54;52;57
1782.0;222;217;120;143;124;133;48;49;54;58;59;56;58;59
1788.0;221;219;124;144;125;132;47;46;54;59;57;57;58;57
1794.0;223;220;125;146;123;131;44;48;55;56;58;59;57;55
1800.0;223;216;123;149;126;129;45;49;53;57;55;57;56;62
1806.0;223;217;124;148;128;130;43;52;53;58;56;54;54;60
1812.0;222;216;125;150;125;130;38;51;55;60;60;55;55;58
1818.0;221;215;122;149;130;129;37;51;56;59;59;55;56;61
1824.0;220;218;124;152;130;127;36;48;58;55;59;58;57;58
1830.0;222;221;125;149;131;127;38;50;54;52;59;54;56;62
1836.0;222;224;124;146;135;128;37;48;55;51;55;55;59;61
1842.0;221;223;129;144;135;131;38;44;56;53;56;55;58;57
1848.0;221;221;131;143;135;132;38;42;56;53;57;56;59;56
1854.0;224;222;133;138;135;137;38;41;56;48;60;52;60;56
1860.0;225;220;134;136;135;138;38;40;56;45;61;54;62;56
1866.0;226;218;131;136;142;134;41;41;54;47;61;53;59;57
1872.0;224;216;130;134;145;134;42;44;58;49;59;50;63;52
1878.0;226;217;129;132;146;129;45;43;56;51;58;52;61;55
1884.0;226;218;130;132;147;126;45;40;52;53;61;53;60;57
1890.0;227;222;130;134;145;125;43;41;53;49;60;53;60;58
1896.0;227;226;128;137;145;128;43;34;51;53;62;50;58;58
1902.0;224;225;127;137;144;126;46;35;51;55;63;51;57;59
1908.0;227;223;125;138;146;127;48;35;52;54;61;53;50;61
1914.0;224;222;122;138;141;127;49;37;55;52;65;54;52;62
1920.0;222;223;121;142;137;129;47;38;55;51;67;51;55;62
1926.0;225;224;124;144;139;126;46;41;54;48;69;50;49;61
1932.0;223;225;123;143;142;123;48;44;55;48;63;50;53;60
1938.0;225;223;123;142;145;120;47;47;57;47;64;49;50;61
1944.0;226;220;126;139;146;120;51;50;54;51;60;47;50;60
1950.0;222;224;130;138;144;120;48;52;51;52;55;49;53;62
1956.0;221;223;128;140;148;124;48;51;48;52;53;51;54;59
1962.0;220;221;131;136;148;125;50;49;51;52;52;52;54;59
1968.0;220;217;133;131;149;127;52;50;53;52;53;54;52;57
1974.0;217;217;130;126;149;128;51;49;55;57;57;53;58;53
