#auto generated file!
12.0;121;123;105;99;144;114;92;123;99;123;118;113;110;116
18.0;127;124;103;103;143;118;93;123;97;122;115;108;107;117
24.0;131;122;104;106;146;118;93;120;98;112;113;115;108;114
30.0;137;122;108;109;144;120;89;117;102;109;107;112;109;115
36.0;138;125;106;109;147;125;85;119;96;110;103;112;108;117
42.0;146;122;108;111;145;122;88;118;91;113;103;110;108;115
48.0;149;124;109;113;147;122;84;109;90;114;107;115;107;110
54.0;148;129;108;119;148;125;83;111;91;117;102;110;105;104
60.0;151;131;111;117;149;126;88;109;86;115;102;109;104;102
66.0;154;133;115;123;150;128;88;107;83;111;100;107;98;103
72.0;159;137;118;123;148;131;89;107;81;109;93;101;96;108
78.0;158;140;120;125;148;130;89;107;79;105;92;100;97;110
84.0;162;141;126;125;150;133;90;110;76;101;90;96;93;107
90.0;164;146;129;128;156;137;87;108;77;99;88;91;90;100
96.0;165;150;129;130;157;142;84;102;77;98;87;90;87;102
102.0;164;151;132;129;156;140;85;103;75;97;88;94;87;99
108.0;168;152;130;130;157;142;91;103;79;94;84;87;86;97
114.0;168;156;129;130;157;147;89;103;81;96;86;80;89;89
120.0;169;153;128;129;161;148;87;100;80;101;87;78;90;89
126.0;172;154;129;129;165;152;88;96;78;96;90;80;86;85
132.0;174;156;128;133;167;156;89;91;80;96;87;79;85;79
138.0;176;157;134;138;166;151;88;91;78;94;88;80;85;74
144.0;181;159;135;138;166;151;84;87;77;97;87;82;83;73
150.0;182;162;136;135;164;151;87;84;74;95;87;84;86;73
156.0;182;164;134;135;164;152;83;84;73;92;89;86;86;76
162.0;186;162;137;139;163;154;82;83;75;93;83;87;80;76
168.0;189;164;140;141;164;155;81;84;71;88;81;83;78;81
174.0;190;161;142;140;166;153;79;87;70;82;83;83;83;81
180.0;191;157;144;137;165;156;83;84;67;80;85;84;80;87
186.0;193;159;143;136;168;153;78;83;63;81;86;83;86;88
192.0;192;162;146;140;166;156;73;80;63;79;87;83;86;87
198.0;191;171;149;135;162;159;71;80;64;78;86;82;85;87
204.0;196;169;151;134;164;159;63;81;69;82;82;77;82;91
210.0;197;168;149;129;167;159;67;82;69;81;82;75;83;92
216.0;201;167;155;127;166;160;71;81;65;84;80;75;79;89
222.0;199;168;159;129;164;159;69;80;62;83;81;78;81;88
228.0;203;164;157;132;164;163;72;81;62;83;78;76;79;86
234.0;208;166;155;132;165;161;71;77;64;85;75;77;77;87
240.0;207;165;150;135;168;165;69;76;67;84;74;78;76;86
246.0;208;164;147;132;167;167;69;73;68;83;78;79;81;84
252.0;213;167;147;135;164;165;66;71;65;84;78;79;79;87
258.0;214;172;148;134;163;167;61;70;67;81;79;76;78;90
264.0;211;178;143;135;163;168;63;65;68;82;80;72;78;94
270.0;211;182;143;134;161;170;63;69;65;85;77;69;77;94
276.0;211;181;143;137;162;167;66;65;67;87;76;65;76;97
282.0;207;184;145;135;163;170;65;62;65;84;78;64;79;99
288.0;205;182;145;133;165;167;65;64;66;84;75;66;85;98
294.0;207;183;149;139;161;164;63;64;69;85;75;59;83;99
300.0;210;184;148;139;158;164;64;61;67;84;78;60;80;103
306.0;209;187;147;144;156;163;62;61;63;87;79;61;82;99
312.0;210;188;146;144;161;164;64;59;62;83;76;62;81;100
318.0;213;189;146;140;162;162;67;63;60;79;78;65;81;95
324.0;213;191;145;141;163;162;65;64;65;83;72;66;80;90
330.0;213;190;146;138;161;161;65;63;63;86;76;67;80;91
336.0;215;191;142;141;162;158;68;66;62;85;72;67;81;90
342.0;217;193;141;140;162;158;66;66;66;84;70;66;82;89
348.0;213;196;135;143;168;158;67;66;64;84;64;68;84;90
354.0;215;196;134;146;168;158;71;66;63;82;63;65;84;89
360.0;218;198;127;144;165;159;74;68;62;76;66;65;88;90
366.0;218;199;132;147;164;153;74;67;65;75;73;61;85;87
372.0;219;197;132;150;168;151;72;64;65;71;73;63;85;90
378.0;217;199;133;149;170;150;74;61;65;72;70;65;84;91
384.0;216;200;136;148;168;149;72;63;67;74;72;66;81;88
390.0;216;200;134;149;171;149;68;66;63;72;72;67;88;85
396.0;219;198;138;148;172;151;65;68;64;72;71;67;86;81
402.0;218;197;143;152;169;151;66;69;65;70;71;65;86;78
408.0;216;197;142;155;171;151;70;68;62;68;71;64;86;79
414.0;218;195;143;156;171;151;67;66;65;67;71;66;86;78
420.0;219;195;148;149;174;153;63;66;66;67;71;68;84;77
426.0;215;196;146;148;175;153;64;67;65;69;73;70;83;76
432.0;215;195;147;147;174;154;66;69;66;64;73;72;84;74
438.0;209;193;148;150;180;157;65;71;64;65;70;71;84;73
444.0;210;194;148;149;178;159;68;72;59;65;68;68;89;73
450.0;213;196;145;148;175;159;66;74;62;69;66;66;88;73
456.0;216;196;146;146;175;161;67;76;60;73;65;68;85;66
462.0;216;197;148;147;173;160;67;78;61;74;63;64;83;69
468.0;213;197;145;152;174;160;68;77;64;75;61;64;81;69
474.0;213;202;150;154;174;163;69;77;64;71;58;63;74;68
480.0;214;204;156;152;168;161;74;76;64;68;62;61;75;65
486.0;217;203;152;148;170;165;75;76;62;66;64;63;73;66
492.0;215;207;154;148;174;164;77;74;59;59;66;65;72;66
498.0;215;209;153;151;171;160;75;76;55;63;67;66;70;69
504.0;216;214;149;154;172;162;70;76;61;60;68;64;67;67
510.0;222;215;146;159;173;160;73;69;66;62;62;61;67;65
516.0;223;214;140;159;171;163;75;69;64;61;64;61;68;68
522.0;224;215;140;159;170;157;73;70;63;62;65;67;68;67
528.0;227;214;143;157;172;158;73;70;58;64;63;65;67;69
534.0;228;210;143;158;167;160;76;69;60;66;66;66;67;64
540.0;226;213;143;155;169;158;83;66;60;64;64;63;72;64
546.0;229;220;140;155;169;158;82;66;57;62;62;63;70;67
552.0;229;220;140;150;171;157;81;63;57;63;63;65;74;67
558.0;231;218;137;149;176;157;81;68;60;59;61;64;74;65
564.0;233;219;141;148;175;154;82;67;59;61;56;66;74;65
570.0;236;221;135;141;173;158;83;67;58;63;54;70;75;66
576.0;235;222;134;144;174;156;80;68;56;66;56;73;68;68
582.0;235;222;131;145;175;160;76;73;55;67;56;74;66;65
588.0;231;221;132;149;178;162;70;72;54;64;59;75;67;66
594.0;230;218;131;152;175;163;67;71;55;67;62;79;69;61
600.0;229;218;131;153;169;158;64;75;54;69;65;77;74;64
606.0;230;216;136;152;165;156;66;78;55;66;67;71;75;67
612.0;230;220;137;150;165;153;64;78;55;66;63;75;76;68
618.0;227;217;140;150;166;152;62;78;57;66;65;76;81;63
624.0;226;216;141;153;166;156;61;81;56;63;63;74;83;61
630.0;227;217;143;155;166;154;63;84;53;64;63;68;83;60
636.0;231;219;146;156;160;153;65;83;51;63;60;70;84;59
642.0;229;221;143;161;156;155;65;84;52;61;61;69;82;61
648.0;225;224;148;163;158;157;65;80;51;58;61;70;79;61
654.0;229;222;147;161;160;149;69;76;54;60;64;71;79;59
660.0;229;224;149;160;155;149;70;75;59;60;66;71;79;54
666.0;231;223;148;163;155;152;68;75;56;62;66;72;77;52
672.0;233;225;147;161;156;152;67;73;55;61;66;72;77;55
678.0;232;225;148;163;157;151;66;72;55;59;68;72;76;56
684.0;233;226;148;162;158;149;65;70;58;63;64;74;74;56
690.0;233;228;149;160;157;152;64;72;55;63;64;76;69;58
696.0;231;226;149;160;159;154;63;69;52;63;68;76;73;57
702.0;232;224;147;160;160;158;60;68;52;64;70;73;72;60
708.0;235;225;147;160;158;161;55;70;51;65;72;70;72;59
714.0;231;226;148;159;159;160;59;72;59;65;70;65;67;60
720.0;228;227;152;158;156;157;60;73;63;67;69;63;65;62
726.0;229;232;151;159;155;154;56;72;65;67;68;61;69;62
732.0;227;229;154;160;156;157;49;69;67;69;69;63;68;63
738.0;227;228;153;162;154;157;50;72;67;68;70;62;68;62
744.0;229;229;153;161;153;157;47;70;64;69;70;66;68;64
750.0;229;230;154;162;154;158;44;70;62;66;69;67;70;65
756.0;231;229;146;161;154;162;47;69;64;66;70;66;70;65
762.0;230;227;143;162;152;163;50;72;63;62;71;66;71;68
768.0;229;231;142;160;153;159;56;70;68;56;72;66;70;68
774.0;225;228;146;160;151;159;59;67;66;63;71;66;71;68
780.0;224;228;147;155;151;160;60;71;68;64;71;67;69;65
786.0;227;230;148;154;148;156;60;72;68;66;73;68;66;64
792.0;229;230;150;151;153;159;60;69;63;69;71;62;69;65
798.0;230;231;151;154;153;158;63;68;61;65;73;59;69;65
804.0;232;230;149;157;154;160;63;67;59;64;73;59;68;65
810.0;233;227;151;157;158;161;63;62;59;62;74;57;70;66
816.0;229;227;145;157;160;159;64;65;61;64;75;57;70;67
822.0;227;226;148;162;162;160;62;65;57;68;75;54;67;67
828.0;230;228;148;162;165;163;61;66;55;63;74;52;68;65
834.0;231;228;148;161;169;165;60;66;52;60;77;54;65;64
840.0;227;233;148;161;166;160;61;63;54;62;78;59;64;64
846.0;226;232;148;157;167;161;63;66;55;60;77;63;62;63
852.0;227;231;149;157;164;162;64;65;54;58;80;61;62;66
858.0;227;230;149;155;163;161;67;64;57;59;80;59;59;70
864.0;227;227;154;159;161;161;69;67;56;63;76;56;60;64
870.0;229;228;152;162;160;161;70;65;55;64;76;52;62;64
876.0;230;231;152;161;157;164;71;62;59;61;71;54;62;65
882.0;227;230;151;165;152;164;71;62;60;63;72;56;60;67
888.0;231;224;154;166;147;168;68;61;61;64;73;58;57;68
894.0;231;225;154;165;148;171;65;63;63;61;70;59;58;67
900.0;236;228;157;164;143;166;63;62;67;60;67;61;61;65
906.0;234;230;157;162;142;166;61;62;69;61;66;60;65;65
912.0;237;231;159;159;144;166;60;62;67;62;66;58;64;65
918.0;237;230;160;162;146;162;61;64;65;58;67;62;62;64
924.0;235;234;162;161;147;159;63;66;63;58;65;67;58;62
930.0;236;235;161;159;148;162;61;65;62;55;69;67;60;60
936.0;238;234;162;156;148;164;62;67;64;53;71;64;56;61
942.0;234;237;159;159;149;164;61;70;60;60;68;61;56;62
948.0;233;236;159;157;148;164;65;70;61;62;68;63;57;57
954.0;238;235;158;153;147;163;66;72;62;58;65;66;57;60
960.0;240;237;159;153;143;163;62;69;66;58;61;67;60;62
966.0;236;240;158;154;137;160;63;69;67;62;63;71;58;62
972.0;234;238;155;153;140;166;68;68;66;66;57;67;61;61
978.0;233;238;152;152;140;168;71;68;66;68;57;63;63;61
984.0;232;238;153;154;139;170;68;72;61;64;56;64;66;63
990.0;229;237;153;159;139;169;67;74;58;63;56;65;65;66
996.0;227;234;151;162;136;168;69;74;57;64;59;66;65;68
1002.0;225;236;149;164;136;164;69;84;52;61;58;67;65;70
1008.0;223;236;151;161;140;161;66;85;53;62;59;70;59;74
1014.0;226;235;149;161;140;159;64;85;52;64;60;72;59;74
1020.0;224;233;150;158;140;159;66;84;55;67;61;73;59;71
1026.0;224;234;151;156;138;156;66;83;59;68;62;75;60;68
1032.0;226;237;151;157;136;156;64;82;62;66;59;75;60;69
1038.0;227;235;153;162;137;158;63;77;59;67;56;74;64;68
1044.0;229;235;154;161;133;160;65;79;54;67;57;76;65;65
1050.0;233;235;153;166;135;159;67;76;55;62;57;72;66;64
1056.0;231;238;151;164;139;165;66;78;55;63;54;69;64;63
1062.0;235;235;148;164;139;164;65;78;55;63;56;72;63;63
1068.0;240;231;151;163;140;165;59;74;54;59;59;75;64;66
1074.0;241;233;155;164;140;165;60;73;54;61;58;76;57;63
1080.0;241;229;157;165;140;166;60;71;55;59;56;78;56;67
1086.0;243;231;159;166;140;168;55;69;56;56;55;80;57;65
1092.0;246;232;157;170;137;166;53;67;59;56;57;76;60;64
1098.0;250;231;154;172;134;169;49;63;64;59;55;78;57;65
1104.0;248;236;151;174;137;170;48;58;66;57;56;78;59;62
1110.0;248;239;151;172;134;170;47;58;65;58;56;78;58;66
1116.0;250;235;149;171;138;169;49;57;63;59;55;80;62;63
1122.0;251;235;148;171;143;166;49;57;61;61;53;77;64;64
1128.0;248;236;153;171;146;164;49;56;60;60;57;76;62;62
1134.0;247;235;153;167;144;166;51;56;62;55;57;78;66;63
1140.0;249;233;153;171;143;160;52;58;61;57;55;78;64;66
1146.0;249;229;148;174;146;162;53;61;57;61;57;76;61;66
1152.0;252;228;147;174;150;164;51;61;56;59;55;76;62;65
1158.0;253;227;149;174;147;165;49;64;56;59;56;76;65;60
1164.0;254;225;152;173;149;162;50;65;56;58;55;76;63;62
1170.0;255;228;152;173;143;162;50;64;56;59;55;80;59;64
1176.0;260;231;153;170;144;162;48;64;58;54;56;79;59;62
1182.0;261;227;154;173;147;159;50;63;58;53;58;81;61;55
1188.0;263;226;160;172;149;156;51;63;56;53;57;77;60;57
1194.0;264;224;161;170;149;157;52;61;61;51;61;77;57;55
1200.0;264;221;156;172;145;155;54;66;62;51;62;71;64;57
1206.0;267;225;158;167;145;161;58;60;63;49;60;68;66;53
1212.0;264;221;161;169;141;164;61;59;60;52;61;64;69;54
1218.0;264;221;162;167;141;160;62;58;62;53;61;71;64;54
1224.0;257;224;161;166;144;160;62;56;63;55;62;73;61;56
1230.0;258;223;163;166;142;159;63;55;66;58;64;69;56;58
1236.0;258;220;163;169;146;157;64;54;67;59;60;71;53;59
1242.0;254;221;168;171;146;155;65;52;61;62;59;73;53;60
1248.0;258;221;166;170;146;153;69;54;58;62;62;71;52;58
1254.0;256;221;167;174;144;152;64;56;58;66;57;71;53;61
1260.0;260;222;168;175;138;153;64;53;54;69;59;67;57;61
1266.0;260;222;166;173;137;156;63;50;57;69;58;65;59;65
1272.0;259;224;167;173;141;152;58;50;56;72;57;65;63;63
1278.0;260;223;164;175;142;151;62;52;55;71;55;61;66;63
1284.0;264;221;164;175;138;149;59;53;60;71;56;62;65;63
1290.0;266;224;164;173;138;148;58;52;58;71;56;65;63;64
1296.0;264;222;169;175;140;149;55;57;53;74;57;65;59;61
1302.0;262;222;169;176;143;144;54;55;56;77;57;63;64;58
1308.0;263;219;166;176;146;142;52;54;54;76;62;65;66;59
1314.0;261;215;165;178;145;145;51;54;55;75;60;68;70;58
1320.0;261;216;169;178;145;145;49;57;53;75;61;69;64;58
1326.0;263;218;169;178;141;142;47;59;54;78;63;66;66;56
1332.0;260;219;167;172;138;142;51;60;54;79;66;66;66;60
1338.0;256;220;164;167;138;144;54;61;54;81;64;71;65;61
1344.0;263;219;167;169;141;141;55;61;50;77;60;68;68;61
1350.0;267;222;162;171;135;139;57;62;53;78;58;68;66;62
1356.0;266;224;159;172;133;140;53;65;53;77;61;67;67;63
1362.0;262;224;162;168;129;137;55;67;55;81;61;68;67;64
1368.0;262;224;161;168;130;136;54;66;61;80;62;68;67;61
1374.0;263;223;158;171;134;136;52;68;60;79;61;65;71;59
1380.0;265;226;161;166;136;133;53;66;61;78;60;61;75;59
1386.0;266;223;161;161;135;129;55;62;63;76;63;65;82;59
1392.0;266;222;163;162;134;129;59;60;63;75;63;65;83;56
1398.0;267;225;164;161;135;128;57;63;63;72;62;68;80;55
1404.0;266;226;162;163;137;127;58;66;59;71;60;70;76;59
1410.0;262;226;162;164;136;125;60;65;63;68;62;69;76;62
1416.0;259;228;163;167;136;123;58;67;58;69;60;71;78;63
1422.0;260;225;163;166;137;124;60;64;60;73;58;71;76;63
1428.0;266;227;163;167;139;122;61;64;60;71;63;69;69;59
1434.0;266;227;165;166;137;121;60;62;59;72;60;74;73;58
1440.0;262;227;165;166;135;127;60;62;60;73;60;74;73;56
1446.0;264;224;161;163;132;127;57;62;62;71;62;75;80;60
1452.0;261;223;166;161;131;129;58;63;59;70;64;78;78;59
1458.0;264;221;166;164;129;130;62;63;60;67;62;74;77;61
1464.0;264;223;167;163;129;135;60;65;67;68;57;75;76;51
1470.0;266;223;164;162;128;135;61;69;67;61;60;76;76;52
1476.0;264;226;165;162;129;137;64;69;62;68;60;73;71;50
1482.0;265;227;168;160;127;134;61;65;59;67;65;75;71;56
1488.0;267;229;167;160;126;135;59;63;62;69;64;76;66;57
1494.0;268;224;169;162;132;129;57;63;65;66;66;75;67;57
1500.0;270;226;164;165;133;133;55;61;65;67;61;76;64;60
1506.0;270;230;160;167;135;132;56;57;64;65;62;72;67;63
1512.0;269;233;163;164;132;130;56;59;62;66;62;70;71;63
1518.0;271;237;166;165;131;129;57;58;58;65;61;72;69;61
1524.0;265;242;165;164;129;126;58;59;60;66;60;76;70;60
1530.0;264;243;162;165;129;126;57;58;59;69;57;76;72;63
1536.0;268;243;161;171;135;129;56;52;59;67;56;72;69;62
1542.0;266;245;161;168;140;129;54;54;58;68;53;70;71;63
1548.0;267;244;157;164;141;129;54;58;61;66;51;73;71;64
1554.0;267;247;159;161;143;132;53;61;58;66;49;70;70;64
1560.0;265;244;160;160;140;138;58;62;59;65;52;68;66;63
1566.0;264;247;157;158;142;139;57;62;67;60;56;64;61;66
1572.0;260;246;159;160;141;139;61;62;66;61;51;63;62;69
1578.0;264;247;161;162;138;139;60;63;67;62;47;63;62;65
1584.0;265;250;162;160;138;137;61;65;64;60;47;63;61;67
1590.0;264;247;158;161;140;139;62;63;63;64;46;64;59;70
1596.0;263;252;158;157;140;139;63;64;67;67;44;64;59;63
1602.0;262;252;157;159;141;139;59;66;68;69;43;63;60;62
1608.0;263;252;157;163;139;139;59;67;65;68;42;63;61;62
1614.0;264;253;159;156;138;142;58;65;67;68;45;59;59;67
1620.0;263;252;159;152;143;139;59;66;70;69;47;59;57;65
1626.0;260;256;152;157;142;140;59;65;68;74;45;56;59;67
1632.0;261;254;151;156;144;140;58;65;72;75;45;58;54;67
1638.0;262;257;151;155;144;137;57;66;69;77;42;60;57;66
1644.0;259;255;155;152;142;137;56;72;66;81;42;58;60;65
1650.0;257;254;156;153;143;137;55;71;67;79;45;60;60;63
1656.0;260;254;161;152;144;135;55;72;67;77;43;61;61;58
1662.0;259;256;160;155;142;135;61;69;62;79;45;63;58;56
1668.0;260;257;156;156;147;137;62;64;63;79;45;63;55;56
1674.0;259;255;155;159;146;142;61;66;57;81;46;64;54;55
1680.0;258;256;151;158;141;144;59;68;56;78;54;66;53;58
1686.0;255;258;150;160;142;142;61;69;56;76;52;68;56;55
1692.0;250;264;151;158;147;144;61;70;55;76;51;65;50;58
1698.0;250;263;150;160;149;142;62;67;56;77;48;66;56;54
1704.0;251;264;148;159;150;140;66;66;56;75;48;63;57;57
1710.0;253;268;149;156;146;136;68;63;54;77;48;65;56;61
1716.0;250;267;147;155;145;134;71;66;56;73;48;67;56;65
1722.0;251;268;147;160;140;131;71;63;60;73;50;65;55;66
1728.0;248;268;147;163;135;136;77;67;52;71;48;66;55;67
1734.0;249;267;146;158;138;132;77;68;58;74;48;60;56;69
1740.0;249;271;148;159;137;133;70;74;58;67;49;61;52;72
1746.0;247;270;150;160;139;130;67;74;55;65;52;65;52;74
1752.0;247;268;149;158;139;129;68;76;55;65;51;66;56;73
1758.0;246;265;149;156;139;131;69;76;54;64;52;70;56;73
1764.0;247;265;149;154;139;130;66;73;56;64;52;68;59;78
1770.0;252;263;152;151;137;128;69;72;59;65;55;64;55;78
1776.0;252;261;149;149;140;131;66;68;63;64;56;66;58;77
1782.0;250;263;150;147;143;130;67;65;61;64;56;66;59;79
1788.0;250;264;151;146;145;133;63;70;62;61;57;62;63;73
1794.0;251;261;151;144;145;132;60;69;63;67;59;63;63;72
1800.0;250;262;149;140;149;133;65;68;60;62;58;67;65;72
1806.0;252;257;146;141;153;137;61;71;59;60;60;66;64;73
1812.0;251;256;150;143;151;138;59;74;59;60;60;66;63;70
1818.0;245;259;151;146;152;136;58;75;56;58;59;69;66;70
1824.0;244;259;151;147;154;137;59;77;57;59;59;68;64;65
1830.0;240;259;151;148;158;141;61;80;59;54;54;62;64;69
1836.0;242;255;150;153;159;138;61;79;56;53;59;61;64;70
1842.0;241;258;150;152;160;140;58;81;57;52;57;61;62;71
1848.0;245;254;149;150;160;140;56;81;59;56;57;60;61;72
1854.0;245;254;148;152;162;140;58;81;58;58;54;60;59;71
1860.0;248;257;144;146;164;143;60;80;57;58;54;59;62;68
1866.0;247;257;141;151;166;146;63;76;57;57;51;61;59;68
1872.0;244;262;142;148;172;147;63;73;52;55;55;63;59;65
1878.0;246;259;142;144;171;147;64;74;56;53;53;64;60;67
1884.0;244;265;144;143;169;144;62;72;58;57;53;64;61;64
1890.0;247;265;145;145;168;143;61;71;56;56;53;68;62;60
1896.0;246;268;140;146;168;144;58;68;52;59;57;67;69;58
1902.0;247;271;141;147;166;147;56;68;54;59;57;65;67;55
1908.0;246;272;142;148;163;147;57;65;53;59;55;66;69;58
1914.0;251;271;141;149;166;146;57;66;52;57;52;63;69;60
1920.0;252;270;142;146;166;148;55;63;52;58;53;66;70;59
1926.0;254;271;139;146;162;146;54;65;54;60;51;64;70;64
1932.0;257;270;133;146;162;147;53;64;57;60;52;65;72;62
1938.0;256;268;138;146;164;146;51;65;55;61;52;68;71;59
1944.0;260;265;136;147;166;141;53;68;57;58;51;66;73;59
1950.0;257;260;136;149;167;146;53;67;54;57;55;63;74;62
1956.0;255;258;136;150;168;143;53;70;57;57;56;62;73;62
1962.0;254;258;136;151;168;145;55;70;58;54;55;59;75;62
1968.0;255;256;141;157;170;143;54;72;59;51;56;56;72;58
1974.0;258;256;139;156;165;143;56;73;59;54;56;55;72;58
