#auto generated file!
12.0;10;20;10;12;15;10;13;15;21;13;15;20;13;13
18.0;10;19;12;15;16;10;13;13;21;12;14;21;11;13
24.0;11;19;12;17;16;10;13;15;20;10;13;20;10;14
30.0;11;20;12;16;16;10;13;15;21;10;13;18;11;14
36.0;12;20;12;16;16;10;12;15;21;11;13;17;11;14
42.0;12;19;12;16;16;10;13;15;20;11;15;17;10;14
48.0;14;19;13;16;16;10;12;15;20;11;15;16;10;13
54.0;13;20;12;17;16;11;13;14;19;12;15;15;10;13
60.0;13;20;12;16;18;12;12;12;18;13;15;15;11;13
66.0;13;20;13;14;20;12;12;11;19;14;16;15;9;12
72.0;13;20;13;15;19;13;12;12;18;15;14;16;7;13
78.0;14;20;13;14;19;15;11;12;18;16;14;16;6;12
84.0;14;21;13;13;20;15;11;12;20;13;13;16;8;11
90.0;14;22;13;15;20;15;10;11;20;13;13;16;7;11
96.0;15;23;12;15;21;15;9;10;19;14;13;15;8;11
102.0;15;22;14;16;21;15;8;10;18;14;13;15;8;11
108.0;16;21;14;16;20;17;8;9;20;13;13;15;9;9
114.0;16;21;14;17;22;18;9;8;20;11;11;14;10;9
120.0;16;21;14;17;23;16;10;9;20;11;8;14;10;11
126.0;16;21;13;15;23;17;11;9;20;11;9;13;10;12
132.0;16;21;13;15;23;17;11;8;20;10;9;14;11;12
138.0;18;22;14;13;22;17;12;8;20;9;9;15;10;11
144.0;19;21;14;13;21;17;11;9;19;10;9;16;9;12
150.0;19;22;14;13;21;19;11;10;19;9;10;14;9;10
156.0;20;23;13;14;21;19;11;10;19;9;10;15;8;8
162.0;20;22;14;13;20;20;11;10;18;8;11;17;8;8
168.0;21;22;14;13;20;22;11;9;16;7;12;16;9;8
174.0;19;23;13;13;20;21;13;9;16;7;12;17;10;7
180.0;21;23;13;13;21;19;13;7;14;9;12;17;11;7
186.0;21;23;13;13;21;18;13;8;14;8;11;16;13;8
192.0;21;24;14;13;21;18;13;8;14;8;11;16;11;8
198.0;22;24;13;13;21;17;13;8;13;8;12;15;13;8
204.0;23;24;13;13;23;17;11;11;13;7;10;15;12;8
210.0;23;25;12;14;24;17;12;11;15;7;9;13;10;8
216.0;22;27;13;14;25;17;12;11;14;5;9;12;11;8
222.0;23;28;13;15;25;17;12;11;11;5;9;10;11;10
228.0;23;28;12;15;26;17;12;11;12;6;8;9;12;9
234.0;24;28;12;15;24;17;13;11;10;6;9;9;13;9
240.0;24;28;12;14;24;17;13;12;10;5;10;10;12;9
246.0;24;28;12;13;24;17;13;12;11;6;10;9;13;8
252.0;24;28;11;14;25;16;12;13;11;6;11;9;12;8
258.0;25;29;11;14;24;16;11;13;11;7;11;7;12;9
264.0;25;28;12;14;24;17;10;12;12;7;11;7;13;8
270.0;25;29;12;13;22;19;10;12;13;7;10;7;12;9
276.0;25;31;12;13;22;20;9;12;13;6;10;8;11;8
282.0;25;31;12;13;23;21;9;12;13;6;9;9;9;8
288.0;23;29;12;14;22;23;8;11;14;6;10;9;10;9
294.0;24;28;13;15;22;25;8;11;13;6;8;11;8;8
300.0;24;28;13;15;22;24;8;12;13;6;8;10;9;8
306.0;24;26;14;16;21;25;7;11;14;7;8;11;9;7
312.0;22;25;15;16;21;24;6;12;16;7;8;11;9;8
318.0;20;25;16;18;24;24;5;12;16;7;8;10;8;7
324.0;20;25;17;18;23;24;4;12;13;8;9;11;8;8
330.0;20;25;17;17;24;24;4;12;12;8;9;11;8;9
336.0;18;25;18;17;24;23;5;12;12;10;9;11;8;8
342.0;18;25;18;16;23;23;5;11;12;10;10;10;9;10
348.0;18;25;20;16;23;22;6;11;13;9;9;11;7;10
354.0;18;25;20;16;23;21;6;11;13;9;8;11;9;10
360.0;17;26;19;16;24;20;7;11;13;9;9;10;9;10
366.0;18;26;20;16;22;20;7;11;13;8;10;10;9;10
372.0;17;26;22;15;22;20;7;13;12;8;10;10;8;10
378.0;17;26;21;14;23;19;8;13;12;7;11;11;9;9
384.0;18;26;23;13;21;18;9;13;12;8;10;12;8;9
390.0;18;28;23;13;21;16;9;13;13;8;11;10;8;9
396.0;18;29;23;12;22;16;9;13;14;7;12;8;8;9
402.0;18;29;24;13;22;16;8;13;15;9;11;7;8;7
408.0;19;28;24;13;22;16;8;12;14;10;11;6;7;10
414.0;17;31;23;13;22;16;8;12;13;11;11;5;7;11
420.0;17;31;23;14;23;16;9;12;15;11;9;5;6;9
426.0;17;31;22;14;23;16;10;12;14;11;10;5;6;9
432.0;17;31;23;14;24;16;11;9;16;11;10;5;5;8
438.0;17;30;23;15;23;16;11;10;16;9;10;7;5;8
444.0;17;30;22;15;21;17;12;10;16;8;11;7;6;8
450.0;17;31;23;15;21;17;11;9;16;8;11;7;6;8
456.0;17;32;23;15;21;16;12;8;14;8;12;7;9;6
462.0;16;32;24;15;19;16;12;8;14;9;13;7;9;6
468.0;16;31;24;15;19;16;13;9;13;9;13;7;9;6
474.0;15;31;23;15;18;16;13;10;12;11;14;7;9;6
480.0;16;32;23;15;18;17;13;9;12;10;15;8;7;5
486.0;16;33;23;15;18;17;13;8;11;12;15;8;7;4
492.0;16;32;23;16;18;18;13;8;9;12;15;8;7;5
498.0;16;32;22;17;19;19;12;6;9;14;14;6;7;7
504.0;17;32;22;17;18;20;11;4;8;14;15;6;9;7
510.0;16;32;25;17;18;18;11;4;8;13;15;7;8;8
516.0;16;33;25;17;18;18;11;4;7;13;14;7;8;9
522.0;16;33;24;19;18;19;10;4;7;12;12;7;8;11
528.0;15;32;24;19;18;19;10;4;7;13;11;7;9;12
534.0;15;31;24;19;18;20;10;4;7;13;11;7;9;12
540.0;15;30;24;20;18;20;9;4;8;14;11;7;8;12
546.0;15;30;24;21;19;21;9;4;8;11;12;7;7;12
552.0;15;30;25;21;19;20;10;4;7;11;11;6;8;13
558.0;14;30;25;21;19;20;12;4;8;10;11;6;8;12
564.0;14;30;26;20;19;20;11;5;8;9;11;6;8;13
570.0;14;30;26;21;19;19;12;5;7;9;11;6;8;13
576.0;14;30;28;21;18;19;12;5;7;8;12;6;7;13
582.0;14;28;28;20;18;19;13;6;9;7;12;6;6;14
588.0;14;27;29;20;19;19;13;6;9;7;11;6;6;14
594.0;14;26;29;20;20;20;12;6;9;8;11;6;5;14
600.0;14;27;30;19;19;19;12;7;8;8;12;6;5;14
606.0;15;27;30;20;19;19;12;6;8;10;12;4;5;13
612.0;16;26;29;19;20;19;10;6;8;12;11;4;5;15
618.0;16;25;30;18;20;19;11;6;10;12;11;4;6;12
624.0;16;26;28;18;21;19;10;7;9;12;12;4;6;12
630.0;16;27;29;19;20;19;10;7;8;11;10;5;6;13
636.0;16;27;29;18;20;19;10;8;8;9;11;7;6;12
642.0;16;27;29;18;20;20;9;8;8;9;10;7;6;13
648.0;17;27;30;18;19;20;9;8;8;8;11;7;5;13
654.0;18;28;31;16;21;17;8;8;8;8;10;8;7;12
660.0;17;28;32;18;21;20;7;8;8;7;10;7;7;10
666.0;17;27;32;18;21;21;6;7;10;8;9;7;7;10
672.0;18;27;31;18;20;21;5;9;10;7;10;7;8;9
678.0;18;26;31;17;19;21;6;9;8;7;10;9;7;12
684.0;18;26;29;18;19;20;6;9;8;7;11;9;8;12
690.0;18;26;28;18;18;21;6;9;8;8;11;9;8;12
696.0;19;26;28;19;18;19;6;7;10;9;11;9;8;11
702.0;19;26;27;19;19;19;6;8;9;10;11;8;7;12
708.0;21;26;27;18;18;19;6;9;8;10;11;8;7;12
714.0;22;26;28;19;18;19;6;9;7;10;10;8;7;11
720.0;21;28;29;17;18;20;6;8;9;9;11;6;7;11
726.0;21;27;30;17;19;19;6;8;7;8;12;8;7;11
732.0;21;28;30;17;18;19;5;9;8;8;12;8;7;10
738.0;22;29;29;16;18;19;4;11;8;8;11;7;8;10
744.0;22;29;30;14;19;20;5;11;9;9;10;6;6;10
750.0;22;29;28;14;19;20;6;11;9;11;9;5;6;11
756.0;23;30;27;14;19;20;7;11;7;13;8;4;6;11
762.0;21;30;27;15;19;21;8;10;6;12;11;4;5;11
768.0;20;30;26;15;19;22;10;9;7;11;10;5;5;11
774.0;21;30;25;15;19;22;10;6;7;11;10;5;8;11
780.0;21;29;25;16;18;21;10;6;8;11;11;5;9;10
786.0;21;30;26;17;16;21;9;4;10;11;9;8;10;8
792.0;21;31;24;17;16;20;10;3;10;11;9;8;11;9
798.0;22;32;24;16;16;19;9;3;10;11;9;8;11;10
804.0;21;32;24;16;15;19;9;3;10;12;8;9;12;10
810.0;21;32;24;16;15;19;9;3;10;12;8;9;12;10
816.0;21;32;22;15;14;21;9;4;10;10;11;9;12;10
822.0;21;33;22;15;14;22;8;4;8;10;11;10;12;10
828.0;21;34;22;17;14;21;8;3;8;11;10;10;11;10
834.0;21;35;21;17;15;21;9;3;7;11;10;9;11;10
840.0;22;34;22;17;15;20;12;4;6;10;9;9;10;10
846.0;22;34;22;17;15;20;11;4;7;10;10;9;9;10
852.0;21;34;21;17;15;20;12;3;10;11;8;9;8;11
858.0;21;34;22;17;15;21;12;3;9;12;7;8;8;11
864.0;18;35;22;16;15;22;12;3;10;12;7;9;8;11
870.0;17;35;22;17;15;22;12;3;10;13;7;8;8;11
876.0;16;36;20;16;16;22;11;5;9;12;8;9;8;12
882.0;16;36;20;16;16;24;11;5;9;12;7;8;8;12
888.0;16;36;21;16;16;25;11;5;9;12;9;6;7;11
894.0;15;37;22;16;17;25;10;5;8;12;8;7;8;10
900.0;15;35;22;17;17;25;10;5;8;11;8;8;10;9
906.0;16;36;21;16;18;22;10;5;8;10;8;9;11;10
912.0;16;36;21;15;17;23;9;5;8;12;7;10;11;10
918.0;16;34;21;14;18;23;9;5;7;11;7;11;14;10
924.0;18;33;21;14;18;23;9;6;7;11;7;10;13;10
930.0;18;33;21;14;16;24;9;5;7;12;6;12;13;10
936.0;18;33;22;13;16;24;9;4;7;13;7;11;13;10
942.0;19;32;21;14;16;24;7;6;7;13;8;11;13;9
948.0;21;33;20;13;14;25;8;6;8;12;6;10;13;11
954.0;21;32;20;13;14;25;7;7;7;11;6;12;14;11
960.0;21;33;20;13;15;24;7;7;7;12;6;11;13;11
966.0;21;33;20;13;15;24;9;8;7;12;5;11;13;9
972.0;21;33;19;13;15;23;9;9;7;12;5;11;14;9
978.0;19;34;19;13;13;23;9;10;7;12;5;12;14;10
984.0;19;34;19;13;12;25;8;10;8;11;5;11;14;11
990.0;20;34;18;12;11;24;9;11;10;11;6;12;13;9
996.0;18;34;18;11;12;24;10;13;10;9;8;10;14;9
1002.0;18;33;19;11;12;24;9;13;10;10;9;10;13;9
1008.0;18;31;19;13;11;23;9;13;10;11;10;9;13;10
1014.0;18;30;20;13;12;23;9;13;8;11;10;10;13;10
1020.0;18;31;19;14;12;23;8;13;9;11;10;9;13;10
1026.0;19;30;19;15;12;22;9;13;9;11;10;9;12;10
1032.0;20;31;19;14;14;22;8;13;9;10;8;8;13;11
1038.0;21;32;20;15;14;21;10;11;8;10;7;8;12;11
1044.0;21;33;19;15;14;22;10;11;8;10;7;8;12;10
1050.0;20;31;17;15;15;23;11;12;9;10;7;8;12;10
1056.0;21;32;16;14;15;23;11;11;10;9;8;9;11;10
1062.0;21;33;16;14;15;23;11;13;10;9;6;8;11;10
1068.0;22;34;18;14;14;22;11;12;10;8;5;9;12;9
1074.0;22;35;18;14;14;22;8;11;10;8;7;9;14;8
1080.0;23;36;18;14;14;21;8;10;10;8;7;9;14;8
1086.0;24;35;17;15;14;20;9;7;10;11;7;10;14;7
1092.0;24;35;17;15;14;20;9;7;9;12;7;10;14;7
1098.0;23;37;16;15;13;18;8;8;11;13;9;9;14;6
1104.0;23;37;17;15;12;18;8;8;11;13;9;9;14;6
1110.0;23;37;18;16;12;19;7;6;11;13;9;9;14;6
1116.0;24;37;18;17;12;19;7;7;10;11;9;9;14;6
1122.0;24;37;18;17;12;20;8;6;10;11;9;8;14;6
1128.0;25;37;18;16;14;20;9;6;10;10;9;8;14;4
1134.0;24;37;18;16;16;20;10;5;10;11;9;8;13;3
1140.0;24;36;17;16;16;19;11;5;9;11;11;8;14;3
1146.0;24;34;17;15;16;19;11;7;9;10;11;8;16;3
1152.0;23;33;17;16;16;19;10;8;9;9;12;9;16;3
1158.0;25;32;17;17;15;19;10;9;8;8;13;8;16;3
1164.0;25;32;18;16;16;19;10;9;7;8;12;8;16;4
1170.0;24;33;19;17;15;19;9;9;6;9;13;8;15;4
1176.0;25;33;20;17;14;19;6;10;7;9;13;7;15;5
1182.0;25;33;19;18;13;19;7;10;6;10;12;8;15;5
1188.0;26;34;18;18;15;18;9;10;5;9;11;8;13;6
1194.0;26;35;18;18;15;18;9;10;5;10;11;8;13;4
1200.0;26;34;18;20;14;20;9;9;5;11;10;6;13;5
1206.0;28;35;19;20;14;20;9;9;5;9;10;5;11;6
1212.0;28;34;19;19;13;20;9;10;4;8;10;5;12;9
1218.0;28;34;17;18;12;21;10;10;5;8;10;4;13;10
1224.0;28;34;17;20;13;21;11;9;5;6;9;4;13;10
1230.0;28;34;17;20;12;21;13;11;5;5;10;4;12;8
1236.0;28;34;18;19;11;21;14;11;6;5;10;4;11;8
1242.0;28;34;18;19;11;22;14;11;6;6;8;5;11;7
1248.0;27;34;18;20;11;21;15;10;7;6;9;6;10;6
1254.0;27;34;18;18;12;21;15;9;9;6;9;6;10;6
1260.0;28;34;17;18;10;21;15;8;9;7;9;6;12;6
1266.0;29;33;17;18;10;21;15;8;9;7;9;6;13;5
1272.0;28;33;18;18;10;21;15;7;8;8;9;6;13;6
1278.0;28;32;18;18;11;21;15;7;7;8;9;6;15;5
1284.0;29;34;18;18;13;20;15;7;6;6;6;7;16;5
1290.0;30;34;17;18;14;22;15;7;6;6;6;7;12;6
1296.0;30;33;18;18;15;22;15;8;6;5;6;6;11;7
1302.0;30;32;18;18;15;22;15;8;6;6;6;6;11;7
1308.0;31;30;17;18;15;24;15;8;6;4;6;6;12;8
1314.0;30;30;17;18;15;24;15;8;6;5;6;6;12;8
1320.0;30;30;18;17;15;25;15;8;6;5;6;5;12;8
1326.0;31;29;16;17;14;26;15;8;8;5;7;5;11;8
1332.0;33;28;17;19;14;25;14;8;6;4;8;6;10;8
1338.0;33;27;18;19;14;27;12;7;7;5;9;5;10;7
1344.0;34;24;17;18;14;27;12;7;8;6;8;7;10;8
1350.0;34;26;17;19;14;27;12;7;8;6;7;7;9;7
1356.0;34;27;17;18;14;27;11;7;9;6;7;7;9;7
1362.0;34;27;18;18;14;27;10;7;9;6;8;6;9;7
1368.0;34;28;18;19;15;26;10;7;9;6;7;5;9;7
1374.0;32;29;18;19;14;26;11;7;8;5;7;5;9;10
1380.0;31;30;18;19;15;26;10;7;9;5;7;5;9;9
1386.0;32;30;17;19;15;28;10;7;8;5;7;5;9;8
1392.0;32;29;19;19;15;27;13;7;8;4;6;5;9;7
1398.0;32;29;20;19;15;26;14;7;9;4;5;5;8;7
1404.0;33;31;19;19;15;26;14;8;9;3;5;4;8;6
1410.0;32;32;18;21;13;26;13;8;10;4;4;4;9;6
1416.0;32;32;17;21;13;28;14;8;9;4;4;4;8;6
1422.0;32;32;17;21;13;28;13;7;9;3;6;4;9;6
1428.0;32;32;17;21;12;27;14;7;8;4;6;5;9;6
1434.0;32;33;17;21;13;27;13;6;8;4;6;5;9;6
1440.0;31;32;17;22;13;26;14;5;10;3;6;5;9;7
1446.0;31;32;17;23;12;23;14;5;10;5;7;5;9;7
1452.0;32;32;16;23;13;23;13;5;9;5;7;5;9;8
1458.0;33;33;16;23;13;23;13;5;10;3;7;6;7;8
1464.0;32;33;16;23;14;24;12;5;11;3;5;6;7;9
1470.0;33;34;15;23;14;23;12;4;11;4;5;7;6;9
1476.0;34;34;16;21;15;23;12;3;10;4;5;7;6;10
1482.0;33;35;15;22;14;23;10;5;8;4;6;7;6;12
1488.0;33;36;16;21;13;24;9;5;8;5;6;6;6;12
1494.0;33;36;17;21;14;23;9;6;8;3;6;6;6;12
1500.0;33;36;16;21;14;23;8;6;9;4;6;6;6;12
1506.0;32;36;16;21;15;23;8;7;9;4;5;6;5;13
1512.0;32;36;16;21;15;23;8;7;10;3;5;6;5;13
1518.0;32;36;16;20;15;24;9;7;10;4;5;5;6;11
1524.0;30;36;16;23;15;22;9;7;10;4;4;4;8;12
1530.0;29;36;16;22;17;22;10;7;10;3;4;5;7;12
1536.0;29;38;16;22;17;21;10;7;9;3;4;5;7;12
1542.0;29;38;17;22;17;20;11;6;8;3;4;6;7;12
1548.0;29;38;17;22;18;20;12;4;9;3;5;4;7;12
1554.0;30;37;16;22;19;19;14;5;9;1;5;4;7;12
1560.0;29;36;15;23;21;19;13;7;9;1;4;5;5;13
1566.0;29;34;16;24;23;18;12;7;7;1;5;6;6;12
1572.0;29;33;15;27;23;17;12;7;7;1;5;6;7;11
1578.0;29;33;15;27;23;16;12;7;7;1;5;6;8;11
1584.0;29;32;16;27;23;16;12;8;6;1;5;6;8;11
1590.0;30;32;15;25;24;17;13;8;6;1;6;6;6;11
1596.0;30;32;15;25;23;17;13;8;6;1;6;6;7;11
1602.0;29;32;14;26;23;19;11;8;6;2;6;5;8;11
1608.0;29;31;14;25;22;20;10;11;5;2;7;5;8;11
1614.0;29;31;15;26;21;20;10;11;6;1;7;5;8;10
1620.0;29;32;15;26;21;19;8;11;7;1;7;5;9;10
1626.0;28;33;15;26;20;19;8;11;9;1;8;5;7;10
1632.0;28;33;16;27;18;20;8;11;8;1;8;6;8;8
1638.0;28;33;15;26;20;20;7;12;9;1;8;6;8;7
1644.0;27;34;15;27;19;20;7;13;9;1;7;6;9;6
1650.0;27;34;14;27;19;19;8;12;8;2;8;6;10;6
1656.0;26;35;15;26;19;19;8;11;7;2;10;6;10;6
1662.0;27;35;15;25;19;20;9;10;5;2;10;7;10;6
1668.0;28;34;16;25;18;20;9;11;4;2;10;7;10;6
1674.0;29;34;16;25;18;22;8;11;4;2;9;8;8;6
1680.0;29;34;16;26;17;21;9;9;4;2;9;8;9;7
1686.0;27;35;16;26;18;21;8;9;4;5;8;8;8;7
1692.0;27;37;16;24;19;21;8;8;4;5;8;8;8;7
1698.0;28;36;16;24;19;20;7;8;4;5;8;9;9;7
1704.0;28;36;16;24;19;20;7;8;4;5;8;8;9;8
1710.0;28;36;17;24;19;20;5;9;4;5;8;8;9;8
1716.0;28;36;16;22;20;20;5;9;6;5;9;9;7;8
1722.0;28;36;16;22;19;21;5;9;7;4;10;8;7;8
1728.0;30;33;17;22;19;20;5;9;7;4;9;9;8;8
1734.0;30;31;18;23;18;21;5;9;7;3;9;9;8;9
1740.0;28;29;18;21;18;22;7;9;7;5;11;9;7;9
1746.0;29;30;18;21;17;22;7;9;8;5;10;9;7;8
1752.0;31;30;18;20;17;19;7;9;8;5;10;8;8;10
1758.0;31;30;19;19;17;19;7;9;8;5;11;8;9;8
1764.0;32;30;20;19;18;19;6;8;7;5;12;7;10;7
1770.0;31;30;19;19;17;20;7;8;7;7;12;6;9;8
1776.0;31;31;20;21;17;20;7;8;7;5;11;7;7;8
1782.0;32;32;20;22;17;19;6;7;8;5;11;6;7;8
1788.0;34;30;20;22;16;19;7;7;7;5;11;7;7;8
1794.0;34;30;19;21;18;19;6;7;8;5;13;8;6;6
1800.0;34;30;19;21;18;19;7;7;8;5;12;8;6;6
1806.0;36;29;19;20;18;20;7;7;6;5;12;8;6;7
1812.0;36;29;18;22;18;21;7;7;5;5;12;8;6;6
1818.0;36;30;19;22;16;21;8;7;3;4;13;10;5;6
1824.0;34;31;19;22;15;21;9;7;4;3;12;11;5;7
1830.0;34;31;19;22;15;21;9;7;4;3;11;11;6;7
1836.0;34;31;19;21;15;23;8;6;4;3;11;11;7;7
1842.0;33;32;21;21;16;22;7;6;4;4;10;11;6;7
1848.0;34;31;20;21;16;22;7;6;6;4;10;10;6;7
1854.0;34;32;20;22;15;22;7;6;6;4;10;9;6;7
1860.0;34;33;22;20;15;23;7;6;6;4;10;8;5;7
1866.0;34;33;23;20;16;22;6;6;4;5;10;9;5;7
1872.0;34;33;23;20;17;20;6;6;4;5;10;9;5;8
1878.0;34;34;22;20;17;19;6;6;4;5;10;9;6;8
1884.0;33;32;22;21;17;19;7;6;4;4;10;8;8;9
1890.0;34;32;23;19;17;20;7;7;3;4;10;5;8;11
1896.0;34;32;23;20;17;20;6;8;3;4;10;5;8;10
1902.0;34;31;22;20;17;20;6;8;4;4;10;5;8;11
1908.0;34;31;22;21;17;20;6;8;4;4;9;5;8;11
1914.0;34;31;22;21;17;20;7;8;4;4;9;3;8;12
1920.0;34;30;22;22;17;20;4;7;8;3;9;4;7;13
1926.0;34;30;21;22;17;18;4;7;9;3;8;4;8;15
1932.0;34;30;21;22;17;18;5;7;8;3;8;4;8;15
1938.0;35;30;20;23;17;18;5;7;8;2;8;5;9;13
1944.0;36;29;20;23;16;18;5;8;8;3;8;5;9;12
1950.0;36;26;19;23;17;18;6;8;10;3;8;5;9;12
1956.0;36;24;19;22;18;19;7;8;11;3;7;5;8;13
1962.0;36;24;19;22;18;18;7;8;11;4;7;4;9;13
1968.0;35;25;19;22;18;18;7;9;11;5;7;3;8;13
1974.0;35;26;19;22;18;19;8;9;10;5;6;3;7;13
