#auto generated file!
12.0;128;128;116;136;144;121;130;134;100;156;132;125;140;110
18.0;130;132;119;134;147;124;127;129;99;155;127;125;139;113
24.0;136;133;122;133;147;126;130;130;98;153;124;122;137;109
30.0;140;135;126;138;150;131;129;131;96;149;118;121;131;105
36.0;145;139;131;138;155;132;122;130;93;143;119;124;127;102
42.0;151;139;133;138;156;132;122;129;91;141;115;126;128;99
48.0;153;140;137;140;158;135;121;127;90;132;117;126;123;101
54.0;158;141;138;140;155;140;120;124;94;137;112;121;121;99
60.0;159;146;139;140;154;143;121;124;97;134;110;119;118;96
66.0;162;148;142;142;155;146;121;119;96;130;113;117;115;94
72.0;162;151;143;146;155;146;126;121;94;123;109;119;114;91
78.0;165;152;141;149;159;150;125;114;94;119;110;118;113;91
84.0;168;152;143;149;158;154;126;116;91;118;108;114;111;92
90.0;172;152;148;149;158;157;123;114;94;118;108;113;111;83
96.0;178;160;150;152;159;160;116;110;94;116;100;111;114;80
102.0;180;161;150;152;158;161;109;110;93;117;99;113;116;81
108.0;180;164;157;157;156;162;106;103;100;114;95;111;115;80
114.0;181;167;158;157;161;168;105;101;101;112;96;104;110;79
120.0;185;173;163;157;162;170;102;101;102;111;94;96;103;81
126.0;187;174;167;155;160;170;102;102;101;105;94;97;103;83
132.0;185;176;171;153;169;172;104;97;96;100;92;94;102;89
138.0;185;177;177;153;164;174;107;101;99;98;86;91;98;90
144.0;189;180;180;153;166;172;105;97;101;95;84;91;94;93
150.0;191;180;186;152;159;174;104;93;103;96;88;88;92;94
156.0;195;183;184;151;158;175;107;92;99;90;90;91;90;95
162.0;197;185;179;152;161;176;102;102;94;89;87;90;91;95
168.0;199;184;179;155;160;176;101;102;95;85;86;91;95;92
174.0;200;189;179;156;162;176;99;98;94;87;88;90;93;89
180.0;203;192;179;159;164;177;91;99;89;90;87;90;93;87
186.0;202;196;179;159;167;177;83;96;87;90;87;89;97;91
192.0;204;198;177;158;165;180;81;94;87;87;86;88;103;92
198.0;208;202;173;158;165;177;79;92;83;85;86;88;108;96
204.0;206;206;174;158;166;177;74;95;83;85;89;84;107;96
210.0;206;206;179;160;165;179;79;95;82;87;84;81;102;95
216.0;205;204;180;163;161;181;73;93;83;84;87;83;103;100
222.0;209;208;174;163;164;181;74;91;78;83;86;85;100;104
228.0;207;206;177;160;165;179;71;91;79;81;89;87;103;105
234.0;206;206;177;159;168;177;75;90;81;77;89;85;101;109
240.0;210;205;177;162;168;179;79;86;78;76;88;89;97;106
246.0;212;208;179;160;165;178;76;90;81;80;84;89;95;103
252.0;220;209;179;161;162;178;77;89;82;77;84;87;95;100
258.0;220;207;177;160;162;179;77;90;84;78;83;87;95;101
264.0;220;209;177;160;162;181;78;93;80;81;82;88;93;96
270.0;225;212;182;158;165;175;79;93;77;80;78;86;96;94
276.0;225;211;184;159;163;169;84;98;72;85;79;80;95;96
282.0;228;216;183;158;164;170;82;99;70;85;80;79;91;95
288.0;229;217;184;157;165;170;81;95;67;88;82;81;92;92
294.0;228;220;184;161;167;171;78;89;70;91;84;78;91;88
300.0;229;222;185;161;160;166;78;91;75;88;91;80;88;86
306.0;230;220;184;168;163;159;81;91;73;88;92;76;88;87
312.0;233;221;189;165;164;159;82;95;69;84;95;78;85;81
318.0;236;224;190;167;167;160;82;95;69;86;90;72;83;79
324.0;237;224;191;164;169;163;81;95;73;85;89;71;82;76
330.0;239;223;190;162;172;161;79;97;73;88;87;71;81;77
336.0;237;225;186;167;167;167;79;96;70;89;89;69;80;79
342.0;236;222;189;170;169;169;77;92;75;90;88;72;73;78
348.0;240;224;186;172;163;168;79;93;77;88;82;74;77;77
354.0;237;225;185;171;165;170;75;93;76;90;84;75;75;79
360.0;241;225;183;174;161;173;72;93;74;93;81;72;78;80
366.0;243;224;182;174;162;175;69;90;75;91;78;71;80;86
372.0;245;224;178;175;164;176;66;92;77;91;77;71;81;83
378.0;243;225;177;175;169;180;63;90;77;93;82;71;77;78
384.0;245;223;176;175;173;180;66;93;72;93;78;66;83;77
390.0;249;224;174;176;173;183;66;95;70;90;75;64;83;78
396.0;253;223;172;177;174;183;66;99;72;92;70;61;80;78
402.0;256;221;171;177;173;184;67;96;75;92;71;63;77;77
408.0;254;217;172;179;171;189;64;92;74;95;71;66;77;79
414.0;251;220;174;182;175;187;63;94;74;88;69;66;80;77
420.0;254;220;174;181;175;184;65;93;75;90;68;67;77;77
426.0;255;223;176;179;174;181;65;90;73;95;66;72;75;76
432.0;253;225;175;184;174;183;62;87;72;98;63;68;76;80
438.0;254;225;170;188;172;183;60;87;71;97;66;70;79;78
444.0;257;223;170;186;172;186;62;85;74;92;67;68;79;79
450.0;252;219;170;184;174;191;63;82;71;91;71;68;81;83
456.0;252;221;169;186;169;191;60;79;74;92;74;68;83;82
462.0;253;222;165;186;167;190;62;74;77;92;78;68;86;80
468.0;256;226;166;185;169;189;63;73;77;92;77;64;82;81
474.0;261;227;166;184;173;188;62;75;77;90;78;62;79;78
480.0;260;229;165;185;174;192;62;74;80;88;78;65;75;73
486.0;260;232;165;186;175;190;67;76;75;85;77;63;75;74
492.0;264;229;160;187;174;193;68;75;74;87;78;63;73;75
498.0;271;234;161;184;172;193;65;75;69;85;74;65;72;80
504.0;268;238;161;185;174;191;63;79;69;82;75;65;70;80
510.0;270;242;162;183;178;190;62;76;68;77;76;67;69;80
516.0;276;244;162;184;182;190;58;75;68;77;76;64;69;75
522.0;278;241;166;186;183;190;61;74;64;78;75;63;67;74
528.0;278;240;165;178;186;189;63;78;62;77;78;63;66;77
534.0;275;242;163;180;188;191;59;81;60;76;78;61;68;78
540.0;275;237;161;178;189;192;62;81;61;80;78;64;66;76
546.0;278;237;157;179;186;190;62;85;60;81;78;66;67;74
552.0;277;238;158;178;182;193;56;83;64;84;72;69;71;75
558.0;277;236;162;178;178;191;54;85;66;84;73;70;68;78
564.0;275;237;161;180;178;191;57;86;62;82;76;67;68;80
570.0;281;234;162;177;178;190;57;88;62;83;73;64;73;78
576.0;281;233;162;179;179;191;60;88;57;81;71;65;75;78
582.0;279;232;162;173;179;194;60;89;60;79;72;63;80;78
588.0;280;233;163;172;179;194;63;87;60;75;78;63;79;74
594.0;283;237;162;169;175;193;67;85;56;77;76;66;79;75
600.0;283;242;160;170;171;192;66;89;56;80;76;66;77;72
606.0;284;243;157;168;170;193;66;90;57;81;77;67;77;70
612.0;284;245;160;165;169;192;68;84;61;77;79;69;75;72
618.0;278;243;161;168;165;195;69;82;60;76;82;72;77;72
624.0;275;247;165;168;161;196;65;85;59;79;83;70;78;69
630.0;276;250;165;169;161;198;66;80;61;82;80;70;77;65
636.0;277;250;162;170;162;197;67;78;58;82;85;68;77;67
642.0;277;253;161;171;164;196;67;78;57;80;84;68;77;67
648.0;273;260;161;167;168;196;65;79;59;78;84;66;75;69
654.0;267;259;162;169;161;200;72;80;61;80;86;67;70;66
660.0;264;255;165;168;163;196;72;81;65;79;87;71;68;66
666.0;264;255;166;166;166;197;68;78;65;77;89;74;66;69
672.0;264;257;165;169;169;195;68;76;65;72;93;68;67;72
678.0;260;258;169;166;169;199;67;77;65;71;93;66;70;70
684.0;263;259;171;165;170;201;66;74;62;68;94;62;72;73
690.0;260;264;167;165;168;201;67;71;63;66;96;65;72;75
696.0;257;260;167;169;168;203;67;71;65;67;95;62;72;77
702.0;257;257;164;172;166;205;68;73;63;67;88;66;72;82
708.0;255;253;162;177;168;201;66;76;61;70;91;65;71;84
714.0;258;250;159;179;168;202;68;69;64;76;88;62;70;87
720.0;255;256;160;174;169;202;68;69;64;76;86;63;70;88
726.0;253;254;165;169;169;205;73;65;65;79;84;62;71;86
732.0;256;251;168;170;172;200;73;62;64;81;88;60;72;83
738.0;257;252;165;167;172;201;70;64;69;81;86;56;74;86
744.0;258;253;165;167;174;195;68;65;73;80;88;57;73;84
750.0;262;254;163;169;170;195;69;65;75;78;85;59;77;79
756.0;260;257;162;169;170;195;68;64;77;79;87;60;76;76
762.0;259;257;167;167;171;194;69;66;76;75;88;57;79;75
768.0;263;260;161;167;168;197;71;67;74;77;90;55;82;68
774.0;262;261;164;166;168;193;71;67;75;78;86;58;85;66
780.0;262;267;166;166;170;193;67;68;74;77;72;63;84;71
786.0;258;268;164;168;172;192;74;64;76;75;73;61;83;72
792.0;259;269;163;168;170;193;74;68;74;75;71;59;85;72
798.0;262;268;164;174;171;191;75;69;75;71;67;61;84;68
804.0;264;270;166;170;165;190;77;69;78;71;70;59;84;67
810.0;263;272;171;168;165;191;79;65;75;69;68;61;85;68
816.0;261;272;169;167;162;193;71;67;76;75;69;66;82;70
822.0;262;278;176;163;162;192;66;71;75;72;68;65;80;70
828.0;262;280;179;161;162;190;63;68;77;71;74;66;77;70
834.0;261;283;176;154;166;192;64;66;73;72;72;69;82;70
840.0;262;283;179;150;167;195;61;71;71;72;71;66;80;72
846.0;263;285;177;150;171;196;60;68;72;74;69;61;81;73
852.0;262;283;179;152;171;195;60;75;69;73;66;64;78;73
858.0;263;282;179;152;172;193;59;75;66;74;67;65;81;72
864.0;263;285;180;155;169;192;58;74;67;74;64;63;82;74
870.0;266;287;176;155;172;190;59;73;70;75;63;62;80;72
876.0;268;283;174;157;169;189;58;71;75;77;65;64;77;73
882.0;269;282;171;165;168;185;56;71;75;82;66;65;76;69
888.0;271;283;165;163;171;190;52;71;77;80;67;68;77;65
894.0;273;282;171;164;170;188;51;71;78;78;69;64;76;65
900.0;270;280;170;168;174;195;45;73;79;75;63;66;75;67
906.0;267;279;174;168;178;198;47;73;80;71;62;63;71;69
912.0;268;283;173;166;180;197;43;75;84;68;60;67;69;67
918.0;266;284;174;165;177;195;48;76;83;67;58;69;71;67
924.0;268;285;177;165;173;191;54;79;84;64;60;69;67;64
930.0;268;286;177;162;174;189;58;76;80;66;60;69;70;65
936.0;269;288;177;161;173;186;61;71;81;66;62;69;71;65
942.0;273;291;179;163;173;185;62;69;78;62;63;70;70;62
948.0;275;291;175;162;169;185;65;70;82;64;62;70;71;59
954.0;277;293;173;163;166;186;65;74;77;64;62;69;71;60
960.0;276;295;175;162;170;184;62;72;77;64;61;68;71;63
966.0;277;301;173;163;169;185;64;71;75;62;62;65;69;64
972.0;277;302;170;167;170;186;63;69;76;59;67;65;64;65
978.0;280;302;174;165;173;180;64;68;75;60;62;65;66;66
984.0;279;293;169;167;174;183;70;71;72;58;61;67;70;66
990.0;282;292;169;167;177;182;75;68;71;58;62;65;68;64
996.0;282;290;172;173;179;180;74;64;70;53;64;67;67;65
1002.0;281;289;173;174;178;178;71;68;70;54;63;66;68;67
1008.0;284;286;173;179;173;180;67;67;72;53;65;68;69;64
1014.0;283;287;172;179;174;175;68;66;73;57;63;65;74;64
1020.0;285;288;174;179;175;177;64;68;73;55;63;67;69;63
1026.0;283;287;177;174;173;177;64;69;71;57;62;71;71;64
1032.0;287;283;179;168;171;174;66;73;74;56;60;70;71;68
1038.0;287;283;174;167;173;176;69;69;69;62;54;76;71;70
1044.0;284;282;172;165;179;174;72;69;72;61;53;74;71;72
1050.0;277;280;172;160;181;177;70;70;73;70;54;75;68;73
1056.0;278;283;170;158;179;178;68;66;73;72;58;75;67;75
1062.0;276;281;168;155;180;178;69;67;74;73;61;77;67;74
1068.0;276;282;167;159;187;181;65;65;77;71;59;79;60;72
1074.0;271;284;165;159;189;181;66;63;72;69;64;81;61;75
1080.0;270;284;162;160;188;178;70;67;71;62;64;83;66;75
1086.0;270;287;160;158;191;176;71;67;70;62;62;81;71;74
1092.0;265;285;161;164;189;170;71;71;71;63;60;86;67;77
1098.0;264;287;158;158;190;175;72;72;72;64;63;82;65;78
1104.0;265;286;160;162;187;172;76;71;67;68;62;82;62;80
1110.0;268;284;156;165;190;171;78;72;64;67;64;83;60;78
1116.0;268;283;158;164;187;172;78;72;66;68;62;83;60;79
1122.0;265;282;158;164;189;172;81;71;66;73;62;78;59;80
1128.0;258;280;155;163;184;173;85;69;69;77;64;78;63;82
1134.0;255;284;154;161;183;176;81;69;70;80;65;80;67;75
1140.0;256;284;153;158;185;177;76;69;69;81;65;82;69;76
1146.0;254;281;158;159;183;179;75;66;70;83;63;86;67;76
1152.0;256;284;160;159;183;175;74;67;70;80;62;85;70;75
1158.0;260;286;160;160;189;175;71;63;65;84;60;80;75;72
1164.0;261;289;160;161;188;178;70;55;67;88;58;77;76;72
1170.0;264;292;161;162;189;174;66;61;69;89;54;77;70;72
1176.0;266;293;159;166;187;172;66;61;68;85;57;78;68;74
1182.0;265;293;156;164;190;171;70;59;69;80;61;78;68;76
1188.0;262;296;156;162;189;173;71;67;67;79;62;77;64;75
1194.0;262;295;157;163;191;171;74;66;68;75;61;76;63;78
1200.0;261;295;158;157;193;175;76;63;69;74;63;78;64;74
1206.0;265;293;157;160;192;174;75;65;65;76;63;75;69;71
1212.0;266;287;160;161;187;181;77;64;67;74;66;70;68;72
1218.0;264;287;158;161;187;177;80;67;62;75;67;74;72;69
1224.0;264;291;156;161;184;175;76;65;63;73;78;75;74;65
1230.0;265;297;157;158;182;169;76;71;63;73;74;77;77;61
1236.0;266;296;155;159;183;171;76;75;63;73;73;76;77;57
1242.0;263;296;157;163;180;171;83;74;65;70;70;75;77;56
1248.0;266;293;161;163;172;172;84;73;68;68;68;77;75;60
1254.0;266;296;162;163;171;171;80;72;72;70;69;74;75;59
1260.0;267;295;164;163;175;169;79;73;72;68;68;74;76;57
1266.0;270;294;166;165;178;167;80;77;72;64;65;71;71;60
1272.0;270;293;164;169;177;165;78;78;73;64;68;72;68;61
1278.0;270;294;160;168;177;163;82;81;74;65;66;72;68;60
1284.0;272;298;160;168;181;161;80;80;73;65;62;72;69;59
1290.0;275;301;160;167;181;156;79;80;72;67;67;67;66;62
1296.0;272;300;161;166;178;157;81;79;69;65;72;67;66;67
1302.0;270;301;163;163;175;155;79;81;70;64;79;69;67;64
1308.0;271;299;163;162;177;156;81;75;70;62;82;69;67;66
1314.0;271;301;166;157;177;159;81;76;70;64;81;67;65;65
1320.0;270;298;163;159;177;158;81;73;70;63;85;74;64;65
1326.0;269;298;162;161;177;160;81;74;66;66;87;71;64;64
1332.0;272;298;162;161;175;162;83;72;62;65;86;73;63;66
1338.0;275;296;159;161;173;163;82;70;64;65;84;76;62;70
1344.0;281;298;158;156;171;159;75;71;65;68;85;80;65;68
1350.0;281;298;162;153;169;162;73;66;67;65;86;80;68;70
1356.0;280;296;165;154;168;161;73;65;67;64;82;82;72;71
1362.0;281;296;162;157;167;160;72;65;64;68;80;84;74;70
1368.0;280;295;163;159;167;160;69;61;68;71;72;85;77;73
1374.0;282;295;166;160;165;161;67;62;65;75;74;77;76;75
1380.0;283;296;159;163;164;159;66;61;69;76;75;77;77;75
1386.0;284;298;158;165;161;154;70;64;66;77;77;74;74;78
1392.0;282;299;160;163;162;154;74;66;68;76;75;70;74;77
1398.0;284;298;159;162;161;159;71;59;66;79;75;71;78;78
1404.0;282;299;159;160;166;158;69;59;63;77;78;72;80;78
1410.0;281;295;165;161;167;162;70;57;64;74;77;70;77;80
1416.0;283;293;162;162;165;162;72;55;62;73;78;72;79;82
1422.0;284;295;164;164;163;162;72;55;65;68;77;72;79;80
1428.0;286;293;166;164;165;164;68;54;67;69;75;73;77;79
1434.0;284;294;163;166;167;163;69;55;70;71;75;72;76;75
1440.0;286;294;161;166;168;161;71;56;70;72;75;72;75;73
1446.0;284;296;162;166;173;160;70;59;70;72;71;72;71;74
1452.0;290;294;156;165;176;157;71;62;70;70;77;67;71;74
1458.0;286;292;159;168;178;154;71;61;73;72;75;66;71;74
1464.0;284;293;158;165;183;151;78;62;67;71;77;64;74;73
1470.0;283;289;160;171;182;145;77;63;70;72;76;64;74;74
1476.0;284;287;161;170;182;150;79;65;67;69;74;62;72;78
1482.0;281;287;160;173;183;150;77;63;64;71;75;64;72;80
1488.0;279;291;162;171;181;149;77;62;63;75;77;64;68;81
1494.0;281;288;159;169;180;150;76;64;60;78;80;67;67;81
1500.0;278;288;162;168;182;151;77;65;57;78;77;67;67;83
1506.0;275;290;161;167;183;152;78;65;55;81;76;67;66;84
1512.0;273;289;163;170;185;153;78;70;56;77;74;67;64;81
1518.0;276;287;170;164;183;161;74;73;51;82;70;68;62;79
1524.0;276;288;176;166;184;159;71;72;53;85;68;66;58;78
1530.0;276;286;175;172;181;158;72;74;51;82;68;71;57;77
1536.0;278;286;177;174;181;157;69;73;48;82;70;70;58;77
1542.0;280;283;180;173;181;159;68;74;49;77;71;71;57;77
1548.0;282;281;182;173;182;158;65;79;48;73;72;71;59;75
1554.0;284;282;180;173;179;158;67;75;51;73;76;73;55;74
1560.0;287;281;179;174;186;157;67;71;52;73;73;72;56;72
1566.0;285;280;179;176;191;156;65;71;52;79;71;74;53;68
1572.0;283;279;182;174;191;157;67;74;56;76;72;74;53;62
1578.0;285;283;185;172;192;157;67;72;58;72;73;72;52;60
1584.0;290;280;189;170;193;159;66;72;59;72;66;71;54;59
1590.0;292;281;191;170;193;156;65;68;58;66;65;72;58;65
1596.0;292;281;191;169;191;155;64;67;60;66;67;70;62;65
1602.0;293;280;186;168;188;152;67;66;62;69;66;73;64;66
1608.0;289;284;184;167;190;151;69;66;62;69;70;72;64;63
1614.0;288;287;185;167;184;150;70;70;65;69;67;71;64;63
1620.0;285;290;181;169;186;149;73;69;65;65;68;70;63;67
1626.0;286;290;182;169;186;144;76;71;67;62;65;71;64;67
1632.0;290;288;178;172;184;144;74;67;65;63;69;70;67;69
1638.0;293;284;175;174;179;142;76;65;73;60;70;71;68;70
1644.0;290;287;175;173;179;145;71;67;73;62;71;70;66;71
1650.0;288;285;175;172;174;150;73;65;73;58;77;66;68;76
1656.0;289;284;177;172;175;150;74;63;72;56;79;66;72;71
1662.0;289;284;178;173;176;151;78;61;71;59;78;64;69;69
1668.0;285;281;175;173;179;156;82;59;71;62;77;64;66;70
1674.0;283;280;175;175;183;151;82;60;73;65;74;66;65;68
1680.0;286;278;172;174;181;155;83;57;71;74;71;65;66;67
1686.0;285;277;173;173;182;154;80;57;74;72;73;66;68;66
1692.0;286;278;170;173;184;152;80;57;74;74;70;67;68;67
1698.0;288;280;172;173;179;151;80;56;74;77;71;65;66;68
1704.0;286;282;176;171;179;150;80;58;76;75;72;66;63;66
1710.0;288;279;177;170;177;148;80;56;74;78;70;68;66;69
1716.0;286;277;179;171;176;150;79;55;74;79;66;69;69;70
1722.0;291;283;178;172;173;149;81;55;74;79;62;67;69;67
1728.0;290;283;182;170;172;144;82;57;73;80;62;69;71;65
1734.0;291;283;181;172;170;145;83;57;72;81;63;70;70;62
1740.0;293;284;179;170;165;147;81;57;74;82;65;68;75;60
1746.0;292;284;180;172;165;144;78;55;75;85;65;66;75;64
1752.0;292;281;178;173;166;147;75;56;79;76;65;72;74;66
1758.0;290;283;176;173;169;145;70;54;78;75;63;76;77;71
1764.0;291;282;179;177;166;141;69;56;79;75;58;77;76;74
1770.0;293;281;179;173;169;144;70;56;79;71;63;74;76;72
1776.0;293;285;180;173;170;141;71;57;75;73;61;73;75;73
1782.0;291;281;182;171;170;142;72;57;74;73;63;73;80;71
1788.0;290;282;180;170;171;143;75;57;75;73;63;78;73;70
1794.0;289;278;177;169;176;143;73;57;74;78;65;77;75;69
1800.0;292;276;179;172;174;141;76;56;69;77;67;79;75;67
1806.0;294;278;175;178;173;137;78;59;65;74;70;75;77;67
1812.0;293;273;174;177;173;142;78;54;67;75;70;79;75;70
1818.0;293;271;171;181;173;144;77;53;70;75;66;79;75;72
1824.0;292;275;167;177;172;145;80;52;72;76;66;80;78;68
1830.0;292;271;167;176;170;145;81;52;69;76;68;80;80;73
1836.0;292;276;169;175;171;141;79;52;69;79;69;79;79;70
1842.0;293;276;164;173;173;144;78;55;70;75;70;79;73;77
1848.0;292;279;164;177;172;146;76;59;68;73;67;77;75;75
1854.0;291;283;160;179;168;148;74;59;67;73;69;79;76;74
1860.0;286;285;164;176;167;150;76;60;64;73;63;86;77;73
1866.0;286;289;164;172;167;149;76;55;61;78;67;83;78;75
1872.0;285;289;165;175;168;149;75;63;59;78;67;80;75;72
1878.0;286;288;165;175;165;146;79;65;58;81;63;81;74;74
1884.0;283;290;167;177;161;144;80;67;56;82;66;78;72;77
1890.0;285;293;172;175;163;141;80;67;53;80;69;75;69;78
1896.0;286;295;175;174;161;142;77;64;51;79;66;75;72;83
1902.0;283;292;174;174;166;144;80;61;55;80;63;69;72;87
1908.0;276;286;174;177;162;147;79;62;61;81;66;69;74;86
1914.0;275;285;177;180;162;146;76;65;63;78;64;70;76;83
1920.0;276;281;176;183;166;141;76;66;61;79;67;67;79;82
1926.0;281;278;180;178;169;140;78;65;60;79;66;65;78;83
1932.0;279;281;180;177;171;141;86;62;64;77;67;64;68;83
1938.0;283;280;183;180;168;143;82;62;62;76;67;63;71;80
1944.0;285;280;183;178;166;144;79;61;60;75;67;69;74;79
1950.0;286;282;180;176;163;145;76;65;61;77;65;70;77;77
1956.0;286;283;179;174;165;147;79;63;59;76;65;72;77;75
1962.0;287;282;178;176;167;144;80;63;58;81;65;69;74;76
1968.0;286;280;181;173;165;145;82;63;63;82;61;68;74;77
1974.0;288;279;177;175;165;144;79;61;67;84;64;69;70;78
