#auto generated file!
12.0;144;161;159;149;144;159;139;159;168;167;156;158;179;158
18.0;150;172;164;155;147;163;136;158;163;161;154;154;170;153
24.0;158;177;171;158;150;161;133;159;154;154;155;151;170;149
30.0;158;182;174;159;150;164;130;155;154;152;155;152;168;147
36.0;163;186;174;161;153;168;127;152;152;144;155;157;163;145
42.0;165;188;175;163;155;167;129;148;159;144;149;153;162;143
48.0;168;192;179;164;156;168;126;149;163;141;145;143;167;139
54.0;170;193;184;168;156;166;130;144;165;141;149;141;157;136
60.0;170;199;183;162;157;172;134;140;164;140;147;137;154;141
66.0;172;204;192;162;159;177;134;141;157;136;142;133;152;139
72.0;174;209;199;166;163;176;127;140;154;136;138;135;148;135
78.0;175;206;208;168;166;182;124;140;150;132;135;136;151;127
84.0;178;211;206;173;166;184;114;137;150;137;131;137;151;125
90.0;179;212;207;173;170;183;108;136;153;140;132;132;152;123
96.0;179;216;215;168;174;180;112;136;150;139;128;132;145;126
102.0;178;221;216;169;170;177;108;140;145;148;129;134;143;122
108.0;182;221;215;170;172;177;104;138;141;143;130;133;142;132
114.0;188;220;218;174;173;185;109;135;137;138;128;129;140;126
120.0;190;222;216;180;176;186;111;136;132;134;124;132;136;125
126.0;196;227;221;180;176;185;114;130;126;135;123;132;132;123
132.0;198;228;221;181;177;191;107;133;120;132;124;133;130;125
138.0;204;228;221;181;176;196;109;133;119;138;121;124;124;126
144.0;206;227;221;188;178;194;115;129;120;136;123;117;120;126
150.0;209;227;219;196;178;195;111;134;116;131;124;114;126;120
156.0;213;232;219;195;181;199;110;124;114;131;127;110;124;121
162.0;218;233;219;196;181;200;109;121;114;129;122;110;127;121
168.0;218;237;224;197;183;201;108;119;117;129;120;105;121;121
174.0;221;237;226;199;185;200;112;114;114;129;116;104;121;122
180.0;223;241;222;200;182;202;111;116;114;121;118;108;119;123
186.0;219;237;226;199;180;205;108;116;113;116;117;109;130;125
192.0;223;242;228;201;181;205;114;115;108;112;112;107;130;122
198.0;229;245;225;205;185;207;106;115;108;119;108;107;125;116
204.0;232;244;224;205;189;205;106;114;105;116;110;109;125;116
210.0;235;243;223;207;194;199;106;107;108;113;109;110;129;117
216.0;236;243;223;210;201;202;106;102;103;111;105;114;127;117
222.0;238;249;224;212;199;200;104;101;106;110;107;116;123;111
228.0;238;249;229;212;202;198;110;100;106;115;103;117;113;108
234.0;244;250;228;210;204;201;112;102;103;111;99;114;114;108
240.0;241;251;232;210;208;199;105;102;102;112;104;109;119;106
246.0;244;255;230;212;207;198;106;105;102;108;103;107;113;110
252.0;242;253;230;218;203;197;104;103;103;110;102;109;114;112
258.0;241;253;230;216;206;195;104;103;107;111;99;107;112;116
264.0;244;253;235;216;208;199;107;100;108;106;98;107;102;117
270.0;244;253;234;218;206;201;105;95;113;106;98;106;101;120
276.0;244;256;234;218;209;202;106;95;107;109;94;105;103;118
282.0;244;263;226;218;215;206;104;93;107;108;96;100;101;119
288.0;248;270;221;219;214;205;97;93;110;108;97;102;101;115
294.0;249;274;225;218;209;206;95;99;108;106;101;101;102;107
300.0;255;273;225;220;213;206;90;102;110;101;100;97;102;106
306.0;256;276;219;219;212;208;90;102;109;99;100;101;103;106
312.0;257;276;221;219;208;211;93;100;105;101;94;103;104;108
318.0;260;271;223;223;209;213;94;99;100;103;93;103;104;105
324.0;267;271;222;223;208;217;97;99;102;99;96;99;100;100
330.0;270;268;220;228;206;215;101;96;104;101;98;97;99;97
336.0;270;269;223;229;210;215;97;96;104;99;99;96;99;94
342.0;276;267;219;226;208;217;94;98;105;96;103;94;102;95
348.0;280;266;224;225;211;213;98;95;99;96;103;97;99;94
354.0;280;267;228;223;211;215;97;97;94;96;104;98;97;93
360.0;283;271;229;226;212;215;94;97;96;91;102;99;89;96
366.0;287;277;228;229;212;214;94;100;92;86;101;97;86;97
372.0;295;276;227;226;213;213;97;98;90;82;102;97;87;97
378.0;295;277;222;228;215;212;100;104;91;81;99;96;88;92
384.0;297;278;215;230;221;211;100;105;93;81;98;94;86;91
390.0;299;278;215;233;223;211;100;98;95;82;100;95;89;82
396.0;303;277;212;233;224;213;96;94;100;83;95;100;88;82
402.0;307;272;218;229;224;210;93;95;101;89;91;103;89;79
408.0;308;277;222;225;225;210;86;93;99;92;93;103;89;78
414.0;307;278;222;226;222;209;85;94;102;89;90;109;87;80
420.0;307;278;223;221;222;210;85;88;107;87;87;111;91;83
426.0;311;278;221;219;221;212;87;90;108;86;86;112;91;78
432.0;308;276;220;220;227;215;90;88;107;88;87;106;88;80
438.0;310;276;221;221;229;217;89;92;107;85;88;102;88;75
444.0;309;277;227;218;231;215;96;82;109;85;88;99;88;76
450.0;308;277;228;218;230;218;94;78;105;86;90;95;91;82
456.0;310;278;228;219;231;217;91;80;104;85;87;95;88;87
462.0;314;275;229;223;233;218;91;77;107;84;91;86;87;85
468.0;318;276;227;217;234;216;92;78;107;83;89;87;89;87
474.0;320;278;226;218;237;217;90;76;102;84;92;83;87;90
480.0;321;278;223;217;233;220;93;74;103;85;92;88;84;89
486.0;322;275;219;216;233;224;95;77;104;87;90;89;79;90
492.0;324;276;214;218;232;228;90;76;103;86;92;87;83;91
498.0;324;277;210;222;232;229;88;75;104;87;93;87;83;89
504.0;323;277;211;227;231;225;83;77;111;83;96;85;86;85
510.0;321;274;213;225;229;228;84;79;113;84;93;89;80;88
516.0;318;274;213;226;230;230;86;82;114;81;89;86;81;90
522.0;312;275;211;228;232;228;85;83;108;85;90;90;84;89
528.0;315;276;204;226;230;232;82;84;112;91;92;83;83;90
534.0;318;273;206;225;230;228;82;85;112;94;96;86;78;87
540.0;323;276;210;223;224;226;87;85;110;92;89;87;82;86
546.0;318;280;208;223;224;223;91;87;110;93;91;85;84;83
552.0;319;279;206;225;219;227;93;86;107;93;92;89;84;81
558.0;317;282;207;226;220;225;90;84;110;90;93;93;83;80
564.0;320;287;202;223;222;222;85;83;110;92;97;93;86;78
570.0;317;290;198;227;221;218;87;84;107;91;99;96;85;80
576.0;319;290;199;226;226;218;92;86;103;87;98;96;81;79
582.0;324;286;198;226;231;218;92;91;101;84;92;97;81;79
588.0;324;279;192;228;229;220;92;96;102;90;96;96;83;73
594.0;327;280;192;230;225;218;94;93;101;93;98;98;78;73
600.0;324;277;192;229;226;219;94;88;100;93;103;100;81;74
606.0;322;280;192;229;227;222;96;88;96;90;105;100;79;74
612.0;318;281;197;224;226;222;97;87;94;90;100;107;81;76
618.0;318;281;197;222;229;222;90;86;90;94;107;106;82;76
624.0;325;284;201;222;226;216;89;85;88;97;106;105;78;78
630.0;324;286;203;227;221;220;85;85;95;97;102;106;74;75
636.0;320;287;198;225;221;218;86;91;90;102;104;107;76;75
642.0;321;292;196;226;224;220;89;87;86;100;105;108;72;74
648.0;323;292;194;230;224;219;89;86;89;94;102;108;74;76
654.0;325;299;195;225;221;221;89;86;83;95;105;106;73;77
660.0;329;299;192;222;221;221;88;88;84;95;105;108;71;77
666.0;329;301;191;221;223;217;86;88;84;95;111;107;73;74
672.0;331;305;194;217;223;213;85;90;88;97;110;105;69;73
678.0;329;307;199;217;218;214;82;96;86;99;108;102;69;74
684.0;322;311;203;217;221;218;82;93;85;96;104;103;68;77
690.0;326;310;204;216;223;214;83;91;86;95;105;99;73;75
696.0;331;306;205;217;222;211;83;97;84;88;109;99;71;77
702.0;335;305;206;212;219;213;84;95;83;90;110;96;72;80
708.0;334;305;212;215;216;216;84;96;79;89;108;93;73;80
714.0;332;306;215;216;216;215;87;93;82;87;108;89;76;78
720.0;333;306;215;215;219;210;84;95;84;88;108;86;77;80
726.0;333;304;214;220;216;211;84;93;82;92;106;86;77;82
732.0;332;309;219;214;218;215;82;91;80;87;104;89;76;84
738.0;334;311;218;216;219;214;85;90;78;86;106;86;77;80
744.0;334;310;218;222;219;209;83;89;77;80;109;90;80;80
750.0;332;312;215;225;218;207;84;90;79;81;109;87;81;80
756.0;335;311;214;226;215;209;79;89;78;83;109;88;83;81
762.0;335;312;219;223;215;210;73;91;74;88;108;87;86;79
768.0;330;306;221;220;213;211;79;91;71;90;109;89;86;84
774.0;331;305;224;224;211;213;78;94;73;88;104;88;83;84
780.0;333;309;221;224;209;209;75;92;76;87;109;84;83;89
786.0;335;317;220;223;202;212;74;92;74;90;110;83;83;85
792.0;333;316;223;225;203;211;74;91;76;88;111;85;82;82
798.0;331;320;216;222;208;213;74;89;73;91;115;80;83;85
804.0;329;320;215;220;209;213;73;91;72;91;117;81;81;88
810.0;329;322;217;227;204;213;73;92;76;90;111;81;76;89
816.0;329;323;218;229;203;211;77;93;76;90;108;80;79;84
822.0;332;320;218;230;211;216;76;92;76;93;105;78;72;81
828.0;330;324;214;231;209;215;78;90;80;96;102;77;72;82
834.0;331;327;215;234;210;212;84;95;79;96;91;74;70;82
840.0;328;331;216;236;209;209;82;93;81;96;91;70;73;85
846.0;326;327;213;238;210;204;87;89;84;94;96;73;75;84
852.0;326;329;210;233;210;208;86;86;88;98;94;74;75;83
858.0;323;329;210;234;209;206;82;90;85;97;97;81;75;82
864.0;325;327;208;235;205;208;82;94;83;100;93;81;78;81
870.0;325;327;214;229;202;209;82;94;79;95;96;87;80;81
876.0;325;329;216;227;200;204;83;88;84;98;95;90;84;77
882.0;323;330;216;224;198;198;83;96;86;100;98;91;80;77
888.0;321;334;217;226;193;202;83;104;85;97;97;87;80;74
894.0;325;330;220;227;193;204;85;100;84;97;94;87;80;74
900.0;324;329;223;226;197;204;83;99;84;96;91;91;80;73
906.0;324;323;224;221;198;201;87;95;86;101;91;92;84;73
912.0;325;326;224;216;202;201;82;95;88;101;97;90;83;70
918.0;322;321;223;220;201;203;81;97;82;100;97;92;90;71
924.0;325;320;222;215;206;208;84;91;79;103;95;93;91;68
930.0;329;318;217;220;206;201;86;95;78;101;98;89;94;68
936.0;326;321;216;223;209;199;85;98;79;102;94;88;90;70
942.0;326;322;219;224;209;195;88;92;76;100;99;89;91;70
948.0;324;326;223;221;206;191;85;94;77;102;101;90;90;70
954.0;323;326;228;222;206;189;84;96;78;100;96;86;93;73
960.0;323;328;233;227;208;189;85;90;75;92;97;84;94;75
966.0;323;326;233;228;211;193;87;94;77;91;92;83;88;74
972.0;319;328;242;227;209;191;87;97;77;93;93;82;87;68
978.0;319;330;240;222;214;192;86;94;78;96;91;83;89;66
984.0;324;326;239;219;213;193;89;90;79;98;89;82;90;69
990.0;323;325;237;218;218;195;92;95;81;95;87;85;83;66
996.0;324;325;237;221;216;194;92;94;83;94;83;82;87;68
1002.0;326;324;240;221;218;196;94;90;80;93;81;81;89;67
1008.0;324;323;239;219;215;196;96;89;83;90;81;80;92;73
1014.0;318;323;240;220;217;198;94;87;80;89;82;81;96;75
1020.0;322;324;238;219;216;198;91;91;81;88;81;84;95;72
1026.0;320;326;241;217;214;199;89;89;82;86;82;88;93;74
1032.0;321;323;239;219;214;198;88;91;81;93;80;88;95;70
1038.0;319;322;238;218;214;200;87;89;80;97;80;95;92;69
1044.0;320;325;240;215;216;198;85;91;78;97;79;99;88;69
1050.0;322;326;238;216;212;199;90;89;82;97;79;100;85;65
1056.0;323;327;238;212;212;201;90;88;84;97;80;97;84;67
1062.0;324;327;240;210;213;201;95;84;87;95;82;90;83;69
1068.0;328;324;240;206;217;201;92;83;86;98;84;90;81;70
1074.0;328;321;241;207;216;197;99;87;90;99;80;91;80;64
1080.0;328;326;241;209;214;195;99;84;91;95;84;95;76;63
1086.0;326;335;240;211;215;189;100;82;90;93;80;100;76;63
1092.0;332;332;242;211;212;187;102;76;91;96;80;96;76;67
1098.0;335;332;242;215;208;190;102;75;89;95;79;96;75;67
1104.0;330;333;239;207;213;191;106;77;89;90;78;98;78;71
1110.0;330;332;237;208;210;192;110;76;87;93;78;99;78;70
1116.0;332;327;235;208;207;194;113;79;84;94;81;96;76;74
1122.0;329;331;234;212;207;192;109;78;81;97;84;95;75;76
1128.0;331;333;235;210;205;189;107;80;83;94;86;97;74;76
1134.0;332;331;235;216;201;187;105;82;83;89;90;94;78;77
1140.0;329;333;232;217;202;187;112;82;77;88;90;91;82;78
1146.0;327;328;235;216;202;191;111;84;76;86;88;94;83;79
1152.0;324;329;230;220;207;196;102;88;76;89;85;94;85;75
1158.0;323;327;229;222;210;197;103;88;77;87;82;94;85;76
1164.0;323;329;230;225;211;198;98;89;74;91;81;92;87;72
1170.0;325;329;234;227;209;192;101;91;73;88;77;89;89;76
1176.0;327;329;230;227;210;191;99;90;74;94;76;85;90;78
1182.0;321;329;231;224;206;190;107;89;75;98;77;89;87;77
1188.0;326;328;236;223;204;189;104;91;76;99;76;91;84;73
1194.0;327;333;241;221;205;187;104;89;75;99;78;94;81;66
1200.0;324;331;241;224;205;181;99;88;75;104;82;95;84;67
1206.0;321;334;232;220;206;180;101;89;78;99;84;97;86;73
1212.0;319;334;231;222;200;184;101;92;82;98;84;94;88;71
1218.0;319;335;229;224;203;185;96;92;86;97;83;94;83;74
1224.0;319;339;228;224;202;188;99;91;90;93;84;90;83;70
1230.0;319;338;223;226;203;191;98;89;89;91;82;94;85;72
1236.0;317;340;217;226;204;194;98;91;87;88;85;94;84;75
1242.0;318;343;209;222;197;195;98;91;91;89;90;96;85;76
1248.0;317;340;214;217;192;195;96;90;90;90;89;98;88;84
1254.0;317;340;216;218;195;192;97;87;90;94;93;96;85;80
1260.0;316;341;215;216;194;194;94;80;92;96;94;96;87;85
1266.0;317;339;215;216;195;194;95;76;97;96;93;96;89;82
1272.0;311;337;214;216;194;191;95;83;101;102;96;93;86;81
1278.0;309;339;214;217;195;192;94;83;101;105;94;90;86;81
1284.0;311;338;216;219;195;193;97;84;98;102;94;90;85;78
1290.0;309;340;217;217;200;192;98;85;101;99;94;87;85;76
1296.0;308;339;222;220;200;192;97;85;98;96;94;89;84;76
1302.0;309;337;223;221;198;194;91;86;96;97;92;94;83;79
1308.0;309;337;218;225;193;194;93;87;98;100;97;89;80;80
1314.0;309;332;221;224;199;195;92;88;98;97;95;89;79;82
1320.0;308;339;220;228;196;193;93;89;95;94;93;87;83;82
1326.0;309;339;223;227;199;192;91;89;96;98;88;88;83;78
1332.0;311;337;224;225;194;191;91;89;98;99;89;91;84;77
1338.0;314;340;221;225;194;189;86;91;95;99;87;91;90;78
1344.0;308;341;225;223;194;189;85;95;91;99;86;91;92;81
1350.0;304;339;226;224;196;194;82;95;92;101;85;90;91;81
1356.0;306;344;224;223;193;192;77;95;96;102;83;92;92;81
1362.0;309;340;221;220;196;195;79;94;93;102;86;90;93;82
1368.0;309;341;214;218;196;197;71;99;90;107;88;95;91;84
1374.0;308;343;212;218;192;199;76;99;90;106;81;98;90;88
1380.0;309;343;212;219;191;201;77;96;88;109;78;105;87;85
1386.0;308;347;217;221;191;194;85;97;88;112;73;100;84;83
1392.0;307;349;220;221;190;192;85;96;88;111;75;98;87;81
1398.0;308;347;216;218;190;193;88;96;93;110;73;99;85;84
1404.0;310;345;220;217;191;190;87;99;94;108;74;100;80;85
1410.0;311;344;218;218;196;190;88;94;96;109;71;103;78;84
1416.0;311;342;222;220;194;187;88;94;96;105;71;105;79;86
1422.0;315;344;223;215;195;187;85;98;98;99;71;104;78;88
1428.0;316;342;220;213;195;187;86;96;97;99;75;102;82;90
1434.0;318;341;222;211;190;187;88;100;92;102;76;100;83;90
1440.0;320;343;220;212;190;184;89;96;91;101;77;100;84;93
1446.0;325;340;221;212;191;186;87;91;95;103;80;101;81;87
1452.0;325;339;226;218;186;183;89;91;95;101;79;101;80;87
1458.0;324;341;224;216;189;180;91;94;94;103;78;105;82;79
1464.0;329;341;222;215;186;184;94;96;94;101;79;103;77;79
1470.0;330;342;221;219;187;184;89;94;93;97;78;104;80;82
1476.0;321;334;226;222;187;184;94;92;94;96;78;108;80;84
1482.0;322;335;228;216;191;183;92;95;97;92;78;108;82;81
1488.0;321;339;227;216;199;179;92;98;93;90;73;106;86;81
1494.0;323;338;226;211;199;178;97;96;94;92;74;106;85;81
1500.0;327;340;227;211;203;181;96;97;99;93;73;97;80;76
1506.0;320;339;231;209;207;184;100;98;96;90;72;99;82;73
1512.0;320;344;230;213;207;184;96;97;95;88;69;101;80;76
1518.0;319;350;225;209;202;184;96;94;96;90;70;101;87;77
1524.0;322;353;225;209;199;184;92;98;96;84;69;97;90;82
1530.0;320;364;223;209;197;185;88;97;93;77;74;99;90;84
1536.0;317;361;224;207;203;185;86;98;90;81;74;98;90;86
1542.0;316;364;224;203;201;187;83;96;88;82;81;94;96;85
1548.0;316;361;220;202;202;193;84;95;84;86;79;98;95;85
1554.0;316;365;218;208;202;197;81;94;85;84;79;92;94;85
1560.0;319;360;211;205;199;200;83;92;82;89;85;92;93;90
1566.0;320;356;217;210;198;203;82;89;83;88;79;92;96;87
1572.0;322;357;213;207;200;199;79;92;85;93;76;90;95;92
1578.0;324;353;212;204;202;202;81;94;83;92;73;89;100;91
1584.0;324;350;211;205;205;201;82;98;76;98;69;86;102;93
1590.0;322;355;215;201;207;202;77;101;79;101;70;83;98;89
1596.0;319;355;211;204;212;203;69;104;81;101;72;83;95;91
1602.0;314;353;212;200;213;204;72;102;84;101;72;88;99;86
1608.0;312;356;215;203;205;197;77;103;94;101;74;88;92;83
1614.0;315;359;211;203;206;199;73;104;88;102;73;92;94;81
1620.0;316;358;206;200;206;201;74;100;94;104;70;92;95;84
1626.0;315;359;207;201;207;200;75;96;94;105;70;93;96;82
1632.0;316;359;205;207;209;195;76;97;98;108;67;89;92;82
1638.0;322;356;207;206;209;191;75;92;93;103;72;92;95;87
1644.0;321;353;209;204;210;195;74;95;94;96;70;93;97;89
1650.0;318;354;214;203;209;194;69;93;95;97;68;92;103;91
1656.0;319;356;215;206;210;194;72;93;94;95;69;90;98;89
1662.0;323;352;218;208;206;192;72;93;93;99;66;84;107;87
1668.0;328;354;219;209;204;191;75;91;93;93;71;84;103;85
1674.0;329;356;215;209;205;189;78;88;91;98;72;79;106;85
1680.0;330;355;214;209;206;191;73;94;92;97;72;76;106;85
1686.0;329;357;213;206;208;189;75;96;88;98;73;75;103;90
1692.0;329;360;212;204;210;189;77;96;88;96;77;76;97;89
1698.0;333;362;208;198;210;190;79;98;90;91;73;84;96;88
1704.0;333;363;206;196;209;191;80;102;89;93;74;82;96;86
1710.0;332;364;205;192;210;191;83;102;90;94;78;83;93;83
1716.0;335;365;206;191;209;192;85;101;90;90;77;85;92;82
1722.0;329;363;210;193;209;189;84;101;91;94;78;83;93;83
1728.0;329;365;212;196;207;191;82;107;90;96;72;77;93;83
1734.0;329;366;209;200;207;192;77;108;92;99;68;75;92;86
1740.0;323;364;209;201;207;193;74;112;94;101;67;80;90;85
1746.0;327;362;208;205;203;195;73;110;95;100;65;83;86;88
1752.0;331;363;204;200;205;195;72;108;98;99;60;87;87;91
1758.0;333;363;205;198;205;195;73;107;100;96;63;86;85;91
1764.0;334;364;206;196;204;197;72;107;102;92;62;86;88;90
1770.0;330;368;207;198;204;195;69;109;102;88;63;90;88;89
1776.0;328;368;206;200;207;193;70;105;106;89;65;92;89;82
1782.0;328;368;205;200;209;194;69;106;105;94;67;86;89;80
1788.0;328;369;206;193;206;191;71;107;105;95;70;89;88;82
1794.0;329;371;209;194;210;192;73;98;104;96;72;85;85;82
1800.0;332;375;210;188;210;189;78;93;107;95;70;82;86;85
1806.0;329;371;207;195;212;188;79;94;105;95;64;84;86;91
1812.0;333;362;209;191;213;192;79;98;104;95;66;87;86;85
1818.0;329;361;213;193;214;193;82;94;103;94;69;83;88;84
1824.0;328;358;214;190;217;193;86;97;101;93;70;82;85;86
1830.0;330;360;210;184;220;185;87;98;102;95;75;84;83;87
1836.0;332;360;211;182;225;182;86;98;101;90;77;85;82;89
1842.0;333;359;208;185;225;183;88;97;103;90;72;86;86;85
1848.0;337;355;208;182;229;182;90;100;104;90;66;87;86;84
1854.0;337;356;209;179;229;184;89;96;106;92;68;90;80;85
1860.0;341;359;210;180;228;185;90;99;100;89;68;91;75;85
1866.0;338;359;210;181;228;185;89;99;100;87;71;92;77;84
1872.0;337;363;208;180;226;182;89;99;97;92;75;95;76;81
1878.0;333;367;208;181;227;182;86;97;98;94;75;96;71;85
1884.0;330;364;204;180;229;186;88;98;98;96;74;95;72;86
1890.0;329;361;204;183;228;188;88;97;103;92;75;95;75;82
1896.0;331;363;205;182;225;194;88;98;102;93;72;91;71;85
1902.0;328;365;211;181;229;193;85;100;97;90;76;92;70;83
1908.0;324;365;211;183;233;194;86;99;96;91;82;90;70;76
1914.0;329;365;210;185;232;195;91;98;91;88;77;87;73;79
1920.0;328;368;207;187;227;193;88;99;97;92;78;84;72;80
1926.0;328;367;206;184;225;192;91;96;99;93;79;85;73;82
1932.0;327;370;202;180;227;193;86;98;98;96;83;87;70;83
1938.0;328;369;201;175;226;197;87;96;101;92;85;84;74;85
1944.0;330;369;198;178;224;199;92;93;99;95;83;86;73;81
1950.0;336;368;200;175;220;192;89;96;98;95;91;85;75;80
1956.0;336;368;203;171;223;191;88;94;98;94;91;83;79;81
1962.0;335;368;201;176;225;189;86;95;99;93;88;80;81;84
1968.0;336;368;207;172;224;190;94;96;100;89;84;78;75;87
1974.0;335;364;203;174;223;185;89;98;99;91;89;81;82;87
