#auto generated file!
12.0;103;82;73;95;91;75;81;85;88;79;79;96;87;86
18.0;108;84;75;96;92;78;79;83;88;73;78;95;85;86
24.0;110;84;78;99;96;78;79;82;90;71;76;93;76;88
30.0;111;85;79;97;97;79;74;82;90;68;76;92;78;92
36.0;113;88;80;100;99;84;76;83;83;70;71;89;76;88
42.0;111;89;80;103;98;86;80;82;79;66;76;88;75;87
48.0;110;94;85;101;99;90;79;83;80;62;76;89;69;83
54.0;110;95;87;100;100;92;78;81;78;63;80;89;70;77
60.0;112;96;88;101;102;96;76;80;80;63;77;87;68;74
66.0;110;100;89;103;104;96;75;77;77;67;75;83;69;75
72.0;110;98;93;105;102;101;70;77;78;66;74;82;66;78
78.0;116;100;97;109;102;102;67;76;80;64;74;81;60;72
84.0;119;100;102;108;105;100;67;78;74;69;69;79;61;69
90.0;117;104;100;110;111;101;69;76;73;69;63;78;61;68
96.0;118;106;98;109;112;103;69;76;72;70;64;78;58;67
102.0;120;111;101;110;111;103;71;74;71;68;65;74;56;65
108.0;120;113;103;111;112;101;71;72;65;65;64;78;57;68
114.0;120;110;109;108;114;100;70;73;64;64;65;74;57;72
120.0;119;113;108;112;117;102;74;71;62;60;65;74;59;64
126.0;124;114;106;115;113;103;70;68;61;60;65;77;58;66
132.0;127;114;112;117;111;99;68;66;59;58;65;77;57;70
138.0;125;118;116;116;108;99;71;67;59;54;64;74;58;71
144.0;126;123;116;115;108;99;72;69;55;50;66;72;58;71
150.0;126;123;118;114;110;101;71;68;56;52;63;67;59;72
156.0;127;121;118;119;112;102;70;67;56;53;61;65;59;70
162.0;128;123;120;120;113;102;63;68;57;55;63;64;56;68
168.0;129;126;121;120;116;105;63;65;57;54;62;66;51;65
174.0;132;127;119;119;121;103;64;61;56;53;64;64;52;65
180.0;132;131;119;119;116;106;67;61;55;54;61;61;53;65
186.0;131;135;116;117;119;108;63;62;55;57;59;60;53;65
192.0;130;136;119;119;120;110;53;63;52;61;57;58;54;68
198.0;129;138;118;121;120;112;54;60;54;61;56;56;53;68
204.0;130;140;121;121;117;113;55;60;55;61;57;52;52;66
210.0;131;138;119;126;119;115;51;59;55;59;56;55;49;68
216.0;133;139;122;125;120;115;52;60;54;57;51;52;50;70
222.0;134;141;120;129;123;117;52;57;49;53;52;56;46;71
228.0;137;144;122;130;122;115;50;56;48;54;51;54;47;70
234.0;131;148;121;131;127;111;51;59;47;54;53;53;47;67
240.0;132;151;121;129;124;110;54;56;48;55;51;55;46;68
246.0;134;149;126;126;125;109;55;57;46;55;51;56;46;65
252.0;137;148;126;125;128;104;57;55;46;54;52;54;48;66
258.0;138;149;124;123;129;104;55;58;48;52;57;50;44;69
264.0;138;151;124;121;128;104;56;58;47;50;60;49;47;67
270.0;139;154;126;125;125;105;54;54;48;50;61;44;46;69
276.0;138;157;127;121;127;106;52;55;49;51;58;44;47;68
282.0;139;162;125;122;125;104;52;57;50;50;56;45;46;67
288.0;143;159;125;122;124;103;55;55;50;49;56;47;44;68
294.0;148;161;123;121;127;102;56;52;46;52;55;47;46;64
300.0;152;159;124;124;133;104;59;48;43;50;52;45;47;60
306.0;154;159;124;122;131;106;62;46;45;48;50;43;50;60
312.0;148;158;121;126;126;105;58;44;46;51;52;47;54;64
318.0;147;161;118;127;125;106;57;44;45;51;49;48;55;67
324.0;148;162;118;125;127;106;55;46;46;46;49;50;55;67
330.0;147;161;117;125;128;105;53;50;49;46;53;47;52;67
336.0;148;160;117;128;126;105;54;51;48;46;51;50;50;66
342.0;151;161;119;128;127;106;56;51;46;45;48;51;50;61
348.0;153;162;115;127;125;106;55;54;48;44;46;50;51;64
354.0;157;165;115;124;124;103;56;54;46;46;45;50;51;64
360.0;156;164;115;124;125;105;60;51;45;47;42;51;51;64
366.0;154;163;118;124;125;105;56;52;49;45;40;49;52;68
372.0;155;163;117;123;124;105;56;57;49;48;37;50;52;64
378.0;157;162;118;118;125;106;53;60;48;49;41;48;54;61
384.0;155;161;115;119;123;103;56;59;50;49;39;48;58;65
390.0;155;163;116;120;124;102;54;61;50;50;39;47;57;62
396.0;157;167;117;120;126;104;50;59;49;46;41;51;53;60
402.0;161;170;115;118;128;100;50;56;49;49;44;51;50;59
408.0;161;172;117;114;130;105;48;56;47;48;44;51;47;60
414.0;161;170;116;114;133;106;47;53;46;45;48;52;48;61
420.0;165;172;117;114;134;104;44;51;46;46;46;51;51;59
426.0;165;172;118;115;132;102;45;50;47;47;48;50;51;58
432.0;165;170;118;117;133;102;42;50;48;46;47;50;55;57
438.0;162;171;118;116;135;104;42;49;48;45;48;54;54;54
444.0;161;174;118;117;130;104;45;51;49;44;48;54;53;52
450.0;156;178;115;118;128;107;47;49;50;45;48;56;53;50
456.0;158;173;120;119;128;110;45;45;49;49;51;53;51;49
462.0;159;170;121;119;127;114;42;44;50;52;51;50;51;50
468.0;162;171;122;119;123;113;43;45;50;53;50;47;51;51
474.0;165;172;120;119;125;115;43;45;52;51;46;44;53;50
480.0;162;171;119;118;128;117;47;41;55;50;46;42;54;50
486.0;164;171;116;119;130;116;49;40;55;51;46;41;51;51
492.0;164;171;114;120;130;117;48;41;53;51;47;40;54;50
498.0;164;173;116;116;130;117;49;42;49;51;47;38;54;54
504.0;161;173;114;118;127;118;49;42;49;52;49;39;54;55
510.0;160;174;112;120;126;119;45;44;50;54;48;40;52;56
516.0;162;171;112;120;127;117;46;48;52;53;46;40;55;51
522.0;163;170;112;124;129;122;46;45;51;49;45;40;53;51
528.0;161;170;114;122;130;124;44;47;53;47;42;41;55;50
534.0;160;175;114;123;127;125;43;47;48;52;40;42;52;52
540.0;158;179;115;124;127;123;44;48;49;52;39;40;49;53
546.0;154;176;115;123;130;124;43;52;47;52;41;41;46;56
552.0;150;177;113;120;130;125;48;52;48;52;41;42;44;58
558.0;149;177;114;122;133;126;46;54;49;48;40;44;39;59
564.0;147;177;116;125;135;126;47;56;46;47;40;47;33;58
570.0;147;178;115;124;135;127;45;55;48;46;41;49;33;57
576.0;147;181;116;123;135;130;45;53;48;42;41;48;34;57
582.0;147;178;116;123;138;129;46;55;47;42;40;50;32;57
588.0;150;177;115;122;136;126;48;53;43;44;45;47;34;60
594.0;147;180;114;124;139;123;47;51;42;47;46;45;35;60
600.0;150;182;113;124;139;120;47;51;44;47;41;43;36;63
606.0;154;181;114;125;138;120;45;49;43;45;41;43;39;63
612.0;155;184;114;124;139;117;43;48;45;46;41;42;40;62
618.0;155;183;116;126;142;118;44;45;45;42;41;42;41;60
624.0;156;181;116;126;141;117;45;44;44;41;43;42;41;63
630.0;160;182;117;125;137;118;45;46;44;39;41;42;41;63
636.0;162;184;114;128;137;112;44;46;45;39;40;42;43;64
642.0;163;184;113;130;137;112;44;46;46;38;40;36;46;65
648.0;168;185;113;128;137;114;46;46;39;38;40;35;46;65
654.0;166;184;119;127;133;113;47;46;37;38;39;38;47;66
660.0;167;186;117;127;132;111;42;46;40;39;41;38;48;66
666.0;166;189;117;128;131;110;45;45;43;40;41;37;44;64
672.0;167;190;117;128;127;109;48;42;46;38;42;35;41;70
678.0;169;194;120;127;129;110;46;38;48;38;40;34;40;67
684.0;168;196;120;125;129;108;49;34;51;38;43;35;38;66
690.0;169;199;124;126;124;104;49;35;55;37;43;34;40;61
696.0;169;201;125;128;122;106;50;35;55;37;39;35;41;57
702.0;169;201;123;128;121;107;52;37;57;36;37;36;38;58
708.0;166;203;122;127;119;107;55;36;58;38;38;38;35;58
714.0;165;200;123;127;116;107;54;37;61;38;39;40;37;56
720.0;166;200;121;128;116;107;54;37;61;38;39;38;37;58
726.0;166;205;118;129;114;107;55;33;61;39;38;39;38;58
732.0;168;204;117;130;114;107;55;34;62;40;37;39;37;56
738.0;168;204;117;128;114;108;53;34;62;41;38;40;39;54
744.0;169;202;114;129;115;108;52;34;62;49;35;40;35;56
750.0;171;202;114;130;118;107;48;35;57;48;41;40;36;53
756.0;171;202;115;134;119;106;46;36;55;47;39;41;37;52
762.0;172;201;116;137;118;106;43;36;53;49;39;41;38;51
768.0;172;204;119;134;117;108;44;36;52;43;38;45;37;51
774.0;168;204;121;136;118;105;44;40;53;43;38;42;36;52
780.0;164;205;120;132;117;103;42;41;59;43;39;42;41;52
786.0;165;204;122;133;119;103;43;42;56;44;37;42;39;51
792.0;164;203;118;134;121;101;45;41;58;45;38;41;40;51
798.0;167;202;121;135;125;100;44;40;58;41;40;41;39;47
804.0;167;203;121;136;124;99;46;38;56;41;41;40;41;47
810.0;164;201;121;132;126;99;46;38;52;45;43;42;42;49
816.0;165;201;124;131;126;101;44;38;49;45;40;45;44;47
822.0;165;202;124;134;124;100;42;39;47;44;44;40;46;49
828.0;164;203;126;133;124;103;38;39;48;41;46;42;44;49
834.0;164;207;126;132;126;101;39;40;46;40;47;41;42;49
840.0;165;205;121;133;124;101;42;39;48;41;49;40;43;49
846.0;168;202;120;129;127;99;43;41;47;43;48;40;42;51
852.0;169;202;122;130;126;97;44;40;46;43;46;41;43;51
858.0;170;200;124;128;127;97;46;42;45;42;45;41;42;51
864.0;173;201;124;129;125;97;45;39;45;42;45;41;44;50
870.0;170;201;126;127;129;97;46;36;45;41;45;41;46;50
876.0;170;202;127;128;128;99;43;37;44;42;43;43;45;49
882.0;173;199;125;130;128;98;44;38;42;42;42;42;49;48
888.0;179;198;125;132;128;94;45;36;40;40;39;42;54;48
894.0;181;200;126;133;128;90;46;35;41;40;40;42;51;47
900.0;180;203;127;134;130;91;47;35;37;42;40;42;48;44
906.0;181;203;131;131;128;90;45;36;37;40;42;42;50;44
912.0;180;202;133;127;128;92;45;35;37;40;39;43;54;45
918.0;183;201;132;124;129;90;45;33;41;39;38;46;55;44
924.0;184;203;130;120;130;92;44;34;40;40;43;43;54;43
930.0;182;204;130;121;130;94;43;33;41;38;45;42;53;44
936.0;183;205;127;121;131;94;42;35;41;37;44;43;52;45
942.0;185;203;126;120;129;96;40;36;38;41;45;40;53;48
948.0;182;202;127;118;127;102;43;32;39;42;45;41;53;47
954.0;179;200;125;119;127;102;40;33;39;44;46;43;54;49
960.0;181;196;125;119;131;100;41;33;42;42;45;44;55;46
966.0;181;195;125;119;127;103;43;32;43;43;44;43;55;47
972.0;181;199;125;119;125;105;44;31;42;45;45;41;55;43
978.0;181;195;127;116;125;104;45;35;42;44;46;42;52;46
984.0;181;194;123;117;126;106;45;38;43;41;44;44;54;44
990.0;182;194;126;117;125;103;45;37;45;42;47;44;53;40
996.0;183;193;127;116;126;102;45;41;46;42;48;41;53;37
1002.0;184;194;126;118;127;105;47;37;45;42;47;39;53;36
1008.0;184;193;120;117;127;103;53;36;45;43;45;40;54;40
1014.0;186;195;120;119;127;104;53;36;43;43;45;37;54;38
1020.0;184;191;122;118;127;104;54;37;40;46;43;41;52;41
1026.0;184;193;122;118;130;104;56;35;40;50;39;39;51;39
1032.0;185;194;119;121;131;102;55;36;40;51;36;38;49;43
1038.0;185;194;120;120;129;101;56;36;36;54;38;43;46;42
1044.0;185;196;121;118;129;102;52;36;37;51;39;42;48;44
1050.0;183;193;125;114;130;100;51;36;38;53;38;40;55;44
1056.0;181;193;124;113;129;102;49;36;42;53;38;37;56;47
1062.0;181;193;123;114;126;99;47;35;44;56;40;39;54;49
1068.0;180;197;121;112;127;98;48;37;43;55;43;43;49;47
1074.0;183;197;123;110;131;98;44;38;44;52;43;43;46;48
1080.0;185;197;122;111;131;99;42;38;44;57;41;42;45;46
1086.0;187;196;121;114;133;99;40;40;43;57;40;39;44;47
1092.0;184;198;119;115;135;98;40;40;43;56;39;40;41;52
1098.0;184;201;114;116;137;96;42;39;47;57;40;38;38;51
1104.0;181;204;114;119;137;96;42;39;45;57;39;35;40;52
1110.0;179;205;111;116;138;95;44;37;46;57;43;35;43;51
1116.0;180;207;108;116;139;97;44;38;46;59;41;36;39;50
1122.0;180;206;107;115;139;97;47;39;49;57;39;36;37;52
1128.0;183;206;104;112;137;100;46;40;49;57;37;37;37;55
1134.0;183;198;107;109;143;102;50;42;49;55;37;35;38;52
1140.0;187;198;104;111;145;101;48;41;52;56;38;32;37;50
1146.0;186;201;102;113;142;101;47;42;53;58;37;30;38;50
1152.0;185;201;100;116;141;99;44;42;52;56;37;36;38;53
1158.0;184;200;98;112;143;101;42;39;53;56;41;35;42;54
1164.0;185;199;98;111;144;102;43;37;50;54;42;36;44;55
1170.0;184;204;98;111;144;104;42;36;50;50;43;36;44;54
1176.0;186;205;99;110;148;106;38;35;47;49;44;36;42;55
1182.0;184;208;100;111;146;106;38;35;46;47;45;37;42;55
1188.0;183;208;102;114;146;105;38;36;45;46;43;41;41;52
1194.0;182;210;101;112;148;108;40;35;48;44;44;40;38;50
1200.0;182;206;101;110;147;110;39;34;49;44;47;42;39;50
1206.0;180;206;98;115;146;110;41;38;50;42;47;41;34;52
1212.0;181;208;99;113;147;109;38;37;52;43;47;40;35;51
1218.0;183;203;96;114;148;110;40;40;51;44;47;40;33;51
1224.0;184;202;95;115;153;106;43;40;47;44;47;40;36;48
1230.0;186;201;96;117;150;105;42;38;47;45;49;37;37;50
1236.0;186;205;96;119;152;101;42;38;46;44;46;39;38;48
1242.0;185;206;96;119;153;100;42;40;48;47;45;37;36;46
1248.0;186;207;100;116;154;102;39;40;45;46;43;38;36;48
1254.0;184;204;101;118;155;106;40;37;47;47;43;37;35;46
1260.0;186;205;99;120;153;104;38;39;46;49;43;39;33;46
1266.0;186;205;100;123;153;103;37;40;46;50;42;41;30;44
1272.0;186;203;101;123;152;103;39;37;47;50;44;40;31;44
1278.0;186;201;98;125;148;107;40;37;49;48;46;38;31;46
1284.0;186;201;97;121;149;111;38;36;48;50;48;38;30;47
1290.0;185;204;103;122;149;114;37;34;45;45;47;38;30;47
1296.0;184;204;100;126;148;115;35;34;44;47;47;35;31;50
1302.0;184;204;98;126;148;114;33;34;43;48;46;38;34;50
1308.0;183;204;98;124;147;111;35;36;39;47;48;39;37;52
1314.0;183;208;100;124;147;109;32;40;39;49;47;36;36;50
1320.0;184;206;100;125;145;110;32;40;40;49;45;37;38;49
1326.0;183;210;99;122;139;109;32;44;40;52;45;37;39;49
1332.0;181;206;100;119;136;110;32;48;40;54;47;41;40;46
1338.0;184;207;95;117;137;111;34;48;42;52;44;41;39;49
1344.0;185;209;90;116;140;111;37;46;41;47;46;42;41;49
1350.0;183;210;94;113;138;111;38;46;42;45;46;45;42;47
1356.0;181;209;98;111;142;108;39;46;47;44;45;42;41;47
1362.0;180;207;96;112;147;107;42;43;48;41;50;42;40;45
1368.0;180;207;94;112;147;107;39;44;50;42;50;42;41;45
1374.0;181;207;96;111;141;109;40;44;49;41;48;42;40;51
1380.0;181;202;96;113;144;111;42;43;47;43;47;44;39;48
1386.0;178;206;96;112;146;109;41;41;45;45;47;41;38;55
1392.0;180;206;98;110;148;108;39;39;47;45;46;44;37;53
1398.0;180;205;96;109;147;108;39;41;46;49;44;45;39;52
1404.0;175;201;101;110;150;108;41;41;47;46;43;47;40;50
1410.0;175;198;103;107;151;108;39;39;50;46;44;50;38;52
1416.0;177;200;103;106;152;107;35;39;50;47;46;47;36;55
1422.0;177;201;104;107;153;107;36;40;46;46;42;51;36;54
1428.0;176;202;107;105;151;107;35;41;48;47;45;48;36;52
1434.0;176;204;100;107;154;102;34;43;50;46;45;50;38;51
1440.0;176;200;100;106;154;102;35;42;50;49;44;51;39;52
1446.0;174;201;100;110;153;102;34;42;52;49;44;49;37;53
1452.0;173;202;102;110;154;101;36;42;51;49;45;47;37;51
1458.0;175;207;100;108;150;103;37;41;48;50;44;50;36;51
1464.0;173;206;97;107;149;106;38;40;49;50;42;51;40;52
1470.0;175;207;97;111;149;105;40;41;49;49;36;49;42;50
1476.0;177;205;93;113;150;103;41;38;49;48;38;51;43;51
1482.0;176;205;95;113;150;104;41;38;53;49;38;47;41;50
1488.0;176;203;97;116;152;107;43;35;54;49;36;42;37;53
1494.0;179;203;95;114;151;104;43;35;55;49;39;45;34;54
1500.0;180;202;97;111;147;107;45;35;56;46;38;48;35;53
1506.0;179;206;95;114;145;106;45;35;55;47;40;48;34;51
1512.0;181;205;97;116;147;105;43;32;53;47;39;49;35;51
1518.0;181;204;98;113;147;108;45;33;50;47;43;47;35;49
1524.0;186;203;97;114;146;111;46;33;48;45;42;46;35;48
1530.0;186;202;96;114;142;112;48;33;48;46;46;44;35;48
1536.0;185;202;93;115;141;112;49;35;45;44;48;47;36;48
1542.0;187;198;97;116;141;111;47;36;42;49;47;49;36;44
1548.0;189;196;96;117;138;111;50;35;46;51;46;45;38;42
1554.0;188;199;97;116;138;108;49;37;47;50;44;43;39;45
1560.0;190;196;98;118;139;107;51;38;47;44;46;46;36;44
1566.0;185;197;98;119;139;110;45;42;47;44;50;46;34;44
1572.0;186;196;97;120;141;109;47;41;45;41;52;47;36;42
1578.0;185;193;97;120;143;109;48;44;43;41;53;46;36;42
1584.0;185;190;96;121;146;111;45;43;43;39;54;47;39;41
1590.0;183;191;98;125;146;108;40;41;41;37;58;48;44;40
1596.0;180;191;99;124;143;106;38;43;43;37;59;51;46;40
1602.0;185;192;95;123;144;105;36;43;43;36;62;52;45;39
1608.0;185;188;97;124;146;105;35;42;41;35;64;51;46;41
1614.0;185;187;97;124;148;104;37;39;41;31;63;53;50;41
1620.0;188;190;97;126;145;100;37;40;41;31;63;53;49;40
1626.0;188;195;100;125;145;100;37;37;37;29;62;50;53;42
1632.0;187;191;99;123;148;97;41;37;34;32;65;47;55;44
1638.0;187;190;101;121;146;99;41;39;35;34;62;43;56;46
1644.0;190;186;105;119;146;98;42;39;36;34;61;42;54;48
1650.0;190;187;106;120;145;94;41;40;41;34;62;42;50;48
1656.0;191;187;105;119;139;96;44;43;45;32;61;42;47;49
1662.0;191;188;107;114;139;95;41;43;45;33;61;43;47;53
1668.0;192;186;113;113;138;98;40;42;41;35;58;45;50;49
1674.0;197;185;112;112;137;96;38;39;41;37;62;46;49;49
1680.0;197;185;112;111;138;98;40;36;40;37;60;45;50;51
1686.0;195;185;116;109;138;100;47;35;39;37;57;44;49;49
1692.0;194;182;118;110;139;101;49;37;39;37;58;42;48;46
1698.0;194;183;116;111;138;104;48;36;38;36;56;45;49;46
1704.0;196;181;113;111;138;101;49;36;43;36;57;45;47;47
1710.0;197;182;113;112;139;99;47;36;43;39;54;43;46;50
1716.0;196;184;111;110;139;98;46;39;42;40;53;46;48;48
1722.0;198;179;112;108;138;98;47;41;45;40;50;49;45;50
1728.0;197;180;108;109;138;100;48;39;45;41;51;48;48;48
1734.0;194;181;109;108;133;101;50;43;47;38;53;48;49;46
1740.0;194;180;108;108;131;102;51;42;47;38;54;51;48;46
1746.0;195;180;105;109;131;105;51;42;46;35;56;52;47;46
1752.0;194;181;106;108;131;106;52;41;46;38;53;52;45;47
1758.0;194;181;106;108;129;106;52;40;47;39;51;54;49;44
1764.0;195;184;106;106;130;107;51;44;43;43;49;54;46;42
1770.0;198;184;104;106;128;110;51;43;40;45;47;55;48;41
1776.0;199;183;107;106;127;112;53;43;40;44;45;56;43;42
1782.0;200;181;103;110;127;109;56;42;42;46;43;52;47;42
1788.0;200;181;105;109;128;110;57;41;41;45;42;52;44;45
1794.0;198;180;108;110;131;110;56;40;43;44;41;50;45;44
1800.0;198;180;110;108;130;112;55;39;45;45;40;49;46;43
1806.0;196;177;109;109;130;110;58;36;46;44;44;49;49;43
1812.0;196;177;110;110;129;112;55;36;46;46;42;50;47;44
1818.0;198;175;111;111;125;113;54;38;43;47;41;50;48;46
1824.0;196;181;111;111;125;115;49;40;39;50;41;46;49;47
1830.0;197;181;110;110;125;117;50;41;40;49;37;49;49;45
1836.0;198;184;110;110;124;118;48;41;39;47;37;48;52;44
1842.0;198;179;110;107;126;114;45;42;44;48;37;47;56;47
1848.0;203;179;110;105;126;116;42;40;44;49;35;46;56;49
1854.0;202;177;112;103;128;116;45;41;43;49;37;47;52;48
1860.0;204;174;111;103;128;118;44;40;48;48;37;45;49;51
1866.0;204;172;113;104;125;122;45;41;48;46;36;43;53;48
1872.0;202;171;115;104;125;120;44;41;48;47;37;42;54;50
1878.0;200;174;110;104;124;123;41;42;49;46;38;41;56;52
1884.0;199;174;108;102;124;122;42;46;51;47;39;39;56;51
1890.0;200;172;107;100;123;125;43;48;51;49;40;37;55;50
1896.0;199;170;110;100;123;124;45;48;52;49;37;41;55;47
1902.0;197;174;110;99;124;124;45;45;52;50;37;41;56;46
1908.0;196;171;109;104;122;126;45;47;53;44;40;42;54;47
1914.0;200;171;107;105;122;122;42;44;55;41;40;44;56;51
1920.0;198;176;106;104;122;127;43;41;51;42;43;40;55;52
1926.0;197;175;108;108;123;124;44;40;51;44;42;38;53;53
1932.0;198;177;110;108;123;127;44;44;47;41;41;34;51;55
1938.0;201;177;110;110;122;122;45;45;46;39;42;36;50;55
1944.0;200;177;110;108;125;119;42;44;43;41;45;38;53;55
1950.0;203;177;112;107;123;118;42;43;41;41;43;41;55;54
1956.0;203;177;112;106;122;118;40;40;40;41;51;42;52;56
1962.0;203;179;110;108;122;116;42;39;43;41;49;43;49;56
1968.0;199;182;107;109;121;117;40;38;45;42;47;43;54;56
1974.0;198;178;109;106;120;118;39;38;43;42;48;46;55;60
