#auto generated file!
12.0;82;70;60;68;67;68;70;72;64;71;65;75;94;74
18.0;81;72;61;67;68;69;66;71;65;72;65;76;94;73
24.0;82;74;61;66;72;71;65;70;67;72;63;75;90;72
30.0;86;77;63;66;72;72;67;65;64;74;63;76;85;70
36.0;89;78;63;65;74;75;69;65;60;74;62;75;80;71
42.0;92;83;62;67;77;76;71;64;55;75;66;71;73;68
48.0;96;87;65;69;78;76;68;63;51;74;66;67;72;68
54.0;101;87;67;72;79;76;67;60;49;74;70;63;69;66
60.0;102;88;68;74;80;77;64;59;48;74;71;65;64;66
66.0;102;91;66;76;83;78;64;56;48;70;70;64;68;64
72.0;106;93;65;79;83;80;63;56;47;67;68;66;66;61
78.0;108;92;68;81;84;78;62;56;46;68;68;65;65;59
84.0;109;91;72;80;83;80;61;53;50;69;67;66;64;55
90.0;107;92;72;81;89;80;58;53;48;66;66;67;64;57
96.0;104;89;73;80;89;78;57;58;49;71;66;64;65;57
102.0;101;91;76;84;89;81;52;57;49;70;67;65;62;56
108.0;102;93;74;87;89;80;47;59;52;71;63;65;63;55
114.0;105;92;76;88;88;80;48;57;54;70;64;62;63;53
120.0;105;94;78;89;87;80;47;58;53;68;64;61;65;51
126.0;104;93;80;87;87;80;46;60;54;69;65;61;64;50
132.0;107;93;83;85;86;78;46;58;57;66;67;59;65;50
138.0;110;93;83;85;85;79;45;58;56;67;69;57;65;48
144.0;111;90;85;86;84;81;45;56;56;65;69;53;67;52
150.0;111;85;88;89;85;85;45;53;56;64;65;58;64;52
156.0;115;85;88;89;84;86;42;52;55;64;65;61;63;51
162.0;117;90;89;91;84;87;43;50;53;60;67;58;59;52
168.0;115;94;87;92;84;89;42;45;54;60;66;63;54;55
174.0;118;97;88;91;87;92;40;47;53;57;62;64;50;54
180.0;118;99;85;90;91;94;39;44;50;56;63;61;54;56
186.0;121;102;86;86;95;90;38;45;52;57;60;60;58;50
192.0;123;103;89;88;95;88;36;43;52;55;63;57;56;52
198.0;123;105;90;88;95;88;35;42;52;55;59;58;59;51
204.0;122;104;92;89;95;90;37;41;55;51;60;54;58;52
210.0;121;104;92;91;95;89;39;44;51;49;62;53;58;52
216.0;119;102;88;95;94;89;39;45;55;49;63;52;59;51
222.0;120;102;90;98;93;89;36;43;55;47;64;52;59;52
228.0;123;103;91;101;94;91;36;41;55;48;62;51;58;46
234.0;124;102;93;106;94;93;34;41;58;45;58;52;53;47
240.0;125;108;94;105;93;92;34;42;58;40;54;55;52;48
246.0;127;106;98;107;92;90;32;42;60;40;55;52;50;49
252.0;127;108;98;106;93;88;30;43;60;39;57;50;53;48
258.0;127;106;97;108;95;87;32;44;59;40;58;47;55;45
264.0;126;110;96;108;97;87;32;42;59;41;56;46;54;46
270.0;126;112;94;109;96;88;35;40;59;42;52;49;51;47
276.0;126;116;100;111;94;87;34;39;55;38;51;52;51;46
282.0;123;116;100;112;96;86;33;41;55;41;48;52;53;44
288.0;126;119;100;112;96;84;35;41;51;41;48;54;49;44
294.0;129;120;102;112;96;82;35;38;51;43;50;54;48;40
300.0;126;119;100;114;100;80;36;40;54;42;48;53;49;39
306.0;128;118;100;117;100;79;35;40;55;41;49;52;44;42
312.0;129;118;101;117;99;82;34;39;52;42;49;56;43;39
318.0;129;119;103;119;99;83;35;35;49;43;51;52;45;38
324.0;129;119;103;119;101;82;33;35;50;43;51;50;47;38
330.0;130;120;100;120;101;82;36;32;49;44;51;50;47;38
336.0;129;117;98;123;102;83;37;32;51;44;49;50;48;37
342.0;131;117;97;122;102;83;40;34;49;42;47;51;47;38
348.0;129;115;94;121;102;85;41;36;48;42;48;47;50;42
354.0;128;116;98;120;102;86;39;36;46;39;51;47;50;42
360.0;127;117;98;120;106;87;40;36;42;39;51;43;53;41
366.0;127;117;99;119;105;87;39;38;42;39;50;43;53;42
372.0;126;119;99;121;104;87;36;38;41;37;48;44;55;45
378.0;125;120;100;121;108;87;35;39;42;39;48;40;50;46
384.0;125;121;102;122;107;85;36;39;40;41;47;37;52;46
390.0;127;121;105;122;105;85;36;36;45;39;48;39;49;43
396.0;126;123;100;121;105;86;36;35;47;40;50;39;50;42
402.0;126;123;99;120;103;84;37;37;47;42;48;41;49;44
408.0;126;124;99;125;101;83;36;37;46;38;51;39;49;46
414.0;126;127;98;122;102;87;36;38;44;38;52;43;44;43
420.0;124;130;100;118;101;88;39;39;47;37;49;44;45;39
426.0;124;130;100;115;99;87;38;39;49;37;52;47;42;41
432.0;125;131;99;111;99;86;39;40;47;36;52;50;45;40
438.0;124;136;96;111;99;87;40;41;47;33;53;48;45;40
444.0;123;137;99;112;98;88;38;41;50;37;53;45;42;37
450.0;123;138;98;113;97;86;35;40;55;40;53;47;42;33
456.0;123;136;99;115;97;86;35;42;53;39;51;46;41;37
462.0;123;138;99;114;98;84;37;42;54;39;52;45;39;36
468.0;125;141;99;117;100;81;36;42;53;38;52;43;37;36
474.0;125;141;95;119;104;83;36;43;52;39;49;42;38;34
480.0;128;140;97;116;106;85;38;38;50;39;51;42;37;33
486.0;128;139;98;113;105;85;39;40;50;36;51;43;38;35
492.0;126;137;96;114;106;87;43;41;49;37;49;42;38;35
498.0;127;136;98;112;101;87;43;42;49;39;49;44;40;33
504.0;127;134;98;114;99;89;41;43;50;37;49;44;41;34
510.0;129;138;97;116;98;90;44;40;46;36;49;44;37;36
516.0;128;139;100;116;99;90;45;37;45;35;49;44;35;38
522.0;129;138;100;117;101;91;42;36;46;33;49;42;38;38
528.0;131;137;100;117;100;88;42;38;46;34;51;40;38;38
534.0;133;141;101;115;99;91;42;35;47;32;47;41;38;38
540.0;135;140;98;118;101;89;44;34;49;33;44;40;38;37
546.0;138;140;94;119;97;90;42;38;50;35;43;38;38;38
552.0;137;142;91;119;99;91;41;38;48;36;42;40;37;39
558.0;139;143;89;121;96;96;41;40;47;36;41;39;36;36
564.0;145;141;90;119;96;95;41;42;48;33;39;41;37;33
570.0;143;140;91;118;98;95;43;41;50;33;37;43;38;30
576.0;143;141;91;113;100;96;44;44;48;37;35;39;38;31
582.0;139;142;93;111;99;98;46;43;44;39;35;38;41;32
588.0;139;142;93;112;97;103;45;43;44;39;34;37;38;34
594.0;140;142;92;111;97;103;47;44;40;40;33;39;40;32
600.0;141;143;95;113;93;103;47;45;38;40;33;38;38;33
606.0;145;146;97;115;95;103;41;43;35;36;32;40;39;33
612.0;142;151;95;113;97;103;47;39;37;34;30;43;37;32
618.0;143;152;97;111;96;102;47;42;35;33;28;46;37;31
624.0;145;153;98;112;96;102;47;38;34;32;27;47;37;32
630.0;149;154;92;111;96;101;45;41;35;34;27;46;40;29
636.0;150;154;96;112;92;101;43;43;34;30;31;44;38;32
642.0;151;153;99;111;93;101;40;42;34;30;30;45;37;34
648.0;151;153;97;109;96;102;41;43;32;29;30;42;40;35
654.0;154;153;98;107;97;100;40;43;33;29;30;42;38;36
660.0;155;154;98;105;94;101;42;44;33;29;31;41;39;34
666.0;153;156;99;105;96;98;42;44;31;31;31;39;41;34
672.0;153;157;100;106;95;96;42;44;32;32;29;38;43;33
678.0;152;160;96;106;95;96;41;47;35;33;29;36;44;30
684.0;147;165;98;104;97;97;39;42;37;33;31;33;45;32
690.0;147;167;97;102;98;98;40;38;37;32;29;38;46;31
696.0;148;164;96;103;96;98;42;37;39;34;29;36;47;31
702.0;153;164;96;102;92;100;40;38;37;32;32;38;45;31
708.0;156;165;95;103;93;98;38;39;35;31;34;38;46;29
714.0;156;162;96;106;93;99;33;41;33;31;34;38;48;30
720.0;154;161;97;106;92;100;32;42;34;30;36;35;48;33
726.0;156;163;97;109;91;97;33;42;34;29;34;34;46;35
732.0;157;163;95;108;94;93;35;40;35;29;35;31;48;37
738.0;158;166;92;110;93;92;34;38;35;31;34;29;49;39
744.0;152;172;94;105;92;94;33;38;34;32;35;33;48;38
750.0;153;173;93;106;91;95;32;40;34;33;32;31;48;39
756.0;156;169;91;106;94;95;32;38;36;32;33;31;47;40
762.0;153;167;91;107;91;95;35;36;38;31;37;30;50;39
768.0;150;169;91;109;93;99;36;37;35;29;36;30;47;39
774.0;151;169;91;111;94;97;36;34;35;31;37;29;46;39
780.0;151;170;91;109;94;100;34;34;33;32;36;29;47;40
786.0;151;172;91;110;90;98;38;33;32;35;37;28;46;39
792.0;152;173;92;109;92;99;40;32;31;36;34;26;45;39
798.0;147;175;91;108;91;97;41;32;35;37;38;27;45;36
804.0;147;173;90;108;91;97;43;32;34;39;33;30;49;34
810.0;151;173;90;108;91;97;41;33;34;40;34;26;48;34
816.0;152;174;89;109;89;96;36;32;35;42;32;26;50;38
822.0;150;173;89;108;91;95;37;32;36;42;30;28;51;38
828.0;152;170;88;109;92;98;35;29;37;40;32;28;52;38
834.0;154;171;87;109;95;98;34;30;38;39;30;29;49;37
840.0;156;170;84;106;97;99;37;30;37;36;31;29;49;39
846.0;158;171;84;102;97;99;39;29;36;39;30;34;46;36
852.0;156;170;84;100;99;100;38;30;42;38;28;33;48;34
858.0;156;171;84;100;99;101;36;32;43;40;27;31;50;30
864.0;155;172;83;98;98;101;36;35;42;40;27;32;48;33
870.0;159;172;85;98;96;102;34;35;44;37;26;30;48;34
876.0;157;171;85;100;95;101;34;34;46;40;26;28;49;34
882.0;157;173;84;101;97;100;34;32;44;37;26;27;52;36
888.0;159;171;85;100;93;100;35;32;43;41;24;29;51;37
894.0;157;171;83;100;92;99;36;37;40;40;28;29;49;39
900.0;158;169;81;99;95;100;39;36;42;40;26;29;47;39
906.0;160;170;83;97;95;100;37;36;45;41;23;31;46;36
912.0;164;167;84;95;94;99;36;34;43;45;27;31;43;38
918.0;163;165;81;96;91;99;34;35;41;47;32;35;44;37
924.0;162;168;81;97;92;101;36;36;37;46;32;33;43;36
930.0;162;168;82;99;96;100;34;39;36;45;30;33;42;34
936.0;164;170;84;99;95;97;38;37;34;45;28;34;42;33
942.0;167;170;82;99;95;96;36;35;35;47;29;33;42;34
948.0;167;172;83;99;97;95;37;35;33;46;30;32;42;32
954.0;167;171;84;97;97;94;38;36;33;46;30;33;39;35
960.0;168;167;84;99;97;94;40;36;33;44;29;33;39;37
966.0;169;167;84;102;95;95;38;34;35;44;28;34;38;37
972.0;172;166;83;103;94;98;38;35;35;42;29;32;37;36
978.0;170;166;85;102;89;97;37;37;32;42;31;37;36;39
984.0;169;167;83;101;87;98;39;39;32;40;33;38;35;39
990.0;167;167;80;100;88;97;38;45;33;40;35;37;35;38
996.0;166;168;78;100;89;96;35;50;32;39;34;38;34;41
1002.0;165;167;77;99;90;97;38;49;32;36;36;40;33;41
1008.0;165;164;77;97;92;98;42;46;34;37;33;42;34;39
1014.0;165;162;81;95;92;94;44;49;33;39;34;41;34;37
1020.0;164;158;78;97;94;95;43;48;32;41;34;42;36;38
1026.0;164;159;79;98;96;96;40;50;34;39;33;42;34;36
1032.0;165;159;79;96;97;92;40;50;33;41;33;42;35;38
1038.0;164;158;76;96;98;95;40;50;34;44;35;41;32;37
1044.0;165;154;76;99;99;98;40;53;33;46;32;41;32;32
1050.0;164;155;76;99;102;102;36;52;32;43;32;42;33;32
1056.0;165;155;78;103;101;103;35;51;29;42;31;43;35;29
1062.0;167;152;78;101;101;104;37;50;28;40;33;45;35;29
1068.0;163;156;76;103;100;104;38;46;28;43;33;45;35;30
1074.0;165;155;78;105;98;101;39;48;27;44;34;42;33;31
1080.0;164;161;79;104;95;104;38;46;26;38;34;44;34;33
1086.0;161;164;81;107;96;103;38;45;25;38;32;45;31;34
1092.0;158;166;81;108;96;102;37;47;27;37;30;43;32;36
1098.0;160;167;80;105;97;100;37;47;25;36;33;43;32;38
1104.0;163;165;78;104;96;100;39;46;27;39;35;40;30;38
1110.0;162;167;81;105;93;101;39;44;29;38;33;38;32;38
1116.0;164;165;80;106;93;102;39;47;30;35;34;36;31;38
1122.0;164;162;83;107;95;99;40;47;29;39;34;33;31;37
1128.0;163;163;82;107;94;97;44;45;26;39;38;34;29;39
1134.0;164;161;82;107;95;97;43;46;25;34;41;37;29;39
1140.0;163;161;81;108;98;97;44;46;22;32;43;35;29;41
1146.0;163;161;84;108;98;96;44;42;23;37;41;35;28;40
1152.0;163;160;84;109;96;96;45;42;23;37;40;36;29;40
1158.0;164;164;84;109;94;97;48;41;24;32;41;35;28;39
1164.0;166;163;84;108;95;95;50;38;24;33;44;32;29;39
1170.0;167;163;87;103;97;99;48;34;26;33;42;33;28;40
1176.0;165;165;86;103;98;101;46;34;27;37;40;31;27;40
1182.0;159;165;84;104;94;100;48;34;29;40;43;30;31;39
1188.0;159;166;84;104;92;98;49;34;30;40;43;29;34;38
1194.0;158;165;86;103;93;100;48;34;30;41;42;30;34;36
1200.0;160;165;85;101;93;100;49;35;30;44;37;31;33;37
1206.0;160;163;86;101;98;97;49;33;30;46;35;32;35;35
1212.0;156;163;88;101;96;96;51;35;30;48;34;35;33;34
1218.0;155;161;89;100;93;97;51;38;35;48;32;34;35;32
1224.0;155;164;87;100;95;98;51;37;38;47;30;32;33;33
1230.0;151;163;88;98;96;99;52;41;40;46;31;32;32;31
1236.0;149;163;89;94;93;102;51;45;38;45;33;35;31;32
1242.0;146;164;90;94;91;104;49;46;38;47;32;35;32;32
1248.0;146;162;90;93;97;103;49;40;39;47;38;34;29;33
1254.0;147;160;91;93;98;102;50;41;39;47;37;34;31;30
1260.0;146;163;90;93;101;98;51;43;39;49;38;31;33;25
1266.0;143;166;89;94;100;96;48;47;41;47;39;34;31;25
1272.0;144;166;90;96;99;97;49;46;38;44;39;35;30;27
1278.0;142;162;90;95;99;101;45;46;40;43;42;39;28;28
1284.0;144;162;93;94;102;100;42;47;38;42;43;39;25;29
1290.0;144;159;91;95;103;97;42;48;37;42;45;40;28;29
1296.0;143;162;91;98;102;97;42;48;37;42;45;41;26;26
1302.0;144;161;91;100;103;95;39;47;39;43;47;39;25;27
1308.0;143;159;90;99;101;98;37;45;40;44;49;39;28;28
1314.0;144;158;90;97;100;99;37;47;43;42;50;38;29;26
1320.0;144;156;89;95;98;104;37;50;44;43;49;35;29;27
1326.0;142;161;90;94;98;101;38;46;45;43;48;35;29;30
1332.0;144;158;90;93;95;99;41;47;47;43;47;37;31;28
1338.0;145;157;90;92;96;102;40;48;45;40;48;39;30;28
1344.0;143;155;90;94;96;106;40;43;45;41;48;39;29;31
1350.0;143;154;93;95;94;107;38;46;46;40;46;36;30;32
1356.0;143;153;93;90;95;107;40;43;45;44;46;37;32;32
1362.0;143;151;92;92;95;106;40;44;44;42;47;39;31;34
1368.0;141;152;93;93;93;104;43;42;43;41;45;39;31;40
1374.0;140;151;94;93;91;105;46;41;43;40;45;39;31;41
1380.0;140;151;91;94;90;107;47;40;40;37;49;42;33;39
1386.0;140;149;95;95;91;102;50;38;37;37;52;38;37;39
1392.0;140;148;97;96;93;102;47;37;38;37;55;37;34;39
1398.0;140;149;97;99;92;102;47;36;40;36;55;35;34;38
1404.0;140;143;99;100;93;103;48;39;38;37;55;37;29;39
1410.0;142;144;99;101;92;102;48;37;36;38;56;36;27;42
1416.0;139;144;99;97;95;104;49;37;38;35;53;38;30;42
1422.0;141;145;100;98;95;104;48;38;33;37;49;39;31;42
1428.0;137;141;99;99;99;106;47;41;35;41;44;36;31;44
1434.0;140;141;97;98;97;107;47;41;36;42;45;37;31;41
1440.0;143;140;99;97;98;105;48;38;38;44;46;36;31;37
1446.0;143;142;102;96;97;107;42;37;37;47;47;38;30;35
1452.0;139;142;99;97;97;109;44;37;37;46;48;41;31;33
1458.0;143;141;99;99;94;106;44;37;37;45;50;41;33;31
1464.0;142;141;100;98;96;105;44;39;37;43;52;40;33;30
1470.0;145;139;98;96;93;108;43;40;37;43;54;41;32;31
1476.0;145;141;97;93;94;113;44;42;38;43;54;39;29;28
1482.0;144;140;96;93;93;113;44;41;37;45;54;41;31;28
1488.0;144;141;95;94;96;116;44;44;36;43;49;40;28;30
1494.0;145;144;98;96;94;112;43;43;31;42;48;44;28;32
1500.0;144;144;99;95;96;109;45;44;32;44;44;44;27;33
1506.0;141;144;99;96;96;110;44;47;32;40;45;44;27;35
1512.0;140;141;97;96;98;111;43;51;33;39;43;43;27;38
1518.0;141;140;96;97;98;107;43;45;31;41;46;46;28;41
1524.0;142;140;98;97;96;105;43;46;32;40;45;45;28;43
1530.0;142;139;94;102;98;105;42;43;31;39;46;46;30;43
1536.0;150;135;95;98;96;104;42;43;32;39;46;47;30;43
1542.0;149;133;98;98;96;104;43;44;33;41;43;46;26;46
1548.0;150;132;100;99;98;105;40;44;33;41;45;43;27;43
1554.0;149;133;102;97;96;104;41;48;34;41;46;40;27;42
1560.0;151;132;99;93;97;103;42;46;31;40;47;45;28;46
1566.0;152;134;97;93;98;103;42;45;33;38;48;43;29;45
1572.0;156;135;95;93;98;102;43;45;31;37;48;42;30;45
1578.0;155;134;95;92;96;102;44;44;32;38;50;43;32;43
1584.0;153;131;97;95;97;102;41;44;29;41;51;42;35;42
1590.0;151;132;96;94;97;103;41;44;32;41;52;42;36;39
1596.0;150;133;98;92;100;103;39;42;31;41;53;41;37;40
1602.0;152;135;99;95;102;101;39;41;34;36;49;38;37;42
1608.0;150;137;107;91;102;100;37;44;33;37;46;36;38;42
1614.0;150;138;109;89;101;101;37;45;34;34;48;35;37;42
1620.0;149;139;111;89;103;100;36;44;36;38;44;35;38;38
1626.0;151;139;108;89;105;98;36;42;40;39;44;35;38;36
1632.0;149;142;106;90;103;97;38;41;42;40;41;36;40;35
1638.0;151;139;105;94;104;94;43;39;41;45;38;37;37;33
1644.0;153;144;101;93;106;92;42;38;43;43;39;38;36;32
1650.0;153;146;105;92;108;93;38;42;41;37;36;37;40;32
1656.0;151;145;109;94;106;97;33;44;41;37;36;36;40;31
1662.0;150;144;106;91;107;102;37;43;41;34;37;36;40;32
1668.0;147;148;107;91;107;100;37;43;42;32;36;37;38;35
1674.0;146;151;105;91;107;101;37;43;39;31;37;39;39;34
1680.0;147;149;106;91;107;102;36;40;37;29;39;42;39;36
1686.0;145;146;104;93;109;102;38;40;38;28;39;46;36;36
1692.0;146;145;105;91;109;104;38;39;36;29;40;47;36;35
1698.0;147;147;105;87;110;103;38;40;36;27;40;50;35;35
1704.0;146;146;106;85;112;102;38;42;34;26;41;49;34;39
1710.0;144;147;104;85;113;104;40;42;34;27;42;49;32;37
1716.0;142;148;104;85;114;102;39;40;35;26;43;49;33;40
1722.0;142;150;101;85;114;103;39;39;33;26;42;52;37;37
1728.0;143;151;97;86;115;102;40;39;35;26;39;51;37;39
1734.0;143;150;98;88;110;101;39;39;33;30;40;52;40;37
1740.0;143;152;98;91;112;96;42;39;32;31;40;52;40;32
1746.0;143;148;100;89;112;98;40;43;32;29;37;53;41;35
1752.0;143;149;100;90;115;100;40;41;31;30;37;52;39;33
1758.0;143;153;103;88;113;99;42;40;29;32;37;47;40;34
1764.0;143;155;105;86;112;98;43;39;31;35;35;45;39;34
1770.0;143;159;105;87;111;97;44;38;33;31;35;44;38;35
1776.0;144;159;104;87;111;96;48;40;33;28;39;42;37;32
1782.0;144;162;106;88;108;96;47;41;33;28;40;41;36;30
1788.0;145;163;104;92;105;97;47;40;34;27;42;40;35;29
1794.0;151;162;101;92;109;94;47;39;33;28;44;38;36;26
1800.0;153;164;102;89;107;93;48;40;34;27;44;35;38;26
1806.0;158;165;99;88;104;96;48;43;33;28;43;33;38;24
1812.0;160;165;97;88;104;94;48;38;34;31;43;37;35;26
1818.0;162;161;92;86;100;96;52;39;32;33;44;36;37;30
1824.0;161;162;93;88;99;100;52;37;28;34;45;30;40;31
1830.0;165;162;92;89;97;99;51;36;24;35;44;32;44;30
1836.0;164;162;91;88;96;103;48;38;26;33;43;33;46;29
1842.0;166;160;92;86;95;102;49;38;27;32;41;36;44;32
1848.0;166;160;90;86;94;104;48;39;28;33;44;35;41;32
1854.0;164;159;90;85;97;107;51;37;25;30;44;36;39;36
1860.0;166;159;96;81;96;106;49;39;20;31;42;38;43;34
1866.0;165;163;96;80;98;103;47;37;22;28;40;38;48;35
1872.0;163;163;93;82;98;103;48;36;23;28;42;36;48;37
1878.0;162;161;91;87;100;99;44;37;28;29;45;37;46;34
1884.0;164;160;91;87;98;102;39;42;28;27;43;38;45;36
1890.0;164;158;90;91;99;100;41;43;29;25;43;38;44;35
1896.0;164;155;90;90;102;103;42;43;31;25;41;39;41;34
1902.0;165;154;97;91;100;102;39;43;26;27;40;39;43;34
1908.0;164;155;96;91;100;105;39;39;27;27;40;40;44;33
1914.0;163;156;94;95;100;107;40;38;25;29;43;38;43;29
1920.0;166;159;93;92;102;107;39;37;25;29;44;37;41;29
1926.0;167;158;93;93;104;108;36;38;25;30;43;39;37;29
1932.0;167;157;94;91;108;104;35;41;24;32;43;38;37;29
1938.0;168;156;92;90;112;101;38;42;26;31;41;37;35;31
1944.0;161;154;92;92;113;104;39;42;27;32;41;37;35;31
1950.0;163;151;93;91;115;105;38;41;29;30;40;38;35;31
1956.0;161;151;93;90;116;105;40;42;28;30;36;37;41;30
1962.0;159;148;91;84;113;109;44;41;35;30;38;36;42;30
1968.0;159;149;92;85;113;107;44;42;34;31;37;36;41;30
1974.0;161;151;94;81;112;107;43;41;32;32;39;35;39;33
