#auto generated file!
12.0;48;44;62;71;62;68;61;67;53;43;51;62;58;50
18.0;51;45;61;70;64;69;61;65;53;40;51;60;59;51
24.0;52;46;60;69;65;71;62;63;50;41;48;65;57;51
30.0;51;48;61;69;66;73;58;64;52;40;47;63;57;51
36.0;51;49;61;67;67;74;58;62;54;42;45;64;56;50
42.0;52;53;61;68;65;73;59;63;54;42;44;64;53;49
48.0;51;55;65;69;66;70;61;63;50;43;43;63;52;49
54.0;55;56;64;69;65;69;59;63;49;42;45;62;52;50
60.0;55;60;62;70;67;66;60;59;45;42;46;65;53;50
66.0;58;62;63;72;71;67;56;58;45;39;48;62;54;45
72.0;58;62;64;73;71;69;56;56;46;38;49;62;54;42
78.0;57;63;63;73;71;70;56;54;45;40;46;63;54;45
84.0;57;66;64;74;69;71;54;53;44;40;45;65;51;47
90.0;58;70;64;74;69;71;54;51;42;40;48;63;48;48
96.0;59;71;65;76;67;68;54;51;40;40;48;61;50;50
102.0;61;73;65;79;66;67;55;52;42;35;47;62;47;49
108.0;58;72;66;82;66;69;54;53;44;37;45;60;45;49
114.0;58;71;69;85;67;67;52;51;43;38;46;61;45;47
120.0;61;75;67;86;66;69;55;52;35;38;47;62;41;46
126.0;61;74;70;90;65;69;51;52;36;43;43;63;38;45
132.0;63;76;70;86;64;71;50;51;33;43;44;62;42;45
138.0;66;76;69;88;67;69;49;52;30;42;43;63;43;43
144.0;66;76;68;87;68;70;53;52;29;43;46;62;39;41
150.0;68;76;69;89;66;70;53;49;30;43;44;61;40;42
156.0;72;78;70;86;68;71;51;49;28;43;44;59;38;43
162.0;74;80;71;83;70;76;49;46;28;42;45;59;36;41
168.0;77;81;73;80;69;78;50;45;30;41;45;55;36;40
174.0;79;83;75;80;68;77;45;43;30;40;46;56;38;40
180.0;86;86;73;80;67;76;43;45;29;38;45;55;38;39
186.0;87;86;74;80;65;76;42;43;28;39;45;55;36;44
192.0;88;85;73;82;62;76;41;43;32;41;41;58;34;44
198.0;90;86;70;84;64;74;43;44;34;38;37;55;37;44
204.0;90;83;73;82;65;76;45;42;34;39;39;52;37;43
210.0;91;84;76;81;66;77;43;40;35;38;39;51;38;41
216.0;92;85;73;79;69;77;46;38;34;36;41;53;36;41
222.0;91;85;74;79;68;79;46;37;33;35;41;53;37;42
228.0;93;91;72;79;65;79;48;37;31;35;41;51;36;42
234.0;94;92;72;83;64;82;45;37;28;35;41;51;36;40
240.0;93;91;73;84;63;83;44;37;28;34;42;50;37;41
246.0;92;92;72;85;66;81;43;38;28;36;39;49;35;44
252.0;93;93;69;85;71;82;40;38;28;36;39;46;38;42
258.0;92;93;70;85;70;85;40;36;28;34;37;47;41;42
264.0;93;93;71;83;70;86;39;37;29;35;37;43;43;41
270.0;95;95;73;88;69;83;39;33;26;34;38;42;43;42
276.0;95;96;71;90;70;82;39;34;25;35;38;43;40;42
282.0;95;100;70;93;69;81;40;33;26;36;35;42;39;41
288.0;97;103;71;92;70;81;40;33;27;34;34;41;38;39
294.0;99;105;73;93;71;80;39;34;22;33;30;42;39;40
300.0;101;107;71;93;69;81;39;36;23;33;32;41;35;39
306.0;100;107;70;95;64;80;41;38;26;31;33;40;37;38
312.0;101;109;70;96;64;78;43;39;27;30;31;41;35;36
318.0;102;112;69;96;64;77;40;39;30;30;32;40;34;35
324.0;104;111;67;98;64;78;39;36;32;30;32;39;36;34
330.0;106;115;67;97;67;77;39;36;26;33;34;40;32;31
336.0;105;115;65;99;67;77;37;35;24;32;36;43;33;32
342.0;105;114;68;97;69;78;34;34;25;30;36;41;34;35
348.0;104;118;70;96;66;77;34;33;26;30;36;39;33;38
354.0;106;117;69;98;65;77;34;31;28;31;37;40;32;35
360.0;109;115;70;97;65;77;33;30;26;32;41;39;33;33
366.0;108;118;70;96;67;80;33;31;23;31;40;37;33;33
372.0;108;118;71;95;65;80;30;29;24;34;40;41;33;32
378.0;106;121;71;92;65;81;34;29;21;32;38;42;38;30
384.0;105;122;68;90;67;83;36;30;23;32;37;40;37;30
390.0;104;123;68;88;67;84;34;33;25;30;38;38;36;32
396.0;104;122;68;92;68;82;34;35;26;31;36;32;39;31
402.0;107;125;68;92;67;81;33;33;25;30;37;31;40;31
408.0;106;126;67;94;65;80;35;31;25;32;36;31;42;30
414.0;106;124;67;95;63;80;35;31;26;34;36;30;44;29
420.0;106;122;73;95;63;82;33;33;27;32;36;28;40;30
426.0;105;124;75;93;63;83;30;33;27;32;36;28;39;32
432.0;106;124;74;94;62;81;30;33;28;32;37;26;41;32
438.0;104;125;73;96;64;81;30;32;25;34;35;26;43;32
444.0;104;128;75;96;63;80;31;32;26;33;34;25;44;29
450.0;105;128;75;95;64;79;31;32;24;34;32;24;46;31
456.0;105;124;74;94;66;78;35;33;23;38;32;24;43;31
462.0;108;125;75;95;67;76;33;33;22;36;34;22;43;31
468.0;107;127;75;90;66;76;34;36;22;34;34;24;45;30
474.0;108;129;76;88;66;78;33;35;23;33;33;23;44;31
480.0;109;131;75;88;71;79;32;32;26;34;35;20;41;27
486.0;108;133;78;89;75;79;28;31;24;39;33;20;39;24
492.0;109;132;78;91;77;79;31;30;21;33;32;24;38;25
498.0;110;131;80;89;75;79;32;32;22;29;33;24;37;27
504.0;110;129;78;89;76;79;29;32;23;30;34;27;37;27
510.0;110;127;80;87;76;76;28;33;26;30;33;29;36;29
516.0;109;125;82;87;77;75;28;34;28;29;34;28;35;29
522.0;109;126;82;87;76;74;30;34;29;28;34;28;32;31
528.0;106;128;80;86;76;77;29;34;27;29;32;30;32;34
534.0;107;125;81;87;74;77;30;32;28;31;31;30;32;35
540.0;108;126;81;85;73;74;30;30;31;32;32;30;32;36
546.0;110;126;80;87;74;73;32;28;30;31;28;30;34;37
552.0;107;125;82;88;73;73;30;32;32;29;29;30;33;37
558.0;106;126;81;84;77;74;27;31;37;34;28;29;29;37
564.0;104;124;82;83;76;73;29;31;37;32;31;29;31;38
570.0;106;127;82;83;76;74;28;30;37;30;29;28;32;38
576.0;107;131;83;79;78;74;26;34;33;33;27;23;33;39
582.0;103;133;84;80;81;73;28;36;32;31;25;22;33;39
588.0;103;135;83;79;78;74;28;35;33;32;27;25;31;37
594.0;103;137;76;84;78;74;29;33;34;36;27;23;31;35
600.0;103;133;76;85;78;73;32;35;34;35;28;23;32;33
606.0;103;136;76;84;77;70;34;37;37;31;27;23;32;33
612.0;103;136;75;83;79;70;35;35;39;31;27;23;29;35
618.0;102;136;76;83;78;70;37;34;41;31;24;23;27;38
624.0;102;137;76;81;78;72;35;34;41;33;24;24;28;35
630.0;103;137;76;80;81;71;37;32;39;34;25;25;28;32
636.0;107;140;73;81;82;70;35;28;39;34;24;25;29;33
642.0;110;140;70;81;83;68;36;29;40;35;22;25;30;31
648.0;112;136;70;84;82;68;34;26;38;37;25;27;31;30
654.0;113;138;69;83;80;69;33;26;38;36;24;30;33;28
660.0;115;138;73;81;78;72;33;25;36;33;23;30;34;29
666.0;118;138;74;81;78;72;34;25;36;32;22;29;33;28
672.0;119;138;72;82;79;75;33;23;36;31;22;31;33;26
678.0;117;141;74;84;79;75;34;22;36;31;20;30;33;24
684.0;117;142;75;79;80;77;32;24;34;32;21;29;35;23
690.0;118;144;75;80;79;78;33;25;32;28;22;30;34;22
696.0;118;146;73;80;78;79;36;23;29;29;23;31;33;22
702.0;115;145;75;78;79;78;36;24;30;27;22;32;36;23
708.0;114;144;74;76;81;81;36;28;31;24;21;32;34;24
714.0;116;145;71;77;78;81;35;27;32;28;22;33;32;23
720.0;114;144;71;77;77;81;36;27;31;26;24;35;32;25
726.0;115;143;69;76;77;79;35;28;30;29;25;33;33;28
732.0;117;144;70;78;78;79;33;27;30;29;24;31;31;29
738.0;114;148;69;82;75;79;32;24;29;33;26;30;30;29
744.0;114;148;71;84;77;78;32;27;27;33;22;28;30;29
750.0;114;148;72;87;79;78;32;26;26;33;22;26;29;28
756.0;113;148;74;85;81;76;32;27;25;33;24;25;28;29
762.0;112;146;74;84;82;76;30;30;26;31;25;26;28;30
768.0;113;147;75;84;81;75;31;29;27;30;25;23;29;31
774.0;113;145;76;84;80;72;31;30;28;32;26;21;30;32
780.0;112;143;76;85;80;73;31;27;26;33;28;24;31;31
786.0;114;140;74;85;79;74;32;27;26;32;28;25;31;33
792.0;112;142;74;85;81;72;33;31;25;31;28;26;28;32
798.0;113;141;74;85;82;71;33;29;29;31;28;26;26;32
804.0;113;142;75;85;83;73;30;31;27;31;30;24;22;34
810.0;111;142;72;84;85;73;30;32;27;30;33;25;22;34
816.0;112;144;72;86;84;77;26;35;24;32;31;27;20;30
822.0;114;145;71;83;85;78;25;37;21;33;31;29;19;29
828.0;114;145;71;83;86;81;27;33;25;35;25;30;16;29
834.0;113;150;70;81;86;82;29;28;26;34;23;30;18;30
840.0;114;148;73;82;86;80;29;28;24;33;24;31;19;29
846.0;113;147;74;81;84;79;28;26;25;36;26;30;22;29
852.0;116;145;71;81;83;75;30;24;26;37;27;32;22;31
858.0;117;145;67;80;85;74;29;25;26;40;27;31;23;31
864.0;118;144;65;79;85;74;28;25;26;39;29;32;24;32
870.0;119;143;65;83;86;74;29;27;30;36;27;27;22;32
876.0;117;144;65;84;87;76;30;29;27;37;25;25;23;31
882.0;116;143;65;83;90;75;28;27;28;37;26;25;26;31
888.0;117;143;65;84;89;75;26;27;27;37;25;24;26;35
894.0;118;144;66;82;86;74;25;30;30;36;26;23;26;34
900.0;122;143;65;84;85;71;30;30;30;36;26;23;25;30
906.0;122;140;64;85;86;70;30;29;31;38;25;26;25;29
912.0;122;141;65;84;87;70;28;27;31;37;26;27;27;28
918.0;122;142;64;87;86;70;25;27;32;36;25;25;30;29
924.0;121;143;64;85;87;69;23;29;31;36;26;24;32;30
930.0;121;143;63;84;87;67;26;25;32;35;28;24;33;32
936.0;123;143;65;84;85;67;27;25;29;36;26;25;32;33
942.0;120;142;65;81;86;66;26;27;27;37;28;28;35;32
948.0;118;140;67;82;85;69;27;28;27;33;28;28;34;34
954.0;118;144;68;80;84;71;27;29;28;32;25;28;33;33
960.0;119;140;67;80;83;73;29;28;29;30;24;31;32;35
966.0;118;143;67;82;79;72;30;32;28;31;25;30;28;35
972.0;120;146;67;82;76;72;29;32;28;32;26;29;29;32
978.0;119;146;67;82;78;71;29;33;28;33;24;30;29;31
984.0;121;143;67;84;75;70;29;30;28;33;26;34;28;32
990.0;124;144;67;83;75;69;29;30;27;33;27;33;27;32
996.0;123;144;69;81;76;68;28;31;29;33;25;32;29;32
1002.0;123;142;71;82;76;69;27;30;29;32;28;28;31;32
1008.0;121;141;73;82;75;69;25;29;27;33;29;31;31;34
1014.0;121;141;73;80;77;72;24;26;27;33;30;30;33;33
1020.0;120;143;74;81;78;72;24;27;28;34;28;27;33;31
1026.0;118;141;75;80;79;73;24;25;28;34;32;27;32;32
1032.0;117;140;75;83;78;73;25;27;31;35;30;27;28;31
1038.0;116;142;71;83;79;75;27;27;27;36;33;28;28;28
1044.0;117;142;72;82;79;74;27;27;26;35;33;30;28;28
1050.0;119;143;70;82;79;72;28;24;28;34;34;32;28;27
1056.0;118;143;68;81;77;76;28;25;33;34;31;29;30;27
1062.0;120;143;66;81;78;74;32;26;34;32;29;29;27;29
1068.0;118;144;63;82;81;74;29;27;34;30;30;30;27;31
1074.0;117;145;62;83;79;77;29;26;34;31;31;28;28;30
1080.0;117;147;61;84;81;77;29;24;32;30;30;31;28;29
1086.0;118;145;65;85;79;78;30;23;34;32;29;29;24;29
1092.0;119;147;65;88;78;79;30;22;34;30;27;29;23;29
1098.0;118;145;69;88;78;81;32;22;32;30;26;29;22;28
1104.0;118;143;67;85;78;83;32;22;37;30;26;29;22;28
1110.0;120;143;70;86;78;83;29;22;36;31;26;31;20;25
1116.0;120;145;71;88;77;83;29;23;35;28;26;32;18;25
1122.0;119;144;73;87;79;82;29;21;35;30;25;34;17;25
1128.0;121;144;72;87;77;80;32;19;36;30;24;35;18;25
1134.0;123;142;73;88;76;78;29;20;34;32;25;36;21;23
1140.0;119;144;74;85;78;80;28;21;34;31;28;31;22;25
1146.0;121;145;71;82;78;80;27;21;35;33;30;28;26;23
1152.0;121;143;72;83;78;78;25;23;37;32;27;29;28;24
1158.0;121;142;72;83;78;79;27;21;36;30;27;30;28;26
1164.0;119;145;73;82;77;80;26;21;37;32;24;28;30;26
1170.0;120;145;72;79;75;78;28;22;37;32;27;27;29;29
1176.0;121;144;67;79;76;79;30;23;35;34;27;28;29;28
1182.0;121;142;67;78;76;79;29;25;34;37;27;28;28;29
1188.0;119;141;69;80;79;79;29;26;35;34;26;28;27;28
1194.0;119;140;70;80;77;78;31;26;32;36;27;27;27;30
1200.0;120;139;70;79;75;79;29;26;32;38;27;28;28;30
1206.0;121;140;69;79;81;79;29;24;31;37;30;26;24;30
1212.0;117;139;72;79;81;80;29;23;32;38;29;27;23;31
1218.0;115;140;71;82;80;79;30;25;30;38;27;25;24;34
1224.0;116;138;70;83;82;77;29;27;32;37;26;24;24;35
1230.0;116;138;72;85;80;75;28;27;31;37;27;25;26;33
1236.0;116;137;74;86;80;70;31;24;31;36;28;24;27;36
1242.0;116;137;75;85;79;69;31;23;34;35;30;27;24;35
1248.0;116;138;77;86;78;69;31;23;34;36;27;29;22;34
1254.0;116;137;77;87;79;69;31;21;34;40;28;28;21;32
1260.0;117;136;78;85;77;69;30;22;33;40;29;28;26;30
1266.0;116;138;79;86;74;70;29;22;31;39;29;30;27;30
1272.0;117;139;76;84;74;70;29;24;35;40;27;30;27;28
1278.0;117;136;76;84;75;71;27;27;37;39;26;29;28;28
1284.0;116;137;75;86;74;68;25;26;38;40;27;30;30;28
1290.0;114;137;77;87;74;67;27;26;39;38;25;29;30;30
1296.0;114;138;79;88;75;66;28;23;36;39;26;29;29;30
1302.0;115;137;80;88;79;64;29;23;38;35;25;28;28;31
1308.0;114;134;80;89;80;65;30;25;40;37;24;27;26;29
1314.0;114;134;78;88;79;65;29;29;39;35;28;28;23;31
1320.0;117;136;76;86;78;64;32;30;38;38;27;26;20;32
1326.0;118;133;78;86;78;62;33;31;37;37;24;29;21;33
1332.0;119;131;79;85;79;61;34;32;37;35;25;28;23;32
1338.0;122;132;78;85;78;60;37;33;36;38;24;25;23;29
1344.0;123;133;79;85;79;61;37;32;35;39;25;24;24;24
1350.0;123;133;78;85;80;61;38;32;33;39;27;25;23;23
1356.0;121;130;78;86;78;60;41;32;33;38;29;28;21;25
1362.0;121;131;77;86;76;61;40;30;37;37;28;29;20;27
1368.0;119;132;79;87;74;61;40;28;37;40;28;28;21;26
1374.0;119;132;77;85;74;62;45;26;38;39;31;26;20;26
1380.0;119;135;76;82;72;62;44;29;37;41;29;29;20;25
1386.0;116;137;78;82;70;60;45;29;37;41;28;31;19;27
1392.0;115;140;79;81;71;61;43;31;35;38;30;28;18;30
1398.0;114;140;78;80;72;64;39;32;36;36;31;30;19;29
1404.0;114;142;80;80;72;64;39;32;35;36;31;28;21;26
1410.0;113;141;79;82;70;64;38;34;37;35;31;25;22;29
1416.0;113;141;79;81;69;65;38;35;36;34;30;26;22;31
1422.0;112;140;79;83;71;68;37;34;37;33;28;23;22;33
1428.0;113;141;80;82;74;68;36;33;32;34;28;23;24;32
1434.0;113;138;81;84;76;66;36;35;35;31;30;22;23;30
1440.0;114;138;84;82;74;66;37;33;36;31;30;22;24;29
1446.0;116;139;83;81;74;66;34;32;38;32;30;24;23;28
1452.0;114;137;86;80;77;70;34;32;34;33;28;26;21;28
1458.0;114;135;85;80;78;70;35;30;36;31;27;25;23;31
1464.0;111;138;86;80;78;69;35;31;38;30;27;24;23;30
1470.0;110;137;86;81;78;68;37;32;36;29;27;25;24;30
1476.0;110;138;84;78;79;67;36;32;36;31;28;26;26;29
1482.0;108;138;82;75;79;65;40;36;39;29;27;26;27;29
1488.0;110;140;80;77;81;64;39;35;35;26;30;23;29;31
1494.0;109;140;79;78;82;64;36;34;35;29;31;24;30;29
1500.0;110;142;78;78;80;66;34;38;34;26;34;22;31;27
1506.0;110;142;80;77;81;65;32;40;35;26;34;22;30;26
1512.0;111;140;75;77;82;68;31;40;37;26;33;24;28;28
1518.0;114;142;77;77;81;67;33;36;36;24;32;22;29;30
1524.0;115;139;77;75;81;67;35;38;36;23;31;24;28;31
1530.0;115;139;75;79;83;67;36;37;37;22;32;25;27;26
1536.0;114;136;75;79;84;68;36;36;38;24;34;23;26;27
1542.0;113;135;75;80;85;70;38;31;37;23;36;21;28;28
1548.0;114;138;73;79;84;67;39;31;39;24;37;22;25;28
1554.0;110;137;72;81;83;69;37;32;43;25;35;20;27;29
1560.0;108;136;72;80;78;69;41;36;45;27;34;20;27;27
1566.0;108;137;73;78;78;69;40;36;46;25;33;20;29;28
1572.0;107;137;73;81;78;66;41;35;44;27;34;20;31;26
1578.0;109;139;70;83;78;68;43;34;44;27;32;21;28;24
1584.0;108;139;69;85;74;69;44;33;46;26;32;21;30;24
1590.0;108;140;69;86;73;67;46;31;47;26;32;23;29;23
1596.0;108;142;70;86;74;66;46;32;48;25;29;23;27;24
1602.0;107;142;71;86;76;66;46;34;46;24;28;23;27;24
1608.0;107;143;70;86;77;70;41;33;46;21;27;22;31;26
1614.0;109;145;70;85;76;69;38;35;48;21;26;23;30;25
1620.0;108;144;71;85;75;67;39;35;48;19;28;22;33;26
1626.0;108;142;71;88;75;66;41;35;48;18;28;21;34;25
1632.0;107;142;69;90;75;63;39;37;47;20;28;25;33;25
1638.0;107;142;68;88;74;65;40;36;44;18;29;27;36;26
1644.0;109;142;67;90;72;69;37;37;45;19;27;25;33;28
1650.0;110;140;65;92;72;68;39;39;46;19;25;25;32;28
1656.0;112;138;64;92;72;67;39;40;44;20;28;26;32;26
1662.0;112;137;63;91;69;72;38;42;42;21;27;24;35;27
1668.0;112;137;63;90;71;72;38;42;45;20;24;21;36;29
1674.0;112;137;63;90;73;74;39;39;45;21;24;21;36;26
1680.0;114;137;63;92;71;75;36;39;49;22;20;22;37;23
1686.0;114;136;65;92;70;73;36;40;47;24;19;22;37;25
1692.0;112;139;64;93;71;71;37;37;47;26;20;22;35;26
1698.0;110;137;63;91;73;72;38;39;46;29;19;24;35;24
1704.0;111;136;63;90;73;71;38;40;48;29;18;27;34;22
1710.0;109;136;65;89;74;70;38;43;49;29;18;24;34;22
1716.0;111;137;64;86;76;73;37;42;48;29;20;23;34;20
1722.0;108;136;66;86;77;76;37;42;44;29;22;22;35;20
1728.0;107;137;66;86;78;79;37;40;39;29;26;23;34;19
1734.0;107;137;68;84;77;79;37;41;37;29;27;24;35;18
1740.0;107;140;67;84;76;80;38;41;38;30;28;22;32;17
1746.0;109;140;68;83;74;81;39;39;36;30;27;22;33;19
1752.0;112;141;70;83;73;78;40;39;36;29;25;23;31;20
1758.0;111;142;68;84;74;79;41;38;36;29;26;19;30;23
1764.0;109;143;69;82;75;78;39;34;37;30;24;19;34;27
1770.0;110;141;67;82;73;81;38;35;36;29;25;22;36;25
1776.0;112;141;67;80;73;81;38;34;33;30;27;24;34;26
1782.0;115;144;65;81;71;83;35;32;33;31;29;23;32;26
1788.0;116;146;64;81;74;80;35;32;33;31;29;22;32;25
1794.0;119;145;64;80;74;79;34;32;34;32;29;20;33;25
1800.0;119;143;65;82;73;78;32;32;32;34;31;19;33;27
1806.0;120;142;67;83;71;76;31;34;33;32;31;20;34;26
1812.0;118;137;68;83;70;78;34;33;37;36;28;18;36;24
1818.0;120;134;66;83;70;79;34;29;37;38;30;18;35;27
1824.0;123;136;69;81;69;77;31;30;38;38;30;18;32;28
1830.0;123;135;70;78;68;76;33;31;38;39;32;16;34;27
1836.0;123;136;71;78;67;75;33;32;39;39;30;16;33;28
1842.0;125;138;70;78;68;77;35;32;39;38;27;13;35;25
1848.0;125;139;70;79;68;75;34;31;41;40;27;15;33;23
1854.0;127;139;69;78;70;74;33;31;41;42;25;15;31;25
1860.0;129;141;71;76;68;73;30;31;43;39;29;18;30;22
1866.0;126;142;70;79;70;72;30;29;42;36;30;18;32;24
1872.0;126;143;71;78;71;70;31;33;41;34;31;19;29;23
1878.0;127;139;72;78;70;70;33;33;41;33;32;19;28;25
1884.0;127;138;75;76;70;69;35;34;41;31;32;19;28;25
1890.0;127;137;76;76;69;71;37;30;45;30;31;20;25;26
1896.0;127;137;75;77;69;73;34;31;44;29;31;21;24;28
1902.0;130;135;78;77;71;70;33;33;45;28;32;20;22;26
1908.0;133;134;74;74;71;71;30;35;47;28;31;20;25;27
1914.0;131;134;74;76;73;69;30;36;47;29;30;19;25;27
1920.0;131;134;76;75;72;70;32;36;47;27;30;19;22;29
1926.0;130;132;75;77;71;70;34;36;45;30;32;22;18;28
1932.0;129;131;75;76;71;69;36;36;45;30;32;22;20;28
1938.0;133;130;74;76;71;70;35;35;44;32;31;22;20;27
1944.0;132;129;73;77;71;70;34;35;42;32;34;21;21;29
1950.0;131;131;73;73;73;71;36;33;38;35;33;21;20;32
1956.0;131;130;69;73;75;70;35;35;37;36;34;25;19;31
1962.0;130;130;69;70;75;67;35;35;37;37;36;26;20;33
1968.0;130;132;68;69;74;63;37;34;34;40;36;27;21;35
1974.0;129;132;65;69;72;65;37;37;38;36;37;29;21;33
