#auto generated file!
12.0;114;110;128;106;122;124;132;99;118;102;96;122;104;123
18.0;115;111;128;111;123;129;130;90;115;101;96;124;102;125
24.0;118;119;128;109;121;135;127;89;114;100;94;120;102;124
30.0;118;123;130;110;125;138;121;84;110;101;93;118;107;122
36.0;123;128;133;112;126;138;118;84;106;95;92;114;113;118
42.0;131;129;139;112;130;141;110;87;102;94;92;110;110;113
48.0;132;127;138;113;135;145;111;81;105;96;86;108;109;114
54.0;136;126;142;114;135;144;113;84;104;96;77;106;109;114
60.0;142;128;144;114;135;140;110;82;103;100;78;102;109;113
66.0;149;125;151;121;132;142;109;82;103;93;80;98;103;112
72.0;154;126;151;122;135;142;103;85;98;89;79;96;106;114
78.0;156;128;151;124;134;143;103;88;97;89;77;99;99;112
84.0;157;130;154;125;133;141;101;91;96;90;73;101;99;109
90.0;161;134;159;127;134;142;101;89;92;87;72;97;99;106
96.0;163;138;159;131;133;143;103;86;87;85;73;93;97;109
102.0;158;137;159;136;132;143;101;88;86;87;72;92;104;105
108.0;161;138;163;138;137;143;105;84;80;85;73;90;102;101
114.0;163;145;161;137;136;148;104;83;86;82;73;84;100;98
120.0;166;143;160;141;137;145;105;84;85;79;75;81;102;97
126.0;168;146;159;136;139;146;104;87;88;78;74;83;97;95
132.0;172;150;160;137;141;149;102;85;81;78;73;84;95;93
138.0;173;154;161;139;140;146;104;84;78;75;70;88;92;96
144.0;179;161;162;141;139;139;103;89;73;73;66;86;93;96
150.0;182;159;161;140;141;138;101;89;75;76;65;88;93;92
156.0;185;164;159;142;144;138;102;85;74;78;64;89;91;85
162.0;190;158;159;143;144;141;97;86;73;82;64;90;88;85
168.0;191;154;157;152;143;140;96;84;72;83;64;93;84;87
174.0;192;158;159;152;140;140;91;88;75;82;65;92;81;85
180.0;195;158;157;155;140;142;95;88;73;76;63;90;82;86
186.0;196;160;156;157;140;142;93;91;71;73;63;88;81;89
192.0;193;162;156;160;138;145;94;91;72;72;64;85;77;91
198.0;192;166;158;160;137;144;94;89;69;73;65;88;76;89
204.0;195;168;162;161;136;145;87;89;71;74;67;83;78;84
210.0;197;168;164;158;136;145;91;80;73;76;68;84;78;82
216.0;202;170;160;155;141;145;91;76;69;76;67;87;77;84
222.0;198;171;160;155;144;146;92;78;67;76;67;89;77;80
228.0;201;173;162;153;143;147;91;77;69;77;63;88;79;77
234.0;205;174;164;152;144;142;92;75;71;77;57;89;81;77
240.0;205;175;160;154;144;141;95;73;74;77;57;90;78;77
246.0;206;175;164;154;148;144;92;74;76;75;60;85;72;75
252.0;205;174;162;153;148;152;89;74;78;76;60;81;74;74
258.0;208;182;164;156;151;154;82;70;80;74;62;76;72;69
264.0;207;180;169;157;147;153;83;70;81;69;62;81;67;74
270.0;210;183;168;158;146;149;85;71;78;70;60;86;64;72
276.0;209;182;166;158;143;151;88;65;80;74;62;86;62;74
282.0;212;183;163;157;142;150;88;63;85;73;62;86;63;73
288.0;216;181;162;156;144;148;86;65;86;69;64;85;63;75
294.0;216;180;166;153;140;148;81;64;83;74;65;90;65;75
300.0;213;183;163;158;141;147;79;65;83;73;65;92;67;71
306.0;213;184;165;159;139;149;79;64;82;71;64;89;70;72
312.0;218;186;166;161;132;151;76;60;81;70;66;91;71;71
318.0;217;188;168;162;133;153;78;55;78;71;67;93;70;67
324.0;219;188;162;164;132;155;77;55;76;70;70;92;72;68
330.0;218;195;161;163;130;160;78;55;74;70;73;92;67;64
336.0;222;195;162;158;131;159;77;54;78;67;70;93;67;67
342.0;222;196;163;161;134;161;77;56;73;61;69;89;69;69
348.0;222;196;171;161;135;161;75;56;71;59;67;85;71;70
354.0;225;198;173;159;138;160;70;54;73;62;69;81;70;68
360.0;226;198;180;157;137;163;68;55;71;58;69;78;70;70
366.0;228;201;176;156;135;157;66;55;77;62;71;77;71;68
372.0;229;201;172;156;136;159;63;56;77;63;74;78;68;68
378.0;231;202;175;153;136;157;65;53;83;63;70;80;67;65
384.0;231;207;172;151;140;161;64;56;82;58;69;80;67;62
390.0;231;209;171;150;137;163;65;54;80;60;71;79;68;62
396.0;230;207;169;150;137;160;67;54;78;59;70;79;74;66
402.0;231;211;168;153;136;167;64;51;78;61;65;77;71;67
408.0;235;215;164;154;135;171;63;52;77;62;63;74;70;65
414.0;234;217;164;154;138;170;66;51;76;60;64;76;71;59
420.0;239;218;165;153;142;173;62;51;73;60;62;71;69;62
426.0;238;222;164;155;144;173;59;52;72;67;58;71;66;59
432.0;238;220;164;152;147;173;62;54;68;67;57;69;66;63
438.0;237;220;168;152;148;176;60;58;64;64;60;70;64;59
444.0;235;217;166;152;151;175;58;62;64;65;63;70;66;56
450.0;237;215;165;150;156;174;59;59;63;65;64;74;63;56
456.0;240;213;164;151;157;174;58;59;61;64;67;73;64;55
462.0;241;213;160;150;154;176;57;61;64;67;64;69;68;56
468.0;237;213;160;152;153;177;56;62;64;64;66;72;68;56
474.0;235;214;153;156;154;178;56;66;65;64;66;73;66;54
480.0;238;217;155;155;153;174;57;67;63;57;62;75;68;59
486.0;240;222;156;151;156;174;56;63;67;54;60;75;72;54
492.0;237;221;156;155;152;174;55;63;67;54;61;72;74;59
498.0;238;222;153;153;154;176;55;66;69;53;62;73;67;59
504.0;237;220;156;153;152;172;52;71;74;56;60;73;68;56
510.0;236;222;161;151;151;170;53;71;75;55;59;73;68;55
516.0;238;221;160;153;147;168;51;72;74;59;61;74;65;57
522.0;240;224;161;151;149;167;49;66;70;58;64;79;63;59
528.0;237;226;165;150;151;168;50;69;70;56;59;78;64;57
534.0;237;228;166;151;147;167;51;71;66;53;58;76;68;61
540.0;237;225;166;154;146;167;52;70;65;54;59;75;70;60
546.0;233;227;165;157;143;163;50;73;62;59;62;75;70;61
552.0;229;229;165;155;145;162;52;73;63;58;62;76;69;62
558.0;228;231;161;153;147;167;55;74;59;56;64;77;69;59
564.0;228;232;159;157;147;167;51;74;64;53;64;79;69;56
570.0;229;229;159;160;144;166;54;70;58;50;67;81;74;59
576.0;225;227;162;157;144;173;53;66;57;51;68;77;74;66
582.0;226;231;165;157;147;171;57;66;54;51;65;76;70;64
588.0;221;234;167;159;150;167;56;70;53;56;63;74;68;62
594.0;216;233;170;158;150;170;57;67;57;57;65;75;66;59
600.0;213;234;169;159;152;170;59;67;54;54;65;74;69;61
606.0;213;235;168;160;149;168;62;67;54;57;66;75;68;58
612.0;215;232;167;159;148;168;63;67;57;62;68;76;63;55
618.0;214;230;167;159;147;166;63;67;60;60;70;80;62;55
624.0;216;230;164;157;149;170;60;66;59;61;70;81;62;55
630.0;220;229;164;157;153;171;62;67;58;61;67;80;58;53
636.0;223;234;163;153;155;175;63;68;58;60;65;71;57;55
642.0;220;234;164;153;157;174;63;68;56;61;62;73;57;58
648.0;224;236;162;153;154;176;64;68;58;65;62;68;53;57
654.0;226;233;164;156;155;177;66;64;57;65;62;65;54;56
660.0;226;234;161;153;154;177;64;63;58;66;64;63;56;61
666.0;229;230;159;151;156;177;66;62;64;66;59;67;53;61
672.0;226;233;160;148;158;177;65;58;68;63;65;64;56;59
678.0;226;237;159;147;161;176;61;55;60;61;62;69;66;60
684.0;231;237;158;143;161;174;60;56;61;59;63;72;67;58
690.0;229;239;156;143;158;174;64;49;62;62;63;71;68;62
696.0;226;240;160;148;155;175;61;51;61;65;65;66;67;60
702.0;224;245;157;150;154;173;60;54;60;67;60;67;69;60
708.0;220;246;160;154;153;170;57;60;60;65;61;67;68;59
714.0;218;248;160;151;153;171;56;60;61;65;62;68;67;60
720.0;220;247;162;150;152;165;60;58;65;66;61;65;67;62
726.0;219;248;162;146;149;163;61;58;66;64;60;67;70;67
732.0;218;248;160;146;146;165;63;61;66;56;65;66;72;68
738.0;217;250;164;145;143;169;63;61;64;57;64;64;70;69
744.0;217;254;166;145;138;169;68;59;63;59;63;64;68;67
750.0;220;256;163;143;142;170;66;58;62;58;64;62;68;68
756.0;220;255;157;144;144;169;68;62;64;60;63;63;63;68
762.0;223;253;159;146;143;170;63;63;62;61;63;69;60;65
768.0;224;253;159;148;141;168;62;63;62;61;64;71;60;64
774.0;226;253;157;149;141;166;64;64;61;67;63;72;59;58
780.0;227;254;159;153;141;164;61;64;58;69;60;74;60;56
786.0;229;249;158;153;141;166;60;65;55;68;61;75;59;61
792.0;230;249;156;153;142;165;59;63;59;68;59;74;60;63
798.0;224;250;154;153;145;165;65;61;62;66;55;75;62;63
804.0;227;250;155;154;149;162;63;62;60;66;54;76;63;59
810.0;227;249;155;155;148;164;64;60;60;67;55;71;61;64
816.0;231;245;154;155;150;163;65;56;65;66;55;68;61;66
822.0;235;247;155;157;148;166;66;55;65;69;52;67;55;63
828.0;238;248;157;152;149;168;66;57;63;67;54;64;53;64
834.0;240;250;162;150;148;167;64;55;64;67;53;64;51;65
840.0;242;248;161;157;149;165;64;54;65;66;49;63;54;63
846.0;238;248;164;160;147;161;67;53;66;67;49;62;54;64
852.0;238;246;164;163;145;162;70;57;59;63;50;60;56;67
858.0;240;250;165;163;143;164;69;55;62;63;48;60;53;65
864.0;238;253;164;166;144;163;72;57;63;62;46;59;52;61
870.0;239;256;168;168;150;163;69;57;61;56;44;54;53;62
876.0;238;255;170;169;149;160;69;54;57;60;47;54;52;66
882.0;241;255;170;173;150;158;66;51;58;61;46;54;53;64
888.0;243;254;171;171;150;158;67;49;59;59;46;54;56;63
894.0;246;252;169;167;150;157;63;51;57;62;48;58;58;62
900.0;246;251;168;167;150;154;63;51;57;63;49;60;59;62
906.0;242;253;175;170;149;155;60;48;59;66;48;57;58;60
912.0;240;252;175;171;149;154;60;48;58;70;46;56;59;62
918.0;241;254;178;167;143;155;60;45;62;69;44;56;63;63
924.0;242;258;178;162;144;148;62;48;65;68;44;54;66;61
930.0;241;255;178;164;148;148;61;49;63;68;44;53;66;62
936.0;243;257;178;166;146;150;57;48;63;68;46;52;66;60
942.0;247;257;181;165;145;149;55;47;60;65;50;50;67;62
948.0;251;257;178;169;142;144;57;51;61;67;45;56;67;55
954.0;251;255;179;167;145;144;55;53;60;67;44;58;67;55
960.0;248;254;180;167;146;146;56;52;61;67;43;57;69;54
966.0;247;250;177;167;144;149;55;55;62;70;41;60;68;55
972.0;245;249;176;162;148;150;53;55;65;71;44;60;65;57
978.0;248;245;176;161;150;150;53;56;66;70;44;59;63;59
984.0;247;244;175;162;152;147;53;54;66;66;46;61;69;58
990.0;254;244;175;159;149;151;51;53;64;70;48;59;66;57
996.0;257;242;172;164;151;154;50;50;64;71;49;59;60;57
1002.0;254;242;172;163;151;153;53;52;66;68;52;60;57;57
1008.0;251;243;175;160;151;153;58;53;62;71;53;61;58;51
1014.0;250;244;175;160;149;156;54;51;63;76;52;58;60;52
1020.0;251;248;170;160;151;157;53;52;65;74;51;54;63;51
1026.0;254;248;168;158;150;158;55;52;63;70;50;58;63;53
1032.0;255;249;172;149;147;155;59;57;63;66;52;57;60;59
1038.0;259;248;170;154;147;157;57;56;62;63;53;54;62;58
1044.0;256;248;172;153;148;157;57;58;58;68;54;51;63;57
1050.0;257;249;167;153;149;156;57;58;57;71;55;52;62;57
1056.0;254;247;167;152;149;157;59;56;55;68;57;57;62;60
1062.0;257;246;165;152;151;155;59;60;54;66;54;57;62;62
1068.0;254;244;164;152;151;151;60;61;57;65;55;59;65;62
1074.0;255;244;162;150;149;151;62;61;60;66;57;59;63;61
1080.0;251;244;160;152;146;153;62;60;59;69;60;58;66;60
1086.0;250;239;159;154;144;153;62;62;58;70;61;56;67;65
1092.0;249;240;158;154;145;153;62;62;57;67;62;60;67;64
1098.0;250;244;156;155;146;150;60;60;55;69;64;57;71;63
1104.0;249;243;154;157;149;148;60;60;55;70;63;57;73;62
1110.0;248;241;152;159;152;151;60;59;55;67;61;58;72;65
1116.0;249;240;154;161;152;152;62;59;55;68;64;55;65;64
1122.0;247;239;154;160;151;152;65;58;56;70;63;54;67;64
1128.0;246;237;158;158;152;155;67;61;55;69;60;52;69;61
1134.0;247;241;159;158;152;153;65;59;55;70;63;51;66;61
1140.0;244;240;156;160;152;149;66;59;53;70;64;55;67;65
1146.0;238;242;156;156;151;150;67;57;56;74;64;56;68;65
1152.0;239;240;159;153;150;146;68;56;57;73;65;59;63;72
1158.0;241;239;162;153;151;147;67;56;53;74;69;59;58;71
1164.0;241;241;161;153;148;150;65;55;52;74;70;59;60;71
1170.0;244;242;159;152;148;150;64;55;56;71;69;58;61;71
1176.0;245;239;159;154;151;154;63;56;57;71;66;55;60;70
1182.0;246;235;156;154;152;154;63;57;57;73;63;57;60;73
1188.0;245;234;156;152;150;157;62;56;55;73;66;59;65;70
1194.0;246;231;156;154;150;158;65;59;56;73;63;59;61;69
1200.0;242;231;158;151;149;161;66;59;58;67;65;64;56;73
1206.0;241;228;154;152;150;160;65;61;59;67;67;63;58;75
1212.0;235;230;155;151;152;161;67;63;59;65;66;65;60;71
1218.0;238;229;154;148;156;160;70;64;58;66;64;62;61;70
1224.0;240;229;152;146;155;161;70;67;60;69;61;66;56;68
1230.0;242;229;155;142;155;160;70;68;57;72;62;65;55;68
1236.0;243;231;148;145;156;155;75;65;60;67;65;67;55;68
1242.0;241;231;148;149;156;153;76;63;60;68;67;66;55;67
1248.0;241;229;147;149;156;153;78;63;55;70;71;65;60;63
1254.0;238;230;149;153;156;152;74;62;56;71;74;65;56;64
1260.0;239;230;149;157;154;149;71;61;57;71;74;67;59;62
1266.0;239;230;148;162;155;148;70;64;54;72;72;66;56;64
1272.0;237;228;148;169;155;150;71;64;53;70;68;66;55;66
1278.0;236;229;149;169;155;148;72;61;56;69;67;69;56;64
1284.0;237;228;151;167;153;147;73;64;54;70;66;69;56;65
1290.0;237;229;151;169;154;147;72;60;55;72;59;68;58;69
1296.0;240;228;151;165;157;149;71;62;48;70;61;69;57;72
1302.0;241;233;149;166;154;150;72;61;47;63;64;70;56;74
1308.0;242;237;151;165;150;153;73;61;49;61;61;70;56;71
1314.0;244;238;149;165;152;150;71;65;48;64;61;69;57;67
1320.0;244;235;147;164;148;153;70;65;50;62;62;71;61;68
1326.0;249;233;145;161;150;154;68;66;50;63;63;72;62;64
1332.0;252;234;147;157;150;152;68;68;53;64;64;68;62;61
1338.0;252;234;148;156;153;153;68;67;51;66;65;70;59;58
1344.0;249;235;144;154;157;156;65;68;50;69;68;70;55;60
1350.0;247;232;146;156;154;156;65;70;51;71;66;68;59;59
1356.0;252;229;144;152;151;158;64;72;52;70;67;71;58;60
1362.0;258;228;144;147;149;162;66;75;56;68;59;68;61;59
1368.0;258;230;144;148;153;165;67;72;52;62;60;68;62;59
1374.0;261;231;147;149;151;169;63;66;48;65;65;67;58;60
1380.0;263;229;147;151;153;166;66;66;51;61;60;64;60;63
1386.0;259;228;147;151;151;169;62;70;49;61;65;66;62;60
1392.0;257;228;143;148;151;168;64;73;53;64;64;65;64;58
1398.0;259;228;141;153;153;169;65;69;56;64;64;58;60;61
1404.0;256;231;139;156;154;166;67;67;59;65;64;57;63;56
1410.0;254;228;141;157;155;166;65;67;59;66;66;54;63;59
1416.0;253;229;141;157;158;165;69;68;57;61;66;56;60;60
1422.0;254;230;140;155;154;163;68;71;56;60;67;59;60;63
1428.0;255;229;140;155;155;162;67;71;60;61;64;57;59;65
1434.0;255;226;140;155;153;165;67;67;59;64;65;56;60;68
1440.0;254;230;139;155;154;167;68;69;61;62;62;54;58;67
1446.0;254;227;144;158;153;171;68;68;58;64;65;46;59;65
1452.0;252;227;144;159;149;171;69;70;55;62;64;43;67;68
1458.0;249;228;144;158;149;171;72;72;60;60;61;46;64;66
1464.0;252;227;142;155;153;168;73;74;61;58;56;50;63;68
1470.0;254;229;139;156;154;169;72;72;60;58;56;46;65;70
1476.0;252;229;142;154;156;168;71;68;58;59;58;46;66;73
1482.0;254;227;138;156;159;172;70;69;59;57;59;45;67;68
1488.0;254;229;139;151;163;175;70;73;57;55;58;47;66;63
1494.0;253;225;142;148;164;173;71;73;58;58;59;47;66;63
1500.0;250;230;142;145;164;173;71;69;62;56;61;47;68;62
1506.0;252;228;142;146;163;176;69;67;63;55;63;49;66;61
1512.0;253;234;139;147;168;175;67;67;61;56;60;46;64;63
1518.0;251;235;139;145;163;175;68;67;60;57;60;49;65;66
1524.0;255;233;138;145;159;177;67;70;60;58;56;52;65;65
1530.0;260;231;140;147;159;173;69;67;57;60;55;51;67;64
1536.0;259;233;144;146;157;175;69;71;55;56;57;48;65;65
1542.0;259;234;144;144;158;178;65;68;56;58;57;46;67;66
1548.0;256;235;144;143;159;180;63;71;56;51;56;47;70;69
1554.0;255;234;145;146;161;179;60;73;52;51;60;44;71;69
1560.0;255;236;145;145;164;178;57;78;52;48;57;43;73;69
1566.0;254;240;139;142;167;179;55;80;55;48;56;44;74;67
1572.0;253;235;140;141;168;183;56;80;55;45;58;47;74;65
1578.0;255;240;140;139;166;181;56;73;59;44;63;44;73;67
1584.0;256;240;140;135;167;179;58;75;61;44;64;42;75;64
1590.0;253;241;140;136;165;177;54;77;63;43;65;45;74;67
1596.0;254;240;140;132;167;176;54;75;63;42;67;47;74;69
1602.0;255;238;142;132;167;178;51;71;68;43;62;45;74;74
1608.0;256;238;141;137;168;176;49;70;69;44;59;45;74;74
1614.0;258;239;141;139;169;174;50;66;72;42;61;46;73;70
1620.0;258;238;140;136;177;174;57;66;69;40;57;49;68;71
1626.0;260;236;139;136;180;177;56;69;69;37;52;49;68;72
1632.0;261;235;137;135;183;179;57;69;66;39;51;49;68;71
1638.0;258;237;138;142;186;180;58;62;67;39;53;45;64;71
1644.0;257;242;139;141;183;180;56;60;66;43;51;45;65;72
1650.0;254;244;138;137;184;182;53;58;65;42;56;46;67;74
1656.0;253;242;141;136;186;181;56;63;64;46;52;42;69;69
1662.0;248;239;141;140;187;180;56;66;60;49;52;41;74;67
1668.0;245;240;140;141;186;182;57;66;60;49;53;41;71;69
1674.0;245;243;138;142;187;179;55;63;63;50;55;43;73;64
1680.0;245;244;137;140;186;181;56;63;64;48;54;42;74;66
1686.0;248;244;138;142;183;183;53;58;63;45;55;45;75;68
1692.0;247;244;139;138;183;182;53;60;64;47;55;48;74;66
1698.0;244;244;138;142;180;183;54;63;65;46;56;47;75;63
1704.0;246;244;137;139;183;186;51;68;58;45;58;47;74;64
1710.0;245;245;138;142;182;188;49;64;59;45;55;52;72;64
1716.0;242;248;139;142;185;187;53;63;58;44;55;53;66;65
1722.0;245;251;140;140;180;184;51;68;59;45;51;53;68;65
1728.0;247;249;138;142;178;186;48;68;64;46;52;51;67;64
1734.0;247;248;140;142;179;182;50;72;60;48;55;50;67;60
1740.0;246;249;143;144;176;180;50;69;64;46;54;53;66;60
1746.0;247;252;141;149;179;177;52;66;58;49;51;52;69;58
1752.0;246;251;139;151;177;176;54;67;56;49;56;51;69;58
1758.0;244;255;138;148;177;172;53;69;55;50;59;52;72;56
1764.0;247;253;139;147;174;171;52;70;53;51;62;53;75;53
1770.0;247;251;139;151;171;171;55;70;55;50;64;54;70;52
1776.0;246;250;138;150;172;172;56;72;52;47;66;56;73;50
1782.0;244;247;139;149;173;172;56;74;51;49;65;56;74;51
1788.0;248;247;136;149;168;173;57;74;53;49;65;57;74;50
1794.0;248;250;138;150;166;172;55;72;51;50;64;55;76;53
1800.0;249;251;138;148;168;172;55;69;55;50;65;54;74;52
1806.0;247;250;141;150;167;168;57;71;58;51;64;51;73;52
1812.0;249;250;143;153;167;165;61;66;61;48;62;51;73;51
1818.0;252;248;143;151;171;167;60;67;62;46;60;51;72;50
1824.0;252;247;144;149;173;169;60;65;63;51;57;51;71;48
1830.0;254;249;145;151;172;171;57;64;65;51;53;52;68;48
1836.0;252;251;146;152;173;175;56;58;62;54;52;52;67;50
1842.0;252;251;146;154;174;175;56;58;62;52;52;51;69;48
1848.0;248;246;151;155;175;171;59;59;65;54;50;50;70;47
1854.0;248;243;152;161;171;171;61;58;66;51;48;54;70;46
1860.0;249;240;153;155;171;170;61;58;67;56;50;56;69;45
1866.0;245;236;152;154;171;167;63;57;68;59;53;57;71;47
1872.0;247;237;154;151;175;168;62;57;66;62;54;53;67;47
1878.0;247;232;160;155;173;172;60;61;65;60;49;53;66;47
1884.0;248;234;160;160;170;171;56;61;60;61;55;55;63;46
1890.0;252;233;156;162;169;169;57;61;59;60;55;57;63;47
1896.0;250;233;154;159;169;170;63;63;56;57;60;57;60;49
1902.0;249;234;152;160;169;168;61;63;56;59;61;57;61;50
1908.0;251;234;151;162;171;169;64;64;56;56;59;56;56;51
1914.0;254;234;147;164;170;170;63;64;56;55;61;57;54;51
1920.0;254;235;147;165;167;172;61;64;57;55;62;59;53;49
1926.0;253;235;148;164;166;171;61;62;56;57;61;60;54;52
1932.0;257;233;145;166;163;172;60;62;53;60;64;59;57;49
1938.0;256;231;144;165;160;174;57;64;57;57;68;61;55;51
1944.0;255;233;144;160;162;174;53;64;58;62;66;61;57;51
1950.0;254;227;143;161;160;176;54;65;58;65;65;61;61;50
1956.0;253;228;140;159;160;177;55;63;58;65;64;62;63;53
1962.0;254;227;141;161;159;174;55;63;59;64;66;60;64;53
1968.0;256;227;141;160;157;175;55;63;61;68;60;63;62;52
1974.0;254;228;140;163;153;174;54;62;64;70;63;66;58;51
