#auto generated file!
12.0;145;122;140;160;119;132;128;134;125;109;128;128;110;120
18.0;147;121;141;159;121;133;127;129;128;103;130;129;112;120
24.0;154;128;140;164;120;136;126;125;129;106;122;120;109;121
30.0;159;130;146;166;122;135;125;121;119;110;123;116;107;121
36.0;162;132;144;164;124;136;126;120;115;111;125;111;110;120
42.0;168;135;146;168;126;135;122;116;113;110;125;108;107;121
48.0;175;139;150;171;126;143;117;111;112;112;119;107;101;117
54.0;176;146;146;168;123;139;114;111;113;109;122;109;104;120
60.0;177;151;145;169;126;143;116;109;110;109;120;103;104;118
66.0;182;152;146;171;128;141;113;112;105;111;118;103;102;116
72.0;179;156;151;178;128;143;108;105;110;111;117;103;95;116
78.0;179;161;153;178;130;144;108;98;112;114;108;102;95;118
84.0;181;164;153;180;130;148;103;96;115;110;103;101;96;120
90.0;184;165;152;193;127;148;103;92;111;107;97;101;98;122
96.0;188;169;152;197;127;146;99;95;108;106;96;100;98;119
102.0;190;171;150;194;130;146;99;96;105;101;94;101;101;122
108.0;191;175;150;196;135;150;96;94;103;99;91;97;103;120
114.0;194;182;147;193;139;149;93;94;102;102;95;95;97;118
120.0;195;185;148;194;141;152;86;93;99;103;92;98;97;117
126.0;196;189;153;196;144;150;83;92;98;102;93;90;98;116
132.0;195;191;155;193;144;147;83;89;99;102;92;89;99;122
138.0;195;198;155;196;144;155;85;88;94;98;90;87;97;118
144.0;198;200;161;198;147;151;88;87;90;97;89;84;96;114
150.0;199;200;160;195;149;157;87;83;89;102;87;84;91;117
156.0;202;201;157;196;152;160;88;84;88;103;84;86;85;114
162.0;204;204;161;195;155;166;86;83;89;101;80;82;85;109
168.0;205;208;161;194;156;167;88;82;87;104;82;80;80;106
174.0;207;211;162;197;159;168;85;77;85;107;80;80;78;104
180.0;208;207;161;205;159;164;89;77;84;106;76;84;77;103
186.0;209;206;166;204;161;163;89;79;86;100;74;85;77;101
192.0;212;207;159;205;158;163;85;83;88;98;73;88;81;100
198.0;216;207;160;206;156;161;84;83;92;97;72;86;82;98
204.0;220;204;157;208;156;165;81;81;93;98;68;82;82;105
210.0;227;202;157;208;159;164;78;82;93;96;69;80;79;106
216.0;230;202;162;207;157;168;79;79;86;94;70;78;82;106
222.0;230;204;159;207;159;174;79;78;87;86;72;73;82;110
228.0;230;205;158;207;161;176;79;72;88;86;72;73;85;108
234.0;226;203;158;210;164;174;82;71;86;86;73;72;86;109
240.0;228;201;159;214;160;169;86;75;89;88;73;74;80;104
246.0;227;204;159;211;162;169;86;80;86;89;78;71;80;98
252.0;226;207;158;207;163;165;84;79;88;91;78;74;81;99
258.0;232;206;153;213;166;166;82;75;88;92;78;74;79;96
264.0;237;206;153;212;167;169;81;74;81;98;78;69;78;97
270.0;238;208;156;215;166;172;79;71;79;95;78;72;73;98
276.0;243;210;150;217;163;173;84;71;79;94;79;69;69;99
282.0;244;212;152;213;161;174;84;74;76;95;82;66;71;96
288.0;242;212;156;213;163;169;81;74;84;93;78;68;74;93
294.0;242;212;158;211;163;169;83;72;86;93;77;60;79;95
300.0;241;215;155;210;166;169;83;72;84;93;76;60;80;96
306.0;240;215;159;211;164;164;88;76;84;90;75;57;81;96
312.0;240;216;158;209;161;162;90;77;84;89;76;62;80;96
318.0;239;217;159;211;159;160;93;71;85;86;76;69;76;99
324.0;239;217;153;210;154;162;97;74;88;84;81;68;71;102
330.0;244;222;154;209;148;161;95;72;86;87;78;69;74;101
336.0;243;222;154;206;149;163;95;72;87;83;77;71;75;103
342.0;240;224;152;208;148;162;96;72;84;86;75;73;77;103
348.0;247;225;150;208;146;164;92;74;84;84;73;74;77;102
354.0;249;222;149;205;143;168;91;70;86;84;75;76;79;103
360.0;247;224;145;203;146;169;89;72;88;82;72;75;81;107
366.0;249;226;143;205;145;169;87;75;87;78;73;79;76;108
372.0;247;226;148;203;148;171;84;71;86;79;74;82;77;104
378.0;247;232;150;200;148;173;80;75;84;77;78;80;73;103
384.0;243;236;149;197;148;175;78;75;85;75;79;85;71;104
390.0;247;235;151;195;147;177;78;79;88;74;77;84;66;102
396.0;248;239;151;196;153;173;78;76;93;72;77;80;66;98
402.0;250;239;151;194;152;169;83;75;89;75;80;82;66;95
408.0;248;241;149;195;149;168;83;75;86;76;81;86;66;97
414.0;249;243;153;188;150;164;86;71;85;81;81;84;66;99
420.0;247;242;156;194;144;171;88;72;81;81;80;84;65;95
426.0;248;244;157;190;144;170;91;75;76;81;81;89;66;88
432.0;245;243;155;193;146;168;91;74;78;83;81;86;69;88
438.0;243;246;156;194;148;167;89;75;82;86;78;86;66;84
444.0;243;245;158;190;148;169;89;79;87;82;76;89;64;81
450.0;243;244;162;186;148;172;91;84;82;82;74;92;58;82
456.0;245;243;160;190;150;171;90;84;78;84;73;92;59;81
462.0;244;247;158;188;153;167;86;85;79;86;76;92;59;80
468.0;239;245;158;187;150;167;85;87;77;90;80;94;59;82
474.0;241;246;160;189;151;166;87;83;77;87;81;94;58;80
480.0;240;245;162;189;153;169;86;84;77;87;81;91;58;78
486.0;244;246;165;195;152;171;79;84;74;87;78;87;58;80
492.0;243;245;168;197;158;178;73;83;78;82;76;85;54;80
498.0;240;246;170;198;159;174;72;86;81;83;79;86;52;74
504.0;243;247;169;197;153;175;72;87;75;85;80;87;58;72
510.0;245;247;170;195;151;176;71;88;73;87;85;86;58;68
516.0;243;250;170;200;150;174;70;89;77;87;84;81;54;71
522.0;248;249;168;196;149;172;70;91;75;84;85;82;57;74
528.0;249;248;167;198;152;169;71;88;77;78;88;85;58;72
534.0;251;250;165;195;154;170;72;85;74;77;86;87;56;78
540.0;249;255;164;197;154;174;69;85;73;77;85;86;55;77
546.0;249;258;161;198;151;175;67;85;70;76;86;86;60;78
552.0;246;259;161;200;152;179;65;85;70;79;82;88;57;77
558.0;245;261;165;200;147;180;67;84;72;76;83;88;54;78
564.0;247;260;162;200;146;181;70;86;73;72;86;87;54;76
570.0;243;260;166;201;145;184;71;87;72;71;85;86;52;77
576.0;245;258;165;203;142;179;74;88;74;74;87;86;53;72
582.0;247;260;166;203;141;176;74;87;73;76;88;85;56;68
588.0;249;262;165;204;143;175;74;86;73;71;89;81;56;72
594.0;253;260;167;205;145;168;73;88;71;73;85;85;57;70
600.0;253;262;170;203;145;167;69;83;74;74;85;87;58;70
606.0;250;260;172;203;144;169;69;83;75;77;83;86;56;73
612.0;252;258;171;203;142;172;65;88;74;78;85;85;58;69
618.0;250;262;174;201;140;170;65;85;76;77;84;85;59;72
624.0;252;265;171;201;140;172;65;86;76;78;79;87;59;69
630.0;255;264;174;198;140;169;70;84;77;80;75;84;59;71
636.0;257;269;171;197;146;171;68;82;74;80;74;81;57;73
642.0;256;269;168;196;152;171;70;80;77;78;71;79;54;79
648.0;254;271;167;195;153;171;69;79;75;79;75;77;56;79
654.0;255;275;163;186;153;171;77;78;82;77;76;72;55;80
660.0;255;272;163;182;159;173;77;75;83;74;78;75;54;80
666.0;259;273;167;183;159;165;75;71;83;72;75;79;57;82
672.0;258;274;168;188;155;165;75;71;83;76;77;79;54;77
678.0;257;275;171;193;157;165;70;68;84;74;76;80;57;73
684.0;257;277;169;196;157;166;68;66;83;69;76;77;56;83
690.0;255;277;172;199;160;169;67;64;84;66;78;73;53;83
696.0;252;280;173;200;160;171;71;64;82;66;79;65;55;82
702.0;253;280;172;199;160;175;73;67;84;66;75;60;56;80
708.0;255;280;173;196;161;178;74;65;77;68;77;63;61;72
714.0;252;280;175;195;162;177;75;65;79;72;76;62;57;73
720.0;248;282;178;193;160;176;82;62;74;73;80;60;58;74
726.0;250;283;173;189;167;180;77;62;74;71;81;62;59;72
732.0;250;288;177;189;171;178;75;62;70;71;81;60;54;74
738.0;246;286;177;188;172;180;73;61;67;73;79;61;59;78
744.0;246;284;178;187;171;179;72;67;69;74;74;58;61;80
750.0;247;284;173;184;175;182;72;68;68;71;76;60;61;79
756.0;249;280;167;181;176;183;72;66;67;75;77;64;64;79
762.0;253;281;168;177;170;182;74;68;63;75;78;67;68;76
768.0;252;278;174;178;166;181;71;69;61;79;75;68;70;78
774.0;250;277;169;180;166;181;73;70;63;77;77;68;72;77
780.0;257;281;166;178;163;187;75;71;58;74;76;71;69;74
786.0;258;280;163;181;162;183;75;71;60;72;75;71;74;75
792.0;255;282;166;178;164;182;73;72;57;74;75;74;74;74
798.0;251;281;167;175;166;180;74;73;56;76;76;73;78;74
804.0;248;282;167;177;169;179;69;77;53;76;78;75;73;77
810.0;247;282;170;176;168;183;76;76;56;74;78;69;72;73
816.0;247;286;169;177;170;177;76;72;57;71;81;70;73;74
822.0;249;286;165;177;171;176;79;75;57;67;85;68;71;74
828.0;252;291;166;178;168;178;75;73;58;65;85;69;68;74
834.0;249;288;171;178;167;179;71;78;55;70;86;67;69;72
840.0;252;289;175;182;166;179;68;72;54;70;88;68;67;70
846.0;253;290;171;186;163;181;66;72;52;70;85;69;70;72
852.0;256;289;168;187;169;180;67;69;54;68;83;68;69;73
858.0;255;286;167;186;174;180;66;70;55;69;80;74;69;69
864.0;255;282;168;184;170;181;69;67;59;68;82;79;67;69
870.0;255;285;168;182;168;183;68;67;61;66;84;78;67;68
876.0;258;285;165;183;166;183;72;68;65;65;83;75;66;66
882.0;255;285;171;186;167;180;75;68;66;63;83;74;65;62
888.0;258;285;171;183;166;178;80;69;66;63;79;75;63;64
894.0;255;283;170;184;165;178;78;71;64;65;81;77;65;64
900.0;256;283;172;187;166;176;81;69;61;71;79;73;62;64
906.0;261;289;170;183;170;177;78;70;56;72;79;72;60;63
912.0;264;285;170;181;173;180;79;69;58;72;79;70;59;61
918.0;265;283;171;181;174;179;79;70;54;75;80;67;61;61
924.0;264;284;169;182;178;179;81;69;56;76;78;64;62;58
930.0;260;282;168;182;178;184;79;75;56;74;74;63;64;61
936.0;259;282;165;180;178;187;79;74;56;72;76;68;64;60
942.0;259;281;167;180;177;187;79;72;59;72;75;69;63;60
948.0;258;284;167;181;174;180;76;75;58;76;78;70;64;59
954.0;261;287;167;178;174;181;73;74;59;74;77;75;62;58
960.0;259;288;170;178;173;185;73;74;58;73;74;72;64;59
966.0;259;290;171;175;173;185;72;71;63;76;74;68;65;58
972.0;259;287;170;178;173;189;75;69;61;76;75;67;64;57
978.0;259;290;172;178;173;190;74;64;57;75;79;70;63;56
984.0;261;290;166;177;173;194;72;66;57;73;78;72;66;55
990.0;262;291;164;178;175;194;72;66;58;73;81;68;64;54
996.0;260;289;164;179;173;191;71;66;55;78;81;71;65;57
1002.0;259;290;165;179;175;190;70;65;57;76;80;66;70;58
1008.0;258;288;167;179;177;187;68;67;59;76;81;62;72;59
1014.0;257;285;169;179;180;190;67;67;58;74;82;64;68;60
1020.0;254;284;171;179;183;192;68;68;60;71;81;64;67;58
1026.0;256;286;169;181;185;189;64;66;58;73;80;65;67;61
1032.0;255;284;169;180;183;191;66;70;58;74;81;63;69;57
1038.0;254;284;166;178;179;194;66;70;58;75;82;65;69;60
1044.0;254;283;166;179;182;189;63;72;56;78;84;66;69;59
1050.0;255;279;168;179;183;193;63;71;56;80;79;66;71;57
1056.0;259;281;168;177;185;190;63;69;57;76;81;65;74;55
1062.0;259;283;168;180;188;191;63;68;54;75;75;67;77;52
1068.0;258;281;170;179;187;194;61;72;53;73;75;68;75;54
1074.0;263;278;170;176;187;191;63;70;54;76;75;69;73;55
1080.0;263;279;169;173;184;188;66;72;54;76;76;72;73;55
1086.0;260;278;168;172;183;187;70;72;52;75;76;72;74;61
1092.0;259;280;169;175;184;186;72;74;51;71;75;69;75;60
1098.0;251;283;169;175;186;183;74;72;56;69;73;72;79;58
1104.0;253;280;171;176;185;182;75;70;55;71;74;73;79;56
1110.0;254;279;168;179;187;183;77;66;58;67;76;72;81;53
1116.0;246;280;165;186;189;188;72;68;58;68;72;72;82;54
1122.0;245;279;166;188;191;184;74;68;59;67;73;71;79;56
1128.0;245;281;163;190;187;187;77;70;58;69;71;72;72;58
1134.0;246;282;168;189;185;184;73;68;64;66;71;74;74;56
1140.0;249;284;166;193;179;182;69;70;63;70;69;78;72;56
1146.0;248;289;164;193;178;184;66;72;62;69;69;77;71;58
1152.0;249;287;164;194;177;184;66;71;61;72;69;75;72;59
1158.0;248;290;162;194;177;186;68;70;59;72;64;78;72;60
1164.0;249;293;165;191;182;185;66;67;56;70;62;79;75;60
1170.0;251;295;162;186;180;187;68;66;57;73;63;78;74;60
1176.0;256;293;161;188;183;187;68;63;59;73;61;72;75;61
1182.0;258;297;158;180;181;187;70;64;62;73;59;73;78;60
1188.0;258;300;163;177;177;189;71;65;62;73;60;74;75;56
1194.0;261;298;158;180;180;192;71;65;62;73;58;76;72;54
1200.0;263;296;158;179;183;190;69;65;64;71;57;81;67;57
1206.0;266;295;156;178;177;188;70;67;64;74;59;81;69;56
1212.0;264;293;158;175;178;188;71;65;61;75;64;82;70;56
1218.0;265;295;151;175;178;187;71;66;66;71;63;88;70;54
1224.0;260;297;150;174;180;186;72;68;65;72;62;86;70;58
1230.0;260;290;151;175;176;186;68;68;67;74;67;89;70;59
1236.0;255;291;154;172;176;190;67;67;67;78;63;89;69;62
1242.0;254;289;152;171;176;189;67;68;71;79;63;85;69;67
1248.0;254;290;152;168;175;190;68;69;68;80;63;83;73;67
1254.0;252;289;154;166;176;193;68;68;67;81;65;80;78;63
1260.0;255;289;154;168;176;189;68;68;67;81;63;80;78;64
1266.0;259;286;154;168;175;187;67;68;69;83;60;82;77;65
1272.0;258;283;154;168;178;187;66;69;70;83;57;80;78;69
1278.0;256;283;153;167;175;185;72;69;71;81;55;80;80;73
1284.0;259;285;152;169;177;184;70;69;73;80;48;81;76;77
1290.0;260;284;153;167;177;179;69;68;74;79;49;85;77;79
1296.0;262;282;154;166;177;179;74;66;78;81;47;83;75;76
1302.0;260;280;163;162;174;180;73;67;78;84;49;84;77;69
1308.0;262;278;164;166;175;178;70;69;74;84;48;85;78;69
1314.0;261;274;161;162;178;180;71;66;77;86;47;86;80;71
1320.0;259;272;160;159;180;180;69;69;82;87;47;83;78;75
1326.0;258;275;161;160;179;182;70;72;80;84;50;79;75;75
1332.0;254;277;164;161;183;183;67;74;79;84;52;78;70;74
1338.0;258;276;164;162;182;181;72;74;79;82;50;81;66;73
1344.0;260;273;161;163;186;183;70;70;83;78;53;83;66;71
1350.0;263;275;157;158;189;180;69;68;85;76;53;82;70;75
1356.0;263;277;159;155;187;180;67;73;80;80;55;78;70;76
1362.0;264;280;162;152;188;174;66;75;78;78;59;76;72;76
1368.0;267;280;163;152;186;174;67;76;78;78;60;74;70;75
1374.0;270;283;162;150;184;169;69;79;79;76;59;72;69;79
1380.0;271;278;161;150;184;165;73;80;74;77;62;74;70;81
1386.0;270;284;164;144;189;165;73;80;77;75;61;73;67;78
1392.0;269;284;163;147;186;165;74;84;76;77;61;74;65;75
1398.0;268;281;162;150;189;166;74;83;73;76;63;73;63;79
1404.0;268;281;163;150;188;167;70;87;74;73;61;75;62;81
1410.0;270;280;162;153;189;167;70;88;69;75;59;75;63;80
1416.0;269;279;164;156;187;170;67;90;68;75;59;76;62;78
1422.0;268;279;171;150;181;169;66;99;69;78;60;70;62;78
1428.0;270;282;166;151;179;170;66;99;66;77;66;65;66;77
1434.0;273;283;168;153;179;173;67;95;68;73;68;63;63;74
1440.0;271;284;171;150;179;172;71;98;65;71;71;63;63;71
1446.0;275;281;168;151;179;171;70;96;65;71;74;64;66;69
1452.0;279;284;167;153;180;173;66;91;66;68;73;66;65;69
1458.0;282;280;165;150;179;171;67;92;71;68;73;66;61;75
1464.0;277;278;162;157;181;171;67;90;73;64;73;67;64;76
1470.0;275;280;160;156;176;172;70;91;75;66;72;64;63;80
1476.0;276;280;161;158;177;168;68;93;70;66;73;63;64;83
1482.0;274;280;161;165;178;169;68;93;70;68;70;62;61;81
1488.0;275;280;161;165;178;175;65;93;69;71;66;64;59;79
1494.0;276;278;159;165;177;175;66;93;63;74;70;64;58;82
1500.0;278;278;160;163;176;177;65;96;58;76;69;66;58;80
1506.0;274;277;160;164;177;176;65;95;60;74;70;66;60;82
1512.0;275;276;157;169;175;180;69;94;59;71;75;60;57;83
1518.0;275;277;156;175;171;182;67;93;59;71;72;62;61;79
1524.0;276;277;157;171;173;183;70;88;63;68;75;62;59;78
1530.0;280;280;158;167;174;183;68;87;65;67;73;63;60;75
1536.0;284;277;163;164;174;184;72;79;66;67;72;63;58;77
1542.0;287;277;165;164;178;180;75;74;63;68;71;63;60;75
1548.0;286;276;162;165;176;184;77;74;67;65;70;63;60;75
1554.0;284;279;161;166;174;182;74;70;68;65;74;65;62;76
1560.0;286;277;162;169;179;177;69;72;66;70;72;62;63;76
1566.0;285;278;164;166;180;180;71;70;64;73;66;64;62;77
1572.0;287;278;159;166;181;180;73;71;69;73;63;66;61;73
1578.0;290;276;155;164;181;177;79;72;73;69;65;65;60;74
1584.0;288;278;155;165;178;179;80;75;71;68;66;65;59;73
1590.0;284;282;159;167;180;174;82;75;76;67;61;67;55;71
1596.0;282;285;155;165;183;176;79;79;71;68;67;68;55;67
1602.0;283;283;154;163;177;180;82;79;71;71;70;66;57;64
1608.0;279;280;154;164;178;183;82;80;70;71;72;69;55;63
1614.0;282;276;153;161;181;184;85;79;70;70;75;68;51;65
1620.0;281;277;149;160;185;182;86;80;77;65;73;71;50;64
1626.0;285;281;150;160;183;180;82;85;73;65;70;69;52;65
1632.0;286;284;149;164;182;179;84;83;75;65;65;68;54;62
1638.0;290;282;150;161;185;180;86;79;73;65;65;65;57;62
1644.0;291;281;150;162;182;179;85;80;73;66;65;64;59;63
1650.0;294;283;155;161;177;180;87;78;69;65;63;66;59;63
1656.0;291;284;158;161;173;177;89;81;69;62;66;68;58;63
1662.0;289;282;162;163;170;180;88;80;66;66;64;69;60;61
1668.0;287;279;161;161;168;185;83;82;64;66;67;70;63;64
1674.0;288;277;158;158;169;189;81;84;66;66;67;70;61;66
1680.0;286;281;156;155;172;186;86;85;63;61;67;72;64;66
1686.0;283;279;154;158;170;189;86;84;62;61;68;74;68;64
1692.0;281;278;155;159;171;189;86;80;60;67;71;75;65;63
1698.0;277;279;154;160;166;189;86;80;58;67;77;79;63;65
1704.0;277;282;154;160;165;186;86;82;59;64;75;78;66;66
1710.0;280;282;152;164;164;185;82;80;58;67;80;75;65;66
1716.0;280;279;152;165;163;185;81;81;61;69;71;79;67;67
1722.0;283;280;151;158;165;188;80;82;57;69;69;79;72;67
1728.0;279;281;155;159;169;189;78;82;59;66;67;77;71;68
1734.0;279;283;157;161;168;189;78;78;59;65;65;77;72;69
1740.0;280;281;153;160;167;188;75;78;61;70;66;81;72;68
1746.0;276;276;153;163;167;190;77;83;64;69;67;78;69;68
1752.0;275;279;151;165;168;190;77;85;61;71;69;75;66;68
1758.0;275;275;149;165;170;189;82;85;63;72;69;74;65;67
1764.0;276;276;149;165;173;189;81;84;58;75;75;74;60;65
1770.0;273;279;149;166;172;190;74;83;58;78;75;78;59;66
1776.0;274;283;150;171;169;186;72;83;58;76;73;80;59;66
1782.0;274;283;150;173;171;187;69;82;59;74;77;74;58;69
1788.0;277;276;152;177;171;186;66;82;58;77;75;75;59;69
1794.0;279;274;151;178;172;189;75;78;60;73;73;73;58;67
1800.0;281;270;150;180;172;187;73;78;61;78;73;74;58;65
1806.0;282;268;151;176;170;186;74;81;63;78;73;69;60;69
1812.0;282;271;152;176;172;181;71;81;65;77;75;68;62;67
1818.0;278;274;152;175;170;185;70;77;65;77;74;68;66;69
1824.0;276;274;154;174;169;184;71;78;65;76;73;67;72;67
1830.0;278;277;156;172;165;178;70;75;63;79;78;64;77;68
1836.0;279;277;157;172;162;175;71;78;61;81;76;67;75;69
1842.0;287;278;156;170;167;169;69;81;61;81;72;67;74;68
1848.0;289;279;156;166;167;170;70;78;60;81;73;67;74;70
1854.0;288;280;153;167;171;169;67;74;60;77;75;72;77;70
1860.0;288;281;150;164;171;167;68;76;60;79;74;71;78;73
1866.0;292;283;148;164;170;167;67;74;58;86;72;68;78;73
1872.0;293;281;149;165;166;172;69;75;57;84;70;70;79;70
1878.0;294;283;146;169;165;175;69;75;59;82;66;66;78;73
1884.0;293;281;148;170;167;178;68;71;56;78;67;66;83;74
1890.0;296;282;149;170;163;180;68;66;57;78;67;67;83;74
1896.0;295;285;147;170;160;182;71;65;56;77;72;63;85;72
1902.0;291;282;151;169;164;184;69;68;56;79;71;57;85;74
1908.0;289;279;148;168;164;189;67;66;61;80;73;58;84;74
1914.0;288;279;147;167;169;193;67;68;56;82;71;61;83;69
1920.0;288;278;145;174;168;191;67;64;52;80;73;64;86;70
1926.0;289;281;138;176;165;191;68;65;50;80;70;68;83;76
1932.0;286;286;138;172;164;189;67;72;52;79;76;64;77;78
1938.0;287;291;136;170;165;190;66;69;51;82;78;61;74;80
1944.0;286;291;139;169;167;189;70;68;49;80;72;59;76;85
1950.0;283;292;138;172;163;187;72;69;53;83;72;60;74;82
1956.0;284;295;140;168;164;189;73;66;56;82;74;57;70;82
1962.0;283;294;139;167;163;191;73;67;59;83;74;55;69;83
1968.0;281;295;141;168;164;191;74;66;62;79;74;54;67;84
1974.0;282;294;141;166;163;187;78;69;60;81;75;51;68;85
