#auto generated file!
12.0;47;35;46;46;43;46;43;51;39;30;45;47;35;47
18.0;46;37;46;47;43;49;45;48;40;30;41;46;36;46
24.0;48;39;44;49;44;52;45;47;41;30;39;44;35;43
30.0;48;41;45;48;44;52;45;42;40;32;38;43;37;45
36.0;49;40;45;50;43;54;42;41;36;32;41;41;37;49
42.0;48;41;45;52;42;53;39;45;38;33;41;43;37;43
48.0;50;42;46;53;40;55;39;43;38;32;39;43;38;42
54.0;52;42;48;57;41;53;38;39;38;33;36;44;38;41
60.0;50;46;51;55;43;53;40;41;38;33;33;42;35;40
66.0;50;46;50;57;44;53;39;38;35;37;35;42;34;40
72.0;53;48;50;54;45;55;36;37;34;37;33;40;35;43
78.0;52;51;51;53;45;53;34;40;34;36;32;39;35;45
84.0;52;53;51;55;46;53;35;40;32;35;33;39;32;44
90.0;53;53;51;55;48;53;37;41;29;35;35;38;32;40
96.0;53;54;54;53;48;54;35;40;31;28;39;41;30;40
102.0;53;55;51;54;52;54;34;41;30;29;41;41;30;35
108.0;55;58;52;57;52;54;33;39;29;25;40;42;30;34
114.0;56;60;52;57;53;53;32;39;30;27;38;42;29;32
120.0;55;63;51;57;50;53;31;37;31;29;40;41;29;33
126.0;56;62;51;57;49;54;30;38;30;28;40;42;29;34
132.0;57;64;48;55;50;55;30;43;29;27;40;41;29;32
138.0;56;63;48;56;50;58;29;45;28;30;40;38;27;32
144.0;56;62;49;59;50;56;30;44;26;30;40;38;27;33
150.0;57;63;48;60;52;59;27;42;26;29;38;35;28;36
156.0;58;65;47;64;52;57;26;43;25;28;37;34;28;36
162.0;58;67;48;66;52;56;25;40;24;29;39;30;28;38
168.0;59;68;46;68;54;52;24;39;27;28;41;32;28;34
174.0;56;66;48;69;54;52;25;37;28;28;41;33;28;35
180.0;57;65;49;68;51;49;27;38;27;28;42;33;29;37
186.0;60;64;51;73;49;49;25;40;25;31;42;31;25;35
192.0;62;64;51;72;48;48;26;41;24;31;41;32;25;35
198.0;62;65;53;73;49;50;26;38;24;30;38;30;27;35
204.0;61;67;53;75;48;49;25;37;24;30;40;30;27;34
210.0;61;66;54;73;47;49;24;37;24;30;44;29;27;35
216.0;62;66;55;73;47;47;24;37;24;31;45;28;26;35
222.0;62;65;54;72;48;49;24;36;25;31;47;28;25;34
228.0;61;66;54;70;49;50;26;38;23;30;46;27;25;35
234.0;59;68;53;69;49;49;26;38;23;33;45;28;26;34
240.0;60;69;57;69;48;48;27;36;21;35;43;31;24;32
246.0;61;68;58;68;49;52;25;37;16;36;44;30;24;32
252.0;60;69;60;69;47;52;26;37;16;38;41;30;26;29
258.0;59;68;59;69;50;50;24;38;19;37;40;31;25;31
264.0;58;68;62;66;51;51;27;39;18;37;37;30;23;33
270.0;59;69;62;67;52;51;24;38;19;36;35;31;24;33
276.0;58;71;63;67;50;53;26;37;18;35;34;34;24;30
282.0;59;66;64;64;54;55;26;35;21;36;34;30;25;31
288.0;60;67;64;65;57;52;27;32;22;35;32;29;30;28
294.0;62;65;64;65;56;53;26;32;21;33;33;30;33;27
300.0;63;67;65;62;59;53;25;30;20;31;32;32;33;28
306.0;63;67;65;61;57;55;25;29;20;36;32;31;31;28
312.0;64;68;66;61;57;55;25;27;22;34;32;31;28;30
318.0;63;69;70;63;59;54;25;27;21;32;32;29;28;28
324.0;64;69;71;60;58;54;25;25;20;35;35;29;28;27
330.0;63;68;72;59;58;57;27;22;21;33;34;30;28;28
336.0;64;70;69;60;59;56;31;20;20;32;32;33;26;28
342.0;63;70;68;60;61;58;29;22;20;33;33;33;23;27
348.0;62;70;69;60;64;56;28;23;21;32;33;31;24;27
354.0;63;71;71;58;65;57;29;23;21;28;35;32;23;24
360.0;64;72;71;56;65;62;30;20;17;29;33;31;24;26
366.0;64;73;67;54;69;62;31;21;16;28;33;31;25;26
372.0;70;73;67;51;68;59;33;24;16;28;28;29;25;29
378.0;71;74;67;49;70;59;32;25;16;28;26;29;27;27
384.0;70;75;69;48;72;58;30;25;16;29;26;29;25;28
390.0;70;77;68;48;75;59;33;27;17;29;25;24;24;24
396.0;70;77;68;47;76;60;30;26;18;32;27;23;22;24
402.0;73;77;68;48;78;58;28;26;21;30;26;22;23;22
408.0;73;77;69;49;78;54;30;27;21;32;24;21;25;20
414.0;73;78;68;46;80;55;31;26;22;34;24;20;24;19
420.0;73;79;67;46;80;55;34;26;21;34;23;19;25;18
426.0;73;79;65;44;83;54;34;26;21;35;24;18;25;19
432.0;73;78;63;44;83;54;33;28;20;34;24;18;27;21
438.0;76;80;61;46;83;53;29;26;22;33;25;20;26;20
444.0;78;81;60;46;80;56;28;27;21;32;23;22;25;21
450.0;77;82;61;48;80;53;29;29;23;29;22;21;25;21
456.0;77;83;60;51;81;51;27;28;23;28;25;20;22;24
462.0;77;84;61;50;80;54;27;28;22;27;26;18;23;23
468.0;79;84;61;51;80;55;27;28;21;25;24;16;26;23
474.0;80;84;60;52;77;53;30;24;23;23;24;20;28;22
480.0;80;85;57;51;77;54;31;24;27;20;23;21;29;21
486.0;78;86;59;52;76;51;29;24;30;22;23;21;28;21
492.0;79;83;60;49;77;53;28;26;30;22;21;22;27;23
498.0;81;84;59;50;74;54;28;29;29;22;19;23;25;23
504.0;79;84;60;49;74;52;29;29;31;21;20;22;26;24
510.0;78;84;59;49;78;51;31;27;33;17;22;22;29;20
516.0;78;85;62;47;76;54;30;27;32;18;22;21;29;19
522.0;79;86;59;47;76;54;30;28;33;18;21;21;31;17
528.0;78;86;60;48;75;54;28;28;34;20;23;18;32;16
534.0;79;85;63;49;75;57;27;26;35;17;25;15;32;15
540.0;78;84;67;53;77;56;26;27;32;17;23;14;32;14
546.0;79;86;68;53;76;54;25;28;32;19;24;14;30;12
552.0;78;87;71;51;77;53;24;29;33;18;23;13;30;13
558.0;79;87;70;50;74;54;26;30;32;19;22;13;29;15
564.0;81;86;71;50;71;52;25;31;34;20;23;14;26;16
570.0;81;85;71;49;74;52;25;29;35;20;25;14;26;14
576.0;77;84;73;51;72;54;24;27;36;24;24;15;25;14
582.0;80;86;69;52;71;53;24;29;32;24;24;15;26;15
588.0;78;85;70;55;74;51;23;27;29;24;24;15;27;18
594.0;77;87;67;56;74;53;26;27;30;23;21;14;27;18
600.0;76;86;65;55;74;52;26;29;31;21;22;14;28;21
606.0;76;87;65;55;74;53;26;30;30;21;22;14;27;20
612.0;76;88;65;52;74;54;29;28;28;24;22;14;26;20
618.0;75;88;64;51;74;54;25;29;28;26;23;15;26;22
624.0;75;88;63;51;75;55;24;32;27;25;23;15;25;22
630.0;76;89;61;53;77;55;25;30;25;23;21;17;25;23
636.0;74;90;59;53;78;56;24;29;24;24;20;20;27;22
642.0;75;88;58;54;78;55;23;28;23;26;19;24;27;22
648.0;74;86;57;55;78;56;23;28;23;25;20;25;27;23
654.0;71;88;56;53;79;55;23;29;24;25;21;26;26;24
660.0;72;89;54;54;79;56;23;30;21;25;23;26;24;24
666.0;74;94;53;54;78;54;22;28;21;27;24;24;22;25
672.0;74;92;53;56;76;53;22;26;23;28;23;24;25;25
678.0;75;94;55;57;76;53;20;26;24;27;21;25;23;24
684.0;77;94;53;58;74;53;20;25;24;26;22;25;23;26
690.0;77;93;55;58;75;53;20;27;22;24;20;26;23;27
696.0;78;94;56;58;72;54;20;25;24;27;20;26;22;24
702.0;77;95;55;59;73;55;23;24;22;29;18;25;21;24
708.0;78;94;55;60;74;56;22;24;23;29;16;26;21;22
714.0;79;95;55;60;73;55;22;24;23;26;17;26;21;24
720.0;76;99;52;57;73;55;25;26;22;25;16;27;24;23
726.0;77;99;51;59;73;54;25;28;25;24;14;26;23;22
732.0;77;97;53;60;73;51;24;26;26;24;16;24;25;24
738.0;77;98;55;60;75;51;24;25;23;25;15;26;22;24
744.0;76;98;57;60;75;51;25;24;22;27;14;26;22;23
750.0;75;97;55;59;78;52;24;26;22;30;13;24;21;24
756.0;78;97;57;60;77;52;25;25;22;29;11;23;19;25
762.0;79;97;58;61;76;52;24;26;21;27;10;24;20;25
768.0;81;97;58;61;75;51;25;27;20;28;10;24;19;24
774.0;80;96;59;61;74;52;25;28;22;27;11;24;18;23
780.0;80;93;60;62;71;54;26;26;21;26;14;23;20;24
786.0;79;94;60;63;70;55;25;26;23;26;13;22;20;24
792.0;79;94;60;63;69;57;23;26;22;24;15;21;21;26
798.0;78;95;63;63;68;58;24;26;23;25;15;18;22;22
804.0;80;98;64;64;65;59;21;26;22;23;19;17;20;22
810.0;79;97;61;64;64;62;19;27;22;23;19;18;22;23
816.0;77;100;61;64;67;60;19;27;20;23;17;18;23;24
822.0;77;101;60;64;69;61;19;23;23;22;17;19;22;23
828.0;76;100;60;63;70;61;19;23;21;22;19;19;22;25
834.0;75;99;60;63;69;64;20;22;21;21;19;19;24;24
840.0;77;100;59;63;69;63;21;22;23;22;18;18;20;25
846.0;77;100;60;61;68;63;23;21;23;21;18;20;21;24
852.0;77;100;60;60;68;61;21;23;26;22;17;20;21;24
858.0;79;100;60;61;65;61;22;23;26;22;17;20;20;24
864.0;79;100;61;58;67;61;22;22;25;22;18;20;20;25
870.0;82;99;61;60;66;61;22;20;23;22;19;19;18;28
876.0;82;99;62;56;68;64;24;20;22;21;17;20;17;28
882.0;82;100;59;58;67;63;24;20;22;19;16;21;19;30
888.0;81;100;58;58;65;64;23;20;24;20;16;21;19;31
894.0;84;99;57;56;63;66;24;21;24;20;17;20;19;30
900.0;87;100;58;53;62;67;22;20;24;21;18;20;19;29
906.0;88;102;57;52;63;67;21;22;26;20;19;18;20;25
912.0;89;98;57;52;62;67;21;22;26;21;19;21;18;27
918.0;91;98;56;50;64;71;21;22;24;19;19;20;17;28
924.0;91;97;57;51;64;73;23;22;23;19;20;20;14;26
930.0;91;99;56;49;64;72;24;21;24;19;23;20;14;24
936.0;93;99;58;47;65;71;24;23;25;16;21;19;17;22
942.0;90;99;57;47;64;72;23;23;26;18;21;18;19;23
948.0;92;96;57;47;62;72;23;23;27;19;20;17;20;25
954.0;93;94;59;48;64;68;21;23;28;17;24;19;21;21
960.0;95;94;55;48;63;69;21;23;29;17;24;20;21;21
966.0;94;92;57;49;61;69;24;24;29;18;25;19;20;19
972.0;92;92;58;50;61;69;25;21;31;17;27;18;20;19
978.0;94;91;57;47;61;69;27;21;32;18;29;17;19;18
984.0;92;91;58;49;63;68;26;18;32;19;26;17;20;21
990.0;91;92;58;47;63;69;23;20;34;22;25;16;19;21
996.0;93;91;57;46;63;68;25;20;32;24;25;17;17;22
1002.0;92;90;58;44;63;69;23;20;32;24;26;18;18;23
1008.0;92;91;57;43;63;68;25;20;32;24;28;18;17;22
1014.0;92;91;58;45;64;67;25;20;31;26;23;19;19;20
1020.0;92;91;57;46;62;69;24;20;31;28;24;21;17;18
1026.0;92;91;58;45;62;68;25;23;28;25;25;22;17;19
1032.0;95;89;56;43;62;69;25;23;28;27;23;25;17;18
1038.0;92;88;58;44;62;72;25;21;25;28;23;24;18;20
1044.0;91;86;59;43;60;72;25;22;26;28;24;24;19;21
1050.0;93;85;58;45;61;73;24;22;24;29;24;22;20;20
1056.0;94;84;59;48;60;74;22;22;24;28;22;24;20;19
1062.0;93;85;60;49;61;75;22;22;24;26;20;23;21;19
1068.0;96;85;59;48;63;76;22;22;23;23;20;25;21;17
1074.0;97;86;61;47;61;77;20;22;23;24;21;25;20;16
1080.0;97;82;58;47;61;79;20;22;25;22;22;26;23;16
1086.0;96;82;59;46;59;80;18;23;27;22;22;25;25;16
1092.0;95;83;57;47;60;81;19;21;26;21;22;25;26;17
1098.0;94;83;56;46;61;80;19;21;28;20;21;28;25;18
1104.0;96;83;57;46;61;79;19;20;28;21;20;29;23;18
1110.0;94;83;57;46;61;78;21;19;31;21;21;28;23;17
1116.0;94;83;56;46;62;77;21;20;30;22;23;27;21;18
1122.0;95;84;56;48;61;76;20;20;30;20;23;27;22;18
1128.0;94;85;56;50;59;73;22;22;30;18;23;28;22;18
1134.0;91;86;54;48;60;74;22;22;30;15;23;32;23;20
1140.0;93;86;53;48;60;73;22;21;30;14;24;33;23;20
1146.0;95;85;53;48;57;72;22;23;30;14;24;32;23;22
1152.0;95;86;53;48;55;70;24;23;31;14;26;32;21;22
1158.0;98;88;57;48;58;69;21;22;30;14;28;28;16;23
1164.0;100;86;58;48;58;66;20;21;30;16;27;29;16;25
1170.0;100;88;58;48;56;67;21;24;29;19;26;26;16;22
1176.0;102;88;57;48;57;67;20;25;27;19;27;26;15;22
1182.0;103;87;57;49;58;66;20;22;27;20;28;26;15;22
1188.0;102;87;56;46;61;63;18;21;30;21;31;25;16;23
1194.0;100;87;58;49;60;66;16;18;30;21;30;26;15;24
1200.0;100;87;57;51;59;65;15;18;31;19;31;29;14;24
1206.0;98;88;57;50;60;66;17;17;28;19;31;29;16;24
1212.0;98;88;56;52;59;67;16;17;28;19;33;29;16;22
1218.0;99;87;54;52;59;70;17;16;31;18;32;26;17;22
1224.0;98;86;57;55;59;68;15;14;30;16;32;31;16;23
1230.0;96;87;57;54;58;65;16;15;31;18;33;30;17;23
1236.0;92;88;58;54;61;67;15;15;31;19;34;28;17;21
1242.0;92;90;58;54;61;70;15;15;31;18;31;28;18;19
1248.0;94;91;58;56;61;69;17;14;29;18;30;29;15;19
1254.0;93;90;60;57;61;70;16;14;28;18;29;29;16;19
1260.0;93;92;62;57;60;69;16;13;26;18;28;30;17;19
1266.0;93;93;62;53;60;70;17;13;27;16;28;30;17;21
1272.0;94;93;62;52;63;70;19;12;27;16;28;28;15;21
1278.0;93;98;61;50;64;68;19;12;27;16;29;27;16;20
1284.0;94;97;60;50;64;69;19;12;27;20;27;26;16;19
1290.0;92;98;60;49;65;69;20;12;26;19;27;27;17;19
1296.0;91;98;62;49;67;70;21;12;25;21;25;25;16;18
1302.0;90;97;60;50;69;72;21;12;26;21;24;23;15;20
1308.0;92;96;63;48;66;76;20;12;26;20;24;22;16;19
1314.0;92;96;63;48;67;74;21;12;24;20;25;23;17;18
1320.0;94;95;62;47;67;74;22;12;26;19;24;23;16;19
1326.0;95;94;59;49;68;74;21;15;25;20;22;22;19;17
1332.0;94;93;57;47;68;74;21;14;23;22;25;22;20;20
1338.0;94;91;57;49;69;73;21;15;22;19;26;22;23;19
1344.0;95;90;59;50;69;74;21;14;23;18;24;21;22;20
1350.0;95;89;60;50;67;72;21;15;25;23;23;20;22;18
1356.0;98;89;58;50;64;72;20;15;26;24;25;20;22;17
1362.0;98;89;57;52;64;71;20;15;25;25;24;22;23;15
1368.0;100;87;60;53;64;70;19;14;22;25;26;21;24;15
1374.0;98;85;59;52;68;69;22;15;20;27;27;21;24;13
1380.0;97;88;58;52;67;68;22;14;22;28;28;21;22;13
1386.0;98;88;57;50;67;67;21;15;21;27;27;21;23;18
1392.0;96;88;58;50;68;68;20;14;22;28;27;21;22;18
1398.0;98;85;58;53;68;64;21;17;23;26;27;20;24;16
1404.0;99;84;58;52;66;64;21;17;25;26;26;20;24;18
1410.0;101;81;60;53;67;62;18;18;26;27;23;22;24;18
1416.0;100;81;63;53;66;62;17;18;28;27;25;21;21;18
1422.0;102;83;62;51;64;63;17;21;27;29;24;21;20;16
1428.0;103;82;62;50;64;62;17;20;26;29;28;22;20;15
1434.0;104;81;63;48;64;61;17;22;27;28;29;22;19;15
1440.0;104;81;64;49;67;56;17;23;26;28;30;21;20;14
1446.0;99;82;66;50;67;56;16;22;28;27;26;21;22;18
1452.0;100;83;67;50;68;56;16;22;29;24;25;20;23;17
1458.0;101;84;67;50;67;57;16;21;27;24;24;20;24;18
1464.0;100;85;66;50;67;59;16;19;27;25;25;20;24;17
1470.0;102;85;67;51;66;60;16;19;24;26;25;20;23;16
1476.0;102;85;68;51;66;60;15;20;23;25;25;22;23;15
1482.0;105;83;67;50;67;63;14;20;22;28;25;18;23;15
1488.0;106;82;65;50;69;63;16;21;22;26;25;19;23;13
1494.0;107;84;65;50;68;62;16;22;22;26;24;19;21;14
1500.0;105;85;65;51;69;63;16;21;23;25;21;17;24;15
1506.0;105;86;67;51;69;62;14;20;23;24;19;19;24;17
1512.0;105;89;67;53;69;62;16;19;23;21;18;18;24;16
1518.0;106;89;66;52;65;63;17;21;23;23;19;17;22;17
1524.0;104;85;65;52;67;62;22;22;23;24;20;16;23;15
1530.0;105;85;66;55;64;62;22;21;25;24;19;16;22;14
1536.0;104;85;70;52;63;62;22;19;25;25;21;17;22;13
1542.0;103;85;68;51;68;60;20;18;27;27;22;16;19;16
1548.0;104;86;70;52;68;62;18;17;26;26;21;17;16;17
1554.0;105;84;71;52;68;63;17;15;25;26;21;20;17;16
1560.0;103;85;69;55;70;61;16;14;27;26;20;19;18;17
1566.0;103;88;66;55;71;61;15;12;27;27;19;20;18;18
1572.0;102;88;72;56;71;58;17;12;25;23;19;20;19;18
1578.0;105;86;72;56;74;56;14;12;24;22;21;20;19;19
1584.0;106;88;71;57;75;54;13;12;21;23;21;19;19;21
1590.0;104;88;73;57;77;54;12;13;22;21;20;18;19;22
1596.0;104;88;72;56;76;51;13;14;25;22;19;18;20;22
1602.0;105;89;69;56;77;52;13;14;22;22;18;18;21;24
1608.0;102;90;67;55;75;50;13;18;24;22;21;18;19;26
1614.0;105;90;70;56;70;50;13;19;25;20;22;18;19;23
1620.0;104;90;69;54;70;51;13;21;26;21;21;19;17;24
1626.0;104;88;70;54;70;53;14;21;27;21;19;18;17;24
1632.0;102;89;70;54;68;52;16;21;27;21;19;18;17;26
1638.0;101;90;71;53;69;54;16;19;28;20;19;17;18;25
1644.0;99;90;69;54;71;53;19;18;28;20;18;17;18;26
1650.0;101;89;68;55;70;52;20;19;28;20;17;18;18;25
1656.0;101;86;69;56;70;53;22;22;27;20;15;17;17;25
1662.0;101;87;69;57;70;52;22;24;28;16;16;18;16;24
1668.0;103;87;69;56;72;51;20;24;27;17;16;20;13;25
1674.0;103;86;67;57;70;52;19;24;26;18;20;21;13;24
1680.0;103;85;65;57;71;53;20;23;24;20;22;22;13;22
1686.0;103;85;66;58;69;50;21;23;22;20;24;24;13;22
1692.0;102;86;63;57;70;49;22;20;22;20;28;26;15;20
1698.0;103;87;64;56;70;49;21;17;21;22;28;27;16;19
1704.0;102;87;62;55;71;49;19;18;21;24;28;28;16;20
1710.0;103;87;61;56;71;49;19;19;20;23;28;28;16;20
1716.0;105;87;60;56;68;51;19;20;19;23;30;27;16;19
1722.0;103;88;63;56;68;50;18;19;20;20;31;29;15;20
1728.0;103;88;64;55;69;48;16;20;20;20;30;29;18;20
1734.0;102;89;65;55;67;50;14;18;21;20;31;26;21;21
1740.0;100;89;65;55;67;50;14;18;23;22;29;27;22;19
1746.0;98;89;67;56;69;50;13;17;23;22;28;26;21;21
1752.0;99;88;65;57;68;50;15;16;23;21;29;25;22;22
1758.0;99;88;62;58;70;49;15;18;23;21;28;23;21;25
1764.0;100;87;65;59;68;48;16;17;25;19;26;24;22;24
1770.0;99;86;63;60;69;47;16;17;25;21;26;23;22;26
1776.0;99;86;62;61;70;47;16;15;25;21;27;23;24;24
1782.0;100;86;63;61;73;46;16;15;24;20;27;20;25;24
1788.0;100;88;63;64;76;44;17;16;23;18;28;19;23;21
1794.0;99;87;62;63;75;43;19;18;24;16;28;22;24;20
1800.0;97;88;61;62;71;44;20;18;25;17;31;21;23;22
1806.0;99;86;58;65;70;43;18;17;27;19;30;21;24;23
1812.0;98;86;57;64;67;43;18;18;31;21;31;21;23;22
1818.0;96;85;57;67;67;42;22;18;32;19;29;23;21;22
1824.0;96;86;57;68;66;46;22;18;30;19;28;23;19;22
1830.0;93;87;56;69;64;49;20;18;30;21;25;25;23;20
1836.0;92;88;55;67;66;53;18;17;28;21;24;26;24;21
1842.0;91;88;54;65;67;53;18;16;29;21;23;29;24;22
1848.0;93;90;55;64;66;52;18;17;31;21;20;27;24;22
1854.0;93;91;56;66;65;55;19;15;32;22;21;26;23;16
1860.0;94;93;57;65;67;55;18;11;32;22;21;26;24;15
1866.0;93;93;58;63;67;57;19;13;31;20;20;28;22;16
1872.0;94;94;59;63;66;58;18;14;30;20;21;27;19;17
1878.0;94;95;58;66;62;60;20;12;30;20;21;25;19;18
1884.0;91;95;54;67;63;58;22;13;29;23;20;26;20;19
1890.0;92;97;49;67;62;58;23;12;30;22;21;25;20;22
1896.0;95;96;51;65;60;58;26;13;27;22;21;24;19;23
1902.0;94;95;51;64;58;59;26;16;28;22;22;25;15;25
1908.0;95;95;52;63;56;60;25;19;28;21;23;24;15;24
1914.0;95;94;53;62;54;59;27;20;26;22;25;24;15;24
1920.0;95;93;54;63;53;59;29;20;26;23;25;22;14;24
1926.0;95;93;56;63;52;58;29;22;26;23;24;22;15;22
1932.0;93;92;56;63;49;57;29;24;28;24;22;22;17;24
1938.0;93;93;55;63;49;57;29;24;27;25;20;24;17;24
1944.0;94;95;56;63;51;56;25;24;28;22;20;25;18;23
1950.0;94;96;55;63;51;55;24;24;26;25;20;27;19;21
1956.0;96;98;55;63;50;57;23;21;24;22;21;29;19;22
1962.0;96;100;54;63;47;57;26;21;21;23;24;28;17;23
1968.0;96;101;52;64;48;58;25;20;21;23;25;25;19;23
1974.0;97;100;55;64;48;58;27;19;19;22;23;25;20;23
