#auto generated file!
12.0;34;28;30;22;26;18;26;29;37;24;30;31;25;40
18.0;33;29;31;21;28;19;26;28;36;26;29;32;23;39
24.0;34;29;31;22;28;19;27;28;36;28;28;32;23;35
30.0;34;30;32;24;28;19;27;27;36;28;28;34;24;29
36.0;36;29;31;24;29;20;29;28;35;29;25;34;23;28
42.0;37;30;32;24;30;20;27;24;37;31;25;34;21;28
48.0;37;33;33;24;30;20;30;22;36;27;26;31;22;29
54.0;37;35;34;25;30;23;29;16;38;26;26;31;22;28
60.0;38;36;31;25;28;23;32;18;37;25;27;30;23;27
66.0;39;37;33;25;27;22;27;20;36;26;29;27;24;28
72.0;40;39;34;26;28;22;27;20;36;24;27;27;24;26
78.0;39;42;34;27;27;24;24;19;35;25;29;25;25;25
84.0;42;39;35;29;29;22;25;20;33;24;29;26;24;23
90.0;42;42;36;29;28;22;25;19;32;26;28;24;24;23
96.0;46;42;39;31;28;22;26;20;30;22;26;20;24;24
102.0;46;43;36;32;28;23;27;19;29;21;26;22;24;24
108.0;46;44;35;33;30;23;24;19;28;20;27;22;25;24
114.0;45;43;35;33;31;25;24;20;28;20;25;21;25;25
120.0;46;45;33;33;30;24;23;21;27;22;24;21;27;24
126.0;48;47;33;30;29;25;23;21;26;24;25;21;25;23
132.0;48;46;32;29;29;26;22;22;25;24;24;23;26;24
138.0;48;45;32;31;29;26;21;22;25;23;26;24;26;22
144.0;49;47;35;31;28;26;23;21;23;23;24;20;26;24
150.0;50;49;34;31;26;27;22;21;22;23;24;21;26;24
156.0;50;50;33;31;27;28;21;20;22;23;23;20;29;23
162.0;51;49;32;30;27;28;21;21;23;25;22;21;27;23
168.0;52;50;33;30;26;29;20;21;22;25;22;20;28;22
174.0;52;50;32;29;27;29;19;22;23;26;24;20;26;21
180.0;53;49;31;30;27;28;18;24;22;25;25;20;26;22
186.0;55;51;30;31;26;28;20;22;18;23;26;22;27;21
192.0;55;52;30;31;26;28;20;22;19;24;24;21;27;21
198.0;55;52;29;31;28;28;19;22;20;23;23;22;27;21
204.0;57;52;29;30;28;29;19;24;20;22;23;21;26;20
210.0;58;53;29;30;29;29;17;23;20;21;21;21;29;20
216.0;59;52;28;29;29;31;15;24;21;21;22;21;29;19
222.0;59;53;27;28;30;31;15;25;21;22;21;21;28;19
228.0;58;54;27;28;31;31;15;22;24;22;21;21;29;17
234.0;61;54;24;28;32;31;15;25;22;22;19;21;30;16
240.0;59;56;23;28;30;35;15;25;21;23;20;21;28;16
246.0;61;58;23;28;29;36;15;25;21;22;20;20;25;17
252.0;61;57;27;27;28;36;15;24;22;25;19;21;23;15
258.0;61;57;26;30;27;36;16;23;22;24;19;20;20;19
264.0;59;56;26;32;30;35;16;21;21;22;20;21;20;21
270.0;60;56;26;31;28;36;15;20;23;25;18;21;20;21
276.0;58;57;26;30;28;37;16;20;25;24;17;22;20;20
282.0;56;58;29;30;28;37;14;19;25;23;19;22;21;19
288.0;57;59;33;29;26;36;16;20;25;20;19;20;20;20
294.0;57;59;34;29;26;36;16;21;25;20;19;20;20;18
300.0;58;58;35;32;26;34;16;22;25;20;21;18;18;17
306.0;59;58;34;32;27;33;15;21;24;18;23;18;18;20
312.0;59;56;34;33;29;35;13;21;23;19;23;18;17;20
318.0;60;56;34;32;29;34;14;21;24;19;22;19;17;19
324.0;61;56;34;32;29;36;12;23;25;19;23;18;16;16
330.0;61;57;32;35;29;35;11;24;25;19;23;19;14;16
336.0;61;57;35;35;28;35;10;24;25;21;24;17;14;14
342.0;62;57;33;33;30;35;11;23;26;21;25;16;13;15
348.0;62;56;35;34;31;35;11;19;23;23;27;15;14;15
354.0;63;58;35;35;32;32;12;19;22;21;24;17;15;15
360.0;63;57;36;34;32;33;11;17;23;23;24;17;15;15
366.0;66;59;38;32;31;33;12;17;23;20;24;19;11;15
372.0;68;58;40;32;30;34;12;17;22;18;25;19;10;15
378.0;69;59;39;32;30;31;13;17;23;17;25;19;9;17
384.0;69;59;38;32;31;31;13;16;24;16;25;19;10;17
390.0;70;63;40;32;30;31;13;15;23;15;25;18;8;17
396.0;69;64;41;34;30;31;13;13;21;16;24;17;9;18
402.0;68;63;39;35;30;32;15;12;20;15;27;16;10;18
408.0;69;63;41;35;30;31;16;13;20;14;22;15;12;19
414.0;70;64;41;34;29;32;16;13;19;15;22;14;12;19
420.0;70;65;41;35;29;32;17;14;18;14;22;13;12;18
426.0;69;65;39;37;29;33;16;15;18;14;23;12;12;18
432.0;68;64;41;37;29;35;16;14;16;14;23;14;12;17
438.0;69;63;40;38;30;35;15;14;16;13;23;14;13;17
444.0;68;63;38;38;29;36;18;14;17;13;20;15;14;17
450.0;70;63;37;39;29;34;19;15;16;13;20;13;16;16
456.0;66;59;38;40;30;33;20;15;18;13;19;14;17;18
462.0;67;59;38;37;31;33;19;15;19;14;18;15;17;18
468.0;67;59;38;37;32;34;20;14;19;12;18;16;17;17
474.0;67;59;38;38;32;34;19;17;16;12;18;17;17;16
480.0;67;59;38;38;34;34;19;16;15;11;17;18;18;16
486.0;68;62;37;37;30;35;20;15;16;10;18;18;17;17
492.0;67;62;37;36;30;35;20;16;17;10;17;18;18;17
498.0;65;64;37;36;29;36;21;16;17;11;17;17;17;17
504.0;67;65;39;35;29;35;22;17;17;12;16;15;16;15
510.0;66;64;39;37;29;36;22;16;15;11;15;17;16;17
516.0;69;64;37;34;30;37;22;17;14;12;15;16;16;17
522.0;69;63;34;37;28;39;23;17;15;15;14;16;14;16
528.0;70;63;37;38;28;40;18;16;15;16;14;15;13;17
534.0;69;63;37;38;29;40;17;13;14;19;14;15;15;17
540.0;70;62;35;35;29;40;16;14;14;17;14;17;19;18
546.0;71;63;34;37;29;39;15;15;16;18;15;17;15;16
552.0;72;64;34;38;29;40;15;13;16;16;15;17;14;17
558.0;71;63;31;39;29;42;16;14;14;17;15;18;13;18
564.0;71;63;31;38;30;43;18;13;15;14;14;18;14;18
570.0;70;63;32;38;30;42;17;13;17;14;15;19;15;15
576.0;70;62;33;38;31;43;16;15;17;14;15;16;14;16
582.0;69;62;32;39;32;43;16;15;15;16;14;16;13;18
588.0;69;61;34;37;32;44;16;14;16;15;13;17;14;18
594.0;68;61;31;38;34;44;17;13;14;18;13;18;14;17
600.0;66;59;30;39;35;44;17;14;15;18;12;20;14;17
606.0;65;57;30;38;35;45;17;14;16;17;13;22;14;17
612.0;64;54;30;41;37;45;17;15;14;18;16;20;14;15
618.0;64;55;29;40;36;46;19;15;17;18;14;18;13;16
624.0;65;56;28;40;35;48;19;15;16;19;12;18;13;16
630.0;65;56;30;41;36;48;18;16;15;18;11;16;13;17
636.0;66;56;29;40;39;45;17;16;16;18;12;15;14;17
642.0;66;55;31;39;40;45;18;16;16;18;11;15;13;17
648.0;66;56;32;39;39;44;19;16;16;18;9;16;12;18
654.0;67;57;31;39;38;44;22;17;17;17;9;13;10;19
660.0;66;60;30;39;38;45;21;16;17;17;9;13;10;19
666.0;66;61;30;39;38;45;20;17;16;18;9;12;10;19
672.0;64;60;30;40;39;45;20;16;16;18;10;12;11;19
678.0;63;59;30;40;38;45;21;18;17;18;11;11;11;18
684.0;64;60;30;40;40;47;20;17;18;17;10;11;11;15
690.0;65;62;29;38;39;44;19;16;18;18;10;14;13;15
696.0;64;61;29;38;39;45;20;17;18;19;10;14;14;12
702.0;63;61;32;39;38;45;20;19;16;18;11;13;13;12
708.0;61;61;32;41;38;45;21;19;15;18;10;12;15;12
714.0;61;62;30;39;39;45;18;19;16;18;10;14;17;12
720.0;60;63;30;42;39;43;19;19;15;18;10;13;17;12
726.0;59;63;29;42;41;42;19;17;16;18;11;15;18;10
732.0;59;62;30;41;41;42;20;17;18;17;11;16;16;10
738.0;57;62;30;41;41;43;20;16;17;17;11;19;15;11
744.0;57;64;30;41;41;43;20;16;18;16;11;19;14;10
750.0;56;64;28;40;41;44;20;16;20;15;13;20;13;10
756.0;56;65;29;40;40;43;21;14;20;16;13;19;14;10
762.0;55;66;28;40;41;44;20;14;19;16;14;20;15;8
768.0;58;65;29;40;41;42;21;15;17;16;14;19;15;8
774.0;57;66;30;41;40;42;22;14;18;16;14;17;15;8
780.0;58;68;30;43;40;42;23;13;17;15;13;18;15;5
786.0;57;68;31;43;39;43;22;13;17;15;13;19;15;5
792.0;58;67;32;44;38;43;21;14;17;15;12;18;14;7
798.0;59;64;32;43;37;46;21;14;17;18;10;18;14;7
804.0;60;62;33;43;37;45;23;12;16;17;12;18;14;8
810.0;60;64;34;44;35;45;21;12;18;16;12;17;13;9
816.0;62;63;32;43;35;46;20;12;19;18;12;16;13;9
822.0;62;63;32;43;36;46;19;12;18;16;13;16;13;11
828.0;63;63;32;43;35;43;18;12;18;16;14;18;13;12
834.0;63;62;35;43;35;42;18;13;19;13;11;19;14;13
840.0;64;63;35;43;34;41;16;13;17;16;12;16;14;16
846.0;66;62;33;44;34;41;16;14;16;17;11;16;13;17
852.0;66;65;32;44;34;40;16;13;15;19;10;17;12;17
858.0;67;66;33;46;33;40;16;12;14;19;11;15;11;17
864.0;66;67;34;47;33;38;15;13;14;20;8;14;13;18
870.0;66;67;33;48;33;37;16;13;13;20;8;15;14;17
876.0;66;65;36;48;32;40;16;14;12;20;8;16;14;13
882.0;68;65;36;48;32;41;16;15;11;20;8;17;12;11
888.0;69;71;37;48;34;42;18;15;9;15;8;14;10;10
894.0;69;70;37;50;35;42;20;14;8;15;7;14;10;9
900.0;69;70;37;48;36;43;19;14;9;17;7;13;9;9
906.0;70;72;35;48;36;45;18;14;9;16;6;13;9;9
912.0;70;72;32;50;35;47;18;15;8;16;6;13;9;9
918.0;70;71;32;51;37;49;18;16;8;15;5;10;9;9
924.0;70;71;31;48;37;47;17;18;9;15;6;12;10;9
930.0;71;70;31;49;37;48;16;18;9;15;6;11;11;8
936.0;70;70;30;47;37;49;19;18;10;16;5;10;10;9
942.0;70;71;30;47;38;47;18;19;10;15;6;9;11;9
948.0;69;71;30;45;38;45;20;20;11;16;6;9;10;10
954.0;69;70;31;46;36;46;20;20;10;15;6;8;11;12
960.0;67;70;32;49;35;45;20;19;10;16;7;8;11;11
966.0;67;70;34;49;35;43;21;19;10;16;6;8;11;11
972.0;66;70;35;48;36;43;20;17;10;14;8;10;12;11
978.0;66;67;35;50;37;42;19;16;9;14;10;10;13;12
984.0;67;66;35;49;38;42;20;16;7;14;10;12;12;12
990.0;66;67;32;48;41;41;19;18;8;14;11;10;12;13
996.0;66;68;32;47;40;40;19;19;8;13;11;10;13;14
1002.0;66;67;32;47;39;40;19;18;9;13;11;11;14;14
1008.0;66;67;33;46;37;39;19;18;9;15;10;12;14;15
1014.0;66;65;34;47;38;38;20;17;11;16;10;12;12;14
1020.0;65;65;34;47;38;39;20;17;11;15;10;12;12;15
1026.0;63;64;34;46;39;40;22;14;11;16;11;13;12;15
1032.0;62;63;34;46;40;40;20;15;12;16;11;14;12;15
1038.0;62;64;34;48;40;40;21;13;12;15;10;12;13;16
1044.0;64;62;34;49;42;40;20;14;11;13;9;11;13;18
1050.0;64;61;34;46;42;40;19;14;11;13;11;13;12;20
1056.0;64;63;35;44;40;40;18;14;12;12;12;12;12;22
1062.0;64;64;36;43;40;40;17;14;13;11;12;12;12;22
1068.0;65;63;36;41;39;41;18;16;15;9;13;12;12;20
1074.0;63;64;34;43;40;41;17;17;15;9;12;13;12;20
1080.0;63;64;34;44;42;41;15;18;16;8;14;14;9;18
1086.0;64;64;33;43;44;40;15;20;15;9;13;14;10;16
1092.0;64;65;32;42;42;39;15;21;16;9;13;16;10;16
1098.0;64;65;33;44;41;38;13;22;18;10;11;17;10;14
1104.0;64;63;33;45;40;37;13;22;18;11;10;15;10;19
1110.0;64;63;32;43;41;38;12;24;18;12;10;16;10;17
1116.0;63;63;33;43;42;38;12;24;19;12;10;17;10;14
1122.0;63;63;33;43;43;38;13;25;18;12;9;18;9;13
1128.0;63;63;32;42;42;39;12;26;17;13;10;19;9;13
1134.0;64;62;31;42;42;39;12;24;16;14;11;19;11;13
1140.0;66;62;32;43;44;38;11;23;14;14;12;18;11;12
1146.0;66;63;32;43;43;38;11;22;15;13;12;17;13;12
1152.0;66;63;33;42;43;38;11;23;15;13;12;17;12;12
1158.0;62;61;32;44;43;40;11;24;15;15;11;19;12;11
1164.0;62;61;32;47;43;40;8;24;14;16;11;20;11;11
1170.0;64;63;32;46;43;38;8;24;14;13;12;19;12;12
1176.0;66;62;31;47;43;38;8;23;15;13;13;17;12;12
1182.0;68;60;31;47;43;37;9;23;13;14;12;19;12;12
1188.0;67;60;32;45;44;36;11;22;12;16;13;18;13;11
1194.0;66;58;29;46;43;37;11;22;11;16;11;21;16;13
1200.0;64;56;30;46;44;38;10;22;11;15;10;23;17;14
1206.0;64;56;32;46;44;37;10;22;11;14;11;23;16;14
1212.0;65;56;33;46;44;40;10;20;12;13;9;22;16;14
1218.0;63;56;35;44;44;42;10;18;12;13;9;23;16;15
1224.0;62;56;34;44;44;42;12;18;12;16;8;22;14;16
1230.0;63;56;36;43;45;41;12;18;11;16;9;22;12;16
1236.0;62;55;35;41;47;40;12;20;11;16;12;21;12;16
1242.0;62;55;35;42;47;39;12;20;11;16;12;22;12;15
1248.0;62;55;36;40;48;40;12;19;12;15;12;23;12;14
1254.0;59;55;39;38;46;39;13;19;15;14;12;25;13;13
1260.0;57;55;39;37;47;40;15;19;14;14;13;26;12;12
1266.0;57;55;38;37;47;40;15;18;14;16;13;25;13;12
1272.0;58;57;38;37;46;40;15;18;14;16;13;22;13;13
1278.0;57;56;37;36;44;40;16;18;16;14;17;22;14;13
1284.0;56;56;36;37;44;39;16;16;18;13;19;23;14;13
1290.0;57;55;36;38;45;38;16;15;15;14;20;23;13;15
1296.0;57;56;35;38;44;39;18;15;15;14;22;21;11;15
1302.0;58;57;34;36;45;39;18;15;14;13;23;22;10;16
1308.0;58;57;34;36;44;39;19;15;14;13;23;22;10;16
1314.0;59;56;33;36;44;40;18;17;13;13;21;22;11;17
1320.0;59;57;31;39;44;39;18;16;13;14;22;21;13;14
1326.0;58;58;32;38;44;40;16;17;14;13;21;23;12;14
1332.0;57;58;32;37;44;40;16;19;14;13;21;23;12;14
1338.0;59;57;31;35;43;39;16;19;15;12;21;25;13;15
1344.0;59;56;31;34;43;38;17;19;16;14;21;24;13;15
1350.0;60;56;31;33;43;38;19;20;17;13;19;24;12;15
1356.0;60;57;32;32;43;38;19;19;17;13;18;23;13;16
1362.0;62;58;31;33;42;39;18;17;18;11;20;22;13;16
1368.0;62;58;32;32;42;39;17;17;17;10;21;21;15;17
1374.0;63;57;32;32;43;39;18;17;15;10;21;20;15;18
1380.0;64;57;33;31;46;38;20;13;16;9;21;20;15;17
1386.0;65;58;34;30;45;38;19;11;18;9;19;21;14;19
1392.0;67;56;34;29;46;38;17;12;17;10;19;22;15;18
1398.0;68;57;34;29;44;38;16;13;20;11;18;20;14;18
1404.0;69;57;35;29;44;39;16;13;20;10;18;20;12;18
1410.0;68;55;37;29;44;40;16;10;22;9;17;20;14;19
1416.0;67;56;36;30;43;39;16;10;22;12;17;21;13;18
1422.0;67;57;34;31;43;39;16;13;22;10;16;21;12;19
1428.0;65;56;34;32;43;38;18;13;23;10;17;21;12;18
1434.0;64;55;33;32;44;39;19;15;23;8;17;20;12;19
1440.0;64;53;31;32;45;39;19;17;24;9;16;19;13;19
1446.0;63;56;33;33;45;39;19;17;26;9;16;17;11;16
1452.0;64;57;33;35;46;40;18;15;25;7;15;17;11;17
1458.0;64;55;33;35;45;43;16;15;26;8;15;17;12;16
1464.0;64;54;33;35;44;41;17;14;26;9;17;18;12;16
1470.0;64;54;34;34;45;44;17;13;25;8;18;19;9;16
1476.0;64;54;33;34;45;43;18;13;26;9;19;17;9;16
1482.0;64;54;34;35;45;41;19;13;24;10;18;18;11;14
1488.0;63;53;35;36;45;41;20;12;23;10;17;19;10;16
1494.0;64;53;34;34;44;41;20;13;25;11;15;16;12;18
1500.0;63;52;34;34;44;41;19;13;25;13;15;17;12;18
1506.0;65;54;33;34;45;40;18;12;24;13;14;17;14;17
1512.0;65;56;32;33;43;40;20;12;25;13;14;16;14;17
1518.0;65;55;30;34;44;40;18;11;26;13;15;17;13;19
1524.0;62;55;33;34;44;39;20;10;26;13;15;18;12;19
1530.0;61;54;35;35;43;39;19;11;25;13;15;18;11;21
1536.0;63;54;36;35;43;39;19;9;23;13;16;19;11;20
1542.0;64;55;35;34;43;39;20;9;24;13;16;18;11;19
1548.0;64;55;34;35;43;39;19;10;24;14;14;18;12;19
1554.0;62;56;33;35;44;39;18;9;24;14;15;20;11;20
1560.0;61;56;32;35;45;36;19;10;24;16;16;20;11;19
1566.0;61;56;32;36;45;37;21;10;22;15;17;18;11;19
1572.0;62;57;33;36;43;37;20;9;24;14;19;18;9;19
1578.0;61;57;33;36;43;38;21;9;23;13;18;18;11;19
1584.0;59;58;31;38;42;38;19;8;23;14;19;18;11;22
1590.0;59;59;33;38;43;36;19;7;23;14;22;16;11;20
1596.0;60;58;33;38;45;34;19;8;22;14;22;15;12;20
1602.0;61;59;33;36;46;32;20;8;22;14;24;15;11;19
1608.0;60;58;32;38;49;33;19;10;21;12;23;15;10;20
1614.0;60;59;32;39;49;34;20;8;21;13;23;15;10;17
1620.0;60;60;32;39;51;35;21;10;21;12;21;14;8;16
1626.0;58;60;32;39;48;38;18;9;21;13;21;15;8;20
1632.0;59;59;32;38;51;38;17;9;21;13;21;16;8;18
1638.0;58;57;32;37;51;37;15;9;24;14;20;18;9;19
1644.0;58;57;32;38;53;38;16;10;24;13;19;17;9;16
1650.0;59;56;31;39;53;39;16;11;22;12;20;15;11;16
1656.0;59;57;32;39;54;39;17;10;22;13;20;12;10;16
1662.0;60;59;33;36;54;37;18;12;23;13;19;12;10;14
1668.0;59;59;34;35;55;38;18;12;23;12;19;11;10;15
1674.0;58;59;35;36;53;38;18;13;24;12;20;8;12;14
1680.0;56;59;34;38;52;36;20;12;24;12;20;10;12;15
1686.0;56;59;38;38;52;35;20;12;22;14;18;9;13;14
1692.0;55;59;37;40;53;36;17;13;22;14;18;10;14;12
1698.0;55;56;36;39;50;36;18;14;24;15;18;11;15;13
1704.0;55;57;36;39;48;37;19;14;23;16;18;11;14;13
1710.0;54;58;37;40;49;36;18;14;22;15;17;11;16;13
1716.0;54;59;37;40;48;36;18;13;22;15;17;12;16;13
1722.0;56;58;37;40;47;36;18;14;21;16;17;11;16;13
1728.0;56;57;37;40;44;36;20;15;20;18;18;11;14;14
1734.0;56;56;38;39;44;37;20;15;19;19;18;11;15;13
1740.0;55;55;38;37;44;38;20;15;20;20;18;11;16;13
1746.0;55;56;36;37;43;37;19;16;20;20;19;11;17;14
1752.0;52;55;36;36;45;38;20;15;19;21;20;11;17;15
1758.0;51;57;38;35;44;37;20;14;18;21;22;13;16;14
1764.0;49;59;37;34;44;38;19;15;19;19;24;13;17;13
1770.0;49;59;37;33;45;37;20;14;20;20;23;14;17;12
1776.0;49;57;37;34;46;37;20;15;20;19;24;13;16;13
1782.0;50;56;39;33;44;37;17;17;20;22;23;15;14;13
1788.0;50;56;41;33;45;36;17;17;20;23;20;14;15;13
1794.0;52;55;41;32;45;35;16;18;21;23;20;15;15;12
1800.0;51;55;41;33;43;34;16;18;21;23;20;16;17;12
1806.0;51;52;42;33;44;34;16;18;19;23;21;18;17;12
1812.0;52;53;42;33;41;35;15;20;19;22;20;19;17;12
1818.0;51;54;40;34;41;35;16;20;19;21;22;20;16;11
1824.0;51;56;42;34;37;37;15;20;18;22;21;20;16;11
1830.0;50;57;41;34;38;39;15;18;19;23;20;20;15;11
1836.0;52;57;40;37;37;36;16;18;20;24;20;20;14;9
1842.0;53;57;41;38;35;36;15;16;19;27;21;21;12;9
1848.0;52;57;40;38;34;38;15;13;19;23;23;22;14;12
1854.0;50;59;39;36;34;38;16;13;19;22;24;25;16;9
1860.0;50;60;40;36;35;39;17;11;18;22;24;23;14;11
1866.0;49;59;39;35;36;39;19;11;16;20;27;22;16;12
1872.0;49;59;37;37;37;37;19;12;15;20;26;22;18;12
1878.0;48;59;36;37;36;36;19;10;18;20;24;24;20;13
1884.0;48;60;38;35;38;37;17;11;17;19;25;24;19;12
1890.0;48;61;38;36;37;39;18;10;15;20;24;24;18;12
1896.0;48;64;36;37;37;38;18;9;16;20;23;24;18;12
1902.0;48;63;36;39;37;38;17;11;17;19;23;24;15;13
1908.0;47;64;37;38;39;38;16;11;17;18;24;22;13;16
1914.0;47;64;38;37;40;39;17;11;16;17;23;22;13;16
1920.0;47;66;38;38;40;38;17;11;16;14;20;24;13;18
1926.0;48;65;38;40;40;36;17;12;16;13;19;23;12;21
1932.0;49;65;35;39;41;37;19;12;16;13;19;24;12;19
1938.0;50;64;33;40;44;34;20;13;16;13;18;22;14;19
1944.0;49;64;32;39;43;36;20;13;18;11;19;22;14;20
1950.0;48;64;31;38;43;36;22;14;18;11;19;22;15;19
1956.0;49;64;31;38;41;36;18;17;17;10;21;22;16;20
1962.0;49;64;35;37;41;36;16;18;17;10;22;21;15;19
1968.0;49;65;36;36;41;34;16;20;16;12;23;18;16;18
1974.0;49;63;35;37;43;33;16;22;16;13;23;17;15;18
