#auto generated file!
12.0;131;122;127;131;152;127;127;126;146;129;140;131;112;99
18.0;137;125;124;132;153;130;126;124;140;127;138;132;112;100
24.0;139;125;127;135;154;134;129;129;137;125;135;124;113;94
30.0;142;131;128;135;155;137;129;127;135;115;137;125;111;93
36.0;144;138;133;136;157;135;123;123;135;119;137;118;111;91
42.0;147;138;136;142;159;136;120;122;131;116;133;113;114;93
48.0;148;135;143;149;160;137;128;117;127;114;131;112;110;89
54.0;152;135;146;154;163;134;125;117;122;111;127;110;113;91
60.0;155;139;144;159;163;136;125;118;125;106;121;106;111;92
66.0;158;142;145;163;166;135;123;118;130;104;114;103;106;93
72.0;158;144;145;164;163;138;124;117;125;105;112;102;108;95
78.0;160;150;142;167;162;141;125;112;119;104;111;98;112;97
84.0;167;154;141;167;161;139;122;110;116;102;110;102;113;96
90.0;166;153;143;167;163;142;119;113;117;105;109;101;110;92
96.0;172;153;146;167;166;146;115;110;111;106;107;101;113;87
102.0;170;158;148;167;167;149;113;111;112;106;105;100;110;84
108.0;173;163;151;165;172;150;107;112;107;106;105;100;105;84
114.0;174;169;153;168;172;147;104;115;103;102;106;97;106;84
120.0;176;178;154;166;169;149;104;114;100;104;104;98;103;81
126.0;175;182;158;169;172;148;100;116;93;107;103;93;102;82
132.0;176;184;160;170;169;147;100;114;97;101;107;91;98;86
138.0;181;187;154;163;167;149;98;120;97;94;111;86;104;89
144.0;184;186;156;163;166;153;96;121;100;95;104;83;103;90
150.0;186;185;162;163;166;154;97;121;100;93;104;82;96;91
156.0;187;189;163;168;165;150;97;119;95;97;103;81;97;89
162.0;188;193;165;167;170;148;98;123;96;93;98;81;89;91
168.0;189;199;164;169;173;150;100;115;92;88;100;83;86;92
174.0;194;200;168;167;172;149;93;120;92;87;99;83;86;90
180.0;197;203;169;168;167;151;89;119;91;85;103;85;84;89
186.0;201;202;173;164;164;150;90;118;88;86;102;87;85;90
192.0;203;203;168;161;164;151;92;118;89;87;97;84;90;93
198.0;202;205;169;161;165;154;93;119;86;88;97;79;90;92
204.0;206;207;170;160;161;158;92;114;83;89;96;77;94;93
210.0;208;207;167;162;158;165;94;112;82;93;91;78;92;91
216.0;209;206;165;159;158;162;91;109;89;92;90;83;94;93
222.0;214;208;162;162;153;162;94;108;88;92;89;78;92;98
228.0;217;207;170;162;157;162;94;109;84;85;86;77;94;96
234.0;222;210;169;166;158;164;96;105;83;84;89;71;91;92
240.0;224;208;176;159;157;166;99;101;82;83;91;72;89;93
246.0;224;212;177;161;156;165;99;99;82;83;88;71;88;95
252.0;223;211;178;157;159;162;105;96;90;82;83;76;82;96
258.0;224;212;178;162;163;159;103;93;91;83;85;72;81;94
264.0;223;214;178;164;159;164;99;91;89;85;82;72;84;96
270.0;221;211;179;167;163;160;95;87;89;88;81;77;83;99
276.0;220;211;181;170;166;159;94;87;86;87;79;76;85;99
282.0;221;216;180;170;165;154;93;87;91;82;84;76;85;96
288.0;220;213;186;170;164;159;90;84;89;82;89;74;84;96
294.0;226;215;187;168;166;158;81;83;88;79;87;76;87;99
300.0;231;215;186;164;168;158;87;83;86;81;86;74;89;92
306.0;234;217;184;163;166;155;88;87;84;78;87;78;87;92
312.0;238;219;185;168;166;156;86;86;84;77;82;76;86;91
318.0;238;222;186;169;163;156;83;86;84;78;81;78;86;90
324.0;237;227;188;172;163;159;81;87;78;79;81;78;83;87
330.0;240;230;191;175;164;159;80;81;80;77;80;79;79;85
336.0;240;230;192;181;160;158;79;79;76;74;90;81;77;83
342.0;240;231;191;179;159;158;77;78;76;74;94;82;78;83
348.0;239;230;192;180;155;158;77;78;72;73;97;83;82;84
354.0;235;231;194;184;153;153;82;78;75;76;96;81;81;81
360.0;241;228;192;182;158;150;80;74;81;78;98;80;79;79
366.0;240;233;191;183;160;153;77;78;82;74;98;76;82;73
372.0;244;232;188;185;160;154;76;78;78;76;95;81;79;74
378.0;250;234;191;187;164;151;75;76;78;77;87;82;75;73
384.0;248;234;190;185;166;150;72;72;79;79;92;84;77;72
390.0;248;232;193;185;168;147;74;73;76;79;91;84;78;72
396.0;249;234;193;183;166;148;69;76;77;78;95;81;82;69
402.0;250;231;190;181;171;152;68;73;76;79;95;83;85;66
408.0;250;235;190;179;172;154;66;73;70;76;97;84;86;68
414.0;251;238;187;179;172;153;66;73;71;72;97;86;86;69
420.0;250;237;186;181;173;154;69;73;71;70;96;88;85;67
426.0;248;234;188;181;176;155;69;71;74;68;96;87;87;66
432.0;246;233;196;182;177;159;68;74;72;69;92;84;83;65
438.0;250;230;197;181;179;161;66;73;73;68;89;84;86;63
444.0;251;230;194;181;178;160;63;73;75;73;84;82;87;69
450.0;251;231;192;179;176;165;66;69;80;72;81;81;90;67
456.0;249;236;187;181;177;164;66;67;82;79;74;85;86;67
462.0;247;238;183;180;178;164;69;71;79;79;79;84;84;65
468.0;249;236;189;180;185;162;68;71;79;80;76;80;81;64
474.0;248;236;186;180;185;162;67;73;77;81;74;81;81;69
480.0;252;236;184;173;178;168;72;78;79;83;73;81;78;65
486.0;257;237;183;173;178;169;73;74;76;81;72;84;75;68
492.0;258;236;182;170;181;167;73;74;77;83;68;86;77;68
498.0;256;238;179;169;182;165;72;76;73;85;69;88;79;69
504.0;253;239;183;172;182;167;70;77;74;81;69;92;75;66
510.0;251;243;185;173;184;168;71;75;74;77;69;88;77;65
516.0;252;243;183;172;188;170;71;76;73;77;68;81;79;67
522.0;254;248;185;175;192;167;70;75;69;70;71;81;75;68
528.0;258;247;183;173;193;164;70;76;70;67;73;88;71;67
534.0;258;248;183;174;192;166;73;75;69;63;71;86;72;70
540.0;255;251;183;174;193;164;75;78;69;62;71;86;70;69
546.0;255;253;184;169;191;162;74;79;74;60;65;88;73;73
552.0;257;250;184;167;191;160;76;79;79;61;65;86;73;72
558.0;252;249;182;175;194;158;75;76;78;60;71;83;74;73
564.0;255;247;181;174;191;158;76;82;76;58;69;82;75;76
570.0;257;248;183;172;190;156;74;83;71;55;73;79;79;80
576.0;255;250;184;170;194;154;75;83;72;58;67;80;82;76
582.0;259;251;185;166;193;150;74;79;74;59;69;79;83;79
588.0;261;251;185;167;196;152;71;76;76;62;67;75;82;79
594.0;258;250;186;172;195;154;72;77;76;60;68;73;83;76
600.0;259;250;185;173;195;156;73;76;79;58;68;72;82;74
606.0;257;251;184;170;196;157;71;76;78;64;71;73;79;73
612.0;261;250;182;176;194;161;72;69;78;63;73;68;83;70
618.0;263;250;177;174;193;164;71;68;74;64;78;69;81;74
624.0;260;250;174;176;195;165;75;69;76;65;79;64;81;71
630.0;259;248;174;173;190;167;77;66;76;66;80;69;83;72
636.0;261;245;175;172;189;170;78;64;77;67;79;65;83;75
642.0;260;246;175;168;192;172;76;62;76;66;80;65;84;78
648.0;263;245;176;169;188;173;78;58;79;63;79;68;85;76
654.0;263;247;171;168;185;174;79;59;79;62;80;69;89;75
660.0;263;248;173;164;182;180;78;64;81;61;75;72;85;74
666.0;263;248;173;165;180;176;83;61;84;58;78;71;86;74
672.0;257;252;177;164;177;174;85;66;85;59;73;70;85;76
678.0;259;249;179;167;177;174;86;66;86;54;68;74;86;75
684.0;257;251;180;167;177;171;87;64;87;53;71;73;86;76
690.0;255;250;181;167;177;171;87;66;89;51;72;77;83;74
696.0;256;248;182;168;177;170;89;64;88;53;68;80;81;76
702.0;259;243;183;165;179;166;89;65;91;57;68;77;81;77
708.0;262;243;182;162;179;170;91;65;93;55;66;77;79;76
714.0;263;247;179;164;177;171;88;61;95;57;65;77;79;77
720.0;265;246;177;163;173;175;86;62;93;59;66;77;75;83
726.0;267;244;179;163;172;172;88;66;94;56;64;74;78;83
732.0;274;243;179;159;171;170;89;69;93;55;65;69;80;84
738.0;274;244;184;159;171;172;83;72;89;56;70;66;81;79
744.0;276;242;180;159;171;170;85;76;86;55;69;67;83;81
750.0;276;244;178;165;171;171;81;79;84;55;68;66;80;82
756.0;278;243;174;161;172;173;83;79;84;54;68;65;83;83
762.0;278;235;173;161;174;176;85;79;86;57;65;68;83;80
768.0;278;232;173;165;173;175;87;79;84;56;64;69;85;80
774.0;275;238;177;163;176;174;81;79;81;59;64;70;85;78
780.0;273;244;175;162;177;174;79;79;80;57;66;71;87;76
786.0;274;247;175;168;177;176;73;76;79;58;66;71;85;75
792.0;275;243;174;173;176;178;72;79;78;58;64;72;85;73
798.0;280;238;171;169;182;174;69;84;79;61;63;72;83;75
804.0;283;238;172;166;180;176;69;84;78;62;61;73;82;76
810.0;284;242;170;166;186;176;65;83;76;66;59;70;78;79
816.0;287;246;172;167;184;178;66;80;75;64;60;66;79;76
822.0;288;244;173;165;191;180;66;78;73;63;60;62;79;78
828.0;287;244;178;166;189;182;64;80;73;64;63;58;79;73
834.0;287;246;181;170;185;182;66;80;66;62;58;61;80;76
840.0;288;253;180;175;185;181;62;78;65;67;56;61;79;70
846.0;287;250;177;172;189;187;63;76;68;67;58;59;77;70
852.0;288;247;177;175;185;188;61;72;72;69;56;59;81;70
858.0;283;242;177;176;183;189;58;73;74;72;57;60;82;74
864.0;284;242;176;175;183;189;59;75;77;71;56;59;81;73
870.0;281;248;173;170;181;194;64;75;78;72;57;57;78;72
876.0;282;251;175;172;178;189;62;80;80;72;58;55;78;68
882.0;287;251;175;175;177;187;62;81;74;70;56;55;78;72
888.0;289;250;175;176;173;189;61;77;75;67;55;60;81;72
894.0;290;250;174;182;172;188;61;78;73;69;54;59;77;73
900.0;289;254;173;183;174;185;62;75;71;68;58;59;76;73
906.0;292;256;176;180;176;185;64;66;72;70;55;62;76;70
912.0;295;256;179;180;176;178;60;64;72;71;57;62;77;73
918.0;296;254;179;177;175;174;62;66;70;71;60;63;80;73
924.0;293;252;179;177;178;175;66;67;69;74;62;59;81;68
930.0;294;253;179;177;179;174;67;73;71;74;58;52;82;67
936.0;293;252;178;175;179;171;70;74;76;70;56;52;80;74
942.0;295;250;176;175;178;173;67;69;78;69;62;53;81;74
948.0;298;253;178;175;180;173;72;69;78;67;60;51;72;74
954.0;299;252;180;172;178;175;75;68;81;67;57;53;70;73
960.0;300;252;185;171;176;176;73;68;81;67;56;51;70;74
966.0;299;249;187;173;176;176;71;71;83;67;51;52;72;73
972.0;306;246;187;175;172;172;68;68;83;74;51;52;76;70
978.0;307;248;187;174;171;171;62;69;84;70;56;54;74;73
984.0;305;248;189;173;172;170;57;72;81;69;59;56;78;71
990.0;304;249;192;170;171;170;58;72;82;72;59;56;77;68
996.0;305;254;191;167;168;167;57;72;81;72;59;56;81;70
1002.0;306;253;186;166;167;164;57;79;78;74;58;59;82;71
1008.0;302;256;187;164;170;161;58;78;77;75;63;59;82;68
1014.0;296;254;193;166;168;161;61;78;77;76;65;58;78;69
1020.0;296;256;195;165;167;160;63;79;73;70;69;59;76;72
1026.0;294;257;193;164;170;161;64;82;71;73;67;60;75;69
1032.0;295;254;197;164;168;164;66;81;73;72;69;56;72;69
1038.0;296;255;195;169;167;162;65;81;69;71;74;60;70;66
1044.0;295;254;193;170;170;162;66;79;66;70;74;66;70;65
1050.0;294;254;193;170;171;163;64;76;68;71;71;69;72;64
1056.0;292;253;190;170;177;162;68;72;65;74;70;68;75;64
1062.0;296;255;189;173;181;162;67;70;66;72;68;66;72;63
1068.0;297;253;187;172;178;163;71;67;67;71;68;64;74;68
1074.0;297;253;186;175;179;162;71;69;66;69;68;64;72;69
1080.0;293;252;187;177;176;160;70;71;67;66;73;65;75;68
1086.0;296;252;189;183;175;159;70;71;64;67;69;66;75;64
1092.0;297;254;186;186;178;156;68;68;66;67;73;68;71;62
1098.0;298;252;186;186;179;156;67;73;67;68;69;67;69;63
1104.0;299;251;186;188;181;153;67;76;67;66;69;63;70;64
1110.0;297;249;189;188;181;155;65;78;64;67;69;64;70;64
1116.0;298;249;187;192;182;158;64;69;65;63;69;68;72;64
1122.0;302;247;191;190;184;153;67;73;64;60;65;67;72;65
1128.0;301;249;191;192;182;149;70;69;60;66;63;66;74;68
1134.0;301;249;194;195;178;149;68;65;60;63;64;68;74;72
1140.0;301;251;191;197;178;150;69;67;55;65;63;68;74;71
1146.0;302;251;190;198;176;151;68;70;59;63;62;63;74;73
1152.0;304;253;190;196;178;153;64;71;55;62;61;62;75;76
1158.0;302;252;188;200;182;153;64;71;55;62;59;62;75;75
1164.0;305;251;186;201;181;152;69;70;57;58;53;66;77;74
1170.0;306;251;186;204;179;152;71;69;57;58;53;65;75;74
1176.0;306;253;182;199;180;155;70;72;58;63;53;64;75;70
1182.0;304;253;182;201;180;156;70;71;56;62;52;65;74;74
1188.0;302;253;179;200;180;159;69;73;56;61;55;64;75;74
1194.0;304;253;179;198;180;160;67;75;53;63;56;65;74;73
1200.0;302;251;176;198;183;156;67;81;52;62;60;66;73;73
1206.0;302;249;178;200;184;151;69;82;53;62;60;66;71;73
1212.0;302;244;178;199;186;148;69;85;58;65;58;69;67;72
1218.0;300;243;175;198;190;147;69;81;62;64;59;72;69;71
1224.0;300;245;177;197;193;143;68;78;57;65;58;75;69;75
1230.0;300;246;176;198;194;141;67;77;61;63;61;75;71;70
1236.0;301;250;174;198;197;141;64;80;55;61;62;75;72;70
1242.0;297;246;174;199;199;142;63;78;59;64;65;76;68;70
1248.0;296;249;175;199;197;144;60;75;57;64;64;76;74;70
1254.0;294;252;178;197;198;141;58;71;61;66;64;75;77;68
1260.0;293;253;178;194;197;143;56;68;60;67;67;75;79;70
1266.0;295;248;177;195;199;144;57;69;61;66;67;73;76;73
1272.0;296;250;180;193;200;142;58;68;61;64;70;69;78;71
1278.0;292;250;180;190;202;144;56;69;58;63;71;73;77;75
1284.0;290;255;184;188;198;152;57;63;58;62;68;74;75;76
1290.0;290;256;187;189;199;153;57;62;59;62;73;69;74;70
1296.0;292;254;187;189;195;154;61;63;58;66;70;68;77;66
1302.0;295;255;187;188;198;154;59;62;58;67;68;65;76;68
1308.0;289;255;185;187;196;157;62;68;55;67;65;67;81;66
1314.0;289;257;184;180;189;158;64;70;59;73;62;68;82;65
1320.0;288;257;180;182;193;160;62;70;59;72;61;71;80;65
1326.0;293;256;182;177;190;160;62;69;58;74;59;74;80;66
1332.0;295;257;185;177;190;156;61;69;59;69;60;71;82;69
1338.0;295;252;186;173;194;156;71;69;57;71;61;71;80;64
1344.0;299;252;182;172;191;156;68;75;57;69;65;72;77;65
1350.0;296;258;181;173;186;157;68;74;58;67;62;74;80;66
1356.0;295;257;179;174;187;154;68;75;60;68;61;72;85;65
1362.0;295;258;181;173;186;157;66;75;59;67;63;68;86;66
1368.0;302;252;176;174;183;158;65;77;62;64;67;69;84;67
1374.0;297;251;178;171;184;158;63;76;65;63;73;71;82;68
1380.0;300;250;178;171;180;153;63;79;66;62;74;69;89;66
1386.0;299;251;179;168;178;152;68;77;67;61;78;70;89;63
1392.0;306;249;178;169;184;150;65;74;67;60;78;73;86;61
1398.0;305;248;181;170;187;149;65;76;63;62;77;71;87;59
1404.0;305;250;182;168;188;149;67;75;65;61;74;74;85;57
1410.0;308;249;183;161;184;151;71;78;64;66;73;77;78;57
1416.0;307;246;183;161;179;148;71;81;64;69;76;78;77;60
1422.0;306;244;185;163;177;147;68;82;66;69;74;79;77;63
1428.0;303;242;186;161;178;148;72;82;67;71;73;78;76;63
1434.0;306;242;187;160;175;150;72;81;71;74;73;75;70;64
1440.0;309;241;189;158;177;149;76;81;71;74;72;67;65;71
1446.0;306;242;192;159;175;150;78;78;71;71;74;71;64;69
1452.0;302;236;193;163;183;155;78;80;68;70;70;70;59;73
1458.0;300;235;192;165;178;159;83;80;72;70;69;68;58;71
1464.0;299;240;187;167;176;159;80;73;73;71;71;73;58;73
1470.0;303;241;187;169;174;159;75;73;75;69;73;72;60;70
1476.0;300;243;185;170;178;156;74;77;73;64;74;74;62;70
1482.0;301;243;182;177;178;157;73;76;70;64;76;72;63;68
1488.0;303;243;181;178;178;155;68;80;71;63;76;69;70;65
1494.0;302;244;182;178;178;157;67;78;72;58;76;70;71;67
1500.0;304;245;184;175;176;157;69;71;75;57;77;70;73;67
1506.0;305;242;185;175;175;155;74;72;70;57;78;73;72;67
1512.0;308;245;182;172;179;155;74;72;67;58;78;77;68;65
1518.0;308;247;182;174;174;154;75;75;66;61;78;73;66;67
1524.0;313;247;184;179;173;153;74;74;64;58;75;69;68;69
1530.0;312;248;185;177;170;152;72;74;63;59;76;73;70;69
1536.0;313;247;184;181;170;158;72;71;64;52;72;77;73;66
1542.0;313;244;182;181;173;159;67;68;67;56;71;79;74;66
1548.0;313;243;183;179;172;161;69;70;69;55;69;76;76;65
1554.0;312;249;181;180;171;162;72;71;68;52;71;75;74;62
1560.0;311;243;186;182;172;156;74;68;69;53;74;76;72;64
1566.0;314;242;182;178;174;156;73;68;70;52;76;75;68;72
1572.0;317;245;183;181;174;155;63;70;74;53;74;75;66;70
1578.0;317;246;179;178;175;156;61;74;72;53;75;75;72;67
1584.0;317;247;177;179;180;155;64;78;67;53;76;75;70;62
1590.0;316;244;176;180;183;158;63;76;67;57;75;72;70;63
1596.0;312;245;178;183;184;158;64;77;67;57;69;70;72;64
1602.0;313;244;177;185;184;158;63;74;68;60;72;70;69;63
1608.0;319;242;179;178;186;162;65;71;64;62;70;68;70;64
1614.0;317;242;183;176;186;167;63;68;65;61;67;65;72;68
1620.0;315;241;188;175;188;168;60;71;66;60;63;70;68;67
1626.0;317;243;189;175;189;172;59;66;65;62;61;67;68;67
1632.0;314;243;191;173;191;170;60;69;65;62;62;68;64;68
1638.0;316;243;197;172;187;168;59;69;65;63;62;71;62;66
1644.0;314;243;196;172;189;171;60;71;70;65;58;67;58;66
1650.0;314;242;194;170;189;173;59;72;68;66;58;68;59;68
1656.0;316;242;193;169;193;173;61;72;69;62;59;68;56;67
1662.0;314;241;193;167;189;174;59;71;75;64;59;69;57;68
1668.0;316;236;191;168;189;172;61;67;78;66;59;71;59;67
1674.0;315;240;190;173;187;172;59;70;82;63;56;67;60;66
1680.0;317;244;189;173;186;174;60;72;80;62;53;66;61;63
1686.0;315;250;190;171;190;169;59;71;81;65;51;65;58;65
1692.0;313;250;191;169;187;172;56;71;79;63;52;70;59;68
1698.0;311;249;193;172;185;168;54;73;77;69;54;68;57;70
1704.0;312;255;189;174;185;167;56;74;79;67;56;64;55;67
1710.0;307;256;192;176;186;168;57;69;80;65;57;62;59;66
1716.0;307;256;195;174;188;167;59;65;80;64;58;58;62;67
1722.0;305;256;195;176;190;164;60;65;76;65;56;60;61;71
1728.0;303;256;197;174;190;164;61;64;75;66;57;59;63;71
1734.0;303;254;195;173;190;167;62;65;76;66;57;60;62;70
1740.0;307;256;194;172;187;171;61;63;71;64;58;62;62;72
1746.0;312;254;196;170;182;168;58;63;72;62;60;62;67;74
1752.0;309;254;202;169;175;168;60;70;79;63;58;60;64;69
1758.0;305;254;202;170;180;166;62;73;75;60;59;60;62;72
1764.0;306;258;203;172;182;165;56;72;73;57;62;62;58;74
1770.0;304;261;201;172;179;160;53;75;74;60;58;64;61;78
1776.0;302;263;202;173;180;163;53;72;73;60;56;63;61;79
1782.0;303;267;204;175;176;163;52;70;71;60;57;69;58;75
1788.0;298;267;205;173;176;161;57;65;72;66;62;66;59;73
1794.0;302;264;210;171;178;164;63;64;71;65;56;64;61;67
1800.0;295;269;208;172;179;165;66;61;75;60;56;67;62;65
1806.0;295;267;210;170;173;170;65;62;75;62;56;70;60;65
1812.0;292;264;209;171;176;170;61;63;77;62;55;72;63;65
1818.0;288;265;209;170;176;170;61;65;79;64;55;72;61;65
1824.0;290;264;210;168;173;170;64;63;79;67;53;76;58;65
1830.0;288;264;208;167;176;173;62;65;86;63;52;75;61;60
1836.0;286;265;205;165;174;175;58;66;88;67;57;71;65;58
1842.0;283;263;209;160;175;174;59;62;91;67;57;75;67;58
1848.0;280;265;207;161;175;173;60;66;92;66;59;73;63;60
1854.0;279;267;209;161;176;175;57;62;90;67;58;74;63;62
1860.0;278;271;206;163;174;174;61;61;92;65;57;72;65;61
1866.0;280;276;206;161;174;171;61;60;88;67;56;71;66;63
1872.0;276;274;202;159;176;169;68;59;87;67;59;70;72;62
1878.0;274;269;204;162;173;171;71;61;90;68;59;67;73;58
1884.0;273;270;201;159;180;176;72;62;82;70;60;68;71;56
1890.0;271;272;204;160;180;173;69;65;80;74;62;64;74;52
1896.0;271;272;205;159;181;173;70;67;79;69;58;71;74;51
1902.0;272;276;206;162;178;174;73;66;78;66;54;70;70;55
1908.0;279;286;207;163;173;173;74;62;77;65;48;71;70;52
1914.0;277;287;208;159;175;172;76;64;78;64;49;67;73;51
1920.0;277;283;209;161;173;176;74;68;79;66;48;69;66;51
1926.0;272;284;206;164;174;175;75;69;82;63;49;73;63;51
1932.0;272;286;203;167;175;176;75;70;79;66;50;72;59;50
1938.0;277;289;202;166;174;172;76;70;73;63;55;69;64;50
1944.0;274;292;199;166;176;173;74;66;76;63;56;68;64;53
1950.0;271;291;195;167;174;170;72;70;77;66;54;70;65;58
1956.0;269;291;198;171;172;171;73;65;76;67;53;73;64;57
1962.0;268;296;197;173;170;175;71;64;77;66;54;70;62;57
1968.0;265;288;197;173;174;173;73;67;75;67;56;74;60;58
1974.0;264;286;195;173;170;178;77;66;73;70;55;75;60;58
