#auto generated file!
12.0;25;25;25;38;34;16;31;24;31;33;39;26;23;30
18.0;28;24;25;37;34;15;32;24;31;33;40;25;22;30
24.0;28;26;25;39;34;15;32;24;30;32;40;25;21;29
30.0;29;26;26;41;34;15;30;22;30;31;41;24;23;28
36.0;29;27;27;40;32;16;29;22;30;31;41;22;25;29
42.0;29;28;26;40;34;16;29;22;30;30;38;24;25;29
48.0;31;28;26;42;35;16;30;24;29;24;37;25;25;28
54.0;34;30;26;42;35;17;27;21;29;24;36;26;25;28
60.0;33;31;27;41;37;20;28;21;28;24;35;22;24;29
66.0;34;32;26;41;36;21;27;22;29;24;34;22;23;29
72.0;34;31;26;43;35;22;29;18;29;26;35;23;20;29
78.0;34;31;26;45;36;22;30;19;27;25;33;21;18;33
84.0;35;32;25;46;36;23;25;23;26;25;32;22;18;32
90.0;36;32;27;45;36;26;24;22;26;25;30;22;18;31
96.0;36;32;27;44;36;27;23;22;29;26;26;22;18;32
102.0;36;31;34;43;36;26;20;25;27;27;27;21;18;29
108.0;37;32;37;42;37;27;20;25;27;25;26;19;17;29
114.0;38;32;37;42;36;27;22;24;26;26;26;20;14;30
120.0;38;32;37;43;36;28;23;23;25;26;27;19;12;31
126.0;44;33;37;40;34;28;25;21;25;26;25;19;13;30
132.0;45;33;35;39;35;27;23;22;28;25;26;18;13;31
138.0;47;33;35;39;35;27;22;20;26;26;26;20;13;31
144.0;48;33;35;42;36;27;21;20;25;23;28;19;13;30
150.0;45;34;36;42;37;26;21;20;25;25;28;20;10;31
156.0;47;34;36;43;37;26;19;20;25;24;28;20;10;31
162.0;47;33;36;42;37;27;18;18;27;23;26;25;11;30
168.0;47;32;36;41;37;27;18;17;27;24;28;25;12;29
174.0;47;36;36;42;36;28;16;17;27;22;27;24;12;30
180.0;47;37;37;43;35;28;17;17;26;21;27;22;12;31
186.0;47;37;36;43;35;30;18;15;25;24;26;22;12;30
192.0;48;37;36;43;36;28;18;15;25;24;26;22;12;30
198.0;48;39;37;42;38;31;17;15;22;24;24;22;12;29
204.0;47;39;38;41;42;30;18;14;21;24;24;21;15;26
210.0;47;38;39;40;41;31;20;15;21;24;24;20;15;25
216.0;46;37;40;40;41;32;20;17;22;22;24;17;17;25
222.0;45;38;40;40;43;32;20;21;21;21;22;17;15;25
228.0;46;36;41;42;44;32;17;21;22;20;23;15;16;25
234.0;46;35;41;43;45;32;16;21;22;20;25;15;16;23
240.0;48;35;43;45;45;30;14;20;22;17;25;15;18;23
246.0;48;35;41;44;46;30;14;20;22;18;24;16;18;24
252.0;48;36;41;46;47;29;13;18;22;18;24;15;19;24
258.0;48;36;41;46;46;28;13;19;22;17;25;15;19;25
264.0;50;36;40;45;46;28;13;19;21;17;25;16;20;24
270.0;51;35;44;44;46;30;12;19;20;15;25;17;19;23
276.0;51;35;45;43;45;31;11;18;21;16;25;17;19;23
282.0;51;35;42;43;46;31;10;17;22;19;24;18;19;23
288.0;50;36;40;41;47;30;10;18;23;20;22;19;18;26
294.0;51;36;41;41;46;31;9;17;23;21;21;20;17;26
300.0;50;37;42;40;46;32;9;17;22;21;19;20;18;27
306.0;52;35;42;40;45;33;8;18;21;23;18;19;18;28
312.0;54;36;45;40;45;33;10;17;20;23;16;18;18;25
318.0;55;35;46;41;42;33;10;19;17;24;15;18;20;25
324.0;56;36;46;41;41;33;11;20;14;23;17;16;19;27
330.0;54;36;46;40;38;33;10;20;15;23;18;15;23;29
336.0;56;36;47;38;39;33;10;18;16;23;21;15;21;27
342.0;56;37;47;39;38;31;10;16;18;21;24;14;23;26
348.0;57;36;46;42;38;36;10;15;19;20;22;12;21;26
354.0;57;37;47;41;40;36;10;15;19;20;22;12;18;26
360.0;58;36;46;42;37;36;10;18;20;20;20;14;17;26
366.0;59;33;45;44;38;35;11;15;21;20;19;14;18;28
372.0;59;33;44;46;35;37;10;16;23;18;18;13;21;27
378.0;60;33;46;45;32;38;12;16;23;18;18;13;20;26
384.0;59;34;48;43;31;38;12;16;22;19;19;13;19;27
390.0;62;35;46;43;32;39;11;15;22;18;18;14;18;27
396.0;63;35;46;44;31;40;10;13;22;18;17;15;19;27
402.0;63;37;46;44;31;37;10;14;20;19;19;13;20;27
408.0;64;37;47;44;32;36;11;13;22;20;19;12;17;26
414.0;65;37;44;43;33;39;10;12;21;20;20;12;17;27
420.0;65;39;45;44;34;39;11;12;20;17;20;11;16;27
426.0;64;39;44;45;34;37;11;13;21;18;20;11;16;27
432.0;65;37;45;45;33;37;13;14;21;18;21;10;15;26
438.0;64;37;45;47;34;37;10;16;21;19;21;10;14;25
444.0;65;38;42;47;34;37;11;16;21;19;19;11;15;25
450.0;65;39;43;48;35;37;11;16;20;19;15;12;15;25
456.0;65;40;43;49;35;36;12;16;17;20;15;12;15;25
462.0;65;41;42;51;38;36;14;17;14;18;14;12;13;25
468.0;67;42;42;50;37;34;15;16;12;19;15;13;14;24
474.0;69;41;42;50;37;34;15;15;13;19;15;13;14;23
480.0;67;42;43;50;36;34;13;15;15;20;14;14;13;24
486.0;66;42;42;51;36;34;16;18;15;18;12;13;13;24
492.0;67;42;42;49;37;35;16;16;15;18;12;12;15;24
498.0;66;43;40;46;36;34;16;17;14;19;14;11;16;28
504.0;65;46;39;45;37;33;17;15;15;18;16;11;16;27
510.0;65;47;38;45;37;32;18;14;16;18;16;11;18;25
516.0;66;47;36;45;37;33;18;14;17;16;15;12;19;25
522.0;65;47;37;45;38;35;18;14;15;17;15;14;17;23
528.0;65;48;37;46;38;36;17;15;14;17;13;16;17;21
534.0;63;50;36;46;39;34;17;14;15;19;14;17;15;21
540.0;65;50;35;47;38;33;18;12;14;20;13;17;15;23
546.0;63;51;33;47;39;33;18;13;13;20;14;17;16;23
552.0;64;51;33;47;40;34;17;13;13;18;13;17;17;23
558.0;66;51;33;47;40;36;17;13;12;16;13;15;18;23
564.0;66;51;32;46;40;35;17;11;15;17;14;16;17;23
570.0;66;51;32;45;41;34;19;11;15;16;15;16;16;23
576.0;68;50;32;46;42;34;19;10;15;17;16;15;15;21
582.0;67;51;33;45;42;33;19;10;15;15;17;15;16;22
588.0;68;49;33;47;41;33;18;10;15;18;16;15;16;21
594.0;69;48;32;48;38;33;19;11;14;21;17;14;15;21
600.0;69;48;32;49;38;32;19;12;15;17;18;15;14;22
606.0;69;49;32;48;37;32;19;11;13;18;18;17;15;22
612.0;68;50;30;50;38;32;21;9;14;16;16;19;15;22
618.0;68;50;31;49;37;33;22;11;13;16;17;16;15;22
624.0;68;51;31;49;37;33;24;9;14;15;14;15;15;25
630.0;68;51;32;49;37;32;25;9;15;13;12;14;15;28
636.0;68;52;32;48;36;33;25;10;15;13;11;15;15;27
642.0;69;52;32;49;35;34;25;10;17;14;11;11;14;27
648.0;70;52;31;50;34;34;23;10;18;13;12;11;15;27
654.0;70;52;32;50;35;34;21;11;19;13;13;11;13;26
660.0;70;50;34;50;33;34;20;12;18;13;15;12;13;26
666.0;71;50;34;51;33;34;20;12;18;13;14;11;13;26
672.0;70;51;32;51;34;37;21;12;19;13;15;11;14;20
678.0;70;53;32;49;33;40;19;13;19;13;15;10;16;18
684.0;67;51;34;50;34;41;20;12;20;13;16;11;15;16
690.0;69;53;33;50;34;41;20;11;19;12;17;12;14;15
696.0;71;52;35;50;34;43;20;9;19;11;17;11;14;14
702.0;70;52;34;48;35;43;20;8;22;11;17;13;14;13
708.0;69;53;36;48;35;43;20;7;22;11;15;14;13;14
714.0;70;53;37;49;35;45;20;6;20;11;15;13;14;12
720.0;67;54;35;48;33;46;19;6;20;13;16;14;15;14
726.0;67;58;37;47;34;45;17;6;19;12;15;14;16;13
732.0;67;57;38;46;34;47;19;7;18;10;15;13;16;13
738.0;68;57;37;46;32;47;20;8;19;10;15;13;16;12
744.0;68;54;36;44;33;48;19;7;19;12;18;13;17;12
750.0;68;53;37;44;32;45;19;9;19;12;18;13;17;14
756.0;69;54;37;44;32;44;19;9;17;13;18;13;16;15
762.0;69;55;34;43;33;46;18;11;17;14;18;15;14;13
768.0;68;56;35;45;33;47;18;10;15;14;17;14;16;12
774.0;67;56;36;45;32;47;17;11;15;15;17;14;16;12
780.0;67;56;38;44;32;46;17;13;15;14;16;14;14;14
786.0;67;58;40;42;32;47;15;13;16;14;16;12;14;14
792.0;67;58;38;45;32;46;14;13;18;13;16;12;14;14
798.0;66;58;37;46;34;45;14;14;18;11;19;12;13;13
804.0;66;58;39;46;35;42;14;13;19;10;19;13;13;13
810.0;64;59;37;46;37;40;15;12;17;10;19;15;13;16
816.0;64;58;37;47;36;41;14;12;15;11;21;18;12;14
822.0;64;60;37;46;34;40;14;11;16;12;20;18;12;16
828.0;64;60;37;45;35;40;16;12;16;12;20;18;12;13
834.0;64;60;36;46;37;40;17;11;15;12;19;20;10;13
840.0;63;60;34;47;35;41;17;11;16;10;19;22;10;15
846.0;63;61;35;44;35;42;18;10;15;13;18;19;11;16
852.0;61;61;37;45;37;42;18;11;11;12;19;18;11;17
858.0;62;61;37;44;36;42;19;12;10;13;18;18;12;16
864.0;62;59;37;45;37;41;19;12;10;12;16;21;12;17
870.0;62;59;37;46;36;40;19;9;10;13;16;20;14;19
876.0;65;59;36;48;35;39;18;9;10;11;15;19;15;21
882.0;63;60;36;49;35;39;18;7;10;12;16;20;15;20
888.0;64;57;35;48;34;42;17;5;12;12;16;21;15;22
894.0;62;58;35;48;34;42;17;5;10;13;17;21;15;23
900.0;64;56;37;47;34;42;16;6;10;14;15;20;16;23
906.0;64;57;38;48;34;43;15;6;9;14;15;20;16;21
912.0;62;59;37;49;33;43;18;6;8;14;14;19;16;22
918.0;61;59;37;51;33;40;18;7;8;12;14;19;19;22
924.0;61;59;37;52;33;40;19;7;7;12;14;17;19;23
930.0;61;60;36;51;33;39;20;7;8;13;14;15;20;23
936.0;59;60;37;51;34;36;21;7;9;15;14;16;19;22
942.0;59;60;38;49;32;35;21;8;9;15;16;16;18;24
948.0;60;61;37;48;31;37;20;8;9;16;16;15;18;24
954.0;57;61;38;50;32;36;22;8;11;14;17;14;16;24
960.0;58;63;36;47;32;37;19;11;15;14;16;13;17;22
966.0;59;63;35;47;33;38;18;11;15;15;16;10;17;23
972.0;58;63;35;46;33;40;20;11;13;16;16;9;16;24
978.0;59;63;34;46;35;39;18;10;13;16;16;9;19;23
984.0;59;64;34;44;36;40;17;9;14;17;16;9;20;21
990.0;63;62;31;45;36;38;19;9;16;17;17;9;18;20
996.0;62;63;31;46;36;37;19;9;18;15;17;10;20;17
1002.0;62;64;29;45;36;37;19;9;19;15;16;12;20;17
1008.0;61;64;30;45;37;38;18;8;19;14;16;12;21;17
1014.0;62;66;31;46;37;36;18;8;19;14;15;12;20;16
1020.0;62;64;31;46;37;36;20;9;19;13;15;12;21;15
1026.0;62;62;33;46;35;37;18;7;21;11;15;14;22;17
1032.0;63;62;33;47;35;36;15;9;20;10;15;13;24;18
1038.0;63;62;34;49;36;38;16;9;18;10;15;15;20;15
1044.0;63;62;34;50;36;38;16;9;18;11;16;14;19;14
1050.0;62;62;36;49;38;38;14;8;18;13;15;14;18;15
1056.0;62;62;35;49;38;37;16;8;17;13;15;15;18;15
1062.0;61;62;36;49;37;37;16;8;16;13;16;15;17;17
1068.0;60;63;36;48;35;37;18;8;16;13;16;16;17;17
1074.0;62;62;36;46;34;38;18;8;15;13;17;16;18;17
1080.0;64;61;35;46;35;37;17;9;19;12;17;16;16;16
1086.0;62;61;37;46;36;37;17;9;17;12;19;16;15;16
1092.0;63;62;37;47;35;39;15;9;12;12;19;16;17;17
1098.0;63;64;38;49;36;39;14;8;9;12;17;17;18;16
1104.0;65;64;35;47;38;40;13;8;9;14;18;16;18;15
1110.0;64;61;35;45;37;41;13;8;14;15;18;17;17;15
1116.0;65;60;36;45;37;39;13;8;15;15;18;17;18;14
1122.0;66;60;35;43;39;39;13;8;15;13;18;18;18;15
1128.0;68;61;35;43;39;39;13;9;15;14;18;16;17;13
1134.0;68;60;34;45;39;40;12;9;17;12;17;16;20;11
1140.0;67;59;33;45;39;41;10;9;16;14;17;16;21;13
1146.0;68;59;33;45;39;39;12;9;15;15;17;16;21;12
1152.0;68;59;34;43;39;37;12;9;15;14;17;18;23;12
1158.0;66;59;33;44;41;39;12;9;16;12;17;19;22;11
1164.0;67;58;35;44;41;39;13;12;15;11;16;19;19;11
1170.0;65;58;35;45;41;40;12;13;15;10;16;20;18;12
1176.0;64;57;36;46;40;40;12;11;13;12;16;20;22;11
1182.0;65;58;37;45;39;41;13;11;14;11;15;19;22;10
1188.0;65;57;37;44;40;43;14;11;14;10;16;19;21;9
1194.0;64;58;37;43;41;43;13;11;17;10;17;15;21;10
1200.0;66;58;38;41;41;43;13;10;17;13;15;15;20;10
1206.0;65;59;38;40;42;45;13;10;15;14;15;17;16;11
1212.0;66;59;38;41;44;43;14;10;15;12;14;15;17;12
1218.0;66;60;38;39;44;45;14;11;15;12;13;15;16;12
1224.0;67;60;39;40;46;45;14;11;14;11;12;13;16;12
1230.0;67;60;39;40;47;45;14;11;13;8;12;14;16;14
1236.0;65;61;38;40;49;44;14;11;14;8;12;14;16;14
1242.0;65;61;39;39;49;43;15;10;15;8;12;14;16;14
1248.0;65;61;39;36;49;42;15;11;16;9;13;15;15;14
1254.0;64;61;38;36;49;42;16;11;19;10;12;16;12;14
1260.0;61;62;38;37;49;42;16;11;19;11;12;17;11;14
1266.0;61;62;37;36;50;42;15;12;18;13;11;17;12;14
1272.0;61;63;37;36;50;40;15;14;19;13;9;17;13;13
1278.0;60;63;35;36;50;42;15;16;20;13;9;16;13;12
1284.0;60;64;36;37;48;42;15;16;20;11;10;17;12;12
1290.0;59;64;37;37;45;41;16;17;20;12;9;18;13;12
1296.0;60;63;37;38;45;41;16;18;19;13;9;19;11;11
1302.0;61;61;37;37;44;41;18;17;20;14;13;17;10;10
1308.0;61;61;36;38;43;40;18;19;20;14;13;18;10;9
1314.0;59;61;37;37;43;39;18;19;20;12;15;19;12;9
1320.0;59;61;36;38;44;40;18;17;19;12;14;19;14;9
1326.0;59;62;37;40;43;42;18;15;18;11;12;19;15;9
1332.0;60;63;38;42;45;41;17;14;16;10;11;19;15;9
1338.0;60;61;40;42;46;40;17;14;14;11;13;19;14;9
1344.0;59;61;41;42;46;41;15;14;14;11;13;20;14;9
1350.0;59;60;42;41;42;41;16;14;16;13;14;18;16;8
1356.0;59;58;42;41;41;41;16;15;17;13;13;19;17;8
1362.0;59;60;43;42;40;41;15;14;18;12;12;18;17;9
1368.0;59;59;42;43;40;42;13;17;17;13;11;17;18;9
1374.0;60;60;41;45;40;44;12;17;15;13;10;17;18;8
1380.0;59;59;45;46;41;42;13;17;14;11;10;16;19;8
1386.0;57;60;45;45;38;40;12;17;15;13;10;17;21;10
1392.0;56;61;43;47;37;40;14;17;14;14;10;17;19;11
1398.0;56;60;43;47;36;40;16;17;13;12;10;18;20;12
1404.0;57;62;41;46;36;42;17;15;11;11;10;19;20;13
1410.0;57;63;40;46;36;40;17;15;14;10;10;19;19;14
1416.0;57;63;39;48;37;40;17;15;13;11;9;21;18;12
1422.0;54;63;38;50;38;37;15;13;16;12;11;22;19;12
1428.0;54;65;37;51;39;38;13;15;16;13;10;21;17;11
1434.0;52;65;36;50;42;37;14;15;15;12;10;22;19;11
1440.0;53;65;35;50;41;37;14;18;14;11;11;22;18;11
1446.0;51;65;35;50;42;38;14;17;14;12;11;21;19;11
1452.0;52;65;34;50;44;38;14;16;14;11;12;21;19;10
1458.0;54;64;35;49;44;39;14;17;14;12;11;19;19;9
1464.0;54;64;34;48;46;39;13;18;15;13;12;17;18;9
1470.0;54;64;33;49;46;40;14;15;15;12;12;17;20;9
1476.0;55;63;32;48;47;41;13;14;17;12;11;19;19;9
1482.0;56;63;31;48;47;41;12;13;18;11;10;20;20;10
1488.0;57;63;31;46;48;40;11;14;18;11;11;20;21;9
1494.0;55;62;31;46;49;41;10;16;17;11;10;20;23;9
1500.0;54;63;32;45;51;40;10;15;16;11;9;21;21;12
1506.0;55;63;32;45;52;40;10;15;16;10;9;21;21;11
1512.0;56;65;32;44;50;39;11;14;17;11;9;21;21;10
1518.0;56;67;30;43;51;40;12;14;17;10;8;20;21;11
1524.0;54;68;31;43;51;40;11;15;19;8;9;20;20;11
1530.0;54;67;32;44;50;39;12;15;19;9;11;18;19;11
1536.0;55;67;33;43;50;40;13;14;16;9;12;18;19;11
1542.0;54;67;35;44;50;40;13;13;13;11;12;18;19;11
1548.0;52;67;35;43;51;42;13;12;15;9;11;19;21;10
1554.0;49;66;36;42;52;44;13;12;16;9;13;18;19;11
1560.0;49;65;36;42;51;43;12;13;17;10;14;17;20;11
1566.0;49;64;36;43;49;43;11;14;16;10;16;18;20;11
1572.0;50;63;37;43;50;41;12;13;15;10;17;18;20;11
1578.0;50;61;37;43;53;42;14;12;15;10;18;16;18;11
1584.0;50;60;38;42;53;41;15;13;14;11;18;16;18;11
1590.0;49;60;38;38;53;40;15;13;14;13;19;18;20;10
1596.0;50;61;39;37;54;38;16;12;14;14;19;18;19;9
1602.0;51;59;40;37;54;38;16;11;12;14;22;19;19;8
1608.0;52;60;43;36;54;42;15;9;11;15;22;17;16;8
1614.0;54;60;43;36;54;42;14;9;11;14;20;17;18;8
1620.0;55;61;44;36;54;42;14;9;11;14;20;16;17;7
1626.0;53;60;44;35;54;43;16;9;11;14;21;14;17;9
1632.0;55;61;41;36;55;42;19;8;12;15;18;13;18;7
1638.0;55;61;41;35;54;42;19;8;14;15;19;12;19;6
1644.0;55;61;41;33;52;44;19;8;13;18;19;12;19;6
1650.0;55;61;40;32;52;42;19;9;14;19;19;13;19;6
1656.0;55;61;43;32;51;39;18;9;16;21;18;14;18;5
1662.0;55;60;45;34;53;38;16;11;17;19;15;13;18;6
1668.0;55;62;44;33;54;38;15;12;16;21;13;12;19;6
1674.0;54;61;44;33;55;39;15;13;16;22;12;13;17;6
1680.0;53;61;43;33;53;40;15;14;18;22;12;13;18;5
1686.0;53;62;43;32;52;37;17;14;17;22;13;13;19;6
1692.0;50;64;43;32;55;37;18;13;16;22;13;12;19;6
1698.0;52;64;42;31;55;39;19;13;12;20;13;11;21;8
1704.0;51;64;43;30;56;38;19;14;11;19;14;13;20;8
1710.0;52;63;43;30;55;37;19;14;12;19;15;12;21;8
1716.0;52;63;43;30;56;37;20;13;12;19;13;13;21;8
1722.0;52;66;43;31;56;37;19;13;11;19;13;12;20;8
1728.0;55;66;44;30;56;37;19;12;11;17;12;12;21;8
1734.0;55;65;43;30;56;37;19;12;10;17;13;12;22;9
1740.0;55;66;44;29;56;37;17;13;11;15;13;13;21;10
1746.0;56;68;44;29;55;38;16;11;12;16;11;12;20;12
1752.0;57;67;44;29;55;38;16;11;14;15;11;12;19;12
1758.0;57;66;45;29;54;38;16;11;13;15;11;13;20;12
1764.0;58;66;46;29;55;34;16;11;13;14;11;16;21;10
1770.0;58;67;45;29;54;35;14;12;13;12;11;19;21;10
1776.0;57;67;46;28;54;36;15;12;12;11;14;18;21;9
1782.0;56;68;47;27;53;34;14;13;11;14;15;19;20;9
1788.0;56;69;47;27;51;34;15;13;11;12;16;19;20;10
1794.0;56;68;48;25;52;34;16;13;11;12;16;18;20;11
1800.0;54;67;47;26;51;34;16;13;12;11;19;20;19;11
1806.0;57;68;49;26;51;34;15;12;11;10;20;19;18;10
1812.0;57;69;49;27;51;33;15;13;12;9;19;19;17;10
1818.0;59;70;49;26;52;34;16;12;12;9;18;20;14;9
1824.0;60;71;50;27;52;33;18;12;12;9;15;18;14;9
1830.0;61;71;50;28;51;33;18;12;10;8;14;18;17;9
1836.0;61;71;50;29;51;33;18;12;10;8;13;19;17;8
1842.0;60;71;50;28;50;33;17;12;10;8;13;19;20;9
1848.0;60;71;51;25;50;34;14;12;9;9;15;20;21;9
1854.0;58;71;50;26;50;35;14;12;11;9;16;19;21;8
1860.0;58;70;50;27;48;36;13;12;13;10;15;20;19;9
1866.0;57;71;52;27;46;37;14;14;13;9;15;19;19;7
1872.0;58;71;50;27;46;37;14;12;13;10;15;20;20;7
1878.0;58;69;50;28;46;39;14;12;12;11;15;20;19;7
1884.0;57;68;50;28;47;39;14;13;12;10;14;23;18;7
1890.0;57;66;49;29;47;37;14;13;13;10;14;22;20;9
1896.0;56;66;50;29;46;37;16;14;12;9;15;22;19;9
1902.0;56;64;49;31;46;38;16;12;13;10;15;21;20;9
1908.0;57;63;50;29;46;35;16;13;14;10;18;20;19;10
1914.0;59;61;50;29;44;32;17;14;15;10;20;19;19;11
1920.0;59;61;49;28;44;33;18;14;15;10;20;19;19;11
1926.0;57;60;50;29;45;34;18;12;17;9;20;18;19;12
1932.0;58;62;49;29;43;34;18;11;15;11;20;18;18;14
1938.0;58;62;50;30;44;34;16;10;15;11;20;17;19;14
1944.0;61;62;49;30;44;34;17;12;14;8;23;14;17;15
1950.0;62;63;48;31;44;35;16;12;12;7;22;12;20;16
1956.0;59;64;49;31;44;34;16;12;12;7;24;10;21;17
1962.0;58;65;49;32;45;31;18;12;13;6;26;11;18;16
1968.0;59;66;49;32;43;32;16;12;16;7;25;12;18;13
1974.0;59;66;51;32;42;31;15;12;15;10;26;12;17;12
