#auto generated file!
12.0;205;153;175;165;176;169;173;163;168;169;167;166;165;186
18.0;205;161;178;167;180;171;166;158;163;166;170;167;162;186
24.0;206;163;179;169;181;173;165;158;165;164;164;164;164;185
30.0;212;171;182;172;180;178;155;152;169;158;165;161;160;185
36.0;213;172;180;176;187;182;153;153;167;160;160;157;160;180
42.0;218;173;185;175;191;179;154;153;165;155;152;155;165;180
48.0;221;173;191;180;190;181;150;151;166;156;144;157;161;179
54.0;225;177;197;182;192;182;146;154;166;151;143;158;153;174
60.0;227;180;198;182;192;185;144;155;161;151;143;156;150;176
66.0;232;185;202;187;188;191;144;156;154;151;140;150;146;174
72.0;235;183;210;188;188;190;141;153;156;154;140;150;138;174
78.0;241;185;209;191;191;190;139;153;159;155;137;148;135;167
84.0;250;188;206;190;195;195;134;149;161;152;139;148;128;165
90.0;253;192;204;186;192;204;132;153;165;147;135;147;124;166
96.0;254;195;199;190;194;205;135;146;161;147;137;148;126;163
102.0;252;200;200;190;195;207;134;143;159;146;137;150;128;159
108.0;249;200;206;188;194;212;131;139;158;145;140;152;131;155
114.0;253;205;208;189;195;213;133;140;155;150;140;147;126;146
120.0;251;215;213;193;200;214;132;144;151;145;137;146;120;139
126.0;258;219;216;193;199;216;127;140;146;141;137;141;126;141
132.0;259;223;217;196;204;216;129;141;141;137;144;134;120;139
138.0;259;222;214;197;205;219;125;143;145;136;147;131;119;138
144.0;259;227;218;204;209;221;127;144;139;130;138;128;116;140
150.0;266;227;221;205;210;223;118;145;147;132;131;126;110;139
156.0;268;230;213;209;209;223;122;143;147;135;130;124;111;136
162.0;276;229;214;207;213;223;119;143;142;134;131;124;109;136
168.0;279;231;217;210;215;220;118;139;138;131;132;119;117;134
174.0;283;230;216;206;219;216;124;134;137;136;130;119;113;137
180.0;281;230;219;212;218;217;125;137;132;135;126;120;110;138
186.0;282;228;216;214;219;218;127;136;128;136;132;122;109;133
192.0;284;227;223;216;219;216;126;133;124;134;135;119;110;134
198.0;285;233;229;216;217;217;123;134;129;132;136;114;106;129
204.0;283;236;229;214;216;215;125;134;133;133;136;115;107;124
210.0;292;237;228;216;215;215;124;126;135;133;134;113;109;123
216.0;295;240;232;222;214;210;117;126;134;129;125;120;112;124
222.0;298;240;236;224;210;219;110;127;131;123;125;126;110;121
228.0;304;244;237;229;207;227;107;128;124;114;126;122;114;117
234.0;302;247;234;234;202;231;100;123;132;115;130;125;113;112
240.0;310;250;233;230;203;231;103;122;128;115;126;121;116;112
246.0;309;252;235;230;209;232;105;119;127;112;127;120;113;110
252.0;315;253;233;232;215;230;107;121;121;109;124;120;115;105
258.0;316;254;233;229;213;233;107;122;117;115;124;116;114;107
264.0;320;259;230;225;217;236;109;123;121;108;128;108;109;107
270.0;322;260;234;228;225;235;104;119;117;108;127;107;114;100
276.0;325;257;224;233;224;241;99;122;118;107;128;102;116;104
282.0;327;265;224;233;216;243;97;117;121;111;130;99;112;105
288.0;327;264;228;233;216;248;98;118;125;108;125;97;107;106
294.0;327;272;227;231;216;252;99;115;124;108;125;92;103;109
300.0;327;274;233;236;211;253;102;112;121;107;124;93;99;108
306.0;333;272;233;237;216;251;96;112;122;104;121;94;103;106
312.0;333;271;240;236;213;252;92;115;125;103;119;92;102;107
318.0;336;274;240;234;213;252;94;114;127;101;118;92;98;107
324.0;337;268;243;235;217;254;93;115;125;99;119;94;98;103
330.0;338;270;243;235;219;259;92;115;127;95;115;92;98;102
336.0;341;274;249;234;221;260;86;111;128;88;114;92;97;105
342.0;338;281;246;234;221;262;85;115;129;88;113;92;94;102
348.0;341;281;252;236;220;260;81;114;130;88;107;97;94;99
354.0;340;287;252;235;222;262;78;111;129;89;106;95;91;103
360.0;335;292;250;239;222;259;79;110;131;89;103;94;95;102
366.0;337;290;252;243;222;263;78;106;129;87;103;91;96;103
372.0;341;290;248;247;225;258;79;110;126;88;98;86;97;107
378.0;338;294;241;243;220;258;82;112;130;90;101;87;98;106
384.0;339;297;239;246;219;255;84;111;128;89;101;85;101;106
390.0;336;295;241;247;216;260;90;106;125;88;102;88;103;103
396.0;338;290;240;245;215;262;88;106;128;92;100;88;103;105
402.0;335;287;244;248;214;262;91;103;129;95;100;88;100;104
408.0;333;288;246;248;215;261;90;107;128;90;102;88;101;103
414.0;329;290;244;247;215;263;87;107;130;95;102;92;100;99
420.0;328;296;238;246;215;266;87;108;126;99;99;95;100;97
426.0;328;300;240;246;220;265;82;109;128;95;98;92;101;96
432.0;330;298;237;246;224;262;82;105;113;98;105;102;101;97
438.0;336;293;230;248;222;260;83;104;119;94;106;99;103;103
444.0;333;294;228;249;220;259;86;102;118;99;107;100;101;104
450.0;333;298;227;251;216;260;87;101;115;99;107;104;100;102
456.0;329;302;225;256;218;264;86;104;112;98;103;104;97;102
462.0;329;299;228;262;218;265;83;102;108;97;108;101;97;103
468.0;337;299;227;258;218;260;85;104;104;95;106;104;100;103
474.0;339;301;229;255;220;268;91;93;109;85;108;100;99;103
480.0;340;307;229;247;225;262;90;98;107;90;108;99;99;99
486.0;331;312;233;248;229;264;86;98;104;94;105;97;100;99
492.0;334;313;233;252;228;264;86;99;108;97;97;96;97;96
498.0;333;310;236;251;229;265;90;97;106;98;100;96;94;95
504.0;331;316;234;256;230;263;87;97;108;92;104;96;90;96
510.0;331;316;232;251;230;268;87;98;109;92;106;96;89;95
516.0;329;314;231;249;227;260;87;97;110;100;103;101;91;101
522.0;331;315;226;253;225;263;89;93;107;101;104;99;89;105
528.0;334;312;229;252;221;265;92;94;108;105;98;97;88;105
534.0;331;318;229;251;222;265;88;96;102;109;98;96;88;107
540.0;332;319;226;255;223;262;89;97;102;106;97;102;87;103
546.0;333;316;231;257;224;261;91;91;102;99;101;102;89;103
552.0;337;311;234;256;223;255;98;90;102;104;101;98;90;101
558.0;340;311;236;259;217;254;96;90;102;101;102;99;93;100
564.0;336;314;232;259;214;256;96;92;107;100;98;103;94;99
570.0;334;314;230;255;215;256;96;91;107;105;96;108;95;98
576.0;334;318;234;252;215;254;99;91;104;107;94;110;92;96
582.0;335;320;230;257;217;258;101;91;99;107;92;109;93;91
588.0;334;316;229;255;218;253;105;94;101;105;95;107;94;94
594.0;332;316;229;254;216;254;106;96;102;105;100;102;100;88
600.0;337;318;229;252;217;248;104;99;101;103;96;103;104;89
606.0;336;320;228;251;215;251;102;96;96;107;95;106;102;95
612.0;342;319;224;246;221;245;101;92;99;108;92;111;101;99
618.0;339;320;224;254;216;248;102;96;97;105;92;113;97;97
624.0;340;326;227;254;217;250;100;93;96;98;95;113;95;96
630.0;338;325;231;253;215;251;102;96;97;100;98;105;89;100
636.0;339;325;235;250;216;252;102;95;95;100;94;113;87;97
642.0;343;325;233;241;222;251;103;94;93;102;100;111;86;96
648.0;347;328;225;233;223;254;104;94;96;103;99;108;92;94
654.0;346;331;225;232;226;255;102;92;92;109;100;104;94;92
660.0;349;333;227;226;227;255;103;90;94;107;101;101;95;92
666.0;348;333;226;226;225;258;100;91;95;107;99;102;96;94
672.0;348;336;224;222;224;259;104;92;95;108;99;105;94;90
678.0;350;342;223;226;219;262;105;90;95;110;96;106;85;91
684.0;346;345;226;223;217;262;110;91;94;110;100;106;84;86
690.0;343;352;222;223;215;264;108;87;104;112;102;103;82;83
696.0;341;355;219;220;221;266;102;91;103;112;103;100;80;87
702.0;341;355;215;217;228;264;102;90;101;114;106;99;82;86
708.0;339;350;216;215;229;264;103;92;100;112;106;101;87;86
714.0;336;352;216;216;228;266;101;93;101;110;106;101;87;87
720.0;333;352;220;217;228;265;99;94;101;109;109;98;89;86
726.0;333;352;221;220;230;267;99;94;101;104;107;96;91;85
732.0;335;359;224;216;226;265;97;94;95;96;110;100;96;87
738.0;343;351;223;216;224;268;97;92;95;95;113;94;97;92
744.0;350;350;225;215;224;270;91;88;98;92;114;92;95;96
750.0;350;355;225;214;218;273;90;93;97;89;115;94;91;96
756.0;354;351;222;212;216;272;88;95;102;82;120;93;94;99
762.0;357;353;218;213;218;266;95;97;100;82;112;94;94;101
768.0;350;352;219;213;223;265;98;99;100;82;111;96;93;99
774.0;351;347;217;219;225;269;100;94;97;89;114;89;92;97
780.0;345;342;221;223;227;271;97;97;99;94;105;89;92;98
786.0;340;342;223;223;232;265;100;93;100;96;108;93;88;97
792.0;341;340;223;223;234;266;102;95;95;92;104;97;90;98
798.0;342;342;225;224;231;265;100;96;95;93;107;95;87;98
804.0;344;348;227;226;231;262;99;94;99;95;99;93;85;98
810.0;344;351;230;225;231;259;99;92;98;90;99;96;85;101
816.0;347;352;232;231;231;258;100;97;95;87;95;92;85;98
822.0;342;349;234;228;228;264;99;99;98;86;95;92;90;96
828.0;346;348;235;230;224;266;97;102;93;87;92;92;94;94
834.0;347;348;229;232;225;268;99;103;91;87;91;92;95;93
840.0;345;349;227;230;229;264;96;105;91;86;95;94;96;93
846.0;343;341;230;231;228;261;104;110;87;91;95;91;100;88
852.0;346;342;230;229;228;266;105;108;85;87;96;91;96;91
858.0;346;343;232;230;230;266;108;107;81;86;97;89;97;88
864.0;344;346;233;229;233;261;109;107;80;87;98;93;94;86
870.0;345;347;228;231;228;255;106;106;80;85;101;99;98;91
876.0;346;349;231;233;229;259;104;105;82;77;103;101;95;86
882.0;341;354;231;237;233;257;96;105;83;82;106;95;94;86
888.0;349;356;229;237;235;254;98;104;83;83;103;88;97;84
894.0;347;359;234;234;234;255;96;98;80;87;102;93;99;82
900.0;345;360;237;234;233;257;97;95;80;88;102;90;101;81
906.0;345;361;244;226;236;253;99;92;79;93;103;91;98;80
912.0;347;363;238;226;236;253;98;97;75;94;104;88;100;81
918.0;347;369;241;225;235;253;99;94;73;94;101;87;98;84
924.0;342;374;244;230;228;255;97;89;69;97;101;87;100;87
930.0;341;372;244;229;230;255;94;89;74;93;98;88;103;90
936.0;338;371;246;229;229;260;94;90;78;90;97;86;101;91
942.0;339;374;248;226;229;262;88;91;75;89;96;92;96;95
948.0;340;374;242;228;231;262;83;95;72;94;93;91;100;95
954.0;344;372;242;226;232;258;86;97;67;98;90;91;100;97
960.0;344;374;234;224;232;260;82;97;65;101;93;92;99;103
966.0;345;370;236;227;231;258;83;98;69;101;87;91;101;103
972.0;350;366;238;228;231;254;86;96;70;102;88;94;101;96
978.0;349;366;241;231;235;256;86;99;69;96;86;90;99;97
984.0;344;367;238;230;235;256;90;100;70;95;87;89;101;98
990.0;346;367;237;224;235;257;100;99;68;99;87;93;93;95
996.0;348;365;238;222;234;258;101;97;73;98;85;94;91;96
1002.0;352;364;234;223;231;259;97;93;72;97;87;100;91;100
1008.0;349;360;230;227;236;260;101;95;69;97;90;99;89;98
1014.0;347;363;228;229;237;262;103;93;69;91;89;99;93;97
1020.0;342;360;232;225;234;265;101;89;74;94;96;101;90;97
1026.0;341;361;225;223;235;270;104;86;80;92;98;98;89;98
1032.0;343;354;230;224;233;271;99;86;85;93;95;97;92;98
1038.0;341;355;228;229;234;265;97;89;84;95;91;94;94;104
1044.0;336;354;224;233;231;271;99;94;88;91;90;98;92;99
1050.0;337;360;222;229;234;270;99;95;89;98;87;92;93;95
1056.0;335;358;225;230;238;273;98;90;83;97;88;95;93;97
1062.0;337;359;218;228;237;278;100;91;84;101;82;97;93;95
1068.0;339;361;216;227;239;277;96;92;85;102;84;93;96;93
1074.0;338;356;217;225;244;280;92;93;87;105;83;91;97;92
1080.0;340;358;211;223;252;281;89;91;84;103;81;94;100;93
1086.0;343;356;212;223;248;280;91;92;85;105;81;97;98;89
1092.0;342;358;216;226;244;281;93;92;83;99;81;99;98;88
1098.0;344;358;219;225;245;276;101;89;80;100;82;96;102;83
1104.0;346;355;223;222;248;273;100;89;81;102;83;96;101;81
1110.0;341;355;223;225;247;276;99;90;82;99;83;97;101;82
1116.0;341;354;220;227;246;275;100;87;87;95;78;96;107;87
1122.0;332;353;220;235;242;269;104;84;87;99;80;97;107;91
1128.0;330;355;223;231;246;269;103;89;87;100;82;98;100;87
1134.0;333;356;223;228;250;262;102;91;87;101;81;102;97;87
1140.0;334;357;227;227;251;259;102;96;88;103;84;98;90;84
1146.0;340;358;230;226;254;253;105;89;92;103;82;96;84;88
1152.0;337;350;227;227;256;250;102;89;94;104;87;99;87;91
1158.0;337;350;228;227;253;248;99;88;90;109;87;98;91;95
1164.0;334;350;224;226;252;250;101;94;94;107;88;92;87;101
1170.0;338;351;222;230;253;250;103;87;91;105;91;91;88;100
1176.0;339;350;216;233;253;251;103;90;87;98;92;94;93;101
1182.0;338;350;217;233;250;253;105;90;90;98;91;93;92;100
1188.0;338;346;214;240;253;249;106;86;88;102;90;95;93;100
1194.0;337;347;220;235;249;253;111;87;85;100;90;96;90;100
1200.0;340;353;225;231;251;249;107;80;89;99;90;95;92;99
1206.0;337;351;224;235;248;243;109;81;88;104;91;97;94;98
1212.0;336;350;229;236;244;247;111;83;87;100;91;96;89;101
1218.0;339;344;229;239;246;244;108;87;88;101;90;99;88;98
1224.0;338;346;227;241;243;244;110;89;84;95;91;103;89;100
1230.0;337;346;231;239;242;246;104;91;80;94;98;100;92;100
1236.0;338;347;236;242;241;248;101;86;74;95;102;100;93;97
1242.0;336;353;240;239;244;247;100;79;74;97;99;103;90;99
1248.0;333;350;238;244;244;246;104;82;76;93;95;108;92;95
1254.0;335;353;245;244;242;247;97;85;76;89;98;106;91;92
1260.0;335;355;244;245;244;244;97;89;81;86;95;104;93;88
1266.0;335;358;241;244;245;240;97;90;82;90;96;101;91;90
1272.0;334;364;238;243;248;244;100;86;83;89;99;93;95;84
1278.0;336;364;240;244;250;249;99;83;81;90;99;86;91;88
1284.0;334;364;242;243;244;247;100;89;80;92;96;87;90;92
1290.0;333;368;242;241;243;245;105;95;79;87;94;82;94;92
1296.0;332;369;240;240;245;246;104;95;77;87;89;84;97;95
1302.0;335;369;241;238;243;246;105;97;81;88;88;83;94;92
1308.0;333;368;238;241;244;245;106;97;83;86;86;85;94;94
1314.0;338;366;237;242;245;246;103;94;80;87;85;87;95;95
1320.0;347;370;236;245;243;242;100;93;79;83;84;89;96;93
1326.0;350;364;239;245;242;239;99;93;78;87;86;92;93;93
1332.0;350;360;238;248;244;236;94;92;82;90;86;93;99;88
1338.0;350;357;242;246;245;236;93;93;80;94;87;91;98;88
1344.0;352;354;246;247;243;237;91;96;79;90;85;90;102;88
1350.0;350;356;248;248;245;239;91;93;75;86;84;91;101;93
1356.0;349;355;246;250;246;245;91;93;74;82;85;86;101;97
1362.0;347;356;241;251;247;245;87;95;75;85;86;87;99;99
1368.0;358;358;240;249;238;241;90;91;78;86;87;88;97;99
1374.0;356;355;239;250;243;236;94;89;76;90;88;87;98;99
1380.0;355;354;241;245;243;242;92;84;83;92;86;88;98;97
1386.0;354;351;243;243;241;244;93;86;82;88;86;93;98;98
1392.0;358;354;240;246;241;241;89;85;82;93;85;91;97;98
1398.0;358;355;244;241;245;242;87;87;84;88;86;89;99;95
1404.0;354;360;241;237;252;239;85;89;85;85;85;87;102;99
1410.0;352;360;241;233;253;237;85;90;82;92;93;83;100;99
1416.0;354;361;243;242;252;235;81;88;85;97;90;77;98;97
1422.0;357;359;244;243;249;234;80;84;88;99;89;77;99;98
1428.0;357;360;248;238;247;237;81;84;83;98;88;80;100;99
1434.0;357;361;250;239;247;240;88;81;79;96;84;78;98;102
1440.0;363;364;248;239;249;237;90;78;79;95;80;78;97;103
1446.0;358;361;248;239;254;235;90;79;80;98;81;79;95;103
1452.0;355;362;250;236;260;239;93;77;80;99;80;77;93;99
1458.0;355;357;251;234;258;237;98;82;83;101;82;76;89;97
1464.0;358;351;251;230;263;239;99;83;84;105;77;78;89;93
1470.0;356;352;249;227;264;235;95;85;85;104;79;79;93;97
1476.0;358;354;253;229;260;233;92;82;83;101;82;81;92;100
1482.0;359;358;255;228;260;237;91;83;81;96;84;83;91;94
1488.0;355;358;260;230;259;236;92;86;84;95;79;84;86;96
1494.0;352;351;259;231;260;235;97;88;85;96;80;85;85;96
1500.0;353;351;260;232;260;240;98;88;80;94;79;83;88;94
1506.0;350;353;260;229;257;244;99;91;82;95;82;82;83;93
1512.0;353;355;261;229;254;244;98;95;79;93;81;82;84;92
1518.0;355;354;257;225;254;247;97;95;81;97;83;85;82;88
1524.0;355;360;253;223;256;249;98;93;80;95;82;87;78;91
1530.0;356;360;251;228;253;248;97;93;85;93;78;89;78;91
1536.0;356;363;250;229;254;251;93;95;81;93;72;89;83;91
1542.0;354;360;246;233;255;251;89;89;77;88;78;93;89;98
1548.0;357;353;246;227;258;247;84;94;73;87;87;92;92;103
1554.0;361;352;251;225;261;243;83;95;72;86;88;89;95;99
1560.0;367;354;252;222;263;244;83;93;75;86;85;83;96;97
1566.0;359;355;258;222;262;243;83;95;75;88;85;82;97;96
1572.0;366;358;258;219;263;239;82;95;78;90;82;81;98;91
1578.0;368;354;259;220;257;238;85;98;78;87;81;78;105;92
1584.0;370;355;253;221;255;236;83;96;79;82;81;83;108;98
1590.0;368;352;260;228;249;233;84;98;80;77;82;86;104;99
1596.0;363;352;265;225;251;229;86;96;74;83;85;85;104;102
1602.0;363;350;264;228;257;224;84;93;77;84;85;88;102;101
1608.0;368;352;263;227;255;226;91;94;74;77;84;87;103;99
1614.0;366;356;266;226;251;223;94;96;77;76;90;81;100;98
1620.0;367;354;267;222;249;222;99;95;80;78;88;83;99;97
1626.0;367;349;271;220;250;219;97;98;79;78;90;89;95;98
1632.0;367;349;276;221;248;222;95;101;77;76;91;90;91;96
1638.0;365;350;278;221;245;228;92;98;79;75;92;92;89;96
1644.0;370;351;277;220;244;227;94;99;80;77;84;91;92;94
1650.0;366;355;277;216;246;227;93;95;82;74;86;94;95;94
1656.0;367;358;275;212;246;225;88;97;87;79;83;97;94;92
1662.0;371;359;277;215;247;227;86;97;85;75;78;100;94;89
1668.0;373;355;278;216;249;224;89;99;81;79;78;96;98;85
1674.0;374;357;273;218;249;226;87;98;78;80;81;94;98;87
1680.0;372;355;275;217;249;226;88;96;79;86;84;95;93;85
1686.0;373;354;273;215;250;227;87;94;74;87;82;96;98;90
1692.0;374;356;274;214;249;227;86;90;74;86;81;104;97;88
1698.0;376;359;273;213;252;228;88;84;80;79;86;104;97;81
1704.0;377;356;269;214;251;232;86;83;82;77;93;105;94;81
1710.0;380;360;266;215;250;227;89;82;83;77;92;103;93;83
1716.0;384;354;272;218;254;223;88;82;86;71;88;105;88;87
1722.0;382;358;270;218;252;226;86;84;83;75;85;106;85;90
1728.0;382;364;270;214;251;227;91;81;84;74;85;101;83;93
1734.0;383;360;273;216;256;229;89;83;84;75;82;95;84;91
1740.0;385;365;272;217;252;227;88;81;83;75;84;95;85;91
1746.0;380;365;270;219;255;230;84;77;85;79;83;96;88;89
1752.0;382;368;267;214;251;219;86;78;82;84;86;99;93;91
1758.0;385;367;266;212;255;221;88;76;79;84;91;100;91;85
1764.0;382;366;264;217;254;227;86;78;82;82;96;97;89;80
1770.0;382;369;260;218;256;229;86;80;80;79;96;97;88;80
1776.0;386;366;261;216;256;229;85;82;77;79;95;97;90;81
1782.0;387;367;262;220;252;224;86;85;73;79;92;94;95;84
1788.0;391;367;263;224;251;222;85;85;75;79;91;90;93;84
1794.0;389;365;260;223;245;225;91;90;73;83;92;90;89;85
1800.0;392;364;261;223;247;223;89;82;73;84;91;88;96;87
1806.0;396;367;261;218;242;219;90;82;70;88;92;84;99;92
1812.0;398;368;255;222;238;215;91;84;66;93;89;84;104;93
1818.0;394;369;254;223;236;214;93;85;68;96;90;81;104;93
1824.0;394;374;254;224;236;209;94;83;70;95;88;87;100;92
1830.0;390;374;257;223;237;209;92;83;75;91;92;83;100;94
1836.0;389;378;254;224;233;207;98;82;75;90;92;82;104;92
1842.0;384;378;255;225;231;206;101;84;73;92;90;85;110;86
1848.0;381;372;251;224;231;205;108;84;79;93;87;87;109;89
1854.0;378;371;252;223;234;204;107;84;77;93;93;86;107;91
1860.0;378;368;249;225;235;207;106;78;76;91;95;85;108;99
1866.0;381;366;250;223;239;209;99;73;83;92;92;86;105;102
1872.0;379;370;254;220;243;209;93;75;80;90;92;88;108;99
1878.0;383;368;256;218;245;206;90;77;82;88;98;89;105;95
1884.0;380;368;259;219;245;204;86;83;81;84;101;88;107;95
1890.0;377;369;254;216;247;206;86;80;80;89;99;90;107;100
1896.0;376;363;247;221;251;209;88;78;78;94;102;91;104;98
1902.0;373;362;250;222;252;208;92;79;75;97;98;87;107;98
1908.0;373;362;252;220;248;209;87;81;75;102;98;87;107;99
1914.0;373;363;251;220;254;210;87;83;73;105;97;84;103;97
1920.0;370;368;249;223;249;211;86;82;74;108;96;81;105;98
1926.0;374;364;249;223;247;209;84;85;79;106;96;82;104;98
1932.0;369;364;251;226;248;211;86;86;81;104;97;79;98;100
1938.0;365;364;251;228;244;214;88;81;81;101;100;82;100;101
1944.0;369;359;256;232;239;216;87;82;82;101;98;78;98;103
1950.0;366;356;256;235;242;217;88;80;83;97;98;78;100;104
1956.0;366;354;256;237;238;218;89;78;82;93;97;82;104;106
1962.0;363;358;258;239;238;214;91;75;89;92;99;75;106;103
1968.0;358;361;254;241;237;218;91;72;96;93;99;76;103;101
1974.0;360;365;255;238;234;220;92;72;99;90;99;78;100;98
