#auto generated file!
12.0;141;137;161;148;127;153;151;135;132;133;148;141;141;152
18.0;143;143;163;146;133;153;152;126;131;130;146;144;141;149
24.0;144;144;167;145;140;154;154;123;137;136;139;138;138;141
30.0;146;145;169;147;147;156;156;115;131;138;138;134;136;142
36.0;151;146;171;150;150;159;153;111;129;135;142;126;133;144
42.0;152;146;174;150;154;158;150;109;131;134;141;126;131;144
48.0;153;146;175;147;156;155;145;114;132;137;143;122;128;147
54.0;154;150;173;149;159;160;146;111;132;138;140;118;132;138
60.0;159;157;172;153;162;164;141;109;131;139;138;111;130;134
66.0;159;158;174;154;168;169;135;109;125;138;136;109;137;129
72.0;159;158;176;157;171;174;131;110;124;133;133;109;140;125
78.0;163;162;179;158;171;177;128;106;122;135;132;108;135;124
84.0;165;162;178;160;175;184;127;104;120;133;133;106;134;119
90.0;168;164;183;164;176;184;122;102;118;137;128;108;132;114
96.0;172;166;188;171;178;188;116;102;114;137;125;107;132;104
102.0;174;169;187;172;180;188;117;101;114;134;123;108;129;104
108.0;179;171;194;169;183;190;117;97;118;127;121;110;126;98
114.0;179;176;196;172;183;190;114;95;118;121;121;111;127;97
120.0;179;181;197;177;189;192;111;89;117;118;117;110;127;96
126.0;179;181;199;177;195;193;105;86;116;119;120;105;132;93
132.0;180;183;207;175;196;190;103;83;118;122;115;106;128;94
138.0;179;186;204;181;201;191;95;88;122;114;114;106;126;93
144.0;181;192;205;180;203;193;100;83;116;110;115;105;125;92
150.0;184;191;207;183;206;188;103;80;109;112;114;111;122;90
156.0;184;195;208;185;209;191;99;82;109;111;114;104;118;91
162.0;182;195;206;186;207;195;97;81;111;112;114;105;119;90
168.0;186;195;207;184;211;197;98;81;111;109;110;105;117;89
174.0;191;197;205;183;211;199;104;79;108;109;111;101;112;90
180.0;189;200;207;186;216;200;97;79;108;110;108;99;113;88
186.0;190;196;208;190;219;203;96;82;106;107;105;102;106;90
192.0;194;198;207;188;220;203;100;85;106;103;99;101;107;89
198.0;194;198;206;189;219;207;97;83;108;107;99;99;110;84
204.0;195;200;207;192;221;207;99;85;102;110;95;97;108;82
210.0;198;203;205;194;220;211;97;84;98;107;99;97;106;81
216.0;202;206;206;193;221;212;93;83;97;106;100;94;106;81
222.0;202;210;200;197;224;211;88;86;93;108;102;95;103;81
228.0;203;212;199;201;226;210;87;85;93;107;101;91;107;78
234.0;206;215;206;203;226;202;85;84;91;105;99;91;109;78
240.0;208;219;208;205;228;202;85;84;89;103;97;86;109;77
246.0;213;216;211;206;224;204;90;87;87;103;93;83;107;76
252.0;217;222;209;207;225;202;88;88;86;99;95;83;105;74
258.0;217;223;207;209;222;201;93;90;88;97;95;88;98;72
264.0;216;226;208;214;223;200;91;89;85;97;93;90;97;71
270.0;212;227;209;218;225;201;89;89;82;98;88;90;100;72
276.0;215;227;209;218;223;203;85;95;80;96;89;85;101;74
282.0;215;228;212;222;221;201;88;95;79;95;90;82;95;77
288.0;210;237;212;224;218;205;90;97;76;90;86;78;96;81
294.0;213;234;210;225;217;209;94;96;76;90;86;74;96;80
300.0;213;235;210;225;220;206;95;100;71;86;81;80;96;82
306.0;214;234;209;223;220;202;97;99;69;82;88;85;96;82
312.0;216;233;206;225;216;202;105;100;65;82;89;87;95;79
318.0;218;237;201;229;214;200;97;102;68;85;87;81;99;82
324.0;216;240;202;226;214;200;97;109;66;87;81;80;98;84
330.0;216;244;202;229;213;200;101;107;71;86;79;78;92;82
336.0;218;250;203;236;213;202;95;101;68;86;78;78;90;82
342.0;222;257;197;236;213;203;93;96;68;87;77;78;91;82
348.0;221;261;197;235;209;205;90;95;71;85;78;80;90;83
354.0;222;261;203;233;207;204;88;96;77;81;77;81;84;86
360.0;219;263;204;228;204;213;85;94;84;79;78;80;84;85
366.0;223;264;205;232;205;209;86;92;82;80;79;84;78;81
372.0;222;263;212;235;207;208;88;88;76;85;80;79;80;77
378.0;225;260;209;231;206;208;89;89;77;89;79;81;80;77
384.0;225;258;211;232;204;207;86;90;84;88;78;81;79;77
390.0;227;262;219;234;203;202;85;85;84;86;78;77;78;80
396.0;231;267;220;231;204;200;88;82;85;84;77;75;76;80
402.0;234;273;221;231;201;199;81;80;89;83;75;78;75;80
408.0;239;276;222;230;200;197;81;74;89;78;74;83;74;83
414.0;244;275;223;224;195;194;84;77;89;79;72;87;74;83
420.0;245;279;225;226;193;193;80;77;87;81;76;85;71;82
426.0;243;279;228;223;195;193;81;76;86;83;75;87;70;81
432.0;245;277;230;219;200;194;73;75;84;83;78;86;69;87
438.0;250;278;232;220;199;196;74;72;83;79;79;87;69;82
444.0;248;284;227;224;197;198;75;73;82;79;83;84;67;79
450.0;246;285;225;220;199;200;71;72;83;83;82;90;67;77
456.0;252;286;224;221;197;196;70;73;82;88;82;89;68;72
462.0;252;286;225;224;199;196;71;75;85;86;80;86;63;72
468.0;250;286;224;226;198;194;71;74;86;90;79;89;63;70
474.0;253;287;225;222;201;196;73;73;85;89;78;87;63;68
480.0;253;283;223;224;203;200;70;73;79;87;82;89;68;66
486.0;255;277;226;225;200;202;69;72;79;87;79;91;68;70
492.0;259;278;226;224;193;200;69;71;83;89;81;92;66;69
498.0;263;278;223;227;196;199;65;71;88;84;78;88;68;72
504.0;259;275;224;233;194;202;67;72;87;81;78;88;72;68
510.0;260;274;225;232;191;196;69;71;87;83;79;84;78;71
516.0;260;277;225;228;189;198;72;70;83;80;77;83;81;77
522.0;261;277;225;231;186;200;73;71;83;80;76;81;81;75
528.0;264;276;224;230;185;204;73;76;83;77;76;80;78;74
534.0;269;276;225;233;186;199;72;74;84;77;74;81;78;72
540.0;268;274;223;235;187;195;72;77;87;73;79;83;75;72
546.0;273;273;218;234;191;198;75;77;85;77;78;75;75;71
552.0;272;271;217;231;192;198;74;77;83;76;83;79;75;72
558.0;272;272;216;229;193;200;73;74;82;74;86;84;72;73
564.0;272;267;215;229;193;203;79;80;80;70;86;86;74;66
570.0;276;267;209;227;191;203;76;86;80;70;88;83;76;68
576.0;281;265;216;226;188;199;76;89;86;74;80;76;76;68
582.0;284;267;219;225;185;201;77;85;84;72;84;75;76;66
588.0;286;267;219;224;180;203;79;84;85;71;81;79;76;66
594.0;287;262;223;224;182;203;83;84;84;70;80;80;74;64
600.0;288;261;223;220;184;203;88;89;80;67;82;79;73;63
606.0;284;264;224;222;182;199;86;85;80;64;88;84;70;68
612.0;284;257;222;222;180;201;87;88;79;65;92;85;65;73
618.0;280;252;225;221;185;202;84;85;78;67;90;87;68;76
624.0;282;254;223;222;184;202;81;85;77;68;86;87;72;77
630.0;284;253;222;219;184;199;77;89;78;68;85;89;75;78
636.0;288;254;224;227;185;195;73;87;81;68;78;87;72;81
642.0;288;251;218;230;186;195;73;86;83;73;74;89;74;80
648.0;290;254;214;235;187;193;70;89;86;72;73;91;70;76
654.0;292;254;216;233;187;192;70;89;85;74;72;92;70;74
660.0;293;251;211;232;187;195;67;90;82;73;71;92;77;79
666.0;298;251;206;232;185;194;68;93;82;73;71;91;76;80
672.0;304;252;209;224;184;193;70;95;82;71;75;86;76;79
678.0;306;254;209;224;187;192;68;93;86;70;73;91;74;73
684.0;310;258;208;222;192;191;66;90;84;72;76;90;72;69
690.0;314;258;207;221;190;191;67;93;87;69;76;89;69;69
696.0;312;260;209;221;193;190;70;91;83;70;76;88;68;69
702.0;308;269;209;220;193;194;71;94;82;69;75;84;64;68
708.0;308;271;207;220;187;195;70;98;79;71;73;83;66;72
714.0;310;270;205;218;186;201;72;95;77;72;75;82;65;72
720.0;308;268;205;220;186;204;77;90;79;74;73;81;63;72
726.0;306;268;203;219;187;204;78;91;80;74;74;81;65;70
732.0;309;269;198;224;187;200;77;89;82;71;75;81;69;69
738.0;311;270;199;221;190;201;76;90;81;69;77;79;69;67
744.0;310;277;195;219;187;203;74;83;79;74;81;77;70;71
750.0;309;280;198;218;185;204;74;81;82;72;76;80;71;70
756.0;311;285;196;211;185;207;74;83;85;71;72;80;67;73
762.0;309;286;194;216;185;206;75;80;83;72;77;79;66;72
768.0;311;288;196;214;188;205;73;82;81;76;78;75;64;69
774.0;310;291;200;211;191;205;75;81;83;75;75;73;63;67
780.0;305;292;199;207;192;207;75;82;83;74;76;74;65;69
786.0;304;291;199;210;190;207;74;83;78;82;76;71;67;68
792.0;304;295;197;213;185;206;72;84;78;83;75;73;69;66
798.0;305;292;198;216;181;203;71;79;82;87;77;72;71;66
804.0;305;295;199;214;183;203;71;78;82;86;79;74;68;63
810.0;304;294;201;214;184;205;72;78;80;84;80;73;67;64
816.0;305;291;202;214;188;197;73;81;81;83;74;77;67;67
822.0;307;292;201;216;188;196;74;82;80;84;70;72;71;67
828.0;306;291;204;215;186;195;77;85;79;86;65;74;69;68
834.0;302;293;207;219;187;195;77;79;80;85;62;76;68;70
840.0;301;293;212;218;191;194;75;83;75;84;62;77;69;66
846.0;303;293;211;214;191;196;74;85;74;85;58;74;70;72
852.0;304;291;206;208;190;200;70;84;77;85;58;79;73;75
858.0;303;289;210;212;187;197;72;83;76;84;58;81;73;75
864.0;306;291;209;211;185;194;74;84;75;82;60;81;73;75
870.0;307;287;207;215;187;194;73;84;72;84;59;84;73;74
876.0;307;288;208;214;188;197;72;79;73;87;60;83;72;72
882.0;309;287;206;212;185;195;72;80;76;86;59;85;74;74
888.0;312;285;208;211;188;196;73;77;70;86;61;80;80;73
894.0;311;287;204;217;185;197;71;74;69;90;62;80;84;69
900.0;308;288;208;220;184;197;75;73;68;83;65;75;84;72
906.0;313;287;207;220;190;195;72;74;69;84;67;72;82;68
912.0;310;285;210;220;193;191;73;78;66;84;68;75;83;64
918.0;311;286;210;217;190;190;76;73;65;84;67;79;83;69
924.0;305;287;208;217;188;190;75;73;68;88;71;77;87;66
930.0;303;284;209;215;191;194;74;75;68;88;71;79;84;65
936.0;299;287;212;215;192;193;76;73;63;88;73;82;81;66
942.0;301;286;210;211;191;196;73;74;64;84;73;86;83;68
948.0;301;288;204;209;198;197;67;78;64;84;73;83;85;69
954.0;302;287;200;210;198;195;70;77;61;86;78;83;87;66
960.0;305;291;200;210;195;193;71;79;62;84;78;79;87;66
966.0;303;292;201;211;194;194;72;80;61;82;80;76;87;67
972.0;304;291;200;211;191;197;70;79;58;82;83;75;90;69
978.0;302;297;199;209;190;197;69;80;60;87;82;75;87;66
984.0;304;294;201;209;192;191;73;81;60;87;83;70;89;66
990.0;306;294;204;200;190;191;72;79;61;93;82;74;85;69
996.0;308;292;199;199;188;195;76;80;62;89;81;73;89;69
1002.0;302;293;199;198;189;198;72;80;63;90;74;77;90;75
1008.0;299;294;204;197;190;195;74;79;59;87;78;76;90;78
1014.0;304;296;204;198;185;191;74;81;58;88;76;73;93;79
1020.0;301;299;201;196;184;189;80;78;61;84;76;73;97;81
1026.0;301;295;194;195;186;192;80;79;64;82;80;74;96;82
1032.0;301;295;194;190;190;189;84;81;63;80;77;74;100;82
1038.0;302;296;196;192;186;189;77;80;63;82;79;77;99;82
1044.0;300;299;194;193;184;190;78;78;64;78;79;81;100;82
1050.0;298;302;196;194;188;190;76;79;61;79;76;79;98;84
1056.0;296;301;200;195;188;187;80;77;65;79;72;76;98;86
1062.0;295;298;201;191;188;186;87;78;67;76;72;71;105;85
1068.0;297;300;202;192;187;188;84;79;61;72;69;76;107;86
1074.0;299;301;204;192;191;187;84;77;63;70;70;73;101;88
1080.0;300;299;205;193;188;189;75;77;63;72;68;77;100;94
1086.0;298;298;203;199;194;188;77;73;63;68;70;79;96;94
1092.0;299;298;202;201;192;195;76;77;58;66;68;81;96;91
1098.0;297;296;200;202;195;193;78;80;62;65;71;84;89;88
1104.0;297;298;202;200;191;197;79;81;60;67;73;81;87;87
1110.0;301;293;200;200;190;199;78;81;61;70;77;80;87;83
1116.0;302;295;201;201;196;197;73;82;62;72;76;80;83;80
1122.0;303;292;205;197;193;193;77;83;59;74;74;81;92;77
1128.0;298;292;206;196;194;195;76;85;58;71;78;84;87;80
1134.0;295;289;212;196;192;195;76;88;58;65;85;86;82;81
1140.0;292;289;219;196;193;196;78;83;63;65;85;83;81;77
1146.0;292;289;220;196;195;194;73;84;63;65;88;84;79;78
1152.0;287;292;219;198;196;192;74;85;63;65;89;83;81;76
1158.0;289;292;216;198;197;190;77;85;63;64;91;81;81;76
1164.0;290;289;209;203;195;192;74;77;63;68;95;85;83;77
1170.0;289;287;209;206;199;186;76;75;63;74;92;85;80;79
1176.0;288;291;204;208;197;191;76;83;58;70;88;89;78;79
1182.0;285;290;204;205;201;193;79;82;59;69;89;81;78;85
1188.0;287;291;204;205;198;192;83;83;57;71;90;79;77;83
1194.0;289;292;198;202;199;190;82;80;61;74;93;71;83;86
1200.0;291;295;197;205;201;187;79;79;64;77;91;69;80;85
1206.0;292;297;198;205;204;188;80;82;63;74;89;68;79;81
1212.0;290;298;198;202;205;187;82;86;61;74;85;69;82;81
1218.0;291;296;200;199;203;185;81;89;58;79;90;69;83;77
1224.0;295;293;199;198;206;188;85;89;58;78;87;66;85;73
1230.0;295;292;197;199;207;187;89;92;60;76;85;66;80;75
1236.0;294;286;197;202;206;190;88;94;62;78;84;63;77;79
1242.0;294;285;203;198;207;192;88;91;61;81;82;64;76;78
1248.0;298;286;203;199;208;195;85;88;67;80;87;58;75;71
1254.0;292;287;201;204;208;196;88;88;66;80;87;60;77;66
1260.0;292;286;206;205;210;194;90;89;64;82;84;60;72;66
1266.0;291;289;203;204;208;196;91;85;68;81;84;60;72;68
1272.0;290;290;203;207;210;197;91;87;69;82;86;54;70;64
1278.0;291;290;201;206;213;197;96;88;65;84;83;51;69;66
1284.0;291;288;198;208;204;194;99;89;68;85;84;58;67;67
1290.0;293;291;199;207;204;193;95;89;69;83;85;61;70;61
1296.0;295;288;200;205;204;194;96;87;68;85;83;61;69;65
1302.0;296;288;200;201;204;191;92;86;72;86;80;60;72;72
1308.0;296;288;198;200;203;192;93;88;73;83;81;63;72;70
1314.0;298;286;199;203;205;186;90;87;76;80;79;67;73;71
1320.0;294;287;202;204;204;185;89;83;76;78;81;68;73;76
1326.0;297;288;202;200;201;195;85;79;76;80;76;69;71;81
1332.0;297;288;203;200;200;196;85;84;71;79;74;73;71;79
1338.0;297;286;203;200;199;191;85;86;78;75;73;74;73;80
1344.0;296;289;204;208;201;192;82;86;76;72;71;73;68;82
1350.0;295;290;206;206;201;196;80;86;80;73;70;71;65;81
1356.0;295;293;207;205;194;196;84;87;83;68;69;70;69;80
1362.0;293;293;206;207;195;197;84;83;83;70;69;67;68;85
1368.0;291;290;209;209;193;191;85;81;87;75;71;67;69;82
1374.0;292;292;208;206;194;184;90;81;87;71;65;73;74;83
1380.0;291;290;210;205;190;184;91;78;88;74;65;72;76;86
1386.0;296;297;209;197;186;183;95;79;83;71;67;74;75;88
1392.0;300;295;204;201;188;180;95;77;85;69;63;77;76;90
1398.0;300;296;208;199;187;178;97;75;84;69;65;77;78;87
1404.0;299;298;207;198;186;175;101;74;81;70;67;79;78;87
1410.0;299;300;210;196;186;174;103;76;79;66;65;81;82;83
1416.0;297;303;210;192;187;176;103;76;79;65;63;80;85;84
1422.0;299;301;210;189;187;181;109;71;78;66;64;79;82;84
1428.0;297;302;209;186;187;182;109;75;78;70;62;78;83;82
1434.0;296;305;208;187;190;181;114;70;79;69;61;78;82;80
1440.0;298;303;206;190;190;177;110;68;77;74;65;76;81;85
1446.0;297;300;210;189;187;175;109;69;79;77;67;73;84;84
1452.0;296;300;208;191;186;174;110;71;80;75;64;74;83;88
1458.0;294;297;207;191;187;174;113;75;78;73;67;75;83;86
1464.0;297;299;209;188;189;171;114;74;80;73;68;70;84;84
1470.0;296;296;206;187;187;174;118;77;85;70;65;72;84;83
1476.0;295;297;206;190;184;173;116;75;84;72;67;71;86;84
1482.0;292;300;207;189;188;172;110;76;82;75;67;71;84;87
1488.0;290;306;206;191;188;173;105;76;82;72;67;72;83;89
1494.0;289;308;213;190;186;171;106;77;83;74;67;69;79;88
1500.0;286;307;213;189;188;175;109;83;83;73;64;68;74;88
1506.0;287;306;213;192;191;176;110;81;80;67;61;71;75;90
1512.0;286;304;210;195;189;179;102;79;82;67;65;71;78;93
1518.0;287;306;210;193;191;178;101;78;84;67;64;69;77;95
1524.0;292;310;210;188;193;178;101;75;84;64;71;69;75;90
1530.0;293;312;209;191;195;181;102;74;81;66;66;65;74;91
1536.0;296;314;204;191;197;180;100;75;86;69;61;64;71;92
1542.0;298;308;203;188;198;180;98;76;86;71;62;64;73;95
1548.0;297;312;201;190;196;175;99;72;82;66;71;66;77;96
1554.0;301;316;200;183;196;177;96;70;79;69;70;66;81;96
1560.0;303;318;197;184;191;180;93;71;80;71;69;73;76;94
1566.0;303;317;200;178;195;183;92;72;78;67;69;78;77;91
1572.0;306;317;197;178;194;182;91;68;80;74;68;77;77;91
1578.0;300;315;193;179;195;180;90;69;83;75;74;75;77;95
1584.0;299;315;196;178;198;184;87;66;82;74;72;75;79;95
1590.0;300;317;200;178;203;183;88;66;79;73;70;70;77;96
1596.0;298;318;202;185;199;182;84;67;79;70;72;68;76;100
1602.0;300;317;202;185;198;185;82;71;76;67;75;68;77;97
1608.0;300;318;199;181;197;185;87;70;81;71;74;65;71;101
1614.0;301;319;199;184;203;182;84;70;82;69;71;67;68;101
1620.0;303;319;199;181;201;177;85;68;81;67;74;72;72;101
1626.0;304;319;198;178;199;178;85;66;82;70;72;74;74;101
1632.0;308;318;195;182;199;177;85;74;78;65;69;78;70;102
1638.0;305;319;195;182;200;176;85;73;81;70;70;74;70;100
1644.0;305;318;196;185;199;176;84;72;81;66;74;74;71;99
1650.0;309;316;195;186;196;178;86;71;77;67;74;74;71;100
1656.0;314;313;195;190;189;174;85;72;77;71;76;74;74;96
1662.0;315;310;192;195;182;177;86;71;73;75;77;77;69;101
1668.0;322;310;191;189;178;176;89;72;69;75;84;77;68;100
1674.0;317;312;188;191;181;179;86;68;73;79;80;82;66;98
1680.0;323;308;192;186;180;173;86;69;71;81;80;84;64;103
1686.0;321;313;187;187;185;171;86;68;72;80;81;85;64;100
1692.0;321;315;185;189;184;169;85;64;75;81;79;84;68;101
1698.0;320;315;182;188;182;168;83;61;77;85;78;84;73;104
1704.0;322;314;185;185;181;172;83;65;72;83;76;86;77;99
1710.0;318;319;184;184;181;171;81;65;76;81;74;88;81;97
1716.0;317;326;183;184;184;173;81;59;74;81;76;89;77;96
1722.0;316;326;185;185;184;172;85;59;75;80;72;93;75;93
1728.0;316;325;185;185;183;170;86;59;73;83;73;91;76;95
1734.0;317;325;184;186;175;173;85;60;72;83;76;89;80;95
1740.0;314;324;186;185;181;175;86;55;71;82;76;88;85;92
1746.0;309;323;185;183;181;180;84;60;76;79;74;90;88;88
1752.0;304;324;185;183;184;181;85;63;75;82;70;88;85;91
1758.0;307;323;189;184;185;182;83;65;75;82;68;88;82;87
1764.0;308;325;190;184;187;183;79;67;74;83;65;83;83;89
1770.0;310;327;196;181;182;191;81;66;70;83;67;80;80;86
1776.0;310;325;190;183;181;194;85;66;70;79;68;83;83;83
1782.0;309;326;193;190;180;193;85;66;69;81;60;85;80;83
1788.0;312;328;195;186;181;192;84;69;68;74;65;85;79;82
1794.0;316;327;195;188;185;194;74;73;65;74;64;82;85;78
1800.0;317;336;192;189;186;190;70;74;64;74;62;83;85;78
1806.0;319;335;191;188;183;190;69;75;64;79;61;78;86;82
1812.0;318;331;188;187;187;192;68;73;61;80;61;84;84;86
1818.0;316;332;185;190;192;193;69;74;58;78;63;82;81;87
1824.0;316;338;180;190;194;191;67;73;59;80;62;82;78;90
1830.0;314;337;181;192;192;196;66;70;60;80;61;86;77;88
1836.0;317;338;181;192;190;195;64;70;61;75;64;84;80;89
1842.0;309;332;176;192;191;196;65;73;66;80;67;86;78;89
1848.0;305;330;174;192;192;194;70;76;66;82;72;86;76;85
1854.0;304;334;173;190;193;191;72;76;64;82;75;83;78;85
1860.0;310;337;176;190;190;189;68;76;66;76;75;82;79;86
1866.0;311;337;178;191;185;191;71;75;67;75;72;84;78;85
1872.0;313;336;181;193;185;189;77;75;67;73;75;84;78;74
1878.0;310;334;186;194;182;195;76;72;67;72;71;88;77;76
1884.0;308;337;181;198;182;194;74;71;68;74;72;87;78;76
1890.0;307;335;182;200;184;192;74;73;66;75;74;85;78;75
1896.0;305;339;184;202;184;191;74;70;62;74;75;84;84;72
1902.0;304;335;188;204;182;190;74;73;63;74;75;82;85;71
1908.0;302;335;187;206;185;190;73;73;62;74;73;84;88;68
1914.0;300;333;185;208;185;190;71;76;59;77;75;81;90;70
1920.0;301;332;184;209;186;192;70;74;57;82;76;83;82;72
1926.0;301;334;185;205;186;194;71;72;58;80;75;88;78;73
1932.0;303;333;189;203;180;197;76;73;59;78;74;92;75;68
1938.0;304;332;183;201;181;196;75;76;61;76;79;93;75;68
1944.0;304;332;182;202;181;198;78;76;62;76;77;90;73;69
1950.0;300;330;182;203;181;200;82;75;61;74;78;88;74;72
1956.0;306;330;182;203;177;203;89;76;60;67;77;86;74;70
1962.0;309;329;186;207;179;205;90;73;62;66;73;77;72;72
1968.0;312;332;185;203;178;204;90;72;61;70;77;77;70;69
1974.0;317;334;186;202;175;205;95;66;63;71;78;73;68;67
