#auto generated file!
12.0;171;164;144;158;157;166;149;175;147;156;148;156;145;164
18.0;177;166;148;162;159;169;152;169;145;153;154;151;142;153
24.0;182;168;145;165;160;169;155;168;143;151;154;150;137;153
30.0;182;170;153;169;165;174;157;163;137;147;150;141;141;151
36.0;187;169;152;169;170;183;155;161;135;148;149;135;141;146
42.0;189;171;155;173;170;188;156;158;129;142;147;135;139;148
48.0;192;179;156;174;173;189;155;156;124;145;140;136;136;145
54.0;194;178;158;175;181;193;152;158;121;146;137;138;127;142
60.0;193;183;158;180;184;198;150;155;121;139;135;138;131;135
66.0;194;188;162;184;188;198;148;156;120;135;129;132;130;136
72.0;198;193;164;183;186;202;149;155;117;136;124;128;130;135
78.0;197;196;169;189;188;201;147;153;114;134;126;127;125;134
84.0;195;201;172;192;187;198;149;152;114;126;129;126;129;130
90.0;203;205;176;190;189;199;145;155;111;123;131;125;124;124
96.0;208;207;175;192;186;206;142;152;115;120;129;121;124;123
102.0;208;207;176;192;185;207;140;151;118;126;128;123;116;123
108.0;215;206;178;193;184;205;142;146;119;126;127;123;117;119
114.0;218;212;178;191;188;208;140;141;114;128;125;124;116;117
120.0;218;213;178;192;187;210;141;139;114;128;131;122;112;115
126.0;222;212;179;194;189;210;135;143;106;132;135;117;111;115
132.0;226;214;183;197;193;213;136;132;104;130;134;111;108;119
138.0;229;218;185;195;193;217;132;136;108;128;133;110;101;115
144.0;235;225;181;190;195;222;133;131;113;125;135;107;97;111
150.0;240;224;179;195;194;228;125;130;111;124;132;107;103;108
156.0;241;230;181;192;196;227;128;129;110;127;131;101;99;108
162.0;245;232;185;194;195;223;129;122;112;130;127;100;100;106
168.0;247;231;192;197;195;221;125;120;111;126;124;103;97;111
174.0;253;227;196;199;197;222;123;122;108;123;128;102;95;105
180.0;259;228;195;198;199;226;121;122;105;126;123;105;94;99
186.0;264;234;196;203;203;217;119;123;107;120;121;105;93;95
192.0;266;233;198;205;204;215;119;120;106;119;122;104;92;97
198.0;265;241;197;207;203;211;118;118;106;120;121;107;88;98
204.0;270;242;193;206;202;214;115;122;107;120;124;107;88;90
210.0;272;243;198;212;202;219;114;125;105;112;119;102;82;95
216.0;275;248;199;212;203;220;115;126;104;108;121;100;79;90
222.0;275;250;202;210;202;223;114;121;108;107;120;98;81;89
228.0;280;248;200;213;203;227;111;119;104;109;119;95;83;89
234.0;280;248;202;214;201;226;115;114;106;110;119;94;83;88
240.0;278;247;210;214;200;224;106;115;105;113;119;96;85;88
246.0;279;252;210;217;201;224;106;116;104;112;111;97;82;89
252.0;277;255;216;217;203;222;105;115;104;109;108;97;83;89
258.0;274;253;216;221;196;222;110;113;110;104;105;104;83;89
264.0;273;252;216;225;193;225;110;113;108;102;102;105;86;90
270.0;274;254;217;226;191;225;112;116;106;104;98;104;85;88
276.0;272;254;217;226;190;228;113;111;102;101;99;105;88;94
282.0;271;254;218;220;194;229;118;112;102;94;102;106;92;88
288.0;276;258;217;220;197;232;119;112;100;85;97;106;96;85
294.0;275;258;218;219;193;232;119;113;97;83;100;107;101;85
300.0;281;260;216;222;186;230;115;114;98;90;99;101;102;86
306.0;286;260;218;223;183;228;113;115;97;86;97;103;104;87
312.0;287;263;219;222;178;227;111;118;96;85;97;101;107;89
318.0;286;264;216;223;177;224;114;117;96;85;98;103;109;88
324.0;287;269;213;228;181;225;107;114;91;91;95;101;112;86
330.0;284;265;214;224;189;220;107;111;92;94;96;105;111;88
336.0;289;267;212;226;191;223;106;113;93;96;92;100;107;85
342.0;291;272;213;226;191;220;106;111;92;92;94;95;110;87
348.0;294;273;214;223;197;213;105;110;93;95;94;91;111;87
354.0;296;273;216;225;195;208;106;109;89;96;96;84;118;89
360.0;298;278;217;224;197;208;104;106;92;94;95;84;117;86
366.0;298;279;216;219;199;213;103;107;91;94;94;88;121;78
372.0;300;278;213;224;202;212;104;102;91;95;92;91;119;77
378.0;302;278;209;230;205;205;104;106;92;95;90;93;112;79
384.0;299;279;207;230;207;205;104;104;96;96;88;93;112;80
390.0;305;282;209;225;211;205;109;101;94;99;91;89;105;75
396.0;304;286;207;225;208;206;111;103;96;102;88;87;100;77
402.0;309;289;209;227;207;209;108;101;94;102;85;84;99;77
408.0;309;292;206;225;207;209;109;102;94;98;89;81;104;75
414.0;309;294;204;226;206;215;108;99;94;93;89;85;102;76
420.0;308;292;202;225;207;216;106;100;96;100;89;83;104;72
426.0;309;293;204;227;209;216;103;95;89;103;89;87;102;74
432.0;308;294;200;232;208;217;102;93;90;102;91;87;102;74
438.0;310;296;199;237;209;216;101;91;89;99;91;86;101;75
444.0;317;296;204;238;206;212;104;89;87;97;92;81;101;76
450.0;319;297;204;236;206;214;101;88;86;98;92;81;101;77
456.0;321;296;201;235;208;214;99;90;91;94;94;80;101;76
462.0;316;301;203;237;209;216;98;89;90;95;91;80;96;79
468.0;317;304;204;242;209;214;97;87;89;94;93;79;93;78
474.0;320;302;206;237;215;210;96;91;88;95;95;81;93;71
480.0;320;304;210;238;215;206;96;89;88;90;97;80;92;75
486.0;321;309;213;236;216;207;99;93;84;90;91;74;92;75
492.0;325;313;216;235;211;210;98;91;83;86;85;73;97;77
498.0;322;313;210;238;213;213;95;94;84;89;86;73;97;73
504.0;326;312;212;238;210;211;94;94;82;94;86;69;96;76
510.0;330;312;213;238;210;210;93;93;85;96;81;64;97;78
516.0;329;316;208;233;213;210;94;97;84;101;78;61;99;77
522.0;326;313;215;235;212;210;88;95;82;103;77;63;102;79
528.0;324;310;217;236;212;215;86;93;81;108;79;65;98;76
534.0;327;313;217;235;211;209;95;90;82;107;80;65;95;74
540.0;332;313;217;237;213;204;95;92;81;104;84;68;91;69
546.0;339;315;214;235;209;205;93;94;82;102;85;69;90;68
552.0;339;317;211;232;208;206;93;92;85;101;89;69;90;68
558.0;334;312;209;235;209;210;94;88;88;100;89;74;90;68
564.0;340;308;210;238;210;212;94;86;91;103;87;69;85;67
570.0;339;306;215;238;212;213;93;85;91;103;87;67;87;64
576.0;338;305;218;232;213;212;92;90;92;100;89;70;81;68
582.0;339;307;219;233;209;216;91;91;90;96;92;67;82;68
588.0;335;316;221;229;205;218;91;89;87;92;90;69;87;71
594.0;330;316;224;225;205;222;94;92;90;87;91;71;86;67
600.0;334;315;220;223;207;226;102;85;91;84;93;72;81;67
606.0;332;318;216;224;205;221;106;88;93;85;89;75;84;64
612.0;327;320;215;228;204;224;105;91;93;82;92;73;81;65
618.0;324;324;216;231;201;223;105;86;92;83;90;75;81;69
624.0;326;326;216;228;199;219;103;89;88;82;93;79;80;72
630.0;329;324;215;228;201;218;104;92;89;80;95;78;76;71
636.0;330;323;218;229;203;222;107;91;89;79;91;76;74;68
642.0;328;322;219;229;209;218;101;96;93;80;91;73;72;69
648.0;327;325;219;229;209;221;98;94;94;79;89;76;72;68
654.0;325;324;215;223;210;227;95;90;91;83;90;83;74;70
660.0;331;322;215;227;210;226;94;90;85;86;90;81;74;69
666.0;329;322;216;227;209;222;96;92;84;87;89;86;74;67
672.0;328;317;212;224;211;216;98;97;88;90;93;82;76;68
678.0;328;317;208;227;209;216;96;102;91;93;91;81;78;63
684.0;329;323;208;226;210;217;94;98;93;92;85;81;75;69
690.0;330;324;208;223;207;216;92;96;93;98;83;84;76;70
696.0;326;327;209;217;208;218;91;98;91;98;82;87;77;71
702.0;325;327;213;217;205;215;94;98;86;100;80;90;79;71
708.0;330;330;212;221;204;214;92;89;86;91;80;92;82;77
714.0;332;332;208;224;204;215;86;89;85;93;81;95;79;77
720.0;334;329;208;226;201;214;90;90;90;96;78;93;79;72
726.0;331;330;208;224;198;211;87;92;91;98;81;97;81;71
732.0;333;328;207;222;199;213;86;94;91;99;80;97;82;69
738.0;332;331;205;229;200;206;87;94;88;101;82;95;83;67
744.0;334;331;204;230;202;205;86;91;89;103;83;95;79;68
750.0;330;332;207;228;205;209;88;90;88;101;83;95;75;69
756.0;330;332;208;233;203;203;89;87;88;104;80;96;74;73
762.0;333;334;207;234;205;200;93;88;88;104;79;92;74;69
768.0;334;329;208;238;203;202;96;87;87;104;80;92;71;69
774.0;338;330;208;238;202;206;95;79;89;103;77;91;70;74
780.0;341;328;211;234;195;210;96;84;92;104;76;89;71;69
786.0;341;330;208;237;198;204;93;86;86;104;78;94;74;67
792.0;344;326;210;233;199;204;96;87;85;105;75;96;74;66
798.0;348;322;207;234;200;206;94;84;93;103;78;89;74;68
804.0;349;330;202;235;196;206;91;83;95;101;82;91;71;68
810.0;355;334;201;234;193;204;90;85;93;99;78;91;74;69
816.0;348;335;200;238;198;206;92;80;95;94;80;84;75;75
822.0;350;337;202;238;192;205;92;80;92;98;79;88;72;75
828.0;350;340;196;239;191;199;94;84;92;99;76;88;74;78
834.0;347;340;199;242;195;198;100;78;91;95;76;88;74;77
840.0;351;342;197;241;190;199;99;75;92;93;76;87;77;81
846.0;350;343;199;246;192;200;93;71;94;93;77;84;76;82
852.0;350;342;202;243;193;200;94;71;87;94;75;85;79;85
858.0;350;338;208;245;197;204;94;70;86;94;73;82;75;84
864.0;352;338;209;245;195;207;87;67;87;93;75;78;78;89
870.0;352;338;210;245;192;202;88;68;89;93;78;78;79;88
876.0;351;338;211;242;190;204;87;70;90;94;77;78;79;89
882.0;350;336;207;240;190;202;87;69;91;98;76;80;82;92
888.0;352;335;208;236;195;201;91;71;88;97;77;79;84;86
894.0;355;332;209;233;197;200;92;70;93;94;79;81;84;81
900.0;357;331;209;235;190;196;97;74;92;96;83;82;82;76
906.0;356;333;208;231;186;195;91;75;92;95;86;86;82;84
912.0;356;331;209;230;187;193;88;76;97;94;87;86;79;87
918.0;351;333;211;232;187;195;88;81;98;92;83;84;79;86
924.0;354;338;213;233;187;200;87;81;96;90;78;83;77;83
930.0;356;339;209;234;187;203;84;79;97;90;74;86;78;84
936.0;357;341;213;237;191;206;80;79;91;89;77;84;75;80
942.0;354;341;216;239;192;206;76;78;91;88;80;83;75;81
948.0;360;342;216;234;193;204;78;78;89;91;78;80;74;83
954.0;359;342;222;231;195;202;74;78;88;92;83;80;71;83
960.0;357;344;220;229;193;206;69;77;85;93;88;81;74;84
966.0;356;345;212;233;191;210;67;80;84;94;92;84;72;80
972.0;354;347;211;231;192;213;70;82;81;92;94;84;71;78
978.0;355;348;209;235;191;210;70;82;85;90;90;83;73;79
984.0;349;351;209;235;194;207;76;83;84;90;86;82;70;84
990.0;346;351;211;230;193;208;76;85;83;95;89;81;70;82
996.0;350;355;209;231;198;206;73;86;80;92;89;81;67;83
1002.0;351;351;207;228;199;210;73;83;86;91;91;80;66;84
1008.0;350;346;202;222;202;217;77;84;83;90;95;78;69;85
1014.0;347;347;206;225;203;222;77;77;82;87;91;78;71;87
1020.0;348;350;209;227;200;223;74;73;84;87;88;77;69;91
1026.0;347;352;202;225;200;226;75;75;80;88;90;74;73;93
1032.0;343;359;201;228;203;219;75;75;81;89;86;73;78;90
1038.0;339;361;199;227;198;219;75;77;83;95;89;76;79;83
1044.0;340;364;195;226;200;215;77;78;84;95;87;77;82;80
1050.0;337;368;194;225;202;211;83;77;83;96;85;76;86;77
1056.0;339;367;197;224;208;215;81;75;77;95;83;75;87;77
1062.0;340;367;195;221;210;212;78;75;76;92;89;77;86;82
1068.0;342;367;192;215;204;214;79;79;81;91;85;76;85;90
1074.0;344;364;192;214;206;213;79;77;84;91;87;75;83;91
1080.0;341;369;192;213;208;216;77;76;81;91;88;75;85;88
1086.0;345;363;188;216;209;214;76;74;84;95;88;75;84;89
1092.0;347;363;189;214;210;210;75;76;86;97;88;72;85;88
1098.0;350;361;183;214;208;212;76;76;91;98;85;75;84;87
1104.0;347;360;182;215;210;209;76;78;92;96;85;75;85;90
1110.0;347;365;178;216;211;212;75;79;90;96;83;72;86;90
1116.0;345;360;179;214;210;210;76;76;91;100;86;76;85;92
1122.0;345;361;184;213;214;208;76;74;86;94;89;78;84;94
1128.0;349;362;183;216;215;210;73;67;88;94;91;76;80;96
1134.0;349;361;186;208;215;210;73;69;87;95;92;74;83;98
1140.0;351;355;188;209;216;212;70;67;88;92;94;74;84;100
1146.0;355;354;189;206;221;214;73;72;87;89;94;71;82;93
1152.0;360;352;187;206;218;218;75;74;87;88;93;70;75;97
1158.0;358;358;191;206;218;215;73;75;88;82;90;73;75;98
1164.0;366;356;191;209;221;208;71;79;88;80;89;73;72;97
1170.0;366;351;186;213;215;214;71;81;88;78;87;77;73;100
1176.0;366;353;185;212;220;219;70;77;89;77;83;75;71;103
1182.0;371;351;187;204;223;221;72;72;94;75;82;74;71;103
1188.0;367;353;189;203;225;221;71;73;95;74;79;74;72;104
1194.0;365;351;191;207;219;226;73;74;92;75;82;73;70;102
1200.0;370;350;189;205;219;228;72;75;92;77;81;77;69;96
1206.0;369;349;188;207;218;230;73;74;92;78;80;77;65;100
1212.0;369;354;181;203;216;231;73;76;93;80;83;76;69;96
1218.0;372;355;185;200;212;230;78;74;99;78;78;75;70;94
1224.0;372;354;185;200;211;228;80;75;97;80;75;77;69;97
1230.0;374;355;181;201;214;232;81;74;93;78;75;76;69;97
1236.0;371;360;182;204;218;228;82;72;92;81;74;74;68;94
1242.0;371;362;189;205;219;228;82;71;94;77;72;70;66;94
1248.0;371;363;191;203;220;229;79;72;99;78;72;64;64;95
1254.0;374;364;187;206;217;230;76;68;104;76;72;64;60;102
1260.0;376;360;186;210;216;222;80;68;101;76;73;68;63;101
1266.0;376;358;188;212;214;220;85;70;102;71;74;65;63;102
1272.0;376;355;193;214;215;218;88;64;102;68;78;66;67;96
1278.0;382;355;194;211;218;221;86;62;101;69;74;69;65;93
1284.0;384;353;195;211;215;218;86;60;98;73;77;69;66;95
1290.0;383;360;201;211;215;220;87;58;94;73;76;65;66;91
1296.0;383;360;204;210;216;225;80;59;95;68;74;66;69;91
1302.0;383;363;202;210;217;220;82;58;93;71;73;66;73;89
1308.0;378;367;199;214;215;221;85;61;90;70;73;63;76;88
1314.0;380;368;199;213;213;222;83;62;88;70;75;67;76;84
1320.0;380;369;198;213;215;222;85;61;87;75;74;66;75;80
1326.0;378;370;199;213;214;221;83;60;93;74;71;66;75;83
1332.0;375;368;200;212;212;222;86;59;91;76;72;69;80;78
1338.0;381;370;198;209;213;221;83;62;84;78;73;69;84;75
1344.0;381;370;208;207;210;218;83;60;85;77;75;68;81;77
1350.0;380;372;204;206;213;220;83;57;88;80;75;67;76;79
1356.0;382;370;205;204;215;221;81;60;92;79;75;67;72;77
1362.0;382;369;206;203;211;223;84;56;99;75;71;70;74;77
1368.0;381;365;206;198;211;227;87;55;98;77;68;69;76;82
1374.0;382;365;210;195;208;229;87;57;99;78;66;67;81;76
1380.0;378;362;213;194;204;228;88;57;96;78;65;72;84;81
1386.0;380;363;210;192;200;227;92;63;91;77;65;71;86;83
1392.0;376;356;213;192;200;229;88;63;99;76;65;69;88;86
1398.0;372;357;215;190;198;234;86;65;102;74;64;69;93;81
1404.0;364;358;216;188;202;231;88;64;100;75;65;76;94;79
1410.0;362;363;214;191;204;227;85;61;101;75;66;74;95;82
1416.0;362;360;214;192;208;229;86;59;99;73;71;77;87;83
1422.0;361;359;215;194;201;225;89;62;104;77;67;73;86;87
1428.0;362;355;218;190;200;224;85;61;104;79;69;73;90;90
1434.0;362;354;217;192;204;218;81;60;99;84;73;78;90;88
1440.0;361;358;224;193;205;213;80;64;91;82;73;79;94;83
1446.0;361;360;226;199;201;210;78;67;86;81;74;76;97;84
1452.0;362;362;225;196;203;206;78;67;90;82;71;78;96;84
1458.0;358;363;234;199;201;200;79;67;89;76;68;80;100;86
1464.0;358;364;232;193;202;204;76;70;88;79;66;83;98;87
1470.0;359;359;235;199;200;200;75;70;83;82;71;83;100;84
1476.0;358;352;233;199;199;203;74;71;85;82;73;85;105;81
1482.0;357;355;232;198;203;204;72;67;87;85;67;85;105;83
1488.0;357;350;236;196;204;204;72;73;86;84;72;85;103;78
1494.0;357;344;235;199;206;204;72;74;85;90;76;83;99;76
1500.0;361;343;234;199;208;201;76;75;81;96;75;83;96;72
1506.0;360;341;236;200;207;195;82;71;83;98;75;80;95;77
1512.0;356;340;233;201;207;195;83;72;87;96;80;84;91;75
1518.0;351;337;235;207;208;198;81;73;86;91;77;82;96;78
1524.0;353;339;235;204;207;198;83;70;82;91;79;81;99;79
1530.0;352;335;237;201;206;196;78;69;88;94;82;85;102;75
1536.0;348;338;233;197;202;198;80;69;92;100;84;82;105;72
1542.0;348;343;235;201;190;196;85;67;97;95;81;82;106;74
1548.0;350;343;234;202;187;197;85;68;100;93;86;79;104;72
1554.0;349;340;233;204;190;203;83;64;103;91;83;81;107;69
1560.0;351;341;235;206;192;200;85;66;99;89;78;81;109;68
1566.0;349;340;231;204;195;201;82;69;100;90;79;84;110;66
1572.0;349;343;230;202;196;207;82;67;93;87;82;84;110;68
1578.0;350;343;232;207;197;207;75;70;94;85;84;83;108;65
1584.0;349;341;231;202;194;208;74;73;95;89;86;84;108;66
1590.0;341;342;232;199;196;208;75;72;94;93;88;86;108;66
1596.0;339;343;227;201;196;213;69;70;94;95;89;86;111;67
1602.0;342;340;230;204;195;211;70;64;94;99;92;81;107;71
1608.0;340;340;230;202;198;214;71;65;91;95;96;79;106;73
1614.0;342;344;228;200;196;210;77;70;93;94;93;76;105;72
1620.0;338;344;228;201;200;206;73;71;90;97;92;76;111;73
1626.0;337;347;228;206;202;201;70;76;90;98;94;69;108;74
1632.0;338;347;229;212;200;196;67;74;88;98;99;68;112;72
1638.0;334;349;224;207;202;193;71;76;88;95;100;72;114;75
1644.0;337;348;225;205;203;194;73;74;83;95;102;72;108;81
1650.0;334;343;228;212;207;192;72;74;84;95;104;69;105;81
1656.0;335;340;225;215;210;190;72;72;82;102;103;70;99;85
1662.0;336;342;224;220;211;188;69;76;82;99;106;71;96;80
1668.0;336;343;226;221;209;191;69;78;92;92;100;66;99;78
1674.0;337;344;221;224;212;191;71;77;91;91;99;64;104;74
1680.0;333;340;220;220;215;191;74;78;93;90;102;69;101;74
1686.0;337;337;217;215;218;191;76;72;90;95;97;72;100;83
1692.0;337;337;211;218;218;190;77;69;91;93;102;74;98;85
1698.0;336;339;216;217;219;193;79;73;92;91;102;69;93;81
1704.0;337;341;223;222;218;188;82;69;87;91;102;68;93;79
1710.0;339;345;225;222;218;186;86;73;89;86;95;64;94;78
1716.0;336;346;223;218;218;186;88;74;92;89;94;65;92;79
1722.0;337;344;218;222;218;185;85;78;92;91;89;71;93;77
1728.0;338;345;218;224;221;184;79;80;98;85;92;69;91;76
1734.0;337;348;217;227;220;185;83;81;94;82;92;71;88;75
1740.0;335;353;215;230;224;181;82;77;93;80;92;72;91;75
1746.0;337;351;217;224;225;182;89;72;89;83;93;74;92;72
1752.0;334;354;217;225;225;182;89;71;86;84;95;72;94;72
1758.0;332;352;221;218;226;185;90;70;89;89;100;67;95;66
1764.0;331;352;222;214;230;184;90;71;89;91;99;70;93;64
1770.0;330;351;220;218;230;184;89;73;90;94;97;68;91;65
1776.0;328;351;214;223;233;182;89;73;84;92;99;66;94;72
1782.0;331;352;213;226;233;177;92;73;83;91;98;70;89;72
1788.0;330;354;217;227;233;176;90;73;84;89;97;69;89;72
1794.0;330;356;216;229;233;177;87;73;81;91;96;69;90;72
1800.0;327;361;211;228;237;181;84;77;80;87;97;71;87;72
1806.0;324;367;206;229;235;186;84;76;82;88;94;72;82;75
1812.0;327;365;207;230;232;186;85;77;84;87;88;78;81;73
1818.0;326;364;209;231;232;188;87;79;80;85;87;79;80;73
1824.0;325;366;210;234;236;184;84;77;82;85;91;78;79;69
1830.0;328;366;212;230;235;184;85;77;79;87;93;77;79;68
1836.0;330;369;210;228;235;182;82;78;84;87;94;74;82;65
1842.0;332;371;209;224;232;181;80;79;86;91;89;77;83;66
1848.0;328;368;210;221;225;183;84;85;85;93;93;78;83;64
1854.0;330;369;211;221;222;181;86;85;89;94;90;78;79;65
1860.0;331;368;209;227;218;182;84;87;88;93;90;78;80;65
1866.0;331;373;203;224;216;181;87;88;84;91;93;83;76;70
1872.0;329;377;202;229;218;181;87;88;81;87;95;80;78;68
1878.0;332;374;203;226;220;179;85;91;83;89;88;79;81;70
1884.0;327;376;202;231;221;183;81;92;85;83;86;80;81;72
1890.0;327;377;203;233;223;186;80;91;83;77;86;82;79;73
1896.0;327;376;205;233;221;189;79;87;79;83;87;80;80;74
1902.0;324;377;204;238;215;190;82;83;82;85;84;80;79;77
1908.0;324;379;204;237;216;186;81;84;78;85;79;83;86;78
1914.0;325;373;203;241;218;185;80;79;78;86;84;88;85;75
1920.0;323;371;200;240;216;188;80;82;73;91;90;86;87;73
1926.0;319;369;202;244;214;192;80;82;79;88;89;85;86;71
1932.0;318;367;203;242;219;191;78;82;71;94;91;82;86;76
1938.0;318;360;203;242;221;189;78;82;68;96;94;87;86;76
1944.0;319;357;201;241;224;194;80;80;65;97;93;87;86;76
1950.0;317;353;201;235;229;198;84;77;68;98;93;87;83;77
1956.0;314;354;199;235;230;195;87;77;67;103;95;84;84;76
1962.0;316;358;198;234;226;192;90;80;68;103;92;82;83;78
1968.0;314;357;195;233;224;193;98;76;66;101;93;87;84;79
1974.0;312;357;195;233;223;194;96;76;70;98;91;88;88;79
