#auto generated file!
12.0;135;139;147;135;146;143;126;148;158;132;152;153;135;151
18.0;142;138;149;138;147;143;125;142;157;134;146;154;136;149
24.0;142;141;151;142;145;145;125;144;156;134;145;150;134;146
30.0;145;142;151;141;146;148;128;144;156;128;146;146;137;142
36.0;151;143;150;142;149;150;133;139;151;128;148;142;134;140
42.0;155;146;148;149;151;155;129;140;146;127;145;140;129;140
48.0;159;145;153;153;153;157;122;141;146;117;147;136;130;141
54.0;160;145;161;154;156;161;119;139;142;115;141;136;131;140
60.0;161;148;161;159;158;164;115;138;137;113;137;133;135;141
66.0;166;145;159;163;161;163;110;138;132;112;133;138;137;143
72.0;168;147;163;168;166;164;109;132;130;107;128;138;132;148
78.0;173;148;163;165;167;167;111;130;135;106;125;131;131;148
84.0;184;152;163;168;165;166;110;125;131;106;124;128;130;148
90.0;190;152;166;174;166;167;106;126;132;103;122;126;127;143
96.0;194;152;170;176;163;167;108;130;127;104;119;122;127;141
102.0;197;158;165;174;165;174;105;119;123;103;122;127;126;142
108.0;199;160;170;178;163;175;105;116;127;103;120;123;120;141
114.0;203;159;169;178;171;176;107;112;122;101;117;122;121;142
120.0;204;167;168;180;176;174;105;112;118;101;109;117;127;142
126.0;204;172;173;183;181;174;104;110;115;99;108;111;127;139
132.0;206;175;174;186;185;178;108;112;115;89;104;108;125;135
138.0;209;180;173;188;182;182;103;111;117;88;103;110;124;130
144.0;210;182;173;194;180;186;100;111;114;85;103;111;120;131
150.0;212;187;176;197;180;189;98;110;113;86;101;104;116;131
156.0;213;188;184;195;183;188;98;108;115;86;96;105;114;127
162.0;213;191;186;198;179;189;102;106;112;86;96;106;112;124
168.0;218;194;184;197;180;192;99;107;112;83;98;104;108;124
174.0;218;195;185;191;181;190;98;113;113;79;95;111;108;123
180.0;216;195;191;194;183;188;102;111;105;82;93;109;107;124
186.0;217;197;196;192;191;186;105;111;108;82;93;106;101;115
192.0;219;201;199;190;193;186;105;114;107;86;88;105;98;109
198.0;219;208;196;196;193;188;103;111;109;86;85;106;90;110
204.0;227;214;197;193;189;193;101;107;109;89;84;101;88;108
210.0;227;214;198;191;190;196;101;105;108;86;85;101;89;109
216.0;230;213;200;194;196;190;105;102;105;89;84;97;89;106
222.0;233;216;197;192;196;189;107;108;106;85;87;99;89;96
228.0;229;217;198;194;202;187;102;106;106;82;88;106;92;91
234.0;231;219;195;195;205;187;99;106;100;82;93;106;92;90
240.0;229;224;196;195;203;191;101;102;103;85;91;107;89;84
246.0;230;220;195;198;205;188;108;97;107;79;97;106;82;88
252.0;227;222;194;201;200;188;108;100;108;82;95;108;79;88
258.0;232;226;193;206;199;188;109;101;106;83;92;109;72;84
264.0;236;228;194;202;201;194;104;101;102;78;91;109;74;86
270.0;236;228;195;201;202;197;102;100;105;77;95;108;73;81
276.0;240;230;191;201;202;194;106;99;103;78;100;106;70;80
282.0;248;233;189;201;205;196;107;97;98;75;94;109;68;80
288.0;249;232;192;190;207;199;105;93;99;73;93;108;72;88
294.0;249;231;191;190;208;197;105;93;99;73;94;107;73;90
300.0;250;232;188;190;211;201;99;89;99;76;96;105;75;89
306.0;253;234;193;192;212;198;97;91;99;76;95;103;74;83
312.0;253;234;196;192;215;200;94;93;99;72;100;102;70;80
318.0;256;233;196;192;216;202;99;92;97;71;100;101;64;81
324.0;257;232;197;191;211;203;95;96;99;67;101;102;68;81
330.0;259;232;195;187;213;200;96;94;101;68;101;104;74;76
336.0;261;235;197;191;209;200;95;96;100;69;101;105;70;71
342.0;265;235;198;186;210;201;93;97;99;66;95;104;71;80
348.0;264;238;194;187;211;203;96;96;100;65;93;97;72;84
354.0;265;240;198;193;210;200;96;95;99;65;90;91;74;84
360.0;262;243;200;189;216;199;93;92;93;67;92;91;75;88
366.0;266;244;195;186;219;199;94;95;93;65;93;94;73;84
372.0;264;246;193;189;220;199;95;95;93;65;93;91;76;81
378.0;266;243;193;190;216;194;94;91;96;70;93;94;77;83
384.0;268;246;195;189;215;192;95;91;93;69;96;93;73;85
390.0;271;245;190;188;216;194;99;90;93;67;99;92;76;80
396.0;275;247;194;190;218;198;94;85;92;67;97;89;75;79
402.0;279;249;196;191;220;198;94;82;93;66;96;86;74;76
408.0;277;248;195;192;222;200;86;84;91;72;97;87;76;73
414.0;279;248;191;191;220;202;86;87;89;72;99;85;77;74
420.0;278;248;192;194;216;200;85;91;86;74;104;81;75;76
426.0;279;249;193;194;216;199;85;93;84;80;104;79;69;76
432.0;279;253;191;193;216;200;90;96;84;79;103;74;66;76
438.0;273;257;194;188;217;203;84;96;81;79;103;76;67;82
444.0;275;257;195;191;213;199;87;99;79;75;101;78;69;82
450.0;274;262;198;189;213;202;86;99;79;74;93;79;72;80
456.0;278;267;202;191;214;199;88;103;72;74;89;78;67;78
462.0;277;266;203;190;213;201;91;100;72;73;92;76;68;78
468.0;275;264;202;189;211;204;87;102;73;71;93;76;71;82
474.0;272;265;200;187;214;208;89;99;77;71;93;76;71;78
480.0;271;263;206;185;213;208;89;96;79;73;93;75;71;78
486.0;271;262;208;186;212;210;86;97;78;71;90;74;76;79
492.0;270;263;210;185;213;211;89;91;76;72;90;79;74;77
498.0;267;259;210;186;213;217;92;91;77;70;90;74;74;80
504.0;270;262;207;186;212;216;91;88;78;69;92;75;74;80
510.0;274;258;207;182;216;215;87;85;83;69;94;76;71;83
516.0;276;258;208;184;214;220;84;82;82;69;99;75;67;82
522.0;277;261;204;186;211;218;86;83;80;68;99;78;67;82
528.0;276;265;200;187;212;219;83;87;81;67;100;74;68;81
534.0;277;263;202;188;210;220;81;85;85;70;101;74;65;79
540.0;277;259;200;187;209;223;81;85;87;69;104;76;65;78
546.0;280;261;198;188;206;219;78;81;88;72;105;77;65;82
552.0;281;261;202;186;209;217;74;82;85;76;108;78;65;76
558.0;285;261;200;189;203;218;74;82;87;78;105;79;65;74
564.0;282;262;199;190;202;215;77;82;88;74;104;82;66;77
570.0;282;259;204;192;199;218;78;80;84;79;104;78;64;79
576.0;284;260;202;190;197;211;85;76;83;80;106;77;68;81
582.0;285;264;202;194;198;209;82;75;85;81;105;73;66;81
588.0;287;263;202;193;203;208;87;74;84;80;102;71;64;82
594.0;286;261;202;196;203;210;86;71;86;82;100;72;60;85
600.0;290;261;206;195;201;212;85;73;87;84;100;69;57;80
606.0;285;265;207;200;200;211;82;74;86;87;95;70;58;80
612.0;282;268;211;200;194;211;90;79;89;86;90;72;52;76
618.0;282;269;209;200;195;214;90;80;89;86;87;73;50;76
624.0;281;268;212;201;200;211;94;80;87;81;90;70;50;75
630.0;284;270;210;200;201;207;96;79;86;83;88;70;52;74
636.0;286;273;212;200;206;205;99;74;82;81;89;70;53;70
642.0;289;269;211;203;206;206;96;75;83;85;88;62;58;69
648.0;292;269;211;200;203;201;95;74;82;87;88;65;61;72
654.0;291;272;207;202;202;202;97;71;79;85;90;66;63;73
660.0;292;274;211;203;197;205;96;74;77;78;89;68;63;73
666.0;293;275;217;199;199;207;93;75;80;76;88;65;57;76
672.0;294;272;212;194;205;205;92;75;79;82;88;68;60;74
678.0;290;273;212;195;207;203;95;72;82;78;88;70;61;74
684.0;289;273;213;192;207;211;93;70;84;72;87;68;66;75
690.0;288;270;213;190;209;207;92;71;89;68;88;74;66;75
696.0;288;273;212;191;209;208;89;71;91;65;90;78;65;70
702.0;285;276;209;192;208;209;90;68;90;68;90;77;68;70
708.0;285;277;211;192;204;209;92;63;90;70;94;75;70;68
714.0;281;278;210;198;204;207;90;62;92;71;93;75;70;69
720.0;280;278;214;202;203;206;87;60;88;70;93;72;71;76
726.0;281;273;221;197;205;209;86;57;83;75;90;70;73;80
732.0;285;269;219;198;205;214;86;54;84;73;89;71;71;82
738.0;286;267;219;200;202;213;93;56;81;70;88;68;74;83
744.0;282;270;222;200;200;208;93;57;82;71;88;68;76;83
750.0;282;272;216;202;203;205;96;58;82;70;86;64;80;84
756.0;277;276;219;201;203;207;94;62;76;73;81;63;79;89
762.0;277;275;213;207;203;204;92;61;75;78;86;64;79;86
768.0;278;277;210;203;203;206;90;58;75;77;86;68;79;90
774.0;276;279;213;204;199;206;84;65;74;81;83;69;79;88
780.0;273;282;215;204;203;213;80;67;74;80;80;69;74;86
786.0;274;279;214;200;201;214;80;67;74;80;82;73;76;86
792.0;277;280;207;196;202;214;83;68;73;80;83;72;77;88
798.0;275;278;206;196;202;212;83;65;77;86;85;70;75;90
804.0;273;281;201;199;202;207;84;64;78;84;90;77;72;88
810.0;270;283;201;197;201;206;85;69;78;79;90;79;73;89
816.0;268;288;195;198;200;203;84;69;79;78;95;81;72;90
822.0;264;285;197;199;199;203;87;68;81;80;95;80;74;88
828.0;262;287;194;203;202;203;87;68;81;78;95;79;73;88
834.0;262;287;194;205;200;205;90;66;82;79;91;78;72;89
840.0;261;287;197;203;199;205;90;64;83;80;90;78;71;92
846.0;265;291;193;205;200;206;88;61;83;78;89;77;72;92
852.0;267;289;199;206;199;203;89;63;82;79;92;72;72;88
858.0;265;293;203;204;200;202;88;67;80;78;90;76;70;84
864.0;265;291;203;203;204;200;85;68;84;73;92;75;73;84
870.0;264;288;206;204;205;200;86;67;86;72;92;78;74;78
876.0;263;287;208;203;206;204;84;66;89;72;93;75;71;79
882.0;263;286;204;201;204;206;88;70;85;72;93;79;71;78
888.0;260;293;207;204;208;204;87;67;84;69;90;81;70;76
894.0;260;291;204;202;210;205;86;67;82;73;92;82;71;75
900.0;258;292;208;200;208;207;84;67;82;75;93;80;71;75
906.0;255;290;206;200;210;208;86;64;82;79;94;85;67;74
912.0;256;293;208;203;210;209;85;61;80;79;92;83;66;75
918.0;257;291;203;204;208;210;83;64;80;83;96;81;66;74
924.0;259;297;201;202;208;206;80;65;82;80;97;82;67;74
930.0;260;299;205;201;207;201;76;65;84;81;99;81;65;76
936.0;259;304;204;199;206;200;77;64;84;81;99;83;64;76
942.0;262;302;196;200;213;203;75;67;80;82;95;85;65;75
948.0;263;301;199;197;214;203;80;66;81;82;93;84;64;73
954.0;263;303;199;193;210;204;77;66;81;83;94;87;63;77
960.0;265;298;202;193;206;209;80;68;77;85;88;90;64;75
966.0;266;298;207;188;208;208;82;64;80;83;91;87;62;76
972.0;269;301;206;188;214;204;79;62;76;85;94;83;63;76
978.0;266;301;204;193;214;206;80;61;75;86;94;79;61;80
984.0;270;299;203;194;215;204;74;60;74;87;94;82;62;82
990.0;273;301;205;187;216;202;75;61;75;86;98;83;61;77
996.0;274;299;208;193;214;200;75;61;75;85;95;79;61;81
1002.0;273;297;208;190;213;204;71;63;72;81;103;80;62;83
1008.0;270;299;208;191;209;204;76;62;72;81;101;81;63;83
1014.0;273;299;209;195;207;206;77;60;72;81;99;85;58;79
1020.0;277;302;205;194;204;210;73;61;72;83;93;86;64;76
1026.0;276;302;209;194;207;206;73;58;70;84;91;94;61;75
1032.0;273;301;201;193;205;207;73;61;77;81;90;94;65;79
1038.0;275;306;200;188;205;206;74;62;78;80;90;95;64;77
1044.0;277;315;199;187;204;207;70;59;77;82;89;92;64;78
1050.0;275;317;202;191;203;205;66;60;78;83;88;93;60;79
1056.0;277;314;198;190;203;206;65;63;78;79;85;95;65;82
1062.0;277;315;198;194;202;204;65;59;78;83;81;94;66;84
1068.0;277;318;197;196;203;199;65;56;77;77;84;93;69;89
1074.0;281;319;199;192;202;206;67;57;78;75;81;90;66;87
1080.0;282;321;197;186;205;208;69;55;82;76;79;85;69;86
1086.0;286;317;199;184;207;211;69;54;83;73;79;81;73;84
1092.0;285;316;197;186;202;212;69;56;83;77;78;78;77;84
1098.0;284;317;196;187;199;212;71;55;78;79;81;80;79;82
1104.0;286;321;194;184;199;209;75;54;80;83;85;76;76;78
1110.0;287;318;194;185;196;207;74;58;79;82;91;72;78;79
1116.0;292;316;190;187;191;204;75;59;78;83;88;76;79;82
1122.0;295;317;191;185;191;200;77;60;74;82;87;78;81;82
1128.0;294;311;190;186;185;201;76;63;76;82;92;77;84;83
1134.0;295;313;192;178;184;198;77;66;77;79;93;79;84;85
1140.0;295;313;194;177;186;195;80;63;76;79;90;78;85;89
1146.0;295;307;194;179;189;195;78;66;73;79;95;75;86;89
1152.0;295;307;195;185;189;193;82;65;72;77;88;77;84;91
1158.0;299;305;193;186;191;191;86;62;75;73;86;77;84;92
1164.0;299;307;194;186;192;186;86;62;76;75;84;79;85;89
1170.0;300;306;197;182;194;182;92;60;73;77;81;76;90;90
1176.0;302;303;199;177;196;184;93;61;70;77;85;78;89;86
1182.0;305;301;202;175;203;184;90;57;70;80;82;73;94;84
1188.0;304;304;196;178;207;181;85;62;70;80;81;73;94;85
1194.0;308;300;196;181;206;186;80;69;70;78;77;74;94;81
1200.0;310;304;197;184;211;185;81;65;69;77;72;70;93;82
1206.0;314;305;200;182;210;186;78;63;67;79;71;71;91;83
1212.0;314;306;204;180;210;186;75;66;68;78;73;72;87;81
1218.0;315;304;205;183;214;188;71;63;72;83;71;71;88;72
1224.0;314;303;206;182;217;190;71;64;74;85;69;65;90;70
1230.0;315;301;208;185;217;186;69;63;75;87;69;65;92;68
1236.0;316;298;209;187;217;187;72;66;75;80;72;65;88;68
1242.0;319;300;208;182;221;187;71;64;78;80;72;68;84;66
1248.0;322;297;211;180;220;185;72;64;73;78;76;68;89;65
1254.0;326;297;205;183;221;187;73;64;74;76;73;70;86;65
1260.0;330;296;203;185;218;186;72;64;72;80;71;76;85;62
1266.0;332;290;205;184;214;186;76;71;74;80;71;76;81;60
1272.0;334;289;206;183;217;186;77;70;74;74;68;78;81;63
1278.0;337;289;204;184;218;184;76;69;73;71;70;79;82;64
1284.0;341;288;208;183;215;186;78;67;71;70;68;84;79;62
1290.0;338;283;207;184;219;186;78;73;70;70;65;86;79;62
1296.0;340;285;206;186;219;187;70;75;70;70;65;87;78;62
1302.0;340;283;200;186;221;186;68;74;71;78;62;86;80;65
1308.0;336;282;199;184;221;183;72;75;71;76;69;87;77;68
1314.0;337;282;198;184;222;183;71;73;73;72;72;90;75;68
1320.0;343;278;198;181;223;181;70;72;78;68;75;91;74;68
1326.0;345;279;192;182;220;185;71;70;81;70;72;91;75;67
1332.0;342;277;195;179;224;184;69;73;77;73;67;93;78;69
1338.0;341;277;194;180;217;185;70;76;83;75;69;89;78;66
1344.0;343;277;192;179;216;184;71;77;83;74;67;89;79;69
1350.0;343;276;195;178;213;184;66;81;82;80;64;89;76;73
1356.0;341;274;195;186;211;190;67;81;80;78;62;85;77;73
1362.0;335;278;195;187;208;188;71;84;82;77;60;84;76;75
1368.0;337;280;191;187;208;191;69;77;84;80;61;81;79;75
1374.0;341;282;187;187;205;190;72;76;82;83;65;81;78;71
1380.0;344;283;185;192;204;192;69;77;87;78;66;79;74;70
1386.0;346;282;185;194;202;195;69;78;91;76;66;77;70;69
1392.0;347;278;183;201;202;196;73;78;92;74;67;76;63;70
1398.0;349;279;182;203;196;195;74;81;89;72;68;75;64;73
1404.0;347;279;183;203;198;198;72;81;90;74;69;73;61;72
1410.0;347;277;182;203;198;201;73;81;86;78;66;72;63;73
1416.0;345;278;184;196;198;196;76;89;88;80;65;70;66;69
1422.0;342;277;178;193;198;190;82;90;89;87;66;70;73;65
1428.0;341;275;182;190;198;192;80;93;82;87;65;70;72;73
1434.0;339;277;183;194;195;192;82;91;82;87;67;71;69;71
1440.0;338;281;184;193;196;190;77;91;82;88;67;73;70;70
1446.0;341;280;182;196;195;190;80;90;81;86;68;73;70;68
1452.0;344;285;180;194;191;186;78;89;79;86;69;75;72;72
1458.0;346;283;184;191;192;185;82;90;76;85;69;69;75;73
1464.0;343;285;185;192;193;187;83;90;79;83;65;66;74;75
1470.0;342;288;183;190;197;187;79;83;81;83;65;69;76;77
1476.0;343;289;183;191;198;188;74;86;77;80;68;67;76;80
1482.0;353;282;183;192;200;190;78;87;76;78;66;70;70;75
1488.0;354;283;181;189;198;191;76;81;76;81;65;77;72;76
1494.0;349;282;183;193;199;195;71;82;74;84;65;74;71;78
1500.0;349;282;180;197;198;195;69;82;73;87;66;71;77;74
1506.0;346;282;176;197;195;199;73;86;72;86;66;72;74;76
1512.0;344;285;179;198;195;197;72;82;71;92;69;70;75;71
1518.0;347;285;177;202;195;198;69;81;73;90;69;71;74;69
1524.0;345;288;181;202;195;200;64;79;73;90;68;73;75;67
1530.0;343;290;180;201;195;196;64;78;79;89;72;71;73;69
1536.0;343;289;181;200;196;195;63;77;84;88;74;71;71;68
1542.0;339;288;180;202;195;195;71;78;86;90;75;68;67;66
1548.0;334;288;176;208;192;194;72;82;86;93;70;64;70;71
1554.0;334;289;174;211;191;192;78;81;84;94;70;62;71;69
1560.0;331;293;176;206;188;195;80;80;87;91;71;62;69;71
1566.0;334;291;179;208;190;194;77;86;85;82;71;61;73;69
1572.0;336;293;182;205;188;197;74;86;82;77;72;63;74;71
1578.0;337;296;180;205;186;197;74;85;82;78;70;66;70;74
1584.0;331;296;180;204;190;193;73;85;88;77;71;67;67;78
1590.0;328;293;179;201;191;197;75;84;88;78;70;66;71;79
1596.0;326;294;181;202;192;197;76;84;86;78;71;63;69;81
1602.0;322;293;181;200;192;197;77;85;82;80;73;63;72;83
1608.0;323;291;182;200;194;198;74;85;81;82;75;61;71;83
1614.0;326;293;178;200;191;206;73;80;80;79;74;64;69;87
1620.0;328;292;178;200;188;207;69;80;78;77;78;71;66;88
1626.0;330;291;180;199;191;202;68;79;82;78;79;69;65;87
1632.0;327;290;178;201;190;201;67;80;85;78;78;67;67;91
1638.0;326;290;180;202;190;201;68;79;81;80;78;68;70;87
1644.0;321;293;183;200;186;200;68;83;76;82;78;66;74;90
1650.0;322;295;184;194;186;198;68;82;78;79;84;65;74;91
1656.0;320;298;184;197;184;200;70;80;78;83;83;63;72;88
1662.0;317;300;182;196;182;198;70;83;77;83;86;69;70;87
1668.0;312;305;176;203;179;196;71;83;79;82;86;70;69;89
1674.0;312;304;184;205;183;191;69;79;81;85;83;68;70;86
1680.0;313;294;192;206;181;193;67;80;81;88;80;66;74;85
1686.0;315;290;191;208;181;192;68;77;80;89;82;62;80;85
1692.0;312;295;190;210;179;194;69;73;84;89;79;66;80;80
1698.0;310;290;190;208;184;193;72;74;86;87;79;67;78;82
1704.0;310;289;189;205;185;188;73;79;87;85;74;72;81;83
1710.0;309;286;193;205;179;182;77;81;88;86;74;76;83;81
1716.0;311;284;196;208;182;176;78;81;84;83;75;77;82;83
1722.0;309;284;195;209;181;179;76;84;85;81;78;75;85;79
1728.0;307;281;195;209;183;178;75;84;80;88;83;74;84;79
1734.0;309;289;195;206;181;178;75;83;82;84;83;75;83;77
1740.0;311;292;195;204;183;176;81;83;77;86;81;76;78;77
1746.0;310;294;192;200;183;176;83;84;72;93;81;75;80;77
1752.0;312;295;193;201;185;175;82;83;73;96;79;71;81;74
1758.0;312;298;194;209;177;176;80;84;70;94;77;74;82;73
1764.0;315;297;196;212;179;176;78;82;69;96;81;69;79;71
1770.0;315;297;198;212;178;174;85;80;70;91;80;71;78;71
1776.0;318;297;196;211;176;172;86;80;68;90;76;71;85;74
1782.0;322;296;197;208;174;175;83;78;68;88;78;73;87;73
1788.0;322;299;199;212;167;173;86;74;66;86;79;72;92;73
1794.0;326;298;202;212;165;172;89;72;66;84;78;72;94;70
1800.0;329;295;203;215;169;171;88;76;65;80;81;69;91;68
1806.0;331;299;205;214;168;167;88;78;67;77;82;65;91;68
1812.0;328;305;205;215;172;167;87;81;69;76;75;67;84;69
1818.0;330;303;203;208;175;167;87;77;68;78;82;71;81;70
1824.0;329;301;204;207;175;163;87;76;71;78;83;76;81;69
1830.0;324;302;202;211;176;159;87;77;74;75;85;77;80;71
1836.0;330;306;201;214;178;155;87;74;76;75;78;77;79;70
1842.0;329;307;201;216;179;155;84;73;77;75;77;77;80;70
1848.0;328;310;201;210;179;161;80;67;77;74;75;79;84;75
1854.0;328;300;202;213;175;163;80;67;77;74;76;80;86;79
1860.0;327;301;200;211;177;165;80;66;79;76;78;78;85;77
1866.0;326;302;198;215;174;163;78;72;82;75;77;79;84;75
1872.0;330;306;199;212;169;161;79;74;84;74;77;79;79;77
1878.0;334;304;198;214;170;162;78;75;80;73;72;82;78;80
1884.0;330;305;201;214;170;160;80;81;76;69;74;79;79;82
1890.0;331;308;196;211;171;166;78;83;77;64;74;78;83;80
1896.0;333;308;197;212;170;166;77;81;81;63;75;77;82;78
1902.0;331;306;197;212;174;167;76;83;80;61;78;78;82;75
1908.0;330;305;197;212;175;171;79;83;79;60;75;78;82;74
1914.0;334;301;193;213;174;170;85;85;82;60;69;76;82;76
1920.0;333;302;193;210;174;173;85;85;81;59;72;77;79;77
1926.0;336;299;193;207;174;178;90;82;80;58;72;74;78;79
1932.0;336;301;194;207;171;177;91;84;77;56;76;74;77;79
1938.0;334;301;194;207;169;179;89;86;76;53;80;77;74;81
1944.0;334;303;195;206;170;175;86;88;74;58;80;78;75;78
1950.0;333;303;196;204;172;178;82;93;76;56;80;77;73;77
1956.0;327;303;196;205;176;177;83;92;80;55;79;77;75;75
1962.0;331;301;196;203;176;176;83;90;78;57;79;76;76;78
1968.0;333;299;202;205;178;173;80;91;77;56;76;78;75;77
1974.0;337;300;200;198;179;175;76;95;77;55;79;78;72;79
