#auto generated file!
12.0;133;106;88;114;117;138;108;118;115;106;129;102;100;126
18.0;131;106;92;119;120;142;106;115;110;107;123;98;104;127
24.0;133;111;94;127;124;145;103;114;107;107;117;95;104;119
30.0;136;111;99;126;129;145;101;116;107;100;116;92;103;119
36.0;143;113;100;125;133;154;95;110;107;104;111;88;101;116
42.0;143;115;101;130;131;157;98;110;106;104;108;88;96;113
48.0;148;119;105;130;131;156;96;110;104;102;105;83;94;117
54.0;150;117;103;129;137;157;95;110;102;104;103;79;96;118
60.0;159;120;101;130;137;156;98;110;97;103;104;81;93;111
66.0;158;126;104;129;139;157;98;110;95;100;100;82;94;108
72.0;159;130;108;129;141;160;100;108;92;99;99;81;91;103
78.0;160;134;109;131;146;159;100;104;93;91;95;80;91;107
84.0;161;134;110;131;151;156;100;101;94;88;96;77;98;103
90.0;162;135;112;131;155;159;99;96;90;85;95;77;97;107
96.0;169;138;111;135;155;155;99;95;91;83;93;75;95;106
102.0;168;139;112;134;153;158;98;91;92;89;88;76;96;106
108.0;173;143;112;133;155;158;94;87;89;88;87;83;98;100
114.0;177;150;114;132;157;156;92;86;87;81;85;85;96;102
120.0;178;152;117;133;159;155;88;84;86;87;86;82;89;104
126.0;179;153;116;129;158;157;87;85;86;91;79;86;91;103
132.0;182;155;120;133;163;151;89;80;85;88;77;85;93;99
138.0;183;161;118;133;170;152;90;79;82;89;81;82;89;91
144.0;186;160;118;132;170;152;88;81;80;91;82;79;89;92
150.0;184;161;121;136;167;152;86;86;81;92;78;77;88;91
156.0;188;162;124;136;166;145;88;88;77;97;78;82;81;88
162.0;188;160;122;133;167;147;92;86;79;97;78;80;81;90
168.0;193;160;124;128;167;149;90;87;79;97;81;78;79;88
174.0;197;160;125;131;166;147;91;93;75;97;80;75;76;87
180.0;199;164;127;126;163;149;92;92;74;98;79;71;79;87
186.0;200;162;129;132;167;151;91;89;74;96;80;67;76;86
192.0;200;161;128;135;163;149;93;89;75;99;79;64;79;86
198.0;197;162;131;137;163;150;91;92;75;99;80;64;75;84
204.0;201;160;132;136;159;148;93;89;79;96;77;64;76;90
210.0;201;163;137;137;158;148;92;90;76;95;77;62;78;86
216.0;201;168;139;141;160;150;90;85;74;94;78;61;76;83
222.0;202;163;143;143;159;149;84;88;73;91;78;64;80;83
228.0;200;168;142;142;159;149;87;83;76;95;77;64;78;80
234.0;198;174;145;144;159;151;86;81;80;94;76;60;72;80
240.0;203;175;146;141;162;150;85;81;76;93;83;58;69;78
246.0;205;177;145;143;156;152;91;75;75;93;80;58;68;82
252.0;204;182;144;145;155;151;89;77;77;95;80;57;64;80
258.0;203;182;140;147;153;150;89;76;76;93;83;61;69;78
264.0;202;184;138;155;151;152;87;81;75;89;80;63;66;77
270.0;201;187;139;159;150;148;85;82;77;87;80;64;65;76
276.0;197;189;143;158;152;150;85;79;78;89;79;63;63;75
282.0;197;190;145;156;153;153;83;74;78;88;80;66;65;72
288.0;200;192;146;155;151;153;82;79;77;84;81;67;61;72
294.0;204;187;149;153;152;156;85;76;76;86;76;65;62;73
300.0;209;188;149;155;155;156;85;73;76;85;76;62;62;69
306.0;208;186;151;155;155;158;81;71;80;86;77;61;61;70
312.0;211;188;149;158;153;154;83;67;83;81;77;62;66;68
318.0;211;188;150;159;153;159;81;64;81;78;77;62;66;71
324.0;212;192;147;157;154;161;83;62;83;72;74;67;68;68
330.0;215;194;145;157;153;158;81;57;87;72;76;67;68;70
336.0;210;195;145;158;155;160;81;51;87;71;74;69;74;70
342.0;206;197;147;159;158;159;82;53;83;72;76;68;72;68
348.0;205;193;152;163;161;156;82;55;81;72;73;68;71;68
354.0;204;194;150;166;162;157;77;59;75;71;76;71;71;67
360.0;205;199;151;162;163;160;72;57;77;71;75;74;66;68
366.0;209;203;154;157;161;160;70;60;79;68;74;71;65;69
372.0;212;208;152;158;165;161;67;59;80;70;73;69;64;62
378.0;211;206;152;157;165;156;71;60;82;71;74;64;67;64
384.0;213;207;152;155;168;155;72;59;84;69;72;62;66;66
390.0;215;208;153;152;169;160;70;59;84;66;70;64;63;67
396.0;216;210;154;151;172;164;69;55;81;63;69;66;65;65
402.0;218;211;155;158;170;167;68;51;80;62;66;66;66;62
408.0;219;209;151;157;173;170;67;50;80;66;65;65;67;61
414.0;218;213;149;158;171;168;64;50;80;65;67;67;67;63
420.0;220;215;144;160;173;167;74;49;78;63;61;69;65;62
426.0;218;216;139;159;175;171;71;52;76;67;60;68;65;63
432.0;217;213;141;163;171;171;71;54;75;65;59;73;66;61
438.0;216;213;140;162;173;166;70;55;76;64;62;74;66;63
444.0;217;214;138;160;174;169;70;54;79;63;63;73;64;62
450.0;217;216;142;157;172;169;68;56;77;64;64;72;64;62
456.0;217;216;145;160;173;170;67;60;76;62;63;66;61;64
462.0;217;217;143;165;171;167;69;58;75;59;62;67;64;66
468.0;218;214;146;167;167;163;67;56;81;62;68;66;61;64
474.0;219;218;144;168;168;162;67;58;75;64;68;66;61;62
480.0;220;217;141;169;169;163;67;57;74;64;69;68;60;62
486.0;219;213;143;167;169;162;69;60;72;66;70;68;58;64
492.0;217;214;145;169;166;158;69;59;69;72;69;71;58;64
498.0;215;216;145;172;168;159;69;57;69;71;68;69;56;66
504.0;214;219;142;174;165;161;71;57;71;70;70;64;58;64
510.0;218;220;141;176;165;161;70;60;72;67;68;64;58;60
516.0;220;222;134;175;165;159;70;61;71;70;69;60;60;64
522.0;220;222;136;178;168;160;71;58;69;68;70;58;56;66
528.0;220;218;138;180;165;159;72;62;67;70;69;54;60;66
534.0;222;219;136;179;164;156;74;60;67;70;70;57;58;68
540.0;223;217;137;181;162;152;77;63;66;76;69;58;56;63
546.0;223;216;140;176;164;152;78;65;67;77;70;55;56;61
552.0;227;214;139;178;167;154;81;61;61;76;70;55;53;64
558.0;228;214;139;175;164;155;84;65;61;73;70;55;54;63
564.0;225;215;139;174;162;159;83;65;63;73;71;55;53;63
570.0;228;216;139;172;161;158;80;68;63;75;68;56;52;64
576.0;227;215;141;171;162;158;76;68;60;75;69;60;54;64
582.0;226;212;142;169;163;159;77;67;58;73;72;63;55;64
588.0;227;210;148;170;162;158;73;68;58;71;73;63;57;62
594.0;227;209;147;167;163;156;76;68;61;71;70;63;59;63
600.0;229;208;145;169;160;158;74;73;59;68;71;62;59;65
606.0;232;208;147;168;159;157;77;69;59;66;70;62;60;66
612.0;233;206;146;165;162;154;76;71;59;70;69;61;63;65
618.0;232;206;145;166;164;152;76;73;61;71;68;64;63;59
624.0;233;207;147;168;164;155;77;73;56;73;68;66;56;57
630.0;231;209;146;169;163;154;68;80;57;76;67;63;58;59
636.0;228;213;147;173;164;154;69;79;61;73;65;62;57;55
642.0;230;215;145;172;167;154;68;75;61;74;66;62;56;55
648.0;227;215;147;168;167;154;70;71;64;72;69;62;60;54
654.0;229;216;150;168;169;158;69;69;62;70;65;57;63;55
660.0;227;216;153;166;169;159;72;70;61;67;64;58;61;57
666.0;229;216;155;164;171;159;71;69;62;61;64;58;65;56
672.0;226;220;155;161;174;158;69;69;61;64;61;60;67;55
678.0;226;225;159;163;178;158;69;64;62;60;61;58;65;52
684.0;230;229;158;165;176;152;71;63;59;60;60;60;66;51
690.0;233;228;155;166;174;152;70;65;58;60;59;65;66;49
696.0;233;228;155;163;176;155;72;60;56;65;57;65;66;49
702.0;235;229;154;161;174;159;70;62;55;68;51;65;63;54
708.0;237;227;153;160;174;159;76;60;54;68;48;66;64;54
714.0;234;228;154;154;174;157;74;58;55;67;51;71;66;57
720.0;237;230;148;152;168;157;75;60;60;66;53;70;67;57
726.0;237;234;151;154;167;156;75;61;60;64;52;71;62;56
732.0;238;232;149;156;169;154;77;60;61;66;47;70;64;57
738.0;234;232;151;156;172;155;77;61;55;64;54;73;59;57
744.0;237;236;148;162;169;155;78;61;55;56;56;76;59;52
750.0;239;234;146;162;164;163;77;61;49;56;56;77;62;54
756.0;239;233;143;168;163;162;78;61;44;53;56;76;66;58
762.0;243;232;147;169;160;160;75;64;45;54;56;77;64;54
768.0;245;235;148;170;153;159;75;68;47;53;55;76;64;52
774.0;248;232;145;170;155;159;73;70;49;55;55;76;61;52
780.0;247;231;144;172;156;156;74;70;52;59;56;72;62;49
786.0;245;233;138;172;160;155;72;75;53;59;56;72;60;50
792.0;244;234;140;173;155;154;69;75;57;61;55;72;59;52
798.0;241;234;141;173;155;155;73;77;54;62;55;66;59;55
804.0;240;236;145;172;152;156;73;75;55;59;59;64;62;52
810.0;243;235;144;167;153;156;66;74;58;59;59;65;66;55
816.0;246;236;146;165;155;159;65;73;56;55;58;63;66;57
822.0;249;235;142;164;156;161;61;68;57;61;56;65;66;59
828.0;249;238;139;159;155;162;63;68;57;65;53;65;67;60
834.0;249;235;141;157;153;161;60;69;57;68;57;63;70;60
840.0;249;235;142;157;152;161;61;74;56;68;57;66;65;57
846.0;249;235;138;159;147;163;64;70;55;66;55;73;64;62
852.0;248;235;137;164;146;163;64;67;55;67;56;71;66;61
858.0;249;235;138;163;149;162;62;70;52;66;51;72;66;65
864.0;245;239;141;163;148;160;60;67;55;69;52;73;64;64
870.0;245;240;138;163;147;159;65;74;56;67;49;73;62;62
876.0;246;238;137;167;146;157;65;70;54;67;54;77;63;59
882.0;242;239;137;170;147;156;67;65;54;70;54;73;66;60
888.0;243;243;135;171;151;156;65;66;55;67;55;71;64;58
894.0;243;241;134;166;151;157;66;64;58;67;59;69;66;59
900.0;245;243;134;165;153;154;62;67;59;67;58;71;65;57
906.0;245;242;136;164;154;159;63;64;55;66;58;73;63;58
912.0;247;242;134;160;153;161;63;60;53;69;60;74;66;58
918.0;245;245;136;160;156;162;60;63;51;68;56;78;66;54
924.0;245;244;136;162;158;162;57;62;46;72;61;79;61;55
930.0;248;246;137;163;160;159;59;62;44;69;63;74;65;51
936.0;246;245;139;163;160;161;61;63;46;67;62;73;64;50
942.0;249;241;136;165;158;163;64;63;45;69;58;74;65;50
948.0;249;236;137;168;158;165;63;62;44;67;61;71;68;51
954.0;247;236;136;164;160;167;65;61;49;63;61;70;69;52
960.0;246;235;135;163;161;167;62;61;52;66;55;75;68;54
966.0;246;235;135;162;166;164;59;60;53;67;55;71;69;58
972.0;246;231;135;161;169;164;58;62;54;70;56;72;68;54
978.0;248;228;136;162;162;165;58;58;58;69;60;74;66;56
984.0;253;228;137;158;161;163;58;59;60;72;62;69;68;52
990.0;248;232;139;157;161;163;56;57;60;70;64;70;71;52
996.0;246;234;143;157;160;165;56;58;60;71;62;69;69;50
1002.0;247;235;142;157;159;165;55;63;59;73;57;69;69;50
1008.0;246;237;146;154;162;162;54;59;58;75;55;70;69;53
1014.0;246;239;151;156;165;157;50;58;62;77;50;66;71;52
1020.0;249;237;150;158;167;156;51;59;60;72;47;70;72;52
1026.0;250;236;148;154;165;162;53;61;61;70;45;69;71;55
1032.0;251;236;145;154;164;159;54;61;65;74;46;70;68;53
1038.0;254;237;145;153;165;160;50;60;64;75;44;71;65;57
1044.0;256;237;145;155;166;153;47;60;62;79;44;71;64;61
1050.0;257;238;143;152;167;155;45;63;60;79;48;71;64;58
1056.0;257;239;145;154;165;156;46;65;60;79;42;72;61;59
1062.0;258;238;144;154;165;155;47;60;65;80;39;75;64;56
1068.0;258;232;145;158;169;159;47;55;62;79;38;76;66;56
1074.0;263;228;149;158;167;160;46;54;63;79;35;72;71;55
1080.0;263;229;147;157;166;161;50;54;60;83;35;71;69;55
1086.0;264;231;146;156;164;160;50;55;60;82;37;69;68;58
1092.0;264;233;147;159;160;164;48;55;61;77;38;72;69;53
1098.0;263;237;148;157;159;161;49;58;61;74;42;67;66;58
1104.0;265;240;146;157;155;163;49;58;59;71;43;66;65;63
1110.0;266;238;150;159;154;161;48;61;58;67;46;65;65;62
1116.0;265;239;147;161;156;159;48;59;55;68;49;66;66;62
1122.0;263;242;146;162;154;157;49;60;54;68;49;68;65;63
1128.0;267;241;151;161;153;154;55;58;52;66;48;68;63;63
1134.0;267;238;154;164;151;151;55;61;52;66;54;66;64;57
1140.0;270;237;151;166;149;149;54;59;59;66;54;65;65;56
1146.0;269;241;152;165;148;150;53;58;54;66;54;68;66;56
1152.0;270;240;148;162;149;154;54;61;50;67;52;66;68;59
1158.0;269;243;145;162;150;156;56;56;47;67;52;68;68;61
1164.0;273;242;143;159;148;157;58;55;45;64;55;73;67;61
1170.0;273;240;146;162;145;156;55;58;47;61;56;73;69;59
1176.0;271;244;149;164;142;157;55;55;52;59;55;67;74;56
1182.0;270;245;151;166;137;156;53;57;49;57;54;67;77;61
1188.0;273;242;149;164;135;152;57;55;53;59;55;65;79;62
1194.0;267;240;152;165;136;150;59;50;53;60;57;67;78;66
1200.0;271;240;149;169;133;148;66;45;49;59;60;65;79;67
1206.0;275;240;150;166;135;153;65;39;52;58;61;62;79;65
1212.0;277;243;146;168;136;153;66;37;49;57;60;60;79;69
1218.0;277;241;150;167;134;152;70;38;50;56;63;60;75;67
1224.0;282;242;151;162;133;150;67;38;48;56;64;62;79;66
1230.0;280;245;147;163;127;152;69;39;49;59;65;59;81;65
1236.0;284;247;149;160;124;153;71;38;54;58;63;57;80;62
1242.0;283;245;149;161;126;153;71;42;53;55;65;55;81;61
1248.0;285;243;150;161;130;154;66;46;51;53;68;55;77;61
1254.0;285;245;152;160;131;155;68;46;52;49;64;55;77;61
1260.0;283;246;152;158;129;155;65;46;56;51;65;55;76;63
1266.0;282;245;150;159;135;155;64;46;58;50;63;58;74;61
1272.0;277;243;154;160;138;155;63;44;57;51;63;61;74;60
1278.0;278;245;157;161;137;154;62;41;61;50;61;57;73;63
1284.0;276;244;161;162;137;156;63;40;61;50;59;59;69;63
1290.0;277;245;157;160;136;154;64;45;55;51;57;58;68;73
1296.0;276;244;155;157;134;157;60;51;50;49;58;60;70;79
1302.0;274;244;152;154;129;157;60;54;50;51;64;62;69;80
1308.0;273;246;148;153;132;155;59;51;54;50;64;62;70;83
1314.0;266;249;147;151;135;154;60;53;56;47;65;65;71;81
1320.0;264;247;142;153;138;155;67;51;60;46;61;65;71;80
1326.0;268;247;142;148;141;157;65;51;58;48;59;63;72;81
1332.0;272;246;140;149;143;155;65;51;58;48;63;63;68;79
1338.0;270;248;138;150;143;156;64;50;59;50;64;59;70;79
1344.0;272;249;134;151;147;158;65;50;60;50;63;54;70;77
1350.0;273;247;132;150;148;160;60;52;59;55;64;56;68;76
1356.0;270;243;132;152;145;161;62;54;59;56;62;56;68;80
1362.0;272;245;133;151;145;163;60;50;58;60;65;55;67;76
1368.0;272;248;136;153;140;157;61;52;56;60;70;55;66;74
1374.0;270;250;139;153;140;159;59;53;56;62;69;54;65;71
1380.0;265;252;139;158;138;158;60;54;59;62;71;48;66;70
1386.0;268;252;138;159;139;155;65;53;58;61;65;49;64;74
1392.0;273;253;135;161;141;155;60;50;56;61;62;52;65;76
1398.0;276;253;137;160;137;155;63;49;61;58;57;53;64;77
1404.0;280;252;135;157;135;158;65;52;57;58;58;51;65;77
1410.0;279;246;135;162;135;159;64;53;56;61;52;55;65;78
1416.0;281;246;133;165;135;160;63;54;51;61;53;57;63;78
1422.0;285;246;137;166;133;154;62;53;53;60;53;60;62;76
1428.0;283;246;138;165;127;153;65;56;54;66;52;60;60;75
1434.0;282;242;143;166;129;152;65;52;52;69;54;60;58;76
1440.0;284;242;146;166;127;155;66;52;50;66;54;63;56;73
1446.0;282;242;145;169;127;158;65;54;49;70;56;58;53;72
1452.0;285;240;145;170;128;158;65;53;48;66;56;61;53;72
1458.0;286;240;145;165;127;158;66;53;47;69;57;63;52;72
1464.0;289;240;145;164;127;159;65;53;46;66;56;62;54;74
1470.0;288;239;148;160;124;159;63;55;47;69;54;63;55;76
1476.0;285;242;148;161;121;156;65;58;49;68;54;63;54;76
1482.0;290;241;149;160;120;153;63;57;51;69;52;64;54;77
1488.0;285;234;151;160;122;153;64;61;52;65;52;67;56;78
1494.0;280;238;148;158;122;154;64;62;55;67;53;71;49;79
1500.0;278;240;148;159;124;150;63;63;53;65;55;77;50;75
1506.0;279;243;151;158;124;147;61;65;54;62;56;75;49;76
1512.0;279;241;153;157;119;148;62;63;54;60;59;73;54;78
1518.0;280;242;152;159;117;148;60;62;52;57;64;67;61;79
1524.0;287;242;150;157;119;146;60;62;54;56;63;66;60;78
1530.0;285;240;148;154;120;147;62;62;57;59;62;66;58;80
1536.0;285;240;150;151;118;144;61;65;59;60;60;68;56;83
1542.0;284;242;149;148;120;143;63;59;62;58;58;70;55;89
1548.0;281;247;147;148;120;145;64;57;61;59;59;68;55;89
1554.0;280;249;145;149;124;144;61;60;57;56;58;69;57;91
1560.0;279;251;144;151;124;144;61;59;56;60;57;66;57;91
1566.0;281;255;143;152;124;144;59;59;56;57;56;65;57;92
1572.0;277;254;145;154;125;144;61;56;56;55;57;63;60;93
1578.0;277;257;147;154;123;142;59;58;56;55;61;62;61;88
1584.0;277;257;144;158;123;140;55;62;60;54;62;60;59;89
1590.0;274;260;143;160;122;141;53;68;61;53;63;59;59;84
1596.0;275;259;146;156;121;143;49;66;60;54;68;60;61;82
1602.0;271;257;144;158;125;142;49;67;59;52;71;60;60;85
1608.0;271;261;142;157;124;141;52;65;61;59;67;63;58;79
1614.0;266;258;145;159;121;145;51;66;60;63;67;67;58;74
1620.0;266;263;146;162;121;143;51;64;60;66;65;67;55;71
1626.0;265;267;144;165;118;143;51;65;56;65;65;68;57;71
1632.0;267;266;143;160;120;145;53;67;55;69;65;68;56;66
1638.0;263;267;144;160;118;146;54;68;53;69;68;67;57;66
1644.0;262;267;143;163;120;145;52;69;51;71;69;67;54;67
1650.0;261;268;146;162;121;147;50;67;54;75;69;66;55;59
1656.0;260;270;146;164;122;146;49;64;53;75;71;66;57;57
1662.0;262;269;146;165;124;143;50;62;61;74;70;60;55;59
1668.0;261;273;142;164;122;145;52;61;64;73;69;60;58;56
1674.0;263;277;140;164;123;142;51;66;63;71;66;58;62;54
1680.0;265;277;145;160;123;142;49;64;65;73;64;55;64;54
1686.0;264;276;145;156;124;139;47;65;64;75;65;58;66;56
1692.0;265;273;150;154;126;139;51;61;61;73;66;63;64;54
1698.0;267;269;152;155;126;137;52;65;61;73;63;58;69;53
1704.0;266;269;149;151;128;140;55;69;63;74;59;56;72;49
1710.0;268;268;153;152;126;140;53;70;62;74;62;55;70;47
1716.0;264;267;156;152;127;139;53;72;60;76;60;54;73;47
1722.0;260;263;161;153;125;140;57;72;60;72;58;58;74;47
1728.0;262;258;163;152;129;137;59;75;59;70;59;60;70;47
1734.0;260;261;161;152;132;138;63;73;55;71;61;56;68;49
1740.0;259;260;165;152;131;138;64;74;53;69;61;60;69;45
1746.0;258;259;168;152;129;136;65;69;55;70;59;64;68;48
1752.0;263;258;165;149;131;136;64;71;53;71;63;62;66;48
1758.0;260;255;168;146;133;136;65;66;56;69;64;64;69;49
1764.0;265;253;168;150;130;136;67;67;56;68;62;63;68;47
1770.0;265;253;171;148;128;136;67;64;56;67;67;62;70;46
1776.0;264;252;174;147;123;136;69;62;61;70;67;56;72;47
1782.0;265;253;174;147;123;134;63;65;62;69;66;56;75;48
1788.0;267;254;174;149;127;131;66;62;63;67;69;54;74;43
1794.0;270;252;175;150;130;128;66;60;66;69;71;53;67;43
1800.0;271;252;172;149;132;134;62;56;69;70;70;57;65;41
1806.0;270;256;172;149;132;132;63;55;67;70;69;57;65;43
1812.0;272;258;171;148;131;131;64;51;69;71;73;58;61;42
1818.0;269;264;172;146;133;133;62;51;69;70;72;57;58;44
1824.0;265;265;171;146;136;134;64;46;65;75;70;57;57;49
1830.0;264;268;169;143;140;131;66;47;60;76;71;55;58;52
1836.0;264;272;169;142;140;125;64;51;58;79;70;54;58;54
1842.0;264;271;166;143;139;125;63;52;59;80;73;54;59;52
1848.0;264;273;166;144;141;123;64;51;59;80;69;54;59;53
1854.0;265;276;170;141;143;122;64;44;58;81;67;56;59;54
1860.0;267;274;169;144;142;121;68;47;53;78;65;55;63;54
1866.0;270;272;165;146;144;120;64;52;57;76;62;58;59;55
1872.0;271;272;170;140;142;122;63;53;57;76;61;60;57;56
1878.0;274;271;169;140;144;122;57;51;60;80;59;58;58;57
1884.0;272;271;172;140;143;119;56;53;59;78;61;61;56;59
1890.0;271;273;176;142;141;120;56;49;58;83;63;54;60;54
1896.0;274;271;179;138;141;121;56;54;58;84;61;53;57;53
1902.0;274;270;176;136;141;123;59;56;57;85;63;53;56;51
1908.0;276;270;173;134;143;124;59;60;59;82;61;51;58;50
1914.0;276;269;175;130;146;124;58;60;61;81;58;52;59;51
1920.0;278;270;178;128;148;127;57;59;58;75;58;53;58;53
1926.0;283;270;178;129;146;125;57;61;61;72;57;53;54;54
1932.0;283;269;181;130;149;123;58;60;61;70;59;49;55;53
1938.0;283;268;178;132;149;123;56;57;61;69;63;48;58;55
1944.0;284;269;177;135;149;122;55;57;63;69;61;47;56;56
1950.0;285;266;176;134;148;121;58;57;66;67;60;48;57;57
1956.0;284;263;178;136;150;120;58;57;65;63;62;48;61;55
1962.0;284;265;173;136;147;119;57;57;66;67;62;51;58;58
1968.0;286;264;175;135;146;120;58;57;65;65;65;48;57;59
1974.0;284;263;180;133;146;124;56;56;64;65;63;53;52;61
