#auto generated file!
12.0;80;87;82;85;102;73;80;83;95;80;99;70;88;96
18.0;82;88;86;85;105;77;77;81;95;81;96;70;85;92
24.0;82;86;87;90;108;80;76;79;93;82;95;68;83;91
30.0;84;94;85;94;107;81;77;74;91;81;95;68;82;87
36.0;87;97;85;95;112;82;74;71;87;82;95;66;78;89
42.0;93;99;88;96;114;83;68;67;85;84;88;68;79;88
48.0;95;103;88;99;115;88;66;68;81;81;80;69;78;89
54.0;94;105;88;99;115;89;67;72;76;80;80;67;79;89
60.0;98;105;88;102;116;93;68;72;76;77;78;66;77;84
66.0;101;106;91;105;117;97;71;66;72;76;76;62;78;82
72.0;104;104;92;102;119;103;67;70;72;74;74;60;77;82
78.0;105;105;93;102;119;109;67;73;68;72;69;63;75;80
84.0;105;108;98;102;120;107;67;71;64;69;72;65;75;77
90.0;106;111;97;105;119;106;66;70;67;66;71;64;75;77
96.0;106;110;97;107;119;106;68;69;68;65;70;63;74;78
102.0;108;109;98;104;121;111;68;70;64;66;70;65;73;73
108.0;109;111;102;106;122;112;67;71;63;67;61;68;68;73
114.0;114;113;101;108;121;116;68;71;61;66;62;62;68;69
120.0;117;114;101;113;127;116;67;64;59;68;63;60;63;68
126.0;119;116;105;112;127;116;75;60;57;66;62;60;60;65
132.0;121;117;103;116;129;119;73;59;57;63;61;61;58;63
138.0;121;113;107;115;132;117;73;58;57;62;62;61;58;64
144.0;122;111;111;112;131;116;68;53;57;59;65;65;62;68
150.0;127;111;109;115;130;115;67;52;57;61;63;64;61;68
156.0;129;112;108;116;125;116;70;54;55;60;60;68;62;65
162.0;130;113;108;118;127;114;70;50;53;62;59;70;63;63
168.0;132;115;111;118;130;118;66;49;56;62;55;66;61;61
174.0;133;115;113;122;131;117;66;48;54;60;55;69;58;59
180.0;133;121;109;121;132;117;62;46;56;58;57;68;59;61
186.0;133;123;107;124;129;117;65;46;57;56;56;66;60;61
192.0;135;125;104;121;134;118;67;43;54;57;57;65;61;59
198.0;135;126;110;121;135;112;66;46;54;58;58;57;60;62
204.0;136;129;111;118;135;113;67;46;58;54;58;52;64;59
210.0;137;131;110;118;136;115;66;48;60;51;58;49;64;57
216.0;140;131;110;122;135;115;66;50;60;52;59;47;62;51
222.0;142;130;111;120;136;112;66;51;66;48;59;47;60;52
228.0;144;131;110;120;137;111;67;48;64;49;61;47;58;53
234.0;147;132;108;122;137;110;67;46;67;48;60;46;57;53
240.0;148;136;111;119;139;109;66;46;59;48;63;50;53;53
246.0;148;137;110;117;137;108;66;49;60;50;64;51;53;50
252.0;150;137;111;117;135;110;66;49;56;52;62;52;54;49
258.0;149;141;114;118;134;108;69;49;54;51;63;51;51;48
264.0;150;143;114;118;133;111;70;49;52;53;62;48;50;47
270.0;152;148;114;121;133;108;65;52;52;54;59;46;52;44
276.0;152;149;112;121;131;107;66;52;54;58;60;46;50;42
282.0;154;152;111;117;131;109;67;54;52;57;59;44;52;41
288.0;156;152;111;119;125;107;65;57;56;59;58;45;51;39
294.0;158;151;113;118;123;104;64;53;58;61;60;44;54;39
300.0;159;152;115;118;121;102;67;56;53;59;61;45;53;39
306.0;158;149;115;117;121;101;68;61;56;56;63;48;53;34
312.0;158;150;115;118;117;103;67;62;56;56;65;48;53;32
318.0;157;153;115;120;113;104;63;60;56;60;66;44;56;33
324.0;160;154;120;118;116;108;60;55;52;58;67;42;57;33
330.0;163;157;120;121;114;107;58;54;52;59;69;36;57;33
336.0;165;159;120;119;111;105;57;54;53;59;73;36;55;34
342.0;167;155;123;122;111;104;56;50;60;61;69;35;57;30
348.0;170;157;118;119;113;104;55;49;60;59;66;40;60;30
354.0;168;155;117;121;115;103;57;47;62;57;65;41;57;35
360.0;166;156;117;123;113;103;60;45;62;57;65;40;58;35
366.0;171;155;116;121;111;102;59;47;63;56;67;39;58;35
372.0;169;157;112;117;109;105;59;48;66;56;65;42;57;38
378.0;170;158;114;119;111;103;57;47;61;57;66;42;56;39
384.0;170;157;113;119;109;105;57;53;59;56;67;41;57;37
390.0;170;155;115;120;110;105;59;52;59;54;70;40;58;33
396.0;171;154;116;116;110;106;57;51;61;58;69;39;56;36
402.0;171;152;117;119;111;105;53;49;64;57;64;43;56;39
408.0;175;151;115;121;114;101;53;53;63;55;63;42;55;39
414.0;174;155;116;122;109;101;54;51;64;53;63;45;56;37
420.0;176;157;115;123;108;97;52;53;67;50;64;45;53;40
426.0;175;160;112;123;108;93;53;52;69;51;64;46;54;40
432.0;174;160;109;123;107;94;53;53;71;52;65;48;52;39
438.0;174;161;112;118;109;86;57;56;73;53;64;47;51;39
444.0;180;164;113;116;108;86;53;57;74;51;63;49;49;37
450.0;180;167;117;113;110;85;56;57;72;50;59;50;48;36
456.0;178;169;116;114;112;83;52;59;70;53;61;50;46;37
462.0;177;171;120;117;111;84;51;59;66;53;63;44;46;38
468.0;175;175;117;118;111;87;52;55;65;55;64;45;45;36
474.0;176;177;118;119;109;89;51;53;62;56;64;45;44;37
480.0;176;177;115;117;110;89;53;55;61;62;62;43;43;37
486.0;178;177;114;118;111;90;54;53;61;63;61;42;43;35
492.0;175;178;117;119;111;90;54;52;60;67;63;40;40;34
498.0;174;176;119;118;108;92;56;50;60;68;61;43;41;34
504.0;178;177;120;115;109;91;54;51;61;66;60;43;42;33
510.0;178;177;122;117;112;91;51;54;62;62;60;42;43;29
516.0;174;177;118;119;112;92;50;54;61;62;62;43;47;29
522.0;174;178;117;119;112;93;47;52;58;66;62;47;46;29
528.0;175;178;116;121;114;94;45;52;57;63;59;49;47;30
534.0;179;174;120;119;116;98;44;54;55;58;61;46;45;31
540.0;182;169;119;116;116;98;46;58;54;57;60;44;47;34
546.0;179;170;120;115;118;100;46;59;56;54;59;45;44;35
552.0;176;173;120;116;118;97;47;57;60;52;61;46;43;34
558.0;179;172;120;117;120;98;49;54;60;51;58;46;42;34
564.0;178;170;118;116;123;98;49;54;60;49;58;48;41;38
570.0;177;172;120;114;119;97;50;54;57;52;59;48;42;39
576.0;179;174;124;111;120;98;48;56;54;53;57;46;41;39
582.0;180;175;124;110;120;98;51;59;55;52;53;46;40;37
588.0;184;175;123;110;119;98;56;60;55;49;48;42;42;39
594.0;185;175;123;111;120;99;51;57;57;49;48;40;43;42
600.0;187;174;123;111;118;100;54;55;57;48;44;45;44;40
606.0;187;172;119;112;115;101;52;56;57;49;46;45;47;42
612.0;186;172;123;110;118;101;51;55;54;47;46;46;47;44
618.0;185;173;124;110;120;100;50;57;52;45;45;44;50;45
624.0;181;174;120;111;120;101;52;58;53;47;46;40;51;46
630.0;180;173;123;111;120;103;55;58;53;44;45;39;50;46
636.0;180;173;124;112;121;102;56;61;52;42;43;40;46;48
642.0;182;172;122;114;120;103;55;62;51;42;42;40;48;47
648.0;185;169;121;114;117;105;53;61;52;44;42;36;51;50
654.0;185;165;117;115;120;109;52;57;52;45;44;36;54;49
660.0;187;167;117;120;119;108;49;58;48;41;45;37;52;52
666.0;187;169;120;120;121;104;50;57;50;40;48;37;48;49
672.0;187;168;123;118;121;101;51;57;51;38;49;38;49;49
678.0;187;169;129;118;123;102;48;52;50;35;50;42;49;46
684.0;184;168;131;118;123;103;44;51;49;37;49;42;54;47
690.0;183;168;130;116;122;104;44;47;49;36;51;45;58;47
696.0;183;171;131;110;124;102;42;46;50;38;55;44;57;47
702.0;183;171;131;110;124;104;41;46;51;40;54;40;58;47
708.0;181;169;130;109;127;106;44;46;48;42;52;43;59;44
714.0;183;168;132;112;124;106;44;44;46;42;51;45;56;47
720.0;181;169;132;113;119;112;43;42;49;43;52;41;59;45
726.0;183;168;125;115;120;114;44;44;49;44;51;38;57;48
732.0;182;171;131;114;122;110;47;42;47;44;49;38;57;46
738.0;184;171;129;114;119;109;47;41;46;45;51;40;55;49
744.0;185;173;122;116;119;110;47;40;50;44;52;41;52;49
750.0;184;175;122;123;118;110;49;36;49;42;49;40;56;47
756.0;186;174;124;122;113;110;46;40;47;43;49;41;56;49
762.0;183;174;124;121;111;107;48;44;50;40;50;42;56;50
768.0;180;175;126;123;109;109;46;49;51;37;50;38;58;49
774.0;183;178;122;124;111;104;47;50;48;38;50;38;59;48
780.0;185;179;122;125;112;102;49;48;46;38;50;41;58;45
786.0;181;177;122;126;111;100;53;49;45;38;49;44;59;46
792.0;183;174;120;126;109;99;56;50;48;38;48;43;61;45
798.0;187;173;119;126;108;97;55;50;49;38;49;45;59;45
804.0;187;173;117;120;105;100;56;53;52;39;50;46;57;45
810.0;185;170;115;124;107;102;59;52;53;38;46;49;56;44
816.0;183;169;115;124;106;103;59;50;52;41;49;48;55;46
822.0;182;171;116;123;103;106;57;52;52;43;50;49;55;41
828.0;183;171;116;121;107;106;56;51;53;42;51;50;53;40
834.0;181;172;115;118;110;109;53;52;53;43;51;50;52;41
840.0;182;172;119;119;115;113;51;50;50;41;49;53;48;38
846.0;181;176;119;116;117;114;54;51;49;39;49;53;47;35
852.0;184;177;122;117;118;113;56;52;47;38;44;50;45;37
858.0;182;179;124;117;119;113;56;52;49;40;42;48;45;34
864.0;186;179;121;118;117;110;59;53;47;40;43;50;44;33
870.0;182;179;123;119;119;107;59;54;47;39;44;51;45;32
876.0;180;180;123;120;122;107;54;54;43;39;46;47;49;36
882.0;178;179;123;120;122;111;54;54;43;40;48;46;48;34
888.0;181;177;122;120;123;111;54;54;43;41;47;49;44;34
894.0;184;177;124;122;123;110;55;51;41;41;48;46;44;34
900.0;188;176;126;119;127;110;55;47;40;44;46;44;44;34
906.0;188;179;125;120;134;105;53;42;40;46;46;42;46;34
912.0;187;180;122;118;131;107;54;46;40;45;48;42;47;33
918.0;185;176;122;115;132;108;54;50;43;45;49;43;46;32
924.0;184;176;121;115;131;107;56;47;45;45;48;42;50;33
930.0;184;179;124;114;130;102;57;44;48;47;46;42;53;30
936.0;184;177;122;117;130;105;57;43;48;51;48;41;49;28
942.0;184;175;122;116;125;106;57;44;51;52;47;41;48;32
948.0;189;176;117;120;121;105;56;41;53;56;46;41;47;32
954.0;190;177;117;118;121;104;56;39;54;56;48;41;48;31
960.0;193;179;116;122;124;105;53;39;55;53;46;40;46;29
966.0;196;178;115;120;126;105;51;39;51;52;48;40;49;30
972.0;199;179;117;119;126;105;46;36;51;54;50;40;47;31
978.0;192;177;116;116;128;109;46;40;52;50;52;41;50;31
984.0;194;175;114;117;128;110;46;41;49;50;50;42;50;34
990.0;192;176;116;118;123;106;47;42;47;49;51;46;50;37
996.0;194;177;115;120;125;103;48;44;48;49;51;42;50;34
1002.0;194;178;117;119;119;100;47;45;49;48;52;43;51;38
1008.0;190;185;118;118;118;100;43;44;51;48;49;43;50;43
1014.0;189;186;117;117;122;99;40;44;51;48;50;44;50;43
1020.0;187;184;118;114;120;100;39;44;53;47;51;47;54;42
1026.0;188;181;114;113;123;103;40;45;53;47;54;46;52;41
1032.0;183;182;116;115;125;103;37;44;54;51;53;43;53;41
1038.0;183;183;118;116;124;106;37;41;52;53;51;43;50;43
1044.0;184;184;118;112;123;108;40;42;53;53;51;41;50;41
1050.0;188;187;119;111;126;107;39;39;54;50;50;44;48;38
1056.0;187;187;117;112;125;109;38;38;51;51;50;48;49;38
1062.0;185;189;120;112;123;109;41;38;47;51;52;48;47;38
1068.0;184;190;121;112;125;109;42;43;42;52;49;48;46;37
1074.0;182;188;121;114;125;107;43;42;45;52;49;47;47;38
1080.0;178;191;121;114;125;108;44;45;46;50;45;46;49;38
1086.0;177;191;124;112;124;108;45;41;50;48;45;48;48;39
1092.0;177;190;122;117;122;109;45;44;48;49;42;47;48;40
1098.0;177;189;126;118;124;109;45;44;50;46;40;47;49;36
1104.0;176;190;124;117;124;108;46;43;50;45;44;47;48;38
1110.0;171;190;126;121;125;109;44;44;50;44;46;44;48;38
1116.0;173;194;123;120;127;111;43;44;48;44;47;42;47;37
1122.0;176;196;123;118;125;108;44;46;45;41;51;44;46;37
1128.0;174;198;128;117;126;110;40;47;45;39;52;45;44;35
1134.0;173;195;130;112;128;108;43;46;48;43;50;41;45;38
1140.0;174;196;127;114;130;110;44;48;45;40;52;40;43;37
1146.0;170;193;130;115;129;110;49;48;46;37;56;40;39;38
1152.0;169;193;131;116;129;109;51;48;45;37;54;42;40;36
1158.0;168;196;133;118;128;109;52;46;45;38;54;40;40;33
1164.0;167;200;132;114;124;106;51;47;46;43;54;40;39;37
1170.0;169;204;131;113;124;105;52;46;46;42;52;38;38;40
1176.0;170;205;133;112;125;104;52;46;45;39;49;39;39;42
1182.0;172;206;133;110;127;105;52;42;46;38;48;39;38;44
1188.0;174;205;136;108;126;104;53;41;48;40;50;35;37;43
1194.0;173;206;137;109;127;101;49;41;50;42;49;36;38;42
1200.0;174;207;139;109;125;98;48;40;50;41;50;36;39;44
1206.0;176;207;138;111;126;98;46;43;48;40;47;37;41;42
1212.0;176;205;138;109;121;100;49;43;51;42;47;36;42;41
1218.0;176;204;138;111;119;103;46;42;52;42;50;33;44;40
1224.0;177;205;136;110;120;102;48;42;52;43;48;36;44;37
1230.0;173;204;134;115;119;103;47;42;48;47;50;37;42;39
1236.0;177;201;129;121;119;105;46;36;47;49;50;39;42;39
1242.0;178;199;132;123;114;107;47;34;45;49;49;38;45;40
1248.0;175;199;133;121;113;106;46;37;45;50;50;38;45;42
1254.0;177;198;133;115;113;107;47;38;45;51;53;39;43;41
1260.0;178;198;132;114;109;108;47;40;45;51;53;40;41;44
1266.0;177;202;131;115;109;107;49;40;44;52;49;42;39;44
1272.0;178;199;132;119;112;107;49;42;41;51;51;41;35;43
1278.0;179;200;135;121;110;110;47;42;43;50;49;41;35;38
1284.0;178;201;133;118;111;110;48;41;44;51;46;46;35;38
1290.0;177;199;133;115;112;110;49;41;44;53;45;50;34;38
1296.0;177;199;131;114;114;110;51;44;46;53;44;45;33;39
1302.0;177;200;133;110;117;112;54;45;47;48;41;45;33;38
1308.0;177;200;135;107;117;112;54;44;48;49;41;47;32;37
1314.0;177;201;134;107;115;113;51;46;48;46;44;46;35;37
1320.0;181;200;133;106;115;111;49;46;48;48;42;46;37;38
1326.0;180;202;130;103;115;109;52;45;48;47;42;49;37;41
1332.0;183;200;130;103;113;107;49;44;50;44;43;52;38;44
1338.0;186;203;128;101;115;111;50;44;49;38;42;50;38;45
1344.0;181;206;130;103;116;112;46;46;47;39;44;47;39;44
1350.0;182;207;130;101;119;110;48;45;48;39;40;46;38;47
1356.0;182;207;127;102;123;109;50;44;49;39;39;46;40;43
1362.0;183;207;125;103;123;107;50;45;51;38;41;45;37;45
1368.0;181;211;128;103;121;110;47;43;50;38;39;48;37;44
1374.0;181;210;125;99;122;109;45;41;53;43;41;50;37;44
1380.0;181;208;123;97;122;108;43;43;52;42;44;52;41;44
1386.0;185;209;125;99;120;104;42;42;52;43;44;51;42;42
1392.0;181;209;126;100;120;106;42;44;52;44;44;52;40;40
1398.0;176;210;124;100;120;107;42;48;49;44;46;54;40;40
1404.0;177;208;126;100;119;107;43;47;51;44;46;54;39;39
1410.0;176;208;124;102;119;111;41;45;51;43;48;52;40;40
1416.0;177;211;119;102;117;104;42;45;54;43;49;56;40;41
1422.0;175;211;118;100;119;103;44;46;53;41;52;57;39;42
1428.0;175;210;121;101;121;104;42;44;53;40;49;57;39;44
1434.0;177;209;118;104;122;105;42;48;54;41;45;55;37;43
1440.0;176;206;118;104;126;105;43;48;56;38;47;55;35;43
1446.0;178;203;115;104;127;102;44;50;57;40;47;54;35;44
1452.0;178;204;117;102;127;104;43;51;57;40;48;50;35;44
1458.0;175;205;118;101;130;103;42;51;57;40;51;50;35;42
1464.0;177;202;115;102;130;107;43;50;60;38;49;51;36;40
1470.0;177;203;115;103;127;111;42;52;59;37;46;50;37;41
1476.0;179;203;112;105;126;111;41;54;56;37;46;50;39;41
1482.0;177;205;108;105;124;111;42;59;57;37;46;45;41;43
1488.0;179;206;106;110;124;111;44;53;56;39;43;44;41;44
1494.0;180;205;106;108;124;111;42;55;56;40;42;42;42;47
1500.0;179;206;109;107;123;110;39;57;55;38;41;43;44;49
1506.0;181;210;111;106;125;107;37;58;55;39;37;40;44;50
1512.0;180;210;110;106;125;109;36;57;54;40;36;37;45;55
1518.0;176;207;108;107;126;106;38;58;51;42;35;39;49;58
1524.0;174;211;107;109;127;107;41;56;46;44;34;39;48;57
1530.0;174;211;107;107;127;106;41;53;51;42;35;39;48;59
1536.0;173;213;108;107;122;105;43;52;51;43;37;41;45;60
1542.0;173;211;108;108;124;107;44;51;53;42;40;40;43;56
1548.0;173;209;108;108;123;109;43;53;48;43;39;41;46;57
1554.0;171;208;110;109;121;110;44;54;49;42;38;42;43;59
1560.0;166;208;109;110;123;112;45;54;51;38;38;42;44;60
1566.0;164;206;106;109;123;112;45;56;52;38;39;43;46;61
1572.0;163;204;106;105;126;114;47;55;54;38;34;46;48;60
1578.0;163;203;108;105;124;113;45;57;58;39;34;46;46;59
1584.0;162;204;109;104;127;111;47;59;56;35;35;47;48;56
1590.0;161;210;110;102;125;109;44;59;55;38;35;47;47;58
1596.0;162;210;113;100;122;113;43;56;54;38;35;47;47;60
1602.0;161;213;114;98;122;111;42;55;54;41;36;48;44;61
1608.0;163;212;113;100;121;109;44;55;55;41;37;46;45;59
1614.0;165;210;113;100;120;111;43;57;57;41;37;42;49;55
1620.0;164;208;117;101;122;112;44;57;56;41;37;44;48;49
1626.0;163;210;116;102;120;112;44;54;55;43;38;44;51;48
1632.0;165;210;118;102;122;111;45;54;53;40;36;46;48;50
1638.0;162;209;117;105;124;110;46;54;52;43;34;44;48;52
1644.0;162;210;126;107;127;105;40;54;50;43;33;42;49;52
1650.0;164;213;125;111;130;103;41;55;52;39;32;37;48;50
1656.0;162;214;125;109;130;102;42;55;54;38;33;37;49;50
1662.0;164;213;124;110;130;105;43;52;54;36;33;37;50;49
1668.0;165;215;124;107;124;109;44;51;53;37;34;37;53;47
1674.0;164;213;121;103;123;111;47;54;56;35;34;32;56;51
1680.0;162;215;122;104;120;111;45;52;56;35;39;34;53;52
1686.0;163;215;125;103;120;113;45;51;52;32;39;37;54;51
1692.0;163;215;123;104;118;116;45;55;49;29;39;38;55;51
1698.0;165;213;120;106;118;115;43;57;49;28;39;38;57;52
1704.0;164;212;119;105;116;118;46;58;51;28;36;39;58;50
1710.0;164;213;117;108;114;120;44;59;52;27;36;39;57;50
1716.0;163;215;121;108;115;122;44;55;52;28;36;37;55;49
1722.0;164;214;121;105;115;120;45;55;54;26;38;38;56;49
1728.0;162;213;124;105;115;118;42;53;55;28;38;42;54;51
1734.0;165;209;126;106;115;118;41;53;51;33;37;42;53;51
1740.0;167;211;128;108;114;120;41;48;50;31;35;41;53;53
1746.0;167;209;127;111;113;121;42;47;52;32;34;40;53;52
1752.0;165;206;126;112;115;120;46;47;53;34;33;41;53;49
1758.0;164;208;129;109;112;120;47;46;54;37;37;39;51;47
1764.0;163;205;131;109;114;120;47;47;57;35;36;41;46;49
1770.0;162;205;130;111;116;125;44;47;56;38;34;36;48;48
1776.0;164;202;131;111;115;124;44;45;59;39;32;39;46;49
1782.0;163;203;132;113;112;125;43;47;60;38;36;35;46;47
1788.0;164;202;132;114;111;126;45;47;54;41;37;34;46;47
1794.0;163;200;130;113;111;125;47;47;52;42;39;37;42;52
1800.0;164;199;133;111;113;122;49;45;54;40;40;37;41;52
1806.0;162;199;134;109;111;122;53;45;55;38;39;40;42;51
1812.0;161;198;133;113;111;123;52;47;53;39;37;42;43;48
1818.0;161;201;135;113;112;123;50;45;52;42;39;37;43;47
1824.0;160;199;135;117;112;121;47;42;53;46;40;35;45;48
1830.0;165;196;135;115;113;117;45;46;53;44;43;35;46;47
1836.0;164;196;135;114;113;116;51;48;49;45;40;35;47;47
1842.0;167;194;134;114;113;115;52;45;49;46;40;36;48;47
1848.0;166;196;134;115;115;114;50;45;49;43;42;37;45;49
1854.0;166;196;134;115;116;111;54;44;48;41;43;35;45;52
1860.0;167;197;132;114;112;110;53;46;47;42;47;37;43;53
1866.0;168;199;136;110;111;111;50;47;49;43;45;37;40;54
1872.0;168;200;133;113;107;109;55;48;48;41;43;39;38;58
1878.0;172;202;130;115;108;104;54;45;50;40;44;43;37;56
1884.0;175;198;132;112;108;105;53;45;51;40;44;45;40;52
1890.0;175;201;130;110;107;103;54;46;50;45;43;44;41;51
1896.0;178;201;129;105;110;102;53;42;47;45;44;45;45;54
1902.0;178;201;130;108;111;101;52;42;48;41;45;46;46;51
1908.0;181;199;126;107;112;102;48;44;46;41;45;51;45;53
1914.0;180;198;125;108;110;104;48;46;46;41;46;50;45;53
1920.0;179;196;128;109;109;103;49;45;48;40;46;47;45;56
1926.0;179;195;127;113;108;102;48;46;49;39;44;49;46;55
1932.0;177;197;125;112;109;102;52;48;51;41;43;45;45;53
1938.0;177;202;127;114;109;103;54;49;53;41;39;42;41;49
1944.0;176;197;126;117;106;106;55;48;54;43;40;45;36;51
1950.0;177;200;124;120;105;106;52;49;57;43;38;44;36;49
1956.0;175;201;123;122;102;107;52;48;55;43;38;48;37;49
1962.0;177;199;124;121;102;108;53;46;55;44;38;49;37;47
1968.0;176;199;128;121;102;108;52;46;52;45;39;49;35;48
1974.0;173;202;126;119;104;107;50;44;55;50;36;49;35;50
