#auto generated file!
12.0;181;149;154;142;153;150;148;172;160;157;151;145;166;172
18.0;185;152;157;140;159;159;143;175;153;152;152;145;166;162
24.0;188;154;160;143;162;159;142;179;146;148;147;148;167;157
30.0;190;155;165;148;165;161;144;170;148;146;139;145;169;155
36.0;188;159;170;153;168;165;143;165;148;144;136;144;165;152
42.0;194;162;176;153;171;167;140;162;142;140;140;143;165;145
48.0;199;160;176;150;177;174;136;162;136;139;139;140;166;146
54.0;205;164;173;143;176;182;136;162;135;139;137;138;164;146
60.0;211;163;175;143;179;188;133;160;139;136;131;133;163;146
66.0;219;166;177;146;186;191;124;152;141;136;128;131;165;138
72.0;216;166;179;149;185;195;121;156;139;133;131;131;160;139
78.0;216;173;176;151;185;194;128;152;137;133;130;137;153;135
84.0;223;176;177;153;184;193;126;147;138;128;131;135;154;135
90.0;226;181;179;156;187;192;122;145;134;130;135;129;152;132
96.0;230;183;181;160;184;192;125;143;133;134;132;129;149;125
102.0;232;184;184;162;192;192;118;140;129;138;128;134;145;122
108.0;231;187;184;163;194;194;122;136;131;136;126;133;139;124
114.0;233;185;189;169;197;192;120;134;131;139;122;134;138;117
120.0;234;187;188;168;202;194;119;126;127;138;118;143;141;115
126.0;237;192;194;171;207;193;115;123;126;138;122;134;137;111
132.0;238;195;193;175;204;193;116;116;128;137;120;133;141;111
138.0;240;199;192;174;205;198;112;117;131;134;122;128;140;108
144.0;240;199;192;173;208;199;109;118;132;135;123;128;137;107
150.0;243;203;196;167;208;200;110;118;132;132;121;126;133;111
156.0;246;203;191;168;205;203;110;123;133;130;121;122;135;110
162.0;253;202;188;172;204;207;106;118;128;128;124;122;135;113
168.0;251;210;189;171;204;208;107;117;127;126;126;120;134;110
174.0;258;213;184;177;207;210;108;117;121;121;126;113;134;111
180.0;256;216;192;180;206;208;112;113;120;118;122;112;130;115
186.0;256;218;193;184;205;209;108;118;118;111;125;114;128;113
192.0;254;225;194;194;204;207;106;119;114;114;122;110;128;109
198.0;259;226;199;195;203;208;102;115;114;114;120;110;128;107
204.0;260;233;206;193;205;208;101;113;113;106;116;112;128;106
210.0;262;244;202;197;207;207;97;116;112;106;116;108;125;101
216.0;266;242;202;201;207;212;96;113;107;103;120;107;124;100
222.0;271;244;203;205;206;213;93;113;103;100;120;104;126;99
228.0;275;249;204;203;208;214;87;112;99;102;118;104;124;101
234.0;272;248;206;206;205;208;95;114;97;98;114;107;126;104
240.0;276;253;203;207;204;203;97;115;100;100;114;110;125;93
246.0;275;258;204;208;207;202;93;116;98;99;109;111;123;97
252.0;281;259;199;209;205;199;91;118;98;96;111;112;122;100
258.0;281;264;197;215;205;195;93;118;96;97;108;111;120;100
264.0;282;263;197;214;213;195;90;114;92;98;114;106;118;104
270.0;286;259;198;212;207;195;95;113;94;100;114;103;121;103
276.0;285;260;194;216;206;200;95;112;89;101;114;104;124;100
282.0;284;262;195;215;206;199;96;110;92;107;116;100;120;98
288.0;286;266;192;213;207;197;100;102;96;107;114;103;122;95
294.0;286;262;193;212;211;196;102;101;97;107;114;99;124;96
300.0;291;265;194;211;215;197;107;96;97;104;109;98;125;91
306.0;293;266;196;217;213;198;104;91;97;107;108;97;120;93
312.0;292;268;196;219;217;199;108;88;95;103;109;93;121;92
318.0;288;271;201;218;215;200;110;84;96;101;111;87;126;92
324.0;290;273;206;217;216;200;112;83;97;98;106;90;125;87
330.0;291;276;204;215;215;205;109;90;95;96;109;92;120;83
336.0;291;282;203;215;212;211;111;91;93;95;105;91;115;85
342.0;289;283;199;219;215;215;108;91;91;97;103;95;112;83
348.0;291;285;197;223;211;213;109;94;89;92;102;98;110;86
354.0;297;284;202;222;211;210;107;93;90;91;99;98;109;87
360.0;300;286;204;225;209;205;104;93;93;89;97;95;110;90
366.0;299;286;204;224;206;207;103;93;93;92;96;99;105;93
372.0;300;286;204;225;205;202;101;93;99;95;95;99;100;96
378.0;299;288;207;224;207;198;101;90;98;97;94;98;100;99
384.0;300;289;208;222;209;201;96;89;93;94;96;102;103;98
390.0;296;288;214;227;208;200;98;89;98;100;90;98;100;94
396.0;300;290;213;227;208;195;100;90;98;99;92;95;102;91
402.0;298;292;209;223;206;205;102;91;93;96;89;103;102;91
408.0;301;292;214;223;205;205;101;89;94;94;85;104;105;88
414.0;300;293;218;221;205;200;97;89;91;98;84;108;106;90
420.0;297;289;215;224;208;202;98;87;89;101;85;107;109;89
426.0;297;288;220;226;207;201;96;87;90;100;85;110;104;89
432.0;300;287;216;229;206;202;100;89;85;102;85;103;106;90
438.0;301;288;221;226;208;202;96;86;86;103;84;106;106;87
444.0;297;289;218;229;217;199;95;85;84;103;83;104;109;88
450.0;292;290;221;233;211;197;94;83;89;102;85;102;112;89
456.0;289;292;223;233;207;201;101;80;88;105;81;105;106;89
462.0;285;295;224;231;206;208;99;86;90;108;76;103;101;88
468.0;284;300;226;232;207;209;93;88;91;109;75;100;101;85
474.0;284;297;229;233;207;208;89;93;88;106;78;101;100;87
480.0;289;297;228;234;207;203;91;91;87;108;81;101;98;85
486.0;289;302;227;236;209;202;88;91;89;107;81;100;99;80
492.0;294;302;221;235;210;201;90;89;85;107;88;100;98;80
498.0;290;307;216;238;208;203;92;87;92;107;83;95;103;79
504.0;291;308;212;241;208;211;90;82;90;107;87;96;100;77
510.0;291;308;209;241;212;206;90;84;92;104;89;96;99;79
516.0;294;303;211;242;214;203;86;83;93;102;86;100;102;81
522.0;296;306;214;246;213;201;82;90;88;100;83;98;104;79
528.0;296;304;210;246;218;207;79;92;89;97;86;100;103;73
534.0;299;300;212;246;213;203;78;94;89;94;91;103;102;76
540.0;299;304;208;243;215;205;80;91;86;94;93;105;101;76
546.0;301;301;209;246;210;209;77;91;85;100;90;103;103;75
552.0;304;303;206;245;211;211;77;89;83;100;92;100;101;78
558.0;309;309;206;249;211;207;75;89;82;97;90;98;97;81
564.0;308;315;208;253;212;203;76;89;82;91;85;103;97;78
570.0;310;317;206;252;213;202;76;84;80;91;87;100;99;83
576.0;315;316;204;247;210;200;77;82;80;89;96;97;101;86
582.0;316;315;205;246;210;205;77;80;82;87;91;94;101;91
588.0;319;316;204;248;211;205;77;83;81;91;87;92;95;91
594.0;316;316;200;253;212;205;77;86;80;89;90;94;92;90
600.0;317;317;203;250;213;209;77;84;86;88;86;92;93;85
606.0;318;312;204;249;214;211;76;81;86;87;86;91;96;89
612.0;313;311;202;252;217;210;76;80;93;85;89;88;95;89
618.0;317;312;205;245;219;212;75;78;94;82;88;84;98;91
624.0;322;318;204;249;214;212;80;79;88;84;86;80;95;89
630.0;320;315;204;255;212;215;82;81;91;78;80;79;97;91
636.0;317;325;202;253;212;210;81;88;86;81;82;77;92;94
642.0;316;327;205;254;209;211;82;84;87;77;87;75;92;94
648.0;316;330;201;252;208;215;79;87;86;82;88;74;89;93
654.0;320;329;204;248;209;209;79;94;83;81;90;78;85;91
660.0;324;332;205;245;210;212;81;97;79;84;82;80;77;92
666.0;322;329;203;247;212;203;88;92;79;90;79;83;76;97
672.0;323;329;204;239;212;207;86;89;77;99;78;81;80;96
678.0;315;332;201;236;216;202;84;92;80;103;80;83;79;97
684.0;316;331;205;236;217;199;84;90;82;105;82;82;81;90
690.0;321;331;205;234;221;199;86;90;82;105;79;77;78;92
696.0;323;334;205;236;216;198;84;90;81;101;86;78;75;93
702.0;327;333;204;234;219;199;86;87;82;101;88;81;73;86
708.0;330;336;204;238;215;195;87;87;82;101;88;81;73;83
714.0;332;333;210;238;214;197;85;86;84;99;84;82;73;83
720.0;333;336;208;236;212;198;90;84;84;96;87;83;71;82
726.0;334;331;213;232;211;202;89;85;84;95;87;84;70;83
732.0;334;329;215;237;209;205;89;82;81;93;87;86;71;82
738.0;335;334;216;235;204;206;90;87;78;90;90;84;69;82
744.0;333;336;216;237;203;205;90;85;76;91;89;86;73;80
750.0;335;332;216;236;200;204;93;83;79;93;85;88;72;84
756.0;342;334;215;238;201;205;88;86;75;91;86;86;71;82
762.0;344;338;218;237;201;210;80;83;77;89;86;85;69;83
768.0;349;338;222;235;197;209;77;82;75;88;88;85;71;84
774.0;347;340;219;235;198;209;76;84;78;86;86;87;71;84
780.0;351;333;217;234;200;209;77;88;76;87;87;86;74;81
786.0;345;335;212;235;200;209;79;91;78;88;86;87;72;83
792.0;348;335;212;235;199;210;81;90;76;91;86;87;70;80
798.0;346;332;217;238;195;210;82;88;85;87;84;88;74;74
804.0;347;332;216;239;200;211;80;84;85;85;80;92;76;73
810.0;346;327;220;231;199;208;82;83;86;88;83;95;79;73
816.0;345;329;213;233;201;209;79;84;91;87;86;95;73;75
822.0;342;329;223;235;200;208;73;81;90;85;91;96;68;79
828.0;341;330;224;234;195;208;73;82;90;86;93;95;68;81
834.0;336;326;224;233;199;205;72;83;90;88;95;95;72;82
840.0;341;328;221;234;199;206;75;82;87;87;87;99;71;83
846.0;341;326;221;233;200;205;77;83;87;85;87;99;74;82
852.0;342;328;221;235;201;205;78;86;89;85;83;99;72;76
858.0;342;324;222;238;200;208;77;89;92;82;82;96;70;78
864.0;342;325;215;235;199;209;80;92;92;82;85;90;72;82
870.0;341;325;217;237;196;209;75;94;91;86;86;91;73;79
876.0;341;330;217;236;197;208;76;96;87;87;83;89;76;77
882.0;338;333;207;233;198;212;80;91;92;91;80;89;82;74
888.0;339;333;205;237;202;219;78;88;93;87;82;86;75;76
894.0;338;336;205;240;200;220;79;90;96;87;81;83;73;72
900.0;337;335;209;235;200;216;79;90;98;93;78;83;77;70
906.0;342;332;211;229;203;216;80;88;95;94;80;84;77;69
912.0;344;331;209;225;204;214;77;85;98;94;78;89;81;71
918.0;348;332;214;222;204;210;79;77;97;93;84;90;78;72
924.0;352;329;209;226;206;210;79;79;96;97;86;87;77;67
930.0;356;325;209;227;210;214;78;78;96;91;92;81;76;67
936.0;360;326;209;224;211;219;73;76;96;92;90;79;78;67
942.0;360;331;211;225;207;222;75;70;96;92;87;76;79;69
948.0;354;331;212;224;206;226;75;70;97;91;89;78;80;67
954.0;353;332;211;221;208;225;70;72;94;89;98;80;78;69
960.0;354;327;213;217;209;225;68;71;97;88;98;85;79;69
966.0;350;328;209;219;212;225;66;70;100;89;93;88;80;71
972.0;348;328;209;226;211;223;66;72;100;80;94;86;82;75
978.0;351;325;211;228;206;219;70;69;102;80;95;87;79;78
984.0;352;329;216;225;204;214;68;73;99;76;98;82;85;79
990.0;353;335;218;222;202;218;70;70;96;74;93;83;86;80
996.0;354;337;219;218;196;217;70;71;98;80;94;84;84;78
1002.0;351;331;215;220;192;219;75;74;98;77;97;85;84;82
1008.0;352;338;216;224;190;218;78;73;94;74;96;82;83;82
1014.0;354;337;214;222;193;218;78;77;94;72;95;83;86;77
1020.0;357;335;212;220;192;217;78;79;93;72;98;83;86;78
1026.0;352;331;213;220;194;212;79;83;90;70;101;87;91;77
1032.0;349;332;216;219;191;214;85;81;92;66;101;90;94;70
1038.0;353;334;215;218;188;215;84;80;92;70;98;88;94;71
1044.0;357;332;213;210;187;214;83;81;93;74;96;92;94;74
1050.0;354;334;217;208;190;211;82;78;95;66;102;95;94;74
1056.0;356;332;219;207;190;209;86;76;93;67;105;98;92;70
1062.0;357;332;212;208;193;211;89;74;95;68;106;98;94;63
1068.0;359;331;210;211;192;211;87;75;96;70;108;93;96;61
1074.0;357;331;211;216;192;209;84;79;93;67;107;98;92;64
1080.0;357;333;211;217;191;207;85;76;86;70;111;98;95;63
1086.0;356;334;215;213;187;206;85;77;84;73;104;100;97;69
1092.0;359;337;217;207;191;206;83;73;81;76;99;105;100;66
1098.0;358;343;214;207;192;208;84;72;84;80;96;100;98;64
1104.0;357;342;214;207;191;207;85;75;82;80;97;100;95;68
1110.0;359;337;213;211;190;203;87;73;78;78;102;104;96;69
1116.0;357;334;210;215;190;202;85;74;81;79;101;102;103;67
1122.0;358;338;213;214;189;204;87;73;80;78;95;101;100;70
1128.0;357;345;213;220;186;203;89;71;82;76;96;100;96;66
1134.0;361;344;215;215;185;200;92;74;88;72;92;97;97;68
1140.0;360;341;216;211;183;201;97;82;86;75;90;95;93;70
1146.0;358;340;219;209;187;199;98;79;82;73;95;98;92;71
1152.0;358;340;223;209;183;196;91;79;82;72;98;102;92;75
1158.0;359;339;222;211;182;194;92;83;84;69;99;100;91;75
1164.0;356;338;221;212;183;196;92;86;81;72;105;96;90;72
1170.0;358;340;217;211;185;193;91;84;84;75;103;96;89;74
1176.0;356;341;217;214;186;189;91;81;88;78;99;94;92;74
1182.0;357;341;217;214;182;191;91;76;90;73;98;101;92;77
1188.0;355;341;219;212;183;194;85;80;90;74;97;98;91;81
1194.0;359;338;217;213;187;193;82;75;90;74;97;103;91;81
1200.0;361;336;217;216;187;199;85;80;88;73;97;96;86;79
1206.0;358;336;214;214;191;197;84;78;94;72;94;99;89;80
1212.0;359;336;214;214;187;195;86;77;90;75;93;103;88;83
1218.0;362;338;215;212;189;196;83;76;92;74;89;102;90;82
1224.0;361;339;213;218;190;195;83;77;88;69;89;103;90;85
1230.0;362;335;215;219;189;196;89;80;87;72;86;98;91;81
1236.0;362;338;209;222;190;198;92;78;86;72;85;102;86;80
1242.0;360;343;199;222;189;197;94;79;96;74;85;103;81;78
1248.0;365;338;200;220;189;196;93;80;94;72;85;103;81;84
1254.0;362;336;203;218;190;201;94;81;85;73;88;102;82;85
1260.0;361;336;198;220;197;200;96;74;81;74;86;100;90;87
1266.0;357;335;200;221;196;206;103;74;79;68;84;98;91;88
1272.0;361;340;198;224;196;204;98;72;79;71;84;98;88;87
1278.0;360;340;196;220;194;200;99;75;83;74;86;98;88;87
1284.0;356;341;201;222;193;200;97;74;84;74;85;98;88;87
1290.0;355;343;205;220;190;201;102;76;82;72;85;101;82;86
1296.0;352;342;204;218;188;209;99;79;84;74;88;96;86;81
1302.0;353;340;207;219;196;207;96;81;80;77;86;92;86;80
1308.0;354;345;203;216;197;208;94;81;80;76;89;93;85;79
1314.0;358;341;205;212;200;210;90;82;79;78;90;90;85;80
1320.0;361;342;203;211;201;213;88;85;75;73;92;90;86;80
1326.0;361;341;200;213;203;218;87;85;72;77;91;89;85;78
1332.0;361;340;202;211;202;218;88;87;68;80;95;81;87;80
1338.0;363;338;200;212;200;219;87;87;70;83;93;80;86;82
1344.0;362;337;203;210;199;214;89;89;71;79;97;77;88;85
1350.0;366;338;204;209;197;212;88;87;73;78;96;81;88;83
1356.0;368;341;208;203;196;207;86;85;75;80;99;82;85;85
1362.0;368;338;211;203;195;208;84;87;79;79;100;81;85;82
1368.0;372;337;215;206;194;205;81;89;82;85;92;80;83;79
1374.0;372;340;217;201;195;208;82;86;80;88;93;78;83;77
1380.0;372;341;213;200;192;207;84;86;82;90;94;81;83;75
1386.0;372;339;214;198;192;209;79;88;83;93;96;83;83;71
1392.0;374;344;214;198;193;211;81;85;79;92;86;83;90;70
1398.0;375;344;211;198;189;215;79;84;82;94;85;87;90;67
1404.0;376;345;210;197;193;215;74;86;84;93;88;86;86;67
1410.0;377;346;212;195;195;211;70;88;83;95;86;89;89;64
1416.0;374;345;210;194;197;213;70;86;86;99;85;89;89;63
1422.0;371;345;206;194;197;213;70;88;81;98;89;88;94;66
1428.0;373;344;204;194;195;213;77;88;82;94;89;85;96;66
1434.0;373;340;200;193;195;216;77;88;82;98;92;88;98;60
1440.0;370;332;204;195;195;215;71;88;83;99;95;91;102;60
1446.0;372;337;200;197;194;219;70;86;79;96;92;92;105;61
1452.0;368;339;205;198;192;218;70;84;78;94;93;94;105;62
1458.0;368;343;208;196;194;216;70;84;74;95;93;93;104;62
1464.0;363;344;208;197;195;216;71;86;78;93;93;89;106;61
1470.0;363;342;205;196;196;219;72;88;76;92;93;89;106;63
1476.0;359;342;207;197;203;214;77;88;71;93;93;93;101;62
1482.0;361;341;207;194;207;215;78;87;69;92;91;92;102;64
1488.0;366;341;205;195;207;211;76;87;74;94;89;90;102;63
1494.0;367;340;209;193;208;206;79;87;77;93;86;91;104;60
1500.0;366;342;206;197;204;211;80;84;78;89;87;88;102;66
1506.0;367;341;206;201;198;207;82;85;79;97;84;86;100;67
1512.0;369;346;210;200;197;203;85;83;77;98;83;86;95;68
1518.0;372;349;210;200;196;201;85;81;78;94;84;88;92;70
1524.0;371;349;206;200;190;204;86;84;78;90;82;90;98;72
1530.0;369;353;204;196;192;208;84;81;81;89;87;90;93;73
1536.0;371;356;204;194;197;207;81;83;77;88;89;91;87;75
1542.0;377;357;204;192;202;207;83;82;76;85;84;86;88;77
1548.0;378;359;205;193;199;213;84;80;78;82;85;87;80;77
1554.0;374;358;205;189;200;213;84;82;77;88;84;87;80;79
1560.0;379;355;203;188;203;214;82;81;77;86;86;87;80;79
1566.0;378;352;205;187;205;213;80;82;79;88;87;86;81;77
1572.0;379;349;207;189;204;212;74;84;78;87;92;87;81;77
1578.0;374;350;206;191;207;211;75;84;80;88;93;85;79;77
1584.0;373;351;205;193;207;212;71;83;72;89;94;87;83;80
1590.0;370;353;211;194;198;213;74;81;73;92;92;86;82;81
1596.0;370;353;215;193;198;209;70;84;75;86;94;84;85;84
1602.0;369;357;214;194;200;207;66;88;77;88;92;83;81;84
1608.0;368;357;208;192;204;207;68;87;79;84;93;83;83;87
1614.0;370;359;209;185;204;206;70;84;82;82;95;83;78;93
1620.0;367;361;212;188;202;207;66;87;86;76;96;85;79;88
1626.0;365;361;213;185;202;209;70;87;84;76;93;88;81;86
1632.0;362;360;211;185;202;212;78;82;83;75;98;84;79;89
1638.0;368;362;206;188;202;215;81;80;83;75;98;80;76;86
1644.0;372;362;207;186;204;215;82;78;81;77;96;77;77;86
1650.0;371;361;205;188;206;216;87;80;80;74;95;82;73;82
1656.0;369;359;206;192;203;221;86;79;81;76;95;77;74;82
1662.0;371;356;208;192;200;216;86;79;82;81;92;76;76;85
1668.0;374;357;207;188;199;219;87;83;79;79;95;77;75;81
1674.0;373;357;203;189;198;225;83;85;81;80;92;73;79;82
1680.0;370;361;203;191;194;225;84;83;85;80;92;69;82;81
1686.0;363;361;199;195;193;226;83;84;87;83;91;74;81;80
1692.0;363;358;200;196;193;225;82;82;87;79;91;77;89;78
1698.0;368;361;199;201;192;225;79;77;81;74;92;76;93;82
1704.0;371;358;197;197;190;221;84;80;84;80;91;75;93;79
1710.0;371;356;196;194;190;221;93;81;86;80;87;77;89;79
1716.0;372;354;197;198;189;223;91;83;84;78;85;80;88;78
1722.0;369;356;194;200;187;222;91;83;81;82;85;85;86;79
1728.0;365;356;194;194;184;226;94;77;79;88;87;87;85;84
1734.0;368;356;196;193;191;226;92;77;78;88;86;83;81;85
1740.0;365;358;192;198;192;220;86;77;76;89;87;88;84;88
1746.0;369;358;195;199;191;219;82;79;76;86;91;87;80;88
1752.0;368;357;196;201;189;218;82;80;78;81;96;88;83;83
1758.0;365;361;197;205;191;214;81;79;74;84;94;89;85;81
1764.0;365;356;200;206;192;214;82;76;73;85;100;87;86;78
1770.0;369;358;196;207;190;215;80;71;76;86;102;87;89;74
1776.0;368;354;195;209;191;218;80;66;76;81;102;88;93;79
1782.0;368;356;187;208;193;218;82;65;81;79;101;87;96;79
1788.0;363;360;185;207;199;222;76;69;82;78;102;80;98;79
1794.0;364;365;180;210;199;220;74;70;83;75;101;83;96;80
1800.0;366;370;181;212;198;220;72;76;81;73;92;82;97;80
1806.0;367;368;183;216;196;223;68;75;84;73;91;81;95;80
1812.0;369;360;181;216;201;223;67;76;81;74;93;83;95;81
1818.0;374;364;181;217;202;216;65;78;79;76;92;81;91;84
1824.0;369;365;182;214;207;215;70;80;76;76;91;78;96;81
1830.0;365;366;180;214;207;209;72;79;76;80;92;81;101;78
1836.0;361;363;185;216;211;209;71;79;78;83;89;80;100;75
1842.0;363;365;184;215;207;203;72;81;79;82;90;78;100;81
1848.0;364;368;183;214;208;202;71;81;82;81;92;78;97;79
1854.0;366;371;183;217;211;201;69;81;86;84;86;77;96;72
1860.0;366;371;180;216;213;203;70;80;88;85;87;78;92;71
1866.0;366;369;178;216;214;204;74;77;88;87;86;77;92;72
1872.0;370;368;183;217;214;203;76;74;84;85;86;79;90;71
1878.0;368;365;183;213;214;207;76;78;88;85;84;83;87;69
1884.0;366;365;185;216;214;206;76;79;87;84;84;83;87;68
1890.0;366;366;187;222;215;202;70;79;86;87;79;86;88;67
1896.0;364;367;184;221;219;202;74;81;83;87;77;87;85;69
1902.0;359;369;186;221;218;208;74;78;86;87;76;89;81;68
1908.0;358;370;189;219;220;210;81;75;84;83;76;90;79;66
1914.0;362;370;186;220;218;207;83;77;89;84;77;83;78;66
1920.0;360;372;184;221;216;204;80;79;88;83;74;87;82;70
1926.0;357;372;187;220;216;204;79;77;89;80;77;88;82;72
1932.0;358;374;187;219;214;205;78;81;89;82;76;90;80;67
1938.0;361;380;187;217;209;207;76;80;87;81;77;88;80;70
1944.0;360;380;187;222;205;207;80;81;82;86;77;86;81;66
1950.0;356;380;184;223;206;204;78;82;83;87;74;90;82;71
1956.0;352;380;187;221;201;206;75;86;83;88;76;88;86;71
1962.0;354;376;189;222;202;204;77;85;81;87;73;87;88;75
1968.0;353;374;191;217;208;207;74;85;79;90;75;87;87;73
1974.0;353;372;190;216;211;210;75;84;79;90;78;85;83;74
