#auto generated file!
12.0;85;69;67;82;85;64;58;67;81;64;80;64;62;72
18.0;84;70;65;84;83;64;59;63;82;64;81;64;64;73
24.0;90;72;64;86;83;66;58;62;85;61;80;64;61;68
30.0;91;74;63;87;86;68;58;62;81;61;78;65;62;64
36.0;95;77;65;88;86;68;61;59;75;59;82;64;60;61
42.0;97;77;73;88;86;69;61;59;74;58;79;63;58;58
48.0;99;75;72;92;88;68;59;59;80;56;79;63;55;55
54.0;97;78;73;94;90;72;57;58;78;51;79;63;55;55
60.0;99;81;76;93;94;75;57;55;72;50;80;60;55;53
66.0;99;85;76;92;96;78;54;54;72;49;77;63;55;50
72.0;102;87;79;95;97;80;52;52;77;45;73;57;52;52
78.0;106;90;79;99;95;78;52;52;77;45;68;58;48;53
84.0;106;91;80;100;96;81;55;51;78;43;64;59;42;54
90.0;108;91;82;99;98;83;55;51;74;41;65;58;40;55
96.0;109;96;84;99;98;79;54;50;74;42;67;61;36;51
102.0;110;94;84;101;99;82;55;52;70;40;68;62;34;49
108.0;109;96;85;97;104;83;54;52;68;41;64;66;32;49
114.0;107;101;87;98;105;85;53;53;66;37;64;65;33;46
120.0;107;101;87;101;103;86;51;52;64;39;64;66;34;45
126.0;109;104;88;99;102;86;51;50;61;41;59;64;36;50
132.0;113;104;86;99;99;85;53;50;59;39;57;63;42;51
138.0;113;105;85;101;96;86;54;46;60;41;54;63;45;51
144.0;117;106;85;98;97;87;54;42;63;43;51;64;46;47
150.0;123;109;89;98;97;90;51;41;60;43;51;59;44;45
156.0;125;107;90;99;96;91;52;41;60;48;48;57;43;43
162.0;125;108;91;106;96;90;47;41;59;47;46;56;45;43
168.0;127;108;90;108;94;89;48;41;59;49;47;55;41;44
174.0;128;109;88;109;94;91;44;45;62;44;45;57;40;44
180.0;128;109;88;109;93;92;45;42;64;45;46;56;42;41
186.0;125;112;88;109;94;93;48;40;63;48;43;54;41;42
192.0;128;113;89;109;94;93;48;38;61;49;43;52;41;42
198.0;134;112;88;111;98;93;47;36;62;49;41;48;41;40
204.0;135;110;92;111;97;97;47;33;59;49;43;49;39;39
210.0;135;113;89;113;95;98;47;34;58;47;43;47;41;40
216.0;133;112;88;115;95;97;46;34;59;47;45;47;41;41
222.0;135;113;88;115;93;98;45;33;62;46;43;46;42;41
228.0;134;113;89;115;95;95;44;36;62;49;42;42;44;40
234.0;134;116;88;115;97;97;43;35;62;48;40;39;45;41
240.0;139;116;86;115;98;95;45;34;57;47;41;40;43;44
246.0;138;117;85;116;100;97;44;36;57;46;39;39;43;43
252.0;139;119;82;116;101;102;41;36;53;43;42;41;41;44
258.0;143;120;82;116;97;103;38;37;56;45;41;41;41;40
264.0;145;121;80;114;98;103;41;36;58;47;40;41;36;40
270.0;144;121;82;115;98;104;39;35;60;46;39;41;36;40
276.0;143;119;83;116;101;103;38;35;61;47;38;39;35;42
282.0;145;119;83;117;101;103;39;33;61;46;36;37;36;44
288.0;143;120;82;118;101;104;41;31;60;44;36;39;38;43
294.0;147;123;84;117;100;102;41;32;56;44;34;39;37;44
300.0;148;121;85;118;99;101;37;35;56;43;36;40;36;45
306.0;151;123;86;115;101;97;37;36;52;43;38;41;36;44
312.0;153;123;87;114;100;98;37;40;47;43;37;41;36;44
318.0;155;123;89;112;102;94;35;40;48;43;37;42;37;43
324.0;152;124;90;110;101;95;35;37;51;41;37;46;38;43
330.0;151;125;91;109;102;93;38;38;47;44;34;47;38;43
336.0;152;127;89;110;99;94;37;42;51;46;32;42;37;42
342.0;155;123;88;111;97;94;37;42;51;45;34;45;38;40
348.0;155;122;89;111;99;95;36;45;51;43;31;45;40;38
354.0;157;123;90;109;99;95;35;46;50;44;31;41;42;38
360.0;154;124;90;109;100;92;35;46;51;47;33;39;41;39
366.0;154;121;93;113;95;90;37;45;48;47;35;39;44;39
372.0;152;121;94;113;94;94;35;47;48;44;33;40;44;41
378.0;152;123;93;113;94;94;34;47;49;44;35;39;46;37
384.0;152;126;94;114;95;93;35;45;49;41;35;40;44;37
390.0;153;129;94;115;91;94;37;43;49;40;34;39;44;38
396.0;153;130;94;111;92;91;38;46;50;41;35;38;42;39
402.0;154;127;93;114;91;89;37;49;54;43;34;38;39;38
408.0;155;127;95;113;89;90;40;48;52;45;33;35;36;42
414.0;155;130;98;114;85;88;41;45;50;47;33;37;37;40
420.0;154;132;100;115;84;92;43;43;51;46;33;38;32;37
426.0;156;131;95;110;84;93;46;44;50;44;34;38;36;39
432.0;157;132;96;109;85;96;46;42;51;44;30;35;36;41
438.0;161;130;100;111;88;93;43;43;51;41;29;39;34;37
444.0;160;131;98;111;89;93;44;42;51;40;31;39;36;35
450.0;161;132;98;110;88;91;44;45;50;40;32;37;38;34
456.0;157;131;96;112;92;91;44;43;49;40;34;38;39;34
462.0;156;133;97;113;92;91;44;44;48;39;33;37;40;33
468.0;156;133;98;115;90;92;43;41;48;39;33;38;40;34
474.0;158;131;103;112;91;93;44;39;50;37;33;36;40;33
480.0;158;132;104;111;91;93;44;39;47;38;33;35;41;34
486.0;157;129;104;110;92;95;43;41;47;38;31;34;42;37
492.0;162;133;103;108;90;95;44;39;47;37;30;35;41;36
498.0;163;134;103;106;92;93;44;38;46;37;30;35;41;38
504.0;162;131;100;103;92;89;46;38;48;39;31;38;44;39
510.0;163;133;100;101;94;89;49;37;46;39;33;39;43;34
516.0;167;135;100;100;90;85;43;35;49;41;35;40;44;36
522.0;167;137;99;99;88;86;41;37;47;40;37;44;43;35
528.0;170;139;97;98;89;89;39;37;45;40;36;44;40;37
534.0;171;138;95;98;90;88;40;38;47;37;37;45;40;36
540.0;169;138;95;96;90;87;40;38;45;38;37;47;43;37
546.0;170;139;94;94;91;87;42;37;45;38;41;43;40;39
552.0;172;136;91;97;90;89;36;39;44;36;42;45;43;40
558.0;170;134;94;97;88;89;37;38;45;35;43;45;46;39
564.0;171;133;96;99;90;91;33;35;44;34;44;44;46;40
570.0;171;133;95;100;89;91;33;34;43;36;43;45;46;41
576.0;172;134;94;103;87;91;34;34;42;34;45;44;45;41
582.0;173;137;94;103;87;90;34;33;41;36;44;44;45;39
588.0;172;137;95;103;87;89;34;35;43;35;44;42;48;36
594.0;169;137;96;103;91;90;37;34;42;35;41;42;48;35
600.0;169;137;95;104;92;94;37;35;43;35;38;40;46;35
606.0;168;137;95;104;92;97;35;34;41;34;41;41;46;35
612.0;172;137;96;102;92;98;39;36;38;34;40;40;41;35
618.0;173;140;95;104;91;97;37;37;38;33;43;37;41;34
624.0;174;142;91;105;91;98;34;39;40;30;42;35;40;39
630.0;174;138;90;104;92;99;36;41;39;30;40;36;42;39
636.0;179;139;88;102;88;97;34;42;41;31;43;34;44;38
642.0;181;138;90;106;91;95;33;39;39;31;41;34;44;38
648.0;181;140;92;105;91;94;33;41;38;28;40;33;46;38
654.0;180;141;92;106;90;94;34;42;35;26;39;35;49;37
660.0;183;142;91;104;88;92;36;43;32;28;38;35;50;38
666.0;182;143;95;102;91;91;36;40;35;27;39;34;48;37
672.0;178;147;95;102;92;91;35;41;34;28;38;34;47;38
678.0;178;146;94;100;89;91;36;41;37;29;36;35;48;40
684.0;176;146;94;101;89;93;34;40;35;29;37;44;48;34
690.0;177;146;93;102;87;92;33;42;33;33;39;42;48;33
696.0;179;145;96;101;85;91;33;40;33;34;40;42;46;35
702.0;180;142;94;100;86;89;35;42;36;34;39;41;47;35
708.0;180;142;93;97;87;91;36;45;34;33;39;42;48;33
714.0;181;144;90;99;86;89;35;45;34;31;41;40;49;36
720.0;178;145;90;99;88;88;36;46;31;31;41;40;49;38
726.0;179;145;89;103;86;88;36;46;29;34;40;39;47;39
732.0;179;143;89;104;87;89;36;48;29;34;41;38;48;35
738.0;179;144;89;101;89;91;36;50;26;36;42;37;45;35
744.0;181;143;84;100;89;92;36;50;27;34;43;35;48;38
750.0;180;144;87;104;87;93;36;50;27;28;44;35;50;35
756.0;179;143;88;106;89;92;39;48;27;26;45;31;53;34
762.0;179;142;87;104;87;89;44;47;29;26;44;34;53;35
768.0;176;139;87;102;87;89;46;47;33;28;44;35;54;33
774.0;174;138;86;103;87;88;47;48;33;30;44;36;56;30
780.0;177;139;86;102;87;84;47;46;34;30;45;35;57;31
786.0;178;133;89;100;87;87;47;48;35;29;47;34;54;32
792.0;177;136;90;100;86;86;46;49;35;29;47;30;53;36
798.0;175;135;91;99;87;86;46;51;33;29;46;34;53;35
804.0;176;137;89;101;89;84;43;52;31;28;46;35;54;35
810.0;178;138;90;103;89;83;40;54;29;26;46;34;55;35
816.0;177;144;91;103;88;83;40;48;30;26;47;33;56;34
822.0;181;143;92;103;88;80;42;48;31;27;46;33;53;33
828.0;176;146;93;103;86;80;42;46;30;29;47;36;53;33
834.0;175;145;94;103;87;80;42;48;30;31;46;37;53;29
840.0;176;147;94;105;84;79;43;45;28;29;47;37;57;29
846.0;179;145;93;104;84;79;44;47;28;29;44;39;56;29
852.0;179;145;89;105;86;78;44;47;30;27;47;39;54;30
858.0;180;145;91;103;86;78;43;47;34;28;44;39;54;28
864.0;179;145;91;104;87;78;41;46;32;29;42;41;56;29
870.0;180;145;90;106;90;78;37;46;29;30;41;43;56;29
876.0;179;145;90;105;90;78;40;47;27;33;41;41;55;29
882.0;180;145;91;106;92;78;41;43;28;34;40;39;54;29
888.0;180;144;90;108;94;81;42;41;28;32;41;40;53;26
894.0;180;141;86;109;93;81;42;41;29;33;41;41;57;26
900.0;181;138;86;112;87;81;45;41;29;33;41;43;54;29
906.0;182;140;86;113;87;81;43;38;29;32;43;42;53;31
912.0;179;141;86;115;85;81;44;38;30;36;41;39;52;33
918.0;179;142;86;113;86;82;47;36;31;35;42;41;47;33
924.0;176;144;87;112;89;83;47;34;30;35;44;41;45;33
930.0;174;145;86;113;89;82;48;33;27;35;46;42;44;36
936.0;175;144;88;112;88;86;48;34;27;32;45;41;43;37
942.0;177;145;89;113;89;87;48;34;28;31;43;42;38;36
948.0;176;146;91;116;90;88;47;31;28;31;46;37;38;35
954.0;177;143;91;113;90;89;46;33;29;34;46;36;35;38
960.0;177;141;94;112;91;90;46;34;30;33;49;35;33;35
966.0;176;139;96;110;89;94;47;36;30;37;49;34;31;32
972.0;178;142;96;110;84;96;46;36;29;39;50;33;29;32
978.0;177;142;95;111;85;95;46;35;28;40;49;35;30;32
984.0;178;140;101;108;89;96;43;38;29;40;47;33;29;29
990.0;177;140;102;108;94;95;41;34;27;40;48;33;30;31
996.0;178;139;100;106;95;96;40;34;31;38;48;32;32;31
1002.0;178;138;100;105;94;96;42;35;31;41;44;33;32;31
1008.0;180;139;102;104;93;94;40;36;31;42;47;28;32;32
1014.0;180;141;98;106;94;92;36;40;34;42;43;27;35;32
1020.0;178;143;100;105;93;93;36;40;35;40;42;28;34;33
1026.0;175;143;104;105;92;93;35;42;36;37;44;27;34;33
1032.0;171;144;101;105;89;95;37;42;37;37;43;31;35;33
1038.0;170;144;100;104;86;96;35;44;38;40;44;32;33;34
1044.0;171;148;99;101;87;92;35;43;39;41;45;31;34;34
1050.0;172;148;101;102;85;92;35;39;38;44;45;30;35;34
1056.0;174;151;101;99;81;93;34;39;37;48;46;30;35;32
1062.0;174;149;100;98;82;91;34;40;36;50;49;28;37;32
1068.0;173;146;100;102;81;91;35;37;36;50;49;29;38;33
1074.0;176;145;102;102;81;88;33;39;37;45;49;31;39;33
1080.0;174;146;104;100;83;87;32;39;40;45;46;32;39;33
1086.0;176;147;102;101;81;89;31;35;37;45;47;33;42;34
1092.0;177;146;103;99;82;91;31;37;34;42;48;34;42;34
1098.0;176;145;103;99;84;93;30;37;34;42;47;34;42;34
1104.0;173;147;106;100;83;92;31;37;36;40;45;35;39;36
1110.0;173;148;106;99;83;93;30;32;39;42;46;35;36;38
1116.0;174;147;112;99;82;93;29;33;38;42;45;35;34;37
1122.0;172;147;111;102;84;94;28;31;35;41;49;36;33;37
1128.0;175;146;107;101;88;93;30;30;32;44;47;40;30;37
1134.0;174;147;106;99;91;92;31;28;31;45;46;40;31;39
1140.0;173;148;106;98;92;92;31;27;32;44;46;39;30;42
1146.0;171;147;107;99;92;90;30;28;32;43;44;40;34;43
1152.0;170;147;106;101;93;89;27;30;33;41;44;39;36;44
1158.0;171;147;105;102;90;88;28;31;37;42;43;41;34;41
1164.0;172;147;108;102;88;87;30;30;37;44;43;39;32;41
1170.0;173;149;106;102;89;87;34;31;39;40;41;37;30;42
1176.0;171;152;107;100;91;84;32;30;40;41;40;39;32;41
1182.0;177;151;103;101;89;83;31;31;38;42;39;38;35;42
1188.0;178;151;101;100;91;83;30;32;36;42;41;39;33;43
1194.0;179;153;98;100;87;84;30;32;38;41;44;41;32;41
1200.0;180;153;100;101;85;82;31;31;38;42;43;38;38;38
1206.0;177;153;98;102;83;82;33;33;38;42;45;40;36;38
1212.0;176;153;99;103;84;83;32;33;37;39;45;40;38;38
1218.0;178;151;97;102;86;85;33;33;39;38;47;38;39;34
1224.0;176;153;96;101;85;85;35;36;37;38;48;39;35;36
1230.0;176;154;97;102;87;85;33;34;35;40;45;41;36;35
1236.0;176;151;98;101;89;86;30;35;32;41;44;40;39;38
1242.0;175;149;94;105;88;87;32;35;34;40;42;42;38;39
1248.0;177;145;95;105;90;88;32;35;32;43;40;43;34;41
1254.0;173;143;93;105;87;90;34;39;30;44;41;42;37;42
1260.0;175;142;92;103;85;92;36;39;30;41;41;41;40;43
1266.0;176;142;95;102;84;91;37;35;31;41;40;42;39;45
1272.0;174;143;98;100;83;91;36;35;33;42;38;43;38;46
1278.0;171;144;98;102;84;93;33;36;33;43;39;43;34;47
1284.0;170;146;101;103;86;94;32;35;33;44;36;41;32;47
1290.0;169;147;100;104;84;95;38;33;28;45;36;41;30;50
1296.0;167;145;100;103;86;92;39;33;28;46;37;41;33;50
1302.0;168;143;98;101;86;97;37;36;31;44;37;38;34;50
1308.0;168;144;97;103;86;98;35;38;29;46;36;35;34;51
1314.0;172;145;98;101;88;95;33;39;29;46;32;35;33;54
1320.0;173;148;95;99;87;92;35;40;32;45;33;35;32;54
1326.0;172;148;96;99;87;93;39;42;32;41;31;41;28;51
1332.0;171;147;99;95;89;91;41;44;33;40;31;42;28;49
1338.0;174;149;99;94;88;89;41;43;34;42;29;43;28;47
1344.0;174;149;100;94;86;91;40;44;34;41;27;40;32;48
1350.0;175;150;100;96;84;90;36;50;34;40;29;41;32;43
1356.0;174;152;103;93;84;91;37;51;34;38;30;40;32;41
1362.0;175;152;103;94;85;91;37;49;34;38;31;40;33;38
1368.0;177;152;103;97;82;92;38;44;33;38;31;38;34;41
1374.0;175;152;104;96;79;93;39;49;35;37;32;39;32;38
1380.0;172;151;108;92;78;92;39;48;36;38;34;41;31;40
1386.0;169;154;108;92;75;90;40;46;35;41;33;42;34;41
1392.0;167;154;107;92;80;89;40;46;37;43;32;40;34;39
1398.0;169;155;109;90;76;92;41;48;32;41;33;42;33;39
1404.0;166;156;112;90;79;88;40;48;32;41;31;45;32;40
1410.0;166;157;116;91;80;85;38;48;28;42;36;46;28;39
1416.0;168;156;114;89;80;84;38;46;28;42;40;45;30;40
1422.0;167;158;112;92;78;84;39;45;27;42;42;43;29;42
1428.0;168;154;112;93;79;85;38;44;30;42;41;44;30;40
1434.0;168;154;112;96;78;83;39;47;28;43;42;41;29;40
1440.0;168;156;112;96;79;83;38;47;30;37;42;45;28;39
1446.0;167;154;112;99;80;82;38;45;31;35;41;44;30;42
1452.0;168;155;112;98;80;84;38;46;29;34;40;44;28;44
1458.0;164;153;110;100;82;87;36;47;30;35;40;46;27;43
1464.0;162;152;107;101;84;86;39;47;30;35;40;46;28;43
1470.0;169;150;105;100;78;88;39;49;29;35;40;47;30;41
1476.0;169;149;104;94;82;90;41;50;29;35;36;49;31;41
1482.0;171;148;101;96;81;93;40;46;28;36;35;49;33;43
1488.0;168;146;105;93;82;96;43;46;28;35;37;46;31;44
1494.0;167;145;106;95;81;94;42;47;28;35;36;45;31;48
1500.0;166;145;108;95;84;94;43;43;30;33;34;46;32;47
1506.0;167;143;106;94;82;96;45;44;32;33;33;45;31;49
1512.0;167;145;108;95;80;94;46;47;32;31;33;44;31;47
1518.0;165;147;107;96;80;91;46;46;32;32;35;45;32;46
1524.0;165;146;109;97;81;91;45;46;31;32;36;44;34;43
1530.0;163;150;110;92;81;90;46;49;32;32;36;42;34;43
1536.0;162;149;110;95;79;89;50;53;34;30;33;41;33;42
1542.0;163;151;108;95;76;92;50;48;37;29;32;42;33;44
1548.0;165;153;107;93;78;92;51;50;35;29;32;41;33;41
1554.0;165;155;108;93;78;91;53;51;35;30;31;39;30;41
1560.0;168;151;105;94;78;90;56;54;35;31;32;37;29;40
1566.0;172;151;104;95;79;90;53;54;34;30;32;37;29;40
1572.0;168;150;103;95;79;93;54;54;35;30;32;37;30;40
1578.0;169;149;104;97;78;95;49;56;36;32;29;34;31;41
1584.0;168;149;103;97;79;94;48;56;37;35;31;31;29;43
1590.0;168;149;103;97;80;93;49;57;37;37;32;30;28;40
1596.0;167;149;103;98;82;95;50;55;38;34;31;31;30;37
1602.0;165;151;104;96;82;93;48;55;38;33;32;32;32;39
1608.0;165;149;101;96;82;93;51;54;37;36;33;32;32;39
1614.0;162;152;103;96;83;93;48;56;36;35;32;32;35;37
1620.0;162;152;102;96;84;92;45;57;37;38;32;33;34;36
1626.0;163;150;103;95;82;93;48;54;35;35;34;38;34;36
1632.0;164;149;103;97;85;92;47;50;33;34;35;37;37;37
1638.0;163;150;102;95;83;94;46;49;38;33;38;35;36;38
1644.0;163;149;98;96;86;98;47;46;40;32;39;35;34;37
1650.0;162;148;99;96;89;94;49;47;41;29;38;39;34;35
1656.0;161;149;99;91;92;98;49;45;47;29;38;36;34;32
1662.0;162;150;100;92;92;95;47;44;44;30;38;38;36;32
1668.0;164;151;98;87;96;94;46;48;42;32;39;39;36;28
1674.0;164;150;96;87;96;94;50;46;43;33;38;38;35;30
1680.0;166;152;93;85;100;93;50;48;46;32;38;35;33;29
1686.0;166;157;93;83;98;92;49;47;48;34;36;33;34;30
1692.0;163;158;93;85;101;90;52;46;52;30;39;33;33;25
1698.0;163;159;94;89;101;90;53;44;51;28;36;31;33;28
1704.0;162;159;90;90;103;89;53;42;52;28;36;33;34;29
1710.0;165;158;92;90;106;88;53;40;52;27;34;32;34;29
1716.0;166;161;92;89;105;87;55;38;48;28;35;31;34;31
1722.0;165;164;90;91;105;88;54;37;47;29;35;27;33;35
1728.0;165;163;92;90;107;90;52;36;44;28;34;29;34;36
1734.0;164;162;92;91;105;90;51;36;45;28;33;31;38;34
1740.0;164;165;96;89;105;87;52;37;43;29;29;32;38;34
1746.0;165;166;95;91;104;92;53;37;39;27;30;34;35;32
1752.0;164;166;95;88;104;94;54;38;39;30;27;35;35;31
1758.0;163;165;96;87;104;99;53;35;39;29;30;35;34;31
1764.0;160;166;94;89;105;99;51;36;40;29;30;36;33;32
1770.0;160;166;95;89;105;99;49;36;40;30;30;38;32;31
1776.0;159;168;95;88;105;99;49;37;37;34;29;38;30;32
1782.0;160;166;97;86;104;99;49;39;36;30;31;40;27;36
1788.0;158;169;97;86;106;101;47;37;33;29;32;40;28;37
1794.0;155;168;97;84;108;104;48;37;33;29;31;42;27;37
1800.0;156;167;96;84;115;105;47;34;30;29;30;40;29;38
1806.0;156;168;99;84;116;106;44;32;29;29;33;42;26;36
1812.0;154;168;100;83;114;108;48;30;30;30;32;40;28;35
1818.0;153;167;99;83;117;109;49;31;27;31;32;40;28;34
1824.0;152;165;100;83;120;109;47;32;28;30;33;39;27;35
1830.0;155;164;98;84;121;106;47;28;27;35;28;43;27;37
1836.0;154;162;102;81;124;102;47;32;26;36;30;40;29;35
1842.0;155;162;104;83;125;100;45;30;27;34;31;41;29;34
1848.0;157;163;102;81;121;99;49;29;28;35;31;41;30;34
1854.0;156;158;103;81;121;99;48;29;29;37;31;44;33;31
1860.0;157;159;100;79;121;99;49;31;27;42;33;42;31;30
1866.0;161;160;99;79;122;99;47;30;26;43;32;42;32;28
1872.0;160;161;95;81;120;99;47;32;24;45;33;43;34;26
1878.0;161;161;98;81;118;100;50;29;25;44;31;41;35;26
1884.0;158;161;98;83;115;97;49;32;26;43;32;44;36;26
1890.0;158;162;96;87;115;97;46;32;26;42;33;43;36;27
1896.0;155;163;96;89;115;98;46;33;28;42;31;44;36;24
1902.0;159;162;97;90;113;103;45;31;28;41;30;44;34;23
1908.0;157;159;98;89;115;106;46;32;27;40;29;44;35;23
1914.0;158;156;100;87;117;106;41;31;29;40;29;45;37;24
1920.0;155;158;101;89;121;108;37;26;31;38;29;44;37;26
1926.0;153;157;99;88;122;114;39;27;32;38;30;42;35;24
1932.0;152;156;100;87;121;113;40;27;31;39;30;42;33;29
1938.0;151;157;97;87;119;113;39;31;32;39;33;42;32;28
1944.0;152;159;95;86;118;111;38;32;32;39;34;38;33;33
1950.0;151;160;100;80;122;108;35;32;35;38;33;41;33;32
1956.0;150;157;102;80;122;107;35;32;35;39;34;44;35;28
1962.0;149;155;103;81;118;108;36;34;34;34;39;45;34;30
1968.0;145;154;107;81;118;108;35;36;34;35;38;44;33;32
1974.0;145;152;106;84;119;105;37;36;35;34;35;45;35;32
