#auto generated file!
12.0;154;123;130;119;148;137;127;121;132;118;133;120;114;124
18.0;158;125;131;119;151;139;126;114;131;120;128;117;111;130
24.0;161;128;136;118;154;142;120;110;133;115;130;115;110;128
30.0;166;136;143;122;155;139;119;109;128;111;130;108;109;125
36.0;168;138;147;127;156;142;111;110;123;108;127;108;112;123
42.0;173;142;146;129;154;151;108;110;118;110;126;107;108;118
48.0;171;145;151;135;155;155;102;108;120;111;125;105;100;117
54.0;173;148;153;133;152;160;102;106;121;110;123;105;102;112
60.0;173;154;153;134;151;158;103;105;121;106;125;105;103;109
66.0;174;156;158;134;151;153;105;104;117;109;124;105;100;110
72.0;175;160;157;136;154;154;106;99;115;115;118;104;98;109
78.0;176;164;159;139;159;155;97;101;117;111;112;102;99;109
84.0;181;161;158;141;156;158;100;99;116;111;109;106;102;102
90.0;187;163;161;141;157;156;100;99;118;108;105;102;105;98
96.0;188;168;163;143;160;154;101;98;114;107;105;101;103;95
102.0;188;168;160;144;160;156;101;98;113;107;105;103;106;91
108.0;188;168;164;144;158;158;99;95;114;105;108;100;105;94
114.0;190;169;169;144;158;155;103;88;114;106;110;99;103;92
120.0;189;169;171;147;164;159;100;87;109;100;105;101;103;96
126.0;190;169;169;147;163;162;101;91;105;101;103;102;103;94
132.0;188;169;171;148;165;161;101;91;102;101;106;101;102;94
138.0;191;167;173;151;167;163;102;92;99;98;106;100;96;95
144.0;193;169;173;154;169;159;97;92;101;94;106;102;95;96
150.0;198;170;168;152;174;155;98;91;99;97;103;104;95;96
156.0;199;168;167;155;177;154;94;86;95;99;103;104;102;97
162.0;200;172;167;158;180;153;93;91;93;99;104;98;98;94
168.0;201;175;170;159;182;152;92;89;93;100;105;94;90;98
174.0;199;175;172;162;180;151;91;90;91;101;106;94;90;98
180.0;202;175;171;165;181;154;93;92;90;100;103;90;88;96
186.0;200;175;171;165;180;152;97;94;88;100;104;88;88;98
192.0;200;174;170;164;179;154;101;97;90;98;102;85;91;95
198.0;204;176;172;166;176;155;97;96;91;96;103;87;90;91
204.0;203;180;176;166;177;147;92;96;90;96;103;83;94;97
210.0;202;183;177;167;177;148;90;97;90;92;102;85;94;96
216.0;204;185;182;163;176;152;90;94;90;93;103;87;92;89
222.0;206;184;182;165;175;153;86;93;86;97;103;86;95;89
228.0;206;189;182;161;171;155;84;96;86;96;103;86;97;88
234.0;210;191;179;164;173;154;91;99;85;95;103;81;89;86
240.0;212;192;183;166;171;159;91;98;81;95;98;83;89;82
246.0;218;194;181;167;171;157;96;97;84;89;96;80;87;83
252.0;220;200;183;164;173;150;94;97;84;89;96;81;87;82
258.0;220;205;182;168;174;149;94;95;79;87;96;82;89;80
264.0;221;208;180;164;174;156;90;89;81;88;96;85;87;81
270.0;224;207;178;162;176;161;93;86;76;87;95;83;86;86
276.0;228;207;178;161;180;158;93;87;72;88;97;83;85;83
282.0;225;214;183;158;180;155;97;83;74;87;94;85;86;79
288.0;225;218;183;159;183;151;95;86;77;87;83;87;85;81
294.0;225;220;182;155;184;148;91;81;79;86;85;91;89;84
300.0;227;220;180;158;184;148;87;84;78;88;78;96;90;82
306.0;230;223;181;159;186;148;87;79;77;85;83;95;89;78
312.0;231;221;179;157;190;146;87;80;76;87;83;93;92;78
318.0;233;218;185;160;190;144;87;77;76;82;81;97;92;78
324.0;235;220;188;160;191;146;86;75;78;81;83;87;94;76
330.0;240;223;188;163;189;145;83;78;78;77;82;85;90;79
336.0;243;227;192;163;185;148;82;76;76;77;82;82;88;79
342.0;242;227;194;163;188;145;83;74;74;80;83;84;86;77
348.0;245;229;192;167;187;145;88;74;77;81;79;81;84;71
354.0;242;227;193;172;186;148;90;74;76;82;77;82;81;70
360.0;242;230;196;171;182;148;87;74;80;79;73;87;80;71
366.0;242;226;192;172;177;145;87;78;85;82;77;86;82;69
372.0;248;229;193;169;173;142;88;75;85;82;77;77;87;75
378.0;247;229;192;168;176;143;89;77;85;78;75;77;88;76
384.0;247;231;192;171;177;146;89;78;81;78;74;76;86;74
390.0;250;231;190;175;176;145;91;78;76;80;71;73;86;78
396.0;251;234;188;173;180;148;85;74;76;77;72;76;87;79
402.0;247;240;191;173;177;146;85;72;77;80;74;72;85;81
408.0;247;241;187;168;189;137;83;72;80;78;72;77;85;84
414.0;241;245;188;164;190;140;82;72;88;81;71;80;81;77
420.0;239;246;192;162;192;141;82;69;86;79;70;81;80;81
426.0;240;246;191;157;192;145;79;69;85;78;76;80;83;79
432.0;239;247;184;158;194;142;75;70;86;80;78;84;85;78
438.0;245;250;185;159;198;143;75;69;89;74;77;81;81;74
444.0;242;248;184;157;194;144;77;77;89;80;78;77;82;71
450.0;246;246;182;160;194;145;78;73;88;79;71;81;83;74
456.0;243;245;181;163;196;145;84;74;88;74;69;80;82;76
462.0;245;242;179;163;198;145;84;78;86;71;72;78;85;74
468.0;247;238;184;158;200;144;81;80;84;73;74;78;91;68
474.0;245;239;186;161;199;143;79;82;77;73;76;77;91;72
480.0;249;241;189;159;195;146;79;80;73;69;80;77;90;73
486.0;247;242;185;166;192;144;79;84;72;69;82;73;87;78
492.0;250;241;187;162;190;149;78;83;68;69;84;74;86;79
498.0;247;240;188;163;194;148;75;86;66;71;81;73;86;82
504.0;247;238;186;163;196;152;76;89;63;74;79;73;82;82
510.0;246;241;184;168;196;151;77;88;61;72;79;74;81;82
516.0;250;242;182;167;197;155;75;91;61;69;81;75;77;78
522.0;251;244;186;164;193;157;73;91;60;69;81;75;77;79
528.0;252;244;190;162;191;155;77;90;61;71;77;77;76;77
534.0;255;246;184;165;192;154;78;91;66;66;73;78;77;75
540.0;258;247;187;161;195;158;72;92;63;70;70;76;80;71
546.0;260;244;189;162;194;161;70;89;64;71;73;75;77;71
552.0;255;244;194;159;192;162;73;87;66;67;73;81;77;70
558.0;252;244;191;162;190;164;73;89;60;68;76;83;75;73
564.0;257;244;188;160;189;166;72;90;63;69;72;79;76;75
570.0;261;250;185;163;182;166;68;92;64;71;76;72;73;77
576.0;262;251;186;164;178;169;66;90;66;70;75;77;70;76
582.0;266;251;184;162;177;171;69;85;69;71;72;77;70;76
588.0;267;251;184;159;179;173;71;80;71;73;73;75;69;75
594.0;268;249;181;164;179;172;72;77;71;75;70;76;68;78
600.0;271;252;182;161;183;171;74;76;71;77;66;75;64;77
606.0;270;249;184;163;184;170;78;77;70;82;65;69;61;78
612.0;270;254;184;164;178;167;78;79;72;78;65;70;62;79
618.0;270;257;180;166;185;167;82;77;68;77;62;70;63;76
624.0;271;253;183;167;182;169;83;74;67;78;61;70;69;73
630.0;271;251;183;167;181;169;82;77;66;73;62;75;68;75
636.0;272;255;184;164;180;169;79;81;68;71;61;76;66;74
642.0;275;257;190;167;178;165;72;80;69;72;58;79;66;72
648.0;272;259;189;167;175;167;75;81;71;68;59;76;73;68
654.0;274;258;187;169;174;167;71;80;74;69;58;78;72;69
660.0;274;261;188;173;173;164;68;81;75;70;56;73;71;73
666.0;273;258;188;173;174;167;66;81;80;71;54;75;72;68
672.0;273;261;189;171;173;165;60;83;82;73;54;74;74;68
678.0;271;265;186;173;174;167;60;83;78;72;55;75;74;67
684.0;269;269;185;176;176;166;58;80;76;71;58;76;74;66
690.0;268;269;184;173;179;169;59;76;72;73;63;74;73;68
696.0;268;270;187;176;169;170;59;82;72;73;63;73;71;67
702.0;267;272;188;176;168;169;61;80;73;70;67;72;70;67
708.0;270;275;184;177;164;165;66;82;75;67;64;70;71;70
714.0;268;274;182;178;165;165;69;80;78;71;62;67;71;70
720.0;272;274;182;181;167;163;65;79;77;69;63;65;69;74
726.0;274;275;180;178;168;161;65;79;76;67;66;68;71;72
732.0;281;279;183;178;168;158;61;78;75;69;64;63;68;75
738.0;280;278;185;178;168;161;59;81;70;64;68;63;71;74
744.0;281;279;182;179;168;158;59;80;69;66;66;61;73;79
750.0;284;274;183;175;163;157;58;84;72;66;70;62;71;81
756.0;281;274;182;177;157;155;67;83;74;66;65;66;76;77
762.0;278;279;181;176;158;154;71;83;75;64;64;69;74;74
768.0;283;279;178;174;159;153;72;85;75;64;64;70;75;69
774.0;281;278;175;169;161;152;74;88;77;63;66;67;79;70
780.0;280;278;181;168;161;155;73;89;76;60;63;71;76;69
786.0;282;279;183;165;164;158;76;84;75;62;58;67;76;71
792.0;280;275;183;163;165;163;75;86;77;62;56;67;81;67
798.0;281;271;182;163;169;162;76;84;77;60;56;69;79;71
804.0;284;274;180;163;168;163;76;81;71;57;62;71;78;72
810.0;283;274;179;161;170;167;81;79;68;58;61;71;77;71
816.0;286;275;172;158;172;166;84;77;65;60;61;69;81;74
822.0;285;279;173;158;172;168;83;76;62;60;59;68;83;74
828.0;287;274;176;158;169;167;80;76;63;62;57;73;87;71
834.0;285;281;175;157;171;167;76;75;64;67;56;71;88;67
840.0;284;282;176;155;167;166;75;73;65;65;62;71;91;68
846.0;282;287;174;154;167;165;74;74;62;63;61;79;89;69
852.0;282;286;181;154;167;167;72;73;61;63;57;79;90;68
858.0;280;288;181;156;167;162;72;74;64;63;54;81;86;72
864.0;282;293;183;154;166;164;70;76;64;62;52;77;80;77
870.0;282;293;182;154;172;162;67;75;61;63;57;76;78;78
876.0;284;294;183;156;168;160;66;75;66;60;56;79;75;78
882.0;284;292;185;156;169;158;65;74;66;58;61;73;76;83
888.0;281;298;185;160;168;158;66;73;66;59;59;73;76;78
894.0;279;299;191;157;166;158;66;74;62;62;62;72;73;79
900.0;277;299;192;156;170;158;66;75;61;63;61;70;73;79
906.0;276;296;189;158;171;158;66;77;61;62;61;70;74;81
912.0;278;297;184;162;176;153;66;77;62;64;60;69;71;81
918.0;280;296;184;164;173;155;64;81;62;64;61;71;70;75
924.0;284;297;184;166;174;155;61;82;58;64;61;72;69;73
930.0;283;295;189;166;175;154;61;74;61;66;63;66;75;72
936.0;286;293;192;164;175;154;61;75;63;61;64;66;75;71
942.0;285;295;191;163;174;157;60;71;66;61;64;67;75;71
948.0;283;294;189;168;175;155;62;74;65;62;63;69;70;71
954.0;284;294;190;167;172;158;62;72;65;65;63;67;73;68
960.0;285;295;189;170;175;158;62;68;65;62;63;68;73;67
966.0;290;294;186;169;168;162;65;70;64;63;63;66;73;67
972.0;291;297;181;166;170;163;65;76;64;61;62;63;74;67
978.0;291;295;179;166;171;164;71;73;61;61;55;63;77;73
984.0;293;293;177;169;169;167;64;75;61;63;59;62;76;72
990.0;287;291;180;173;171;168;62;71;65;65;60;64;74;69
996.0;288;292;183;175;171;164;59;78;58;65;58;66;73;70
1002.0;287;292;187;177;171;164;54;76;54;67;57;68;73;73
1008.0;288;288;184;180;175;163;56;77;56;68;58;68;67;72
1014.0;283;284;189;178;177;158;61;75;59;68;55;72;69;72
1020.0;281;286;183;181;179;161;63;75;57;65;54;74;69;72
1026.0;280;284;178;178;185;158;64;78;55;67;57;74;71;71
1032.0;281;283;180;176;181;161;63;79;57;63;55;76;76;69
1038.0;279;283;179;176;188;163;62;79;55;63;56;72;76;69
1044.0;282;284;177;173;196;168;59;76;56;64;51;74;71;69
1050.0;281;288;178;165;200;166;58;72;56;63;51;76;75;71
1056.0;284;291;180;164;198;166;60;70;58;59;52;72;74;72
1062.0;283;291;182;162;197;168;61;70;54;59;56;73;72;72
1068.0;283;291;180;162;198;168;65;69;57;58;54;76;69;70
1074.0;282;293;180;161;200;165;65;69;57;59;54;77;67;71
1080.0;280;294;181;159;197;170;65;73;62;59;51;73;62;74
1086.0;284;298;181;164;194;168;66;72;60;59;50;73;63;68
1092.0;284;298;180;167;190;172;62;72;60;64;51;75;60;65
1098.0;283;300;180;169;191;170;63;68;63;62;53;73;59;66
1104.0;286;303;182;165;189;169;68;64;63;65;53;73;55;65
1110.0;287;291;183;166;187;169;69;72;62;65;57;76;55;61
1116.0;289;294;180;165;186;166;65;73;67;68;57;76;54;60
1122.0;294;296;180;162;185;164;64;74;64;71;57;77;50;62
1128.0;293;295;181;161;184;164;66;80;61;72;56;77;53;57
1134.0;289;299;175;161;182;164;65;79;63;72;56;74;62;59
1140.0;293;301;176;158;179;167;64;79;61;66;57;76;66;57
1146.0;297;302;171;160;175;166;60;83;63;69;56;76;66;56
1152.0;296;303;170;162;177;162;62;82;65;67;60;73;68;53
1158.0;300;300;174;157;176;166;62;82;62;64;60;70;72;55
1164.0;306;296;175;162;173;165;61;79;62;67;61;70;68;55
1170.0;307;297;173;162;174;163;64;76;64;64;63;69;70;54
1176.0;308;296;175;159;173;162;66;78;64;64;59;72;71;53
1182.0;309;298;177;161;169;158;63;76;59;65;59;75;72;59
1188.0;307;295;181;160;172;154;61;75;60;67;61;74;68;65
1194.0;308;292;180;164;172;152;65;72;59;73;61;74;67;61
1200.0;304;287;185;161;174;154;65;72;60;74;63;74;67;60
1206.0;304;287;184;160;176;152;68;76;55;75;64;73;66;60
1212.0;302;287;188;159;176;153;68;77;57;73;64;68;67;61
1218.0;301;288;186;158;174;156;67;77;61;72;67;65;65;63
1224.0;300;291;185;159;172;154;67;75;64;71;67;67;66;62
1230.0;299;290;182;159;179;154;68;72;63;71;64;70;63;66
1236.0;299;289;181;159;182;155;68;72;64;67;62;69;68;65
1242.0;299;290;182;156;179;158;67;73;64;68;61;70;70;63
1248.0;297;288;184;156;180;161;69;76;59;64;58;70;71;67
1254.0;296;292;185;158;179;161;70;76;59;60;56;70;70;68
1260.0;294;295;190;158;182;158;69;76;57;57;56;75;65;68
1266.0;294;291;192;156;183;157;72;74;58;59;59;74;64;67
1272.0;291;294;191;153;183;160;71;75;56;61;61;74;64;66
1278.0;294;294;188;159;182;162;75;74;53;62;62;74;62;59
1284.0;293;293;186;157;182;160;73;72;60;63;60;79;65;57
1290.0;293;291;186;160;178;161;74;69;61;66;62;77;64;58
1296.0;294;289;183;161;174;161;73;68;60;69;62;78;69;59
1302.0;294;288;183;160;175;159;73;67;61;68;65;80;69;58
1308.0;297;283;183;160;180;158;63;71;64;71;66;73;69;62
1314.0;296;285;175;159;181;157;66;73;64;74;67;76;67;60
1320.0;296;285;171;160;181;157;65;74;65;79;68;75;64;60
1326.0;298;289;175;158;180;157;65;76;63;77;63;73;65;61
1332.0;299;289;173;161;177;158;66;74;64;78;62;73;68;58
1338.0;300;285;175;159;174;159;68;75;65;75;64;72;72;57
1344.0;300;285;173;160;171;155;70;72;67;78;66;71;74;58
1350.0;299;285;173;162;170;153;72;77;65;80;67;66;74;57
1356.0;300;288;175;161;162;151;72;70;67;83;66;67;76;62
1362.0;300;284;177;163;162;150;69;67;70;82;67;69;75;65
1368.0;305;291;176;164;162;148;66;68;73;80;62;68;72;65
1374.0;304;293;174;167;160;149;64;71;76;78;66;70;65;63
1380.0;302;297;174;172;162;148;68;68;77;76;70;68;61;57
1386.0;301;296;173;169;164;147;68;68;78;76;67;70;63;60
1392.0;297;296;169;170;161;147;66;68;80;77;66;72;65;66
1398.0;300;297;172;168;159;146;65;72;85;77;66;68;59;66
1404.0;300;299;173;166;162;146;64;69;85;81;63;68;59;65
1410.0;306;297;174;166;158;144;67;68;83;76;64;71;59;67
1416.0;304;301;168;165;158;146;63;70;83;78;64;76;58;66
1422.0;304;300;170;166;162;148;59;68;83;77;63;78;55;67
1428.0;306;297;173;167;161;149;56;70;83;75;63;75;59;66
1434.0;304;293;172;170;160;146;55;67;84;77;70;78;58;66
1440.0;305;289;173;169;158;144;56;66;81;74;73;81;65;66
1446.0;304;289;172;169;156;140;55;65;77;73;79;82;71;68
1452.0;301;288;171;171;158;141;54;66;74;71;79;85;71;70
1458.0;302;292;167;166;159;143;56;64;77;70;80;85;70;69
1464.0;304;293;168;165;160;144;57;61;76;66;85;84;70;67
1470.0;299;289;172;170;163;142;59;61;74;68;82;84;67;70
1476.0;302;288;173;174;165;140;55;55;75;69;78;86;67;73
1482.0;303;291;171;174;161;140;56;55;77;68;78;88;66;72
1488.0;301;293;176;171;161;144;58;52;75;68;82;82;68;69
1494.0;299;291;178;167;158;144;61;53;78;74;79;83;68;67
1500.0;297;290;177;166;162;148;58;57;77;73;77;82;69;67
1506.0;299;292;178;167;164;147;58;60;74;71;74;83;70;63
1512.0;300;295;180;169;164;151;58;58;70;68;75;81;70;61
1518.0;296;293;179;173;163;151;57;59;67;69;76;84;69;64
1524.0;295;294;177;170;167;149;56;59;69;67;80;85;70;62
1530.0;296;291;181;167;170;148;57;62;68;63;79;81;73;64
1536.0;300;291;179;167;173;149;57;61;67;63;75;78;74;66
1542.0;302;294;173;167;172;146;57;63;65;63;77;80;75;66
1548.0;307;286;173;167;174;146;55;63;63;61;79;78;79;69
1554.0;304;287;170;170;176;147;53;64;63;61;82;77;78;68
1560.0;308;288;171;169;172;148;52;66;62;60;81;77;78;68
1566.0;305;291;171;173;172;147;51;68;59;60;82;77;75;69
1572.0;305;293;171;172;172;151;48;68;60;56;80;80;72;72
1578.0;300;291;169;170;176;154;48;68;60;56;78;81;72;77
1584.0;296;295;171;169;177;151;49;68;60;55;80;78;73;78
1590.0;294;294;171;173;174;157;46;68;64;54;81;78;74;72
1596.0;296;291;171;173;173;158;47;64;63;56;82;79;76;71
1602.0;294;289;171;172;177;164;47;64;65;53;79;77;77;71
1608.0;292;293;170;176;179;161;50;68;60;54;83;73;72;69
1614.0;292;292;169;175;177;159;49;69;62;51;87;73;73;72
1620.0;288;290;171;175;175;157;51;69;64;54;87;78;71;70
1626.0;291;288;171;175;170;162;56;65;64;54;87;78;72;67
1632.0;289;289;170;176;170;156;57;66;64;60;86;76;73;68
1638.0;288;290;170;179;169;153;57;64;65;57;88;76;73;71
1644.0;287;291;171;181;163;153;60;63;67;56;83;80;74;71
1650.0;291;288;173;180;163;152;58;60;65;57;81;83;74;75
1656.0;293;290;170;178;163;153;58;59;65;58;79;84;73;77
1662.0;299;290;164;178;164;152;57;58;64;62;85;76;72;79
1668.0;301;284;159;181;164;153;55;62;66;61;83;74;75;82
1674.0;302;282;158;186;168;152;53;60;69;60;77;71;79;83
1680.0;305;284;155;187;167;153;55;58;70;59;76;70;81;80
1686.0;305;284;155;191;166;149;58;57;69;59;75;71;81;80
1692.0;303;285;155;198;170;144;57;59;67;61;74;66;80;81
1698.0;300;284;151;201;171;146;60;58;65;63;71;66;82;82
1704.0;305;282;154;196;173;148;64;57;62;57;74;65;80;83
1710.0;306;283;154;193;167;150;65;59;60;60;73;65;81;84
1716.0;304;279;154;191;168;153;71;62;61;60;74;63;81;79
1722.0;307;277;153;189;174;152;69;60;63;61;72;64;77;82
1728.0;301;278;156;189;173;158;70;60;62;62;70;61;78;82
1734.0;299;276;159;186;167;162;76;63;59;64;71;63;76;79
1740.0;299;280;162;186;164;165;72;67;54;66;72;61;72;80
1746.0;298;287;161;187;165;166;68;70;53;68;66;63;69;79
1752.0;299;291;159;182;165;165;69;69;59;68;67;62;66;79
1758.0;298;291;161;181;166;166;71;66;57;69;67;67;68;72
1764.0;294;291;162;185;166;165;74;67;59;70;64;63;64;76
1770.0;292;291;163;186;163;161;76;64;63;71;65;67;61;77
1776.0;291;290;161;186;169;161;77;64;62;74;60;70;54;81
1782.0;295;288;165;186;167;165;77;63;62;68;61;69;54;80
1788.0;297;290;163;185;173;167;75;61;62;67;57;67;56;80
1794.0;299;294;163;185;172;161;79;62;60;67;54;70;55;79
1800.0;299;295;163;182;173;160;75;62;63;67;53;71;55;82
1806.0;300;297;165;180;173;156;73;60;61;69;55;71;57;83
1812.0;303;294;160;177;171;158;73;68;60;65;55;70;62;84
1818.0;302;291;163;176;171;157;72;64;59;64;54;71;68;88
1824.0;303;294;160;176;171;158;73;64;57;65;50;69;68;92
1830.0;300;293;159;177;172;163;69;63;56;66;54;67;70;91
1836.0;300;299;160;177;171;159;66;66;51;64;57;68;72;90
1842.0;301;296;164;179;166;163;66;62;50;68;59;65;74;87
1848.0;297;291;167;181;162;162;64;65;50;71;61;68;75;86
1854.0;290;291;170;180;162;160;62;67;48;71;66;74;72;87
1860.0;283;291;172;179;164;160;64;68;47;72;68;71;72;89
1866.0;283;293;171;180;163;159;60;65;53;74;67;68;73;91
1872.0;283;293;170;179;161;156;61;65;54;78;70;67;77;86
1878.0;285;291;171;178;161;159;61;63;55;80;71;64;75;86
1884.0;283;292;171;178;161;156;60;65;54;80;74;69;72;85
1890.0;283;294;171;177;158;156;62;64;57;81;70;70;71;86
1896.0;283;297;170;180;159;154;64;68;57;77;67;72;71;81
1902.0;286;297;171;179;155;155;65;70;54;80;63;74;69;82
1908.0;288;298;172;174;156;156;66;70;54;79;59;76;72;80
1914.0;287;301;171;174;154;157;66;70;54;78;59;76;72;81
1920.0;283;302;175;169;154;158;68;70;55;78;58;74;74;82
1926.0;282;298;176;163;159;164;67;68;57;75;56;71;79;85
1932.0;281;296;174;161;158;162;71;72;62;76;56;69;78;84
1938.0;282;293;175;160;158;163;70;72;66;71;58;70;79;83
1944.0;278;296;174;162;153;163;70;78;67;69;56;74;80;80
1950.0;275;296;176;161;158;163;70;76;70;67;56;73;81;78
1956.0;278;302;170;166;155;164;67;80;67;67;57;70;83;74
1962.0;277;305;171;170;154;165;65;77;69;67;59;70;82;69
1968.0;280;304;166;172;158;166;64;76;74;67;61;70;76;66
1974.0;279;306;166;176;158;163;62;77;77;62;62;68;78;66
