#auto generated file!
12.0;125;112;107;123;110;112;108;117;117;119;119;113;107;111
18.0;131;119;109;124;112;117;108;114;112;118;114;110;104;108
24.0;135;123;109;126;111;118;106;109;113;124;108;111;101;106
30.0;135;126;107;129;120;122;108;108;109;121;104;112;96;103
36.0;139;127;109;131;119;127;103;108;105;123;106;109;92;102
42.0;140;127;110;136;121;134;96;107;104;122;105;105;91;102
48.0;141;130;114;137;122;136;90;98;98;119;116;104;91;104
54.0;148;131;113;136;122;140;89;90;94;118;116;108;92;103
60.0;149;129;116;138;123;139;89;93;88;120;115;110;90;101
66.0;155;132;119;139;128;140;87;96;85;117;107;104;91;100
72.0;158;137;120;139;128;141;84;101;83;116;102;97;90;104
78.0;162;141;123;138;130;139;83;96;83;113;97;97;91;107
84.0;165;142;122;141;131;138;80;101;83;112;97;99;89;100
90.0;168;142;123;143;129;137;76;106;82;110;100;96;88;100
96.0;174;143;126;146;134;136;72;99;83;108;98;93;85;103
102.0;174;141;127;146;137;141;72;99;85;106;97;89;83;103
108.0;175;144;133;145;140;142;65;97;85;100;97;95;82;100
114.0;178;149;137;145;134;145;63;96;85;102;96;92;81;97
120.0;181;152;137;148;136;147;63;91;86;97;91;93;82;96
126.0;186;153;138;144;135;147;63;93;84;101;91;90;84;91
132.0;188;157;139;143;132;147;66;89;82;99;95;93;84;86
138.0;189;159;142;148;132;146;65;89;79;98;91;96;82;84
144.0;188;161;142;150;134;146;64;88;81;95;88;96;79;88
150.0;187;163;147;150;131;148;63;88;81;93;89;93;80;87
156.0;185;161;147;153;131;150;65;84;81;93;92;90;81;87
162.0;192;162;153;150;129;149;64;86;76;94;89;88;77;91
168.0;195;162;154;149;130;154;64;86;74;93;85;87;76;91
174.0;195;163;156;148;133;155;66;88;75;92;80;87;75;87
180.0;198;163;156;148;132;155;64;87;73;90;82;87;78;87
186.0;199;164;158;150;132;160;60;86;74;91;85;79;77;85
192.0;201;162;157;147;135;161;60;83;74;87;84;80;79;90
198.0;204;162;161;150;134;163;63;79;73;92;81;74;72;92
204.0;205;165;161;143;135;162;62;83;73;89;80;78;73;91
210.0;209;171;157;145;132;160;64;81;75;90;77;75;74;90
216.0;209;176;158;145;134;161;59;85;71;94;77;72;72;87
222.0;206;178;158;147;137;163;58;87;70;86;75;73;74;88
228.0;207;177;160;145;139;162;59;83;70;89;78;72;74;85
234.0;209;179;164;145;141;166;57;79;66;93;78;65;72;86
240.0;211;182;163;146;143;165;62;76;64;92;76;65;72;83
246.0;210;184;160;145;143;164;63;71;66;87;79;66;71;91
252.0;212;184;161;146;145;161;60;70;64;89;80;65;72;91
258.0;215;187;158;145;147;157;61;75;64;89;81;63;69;89
264.0;215;190;158;148;149;158;63;70;68;85;85;64;66;81
270.0;219;194;159;147;152;156;62;69;66;83;84;63;69;77
276.0;222;196;159;147;151;155;60;69;65;82;84;62;73;75
282.0;220;194;160;145;154;158;67;65;61;83;84;61;76;72
288.0;224;196;163;143;150;157;70;62;58;87;83;59;78;70
294.0;225;196;164;147;149;155;73;63;58;87;77;57;80;69
300.0;220;199;168;150;145;154;72;64;61;85;73;60;79;70
306.0;217;205;165;153;145;151;75;66;63;87;70;56;75;72
312.0;223;204;164;156;144;152;70;68;64;84;71;55;73;72
318.0;223;203;164;155;143;153;70;69;67;82;72;56;70;73
324.0;225;200;165;155;142;156;70;70;67;79;76;55;70;70
330.0;223;201;166;154;140;153;77;69;68;78;75;54;71;71
336.0;224;202;165;153;143;153;73;67;68;81;74;56;70;71
342.0;226;203;163;157;142;152;72;68;66;80;72;55;74;70
348.0;225;206;162;161;142;153;67;67;66;80;71;56;73;71
354.0;223;207;161;162;145;153;66;65;67;84;70;54;74;69
360.0;223;209;164;161;149;149;65;67;65;82;65;58;72;71
366.0;221;209;166;159;148;147;66;63;66;85;65;63;73;69
372.0;220;206;164;160;148;150;66;66;66;80;66;65;72;71
378.0;222;208;164;160;146;151;65;66;68;74;67;65;75;69
384.0;221;206;163;160;148;152;65;67;66;72;65;66;74;75
390.0;222;206;161;158;145;154;69;67;65;75;67;62;78;71
396.0;222;208;164;154;142;154;70;67;66;77;71;57;78;70
402.0;223;209;164;159;146;151;66;67;66;74;72;56;76;71
408.0;229;209;163;162;149;146;68;65;67;77;69;55;72;69
414.0;227;208;161;159;147;144;72;67;69;79;71;56;71;69
420.0;231;211;159;162;149;145;71;62;68;76;71;59;70;66
426.0;229;209;161;163;152;147;70;64;65;73;68;59;73;67
432.0;232;215;164;160;151;148;65;62;68;75;68;58;68;66
438.0;234;214;163;159;147;152;62;64;67;76;70;58;69;65
444.0;236;219;163;156;142;148;65;66;66;71;69;61;72;66
450.0;241;223;162;162;139;149;65;67;67;70;69;61;64;61
456.0;236;222;163;163;137;153;59;66;72;70;64;64;67;64
462.0;236;222;162;162;135;150;57;68;72;69;66;66;69;66
468.0;235;221;159;164;138;152;58;67;69;68;64;68;68;69
474.0;232;222;159;166;137;155;60;67;72;68;60;69;64;69
480.0;230;224;156;170;134;157;61;69;73;67;57;74;65;63
486.0;228;224;160;171;136;156;66;66;73;69;54;72;64;61
492.0;228;225;157;173;136;154;65;67;71;72;51;70;69;62
498.0;228;227;155;172;135;153;65;71;68;72;50;72;69;63
504.0;228;229;157;173;139;152;63;69;69;72;49;70;65;65
510.0;229;230;160;171;142;152;63;71;68;73;51;65;65;60
516.0;229;228;165;173;145;152;58;73;70;70;49;63;65;60
522.0;230;228;162;175;146;151;59;72;67;70;48;63;64;65
528.0;226;229;161;178;143;153;60;66;63;70;52;64;70;65
534.0;226;232;163;170;143;152;60;66;66;68;49;65;74;66
540.0;226;233;162;167;141;156;59;69;61;65;48;65;78;70
546.0;224;233;161;165;138;156;60;70;64;66;51;68;76;68
552.0;226;233;158;166;140;157;57;67;66;67;53;65;74;71
558.0;226;234;156;167;143;156;58;63;67;67;54;66;72;71
564.0;228;234;154;166;143;159;58;62;69;67;52;65;70;73
570.0;225;237;150;166;141;160;61;63;67;70;52;61;70;77
576.0;228;241;152;165;140;159;58;67;63;68;50;66;71;72
582.0;227;246;149;159;142;158;64;65;67;65;53;71;69;65
588.0;231;245;153;155;145;162;64;64;67;65;51;69;66;63
594.0;231;247;155;154;145;161;62;67;65;63;51;71;66;62
600.0;230;248;156;155;147;163;60;65;62;62;52;74;67;59
606.0;228;250;155;153;147;162;61;65;65;63;54;70;64;63
612.0;229;250;156;148;146;163;63;63;62;65;54;71;64;66
618.0;233;251;156;146;142;161;63;63;61;68;57;70;63;66
624.0;239;250;158;145;142;161;65;61;62;68;57;71;59;62
630.0;235;251;160;145;141;158;66;63;57;69;57;70;63;65
636.0;235;247;160;143;146;161;65;62;59;72;55;71;60;64
642.0;237;241;156;148;150;159;66;63;56;76;55;71;56;66
648.0;240;243;155;147;150;162;67;62;54;73;55;69;57;66
654.0;243;243;157;145;148;162;64;63;58;69;57;74;53;64
660.0;243;240;157;149;153;161;68;60;57;66;56;76;51;63
666.0;244;244;159;145;153;164;66;57;57;61;54;80;56;60
672.0;246;240;161;146;150;163;66;59;59;57;53;80;58;62
678.0;246;240;161;145;148;163;67;60;63;56;54;76;62;59
684.0;245;245;164;146;149;158;69;62;64;51;53;73;63;58
690.0;248;243;161;148;151;159;68;61;62;54;52;72;63;58
696.0;245;243;158;146;152;160;65;64;60;53;57;72;62;63
702.0;247;241;163;147;151;161;63;64;63;50;60;68;64;58
708.0;248;239;163;147;150;159;63;63;65;51;65;66;63;58
714.0;249;242;166;150;150;159;60;63;73;51;60;64;60;53
720.0;253;242;164;153;149;158;58;62;71;51;59;66;59;55
726.0;251;242;166;153;145;157;58;61;72;51;58;63;67;56
732.0;251;239;166;154;147;158;57;62;69;54;55;63;71;54
738.0;251;236;164;151;151;159;56;62;73;57;55;63;68;54
744.0;251;234;164;154;150;158;54;63;71;55;59;64;68;55
750.0;251;229;168;154;153;157;52;63;68;53;60;65;71;56
756.0;248;229;168;154;154;154;54;64;70;53;59;65;73;55
762.0;251;227;170;154;156;155;55;67;68;53;60;63;73;48
768.0;251;228;167;156;153;151;56;69;65;57;57;65;72;53
774.0;253;231;171;153;152;148;60;61;66;59;59;68;69;50
780.0;250;231;169;153;150;153;60;59;66;63;59;67;67;53
786.0;251;233;169;149;151;151;55;63;67;67;57;68;65;54
792.0;250;236;166;148;152;150;54;62;67;68;56;70;67;54
798.0;247;237;172;146;152;146;57;64;65;71;55;72;63;53
804.0;243;239;174;148;147;148;58;63;64;75;56;69;63;53
810.0;242;241;173;147;149;149;58;59;64;72;57;70;63;56
816.0;238;243;170;146;152;147;62;56;64;69;57;71;64;61
822.0;237;249;170;143;148;152;57;57;66;65;57;72;67;60
828.0;238;249;170;145;151;153;62;57;66;63;52;73;64;57
834.0;242;247;171;143;151;153;66;57;65;62;52;72;62;57
840.0;242;246;168;142;148;156;62;58;68;57;58;77;63;55
846.0;244;246;170;141;146;159;60;59;64;55;60;75;64;57
852.0;245;248;171;143;144;158;55;59;63;54;55;79;65;61
858.0;250;248;170;144;145;155;58;57;60;54;55;77;69;58
864.0;253;252;164;142;141;153;57;62;58;56;59;78;68;57
870.0;256;252;166;145;135;151;59;61;54;57;61;76;68;59
876.0;256;253;165;148;132;153;58;64;53;55;61;75;69;58
882.0;259;256;163;148;131;157;57;63;48;54;63;76;68;57
888.0;261;254;162;148;136;154;54;68;46;53;64;78;65;57
894.0;259;259;162;145;141;155;53;64;49;56;63;82;58;54
900.0;260;257;164;148;143;155;53;65;50;52;66;80;56;51
906.0;264;257;169;148;139;154;58;65;49;52;62;77;57;49
912.0;265;261;166;148;142;150;57;62;49;57;61;74;58;50
918.0;265;259;166;147;147;146;59;65;48;59;61;70;57;51
924.0;266;255;167;146;143;145;58;61;53;60;65;71;61;49
930.0;264;255;166;150;141;145;58;61;49;59;67;73;61;51
936.0;262;255;164;150;147;146;60;62;48;60;62;72;61;51
942.0;265;251;166;151;148;146;62;61;49;61;60;69;59;52
948.0;266;251;165;154;145;142;63;63;50;58;60;71;61;51
954.0;271;250;166;153;146;139;63;64;51;55;60;70;62;50
960.0;272;254;162;153;146;136;63;64;52;52;59;70;66;51
966.0;274;252;161;152;153;140;61;60;50;52;57;70;68;50
972.0;273;252;162;153;154;141;61;63;47;50;57;68;68;51
978.0;272;252;165;150;158;142;58;62;48;48;57;72;67;49
984.0;270;255;164;149;158;141;59;60;45;49;58;74;69;49
990.0;273;257;161;151;153;140;59;59;46;50;58;77;68;48
996.0;274;257;156;147;161;136;58;55;42;51;60;78;72;53
1002.0;278;257;154;146;158;138;59;55;45;54;60;76;68;52
1008.0;279;260;154;143;156;142;57;54;48;54;59;75;67;52
1014.0;282;262;156;140;156;140;58;54;49;56;59;74;63;51
1020.0;283;265;159;138;154;137;61;53;48;53;63;74;60;52
1026.0;281;261;159;138;155;138;60;52;50;58;63;76;61;48
1032.0;279;259;160;140;156;135;59;51;50;58;66;78;58;51
1038.0;279;258;164;141;154;137;62;54;46;57;64;73;59;52
1044.0;278;258;166;139;158;138;60;53;46;55;64;72;61;52
1050.0;280;259;165;141;159;137;60;51;44;57;64;74;60;49
1056.0;280;259;166;143;158;140;61;51;46;59;63;67;60;47
1062.0;279;260;165;148;156;142;60;48;45;55;63;68;62;49
1068.0;282;259;165;153;152;142;59;50;47;52;64;66;61;48
1074.0;281;256;165;152;154;144;58;51;48;53;68;63;61;46
1080.0;278;256;163;151;156;145;58;54;45;56;67;64;62;45
1086.0;275;255;165;153;155;147;56;50;44;56;68;66;61;49
1092.0;274;254;165;157;152;146;56;52;44;59;67;64;59;51
1098.0;271;253;160;163;153;144;58;56;48;58;63;61;59;53
1104.0;275;252;162;165;155;147;57;54;47;56;62;57;56;55
1110.0;275;246;162;162;154;149;56;53;50;60;64;56;60;53
1116.0;274;248;162;158;158;148;56;51;49;61;67;58;60;50
1122.0;275;247;163;157;155;148;57;49;51;60;67;59;58;54
1128.0;275;249;162;154;155;150;55;51;51;61;69;55;59;54
1134.0;276;250;161;152;154;150;56;51;55;59;65;56;57;58
1140.0;275;245;157;156;154;150;54;52;52;62;70;56;58;59
1146.0;279;246;154;159;152;152;54;54;51;62;69;54;56;58
1152.0;279;248;154;161;153;155;52;54;51;63;65;53;57;55
1158.0;279;247;152;159;157;154;54;53;47;65;63;53;63;54
1164.0;281;246;152;160;157;154;59;50;45;63;61;55;63;54
1170.0;276;245;152;167;158;152;58;47;47;62;62;54;62;58
1176.0;276;244;152;166;158;153;57;48;47;63;61;54;63;58
1182.0;277;247;153;162;156;153;61;49;44;58;58;54;67;61
1188.0;276;246;153;158;157;150;66;44;45;62;59;56;69;59
1194.0;273;246;151;155;155;150;65;42;50;63;64;55;71;60
1200.0;272;249;151;156;155;147;65;39;50;64;63;57;68;64
1206.0;274;250;151;155;154;149;66;37;53;65;59;59;64;64
1212.0;272;255;148;156;150;149;67;37;53;66;59;61;65;62
1218.0;269;252;153;154;146;150;69;40;55;70;63;62;60;57
1224.0;269;252;156;158;145;151;66;39;55;69;66;57;63;54
1230.0;261;254;152;158;148;150;71;38;58;67;62;56;68;57
1236.0;257;251;153;159;148;150;73;41;58;65;61;55;69;60
1242.0;257;246;152;155;149;148;71;40;61;63;63;59;72;64
1248.0;255;246;149;154;147;146;76;42;65;60;65;58;69;68
1254.0;254;249;152;153;145;142;73;43;65;64;66;57;71;66
1260.0;253;251;152;156;143;143;71;45;65;66;61;59;70;65
1266.0;256;252;152;154;144;146;66;46;64;65;63;53;69;70
1272.0;257;252;153;152;145;145;67;49;64;65;62;54;69;66
1278.0;258;253;154;154;145;149;68;50;63;60;64;54;65;63
1284.0;257;252;154;156;148;149;64;50;63;62;61;53;64;67
1290.0;258;249;156;159;147;150;60;50;64;62;61;53;64;67
1296.0;258;245;156;158;149;155;60;52;65;57;63;52;62;68
1302.0;258;244;158;160;146;155;63;48;67;61;57;52;62;69
1308.0;255;241;157;161;144;157;66;52;69;60;56;50;61;71
1314.0;250;246;157;158;142;158;66;55;69;55;59;50;64;71
1320.0;247;246;155;156;143;159;63;59;69;58;58;51;66;70
1326.0;244;244;157;152;143;158;63;60;71;59;56;52;71;70
1332.0;243;242;158;150;143;162;62;64;68;60;56;53;73;66
1338.0;245;241;156;149;141;163;63;64;70;62;56;53;72;65
1344.0;249;244;156;152;140;158;64;63;69;65;56;56;68;60
1350.0;249;244;150;151;141;155;68;63;72;64;54;62;67;60
1356.0;251;243;153;152;144;154;65;66;73;61;54;61;65;58
1362.0;252;247;153;156;147;154;60;60;70;63;55;62;62;59
1368.0;252;243;162;154;145;152;62;61;72;60;54;58;64;61
1374.0;252;246;162;152;147;152;58;64;68;59;57;58;64;61
1380.0;254;246;161;155;147;154;56;63;67;59;54;59;60;65
1386.0;253;245;163;158;147;152;58;63;66;52;54;64;56;69
1392.0;251;244;160;159;147;154;61;63;67;50;51;64;58;71
1398.0;253;246;159;159;147;155;60;63;62;52;56;64;57;67
1404.0;251;249;159;156;147;152;57;61;66;57;60;64;54;67
1410.0;253;248;162;151;150;149;55;61;66;60;59;62;55;69
1416.0;252;248;165;149;149;150;54;59;64;61;60;60;56;73
1422.0;251;250;163;150;148;150;57;59;63;58;60;62;57;72
1428.0;252;252;161;149;151;151;57;62;64;57;61;55;57;71
1434.0;249;251;162;150;150;151;54;62;68;57;61;55;59;71
1440.0;248;250;162;150;147;149;51;65;68;63;62;57;58;70
1446.0;251;253;162;151;147;144;53;64;69;63;63;55;56;69
1452.0;253;254;163;151;145;141;50;67;68;65;61;55;55;72
1458.0;252;257;157;150;147;143;56;66;64;60;64;58;56;70
1464.0;254;255;156;150;149;140;59;65;67;56;62;61;56;70
1470.0;250;255;157;146;145;140;58;66;66;55;71;62;56;73
1476.0;251;253;160;142;146;137;57;67;67;56;71;63;58;72
1482.0;254;252;161;142;146;135;55;69;65;63;69;61;57;71
1488.0;254;253;160;141;146;143;56;70;59;66;66;63;56;67
1494.0;253;252;158;140;152;144;56;69;60;63;64;65;57;67
1500.0;256;253;159;139;151;142;55;71;60;59;63;64;59;69
1506.0;258;252;162;142;153;145;56;74;63;57;59;61;57;61
1512.0;257;251;162;140;153;143;55;72;64;59;62;59;58;65
1518.0;257;248;163;138;153;146;56;72;63;57;65;60;57;65
1524.0;261;251;161;138;154;143;60;73;60;56;62;63;57;61
1530.0;258;254;161;139;154;148;59;72;61;58;60;56;58;62
1536.0;259;255;158;140;154;147;59;67;61;55;65;60;58;62
1542.0;254;254;158;143;153;149;58;68;57;55;69;63;58;61
1548.0;254;256;155;145;153;150;56;72;55;58;67;63;58;58
1554.0;257;257;155;145;154;149;54;70;55;56;66;68;56;58
1560.0;261;257;157;144;150;148;55;71;53;58;66;72;56;52
1566.0;260;260;158;140;149;148;60;66;54;61;68;69;57;50
1572.0;260;260;157;142;149;148;57;65;54;63;68;64;61;52
1578.0;256;262;159;140;146;145;58;66;55;65;64;67;65;52
1584.0;254;261;157;142;147;143;59;68;55;63;67;67;66;51
1590.0;256;262;154;141;145;142;56;69;58;63;68;66;68;52
1596.0;248;261;157;140;149;139;57;68;57;65;69;62;74;54
1602.0;249;259;156;141;149;137;61;67;59;64;71;62;74;51
1608.0;253;264;155;140;147;136;61;68;60;65;71;61;72;47
1614.0;256;260;157;143;148;133;61;66;58;64;73;63;72;46
1620.0;254;264;160;142;148;133;58;69;57;63;74;60;70;48
1626.0;253;265;158;145;150;135;58;63;53;66;84;58;68;44
1632.0;254;266;156;148;147;134;59;64;56;64;79;60;68;45
1638.0;251;267;158;150;147;129;61;64;59;62;76;57;71;48
1644.0;254;265;155;152;146;131;55;65;61;66;72;57;71;50
1650.0;254;263;156;152;149;126;51;63;65;68;68;68;70;47
1656.0;255;263;155;155;149;129;53;59;60;71;67;70;72;42
1662.0;254;262;155;156;150;134;54;62;59;70;68;67;65;44
1668.0;254;265;159;154;150;130;55;63;56;73;66;62;65;48
1674.0;254;266;156;151;155;133;57;62;52;74;67;60;64;49
1680.0;252;269;154;150;153;137;58;59;51;71;69;63;65;49
1686.0;251;266;155;153;151;139;61;62;47;68;72;63;65;47
1692.0;249;264;152;157;151;144;64;66;44;66;70;65;64;44
1698.0;249;260;154;154;151;143;63;66;46;60;75;68;64;47
1704.0;249;264;152;155;151;144;64;70;44;58;73;64;64;48
1710.0;243;263;154;157;145;145;61;72;46;64;72;66;66;46
1716.0;242;256;153;161;147;144;64;74;45;63;71;68;65;47
1722.0;242;254;157;161;144;143;64;76;45;65;72;67;60;50
1728.0;242;250;155;161;143;144;66;73;49;66;69;64;65;53
1734.0;242;253;155;161;145;143;65;74;48;62;67;68;65;52
1740.0;247;253;156;157;147;143;60;73;48;62;64;68;68;54
1746.0;247;251;158;156;151;144;57;73;48;62;63;65;67;58
1752.0;244;249;161;158;153;142;59;70;49;64;62;65;69;55
1758.0;249;244;163;157;159;142;57;70;48;65;58;61;70;57
1764.0;251;245;162;157;154;137;56;71;46;65;61;65;70;60
1770.0;255;245;159;159;156;136;55;73;43;64;58;62;70;65
1776.0;256;244;161;155;159;137;58;74;42;64;55;61;68;66
1782.0;257;248;164;152;163;140;58;71;43;62;55;54;66;67
1788.0;258;249;166;151;162;139;60;68;41;62;56;56;64;68
1794.0;255;249;167;152;166;140;60;67;43;59;56;59;65;62
1800.0;256;245;166;153;161;141;63;65;46;62;57;57;69;59
1806.0;254;245;165;151;167;143;64;62;45;61;57;59;69;58
1812.0;252;243;166;155;167;143;64;58;42;65;58;61;68;58
1818.0;251;243;171;152;165;143;63;58;47;66;55;56;67;63
1824.0;254;244;171;150;164;144;67;54;45;63;59;55;65;65
1830.0;256;244;170;153;163;144;71;54;49;61;57;54;60;64
1836.0;258;239;174;158;161;145;68;53;50;61;58;56;60;59
1842.0;258;241;171;159;161;148;68;55;49;62;59;48;62;59
1848.0;258;242;168;158;162;146;69;56;51;64;61;48;58;59
1854.0;259;242;168;158;162;143;68;57;49;63;65;51;56;59
1860.0;259;240;168;159;162;141;65;55;55;64;61;55;54;62
1866.0;258;239;169;164;161;145;63;52;56;65;57;55;53;63
1872.0;257;238;170;163;159;148;61;52;55;64;63;54;49;67
1878.0;257;239;165;163;159;147;59;50;53;65;66;59;51;67
1884.0;252;241;167;161;159;148;60;48;52;62;71;57;52;70
1890.0;252;240;166;163;163;148;61;46;50;65;71;56;51;68
1896.0;252;235;168;163;160;155;62;49;53;58;72;52;53;68
1902.0;256;229;170;160;160;153;62;48;52;59;70;53;57;71
1908.0;257;231;169;158;159;154;61;44;57;56;73;54;57;70
1914.0;256;230;169;158;157;155;60;47;54;57;69;52;61;75
1920.0;253;235;170;155;160;157;59;49;54;58;65;53;61;71
1926.0;253;235;167;158;158;157;60;53;52;56;67;51;61;72
1932.0;253;240;168;157;156;156;61;53;50;52;69;53;60;72
1938.0;251;245;164;156;155;156;65;51;52;53;67;54;59;72
1944.0;255;243;168;152;154;155;65;52;52;55;63;55;61;70
1950.0;257;246;169;155;157;151;63;55;50;53;59;53;62;70
1956.0;258;246;168;151;153;150;65;52;50;55;63;56;65;68
1962.0;260;248;171;152;154;151;59;51;51;56;62;53;63;69
1968.0;258;249;175;148;153;150;61;51;46;58;66;51;65;69
1974.0;256;249;174;146;148;154;60;51;50;56;65;50;64;77
