#auto generated file!
12.0;109;98;109;107;103;92;94;105;98;103;95;102;99;86
18.0;115;101;110;112;105;96;94;101;95;101;92;97;99;82
24.0;116;105;108;111;105;101;95;102;96;99;88;90;99;85
30.0;119;110;110;108;107;102;94;101;98;92;80;89;101;89
36.0;120;112;111;109;111;107;93;98;99;88;76;90;101;85
42.0;121;118;117;115;113;106;91;91;96;85;74;87;98;88
48.0;123;118;121;116;115;104;92;88;91;85;70;85;99;93
54.0;124;119;120;120;116;105;90;89;88;88;70;85;97;89
60.0;129;121;119;118;117;106;89;89;88;87;74;87;95;81
66.0;130;122;116;119;123;109;88;87;88;87;74;85;93;79
72.0;130;127;114;122;127;111;84;84;90;85;72;87;90;77
78.0;133;124;114;124;127;108;82;80;92;88;67;91;91;79
84.0;134;132;113;128;124;108;80;82;91;86;68;91;88;75
90.0;137;133;110;128;128;106;79;81;87;84;70;94;89;74
96.0;142;134;112;131;127;107;78;83;84;87;68;90;86;71
102.0;140;135;113;130;129;108;80;86;80;87;68;86;88;70
108.0;145;137;112;130;129;110;79;85;78;90;68;87;77;73
114.0;145;142;114;133;128;110;82;80;76;88;65;88;73;76
120.0;144;142;114;132;131;112;81;81;74;88;63;88;71;79
126.0;145;145;115;135;128;113;78;78;75;86;65;93;69;75
132.0;148;146;114;137;127;116;77;79;76;86;65;89;68;72
138.0;150;148;114;136;129;115;72;80;77;83;67;92;65;72
144.0;152;150;118;136;128;117;72;77;76;80;71;89;64;70
150.0;152;154;122;135;130;122;68;70;74;80;71;87;66;69
156.0;155;154;121;133;135;121;67;72;76;77;71;84;65;69
162.0;159;157;122;132;135;124;65;70;73;77;68;84;65;69
168.0;160;154;119;138;136;128;63;73;71;80;68;84;59;67
174.0;164;154;119;140;135;125;64;73;71;79;69;84;58;65
180.0;168;158;117;140;135;129;65;68;68;74;70;84;61;63
186.0;168;160;121;143;133;126;66;70;68;73;70;79;60;63
192.0;171;161;121;144;133;130;62;70;65;71;71;76;63;62
198.0;174;159;123;146;133;127;64;69;61;70;72;76;64;62
204.0;170;158;123;148;132;127;65;66;63;74;71;78;62;63
210.0;171;159;123;145;133;128;64;66;63;74;70;76;64;64
216.0;170;159;120;147;134;127;64;65;65;75;71;75;64;64
222.0;172;160;119;147;132;129;64;64;67;77;67;73;64;65
228.0;173;163;124;146;132;126;65;62;65;77;67;73;63;64
234.0;175;161;127;147;132;125;68;59;69;76;70;70;60;61
240.0;178;161;129;145;127;126;66;64;72;71;69;69;62;61
246.0;177;164;127;147;123;124;71;63;75;70;65;66;62;66
252.0;177;163;127;145;123;125;72;65;71;69;67;66;65;65
258.0;177;163;128;147;121;126;72;66;74;68;65;60;66;67
264.0;178;164;127;142;125;125;71;67;71;67;70;60;66;67
270.0;179;163;132;142;125;125;68;66;71;66;70;60;65;68
276.0;178;164;130;143;125;125;71;63;70;68;72;60;65;66
282.0;182;169;123;143;128;128;68;63;67;65;73;64;61;66
288.0;189;167;123;142;128;130;64;66;63;66;71;64;63;64
294.0;191;170;124;140;129;131;63;65;58;64;70;67;63;65
300.0;195;167;120;141;128;134;61;68;57;65;73;63;63;65
306.0;198;167;120;139;127;137;62;70;54;64;73;62;61;66
312.0;195;169;129;139;125;141;61;65;54;60;73;63;63;63
318.0;194;165;129;134;130;144;62;67;57;62;74;60;58;64
324.0;194;162;134;132;130;141;63;64;59;64;77;58;58;64
330.0;193;164;131;135;128;141;61;64;57;62;75;62;59;68
336.0;192;165;132;134;126;144;62;60;57;67;73;62;60;66
342.0;187;168;129;141;129;141;61;59;55;68;74;61;64;63
348.0;187;171;132;141;130;140;62;61;54;68;73;58;61;62
354.0;190;173;131;142;130;139;60;61;54;68;73;54;62;63
360.0;190;171;131;143;131;136;58;65;53;64;77;53;60;68
366.0;189;170;128;140;133;139;60;64;51;67;75;52;60;72
372.0;188;171;128;142;134;143;58;63;51;67;73;50;60;72
378.0;188;172;127;144;135;144;60;61;51;69;68;50;59;72
384.0;189;169;127;141;134;146;58;63;54;72;70;48;60;69
390.0;189;174;130;139;133;146;58;62;54;72;69;43;63;68
396.0;190;175;130;139;137;147;59;62;49;71;70;43;61;67
402.0;193;178;137;140;140;149;56;58;48;67;68;44;55;67
408.0;194;182;134;141;146;148;54;60;46;65;64;47;53;66
414.0;191;184;134;143;144;146;54;63;47;64;67;46;54;63
420.0;191;186;133;143;147;146;52;66;46;63;69;44;51;63
426.0;191;188;126;143;148;148;54;68;44;63;69;45;48;65
432.0;193;186;121;146;148;147;55;67;46;56;74;45;48;68
438.0;192;183;123;145;149;148;57;68;44;52;71;48;50;70
444.0;190;185;124;142;149;149;62;65;45;52;70;45;51;71
450.0;189;184;127;144;150;150;61;61;48;50;70;49;46;71
456.0;188;187;129;145;152;148;59;60;48;49;65;48;50;72
462.0;187;189;130;145;154;149;59;61;48;50;66;48;48;66
468.0;185;190;128;151;150;151;61;63;52;48;65;48;42;66
474.0;187;190;128;148;151;150;61;64;50;52;65;47;43;64
480.0;187;190;127;145;149;151;62;65;51;53;68;49;40;63
486.0;191;192;128;143;148;151;60;64;53;53;65;50;42;60
492.0;190;193;128;139;146;154;58;64;51;53;71;52;42;59
498.0;195;190;126;140;146;151;58;63;50;55;70;49;44;63
504.0;193;190;127;139;147;153;60;62;47;51;71;54;46;60
510.0;193;189;129;142;146;157;58;60;45;51;69;53;45;63
516.0;192;192;132;141;141;158;59;59;42;51;70;52;46;65
522.0;195;191;132;142;138;158;63;60;43;50;66;51;47;64
528.0;191;188;132;145;135;159;64;60;45;50;70;51;47;63
534.0;193;196;128;146;136;158;61;60;46;49;68;50;48;61
540.0;194;197;129;144;137;159;56;60;44;47;71;53;47;62
546.0;195;198;129;148;140;157;56;59;42;47;68;52;47;62
552.0;198;195;127;152;138;159;54;58;39;49;69;56;44;62
558.0;198;193;131;152;136;159;56;55;35;49;67;58;47;64
564.0;198;194;129;152;136;158;55;57;38;48;64;57;46;68
570.0;197;194;129;153;135;154;54;57;42;51;63;59;45;67
576.0;199;191;126;154;135;152;54;57;42;51;65;57;47;70
582.0;204;190;124;159;134;150;57;54;42;48;63;57;49;69
588.0;208;191;128;160;134;146;56;49;45;45;64;54;47;73
594.0;213;190;127;162;134;142;54;52;46;45;62;54;47;72
600.0;213;189;124;159;133;143;55;52;49;48;60;53;45;77
606.0;214;190;124;160;132;144;50;50;52;47;59;53;46;79
612.0;214;190;126;157;134;145;46;50;54;50;57;53;47;77
618.0;213;189;125;158;137;144;51;53;55;47;56;54;45;73
624.0;212;192;126;156;136;143;49;52;55;49;52;56;50;72
630.0;212;191;133;154;134;143;52;50;52;51;51;55;49;73
636.0;210;193;133;157;132;144;55;53;51;49;48;54;52;69
642.0;211;193;135;157;128;144;56;54;48;53;49;52;53;67
648.0;209;194;132;154;127;146;57;56;48;54;47;56;54;66
654.0;211;192;133;150;125;147;57;56;48;58;49;53;53;68
660.0;212;195;134;153;125;145;56;53;51;60;48;51;50;67
666.0;212;197;137;156;128;145;56;54;53;59;45;46;49;63
672.0;216;198;137;156;127;143;57;57;53;55;42;49;48;62
678.0;216;200;135;157;125;140;62;57;50;57;43;49;48;61
684.0;216;199;133;159;125;139;63;59;49;57;45;50;48;58
690.0;214;198;133;155;123;142;65;61;52;58;45;49;47;58
696.0;213;199;134;158;126;140;65;60;50;59;40;54;47;55
702.0;218;199;134;154;125;141;60;57;52;60;41;57;47;55
708.0;219;200;133;154;126;140;63;59;48;62;38;57;46;55
714.0;220;198;129;150;127;140;62;62;48;60;45;58;47;54
720.0;221;200;129;147;126;142;61;61;48;61;45;58;44;57
726.0;223;201;131;148;125;142;57;62;48;61;45;59;43;55
732.0;223;198;129;146;127;146;57;60;50;61;45;58;45;55
738.0;224;197;129;145;124;144;54;62;48;62;48;56;51;56
744.0;223;200;129;146;123;145;53;60;50;58;47;55;55;56
750.0;228;197;129;144;125;149;50;59;44;58;46;55;58;58
756.0;228;195;127;141;126;149;51;61;49;53;49;53;57;61
762.0;231;194;127;141;127;149;48;59;51;58;49;51;54;61
768.0;232;199;127;140;127;151;47;57;55;55;48;50;53;59
774.0;230;199;130;142;126;153;51;59;55;51;46;48;53;57
780.0;230;200;130;146;123;151;49;60;56;50;46;52;52;55
786.0;229;199;135;144;127;150;53;61;53;50;46;46;50;57
792.0;230;198;137;141;129;149;52;58;56;48;46;45;51;60
798.0;229;199;139;143;132;147;53;59;55;47;46;42;50;59
804.0;223;200;142;140;136;147;59;58;52;48;46;43;49;57
810.0;223;201;142;142;135;148;59;57;52;45;46;41;51;58
816.0;224;196;138;148;135;144;59;58;50;41;53;44;51;59
822.0;225;199;136;148;137;143;60;59;48;41;52;45;50;57
828.0;221;201;140;148;137;140;56;57;50;43;52;46;54;55
834.0;220;199;141;146;138;140;52;54;51;44;57;46;55;57
840.0;220;198;143;144;138;144;54;56;48;41;54;44;60;56
846.0;214;197;143;141;140;144;53;59;48;43;62;43;57;56
852.0;213;198;145;140;139;144;52;63;51;41;62;39;56;57
858.0;214;198;145;141;140;141;50;64;51;43;60;37;56;60
864.0;213;198;143;145;141;142;51;62;51;45;59;34;56;60
870.0;214;194;146;143;141;143;50;60;55;43;56;39;56;60
876.0;215;196;149;144;140;140;49;59;55;45;52;37;58;61
882.0;216;196;151;141;141;140;52;57;55;45;53;36;60;57
888.0;216;199;152;138;139;139;51;55;56;43;58;37;61;56
894.0;212;196;150;138;139;136;52;57;61;40;59;39;62;59
900.0;213;198;148;140;139;135;55;61;58;38;61;38;57;59
906.0;216;194;149;139;146;132;53;56;56;39;62;40;59;59
912.0;217;194;146;143;146;136;52;53;56;39;61;41;59;57
918.0;214;194;152;142;142;138;53;56;54;39;59;41;58;58
924.0;210;195;153;143;142;139;54;55;52;38;56;45;58;60
930.0;212;195;153;142;143;140;54;55;53;39;56;42;58;58
936.0;211;193;151;144;145;140;53;50;52;41;59;48;56;57
942.0;211;190;150;143;142;142;54;49;53;44;59;48;60;55
948.0;212;190;151;143;142;142;50;49;52;46;58;51;61;53
954.0;212;191;153;147;137;141;48;52;48;48;55;52;61;55
960.0;211;193;147;150;136;140;50;51;50;48;51;59;56;58
966.0;210;189;149;147;137;143;52;52;49;48;51;59;54;60
972.0;210;190;153;148;137;145;52;50;47;49;53;58;49;59
978.0;205;191;152;150;135;147;52;54;50;47;46;61;50;60
984.0;206;194;152;147;133;146;52;55;49;50;44;62;50;60
990.0;211;192;152;148;133;148;51;56;50;49;41;61;50;58
996.0;210;194;154;149;134;148;53;60;49;48;35;61;48;57
1002.0;211;195;154;148;134;147;54;62;49;46;37;59;46;58
1008.0;210;196;156;148;130;147;53;64;52;46;37;59;46;56
1014.0;211;197;157;148;131;143;55;64;50;43;41;56;46;58
1020.0;215;193;160;148;133;140;53;66;47;41;41;58;47;58
1026.0;214;189;159;148;133;143;52;65;49;43;43;53;49;60
1032.0;213;186;157;147;137;141;53;66;47;41;45;57;47;63
1038.0;212;187;158;150;138;142;54;62;47;40;46;55;46;63
1044.0;213;186;159;152;137;145;52;61;47;38;46;55;46;63
1050.0;215;186;158;151;136;145;53;59;49;38;49;54;46;61
1056.0;219;189;160;153;134;145;52;54;50;37;50;52;44;61
1062.0;222;189;158;153;136;141;53;50;51;38;50;53;45;61
1068.0;223;192;160;150;137;138;55;49;50;39;51;51;42;63
1074.0;224;189;159;149;137;141;51;50;50;41;53;52;44;60
1080.0;222;192;160;152;137;137;50;48;49;44;52;53;44;60
1086.0;220;195;160;151;138;137;48;51;46;44;49;55;42;64
1092.0;219;196;160;152;140;138;51;52;48;45;44;54;41;60
1098.0;221;195;160;150;140;138;55;53;49;44;45;49;40;61
1104.0;219;194;158;150;139;138;54;57;52;42;48;50;40;59
1110.0;217;195;159;154;136;141;50;60;49;41;47;52;42;57
1116.0;216;195;157;157;137;143;50;58;49;39;46;52;44;57
1122.0;214;191;156;159;142;142;46;55;51;36;51;49;44;64
1128.0;215;188;157;159;144;141;45;52;50;37;51;52;45;64
1134.0;215;188;155;163;138;142;42;58;51;34;51;52;47;64
1140.0;218;190;156;160;132;141;42;56;48;35;55;53;49;65
1146.0;217;190;153;162;135;136;41;57;46;35;56;56;53;63
1152.0;216;191;154;166;134;138;39;58;43;35;57;59;50;60
1158.0;216;193;149;164;133;136;44;60;44;36;57;61;50;57
1164.0;218;193;152;160;135;135;42;61;44;38;55;60;51;56
1170.0;219;189;154;161;138;133;44;58;45;39;54;61;48;57
1176.0;220;188;150;160;135;131;41;58;47;40;56;63;52;59
1182.0;218;190;149;159;136;132;42;55;48;42;55;63;53;58
1188.0;215;191;148;161;136;129;43;55;48;42;54;67;51;60
1194.0;214;191;145;163;140;129;46;53;48;39;56;64;54;58
1200.0;210;191;146;160;142;131;48;51;50;40;56;61;55;59
1206.0;213;188;147;157;142;130;48;52;49;44;55;62;56;57
1212.0;215;188;144;152;139;130;51;54;47;45;57;62;58;58
1218.0;214;190;147;148;141;131;49;52;50;47;56;62;58;55
1224.0;213;187;149;144;141;131;52;53;52;47;54;59;61;57
1230.0;210;185;148;142;140;134;52;53;56;49;51;58;62;60
1236.0;212;183;150;141;137;137;51;52;57;46;51;59;63;61
1242.0;216;185;148;141;139;137;51;52;59;46;51;55;58;62
1248.0;215;185;148;143;136;138;54;54;54;48;49;56;59;61
1254.0;216;186;147;143;137;140;55;53;49;50;49;56;58;61
1260.0;217;184;152;141;140;140;53;53;54;51;47;53;54;61
1266.0;218;185;152;141;144;141;55;52;52;50;43;52;55;60
1272.0;223;183;150;137;141;144;55;50;53;55;42;53;53;61
1278.0;227;183;149;135;140;145;57;51;53;54;40;53;51;62
1284.0;223;184;147;137;143;146;59;50;53;56;40;49;50;63
1290.0;225;185;146;138;145;142;59;50;56;59;39;46;49;61
1296.0;227;183;145;137;144;140;55;53;58;61;39;49;49;60
1302.0;226;184;143;136;143;143;54;54;57;61;40;50;48;61
1308.0;224;182;143;136;142;146;56;53;57;64;38;51;49;59
1314.0;226;185;141;134;141;148;54;52;54;67;39;52;49;58
1320.0;223;183;135;137;142;146;54;52;55;66;45;54;51;57
1326.0;223;180;135;138;140;147;54;55;56;66;45;53;52;56
1332.0;224;179;133;139;142;148;55;55;56;63;49;52;51;54
1338.0;222;183;128;140;145;148;56;53;55;65;52;49;49;55
1344.0;219;183;129;141;142;147;59;51;55;61;53;49;53;58
1350.0;225;185;127;140;143;150;60;51;49;59;52;46;53;60
1356.0;230;184;127;143;141;147;57;50;49;58;52;46;57;59
1362.0;227;183;130;146;144;147;54;50;56;55;50;46;58;54
1368.0;227;183;138;146;144;151;54;49;53;52;47;46;58;52
1374.0;234;184;135;142;143;147;54;44;56;52;46;50;61;52
1380.0;232;179;137;140;146;146;54;45;52;58;46;54;62;49
1386.0;230;182;138;139;147;149;54;44;53;53;46;55;61;49
1392.0;230;184;138;137;149;146;50;47;55;54;46;59;58;47
1398.0;230;183;139;136;155;143;50;48;56;52;46;59;56;47
1404.0;232;183;139;139;152;140;50;50;53;51;49;59;56;47
1410.0;231;181;140;137;154;143;46;52;56;50;51;60;53;46
1416.0;231;183;145;136;153;142;44;51;59;55;48;58;52;43
1422.0;234;187;142;135;151;139;48;56;61;55;44;56;52;40
1428.0;237;186;141;138;154;135;51;58;55;52;42;58;54;39
1434.0;234;184;138;142;153;136;49;59;52;52;41;65;55;40
1440.0;236;185;140;141;153;138;51;60;50;52;38;65;53;38
1446.0;236;183;140;144;154;136;50;59;50;49;37;69;53;40
1452.0;236;181;141;143;155;140;48;55;50;48;38;68;55;42
1458.0;236;183;135;142;154;142;49;56;51;49;36;70;55;42
1464.0;239;181;135;142;155;142;45;56;54;50;33;67;57;44
1470.0;239;182;131;142;158;145;45;56;57;50;33;59;57;46
1476.0;242;186;133;142;153;145;42;58;58;49;31;59;56;46
1482.0;243;184;133;141;156;145;44;59;57;47;35;56;57;43
1488.0;242;183;132;144;157;143;46;57;59;46;34;54;56;47
1494.0;241;183;130;146;157;142;46;54;60;47;36;54;58;46
1500.0;239;183;128;146;158;140;49;53;61;50;35;53;61;44
1506.0;239;182;128;143;161;144;46;54;59;51;32;53;60;48
1512.0;243;179;129;143;157;144;49;57;58;50;33;51;58;49
1518.0;243;178;131;139;164;143;47;58;56;53;33;53;55;47
1524.0;247;178;133;139;160;144;46;57;54;54;34;55;53;46
1530.0;247;176;127;141;160;146;47;60;54;51;30;56;55;50
1536.0;243;177;127;142;162;148;45;62;52;55;34;53;52;48
1542.0;242;178;130;147;159;149;45;58;52;50;35;54;54;47
1548.0;240;179;130;150;158;146;43;57;53;48;37;55;55;49
1554.0;237;182;130;149;156;148;41;60;51;44;39;56;55;52
1560.0;233;182;130;150;155;146;43;58;51;43;43;57;58;51
1566.0;231;182;129;148;156;148;44;57;51;41;44;53;59;57
1572.0;232;178;124;151;157;149;43;61;51;43;44;53;60;54
1578.0;230;177;126;149;156;148;43;60;51;42;46;54;62;56
1584.0;230;180;123;148;157;146;45;59;52;41;52;55;60;52
1590.0;231;181;126;149;156;141;45;61;53;42;50;56;58;51
1596.0;232;182;128;143;152;141;47;56;53;40;51;60;60;55
1602.0;233;181;130;143;151;141;47;56;52;39;51;57;64;55
1608.0;233;183;129;142;152;140;51;54;51;41;49;57;64;54
1614.0;230;178;130;138;155;143;59;53;53;39;46;60;62;54
1620.0;227;181;133;140;157;140;57;54;53;42;48;59;57;52
1626.0;227;185;132;138;161;136;58;56;50;44;44;61;57;51
1632.0;229;182;128;140;165;135;56;56;50;45;45;62;55;52
1638.0;232;183;127;142;166;134;54;56;51;42;43;64;54;52
1644.0;233;183;126;144;167;136;55;56;51;38;45;64;52;50
1650.0;235;181;122;142;167;133;54;59;53;38;48;63;53;52
1656.0;234;180;121;141;165;129;54;60;55;40;52;61;54;54
1662.0;234;179;122;140;169;128;52;60;55;39;55;60;52;55
1668.0;232;180;120;141;169;128;53;60;57;37;53;63;53;54
1674.0;228;181;120;141;170;133;49;57;56;35;53;66;58;53
1680.0;232;180;118;144;166;133;49;58;53;35;54;68;58;52
1686.0;234;181;125;145;171;129;47;53;51;35;55;63;64;47
1692.0;232;182;125;149;170;128;48;53;50;35;58;61;63;46
1698.0;228;181;126;151;168;128;49;53;50;35;56;65;65;45
1704.0;230;181;124;156;167;128;45;52;49;36;59;63;68;42
1710.0;227;182;124;155;168;126;48;49;52;36;57;66;70;40
1716.0;228;179;118;154;166;126;52;52;51;40;58;65;68;43
1722.0;230;179;113;154;164;127;52;49;51;44;57;69;69;42
1728.0;233;179;113;154;164;130;51;49;46;39;56;68;70;48
1734.0;231;179;113;154;163;128;52;47;45;41;60;73;67;47
1740.0;228;178;112;158;165;124;56;48;45;39;56;76;64;51
1746.0;231;179;115;154;163;123;55;52;48;44;55;69;60;52
1752.0;232;179;115;154;166;122;51;52;48;45;53;69;63;51
1758.0;230;181;112;155;163;118;51;57;51;44;53;70;62;53
1764.0;236;181;111;155;165;119;51;54;51;44;53;66;61;53
1770.0;236;186;112;154;161;118;53;52;54;43;54;66;60;51
1776.0;236;187;115;155;160;118;51;51;53;46;51;69;58;50
1782.0;233;189;119;155;163;113;52;53;51;46;48;69;60;49
1788.0;237;189;116;151;162;117;51;54;51;48;49;67;57;51
1794.0;233;191;116;151;160;120;51;55;49;48;48;66;57;55
1800.0;231;191;113;148;161;120;50;55;52;49;51;68;57;54
1806.0;230;188;112;149;160;120;48;56;60;48;49;68;59;53
1812.0;234;190;112;147;159;120;48;56;58;52;47;68;58;51
1818.0;233;187;116;145;161;122;47;58;58;50;47;68;56;52
1824.0;233;187;120;142;163;128;43;55;56;50;49;66;53;55
1830.0;230;187;123;143;162;132;45;54;54;51;48;64;54;53
1836.0;232;189;125;142;160;130;46;46;52;53;50;65;56;54
1842.0;232;189;122;144;157;132;49;49;48;52;50;68;54;54
1848.0;234;190;125;142;158;130;48;47;52;50;45;68;56;55
1854.0;227;195;124;144;155;135;49;50;53;47;44;68;56;53
1860.0;228;197;125;141;155;132;49;49;53;49;44;67;57;54
1866.0;229;197;127;138;156;132;49;49;50;48;45;67;58;55
1872.0;230;197;126;140;154;134;49;46;53;49;44;66;59;53
1878.0;229;200;128;143;155;134;49;48;52;47;44;60;60;51
1884.0;229;197;129;141;155;130;47;45;49;54;49;61;62;52
1890.0;227;199;130;142;157;126;47;44;52;55;49;60;61;51
1896.0;226;199;128;144;159;123;47;47;54;54;51;62;62;44
1902.0;228;200;127;145;156;126;47;50;53;50;47;58;67;46
1908.0;227;200;124;149;158;126;45;54;52;48;46;59;66;46
1914.0;223;197;122;149;162;127;45;53;55;51;44;59;66;47
1920.0;220;197;120;152;159;132;45;58;55;50;45;56;63;48
1926.0;222;196;119;153;160;134;50;53;54;51;43;55;64;46
1932.0;218;197;121;155;161;133;52;50;56;54;41;56;61;45
1938.0;216;198;123;155;163;138;52;48;54;57;43;51;57;45
1944.0;218;194;125;159;163;141;48;49;55;52;42;53;57;44
1950.0;215;194;124;158;162;143;46;49;55;56;41;52;59;46
1956.0;214;194;122;159;159;137;47;51;56;62;39;52;58;50
1962.0;211;194;125;155;157;135;45;49;58;66;44;52;58;51
1968.0;213;194;126;155;153;134;43;51;60;64;45;53;57;52
1974.0;212;193;128;154;154;137;44;55;59;63;42;51;59;49
