Simulation started at 06/03/2025 23:16:15
----------------------------------------------------------------------
Scenario started at 06/03/2025 23:16:15
Scenario: SINGLE_TIER - Policy: NEXT_FIT - #iteration: 5
Duration: 33.0 min (warm up period: 3.0 min) - #devices: 200
Creating tasks...Done, 
Creating device locations...Done.
SimManager is starting...Done.
.........10.........20.........3030.........40.........50.........60.........70.........80.........90.........100
AUGMENTED_REALITY
# of tasks (Edge/Cloud): 16910(16910/0)
# of failed tasks (Edge/Cloud): 663(663/0)
# of completed tasks (Edge/Cloud): 16247(16247/0)
---------------------------------------
HEALTH_APP
# of tasks (Edge/Cloud): 887(887/0)
# of failed tasks (Edge/Cloud): 11(11/0)
# of completed tasks (Edge/Cloud): 876(876/0)
---------------------------------------
HEAVY_COMP_APP
# of tasks (Edge/Cloud): 528(528/0)
# of failed tasks (Edge/Cloud): 31(31/0)
# of completed tasks (Edge/Cloud): 497(497/0)
---------------------------------------
INFOTAINMENT_APP
# of tasks (Edge/Cloud): 3702(3702/0)
# of failed tasks (Edge/Cloud): 76(76/0)
# of completed tasks (Edge/Cloud): 3626(3626/0)
---------------------------------------
# of tasks (Edge/Cloud/Mobile): 22027(22027/0/0)
# of failed tasks (Edge/Cloud/Mobile): 781(781/0/0)
# of completed tasks (Edge/Cloud/Mobile): 21246(21246/0/0)
# of uncompleted tasks (Edge/Cloud/Mobile): 30(30/0/0)
# of failed tasks due to vm capacity (Edge/Cloud/Mobile): 579(579/0/0)
# of failed tasks due to Mobility/WLAN Range/Network(WLAN/MAN/WAN/GSM): 202/0/0(0/0/0/0)
percentage of failed tasks: 3.545649%
average service time: 2.280959 seconds. (on Edge: 2.280959, on Cloud: NaN, on Mobile: NaN)
average processing time: 2.228233 seconds. (on Edge: 2.228233, on Cloud: NaN, on Mobile: NaN)
average network delay: 0.052725 seconds. (LAN delay: 0.052725, MAN delay: NaN, WAN delay: NaN, GSM delay: NaN)
average server utilization Edge/Cloud/Mobile: 18.763026/0.000000/0.000000
average cost: 0.0$
average overhead: 0.0 ns
average QoE (for all): 0.0%
average QoE (for executed): 0.0%
Scenario finished at 06/03/2025 23:16:18. It took 3 Seconds
----------------------------------------------------------------------
Scenario started at 06/03/2025 23:16:18
Scenario: TWO_TIER_WITH_EO - Policy: NEXT_FIT - #iteration: 5
Duration: 33.0 min (warm up period: 3.0 min) - #devices: 200
Creating tasks...Done, 
Creating device locations...Done.
SimManager is starting...Done.
.........10.........20.........3030.........40.........50.........60.........70.........80.........90.........100
AUGMENTED_REALITY
# of tasks (Edge/Cloud): 15370(12153/3217)
# of failed tasks (Edge/Cloud): 119(99/20)
# of completed tasks (Edge/Cloud): 15251(12054/3197)
---------------------------------------
HEALTH_APP
# of tasks (Edge/Cloud): 748(595/153)
# of failed tasks (Edge/Cloud): 3(2/1)
# of completed tasks (Edge/Cloud): 745(593/152)
---------------------------------------
HEAVY_COMP_APP
# of tasks (Edge/Cloud): 514(295/219)
# of failed tasks (Edge/Cloud): 6(4/2)
# of completed tasks (Edge/Cloud): 508(291/217)
---------------------------------------
INFOTAINMENT_APP
# of tasks (Edge/Cloud): 4616(3899/717)
# of failed tasks (Edge/Cloud): 18(13/5)
# of completed tasks (Edge/Cloud): 4598(3886/712)
---------------------------------------
# of tasks (Edge/Cloud/Mobile): 21248(16942/4306/0)
# of failed tasks (Edge/Cloud/Mobile): 146(118/28/0)
# of completed tasks (Edge/Cloud/Mobile): 21102(16824/4278/0)
# of uncompleted tasks (Edge/Cloud/Mobile): 27(23/0/4)
# of failed tasks due to vm capacity (Edge/Cloud/Mobile): 0(0/0/0)
# of failed tasks due to Mobility/WLAN Range/Network(WLAN/MAN/WAN/GSM): 146/0/0(0/0/0/0)
percentage of failed tasks: 0.687123%
average service time: 1.571113 seconds. (on Edge: 1.737156, on Cloud: 0.918118, on Mobile: NaN)
average processing time: 1.383038 seconds. (on Edge: 1.684339, on Cloud: 0.198116, on Mobile: NaN)
average network delay: 0.188075 seconds. (LAN delay: 0.052816, MAN delay: NaN, WAN delay: 0.720003, GSM delay: NaN)
average server utilization Edge/Cloud/Mobile: 10.696374/0.201748/0.000000
average cost: 0.0$
average overhead: 0.0 ns
average QoE (for all): 0.0%
average QoE (for executed): 0.0%
Scenario finished at 06/03/2025 23:16:20. It took 1 Second
----------------------------------------------------------------------
Scenario started at 06/03/2025 23:16:20
Scenario: SINGLE_TIER - Policy: NEXT_FIT - #iteration: 5
Duration: 33.0 min (warm up period: 3.0 min) - #devices: 400
Creating tasks...Done, 
Creating device locations...Done.
SimManager is starting...Done.
.........10.........20.........3030.........40.........50.........60.........70.........80.........90.........100
AUGMENTED_REALITY
# of tasks (Edge/Cloud): 33296(33296/0)
# of failed tasks (Edge/Cloud): 6717(6717/0)
# of completed tasks (Edge/Cloud): 26579(26579/0)
---------------------------------------
HEALTH_APP
# of tasks (Edge/Cloud): 1545(1545/0)
# of failed tasks (Edge/Cloud): 128(128/0)
# of completed tasks (Edge/Cloud): 1417(1417/0)
---------------------------------------
HEAVY_COMP_APP
# of tasks (Edge/Cloud): 1146(1146/0)
# of failed tasks (Edge/Cloud): 369(369/0)
# of completed tasks (Edge/Cloud): 777(777/0)
---------------------------------------
INFOTAINMENT_APP
# of tasks (Edge/Cloud): 8091(8091/0)
# of failed tasks (Edge/Cloud): 800(800/0)
# of completed tasks (Edge/Cloud): 7291(7291/0)
---------------------------------------
# of tasks (Edge/Cloud/Mobile): 44078(44078/0/0)
# of failed tasks (Edge/Cloud/Mobile): 8014(8014/0/0)
# of completed tasks (Edge/Cloud/Mobile): 36064(36064/0/0)
# of uncompleted tasks (Edge/Cloud/Mobile): 52(51/0/1)
# of failed tasks due to vm capacity (Edge/Cloud/Mobile): 7539(7539/0/0)
# of failed tasks due to Mobility/WLAN Range/Network(WLAN/MAN/WAN/GSM): 475/0/0(0/0/0/0)
percentage of failed tasks: 18.181406%
average service time: 2.882482 seconds. (on Edge: 2.882482, on Cloud: NaN, on Mobile: NaN)
average processing time: 2.827053 seconds. (on Edge: 2.827053, on Cloud: NaN, on Mobile: NaN)
average network delay: 0.055430 seconds. (LAN delay: 0.055430, MAN delay: NaN, WAN delay: NaN, GSM delay: NaN)
average server utilization Edge/Cloud/Mobile: 39.799718/0.000000/0.000000
average cost: 0.0$
average overhead: 0.0 ns
average QoE (for all): 0.0%
average QoE (for executed): 0.0%
Scenario finished at 06/03/2025 23:16:29. It took 9 Seconds
----------------------------------------------------------------------
Scenario started at 06/03/2025 23:16:29
Scenario: TWO_TIER_WITH_EO - Policy: NEXT_FIT - #iteration: 5
Duration: 33.0 min (warm up period: 3.0 min) - #devices: 400
Creating tasks...Done, 
Creating device locations...Done.
SimManager is starting...Done.
.........10.........20.........3030.........40.........50.........60.........70.........80.........90.........100
AUGMENTED_REALITY
# of tasks (Edge/Cloud): 35423(28111/7312)
# of failed tasks (Edge/Cloud): 338(310/28)
# of completed tasks (Edge/Cloud): 35085(27801/7284)
---------------------------------------
HEALTH_APP
# of tasks (Edge/Cloud): 1456(1164/292)
# of failed tasks (Edge/Cloud): 4(4/0)
# of completed tasks (Edge/Cloud): 1452(1160/292)
---------------------------------------
HEAVY_COMP_APP
# of tasks (Edge/Cloud): 1220(733/487)
# of failed tasks (Edge/Cloud): 16(11/5)
# of completed tasks (Edge/Cloud): 1204(722/482)
---------------------------------------
INFOTAINMENT_APP
# of tasks (Edge/Cloud): 7321(6181/1140)
# of failed tasks (Edge/Cloud): 20(14/6)
# of completed tasks (Edge/Cloud): 7301(6167/1134)
---------------------------------------
# of tasks (Edge/Cloud/Mobile): 45420(36189/9231/0)
# of failed tasks (Edge/Cloud/Mobile): 378(339/39/0)
# of completed tasks (Edge/Cloud/Mobile): 45042(35850/9192/0)
# of uncompleted tasks (Edge/Cloud/Mobile): 63(57/1/5)
# of failed tasks due to vm capacity (Edge/Cloud/Mobile): 0(0/0/0)
# of failed tasks due to Mobility/WLAN Range/Network(WLAN/MAN/WAN/GSM): 378/0/0(0/0/0/0)
percentage of failed tasks: 0.832232%
average service time: 1.874369 seconds. (on Edge: 2.100507, on Cloud: 0.992404, on Mobile: NaN)
average processing time: 1.667448 seconds. (on Edge: 2.045366, on Cloud: 0.193521, on Mobile: NaN)
average network delay: 0.206921 seconds. (LAN delay: 0.055141, MAN delay: NaN, WAN delay: 0.798882, GSM delay: NaN)
average server utilization Edge/Cloud/Mobile: 29.309053/0.550532/0.000000
average cost: 0.0$
average overhead: 0.0 ns
average QoE (for all): 0.0%
average QoE (for executed): 0.0%
Scenario finished at 06/03/2025 23:16:49. It took 19 Seconds
----------------------------------------------------------------------
Scenario started at 06/03/2025 23:16:49
Scenario: SINGLE_TIER - Policy: NEXT_FIT - #iteration: 5
Duration: 33.0 min (warm up period: 3.0 min) - #devices: 600
Creating tasks...Done, 
Creating device locations...Done.
SimManager is starting...Done.
.........10.........20.........3030.........40.........50.........60.........70.........80.........90.........100
AUGMENTED_REALITY
# of tasks (Edge/Cloud): 49385(49385/0)
# of failed tasks (Edge/Cloud): 17903(17903/0)
# of completed tasks (Edge/Cloud): 31482(31482/0)
---------------------------------------
HEALTH_APP
# of tasks (Edge/Cloud): 2436(2436/0)
# of failed tasks (Edge/Cloud): 503(503/0)
# of completed tasks (Edge/Cloud): 1933(1933/0)
---------------------------------------
HEAVY_COMP_APP
# of tasks (Edge/Cloud): 1809(1809/0)
# of failed tasks (Edge/Cloud): 924(924/0)
# of completed tasks (Edge/Cloud): 885(885/0)
---------------------------------------
INFOTAINMENT_APP
# of tasks (Edge/Cloud): 11491(11491/0)
# of failed tasks (Edge/Cloud): 2223(2223/0)
# of completed tasks (Edge/Cloud): 9268(9268/0)
---------------------------------------
# of tasks (Edge/Cloud/Mobile): 65121(65121/0/0)
# of failed tasks (Edge/Cloud/Mobile): 21553(21553/0/0)
# of completed tasks (Edge/Cloud/Mobile): 43568(43568/0/0)
# of uncompleted tasks (Edge/Cloud/Mobile): 80(79/0/1)
# of failed tasks due to vm capacity (Edge/Cloud/Mobile): 20913(20913/0/0)
# of failed tasks due to Mobility/WLAN Range/Network(WLAN/MAN/WAN/GSM): 640/0/0(0/0/0/0)
percentage of failed tasks: 33.096850%
average service time: 3.172108 seconds. (on Edge: 3.172108, on Cloud: NaN, on Mobile: NaN)
average processing time: 3.114827 seconds. (on Edge: 3.114827, on Cloud: NaN, on Mobile: NaN)
average network delay: 0.057282 seconds. (LAN delay: 0.057282, MAN delay: NaN, WAN delay: NaN, GSM delay: NaN)
average server utilization Edge/Cloud/Mobile: 53.054168/0.000000/0.000000
average cost: 0.0$
average overhead: 0.0 ns
average QoE (for all): 0.0%
average QoE (for executed): 0.0%
Scenario finished at 06/03/2025 23:17:07. It took 17 Seconds
----------------------------------------------------------------------
Scenario started at 06/03/2025 23:17:07
Scenario: TWO_TIER_WITH_EO - Policy: NEXT_FIT - #iteration: 5
Duration: 33.0 min (warm up period: 3.0 min) - #devices: 600
Creating tasks...Done, 
Creating device locations...Done.
SimManager is starting...Done.
.........10.........20.........3030.........40.........50.........60.........70.........80.........90.........100
AUGMENTED_REALITY
# of tasks (Edge/Cloud): 47213(37342/9871)
# of failed tasks (Edge/Cloud): 659(617/42)
# of completed tasks (Edge/Cloud): 46554(36725/9829)
---------------------------------------
HEALTH_APP
# of tasks (Edge/Cloud): 2331(1865/466)
# of failed tasks (Edge/Cloud): 7(7/0)
# of completed tasks (Edge/Cloud): 2324(1858/466)
---------------------------------------
HEAVY_COMP_APP
# of tasks (Edge/Cloud): 1813(1020/793)
# of failed tasks (Edge/Cloud): 34(31/3)
# of completed tasks (Edge/Cloud): 1779(989/790)
---------------------------------------
INFOTAINMENT_APP
# of tasks (Edge/Cloud): 11579(9730/1849)
# of failed tasks (Edge/Cloud): 79(73/6)
# of completed tasks (Edge/Cloud): 11500(9657/1843)
---------------------------------------
# of tasks (Edge/Cloud/Mobile): 62936(49957/12979/0)
# of failed tasks (Edge/Cloud/Mobile): 779(728/51/0)
# of completed tasks (Edge/Cloud/Mobile): 62157(49229/12928/0)
# of uncompleted tasks (Edge/Cloud/Mobile): 85(76/1/8)
# of failed tasks due to vm capacity (Edge/Cloud/Mobile): 24(24/0/0)
# of failed tasks due to Mobility/WLAN Range/Network(WLAN/MAN/WAN/GSM): 755/0/0(0/0/0/0)
percentage of failed tasks: 1.237765%
average service time: 2.469178 seconds. (on Edge: 2.831389, on Cloud: 1.089900, on Mobile: NaN)
average processing time: 2.236835 seconds. (on Edge: 2.773960, on Cloud: 0.191495, on Mobile: NaN)
average network delay: 0.232343 seconds. (LAN delay: 0.057429, MAN delay: NaN, WAN delay: 0.898404, GSM delay: NaN)
average server utilization Edge/Cloud/Mobile: 53.426509/0.637538/0.000000
average cost: 0.0$
average overhead: 0.0 ns
average QoE (for all): 0.0%
average QoE (for executed): 0.0%
Scenario finished at 06/03/2025 23:17:52. It took 45 Seconds
----------------------------------------------------------------------
Scenario started at 06/03/2025 23:17:52
Scenario: SINGLE_TIER - Policy: NEXT_FIT - #iteration: 5
Duration: 33.0 min (warm up period: 3.0 min) - #devices: 800
Creating tasks...Done, 
Creating device locations...Done.
SimManager is starting...Done.
.........10.........20.........3030.........40.........50.........60.........70.........80.........90.........100
AUGMENTED_REALITY
# of tasks (Edge/Cloud): 64948(64948/0)
# of failed tasks (Edge/Cloud): 29423(29423/0)
# of completed tasks (Edge/Cloud): 35525(35525/0)
---------------------------------------
HEALTH_APP
# of tasks (Edge/Cloud): 3251(3251/0)
# of failed tasks (Edge/Cloud): 740(740/0)
# of completed tasks (Edge/Cloud): 2511(2511/0)
---------------------------------------
HEAVY_COMP_APP
# of tasks (Edge/Cloud): 2635(2635/0)
# of failed tasks (Edge/Cloud): 1676(1676/0)
# of completed tasks (Edge/Cloud): 959(959/0)
---------------------------------------
INFOTAINMENT_APP
# of tasks (Edge/Cloud): 14283(14283/0)
# of failed tasks (Edge/Cloud): 3781(3781/0)
# of completed tasks (Edge/Cloud): 10502(10502/0)
---------------------------------------
# of tasks (Edge/Cloud/Mobile): 85117(85117/0/0)
# of failed tasks (Edge/Cloud/Mobile): 35620(35620/0/0)
# of completed tasks (Edge/Cloud/Mobile): 49497(49497/0/0)
# of uncompleted tasks (Edge/Cloud/Mobile): 89(84/0/5)
# of failed tasks due to vm capacity (Edge/Cloud/Mobile): 34773(34773/0/0)
# of failed tasks due to Mobility/WLAN Range/Network(WLAN/MAN/WAN/GSM): 847/0/0(0/0/0/0)
percentage of failed tasks: 41.848279%
average service time: 3.371543 seconds. (on Edge: 3.371543, on Cloud: NaN, on Mobile: NaN)
average processing time: 3.312544 seconds. (on Edge: 3.312544, on Cloud: NaN, on Mobile: NaN)
average network delay: 0.058999 seconds. (LAN delay: 0.058999, MAN delay: NaN, WAN delay: NaN, GSM delay: NaN)
average server utilization Edge/Cloud/Mobile: 64.385584/0.000000/0.000000
average cost: 0.0$
average overhead: 0.0 ns
average QoE (for all): 0.0%
average QoE (for executed): 0.0%
Scenario finished at 06/03/2025 23:18:25. It took 33 Seconds
----------------------------------------------------------------------
Scenario started at 06/03/2025 23:18:25
Scenario: TWO_TIER_WITH_EO - Policy: NEXT_FIT - #iteration: 5
Duration: 33.0 min (warm up period: 3.0 min) - #devices: 800
Creating tasks...Done, 
Creating device locations...Done.
SimManager is starting...Done.
.........10.........20.........3030.........40.........50.........60.........70.........80.........90.........100
AUGMENTED_REALITY
# of tasks (Edge/Cloud): 68465(54134/14331)
# of failed tasks (Edge/Cloud): 11366(11286/80)
# of completed tasks (Edge/Cloud): 57099(42848/14251)
---------------------------------------
HEALTH_APP
# of tasks (Edge/Cloud): 2863(2279/584)
# of failed tasks (Edge/Cloud): 31(27/4)
# of completed tasks (Edge/Cloud): 2832(2252/580)
---------------------------------------
HEAVY_COMP_APP
# of tasks (Edge/Cloud): 2315(1357/958)
# of failed tasks (Edge/Cloud): 708(699/9)
# of completed tasks (Edge/Cloud): 1607(658/949)
---------------------------------------
INFOTAINMENT_APP
# of tasks (Edge/Cloud): 15824(13224/2600)
# of failed tasks (Edge/Cloud): 476(461/15)
# of completed tasks (Edge/Cloud): 15348(12763/2585)
---------------------------------------
# of tasks (Edge/Cloud/Mobile): 89467(70994/18473/0)
# of failed tasks (Edge/Cloud/Mobile): 12581(12473/108/0)
# of completed tasks (Edge/Cloud/Mobile): 76886(58521/18365/0)
# of uncompleted tasks (Edge/Cloud/Mobile): 146(132/4/10)
# of failed tasks due to vm capacity (Edge/Cloud/Mobile): 11260(11260/0/0)
# of failed tasks due to Mobility/WLAN Range/Network(WLAN/MAN/WAN/GSM): 1321/0/0(0/0/0/0)
percentage of failed tasks: 14.062168%
average service time: 3.437313 seconds. (on Edge: 4.147417, on Cloud: 1.174532, on Mobile: NaN)
average processing time: 3.154960 seconds. (on Edge: 4.085997, on Cloud: 0.188162, on Mobile: NaN)
average network delay: 0.282353 seconds. (LAN delay: 0.061420, MAN delay: NaN, WAN delay: 0.986370, GSM delay: NaN)
average server utilization Edge/Cloud/Mobile: 92.559162/0.962006/0.000000
average cost: 0.0$
average overhead: 0.0 ns
average QoE (for all): 0.0%
average QoE (for executed): 0.0%
Scenario finished at 06/03/2025 23:20:41. It took 2 Minutes 15 Seconds
----------------------------------------------------------------------
Scenario started at 06/03/2025 23:20:41
Scenario: SINGLE_TIER - Policy: NEXT_FIT - #iteration: 5
Duration: 33.0 min (warm up period: 3.0 min) - #devices: 1000
Creating tasks...Done, 
Creating device locations...Done.
SimManager is starting...Done.
.........10.........20.........3030.........40.........50.........60.........70.........80.........90.........100
AUGMENTED_REALITY
# of tasks (Edge/Cloud): 82241(82241/0)
# of failed tasks (Edge/Cloud): 43612(43612/0)
# of completed tasks (Edge/Cloud): 38629(38629/0)
---------------------------------------
HEALTH_APP
# of tasks (Edge/Cloud): 3904(3904/0)
# of failed tasks (Edge/Cloud): 1190(1190/0)
# of completed tasks (Edge/Cloud): 2714(2714/0)
---------------------------------------
HEAVY_COMP_APP
# of tasks (Edge/Cloud): 2975(2975/0)
# of failed tasks (Edge/Cloud): 2116(2116/0)
# of completed tasks (Edge/Cloud): 859(859/0)
---------------------------------------
INFOTAINMENT_APP
# of tasks (Edge/Cloud): 19413(19413/0)
# of failed tasks (Edge/Cloud): 6412(6412/0)
# of completed tasks (Edge/Cloud): 13001(13001/0)
---------------------------------------
# of tasks (Edge/Cloud/Mobile): 108533(108533/0/0)
# of failed tasks (Edge/Cloud/Mobile): 53330(53330/0/0)
# of completed tasks (Edge/Cloud/Mobile): 55203(55203/0/0)
# of uncompleted tasks (Edge/Cloud/Mobile): 111(107/0/4)
# of failed tasks due to vm capacity (Edge/Cloud/Mobile): 52332(52332/0/0)
# of failed tasks due to Mobility/WLAN Range/Network(WLAN/MAN/WAN/GSM): 998/0/0(0/0/0/0)
percentage of failed tasks: 49.137129%
average service time: 3.511926 seconds. (on Edge: 3.511926, on Cloud: NaN, on Mobile: NaN)
average processing time: 3.448747 seconds. (on Edge: 3.448747, on Cloud: NaN, on Mobile: NaN)
average network delay: 0.063179 seconds. (LAN delay: 0.063179, MAN delay: NaN, WAN delay: NaN, GSM delay: NaN)
average server utilization Edge/Cloud/Mobile: 74.015415/0.000000/0.000000
average cost: 0.0$
average overhead: 0.0 ns
average QoE (for all): 0.0%
average QoE (for executed): 0.0%
Scenario finished at 06/03/2025 23:21:42. It took 1 Minute 1 Seconds
----------------------------------------------------------------------
Scenario started at 06/03/2025 23:21:42
Scenario: TWO_TIER_WITH_EO - Policy: NEXT_FIT - #iteration: 5
Duration: 33.0 min (warm up period: 3.0 min) - #devices: 1000
Creating tasks...Done, 
Creating device locations...Done.
SimManager is starting...Done.
.........10.........20.........3030.........40.........50.........60.........70.........80.........90.........100
AUGMENTED_REALITY
# of tasks (Edge/Cloud): 70508(55727/14781)
# of failed tasks (Edge/Cloud): 14270(14195/75)
# of completed tasks (Edge/Cloud): 56238(41532/14706)
---------------------------------------
HEALTH_APP
# of tasks (Edge/Cloud): 4522(3573/949)
# of failed tasks (Edge/Cloud): 31(30/1)
# of completed tasks (Edge/Cloud): 4491(3543/948)
---------------------------------------
HEAVY_COMP_APP
# of tasks (Edge/Cloud): 3249(1958/1291)
# of failed tasks (Edge/Cloud): 1193(1181/12)
# of completed tasks (Edge/Cloud): 2056(777/1279)
---------------------------------------
INFOTAINMENT_APP
# of tasks (Edge/Cloud): 19379(16148/3231)
# of failed tasks (Edge/Cloud): 675(661/14)
# of completed tasks (Edge/Cloud): 18704(15487/3217)
---------------------------------------
# of tasks (Edge/Cloud/Mobile): 97658(77406/20252/0)
# of failed tasks (Edge/Cloud/Mobile): 16169(16067/102/0)
# of completed tasks (Edge/Cloud/Mobile): 81489(61339/20150/0)
# of uncompleted tasks (Edge/Cloud/Mobile): 145(133/4/8)
# of failed tasks due to vm capacity (Edge/Cloud/Mobile): 14896(14896/0/0)
# of failed tasks due to Mobility/WLAN Range/Network(WLAN/MAN/WAN/GSM): 1273/0/0(0/0/0/0)
percentage of failed tasks: 16.556759%
average service time: 3.359942 seconds. (on Edge: 4.062199, on Cloud: 1.222188, on Mobile: NaN)
average processing time: 3.054692 seconds. (on Edge: 3.997986, on Cloud: 0.183194, on Mobile: NaN)
average network delay: 0.305250 seconds. (LAN delay: 0.064213, MAN delay: NaN, WAN delay: 1.038994, GSM delay: NaN)
average server utilization Edge/Cloud/Mobile: 93.205059/1.064590/0.000000
average cost: 0.0$
average overhead: 0.0 ns
average QoE (for all): 0.0%
average QoE (for executed): 0.0%
Scenario finished at 06/03/2025 23:24:15. It took 2 Minutes 32 Seconds
----------------------------------------------------------------------
Scenario started at 06/03/2025 23:24:15
Scenario: SINGLE_TIER - Policy: NEXT_FIT - #iteration: 5
Duration: 33.0 min (warm up period: 3.0 min) - #devices: 1200
Creating tasks...Done, 
Creating device locations...Done.
SimManager is starting...Done.
.........10.........20.........3030.........40.........50.........60.........70.........80.........90.........100
AUGMENTED_REALITY
# of tasks (Edge/Cloud): 98586(98586/0)
# of failed tasks (Edge/Cloud): 59229(59229/0)
# of completed tasks (Edge/Cloud): 39357(39357/0)
---------------------------------------
HEALTH_APP
# of tasks (Edge/Cloud): 4922(4922/0)
# of failed tasks (Edge/Cloud): 1750(1750/0)
# of completed tasks (Edge/Cloud): 3172(3172/0)
---------------------------------------
HEAVY_COMP_APP
# of tasks (Edge/Cloud): 3560(3560/0)
# of failed tasks (Edge/Cloud): 2706(2706/0)
# of completed tasks (Edge/Cloud): 854(854/0)
---------------------------------------
INFOTAINMENT_APP
# of tasks (Edge/Cloud): 22232(22232/0)
# of failed tasks (Edge/Cloud): 8473(8473/0)
# of completed tasks (Edge/Cloud): 13759(13759/0)
---------------------------------------
# of tasks (Edge/Cloud/Mobile): 129300(129300/0/0)
# of failed tasks (Edge/Cloud/Mobile): 72158(72158/0/0)
# of completed tasks (Edge/Cloud/Mobile): 57142(57142/0/0)
# of uncompleted tasks (Edge/Cloud/Mobile): 115(112/0/3)
# of failed tasks due to vm capacity (Edge/Cloud/Mobile): 70995(70995/0/0)
# of failed tasks due to Mobility/WLAN Range/Network(WLAN/MAN/WAN/GSM): 1163/0/0(0/0/0/0)
percentage of failed tasks: 55.806651%
average service time: 3.675030 seconds. (on Edge: 3.675030, on Cloud: NaN, on Mobile: NaN)
average processing time: 3.608748 seconds. (on Edge: 3.608748, on Cloud: NaN, on Mobile: NaN)
average network delay: 0.066283 seconds. (LAN delay: 0.066283, MAN delay: NaN, WAN delay: NaN, GSM delay: NaN)
average server utilization Edge/Cloud/Mobile: 80.378854/0.000000/0.000000
average cost: 0.0$
average overhead: 0.0 ns
average QoE (for all): 0.0%
average QoE (for executed): 0.0%
Scenario finished at 06/03/2025 23:25:20. It took 1 Minute 5 Seconds
----------------------------------------------------------------------
Scenario started at 06/03/2025 23:25:20
Scenario: TWO_TIER_WITH_EO - Policy: NEXT_FIT - #iteration: 5
Duration: 33.0 min (warm up period: 3.0 min) - #devices: 1200
Creating tasks...Done, 
Creating device locations...Done.
SimManager is starting...Done.
.........10.........20.........3030.........40.........50.........60.........70.........80.........90.........100
AUGMENTED_REALITY
# of tasks (Edge/Cloud): 88635(70077/18558)
# of failed tasks (Edge/Cloud): 29122(29021/101)
# of completed tasks (Edge/Cloud): 59513(41056/18457)
---------------------------------------
HEALTH_APP
# of tasks (Edge/Cloud): 5301(4229/1072)
# of failed tasks (Edge/Cloud): 46(44/2)
# of completed tasks (Edge/Cloud): 5255(4185/1070)
---------------------------------------
HEAVY_COMP_APP
# of tasks (Edge/Cloud): 3653(2146/1507)
# of failed tasks (Edge/Cloud): 1795(1786/9)
# of completed tasks (Edge/Cloud): 1858(360/1498)
---------------------------------------
INFOTAINMENT_APP
# of tasks (Edge/Cloud): 23654(19946/3708)
# of failed tasks (Edge/Cloud): 1677(1657/20)
# of completed tasks (Edge/Cloud): 21977(18289/3688)
---------------------------------------
# of tasks (Edge/Cloud/Mobile): 121243(96398/24845/0)
# of failed tasks (Edge/Cloud/Mobile): 32640(32508/132/0)
# of completed tasks (Edge/Cloud/Mobile): 88603(63890/24713/0)
# of uncompleted tasks (Edge/Cloud/Mobile): 151(135/2/14)
# of failed tasks due to vm capacity (Edge/Cloud/Mobile): 31354(31354/0/0)
# of failed tasks due to Mobility/WLAN Range/Network(WLAN/MAN/WAN/GSM): 1286/0/0(0/0/0/0)
percentage of failed tasks: 26.921142%
average service time: 3.338512 seconds. (on Edge: 4.129380, on Cloud: 1.293897, on Mobile: NaN)
average processing time: 2.980660 seconds. (on Edge: 4.061823, on Cloud: 0.185552, on Mobile: NaN)
average network delay: 0.357852 seconds. (LAN delay: 0.067557, MAN delay: NaN, WAN delay: 1.108345, GSM delay: NaN)
average server utilization Edge/Cloud/Mobile: 96.189210/1.255699/0.000000
average cost: 0.0$
average overhead: 0.0 ns
average QoE (for all): 0.0%
average QoE (for executed): 0.0%
Scenario finished at 06/03/2025 23:28:18. It took 2 Minutes 57 Seconds
----------------------------------------------------------------------
Scenario started at 06/03/2025 23:28:18
Scenario: SINGLE_TIER - Policy: NEXT_FIT - #iteration: 5
Duration: 33.0 min (warm up period: 3.0 min) - #devices: 1400
Creating tasks...Done, 
Creating device locations...Done.
SimManager is starting...Done.
.........10.........20.........3030.........40.........50.........60.........70.........80.........90.........100
AUGMENTED_REALITY
# of tasks (Edge/Cloud): 109234(109234/0)
# of failed tasks (Edge/Cloud): 70366(70366/0)
# of completed tasks (Edge/Cloud): 38868(38868/0)
---------------------------------------
HEALTH_APP
# of tasks (Edge/Cloud): 6117(6117/0)
# of failed tasks (Edge/Cloud): 2215(2215/0)
# of completed tasks (Edge/Cloud): 3902(3902/0)
---------------------------------------
HEAVY_COMP_APP
# of tasks (Edge/Cloud): 4067(4067/0)
# of failed tasks (Edge/Cloud): 3161(3161/0)
# of completed tasks (Edge/Cloud): 906(906/0)
---------------------------------------
INFOTAINMENT_APP
# of tasks (Edge/Cloud): 27338(27338/0)
# of failed tasks (Edge/Cloud): 11297(11297/0)
# of completed tasks (Edge/Cloud): 16041(16041/0)
---------------------------------------
# of tasks (Edge/Cloud/Mobile): 146756(146756/0/0)
# of failed tasks (Edge/Cloud/Mobile): 87039(87039/0/0)
# of completed tasks (Edge/Cloud/Mobile): 59717(59717/0/0)
# of uncompleted tasks (Edge/Cloud/Mobile): 117(115/0/2)
# of failed tasks due to vm capacity (Edge/Cloud/Mobile): 85771(85771/0/0)
# of failed tasks due to Mobility/WLAN Range/Network(WLAN/MAN/WAN/GSM): 1268/0/0(0/0/0/0)
percentage of failed tasks: 59.308648%
average service time: 3.678212 seconds. (on Edge: 3.678212, on Cloud: NaN, on Mobile: NaN)
average processing time: 3.609221 seconds. (on Edge: 3.609221, on Cloud: NaN, on Mobile: NaN)
average network delay: 0.068990 seconds. (LAN delay: 0.068990, MAN delay: NaN, WAN delay: NaN, GSM delay: NaN)
average server utilization Edge/Cloud/Mobile: 82.587929/0.000000/0.000000
average cost: 0.0$
average overhead: 0.0 ns
average QoE (for all): 0.0%
average QoE (for executed): 0.0%
Scenario finished at 06/03/2025 23:29:33. It took 1 Minute 15 Seconds
----------------------------------------------------------------------
Scenario started at 06/03/2025 23:29:33
Scenario: TWO_TIER_WITH_EO - Policy: NEXT_FIT - #iteration: 5
Duration: 33.0 min (warm up period: 3.0 min) - #devices: 1400
Creating tasks...Done, 
Creating device locations...Done.
SimManager is starting...Done.
.........10.........20.........3030.........40.........50.........60.........70.........80.........90.........100
AUGMENTED_REALITY
# of tasks (Edge/Cloud): 106610(84341/22269)
# of failed tasks (Edge/Cloud): 44011(43914/97)
# of completed tasks (Edge/Cloud): 62599(40427/22172)
---------------------------------------
HEALTH_APP
# of tasks (Edge/Cloud): 5586(4439/1147)
# of failed tasks (Edge/Cloud): 113(107/6)
# of completed tasks (Edge/Cloud): 5473(4332/1141)
---------------------------------------
HEAVY_COMP_APP
# of tasks (Edge/Cloud): 4620(2773/1847)
# of failed tasks (Edge/Cloud): 2516(2501/15)
# of completed tasks (Edge/Cloud): 2104(272/1832)
---------------------------------------
INFOTAINMENT_APP
# of tasks (Edge/Cloud): 26785(22493/4292)
# of failed tasks (Edge/Cloud): 2913(2884/29)
# of completed tasks (Edge/Cloud): 23872(19609/4263)
---------------------------------------
# of tasks (Edge/Cloud/Mobile): 143601(114046/29555/0)
# of failed tasks (Edge/Cloud/Mobile): 49553(49406/147/0)
# of completed tasks (Edge/Cloud/Mobile): 94048(64640/29408/0)
# of uncompleted tasks (Edge/Cloud/Mobile): 168(139/2/27)
# of failed tasks due to vm capacity (Edge/Cloud/Mobile): 48196(48196/0/0)
# of failed tasks due to Mobility/WLAN Range/Network(WLAN/MAN/WAN/GSM): 1357/0/0(0/0/0/0)
percentage of failed tasks: 34.507420%
average service time: 3.278369 seconds. (on Edge: 4.126842, on Cloud: 1.413392, on Mobile: NaN)
average processing time: 2.844055 seconds. (on Edge: 4.053777, on Cloud: 0.185035, on Mobile: NaN)
average network delay: 0.434314 seconds. (LAN delay: 0.073064, MAN delay: NaN, WAN delay: 1.228357, GSM delay: NaN)
average server utilization Edge/Cloud/Mobile: 97.046787/1.521277/0.000000
average cost: 0.0$
average overhead: 0.0 ns
average QoE (for all): 0.0%
average QoE (for executed): 0.0%
Scenario finished at 06/03/2025 23:32:49. It took 3 Minutes 15 Seconds
----------------------------------------------------------------------
Scenario started at 06/03/2025 23:32:49
Scenario: SINGLE_TIER - Policy: NEXT_FIT - #iteration: 5
Duration: 33.0 min (warm up period: 3.0 min) - #devices: 1600
Creating tasks...Done, 
Creating device locations...Done.
SimManager is starting...Done.
.........10.........20.........3030.........40.........50.........60.........70.........80.........90.........100
AUGMENTED_REALITY
# of tasks (Edge/Cloud): 129118(129118/0)
# of failed tasks (Edge/Cloud): 88700(88700/0)
# of completed tasks (Edge/Cloud): 40418(40418/0)
---------------------------------------
HEALTH_APP
# of tasks (Edge/Cloud): 6577(6577/0)
# of failed tasks (Edge/Cloud): 2574(2574/0)
# of completed tasks (Edge/Cloud): 4003(4003/0)
---------------------------------------
HEAVY_COMP_APP
# of tasks (Edge/Cloud): 4966(4966/0)
# of failed tasks (Edge/Cloud): 4167(4167/0)
# of completed tasks (Edge/Cloud): 799(799/0)
---------------------------------------
INFOTAINMENT_APP
# of tasks (Edge/Cloud): 29609(29609/0)
# of failed tasks (Edge/Cloud): 13639(13639/0)
# of completed tasks (Edge/Cloud): 15970(15970/0)
---------------------------------------
# of tasks (Edge/Cloud/Mobile): 170270(170270/0/0)
# of failed tasks (Edge/Cloud/Mobile): 109080(109080/0/0)
# of completed tasks (Edge/Cloud/Mobile): 61190(61190/0/0)
# of uncompleted tasks (Edge/Cloud/Mobile): 124(122/0/2)
# of failed tasks due to vm capacity (Edge/Cloud/Mobile): 107737(107737/0/0)
# of failed tasks due to Mobility/WLAN Range/Network(WLAN/MAN/WAN/GSM): 1343/0/0(0/0/0/0)
percentage of failed tasks: 64.062959%
average service time: 3.732806 seconds. (on Edge: 3.732806, on Cloud: NaN, on Mobile: NaN)
average processing time: 3.660502 seconds. (on Edge: 3.660502, on Cloud: NaN, on Mobile: NaN)
average network delay: 0.072304 seconds. (LAN delay: 0.072304, MAN delay: NaN, WAN delay: NaN, GSM delay: NaN)
average server utilization Edge/Cloud/Mobile: 86.354755/0.000000/0.000000
average cost: 0.0$
average overhead: 0.0 ns
average QoE (for all): 0.0%
average QoE (for executed): 0.0%
Scenario finished at 06/03/2025 23:34:06. It took 1 Minute 17 Seconds
----------------------------------------------------------------------
Scenario started at 06/03/2025 23:34:06
Scenario: TWO_TIER_WITH_EO - Policy: NEXT_FIT - #iteration: 5
Duration: 33.0 min (warm up period: 3.0 min) - #devices: 1600
Creating tasks...Done, 
Creating device locations...Done.
SimManager is starting...Done.
.........10.........20.........3030.........40.........50.........60.........70.........80.........90.........100
AUGMENTED_REALITY
# of tasks (Edge/Cloud): 126406(100085/26321)
# of failed tasks (Edge/Cloud): 60301(60159/142)
# of completed tasks (Edge/Cloud): 66105(39926/26179)
---------------------------------------
HEALTH_APP
# of tasks (Edge/Cloud): 6597(5221/1376)
# of failed tasks (Edge/Cloud): 148(145/3)
# of completed tasks (Edge/Cloud): 6449(5076/1373)
---------------------------------------
HEAVY_COMP_APP
# of tasks (Edge/Cloud): 4543(2693/1850)
# of failed tasks (Edge/Cloud): 2538(2521/17)
# of completed tasks (Edge/Cloud): 2005(172/1833)
---------------------------------------
INFOTAINMENT_APP
# of tasks (Edge/Cloud): 31895(26735/5160)
# of failed tasks (Edge/Cloud): 4725(4684/41)
# of completed tasks (Edge/Cloud): 27170(22051/5119)
---------------------------------------
# of tasks (Edge/Cloud/Mobile): 169441(134734/34707/0)
# of failed tasks (Edge/Cloud/Mobile): 67712(67509/203/0)
# of completed tasks (Edge/Cloud/Mobile): 101729(67225/34504/0)
# of uncompleted tasks (Edge/Cloud/Mobile): 176(140/7/29)
# of failed tasks due to vm capacity (Edge/Cloud/Mobile): 66270(66270/0/0)
# of failed tasks due to Mobility/WLAN Range/Network(WLAN/MAN/WAN/GSM): 1440/0/2(0/0/2/0)
percentage of failed tasks: 39.961993%
average service time: 3.193845 seconds. (on Edge: 4.069752, on Cloud: 1.487294, on Mobile: NaN)
average processing time: 2.700449 seconds. (on Edge: 3.991406, on Cloud: 0.185247, on Mobile: NaN)
average network delay: 0.493396 seconds. (LAN delay: 0.078347, MAN delay: NaN, WAN delay: 1.302047, GSM delay: NaN)
average server utilization Edge/Cloud/Mobile: 97.467434/1.665274/0.000000
average cost: 0.0$
average overhead: 0.0 ns
average QoE (for all): 0.0%
average QoE (for executed): 0.0%
Scenario finished at 06/03/2025 23:38:13. It took 4 Minutes 7 Seconds
----------------------------------------------------------------------
Scenario started at 06/03/2025 23:38:13
Scenario: SINGLE_TIER - Policy: NEXT_FIT - #iteration: 5
Duration: 33.0 min (warm up period: 3.0 min) - #devices: 1800
Creating tasks...Done, 
Creating device locations...Done.
SimManager is starting...Done.
.........10.........20.........3030.........40.........50.........60.........70.........80.........90.........100
AUGMENTED_REALITY
# of tasks (Edge/Cloud): 148995(148995/0)
# of failed tasks (Edge/Cloud): 108600(108600/0)
# of completed tasks (Edge/Cloud): 40395(40395/0)
---------------------------------------
HEALTH_APP
# of tasks (Edge/Cloud): 6993(6993/0)
# of failed tasks (Edge/Cloud): 2892(2892/0)
# of completed tasks (Edge/Cloud): 4101(4101/0)
---------------------------------------
HEAVY_COMP_APP
# of tasks (Edge/Cloud): 5449(5449/0)
# of failed tasks (Edge/Cloud): 4747(4747/0)
# of completed tasks (Edge/Cloud): 702(702/0)
---------------------------------------
INFOTAINMENT_APP
# of tasks (Edge/Cloud): 34809(34809/0)
# of failed tasks (Edge/Cloud): 17875(17875/0)
# of completed tasks (Edge/Cloud): 16934(16934/0)
---------------------------------------
# of tasks (Edge/Cloud/Mobile): 196246(196246/0/0)
# of failed tasks (Edge/Cloud/Mobile): 134114(134114/0/0)
# of completed tasks (Edge/Cloud/Mobile): 62132(62132/0/0)
# of uncompleted tasks (Edge/Cloud/Mobile): 123(119/0/4)
# of failed tasks due to vm capacity (Edge/Cloud/Mobile): 132657(132657/0/0)
# of failed tasks due to Mobility/WLAN Range/Network(WLAN/MAN/WAN/GSM): 1457/0/0(0/0/0/0)
percentage of failed tasks: 68.339737%
average service time: 3.856154 seconds. (on Edge: 3.856154, on Cloud: NaN, on Mobile: NaN)
average processing time: 3.779433 seconds. (on Edge: 3.779433, on Cloud: NaN, on Mobile: NaN)
average network delay: 0.076721 seconds. (LAN delay: 0.076721, MAN delay: NaN, WAN delay: NaN, GSM delay: NaN)
average server utilization Edge/Cloud/Mobile: 89.621689/0.000000/0.000000
average cost: 0.0$
average overhead: 0.0 ns
average QoE (for all): 0.0%
average QoE (for executed): 0.0%
Scenario finished at 06/03/2025 23:39:32. It took 1 Minute 18 Seconds
----------------------------------------------------------------------
Scenario started at 06/03/2025 23:39:32
Scenario: TWO_TIER_WITH_EO - Policy: NEXT_FIT - #iteration: 5
Duration: 33.0 min (warm up period: 3.0 min) - #devices: 1800
Creating tasks...Done, 
Creating device locations...Done.
SimManager is starting...Done.
.........10.........20.........3030.........40.........50.........60.........70.........80.........90.........100
AUGMENTED_REALITY
# of tasks (Edge/Cloud): 145257(114900/30357)
# of failed tasks (Edge/Cloud): 76107(75550/557)
# of completed tasks (Edge/Cloud): 69150(39350/29800)
---------------------------------------
HEALTH_APP
# of tasks (Edge/Cloud): 6883(5455/1428)
# of failed tasks (Edge/Cloud): 229(203/26)
# of completed tasks (Edge/Cloud): 6654(5252/1402)
---------------------------------------
HEAVY_COMP_APP
# of tasks (Edge/Cloud): 5757(3410/2347)
# of failed tasks (Edge/Cloud): 3298(3246/52)
# of completed tasks (Edge/Cloud): 2459(164/2295)
---------------------------------------
INFOTAINMENT_APP
# of tasks (Edge/Cloud): 34295(28873/5422)
# of failed tasks (Edge/Cloud): 6020(5911/109)
# of completed tasks (Edge/Cloud): 28275(22962/5313)
---------------------------------------
# of tasks (Edge/Cloud/Mobile): 192192(152638/39554/0)
# of failed tasks (Edge/Cloud/Mobile): 85654(84910/744/0)
# of completed tasks (Edge/Cloud/Mobile): 106538(67728/38810/0)
# of uncompleted tasks (Edge/Cloud/Mobile): 180(138/8/34)
# of failed tasks due to vm capacity (Edge/Cloud/Mobile): 83576(83576/0/0)
# of failed tasks due to Mobility/WLAN Range/Network(WLAN/MAN/WAN/GSM): 1596/0/482(0/0/482/0)
percentage of failed tasks: 44.566891%
average service time: 3.218945 seconds. (on Edge: 4.059829, on Cloud: 1.751504, on Mobile: NaN)
average processing time: 2.597053 seconds. (on Edge: 3.978194, on Cloud: 0.186800, on Mobile: NaN)
average network delay: 0.621893 seconds. (LAN delay: 0.081636, MAN delay: NaN, WAN delay: 1.564705, GSM delay: NaN)
average server utilization Edge/Cloud/Mobile: 97.736105/2.139058/0.000000
average cost: 0.0$
average overhead: 0.0 ns
average QoE (for all): 0.0%
average QoE (for executed): 0.0%
Scenario finished at 06/03/2025 23:43:51. It took 4 Minutes 19 Seconds
----------------------------------------------------------------------
Scenario started at 06/03/2025 23:43:51
Scenario: SINGLE_TIER - Policy: NEXT_FIT - #iteration: 5
Duration: 33.0 min (warm up period: 3.0 min) - #devices: 2000
Creating tasks...Done, 
Creating device locations...Done.
SimManager is starting...Done.
.........10.........20.........3030.........40.........50.........60.........70.........80.........90.........100
AUGMENTED_REALITY
# of tasks (Edge/Cloud): 152932(152932/0)
# of failed tasks (Edge/Cloud): 113459(113459/0)
# of completed tasks (Edge/Cloud): 39473(39473/0)
---------------------------------------
HEALTH_APP
# of tasks (Edge/Cloud): 8364(8364/0)
# of failed tasks (Edge/Cloud): 3513(3513/0)
# of completed tasks (Edge/Cloud): 4851(4851/0)
---------------------------------------
HEAVY_COMP_APP
# of tasks (Edge/Cloud): 5888(5888/0)
# of failed tasks (Edge/Cloud): 5212(5212/0)
# of completed tasks (Edge/Cloud): 676(676/0)
---------------------------------------
INFOTAINMENT_APP
# of tasks (Edge/Cloud): 40263(40263/0)
# of failed tasks (Edge/Cloud): 21198(21198/0)
# of completed tasks (Edge/Cloud): 19065(19065/0)
---------------------------------------
# of tasks (Edge/Cloud/Mobile): 207447(207447/0/0)
# of failed tasks (Edge/Cloud/Mobile): 143382(143382/0/0)
# of completed tasks (Edge/Cloud/Mobile): 64065(64065/0/0)
# of uncompleted tasks (Edge/Cloud/Mobile): 141(135/0/6)
# of failed tasks due to vm capacity (Edge/Cloud/Mobile): 141919(141919/0/0)
# of failed tasks due to Mobility/WLAN Range/Network(WLAN/MAN/WAN/GSM): 1463/0/0(0/0/0/0)
percentage of failed tasks: 69.117413%
average service time: 3.805856 seconds. (on Edge: 3.805856, on Cloud: NaN, on Mobile: NaN)
average processing time: 3.728375 seconds. (on Edge: 3.728375, on Cloud: NaN, on Mobile: NaN)
average network delay: 0.077481 seconds. (LAN delay: 0.077481, MAN delay: NaN, WAN delay: NaN, GSM delay: NaN)
average server utilization Edge/Cloud/Mobile: 90.085758/0.000000/0.000000
average cost: 0.0$
average overhead: 0.0 ns
average QoE (for all): 0.0%
average QoE (for executed): 0.0%
Scenario finished at 06/03/2025 23:45:36. It took 1 Minute 44 Seconds
----------------------------------------------------------------------
Scenario started at 06/03/2025 23:45:36
Scenario: TWO_TIER_WITH_EO - Policy: NEXT_FIT - #iteration: 5
Duration: 33.0 min (warm up period: 3.0 min) - #devices: 2000
Creating tasks...Done, 
Creating device locations...Done.
SimManager is starting...Done.
.........10.........20.........3030.........40.........50.........60.........70.........80.........90.........100
AUGMENTED_REALITY
# of tasks (Edge/Cloud): 161456(128042/33414)
# of failed tasks (Edge/Cloud): 91682(89464/2218)
# of completed tasks (Edge/Cloud): 69774(38578/31196)
---------------------------------------
HEALTH_APP
# of tasks (Edge/Cloud): 7952(6328/1624)
# of failed tasks (Edge/Cloud): 376(275/101)
# of completed tasks (Edge/Cloud): 7576(6053/1523)
---------------------------------------
HEAVY_COMP_APP
# of tasks (Edge/Cloud): 5845(3440/2405)
# of failed tasks (Edge/Cloud): 3502(3333/169)
# of completed tasks (Edge/Cloud): 2343(107/2236)
---------------------------------------
INFOTAINMENT_APP
# of tasks (Edge/Cloud): 39817(33559/6258)
# of failed tasks (Edge/Cloud): 8714(8304/410)
# of completed tasks (Edge/Cloud): 31103(25255/5848)
---------------------------------------
# of tasks (Edge/Cloud/Mobile): 215070(171369/43701/0)
# of failed tasks (Edge/Cloud/Mobile): 104274(101376/2898/0)
# of completed tasks (Edge/Cloud/Mobile): 110796(69993/40803/0)
# of uncompleted tasks (Edge/Cloud/Mobile): 224(142/10/72)
# of failed tasks due to vm capacity (Edge/Cloud/Mobile): 100074(100074/0/0)
# of failed tasks due to Mobility/WLAN Range/Network(WLAN/MAN/WAN/GSM): 1677/0/2523(0/0/2523/0)
percentage of failed tasks: 48.483749%
average service time: 3.354060 seconds. (on Edge: 4.016854, on Cloud: 2.217111, on Mobile: NaN)
average processing time: 2.550473 seconds. (on Edge: 3.930367, on Cloud: 0.183420, on Mobile: NaN)
average network delay: 0.803587 seconds. (LAN delay: 0.086488, MAN delay: NaN, WAN delay: 2.033690, GSM delay: NaN)
average server utilization Edge/Cloud/Mobile: 97.897308/2.123100/0.000000
average cost: 0.0$
average overhead: 0.0 ns
average QoE (for all): 0.0%
average QoE (for executed): 0.0%
Scenario finished at 06/03/2025 23:55:36. It took 10 Minutes 0 Seconds
----------------------------------------------------------------------
Scenario started at 06/03/2025 23:55:36
Scenario: SINGLE_TIER - Policy: NEXT_FIT - #iteration: 5
Duration: 33.0 min (warm up period: 3.0 min) - #devices: 2200
Creating tasks...Done, 
Creating device locations...Done.
SimManager is starting...Done.
.........10.........20.........3030.........40.........50.........60.........70.........80.........90.........100
AUGMENTED_REALITY
# of tasks (Edge/Cloud): 180762(180762/0)
# of failed tasks (Edge/Cloud): 140916(140916/0)
# of completed tasks (Edge/Cloud): 39846(39846/0)
---------------------------------------
HEALTH_APP
# of tasks (Edge/Cloud): 9208(9208/0)
# of failed tasks (Edge/Cloud): 4211(4211/0)
# of completed tasks (Edge/Cloud): 4997(4997/0)
---------------------------------------
HEAVY_COMP_APP
# of tasks (Edge/Cloud): 6233(6233/0)
# of failed tasks (Edge/Cloud): 5638(5638/0)
# of completed tasks (Edge/Cloud): 595(595/0)
---------------------------------------
INFOTAINMENT_APP
# of tasks (Edge/Cloud): 41828(41828/0)
# of failed tasks (Edge/Cloud): 22952(22952/0)
# of completed tasks (Edge/Cloud): 18876(18876/0)
---------------------------------------
# of tasks (Edge/Cloud/Mobile): 238031(238031/0/0)
# of failed tasks (Edge/Cloud/Mobile): 173717(173717/0/0)
# of completed tasks (Edge/Cloud/Mobile): 64314(64314/0/0)
# of uncompleted tasks (Edge/Cloud/Mobile): 136(129/0/7)
# of failed tasks due to vm capacity (Edge/Cloud/Mobile): 172308(172308/0/0)
# of failed tasks due to Mobility/WLAN Range/Network(WLAN/MAN/WAN/GSM): 1409/0/0(0/0/0/0)
percentage of failed tasks: 72.980830%
average service time: 3.868935 seconds. (on Edge: 3.868935, on Cloud: NaN, on Mobile: NaN)
average processing time: 3.785046 seconds. (on Edge: 3.785046, on Cloud: NaN, on Mobile: NaN)
average network delay: 0.083889 seconds. (LAN delay: 0.083889, MAN delay: NaN, WAN delay: NaN, GSM delay: NaN)
average server utilization Edge/Cloud/Mobile: 91.475250/0.000000/0.000000
average cost: 0.0$
average overhead: 0.0 ns
average QoE (for all): 0.0%
average QoE (for executed): 0.0%
Scenario finished at 06/03/2025 23:57:01. It took 1 Minute 25 Seconds
----------------------------------------------------------------------
Scenario started at 06/03/2025 23:57:01
Scenario: TWO_TIER_WITH_EO - Policy: NEXT_FIT - #iteration: 5
Duration: 33.0 min (warm up period: 3.0 min) - #devices: 2200
Creating tasks...Done, 
Creating device locations...Done.
SimManager is starting...Done.
.........10.........20.........3030.........40.........50.........60.........70.........80.........90.........100
AUGMENTED_REALITY
# of tasks (Edge/Cloud): 184591(145893/38698)
# of failed tasks (Edge/Cloud): 112964(107742/5222)
# of completed tasks (Edge/Cloud): 71627(38151/33476)
---------------------------------------
HEALTH_APP
# of tasks (Edge/Cloud): 8635(6842/1793)
# of failed tasks (Edge/Cloud): 531(324/207)
# of completed tasks (Edge/Cloud): 8104(6518/1586)
---------------------------------------
HEAVY_COMP_APP
# of tasks (Edge/Cloud): 6122(3609/2513)
# of failed tasks (Edge/Cloud): 3866(3499/367)
# of completed tasks (Edge/Cloud): 2256(110/2146)
---------------------------------------
INFOTAINMENT_APP
# of tasks (Edge/Cloud): 43206(36151/7055)
# of failed tasks (Edge/Cloud): 11316(10320/996)
# of completed tasks (Edge/Cloud): 31890(25831/6059)
---------------------------------------
# of tasks (Edge/Cloud/Mobile): 242554(192495/50059/0)
# of failed tasks (Edge/Cloud/Mobile): 128677(121885/6792/0)
# of completed tasks (Edge/Cloud/Mobile): 113877(70610/43267/0)
# of uncompleted tasks (Edge/Cloud/Mobile): 223(138/4/81)
# of failed tasks due to vm capacity (Edge/Cloud/Mobile): 120596(120596/0/0)
# of failed tasks due to Mobility/WLAN Range/Network(WLAN/MAN/WAN/GSM): 1703/0/6378(0/0/6378/0)
percentage of failed tasks: 53.050867%
average service time: 3.477425 seconds. (on Edge: 4.014386, on Cloud: 2.601127, on Mobile: NaN)
average processing time: 2.500363 seconds. (on Edge: 3.920623, on Cloud: 0.182555, on Mobile: NaN)
average network delay: 0.977062 seconds. (LAN delay: 0.093763, MAN delay: NaN, WAN delay: 2.418572, GSM delay: NaN)
average server utilization Edge/Cloud/Mobile: 97.797438/2.271277/0.000000
average cost: 0.0$
average overhead: 0.0 ns
average QoE (for all): 0.0%
average QoE (for executed): 0.0%
Scenario finished at 07/03/2025 00:02:19. It took 5 Minutes 17 Seconds
----------------------------------------------------------------------
Scenario started at 07/03/2025 00:02:19
Scenario: SINGLE_TIER - Policy: NEXT_FIT - #iteration: 5
Duration: 33.0 min (warm up period: 3.0 min) - #devices: 2400
Creating tasks...Done, 
Creating device locations...Done.
SimManager is starting...Done.
.........10.........20.........3030.........40.........50.........60.........70.........80.........90.........100
AUGMENTED_REALITY
# of tasks (Edge/Cloud): 187036(187036/0)
# of failed tasks (Edge/Cloud): 147420(147420/0)
# of completed tasks (Edge/Cloud): 39616(39616/0)
---------------------------------------
HEALTH_APP
# of tasks (Edge/Cloud): 9909(9909/0)
# of failed tasks (Edge/Cloud): 4669(4669/0)
# of completed tasks (Edge/Cloud): 5240(5240/0)
---------------------------------------
HEAVY_COMP_APP
# of tasks (Edge/Cloud): 7135(7135/0)
# of failed tasks (Edge/Cloud): 6573(6573/0)
# of completed tasks (Edge/Cloud): 562(562/0)
---------------------------------------
INFOTAINMENT_APP
# of tasks (Edge/Cloud): 47622(47622/0)
# of failed tasks (Edge/Cloud): 27581(27581/0)
# of completed tasks (Edge/Cloud): 20041(20041/0)
---------------------------------------
# of tasks (Edge/Cloud/Mobile): 251702(251702/0/0)
# of failed tasks (Edge/Cloud/Mobile): 186243(186243/0/0)
# of completed tasks (Edge/Cloud/Mobile): 65459(65459/0/0)
# of uncompleted tasks (Edge/Cloud/Mobile): 157(132/0/25)
# of failed tasks due to vm capacity (Edge/Cloud/Mobile): 184726(184726/0/0)
# of failed tasks due to Mobility/WLAN Range/Network(WLAN/MAN/WAN/GSM): 1517/0/0(0/0/0/0)
percentage of failed tasks: 73.993453%
average service time: 3.873308 seconds. (on Edge: 3.873308, on Cloud: NaN, on Mobile: NaN)
average processing time: 3.787960 seconds. (on Edge: 3.787960, on Cloud: NaN, on Mobile: NaN)
average network delay: 0.085348 seconds. (LAN delay: 0.085348, MAN delay: NaN, WAN delay: NaN, GSM delay: NaN)
average server utilization Edge/Cloud/Mobile: 92.461463/0.000000/0.000000
average cost: 0.0$
average overhead: 0.0 ns
average QoE (for all): 0.0%
average QoE (for executed): 0.0%
Scenario finished at 07/03/2025 00:03:49. It took 1 Minute 29 Seconds
----------------------------------------------------------------------
Scenario started at 07/03/2025 00:03:49
Scenario: TWO_TIER_WITH_EO - Policy: NEXT_FIT - #iteration: 5
Duration: 33.0 min (warm up period: 3.0 min) - #devices: 2400
Creating tasks...Done, 
Creating device locations...Done.
SimManager is starting...Done.
.........10.........20.........3030.........40.........50.........60.........70.........80.........90.........100
AUGMENTED_REALITY
# of tasks (Edge/Cloud): 206200(163099/43101)
# of failed tasks (Edge/Cloud): 132484(125387/7097)
# of completed tasks (Edge/Cloud): 73716(37712/36004)
---------------------------------------
HEALTH_APP
# of tasks (Edge/Cloud): 9866(7756/2110)
# of failed tasks (Edge/Cloud): 697(373/324)
# of completed tasks (Edge/Cloud): 9169(7383/1786)
---------------------------------------
HEAVY_COMP_APP
# of tasks (Edge/Cloud): 6813(4060/2753)
# of failed tasks (Edge/Cloud): 4457(3969/488)
# of completed tasks (Edge/Cloud): 2356(91/2265)
---------------------------------------
INFOTAINMENT_APP
# of tasks (Edge/Cloud): 43949(36998/6951)
# of failed tasks (Edge/Cloud): 12919(11758/1161)
# of completed tasks (Edge/Cloud): 31030(25240/5790)
---------------------------------------
# of tasks (Edge/Cloud/Mobile): 266828(211913/54915/0)
# of failed tasks (Edge/Cloud/Mobile): 150557(141487/9070/0)
# of completed tasks (Edge/Cloud/Mobile): 116271(70426/45845/0)
# of uncompleted tasks (Edge/Cloud/Mobile): 237(141/11/85)
# of failed tasks due to vm capacity (Edge/Cloud/Mobile): 140221(140221/0/0)
# of failed tasks due to Mobility/WLAN Range/Network(WLAN/MAN/WAN/GSM): 1680/0/8656(0/0/8656/0)
percentage of failed tasks: 56.424738%
average service time: 3.507878 seconds. (on Edge: 4.040613, on Cloud: 2.689502, on Mobile: NaN)
average processing time: 2.461133 seconds. (on Edge: 3.943755, on Cloud: 0.183565, on Mobile: NaN)
average network delay: 1.046745 seconds. (LAN delay: 0.096859, MAN delay: NaN, WAN delay: 2.505938, GSM delay: NaN)
average server utilization Edge/Cloud/Mobile: 97.991750/2.598404/0.000000
average cost: 0.0$
average overhead: 0.0 ns
average QoE (for all): 0.0%
average QoE (for executed): 0.0%
Scenario finished at 07/03/2025 00:09:21. It took 5 Minutes 31 Seconds
----------------------------------------------------------------------
Simulation finished at 07/03/2025 00:09:21. It took 53 Minutes 6 Seconds
