#auto generated file!
12.0;34;30;32;16;35;26;29;32;18;37;24;26;25;36
18.0;35;30;32;16;37;26;29;30;17;38;23;25;25;37
24.0;35;33;32;17;38;28;26;30;16;34;23;24;28;36
30.0;35;33;32;17;40;30;24;30;16;34;22;24;27;36
36.0;37;35;32;19;40;31;22;29;15;33;22;25;25;35
42.0;36;38;31;19;36;33;22;30;16;33;20;25;25;36
48.0;37;38;34;19;39;34;21;28;16;33;22;24;23;32
54.0;38;41;34;19;38;33;20;29;15;33;19;23;24;34
60.0;39;43;33;20;39;33;19;29;16;31;19;22;24;33
66.0;39;42;32;21;40;34;18;30;16;31;21;21;24;31
72.0;40;43;30;23;40;37;16;29;17;30;23;19;25;28
78.0;41;43;30;25;40;37;15;28;16;29;23;19;26;28
84.0;42;46;31;24;37;39;17;28;16;29;23;19;25;24
90.0;42;47;31;25;37;39;17;26;17;29;21;19;25;25
96.0;43;46;31;23;37;39;17;25;17;28;20;22;26;26
102.0;44;46;32;23;37;39;16;26;17;26;19;22;28;25
108.0;43;44;32;23;39;39;20;28;17;25;18;20;27;25
114.0;43;45;32;23;38;39;21;28;17;25;19;20;26;24
120.0;43;47;32;20;38;40;22;28;18;24;19;20;26;23
126.0;43;50;31;20;36;40;22;30;17;25;17;18;28;23
132.0;45;51;31;19;35;40;23;30;16;25;17;19;29;20
138.0;45;52;32;19;36;40;23;30;14;23;18;19;29;20
144.0;45;52;33;21;36;38;23;32;13;23;17;18;30;19
150.0;45;53;33;21;37;39;22;31;13;24;14;20;29;19
156.0;45;54;33;21;36;42;23;30;14;23;14;19;29;17
162.0;46;56;32;21;39;41;22;27;13;23;14;18;30;18
168.0;47;55;32;20;41;41;22;26;13;21;15;18;31;18
174.0;47;56;34;19;42;42;23;25;14;19;13;17;30;19
180.0;47;56;33;20;44;42;24;27;14;18;11;17;27;20
186.0;46;57;32;22;44;42;23;27;15;16;14;17;27;18
192.0;46;57;35;22;44;43;21;27;14;18;14;15;29;15
198.0;47;57;35;21;44;43;21;26;15;17;16;15;29;14
204.0;49;56;36;20;42;44;19;26;16;17;18;15;28;14
210.0;51;55;35;19;43;43;17;26;16;16;20;16;29;14
216.0;51;55;36;19;44;47;18;22;16;17;21;13;27;14
222.0;51;54;37;19;43;48;18;23;14;17;21;14;27;14
228.0;53;52;37;17;43;49;21;23;14;18;20;14;25;14
234.0;53;52;35;17;46;48;20;23;15;17;23;13;24;14
240.0;55;53;34;16;49;46;21;23;14;16;21;13;23;16
246.0;54;53;34;19;49;46;20;24;14;17;19;14;22;15
252.0;57;53;35;20;49;44;20;26;12;17;18;12;21;16
258.0;56;51;35;22;50;44;18;27;11;16;18;13;21;18
264.0;57;49;34;20;52;43;21;26;12;17;19;14;19;17
270.0;56;47;35;20;52;43;20;26;13;20;19;14;17;18
276.0;56;45;36;22;53;44;17;24;13;20;19;14;17;20
282.0;57;44;37;21;54;47;15;23;11;21;19;15;16;20
288.0;55;43;37;22;54;48;17;23;9;21;20;14;16;21
294.0;54;43;37;22;53;48;18;22;9;21;22;13;17;21
300.0;54;40;38;23;51;48;19;25;9;21;21;13;16;22
306.0;52;40;38;23;54;47;18;25;9;20;22;14;15;23
312.0;53;41;40;23;53;46;18;24;11;18;21;13;15;24
318.0;52;42;41;23;53;46;16;25;13;18;21;13;15;22
324.0;52;40;41;23;54;47;17;25;14;17;20;13;16;21
330.0;52;40;41;21;54;46;18;26;13;17;21;13;17;21
336.0;52;40;42;21;54;45;18;27;14;16;21;13;16;21
342.0;53;39;42;21;53;46;17;27;13;17;21;14;17;20
348.0;53;39;44;21;53;45;17;25;16;17;20;12;18;20
354.0;53;39;44;21;52;46;17;25;17;16;21;12;17;20
360.0;52;38;44;22;52;48;18;23;17;16;20;13;17;20
366.0;54;38;43;21;51;48;18;24;15;16;20;14;18;20
372.0;54;39;44;22;49;48;18;22;16;17;20;14;16;21
378.0;54;37;42;26;46;47;17;23;18;18;22;16;14;20
384.0;55;36;46;26;46;45;18;22;16;19;21;14;15;21
390.0;57;36;45;26;46;46;19;21;15;18;22;14;15;20
396.0;56;36;44;25;47;47;19;21;12;19;23;15;16;20
402.0;58;37;43;26;46;47;19;20;11;19;23;13;17;21
408.0;59;37;43;26;45;48;18;20;12;18;22;13;18;21
414.0;59;37;44;26;44;49;17;19;11;18;23;14;18;21
420.0;58;37;44;28;43;49;15;20;10;18;24;12;20;22
426.0;56;37;45;27;42;51;16;21;9;16;24;13;20;23
432.0;57;37;46;27;42;51;16;20;11;14;23;15;18;23
438.0;57;37;46;26;42;49;16;22;10;14;24;16;18;23
444.0;57;36;48;26;41;49;14;23;11;14;25;13;19;24
450.0;57;38;49;25;39;50;14;25;10;13;24;12;18;26
456.0;55;36;48;26;39;50;12;24;15;13;26;14;18;24
462.0;54;37;48;27;37;49;12;22;15;15;25;18;18;23
468.0;54;36;50;25;38;50;12;23;15;14;25;20;19;19
474.0;55;35;47;25;39;50;11;21;16;15;24;22;19;21
480.0;55;33;46;26;40;51;11;21;16;14;25;20;20;22
486.0;54;33;45;28;42;52;12;20;15;11;27;19;20;22
492.0;55;33;45;27;42;51;9;23;16;13;26;18;19;23
498.0;55;33;46;27;42;50;10;23;15;12;27;18;19;23
504.0;56;34;45;26;44;49;10;23;15;11;25;18;20;24
510.0;57;37;46;26;41;47;11;23;15;12;26;14;21;24
516.0;59;38;46;27;40;45;11;24;14;11;27;13;21;24
522.0;59;36;46;29;40;43;12;27;14;13;25;13;21;22
528.0;60;36;45;31;40;43;10;25;16;12;24;14;21;23
534.0;61;36;45;29;40;45;11;24;16;13;24;13;20;23
540.0;61;36;46;29;40;44;11;20;17;13;24;14;21;24
546.0;63;37;45;29;39;45;9;22;17;11;25;14;21;23
552.0;64;37;46;30;39;44;9;24;17;11;23;14;20;22
558.0;63;37;46;31;39;44;9;25;17;11;23;13;20;22
564.0;64;37;45;33;38;45;11;25;15;9;23;13;20;22
570.0;65;38;46;31;40;47;11;24;14;9;22;12;20;21
576.0;64;39;48;31;41;47;11;23;15;9;21;11;19;21
582.0;61;39;46;34;43;47;9;23;16;9;21;11;20;21
588.0;62;38;47;33;44;47;9;22;14;11;22;11;18;22
594.0;59;39;46;35;44;46;9;22;13;13;20;12;19;23
600.0;57;38;44;35;45;46;11;21;17;11;22;12;18;23
606.0;58;39;43;37;45;46;11;19;18;11;20;12;18;23
612.0;58;39;44;38;44;47;10;18;16;12;20;13;18;23
618.0;58;41;43;37;44;47;10;19;19;11;20;13;17;21
624.0;57;41;41;37;45;46;10;18;19;14;20;14;17;21
630.0;57;40;41;38;46;47;10;18;18;13;20;14;16;22
636.0;58;40;42;38;46;47;11;16;17;12;19;15;17;22
642.0;59;39;41;39;47;45;12;16;16;12;19;17;16;22
648.0;56;41;42;38;48;46;12;16;14;12;20;17;17;21
654.0;55;43;44;36;48;46;11;16;15;12;20;19;15;20
660.0;55;43;42;35;48;47;10;18;15;11;20;19;16;21
666.0;54;43;42;34;50;45;10;18;17;11;19;20;14;23
672.0;56;42;42;34;51;45;11;17;17;12;19;19;12;23
678.0;55;42;40;34;52;48;13;17;17;12;19;20;10;21
684.0;54;43;40;34;51;50;14;17;17;11;19;20;10;20
690.0;53;44;40;33;51;50;13;16;17;11;20;22;10;20
696.0;54;44;39;34;52;50;13;16;18;11;19;21;10;19
702.0;54;44;39;32;54;51;12;18;20;9;19;19;10;19
708.0;55;44;40;29;54;51;12;18;20;10;19;18;11;19
714.0;54;43;40;31;53;50;12;18;21;11;19;18;12;18
720.0;54;45;41;30;51;47;14;18;19;11;19;18;12;21
726.0;55;46;43;28;52;47;14;15;19;11;18;18;13;21
732.0;56;46;44;26;50;48;15;16;18;11;19;16;13;22
738.0;58;46;45;27;50;46;14;16;18;13;19;15;12;21
744.0;60;45;46;27;50;45;14;16;18;13;19;14;12;21
750.0;61;48;47;25;50;45;14;16;20;13;19;13;11;18
756.0;61;45;48;27;52;45;13;16;21;13;18;11;11;19
762.0;61;47;46;28;52;45;15;14;19;12;18;13;13;17
768.0;60;48;45;28;52;44;16;17;19;11;16;13;13;18
774.0;62;48;47;28;49;43;14;19;19;10;18;13;13;17
780.0;62;48;48;28;50;43;13;18;18;11;17;14;14;16
786.0;64;48;48;29;49;43;14;17;18;10;17;12;14;17
792.0;65;47;48;31;49;44;15;16;16;10;19;12;13;15
798.0;65;48;48;31;49;44;14;18;16;10;18;11;12;16
804.0;65;48;47;33;51;43;12;18;13;12;18;10;12;18
810.0;67;47;47;32;50;40;12;19;13;12;19;12;13;17
816.0;67;43;46;33;48;40;12;20;14;13;19;15;11;19
822.0;67;44;46;38;47;40;14;17;14;13;19;14;8;19
828.0;66;44;45;40;43;40;14;19;15;13;20;14;8;19
834.0;66;46;44;41;45;36;12;16;16;14;20;14;9;21
840.0;66;47;42;42;44;35;13;16;17;13;20;14;11;20
846.0;67;46;41;42;42;37;13;16;17;13;20;15;11;20
852.0;68;47;41;41;40;38;13;16;17;14;18;14;11;22
858.0;67;46;42;40;39;39;13;16;17;13;19;14;12;23
864.0;65;47;43;41;40;37;12;18;17;13;20;16;13;18
870.0;66;48;43;42;42;36;13;16;16;9;20;17;13;19
876.0;65;48;46;41;44;34;13;17;16;12;20;16;12;16
882.0;67;48;45;41;45;33;13;18;16;13;19;15;12;15
888.0;66;49;42;45;45;32;12;19;16;12;22;15;10;15
894.0;66;49;41;45;46;32;13;20;13;13;21;15;10;16
900.0;67;51;43;45;46;33;11;21;13;12;21;12;10;15
906.0;65;50;46;46;47;31;13;20;11;13;18;13;11;16
912.0;65;52;43;46;46;31;14;20;12;13;18;14;11;15
918.0;65;55;43;44;45;31;16;20;12;14;16;13;12;14
924.0;63;53;44;44;45;31;15;20;14;15;15;15;13;13
930.0;63;52;44;44;44;34;12;21;13;15;15;15;13;15
936.0;62;52;42;44;46;33;13;21;11;17;15;15;13;16
942.0;62;53;41;43;46;33;13;22;11;16;16;15;13;16
948.0;62;55;39;46;47;31;13;21;10;19;15;15;12;15
954.0;62;54;40;47;47;29;13;21;11;20;17;14;12;13
960.0;62;54;38;48;47;30;12;21;10;20;18;13;13;14
966.0;61;57;38;49;47;30;13;20;9;21;17;14;12;12
972.0;64;55;37;50;44;30;14;19;10;21;17;14;13;12
978.0;65;56;37;50;44;30;14;19;10;20;17;14;13;11
984.0;65;57;37;50;44;30;14;18;9;19;18;15;13;11
990.0;64;60;35;48;45;33;13;17;8;18;19;14;15;11
996.0;62;61;36;47;46;32;15;18;7;17;20;14;14;11
1002.0;64;61;37;47;45;31;14;17;8;17;22;13;13;11
1008.0;64;62;35;46;46;30;14;17;9;17;21;13;14;12
1014.0;63;63;34;46;47;29;14;17;9;17;21;14;14;12
1020.0;65;62;34;48;47;26;15;16;10;15;20;14;15;13
1026.0;64;61;34;47;48;27;15;16;10;15;20;14;16;13
1032.0;65;60;33;46;49;28;13;15;10;18;19;15;16;13
1038.0;65;59;32;45;49;28;12;15;12;16;21;18;14;14
1044.0;65;60;31;45;49;27;12;16;13;17;20;17;14;14
1050.0;66;61;29;43;47;27;11;16;13;17;21;18;15;16
1056.0;64;61;30;43;44;28;12;19;15;18;17;19;14;16
1062.0;63;61;30;47;43;26;12;18;17;17;17;19;14;16
1068.0;61;62;32;48;40;26;12;18;16;18;18;20;14;15
1074.0;60;63;31;47;43;28;10;18;15;18;19;19;14;15
1080.0;59;63;31;45;43;29;11;18;15;17;20;19;14;16
1086.0;61;65;30;45;42;26;12;18;18;17;20;17;13;16
1092.0;62;65;30;44;42;26;13;19;18;17;18;17;13;16
1098.0;62;66;30;43;42;26;13;19;18;18;17;17;15;14
1104.0;62;66;30;44;43;27;14;18;17;16;15;18;15;15
1110.0;62;66;30;46;44;26;14;18;16;16;14;18;14;16
1116.0;61;65;29;46;47;25;15;18;17;17;14;16;15;15
1122.0;62;65;29;48;47;25;11;19;19;14;14;16;16;15
1128.0;62;64;29;49;47;25;11;19;20;13;14;16;16;15
1134.0;61;65;31;49;47;25;10;18;18;13;15;16;18;14
1140.0;60;66;31;47;47;25;10;21;17;14;14;16;18;14
1146.0;60;66;33;48;47;25;10;22;15;12;14;16;18;14
1152.0;59;69;34;48;47;25;11;23;14;12;15;13;16;14
1158.0;59;70;32;47;47;26;12;22;15;13;14;12;16;15
1164.0;58;68;32;49;47;29;14;23;14;11;13;13;15;14
1170.0;58;69;33;48;47;29;13;21;14;11;15;14;15;13
1176.0;60;66;32;46;49;33;15;21;15;10;15;14;14;10
1182.0;60;67;32;46;50;32;15;19;14;13;15;14;14;9
1188.0;59;67;33;45;50;31;17;19;15;13;15;11;15;10
1194.0;58;67;34;47;50;32;16;20;14;13;13;12;15;9
1200.0;59;68;35;47;51;30;17;19;17;11;12;11;14;9
1206.0;58;69;34;46;50;32;18;18;16;12;13;11;14;9
1212.0;58;70;32;48;50;32;17;17;15;14;13;10;14;10
1218.0;55;71;29;49;49;35;16;18;16;13;14;10;14;11
1224.0;53;70;29;50;49;36;18;17;16;13;12;12;13;12
1230.0;52;66;28;54;49;35;19;17;18;12;12;13;14;11
1236.0;53;65;28;54;47;35;19;18;17;11;12;14;14;13
1242.0;53;65;25;52;45;35;20;20;17;13;11;16;14;14
1248.0;53;64;25;52;45;35;22;19;16;13;12;15;15;14
1254.0;54;66;27;50;46;36;20;18;17;12;10;16;14;14
1260.0;54;64;28;50;46;36;19;19;17;12;9;18;14;14
1266.0;53;63;29;50;46;36;20;21;15;13;9;17;14;14
1272.0;53;63;29;52;46;38;19;20;17;12;8;16;14;13
1278.0;53;62;31;50;44;36;19;23;17;12;9;16;13;15
1284.0;53;63;31;51;44;37;17;23;17;11;11;15;12;15
1290.0;55;61;30;51;44;39;17;19;17;12;10;15;13;17
1296.0;55;61;32;51;44;39;15;19;18;12;9;15;14;16
1302.0;53;63;31;52;45;40;14;21;19;13;10;14;12;13
1308.0;54;62;32;51;45;40;16;21;19;13;9;14;12;12
1314.0;55;60;32;50;44;43;15;22;19;13;9;14;12;12
1320.0;56;62;31;49;46;39;16;20;18;13;10;15;12;13
1326.0;56;65;32;48;47;39;16;19;18;13;8;13;12;14
1332.0;56;67;32;48;47;40;16;20;16;12;7;12;12;15
1338.0;56;69;31;43;47;41;19;19;17;14;8;10;13;13
1344.0;57;67;32;43;46;43;16;20;17;13;9;11;13;13
1350.0;56;65;33;44;43;43;15;21;19;12;10;11;14;14
1356.0;58;66;32;44;42;41;14;21;19;9;10;14;15;15
1362.0;58;68;34;43;39;40;15;19;19;10;11;15;15;14
1368.0;56;68;34;43;38;40;15;20;22;10;12;13;15;14
1374.0;56;68;34;42;36;40;16;19;22;10;12;14;16;15
1380.0;55;68;36;41;34;41;15;19;22;10;13;14;17;15
1386.0;52;68;38;41;34;47;15;17;20;11;13;14;15;15
1392.0;53;69;37;42;36;45;13;19;20;11;12;13;14;16
1398.0;53;69;37;42;36;45;15;17;20;11;12;13;15;15
1404.0;53;72;36;43;36;45;15;18;20;11;10;13;15;13
1410.0;54;72;37;41;36;44;15;18;18;10;12;13;15;15
1416.0;53;72;38;42;36;44;15;17;16;9;13;13;16;16
1422.0;54;72;36;42;34;45;15;15;17;11;13;13;16;17
1428.0;53;73;36;41;34;45;16;15;16;11;14;13;17;16
1434.0;52;74;36;39;35;44;15;15;16;11;14;14;18;17
1440.0;53;73;36;40;35;44;15;15;17;11;14;12;19;16
1446.0;54;74;37;39;34;46;14;14;18;11;14;11;18;16
1452.0;52;72;39;39;35;47;14;13;15;12;14;13;19;16
1458.0;53;71;39;39;35;48;13;12;15;13;14;14;18;16
1464.0;52;71;39;38;36;48;15;11;14;14;15;13;19;15
1470.0;52;71;40;39;38;48;14;10;16;15;14;11;17;15
1476.0;53;73;40;39;38;48;13;10;15;15;13;11;17;15
1482.0;54;71;40;38;37;49;13;11;15;16;12;12;15;17
1488.0;54;72;39;40;38;50;12;11;14;14;13;13;13;17
1494.0;54;72;36;40;37;50;11;12;14;14;14;12;15;19
1500.0;57;71;35;39;38;50;8;12;12;16;14;12;16;20
1506.0;57;71;37;39;38;48;8;12;13;17;14;13;16;17
1512.0;60;70;35;39;36;48;9;12;13;18;15;12;16;17
1518.0;59;70;33;40;36;47;9;13;13;20;16;13;15;16
1524.0;60;69;34;40;37;47;8;13;12;20;16;12;16;16
1530.0;60;67;33;40;38;47;11;12;12;18;19;13;14;16
1536.0;61;65;34;41;38;49;10;13;10;18;20;13;13;15
1542.0;64;65;35;38;36;50;9;14;10;18;20;13;13;15
1548.0;65;65;36;38;38;46;8;15;9;19;21;13;13;14
1554.0;63;65;35;36;39;47;8;13;10;20;23;12;14;15
1560.0;63;65;34;36;37;47;9;14;11;20;22;12;14;16
1566.0;63;65;35;36;38;47;7;13;11;20;21;13;15;16
1572.0;59;65;37;37;40;48;5;14;13;19;21;13;15;14
1578.0;60;64;38;35;38;50;5;15;13;19;19;16;15;13
1584.0;60;63;39;35;39;49;5;14;15;21;18;16;14;12
1590.0;60;61;38;37;40;48;5;13;17;23;17;15;13;13
1596.0;60;63;37;35;42;47;6;13;16;21;19;14;13;14
1602.0;58;62;39;36;44;46;9;14;14;21;19;14;12;12
1608.0;59;63;41;35;46;46;10;12;14;20;18;14;11;11
1614.0;59;64;42;35;45;46;9;12;14;21;16;16;10;11
1620.0;60;65;42;35;45;46;9;11;14;21;16;16;10;10
1626.0;62;65;40;35;47;44;10;9;14;23;15;15;9;12
1632.0;62;66;39;36;46;44;10;10;14;22;16;15;9;11
1638.0;61;66;38;38;43;44;9;10;14;23;15;16;12;11
1644.0;59;68;39;39;42;43;8;9;15;25;14;16;13;10
1650.0;59;68;38;39;43;44;8;9;15;26;13;17;11;10
1656.0;60;67;39;40;45;44;9;8;14;24;14;16;10;10
1662.0;59;69;40;40;44;43;10;9;14;21;15;15;11;10
1668.0;59;69;39;42;42;41;10;9;18;20;14;15;12;10
1674.0;62;69;39;42;41;40;12;9;19;19;13;14;11;10
1680.0;63;70;37;43;41;40;12;9;17;19;13;14;12;10
1686.0;63;71;37;43;40;39;13;9;16;20;13;13;12;11
1692.0;64;72;37;44;41;38;13;9;16;20;12;12;11;11
1698.0;63;74;37;45;40;37;13;9;17;21;10;13;11;10
1704.0;65;74;36;44;43;36;12;8;16;21;9;13;14;9
1710.0;65;73;37;44;44;38;14;6;16;21;9;10;14;9
1716.0;64;75;37;43;43;38;14;8;16;21;10;10;12;9
1722.0;63;76;38;44;42;38;15;8;15;22;9;9;11;10
1728.0;64;77;38;45;39;36;14;9;17;23;8;10;11;9
1734.0;63;77;40;48;40;37;11;10;17;22;7;8;11;9
1740.0;62;75;40;47;40;38;12;10;17;23;7;9;11;9
1746.0;63;74;41;48;38;36;11;11;17;22;7;10;13;9
1752.0;64;73;41;49;38;36;11;12;17;21;8;10;12;8
1758.0;65;73;42;50;38;36;10;12;16;22;9;9;9;9
1764.0;66;74;44;47;39;35;10;11;15;22;10;11;6;10
1770.0;65;76;44;45;38;34;11;14;15;22;11;11;4;10
1776.0;65;76;44;46;38;34;11;15;16;21;11;11;4;8
1782.0;63;77;45;46;36;34;11;16;16;21;10;11;4;10
1788.0;62;77;46;46;34;33;13;15;17;21;11;11;3;11
1794.0;63;78;46;46;34;31;13;16;17;21;11;11;2;11
1800.0;62;78;46;44;34;32;14;15;16;21;11;12;4;11
1806.0;61;76;44;44;35;34;14;16;15;21;11;13;5;11
1812.0;62;77;43;42;34;35;14;16;16;21;10;12;7;11
1818.0;61;77;43;42;33;38;13;18;16;20;10;12;6;11
1824.0;60;78;41;45;32;39;13;17;17;18;9;11;8;12
1830.0;60;79;39;48;31;41;13;17;16;16;9;11;8;12
1836.0;61;79;40;47;31;41;13;17;15;16;9;10;8;13
1842.0;61;79;38;46;32;40;14;17;14;18;9;10;9;13
1848.0;63;78;38;45;32;38;15;17;13;18;9;11;10;13
1854.0;62;77;37;47;32;37;13;15;14;19;10;11;13;13
1860.0;61;77;36;46;32;37;14;15;12;20;11;12;14;13
1866.0;61;76;34;46;32;38;13;17;12;20;12;11;13;15
1872.0;61;75;33;46;31;38;12;18;12;19;13;12;15;15
1878.0;64;74;31;45;34;38;13;17;12;17;13;12;16;14
1884.0;63;75;31;44;34;38;13;17;12;16;15;12;16;14
1890.0;63;74;31;44;33;37;14;18;14;15;13;12;17;15
1896.0;63;74;30;45;31;37;14;18;15;16;14;12;16;15
1902.0;64;72;32;45;31;37;12;17;14;16;14;13;17;16
1908.0;66;71;32;44;31;37;12;17;15;16;13;13;17;16
1914.0;65;70;33;44;31;38;10;17;15;15;14;12;19;17
1920.0;63;70;35;43;31;39;10;15;14;14;16;12;20;18
1926.0;62;70;35;41;31;41;10;17;14;14;15;14;19;17
1932.0;62;69;35;40;31;42;10;16;16;14;14;13;19;19
1938.0;62;69;34;42;31;43;11;15;17;14;14;12;18;18
1944.0;60;69;35;42;32;45;10;15;17;16;13;10;18;18
1950.0;59;67;36;42;32;47;8;18;18;17;13;10;17;16
1956.0;60;67;37;41;32;47;7;17;19;16;13;10;18;16
1962.0;59;65;36;40;34;48;7;18;19;15;14;10;18;17
1968.0;59;66;34;40;34;48;8;18;18;16;14;10;18;17
1974.0;59;66;34;39;30;50;7;17;19;17;15;10;18;19
