#auto generated file!
12.0;119;115;139;144;117;124;139;130;142;119;126;129;126;131
18.0;122;117;140;145;124;125;141;127;139;117;123;130;122;128
24.0;128;124;147;144;126;125;138;123;137;115;122;126;119;126
30.0;131;127;147;145;124;127;139;119;139;115;122;126;116;123
36.0;133;131;147;147;127;129;136;120;133;112;126;122;117;120
42.0;125;136;146;148;129;133;133;113;140;116;123;125;117;116
48.0;126;137;147;146;129;138;136;114;137;113;126;123;113;115
54.0;127;141;151;147;128;136;137;114;133;112;128;118;115;113
60.0;127;144;152;151;134;137;137;108;134;109;124;116;115;112
66.0;129;146;153;157;135;142;131;111;128;106;129;110;115;108
72.0;133;151;152;158;136;150;126;109;121;104;127;110;113;110
78.0;136;153;154;157;138;147;129;108;120;100;126;112;114;106
84.0;135;152;160;160;137;149;130;109;117;97;128;106;113;107
90.0;136;157;165;162;138;154;124;113;107;95;126;106;111;106
96.0;140;162;166;164;144;155;118;108;102;91;126;108;110;106
102.0;143;165;164;167;144;153;111;106;97;92;127;109;114;108
108.0;141;166;163;168;144;157;111;109;101;92;120;109;113;106
114.0;138;167;161;171;150;158;107;106;101;87;117;110;116;111
120.0;139;171;162;178;151;158;109;106;95;85;117;107;109;113
126.0;140;179;159;178;152;159;105;104;92;88;115;108;112;109
132.0;140;181;155;179;156;161;102;107;91;88;114;106;114;106
138.0;144;181;157;179;154;164;100;106;85;91;112;110;113;104
144.0;148;177;157;181;153;169;95;103;87;91;112;109;118;100
150.0;147;185;160;179;156;172;91;103;88;88;112;105;109;105
156.0;145;183;162;177;160;170;86;99;88;92;111;109;111;107
162.0;145;184;166;180;165;170;85;100;85;90;109;105;109;107
168.0;155;185;164;180;163;168;83;99;83;89;109;105;110;107
174.0;157;186;167;183;161;167;78;94;85;90;107;106;113;106
180.0;164;188;170;181;165;170;78;93;83;94;104;100;106;104
186.0;164;188;171;183;164;168;77;91;84;89;101;106;107;107
192.0;167;190;172;181;169;165;84;90;81;90;97;105;101;108
198.0;168;191;172;183;171;169;81;92;83;90;90;104;96;110
204.0;169;199;172;189;168;169;79;89;82;88;89;101;94;112
210.0;169;201;171;185;169;170;73;88;84;93;90;105;92;110
216.0;172;207;175;185;171;174;71;86;81;91;80;105;92;110
222.0;176;207;178;187;173;176;69;85;77;90;80;98;95;109
228.0;182;211;175;187;173;176;68;88;75;86;78;99;92;110
234.0;187;210;174;185;169;177;68;88;73;84;82;97;94;112
240.0;188;210;169;187;170;179;69;85;70;87;84;95;95;112
246.0;189;214;170;182;170;178;75;84;73;85;83;94;95;108
252.0;191;211;167;184;171;175;75;86;74;82;85;100;92;107
258.0;190;214;165;184;175;175;72;86;79;79;85;103;87;106
264.0;192;215;169;185;174;177;74;84;80;77;84;99;87;103
270.0;198;219;172;184;174;180;72;86;76;74;87;93;88;97
276.0;206;220;172;186;171;175;72;89;73;74;89;90;89;94
282.0;209;221;174;189;166;181;72;88;73;73;86;92;83;93
288.0;209;218;175;193;164;178;70;88;77;76;85;90;82;95
294.0;211;225;178;188;163;178;70;89;75;77;80;88;83;95
300.0;218;227;176;190;166;179;68;84;74;76;78;85;84;95
306.0;220;223;176;188;168;181;68;86;74;75;77;81;86;97
312.0;220;226;172;189;168;180;67;87;74;76;77;80;89;95
318.0;218;224;172;186;171;179;67;88;72;79;78;82;92;92
324.0;219;224;176;182;170;178;69;88;72;79;77;82;90;94
330.0;221;227;174;182;169;175;65;86;75;76;76;88;93;93
336.0;226;225;176;178;165;175;68;87;79;73;74;88;95;91
342.0;225;227;179;181;164;175;70;88;76;70;77;83;94;91
348.0;227;227;178;185;161;175;71;90;79;69;74;80;91;93
354.0;232;231;176;183;161;173;73;92;72;72;73;78;91;93
360.0;231;231;174;187;162;170;72;90;74;74;74;76;91;94
366.0;227;234;177;185;160;173;67;91;73;75;71;81;92;94
372.0;228;237;174;182;161;174;67;94;77;75;70;78;91;92
378.0;229;243;174;185;161;172;69;88;78;71;70;81;89;90
384.0;229;247;176;183;159;174;67;85;84;72;65;83;90;86
390.0;233;249;179;181;161;178;69;81;82;72;66;79;87;83
396.0;232;251;177;183;156;180;69;79;83;74;69;80;81;86
402.0;235;250;178;180;159;180;68;80;79;70;69;81;84;87
408.0;238;254;172;180;154;181;71;79;79;69;68;80;86;89
414.0;238;255;172;183;156;179;65;79;80;70;73;75;88;87
420.0;238;257;171;182;160;177;64;79;79;71;72;76;89;85
426.0;236;264;171;178;159;174;66;77;78;78;73;72;91;83
432.0;237;263;172;177;159;179;65;75;73;79;74;74;88;85
438.0;236;266;173;176;159;179;63;72;74;82;72;75;86;87
444.0;238;267;170;175;160;179;64;69;78;84;70;79;82;85
450.0;239;270;170;175;158;176;62;71;80;85;72;78;82;82
456.0;242;273;167;174;157;175;64;68;82;83;74;83;79;79
462.0;245;274;174;172;161;174;62;72;78;79;71;82;78;78
468.0;244;275;171;172;164;171;63;73;75;83;71;85;77;76
474.0;242;275;172;174;167;171;64;75;76;79;67;86;75;77
480.0;241;277;172;169;164;173;65;74;77;82;66;85;78;77
486.0;245;277;172;168;166;172;67;76;77;79;70;80;75;76
492.0;246;274;172;165;171;171;68;77;76;79;71;76;75;79
498.0;246;275;168;163;173;165;69;76;78;78;69;81;78;81
504.0;247;274;168;167;171;170;69;75;79;78;67;78;74;83
510.0;249;275;163;165;177;169;68;71;77;77;71;81;75;82
516.0;252;275;162;165;180;166;67;74;73;73;75;77;80;81
522.0;250;279;160;166;182;166;64;76;71;72;77;79;76;82
528.0;254;280;163;161;179;165;67;77;70;74;75;75;80;80
534.0;253;281;166;163;178;164;65;78;67;71;74;77;82;81
540.0;254;283;163;161;181;166;69;74;70;67;72;78;82;80
546.0;250;287;161;166;183;166;70;70;69;63;71;78;81;85
552.0;250;289;162;173;184;165;73;68;65;67;69;72;81;82
558.0;251;287;160;173;186;165;72;70;70;62;66;74;78;86
564.0;248;286;158;175;186;163;72;73;66;68;67;74;82;82
570.0;246;284;163;174;183;164;75;79;66;67;68;78;75;78
576.0;247;279;163;172;182;169;77;76;66;69;66;79;73;82
582.0;246;275;161;172;186;168;80;79;69;66;63;79;72;84
588.0;245;275;159;168;187;166;80;84;68;68;64;77;76;83
594.0;246;274;156;166;189;168;80;87;65;72;70;74;73;80
600.0;245;272;157;165;187;170;79;85;67;68;69;79;77;80
606.0;249;272;157;163;184;169;81;82;70;70;71;77;76;79
612.0;252;273;162;160;178;165;82;80;72;73;71;77;76;79
618.0;251;272;160;162;181;160;85;79;74;74;69;77;81;75
624.0;255;278;157;159;177;163;84;81;75;70;71;75;83;72
630.0;254;275;157;163;182;165;82;81;78;71;71;74;77;70
636.0;255;277;159;164;178;166;83;79;74;74;70;76;77;68
642.0;257;277;163;159;175;165;84;83;73;76;66;75;76;71
648.0;257;274;160;161;176;167;86;83;75;74;70;69;76;72
654.0;262;273;160;162;178;169;89;84;69;67;72;66;76;73
660.0;264;279;158;164;181;170;86;83;64;63;69;69;74;76
666.0;264;279;161;166;178;169;84;78;65;69;68;69;76;74
672.0;263;280;163;168;177;170;79;81;60;72;66;71;76;74
678.0;259;277;162;170;176;170;79;74;63;74;69;71;76;80
684.0;258;279;162;171;175;170;75;78;64;74;69;72;76;77
690.0;260;278;162;170;173;169;71;80;65;76;72;74;76;74
696.0;258;275;167;170;176;169;71;77;67;74;72;77;73;74
702.0;257;276;169;175;175;167;77;73;64;72;68;80;73;74
708.0;252;277;167;177;179;167;78;73;64;72;69;80;71;74
714.0;253;274;164;180;177;171;78;74;66;72;71;78;68;74
720.0;247;273;161;177;177;171;78;72;66;73;79;79;76;71
726.0;250;273;162;177;180;172;79;66;65;74;76;79;78;69
732.0;247;273;162;177;182;171;75;66;63;77;77;85;76;69
738.0;247;271;168;177;184;171;75;64;60;76;81;83;75;68
744.0;245;276;165;173;189;169;72;68;60;77;84;84;73;65
750.0;243;275;162;172;191;169;77;66;65;84;79;78;72;67
756.0;244;275;166;172;189;167;79;63;68;81;81;74;71;70
762.0;240;276;168;172;186;167;78;63;71;87;79;76;72;65
768.0;240;272;168;171;184;166;77;63;70;91;77;80;74;67
774.0;238;271;164;169;188;169;77;62;73;89;77;83;69;71
780.0;241;276;164;165;187;170;72;59;75;90;77;81;72;71
786.0;245;276;164;165;189;169;70;59;75;93;73;83;71;68
792.0;246;273;165;164;189;171;72;65;74;93;66;83;68;71
798.0;248;268;169;160;185;177;70;64;76;91;67;83;71;71
804.0;245;269;169;165;186;176;71;67;75;90;63;86;67;71
810.0;244;270;171;166;186;171;71;70;75;85;64;85;67;75
816.0;245;272;169;170;183;174;72;72;70;85;67;84;67;70
822.0;245;276;167;172;186;172;69;73;68;81;66;83;68;74
828.0;247;278;168;170;184;173;68;76;69;83;66;81;66;71
834.0;242;280;170;171;183;173;66;79;67;85;66;82;69;67
840.0;244;279;173;171;184;169;65;78;67;87;63;84;69;67
846.0;245;276;176;171;180;169;64;86;65;88;60;82;70;68
852.0;247;275;176;169;181;170;59;85;65;88;64;80;72;69
858.0;244;283;175;169;179;170;59;85;64;85;65;80;71;71
864.0;247;279;172;167;180;171;56;85;63;87;68;79;71;75
870.0;249;278;174;168;183;169;61;81;63;82;69;78;66;79
876.0;250;279;174;164;183;171;57;85;60;84;72;77;65;79
882.0;247;281;174;165;180;170;55;83;59;86;72;80;70;78
888.0;246;281;174;169;179;173;57;83;59;84;71;77;69;78
894.0;251;285;176;168;181;174;58;78;65;81;67;73;67;76
900.0;252;287;178;170;182;175;58;77;65;77;64;74;67;74
906.0;253;283;178;172;183;178;60;78;64;76;63;72;69;71
912.0;249;283;180;169;185;180;61;75;63;75;63;76;67;74
918.0;251;282;185;173;185;181;58;77;60;67;62;73;71;75
924.0;253;284;182;175;182;179;58;78;62;69;64;70;68;76
930.0;257;281;183;176;180;180;62;76;63;70;62;65;69;76
936.0;254;278;186;181;176;181;66;70;62;74;60;65;71;76
942.0;254;282;186;177;176;178;69;71;64;75;54;67;69;78
948.0;251;284;187;178;177;180;69;71;63;74;58;62;67;79
954.0;250;281;185;182;178;182;68;72;64;74;55;64;66;79
960.0;249;281;184;184;175;183;68;71;65;73;54;64;68;81
966.0;247;283;180;184;173;183;67;69;66;78;54;62;70;84
972.0;249;283;176;183;173;184;70;66;61;79;60;60;69;87
978.0;249;284;180;183;173;183;68;67;61;78;61;61;67;85
984.0;244;287;181;183;172;180;69;64;64;78;64;61;65;88
990.0;242;288;182;184;174;180;66;65;61;74;68;61;66;89
996.0;240;290;188;182;174;179;64;68;62;72;61;63;68;89
1002.0;243;290;192;181;174;179;61;69;58;78;60;61;67;87
1008.0;244;292;193;178;172;174;58;72;58;76;64;60;66;93
1014.0;247;292;194;180;175;169;56;75;59;75;60;61;64;93
1020.0;249;291;191;179;172;170;56;79;59;76;59;60;65;94
1026.0;250;292;196;178;171;173;55;73;56;76;56;62;68;94
1032.0;255;288;193;180;170;170;55;71;56;83;54;61;68;96
1038.0;255;287;191;178;175;164;51;73;56;83;62;62;70;93
1044.0;266;281;193;174;173;162;53;71;56;86;64;62;70;89
1050.0;266;274;192;172;175;163;54;73;54;84;65;65;69;94
1056.0;267;271;194;174;169;159;59;70;57;85;64;63;75;93
1062.0;271;270;190;175;170;162;57;68;55;83;64;66;77;92
1068.0;271;268;191;178;169;167;55;66;55;84;62;68;75;91
1074.0;270;270;192;179;169;167;60;63;50;83;60;71;75;91
1080.0;267;270;191;177;167;167;64;63;50;83;61;71;75;94
1086.0;264;270;192;178;170;171;67;61;48;78;63;72;78;88
1092.0;260;271;192;179;171;175;67;61;50;76;63;69;77;89
1098.0;262;276;192;180;172;172;68;59;48;73;63;71;79;85
1104.0;265;277;190;179;169;169;70;60;53;74;63;66;78;87
1110.0;269;276;191;180;167;169;71;60;51;75;61;64;80;86
1116.0;268;274;191;182;168;174;65;59;49;75;63;62;82;88
1122.0;270;276;194;180;166;171;65;61;47;74;63;63;86;84
1128.0;274;277;192;178;167;171;64;58;45;74;62;64;89;85
1134.0;275;279;193;177;163;172;60;58;48;74;62;65;88;86
1140.0;276;282;190;177;163;174;61;54;49;73;65;64;84;88
1146.0;276;281;188;179;163;174;59;55;47;76;66;63;83;90
1152.0;276;281;189;179;165;172;59;56;44;76;65;65;80;93
1158.0;272;281;193;179;167;169;58;52;45;79;71;66;73;95
1164.0;271;280;190;175;165;173;61;56;48;77;69;63;75;97
1170.0;268;281;192;172;166;172;60;56;46;78;70;62;75;102
1176.0;269;278;193;178;164;173;61;56;43;75;74;62;77;97
1182.0;269;278;191;179;165;172;62;54;43;76;74;65;75;97
1188.0;271;277;192;178;167;172;66;51;45;76;73;67;72;93
1194.0;268;274;193;173;170;173;67;52;46;79;74;66;79;86
1200.0;271;274;193;171;168;172;71;55;47;80;68;66;81;83
1206.0;272;277;195;167;164;170;71;56;50;79;71;64;81;83
1212.0;271;277;197;166;167;168;68;58;54;77;68;64;83;82
1218.0;270;280;197;163;172;169;66;60;56;77;70;62;83;75
1224.0;268;280;195;160;172;169;71;64;59;80;68;60;79;75
1230.0;268;280;192;161;173;171;67;63;63;77;65;63;81;76
1236.0;267;280;193;167;169;171;67;64;62;73;67;65;83;72
1242.0;267;279;189;171;170;174;66;66;60;71;69;61;87;70
1248.0;264;280;193;168;170;177;69;66;61;68;64;61;93;66
1254.0;265;286;190;170;169;174;73;62;61;71;63;56;95;65
1260.0;268;286;184;172;169;173;76;60;64;72;66;52;94;64
1266.0;265;283;182;173;170;172;75;63;65;71;67;54;93;67
1272.0;267;284;179;175;177;171;76;64;64;73;69;50;90;61
1278.0;266;285;180;175;179;167;75;65;70;72;65;53;90;58
1284.0;268;285;174;172;179;164;77;67;70;74;66;56;89;59
1290.0;264;287;176;172;181;168;73;69;67;74;66;57;85;61
1296.0;265;287;175;169;183;172;73;68;64;74;67;56;86;61
1302.0;267;287;172;171;178;176;75;64;63;75;64;58;84;66
1308.0;267;287;174;179;178;173;72;65;62;71;65;61;82;64
1314.0;268;291;172;182;183;172;72;66;63;68;63;61;76;63
1320.0;268;291;173;182;181;168;73;65;66;69;63;63;75;63
1326.0;265;290;171;183;182;170;73;65;67;69;61;66;77;61
1332.0;266;293;167;181;180;172;71;67;65;70;62;65;77;64
1338.0;269;293;166;181;177;174;72;66;62;70;62;64;77;67
1344.0;271;291;166;184;172;179;72;64;66;69;60;64;77;65
1350.0;270;289;169;184;171;181;71;59;67;73;59;68;74;65
1356.0;271;290;171;184;168;183;69;59;66;72;63;66;75;63
1362.0;271;293;171;186;168;182;67;61;66;77;62;64;72;60
1368.0;273;288;174;188;164;182;70;62;64;82;61;59;72;61
1374.0;272;286;174;189;165;179;72;65;65;79;61;57;73;63
1380.0;277;284;177;191;166;180;73;66;63;75;59;57;71;61
1386.0;276;280;173;193;165;180;68;69;64;76;61;59;73;63
1392.0;277;279;176;190;167;176;70;70;65;72;62;58;72;66
1398.0;276;280;178;188;167;177;70;68;66;71;60;59;73;67
1404.0;269;283;178;188;170;177;68;68;70;75;60;59;71;64
1410.0;264;278;179;187;169;176;70;71;73;79;60;58;71;65
1416.0;261;276;173;187;163;179;69;70;77;84;65;61;70;65
1422.0;260;276;172;187;161;179;68;69;74;87;68;64;69;66
1428.0;262;274;170;187;159;177;71;72;73;85;70;64;66;70
1434.0;260;277;168;182;159;178;74;68;72;86;72;71;65;68
1440.0;259;276;166;182;158;179;74;69;77;87;78;67;63;65
1446.0;258;271;167;182;160;179;72;67;80;90;77;68;61;68
1452.0;258;271;168;183;161;180;71;69;81;86;75;68;61;68
1458.0;259;273;168;184;162;181;73;71;78;83;72;66;60;70
1464.0;259;275;170;187;160;183;65;74;82;76;72;65;60;72
1470.0;261;277;171;188;159;183;64;73;80;76;69;66;60;73
1476.0;259;281;170;187;154;183;60;70;82;81;67;63;68;75
1482.0;257;280;173;185;153;186;62;74;75;78;66;69;67;75
1488.0;262;277;173;186;153;183;60;74;79;74;69;70;71;69
1494.0;266;272;170;190;156;181;61;77;79;74;65;66;74;69
1500.0;263;278;166;189;153;180;60;79;77;77;68;67;74;69
1506.0;264;281;168;187;150;181;61;79;76;78;67;66;73;69
1512.0;261;282;165;186;151;181;63;79;78;70;72;62;78;72
1518.0;265;283;165;184;156;185;62;79;74;73;67;60;76;71
1524.0;267;284;164;187;151;184;61;76;76;70;67;62;74;77
1530.0;266;284;172;188;149;178;62;78;76;69;68;61;73;76
1536.0;270;286;170;190;153;178;62;77;74;64;70;58;73;75
1542.0;269;288;169;188;148;180;65;79;73;66;71;59;72;73
1548.0;269;289;170;185;145;181;64;79;79;67;76;59;69;68
1554.0;269;290;170;188;145;183;64;80;80;68;74;57;66;66
1560.0;269;289;171;188;147;185;65;76;72;67;75;60;68;68
1566.0;270;290;172;187;149;184;66;77;73;66;73;60;65;68
1572.0;274;287;172;182;151;187;64;76;71;66;76;59;66;69
1578.0;274;284;170;181;155;186;66;79;72;65;71;61;69;67
1584.0;274;282;171;182;153;186;63;82;73;68;74;61;68;63
1590.0;279;280;168;181;153;186;63;83;73;66;75;60;69;64
1596.0;275;286;167;182;159;187;61;81;72;65;78;57;67;63
1602.0;278;289;172;181;162;185;62;79;68;62;75;58;65;64
1608.0;278;288;172;178;162;183;63;81;66;63;74;59;65;68
1614.0;276;286;171;172;167;178;70;86;63;61;74;60;67;69
1620.0;275;290;173;171;170;176;72;88;65;59;68;60;65;68
1626.0;274;295;176;171;169;180;69;90;57;62;66;62;65;64
1632.0;272;293;178;174;167;172;66;91;59;60;69;68;64;67
1638.0;276;297;175;175;164;173;65;89;62;60;68;65;63;68
1644.0;277;299;174;176;164;171;64;91;59;59;68;65;63;70
1650.0;275;302;174;176;162;171;65;86;62;57;68;68;65;69
1656.0;277;302;177;174;162;175;65;86;62;60;69;59;63;69
1662.0;275;303;180;178;160;172;66;91;65;60;63;54;63;70
1668.0;275;306;180;170;166;171;64;92;63;58;61;55;69;70
1674.0;274;308;178;175;163;173;64;91;65;61;62;54;66;66
1680.0;273;305;175;174;166;173;65;94;65;64;61;53;65;67
1686.0;270;305;180;174;169;166;65;95;65;64;59;50;69;69
1692.0;274;304;177;180;165;167;69;93;65;66;55;51;66;68
1698.0;271;298;181;179;165;168;74;89;66;66;56;50;68;69
1704.0;273;301;181;182;165;162;74;83;66;67;61;53;66;66
1710.0;272;300;178;186;165;160;68;84;66;70;64;56;65;66
1716.0;273;302;175;185;164;164;66;86;67;70;61;58;64;65
1722.0;273;302;173;184;167;163;68;89;65;68;61;59;62;66
1728.0;278;296;174;185;163;162;69;89;68;70;58;58;66;64
1734.0;278;294;178;181;160;165;70;91;65;72;55;61;66;64
1740.0;281;298;181;180;160;164;64;96;66;72;54;61;60;63
1746.0;281;302;185;179;157;164;62;93;63;74;54;59;62;65
1752.0;284;302;182;180;156;161;64;93;61;73;53;61;65;65
1758.0;288;304;182;179;155;165;63;93;58;68;52;60;64;69
1764.0;289;301;184;176;153;169;65;90;64;67;52;59;62;69
1770.0;289;295;185;176;154;171;68;91;63;68;54;59;59;68
1776.0;286;297;187;180;155;171;69;88;63;68;59;58;57;62
1782.0;286;294;185;181;159;171;69;87;65;62;61;59;58;63
1788.0;285;293;185;180;155;169;68;87;61;63;68;59;62;65
1794.0;284;295;183;180;155;167;66;85;63;67;68;60;61;66
1800.0;281;302;185;178;152;166;69;82;60;64;67;62;62;70
1806.0;277;304;185;181;150;173;69;77;62;63;65;62;60;72
1812.0;279;305;188;179;145;172;68;78;63;62;63;59;63;76
1818.0;277;305;189;180;142;171;67;78;63;62;62;64;63;77
1824.0;276;307;185;184;137;171;64;81;69;63;59;65;61;78
1830.0;278;305;184;187;138;173;57;83;69;62;59;65;62;78
1836.0;278;303;183;187;144;176;60;77;65;60;61;63;64;79
1842.0;281;307;184;191;141;180;58;76;62;57;61;66;62;74
1848.0;284;310;181;189;139;180;56;80;63;60;60;67;60;71
1854.0;284;308;182;188;140;180;56;84;66;56;58;68;61;69
1860.0;288;308;185;186;136;186;56;82;66;56;59;61;63;68
1866.0;289;309;180;184;135;190;59;78;65;63;60;62;62;64
1872.0;288;307;178;184;134;187;60;81;66;66;63;61;62;63
1878.0;290;309;178;184;137;188;59;78;65;66;66;59;60;61
1884.0;287;307;178;191;135;189;59;76;66;66;65;59;63;59
1890.0;288;306;176;188;140;192;60;77;69;66;66;55;60;57
1896.0;287;309;176;184;142;195;61;74;67;64;68;57;58;58
1902.0;289;312;173;182;146;193;59;69;67;63;67;60;60;60
1908.0;287;312;176;186;149;191;58;70;64;62;65;60;57;63
1914.0;287;310;178;184;150;189;62;65;64;64;63;62;57;65
1920.0;287;306;178;183;150;195;63;64;61;62;67;63;57;64
1926.0;286;305;176;185;147;196;62;61;62;65;71;67;57;60
1932.0;285;308;175;183;148;190;61;65;61;63;74;69;55;63
1938.0;285;309;175;184;150;189;56;60;63;63;71;71;60;64
1944.0;284;308;178;186;153;187;54;61;62;67;69;70;59;62
1950.0;285;310;172;184;151;185;53;60;65;67;71;72;60;65
1956.0;283;310;173;182;152;186;54;61;69;67;68;73;58;64
1962.0;286;311;172;180;149;184;55;63;66;64;71;72;61;66
1968.0;283;306;168;182;148;184;58;63;68;65;69;72;62;72
1974.0;282;306;170;182;144;180;57;62;71;66;67;78;63;72
