#auto generated file!
12.0;156;148;146;152;151;134;147;127;131;133;134;145;150;146
18.0;160;154;145;153;152;138;139;128;131;138;137;141;143;141
24.0;166;156;146;156;159;142;137;121;130;133;125;145;145;139
30.0;172;160;144;157;158;143;138;121;129;131;128;142;141;136
36.0;172;165;147;155;158;145;135;124;132;121;131;133;141;141
42.0;179;169;147;158;160;145;134;117;129;118;135;130;142;137
48.0;179;171;146;158;158;154;132;120;126;118;129;135;141;133
54.0;190;172;147;160;162;156;128;118;123;111;129;135;139;130
60.0;190;175;148;161;166;162;128;120;114;118;125;131;140;122
66.0;192;181;147;166;167;163;122;117;113;117;123;131;143;118
72.0;195;185;140;168;171;165;118;112;114;121;123;131;141;116
78.0;195;191;142;168;174;162;120;112;109;119;123;130;142;113
84.0;199;191;144;170;173;166;120;112;105;113;124;126;144;113
90.0;203;193;149;170;176;163;121;111;102;116;115;127;144;110
96.0;205;192;147;172;177;166;120;115;97;113;115;126;146;109
102.0;206;198;150;176;179;162;116;114;98;112;115;126;144;104
108.0;203;201;154;177;175;164;111;115;105;111;119;125;137;103
114.0;206;202;155;180;176;163;110;115;107;106;119;125;135;101
120.0;204;208;155;179;174;169;108;114;106;109;118;122;133;101
126.0;211;210;155;179;180;173;107;110;106;104;121;116;131;97
132.0;212;211;157;179;181;170;100;109;114;101;121;114;134;97
138.0;216;211;162;184;183;172;99;106;114;97;118;112;132;94
144.0;217;213;168;185;184;174;99;105;116;99;115;107;128;90
150.0;220;218;166;187;193;178;99;101;112;96;109;103;126;92
156.0;220;222;165;187;192;178;100;107;106;99;104;103;124;93
162.0;218;221;169;190;195;181;99;104;103;101;94;108;128;89
168.0;221;223;171;192;191;181;102;104;103;97;96;106;126;87
174.0;223;229;171;192;190;181;102;106;103;94;94;105;120;90
180.0;224;230;173;194;189;181;103;103;104;93;97;108;114;87
186.0;223;231;173;193;190;178;107;104;100;95;93;108;118;87
192.0;224;233;174;194;194;179;104;109;96;97;89;106;120;81
198.0;224;237;180;189;193;176;100;107;92;96;86;108;124;88
204.0;223;237;181;192;192;175;101;106;96;95;83;110;123;86
210.0;226;237;186;189;194;176;97;107;96;93;83;108;122;86
216.0;228;239;187;190;195;172;102;105;92;95;83;108;116;88
222.0;235;243;195;184;189;169;102;101;90;96;88;105;116;87
228.0;233;246;197;184;186;169;107;103;88;97;86;104;112;88
234.0;242;245;193;190;180;171;102;104;83;101;86;105;109;89
240.0;246;246;193;185;180;172;98;103;80;103;86;108;108;92
246.0;248;249;197;185;181;173;98;101;81;97;84;108;104;94
252.0;250;252;194;185;180;180;96;96;83;95;84;110;102;93
258.0;255;252;192;185;182;179;96;99;83;98;83;106;98;92
264.0;251;255;189;191;182;179;98;101;82;93;81;106;100;92
270.0;252;259;189;193;181;176;94;105;86;86;83;108;99;89
276.0;259;262;191;197;174;173;87;102;85;90;81;110;100;89
282.0;261;262;194;199;173;169;89;104;81;86;83;111;100;88
288.0;258;263;194;203;170;169;89;101;87;90;78;106;99;93
294.0;257;267;195;207;169;166;88;100;88;89;80;102;101;91
300.0;260;268;201;207;164;167;86;99;88;90;78;100;99;93
306.0;259;273;201;204;168;167;88;103;90;83;75;97;97;95
312.0;260;274;205;206;165;167;90;104;89;85;76;92;94;93
318.0;264;276;200;207;166;172;87;102;86;86;79;93;92;90
324.0;262;276;202;209;166;170;86;100;86;86;77;96;93;91
330.0;264;277;203;211;170;169;85;100;85;84;76;99;86;91
336.0;264;278;201;213;171;169;87;99;82;87;76;98;83;92
342.0;266;276;200;218;173;172;91;96;77;83;76;96;82;94
348.0;272;277;198;216;177;173;91;92;76;84;71;98;81;94
354.0;271;275;195;217;180;179;91;88;79;86;68;94;84;93
360.0;276;274;198;217;178;179;93;87;80;80;69;93;88;88
366.0;275;278;197;216;179;178;90;86;81;81;68;88;89;94
372.0;279;280;197;211;178;175;94;83;81;80;72;87;88;95
378.0;279;285;196;204;180;178;96;81;80;82;77;82;88;92
384.0;280;285;193;209;181;181;92;77;86;81;75;85;88;87
390.0;280;284;195;209;179;175;91;76;92;78;79;85;88;89
396.0;280;283;197;209;179;170;92;76;95;79;79;85;87;89
402.0;278;289;195;205;181;176;88;77;88;78;81;86;91;87
408.0;280;290;190;207;181;183;85;78;86;77;81;87;90;85
414.0;283;288;190;204;182;180;88;80;83;78;78;84;89;93
420.0;282;290;189;205;190;181;87;80;83;79;77;81;83;93
426.0;290;294;191;208;186;178;90;80;79;74;77;75;87;91
432.0;287;296;191;211;186;179;89;82;73;73;77;75;88;93
438.0;287;297;190;209;182;181;92;87;75;74;76;72;86;92
444.0;289;298;193;213;183;184;87;89;74;71;73;74;88;84
450.0;289;297;192;214;183;184;88;87;70;70;75;78;86;87
456.0;293;294;193;212;183;187;86;87;70;68;75;77;86;89
462.0;293;293;191;211;185;190;86;85;68;69;74;76;90;89
468.0;291;293;191;209;184;188;89;85;68;68;72;79;92;91
474.0;292;296;192;212;186;186;87;79;66;72;73;78;93;88
480.0;286;295;191;213;191;182;86;78;68;73;71;81;95;90
486.0;289;293;193;216;189;182;83;82;67;73;69;81;92;91
492.0;290;297;196;208;188;181;80;83;74;74;63;83;94;89
498.0;292;295;196;207;189;180;81;84;69;73;65;85;97;87
504.0;290;301;197;205;196;182;81;83;66;77;59;88;88;87
510.0;293;293;200;206;197;180;82;86;70;75;63;86;83;86
516.0;288;296;201;207;194;183;83;89;67;76;65;84;84;83
522.0;288;296;200;206;194;186;80;90;67;71;67;84;85;86
528.0;287;299;199;204;194;186;78;88;69;74;66;83;84;89
534.0;287;302;198;207;197;190;77;83;66;74;63;86;82;88
540.0;289;306;196;213;194;192;76;83;63;76;66;84;78;84
546.0;297;306;197;212;197;197;75;82;63;74;63;81;73;83
552.0;293;305;200;212;198;195;74;80;63;81;63;83;71;82
558.0;291;304;201;214;198;199;75;81;62;78;65;81;72;79
564.0;290;304;201;215;198;196;78;77;64;78;68;79;71;81
570.0;291;302;200;215;198;199;77;75;64;79;70;77;71;82
576.0;296;301;201;214;204;200;74;68;65;78;74;76;69;80
582.0;295;303;207;210;205;194;77;68;66;78;75;71;73;78
588.0;295;303;207;210;200;196;75;67;67;75;74;71;80;80
594.0;297;304;206;210;198;194;75;67;65;75;78;71;78;82
600.0;300;302;211;206;200;190;76;65;65;74;77;71;79;84
606.0;302;299;210;208;199;189;76;65;66;74;79;76;78;79
612.0;305;301;210;202;199;190;75;63;66;76;84;75;75;79
618.0;300;307;207;202;200;187;76;66;70;76;88;71;71;79
624.0;300;304;202;204;202;185;78;70;69;76;87;75;70;78
630.0;300;306;201;204;202;189;80;69;70;72;82;78;67;80
636.0;300;308;203;201;199;184;81;70;72;72;86;76;67;81
642.0;300;308;206;200;194;185;82;70;71;74;88;82;63;77
648.0;302;310;208;194;197;186;79;70;72;76;90;81;61;74
654.0;302;310;213;192;196;185;78;70;69;78;90;80;61;76
660.0;297;308;210;190;201;185;76;66;73;80;89;80;64;81
666.0;299;306;212;190;200;182;75;66;75;80;91;81;62;81
672.0;300;305;209;192;201;185;78;59;78;78;89;76;69;81
678.0;297;308;214;190;199;181;81;67;78;77;86;71;70;81
684.0;295;300;212;188;197;184;82;68;83;81;87;74;67;82
690.0;297;296;211;190;199;182;83;62;85;77;88;76;67;87
696.0;296;296;214;191;197;181;86;66;80;79;83;81;62;88
702.0;298;301;217;191;194;182;89;63;79;77;83;74;64;88
708.0;302;305;211;190;193;185;89;65;79;74;85;72;62;88
714.0;298;303;213;190;192;188;91;65;83;73;86;69;60;89
720.0;299;308;214;190;190;192;88;67;79;79;84;66;61;83
726.0;301;309;220;188;188;195;87;72;78;77;80;67;58;80
732.0;298;312;220;185;189;197;89;74;76;76;80;68;59;77
738.0;294;317;224;186;187;196;82;76;79;75;80;66;64;74
744.0;297;316;220;191;186;193;84;75;77;77;79;63;65;77
750.0;295;315;221;196;190;193;87;76;76;75;77;59;62;78
756.0;301;312;219;195;190;188;83;75;77;76;78;65;66;75
762.0;299;308;220;193;193;188;82;76;74;77;79;66;66;79
768.0;300;307;217;193;198;189;82;73;77;78;74;65;70;77
774.0;301;313;216;193;199;190;82;73;79;78;74;62;65;75
780.0;305;316;213;189;199;194;78;75;77;78;75;63;65;73
786.0;303;310;210;192;199;198;78;76;81;76;73;63;67;74
792.0;303;315;208;194;195;198;78;78;78;76;73;61;68;75
798.0;304;313;210;191;193;201;74;82;77;73;77;64;67;74
804.0;310;317;210;185;192;193;73;84;71;71;76;68;69;81
810.0;307;317;211;183;191;195;71;85;75;76;76;70;67;76
816.0;306;316;211;185;196;193;70;85;75;76;76;67;69;75
822.0;306;316;214;187;195;193;71;83;73;74;75;66;68;79
828.0;306;316;218;186;193;189;74;82;70;76;76;65;69;80
834.0;307;314;221;185;194;188;74;79;72;73;81;64;72;76
840.0;304;314;221;185;200;190;77;77;73;75;79;62;70;73
846.0;302;314;222;183;200;189;74;77;74;80;75;61;77;72
852.0;301;315;221;189;199;188;75;73;73;78;79;63;73;73
858.0;301;318;220;189;201;186;74;75;75;76;74;63;73;75
864.0;296;319;221;187;198;188;75;82;79;70;73;64;74;74
870.0;295;320;224;184;200;184;76;81;80;71;76;62;72;75
876.0;295;322;220;182;201;188;76;80;81;67;80;63;68;77
882.0;295;323;222;181;198;192;73;76;83;67;79;63;71;77
888.0;296;321;222;182;196;193;75;77;81;70;77;63;75;72
894.0;298;322;221;181;191;192;73;79;87;68;74;69;76;69
900.0;297;324;221;183;187;194;76;81;83;72;75;69;75;63
906.0;294;322;217;182;192;194;78;80;87;69;74;73;73;65
912.0;294;322;216;178;194;199;76;80;91;71;74;71;70;64
918.0;294;325;217;176;196;197;69;81;88;70;73;73;74;67
924.0;293;326;217;173;190;197;73;79;92;73;71;70;77;69
930.0;288;325;216;177;194;195;77;79;93;74;70;69;76;67
936.0;290;322;213;173;197;199;79;80;94;78;66;71;74;64
942.0;291;319;212;175;198;198;76;84;92;75;67;75;72;66
948.0;292;317;214;177;199;200;74;79;93;76;65;75;72;67
954.0;293;317;210;180;195;202;72;78;90;73;69;79;72;70
960.0;293;315;212;180;197;201;69;78;92;77;65;81;73;67
966.0;288;317;213;181;193;201;65;80;91;76;67;84;76;68
972.0;287;314;212;184;195;202;67;77;90;75;68;84;78;67
978.0;291;315;210;186;195;201;67;76;95;75;69;79;78;63
984.0;292;318;212;183;194;202;72;75;92;73;64;81;81;61
990.0;294;319;212;182;195;198;73;77;88;71;66;86;81;58
996.0;298;323;210;181;197;198;75;72;86;67;72;81;81;59
1002.0;300;322;207;187;196;197;77;72;89;66;69;83;77;58
1008.0;302;326;207;184;198;198;76;70;81;68;66;91;75;58
1014.0;302;320;209;183;195;196;76;72;84;73;68;87;76;59
1020.0;303;322;208;180;196;194;77;70;90;68;69;87;81;55
1026.0;305;323;202;181;198;196;78;68;90;67;67;87;82;56
1032.0;298;321;202;181;202;197;75;69;93;67;67;86;82;60
1038.0;293;321;203;181;205;198;77;70;87;69;64;87;82;63
1044.0;297;321;203;182;201;195;76;69;88;69;69;92;76;62
1050.0;303;317;205;183;202;192;78;68;89;73;67;88;75;60
1056.0;305;316;205;182;203;187;79;71;88;71;72;87;72;62
1062.0;308;316;205;186;204;186;81;69;89;73;67;83;72;61
1068.0;310;314;201;186;206;184;83;65;95;68;72;79;73;64
1074.0;308;316;204;185;205;185;76;69;95;64;71;82;74;66
1080.0;308;316;203;182;209;189;77;69;93;68;74;77;75;60
1086.0;309;313;198;183;212;188;74;63;97;70;76;84;70;63
1092.0;308;314;195;177;218;187;72;63;97;75;74;83;69;68
1098.0;307;311;197;180;214;190;72;62;96;73;78;80;70;70
1104.0;308;311;199;181;208;194;71;58;95;67;81;82;74;71
1110.0;304;313;197;177;208;195;70;58;98;68;82;85;75;70
1116.0;301;318;198;178;214;194;71;58;95;70;79;81;77;66
1122.0;291;319;200;182;217;196;70;58;93;73;76;81;82;62
1128.0;291;317;199;180;214;195;73;58;95;70;76;83;81;68
1134.0;291;312;194;184;216;195;77;58;94;75;72;80;83;69
1140.0;290;312;192;185;214;191;75;60;98;77;74;77;83;72
1146.0;288;311;189;180;211;191;78;59;101;77;72;82;84;77
1152.0;289;312;187;183;210;191;79;62;100;79;71;79;84;74
1158.0;289;314;190;179;208;193;81;62;97;80;68;80;88;71
1164.0;285;313;192;175;203;197;82;61;96;83;66;86;86;75
1170.0;283;317;190;175;200;196;80;67;98;82;64;89;86;73
1176.0;285;317;186;178;198;194;80;67;94;85;63;94;87;72
1182.0;284;315;180;176;201;197;84;68;92;81;67;98;85;72
1188.0;286;313;185;176;201;199;84;69;88;85;70;90;78;76
1194.0;288;319;184;177;200;197;82;71;85;86;65;86;86;74
1200.0;288;319;181;174;199;200;84;75;87;90;65;83;84;71
1206.0;293;316;185;171;203;202;84;78;86;87;66;79;78;72
1212.0;298;317;186;169;205;200;84;77;82;84;64;78;81;75
1218.0;303;314;186;172;204;197;83;81;81;85;69;79;74;72
1224.0;300;314;187;172;208;198;79;82;78;82;70;82;73;75
1230.0;302;315;188;170;209;200;78;80;76;85;71;84;69;73
1236.0;302;315;190;170;207;203;79;79;78;87;65;83;69;73
1242.0;301;312;193;170;207;202;80;78;76;92;62;83;70;74
1248.0;303;310;192;167;206;205;83;79;77;89;58;85;71;75
1254.0;301;309;192;172;201;203;81;76;77;93;57;86;71;81
1260.0;301;311;194;172;201;203;76;78;77;93;58;83;73;80
1266.0;301;312;189;173;200;205;71;74;76;94;64;88;75;78
1272.0;307;313;184;176;196;209;70;71;78;98;65;89;73;71
1278.0;305;314;184;178;196;214;70;66;77;96;64;92;75;69
1284.0;304;311;184;180;196;211;72;69;76;96;65;90;77;69
1290.0;307;310;181;179;195;211;72;71;76;95;67;88;80;68
1296.0;307;310;182;183;193;207;71;70;78;97;65;85;79;73
1302.0;306;304;184;182;193;205;79;70;76;97;63;89;73;79
1308.0;308;305;185;184;195;203;80;69;76;94;63;86;75;77
1314.0;307;306;185;186;196;203;84;68;80;90;63;79;75;78
1320.0;307;304;189;188;197;201;84;66;80;95;65;78;71;75
1326.0;307;308;189;190;195;200;84;61;79;91;66;81;70;79
1332.0;313;306;189;190;196;202;80;59;80;91;63;80;70;81
1338.0;312;309;189;191;193;199;82;60;78;92;63;79;71;82
1344.0;315;306;187;192;198;200;80;60;77;87;63;80;70;85
1350.0;317;306;184;189;197;201;78;64;76;90;63;82;72;81
1356.0;318;304;185;189;197;201;78;61;74;88;63;86;74;82
1362.0;323;304;184;192;193;198;80;61;77;90;68;83;70;77
1368.0;322;307;181;191;190;200;79;61;77;93;70;82;70;77
1374.0;318;303;184;193;191;200;79;61;78;93;71;79;69;81
1380.0;323;304;181;192;190;199;77;60;79;91;75;78;69;82
1386.0;322;301;181;193;191;201;75;64;76;90;79;78;67;82
1392.0;321;297;186;195;192;196;75;66;78;89;81;78;67;79
1398.0;322;295;188;191;192;195;73;66;83;91;85;71;67;81
1404.0;322;295;188;190;191;197;71;65;85;92;90;68;66;80
1410.0;327;296;188;188;190;195;67;68;86;90;87;75;68;75
1416.0;327;299;185;185;187;199;67;72;89;85;85;78;66;76
1422.0;324;302;185;184;187;200;67;73;88;86;85;75;68;76
1428.0;322;301;189;186;185;198;69;73;91;82;88;72;68;76
1434.0;320;303;188;183;183;204;68;76;90;81;89;71;69;75
1440.0;321;298;182;180;186;207;67;80;91;81;90;72;70;75
1446.0;320;298;184;178;186;207;63;84;94;83;91;69;66;77
1452.0;321;298;182;184;185;206;61;86;88;85;92;66;69;77
1458.0;322;298;186;185;186;202;64;89;87;82;90;66;62;81
1464.0;326;297;183;183;187;203;69;87;88;80;88;67;60;82
1470.0;330;295;183;186;187;205;67;89;87;81;90;60;60;80
1476.0;330;299;183;186;187;207;61;91;88;74;92;56;64;82
1482.0;331;299;183;183;188;209;62;90;85;78;93;56;61;82
1488.0;334;299;183;187;189;205;61;88;80;75;90;59;62;88
1494.0;335;298;183;186;192;206;59;89;77;78;87;61;57;92
1500.0;330;297;187;183;196;212;60;88;75;79;84;62;58;89
1506.0;332;295;186;188;195;210;64;82;77;77;82;63;60;89
1512.0;330;295;188;185;195;208;63;86;77;77;84;63;61;88
1518.0;327;297;186;184;193;209;66;83;75;76;86;63;64;91
1524.0;328;296;187;192;193;206;66;81;71;75;90;62;62;91
1530.0;328;294;183;196;194;207;61;80;71;76;90;65;62;93
1536.0;329;296;181;197;194;208;59;83;72;74;93;65;59;90
1542.0;333;296;178;197;194;206;59;83;70;73;97;65;62;87
1548.0;331;296;177;196;190;209;67;79;67;70;98;68;66;86
1554.0;329;302;176;194;192;212;62;77;68;67;99;67;67;88
1560.0;331;297;178;196;190;206;62;77;73;66;101;73;62;88
1566.0;334;299;178;192;185;203;65;72;76;72;98;75;64;87
1572.0;333;304;181;191;184;201;68;72;69;75;95;72;67;88
1578.0;331;306;180;191;187;202;66;71;69;76;92;73;68;88
1584.0;333;300;179;187;188;204;68;76;70;77;90;73;69;86
1590.0;337;300;178;185;189;202;68;77;72;77;86;73;71;85
1596.0;340;300;180;186;192;203;70;78;72;73;84;68;70;84
1602.0;341;299;180;189;185;201;75;79;70;70;79;71;71;90
1608.0;340;302;177;190;186;206;77;74;67;71;80;70;71;89
1614.0;341;305;178;192;185;204;76;70;68;71;81;70;68;91
1620.0;344;300;179;192;185;205;76;66;66;72;84;69;72;90
1626.0;346;303;177;193;185;205;76;64;67;66;82;71;75;90
1632.0;346;303;178;194;185;205;76;64;66;66;80;73;76;88
1638.0;348;298;178;195;186;208;74;62;65;67;81;74;75;89
1644.0;348;297;176;200;185;206;72;62;65;67;80;73;75;94
1650.0;344;303;174;201;186;199;73;63;65;72;77;72;75;96
1656.0;344;301;173;203;186;195;71;64;62;75;80;74;76;96
1662.0;340;300;177;202;186;195;73;67;60;76;77;76;78;93
1668.0;338;297;181;205;184;199;73;66;61;76;79;73;79;89
1674.0;341;296;182;204;183;191;74;70;63;77;78;70;78;93
1680.0;338;299;183;207;181;191;75;68;67;80;75;72;77;87
1686.0;335;297;178;208;181;195;74;70;70;80;77;75;77;83
1692.0;334;303;178;209;182;196;74;66;75;74;74;79;72;84
1698.0;335;301;174;213;185;201;72;63;74;75;74;78;73;82
1704.0;335;302;174;212;187;203;68;63;73;73;76;78;78;78
1710.0;334;301;175;212;190;202;66;65;73;75;76;78;79;74
1716.0;331;299;178;208;190;201;66;67;75;78;74;79;81;73
1722.0;329;304;179;210;187;202;71;68;74;78;73;77;76;72
1728.0;330;305;179;212;185;202;69;72;74;80;74;73;76;69
1734.0;331;312;183;204;183;202;65;67;73;80;76;73;76;75
1740.0;328;317;182;202;184;207;64;69;71;78;79;73;74;72
1746.0;326;318;186;195;184;206;70;65;66;79;81;75;75;74
1752.0;332;318;187;187;181;205;76;64;67;79;77;78;76;73
1758.0;330;314;187;190;182;206;77;64;68;81;76;80;77;68
1764.0;330;317;185;190;184;201;79;65;70;80;76;76;80;67
1770.0;331;312;186;190;185;204;81;69;68;76;77;74;78;69
1776.0;329;315;183;188;188;205;74;72;72;82;78;71;77;66
1782.0;330;312;183;179;191;203;82;71;75;89;73;71;75;66
1788.0;326;312;185;181;188;205;83;72;73;89;72;69;76;69
1794.0;329;311;185;179;188;209;79;73;71;85;66;70;80;75
1800.0;329;309;181;182;189;209;80;68;74;86;66;70;81;76
1806.0;334;308;179;181;193;211;79;66;75;80;68;67;82;77
1812.0;331;311;179;185;196;209;77;61;75;81;72;68;81;74
1818.0;328;312;177;181;197;210;79;62;76;80;73;69;84;72
1824.0;328;310;184;178;202;205;77;65;75;79;69;70;86;72
1830.0;330;313;182;181;201;204;78;63;71;80;68;73;87;69
1836.0;331;312;183;182;200;202;74;63;71;81;67;76;83;75
1842.0;329;310;179;186;198;202;73;64;73;85;62;80;84;75
1848.0;326;314;182;182;197;208;67;66;73;87;61;81;80;76
1854.0;326;313;183;183;193;213;69;65;72;88;66;77;79;73
1860.0;331;312;175;181;196;213;68;68;71;89;66;82;77;71
1866.0;329;307;173;183;194;214;69;68;68;93;70;82;78;72
1872.0;332;310;175;183;193;213;73;65;66;89;68;84;77;72
1878.0;332;307;174;184;189;211;71;75;67;89;66;87;76;72
1884.0;326;303;179;185;188;216;70;75;70;90;66;86;76;70
1890.0;326;301;180;185;193;212;71;80;64;90;67;85;78;68
1896.0;327;302;177;183;196;213;70;78;62;94;67;86;74;71
1902.0;332;301;176;180;195;208;67;80;64;96;64;88;77;72
1908.0;328;298;179;185;189;210;68;82;63;100;62;87;77;72
1914.0;325;301;176;185;196;209;69;82;66;100;62;86;75;68
1920.0;319;301;175;188;192;212;66;83;68;98;68;87;76;67
1926.0;316;303;179;189;192;209;67;85;65;93;62;91;80;69
1932.0;318;306;181;191;190;212;63;84;66;88;61;90;77;73
1938.0;314;306;186;189;191;207;63;84;66;89;60;89;81;75
1944.0;310;311;192;191;191;205;63;88;63;86;63;89;77;71
1950.0;311;312;188;192;186;207;62;83;68;86;70;88;78;69
1956.0;305;315;182;190;186;209;63;83;71;85;70;91;79;71
1962.0;304;318;180;191;186;207;63;84;73;83;74;90;78;69
1968.0;302;320;177;189;188;206;67;85;68;86;78;92;73;69
1974.0;302;317;177;189;187;209;64;88;70;86;81;90;72;68
