#auto generated file!
12.0;73;68;76;69;71;83;70;73;62;86;66;69;65;69
18.0;73;73;75;72;73;84;70;73;64;83;65;66;62;67
24.0;75;78;78;72;76;87;65;74;60;81;64;65;60;65
30.0;75;82;77;72;74;90;69;72;61;80;65;64;60;59
36.0;75;84;78;72;76;90;68;72;61;80;63;64;61;56
42.0;76;85;80;73;80;93;67;66;61;80;62;58;62;57
48.0;77;86;78;73;81;95;68;65;65;75;60;59;60;58
54.0;79;89;79;77;85;95;63;63;66;78;55;57;57;57
60.0;83;86;81;77;85;95;62;63;63;80;55;58;54;58
66.0;89;86;83;79;86;97;64;59;64;76;51;59;55;52
72.0;91;84;86;79;87;99;61;55;64;78;51;57;53;55
78.0;90;84;84;83;91;98;61;56;62;77;48;59;54;53
84.0;90;82;84;83;92;101;60;56;62;80;46;59;54;51
90.0;90;84;83;85;90;102;60;57;58;81;41;62;53;54
96.0;92;86;81;87;94;99;59;56;57;76;41;64;53;55
102.0;94;87;83;87;95;98;56;58;55;75;40;61;53;58
108.0;98;86;85;90;98;98;57;58;55;77;38;55;49;56
114.0;101;87;85;88;98;103;48;60;56;78;38;55;50;53
120.0;101;88;87;89;100;103;48;59;53;79;37;53;49;54
126.0;100;88;85;87;102;101;50;61;57;80;39;51;50;49
132.0;99;89;87;86;104;101;52;55;55;77;39;54;52;50
138.0;100;90;87;86;105;99;53;55;56;78;37;54;53;47
144.0;101;94;91;87;101;99;50;54;53;76;40;55;51;48
150.0;101;94;94;85;102;101;49;52;51;73;41;54;52;51
156.0;103;91;93;87;103;103;52;52;49;73;42;53;52;47
162.0;105;93;92;87;104;98;53;51;51;74;42;52;52;46
168.0;104;93;93;89;105;100;49;51;51;72;44;53;50;46
174.0;104;94;96;88;113;99;44;45;50;70;46;56;50;45
180.0;110;96;95;86;113;99;42;44;54;65;45;56;49;46
186.0;111;96;98;86;114;99;44;44;49;64;45;56;48;46
192.0;111;96;103;91;113;98;47;41;49;62;44;51;47;47
198.0;109;98;103;91;113;98;47;43;51;63;41;48;48;47
204.0;111;98;104;90;112;98;47;43;50;62;41;47;49;48
210.0;112;98;105;91;114;95;51;44;48;59;42;45;49;47
216.0;114;97;106;90;113;98;48;42;48;56;44;45;49;50
222.0;115;95;108;90;113;97;48;43;50;54;44;46;48;49
228.0;116;97;106;87;108;98;48;40;57;55;46;46;48;48
234.0;115;98;102;88;107;100;50;39;60;54;44;42;51;50
240.0;114;99;101;85;106;103;45;41;61;54;46;45;51;49
246.0;115;101;100;86;105;105;47;42;60;54;44;42;51;48
252.0;115;101;105;88;103;106;49;42;64;51;43;42;46;45
258.0;116;102;105;87;104;106;49;42;62;50;44;40;47;46
264.0;117;103;109;87;106;105;48;42;60;51;43;40;44;45
270.0;116;103;110;90;106;105;46;40;62;50;43;44;43;42
276.0;118;103;110;92;106;105;45;39;64;49;43;45;41;40
282.0;115;103;113;94;106;109;48;34;64;44;43;46;42;39
288.0;116;105;114;95;105;109;42;34;64;44;41;50;43;38
294.0;117;109;111;98;107;109;43;32;60;45;39;48;46;36
300.0;119;107;110;100;104;109;45;36;61;45;35;46;46;37
306.0;121;106;114;97;104;109;46;36;59;45;34;43;47;39
312.0;123;108;115;98;104;110;43;37;57;45;35;44;44;37
318.0;123;108;115;96;104;112;41;37;58;45;35;46;43;37
324.0;126;108;115;95;104;112;43;36;55;43;38;44;43;38
330.0;127;110;111;95;105;112;43;34;56;43;40;41;44;39
336.0;129;110;111;96;105;112;39;39;56;42;39;42;43;37
342.0;128;111;110;97;107;111;39;36;57;44;39;36;45;40
348.0;131;110;113;95;109;109;37;36;54;44;38;37;47;40
354.0;133;109;112;96;106;107;39;38;53;44;39;41;43;40
360.0;134;111;112;95;109;107;37;37;51;41;41;38;45;42
366.0;133;111;110;96;108;110;40;39;49;40;41;40;41;42
372.0;139;113;111;93;108;110;38;40;44;41;45;39;40;39
378.0;140;116;111;91;109;111;37;38;46;38;45;40;41;37
384.0;141;118;113;89;110;109;37;35;46;39;47;39;39;38
390.0;140;120;114;88;112;106;35;37;46;39;44;40;38;41
396.0;141;120;114;88;111;108;35;37;44;39;47;38;38;40
402.0;142;117;116;88;111;108;34;35;46;40;48;39;38;38
408.0;141;116;119;88;111;109;34;36;46;39;47;38;38;38
414.0;143;118;119;89;109;109;34;37;46;39;44;39;39;35
420.0;147;117;119;88;110;105;34;36;46;37;43;40;40;38
426.0;148;117;117;88;110;105;33;36;46;40;43;39;39;39
432.0;145;117;117;88;115;106;32;33;48;38;41;40;38;42
438.0;147;119;116;92;113;103;33;33;48;38;41;36;40;41
444.0;150;121;111;88;115;101;34;33;53;38;43;31;38;44
450.0;151;122;113;89;111;100;36;38;52;36;39;31;41;41
456.0;148;123;109;91;113;101;40;39;50;35;37;31;43;40
462.0;153;122;106;92;110;102;42;38;51;32;39;29;44;40
468.0;153;125;104;91;111;100;41;39;50;31;39;34;45;37
474.0;154;125;104;92;112;102;40;34;48;29;38;38;43;41
480.0;153;120;101;97;109;103;39;36;50;30;38;38;43;43
486.0;155;120;104;96;110;104;37;36;51;29;34;39;42;43
492.0;150;118;104;97;109;105;36;36;51;33;33;42;44;42
498.0;152;117;105;96;117;102;35;33;49;34;32;42;44;42
504.0;150;117;106;94;119;105;32;35;50;31;33;43;42;43
510.0;152;120;106;95;122;105;32;32;48;29;35;43;43;38
516.0;152;121;106;96;119;105;35;31;45;33;32;43;45;37
522.0;156;122;103;95;118;102;41;29;45;35;32;39;45;38
528.0;157;125;105;94;118;104;39;26;42;33;32;40;47;38
534.0;158;125;106;96;114;103;40;25;47;34;30;38;50;34
540.0;155;124;106;97;116;102;42;28;49;33;27;37;49;35
546.0;153;129;106;94;115;106;42;29;49;31;29;36;47;34
552.0;154;132;104;94;114;104;43;28;44;34;30;39;45;35
558.0;154;135;103;93;111;101;45;26;50;33;30;40;46;33
564.0;158;134;101;93;110;100;44;27;48;32;31;39;50;33
570.0;159;136;100;95;110;102;44;30;42;31;30;41;48;32
576.0;158;136;99;93;111;100;46;28;42;35;29;38;52;33
582.0;156;137;99;91;108;101;48;30;40;36;30;39;52;33
588.0;159;138;99;93;108;99;47;30;42;37;28;38;53;29
594.0;163;138;96;95;105;100;43;30;40;37;32;36;51;34
600.0;160;139;96;96;106;102;44;32;37;39;31;36;48;34
606.0;159;139;95;103;104;105;43;33;36;41;27;36;47;32
612.0;159;140;98;97;103;104;45;34;33;43;30;34;47;33
618.0;156;142;98;97;100;101;46;34;37;44;29;32;47;37
624.0;156;139;99;100;97;103;48;34;36;41;30;32;47;38
630.0;159;139;94;100;99;101;48;36;35;40;32;29;47;41
636.0;159;139;92;100;101;102;49;36;34;41;33;30;44;40
642.0;159;141;93;101;102;103;50;34;32;43;33;29;42;38
648.0;161;141;93;102;105;102;48;32;32;42;34;27;42;39
654.0;163;142;93;103;101;104;49;31;35;40;36;27;41;35
660.0;161;144;97;103;100;106;48;28;36;38;38;24;41;36
666.0;158;144;95;102;102;106;45;33;36;36;38;26;42;37
672.0;156;146;92;103;102;105;46;34;35;37;42;25;45;32
678.0;155;147;97;99;98;105;48;34;36;39;43;27;43;29
684.0;153;144;98;101;99;106;48;32;37;40;45;28;41;28
690.0;150;146;99;98;100;108;47;35;37;37;44;29;42;28
696.0;148;147;101;100;99;105;42;36;38;43;41;31;41;28
702.0;148;150;101;99;100;102;42;36;36;44;43;32;39;28
708.0;148;151;102;94;101;103;42;37;35;41;42;36;37;31
714.0;145;156;103;95;99;104;42;36;39;40;42;32;35;32
720.0;149;158;103;97;98;102;42;35;37;38;41;32;35;33
726.0;150;157;103;96;97;102;45;33;38;37;42;34;33;33
732.0;148;161;100;96;98;104;43;33;37;38;42;34;31;35
738.0;149;161;98;100;97;107;41;32;37;38;40;30;34;36
744.0;152;161;94;102;96;106;42;32;38;36;39;33;33;36
750.0;153;157;93;101;95;106;44;33;36;35;43;33;37;34
756.0;153;152;92;100;96;104;48;36;33;35;46;37;37;31
762.0;153;153;91;99;97;102;51;37;34;34;46;38;35;30
768.0;153;152;89;98;94;101;47;37;39;37;47;41;34;31
774.0;154;151;92;100;95;100;46;36;42;36;44;41;35;28
780.0;156;152;94;99;98;98;45;34;43;33;43;43;35;27
786.0;156;151;97;98;97;99;45;34;43;32;41;44;34;29
792.0;157;152;95;98;98;101;42;34;45;30;41;40;34;33
798.0;156;154;93;100;98;97;45;36;44;31;40;40;33;33
804.0;154;155;93;97;102;99;44;35;42;32;44;40;32;31
810.0;155;159;92;96;103;97;43;36;40;32;42;39;33;33
816.0;154;159;93;96;102;97;42;35;38;34;44;40;33;33
822.0;153;157;94;100;101;93;40;34;38;32;47;42;33;36
828.0;153;157;96;103;100;92;39;32;35;33;48;40;35;37
834.0;155;157;96;102;101;91;36;33;34;33;46;43;37;36
840.0;155;157;97;102;98;92;36;36;32;34;47;42;37;35
846.0;158;153;94;102;99;92;33;35;35;33;49;42;40;35
852.0;158;154;95;102;102;90;33;33;31;35;49;44;35;39
858.0;160;153;95;103;103;93;33;32;32;33;47;44;35;37
864.0;159;155;93;100;104;92;32;31;35;34;47;42;34;42
870.0;161;153;92;101;106;92;31;30;35;34;46;40;33;46
876.0;160;154;92;104;103;90;29;30;38;32;46;42;35;45
882.0;159;153;90;104;102;89;30;32;41;34;47;37;35;47
888.0;161;153;86;105;103;91;32;34;38;31;49;37;36;44
894.0;160;155;88;101;103;93;33;35;38;31;50;40;32;41
900.0;159;156;88;106;101;92;34;38;39;32;49;40;30;36
906.0;157;157;90;102;101;92;37;41;35;33;50;38;31;36
912.0;156;158;91;103;102;90;34;41;35;35;49;35;33;38
918.0;156;157;90;103;104;93;34;42;34;35;47;34;32;39
924.0;160;156;88;103;103;92;33;42;34;36;42;36;31;44
930.0;161;155;89;101;102;89;37;40;36;38;39;35;33;45
936.0;160;153;93;100;99;89;40;41;37;38;37;33;31;49
942.0;160;154;98;103;96;88;39;38;39;37;37;32;31;48
948.0;160;154;99;101;98;82;38;38;42;39;37;34;32;46
954.0;160;158;98;103;95;84;34;40;45;37;36;33;32;45
960.0;160;157;100;99;94;85;38;38;44;41;35;34;32;43
966.0;162;157;100;96;94;88;40;36;46;40;36;33;30;42
972.0;161;156;100;99;97;88;40;36;45;39;35;33;30;41
978.0;163;157;102;101;98;87;39;37;44;38;33;31;30;40
984.0;159;155;101;102;95;92;39;38;45;40;33;29;32;40
990.0;161;154;100;101;98;93;42;40;42;41;32;29;31;36
996.0;159;157;99;101;96;91;42;41;42;41;33;31;31;36
1002.0;157;156;103;100;98;87;39;38;42;44;31;30;36;39
1008.0;151;154;105;100;98;88;38;39;43;47;31;30;36;40
1014.0;150;156;105;99;97;89;39;40;43;43;32;32;35;40
1020.0;148;157;106;103;101;91;38;38;42;41;30;30;36;39
1026.0;151;158;107;103;100;87;37;37;42;41;31;33;36;37
1032.0;149;162;107;102;101;86;40;41;42;38;31;30;35;36
1038.0;146;164;105;104;105;87;36;40;46;38;32;28;35;34
1044.0;148;163;106;102;107;87;38;38;49;37;28;26;38;33
1050.0;144;167;103;102;109;89;35;36;48;38;31;26;39;33
1056.0;143;167;104;105;109;85;37;36;47;40;28;26;39;34
1062.0;144;163;103;106;109;85;38;33;52;40;30;27;41;29
1068.0;139;166;101;103;111;85;41;33;50;41;31;27;41;31
1074.0;140;170;97;102;112;85;41;33;50;37;33;27;41;32
1080.0;144;172;98;98;111;84;43;32;48;37;29;30;40;34
1086.0;144;171;97;96;109;84;43;30;47;37;31;29;43;39
1092.0;146;171;99;97;109;82;44;30;45;36;30;29;39;43
1098.0;145;170;100;98;110;82;43;31;48;35;29;27;38;44
1104.0;151;172;103;95;107;82;43;34;47;34;26;31;34;41
1110.0;150;175;100;96;106;81;44;33;48;33;27;33;36;38
1116.0;150;173;98;96;105;82;47;34;46;35;26;33;36;39
1122.0;144;172;101;99;103;81;46;34;47;34;27;35;38;39
1128.0;146;176;99;98;99;82;46;32;46;38;28;35;38;37
1134.0;148;174;99;99;98;84;44;32;42;39;29;33;41;38
1140.0;147;176;99;100;99;81;41;31;42;38;31;33;44;38
1146.0;149;178;98;100;97;80;43;28;42;39;31;31;46;38
1152.0;143;181;98;99;97;82;42;32;41;41;30;29;46;39
1158.0;140;183;96;100;95;84;42;34;45;40;30;29;43;39
1164.0;139;184;97;103;94;83;38;34;45;41;28;29;43;42
1170.0;139;182;95;104;95;86;41;35;43;41;27;30;41;41
1176.0;141;184;95;104;97;84;42;33;45;41;25;31;40;38
1182.0;143;183;93;105;97;82;42;37;42;39;30;29;37;41
1188.0;144;182;90;105;96;84;40;36;43;41;33;30;39;37
1194.0;143;183;94;102;96;85;38;35;47;39;30;32;39;37
1200.0;147;185;96;101;96;86;38;33;46;39;31;31;36;35
1206.0;147;184;96;100;93;86;39;32;49;40;31;31;37;35
1212.0;151;182;103;98;93;84;39;34;46;40;31;28;33;38
1218.0;153;180;104;95;93;86;39;36;46;40;32;27;31;38
1224.0;154;181;99;93;96;86;38;37;46;42;31;27;33;37
1230.0;153;181;98;97;94;88;35;40;46;40;32;27;33;36
1236.0;151;181;98;100;93;90;35;41;43;40;30;27;32;39
1242.0;150;182;96;100;95;90;39;42;41;36;30;27;32;40
1248.0;150;184;96;97;96;91;36;44;41;32;32;29;33;39
1254.0;147;182;99;97;93;92;35;43;39;34;33;30;35;41
1260.0;146;182;96;98;93;92;39;42;41;35;34;31;31;40
1266.0;146;182;96;95;93;91;39;41;40;35;34;33;35;40
1272.0;146;184;96;93;94;92;39;40;39;39;31;30;39;38
1278.0;147;184;94;94;93;92;38;40;39;39;35;30;38;37
1284.0;150;183;96;93;89;88;36;39;41;41;37;34;37;36
1290.0;149;184;94;94;91;88;33;44;40;40;38;31;38;36
1296.0;151;182;94;93;90;91;33;47;39;38;39;29;37;37
1302.0;151;181;95;92;87;92;32;45;41;38;41;29;36;40
1308.0;151;181;94;91;85;92;34;48;42;39;40;31;34;38
1314.0;152;179;95;95;86;89;34;46;44;38;41;33;33;35
1320.0;153;178;93;96;86;91;35;46;41;40;39;30;33;39
1326.0;154;180;92;94;87;88;38;45;41;41;39;32;32;37
1332.0;155;181;91;93;88;85;37;47;43;41;36;32;33;38
1338.0;159;178;93;97;86;86;35;48;43;42;32;32;30;39
1344.0;159;175;92;97;85;88;33;46;43;43;34;33;34;38
1350.0;159;176;94;96;85;90;35;43;40;39;36;30;39;38
1356.0;159;177;99;98;84;90;32;44;39;39;34;28;40;37
1362.0;158;174;98;96;89;89;32;42;44;39;32;26;41;40
1368.0;156;176;94;97;90;90;30;43;43;40;32;28;42;39
1374.0;156;175;94;96;92;91;31;43;43;39;32;27;42;39
1380.0;156;172;93;96;94;90;31;41;45;38;31;28;44;41
1386.0;155;174;92;98;94;88;31;39;46;38;31;28;46;40
1392.0;155;177;91;101;96;88;34;38;44;36;31;25;44;40
1398.0;156;178;94;99;93;88;35;40;42;35;33;28;43;36
1404.0;156;181;95;99;89;87;36;36;39;37;33;30;43;39
1410.0;157;177;92;100;91;86;34;36;38;42;39;28;45;35
1416.0;155;177;91;103;92;86;35;33;36;40;42;30;45;35
1422.0;157;177;91;103;92;88;34;32;38;36;45;30;46;31
1428.0;160;179;92;101;94;88;33;30;36;35;44;31;48;29
1434.0;158;178;92;98;91;90;32;30;39;35;47;33;48;29
1440.0;157;176;91;99;94;93;31;30;39;35;45;32;48;30
1446.0;157;176;90;96;95;88;31;32;38;36;45;34;50;32
1452.0;156;177;91;95;96;90;29;35;37;38;45;33;49;29
1458.0;157;177;88;96;98;91;29;35;35;35;46;34;49;30
1464.0;154;179;85;97;98;91;29;35;36;33;48;32;49;34
1470.0;158;180;89;97;97;87;27;33;36;33;49;29;50;35
1476.0;156;178;89;95;99;86;28;36;35;33;49;31;52;33
1482.0;158;179;84;96;99;84;28;37;34;34;48;30;55;34
1488.0;158;178;82;95;98;84;29;34;33;38;50;31;55;35
1494.0;159;181;81;94;98;88;32;35;33;42;46;31;46;34
1500.0;159;181;86;93;98;86;30;37;32;43;44;31;48;32
1506.0;158;180;87;93;96;87;31;37;32;43;42;34;48;32
1512.0;159;181;92;92;98;90;29;34;32;44;38;34;44;33
1518.0;160;184;93;90;97;93;28;34;35;42;34;36;40;34
1524.0;157;183;92;90;98;91;30;35;34;43;35;40;40;32
1530.0;153;183;96;92;98;95;27;35;33;43;36;39;39;31
1536.0;152;183;94;90;99;92;27;34;39;44;37;39;40;30
1542.0;152;180;91;92;100;92;30;34;35;45;37;41;39;32
1548.0;152;177;91;95;100;93;29;36;37;42;34;42;37;35
1554.0;151;179;91;93;97;96;31;33;40;40;34;42;36;37
1560.0;151;174;90;93;98;97;35;34;39;40;35;45;34;35
1566.0;151;171;91;88;100;100;34;35;38;40;37;44;35;36
1572.0;151;169;89;86;103;101;34;37;37;41;39;42;32;39
1578.0;147;171;91;83;105;100;34;35;34;46;38;42;35;39
1584.0;146;171;91;81;104;102;37;33;34;46;36;42;39;38
1590.0;147;172;89;81;102;103;35;34;36;44;36;42;42;37
1596.0;150;171;90;84;102;101;37;34;33;42;35;41;40;40
1602.0;152;171;92;85;100;100;36;36;32;46;33;38;41;38
1608.0;152;168;91;82;99;101;37;35;35;47;34;39;40;40
1614.0;152;167;95;80;99;99;38;35;33;47;35;40;40;40
1620.0;150;167;94;81;101;101;36;36;34;46;37;41;38;38
1626.0;148;166;93;83;102;103;34;36;35;46;36;40;40;38
1632.0;146;168;94;85;102;100;34;35;37;45;34;37;43;40
1638.0;149;169;92;86;104;101;30;37;36;44;35;36;42;39
1644.0;150;165;93;86;107;103;29;39;37;42;37;36;40;36
1650.0;147;162;92;88;106;104;28;41;35;44;37;38;39;39
1656.0;147;160;91;85;109;103;28;43;38;41;36;39;39;41
1662.0;149;157;89;82;110;106;29;41;39;44;34;39;40;41
1668.0;147;157;90;81;109;105;29;42;40;45;33;38;42;42
1674.0;146;159;88;83;107;103;31;38;38;43;36;34;48;46
1680.0;148;158;87;83;107;104;32;40;37;42;35;33;49;45
1686.0;150;157;85;84;110;103;31;41;37;42;36;30;48;46
1692.0;148;157;83;86;110;104;33;43;36;44;35;30;46;45
1698.0;149;157;82;83;110;105;35;42;36;43;34;33;46;45
1704.0;151;154;79;82;112;107;38;41;37;43;35;32;48;41
1710.0;148;156;80;86;112;107;37;39;36;42;37;34;48;38
1716.0;147;156;80;81;115;109;40;35;37;43;39;33;46;39
1722.0;151;157;80;82;115;112;41;34;36;39;37;32;46;38
1728.0;151;157;80;80;115;113;43;34;34;40;37;33;46;37
1734.0;151;154;81;80;114;111;39;35;37;40;37;35;47;39
1740.0;150;150;80;83;113;112;41;37;39;39;36;35;47;38
1746.0;149;148;79;85;108;115;40;38;41;37;35;37;46;42
1752.0;149;148;84;85;107;116;36;41;38;39;36;33;43;45
1758.0;149;147;84;84;109;116;38;38;38;38;34;34;43;48
1764.0;149;148;87;82;107;114;40;36;39;38;34;34;41;51
1770.0;146;148;88;85;104;113;42;36;39;41;36;36;38;48
1776.0;145;146;92;87;106;110;41;32;38;41;43;38;35;46
1782.0;145;147;93;88;105;112;39;31;38;41;43;40;35;43
1788.0;144;144;93;85;105;114;40;32;41;42;43;39;35;43
1794.0;143;145;93;87;102;115;38;33;41;42;45;38;36;42
1800.0;141;146;89;92;103;115;38;35;39;42;42;38;39;41
1806.0;142;142;88;89;106;117;39;37;35;45;41;37;39;43
1812.0;138;142;88;92;108;119;41;38;34;45;40;35;38;42
1818.0;140;141;86;93;107;118;42;40;34;47;39;36;36;41
1824.0;142;139;85;93;109;117;43;41;33;45;39;35;38;41
1830.0;143;139;82;92;109;117;44;40;31;46;36;38;38;45
1836.0;144;137;86;93;107;121;44;37;30;43;37;37;36;48
1842.0;145;138;88;91;106;121;42;39;32;43;38;33;35;49
1848.0;146;136;89;93;108;119;40;40;31;40;38;33;39;48
1854.0;145;136;86;93;110;117;36;40;34;39;40;35;37;52
1860.0;147;139;87;94;110;117;35;39;31;38;41;35;36;51
1866.0;146;139;86;93;110;118;34;41;31;36;44;36;37;49
1872.0;145;139;83;92;113;119;37;38;32;34;44;36;38;50
1878.0;146;137;87;90;111;122;36;38;35;33;47;36;37;45
1884.0;145;135;89;91;109;121;35;37;34;33;45;41;39;46
1890.0;147;136;89;91;105;117;33;37;37;33;48;38;42;47
1896.0;147;133;91;93;102;115;31;37;39;32;50;40;41;49
1902.0;149;135;93;92;100;116;31;38;41;32;47;42;37;47
1908.0;153;135;91;93;98;115;31;41;40;31;46;41;35;50
1914.0;154;134;90;89;101;119;34;44;41;30;43;38;33;50
1920.0;153;132;92;92;100;116;33;45;42;33;43;36;32;51
1926.0;152;132;92;90;101;113;33;43;46;34;47;37;30;50
1932.0;154;135;92;86;101;112;32;41;48;35;45;36;32;51
1938.0;154;136;93;87;101;113;31;42;49;36;43;36;30;49
1944.0;149;140;95;87;102;112;30;40;48;35;47;37;30;48
1950.0;150;138;94;88;103;110;30;41;48;35;44;40;29;50
1956.0;151;140;98;86;102;110;33;42;46;34;43;42;28;45
1962.0;151;142;97;89;99;111;31;41;48;32;42;43;27;47
1968.0;152;143;98;88;99;113;27;41;49;32;41;42;26;49
1974.0;156;143;99;87;99;112;28;42;49;31;40;40;26;48
