#auto generated file!
12.0;117;108;106;106;115;127;126;128;115;119;115;103;113;102
18.0;118;111;108;107;117;126;123;128;114;121;114;102;111;100
24.0;124;117;109;110;120;128;116;125;113;117;114;101;110;96
30.0;125;117;111;111;124;132;118;120;114;114;109;106;106;93
36.0;125;120;111;117;128;133;114;119;110;112;109;107;106;89
42.0;132;121;115;123;134;135;110;116;107;111;105;103;103;85
48.0;136;124;115;126;136;136;107;107;108;109;103;108;100;85
54.0;138;124;123;130;136;140;105;108;106;105;104;106;97;78
60.0;140;129;123;133;137;139;99;102;110;103;104;104;96;81
66.0;143;132;125;133;136;139;98;100;109;103;101;103;98;80
72.0;145;131;128;135;138;137;102;100;110;104;100;100;96;74
78.0;150;133;131;135;142;139;96;98;108;104;97;93;100;74
84.0;151;133;132;137;142;141;92;100;105;101;98;93;97;78
90.0;158;133;135;139;144;144;92;95;101;95;97;91;98;78
96.0;166;136;131;138;145;150;89;93;100;91;97;91;97;76
102.0;170;137;134;137;140;148;92;90;104;91;99;90;90;78
108.0;172;142;138;142;137;151;92;86;99;90;92;87;93;79
114.0;176;149;141;143;139;155;87;89;98;81;91;87;86;78
120.0;173;149;146;148;137;153;94;88;98;81;93;83;80;77
126.0;174;152;147;151;142;157;98;83;96;80;90;84;77;69
132.0;179;154;148;150;138;158;99;87;94;79;88;81;72;73
138.0;178;156;152;153;140;157;98;81;94;76;89;82;70;74
144.0;180;162;151;153;139;157;96;79;96;75;91;78;71;72
150.0;180;163;149;156;137;160;96;80;95;75;88;82;65;74
156.0;178;165;151;155;139;162;97;80;93;78;84;80;65;73
162.0;177;166;155;159;141;163;92;79;92;78;82;80;64;72
168.0;183;168;152;162;145;158;94;77;88;78;82;78;64;71
174.0;183;165;152;161;149;156;95;79;86;77;82;81;63;71
180.0;184;167;154;166;153;153;95;80;79;77;76;84;62;70
186.0;186;167;151;168;153;153;97;75;81;75;74;84;66;70
192.0;184;171;155;164;153;155;100;72;77;80;72;84;65;68
198.0;185;171;158;164;157;154;94;70;82;77;74;81;68;65
204.0;186;174;153;163;158;156;94;65;82;77;74;85;71;62
210.0;186;174;152;162;159;158;91;66;82;76;72;84;74;64
216.0;187;177;154;160;164;155;89;68;81;77;68;82;73;65
222.0;192;179;151;160;160;152;90;63;84;73;71;82;73;70
228.0;198;182;149;160;162;151;84;61;80;73;76;78;74;72
234.0;202;180;148;159;162;155;81;61;77;73;77;76;72;77
240.0;201;181;146;161;163;153;79;63;78;75;76;79;72;73
246.0;201;187;144;164;159;153;75;61;78;69;82;79;77;71
252.0;202;187;147;165;158;155;77;60;75;68;83;78;75;70
258.0;201;185;144;165;160;152;71;62;74;74;84;80;76;72
264.0;200;190;148;170;159;152;69;62;74;71;82;76;76;71
270.0;198;190;147;171;161;152;67;59;73;75;80;81;78;68
276.0;202;188;146;170;165;152;67;53;73;83;78;79;73;71
282.0;202;193;149;170;164;153;59;52;70;85;80;79;75;69
288.0;202;194;149;173;163;152;53;53;72;83;80;77;80;69
294.0;203;195;147;175;159;152;55;52;70;86;79;73;84;70
300.0;206;196;152;174;158;150;58;48;67;86;78;71;84;72
306.0;210;197;153;171;159;148;58;46;67;83;78;72;85;73
312.0;212;194;153;172;156;146;57;47;71;82;80;69;87;74
318.0;205;196;150;172;157;145;60;50;70;80;82;70;88;75
324.0;205;196;151;175;158;145;63;52;72;80;77;67;87;72
330.0;205;202;151;175;159;146;62;52;68;78;76;67;85;74
336.0;205;206;147;173;160;144;64;52;68;80;75;64;89;73
342.0;207;212;153;178;154;144;61;51;62;82;76;63;86;71
348.0;208;212;155;179;155;144;60;50;61;80;75;61;84;76
354.0;207;208;155;179;157;144;60;53;59;79;78;62;83;76
360.0;210;210;156;180;157;139;63;53;56;79;76;61;79;81
366.0;209;211;157;179;158;142;64;51;53;77;73;62;80;84
372.0;207;211;155;179;161;143;62;48;55;80;72;66;77;84
378.0;207;211;158;182;160;146;60;49;54;73;75;67;77;81
384.0;207;211;152;179;159;148;60;48;57;76;76;68;76;83
390.0;203;214;154;181;159;148;63;46;60;74;74;66;77;81
396.0;202;211;160;180;158;151;63;48;58;75;71;64;76;83
402.0;199;214;157;173;158;152;68;47;61;75;73;63;77;83
408.0;201;216;153;173;159;152;68;47;63;77;70;63;76;82
414.0;197;217;154;174;159;153;69;43;66;78;69;62;76;83
420.0;195;219;153;171;154;155;65;45;68;82;72;63;79;79
426.0;196;219;155;174;153;157;65;44;65;76;75;62;86;73
432.0;197;219;153;172;153;158;65;48;70;76;69;65;83;72
438.0;200;221;148;168;154;158;66;50;71;76;70;65;84;69
444.0;202;222;145;167;154;161;66;48;75;74;72;66;79;69
450.0;204;223;146;164;154;159;62;52;73;75;69;69;79;71
456.0;204;223;148;158;151;161;64;51;72;77;67;72;78;74
462.0;206;227;147;155;154;158;65;49;72;76;68;74;76;73
468.0;214;226;148;155;153;158;66;48;74;71;68;75;74;70
474.0;217;227;149;156;149;162;65;42;77;70;64;78;72;72
480.0;220;228;153;156;149;164;62;44;73;68;66;76;66;75
486.0;221;231;152;157;147;164;58;46;73;68;68;76;68;71
492.0;220;232;150;158;148;170;55;52;73;68;65;71;69;69
498.0;222;232;151;156;151;167;53;53;74;67;66;70;69;69
504.0;225;232;156;157;152;167;51;53;66;65;62;72;69;73
510.0;225;234;159;160;146;166;52;54;67;65;62;69;72;69
516.0;223;234;161;159;145;165;53;52;65;68;63;72;70;70
522.0;224;236;162;154;146;165;51;57;63;67;63;73;68;71
528.0;222;234;160;156;145;168;52;59;66;68;62;70;66;72
534.0;225;235;160;154;144;167;54;61;69;66;65;68;63;69
540.0;224;234;160;154;145;166;58;58;71;70;62;66;64;68
546.0;225;232;166;155;145;165;62;57;67;67;61;64;64;70
552.0;228;230;171;150;147;168;60;60;67;62;57;63;67;70
558.0;229;231;173;149;140;166;57;61;69;64;57;67;66;71
564.0;229;231;172;150;143;164;57;61;67;64;60;66;66;70
570.0;229;228;175;151;146;163;56;56;71;63;62;67;64;69
576.0;234;231;173;151;145;165;55;55;70;60;63;68;62;68
582.0;230;238;172;153;150;163;49;53;68;58;66;70;64;66
588.0;234;239;172;154;151;163;47;51;66;58;65;71;65;64
594.0;234;239;174;153;148;164;49;52;68;59;61;69;65;65
600.0;236;239;168;156;147;163;50;54;67;58;62;70;65;65
606.0;238;240;168;153;150;167;49;53;69;61;61;70;60;61
612.0;239;242;165;155;147;164;50;55;71;63;57;72;56;64
618.0;240;240;165;156;150;166;52;53;69;60;62;69;57;61
624.0;240;241;166;155;145;167;49;52;68;62;64;72;59;60
630.0;239;243;167;153;144;166;49;51;67;60;64;73;60;64
636.0;238;242;167;153;153;166;52;52;70;53;64;71;57;62
642.0;242;242;163;154;150;165;46;54;74;53;64;71;60;62
648.0;243;246;162;154;151;166;47;51;74;53;64;70;57;62
654.0;242;250;166;151;149;168;46;56;75;54;60;63;56;64
660.0;243;248;162;153;152;169;47;58;73;52;61;66;58;58
666.0;246;249;161;154;149;165;46;55;76;55;60;68;57;59
672.0;252;250;161;152;145;164;47;55;71;56;62;68;57;60
678.0;251;251;164;150;150;163;46;55;71;59;64;63;55;58
684.0;249;250;165;151;153;165;47;56;69;57;61;63;56;58
690.0;247;251;162;153;154;166;50;61;64;58;63;57;56;58
696.0;247;250;159;151;157;167;50;60;66;58;64;57;56;58
702.0;238;251;156;150;157;165;56;60;71;53;63;56;58;66
708.0;234;251;159;148;153;164;51;62;76;54;65;57;62;64
714.0;240;248;160;150;151;166;49;58;79;52;66;55;62;64
720.0;243;248;156;149;151;163;50;56;78;56;66;57;63;64
726.0;242;250;155;152;155;165;51;56;78;54;62;56;62;62
732.0;240;248;153;155;154;166;52;57;82;57;62;52;61;61
738.0;239;249;155;153;154;166;52;60;81;62;55;52;62;60
744.0;236;249;158;153;151;163;49;58;84;63;55;53;65;63
750.0;236;248;160;151;149;162;51;59;80;64;59;54;63;64
756.0;239;248;162;150;150;162;55;59;78;64;55;58;60;60
762.0;242;247;158;149;150;162;56;61;81;61;54;57;62;60
768.0;241;250;157;150;151;161;57;62;78;62;55;59;58;59
774.0;244;252;153;146;154;157;55;62;79;65;52;59;59;63
780.0;246;246;152;145;156;158;57;62;78;67;50;59;60;64
786.0;243;243;154;145;153;160;59;62;78;69;50;62;58;64
792.0;244;242;152;144;151;162;57;65;76;75;49;63;58;62
798.0;240;243;155;146;150;163;59;66;69;77;51;63;58;60
804.0;241;246;153;144;149;167;58;65;70;74;53;61;57;62
810.0;240;245;152;146;151;167;59;64;71;69;53;64;56;63
816.0;241;240;154;146;152;167;60;61;71;71;51;62;56;68
822.0;241;239;155;144;153;169;58;60;68;76;53;62;52;70
828.0;244;237;153;144;155;169;59;61;67;77;52;58;53;71
834.0;243;237;159;146;157;168;56;62;66;77;52;58;50;69
840.0;242;238;153;145;160;171;54;61;66;74;49;61;53;73
846.0;238;239;154;150;161;169;54;62;70;73;45;60;54;71
852.0;238;242;156;151;159;174;53;61;68;71;44;58;55;70
858.0;237;239;154;153;161;175;54;58;69;75;41;62;54;68
864.0;238;237;154;154;163;177;51;57;69;75;41;61;56;67
870.0;237;237;152;154;163;176;53;57;68;74;39;64;58;68
876.0;239;238;155;153;162;172;58;53;70;72;36;65;60;67
882.0;241;240;153;150;161;171;58;55;70;71;41;63;61;65
888.0;241;240;157;149;161;176;60;56;65;68;43;59;58;67
894.0;241;240;156;142;164;177;63;56;63;67;44;59;62;66
900.0;238;246;156;139;158;172;64;60;66;69;45;63;62;62
906.0;236;244;153;137;160;175;60;57;67;66;51;67;66;61
912.0;241;246;153;135;159;171;57;59;71;70;51;65;64;58
918.0;239;244;157;135;155;171;56;58;71;72;53;67;63;59
924.0;243;245;153;136;152;174;56;59;72;70;56;65;62;57
930.0;248;243;153;138;151;174;54;57;78;67;54;65;64;54
936.0;252;243;152;141;147;171;55;59;81;67;53;64;59;56
942.0;251;243;150;138;155;166;56;58;80;64;55;68;59;57
948.0;252;245;153;137;153;161;56;61;80;64;57;64;59;58
954.0;250;245;153;138;154;163;58;56;83;60;56;66;59;59
960.0;249;249;154;138;155;162;57;53;81;57;57;70;58;60
966.0;251;250;155;145;155;163;56;48;80;56;61;69;56;55
972.0;252;250;153;142;154;165;59;48;81;57;61;71;57;50
978.0;255;254;150;141;157;164;59;46;84;55;59;67;58;51
984.0;254;252;146;140;156;161;62;51;82;54;62;69;60;51
990.0;247;250;147;145;156;158;63;56;82;52;61;70;61;52
996.0;246;246;144;145;157;162;62;56;83;54;62;69;58;56
1002.0;246;245;143;146;158;162;57;56;85;56;68;65;57;56
1008.0;248;243;145;146;159;159;58;58;87;57;66;63;55;56
1014.0;245;240;147;145;159;163;63;57;82;56;62;66;53;62
1020.0;246;237;148;147;158;161;61;55;80;58;65;64;57;63
1026.0;250;241;145;145;155;162;62;55;83;57;66;60;57;62
1032.0;253;239;142;149;153;163;59;54;81;58;67;61;60;61
1038.0;252;234;146;152;155;162;59;56;81;59;68;63;56;57
1044.0;253;232;145;152;154;162;56;57;78;59;68;64;59;61
1050.0;255;235;147;150;154;166;57;57;75;59;67;62;56;60
1056.0;256;235;147;149;156;164;57;61;72;61;65;62;58;57
1062.0;255;237;147;151;159;161;57;62;70;62;64;61;56;58
1068.0;252;239;147;152;161;164;58;61;68;63;64;61;52;58
1074.0;258;238;146;148;161;165;63;58;67;62;64;61;53;56
1080.0;260;231;147;146;161;162;59;62;66;62;65;64;56;59
1086.0;263;232;146;142;161;159;56;65;70;61;68;64;52;61
1092.0;263;232;147;144;162;158;54;70;70;58;64;63;52;63
1098.0;264;233;144;147;163;161;56;66;64;58;61;67;55;61
1104.0;263;237;142;147;165;156;59;65;64;60;57;68;53;64
1110.0;269;242;140;149;163;158;61;62;65;58;60;64;50;59
1116.0;270;243;141;147;164;157;60;63;60;58;65;66;49;57
1122.0;269;243;142;147;165;158;59;64;61;56;63;68;46;59
1128.0;271;245;141;146;164;161;56;65;55;55;65;67;46;63
1134.0;270;246;140;142;163;159;60;65;56;55;64;68;49;63
1140.0;272;253;140;137;164;161;57;66;57;53;65;68;45;62
1146.0;274;251;141;137;166;159;55;65;53;57;67;68;42;65
1152.0;268;253;144;137;165;159;54;69;53;61;65;67;41;64
1158.0;268;255;141;141;165;161;54;68;52;61;64;64;45;61
1164.0;271;254;142;141;164;158;53;68;52;62;65;69;44;57
1170.0;271;253;143;145;162;159;53;71;48;63;65;67;40;60
1176.0;274;250;146;137;164;157;55;72;50;63;67;68;36;61
1182.0;275;253;145;135;162;158;58;71;52;67;63;68;36;57
1188.0;273;256;142;136;161;161;59;72;55;65;64;66;32;58
1194.0;271;256;146;136;161;158;61;71;57;63;62;65;33;60
1200.0;270;255;143;134;161;159;62;69;61;62;64;66;35;59
1206.0;265;255;145;135;155;160;64;72;65;62;65;64;38;55
1212.0;269;254;142;142;154;161;63;73;63;59;64;60;39;57
1218.0;268;250;142;137;150;165;62;76;70;64;65;56;38;57
1224.0;266;251;140;138;149;166;61;75;67;66;69;55;42;55
1230.0;264;250;139;136;150;166;66;75;68;63;69;55;42;57
1236.0;264;250;139;136;153;164;67;71;67;65;67;55;43;59
1242.0;262;244;142;137;149;162;70;73;69;65;70;53;45;59
1248.0;264;243;141;137;147;165;72;70;66;68;68;51;46;62
1254.0;266;244;141;138;144;167;69;71;64;69;68;52;46;61
1260.0;265;242;141;141;146;168;72;69;64;67;65;52;44;64
1266.0;262;241;144;141;147;169;72;67;63;63;65;54;46;66
1272.0;261;239;142;140;150;168;74;64;61;66;63;58;47;67
1278.0;260;239;143;137;148;171;76;65;60;64;61;55;50;71
1284.0;258;236;145;133;148;172;72;64;62;64;66;54;51;75
1290.0;260;235;147;133;147;169;70;62;65;65;65;56;53;73
1296.0;260;236;145;132;144;169;70;59;64;66;64;60;56;75
1302.0;258;235;141;136;146;171;70;61;61;64;62;62;55;78
1308.0;257;234;142;136;143;174;65;64;62;62;60;63;60;78
1314.0;253;232;144;138;143;174;65;66;60;64;61;63;61;76
1320.0;252;230;142;143;151;176;67;60;56;62;62;63;62;74
1326.0;255;228;145;147;146;172;69;58;54;65;63;62;59;77
1332.0;254;230;147;147;149;175;69;59;52;66;56;62;58;76
1338.0;257;232;147;142;146;183;69;60;51;67;54;61;57;74
1344.0;258;239;146;142;146;181;69;61;48;67;56;60;54;73
1350.0;260;242;145;141;149;180;70;60;50;63;56;60;54;70
1356.0;258;248;144;144;146;182;67;62;52;69;58;49;52;69
1362.0;258;248;146;142;148;184;68;65;55;64;56;48;53;65
1368.0;259;250;147;142;146;183;71;59;52;65;56;50;55;65
1374.0;262;250;148;141;142;183;73;58;54;65;55;50;55;64
1380.0;262;252;145;141;143;185;69;58;57;61;58;52;56;61
1386.0;262;253;144;142;142;182;69;62;56;61;60;51;53;63
1392.0;262;252;148;145;143;179;65;64;59;57;62;52;53;59
1398.0;263;250;148;145;142;178;68;63;61;55;66;53;50;58
1404.0;262;250;151;144;143;181;64;62;60;56;65;52;50;60
1410.0;259;253;153;150;146;181;64;63;57;52;61;56;52;53
1416.0;261;254;155;151;146;179;66;62;56;54;56;58;49;53
1422.0;260;255;154;149;150;177;66;62;53;53;58;56;48;59
1428.0;262;259;155;147;148;173;67;65;54;56;56;54;46;58
1434.0;262;259;160;149;149;172;64;63;54;53;57;54;48;56
1440.0;261;260;161;150;147;173;67;63;51;52;57;57;45;56
1446.0;257;261;164;151;147;172;66;66;53;52;54;57;47;53
1452.0;262;260;163;151;148;174;59;67;54;50;54;62;46;50
1458.0;260;256;163;156;146;170;58;70;51;57;56;62;45;50
1464.0;258;256;162;158;147;170;55;68;49;58;56;62;51;50
1470.0;258;253;158;156;150;170;56;69;51;58;56;62;53;50
1476.0;259;253;158;156;152;167;60;67;52;55;54;64;52;51
1482.0;257;255;153;153;150;166;62;71;56;55;50;66;53;53
1488.0;255;257;154;155;151;172;56;65;56;54;51;65;54;55
1494.0;256;258;153;152;150;171;54;68;61;54;52;69;50;52
1500.0;259;258;150;151;152;170;54;64;60;57;52;68;50;55
1506.0;258;259;150;155;157;169;51;63;59;60;51;66;48;54
1512.0;260;261;148;154;159;167;50;63;60;53;52;73;47;53
1518.0;258;262;151;149;162;166;48;62;59;55;53;70;45;60
1524.0;260;263;149;147;159;165;52;62;58;55;55;69;47;59
1530.0;264;260;148;148;156;169;53;62;59;57;56;67;45;56
1536.0;265;254;148;151;158;175;52;63;59;54;56;65;45;55
1542.0;271;250;149;152;157;175;53;63;56;53;58;67;40;56
1548.0;268;246;147;155;157;178;50;63;54;54;58;71;41;58
1554.0;265;251;145;157;155;178;55;62;51;49;62;71;43;56
1560.0;264;250;148;155;157;178;55;61;54;50;59;64;47;58
1566.0;265;251;145;152;157;181;55;61;52;52;60;60;49;60
1572.0;265;253;144;152;156;181;52;59;53;49;65;60;52;59
1578.0;262;254;146;149;155;181;51;60;56;50;68;61;50;57
1584.0;260;256;151;146;156;181;51;58;57;53;70;61;46;54
1590.0;258;260;148;145;156;183;48;61;53;57;68;64;47;52
1596.0;255;258;149;146;155;184;51;59;54;54;69;64;48;54
1602.0;257;263;147;151;158;187;52;56;52;53;64;58;49;53
1608.0;262;266;146;148;154;187;50;57;52;54;62;58;50;54
1614.0;263;265;144;149;152;188;45;59;50;54;61;56;53;61
1620.0;264;265;143;148;149;189;46;56;52;53;60;57;55;63
1626.0;265;264;141;145;149;191;45;56;52;52;62;56;56;66
1632.0;256;267;143;146;147;190;43;61;55;53;61;59;53;66
1638.0;256;268;143;146;146;188;49;59;56;56;59;57;54;63
1644.0;257;263;145;143;144;186;48;61;56;57;61;60;55;64
1650.0;257;265;144;149;138;185;49;58;57;59;60;57;58;64
1656.0;252;267;142;146;140;185;48;57;57;59;63;59;59;66
1662.0;251;267;142;148;142;185;46;57;55;62;62;57;60;66
1668.0;250;265;140;152;142;184;45;59;59;61;62;55;60;66
1674.0;248;261;142;154;140;184;48;64;62;60;58;57;58;64
1680.0;252;261;144;150;142;180;51;63;62;60;56;57;60;62
1686.0;254;268;142;148;142;177;50;63;62;58;56;62;55;63
1692.0;255;271;141;145;145;178;50;61;64;60;55;59;54;62
1698.0;258;270;140;145;146;177;51;56;66;57;55;58;55;66
1704.0;259;264;138;145;149;179;49;58;61;57;54;60;60;67
1710.0;257;265;138;144;149;181;47;57;63;58;53;63;58;67
1716.0;257;264;136;142;154;181;46;57;64;64;53;62;56;64
1722.0;258;265;140;141;155;183;42;57;63;64;49;64;56;63
1728.0;259;266;141;141;157;182;40;53;58;63;49;67;59;65
1734.0;261;268;141;141;157;185;36;53;59;61;47;65;64;62
1740.0;260;269;139;143;155;182;38;54;54;66;49;67;64;60
1746.0;255;270;138;141;157;181;40;53;55;68;49;68;63;62
1752.0;259;273;137;139;161;181;42;52;53;70;49;63;59;62
1758.0;259;272;135;136;164;178;44;53;52;72;51;61;64;59
1764.0;258;271;136;132;164;180;43;54;56;76;51;59;65;55
1770.0;260;271;135;134;163;181;43;53;58;76;50;56;66;54
1776.0;265;270;135;137;167;179;44;53;56;74;49;53;66;52
1782.0;266;263;137;139;167;180;44;54;55;73;52;55;62;53
1788.0;270;263;140;142;169;176;43;51;56;70;52;57;62;49
1794.0;267;266;137;140;169;175;46;53;55;71;52;56;62;51
1800.0;268;268;140;138;170;176;47;49;57;66;49;59;62;51
1806.0;264;267;139;137;173;178;47;48;58;65;48;63;63;50
1812.0;264;269;141;134;172;173;46;50;60;70;50;63;59;49
1818.0;265;268;141;132;175;170;48;51;62;68;51;64;57;48
1824.0;268;271;141;134;175;169;49;50;61;65;48;63;59;47
1830.0;267;274;141;136;172;170;51;48;59;63;48;62;62;47
1836.0;267;273;139;140;172;168;55;44;60;61;50;60;61;50
1842.0;268;269;136;140;171;168;56;44;61;61;49;61;67;49
1848.0;265;269;135;135;172;163;58;46;65;61;52;63;66;50
1854.0;263;264;140;136;173;163;63;47;62;60;55;63;62;49
1860.0;261;262;143;135;166;164;61;49;66;63;54;60;67;49
1866.0;263;260;142;136;165;167;59;50;66;61;57;60;68;46
1872.0;261;258;143;132;169;166;56;52;69;61;56;61;71;45
1878.0;259;260;142;133;173;163;58;50;69;60;56;63;70;44
1884.0;260;259;145;134;174;161;61;49;65;62;59;64;66;41
1890.0;260;257;143;132;168;168;62;52;64;64;57;64;70;39
1896.0;263;256;144;133;168;167;65;51;60;63;57;64;70;39
1902.0;265;252;143;132;173;166;65;57;56;60;61;62;70;38
1908.0;264;250;143;130;171;168;61;58;59;61;62;65;68;40
1914.0;262;249;146;128;168;176;60;59;58;59;61;63;72;39
1920.0;261;249;146;130;171;170;58;58;57;61;64;65;68;42
1926.0;261;246;146;135;171;166;60;61;57;60;65;66;69;37
1932.0;258;246;144;134;172;168;61;58;56;64;69;66;67;37
1938.0;256;240;144;132;174;169;60;57;60;62;69;68;70;39
1944.0;255;240;145;131;175;169;59;59;60;64;69;63;70;41
1950.0;254;241;148;128;174;169;57;57;60;62;71;63;73;43
1956.0;253;242;150;128;171;166;56;60;58;65;71;66;73;41
1962.0;252;240;151;125;171;161;57;67;57;65;69;69;72;44
1968.0;246;242;151;124;171;159;56;69;58;67;69;71;72;45
1974.0;249;247;153;122;170;160;52;72;56;68;69;66;72;44
