#auto generated file!
12.0;14;15;16;11;18;16;15;16;11;13;21;10;11;13
18.0;14;15;16;10;19;18;13;16;11;14;20;11;11;12
24.0;14;16;16;11;19;19;14;14;10;13;19;12;11;12
30.0;14;17;17;11;19;20;13;13;12;13;18;11;11;11
36.0;15;18;17;10;20;21;13;12;12;12;19;11;10;10
42.0;15;19;17;10;20;21;13;11;13;11;19;12;9;10
48.0;15;19;17;9;20;22;12;10;14;11;19;13;9;10
54.0;15;19;17;10;21;23;13;10;14;9;18;13;8;10
60.0;15;18;17;11;22;24;11;10;14;9;17;14;9;9
66.0;17;19;17;11;23;24;11;9;14;9;17;13;8;8
72.0;16;18;17;12;23;24;11;8;13;9;17;13;10;9
78.0;17;18;17;13;25;22;12;7;14;9;15;13;9;9
84.0;18;18;18;13;26;23;13;7;14;9;14;11;8;8
90.0;18;19;18;13;26;23;12;7;14;9;15;10;8;8
96.0;19;20;17;13;26;23;12;8;14;7;16;10;8;7
102.0;19;20;18;13;26;22;12;8;14;8;16;10;7;7
108.0;19;20;18;14;26;22;12;8;15;8;15;8;8;7
114.0;19;21;18;14;25;21;12;9;13;7;16;10;7;8
120.0;19;21;18;13;24;22;12;9;13;7;16;9;7;10
126.0;18;23;18;13;24;23;12;8;12;6;16;10;7;10
132.0;19;22;18;14;24;21;11;9;13;6;14;9;9;11
138.0;20;25;18;13;25;22;9;10;14;5;13;9;8;9
144.0;20;25;18;13;24;22;9;9;15;3;13;10;9;10
150.0;22;26;19;14;25;22;9;8;14;3;13;10;7;8
156.0;22;26;19;14;26;20;9;9;14;3;13;10;7;8
162.0;22;27;21;13;27;20;8;8;14;3;13;9;7;8
168.0;24;26;21;14;28;20;8;8;15;4;12;8;5;7
174.0;24;25;21;15;27;20;10;8;15;4;11;8;5;7
180.0;24;25;21;17;25;20;10;7;15;4;11;9;5;7
186.0;24;26;19;17;26;20;10;7;15;4;12;8;5;7
192.0;23;27;19;17;26;20;10;7;16;4;12;7;5;7
198.0;24;29;19;17;25;20;10;7;15;4;11;6;5;8
204.0;24;29;19;16;25;20;9;7;14;4;11;7;5;10
210.0;23;30;21;17;24;21;10;7;13;4;8;8;5;9
216.0;23;32;22;17;24;21;10;7;12;3;7;8;5;9
222.0;24;31;22;17;23;22;9;7;12;3;7;7;5;11
228.0;25;32;22;17;22;20;8;7;12;4;8;7;5;11
234.0;25;32;22;17;23;20;8;7;11;4;7;7;5;12
240.0;25;33;22;17;22;20;9;8;12;4;6;6;5;11
246.0;25;33;22;19;22;20;9;7;12;4;6;6;4;11
252.0;24;33;23;19;22;19;10;6;12;4;6;6;5;11
258.0;23;34;22;18;23;19;9;6;12;3;7;6;5;13
264.0;24;33;21;17;23;19;9;7;10;4;8;7;5;13
270.0;24;34;21;16;23;18;9;7;10;4;8;8;5;13
276.0;24;34;21;17;23;17;10;7;9;5;9;8;4;12
282.0;24;34;21;19;23;17;10;6;8;5;10;8;4;11
288.0;25;34;20;19;23;17;10;6;8;5;10;8;4;11
294.0;25;34;19;19;25;17;12;6;7;5;9;7;4;11
300.0;24;34;19;17;23;17;12;6;7;7;9;7;5;13
306.0;24;34;19;17;23;17;11;6;7;6;10;7;6;13
312.0;22;34;19;17;23;18;11;6;6;7;10;7;6;14
318.0;23;34;17;17;23;19;10;7;6;8;9;7;6;14
324.0;23;35;15;17;22;18;10;7;7;9;8;8;6;15
330.0;23;35;15;17;23;17;11;7;7;9;8;8;6;14
336.0;23;34;15;17;24;17;10;7;8;9;7;8;7;14
342.0;22;36;16;18;23;17;10;6;7;8;8;8;8;13
348.0;22;36;16;18;24;16;10;6;7;8;8;8;8;13
354.0;22;36;16;17;24;16;9;6;6;8;9;8;9;14
360.0;23;35;15;17;24;16;9;6;6;8;10;9;8;14
366.0;24;34;14;19;24;16;9;6;6;8;10;8;9;13
372.0;24;34;14;20;24;17;9;7;4;9;10;7;9;12
378.0;23;34;14;20;23;19;9;7;4;8;11;7;9;12
384.0;22;34;16;21;22;19;8;8;4;9;11;6;8;12
390.0;21;33;17;21;24;19;7;8;4;9;10;7;8;12
396.0;20;33;19;21;24;18;7;8;4;11;9;6;8;12
402.0;21;34;19;22;25;17;6;8;5;10;8;6;8;11
408.0;21;34;19;22;24;17;5;7;5;10;9;7;10;10
414.0;21;36;19;22;24;17;4;7;4;10;9;7;10;10
420.0;21;36;20;23;22;17;5;7;5;10;10;4;10;10
426.0;21;35;20;23;24;15;5;7;6;10;10;4;10;10
432.0;21;34;19;23;24;14;5;9;6;11;9;4;11;10
438.0;19;34;18;23;25;14;7;9;7;11;10;4;9;10
444.0;19;33;17;23;26;14;6;9;7;11;10;4;9;12
450.0;19;32;17;22;26;15;6;9;7;12;9;5;9;12
456.0;19;32;17;22;25;15;6;9;7;12;9;5;10;12
462.0;18;33;17;23;25;14;7;9;7;10;11;6;9;11
468.0;19;34;17;23;23;15;7;8;7;10;11;6;9;11
474.0;20;33;18;21;24;17;6;7;8;10;13;6;7;10
480.0;20;33;19;21;24;17;5;6;7;10;13;6;8;11
486.0;20;34;19;21;24;16;5;6;9;10;12;6;8;10
492.0;20;34;19;21;25;16;7;7;8;9;12;5;8;9
498.0;20;33;19;22;25;14;7;7;9;9;12;5;9;9
504.0;22;34;18;21;24;14;7;7;8;9;13;5;8;10
510.0;22;34;18;19;22;15;7;7;6;11;13;7;9;10
516.0;22;33;17;20;22;16;7;7;6;9;13;7;10;11
522.0;22;33;17;20;22;16;7;7;5;10;13;7;10;11
528.0;22;34;15;22;22;16;7;7;5;10;12;8;9;11
534.0;22;34;16;22;21;15;6;8;5;10;12;8;9;12
540.0;22;34;15;23;20;14;7;8;6;9;13;7;9;13
546.0;21;33;15;25;20;13;6;9;6;9;13;8;10;12
552.0;22;33;16;27;21;13;6;6;5;8;15;7;9;12
558.0;22;33;16;26;21;14;6;7;7;8;14;7;9;10
564.0;23;33;17;26;22;14;5;6;8;7;15;6;8;10
570.0;23;33;17;25;22;16;5;6;8;8;12;7;9;9
576.0;24;33;16;26;22;14;5;6;8;8;13;6;10;9
582.0;25;32;17;27;21;15;4;7;9;9;13;6;9;6
588.0;25;32;19;27;21;15;4;7;9;8;13;6;9;5
594.0;26;32;19;28;21;15;4;6;9;9;13;5;9;4
600.0;26;33;18;28;22;14;4;5;10;9;12;6;9;4
606.0;27;33;18;28;21;14;4;6;9;10;12;6;9;3
612.0;26;31;18;28;21;15;4;6;9;12;12;6;9;3
618.0;26;31;18;28;22;15;5;4;8;12;12;7;10;2
624.0;26;30;18;28;23;15;5;5;8;12;12;7;9;2
630.0;26;30;18;29;23;15;5;5;7;12;12;7;9;2
636.0;25;30;18;28;24;15;5;6;7;12;13;6;9;2
642.0;24;32;18;26;24;16;5;7;7;11;14;5;9;2
648.0;24;32;17;25;24;14;7;7;7;11;16;6;9;1
654.0;26;30;16;25;26;14;7;6;8;11;17;5;8;1
660.0;27;31;17;24;25;14;7;6;8;12;16;5;7;1
666.0;27;31;17;23;25;14;8;6;8;14;14;6;7;0
672.0;25;31;18;22;25;15;8;7;8;12;14;7;8;0
678.0;24;32;18;21;24;15;9;7;8;12;15;5;9;1
684.0;23;36;19;20;22;15;10;7;6;11;15;7;8;1
690.0;24;36;19;22;22;16;9;6;7;9;14;8;7;1
696.0;25;37;19;22;22;16;9;5;7;9;13;8;6;2
702.0;25;38;19;22;21;16;9;5;8;9;13;8;6;1
708.0;25;38;18;20;22;17;8;5;7;10;12;8;7;3
714.0;26;38;18;20;22;17;8;5;7;10;10;8;7;4
720.0;27;39;17;19;20;16;6;5;8;10;12;8;8;5
726.0;27;39;17;18;21;16;6;5;8;10;11;9;8;5
732.0;27;37;19;18;20;15;6;5;9;10;11;9;9;5
738.0;27;37;18;18;20;15;6;5;9;11;10;9;9;6
744.0;27;37;18;20;20;15;6;5;9;11;9;8;9;6
750.0;27;37;18;20;21;16;6;5;8;11;9;7;9;6
756.0;26;38;17;20;23;17;5;5;8;11;7;8;8;7
762.0;26;37;17;21;23;18;4;5;8;10;8;8;8;7
768.0;26;37;19;21;23;18;4;4;9;9;8;8;7;7
774.0;25;38;18;21;23;16;5;4;9;9;10;9;6;7
780.0;25;37;17;21;23;15;7;4;9;8;10;9;6;9
786.0;25;38;17;21;21;16;7;4;9;9;10;9;6;8
792.0;27;38;16;22;21;16;7;4;8;8;8;10;7;8
798.0;25;39;18;21;21;17;6;4;8;9;8;9;7;8
804.0;26;40;19;20;21;18;6;3;8;9;6;9;7;8
810.0;26;40;19;20;21;19;6;3;9;8;7;10;5;7
816.0;26;40;19;20;21;21;6;3;9;7;6;9;6;7
822.0;26;40;18;20;22;21;6;4;9;6;6;9;6;7
828.0;25;42;18;20;21;21;5;4;9;6;8;9;6;6
834.0;25;41;18;20;22;21;7;4;9;6;8;8;6;5
840.0;25;43;19;20;22;21;7;3;10;6;6;8;7;3
846.0;27;42;19;20;23;19;7;1;10;6;6;8;9;3
852.0;26;42;19;20;22;20;7;1;11;6;7;8;8;3
858.0;26;42;20;20;22;19;8;1;11;6;6;8;7;4
864.0;26;40;20;20;23;19;8;1;11;7;6;8;8;3
870.0;26;41;19;21;24;18;9;1;10;6;6;8;8;3
876.0;26;42;18;21;24;19;8;2;11;6;6;7;7;3
882.0;26;43;16;21;24;19;8;2;12;7;5;7;7;3
888.0;29;42;14;22;24;19;9;2;11;6;5;6;7;4
894.0;29;43;14;23;23;20;8;2;11;6;5;5;7;4
900.0;28;44;14;23;23;19;8;2;11;6;6;4;8;4
906.0;28;44;15;23;23;19;7;2;11;6;6;4;8;4
912.0;27;42;15;26;22;19;7;3;10;6;6;4;9;4
918.0;26;42;15;27;23;19;7;3;10;5;6;4;10;3
924.0;25;41;14;27;24;18;8;4;10;5;7;4;9;4
930.0;26;42;13;27;22;18;8;4;10;6;7;4;9;4
936.0;26;42;14;26;22;17;8;4;10;6;8;4;9;4
942.0;26;41;14;26;21;17;8;4;10;6;10;4;9;4
948.0;25;41;14;26;23;16;8;4;10;6;11;4;7;5
954.0;25;40;14;24;24;17;9;4;10;6;11;4;7;5
960.0;25;40;14;25;24;18;7;4;10;6;11;3;8;5
966.0;24;40;14;25;24;18;7;4;11;6;10;3;9;5
972.0;25;40;13;24;24;18;8;5;11;6;11;1;9;5
978.0;25;40;13;23;21;19;8;5;11;8;11;1;9;6
984.0;26;40;13;23;22;19;8;4;11;7;11;1;9;6
990.0;26;40;13;23;22;19;8;5;11;7;10;1;9;6
996.0;26;40;13;23;23;19;4;5;11;8;12;1;9;6
1002.0;24;40;13;23;24;18;5;6;10;8;15;0;8;6
1008.0;24;40;13;21;24;18;5;6;10;9;15;0;7;8
1014.0;22;40;13;20;24;17;6;6;12;9;15;0;8;8
1020.0;23;40;14;20;24;17;5;5;12;8;15;0;10;7
1026.0;23;39;15;20;24;16;5;5;11;8;16;1;10;7
1032.0;23;40;14;20;23;16;5;6;11;8;15;1;12;6
1038.0;23;40;14;20;22;16;6;6;11;8;15;2;11;6
1044.0;22;38;15;19;22;16;7;6;10;8;14;4;12;7
1050.0;21;37;14;20;21;17;9;7;9;8;14;5;11;7
1056.0;20;37;14;20;21;18;8;7;10;8;14;4;11;8
1062.0;20;37;13;20;22;18;9;7;11;8;13;3;11;8
1068.0;22;37;15;20;21;18;8;6;10;10;12;3;10;8
1074.0;22;37;16;20;22;18;8;6;9;10;12;3;9;8
1080.0;23;36;15;20;22;19;6;6;9;10;13;3;9;9
1086.0;23;36;16;20;22;19;6;5;9;11;12;3;9;9
1092.0;23;36;17;19;23;17;7;5;9;11;12;3;9;9
1098.0;23;34;18;20;23;17;7;5;8;10;13;4;9;9
1104.0;24;35;18;19;23;16;6;7;7;10;12;4;10;9
1110.0;24;35;18;19;23;16;6;7;6;11;12;4;10;9
1116.0;25;34;18;19;23;16;6;7;6;10;12;5;11;8
1122.0;25;33;18;20;23;16;6;7;6;9;13;5;10;9
1128.0;26;34;19;20;22;16;6;7;7;8;13;5;8;9
1134.0;26;33;21;20;21;17;6;7;7;9;12;5;8;8
1140.0;26;32;21;19;21;17;7;9;7;8;11;6;9;7
1146.0;26;32;21;18;21;17;9;9;6;7;11;6;11;6
1152.0;27;32;21;19;21;18;9;8;5;6;10;5;11;8
1158.0;27;34;21;20;21;18;8;8;5;6;10;5;10;7
1164.0;26;35;21;20;20;19;7;9;7;6;10;5;9;6
1170.0;25;35;21;20;19;19;6;8;7;7;10;7;10;6
1176.0;25;35;20;20;19;18;7;8;7;6;11;6;10;8
1182.0;25;35;20;20;19;18;8;8;8;6;10;6;9;8
1188.0;25;36;20;20;19;18;9;7;8;6;10;6;8;8
1194.0;25;37;20;19;19;19;8;8;8;6;9;6;7;9
1200.0;25;36;20;18;19;19;8;8;10;7;9;6;6;9
1206.0;25;36;20;19;20;20;8;7;10;7;8;6;7;7
1212.0;25;35;20;19;20;20;8;7;10;8;9;5;7;7
1218.0;24;35;20;19;21;20;8;8;10;8;8;6;6;7
1224.0;24;35;18;19;22;20;6;10;10;8;8;5;7;8
1230.0;23;33;20;19;21;20;7;9;10;10;7;6;6;9
1236.0;23;31;21;19;21;19;8;11;9;10;8;6;6;8
1242.0;23;31;21;19;20;19;7;11;9;10;8;7;7;8
1248.0;23;30;22;18;20;20;5;10;11;10;9;8;6;8
1254.0;24;30;22;17;19;20;6;10;10;10;8;10;6;8
1260.0;23;30;21;15;19;21;7;9;10;10;8;11;8;8
1266.0;23;28;19;16;20;21;7;10;9;9;9;11;10;8
1272.0;21;28;19;16;22;21;7;10;9;10;8;11;10;8
1278.0;22;30;19;16;22;21;7;9;11;9;7;9;10;8
1284.0;21;31;21;16;20;21;6;9;11;10;7;9;11;7
1290.0;21;32;19;17;20;21;6;7;11;11;6;11;11;7
1296.0;21;32;18;17;21;21;6;7;12;11;6;11;11;6
1302.0;22;32;18;16;22;21;6;8;11;11;6;11;11;5
1308.0;22;32;18;17;22;22;6;7;10;11;6;11;11;5
1314.0;23;30;19;17;23;23;5;8;12;10;4;11;10;5
1320.0;23;30;18;17;25;24;5;7;12;10;4;11;9;5
1326.0;22;30;17;17;26;25;5;7;12;10;4;11;9;5
1332.0;23;30;16;18;26;25;4;7;12;10;4;11;9;5
1338.0;23;30;16;18;26;25;5;6;12;10;4;11;9;5
1344.0;24;29;18;18;27;25;4;5;11;11;4;11;8;5
1350.0;26;30;18;17;27;25;4;5;10;10;6;10;8;4
1356.0;25;30;20;16;28;25;4;4;8;12;7;10;6;5
1362.0;24;30;20;16;28;25;4;4;9;12;7;10;6;5
1368.0;25;31;19;15;28;27;4;4;11;10;8;9;4;5
1374.0;26;31;18;13;28;27;5;4;12;11;8;8;4;5
1380.0;26;31;18;14;27;26;5;4;13;12;9;7;3;5
1386.0;24;31;18;17;27;25;6;4;11;13;9;7;3;5
1392.0;24;31;18;16;28;25;7;4;11;13;9;5;4;5
1398.0;24;31;17;18;28;24;7;4;11;12;10;6;4;4
1404.0;25;33;16;19;28;24;6;3;11;12;9;7;3;4
1410.0;24;33;16;19;28;24;7;4;11;12;9;6;3;4
1416.0;24;33;15;20;28;23;7;4;11;12;10;6;3;4
1422.0;24;32;14;20;29;23;6;4;12;11;10;8;4;3
1428.0;23;32;14;21;29;22;7;4;11;10;10;8;5;4
1434.0;23;33;13;22;28;20;7;6;11;10;9;9;5;4
1440.0;23;33;14;22;29;21;6;4;11;11;9;10;4;3
1446.0;24;32;14;22;28;22;6;6;11;10;9;8;5;3
1452.0;24;32;14;23;28;23;6;6;11;8;8;8;7;2
1458.0;24;32;14;22;30;23;6;6;11;8;8;7;7;2
1464.0;23;32;13;21;29;24;8;7;11;7;7;9;7;2
1470.0;23;33;13;21;29;24;8;6;11;7;7;9;7;2
1476.0;20;36;13;19;29;24;10;4;11;7;8;10;7;2
1482.0;20;36;13;20;27;24;11;4;12;7;8;9;6;3
1488.0;20;36;13;20;28;25;11;4;12;7;8;8;5;3
1494.0;20;37;13;19;28;26;11;4;10;7;8;8;6;3
1500.0;21;38;12;19;27;25;11;4;11;7;7;8;7;3
1506.0;21;37;12;19;28;25;11;4;11;7;7;8;7;3
1512.0;21;37;12;19;28;25;10;4;10;8;8;8;7;3
1518.0;20;37;13;19;28;27;8;4;10;7;9;8;7;3
1524.0;20;36;13;18;28;27;8;4;10;7;9;8;7;5
1530.0;20;37;13;18;30;25;9;4;9;6;8;8;7;6
1536.0;19;36;12;20;30;25;10;4;9;6;8;8;7;6
1542.0;19;36;13;20;30;23;10;5;9;5;9;8;7;6
1548.0;20;35;13;19;30;24;10;6;10;5;7;8;7;6
1554.0;19;35;12;19;30;24;11;6;9;5;9;8;7;6
1560.0;20;34;12;19;31;24;11;7;8;6;8;8;7;5
1566.0;21;33;12;17;31;23;12;8;8;7;8;8;7;5
1572.0;23;33;13;17;32;21;11;8;7;6;8;8;9;4
1578.0;23;32;13;17;32;21;11;9;7;7;5;9;9;5
1584.0;23;32;12;19;33;22;10;9;8;7;5;8;8;4
1590.0;25;32;11;21;33;22;10;8;7;7;6;6;8;4
1596.0;25;31;12;21;33;22;10;9;7;7;5;6;8;4
1602.0;25;32;16;21;31;22;8;10;7;7;5;5;7;4
1608.0;25;30;16;21;33;21;7;10;7;7;6;6;7;4
1614.0;25;28;16;20;34;21;10;9;7;7;6;6;7;4
1620.0;28;28;16;20;33;21;9;9;7;8;6;5;6;4
1626.0;28;27;17;21;32;21;9;9;7;9;5;6;6;3
1632.0;27;26;17;22;31;20;10;8;8;9;4;7;6;5
1638.0;26;26;17;22;31;21;10;8;8;9;4;7;6;5
1644.0;27;26;17;24;30;21;9;8;7;8;5;6;6;6
1650.0;27;26;17;24;31;22;9;8;7;7;5;4;7;6
1656.0;27;27;18;23;30;20;11;8;7;7;6;5;5;6
1662.0;27;25;18;24;29;21;11;8;8;7;6;5;5;6
1668.0;27;25;18;24;30;21;10;8;8;7;7;5;5;5
1674.0;27;25;19;24;30;20;8;8;9;8;5;6;5;6
1680.0;28;24;19;24;30;19;8;9;9;7;5;6;6;6
1686.0;29;24;19;23;28;19;8;8;9;7;6;6;7;7
1692.0;28;26;19;22;28;19;8;7;9;9;6;6;7;6
1698.0;28;26;19;22;27;18;8;8;10;7;7;6;7;7
1704.0;29;26;18;22;24;19;8;7;11;8;8;6;7;7
1710.0;29;26;19;22;25;18;8;8;9;8;8;6;7;7
1716.0;30;26;19;22;25;17;7;8;9;8;8;7;7;7
1722.0;30;25;20;21;26;18;6;8;7;8;8;7;8;8
1728.0;29;26;21;21;26;18;6;8;6;8;10;7;6;8
1734.0;29;26;21;21;24;19;7;7;7;8;9;7;7;8
1740.0;29;27;22;21;24;19;7;8;7;8;7;6;7;8
1746.0;28;28;22;21;23;19;6;9;7;8;7;5;8;9
1752.0;30;27;24;21;23;19;5;10;5;7;7;5;8;9
1758.0;30;27;23;21;23;19;5;11;5;8;6;5;8;9
1764.0;30;27;23;20;22;21;4;11;5;9;6;5;8;9
1770.0;30;27;23;20;22;22;4;11;5;8;7;5;7;9
1776.0;30;27;23;20;22;22;4;11;5;8;7;5;7;9
1782.0;31;28;23;20;23;22;4;9;5;8;7;3;8;9
1788.0;31;27;22;21;23;20;4;11;7;8;6;3;10;7
1794.0;31;26;23;20;23;20;6;10;6;8;7;3;9;8
1800.0;31;26;24;19;22;19;8;9;7;7;7;4;9;8
1806.0;32;26;24;18;22;20;8;9;7;7;8;4;8;7
1812.0;32;26;24;18;22;20;8;8;6;7;9;4;8;8
1818.0;34;26;25;17;21;20;9;9;4;8;10;2;8;7
1824.0;34;27;26;17;21;19;9;8;4;8;11;2;7;7
1830.0;34;27;26;16;21;18;10;7;5;8;11;3;7;7
1836.0;34;27;24;17;22;18;9;8;5;8;11;3;7;7
1842.0;34;27;24;17;22;18;9;8;5;8;11;3;7;7
1848.0;34;26;23;18;23;19;8;7;5;8;11;2;7;9
1854.0;33;26;22;17;22;21;10;7;5;8;11;2;8;8
1860.0;32;26;22;16;23;21;10;7;5;9;11;2;8;8
1866.0;33;26;22;15;23;21;10;7;5;9;12;2;7;8
1872.0;34;25;22;15;24;20;10;6;6;10;12;2;6;8
1878.0;34;25;21;15;24;20;9;6;6;11;13;3;5;8
1884.0;34;24;20;15;24;20;9;6;7;9;12;4;6;10
1890.0;34;24;20;15;25;21;9;5;6;9;13;4;6;9
1896.0;34;24;20;16;25;23;8;5;7;9;10;4;6;9
1902.0;34;25;21;15;24;25;8;4;7;8;10;4;7;8
1908.0;34;25;21;15;25;26;8;5;5;8;8;5;7;8
1914.0;34;24;21;14;26;28;8;4;4;8;7;5;8;9
1920.0;33;22;20;14;26;28;9;4;4;9;7;6;8;10
1926.0;34;22;20;14;25;27;9;5;5;9;7;6;8;9
1932.0;32;23;21;14;25;27;9;5;5;10;7;7;6;9
1938.0;31;23;21;14;25;27;9;5;7;10;6;7;6;9
1944.0;31;25;21;14;24;26;9;5;8;10;7;7;5;8
1950.0;31;25;21;14;23;27;10;5;9;8;7;7;5;8
1956.0;31;25;22;14;24;26;9;5;9;8;7;7;4;9
1962.0;31;25;22;15;25;25;9;5;10;7;6;8;4;8
1968.0;30;25;20;15;25;25;10;6;10;7;6;8;5;8
1974.0;29;25;21;15;24;24;9;6;11;8;6;9;5;8
