#auto generated file!
12.0;48;32;38;52;44;45;48;38;44;29;51;45;47;39
18.0;48;35;38;56;46;48;43;37;42;28;50;44;45;40
24.0;47;36;38;55;48;47;45;39;41;27;48;45;45;39
30.0;47;37;41;58;47;50;43;39;40;23;47;44;43;41
36.0;46;37;43;58;50;52;42;39;38;23;43;47;42;40
42.0;46;38;46;62;50;53;43;37;38;22;40;48;38;39
48.0;45;40;45;61;53;53;44;39;41;20;36;49;36;38
54.0;48;39;46;60;54;54;43;39;38;21;38;45;36;39
60.0;48;41;48;61;54;55;41;35;36;22;39;43;38;39
66.0;48;41;50;61;55;57;38;37;37;22;38;40;38;38
72.0;47;43;51;62;55;56;41;36;38;23;37;40;34;37
78.0;48;44;55;62;57;51;37;35;38;28;35;39;35;36
84.0;47;46;56;63;55;51;38;35;38;28;32;39;36;36
90.0;48;49;57;65;55;51;34;33;35;29;32;42;34;36
96.0;51;51;58;63;57;54;32;32;36;26;29;41;34;36
102.0;52;51;57;61;57;56;31;34;35;26;30;41;33;36
108.0;51;52;61;61;57;56;27;34;36;25;28;41;34;37
114.0;51;53;62;62;58;59;26;34;35;25;28;39;31;37
120.0;50;53;61;60;54;58;28;34;38;26;30;40;31;37
126.0;51;55;61;62;55;60;26;31;37;24;29;39;33;37
132.0;51;55;61;61;57;60;27;31;37;23;28;38;34;37
138.0;52;56;59;61;56;59;28;31;36;26;28;37;35;36
144.0;52;58;57;62;57;59;27;31;34;26;28;36;36;37
150.0;51;58;57;65;56;60;28;31;34;29;27;32;35;37
156.0;52;58;59;64;58;62;24;30;31;32;30;30;35;35
162.0;52;58;60;65;57;62;23;31;30;34;29;28;37;34
168.0;52;57;61;66;57;64;21;33;32;36;25;27;35;34
174.0;53;57;59;67;58;65;22;33;33;32;25;26;37;33
180.0;53;56;59;68;59;62;23;34;31;32;25;27;38;33
186.0;52;57;60;69;58;61;25;33;34;31;24;27;37;32
192.0;55;59;60;69;58;59;24;32;34;30;23;28;35;34
198.0;55;59;60;70;57;60;23;34;34;30;24;26;35;33
204.0;56;59;59;69;58;58;23;33;32;33;25;27;32;36
210.0;57;60;61;67;57;55;25;30;33;34;25;26;33;37
216.0;58;62;61;64;58;53;27;28;33;34;23;26;33;40
222.0;59;62;62;64;58;56;27;30;33;33;24;27;29;36
228.0;58;64;60;65;60;60;23;27;33;33;25;27;30;35
234.0;59;65;61;67;59;61;25;29;32;30;29;23;30;30
240.0;60;63;62;68;59;61;25;30;29;29;29;23;31;31
246.0;60;63;64;66;59;61;25;29;26;31;25;27;32;32
252.0;62;65;62;66;56;60;25;28;29;33;27;26;31;30
258.0;64;65;63;70;56;58;25;29;24;33;28;29;26;30
264.0;67;64;65;69;54;58;27;28;24;32;28;29;26;29
270.0;67;65;66;70;53;59;27;27;25;29;28;30;27;27
276.0;68;65;65;70;55;59;26;26;25;28;27;29;28;29
282.0;68;66;66;68;54;58;30;25;26;27;24;30;29;29
288.0;70;65;68;69;53;58;30;24;25;27;24;29;30;28
294.0;71;66;69;68;54;59;31;22;23;27;24;30;30;26
300.0;71;66;68;67;55;57;34;20;26;27;22;31;29;27
306.0;71;66;70;67;54;57;34;19;28;27;22;31;28;26
312.0;70;65;67;70;54;57;32;21;27;25;25;31;30;26
318.0;71;65;67;71;58;56;31;23;25;25;26;27;28;27
324.0;69;65;63;68;59;59;31;25;25;25;28;26;28;29
330.0;70;65;64;67;59;57;31;24;24;23;28;27;30;31
336.0;69;69;61;69;59;56;30;23;22;25;28;26;32;31
342.0;69;69;60;69;59;57;28;21;23;26;30;25;31;33
348.0;70;68;60;67;61;59;29;20;23;25;28;25;32;33
354.0;72;69;61;67;62;57;28;19;23;22;28;25;33;34
360.0;72;69;61;66;65;57;26;17;23;22;29;27;32;34
366.0;74;70;62;67;65;57;26;17;20;23;31;24;29;35
372.0;72;71;62;69;66;58;25;15;21;24;28;24;29;36
378.0;71;72;66;69;65;58;27;14;23;23;26;23;31;32
384.0;71;75;67;70;63;57;27;14;22;23;26;24;31;30
390.0;72;76;68;70;64;56;23;14;22;23;28;26;31;27
396.0;73;77;69;67;63;56;23;14;25;22;28;23;29;31
402.0;73;77;69;69;64;56;24;14;23;19;28;22;29;33
408.0;70;77;69;70;64;59;24;14;23;18;28;22;29;33
414.0;70;76;70;68;63;61;23;15;24;17;30;22;30;31
420.0;69;76;72;67;63;60;23;17;24;15;31;24;28;31
426.0;68;75;72;68;65;60;23;19;24;16;30;24;26;30
432.0;69;72;72;70;65;58;22;21;24;15;30;25;27;30
438.0;70;69;72;70;66;60;25;21;22;15;29;24;28;29
444.0;67;70;73;70;65;60;28;20;22;18;27;24;27;29
450.0;70;70;74;70;66;58;29;21;21;19;27;21;26;28
456.0;69;70;73;68;66;58;29;21;23;19;28;22;26;28
462.0;69;71;73;68;65;58;28;19;23;20;28;22;30;26
468.0;70;72;74;65;66;60;26;20;23;20;25;22;29;28
474.0;69;73;71;64;69;59;25;21;26;21;26;20;32;24
480.0;69;75;71;64;70;57;26;20;26;23;25;18;34;22
486.0;70;76;73;62;67;56;28;22;25;24;23;21;31;22
492.0;70;77;73;61;65;58;31;21;24;24;24;20;29;23
498.0;71;77;72;59;66;58;31;23;22;27;22;19;30;23
504.0;72;77;73;58;66;54;33;23;21;27;21;20;30;25
510.0;72;79;74;59;63;52;31;26;22;26;21;20;30;25
516.0;72;80;77;59;63;51;30;24;21;27;19;22;31;24
522.0;74;77;79;57;63;53;29;24;24;24;16;28;29;23
528.0;73;79;80;61;63;50;30;26;23;24;14;30;27;20
534.0;73;81;78;59;65;50;29;27;21;25;14;31;25;22
540.0;74;79;76;58;65;53;29;27;21;26;15;31;25;21
546.0;73;79;76;57;65;53;29;27;21;25;14;31;29;21
552.0;76;76;74;57;65;52;29;28;21;27;16;32;26;21
558.0;77;77;72;56;67;50;30;29;22;28;15;31;23;23
564.0;76;77;73;52;66;52;28;30;25;28;17;33;20;23
570.0;79;79;70;52;66;51;25;31;24;27;19;30;23;24
576.0;81;77;71;55;70;52;23;31;24;25;19;27;20;25
582.0;82;77;69;55;68;52;23;31;25;26;21;26;19;26
588.0;82;76;69;53;68;55;21;31;26;26;19;26;21;27
594.0;82;75;68;52;72;53;21;31;25;26;21;24;23;27
600.0;83;75;69;52;73;53;21;30;25;26;19;25;23;26
606.0;83;76;71;53;72;54;19;28;23;25;21;25;22;28
612.0;86;77;72;53;69;54;18;31;24;24;19;27;21;25
618.0;83;75;74;53;69;54;19;33;21;23;20;30;23;23
624.0;81;77;75;53;68;55;17;34;22;25;18;27;25;23
630.0;82;77;72;52;67;56;18;30;23;27;19;26;27;24
636.0;83;77;71;53;64;58;21;29;20;27;21;26;25;25
642.0;84;77;70;52;62;56;21;30;21;27;22;26;25;27
648.0;85;77;69;50;62;57;20;27;22;26;24;30;25;26
654.0;86;78;69;51;61;57;22;27;20;24;24;30;26;25
660.0;85;78;68;51;59;54;25;27;22;26;25;30;27;23
666.0;88;79;67;52;61;51;25;27;22;23;24;32;27;22
672.0;88;77;66;51;62;52;20;27;23;23;25;34;30;22
678.0;87;77;66;54;62;52;20;30;22;21;27;34;27;21
684.0;87;77;67;54;62;53;19;31;19;21;24;36;28;22
690.0;87;78;67;51;61;56;19;31;21;21;23;35;28;22
696.0;87;77;68;52;61;56;19;29;21;20;24;35;28;23
702.0;88;76;67;52;61;55;18;30;21;20;24;36;29;23
708.0;86;77;70;50;62;57;18;31;21;20;24;35;28;21
714.0;86;79;68;48;62;55;17;33;21;20;24;34;29;24
720.0;86;78;69;49;64;56;15;32;21;19;24;36;29;22
726.0;87;79;66;49;62;58;12;32;22;19;26;34;33;21
732.0;87;79;66;50;64;56;11;31;23;18;27;34;33;21
738.0;87;78;66;49;63;58;11;31;24;18;25;34;34;22
744.0;90;78;68;49;64;57;11;29;23;17;24;34;33;23
750.0;92;77;68;49;63;56;13;28;24;18;23;33;33;23
756.0;92;79;70;49;61;55;13;30;22;17;25;32;32;23
762.0;93;80;69;47;61;55;15;31;22;17;23;34;30;23
768.0;92;83;69;47;61;54;18;32;20;17;24;33;29;21
774.0;93;82;70;46;61;55;17;30;21;17;24;32;30;22
780.0;93;82;69;48;61;54;17;29;21;18;25;32;29;22
786.0;95;80;70;49;60;54;16;29;22;17;23;31;31;23
792.0;93;79;66;52;63;56;14;30;24;17;22;29;33;22
798.0;93;77;68;53;64;57;14;28;23;15;24;29;34;21
804.0;92;78;63;52;63;57;15;27;26;16;25;29;34;23
810.0;92;80;61;51;63;55;16;25;29;15;23;31;36;23
816.0;92;79;62;53;58;54;15;28;31;17;23;31;34;23
822.0;94;80;62;55;58;55;14;30;28;18;23;30;29;24
828.0;93;81;60;55;57;56;17;31;26;18;23;31;28;24
834.0;94;79;62;57;56;58;16;26;25;19;24;31;29;24
840.0;93;79;60;59;56;60;16;27;25;20;25;29;27;24
846.0;93;80;59;59;57;59;17;28;27;19;25;30;27;20
852.0;91;83;60;57;56;58;17;28;29;19;27;31;25;19
858.0;92;84;58;58;57;60;17;28;29;18;27;31;23;18
864.0;94;83;56;55;57;61;20;28;26;20;29;29;22;20
870.0;95;84;55;55;57;60;21;26;26;24;28;28;22;19
876.0;95;83;54;59;55;58;22;27;25;23;29;28;22;20
882.0;95;84;53;59;55;57;21;26;28;24;29;28;21;20
888.0;96;84;53;60;57;57;20;25;28;24;30;28;20;18
894.0;96;82;54;58;56;55;22;27;29;24;30;25;22;20
900.0;95;83;55;61;58;53;21;25;27;23;31;26;21;21
906.0;95;84;56;61;57;52;19;23;30;24;31;26;23;19
912.0;96;83;57;62;57;53;16;21;33;26;31;23;23;19
918.0;95;84;58;60;56;54;15;21;34;25;32;25;23;18
924.0;94;84;55;60;56;57;16;21;33;24;33;25;25;17
930.0;94;84;55;59;56;55;15;21;33;24;34;27;25;18
936.0;95;84;57;60;55;58;16;21;29;23;33;25;25;19
942.0;96;84;57;61;56;58;17;20;27;22;30;27;25;20
948.0;96;84;53;60;56;59;19;21;26;25;29;27;25;20
954.0;97;83;53;60;55;62;20;21;25;24;28;28;23;21
960.0;97;84;54;62;57;61;22;21;23;20;28;27;23;21
966.0;96;84;53;61;58;62;21;21;22;19;29;27;25;22
972.0;96;84;51;62;59;61;21;21;19;20;28;30;24;24
978.0;94;81;53;61;59;61;22;24;20;19;28;29;22;27
984.0;91;81;53;62;58;62;20;26;24;19;29;29;21;25
990.0;91;83;51;62;60;61;18;27;27;18;27;28;21;26
996.0;92;86;51;61;61;57;16;27;27;18;30;27;23;24
1002.0;93;89;49;62;60;58;15;27;26;18;28;28;25;22
1008.0;93;88;47;63;62;56;16;26;26;18;27;31;24;23
1014.0;92;86;48;62;62;59;17;25;25;19;27;32;24;22
1020.0;92;87;48;62;61;57;17;27;22;20;27;33;25;22
1026.0;93;88;49;60;64;62;17;24;22;17;28;29;24;23
1032.0;93;88;46;60;64;62;17;22;22;21;31;29;24;21
1038.0;93;87;46;60;66;62;19;24;22;20;30;26;24;21
1044.0;91;86;48;61;64;65;18;24;23;20;31;25;21;23
1050.0;90;87;48;60;63;64;16;24;26;21;30;25;22;24
1056.0;90;85;49;60;62;63;17;23;26;20;32;27;20;26
1062.0;91;86;50;62;61;61;17;25;24;21;30;27;19;26
1068.0;89;85;50;62;61;59;21;25;25;20;27;29;19;28
1074.0;89;85;50;64;61;61;19;24;25;20;26;28;21;27
1080.0;89;89;50;65;61;61;20;23;24;20;26;27;20;25
1086.0;89;89;49;65;62;60;20;21;25;19;27;26;20;28
1092.0;91;88;49;65;62;59;21;21;26;19;28;25;20;26
1098.0;93;88;48;62;63;59;21;22;28;18;27;23;20;28
1104.0;94;88;48;62;63;58;21;21;29;19;25;23;19;30
1110.0;92;89;48;60;62;60;21;22;30;19;25;22;19;31
1116.0;94;90;48;58;62;62;19;23;30;17;27;21;18;31
1122.0;95;92;48;58;64;60;18;22;27;18;26;21;20;31
1128.0;96;92;48;58;65;59;21;22;27;17;25;22;21;27
1134.0;97;93;49;58;64;57;22;23;25;16;25;21;22;28
1140.0;99;93;50;56;60;58;20;25;25;15;26;24;22;27
1146.0;102;94;48;56;60;56;21;28;28;13;25;23;19;27
1152.0;101;95;47;55;59;55;21;25;32;15;25;22;20;28
1158.0;101;94;47;55;57;55;24;26;32;14;24;23;20;28
1164.0;102;95;44;54;60;55;26;25;28;16;25;24;19;27
1170.0;100;93;43;56;59;58;25;26;28;17;27;23;19;26
1176.0;99;93;43;56;60;58;23;25;28;18;29;23;19;26
1182.0;100;94;42;55;57;60;24;26;26;18;30;25;16;27
1188.0;100;94;39;55;57;61;24;26;26;20;29;26;16;27
1194.0;99;92;41;53;59;59;24;25;25;22;31;24;17;29
1200.0;99;91;42;53;59;58;23;25;25;24;30;24;17;30
1206.0;101;89;42;54;57;58;23;24;23;25;30;26;19;29
1212.0;100;90;42;54;59;60;22;24;21;23;30;25;21;29
1218.0;100;89;43;53;59;61;23;24;20;24;30;26;19;29
1224.0;99;90;42;55;57;61;23;23;21;23;31;25;19;31
1230.0;98;93;43;55;57;62;23;21;21;20;30;24;20;33
1236.0;95;92;44;55;58;61;22;22;23;20;29;25;20;34
1242.0;97;93;43;53;57;63;21;20;19;21;29;27;23;34
1248.0;97;94;44;52;57;62;21;20;19;18;30;30;21;35
1254.0;99;93;44;51;57;62;22;19;20;17;29;31;22;34
1260.0;99;95;45;51;56;61;21;19;22;19;29;31;21;31
1266.0;99;94;45;51;55;60;21;20;21;21;28;30;24;31
1272.0;100;92;45;53;53;60;22;19;21;23;28;29;25;30
1278.0;99;90;43;56;53;60;24;16;22;25;25;30;26;31
1284.0;98;91;42;58;53;60;23;14;21;25;25;31;24;35
1290.0;98;93;42;61;51;61;23;14;20;23;26;30;24;34
1296.0;96;95;43;61;51;61;25;14;22;23;26;30;23;30
1302.0;96;96;44;61;51;61;25;14;24;21;27;29;25;26
1308.0;96;96;44;60;49;60;25;16;26;20;28;30;25;25
1314.0;95;96;45;59;49;63;25;17;27;17;28;28;26;25
1320.0;92;98;44;60;49;65;24;17;28;15;27;28;26;27
1326.0;90;98;45;61;47;65;24;18;28;16;28;28;25;27
1332.0;88;97;44;63;48;62;24;16;27;15;30;28;26;32
1338.0;88;97;45;63;47;62;22;15;27;17;31;27;27;32
1344.0;85;98;44;63;47;65;23;16;27;19;30;27;27;29
1350.0;86;96;45;63;47;67;21;17;26;21;31;23;28;29
1356.0;89;97;45;63;47;68;22;15;26;20;30;24;27;27
1362.0;90;95;44;64;47;70;21;16;24;21;29;25;27;27
1368.0;87;93;46;66;47;72;19;17;22;20;27;27;28;29
1374.0;86;93;46;66;47;71;19;18;22;21;28;25;28;30
1380.0;86;93;47;66;48;71;18;19;21;23;25;25;27;31
1386.0;85;94;48;64;48;73;17;19;21;24;24;25;30;28
1392.0;87;94;46;64;48;74;18;18;17;23;25;26;30;30
1398.0;87;97;44;64;47;74;20;19;17;23;25;25;30;28
1404.0;88;97;45;63;48;73;24;16;17;21;27;25;29;27
1410.0;88;98;44;64;47;73;24;16;18;21;26;24;30;27
1416.0;90;98;43;64;47;72;22;17;22;20;26;24;30;25
1422.0;88;98;42;65;47;71;21;21;23;20;28;23;29;24
1428.0;90;101;44;65;46;72;21;19;24;21;25;23;28;21
1434.0;89;100;44;71;47;73;20;16;26;22;25;21;28;18
1440.0;88;100;44;72;47;72;19;17;26;20;25;23;28;19
1446.0;85;98;47;71;46;73;20;17;27;20;24;24;29;19
1452.0;85;99;48;72;46;70;19;18;26;19;25;23;30;20
1458.0;86;98;50;70;46;68;21;19;26;20;25;21;30;20
1464.0;87;100;49;71;45;69;19;22;25;17;23;21;30;22
1470.0;88;100;50;73;48;68;18;21;22;19;21;21;29;22
1476.0;86;99;50;73;49;68;18;22;23;18;20;23;28;23
1482.0;86;104;49;72;46;69;17;22;24;18;18;22;29;24
1488.0;83;104;49;72;48;70;18;23;25;19;17;22;28;22
1494.0;84;104;50;71;49;70;19;20;24;20;17;23;25;24
1500.0;85;101;49;70;48;69;20;20;26;23;18;24;25;22
1506.0;85;101;47;69;50;70;24;17;26;26;17;23;25;20
1512.0;84;99;48;67;51;68;24;19;25;27;17;24;26;21
1518.0;87;98;46;65;54;66;24;23;25;27;15;24;26;20
1524.0;87;99;48;67;52;64;25;22;25;27;14;25;25;20
1530.0;89;99;49;66;52;64;23;21;26;28;13;24;26;20
1536.0;92;98;49;65;52;65;21;22;24;28;12;25;28;19
1542.0;92;96;51;65;54;65;20;23;24;28;13;26;25;18
1548.0;92;97;53;63;56;66;20;23;20;28;14;27;23;18
1554.0;92;97;51;62;55;65;21;22;21;29;15;29;23;18
1560.0;91;97;54;59;55;67;22;22;22;24;16;29;25;17
1566.0;91;98;53;60;55;66;22;22;25;24;16;25;25;18
1572.0;90;98;56;58;55;65;21;23;24;24;15;27;26;18
1578.0;90;97;55;57;54;64;21;26;25;23;14;28;28;18
1584.0;90;97;55;56;54;64;20;27;24;26;14;27;29;17
1590.0;91;96;55;57;55;64;20;27;24;27;14;27;27;16
1596.0;92;96;55;56;55;63;21;29;27;26;13;25;26;16
1602.0;94;93;56;54;53;62;23;28;29;29;12;24;24;19
1608.0;96;93;56;54;52;59;23;27;27;29;11;26;28;19
1614.0;95;91;55;54;54;58;25;26;28;28;12;27;28;19
1620.0;94;91;54;53;54;58;25;27;29;27;13;26;29;20
1626.0;95;89;55;55;54;58;25;25;33;28;11;23;29;20
1632.0;94;91;54;54;55;60;24;23;33;30;11;23;29;19
1638.0;94;91;55;54;54;62;23;25;32;27;11;24;29;19
1644.0;94;91;55;56;56;63;23;27;31;24;11;22;29;18
1650.0;92;92;56;57;55;64;23;27;33;27;10;22;26;16
1656.0;92;91;55;58;55;65;22;28;35;26;11;21;25;16
1662.0;94;91;55;57;56;65;21;27;34;27;11;22;24;16
1668.0;97;91;55;57;53;63;21;26;34;27;14;22;23;17
1674.0;98;91;58;55;52;62;21;26;31;26;14;22;24;20
1680.0;95;91;59;53;53;60;22;27;31;28;14;22;27;18
1686.0;93;91;61;55;52;59;22;26;31;30;13;23;25;19
1692.0;89;88;62;55;54;57;26;26;28;28;15;23;29;20
1698.0;88;88;64;54;55;56;27;25;29;27;17;22;27;21
1704.0;88;89;62;55;56;54;29;24;28;29;18;23;25;20
1710.0;88;89;61;54;57;55;30;25;28;30;19;24;22;18
1716.0;89;89;65;53;58;54;29;25;29;29;17;22;23;18
1722.0;89;89;64;55;61;54;30;24;30;28;16;20;21;19
1728.0;88;91;67;57;60;55;31;21;28;25;14;18;24;21
1734.0;88;89;67;60;56;53;32;22;30;29;12;17;24;21
1740.0;85;90;67;60;57;53;33;22;28;28;12;17;25;23
1746.0;83;91;68;61;58;53;34;22;24;26;15;19;22;24
1752.0;82;90;72;58;59;53;35;20;25;25;16;19;24;22
1758.0;87;88;71;56;58;51;32;19;29;30;16;18;25;20
1764.0;86;89;69;57;55;48;34;19;29;30;20;17;26;21
1770.0;88;92;69;58;56;48;32;19;27;28;20;17;26;20
1776.0;87;93;67;60;59;47;30;20;29;27;18;17;27;19
1782.0;84;92;67;59;59;46;32;21;28;28;20;18;26;20
1788.0;83;92;69;57;58;45;33;21;28;28;22;18;27;19
1794.0;83;92;66;58;57;46;34;21;30;26;21;19;26;21
1800.0;85;92;67;57;56;48;34;20;30;26;19;20;24;22
1806.0;86;92;67;59;55;47;35;21;28;26;19;21;22;22
1812.0;86;91;67;59;54;48;32;22;29;26;20;20;23;23
1818.0;86;89;68;59;54;49;32;23;29;25;21;19;23;23
1824.0;85;88;69;58;54;50;32;23;30;24;23;19;22;23
1830.0;87;87;67;59;54;48;30;21;31;24;24;22;23;23
1836.0;88;87;67;57;54;51;29;18;31;25;27;22;22;22
1842.0;90;88;68;55;53;52;27;20;33;24;27;19;23;21
1848.0;89;89;67;54;53;51;27;21;34;24;26;19;23;23
1854.0;87;91;67;54;53;50;27;21;34;25;24;21;24;22
1860.0;91;92;66;53;52;49;27;19;34;24;24;24;24;21
1866.0;91;91;64;54;54;45;27;20;36;26;23;23;25;21
1872.0;92;91;67;53;52;44;27;22;36;26;21;22;25;22
1878.0;91;93;70;50;51;47;27;21;35;24;20;23;26;22
1884.0;90;92;67;54;52;47;27;20;34;25;19;24;26;23
1890.0;89;92;66;53;50;47;28;21;36;24;21;26;25;22
1896.0;88;93;67;53;49;47;29;20;35;24;21;27;25;22
1902.0;88;92;65;56;51;46;30;19;35;25;19;27;25;22
1908.0;88;92;66;55;52;46;31;21;34;22;20;25;25;23
1914.0;87;94;65;54;54;46;29;21;34;21;19;24;27;25
1920.0;87;94;64;54;55;47;28;20;35;24;19;21;27;25
1926.0;89;92;63;56;54;47;30;22;33;23;17;21;29;24
1932.0;89;93;64;55;54;47;29;23;34;24;16;19;28;25
1938.0;88;93;65;55;56;44;29;24;38;25;17;18;23;25
1944.0;89;96;66;55;56;45;30;23;37;25;15;17;21;25
1950.0;87;95;68;57;56;46;28;22;36;26;15;17;22;25
1956.0;86;97;71;55;53;47;28;22;37;27;16;15;23;23
1962.0;86;96;72;56;53;46;28;23;36;28;16;14;23;23
1968.0;85;98;70;57;52;48;27;23;35;28;16;15;22;24
1974.0;86;98;71;58;52;50;27;22;33;28;16;12;22;25
