#auto generated file!
12.0;26;35;29;28;29;29;40;22;38;25;25;20;24;30
18.0;26;35;30;29;30;30;37;23;38;24;24;22;24;28
24.0;26;37;31;31;33;31;37;22;34;24;25;22;22;25
30.0;27;36;32;31;33;31;37;22;33;26;25;20;23;24
36.0;29;37;33;29;32;33;36;23;31;25;25;20;23;24
42.0;28;37;32;29;32;34;36;21;31;23;26;20;25;26
48.0;30;37;33;28;35;35;36;18;28;23;25;22;25;25
54.0;30;39;33;28;32;35;36;19;29;24;24;22;24;25
60.0;29;39;33;29;33;36;35;18;27;24;25;21;26;25
66.0;29;40;33;30;32;36;36;20;24;25;26;20;26;23
72.0;33;37;30;29;34;37;38;20;23;23;25;21;26;24
78.0;33;38;29;30;34;35;39;21;21;24;26;21;25;24
84.0;34;38;28;30;35;36;39;21;22;23;26;21;23;24
90.0;34;39;28;31;35;36;37;18;22;23;28;20;23;26
96.0;35;40;29;33;35;35;35;17;22;23;27;20;23;26
102.0;35;41;28;33;35;37;33;17;22;22;28;20;23;26
108.0;36;42;28;33;36;39;31;19;19;20;28;20;24;25
114.0;38;44;28;33;34;41;31;16;17;21;27;21;26;23
120.0;39;45;31;33;35;42;31;17;18;19;25;19;23;23
126.0;40;48;31;35;35;44;27;17;16;18;25;19;22;23
132.0;40;48;28;35;36;45;28;17;16;19;23;20;21;24
138.0;40;48;30;38;35;45;28;13;17;20;20;20;20;26
144.0;42;49;29;37;36;47;26;13;17;20;19;19;21;25
150.0;44;51;30;38;38;48;23;12;15;18;20;19;21;23
156.0;46;52;28;37;38;48;24;12;14;18;18;20;22;23
162.0;46;51;28;38;36;47;28;12;14;17;18;20;22;23
168.0;45;52;30;39;36;49;24;10;15;17;19;20;22;22
174.0;47;52;30;39;38;50;24;10;13;16;20;19;21;21
180.0;48;54;29;38;37;48;24;9;13;18;19;21;21;21
186.0;49;53;29;37;35;46;25;8;17;20;18;21;21;21
192.0;49;52;29;37;35;44;24;10;16;21;18;21;22;22
198.0;49;51;27;37;38;44;20;11;16;21;19;21;24;22
204.0;49;50;29;35;38;46;19;11;16;21;21;19;24;22
210.0;48;51;29;36;37;45;19;14;17;20;21;19;24;20
216.0;50;51;29;37;37;47;19;14;16;19;22;17;23;19
222.0;51;52;27;36;37;46;22;16;16;19;22;14;23;19
228.0;54;53;27;36;38;46;22;15;17;17;19;14;22;20
234.0;54;53;26;36;39;50;22;14;16;16;19;14;22;19
240.0;52;51;28;35;40;52;21;15;14;17;18;15;23;19
246.0;52;52;28;37;42;51;19;17;15;17;18;17;16;19
252.0;54;52;27;37;41;49;19;16;16;18;17;17;15;22
258.0;53;52;27;39;41;50;19;14;15;18;16;17;16;23
264.0;54;54;27;40;41;51;17;15;14;18;15;17;16;21
270.0;55;54;29;40;41;52;16;16;14;18;15;16;14;20
276.0;55;54;29;42;42;51;16;17;13;19;14;15;14;19
282.0;54;55;29;42;42;51;16;18;11;19;14;15;14;20
288.0;56;55;30;41;40;52;17;17;10;19;12;16;14;21
294.0;57;58;31;40;40;50;15;15;10;18;13;17;14;22
300.0;55;59;32;40;40;50;16;14;9;19;13;16;16;21
306.0;56;59;31;39;41;50;15;15;8;19;13;18;14;22
312.0;57;59;31;41;40;52;12;15;8;17;13;18;14;23
318.0;57;62;30;42;40;54;12;13;8;17;12;17;14;22
324.0;59;62;30;42;37;54;11;13;9;17;14;18;13;21
330.0;59;62;27;43;36;51;12;15;11;18;14;18;15;19
336.0;58;62;25;45;35;52;12;14;11;19;16;18;15;18
342.0;58;63;25;45;37;50;13;14;11;18;16;18;15;17
348.0;57;64;25;46;37;51;12;15;11;20;14;18;16;14
354.0;60;63;25;45;37;51;13;15;11;19;15;17;16;13
360.0;60;63;25;44;38;51;13;14;9;19;15;16;19;14
366.0;60;63;25;44;39;51;14;13;7;17;16;17;20;14
372.0;62;62;26;43;39;52;14;13;7;17;15;16;20;14
378.0;62;63;26;42;39;50;13;14;7;15;17;17;20;15
384.0;62;64;26;41;39;49;12;15;8;15;18;14;20;17
390.0;65;64;29;41;38;49;13;14;6;14;16;12;22;17
396.0;65;65;28;40;39;47;13;14;6;17;14;12;21;19
402.0;62;65;28;40;39;48;11;13;9;17;17;11;23;17
408.0;62;65;28;40;39;48;11;14;9;18;18;12;21;15
414.0;62;65;26;40;41;49;12;14;10;18;16;13;22;12
420.0;61;66;25;39;42;49;11;13;11;18;16;13;22;14
426.0;61;66;24;39;42;49;12;13;11;17;16;14;21;15
432.0;61;66;26;39;41;47;12;13;13;17;16;14;21;14
438.0;59;68;27;39;42;48;11;13;12;17;16;13;20;15
444.0;60;68;27;38;42;48;11;12;14;15;15;15;21;14
450.0;62;66;26;41;40;45;11;12;12;16;17;16;21;15
456.0;63;68;24;42;40;45;13;14;10;15;16;13;23;14
462.0;62;69;26;42;41;44;13;14;10;15;16;12;21;15
468.0;64;66;24;42;42;44;12;14;11;15;18;11;22;15
474.0;64;66;24;42;41;43;15;14;11;15;16;11;23;15
480.0;64;66;24;40;42;42;15;15;12;17;15;11;23;14
486.0;63;65;23;41;42;43;18;15;10;17;15;14;21;13
492.0;61;66;20;38;41;44;17;15;12;18;15;16;23;14
498.0;64;66;20;39;40;44;15;16;13;17;15;16;22;13
504.0;64;66;18;40;40;45;13;15;13;17;15;17;23;14
510.0;64;65;18;42;40;46;15;14;13;16;15;15;23;14
516.0;64;64;20;42;39;46;14;13;13;17;16;14;24;14
522.0;63;64;18;43;38;48;12;15;14;17;17;14;21;16
528.0;63;64;18;42;38;49;15;14;14;15;18;14;22;14
534.0;63;63;18;44;41;51;15;13;12;15;15;14;22;14
540.0;65;62;18;46;41;51;14;14;11;16;14;12;23;13
546.0;64;62;19;46;41;50;15;14;12;16;13;12;23;13
552.0;66;61;20;45;42;49;15;12;12;17;13;13;23;12
558.0;66;60;20;47;39;49;14;13;12;17;13;10;26;14
564.0;66;60;20;47;40;49;15;14;12;16;13;10;24;14
570.0;64;62;19;48;40;49;15;13;12;15;17;9;24;13
576.0;64;63;20;47;41;49;15;13;12;15;15;11;23;12
582.0;66;62;20;46;40;50;14;13;11;16;16;11;22;13
588.0;66;63;20;48;40;48;14;12;11;15;16;11;22;14
594.0;65;63;22;47;41;50;14;11;10;15;16;10;22;14
600.0;65;60;21;48;43;48;14;10;11;16;18;11;19;16
606.0;67;59;22;47;43;47;12;10;12;18;18;10;19;16
612.0;67;62;22;48;42;46;9;13;11;17;16;11;19;17
618.0;65;61;22;49;43;46;9;13;11;16;17;11;19;18
624.0;66;61;21;50;42;46;9;14;12;15;16;12;18;18
630.0;64;60;21;51;41;46;10;13;12;16;17;13;18;18
636.0;64;61;21;49;41;46;11;13;12;17;17;14;17;17
642.0;63;60;22;49;41;48;11;11;13;17;16;14;18;17
648.0;61;60;22;51;40;48;14;12;13;16;15;14;17;17
654.0;60;60;23;51;41;49;13;11;12;17;16;15;16;16
660.0;60;60;22;52;40;49;12;12;11;19;16;15;16;16
666.0;60;60;21;52;39;50;12;12;11;17;16;16;17;17
672.0;59;59;20;52;39;51;11;13;11;16;16;19;18;16
678.0;59;60;23;51;38;49;11;13;10;16;17;19;19;15
684.0;59;64;21;50;39;47;9;15;11;17;17;18;18;15
690.0;59;63;20;50;40;46;11;15;11;17;17;18;18;15
696.0;57;64;21;51;39;48;8;13;12;17;17;18;20;15
702.0;57;67;22;52;40;47;9;13;11;14;16;17;20;15
708.0;59;67;21;52;40;46;8;13;10;13;17;18;21;15
714.0;58;69;23;51;38;44;8;13;10;13;17;19;21;16
720.0;58;70;23;54;36;42;10;12;10;12;15;19;22;17
726.0;58;71;23;55;36;41;10;12;9;13;16;16;22;18
732.0;57;71;23;53;35;41;11;11;9;16;17;16;22;18
738.0;57;70;27;48;35;41;11;12;9;17;17;15;22;19
744.0;58;68;24;50;36;40;10;12;12;18;15;15;22;20
750.0;58;68;23;51;35;39;11;11;10;19;16;18;21;20
756.0;58;70;24;50;34;39;12;12;10;17;16;19;22;17
762.0;58;69;25;48;32;40;12;13;12;18;16;20;22;15
768.0;58;68;25;47;33;41;12;12;14;17;15;20;23;15
774.0;56;69;25;46;33;40;12;15;15;17;17;17;23;15
780.0;57;67;25;47;33;36;14;15;16;18;16;17;23;16
786.0;58;66;25;47;32;36;15;17;16;17;16;17;23;15
792.0;59;66;25;46;32;37;14;16;17;17;16;17;23;15
798.0;61;65;23;46;31;35;15;15;19;17;16;18;25;14
804.0;61;67;22;48;29;36;15;16;19;16;15;18;23;15
810.0;60;68;21;48;30;40;15;15;18;13;13;20;23;16
816.0;63;68;20;49;29;39;16;14;18;13;13;20;23;15
822.0;63;69;21;46;29;41;17;13;20;14;12;20;21;14
828.0;63;69;21;47;30;40;14;13;19;15;12;22;21;14
834.0;63;65;24;44;31;41;14;15;17;18;15;23;18;12
840.0;64;66;26;44;31;41;14;14;16;18;15;23;17;11
846.0;65;65;26;43;33;40;15;14;13;19;15;23;17;12
852.0;64;66;26;43;33;39;16;14;14;19;14;23;18;11
858.0;65;66;26;43;32;40;16;14;14;17;14;23;19;11
864.0;66;64;27;45;34;40;17;17;13;18;14;24;14;7
870.0;68;64;27;42;33;41;17;16;13;18;13;24;17;7
876.0;71;62;29;43;32;41;17;15;13;18;11;25;16;7
882.0;71;63;29;44;32;41;17;11;14;19;11;24;16;8
888.0;70;64;27;41;33;41;17;11;13;18;12;24;17;12
894.0;68;63;25;40;33;42;18;11;13;17;12;26;17;15
900.0;66;64;25;39;33;45;17;12;13;16;11;26;17;16
906.0;65;65;26;38;32;45;17;14;12;14;12;26;17;17
912.0;65;63;27;39;32;45;17;14;13;15;11;25;17;17
918.0;65;65;27;38;31;43;17;15;14;16;12;23;17;17
924.0;62;64;27;37;31;44;19;16;18;14;13;22;18;15
930.0;65;65;26;37;29;44;18;18;16;15;11;22;20;14
936.0;65;65;26;37;27;44;17;17;18;14;13;22;21;14
942.0;66;65;25;37;28;44;17;18;19;13;12;21;21;14
948.0;66;67;25;36;30;44;16;16;18;14;11;22;22;13
954.0;66;64;26;36;31;46;15;15;17;15;12;21;22;14
960.0;67;65;25;36;29;46;16;17;19;17;11;17;23;12
966.0;66;67;26;36;29;46;15;18;17;17;11;17;23;12
972.0;66;65;26;36;30;46;14;18;15;14;12;19;25;14
978.0;66;65;26;36;29;46;12;18;16;14;11;20;27;14
984.0;68;64;27;38;28;46;14;18;14;15;9;19;28;12
990.0;70;64;27;35;27;45;11;18;15;16;10;20;28;14
996.0;71;63;27;36;24;46;11;19;16;16;10;19;28;14
1002.0;71;61;27;34;25;46;14;18;14;17;8;21;29;15
1008.0;72;60;27;34;25;47;14;17;15;17;8;20;29;15
1014.0;71;62;27;34;25;46;14;17;16;16;8;20;29;15
1020.0;71;63;27;36;25;47;13;17;16;17;7;19;27;15
1026.0;70;64;28;36;24;46;15;17;16;15;8;18;29;14
1032.0;68;65;28;37;27;45;14;17;16;17;9;17;26;14
1038.0;67;69;24;37;27;44;15;16;15;17;9;20;25;15
1044.0;70;70;26;36;25;41;15;15;16;16;10;18;27;15
1050.0;69;69;26;38;24;42;15;18;16;14;11;18;26;14
1056.0;68;68;26;37;25;42;14;18;19;12;11;18;28;14
1062.0;69;68;27;37;25;41;14;18;17;13;11;17;26;17
1068.0;69;69;29;36;26;39;14;18;16;14;10;15;26;19
1074.0;70;71;28;36;24;39;13;17;17;14;10;14;27;20
1080.0;68;69;28;39;25;39;13;19;17;16;10;14;25;18
1086.0;67;70;29;38;25;40;14;19;16;16;10;14;24;18
1092.0;71;69;27;36;25;40;14;18;19;16;9;13;24;19
1098.0;71;69;28;35;22;42;12;18;18;17;10;14;25;19
1104.0;72;68;28;35;23;42;12;17;18;18;10;15;24;18
1110.0;72;69;31;36;23;41;11;17;17;17;11;15;24;16
1116.0;71;70;33;37;22;39;11;18;16;19;10;15;24;15
1122.0;73;69;32;37;23;38;13;17;17;17;10;14;24;16
1128.0;72;69;33;37;25;38;12;17;16;17;11;13;24;16
1134.0;73;70;32;38;25;38;12;17;14;15;11;15;24;16
1140.0;75;69;30;39;24;38;11;19;14;16;12;14;23;16
1146.0;75;69;31;37;24;38;12;20;14;19;12;13;23;13
1152.0;73;68;29;38;24;39;12;19;15;20;12;14;24;13
1158.0;72;67;28;36;27;39;13;17;15;21;13;15;25;12
1164.0;72;67;28;35;28;40;14;16;12;24;12;15;25;12
1170.0;71;68;29;36;28;41;13;16;9;23;14;15;25;12
1176.0;69;67;29;40;27;43;12;16;10;23;14;15;25;10
1182.0;68;67;30;39;28;47;12;18;10;23;12;15;22;9
1188.0;67;67;31;39;26;47;14;17;10;25;13;13;21;10
1194.0;66;66;32;40;28;47;16;16;10;25;12;11;21;10
1200.0;66;65;32;40;29;46;15;16;10;26;12;12;21;10
1206.0;66;64;31;40;29;45;15;14;11;27;13;14;20;11
1212.0;67;67;31;40;29;43;14;13;11;26;13;14;20;12
1218.0;66;66;32;38;29;44;12;13;12;27;13;15;22;11
1224.0;66;68;31;37;29;43;12;13;12;29;12;15;23;10
1230.0;66;68;31;37;30;42;12;14;12;29;14;14;22;9
1236.0;65;68;32;38;29;43;12;14;12;29;14;14;21;9
1242.0;67;68;31;36;31;43;11;14;12;28;12;14;23;10
1248.0;66;67;30;36;34;42;12;14;13;28;10;13;23;12
1254.0;67;67;30;34;34;44;11;13;14;26;11;15;22;12
1260.0;66;66;31;34;32;46;12;12;15;26;11;14;22;13
1266.0;65;66;32;35;33;46;12;12;12;25;12;13;24;13
1272.0;65;67;34;35;32;43;12;12;14;25;10;13;25;13
1278.0;64;65;37;36;30;43;14;11;15;24;11;10;26;14
1284.0;64;62;38;36;29;41;16;11;14;26;11;12;24;16
1290.0;64;63;37;37;28;41;16;12;13;26;12;13;22;16
1296.0;65;62;36;37;27;43;14;15;14;25;12;12;23;15
1302.0;65;59;37;36;28;42;15;16;15;24;13;12;23;15
1308.0;64;59;38;37;28;41;15;16;13;24;13;13;25;14
1314.0;64;60;37;36;27;41;14;16;13;25;14;13;26;14
1320.0;66;62;35;36;27;43;13;17;12;24;14;15;23;13
1326.0;66;60;35;36;28;42;15;17;13;25;13;14;23;13
1332.0;64;61;34;37;30;43;16;15;12;27;14;13;21;13
1338.0;65;61;35;37;31;43;15;13;11;28;15;13;21;12
1344.0;64;61;34;37;30;44;15;14;11;26;15;15;20;14
1350.0;64;61;33;38;30;46;15;14;13;23;15;15;20;13
1356.0;64;61;33;40;29;45;16;15;14;19;15;15;21;13
1362.0;64;63;33;43;29;44;17;14;14;18;15;14;19;13
1368.0;64;66;34;43;27;43;18;16;11;18;16;16;19;9
1374.0;64;66;35;42;28;43;18;16;12;17;15;17;20;7
1380.0;64;67;35;43;29;41;17;15;12;17;16;17;21;6
1386.0;64;66;35;43;27;40;19;16;13;17;17;17;20;6
1392.0;65;67;34;45;27;37;19;16;13;19;17;17;18;6
1398.0;66;68;35;45;28;37;19;13;14;16;17;16;19;7
1404.0;65;68;36;44;28;38;18;14;13;16;18;16;19;7
1410.0;67;68;37;42;31;34;20;13;15;13;18;16;19;7
1416.0;67;69;38;41;33;35;19;11;13;13;16;16;20;9
1422.0;66;69;38;43;34;37;17;12;12;12;15;15;20;10
1428.0;65;69;38;43;33;37;15;13;13;12;16;15;20;11
1434.0;65;69;39;42;34;36;15;13;13;13;15;15;20;11
1440.0;65;69;40;41;34;36;16;13;13;11;16;15;20;11
1446.0;66;69;41;41;32;36;16;13;13;15;16;15;19;8
1452.0;68;64;41;41;32;36;16;13;12;17;17;16;21;6
1458.0;70;64;40;41;32;36;15;12;11;17;18;15;23;6
1464.0;69;65;39;41;35;37;15;13;11;17;16;15;22;5
1470.0;70;66;40;41;36;37;16;13;11;16;15;13;21;5
1476.0;70;66;40;41;36;38;16;15;9;17;15;12;19;6
1482.0;70;66;41;41;35;38;13;14;10;19;15;12;19;7
1488.0;70;65;39;43;35;39;12;15;11;18;16;12;17;8
1494.0;69;65;38;45;37;39;10;16;12;18;16;12;15;8
1500.0;69;66;37;45;37;37;11;17;12;19;16;11;15;8
1506.0;71;65;37;45;36;37;10;18;12;20;16;10;15;8
1512.0;72;62;37;45;36;37;11;21;12;22;14;8;15;8
1518.0;73;62;38;45;35;37;12;20;12;21;13;8;16;8
1524.0;73;64;40;44;35;37;12;20;11;20;12;8;16;8
1530.0;74;64;38;44;36;38;12;19;13;20;12;8;14;8
1536.0;73;65;36;43;36;37;11;17;15;18;13;11;17;8
1542.0;71;66;38;44;36;36;12;14;15;17;14;12;17;8
1548.0;70;62;38;42;39;34;13;14;18;17;15;13;16;9
1554.0;70;63;36;44;42;34;13;15;16;16;15;13;15;8
1560.0;69;64;36;44;40;34;15;17;16;16;15;12;14;8
1566.0;69;63;35;44;39;34;17;17;15;17;17;11;14;8
1572.0;70;62;35;43;39;34;18;17;15;18;16;10;14;9
1578.0;72;62;35;44;39;33;19;14;15;18;15;10;15;9
1584.0;73;63;37;43;39;32;18;14;14;19;16;9;14;9
1590.0;73;63;36;42;37;32;20;14;14;19;18;8;14;10
1596.0;73;63;37;42;38;32;18;14;14;18;18;8;14;11
1602.0;70;62;36;42;38;31;22;13;13;19;19;9;15;11
1608.0;70;64;37;41;38;31;22;15;12;18;19;7;15;11
1614.0;69;62;38;42;38;32;21;13;13;18;20;8;16;10
1620.0;67;62;38;42;36;33;21;13;12;19;20;9;17;11
1626.0;66;62;39;41;38;34;21;13;10;18;20;9;17;12
1632.0;66;61;41;41;40;34;21;13;10;18;19;8;16;12
1638.0;66;62;42;42;41;35;20;13;11;16;17;7;14;14
1644.0;65;62;43;41;41;35;20;13;10;16;19;6;14;15
1650.0;67;62;43;39;41;36;19;12;9;17;19;5;15;16
1656.0;68;63;43;40;40;36;19;13;9;18;17;7;13;14
1662.0;70;62;43;41;38;35;19;13;9;18;17;8;13;14
1668.0;72;62;43;41;39;35;19;12;9;18;13;9;12;16
1674.0;71;62;43;41;39;36;20;12;9;17;13;8;13;16
1680.0;71;62;43;38;38;35;22;13;10;16;14;9;13;16
1686.0;72;61;45;36;38;35;20;11;11;16;14;12;13;16
1692.0;72;62;46;36;38;36;19;11;12;16;14;12;12;14
1698.0;71;62;45;36;39;37;19;11;12;16;14;12;11;15
1704.0;72;62;44;35;39;38;20;10;14;15;12;11;11;17
1710.0;73;64;45;33;39;38;20;10;16;15;10;11;9;17
1716.0;73;65;45;32;38;39;20;9;18;14;10;11;9;17
1722.0;72;65;45;32;39;39;23;8;17;14;11;11;9;15
1728.0;71;66;45;32;37;39;24;8;18;15;10;11;10;14
1734.0;71;65;45;32;38;38;27;9;18;14;10;10;10;13
1740.0;68;66;46;33;37;36;29;10;18;13;9;11;11;13
1746.0;69;66;47;31;37;36;28;11;18;13;9;11;11;13
1752.0;71;68;47;31;36;36;27;8;18;12;9;12;11;14
1758.0;72;68;46;31;35;35;26;8;19;14;10;13;10;13
1764.0;71;71;46;31;35;30;26;9;19;15;11;12;11;13
1770.0;70;71;47;32;34;33;22;10;21;14;10;12;11;13
1776.0;70;72;47;32;33;31;22;10;22;14;10;13;11;13
1782.0;71;72;48;32;34;30;20;10;21;15;9;13;11;14
1788.0;71;71;47;33;34;31;18;10;19;16;13;13;12;12
1794.0;70;72;46;33;33;32;19;11;18;17;14;13;11;11
1800.0;71;72;46;34;27;32;20;13;18;15;14;14;12;12
1806.0;72;74;46;36;28;31;19;13;15;14;13;13;13;13
1812.0;73;72;46;36;28;31;18;13;17;14;12;14;13;13
1818.0;75;72;44;36;29;31;18;14;18;14;11;15;12;11
1824.0;75;72;46;36;29;31;16;14;18;13;11;17;11;11
1830.0;75;70;47;37;29;32;18;13;19;12;12;15;10;11
1836.0;75;70;48;36;28;32;18;13;21;12;12;13;10;12
1842.0;76;70;47;37;28;33;18;13;22;12;11;11;11;11
1848.0;77;69;45;35;27;35;17;14;23;11;12;11;11;13
1854.0;75;71;44;34;30;36;17;15;22;10;14;10;12;10
1860.0;75;71;44;34;29;36;18;15;21;10;15;10;12;10
1866.0;74;69;46;33;30;35;17;16;20;12;15;11;12;10
1872.0;75;69;46;35;31;35;16;13;20;12;16;11;12;9
1878.0;74;70;45;35;33;34;15;14;20;12;15;12;12;9
1884.0;75;68;44;35;33;33;16;15;19;9;15;12;15;11
1890.0;75;68;45;35;32;33;18;13;19;10;14;12;15;11
1896.0;73;68;45;38;32;33;15;12;18;11;15;11;17;12
1902.0;73;68;44;39;31;33;16;11;18;13;16;11;15;12
1908.0;74;68;44;38;31;34;17;12;18;14;15;11;13;11
1914.0;75;67;43;37;30;34;16;14;18;15;15;13;13;10
1920.0;77;65;43;38;31;31;16;14;17;15;16;13;14;10
1926.0;77;64;42;38;30;31;16;13;17;18;14;14;15;11
1932.0;78;64;43;37;32;30;16;13;16;18;13;15;15;10
1938.0;78;63;43;38;33;31;19;13;14;15;14;15;14;10
1944.0;78;62;43;34;35;31;20;14;15;15;13;16;14;10
1950.0;76;62;43;36;34;30;20;16;15;15;14;17;13;9
1956.0;76;63;44;34;34;32;21;15;14;15;14;17;11;10
1962.0;74;65;42;34;34;32;21;14;16;14;15;18;11;10
1968.0;72;66;40;36;37;32;18;13;17;14;15;18;12;10
1974.0;74;63;40;36;37;31;18;13;19;14;15;19;13;8
