#auto generated file!
12.0;93;93;107;109;89;123;97;78;106;109;115;97;85;99
18.0;92;97;108;109;90;124;93;82;103;109;107;95;86;105
24.0;94;98;109;110;90;126;97;80;101;109;108;92;88;98
30.0;100;100;109;111;95;124;94;82;97;109;104;93;86;96
36.0;102;105;109;113;97;128;91;84;93;105;104;89;84;96
42.0;106;105;110;117;95;127;90;86;94;104;100;89;83;94
48.0;106;106;114;119;98;127;89;81;94;99;101;89;83;94
54.0;107;110;118;118;101;124;91;82;88;99;103;84;83;92
60.0;109;111;119;120;102;125;91;79;91;88;104;84;85;92
66.0;110;114;120;121;107;126;89;78;89;85;105;81;85;90
72.0;110;116;117;124;108;125;85;81;89;88;102;79;88;88
78.0;112;119;120;129;109;126;85;78;85;91;102;78;82;84
84.0;115;120;121;131;110;127;85;77;78;90;99;81;83;83
90.0;116;122;121;139;111;129;82;77;79;86;94;75;85;84
96.0;118;122;121;144;113;129;83;80;79;80;91;78;81;81
102.0;124;126;125;145;113;130;78;76;78;80;87;77;80;81
108.0;131;128;124;147;114;131;79;74;80;77;85;74;76;80
114.0;131;129;126;150;116;133;77;77;76;77;84;74;73;77
120.0;130;129;127;152;116;138;73;76;76;77;82;72;75;77
126.0;130;131;130;154;115;132;70;77;80;80;81;67;76;77
132.0;132;133;134;157;115;134;65;74;79;80;82;68;75;72
138.0;129;136;133;153;121;135;63;78;78;78;80;67;78;71
144.0;131;141;132;156;120;132;63;76;80;76;80;69;73;71
150.0;133;142;130;155;121;130;66;71;81;75;80;74;71;71
156.0;136;147;133;152;116;128;70;69;76;75;81;72;74;71
162.0;136;150;134;146;114;128;72;70;78;76;81;71;72;72
168.0;140;150;136;146;112;128;72;69;75;76;76;76;73;71
174.0;141;149;141;144;111;133;68;70;74;76;75;77;68;73
180.0;141;151;137;149;111;131;63;79;73;75;70;77;68;75
186.0;143;154;132;150;108;129;67;75;75;76;69;77;68;77
192.0;145;158;131;151;109;129;70;71;73;72;68;76;68;79
198.0;148;160;133;150;110;130;71;73;73;67;69;73;69;74
204.0;148;157;134;149;113;130;77;71;72;68;69;71;69;72
210.0;147;160;139;145;113;132;74;70;73;70;63;72;72;70
216.0;148;163;137;143;115;134;73;67;68;71;67;71;72;71
222.0;151;167;136;145;115;137;72;67;64;66;67;76;69;68
228.0;152;167;134;145;116;136;72;67;63;65;68;77;68;70
234.0;155;165;129;147;116;141;72;64;62;61;67;79;70;72
240.0;159;168;127;152;118;142;73;65;59;55;66;75;69;72
246.0;162;168;128;156;123;143;72;67;54;54;64;73;67;69
252.0;165;171;127;157;125;144;69;65;56;52;58;73;66;72
258.0;164;172;124;159;125;140;70;61;58;56;61;74;63;73
264.0;163;174;122;163;127;143;67;61;58;55;60;68;60;79
270.0;170;176;119;160;127;142;69;60;56;56;57;67;59;82
276.0;170;177;118;159;127;143;69;61;57;58;56;66;58;81
282.0;170;180;118;161;127;144;68;61;60;53;57;64;57;80
288.0;172;183;117;160;127;143;66;63;63;49;60;58;62;77
294.0;175;186;120;161;126;145;63;58;63;47;59;60;60;77
300.0;174;187;120;166;126;149;60;54;64;49;57;57;58;79
306.0;177;192;120;164;125;150;59;55;62;49;56;55;60;76
312.0;179;192;122;166;125;153;61;52;62;51;54;48;63;72
318.0;178;191;126;170;123;150;62;54;62;50;52;47;65;70
324.0;177;191;124;170;125;150;59;55;65;49;50;50;66;69
330.0;176;190;125;172;127;150;53;54;67;49;51;54;66;66
336.0;178;190;125;173;127;150;50;53;66;51;49;54;66;68
342.0;180;193;125;172;130;151;53;51;65;48;50;52;65;65
348.0;177;192;126;171;133;152;53;53;63;47;51;53;68;61
354.0;178;193;124;170;134;153;55;54;63;46;51;56;63;60
360.0;176;192;124;168;132;155;55;59;62;45;48;56;65;63
366.0;175;196;127;167;134;155;55;59;61;45;49;57;60;60
372.0;173;195;127;166;131;154;55;59;63;48;51;58;61;59
378.0;176;197;129;164;129;150;58;57;61;47;54;58;62;58
384.0;174;197;133;163;127;152;54;56;64;47;53;59;63;58
390.0;172;198;132;163;126;151;58;53;66;49;52;59;64;57
396.0;173;200;130;163;126;149;55;53;70;50;53;60;60;58
402.0;175;202;131;164;128;151;51;48;70;48;57;56;64;55
408.0;175;206;126;158;129;154;49;52;70;50;57;59;64;51
414.0;173;213;125;158;132;153;46;51;73;52;52;59;64;49
420.0;174;212;123;160;134;154;43;48;71;52;56;57;62;54
426.0;174;213;119;159;134;155;47;48;70;51;54;55;64;57
432.0;172;211;120;157;137;155;48;49;68;51;53;54;66;59
438.0;172;220;120;154;136;155;49;51;68;51;53;50;65;56
444.0;173;218;121;153;138;153;49;52;69;51;52;48;68;55
450.0;176;218;123;148;137;150;49;52;69;55;50;47;68;58
456.0;176;221;124;152;133;153;49;51;67;54;50;50;66;54
462.0;177;222;125;150;130;151;52;48;65;58;50;54;66;52
468.0;178;224;126;151;127;147;53;53;68;56;48;53;65;51
474.0;182;220;128;153;127;149;51;53;66;56;50;47;64;54
480.0;184;223;129;152;125;150;52;53;66;58;51;45;61;51
486.0;181;226;135;146;127;148;53;51;63;59;50;48;60;53
492.0;183;225;134;146;126;143;53;49;62;60;53;50;62;54
498.0;182;226;132;146;127;142;55;53;61;58;55;47;63;53
504.0;180;224;133;142;130;136;58;54;60;61;57;45;68;52
510.0;180;228;131;142;133;135;55;54;63;61;58;47;63;50
516.0;179;235;129;142;129;134;57;55;62;59;60;47;61;51
522.0;177;231;131;145;130;134;62;52;63;55;61;50;58;51
528.0;177;235;126;147;130;134;64;52;62;53;65;52;56;47
534.0;178;236;130;147;132;134;63;50;64;51;66;49;51;49
540.0;180;235;132;146;136;130;62;50;61;54;63;52;48;51
546.0;176;235;133;144;134;133;55;52;62;55;65;54;53;49
552.0;173;235;137;142;132;133;57;52;65;55;61;56;51;51
558.0;180;234;136;139;131;135;51;51;64;54;64;59;50;52
564.0;184;234;131;142;129;139;48;50;62;52;61;64;51;53
570.0;183;233;133;140;129;139;48;50;64;53;61;64;53;50
576.0;186;232;134;142;129;139;47;54;62;52;59;62;51;51
582.0;185;233;130;147;132;138;49;52;62;56;55;60;52;49
588.0;187;229;130;142;136;140;46;55;61;57;59;58;53;47
594.0;185;227;135;141;137;141;42;54;58;56;61;61;53;49
600.0;186;227;133;141;138;141;39;50;60;59;55;67;54;50
606.0;183;230;136;141;139;139;44;50;57;56;57;63;55;50
612.0;184;228;141;145;136;137;48;48;56;55;58;60;54;50
618.0;184;229;141;141;133;139;44;48;57;54;60;60;55;55
624.0;185;230;141;141;134;140;42;48;57;53;59;60;56;54
630.0;184;231;142;142;130;139;43;50;57;56;59;59;55;53
636.0;182;231;143;143;130;139;43;53;57;55;59;56;56;53
642.0;181;233;141;144;131;140;42;53;55;57;59;56;55;53
648.0;176;229;142;148;130;140;43;53;58;61;60;54;52;54
654.0;179;226;144;146;128;140;46;55;56;65;59;51;52;53
660.0;178;232;142;143;131;140;45;55;55;68;56;53;50;52
666.0;177;232;143;143;129;144;46;57;56;66;57;50;53;47
672.0;174;236;142;142;130;145;50;56;54;65;55;50;53;48
678.0;181;239;141;141;124;145;53;57;55;63;54;49;53;45
684.0;177;237;139;143;127;145;53;59;54;63;54;51;57;41
690.0;175;236;137;141;129;145;56;56;56;66;54;50;53;46
696.0;175;236;138;141;125;146;53;54;60;64;57;49;55;47
702.0;175;235;139;138;127;145;51;52;62;66;61;48;54;47
708.0;176;232;140;135;130;143;53;45;64;67;66;47;54;48
714.0;176;230;139;138;131;143;48;48;60;61;71;49;52;54
720.0;176;232;141;138;129;142;51;46;62;62;76;45;49;51
726.0;174;234;140;137;128;145;49;47;64;62;72;47;50;51
732.0;178;234;137;135;133;145;44;47;64;63;71;46;49;54
738.0;178;234;142;140;130;144;45;52;62;60;67;44;49;53
744.0;178;228;143;142;126;148;48;52;60;62;67;41;50;55
750.0;178;229;144;143;124;151;48;49;62;61;70;41;48;52
756.0;180;227;143;144;123;148;54;50;62;61;67;43;49;49
762.0;183;227;137;145;126;149;55;51;60;60;64;45;49;49
768.0;185;225;135;142;127;150;56;53;60;61;63;43;51;49
774.0;190;226;137;141;125;150;56;51;60;60;59;46;51;48
780.0;191;222;141;145;125;147;54;52;59;61;58;47;50;48
786.0;195;217;137;149;127;143;57;52;57;59;58;50;49;50
792.0;199;220;137;149;125;142;57;54;54;58;59;47;49;50
798.0;199;225;133;147;128;140;59;52;55;59;57;46;49;51
804.0;200;224;134;149;128;138;61;49;56;56;58;44;50;53
810.0;199;224;133;151;128;134;62;51;58;56;61;44;46;53
816.0;199;226;132;149;127;134;59;53;59;58;60;42;46;56
822.0;196;226;132;148;125;131;60;53;62;57;63;42;49;56
828.0;199;227;134;145;125;130;62;56;62;53;61;42;48;56
834.0;198;223;136;145;124;130;61;57;62;53;65;45;51;50
840.0;197;223;136;146;128;130;61;55;56;51;69;47;53;48
846.0;200;227;136;145;127;130;57;57;58;52;65;45;52;49
852.0;201;227;136;146;125;130;56;57;58;54;62;49;51;48
858.0;203;226;136;145;123;129;56;58;54;60;59;51;51;49
864.0;203;226;136;146;121;131;58;54;55;60;59;51;51;49
870.0;204;227;134;144;122;133;57;55;58;61;59;51;48;47
876.0;203;227;130;145;121;132;58;55;59;66;60;49;49;46
882.0;202;225;129;144;119;134;59;54;60;66;64;47;52;45
888.0;204;225;133;145;120;132;60;54;58;66;63;46;51;43
894.0;206;226;134;142;119;131;62;56;58;62;65;46;50;43
900.0;208;223;128;139;119;131;63;56;59;63;67;51;52;41
906.0;207;224;128;141;120;128;61;57;60;64;66;52;51;41
912.0;207;223;131;148;119;126;63;55;58;63;66;52;49;40
918.0;208;218;132;148;117;129;62;56;64;58;62;56;46;44
924.0;210;220;130;147;116;131;61;55;61;58;58;59;48;46
930.0;205;220;133;148;117;130;61;55;62;58;59;56;45;51
936.0;201;220;135;147;116;132;64;51;61;61;58;59;41;54
942.0;202;218;136;149;116;130;64;55;60;58;56;60;41;55
948.0;202;217;133;150;116;132;66;55;58;58;56;61;43;53
954.0;205;218;131;153;114;134;66;59;54;61;53;62;42;48
960.0;205;218;131;151;112;133;64;60;57;62;52;62;42;51
966.0;207;220;129;150;115;135;63;59;57;61;53;62;39;50
972.0;207;222;126;155;116;132;63;59;58;56;51;65;40;50
978.0;205;221;127;155;115;130;66;60;56;56;49;67;42;51
984.0;209;221;128;153;117;132;67;56;55;55;47;68;43;49
990.0;210;220;129;152;122;137;60;60;57;51;47;65;44;46
996.0;208;221;129;152;117;137;64;61;59;51;45;62;50;44
1002.0;208;222;133;152;116;137;67;58;59;52;42;62;49;43
1008.0;208;221;134;156;122;132;64;59;57;54;38;60;49;46
1014.0;207;225;134;156;119;131;65;59;56;53;41;59;50;45
1020.0;206;224;134;152;117;133;66;60;51;52;43;60;53;49
1026.0;201;227;133;151;120;134;67;57;50;51;41;63;55;50
1032.0;205;228;131;148;117;132;66;57;51;55;43;63;57;47
1038.0;200;227;132;146;120;132;66;57;54;55;44;61;58;48
1044.0;202;227;134;145;118;135;68;60;50;54;44;60;57;46
1050.0;202;229;135;148;120;134;65;60;49;54;41;62;56;45
1056.0;201;232;135;146;121;131;66;60;49;55;39;63;56;46
1062.0;205;236;136;146;126;128;62;53;50;52;43;64;52;47
1068.0;208;233;137;148;122;125;63;51;51;55;42;68;51;46
1074.0;209;235;139;151;123;120;62;50;51;53;43;66;52;46
1080.0;209;235;138;149;119;123;61;47;55;56;46;64;50;48
1086.0;205;234;142;151;120;124;56;47;54;56;45;64;49;53
1092.0;202;235;141;153;120;127;61;48;53;52;48;61;46;53
1098.0;199;239;144;155;118;124;57;47;54;54;47;57;49;56
1104.0;200;240;141;152;119;126;54;47;52;54;52;58;47;58
1110.0;202;237;141;150;121;126;54;48;51;54;51;58;46;61
1116.0;203;235;142;149;121;127;53;49;49;57;50;61;47;57
1122.0;202;236;138;144;118;129;54;48;51;56;56;62;46;60
1128.0;203;236;139;142;117;128;55;50;50;56;58;63;44;59
1134.0;205;236;139;144;115;128;55;51;50;57;58;63;41;58
1140.0;204;236;138;143;115;128;58;50;52;57;58;63;40;58
1146.0;206;237;140;139;117;127;59;52;49;56;55;61;41;61
1152.0;205;242;139;139;113;124;60;52;49;59;55;61;42;60
1158.0;204;237;142;137;114;125;62;52;48;59;56;62;40;62
1164.0;203;238;143;140;114;122;65;52;48;58;52;64;39;62
1170.0;206;234;142;138;114;121;63;54;51;62;52;63;39;61
1176.0;207;233;141;136;116;120;62;54;49;65;50;64;41;62
1182.0;207;231;145;135;118;117;57;57;49;69;51;61;42;61
1188.0;204;229;147;136;121;121;55;57;48;67;50;62;41;62
1194.0;207;232;147;131;123;120;58;56;49;67;51;59;37;63
1200.0;206;233;149;132;122;122;60;56;51;67;49;57;36;60
1206.0;207;236;147;129;125;122;62;55;57;62;53;52;36;57
1212.0;209;234;148;130;124;117;60;57;60;60;52;54;36;59
1218.0;209;232;148;130;124;117;59;61;62;59;55;51;39;54
1224.0;209;231;152;127;124;121;59;60;55;62;52;53;35;60
1230.0;209;228;154;128;127;122;60;55;57;64;51;50;38;57
1236.0;208;229;152;124;129;120;59;59;55;65;53;51;38;58
1242.0;210;228;152;123;127;120;56;57;51;67;56;52;41;60
1248.0;210;230;152;124;123;119;55;55;51;71;58;54;39;59
1254.0;209;231;149;125;124;119;55;58;51;70;59;54;38;58
1260.0;209;232;149;127;127;118;55;58;51;67;55;52;42;58
1266.0;210;234;149;126;125;118;54;57;50;71;53;53;42;58
1272.0;210;232;148;130;123;116;53;54;53;71;53;54;45;58
1278.0;211;232;151;128;120;113;51;52;54;72;57;49;53;57
1284.0;210;229;147;128;122;112;55;53;52;72;58;51;51;60
1290.0;211;232;145;128;121;115;57;57;51;73;54;52;48;56
1296.0;211;233;144;129;124;114;59;56;52;72;54;51;49;52
1302.0;211;235;144;134;129;115;58;55;50;75;50;50;42;52
1308.0;212;234;143;132;131;115;56;56;50;74;50;51;44;52
1314.0;213;235;142;131;132;119;56;56;52;72;47;50;45;50
1320.0;213;235;141;135;135;119;56;53;52;66;48;50;46;51
1326.0;210;236;145;137;137;119;56;54;50;65;48;48;45;50
1332.0;210;236;150;134;137;116;59;52;51;63;47;48;43;54
1338.0;210;235;152;137;135;116;56;52;56;59;46;48;43;55
1344.0;214;236;154;137;139;116;55;50;55;58;46;44;48;48
1350.0;213;235;151;139;135;118;54;57;54;56;45;46;48;49
1356.0;211;234;151;143;133;119;54;55;55;57;46;43;49;50
1362.0;209;234;149;146;135;115;52;52;58;58;49;41;46;56
1368.0;209;235;149;146;131;115;51;50;60;56;51;42;49;56
1374.0;209;232;152;148;126;116;50;50;61;57;48;43;52;56
1380.0;209;234;155;146;124;116;50;48;64;60;48;42;53;51
1386.0;210;235;154;147;124;116;46;46;62;57;50;46;54;53
1392.0;207;237;154;145;121;115;44;48;64;55;49;53;54;54
1398.0;205;238;149;147;122;119;45;49;59;57;47;49;56;58
1404.0;201;236;150;147;126;121;46;49;53;62;44;50;56;59
1410.0;200;237;148;144;129;120;46;49;54;64;40;53;55;61
1416.0;202;241;149;143;128;113;48;49;53;64;43;54;55;58
1422.0;204;241;150;141;128;113;48;49;53;65;42;54;56;56
1428.0;205;242;148;142;130;115;50;49;58;58;41;53;53;56
1434.0;203;241;147;140;133;114;53;49;55;63;42;49;54;57
1440.0;201;239;148;141;135;113;50;51;55;63;41;50;54;59
1446.0;201;238;153;141;133;115;51;49;53;58;45;51;57;55
1452.0;203;235;149;143;132;110;48;54;54;57;43;53;62;57
1458.0;198;234;149;140;131;110;50;53;56;59;43;57;64;56
1464.0;197;234;143;138;135;106;57;54;56;59;47;56;65;53
1470.0;199;232;139;143;136;104;59;51;56;57;47;57;69;51
1476.0;197;232;140;142;137;105;58;53;57;52;47;57;70;53
1482.0;198;235;142;141;137;103;54;56;59;52;49;57;68;49
1488.0;197;235;138;143;139;102;54;56;59;54;49;56;68;50
1494.0;196;233;137;143;140;105;51;55;61;51;50;59;67;52
1500.0;194;232;134;144;141;105;49;55;61;52;52;62;67;52
1506.0;196;228;131;142;139;108;51;54;64;53;56;66;61;51
1512.0;193;228;130;142;135;112;48;53;68;54;57;63;63;54
1518.0;192;223;128;147;138;114;47;50;68;59;52;64;62;56
1524.0;191;225;129;145;138;117;45;48;68;59;54;63;60;58
1530.0;191;225;125;146;136;119;46;50;67;60;50;65;61;59
1536.0;193;227;125;148;133;115;48;50;64;56;51;65;63;62
1542.0;193;224;126;150;136;116;47;50;63;55;51;67;62;60
1548.0;192;224;125;152;137;117;46;53;57;54;56;71;61;55
1554.0;195;224;125;153;137;118;45;52;59;57;56;69;57;53
1560.0;196;222;124;150;139;120;45;52;60;56;58;69;56;53
1566.0;196;218;123;152;142;122;48;52;58;53;57;72;57;50
1572.0;192;219;123;153;145;122;44;50;54;57;61;72;59;49
1578.0;196;222;122;148;146;119;46;49;55;59;58;70;58;52
1584.0;198;220;122;149;146;118;47;50;55;59;57;70;60;49
1590.0;200;220;122;149;145;115;52;47;56;57;60;68;59;50
1596.0;197;225;122;150;145;116;53;45;55;56;56;72;58;50
1602.0;198;226;125;151;144;112;51;46;59;53;53;70;60;52
1608.0;196;226;128;150;143;113;47;46;60;52;55;69;63;52
1614.0;199;224;133;148;146;114;48;44;60;52;54;65;61;52
1620.0;199;223;133;148;147;113;48;48;62;51;55;63;59;51
1626.0;199;223;133;149;146;119;46;46;64;51;55;59;59;51
1632.0;198;223;131;146;151;123;45;46;64;50;54;59;59;51
1638.0;197;226;131;145;149;127;43;48;61;48;56;61;57;51
1644.0;198;230;130;143;149;127;42;48;61;48;58;61;55;50
1650.0;198;231;129;143;149;127;42;48;64;46;57;61;55;50
1656.0;198;232;128;139;149;130;41;48;63;44;56;62;54;56
1662.0;202;234;127;137;149;133;39;47;65;43;57;60;52;55
1668.0;206;234;127;135;148;136;40;46;63;40;57;61;49;58
1674.0;205;232;127;135;148;135;42;48;63;39;58;61;52;55
1680.0;205;229;129;135;146;136;44;47;61;42;60;61;51;54
1686.0;203;223;129;137;147;135;42;47;62;42;64;66;49;54
1692.0;207;222;128;137;147;133;39;47;63;45;62;66;48;56
1698.0;211;224;129;137;151;133;39;45;62;42;63;65;46;53
1704.0;213;224;129;137;152;132;41;43;63;41;63;64;46;52
1710.0;212;226;128;134;151;133;41;45;64;38;63;64;50;51
1716.0;210;226;129;133;152;133;39;46;63;43;66;65;49;46
1722.0;208;227;128;135;152;135;35;50;63;44;66;63;48;46
1728.0;211;224;131;137;153;133;35;50;65;46;60;62;45;48
1734.0;211;225;134;136;157;132;36;49;63;48;55;60;45;49
1740.0;209;223;132;136;156;130;38;54;63;51;52;60;44;52
1746.0;213;221;130;137;157;130;38;54;58;51;49;60;43;59
1752.0;214;221;133;136;154;128;41;54;58;52;47;59;44;59
1758.0;215;219;134;137;153;127;45;53;60;51;48;57;44;57
1764.0;214;220;132;136;150;129;45;53;57;55;49;57;46;57
1770.0;213;223;129;136;148;129;49;54;53;54;52;56;50;54
1776.0;216;224;129;139;148;128;50;54;55;51;52;56;51;47
1782.0;215;223;129;137;146;131;50;53;55;53;54;53;53;48
1788.0;211;228;131;137;144;133;48;47;57;54;54;52;57;47
1794.0;209;228;128;138;140;132;44;48;58;57;60;53;57;48
1800.0;210;230;130;138;135;131;44;51;58;56;61;53;56;47
1806.0;210;228;130;137;135;131;45;50;57;56;62;54;57;48
1812.0;209;231;127;138;137;134;45;52;53;55;63;52;56;48
1818.0;210;230;132;139;135;136;43;50;52;55;65;53;56;44
1824.0;211;233;132;143;137;133;47;49;52;51;58;56;54;44
1830.0;210;231;134;141;138;137;48;48;58;50;56;58;51;40
1836.0;210;230;129;142;138;132;52;47;59;50;57;59;56;39
1842.0;213;226;129;146;139;130;54;48;58;48;55;58;57;39
1848.0;210;229;133;145;138;127;54;47;54;48;54;62;60;39
1854.0;210;227;132;145;141;125;55;45;53;47;56;63;62;39
1860.0;210;229;132;143;136;123;58;44;56;46;52;63;65;43
1866.0;210;228;135;145;134;121;57;49;59;42;52;64;62;42
1872.0;209;230;134;146;134;123;53;47;59;43;54;61;64;43
1878.0;209;230;136;143;132;126;57;45;59;44;52;60;65;42
1884.0;209;228;138;143;134;123;56;47;61;46;53;62;61;39
1890.0;209;225;133;143;137;123;56;51;61;45;55;61;61;40
1896.0;208;227;133;144;137;121;54;48;64;48;52;59;62;43
1902.0;211;230;133;142;137;125;54;52;58;44;49;60;60;45
1908.0;213;225;133;143;134;122;55;52;58;47;50;63;61;44
1914.0;216;226;134;146;133;125;54;50;60;50;45;60;60;41
1920.0;217;227;134;145;133;124;54;50;58;49;47;58;62;42
1926.0;213;228;135;142;134;125;53;48;55;54;46;61;61;45
1932.0;209;228;139;147;135;126;51;44;59;48;46;61;62;45
1938.0;207;229;134;147;134;127;49;45;59;48;48;65;60;48
1944.0;209;231;134;147;134;127;50;44;58;52;45;64;57;48
1950.0;210;231;131;144;134;126;55;49;59;51;45;62;55;48
1956.0;209;231;134;140;134;130;54;49;58;52;46;60;55;48
1962.0;211;231;133;141;134;130;54;48;54;53;48;61;56;46
1968.0;212;231;131;140;132;134;50;51;58;50;46;60;59;46
1974.0;211;234;128;138;133;130;54;53;60;50;45;62;56;46
