#auto generated file!
12.0;63;84;79;80;69;79;79;59;84;72;66;69;60;57
18.0;63;89;79;83;71;82;76;57;83;72;62;70;59;54
24.0;65;92;81;83;72;82;76;57;84;71;61;70;51;55
30.0;68;91;86;81;71;81;77;56;82;70;59;70;51;57
36.0;71;93;87;80;73;83;74;52;80;68;59;73;49;58
42.0;72;99;87;78;71;85;70;55;80;68;54;73;49;59
48.0;71;101;85;81;75;84;70;54;82;69;53;67;49;59
54.0;69;109;88;83;78;86;67;51;81;62;52;66;49;59
60.0;70;112;88;87;81;82;69;51;76;60;52;65;50;57
66.0;71;115;88;88;81;83;66;51;75;58;55;63;47;59
72.0;68;118;86;87;83;86;67;51;70;60;54;59;50;61
78.0;69;122;84;87;85;86;64;49;70;55;56;60;50;63
84.0;69;125;82;85;86;88;66;52;66;58;53;59;48;63
90.0;69;123;82;84;89;89;66;53;68;55;56;56;47;63
96.0;69;125;82;86;89;89;69;52;70;53;57;53;43;63
102.0;70;126;83;85;93;89;63;55;67;55;53;55;44;62
108.0;72;126;83;87;89;92;59;58;65;56;52;56;42;63
114.0;72;129;80;88;93;91;61;61;61;61;52;53;40;58
120.0;72;129;77;94;91;91;62;63;60;59;50;53;42;57
126.0;73;130;78;95;91;91;60;61;62;59;46;54;45;55
132.0;75;134;77;95;94;90;61;63;61;57;46;54;42;51
138.0;76;135;77;95;98;89;61;60;59;58;45;54;43;50
144.0;79;135;78;96;99;90;58;61;57;56;47;54;41;49
150.0;80;134;79;98;103;89;54;61;56;57;48;52;40;49
156.0;81;133;78;97;103;87;54;59;58;59;48;55;39;49
162.0;81;135;79;99;103;88;53;58;56;54;47;56;42;49
168.0;82;139;80;100;103;87;54;59;54;50;48;55;43;46
174.0;83;138;81;96;105;88;52;57;56;48;47;57;43;49
180.0;84;137;81;96;107;84;52;55;58;50;48;55;43;50
186.0;87;137;82;98;106;82;52;54;56;50;45;57;44;50
192.0;89;137;84;97;105;78;50;57;54;47;46;62;44;50
198.0;94;138;85;98;101;79;51;55;54;48;44;59;44;50
204.0;95;141;84;99;105;77;52;52;55;48;44;54;44;50
210.0;96;142;85;101;107;78;50;48;55;50;46;49;41;52
216.0;98;145;84;102;109;81;49;44;55;52;44;46;37;54
222.0;98;145;85;101;107;82;49;44;54;50;47;46;36;56
228.0;97;146;85;99;108;80;50;45;48;46;49;48;40;59
234.0;96;145;86;97;109;81;50;46;49;48;49;48;38;58
240.0;97;146;87;93;106;80;50;47;47;50;52;51;37;57
246.0;95;148;92;94;105;83;48;46;47;46;53;51;37;55
252.0;97;149;93;97;102;86;46;41;46;42;52;52;41;56
258.0;97;151;96;96;103;85;50;40;43;43;52;50;39;55
264.0;99;153;96;95;104;85;48;39;46;43;51;50;36;55
270.0;98;150;97;95;107;87;45;40;50;40;48;48;37;58
276.0;98;150;98;96;107;88;46;37;50;39;50;49;35;57
282.0;97;148;99;94;109;91;48;36;51;43;50;44;35;55
288.0;99;147;98;95;110;90;49;37;52;41;52;42;36;52
294.0;100;149;99;96;110;91;49;36;48;41;50;41;38;52
300.0;102;150;97;96;111;91;49;36;50;43;47;39;41;48
306.0;103;150;97;94;107;89;49;40;52;44;48;41;39;47
312.0;104;150;97;94;105;90;49;42;51;43;49;39;40;47
318.0;107;149;100;92;105;89;47;42;53;43;47;40;41;45
324.0;110;150;101;92;105;92;47;41;56;42;48;36;37;43
330.0;112;148;99;88;107;93;46;39;56;46;51;37;36;42
336.0;111;150;100;89;106;94;42;38;52;48;51;42;37;40
342.0;111;154;98;89;107;95;39;37;51;48;51;41;40;39
348.0;109;153;100;91;106;97;38;36;51;51;49;45;38;36
354.0;110;151;98;92;108;100;40;34;51;49;49;45;38;35
360.0;111;150;98;92;110;99;40;35;50;49;48;47;37;34
366.0;114;149;99;92;111;97;41;35;47;48;49;45;39;34
372.0;115;147;101;95;117;98;40;32;48;48;44;42;39;34
378.0;112;150;105;94;121;97;38;33;45;44;46;43;37;35
384.0;112;149;107;93;121;97;42;32;44;47;44;41;36;35
390.0;113;151;111;92;120;96;38;34;43;45;41;42;36;38
396.0;116;151;108;91;121;94;40;37;39;44;42;40;39;38
402.0;114;151;110;91;118;94;42;39;38;42;42;40;42;37
408.0;117;151;107;94;115;93;45;36;42;43;40;41;40;36
414.0;120;151;106;94;114;90;45;36;42;43;41;41;41;36
420.0;121;153;105;95;114;90;43;35;42;44;39;38;41;40
426.0;121;152;103;96;113;89;47;36;43;44;39;36;40;41
432.0;122;149;102;94;113;92;47;36;46;42;40;39;38;40
438.0;122;150;99;94;114;90;49;37;46;45;40;40;36;38
444.0;122;150;99;94;113;89;50;38;42;44;40;41;37;41
450.0;123;150;100;96;110;87;50;37;44;43;41;41;37;41
456.0;125;150;99;94;106;88;50;37;45;46;41;39;38;42
462.0;124;153;98;95;104;90;51;34;48;48;38;38;39;40
468.0;124;154;98;96;105;90;53;30;45;48;39;39;38;41
474.0;126;147;97;95;103;95;55;28;46;46;42;39;39;42
480.0;127;149;93;95;103;96;54;27;45;47;42;41;37;44
486.0;128;148;95;95;105;97;53;27;43;44;42;41;37;45
492.0;130;147;95;90;104;99;56;29;43;41;45;38;37;46
498.0;130;150;96;89;104;98;53;30;43;41;45;37;36;48
504.0;133;148;96;90;106;100;54;29;41;41;44;38;34;46
510.0;137;147;94;93;108;98;53;27;40;41;42;38;35;47
516.0;134;145;96;94;109;99;54;31;38;41;41;40;34;44
522.0;132;145;98;90;109;101;52;34;36;39;42;44;35;43
528.0;131;150;94;90;112;102;50;36;38;40;42;41;35;39
534.0;132;150;96;94;112;99;46;34;37;39;46;42;33;40
540.0;132;150;98;92;113;98;45;39;36;41;47;39;33;37
546.0;133;154;96;92;115;97;44;43;35;37;43;40;33;38
552.0;133;153;97;92;113;95;46;45;35;36;42;40;34;39
558.0;134;153;95;91;114;96;45;44;34;36;40;41;35;42
564.0;136;153;95;93;114;98;44;44;34;35;39;42;33;40
570.0;135;153;93;91;114;100;48;46;33;33;41;42;31;40
576.0;135;153;93;93;113;101;48;46;30;33;43;40;35;37
582.0;136;151;89;97;115;97;45;46;32;36;42;41;35;38
588.0;136;149;89;97;115;95;45;41;34;36;43;42;37;41
594.0;136;148;91;95;119;93;47;38;33;37;44;42;36;41
600.0;138;149;91;95;116;93;47;36;34;40;48;40;34;39
606.0;136;151;91;95;117;94;49;35;32;36;53;39;32;40
612.0;135;155;94;95;115;89;47;36;35;36;52;40;30;41
618.0;132;156;93;95;115;90;50;36;36;39;51;37;29;41
624.0;131;158;94;94;113;88;48;40;38;42;48;37;27;42
630.0;129;157;91;97;113;89;47;41;38;40;51;35;29;43
636.0;126;157;93;98;110;87;49;43;41;39;50;35;29;43
642.0;127;158;95;98;111;86;49;43;41;35;51;35;29;42
648.0;127;157;96;98;116;85;49;41;42;34;54;33;30;38
654.0;127;158;96;98;116;87;47;39;44;34;52;35;27;40
660.0;129;156;98;95;116;90;47;37;44;31;49;38;30;40
666.0;132;156;96;95;113;88;46;39;45;33;50;39;29;39
672.0;131;156;99;99;111;88;48;38;44;33;49;38;31;35
678.0;132;154;99;96;116;88;45;39;41;33;51;39;33;34
684.0;134;153;98;96;113;89;45;41;41;34;50;38;32;36
690.0;132;154;102;97;112;88;43;44;41;33;51;37;31;35
696.0;131;152;102;96;112;88;42;42;45;32;53;38;31;36
702.0;134;149;100;94;114;87;45;45;44;31;55;37;30;35
708.0;135;148;99;94;114;88;42;45;45;29;56;35;33;37
714.0;136;146;100;93;114;91;41;46;46;29;57;34;32;35
720.0;138;148;99;93;109;90;42;46;46;30;54;35;33;37
726.0;138;148;100;94;109;92;43;45;45;33;49;37;31;36
732.0;142;145;95;96;107;96;43;45;44;31;48;37;32;39
738.0;142;143;96;94;107;97;43;47;44;32;49;36;33;37
744.0;142;143;96;94;109;96;45;44;43;34;50;39;29;36
750.0;143;144;100;92;107;91;44;45;44;34;51;39;31;35
756.0;145;146;102;90;107;93;40;46;43;31;50;40;31;36
762.0;144;145;102;89;104;96;42;46;43;34;52;39;30;34
768.0;142;146;101;89;104;97;44;47;44;36;48;40;31;31
774.0;143;149;97;92;103;97;44;47;41;35;49;41;30;32
780.0;141;149;95;91;102;97;45;46;40;38;48;44;32;32
786.0;138;151;96;94;102;97;43;48;38;37;47;45;32;32
792.0;142;152;95;96;103;95;44;47;38;36;47;42;30;33
798.0;145;152;95;93;104;95;46;47;39;35;45;41;31;32
804.0;148;150;94;92;106;96;46;48;35;33;44;44;30;34
810.0;148;153;95;90;102;96;45;45;37;38;43;45;29;34
816.0;148;154;95;90;99;97;44;42;39;39;43;46;29;35
822.0;147;154;94;92;97;96;44;42;40;44;44;47;25;34
828.0;145;155;92;90;96;97;44;39;41;45;43;48;29;36
834.0;146;157;94;89;93;95;42;38;40;46;43;52;31;34
840.0;144;156;94;91;95;98;44;39;41;44;41;50;30;33
846.0;142;157;93;92;94;98;41;44;44;43;38;52;32;30
852.0;141;159;93;89;93;98;41;43;46;43;37;50;36;31
858.0;140;155;93;90;94;97;41;42;44;42;41;51;37;33
864.0;141;155;96;95;91;97;41;41;40;42;42;46;40;33
870.0;143;156;99;98;91;96;41;35;36;42;42;45;38;38
876.0;144;154;98;96;94;95;42;35;36;48;42;43;38;35
882.0;143;153;95;98;94;97;47;34;38;45;42;44;35;35
888.0;140;152;100;99;93;96;46;36;37;46;44;45;33;33
894.0;141;154;100;97;95;94;43;36;39;47;46;41;33;34
900.0;140;153;100;96;94;94;44;36;39;47;46;40;34;37
906.0;139;155;97;93;96;93;43;37;39;42;47;44;36;39
912.0;137;152;100;96;98;92;45;35;40;43;42;42;40;38
918.0;137;151;98;98;99;92;42;34;40;42;41;43;41;42
924.0;138;149;99;96;99;92;45;35;41;42;43;41;40;40
930.0;135;151;97;98;99;94;46;31;43;43;38;41;40;44
936.0;138;148;98;95;100;94;44;32;44;42;40;40;41;44
942.0;139;144;97;95;98;95;43;31;50;43;39;37;43;46
948.0;140;143;95;96;97;96;44;33;50;39;39;39;43;46
954.0;139;142;97;95;99;95;45;30;54;39;37;40;42;46
960.0;138;144;96;96;100;93;47;30;54;38;37;39;41;47
966.0;141;142;99;97;98;93;44;29;53;36;40;40;40;48
972.0;143;142;95;98;96;96;43;30;51;36;39;40;41;50
978.0;143;143;88;97;97;96;43;28;50;36;39;46;44;50
984.0;145;144;88;98;96;98;42;29;51;35;38;45;43;48
990.0;144;143;85;98;97;98;45;29;51;37;38;45;42;48
996.0;147;145;86;99;99;96;43;29;52;35;39;44;41;45
1002.0;147;146;83;99;97;95;42;33;51;35;38;47;43;44
1008.0;146;147;84;99;97;95;39;37;49;37;39;45;42;44
1014.0;144;147;86;96;98;94;41;34;49;40;43;42;43;43
1020.0;145;147;85;98;97;97;42;31;49;38;43;42;43;43
1026.0;144;147;90;96;100;97;44;32;49;38;42;38;43;40
1032.0;146;141;87;95;103;99;43;31;50;41;39;38;47;40
1038.0;145;142;88;101;101;101;43;33;50;40;37;34;45;40
1044.0;144;140;88;101;102;99;43;32;49;44;40;34;45;39
1050.0;144;139;85;102;104;100;43;36;49;40;40;34;46;38
1056.0;144;142;87;104;102;101;45;33;45;43;37;32;46;39
1062.0;142;144;87;106;104;99;45;32;48;45;37;29;46;36
1068.0;142;143;91;109;103;98;44;38;43;44;38;31;43;33
1074.0;143;141;94;109;102;97;44;40;43;44;38;29;42;34
1080.0;149;138;94;105;104;94;47;40;43;46;38;25;43;34
1086.0;146;139;94;103;101;95;48;37;43;46;39;25;44;40
1092.0;148;137;92;104;100;97;47;36;41;46;43;24;43;42
1098.0;149;135;90;106;99;95;48;36;43;47;42;26;46;38
1104.0;151;134;91;106;99;93;47;35;42;48;40;30;46;38
1110.0;149;135;93;103;102;93;46;34;43;47;38;30;49;38
1116.0;152;134;93;100;100;95;50;34;42;45;35;29;51;40
1122.0;152;132;91;101;99;94;53;33;41;47;34;31;50;42
1128.0;152;131;94;102;101;96;48;34;40;46;32;30;51;43
1134.0;152;131;95;101;102;93;46;35;44;44;32;30;51;44
1140.0;151;131;92;102;105;94;45;35;44;43;35;26;55;42
1146.0;150;128;96;102;103;92;46;37;42;44;35;27;55;43
1152.0;151;129;94;104;104;90;47;36;42;46;33;28;52;44
1158.0;154;128;93;104;101;92;49;35;45;42;31;28;53;45
1164.0;154;128;93;106;101;93;48;33;43;42;30;29;53;47
1170.0;154;129;92;107;103;93;50;30;43;40;32;30;53;44
1176.0;154;130;93;105;101;90;51;29;44;42;31;34;52;44
1182.0;156;132;96;101;102;93;48;28;46;42;30;34;50;42
1188.0;157;131;95;98;107;92;49;26;45;41;33;35;46;45
1194.0;157;131;92;98;108;89;50;31;47;40;32;37;45;43
1200.0;156;131;89;97;105;87;52;32;48;41;34;39;47;42
1206.0;156;130;87;99;104;91;49;34;49;40;33;36;49;43
1212.0;157;129;84;100;105;92;48;37;47;43;35;37;48;38
1218.0;158;127;81;97;107;91;47;39;48;40;35;38;50;42
1224.0;156;128;82;96;105;90;47;38;53;39;35;38;51;42
1230.0;155;128;80;96;104;91;46;38;52;43;36;40;52;39
1236.0;150;128;82;94;104;88;44;38;51;48;38;43;48;44
1242.0;152;128;85;94;103;91;44;37;48;46;41;42;47;42
1248.0;150;127;86;95;103;91;45;37;47;46;43;41;48;41
1254.0;151;129;82;96;105;90;46;38;48;41;44;41;47;42
1260.0;151;132;84;94;108;88;48;36;46;39;41;45;44;44
1266.0;152;132;84;94;107;89;47;38;45;39;39;43;44;47
1272.0;154;131;82;97;104;91;47;37;44;39;40;44;45;45
1278.0;156;130;79;95;98;91;47;41;47;40;43;46;44;43
1284.0;157;134;78;96;97;95;49;36;49;38;41;44;42;44
1290.0;158;133;78;98;96;94;48;34;47;39;40;44;45;46
1296.0;161;133;78;101;96;92;47;32;47;41;39;43;45;45
1302.0;161;134;79;101;95;90;47;33;46;42;37;42;48;45
1308.0;160;134;77;101;97;90;46;34;45;44;38;43;47;44
1314.0;161;135;78;98;95;90;46;36;46;43;35;41;48;48
1320.0;162;134;78;97;96;91;44;32;44;44;36;45;50;47
1326.0;160;138;79;97;94;91;45;33;43;44;37;43;50;46
1332.0;158;138;79;97;93;88;51;32;45;42;39;44;50;44
1338.0;154;136;81;99;92;84;49;34;45;44;40;42;53;47
1344.0;152;135;84;101;89;83;47;34;47;44;40;43;55;46
1350.0;146;137;82;104;91;86;44;37;47;39;39;45;56;47
1356.0;150;140;82;103;89;84;44;38;48;38;35;43;56;50
1362.0;151;141;89;103;89;83;42;34;46;37;36;43;57;49
1368.0;148;139;87;108;92;81;41;34;50;34;38;43;57;48
1374.0;145;135;87;109;93;80;42;35;49;37;40;45;56;47
1380.0;144;136;87;107;95;78;39;35;50;39;41;44;60;45
1386.0;144;135;87;109;93;76;39;34;52;39;42;44;59;47
1392.0;146;134;88;108;97;76;34;34;55;41;40;41;60;46
1398.0;148;134;89;108;95;76;34;38;55;40;39;41;58;45
1404.0;149;132;87;108;94;78;35;40;52;38;41;44;56;46
1410.0;148;137;85;109;92;75;35;38;54;38;41;44;57;47
1416.0;149;136;89;113;92;76;34;37;54;39;38;44;52;47
1422.0;149;136;88;110;90;81;35;37;54;37;39;45;55;44
1428.0;148;137;89;110;88;80;34;37;56;38;40;48;54;41
1434.0;147;136;89;111;89;79;33;37;57;39;38;49;55;41
1440.0;150;139;90;112;93;78;31;39;56;34;41;49;51;37
1446.0;148;141;90;110;95;78;31;39;56;34;45;46;48;39
1452.0;152;143;91;113;95;78;29;38;53;33;43;45;49;38
1458.0;155;141;90;112;94;80;31;36;54;31;43;44;50;39
1464.0;157;139;91;112;90;81;30;36;54;35;44;43;48;40
1470.0;157;142;90;110;86;81;31;40;55;32;45;47;46;38
1476.0;156;143;89;108;91;80;35;39;57;31;41;48;45;37
1482.0;156;143;91;108;93;80;34;38;57;32;41;46;45;36
1488.0;157;141;93;106;98;79;37;38;56;33;42;41;45;34
1494.0;159;139;96;106;96;78;38;38;52;33;43;41;47;34
1500.0;161;142;98;104;93;79;37;35;50;32;42;43;49;35
1506.0;161;142;97;106;94;79;38;34;47;33;43;41;48;37
1512.0;159;142;99;105;92;80;41;36;45;32;42;43;45;39
1518.0;159;146;96;101;94;82;38;39;46;29;41;43;48;38
1524.0;158;150;93;101;92;83;40;41;43;32;38;41;47;41
1530.0;157;150;97;102;92;83;39;40;44;34;36;42;45;39
1536.0;156;147;96;101;93;84;40;42;45;36;40;39;40;41
1542.0;155;147;96;102;91;84;43;41;46;38;40;39;36;42
1548.0;158;142;96;97;92;85;45;41;46;40;40;39;34;45
1554.0;159;143;98;96;92;87;42;38;48;40;40;37;33;47
1560.0;160;143;98;95;89;86;41;39;48;44;41;38;31;47
1566.0;161;143;102;93;91;86;41;38;46;42;39;38;32;48
1572.0;161;143;102;91;91;85;38;37;48;40;38;41;34;51
1578.0;159;140;104;90;94;86;38;41;48;40;37;42;32;49
1584.0;160;142;102;94;98;82;38;40;47;39;35;41;32;50
1590.0;163;144;103;94;101;82;37;37;44;36;35;42;32;50
1596.0;165;144;100;94;100;84;36;36;45;36;35;42;32;51
1602.0;164;143;96;95;101;84;40;36;47;38;36;38;32;50
1608.0;162;146;99;96;100;83;41;32;45;44;35;36;31;50
1614.0;160;149;98;96;99;80;40;37;49;44;34;34;29;51
1620.0;161;150;99;95;98;76;41;38;48;44;36;33;32;49
1626.0;161;152;100;95;97;78;39;39;46;45;37;32;30;49
1632.0;161;153;100;96;95;79;40;34;47;43;39;32;32;49
1638.0;162;158;100;94;94;77;42;32;51;40;41;31;33;45
1644.0;167;158;96;93;97;78;39;35;51;41;42;28;32;43
1650.0;167;155;95;94;96;80;38;33;50;44;44;28;32;44
1656.0;169;158;93;97;96;82;36;33;50;38;45;26;32;45
1662.0;170;156;94;97;98;81;36;34;51;40;41;28;32;42
1668.0;168;154;95;97;100;80;37;33;49;41;40;31;32;43
1674.0;168;151;96;96;101;83;36;34;47;38;41;34;31;44
1680.0;165;148;98;97;99;84;36;31;50;42;41;37;30;42
1686.0;165;148;102;99;99;85;33;34;48;41;40;34;32;40
1692.0;168;148;100;99;98;82;36;34;49;43;40;33;30;40
1698.0;170;149;101;99;98;82;39;36;48;41;40;33;28;36
1704.0;169;149;103;95;97;84;40;39;46;40;39;36;29;34
1710.0;169;151;102;98;98;83;40;38;44;38;41;36;29;33
1716.0;171;152;103;95;98;82;36;37;46;39;44;34;29;34
1722.0;170;153;104;95;101;84;36;35;44;40;41;33;29;35
1728.0;170;149;101;96;100;84;39;36;46;38;40;34;31;36
1734.0;170;150;102;94;102;83;38;36;44;38;40;34;33;36
1740.0;168;153;102;91;104;83;39;37;42;39;37;34;32;39
1746.0;167;152;103;93;106;86;38;37;37;41;36;31;31;42
1752.0;167;153;104;93;107;84;41;38;39;41;35;26;30;42
1758.0;167;151;104;95;105;83;41;38;41;38;36;27;32;42
1764.0;166;151;105;97;105;81;43;40;38;39;33;30;31;41
1770.0;166;151;106;96;105;81;42;39;38;39;33;30;32;42
1776.0;169;149;106;97;107;80;40;36;36;35;35;31;34;45
1782.0;171;149;104;98;109;77;40;36;36;35;37;31;33;44
1788.0;171;147;107;96;111;79;41;35;35;36;33;32;33;44
1794.0;173;147;104;95;113;82;39;35;36;34;31;34;34;43
1800.0;168;148;103;96;115;83;39;34;36;32;32;34;35;45
1806.0;164;146;102;98;117;85;38;35;37;32;33;35;32;46
1812.0;166;146;104;98;112;89;36;35;35;28;32;36;34;49
1818.0;167;146;103;99;110;91;37;36;35;26;32;39;34;45
1824.0;167;145;104;101;108;91;33;35;36;29;36;35;36;44
1830.0;167;143;104;100;109;91;34;35;37;29;35;39;36;41
1836.0;168;140;103;98;107;95;37;35;37;27;35;39;38;41
1842.0;172;140;104;97;108;94;34;37;37;25;35;42;36;39
1848.0;171;138;104;96;107;96;35;36;37;25;35;39;37;44
1854.0;172;140;104;95;105;98;34;33;35;28;39;40;34;43
1860.0;170;140;101;94;106;98;35;34;37;27;39;40;35;44
1866.0;170;140;101;96;105;99;34;35;39;27;37;40;33;44
1872.0;169;141;106;99;103;97;32;31;40;25;36;39;34;48
1878.0;168;143;106;100;102;98;33;29;38;26;35;41;33;48
1884.0;167;143;106;97;100;100;34;32;38;24;36;41;34;48
1890.0;166;139;105;98;101;103;33;35;37;21;35;43;35;49
1896.0;166;141;104;98;100;107;31;34;38;21;35;43;35;47
1902.0;165;141;104;99;99;106;32;34;38;22;35;43;35;47
1908.0;168;141;105;99;100;105;34;34;35;22;35;41;34;47
1914.0;165;139;106;98;99;108;34;34;35;20;33;45;40;44
1920.0;168;139;106;98;95;109;31;33;35;20;36;44;40;46
1926.0;168;138;105;100;97;108;30;35;37;18;40;39;42;43
1932.0;168;136;107;95;95;108;32;38;37;19;40;38;45;42
1938.0;170;134;107;97;97;101;30;39;39;22;39;39;44;42
1944.0;172;134;106;99;93;99;32;34;37;24;38;44;42;46
1950.0;173;133;106;101;93;101;31;36;35;24;39;44;40;44
1956.0;172;134;105;99;93;102;33;37;36;21;41;41;40;46
1962.0;173;135;105;97;92;103;33;40;32;22;42;42;40;44
1968.0;174;137;105;98;90;103;35;39;30;22;42;42;38;45
1974.0;174;139;103;97;91;104;38;42;31;20;40;40;37;44
