#auto generated file!
12.0;32;52;41;52;41;37;45;41;40;46;39;46;39;49
18.0;33;53;42;51;41;38;43;39;39;48;39;48;37;49
24.0;35;55;38;54;41;36;41;42;39;44;38;46;40;51
30.0;35;55;38;54;39;38;43;41;37;45;38;44;43;50
36.0;35;55;38;59;39;36;42;39;35;44;38;44;46;50
42.0;34;56;38;60;41;39;40;39;36;41;40;43;46;47
48.0;33;56;37;61;41;40;41;39;35;42;41;43;44;47
54.0;34;59;36;60;45;41;40;41;33;43;39;40;42;47
60.0;34;60;37;62;46;41;39;39;35;41;38;40;41;47
66.0;34;61;36;62;47;42;37;39;35;42;38;38;39;50
72.0;33;60;37;64;46;44;36;39;37;42;40;35;36;51
78.0;36;60;38;63;47;46;37;39;38;41;38;34;37;46
84.0;40;59;38;65;49;46;37;38;36;42;39;33;35;43
90.0;44;59;38;63;49;49;36;35;39;40;38;31;33;46
96.0;44;59;39;65;49;48;36;36;40;39;37;31;32;45
102.0;46;60;38;65;49;49;37;34;39;38;38;29;32;46
108.0;47;59;37;61;48;49;38;36;39;40;37;27;36;46
114.0;48;59;37;60;49;51;37;39;39;37;36;28;36;44
120.0;50;59;37;59;54;51;39;36;38;37;34;27;35;44
126.0;53;62;40;58;53;51;39;35;37;36;32;25;33;46
132.0;54;63;36;60;53;53;38;33;36;38;30;27;37;42
138.0;55;63;36;60;52;54;38;33;35;37;30;26;37;44
144.0;58;63;37;61;52;53;39;36;31;33;29;28;36;44
150.0;59;63;35;61;53;52;40;37;32;31;29;30;36;42
156.0;59;63;34;59;53;53;42;35;32;31;30;30;39;40
162.0;60;61;34;62;53;57;39;36;34;27;31;30;38;38
168.0;60;62;35;63;53;55;39;37;34;28;30;32;37;35
174.0;62;63;36;63;50;55;37;37;34;29;33;30;36;35
180.0;62;64;37;63;49;56;35;37;34;30;31;32;34;36
186.0;65;64;37;61;46;57;38;36;34;27;32;34;34;35
192.0;67;63;36;61;46;57;39;34;36;24;31;35;35;36
198.0;68;62;37;60;46;59;39;33;36;26;31;32;36;35
204.0;68;62;37;60;46;59;39;33;37;27;32;29;35;36
210.0;69;61;38;61;50;57;39;32;35;25;33;30;34;36
216.0;72;63;38;59;52;58;38;32;33;23;34;30;34;34
222.0;75;61;39;62;51;59;37;28;35;22;32;29;35;35
228.0;77;62;39;61;54;57;38;29;33;21;34;27;33;35
234.0;77;64;40;61;54;56;36;28;33;19;36;26;34;36
240.0;77;65;42;59;54;56;38;28;33;20;34;25;33;36
246.0;77;64;41;62;57;55;39;26;32;19;34;24;34;36
252.0;77;65;43;62;59;57;40;24;32;19;31;24;34;33
258.0;79;65;42;61;61;58;41;21;32;19;30;24;34;33
264.0;81;66;42;61;59;58;37;21;28;20;33;24;35;35
270.0;82;66;44;61;57;54;36;22;28;23;32;23;35;37
276.0;83;63;41;62;59;54;36;23;30;25;32;23;33;36
282.0;82;64;42;61;60;52;38;23;29;25;31;22;34;37
288.0;83;64;43;60;60;51;38;23;30;25;31;22;34;36
294.0;84;66;46;59;60;51;35;19;32;25;31;25;32;35
300.0;84;66;47;59;60;53;34;21;31;26;28;27;32;32
306.0;84;65;46;59;61;54;34;22;34;25;28;25;29;34
312.0;85;65;49;60;58;54;34;21;37;25;28;24;25;35
318.0;86;67;51;61;56;54;32;21;35;24;25;26;27;35
324.0;86;67;52;63;56;53;33;20;34;24;26;25;28;33
330.0;86;69;53;60;57;52;31;21;34;26;26;24;29;32
336.0;85;70;52;60;56;51;32;20;33;28;28;25;31;29
342.0;84;69;52;61;54;52;32;20;34;28;28;24;32;30
348.0;82;72;54;61;56;54;30;20;32;29;28;24;30;28
354.0;83;71;51;62;56;52;31;21;34;27;28;22;33;29
360.0;83;71;53;64;58;51;32;20;34;26;27;20;32;29
366.0;83;70;53;65;60;48;33;18;36;27;28;19;32;28
372.0;85;72;54;67;62;44;34;17;33;27;28;21;31;25
378.0;89;73;56;67;63;43;32;15;32;29;26;21;29;25
384.0;90;73;55;66;63;43;30;15;35;28;26;23;27;26
390.0;90;73;55;65;61;43;29;18;33;28;26;25;27;27
396.0;89;71;54;65;61;44;28;21;30;27;27;26;31;26
402.0;89;70;55;68;62;42;29;21;32;25;25;26;29;27
408.0;87;69;55;66;63;43;30;24;29;24;27;27;29;27
414.0;85;67;58;66;66;44;29;22;29;25;27;28;27;27
420.0;85;68;58;68;64;44;29;22;30;27;27;27;25;26
426.0;88;67;58;67;67;44;31;22;30;25;26;29;22;24
432.0;90;66;61;67;69;44;30;21;30;24;23;29;21;25
438.0;90;67;61;68;70;43;29;21;29;23;24;30;21;24
444.0;90;67;63;68;67;41;31;20;30;21;26;30;22;24
450.0;89;67;62;67;68;42;32;21;27;21;26;30;24;24
456.0;89;69;61;70;65;40;33;22;27;24;26;30;21;23
462.0;88;68;62;71;63;44;30;24;27;25;26;27;22;23
468.0;89;67;63;72;61;44;28;26;26;24;28;27;22;23
474.0;90;66;62;75;59;44;29;27;28;22;26;27;22;23
480.0;89;69;61;71;60;43;29;29;28;23;26;25;23;24
486.0;90;68;59;72;61;42;30;28;27;24;27;25;25;22
492.0;89;68;59;73;61;41;33;26;29;23;28;26;23;21
498.0;94;70;58;69;60;42;34;25;27;23;28;25;24;21
504.0;96;70;55;69;60;44;33;26;29;23;28;24;23;20
510.0;96;70;56;67;58;44;34;26;29;24;26;25;24;21
516.0;97;67;55;70;61;45;36;22;29;24;25;26;23;20
522.0;94;67;54;73;62;46;37;21;26;24;25;26;25;20
528.0;95;67;53;71;62;46;36;20;26;25;25;28;26;20
534.0;97;64;54;70;64;44;36;20;26;26;23;28;29;19
540.0;96;63;56;71;64;44;33;23;25;26;21;29;28;21
546.0;97;66;55;71;62;44;33;23;23;26;21;30;28;21
552.0;98;67;56;69;62;46;34;22;22;24;23;28;28;21
558.0;98;67;59;64;63;48;36;21;20;25;23;28;27;21
564.0;98;68;57;62;65;49;37;22;20;23;24;29;26;20
570.0;101;71;55;63;63;49;37;23;23;22;22;26;26;19
576.0;101;71;55;61;61;48;36;26;24;23;23;25;26;20
582.0;100;72;55;61;61;49;34;29;22;24;23;24;25;21
588.0;101;72;55;62;60;48;35;28;23;24;20;25;26;21
594.0;100;74;53;62;60;49;37;28;21;24;23;24;25;20
600.0;101;78;54;64;59;47;34;28;19;24;23;24;24;21
606.0;99;75;56;65;59;50;33;26;20;25;24;25;23;20
612.0;98;73;56;65;60;50;30;26;22;25;25;25;22;23
618.0;97;75;56;64;60;49;27;27;24;26;25;25;24;21
624.0;97;75;55;64;61;48;28;29;23;23;25;28;23;21
630.0;96;76;58;66;60;46;29;29;22;21;26;27;23;21
636.0;96;74;58;67;60;47;29;31;22;22;26;25;24;19
642.0;96;73;61;66;61;48;29;30;20;19;28;24;25;20
648.0;97;72;60;66;61;48;28;28;19;20;30;25;27;19
654.0;100;72;60;67;60;48;27;29;20;18;30;24;27;18
660.0;97;74;59;66;61;47;28;27;18;21;32;23;28;19
666.0;96;76;60;66;61;46;27;27;16;21;32;22;29;21
672.0;97;76;60;70;60;45;30;26;16;21;31;24;26;18
678.0;98;76;58;70;62;41;28;25;16;22;34;23;26;21
684.0;99;78;57;73;64;42;28;27;16;18;33;21;24;20
690.0;98;79;56;73;64;45;27;27;17;19;30;20;25;20
696.0;100;79;56;75;63;44;26;27;16;19;29;20;25;21
702.0;102;79;55;77;64;42;22;26;17;19;29;24;23;21
708.0;103;77;54;76;62;44;23;26;17;21;29;25;23;20
714.0;101;78;54;75;64;43;22;25;17;22;28;26;24;21
720.0;101;80;53;74;65;42;23;22;19;22;28;26;24;21
726.0;102;83;52;76;66;45;21;21;18;21;25;28;24;18
732.0;103;84;51;78;67;44;21;18;18;21;22;28;26;19
738.0;103;86;50;76;67;44;19;20;18;24;20;29;26;18
744.0;102;86;50;77;65;44;20;20;18;27;18;31;25;17
750.0;102;85;49;76;64;43;18;20;18;28;22;32;26;17
756.0;101;83;47;78;65;43;20;21;16;30;22;31;26;17
762.0;102;82;50;76;65;45;19;20;16;30;22;28;25;20
768.0;103;85;53;78;65;43;19;19;15;27;23;25;24;21
774.0;102;85;53;77;65;43;19;19;15;26;26;25;24;21
780.0;100;87;53;79;65;43;19;22;16;25;24;25;20;22
786.0;98;83;51;79;67;44;18;24;17;24;26;28;20;21
792.0;100;84;51;79;68;45;16;24;17;22;25;28;19;22
798.0;98;82;52;79;67;45;17;25;18;22;26;28;18;23
804.0;96;84;53;78;64;45;17;26;19;22;24;31;19;22
810.0;96;84;52;75;64;47;15;24;18;24;26;32;20;23
816.0;96;84;50;73;65;48;15;25;17;23;28;31;20;25
822.0;99;84;51;72;65;47;14;24;17;23;27;32;19;26
828.0;97;86;51;74;62;48;14;23;18;22;26;30;21;28
834.0;98;86;51;76;61;48;13;25;17;20;27;31;20;27
840.0;99;85;49;78;62;49;13;23;18;18;27;31;20;28
846.0;97;84;52;78;62;50;14;23;18;16;29;31;19;27
852.0;96;87;52;77;61;50;15;24;20;15;29;30;17;27
858.0;99;87;51;78;61;51;15;24;21;13;26;29;18;27
864.0;99;87;50;76;60;50;14;24;23;14;28;31;18;26
870.0;100;88;48;72;60;50;19;22;21;15;28;34;17;26
876.0;101;88;49;69;59;52;19;23;23;15;27;30;19;26
882.0;100;88;51;70;61;52;16;21;21;16;27;30;19;28
888.0;100;91;50;71;61;51;17;21;21;12;28;28;19;30
894.0;100;90;48;72;64;50;18;20;20;10;30;28;19;31
900.0;98;92;46;72;65;53;16;20;21;12;28;29;18;30
906.0;97;93;47;73;65;52;17;20;22;11;24;28;20;31
912.0;96;93;47;72;65;50;17;20;23;11;26;30;21;29
918.0;94;92;48;71;65;51;19;20;23;12;25;27;21;32
924.0;94;92;48;69;67;51;20;21;23;11;25;29;19;31
930.0;94;90;48;68;67;51;18;21;23;16;25;29;19;31
936.0;94;90;49;68;66;49;19;23;22;15;25;29;21;30
942.0;93;90;51;66;65;50;20;25;21;15;25;32;20;27
948.0;92;91;51;63;65;51;20;24;22;18;27;33;19;24
954.0;93;91;52;61;67;52;20;24;22;19;26;31;18;24
960.0;91;91;56;63;66;52;21;22;23;19;26;30;16;24
966.0;91;91;57;63;65;52;20;22;21;21;25;31;15;26
972.0;91;92;57;62;64;51;20;23;22;20;26;30;17;25
978.0;92;94;58;61;65;51;21;24;18;19;25;30;21;21
984.0;93;95;57;61;66;50;22;25;18;20;24;29;21;19
990.0;90;99;57;60;66;51;23;23;18;22;21;30;21;19
996.0;90;99;56;60;64;52;22;24;19;23;21;28;24;18
1002.0;90;101;56;59;67;52;23;20;19;23;18;29;23;20
1008.0;89;100;57;60;65;52;23;22;20;21;17;30;23;21
1014.0;90;99;57;62;64;50;20;22;19;22;18;32;23;22
1020.0;87;102;57;65;63;50;22;22;19;21;17;28;22;25
1026.0;86;101;56;65;63;51;24;20;20;19;19;26;25;25
1032.0;84;101;56;64;63;51;26;19;20;19;18;27;25;27
1038.0;84;102;57;65;63;51;26;19;20;21;19;25;23;25
1044.0;83;103;58;64;61;53;23;19;20;21;15;28;24;28
1050.0;82;103;59;63;62;53;23;19;20;21;15;28;23;29
1056.0;84;101;59;65;60;53;21;19;21;21;15;28;24;29
1062.0;87;99;59;65;59;53;21;19;21;22;12;30;24;29
1068.0;85;99;58;64;58;57;21;19;23;22;13;28;26;27
1074.0;85;99;60;64;59;56;22;19;22;21;13;28;26;26
1080.0;85;100;60;65;60;57;21;18;21;22;14;27;24;26
1086.0;85;99;62;66;60;59;20;18;22;20;14;26;24;25
1092.0;85;99;62;65;60;57;20;19;23;19;16;28;21;26
1098.0;83;100;60;69;60;55;20;18;25;20;15;28;20;27
1104.0;84;96;60;72;60;56;21;19;23;19;14;27;20;29
1110.0;84;94;60;73;60;57;22;20;25;18;15;25;19;28
1116.0;83;95;59;73;60;59;22;21;22;19;15;24;19;29
1122.0;82;96;59;73;63;57;21;20;23;19;18;23;18;28
1128.0;80;96;56;72;62;57;23;20;23;20;18;24;20;29
1134.0;81;93;57;76;66;58;22;19;23;16;20;22;19;28
1140.0;83;93;57;71;66;58;23;21;25;16;18;22;20;27
1146.0;84;93;56;70;65;58;25;19;24;17;19;20;21;29
1152.0;81;93;59;70;66;59;27;16;23;17;18;22;21;28
1158.0;77;93;58;68;65;58;25;18;22;21;18;22;23;32
1164.0;77;93;58;68;62;60;24;15;23;20;18;25;23;34
1170.0;78;93;57;69;64;60;23;16;25;19;17;23;25;31
1176.0;78;94;58;67;63;60;24;17;25;19;20;23;22;30
1182.0;77;96;58;65;63;61;25;17;26;17;21;23;22;29
1188.0;77;96;58;66;63;63;25;17;25;18;20;23;20;29
1194.0;75;95;57;68;63;64;25;16;23;21;19;25;18;31
1200.0;74;95;57;66;67;64;22;18;25;20;18;23;20;31
1206.0;74;96;58;66;67;64;23;19;23;20;18;22;20;30
1212.0;75;96;59;67;67;65;23;20;23;20;16;23;19;27
1218.0;76;96;60;67;64;66;23;19;22;23;16;22;17;29
1224.0;73;97;60;68;64;66;23;20;23;22;15;23;18;28
1230.0;72;97;61;68;64;65;23;19;23;21;16;22;20;29
1236.0;73;98;61;64;64;66;22;20;24;22;16;21;20;29
1242.0;74;97;64;63;63;65;22;19;23;23;17;21;20;29
1248.0;73;100;63;64;64;61;22;19;23;24;17;23;20;27
1254.0;75;102;64;63;61;57;23;19;22;23;18;24;21;28
1260.0;77;103;64;61;59;58;23;19;24;24;18;22;20;28
1266.0;77;100;64;61;57;61;24;20;25;23;19;21;21;27
1272.0;78;100;64;61;56;61;24;19;25;23;19;20;24;26
1278.0;77;101;61;62;57;62;22;18;26;24;18;20;25;27
1284.0;77;102;61;62;58;61;22;18;25;25;17;21;25;26
1290.0;77;104;61;65;59;59;22;18;25;22;16;21;26;25
1296.0;78;102;59;66;59;61;23;17;23;26;17;19;26;24
1302.0;79;102;56;65;59;63;23;17;23;28;17;19;26;23
1308.0;80;103;56;63;61;63;26;15;22;27;16;19;26;23
1314.0;82;103;55;64;61;63;25;16;22;23;17;21;25;23
1320.0;81;103;52;63;62;65;25;16;21;28;14;20;24;26
1326.0;81;100;52;64;62;64;26;17;21;29;15;19;25;25
1332.0;80;99;52;64;62;65;26;18;22;27;15;18;25;27
1338.0;80;99;53;64;62;65;25;22;21;28;14;15;25;27
1344.0;81;98;54;64;60;64;28;18;21;27;15;19;25;26
1350.0;82;100;53;62;60;67;26;20;21;28;11;19;26;25
1356.0;83;100;51;63;60;66;26;20;21;29;11;21;25;24
1362.0;85;102;50;60;60;66;26;20;21;30;12;21;25;22
1368.0;87;101;50;60;61;69;24;21;19;29;14;18;24;23
1374.0;88;97;49;60;62;70;25;22;20;31;14;17;21;24
1380.0;86;94;51;61;63;70;25;21;21;31;13;15;24;25
1386.0;86;93;51;64;63;71;25;20;19;30;13;15;24;26
1392.0;87;94;50;66;63;69;24;20;18;30;12;14;27;26
1398.0;87;94;51;64;62;69;22;23;22;29;12;15;23;27
1404.0;89;93;54;62;62;67;23;23;20;26;14;16;25;26
1410.0;87;93;53;64;63;65;23;23;20;25;15;17;25;27
1416.0;88;92;53;65;62;66;22;22;21;25;14;16;27;27
1422.0;90;91;54;65;61;64;23;20;22;26;15;17;27;25
1428.0;89;91;53;63;61;62;24;21;27;26;16;16;27;24
1434.0;89;94;51;62;61;61;25;20;25;27;17;18;25;25
1440.0;89;97;47;61;61;62;26;20;24;27;17;19;25;25
1446.0;90;98;51;59;59;63;26;19;24;27;18;18;24;24
1452.0;87;99;49;60;61;61;26;20;24;27;18;17;27;24
1458.0;84;100;51;60;59;61;28;22;24;27;18;15;25;26
1464.0;82;98;52;58;60;62;27;22;26;24;21;16;25;27
1470.0;83;102;51;58;60;61;28;20;24;23;23;17;24;26
1476.0;84;102;52;56;61;60;28;19;25;22;24;17;24;26
1482.0;84;103;53;54;61;60;28;20;26;23;23;15;24;26
1488.0;86;104;52;55;63;62;27;20;23;24;22;15;22;25
1494.0;87;102;52;54;64;63;26;21;23;26;20;14;22;26
1500.0;85;99;52;56;66;63;24;24;25;24;19;14;22;27
1506.0;83;98;53;57;67;64;23;23;29;21;18;15;22;27
1512.0;83;99;53;58;66;62;25;23;27;24;18;15;22;25
1518.0;83;98;54;60;66;61;24;23;28;24;17;14;22;26
1524.0;80;100;56;61;65;61;24;20;28;24;16;17;24;24
1530.0;78;102;56;59;63;62;24;22;28;24;16;20;23;23
1536.0;77;102;58;59;63;63;25;21;27;24;18;19;20;24
1542.0;75;101;59;59;62;64;26;21;28;22;17;21;20;25
1548.0;75;101;57;60;60;65;26;21;30;20;20;22;18;25
1554.0;77;101;57;59;58;66;25;20;28;18;21;24;21;25
1560.0;81;103;57;59;55;66;24;18;26;18;22;22;23;26
1566.0;80;102;55;60;57;67;22;19;28;17;22;23;24;24
1572.0;79;103;55;60;58;65;20;20;29;17;23;22;25;24
1578.0;82;103;54;61;56;67;20;21;26;19;21;21;25;24
1584.0;84;104;55;62;56;66;19;19;26;17;21;22;24;25
1590.0;83;106;56;62;57;65;17;19;26;16;23;21;23;26
1596.0;82;104;55;62;57;65;18;20;27;17;24;21;22;26
1602.0;81;106;54;65;57;65;18;21;25;17;23;19;22;27
1608.0;82;107;53;64;58;66;19;19;26;17;22;19;23;25
1614.0;81;104;52;67;58;62;21;18;26;20;22;21;23;25
1620.0;82;103;50;66;58;63;20;22;26;20;24;21;21;24
1626.0;82;101;51;66;55;64;19;24;26;20;24;21;21;26
1632.0;84;101;50;68;58;64;18;23;27;20;24;20;18;25
1638.0;85;102;50;67;57;64;20;23;25;21;22;21;18;25
1644.0;85;103;50;67;58;64;21;21;24;20;23;21;18;25
1650.0;85;102;52;65;58;65;21;20;25;22;23;20;16;26
1656.0;86;100;51;69;59;65;20;21;24;22;21;20;16;26
1662.0;85;103;50;71;56;64;18;22;22;24;23;21;17;24
1668.0;85;103;49;73;56;65;17;23;23;22;23;22;16;23
1674.0;84;103;50;69;58;65;18;20;25;23;22;25;15;23
1680.0;82;103;48;66;55;65;18;21;28;22;24;26;17;25
1686.0;82;104;47;66;55;67;18;20;29;22;22;26;17;25
1692.0;82;107;46;68;55;66;17;19;29;20;20;27;19;25
1698.0;82;107;44;68;55;65;19;20;30;21;20;27;17;25
1704.0;81;107;42;69;55;68;22;22;28;20;20;25;18;23
1710.0;80;108;43;69;57;67;20;23;27;20;20;23;20;23
1716.0;80;108;43;67;60;68;21;25;27;20;18;22;20;21
1722.0;79;107;42;69;61;66;19;24;28;22;20;22;20;21
1728.0;79;107;42;71;62;64;19;25;26;22;20;24;20;19
1734.0;80;108;43;71;62;64;19;22;25;21;22;24;20;19
1740.0;78;108;44;70;60;64;21;27;22;20;22;23;22;19
1746.0;78;107;46;71;61;61;21;27;22;19;24;21;22;20
1752.0;78;106;48;69;59;62;22;29;22;18;21;22;22;22
1758.0;76;106;48;72;59;62;20;28;23;19;20;21;25;21
1764.0;76;105;49;72;57;62;24;29;21;18;20;21;25;21
1770.0;74;105;49;70;60;63;24;27;20;18;23;23;24;20
1776.0;75;105;50;70;59;62;27;28;18;21;19;23;27;16
1782.0;78;104;50;70;58;64;25;27;18;22;18;22;28;16
1788.0;77;103;51;72;56;65;23;28;16;24;18;20;29;18
1794.0;75;102;49;72;57;68;23;28;16;26;21;19;27;17
1800.0;73;102;48;74;58;65;27;28;16;27;20;18;27;17
1806.0;74;101;49;74;58;65;26;27;16;26;20;18;26;20
1812.0;74;101;47;75;61;66;25;26;16;25;19;18;27;20
1818.0;73;100;47;76;60;66;24;28;15;27;18;18;28;20
1824.0;75;98;46;75;62;63;23;29;16;26;17;18;29;23
1830.0;75;97;44;78;63;65;21;32;14;28;13;18;29;23
1836.0;72;96;45;79;63;65;21;31;14;31;15;17;28;23
1842.0;74;95;47;79;60;64;22;31;14;31;15;18;29;21
1848.0;75;96;48;82;58;63;22;29;14;32;14;17;30;20
1854.0;74;97;48;84;59;63;22;31;13;30;13;16;28;22
1860.0;74;96;49;85;57;63;21;31;13;30;13;17;28;23
1866.0;73;95;50;85;56;64;21;27;16;31;16;17;27;22
1872.0;73;96;48;85;58;63;21;27;16;31;17;16;28;21
1878.0;73;95;47;85;57;63;23;27;17;32;16;14;28;23
1884.0;74;94;46;84;56;64;21;30;17;32;17;15;27;23
1890.0;76;90;47;82;53;65;24;29;18;34;16;16;26;24
1896.0;75;89;46;81;52;64;25;33;18;34;16;17;27;23
1902.0;76;88;44;78;56;65;26;34;18;31;16;16;29;23
1908.0;77;88;44;78;54;68;21;33;19;29;17;20;30;22
1914.0;77;89;45;80;55;69;22;29;18;30;15;20;32;19
1920.0;77;87;45;80;55;68;24;27;21;29;15;20;33;19
1926.0;78;88;45;79;56;66;25;26;21;29;16;21;32;18
1932.0;78;87;47;79;59;66;24;24;20;30;19;20;30;17
1938.0;78;87;46;80;57;66;23;24;21;31;19;21;29;18
1944.0;78;89;47;78;57;68;22;22;22;30;19;21;29;18
1950.0;79;88;47;80;59;67;23;22;22;29;18;21;26;19
1956.0;80;86;48;81;62;70;24;21;20;27;19;20;24;18
1962.0;79;87;47;82;62;73;24;20;20;27;17;20;23;19
1968.0;80;88;45;82;61;75;25;21;19;25;18;20;22;19
1974.0;81;88;47;83;61;74;26;19;20;25;19;19;21;17
