#auto generated file!
12.0;126;145;133;133;150;135;118;122;118;134;111;128;128;119
18.0;131;147;134;136;148;141;118;118;115;135;113;123;126;115
24.0;134;149;135;140;154;143;117;117;113;130;111;122;120;115
30.0;137;148;138;144;155;146;112;111;109;125;112;125;119;119
36.0;139;148;139;147;155;149;108;109;110;128;109;123;116;120
42.0;145;153;138;146;160;153;108;101;109;126;111;117;115;118
48.0;149;155;138;149;165;156;99;102;108;124;105;115;113;122
54.0;152;158;141;150;167;157;92;103;109;124;103;110;109;125
60.0;152;160;145;149;167;158;94;103;108;121;106;107;107;123
66.0;153;167;147;151;167;162;92;98;109;126;102;105;106;115
72.0;158;173;149;151;167;164;92;101;108;122;102;101;101;111
78.0;160;172;152;153;172;165;94;98;107;120;99;98;100;110
84.0;162;179;151;155;173;166;91;101;105;122;100;97;95;103
90.0;163;181;149;155;175;169;88;99;107;120;103;99;92;100
96.0;170;181;149;155;182;167;87;95;104;120;99;92;99;100
102.0;171;183;150;155;183;168;78;93;106;118;97;93;102;103
108.0;175;187;150;155;186;169;78;95;102;114;93;94;103;99
114.0;176;190;151;157;187;171;78;91;103;109;86;93;104;104
120.0;180;192;152;161;191;171;80;91;107;103;82;90;100;100
126.0;179;194;154;162;194;170;80;89;106;102;82;90;100;98
132.0;180;196;153;163;194;170;80;87;100;105;84;90;100;98
138.0;178;198;158;164;198;172;76;86;96;109;80;91;99;95
144.0;180;198;158;164;200;172;75;81;99;110;83;87;100;93
150.0;188;201;156;164;200;168;72;80;101;116;80;84;100;90
156.0;194;201;159;170;200;166;74;79;101;114;79;79;101;83
162.0;195;201;163;171;199;163;72;76;105;111;82;78;102;82
168.0;197;207;161;169;199;167;73;77;102;108;81;78;101;80
174.0;199;210;162;171;200;171;71;75;99;106;82;74;100;80
180.0;198;210;162;173;199;170;72;71;105;104;83;76;98;79
186.0;201;215;160;171;201;173;70;72;100;100;82;72;100;83
192.0;203;222;160;169;198;172;68;69;97;96;90;74;99;83
198.0;203;225;163;168;200;171;68;65;95;99;87;77;97;82
204.0;202;231;164;168;201;171;69;65;91;96;87;78;94;83
210.0;200;235;167;167;200;169;70;67;85;96;88;79;95;82
216.0;198;237;165;170;201;169;66;70;88;91;86;83;101;75
222.0;201;236;163;170;203;168;64;74;87;87;88;84;101;74
228.0;206;238;163;162;200;170;66;73;85;91;86;85;103;72
234.0;206;238;164;163;200;170;68;73;84;88;89;80;104;73
240.0;207;241;164;160;198;170;72;74;87;90;88;82;99;68
246.0;211;242;164;153;203;172;73;71;86;86;88;80;100;71
252.0;215;243;163;155;203;168;71;70;86;83;90;83;101;69
258.0;219;243;162;159;200;168;73;71;87;81;89;84;95;69
264.0;222;242;161;162;200;166;74;75;85;83;86;82;95;67
270.0;217;250;161;163;199;165;80;75;78;79;89;82;93;69
276.0;217;251;162;164;197;168;86;71;80;80;92;76;90;66
282.0;218;254;163;166;198;165;85;65;81;79;89;78;92;67
288.0;221;254;164;171;200;166;85;64;78;80;86;76;90;65
294.0;223;255;165;171;199;165;85;65;83;82;81;72;84;70
300.0;223;253;166;170;199;162;86;65;82;79;84;74;83;74
306.0;225;259;167;175;199;157;82;66;79;80;80;72;86;73
312.0;223;259;166;172;200;155;82;67;83;75;80;71;90;77
318.0;221;256;172;171;198;154;79;68;85;78;81;72;86;79
324.0;218;260;173;174;195;153;76;70;88;75;78;76;84;80
330.0;217;263;173;169;194;152;72;67;89;79;77;77;89;82
336.0;218;261;169;167;190;158;74;68;88;83;76;81;85;82
342.0;217;265;171;168;190;160;76;67;85;79;73;87;84;78
348.0;218;265;170;167;184;159;78;68;84;83;76;91;85;72
354.0;212;265;168;172;189;163;75;66;83;85;75;90;83;74
360.0;211;265;167;173;185;167;80;66;81;83;78;92;82;70
366.0;212;262;168;176;188;170;78;73;75;81;79;86;83;69
372.0;214;260;169;179;187;172;78;73;70;83;80;86;78;71
378.0;215;260;171;180;185;170;78;76;73;83;80;81;74;74
384.0;215;263;167;185;189;174;78;69;70;81;81;80;76;72
390.0;214;267;166;186;191;175;82;70;73;80;78;74;74;70
396.0;219;267;171;183;190;175;82;74;69;77;77;72;74;70
402.0;216;268;167;185;190;176;83;74;73;77;79;73;73;66
408.0;213;264;171;186;191;178;83;71;76;76;79;75;74;63
414.0;215;259;174;185;188;176;86;77;74;79;78;75;70;64
420.0;214;253;179;184;184;178;90;75;73;79;77;78;70;66
426.0;214;254;180;186;182;179;89;74;72;80;74;76;74;66
432.0;216;257;181;184;182;179;89;73;70;79;77;75;71;67
438.0;220;259;182;184;182;175;88;74;77;78;76;70;69;66
444.0;217;259;177;177;184;180;90;77;73;77;80;73;68;68
450.0;218;261;175;179;183;181;85;79;74;77;82;73;66;67
456.0;220;262;171;178;180;181;87;78;73;74;83;73;70;70
462.0;223;258;172;173;180;179;87;82;77;75;83;73;70;68
468.0;223;259;172;180;180;181;85;83;72;74;82;73;70;66
474.0;227;259;170;180;181;181;85;86;69;71;82;74;72;63
480.0;231;257;170;182;178;178;81;92;70;69;83;73;72;64
486.0;234;256;168;183;173;177;80;91;64;72;84;77;74;67
492.0;236;253;166;185;173;177;81;93;68;70;82;75;78;63
498.0;235;255;169;184;173;173;80;95;65;68;84;76;78;65
504.0;231;257;172;181;179;169;76;97;65;65;81;80;80;67
510.0;234;255;175;181;179;164;71;102;62;66;80;78;80;73
516.0;244;253;175;178;178;163;67;102;64;63;82;78;80;73
522.0;243;256;176;178;180;163;66;102;64;64;76;79;79;74
528.0;243;254;178;176;180;162;73;102;64;61;79;78;78;72
534.0;243;258;179;174;176;158;72;102;73;59;79;75;80;72
540.0;246;255;176;176;175;157;75;106;65;61;76;75;85;72
546.0;244;258;176;175;175;157;74;96;65;62;80;78;86;74
552.0;248;257;178;173;174;156;71;89;67;63;79;80;89;76
558.0;251;257;178;175;174;156;70;91;67;67;79;80;82;73
564.0;250;256;176;179;180;160;71;91;63;64;81;79;81;69
570.0;248;259;172;180;178;159;74;96;63;67;79;77;80;68
576.0;250;259;178;182;178;164;69;93;57;66;77;75;79;73
582.0;242;264;185;183;181;163;70;91;60;66;77;74;73;71
588.0;244;268;184;185;181;163;71;88;61;68;81;68;70;68
594.0;245;264;184;184;181;160;71;91;60;72;78;70;73;67
600.0;247;265;188;190;181;159;71;90;57;72;77;69;71;63
606.0;249;264;190;189;177;158;70;93;55;74;78;67;73;63
612.0;254;265;189;189;176;153;71;91;53;76;79;65;75;64
618.0;255;265;190;190;174;151;70;94;56;71;79;65;73;67
624.0;253;262;190;189;175;150;73;97;56;71;76;67;74;67
630.0;254;264;188;188;176;150;70;101;56;71;72;66;75;69
636.0;253;263;185;185;174;153;69;98;59;71;69;72;79;70
642.0;252;265;184;186;173;156;68;95;60;73;69;72;74;73
648.0;257;264;185;187;171;157;68;92;60;74;69;72;69;75
654.0;259;261;184;188;172;158;70;92;64;72;67;71;68;74
660.0;259;263;183;188;170;154;74;90;65;71;69;73;67;74
666.0;258;263;180;188;169;153;74;90;69;69;72;74;67;74
672.0;255;263;176;191;168;156;74;91;72;72;69;70;68;75
678.0;257;262;175;193;171;156;76;91;72;74;68;64;68;73
684.0;255;264;173;193;171;153;76;92;78;71;68;64;66;76
690.0;251;267;174;194;175;151;72;92;78;70;67;65;68;76
696.0;254;272;174;190;172;152;69;92;76;73;69;62;68;77
702.0;256;273;172;189;171;152;77;91;74;72;68;63;65;77
708.0;258;269;174;188;172;156;76;88;74;71;64;61;67;82
714.0;257;269;177;188;171;153;80;89;72;68;62;63;69;82
720.0;259;267;178;188;169;157;73;87;69;69;63;66;68;87
726.0;257;268;179;183;174;158;72;88;68;70;61;70;64;88
732.0;258;264;182;182;177;158;72;88;70;71;59;69;65;85
738.0;251;263;185;182;182;157;67;86;75;72;61;68;67;84
744.0;253;265;180;181;181;156;68;84;75;73;60;71;69;84
750.0;255;268;182;180;182;157;69;79;76;73;59;67;67;86
756.0;257;267;183;181;182;159;73;78;76;71;59;63;68;83
762.0;257;269;184;180;180;160;78;76;73;72;57;61;69;84
768.0;256;273;185;182;181;165;79;73;73;72;60;61;65;75
774.0;259;273;185;182;181;161;76;77;69;72;59;59;68;79
780.0;261;275;183;183;185;156;74;76;66;74;58;57;70;82
786.0;263;278;181;182;186;157;73;80;63;76;60;53;70;78
792.0;259;279;180;185;185;158;73;78;65;77;60;54;72;75
798.0;263;277;182;185;187;154;69;76;66;82;62;53;71;73
804.0;260;278;181;184;188;155;69;82;65;82;63;53;70;70
810.0;259;277;182;185;186;158;68;79;69;81;65;54;68;69
816.0;261;277;180;189;181;157;66;77;69;83;63;54;71;72
822.0;256;276;181;181;183;159;68;75;66;84;65;58;71;77
828.0;256;276;180;179;184;163;65;75;63;86;69;60;67;77
834.0;254;281;182;181;186;159;67;71;62;83;71;59;66;78
840.0;252;280;180;189;186;157;68;72;67;80;69;63;65;72
846.0;254;282;178;189;185;156;69;72;70;76;72;61;67;69
852.0;256;280;178;190;187;154;70;68;70;76;71;61;70;69
858.0;257;276;176;191;183;151;66;73;70;76;73;63;72;73
864.0;253;276;177;190;182;150;66;74;70;77;73;61;73;78
870.0;251;279;177;195;183;153;64;75;70;75;72;61;71;74
876.0;251;277;174;191;188;151;67;74;71;80;70;61;71;74
882.0;251;278;173;187;191;151;68;69;71;79;70;61;72;79
888.0;255;276;172;185;192;154;66;75;71;75;71;63;71;74
894.0;256;276;172;189;193;155;67;78;64;73;71;66;69;71
900.0;254;273;170;187;197;156;68;78;65;71;71;69;70;71
906.0;252;270;176;186;195;155;68;74;67;74;70;70;68;75
912.0;253;272;176;182;195;160;69;73;67;72;69;69;70;73
918.0;254;275;171;185;193;160;69;72;69;71;70;68;71;72
924.0;253;276;168;183;186;157;66;77;68;80;75;66;72;73
930.0;255;276;170;183;187;152;64;78;72;83;75;67;71;67
936.0;255;282;169;182;188;151;66;73;71;81;74;65;77;66
942.0;250;282;169;175;189;152;68;74;74;85;74;64;77;67
948.0;249;280;172;173;187;153;69;73;71;86;74;63;84;66
954.0;251;280;169;174;190;151;65;70;73;85;78;61;85;68
960.0;251;278;167;176;184;148;66;67;75;86;83;66;86;67
966.0;249;279;167;177;186;147;66;71;77;83;84;65;83;66
972.0;250;280;165;180;190;148;60;70;76;84;84;65;81;67
978.0;248;278;173;180;188;146;57;64;76;88;84;70;82;66
984.0;248;275;171;180;194;149;63;65;73;88;82;69;83;60
990.0;247;280;172;182;194;148;60;65;79;78;84;71;82;58
996.0;255;281;165;187;192;151;61;65;77;77;81;71;81;56
1002.0;254;277;164;189;189;153;61;69;76;76;81;70;82;59
1008.0;253;277;164;191;190;153;63;71;74;74;78;70;87;55
1014.0;255;281;161;192;192;152;59;71;77;73;77;71;86;53
1020.0;256;280;165;186;187;159;56;69;76;73;80;72;86;55
1026.0;259;275;168;181;187;160;55;68;79;77;78;73;84;56
1032.0;259;273;165;177;184;159;62;75;75;74;79;73;87;58
1038.0;261;269;165;181;184;161;62;78;74;73;78;74;84;56
1044.0;258;268;165;180;183;160;65;80;73;75;77;74;84;58
1050.0;259;269;162;177;181;159;62;80;77;75;78;74;86;61
1056.0;260;270;165;179;179;160;64;77;76;78;77;70;87;58
1062.0;262;271;163;178;178;162;63;76;72;78;83;66;88;60
1068.0;266;272;166;175;181;158;63;73;71;78;83;68;84;62
1074.0;265;272;169;179;179;156;64;72;70;73;85;73;81;62
1080.0;267;281;166;181;175;157;65;73;68;75;82;74;75;61
1086.0;260;281;166;181;177;159;62;77;68;75;88;74;72;60
1092.0;257;283;164;179;178;158;61;77;69;74;85;74;78;63
1098.0;257;283;164;179;176;163;61;78;69;72;84;70;78;66
1104.0;255;282;166;178;173;163;61;81;66;71;82;71;79;72
1110.0;251;281;165;177;175;161;62;85;64;72;84;72;79;72
1116.0;252;278;168;179;177;164;66;83;63;71;80;74;78;67
1122.0;252;278;169;182;177;165;62;80;62;72;84;73;76;68
1128.0;253;277;167;176;178;166;62;77;62;75;84;75;81;67
1134.0;253;277;168;176;176;165;59;75;60;76;84;80;80;71
1140.0;255;276;163;181;172;168;59;73;64;74;86;81;77;71
1146.0;257;277;160;184;175;170;57;71;67;74;86;83;72;67
1152.0;260;275;161;185;175;172;54;70;66;72;87;87;72;64
1158.0;260;272;159;190;178;173;52;67;64;77;85;84;74;65
1164.0;258;269;161;192;178;170;56;67;64;76;88;86;70;65
1170.0;258;268;158;193;177;165;56;71;63;79;88;88;71;65
1176.0;260;273;159;193;181;164;56;72;61;73;89;83;68;68
1182.0;266;272;158;191;177;163;60;70;60;73;90;84;70;66
1188.0;263;275;157;189;179;167;63;64;59;76;85;87;70;66
1194.0;265;274;158;189;175;168;65;67;60;73;84;85;72;65
1200.0;266;280;162;188;174;163;64;65;63;76;82;82;73;62
1206.0;265;283;160;186;173;163;68;65;61;80;80;83;71;62
1212.0;262;286;156;187;176;162;71;63;63;81;80;81;69;63
1218.0;263;285;158;187;179;164;69;60;63;79;80;82;68;63
1224.0;266;285;160;187;178;166;68;60;64;82;80;75;65;64
1230.0;265;282;162;186;180;161;69;60;61;81;85;77;67;64
1236.0;265;287;162;188;177;161;68;58;62;81;84;75;65;67
1242.0;266;285;160;184;179;158;65;62;64;85;84;76;64;68
1248.0;266;286;159;183;183;154;64;63;67;79;85;74;69;68
1254.0;269;281;166;182;182;152;64;62;72;77;83;70;72;68
1260.0;268;280;165;180;181;155;63;66;72;80;80;73;72;65
1266.0;268;285;163;177;180;158;60;68;65;79;79;78;74;66
1272.0;266;287;161;180;181;162;60;69;65;76;77;80;73;63
1278.0;269;289;159;178;183;160;59;70;65;75;75;80;76;62
1284.0;267;291;157;179;184;163;60;68;63;73;77;81;78;59
1290.0;269;293;162;173;182;163;58;67;62;73;78;85;77;58
1296.0;271;295;163;168;186;164;57;72;61;73;72;84;74;60
1302.0;274;292;163;161;188;163;59;72;60;70;78;83;75;62
1308.0;278;292;163;161;190;162;58;70;65;68;75;81;74;63
1314.0;280;289;164;163;190;159;57;69;66;69;81;77;74;62
1320.0;281;292;165;162;187;157;59;66;65;68;79;81;76;62
1326.0;279;290;167;164;185;158;59;65;65;69;79;82;78;60
1332.0;276;291;162;163;184;160;64;67;65;74;79;81;79;55
1338.0;276;291;158;165;186;158;67;69;66;73;79;82;76;54
1344.0;275;293;160;167;186;158;63;66;67;74;86;84;71;50
1350.0;274;289;160;168;181;159;66;66;71;72;88;80;75;51
1356.0;274;291;166;169;182;160;66;65;73;69;85;80;67;53
1362.0;270;291;164;171;183;160;64;65;75;74;84;80;65;54
1368.0;270;294;163;173;185;163;65;58;76;69;82;79;69;54
1374.0;270;296;163;174;182;162;67;56;76;67;82;72;72;61
1380.0;274;293;162;179;181;163;65;55;79;64;85;77;68;55
1386.0;272;294;164;179;180;162;63;56;81;68;86;71;69;55
1392.0;276;300;164;179;179;163;62;56;80;67;83;71;69;51
1398.0;283;300;163;181;181;166;65;59;74;66;77;69;65;51
1404.0;280;298;167;182;177;167;69;57;78;64;74;75;60;52
1410.0;278;295;170;184;173;167;67;62;72;64;77;75;61;55
1416.0;275;304;169;184;175;161;71;62;70;63;76;74;61;55
1422.0;275;303;168;185;172;158;72;65;72;61;78;71;62;58
1428.0;277;305;173;187;168;160;71;61;71;61;76;70;59;61
1434.0;279;304;173;190;165;160;74;61;72;60;70;67;58;67
1440.0;278;301;177;188;170;158;74;62;76;58;70;67;55;66
1446.0;279;300;177;185;169;158;78;60;77;58;71;69;53;66
1452.0;283;302;174;187;168;159;75;60;78;56;71;69;53;65
1458.0;283;301;173;185;166;161;76;59;77;55;76;67;55;66
1464.0;282;294;174;187;164;164;75;62;74;56;73;71;56;68
1470.0;282;298;170;185;162;167;72;65;71;58;76;72;55;67
1476.0;287;294;168;188;159;168;72;66;70;58;78;69;54;69
1482.0;284;292;168;188;160;169;72;64;67;63;81;69;52;71
1488.0;280;291;169;181;163;176;74;67;68;64;80;69;51;67
1494.0;279;290;169;181;164;177;72;70;65;65;76;66;56;70
1500.0;278;290;171;180;170;175;77;67;66;59;76;64;54;73
1506.0;277;288;168;182;169;178;74;70;64;58;76;66;57;73
1512.0;272;286;168;181;170;181;77;67;63;56;76;68;61;74
1518.0;271;286;167;182;173;182;77;65;63;59;78;64;60;73
1524.0;274;285;167;181;173;186;76;64;66;60;77;65;58;68
1530.0;269;284;170;183;176;187;75;68;62;64;75;65;58;64
1536.0;270;287;169;188;175;185;71;69;63;65;73;63;59;63
1542.0;267;286;166;188;176;187;71;73;63;66;72;61;56;68
1548.0;266;287;167;191;177;182;69;77;61;65;72;66;52;68
1554.0;267;283;173;191;181;186;68;73;58;65;71;66;53;65
1560.0;266;281;175;195;183;187;65;66;58;69;69;65;54;67
1566.0;265;282;171;195;180;189;64;65;61;71;68;66;55;68
1572.0;270;288;169;193;180;189;63;61;62;70;68;64;54;69
1578.0;271;284;167;197;185;187;61;60;64;71;69;59;57;68
1584.0;269;281;162;191;189;190;57;56;62;71;73;62;64;73
1590.0;271;282;164;191;191;193;56;55;60;68;72;63;61;73
1596.0;272;283;160;190;191;193;57;57;58;66;75;67;59;72
1602.0;270;283;155;188;190;194;59;59;63;66;75;67;62;69
1608.0;269;287;154;187;189;196;64;57;61;63;73;68;63;69
1614.0;271;287;156;188;181;194;63;55;66;69;69;69;66;66
1620.0;271;287;152;184;182;197;64;57;69;72;63;71;64;67
1626.0;274;284;153;189;182;196;64;59;66;72;64;70;60;67
1632.0;272;284;154;194;182;193;68;56;61;73;66;68;59;70
1638.0;278;281;157;191;184;197;69;55;62;70;65;65;59;67
1644.0;278;278;162;190;189;197;67;53;63;68;64;67;60;64
1650.0;284;279;161;189;194;195;62;57;61;68;64;62;62;62
1656.0;285;278;159;190;192;190;63;60;64;66;64;63;64;62
1662.0;287;277;158;188;193;188;63;62;62;64;65;67;66;60
1668.0;290;276;160;192;191;190;62;66;64;64;64;63;63;55
1674.0;288;276;161;194;189;191;65;67;62;63;62;62;62;58
1680.0;285;277;164;190;189;196;65;66;62;58;63;59;66;60
1686.0;285;277;163;195;188;192;70;67;60;55;64;57;67;60
1692.0;286;280;161;196;183;192;71;68;62;57;63;57;66;58
1698.0;287;281;159;194;182;194;70;67;59;58;63;58;69;59
1704.0;295;279;156;196;175;193;68;74;61;55;58;59;71;60
1710.0;299;279;155;198;178;191;66;74;62;51;56;62;69;60
1716.0;295;280;154;200;178;195;67;74;58;53;53;64;73;56
1722.0;297;281;155;200;179;195;68;71;55;54;54;65;71;55
1728.0;302;280;154;199;178;199;68;74;52;49;54;65;72;54
1734.0;300;281;154;204;175;200;69;70;50;50;53;64;72;58
1740.0;303;282;149;204;176;198;67;64;50;52;57;64;74;60
1746.0;306;280;148;202;177;200;66;65;48;56;57;64;71;60
1752.0;308;281;149;199;177;201;67;61;47;60;62;67;66;55
1758.0;306;280;143;198;176;201;69;61;52;60;61;71;70;52
1764.0;307;283;145;194;175;200;64;62;52;62;63;67;70;56
1770.0;309;284;144;193;173;193;64;63;50;66;66;67;71;57
1776.0;308;282;142;193;170;194;63;62;52;68;73;68;69;56
1782.0;306;277;140;191;173;198;63;63;57;73;71;67;69;52
1788.0;304;280;138;190;173;198;62;65;62;75;67;65;70;51
1794.0;300;277;143;193;172;197;61;65;63;74;68;66;70;51
1800.0;303;278;142;187;168;197;63;63;67;72;71;66;74;49
1806.0;300;277;141;185;169;197;64;64;67;74;76;65;73;48
1812.0;300;275;144;180;170;198;66;63;66;75;77;67;71;48
1818.0;300;274;146;173;164;200;68;65;69;76;79;69;70;47
1824.0;301;276;145;171;165;197;72;65;73;68;78;75;69;45
1830.0;299;277;146;170;162;192;72;67;74;70;77;75;71;48
1836.0;302;284;148;169;159;193;69;72;69;68;78;75;67;47
1842.0;302;287;151;169;164;195;66;70;62;71;77;73;67;46
1848.0;300;288;150;167;163;203;65;69;65;69;76;73;65;47
1854.0;298;290;154;168;159;204;68;66;63;67;76;75;67;45
1860.0;301;289;155;169;165;198;69;64;63;67;72;73;70;45
1866.0;302;290;157;168;171;192;73;61;67;65;69;68;69;48
1872.0;297;289;158;167;176;190;74;65;66;64;68;68;69;49
1878.0;298;289;159;169;170;191;68;63;65;69;69;70;69;51
1884.0;299;287;158;170;171;191;72;62;64;71;68;70;65;52
1890.0;298;288;161;169;171;191;75;57;60;75;68;66;66;55
1896.0;293;289;159;171;170;193;72;58;63;76;70;64;65;57
1902.0;292;288;160;168;171;194;73;59;63;72;72;65;64;59
1908.0;286;291;160;168;171;196;70;57;63;76;70;68;67;57
1914.0;287;288;164;168;170;191;70;58;65;74;68;64;71;62
1920.0;289;296;163;173;170;193;67;56;61;72;67;62;71;60
1926.0;287;300;164;171;173;189;65;54;63;71;62;67;75;59
1932.0;284;301;165;171;171;186;67;55;64;74;64;63;76;59
1938.0;286;306;161;170;171;189;69;54;65;69;63;59;76;62
1944.0;288;307;159;167;170;191;70;55;59;69;65;58;76;66
1950.0;288;309;157;164;168;190;66;55;57;73;66;60;80;67
1956.0;288;311;156;163;171;190;66;56;61;72;65;61;75;65
1962.0;289;316;152;159;171;190;66;56;64;73;60;66;73;65
1968.0;289;312;155;158;172;188;62;53;66;78;60;64;69;74
1974.0;289;310;155;157;172;184;63;58;67;77;62;66;67;73
