#auto generated file!
12.0;38;41;52;39;48;50;37;44;40;46;36;41;40;48
18.0;39;41;52;40;49;51;37;42;39;47;35;40;41;47
24.0;40;41;53;42;48;50;34;43;39;46;38;37;41;48
30.0;42;44;53;44;51;49;31;42;40;46;38;33;39;48
36.0;45;44;55;44;51;50;32;39;38;45;39;32;40;46
42.0;46;45;56;43;49;51;33;37;37;47;38;32;41;45
48.0;46;44;55;43;50;53;37;38;35;45;38;33;41;42
54.0;46;44;56;44;51;54;39;35;34;45;38;32;43;39
60.0;48;43;58;45;54;55;38;35;32;45;33;32;42;40
66.0;48;41;58;49;59;57;41;33;30;45;30;32;37;40
72.0;46;42;59;51;56;59;38;34;29;48;30;34;36;38
78.0;47;43;61;51;56;59;37;36;29;44;31;33;35;38
84.0;48;44;62;52;55;59;36;37;29;42;32;33;34;37
90.0;51;44;61;52;54;57;39;37;31;42;33;28;33;38
96.0;50;45;61;52;55;56;38;36;32;43;36;26;34;36
102.0;54;47;61;51;59;56;36;35;28;43;36;26;32;36
108.0;57;48;61;51;62;58;37;33;26;39;35;24;32;37
114.0;58;50;60;52;62;56;37;32;27;40;34;24;35;33
120.0;60;51;59;53;61;55;36;31;25;44;34;25;34;32
126.0;62;51;58;53;62;56;35;34;26;42;32;22;36;31
132.0;65;50;57;56;63;55;34;33;27;39;32;22;37;30
138.0;65;53;55;60;61;53;37;33;28;37;31;23;36;28
144.0;66;57;56;60;62;52;35;28;25;39;32;24;37;27
150.0;67;57;57;59;61;53;36;30;26;36;32;25;35;26
156.0;66;58;59;59;62;51;37;28;25;35;32;26;35;27
162.0;66;58;61;57;61;49;38;31;28;33;29;28;34;27
168.0;69;59;59;55;61;48;39;33;28;34;29;28;33;25
174.0;69;60;59;55;62;49;36;32;29;36;31;27;29;26
180.0;70;61;58;55;58;50;34;35;26;37;32;26;30;28
186.0;71;62;58;56;58;49;32;35;25;37;32;27;31;27
192.0;73;63;59;57;58;50;29;35;23;36;33;29;30;25
198.0;74;63;59;58;58;50;30;37;23;33;34;29;31;21
204.0;74;64;58;58;63;50;31;39;23;30;32;26;29;23
210.0;76;64;58;59;63;48;31;39;27;31;29;24;28;23
216.0;76;62;58;61;62;46;33;40;28;31;29;24;29;21
222.0;75;62;59;63;64;43;33;41;28;31;28;25;27;21
228.0;75;63;63;60;67;44;33;38;29;30;27;23;29;19
234.0;75;64;64;60;69;43;33;39;29;29;25;22;26;22
240.0;78;63;62;61;69;42;31;41;28;28;23;25;27;22
246.0;78;63;63;61;71;44;28;38;27;30;24;23;28;22
252.0;79;68;63;60;70;45;27;38;27;28;24;23;28;20
258.0;79;68;65;60;69;44;28;35;26;27;24;26;31;18
264.0;81;68;61;63;68;45;28;35;24;28;23;27;31;18
270.0;81;69;60;63;67;46;30;35;22;30;24;24;30;19
276.0;78;70;63;61;68;47;27;37;21;29;27;23;29;20
282.0;80;73;63;61;66;47;26;38;22;27;27;21;30;19
288.0;79;74;62;61;65;48;26;38;23;24;28;21;31;20
294.0;79;73;65;61;65;48;25;39;22;23;27;21;32;20
300.0;79;73;68;63;65;47;24;36;24;22;25;23;29;22
306.0;77;73;68;62;65;50;27;35;24;22;27;22;27;21
312.0;80;75;68;62;67;49;25;34;23;22;28;21;26;20
318.0;82;76;66;63;68;48;23;32;23;20;29;21;29;20
324.0;83;75;70;61;68;49;23;30;24;21;28;20;27;21
330.0;84;76;69;60;70;47;23;28;26;22;30;17;27;21
336.0;84;76;68;60;70;47;25;26;26;23;29;17;26;23
342.0;85;77;67;60;69;48;24;25;27;23;29;18;27;21
348.0;86;78;68;58;70;47;25;25;27;22;30;19;25;20
354.0;86;77;65;59;70;45;25;27;26;21;30;19;29;21
360.0;85;77;65;59;70;46;25;25;25;21;30;21;29;22
366.0;84;75;64;58;69;48;25;25;25;23;31;23;29;21
372.0;83;77;61;58;69;50;25;25;23;25;30;23;28;23
378.0;84;77;62;57;67;49;25;24;23;28;30;22;27;25
384.0;85;76;60;57;67;49;26;25;25;28;32;22;27;21
390.0;88;78;60;57;67;48;26;27;25;25;30;24;26;19
396.0;88;79;60;58;66;49;26;26;24;26;31;20;27;20
402.0;87;76;60;63;66;50;26;22;25;24;31;21;27;22
408.0;87;79;62;61;63;51;24;23;28;24;32;24;21;21
414.0;87;80;63;60;64;51;23;22;29;23;34;25;20;19
420.0;86;76;64;63;66;50;24;23;29;21;34;25;22;17
426.0;84;78;63;64;66;54;25;22;28;20;33;26;20;17
432.0;83;75;63;64;66;58;24;25;28;20;32;24;21;17
438.0;87;72;63;61;65;56;23;28;30;20;32;25;21;17
444.0;85;71;63;63;66;53;22;29;33;23;31;25;21;15
450.0;86;71;62;66;63;54;22;28;33;23;33;24;21;14
456.0;85;76;61;63;65;54;24;27;32;21;32;24;22;14
462.0;85;73;58;62;63;53;27;30;30;22;33;23;25;16
468.0;84;73;60;61;63;54;29;28;26;23;34;22;25;18
474.0;82;71;59;62;65;52;31;29;28;22;32;22;26;19
480.0;84;70;60;60;64;52;29;31;29;22;34;21;25;19
486.0;84;70;61;60;63;52;28;30;30;22;35;22;24;19
492.0;85;70;60;59;62;53;29;30;29;23;35;21;24;20
498.0;85;71;59;60;62;53;30;30;26;23;34;21;26;20
504.0;84;70;61;57;63;53;32;29;26;22;34;22;28;19
510.0;87;70;59;57;62;54;35;27;27;22;34;20;26;20
516.0;87;71;57;60;61;55;32;28;30;22;31;21;25;20
522.0;86;70;59;60;61;54;33;28;32;21;31;20;25;20
528.0;86;70;60;60;61;54;33;28;32;22;28;21;25;20
534.0;85;71;59;60;60;54;32;27;33;22;28;21;28;20
540.0;83;72;57;61;59;56;33;26;34;22;29;21;27;20
546.0;83;73;58;59;60;57;34;25;33;22;26;21;28;21
552.0;84;73;59;59;60;58;30;24;35;21;27;21;28;21
558.0;85;74;61;56;59;58;31;22;35;21;28;21;26;23
564.0;85;73;62;57;59;58;31;21;35;23;27;20;25;24
570.0;85;72;62;57;60;57;34;21;34;23;28;19;25;23
576.0;86;71;61;57;61;57;31;23;31;23;28;22;26;23
582.0;86;74;60;58;60;57;32;25;30;22;28;19;26;23
588.0;86;74;61;61;60;56;32;24;29;20;28;20;26;23
594.0;87;76;61;61;59;57;32;25;29;20;26;20;25;22
600.0;88;76;60;61;57;56;31;25;31;20;27;21;26;21
606.0;90;75;60;61;58;56;32;24;28;22;29;23;24;18
612.0;91;74;60;59;61;55;31;24;29;23;28;23;25;17
618.0;88;74;60;58;63;56;30;25;30;22;28;24;25;17
624.0;88;73;59;60;64;57;30;26;29;23;28;23;24;16
630.0;90;72;58;58;65;58;32;24;29;23;26;24;25;16
636.0;90;74;59;60;63;59;28;24;28;23;26;23;25;18
642.0;92;76;58;62;62;57;29;21;27;23;27;22;26;18
648.0;92;74;58;63;62;58;28;19;27;23;27;24;26;19
654.0;95;75;56;64;62;59;26;18;27;24;25;24;25;20
660.0;96;78;56;61;59;58;25;19;27;25;25;24;26;21
666.0;97;74;56;62;61;58;25;21;26;23;25;26;23;23
672.0;97;75;53;62;60;59;25;21;30;22;24;27;23;22
678.0;96;76;55;64;60;57;24;22;29;25;21;26;23;22
684.0;96;75;53;65;64;56;23;22;28;25;21;27;23;22
690.0;95;77;53;65;64;52;23;21;28;24;24;27;25;22
696.0;94;77;54;66;64;52;25;22;28;22;23;28;23;22
702.0;94;77;57;64;64;51;26;24;25;25;22;25;23;23
708.0;94;78;58;64;62;53;26;26;24;25;22;24;22;22
714.0;92;80;58;64;63;52;24;26;24;26;20;24;23;24
720.0;92;80;57;63;65;53;22;25;23;26;21;25;23;25
726.0;95;77;58;61;66;53;20;22;24;23;23;25;27;26
732.0;97;79;60;60;64;52;20;21;22;23;22;27;26;27
738.0;96;79;60;60;63;52;20;21;21;24;24;28;26;26
744.0;95;80;63;60;63;52;17;21;20;24;25;27;27;26
750.0;92;83;62;60;61;52;18;21;19;23;25;28;28;28
756.0;91;82;62;62;62;52;17;22;20;23;26;27;28;26
762.0;94;82;61;63;63;52;18;21;20;22;25;27;27;25
768.0;94;82;60;63;63;51;19;23;20;22;24;28;27;24
774.0;94;81;63;64;62;51;19;23;18;21;25;27;28;24
780.0;94;83;63;64;62;52;18;21;18;19;25;29;30;22
786.0;97;83;62;64;60;52;17;20;18;21;26;28;29;23
792.0;97;81;62;64;63;52;17;21;17;21;24;27;30;24
798.0;97;83;59;63;63;53;20;22;19;21;23;27;29;21
804.0;94;82;59;62;62;53;20;22;18;24;23;27;34;20
810.0;95;81;61;63;62;53;19;18;19;25;24;26;34;20
816.0;93;82;62;63;61;53;19;18;19;26;26;24;35;19
822.0;92;82;62;61;62;52;19;18;20;26;26;26;35;19
828.0;93;82;62;61;63;50;20;19;20;25;25;25;34;21
834.0;95;83;61;62;62;51;21;19;19;22;24;26;34;21
840.0;95;85;60;58;63;52;20;18;21;22;23;24;35;24
846.0;93;84;61;57;63;53;18;19;23;21;23;23;36;26
852.0;94;84;61;58;63;51;16;22;25;20;23;23;37;23
858.0;94;83;62;58;65;52;15;23;23;19;23;25;36;22
864.0;94;82;61;60;64;52;17;23;23;20;22;26;35;21
870.0;91;83;61;60;65;51;17;22;25;20;22;27;35;21
876.0;93;80;64;61;65;47;16;23;26;22;22;25;36;20
882.0;92;83;61;61;64;47;16;23;29;22;22;26;36;18
888.0;92;84;60;62;64;46;16;21;30;23;25;24;35;18
894.0;92;86;61;61;66;46;15;23;29;23;23;26;31;18
900.0;91;86;61;62;61;46;17;23;27;26;23;29;29;19
906.0;91;86;62;62;61;45;19;23;26;27;23;27;29;19
912.0;92;85;64;62;61;45;20;20;26;25;24;26;31;19
918.0;93;84;63;60;61;46;21;19;26;26;24;27;30;20
924.0;92;86;63;60;61;48;19;18;26;25;25;27;30;20
930.0;94;86;63;59;61;44;20;17;27;25;27;25;31;21
936.0;93;87;64;58;61;45;23;16;24;29;23;24;32;21
942.0;92;87;67;59;62;43;23;15;24;30;22;23;34;19
948.0;91;86;66;60;63;45;23;16;23;27;25;23;33;19
954.0;93;86;66;63;64;47;23;16;24;25;19;22;32;20
960.0;93;86;62;63;62;51;27;16;24;25;17;23;30;21
966.0;95;85;61;62;62;50;27;18;29;21;15;23;32;20
972.0;96;85;59;63;62;51;29;18;30;21;15;23;29;19
978.0;97;87;61;61;63;52;25;19;29;19;16;21;29;21
984.0;97;88;60;61;63;52;24;20;30;19;15;21;27;23
990.0;97;89;58;65;63;54;23;21;30;18;13;22;24;23
996.0;97;89;60;65;64;53;22;22;29;19;12;22;25;21
1002.0;98;90;59;63;64;53;24;22;30;17;13;22;26;19
1008.0;98;89;61;63;63;56;25;23;23;16;14;23;27;19
1014.0;99;89;59;63;64;54;26;21;26;18;12;25;25;19
1020.0;96;88;59;65;65;55;29;22;28;17;12;22;24;18
1026.0;95;89;61;64;65;55;31;20;24;17;13;25;24;17
1032.0;96;88;60;65;66;54;29;21;23;19;12;25;24;18
1038.0;94;86;63;66;69;52;26;22;22;21;12;25;23;19
1044.0;92;86;59;67;70;53;27;24;20;22;11;26;24;19
1050.0;94;88;59;67;70;52;26;26;19;22;10;24;23;20
1056.0;94;88;57;70;65;51;27;26;22;19;13;26;22;20
1062.0;93;88;58;70;63;51;32;25;24;20;14;21;21;20
1068.0;91;89;57;71;62;52;31;27;21;24;15;20;21;19
1074.0;90;88;58;70;61;53;31;24;23;25;18;20;21;18
1080.0;90;90;56;67;63;56;27;23;21;27;20;21;22;17
1086.0;90;88;57;65;63;58;25;22;24;27;20;20;24;17
1092.0;90;89;58;63;63;57;25;22;24;27;20;19;27;16
1098.0;88;89;57;64;65;55;27;20;25;28;19;20;27;16
1104.0;90;89;57;63;65;54;30;18;24;27;18;21;28;16
1110.0;89;89;59;63;64;54;27;20;24;28;18;22;29;14
1116.0;91;89;58;62;64;54;26;20;27;29;17;20;29;14
1122.0;92;89;57;61;64;53;28;21;26;26;16;21;29;17
1128.0;91;90;60;60;64;51;29;20;26;26;20;20;27;16
1134.0;93;89;58;60;64;51;32;18;26;26;20;21;26;16
1140.0;92;89;58;59;63;49;33;19;28;27;20;23;23;17
1146.0;92;90;58;56;61;51;32;18;28;27;21;24;23;19
1152.0;93;89;60;55;60;51;30;20;25;26;21;27;25;18
1158.0;94;88;61;57;62;50;27;19;23;27;23;27;25;17
1164.0;94;92;60;57;61;50;25;18;23;26;23;27;25;19
1170.0;94;94;58;57;60;49;26;18;24;26;26;25;24;19
1176.0;92;93;58;56;61;47;26;19;25;27;27;24;27;18
1182.0;92;94;56;57;62;44;28;18;25;28;27;23;29;17
1188.0;90;95;55;61;61;45;28;19;26;28;24;20;30;18
1194.0;90;95;53;61;62;45;26;21;26;32;26;19;27;17
1200.0;88;95;53;62;62;46;27;21;27;30;26;20;26;17
1206.0;89;95;53;60;63;47;29;20;24;32;25;22;23;18
1212.0;92;96;49;59;65;45;25;20;23;31;25;23;26;21
1218.0;94;98;48;59;65;43;23;20;24;31;26;23;27;19
1224.0;96;97;46;57;65;43;24;22;23;30;25;23;27;22
1230.0;97;98;47;57;64;43;23;21;22;30;27;23;28;20
1236.0;100;98;47;57;62;44;23;19;22;27;27;25;27;22
1242.0;98;99;48;58;62;45;23;19;22;27;27;25;25;22
1248.0;99;100;48;58;62;44;22;20;21;25;26;26;28;21
1254.0;99;99;49;57;60;47;24;22;21;24;27;25;28;18
1260.0;98;98;48;56;62;51;25;25;20;25;27;23;26;16
1266.0;96;97;50;55;65;49;27;24;20;26;29;21;25;16
1272.0;96;96;50;54;63;51;29;22;20;26;28;21;26;18
1278.0;96;98;49;51;63;50;30;23;21;25;26;21;26;21
1284.0;94;101;49;51;62;48;32;25;21;24;25;21;27;20
1290.0;95;100;47;51;64;49;34;25;20;21;26;20;26;22
1296.0;93;101;48;51;64;50;33;27;19;19;27;19;27;22
1302.0;95;101;49;52;65;50;33;25;18;19;27;17;27;22
1308.0;97;104;48;52;65;50;31;25;20;18;24;17;25;24
1314.0;97;104;48;54;64;49;31;25;19;17;23;18;26;25
1320.0;97;105;48;53;64;50;31;26;18;17;23;18;25;25
1326.0;99;106;47;52;64;51;28;25;19;17;23;18;24;27
1332.0;99;107;47;50;64;52;28;25;18;17;22;18;25;28
1338.0;97;107;46;51;66;50;30;25;18;20;22;18;21;29
1344.0;98;105;47;52;66;50;29;25;20;20;20;17;23;28
1350.0;96;104;48;52;67;51;27;25;21;19;22;17;23;28
1356.0;96;105;48;53;66;51;25;25;21;19;23;17;23;28
1362.0;96;105;48;54;67;50;23;27;21;21;24;15;23;26
1368.0;94;105;50;54;67;53;21;28;22;19;24;16;22;25
1374.0;95;104;52;52;67;52;20;28;21;20;24;16;24;25
1380.0;96;104;51;52;67;52;20;30;20;20;24;19;21;24
1386.0;98;104;52;53;66;50;21;29;22;20;23;16;20;26
1392.0;100;104;52;54;64;51;22;30;24;20;23;12;18;26
1398.0;99;105;52;54;66;50;18;30;27;21;23;11;18;26
1404.0;99;104;53;57;63;49;18;31;27;21;22;11;19;26
1410.0;96;102;53;56;63;51;17;34;28;21;22;12;20;25
1416.0;96;100;54;56;62;51;17;33;26;22;24;14;21;24
1422.0;94;101;53;55;63;50;16;35;27;23;21;18;20;24
1428.0;95;102;53;54;64;49;15;32;28;24;21;20;20;23
1434.0;95;101;51;55;63;49;16;31;29;24;21;21;20;24
1440.0;93;100;51;55;64;50;14;32;28;27;22;21;20;23
1446.0;93;100;51;55;64;49;17;29;29;27;22;23;19;22
1452.0;93;101;51;56;66;49;16;30;27;25;24;21;19;22
1458.0;92;100;51;57;67;49;17;31;25;23;24;22;20;22
1464.0;92;99;55;57;65;51;18;28;25;24;23;20;21;22
1470.0;92;97;56;56;64;51;20;28;24;25;24;19;22;22
1476.0;92;96;53;56;62;49;21;28;27;26;24;21;22;23
1482.0;92;97;50;57;62;50;21;30;26;25;25;19;22;24
1488.0;91;98;50;57;63;50;22;30;26;22;26;18;23;24
1494.0;92;101;53;59;59;50;22;31;25;19;26;19;23;21
1500.0;94;102;54;57;59;52;24;29;25;19;24;19;23;19
1506.0;96;100;54;57;61;51;22;32;24;19;22;19;24;19
1512.0;95;100;57;56;60;49;24;33;22;19;21;18;26;20
1518.0;94;99;59;58;59;49;22;32;22;19;22;17;27;21
1524.0;94;102;57;58;61;49;22;31;21;22;21;17;26;19
1530.0;94;101;57;60;60;49;22;32;21;21;22;16;26;19
1536.0;94;101;58;60;62;46;21;33;19;21;22;19;24;20
1542.0;93;98;56;62;63;46;20;30;20;22;22;19;25;24
1548.0;93;102;56;60;63;46;21;30;20;23;22;17;23;24
1554.0;89;104;59;61;64;49;22;31;19;22;19;17;20;24
1560.0;89;104;58;61;65;49;24;29;23;22;18;16;20;22
1566.0;91;107;56;64;61;47;25;29;21;24;16;17;21;21
1572.0;92;108;54;66;61;48;24;29;19;24;16;17;22;20
1578.0;94;109;58;66;60;48;25;28;18;23;14;16;23;18
1584.0;94;110;61;63;60;49;26;28;18;23;13;15;23;17
1590.0;94;111;62;63;60;49;24;27;18;22;13;17;24;16
1596.0;95;111;63;63;59;49;23;27;18;23;15;14;25;15
1602.0;95;114;63;65;58;44;21;25;21;23;17;15;23;16
1608.0;99;115;61;65;57;39;21;25;18;25;18;14;26;17
1614.0;100;114;62;67;56;41;21;22;18;23;20;14;23;19
1620.0;98;116;64;68;56;40;20;24;17;20;21;13;23;20
1626.0;98;116;63;70;56;40;21;25;16;22;18;14;23;18
1632.0;96;118;63;68;58;42;18;26;17;23;15;15;24;17
1638.0;96;117;64;68;59;44;22;23;18;20;15;14;22;18
1644.0;96;120;65;66;58;44;21;24;18;20;14;13;22;19
1650.0;98;118;63;65;57;45;20;26;17;21;16;13;22;19
1656.0;95;116;62;65;58;45;20;27;17;24;15;14;23;19
1662.0;95;115;61;64;60;47;18;27;20;25;16;14;21;17
1668.0;93;113;59;64;60;49;19;28;19;25;18;14;22;17
1674.0;90;114;59;64;59;49;17;28;18;27;16;17;24;18
1680.0;89;115;59;64;62;49;16;26;18;27;17;17;23;18
1686.0;87;114;63;62;61;47;22;26;18;26;16;16;23;19
1692.0;88;112;63;62;60;46;22;26;18;25;17;18;23;20
1698.0;85;111;63;61;61;49;21;27;18;27;17;19;23;18
1704.0;86;113;64;61;60;46;20;27;18;26;19;20;22;18
1710.0;86;114;65;62;60;45;19;25;17;27;20;20;22;18
1716.0;85;114;62;63;60;46;18;26;19;28;18;20;21;20
1722.0;85;115;59;63;58;47;19;26;20;26;18;20;22;22
1728.0;86;115;58;63;58;47;20;27;22;23;18;20;19;24
1734.0;87;114;59;64;56;48;18;25;20;24;22;18;18;27
1740.0;86;112;60;62;59;48;20;26;20;23;22;18;19;25
1746.0;87;110;59;62;60;49;20;27;21;22;22;17;19;25
1752.0;86;108;59;64;60;50;23;28;21;20;23;16;19;23
1758.0;87;110;62;62;56;52;22;28;20;18;22;17;20;24
1764.0;88;106;63;61;57;54;21;29;20;17;21;18;20;25
1770.0;88;105;64;62;57;51;22;31;18;19;19;20;20;24
1776.0;89;104;65;62;56;51;20;29;16;20;19;22;20;27
1782.0;88;102;66;62;56;51;19;29;15;18;22;24;22;26
1788.0;87;103;65;63;57;51;20;26;16;16;26;25;19;26
1794.0;88;104;67;61;56;51;21;25;16;16;27;24;19;25
1800.0;87;102;68;61;56;51;23;23;16;16;30;23;21;23
1806.0;89;102;67;62;55;52;24;22;15;16;30;22;20;24
1812.0;87;105;68;61;53;52;25;20;14;18;31;23;19;24
1818.0;86;106;68;59;54;49;27;18;17;18;31;23;19;25
1824.0;87;108;69;59;52;52;27;16;17;18;31;22;19;23
1830.0;88;108;67;61;51;52;25;16;18;19;29;24;19;23
1836.0;87;107;68;64;50;53;25;16;17;20;26;24;19;24
1842.0;86;108;67;63;49;51;27;16;16;18;30;25;20;24
1848.0;87;109;64;61;48;51;29;16;17;21;31;24;18;24
1854.0;86;109;62;65;48;50;31;17;18;22;28;23;18;23
1860.0;84;110;61;68;51;49;31;16;20;22;27;24;19;18
1866.0;84;107;60;67;53;51;33;17;18;23;28;25;16;18
1872.0;84;107;58;66;56;49;34;18;22;21;28;24;16;17
1878.0;85;105;60;67;54;48;35;19;21;18;25;27;20;16
1884.0;86;106;59;65;53;50;36;19;21;18;25;26;19;17
1890.0;88;105;58;64;53;51;37;22;20;16;26;26;19;15
1896.0;88;107;58;63;54;50;33;19;21;17;27;30;18;15
1902.0;87;107;55;64;53;53;33;23;20;17;26;30;17;15
1908.0;88;105;53;64;50;54;31;23;18;17;27;32;20;18
1914.0;86;102;56;62;52;51;32;23;17;19;24;35;23;18
1920.0;85;100;54;62;52;51;31;24;18;21;26;35;23;18
1926.0;85;99;54;60;53;52;31;23;17;22;29;35;23;17
1932.0;85;100;54;57;52;54;29;25;18;20;30;34;23;19
1938.0;83;98;56;56;53;54;28;24;21;22;30;34;24;17
1944.0;83;98;56;53;54;54;27;26;22;20;31;34;24;18
1950.0;84;97;58;53;53;55;26;28;22;21;30;31;24;18
1956.0;83;97;62;52;51;56;26;28;22;21;29;32;23;18
1962.0;82;94;62;52;52;56;25;30;25;21;28;34;19;20
1968.0;82;93;59;51;54;56;26;29;26;21;27;35;20;21
1974.0;83;95;57;49;56;55;27;28;27;18;26;35;21;23
