#auto generated file!
12.0;8;17;11;12;11;23;20;16;12;16;15;15;6;18
18.0;9;18;12;12;12;23;21;16;11;15;14;14;6;17
24.0;10;18;12;12;12;22;22;15;10;18;14;13;6;16
30.0;10;18;12;12;12;22;21;14;10;17;15;14;7;16
36.0;12;17;14;12;11;22;18;12;10;17;17;15;6;17
42.0;13;16;14;13;11;22;18;12;9;18;16;14;6;18
48.0;13;18;14;14;11;22;17;12;10;19;16;11;6;17
54.0;13;18;15;14;11;23;15;11;10;18;17;11;7;17
60.0;14;19;15;15;11;22;15;11;9;18;17;9;8;17
66.0;14;18;15;15;12;22;15;9;9;19;18;8;7;19
72.0;14;18;16;17;13;21;15;9;9;19;16;8;6;19
78.0;15;19;16;17;13;21;15;9;9;18;15;8;6;19
84.0;16;19;16;17;15;22;15;7;8;16;15;8;7;19
90.0;16;19;16;17;15;22;14;7;8;17;14;8;8;19
96.0;17;19;16;17;15;22;12;6;8;17;15;10;8;18
102.0;16;18;16;17;17;22;12;5;7;16;17;11;8;18
108.0;16;18;18;17;16;22;12;6;6;15;17;11;8;18
114.0;16;17;16;17;17;22;11;6;7;15;19;10;9;18
120.0;16;17;16;16;18;23;9;6;7;16;18;10;10;18
126.0;16;18;15;15;20;23;9;7;6;15;17;11;10;18
132.0;17;18;14;15;20;23;9;7;5;15;17;12;11;17
138.0;17;17;14;16;19;24;8;6;5;14;19;12;11;18
144.0;18;16;17;16;20;23;8;7;5;14;19;10;11;16
150.0;19;17;17;16;19;22;8;7;5;14;18;10;11;17
156.0;19;16;16;16;20;22;8;7;4;14;17;11;12;18
162.0;18;18;17;16;20;23;8;7;4;13;17;10;11;18
168.0;19;18;16;16;21;23;8;8;4;13;15;11;12;16
174.0;18;18;16;16;21;25;10;7;4;14;15;12;12;12
180.0;18;18;17;17;20;25;10;7;4;14;15;12;11;12
186.0;18;18;19;16;21;25;10;7;5;15;16;9;9;12
192.0;18;18;19;15;22;24;10;8;4;15;18;10;7;12
198.0;18;18;19;15;22;24;9;9;5;15;18;9;7;12
204.0;19;18;18;15;20;26;10;9;5;15;18;9;7;11
210.0;19;18;18;16;21;27;10;11;5;11;17;10;8;9
216.0;19;18;19;16;21;27;10;11;5;11;15;10;9;9
222.0;19;18;18;16;21;27;11;11;5;11;15;10;9;9
228.0;20;18;18;16;23;28;11;11;5;11;14;8;8;9
234.0;21;18;18;16;23;26;11;11;8;14;11;7;8;8
240.0;21;17;18;16;24;25;11;10;8;15;11;7;9;8
246.0;22;17;18;16;24;25;12;10;7;14;10;7;9;9
252.0;23;17;18;17;23;26;8;10;11;14;11;4;10;8
258.0;23;17;18;16;23;26;8;10;12;14;10;4;10;9
264.0;23;18;18;16;24;28;6;9;13;14;8;4;10;9
270.0;23;18;19;16;24;27;5;8;14;14;6;6;10;10
276.0;23;19;19;16;23;26;4;8;15;15;6;6;10;10
282.0;23;19;19;16;23;25;5;9;14;15;4;8;10;10
288.0;24;22;20;14;23;24;4;9;13;14;4;8;10;11
294.0;23;22;20;16;22;24;4;10;13;13;4;8;10;11
300.0;22;22;20;16;24;26;4;11;13;11;3;8;11;9
306.0;23;22;21;15;24;26;3;11;13;11;4;8;11;8
312.0;23;22;20;14;24;29;3;11;11;12;4;7;13;7
318.0;24;22;20;15;24;28;3;12;11;10;5;7;12;7
324.0;24;22;19;14;24;29;3;12;11;10;7;7;11;7
330.0;23;24;20;14;24;29;3;11;12;9;7;7;11;6
336.0;24;23;20;14;22;30;3;12;12;10;8;5;10;7
342.0;25;25;18;15;22;31;3;12;10;10;9;5;9;6
348.0;26;26;18;15;22;31;3;12;10;11;8;5;8;5
354.0;26;26;18;15;22;32;2;11;9;12;9;5;7;6
360.0;28;25;19;14;25;31;2;10;9;10;9;4;8;6
366.0;28;25;19;15;25;30;2;10;9;10;9;4;8;6
372.0;28;25;19;15;25;30;2;12;9;10;9;4;6;6
378.0;30;24;19;15;25;29;3;11;8;11;8;4;6;7
384.0;31;25;18;14;24;29;3;13;8;10;8;6;4;7
390.0;32;25;20;13;25;28;3;13;8;8;8;6;4;7
396.0;32;24;21;13;26;29;3;11;8;7;7;8;4;7
402.0;32;23;21;12;24;30;4;11;8;6;9;7;6;7
408.0;33;23;20;12;23;29;4;11;9;7;9;6;7;7
414.0;32;21;20;13;23;28;4;11;9;8;10;6;8;7
420.0;33;21;20;13;24;28;4;12;9;7;10;5;7;7
426.0;33;20;20;13;24;28;3;12;10;7;12;6;6;6
432.0;33;20;20;14;25;27;3;11;10;6;13;7;6;5
438.0;33;20;20;14;24;26;3;11;10;6;15;7;6;5
444.0;34;21;20;14;23;26;2;10;10;6;15;8;6;5
450.0;33;22;20;14;25;23;2;10;10;7;15;9;6;4
456.0;32;22;18;14;25;25;2;10;11;7;16;9;5;4
462.0;32;24;19;13;23;25;2;10;10;7;16;9;6;4
468.0;33;25;19;12;22;25;2;9;11;8;14;10;5;5
474.0;33;26;19;12;21;24;2;11;12;7;14;11;3;5
480.0;32;27;18;12;20;25;2;12;11;6;16;10;3;6
486.0;33;27;19;11;18;24;3;10;12;8;16;10;2;7
492.0;33;27;19;11;18;23;5;9;12;7;16;10;2;8
498.0;33;28;19;14;19;22;4;9;11;6;16;9;2;8
504.0;33;28;19;14;19;23;4;9;9;7;15;9;4;7
510.0;33;28;19;14;19;22;4;9;9;7;15;9;5;7
516.0;33;28;19;14;19;22;4;9;9;7;14;10;5;7
522.0;32;28;18;14;20;22;5;10;9;7;14;10;5;6
528.0;32;27;18;15;20;22;5;11;10;7;12;10;5;6
534.0;32;27;21;14;19;23;6;11;10;4;12;10;5;6
540.0;33;29;20;14;19;23;6;11;9;4;10;10;6;6
546.0;32;29;19;15;18;24;6;11;10;3;10;11;6;6
552.0;33;28;19;15;17;22;6;13;10;4;9;11;6;7
558.0;32;29;19;15;17;21;7;13;10;4;8;12;6;7
564.0;32;29;20;15;17;21;7;12;9;4;9;11;7;7
570.0;31;28;20;15;17;21;8;12;11;4;7;11;7;8
576.0;31;28;21;16;16;21;8;13;11;5;6;10;6;8
582.0;31;28;20;14;20;20;9;10;11;6;6;11;7;7
588.0;31;28;20;14;20;21;8;10;10;7;6;11;8;6
594.0;32;28;18;17;19;22;7;10;8;7;6;11;8;7
600.0;32;28;19;17;20;22;6;9;8;8;6;11;8;6
606.0;33;29;19;17;20;20;5;9;8;8;7;10;8;7
612.0;33;30;18;18;19;20;6;7;7;8;8;10;9;7
618.0;31;30;20;19;18;19;6;7;6;8;8;8;12;8
624.0;31;30;19;19;17;19;7;7;6;8;8;9;12;8
630.0;31;30;20;20;16;19;7;8;7;8;7;9;11;7
636.0;31;28;21;20;15;21;7;6;7;8;7;10;11;8
642.0;30;28;20;20;16;21;7;6;7;9;7;11;11;7
648.0;30;28;20;19;16;21;7;7;9;9;7;11;9;7
654.0;29;27;20;19;16;21;8;8;8;9;6;11;10;8
660.0;28;26;20;20;17;19;9;9;8;9;6;12;10;7
666.0;28;25;21;20;18;19;9;8;8;8;7;12;11;6
672.0;29;24;21;20;19;18;10;7;8;8;8;11;12;5
678.0;30;25;20;20;19;18;10;7;8;8;8;11;11;5
684.0;31;25;19;20;20;18;9;9;8;6;8;11;11;5
690.0;31;25;20;20;20;19;9;9;8;6;8;12;9;4
696.0;30;25;19;20;21;19;9;10;9;6;7;13;9;3
702.0;30;24;19;19;20;20;10;10;9;7;6;13;9;4
708.0;29;24;19;18;20;21;11;10;9;7;6;13;10;3
714.0;29;26;21;18;18;20;12;10;10;7;4;12;10;3
720.0;29;26;21;19;18;19;11;10;11;7;4;12;10;3
726.0;29;28;21;19;18;19;11;9;11;7;4;12;10;2
732.0;27;29;22;19;17;19;11;10;10;9;4;13;8;2
738.0;26;29;20;19;16;19;12;11;10;8;4;14;8;4
744.0;28;29;20;19;16;19;13;11;9;7;4;13;8;4
750.0;28;29;20;19;16;20;11;12;11;6;4;13;9;2
756.0;28;29;19;20;16;20;11;11;11;6;4;13;9;3
762.0;28;30;19;20;16;21;9;11;11;5;5;13;9;3
768.0;28;30;19;22;14;22;9;11;10;5;5;12;10;3
774.0;28;31;18;22;12;21;10;12;11;6;6;10;10;3
780.0;28;33;18;22;13;20;10;11;10;6;6;10;10;3
786.0;29;32;18;21;12;20;10;11;10;6;7;10;10;4
792.0;30;31;18;21;12;21;10;10;9;6;8;10;10;4
798.0;31;31;18;22;12;21;9;11;9;6;8;10;8;4
804.0;33;31;18;21;11;21;10;11;9;7;7;8;9;4
810.0;32;32;18;20;13;22;9;11;8;8;7;7;9;4
816.0;32;33;18;19;13;22;9;11;7;8;8;6;8;6
822.0;30;33;19;20;13;21;10;9;7;8;9;5;9;7
828.0;30;33;19;21;13;20;10;9;6;11;8;4;10;6
834.0;28;33;19;19;14;20;10;9;6;12;8;5;11;6
840.0;28;32;20;19;13;20;9;9;5;11;10;6;11;7
846.0;28;31;21;19;13;21;7;11;5;11;9;6;11;7
852.0;27;31;20;19;13;24;7;10;5;9;9;7;12;7
858.0;26;33;20;19;13;23;7;10;5;9;10;7;10;8
864.0;25;33;20;19;15;23;7;11;5;9;9;5;11;8
870.0;23;34;20;19;15;22;8;12;5;8;9;5;12;8
876.0;23;33;21;18;15;24;8;11;5;7;9;5;12;9
882.0;23;33;21;19;15;24;7;11;6;6;9;4;12;10
888.0;24;33;21;19;15;24;7;11;6;6;9;3;12;10
894.0;24;33;21;20;15;24;7;9;6;7;8;3;12;11
900.0;26;33;21;20;14;24;9;9;7;8;7;4;9;9
906.0;29;32;21;19;14;24;9;9;7;8;6;5;9;8
912.0;29;32;21;20;14;24;10;8;8;7;6;5;9;7
918.0;29;33;21;20;14;23;10;8;8;7;6;5;9;7
924.0;29;33;23;21;14;23;7;7;8;7;6;6;9;7
930.0;27;31;22;21;15;23;7;6;8;7;8;7;9;9
936.0;26;30;23;21;16;24;7;5;9;7;9;6;8;9
942.0;27;30;22;21;16;24;8;3;9;7;9;7;8;9
948.0;27;30;22;22;16;24;9;2;9;8;8;6;10;7
954.0;28;29;22;22;15;23;9;2;9;8;7;7;12;7
960.0;28;28;22;21;15;24;9;3;9;9;7;7;11;7
966.0;28;28;22;22;15;23;8;3;9;10;7;7;11;7
972.0;29;28;22;22;15;21;9;3;9;8;8;8;11;7
978.0;29;27;22;22;16;21;7;5;10;8;7;9;10;7
984.0;29;27;22;22;17;22;6;4;10;8;7;8;11;7
990.0;29;28;22;22;17;22;6;4;9;8;7;8;11;7
996.0;29;27;22;22;18;23;6;4;9;8;6;7;11;8
1002.0;30;27;22;22;19;23;6;4;9;8;6;8;8;8
1008.0;30;28;22;21;18;23;7;4;9;7;7;9;7;8
1014.0;30;28;22;21;17;22;6;4;10;6;8;9;7;10
1020.0;30;28;22;21;18;23;6;3;10;6;8;7;7;11
1026.0;30;29;22;21;18;25;5;3;10;6;7;7;7;10
1032.0;30;29;21;19;18;26;5;4;11;6;7;7;7;10
1038.0;31;29;21;19;18;26;5;5;11;5;6;7;6;11
1044.0;31;29;22;19;17;27;6;6;12;4;7;6;5;9
1050.0;31;28;23;19;17;28;6;6;11;4;6;5;6;10
1056.0;31;27;24;18;16;29;6;9;11;3;7;4;5;10
1062.0;32;25;24;18;17;29;6;10;10;3;6;5;5;10
1068.0;33;25;24;19;17;28;6;10;9;3;6;4;5;11
1074.0;32;25;24;19;17;28;5;8;8;4;7;6;5;12
1080.0;32;26;24;19;16;28;5;8;7;5;8;6;4;12
1086.0;31;26;24;19;16;29;5;8;7;6;8;4;5;12
1092.0;32;25;24;19;16;29;4;7;7;6;7;5;6;13
1098.0;31;25;23;19;15;29;4;8;9;8;8;4;6;11
1104.0;31;26;24;19;15;28;4;8;7;8;8;5;6;11
1110.0;31;26;24;19;15;28;4;7;9;8;8;6;5;10
1116.0;31;27;23;19;15;26;5;7;9;8;7;6;6;11
1122.0;31;27;24;19;15;25;5;8;9;8;8;5;6;10
1128.0;32;26;22;20;15;26;5;8;9;7;8;7;5;10
1134.0;33;26;21;20;15;26;5;8;8;8;8;6;6;10
1140.0;33;27;20;20;16;26;5;8;8;8;7;4;8;10
1146.0;32;28;18;20;16;27;5;7;9;9;6;5;7;11
1152.0;32;27;18;19;16;27;5;8;9;9;6;5;7;12
1158.0;33;27;18;19;16;28;5;8;9;9;6;5;6;11
1164.0;33;26;19;20;16;28;5;8;8;8;7;5;6;11
1170.0;33;26;19;20;17;27;6;10;6;8;7;6;5;10
1176.0;33;27;19;19;17;27;6;10;7;8;8;4;5;10
1182.0;34;27;18;19;18;27;7;8;8;7;8;3;5;11
1188.0;33;28;19;18;18;29;7;7;8;6;8;3;5;11
1194.0;34;28;20;19;18;29;8;6;8;5;8;3;4;10
1200.0;34;29;20;19;18;28;8;7;8;4;7;4;4;10
1206.0;34;29;19;19;18;29;8;7;8;4;8;3;4;10
1212.0;34;29;19;18;18;28;8;7;8;4;8;3;6;10
1218.0;33;29;19;19;18;29;7;7;8;4;8;3;7;9
1224.0;31;29;19;20;20;27;8;6;8;5;8;3;7;9
1230.0;31;29;19;20;21;27;10;6;8;5;6;4;7;7
1236.0;31;29;19;19;22;27;10;6;6;5;4;5;8;9
1242.0;30;29;20;18;23;28;11;6;6;5;4;5;7;8
1248.0;31;29;20;18;22;28;10;8;6;5;3;5;8;7
1254.0;32;29;20;18;22;27;9;8;5;7;3;4;9;7
1260.0;31;30;20;17;22;28;8;7;6;7;2;3;9;10
1266.0;30;31;20;18;22;29;8;5;7;8;2;3;7;10
1272.0;31;31;21;17;21;29;8;5;7;7;4;3;7;9
1278.0;31;31;21;17;20;27;8;5;6;8;3;4;10;9
1284.0;31;31;21;16;20;27;8;4;7;9;3;4;10;9
1290.0;30;31;21;16;21;27;8;4;7;9;4;4;10;8
1296.0;32;31;20;16;21;26;8;4;7;7;5;4;10;9
1302.0;32;31;21;15;21;26;8;4;7;8;3;4;11;9
1308.0;32;31;22;16;21;26;8;5;7;8;2;4;10;8
1314.0;32;31;22;16;20;25;8;6;9;8;1;4;9;9
1320.0;32;32;22;16;19;25;9;6;9;8;2;3;8;9
1326.0;31;30;23;15;18;25;10;7;9;9;2;3;9;9
1332.0;30;32;21;15;18;25;9;8;9;9;2;4;9;9
1338.0;30;32;21;18;17;25;9;8;9;9;1;4;8;9
1344.0;30;32;22;18;16;25;9;8;9;9;1;4;8;9
1350.0;29;31;22;19;16;26;9;7;9;8;1;5;8;10
1356.0;30;32;22;19;15;25;9;7;8;8;2;5;8;10
1362.0;31;32;22;19;15;24;9;7;8;8;3;5;9;8
1368.0;30;32;22;19;14;24;10;7;9;7;3;6;9;8
1374.0;29;33;22;20;14;26;10;7;9;7;4;5;8;6
1380.0;30;33;24;20;14;26;8;7;9;7;4;5;7;6
1386.0;30;32;24;21;13;24;7;5;10;7;5;7;7;8
1392.0;30;32;24;20;13;24;6;5;10;7;6;7;7;9
1398.0;31;32;24;18;12;24;6;5;10;7;6;9;8;8
1404.0;31;32;25;18;13;24;6;5;10;7;6;8;7;8
1410.0;31;31;26;19;12;23;5;5;9;9;6;9;7;8
1416.0;31;33;26;19;12;22;4;6;8;9;6;9;7;8
1422.0;32;33;27;17;12;22;4;6;9;10;5;7;9;7
1428.0;33;33;26;18;14;21;4;7;8;9;4;6;9;8
1434.0;33;35;26;18;14;20;4;7;8;8;4;6;8;9
1440.0;33;35;26;20;14;20;5;6;8;6;5;7;8;7
1446.0;33;36;25;19;14;20;6;6;8;6;5;6;8;8
1452.0;33;37;25;18;14;19;6;6;10;5;5;6;8;8
1458.0;32;39;24;17;14;19;7;6;10;5;5;6;8;8
1464.0;33;39;24;17;13;19;5;5;10;6;5;6;10;8
1470.0;33;39;25;17;13;20;3;5;11;5;5;6;10;8
1476.0;33;39;25;17;12;20;3;5;11;6;5;6;10;8
1482.0;34;40;24;18;11;18;3;5;11;6;6;6;10;8
1488.0;36;40;24;17;11;18;2;5;11;6;6;6;10;8
1494.0;36;40;24;17;11;19;2;5;11;5;7;5;10;8
1500.0;36;40;24;17;11;19;2;5;11;5;7;5;10;8
1506.0;36;42;24;18;10;19;2;5;11;4;7;5;10;7
1512.0;35;44;24;18;9;19;2;6;11;4;7;5;9;7
1518.0;35;43;24;19;9;19;2;5;11;4;7;6;9;7
1524.0;35;43;23;17;11;19;2;5;10;6;7;6;9;7
1530.0;35;43;22;17;11;21;2;5;10;5;7;6;8;8
1536.0;34;43;21;17;12;22;3;6;8;5;7;6;8;8
1542.0;35;45;22;18;12;23;3;5;8;5;5;5;6;8
1548.0;34;45;22;19;12;23;3;5;8;5;5;5;6;8
1554.0;34;44;23;19;12;23;5;5;7;4;5;5;6;8
1560.0;34;44;24;19;12;22;6;4;7;3;6;5;6;8
1566.0;34;45;25;19;12;22;6;4;7;2;6;5;6;7
1572.0;34;45;26;20;12;21;5;4;7;2;5;5;6;8
1578.0;34;44;26;19;12;21;5;4;7;3;5;5;6;9
1584.0;34;44;25;16;14;19;6;5;7;4;5;5;7;9
1590.0;35;42;25;16;13;20;5;5;7;4;5;5;8;10
1596.0;35;40;25;16;13;20;6;4;8;5;5;5;8;10
1602.0;35;40;25;16;13;20;6;4;8;7;7;4;7;8
1608.0;36;40;25;16;13;20;5;4;8;7;7;4;8;7
1614.0;35;41;26;16;13;21;4;5;8;7;6;4;8;6
1620.0;35;41;24;16;13;21;3;7;7;8;6;4;8;7
1626.0;35;41;24;15;14;21;3;7;6;8;6;4;9;7
1632.0;35;40;23;14;14;21;4;8;5;9;6;4;10;7
1638.0;37;38;26;14;14;22;4;8;5;8;6;3;9;6
1644.0;36;38;25;14;13;22;6;8;6;7;7;4;9;5
1650.0;34;37;24;14;12;24;7;9;7;7;8;4;9;4
1656.0;34;39;24;14;12;23;7;10;6;7;8;4;8;4
1662.0;36;38;22;13;12;24;7;10;6;7;8;4;8;5
1668.0;35;39;22;12;13;25;7;10;6;7;6;5;7;6
1674.0;36;39;22;12;13;25;7;9;6;6;6;5;7;7
1680.0;36;39;23;12;13;25;7;9;5;6;5;5;7;8
1686.0;37;39;23;11;14;24;7;9;6;6;5;5;7;7
1692.0;37;38;23;11;14;24;6;9;7;6;6;4;7;8
1698.0;36;36;23;14;14;24;6;8;8;8;4;4;8;7
1704.0;35;37;23;13;14;24;6;7;9;7;5;4;6;10
1710.0;35;36;24;12;14;23;5;8;10;6;6;7;5;9
1716.0;36;36;23;12;14;22;5;6;9;7;9;8;5;8
1722.0;37;36;23;12;14;23;6;4;9;7;9;8;6;6
1728.0;37;36;23;12;13;24;6;5;7;6;8;10;7;6
1734.0;37;36;22;12;14;24;6;5;7;6;8;11;7;5
1740.0;38;35;22;13;18;23;5;6;8;6;7;8;6;5
1746.0;38;35;22;12;18;23;6;7;7;6;7;7;7;5
1752.0;36;36;20;13;18;23;6;7;7;6;8;8;7;5
1758.0;35;35;19;13;19;23;6;7;8;6;7;8;9;5
1764.0;35;35;19;12;19;22;4;8;8;8;9;7;9;5
1770.0;35;35;19;11;19;22;4;8;9;8;7;8;9;6
1776.0;35;35;19;10;19;21;5;8;9;9;6;8;9;7
1782.0;35;34;17;10;19;20;5;8;11;9;8;8;9;7
1788.0;35;32;17;9;19;21;5;8;11;8;8;9;10;8
1794.0;35;33;17;8;18;22;6;7;11;7;7;9;10;10
1800.0;35;32;17;8;18;23;6;7;10;8;7;9;10;10
1806.0;35;31;17;8;17;23;6;6;9;7;8;13;12;8
1812.0;35;31;17;7;17;24;7;6;9;7;8;13;12;7
1818.0;35;30;17;8;16;23;8;6;9;8;8;13;11;8
1824.0;35;29;17;8;16;25;9;6;10;7;7;12;11;8
1830.0;35;29;17;9;16;25;9;6;9;7;7;11;12;8
1836.0;34;29;17;8;17;25;9;6;9;7;7;12;12;8
1842.0;34;28;17;8;17;25;9;6;10;6;7;12;13;8
1848.0;33;28;17;8;17;25;9;5;11;6;8;13;12;8
1854.0;33;27;18;8;17;26;9;5;11;6;8;13;11;8
1860.0;33;27;19;9;15;26;9;5;10;6;8;14;11;8
1866.0;33;26;17;9;15;28;9;5;10;7;8;14;11;8
1872.0;31;27;17;9;15;28;10;5;9;8;8;13;11;9
1878.0;31;27;17;9;14;29;9;5;10;8;7;14;11;9
1884.0;31;27;17;9;15;28;9;5;11;8;7;15;10;8
1890.0;29;28;18;10;16;28;11;5;10;9;7;11;10;8
1896.0;30;27;17;11;15;28;12;5;10;8;7;11;11;8
1902.0;31;27;17;13;15;28;11;3;10;9;7;11;11;7
1908.0;30;27;18;13;16;28;10;3;9;11;7;11;10;7
1914.0;31;27;20;11;16;27;10;3;9;12;7;10;10;7
1920.0;32;26;20;11;16;27;7;3;8;12;7;12;11;8
1926.0;33;27;19;12;14;27;7;3;8;12;7;12;11;8
1932.0;33;27;18;12;14;27;8;3;8;12;8;11;10;9
1938.0;33;24;18;12;15;27;8;4;8;12;7;12;11;9
1944.0;32;24;17;12;14;28;9;4;9;11;7;12;12;9
1950.0;33;25;16;12;14;27;9;4;8;11;8;12;12;9
1956.0;33;25;16;13;15;27;8;4;7;12;7;11;12;10
1962.0;32;25;15;14;16;27;9;4;6;12;7;11;12;10
1968.0;33;25;15;14;16;27;9;4;8;12;7;9;12;9
1974.0;33;25;17;14;17;23;10;4;8;11;8;9;13;8
