#auto generated file!
12.0;127;132;150;141;158;131;137;132;166;161;144;132;142;147
18.0;131;137;149;138;164;136;137;130;158;159;142;131;146;142
24.0;137;138;152;138;163;137;134;128;157;160;138;131;145;142
30.0;143;142;152;145;169;140;126;125;151;157;135;129;149;137
36.0;142;146;149;147;171;137;127;125;149;149;135;135;149;139
42.0;148;152;150;147;168;140;123;128;149;145;133;131;148;138
48.0;149;157;152;146;171;144;124;123;143;143;136;135;140;137
54.0;157;167;155;154;172;147;116;111;142;139;138;133;138;131
60.0;158;168;157;155;172;151;115;109;138;139;132;135;143;128
66.0;162;166;160;155;179;153;113;109;138;137;130;130;142;126
72.0;163;165;164;158;183;153;113;111;140;134;123;133;139;121
78.0;159;169;168;157;187;151;117;109;138;131;118;135;141;120
84.0;167;174;168;159;187;152;117;107;135;134;117;135;138;110
90.0;169;175;169;159;189;154;117;109;139;130;116;125;136;113
96.0;174;172;171;165;194;155;109;110;137;126;119;125;136;107
102.0;182;172;170;170;197;159;101;110;132;121;118;124;135;109
108.0;184;173;173;173;198;156;101;111;128;121;122;120;131;109
114.0;184;173;173;175;198;164;100;105;126;121;124;121;131;105
120.0;184;173;175;179;195;165;98;100;127;123;126;120;128;107
126.0;188;174;178;180;188;170;102;102;126;115;121;119;127;110
132.0;192;176;177;183;189;171;101;97;125;113;118;121;131;106
138.0;199;175;179;182;189;174;99;98;120;113;118;122;128;104
144.0;201;180;179;181;189;177;98;97;118;115;112;127;123;103
150.0;202;178;184;184;192;177;97;101;118;113;113;124;114;103
156.0;211;181;185;183;193;181;95;96;114;112;114;123;114;98
162.0;220;182;185;186;194;181;98;95;110;111;109;116;115;98
168.0;228;183;189;188;196;186;96;92;108;102;109;108;115;100
174.0;229;189;192;188;198;189;95;89;110;95;105;109;113;99
180.0;228;192;192;190;198;190;94;89;110;92;103;110;117;95
186.0;230;195;195;188;195;186;95;89;110;94;98;111;123;91
192.0;232;195;198;189;197;181;98;86;112;91;98;114;116;93
198.0;230;198;200;189;201;179;101;87;114;92;94;109;114;92
204.0;235;202;202;188;198;180;98;88;109;91;93;109;113;94
210.0;234;206;206;188;199;179;96;88;111;94;90;110;105;94
216.0;233;205;207;190;201;184;98;82;109;95;92;104;103;97
222.0;233;213;209;189;202;183;99;77;109;87;91;104;107;97
228.0;234;218;214;188;202;189;93;80;101;87;94;100;107;93
234.0;235;219;213;189;207;192;91;82;97;93;94;102;99;87
240.0;241;221;213;184;208;199;89;78;94;88;99;102;99;85
246.0;241;222;215;186;209;201;87;79;95;86;93;103;100;83
252.0;240;223;212;189;204;204;89;79;97;83;89;104;106;81
258.0;243;225;210;192;206;198;83;79;97;86;88;103;111;79
264.0;248;228;212;189;204;196;79;81;99;86;89;101;108;80
270.0;250;229;211;185;204;194;75;82;101;90;87;103;107;82
276.0;251;229;211;184;208;192;75;80;97;89;89;104;108;83
282.0;249;232;217;183;207;194;72;81;94;91;87;102;106;85
288.0;250;231;218;180;202;198;72;83;95;89;83;107;108;84
294.0;248;237;210;179;205;200;74;84;94;93;81;106;106;83
300.0;251;239;210;184;206;201;77;80;92;86;84;106;104;80
306.0;253;237;210;183;206;198;83;83;93;82;88;103;102;79
312.0;255;239;212;190;205;197;81;80;89;83;87;102;102;78
318.0;251;244;214;191;209;195;79;75;90;88;85;99;100;80
324.0;252;245;212;192;208;195;83;76;87;88;84;98;101;79
330.0;250;248;211;190;206;199;82;77;87;90;85;96;102;77
336.0;253;249;210;188;209;197;80;78;83;96;84;94;103;76
342.0;253;246;214;183;211;193;80;80;84;95;84;94;104;79
348.0;252;249;214;186;211;189;78;79;85;95;84;92;106;80
354.0;251;248;215;189;208;192;75;76;85;94;86;93;108;80
360.0;254;248;217;188;204;196;78;79;86;93;84;95;102;76
366.0;258;247;216;184;202;192;79;85;89;89;88;91;103;77
372.0;262;247;212;187;204;193;81;86;88;88;84;90;103;75
378.0;264;248;208;188;209;192;79;89;86;93;82;91;100;71
384.0;260;254;210;187;204;192;79;94;84;92;82;89;102;71
390.0;264;255;210;187;206;190;74;100;81;89;85;87;99;73
396.0;266;255;212;186;208;186;73;102;84;88;85;88;98;69
402.0;269;253;213;186;208;187;73;99;83;89;82;92;94;72
408.0;268;256;215;186;206;191;75;95;83;86;86;86;95;72
414.0;268;254;211;185;208;194;72;98;82;85;89;86;93;75
420.0;267;258;216;178;209;192;73;97;83;85;87;88;89;78
426.0;270;263;215;176;208;196;69;94;84;84;88;85;89;79
432.0;271;266;217;175;205;194;67;91;87;87;87;86;90;77
438.0;270;265;215;170;206;193;71;90;91;86;90;83;92;78
444.0;268;263;217;175;206;191;69;90;93;81;89;87;94;77
450.0;269;266;212;176;212;194;68;91;87;77;89;90;90;79
456.0;271;270;212;172;214;195;71;89;89;79;87;85;86;80
462.0;273;272;212;172;212;197;74;88;88;78;85;84;89;76
468.0;272;275;214;174;206;194;74;87;88;79;84;83;94;76
474.0;270;275;214;175;206;195;75;91;89;77;85;83;90;75
480.0;274;273;217;182;204;194;73;89;89;79;84;77;87;78
486.0;278;271;216;182;201;194;77;84;92;75;86;78;86;80
492.0;278;271;214;182;201;198;80;87;88;73;83;76;86;83
498.0;273;274;213;181;200;198;80;83;92;73;84;78;86;85
504.0;279;274;207;178;199;202;79;86;92;74;80;83;81;86
510.0;283;274;207;177;196;205;78;86;88;71;80;84;84;87
516.0;283;274;203;180;196;205;81;86;89;74;82;83;77;87
522.0;287;273;206;177;197;203;80;87;93;72;84;77;80;84
528.0;287;275;206;178;201;193;81;85;94;72;84;76;83;85
534.0;288;276;201;175;200;185;86;85;95;71;87;81;83;87
540.0;288;274;206;176;201;181;88;85;95;73;86;83;78;86
546.0;287;272;204;175;199;181;87;86;96;74;84;84;80;91
552.0;288;277;202;178;199;183;87;86;96;74;83;81;79;87
558.0;288;281;202;180;197;184;85;86;95;68;83;81;81;89
564.0;289;281;203;176;196;185;86;88;91;73;82;84;81;85
570.0;286;281;205;177;194;183;91;86;89;73;84;83;83;85
576.0;283;277;203;181;196;187;90;85;85;71;84;86;88;84
582.0;283;276;202;181;197;186;95;85;89;69;78;85;88;86
588.0;285;280;199;181;196;193;93;82;86;70;78;86;88;83
594.0;283;277;198;186;197;196;90;80;88;72;76;84;88;85
600.0;285;275;200;184;200;195;87;85;84;70;79;86;88;82
606.0;285;277;205;182;197;199;90;84;80;73;79;82;85;82
612.0;287;273;204;181;196;199;91;80;78;75;78;89;85;84
618.0;285;274;200;174;198;203;91;81;74;79;78;86;91;86
624.0;290;271;203;169;199;205;92;85;73;76;78;83;94;82
630.0;291;269;200;168;199;203;96;81;73;80;81;82;96;81
636.0;288;270;202;170;207;202;96;81;73;78;80;78;98;77
642.0;287;273;199;170;203;201;94;81;72;80;82;80;96;82
648.0;285;272;200;172;204;203;94;80;76;80;76;83;98;77
654.0;287;274;204;172;205;200;92;79;79;75;79;83;95;76
660.0;285;276;203;171;204;200;94;77;82;73;82;85;92;76
666.0;283;275;208;171;203;200;93;76;80;76;82;86;96;71
672.0;284;273;208;171;202;201;93;79;79;79;83;81;99;68
678.0;292;272;209;177;201;196;90;77;81;80;83;82;92;68
684.0;295;271;210;178;195;193;87;80;79;86;81;83;91;71
690.0;294;270;210;181;197;194;88;82;78;86;81;80;87;72
696.0;291;278;206;182;193;196;85;83;75;90;82;83;82;74
702.0;286;279;207;179;198;197;80;83;82;90;86;80;77;76
708.0;289;281;206;180;194;195;84;83;82;88;87;80;77;74
714.0;292;277;205;183;190;196;85;82;88;85;87;80;74;76
720.0;296;278;207;182;192;197;81;78;82;87;90;82;72;76
726.0;293;280;211;181;189;200;81;77;80;86;90;83;72;77
732.0;293;279;206;183;187;200;83;78;78;89;88;84;71;81
738.0;293;275;208;181;186;201;84;80;84;92;82;83;71;80
744.0;288;273;206;178;186;200;87;81;82;91;82;84;75;87
750.0;290;273;208;178;184;209;84;84;79;86;78;83;79;85
756.0;287;275;208;185;182;205;88;82;86;85;74;82;76;85
762.0;286;275;206;188;184;201;87;87;85;85;76;83;76;81
768.0;284;275;206;191;186;204;91;82;82;83;75;80;76;85
774.0;286;274;201;193;184;203;92;86;85;86;75;79;74;82
780.0;281;275;203;194;185;204;92;85;84;88;78;77;74;80
786.0;284;276;202;191;187;198;91;86;79;92;80;78;75;81
792.0;287;276;207;191;191;197;85;87;78;92;78;79;75;77
798.0;286;275;208;196;189;199;85;81;76;90;79;78;78;80
804.0;284;279;207;196;189;199;80;83;76;91;77;78;80;81
810.0;281;275;212;195;191;198;78;82;76;92;81;73;81;85
816.0;280;273;212;194;193;195;77;85;81;88;82;72;82;86
822.0;286;274;213;195;191;192;73;89;80;83;82;72;82;88
828.0;291;278;208;192;190;190;74;88;88;81;83;69;81;87
834.0;290;283;200;190;193;190;74;90;87;77;84;71;84;87
840.0;286;280;200;195;192;190;71;90;88;78;85;75;82;88
846.0;287;277;198;194;191;191;76;89;87;76;87;75;81;91
852.0;292;280;195;193;196;194;77;84;80;74;84;75;82;94
858.0;293;283;196;196;194;192;81;84;81;70;80;77;82;91
864.0;296;284;195;199;196;190;81;83;80;72;76;79;81;88
870.0;299;284;198;197;194;188;85;80;81;72;71;77;81;93
876.0;300;283;202;195;192;192;82;80;80;72;73;77;79;93
882.0;303;286;199;198;193;192;81;79;78;77;69;73;79;93
888.0;305;287;200;192;194;193;81;82;77;74;69;74;80;92
894.0;307;289;201;193;192;192;80;83;76;71;69;75;79;93
900.0;307;291;203;194;189;191;78;82;79;69;69;73;77;98
906.0;305;295;202;194;192;196;74;86;77;69;74;68;74;94
912.0;306;297;203;200;192;193;74;91;75;71;71;67;69;91
918.0;308;296;203;198;195;194;74;94;72;72;69;67;65;93
924.0;313;295;205;198;192;196;75;89;69;75;75;62;67;89
930.0;312;297;209;200;189;200;76;87;68;75;68;62;69;88
936.0;310;302;209;202;185;197;80;80;70;81;68;63;70;83
942.0;311;302;206;198;186;193;81;79;72;81;74;64;73;80
948.0;311;301;202;198;186;194;85;82;70;84;75;58;71;83
954.0;309;300;205;192;188;195;87;82;68;83;78;58;70;85
960.0;309;299;201;189;186;198;83;84;68;82;83;63;70;85
966.0;315;296;199;187;183;197;86;84;70;82;84;68;64;85
972.0;321;300;198;186;183;190;83;82;71;76;87;69;66;88
978.0;322;299;198;186;188;183;80;82;70;81;83;73;65;90
984.0;325;299;196;188;188;181;77;82;70;79;82;77;69;87
990.0;324;303;193;188;188;179;79;78;71;85;80;78;70;84
996.0;328;305;192;187;187;177;83;74;70;89;79;76;74;79
1002.0;327;303;190;185;185;172;83;77;76;87;81;75;77;82
1008.0;327;301;188;186;184;165;83;82;77;87;80;77;79;84
1014.0;333;301;185;184;184;165;83;77;76;89;78;81;83;81
1020.0;334;302;187;185;186;164;82;78;73;89;80;78;81;81
1026.0;337;305;186;183;186;166;71;78;71;94;81;74;85;83
1032.0;338;307;183;185;190;165;70;73;73;93;81;78;81;83
1038.0;337;306;184;187;192;161;71;79;80;93;79;71;80;80
1044.0;336;309;181;185;190;159;72;79;79;94;83;71;80;82
1050.0;335;306;179;184;191;156;73;83;79;97;83;72;80;82
1056.0;333;309;182;183;191;156;78;78;81;95;84;74;77;79
1062.0;330;309;184;189;195;157;79;75;78;99;81;72;71;81
1068.0;327;306;190;188;193;156;80;78;83;95;77;74;70;83
1074.0;328;310;190;189;192;156;80;72;84;93;76;74;73;83
1080.0;328;310;191;192;196;155;76;70;82;90;77;74;75;84
1086.0;328;309;193;188;196;157;73;71;81;95;77;72;78;82
1092.0;329;313;190;188;195;157;75;74;79;90;76;75;78;81
1098.0;332;315;187;184;193;159;75;77;84;88;77;77;73;79
1104.0;331;316;191;181;195;155;72;79;84;87;76;80;73;80
1110.0;331;319;189;179;194;155;70;81;83;87;74;81;74;83
1116.0;330;320;187;182;197;159;71;83;82;83;72;82;73;79
1122.0;330;319;187;177;199;160;71;85;77;89;73;79;72;82
1128.0;328;322;183;177;199;159;77;84;76;88;70;85;70;82
1134.0;330;321;179;173;201;163;81;90;72;85;66;88;73;78
1140.0;327;320;179;172;201;161;86;93;75;86;65;85;71;79
1146.0;328;322;181;171;203;161;87;88;74;85;69;83;67;81
1152.0;334;320;185;172;208;154;83;83;75;85;71;85;66;79
1158.0;333;319;183;171;206;154;87;84;73;83;70;85;72;80
1164.0;329;320;183;171;203;155;85;84;77;82;70;86;72;83
1170.0;332;321;184;165;206;154;81;82;76;83;71;88;71;86
1176.0;328;323;185;162;205;156;76;82;81;78;74;90;72;88
1182.0;329;322;189;163;202;162;80;85;77;78;76;88;64;85
1188.0;326;323;189;165;207;161;81;81;79;77;74;89;67;81
1194.0;329;321;187;162;211;165;81;84;79;80;72;91;64;74
1200.0;323;321;189;163;212;171;73;83;81;78;75;89;67;75
1206.0;323;325;187;165;210;171;73;78;81;76;77;89;69;76
1212.0;326;325;192;165;214;173;71;81;77;74;77;86;68;71
1218.0;329;322;191;168;214;171;71;79;73;76;80;83;69;74
1224.0;333;321;188;173;213;175;68;79;69;79;73;85;68;76
1230.0;336;324;185;176;213;176;67;78;65;81;68;84;67;80
1236.0;336;319;186;177;213;178;71;77;65;85;66;81;65;81
1242.0;338;320;190;175;208;174;71;74;69;83;64;79;69;86
1248.0;334;317;189;174;209;176;74;77;67;83;65;76;69;90
1254.0;335;317;184;175;207;174;74;79;66;83;66;76;71;93
1260.0;335;319;186;179;206;174;75;78;62;82;63;73;71;97
1266.0;340;316;184;180;204;177;78;77;63;81;63;71;70;96
1272.0;340;319;183;179;201;177;77;75;65;79;62;70;74;99
1278.0;340;317;188;180;200;176;76;73;67;74;62;75;74;98
1284.0;345;314;185;180;204;174;81;73;64;71;66;78;70;95
1290.0;346;314;186;179;202;175;78;75;66;68;68;78;70;95
1296.0;347;308;189;181;201;178;79;73;64;67;70;78;72;93
1302.0;349;308;189;184;198;177;79;70;68;69;71;75;73;90
1308.0;351;308;189;183;199;177;74;75;68;68;73;77;75;83
1314.0;350;308;192;185;196;175;71;71;70;71;71;76;78;86
1320.0;353;308;191;181;195;174;74;71;71;71;74;75;78;84
1326.0;354;308;196;181;192;172;76;72;74;69;72;77;79;78
1332.0;353;314;198;177;200;170;75;72;72;69;74;75;76;75
1338.0;352;312;200;179;199;168;76;77;72;72;72;74;73;74
1344.0;352;314;204;182;198;166;72;80;70;73;69;74;72;74
1350.0;349;313;203;176;198;167;76;76;73;72;68;75;78;76
1356.0;348;319;203;179;191;171;77;75;69;71;69;76;76;76
1362.0;347;315;208;178;190;169;82;71;70;69;74;76;78;73
1368.0;344;313;210;178;192;175;84;69;67;66;72;77;77;76
1374.0;340;315;206;178;191;175;85;71;71;65;76;76;76;75
1380.0;343;317;205;178;187;175;89;69;67;63;76;77;76;78
1386.0;341;319;204;178;185;177;87;73;63;66;77;78;74;78
1392.0;342;318;197;175;184;179;84;71;69;66;82;81;74;78
1398.0;339;319;203;170;184;181;82;69;66;72;84;85;70;76
1404.0;338;316;203;168;187;181;82;72;60;69;91;82;71;80
1410.0;341;314;211;165;186;181;82;70;60;67;84;81;71;87
1416.0;338;315;208;168;184;181;80;67;61;68;86;86;72;86
1422.0;339;316;205;167;182;182;80;67;61;71;89;82;76;83
1428.0;344;316;206;166;179;183;81;68;60;66;88;81;80;82
1434.0;342;311;208;165;183;182;81;69;59;68;86;80;84;82
1440.0;347;313;207;166;183;180;78;72;58;67;83;79;84;83
1446.0;350;313;206;165;180;178;79;66;61;66;87;83;80;86
1452.0;351;309;206;162;184;176;76;67;62;69;91;82;81;84
1458.0;353;309;205;166;181;174;76;69;66;72;90;78;77;84
1464.0;347;308;205;167;181;173;73;73;66;75;89;79;78;86
1470.0;348;306;204;167;183;175;75;74;65;78;84;77;80;84
1476.0;347;307;206;167;183;176;77;71;69;76;83;80;75;83
1482.0;351;308;207;167;185;171;79;66;72;75;80;80;78;81
1488.0;354;308;205;167;184;174;76;64;78;73;77;82;76;82
1494.0;352;308;203;166;180;175;73;62;79;73;84;86;77;82
1500.0;348;309;201;166;182;172;73;61;80;75;89;89;78;77
1506.0;346;308;204;167;185;169;72;65;79;70;89;91;78;77
1512.0;345;307;200;170;183;169;75;69;78;75;87;91;76;75
1518.0;347;307;194;171;185;169;75;67;83;77;79;91;76;79
1524.0;343;310;194;167;185;171;75;63;89;79;78;90;76;80
1530.0;345;306;196;168;185;170;73;64;92;77;80;92;71;81
1536.0;342;306;196;168;183;169;76;66;91;77;83;90;71;82
1542.0;345;309;189;171;185;170;72;62;94;76;85;90;72;80
1548.0;349;310;187;172;180;169;69;64;91;79;84;90;77;79
1554.0;344;308;190;169;177;170;73;67;93;78;84;88;78;81
1560.0;344;310;189;169;180;174;71;67;86;74;80;90;79;87
1566.0;340;303;183;173;181;178;77;69;86;73;82;87;79;89
1572.0;342;303;182;172;182;181;78;67;83;76;83;84;78;89
1578.0;341;301;189;173;183;182;75;69;82;75;82;81;79;88
1584.0;338;306;189;174;182;185;75;65;81;72;82;84;76;91
1590.0;337;304;194;175;178;185;77;65;82;69;84;82;79;89
1596.0;334;301;193;178;181;185;76;63;82;71;84;81;81;90
1602.0;330;301;190;180;188;187;76;69;84;70;80;81;75;89
1608.0;331;296;197;178;186;187;80;68;82;69;84;81;74;87
1614.0;330;299;195;180;185;189;75;66;84;76;81;81;73;86
1620.0;329;295;196;184;188;189;75;64;80;73;84;82;73;88
1626.0;329;300;199;180;192;188;74;60;80;75;84;83;72;84
1632.0;327;302;197;185;188;190;73;57;79;82;88;81;70;81
1638.0;329;300;195;182;187;195;72;59;81;79;89;82;69;81
1644.0;325;302;193;184;187;194;73;62;84;77;89;82;70;78
1650.0;328;300;198;189;188;191;78;58;82;77;85;84;67;75
1656.0;327;300;198;192;189;190;76;60;81;81;84;80;66;76
1662.0;327;298;195;191;187;190;78;60;79;79;85;81;66;84
1668.0;325;296;192;191;188;186;80;63;76;84;84;84;68;83
1674.0;331;295;192;196;187;186;75;68;76;87;79;78;69;81
1680.0;325;295;196;196;188;184;77;64;77;86;80;82;69;81
1686.0;325;295;198;196;187;185;73;64;75;86;83;83;75;75
1692.0;328;293;195;192;185;188;80;64;74;87;81;80;77;76
1698.0;326;295;193;193;186;189;82;67;72;88;75;81;71;82
1704.0;325;293;187;198;188;189;85;65;71;90;78;81;67;83
1710.0;326;293;189;198;191;188;82;66;72;87;78;81;66;83
1716.0;328;293;191;198;191;185;82;65;70;84;78;83;67;85
1722.0;323;295;190;202;192;189;77;64;71;87;73;82;70;85
1728.0;321;295;188;202;196;193;76;62;68;88;70;83;71;87
1734.0;322;296;189;204;190;195;76;63;70;86;70;85;72;82
1740.0;323;294;194;208;187;193;72;59;68;88;68;88;72;86
1746.0;322;295;194;210;188;195;72;56;71;84;68;84;75;86
1752.0;322;291;195;213;189;194;70;59;70;89;66;81;77;84
1758.0;323;290;191;217;186;193;71;59;68;89;69;79;80;85
1764.0;323;293;193;218;186;189;74;60;66;88;66;79;82;83
1770.0;321;292;196;218;183;186;76;67;63;90;67;74;87;80
1776.0;326;292;194;214;181;189;73;72;67;93;67;72;86;74
1782.0;322;298;191;215;183;192;70;73;63;87;69;72;88;77
1788.0;322;297;192;220;181;190;73;77;60;86;70;70;88;74
1794.0;322;301;191;218;182;190;74;81;58;85;70;74;83;71
1800.0;321;301;187;222;185;187;75;83;64;82;70;70;79;74
1806.0;320;301;185;217;186;181;77;85;64;85;71;74;82;72
1812.0;318;298;190;217;189;178;74;84;68;82;73;72;81;76
1818.0;316;299;192;221;195;173;75;83;68;75;78;69;76;80
1824.0;316;305;191;221;196;172;75;84;68;75;74;67;77;79
1830.0;317;305;191;223;193;175;77;84;66;75;72;67;76;79
1836.0;314;305;194;224;194;176;77;85;64;77;69;65;75;81
1842.0;313;306;196;228;186;175;73;83;63;80;69;68;79;81
1848.0;308;305;194;226;185;177;74;86;66;82;73;68;76;80
1854.0;310;302;198;227;182;177;72;87;65;84;70;71;74;81
1860.0;309;300;201;223;181;180;72;85;66;86;70;72;74;81
1866.0;311;303;203;220;183;173;75;84;70;81;69;71;78;79
1872.0;313;303;200;213;190;171;77;81;74;79;65;69;81;84
1878.0;308;303;204;214;186;173;81;84;73;77;65;65;79;88
1884.0;308;300;206;216;186;176;83;80;72;75;65;62;84;87
1890.0;305;302;206;215;189;177;86;80;69;73;64;61;88;85
1896.0;301;304;205;218;191;175;82;81;72;74;64;60;85;88
1902.0;299;305;204;215;190;182;81;83;75;72;63;59;86;86
1908.0;298;306;202;210;195;181;82;85;76;72;65;61;86;81
1914.0;297;305;202;212;194;178;82;82;77;75;61;62;89;84
1920.0;298;307;201;209;195;181;82;77;75;77;65;61;90;82
1926.0;301;310;197;210;193;176;81;79;78;79;63;57;90;86
1932.0;304;306;200;210;189;172;79;77;83;79;69;57;89;86
1938.0;300;306;197;212;194;171;78;76;87;78;71;58;88;84
1944.0;300;306;194;211;196;168;77;76;95;79;74;56;83;85
1950.0;304;309;196;206;197;167;81;74;93;76;75;54;83;85
1956.0;307;311;199;205;199;168;71;70;91;82;75;56;83;83
1962.0;307;311;198;207;198;170;66;71;88;82;77;54;84;87
1968.0;314;307;197;210;198;170;72;64;88;81;80;53;82;84
1974.0;312;308;204;205;196;173;74;66;89;82;79;48;80;84
