#auto generated file!
12.0;121;112;113;119;123;104;122;117;128;105;113;101;113;109
18.0;120;112;114;125;127;106;121;117;126;110;111;90;112;109
24.0;122;114;116;128;128;108;124;113;125;106;112;87;111;106
30.0;122;121;113;129;127;112;127;107;125;102;111;87;110;107
36.0;125;132;113;132;128;115;123;106;125;99;104;85;107;106
42.0;127;134;115;134;128;120;122;106;121;101;99;82;105;106
48.0;126;137;116;134;130;122;125;103;118;99;101;83;101;105
54.0;126;136;114;138;134;126;124;102;117;97;100;81;99;106
60.0;130;134;113;137;136;129;122;101;115;98;98;78;102;107
66.0;133;137;113;134;138;129;121;98;115;100;96;82;99;105
72.0;133;140;112;136;142;127;116;100;116;96;97;86;95;104
78.0;137;142;117;139;144;131;113;97;110;94;95;88;92;101
84.0;138;142;116;143;144;131;110;99;110;94;92;92;92;97
90.0;140;147;118;146;139;134;107;98;113;90;93;91;90;94
96.0;146;147;119;147;135;136;103;94;119;91;88;91;88;96
102.0;149;147;123;147;136;137;104;95;118;91;88;89;87;89
108.0;155;143;124;150;138;139;104;86;115;89;87;92;88;90
114.0;156;146;126;149;142;140;96;85;116;90;87;95;91;81
120.0;158;148;126;149;146;139;97;86;112;82;87;100;90;80
126.0;155;154;132;150;144;144;98;86;108;79;85;97;89;79
132.0;156;157;135;149;137;143;96;88;106;85;84;97;89;78
138.0;164;156;138;149;136;142;94;92;103;89;81;94;86;76
144.0;167;160;136;154;135;136;98;88;101;90;80;93;91;71
150.0;162;161;137;158;137;136;98;85;101;91;80;96;88;70
156.0;162;162;142;160;141;135;99;84;98;85;80;94;88;70
162.0;163;165;147;158;142;136;96;84;100;81;76;91;89;72
168.0;169;165;151;157;144;143;94;86;103;80;69;84;91;64
174.0;169;167;152;157;143;141;97;85;103;79;70;83;90;64
180.0;172;167;149;156;147;142;94;86;103;80;73;82;86;63
186.0;178;169;146;153;145;147;94;82;101;80;76;83;85;61
192.0;178;170;149;153;150;149;88;80;99;82;74;81;85;62
198.0;182;168;150;152;153;148;88;83;94;80;73;81;85;63
204.0;187;173;149;152;151;148;84;77;94;79;73;85;85;63
210.0;188;176;149;151;158;148;88;76;95;77;73;81;81;59
216.0;190;173;149;150;158;151;89;79;87;77;70;83;82;62
222.0;191;174;148;148;155;156;86;82;85;78;73;79;80;65
228.0;194;178;150;150;155;150;83;83;82;75;74;79;82;65
234.0;197;177;153;151;158;149;79;86;81;70;76;80;80;63
240.0;200;178;154;153;158;153;81;80;80;70;76;77;78;62
246.0;201;176;154;155;162;150;83;79;76;70;73;78;78;65
252.0;202;176;160;156;160;147;84;75;78;71;73;78;78;62
258.0;200;175;158;162;156;151;84;75;74;72;77;77;78;61
264.0;200;174;158;163;157;153;87;74;70;75;74;77;76;62
270.0;203;174;159;167;162;152;86;72;73;76;72;69;73;62
276.0;203;177;155;167;161;156;86;73;70;77;74;71;69;61
282.0;205;176;153;170;163;158;83;71;73;72;72;73;69;62
288.0;211;177;156;174;159;154;82;70;73;70;73;70;70;61
294.0;214;181;155;176;160;154;80;72;72;66;71;71;69;59
300.0;217;182;159;172;160;155;76;77;72;64;66;70;70;60
306.0;219;185;162;169;161;159;75;78;70;63;63;68;69;59
312.0;217;192;163;172;162;159;71;77;69;62;63;63;69;61
318.0;219;200;161;174;159;155;69;74;71;64;62;64;68;60
324.0;223;199;163;168;158;152;70;69;76;69;63;64;67;59
330.0;223;202;156;173;158;151;71;64;72;72;62;65;67;64
336.0;225;202;156;172;161;150;68;62;71;73;64;62;68;66
342.0;225;202;155;172;162;152;68;59;70;71;67;61;69;67
348.0;230;201;154;170;163;154;68;59;69;69;64;61;71;67
354.0;230;204;151;172;164;152;69;60;71;70;67;56;69;65
360.0;233;201;153;172;167;149;69;65;72;64;68;53;70;64
366.0;232;203;152;175;164;147;67;64;73;68;66;58;66;65
372.0;235;202;153;170;165;143;69;65;69;65;67;60;69;68
378.0;232;201;150;173;166;141;67;60;70;68;69;62;71;70
384.0;234;206;150;176;165;141;67;57;73;64;65;61;69;72
390.0;234;206;151;181;166;141;68;55;68;65;67;60;64;74
396.0;236;206;153;180;162;139;68;56;70;61;69;59;62;79
402.0;239;205;156;178;161;141;69;55;70;58;68;57;66;77
408.0;242;205;156;176;164;139;72;53;69;58;68;60;66;72
414.0;241;205;153;176;163;140;69;55;72;58;68;61;68;71
420.0;242;201;152;172;162;144;76;55;73;57;68;60;68;70
426.0;242;202;153;169;161;148;75;52;73;62;66;57;69;71
432.0;244;203;152;171;157;145;76;55;67;61;69;57;72;71
438.0;243;202;154;170;161;150;77;55;65;63;68;55;69;68
444.0;244;202;158;172;160;148;69;58;66;63;64;55;71;70
450.0;240;206;163;172;161;145;67;59;66;62;61;55;73;70
456.0;242;205;163;170;165;142;63;61;65;65;61;57;71;70
462.0;242;208;161;170;160;138;65;62;64;67;61;59;76;67
468.0;243;208;157;168;163;139;63;64;66;63;63;58;79;66
474.0;243;209;158;166;164;141;67;63;63;59;63;57;77;70
480.0;238;213;159;165;163;142;66;65;59;60;68;53;77;72
486.0;243;216;164;163;159;142;62;66;57;63;68;52;79;66
492.0;244;220;167;161;156;140;56;66;57;67;67;52;80;67
498.0;245;222;166;160;156;142;55;65;61;65;67;51;78;67
504.0;250;223;169;161;153;141;56;64;57;66;65;52;76;67
510.0;246;225;171;154;156;140;59;63;57;66;67;59;71;66
516.0;249;224;169;156;155;139;58;64;61;65;66;58;68;68
522.0;249;227;167;157;154;145;61;64;62;60;62;55;67;70
528.0;246;228;166;160;154;147;59;63;61;61;67;53;67;68
534.0;246;226;166;155;155;152;58;62;62;62;63;55;70;68
540.0;247;229;166;155;153;149;58;65;61;62;56;55;73;71
546.0;250;231;163;155;157;148;61;66;59;61;54;57;70;68
552.0;256;234;163;152;156;144;59;64;57;61;56;57;69;72
558.0;259;234;163;153;156;144;59;69;57;59;59;52;66;70
564.0;260;231;162;156;156;145;60;64;58;62;61;49;68;68
570.0;257;231;163;152;160;142;61;62;61;64;60;53;69;65
576.0;258;231;167;152;158;145;62;64;62;61;61;49;67;63
582.0;259;230;168;150;160;150;65;60;60;57;63;47;69;62
588.0;259;231;169;151;162;150;66;58;61;54;62;50;68;59
594.0;257;234;170;150;160;153;66;57;63;57;62;48;65;58
600.0;259;231;166;150;161;154;68;55;62;58;63;48;67;58
606.0;259;235;162;150;162;151;69;52;60;63;62;49;71;55
612.0;262;237;159;149;161;152;70;53;60;64;60;51;67;55
618.0;259;239;161;148;156;149;69;53;60;66;61;52;71;56
624.0;259;239;156;149;154;149;66;54;63;70;61;56;68;56
630.0;261;240;154;156;154;147;67;57;61;69;63;54;62;55
636.0;262;240;155;159;154;144;66;58;58;69;62;57;61;55
642.0;258;239;154;164;150;145;68;58;56;67;61;57;65;58
648.0;259;239;151;163;151;146;67;58;57;65;61;57;65;61
654.0;258;240;149;165;154;143;66;58;61;66;59;61;61;59
660.0;257;243;147;164;156;145;66;61;63;66;57;60;58;57
666.0;256;240;144;162;159;150;65;60;63;65;60;60;64;52
672.0;258;238;143;165;157;151;59;62;67;65;58;61;62;54
678.0;259;239;138;165;157;152;57;65;69;65;59;62;59;54
684.0;260;237;143;164;156;152;56;64;71;62;58;61;62;54
690.0;261;238;145;166;157;151;57;58;71;61;57;61;63;54
696.0;264;240;146;164;158;151;55;56;68;63;55;63;63;54
702.0;263;241;145;161;158;151;53;54;68;65;56;64;66;55
708.0;264;238;147;160;158;149;51;57;68;70;54;64;67;53
714.0;266;240;144;159;156;150;51;54;68;73;52;65;69;53
720.0;264;237;144;159;154;147;48;54;71;74;54;70;68;56
726.0;262;240;146;159;154;148;47;55;70;75;57;66;68;53
732.0;260;238;141;162;154;147;50;59;70;73;58;67;68;53
738.0;262;242;140;164;148;145;53;62;66;74;56;62;72;54
744.0;259;247;141;166;149;146;55;62;67;69;54;59;72;54
750.0;260;246;144;162;150;146;56;64;68;66;54;61;73;50
756.0;258;251;148;159;149;146;59;62;62;61;60;60;74;51
762.0;258;255;148;156;149;145;55;61;65;65;58;62;68;55
768.0;253;252;147;157;151;148;53;61;67;65;56;63;70;57
774.0;254;252;150;152;150;148;56;61;69;64;56;60;72;56
780.0;252;252;147;151;152;149;61;63;71;66;55;58;67;56
786.0;254;252;148;151;153;148;64;64;71;63;54;59;64;55
792.0;251;252;146;150;152;146;62;63;71;66;53;63;67;58
798.0;250;256;145;148;153;139;59;65;71;71;53;62;70;58
804.0;249;257;144;152;154;138;59;68;71;71;53;61;69;54
810.0;250;257;146;151;154;137;57;63;72;68;55;61;73;56
816.0;251;255;143;152;153;136;55;69;72;68;60;57;73;56
822.0;252;256;141;148;154;140;58;69;70;69;61;56;71;55
828.0;250;257;140;148;156;140;58;70;71;66;60;58;69;57
834.0;250;252;138;151;160;138;62;70;69;63;63;60;70;54
840.0;252;251;140;147;162;136;60;69;68;63;64;61;71;56
846.0;254;250;141;147;163;136;59;71;66;66;63;64;68;52
852.0;256;248;141;148;161;134;60;73;70;64;64;62;68;51
858.0;257;255;141;150;159;133;57;64;71;68;64;59;71;51
864.0;255;255;142;150;159;133;56;67;68;73;68;54;67;53
870.0;254;254;141;156;157;136;56;68;63;73;67;56;66;53
876.0;255;255;144;159;158;138;54;66;61;71;66;53;68;52
882.0;256;254;141;158;157;138;56;66;62;73;63;53;68;55
888.0;257;253;139;156;164;139;57;63;62;73;63;54;67;53
894.0;257;255;139;157;164;142;53;58;64;69;63;57;68;54
900.0;258;254;139;161;164;142;54;54;64;68;66;57;66;53
906.0;258;255;140;157;163;146;54;56;60;69;65;60;66;51
912.0;260;254;137;160;160;145;50;62;55;67;67;61;71;51
918.0;260;252;142;161;160;144;55;62;52;66;64;62;69;51
924.0;260;255;141;161;162;147;54;61;49;66;64;61;69;50
930.0;260;254;146;159;161;144;54;60;49;68;65;62;69;49
936.0;262;255;147;156;156;144;56;60;53;67;63;58;69;54
942.0;263;255;149;156;155;144;57;63;51;59;65;59;70;54
948.0;265;254;151;156;156;143;57;63;50;60;59;62;69;55
954.0;269;255;149;151;158;143;55;62;53;56;61;60;71;57
960.0;270;253;153;150;155;143;51;67;52;56;60;60;72;58
966.0;265;251;151;147;157;141;54;67;55;57;63;60;72;60
972.0;264;252;150;148;158;142;51;67;54;56;65;61;71;61
978.0;273;250;149;150;155;140;52;70;52;60;61;60;70;58
984.0;275;249;150;149;156;139;58;65;50;58;62;64;68;57
990.0;272;252;149;153;157;144;59;64;50;53;64;62;67;54
996.0;270;251;148;154;157;143;58;64;52;53;66;60;69;55
1002.0;271;251;148;156;155;142;58;63;53;50;67;61;68;57
1008.0;270;253;146;155;156;142;61;68;49;47;67;60;70;56
1014.0;266;250;143;159;155;142;64;68;55;39;71;65;67;56
1020.0;266;248;145;158;158;142;62;65;54;40;74;66;66;56
1026.0;267;247;147;158;159;138;64;64;54;43;74;65;64;56
1032.0;269;246;144;163;160;140;62;66;55;40;68;68;63;56
1038.0;267;248;147;156;160;143;65;63;56;39;68;68;64;56
1044.0;266;245;146;161;159;141;65;62;57;42;65;69;63;59
1050.0;263;245;144;163;161;142;68;61;55;45;67;67;61;58
1056.0;266;249;141;161;160;144;71;59;52;45;67;63;63;59
1062.0;264;253;143;157;160;143;72;59;51;45;71;61;61;60
1068.0;265;250;143;158;159;145;70;62;54;44;72;57;62;59
1074.0;266;251;142;158;159;143;67;65;53;43;74;60;66;53
1080.0;264;251;141;158;158;143;70;70;54;46;76;58;60;51
1086.0;265;252;142;159;161;141;71;72;50;49;74;59;53;52
1092.0;264;253;142;158;159;141;70;71;47;51;72;64;51;57
1098.0;259;253;144;156;158;145;73;70;47;54;71;60;51;59
1104.0;258;251;143;156;159;146;69;71;51;56;70;57;52;61
1110.0;257;253;144;158;158;149;69;70;51;48;73;56;51;63
1116.0;258;251;147;155;156;148;69;70;56;47;72;58;50;63
1122.0;260;252;145;152;161;149;67;71;55;47;70;60;50;61
1128.0;259;253;148;153;159;150;68;69;53;46;75;59;52;56
1134.0;259;257;149;154;155;150;67;74;56;42;73;55;53;56
1140.0;259;257;148;154;158;147;66;74;58;43;75;51;51;59
1146.0;265;255;144;155;154;148;62;75;59;43;72;57;52;59
1152.0;266;258;143;154;152;148;61;77;59;45;75;53;52;57
1158.0;266;260;143;155;153;145;57;76;60;46;77;53;50;59
1164.0;268;260;141;154;154;152;55;76;57;45;78;53;49;58
1170.0;266;260;141;160;154;154;56;72;55;46;77;50;50;59
1176.0;264;261;141;166;149;154;56;70;56;47;77;50;50;59
1182.0;260;262;139;169;150;151;55;69;60;52;71;51;54;57
1188.0;258;264;138;166;149;150;53;68;61;56;70;53;51;63
1194.0;258;267;137;162;146;152;55;65;64;60;69;53;53;59
1200.0;258;269;134;162;147;154;54;63;63;61;69;55;50;61
1206.0;259;267;136;160;146;148;54;69;65;61;67;54;50;64
1212.0;258;265;138;163;148;150;55;65;65;56;66;55;50;66
1218.0;257;265;141;165;147;145;57;64;63;60;64;55;50;67
1224.0;258;267;142;164;147;143;56;65;67;60;60;54;50;67
1230.0;257;271;143;163;147;139;56;62;64;57;63;57;52;69
1236.0;258;270;146;162;148;140;57;58;63;57;62;56;53;70
1242.0;259;272;145;159;146;146;60;60;64;58;60;51;50;70
1248.0;257;275;148;158;146;147;55;59;62;59;62;54;49;69
1254.0;255;273;154;155;147;146;54;56;62;61;60;56;50;71
1260.0;253;273;154;153;149;145;54;56;61;62;60;61;49;70
1266.0;250;270;157;156;147;150;58;54;57;64;58;61;49;69
1272.0;249;271;161;152;143;151;60;56;56;63;59;63;49;67
1278.0;251;266;160;150;146;153;60;55;56;67;60;62;49;65
1284.0;253;262;161;150;146;152;59;55;55;69;59;65;48;66
1290.0;251;263;166;147;145;151;59;56;55;64;64;64;49;66
1296.0;248;263;162;145;145;147;60;58;55;67;59;65;55;71
1302.0;249;263;161;145;147;145;57;64;49;67;56;66;59;72
1308.0;247;263;166;144;150;141;63;64;51;62;54;66;58;71
1314.0;246;264;170;147;148;140;62;65;51;61;55;63;58;70
1320.0;244;270;175;144;146;139;64;67;51;63;52;62;54;69
1326.0;244;270;176;144;141;142;67;68;47;58;50;67;59;67
1332.0;242;270;174;145;139;145;62;64;52;59;54;67;59;68
1338.0;241;274;171;145;141;146;58;62;52;57;54;68;63;68
1344.0;243;270;169;150;140;146;58;59;55;60;53;68;63;66
1350.0;244;270;167;151;141;145;55;57;55;63;54;69;59;70
1356.0;249;273;167;148;140;143;52;59;56;64;53;68;55;73
1362.0;252;271;168;153;138;145;53;56;54;65;55;61;54;75
1368.0;252;270;169;153;136;141;55;59;60;64;56;56;54;75
1374.0;254;268;169;151;139;140;55;59;59;62;56;61;58;69
1380.0;256;269;169;149;139;140;51;59;60;65;56;59;61;67
1386.0;255;270;171;145;136;139;50;58;64;65;57;60;62;68
1392.0;258;273;170;145;133;140;51;61;63;57;59;60;62;68
1398.0;261;273;169;147;135;140;48;63;59;59;59;58;60;69
1404.0;262;270;166;151;136;135;51;65;61;58;62;57;58;68
1410.0;259;269;166;150;136;135;48;68;63;58;62;58;60;68
1416.0;256;271;164;148;138;137;49;66;66;60;60;58;61;66
1422.0;257;271;161;150;138;141;52;62;67;64;57;58;58;64
1428.0;259;274;162;150;139;141;51;64;67;64;54;56;53;66
1434.0;258;276;165;151;133;144;50;62;68;69;57;53;47;67
1440.0;263;272;169;151;131;144;46;61;70;68;57;58;46;64
1446.0;263;273;169;151;132;141;43;57;73;70;59;58;48;63
1452.0;266;275;169;152;131;144;43;57;78;67;58;55;45;60
1458.0;268;275;166;152;135;146;42;55;76;71;56;53;46;59
1464.0;273;271;163;152;132;147;43;55;77;72;56;54;45;60
1470.0;277;271;164;153;131;146;40;51;77;74;57;55;43;61
1476.0;281;271;167;153;130;143;45;50;75;74;60;54;38;59
1482.0;280;269;167;153;130;141;50;52;74;72;61;53;38;60
1488.0;281;268;170;149;130;143;55;47;77;75;61;50;35;59
1494.0;283;266;175;148;129;139;58;50;76;72;60;53;35;56
1500.0;283;265;179;149;126;140;56;51;76;75;58;49;36;57
1506.0;279;260;174;147;126;140;59;52;78;76;62;48;39;60
1512.0;278;260;173;148;128;140;58;51;76;73;63;48;42;62
1518.0;274;262;169;154;129;142;56;53;74;72;60;50;44;61
1524.0;276;263;168;152;132;137;59;55;71;73;62;53;44;55
1530.0;277;263;169;148;133;139;57;53;70;70;61;55;47;58
1536.0;276;260;167;150;133;144;53;51;70;71;59;55;51;60
1542.0;277;257;165;151;132;145;56;50;69;69;59;54;52;64
1548.0;278;254;168;150;134;145;54;48;69;70;62;56;53;59
1554.0;282;254;171;148;134;145;57;48;63;72;59;55;52;60
1560.0;278;253;168;152;131;143;55;52;67;72;59;56;55;59
1566.0;278;251;168;148;133;145;52;52;70;72;58;57;56;60
1572.0;273;251;169;152;132;150;53;54;69;72;56;55;55;59
1578.0;270;252;165;155;132;145;52;56;70;72;55;58;58;60
1584.0;271;245;163;153;131;144;55;57;70;76;53;59;63;60
1590.0;266;242;161;155;132;143;55;57;72;71;60;61;64;61
1596.0;271;244;156;156;133;142;55;51;71;64;67;59;65;66
1602.0;270;245;152;160;138;141;52;52;70;63;67;62;63;65
1608.0;269;246;149;163;138;139;50;49;70;62;68;63;64;70
1614.0;266;244;151;163;140;136;52;54;66;62;66;64;63;73
1620.0;265;243;151;164;144;133;55;58;65;62;65;62;63;70
1626.0;265;242;152;161;143;136;57;56;62;62;67;60;64;73
1632.0;260;247;152;162;143;134;61;58;61;61;67;58;65;71
1638.0;259;245;151;161;145;136;62;55;60;57;66;59;70;74
1644.0;258;246;148;158;146;134;64;55;61;56;69;62;73;70
1650.0;259;248;147;159;147;135;63;55;60;55;64;65;76;67
1656.0;256;251;147;159;146;133;64;54;62;55;60;67;78;68
1662.0;258;246;148;160;146;134;63;54;65;56;60;66;76;68
1668.0;258;247;150;164;145;132;60;54;68;63;58;65;72;64
1674.0;254;246;152;163;144;132;59;55;68;64;60;61;75;67
1680.0;255;245;153;163;147;134;57;57;68;62;59;60;73;67
1686.0;256;246;156;163;145;137;56;56;65;61;58;63;73;65
1692.0;259;243;156;162;149;138;60;57;63;62;60;59;68;64
1698.0;258;246;157;161;147;141;62;56;60;62;61;54;69;66
1704.0;262;246;158;158;144;139;58;56;62;64;62;56;69;66
1710.0;264;244;156;159;144;140;57;55;64;64;62;57;67;67
1716.0;262;249;158;157;147;139;60;56;64;58;63;55;68;64
1722.0;264;252;164;153;145;139;61;56;56;63;61;59;66;61
1728.0;261;250;168;148;146;137;62;59;58;65;58;61;66;61
1734.0;261;248;165;152;148;141;64;55;53;64;56;63;67;63
1740.0;259;251;163;154;147;141;63;56;53;61;54;63;68;67
1746.0;259;248;167;152;150;139;64;55;53;56;57;64;70;66
1752.0;265;253;166;150;150;131;62;56;53;58;57;66;68;65
1758.0;264;251;171;153;148;127;62;58;52;57;58;65;69;65
1764.0;264;251;168;154;150;126;62;56;53;60;57;65;70;64
1770.0;265;250;169;152;149;128;60;57;56;60;58;62;70;64
1776.0;261;253;172;153;147;128;63;55;54;60;56;56;74;68
1782.0;261;252;170;151;148;131;66;56;53;61;57;54;74;66
1788.0;265;254;169;150;150;133;64;50;54;60;58;60;72;61
1794.0;265;256;163;142;150;129;69;51;59;58;60;65;73;60
1800.0;266;256;162;141;153;129;68;51;60;61;59;63;73;58
1806.0;264;251;162;142;148;128;72;56;58;63;60;67;74;55
1812.0;265;250;164;140;147;127;73;55;56;67;58;70;74;54
1818.0;260;248;166;139;146;128;74;58;57;70;57;67;76;54
1824.0;258;247;166;140;147;124;72;60;60;72;58;67;77;52
1830.0;257;250;164;141;145;126;70;64;61;74;59;66;74;49
1836.0;258;249;165;142;145;127;70;62;65;71;60;69;70;47
1842.0;258;250;163;145;145;129;67;62;68;69;58;67;74;45
1848.0;258;250;163;144;145;129;65;60;69;75;56;69;73;44
1854.0;257;256;166;142;148;131;64;59;71;74;56;62;71;43
1860.0;260;253;168;144;151;127;63;56;73;74;56;63;67;45
1866.0;261;254;166;144;152;127;65;52;79;74;53;60;66;47
1872.0;262;252;165;142;150;130;66;55;76;77;53;58;68;46
1878.0;262;249;162;145;152;133;68;57;76;73;54;55;66;48
1884.0;261;248;160;148;152;132;69;60;72;74;52;56;66;50
1890.0;259;250;160;148;149;136;66;56;75;74;49;61;66;51
1896.0;258;252;160;147;149;138;66;56;75;72;45;60;70;52
1902.0;258;257;156;147;152;140;67;49;74;73;47;61;66;53
1908.0;259;262;152;151;150;142;67;44;70;72;50;56;70;55
1914.0;261;264;145;154;149;143;70;44;66;73;52;56;67;56
1920.0;262;264;146;156;146;141;69;47;65;73;50;56;65;60
1926.0;260;263;146;152;148;138;67;46;65;75;52;58;66;64
1932.0;259;262;146;154;149;142;64;47;68;73;50;58;63;65
1938.0;258;260;147;151;151;145;60;52;68;68;49;60;65;66
1944.0;260;257;151;146;153;142;60;54;69;68;46;59;66;69
1950.0;257;254;149;144;152;143;58;57;70;70;52;61;65;68
1956.0;256;254;153;145;147;144;58;58;66;71;53;60;66;69
1962.0;258;254;155;145;144;145;62;57;68;68;53;61;63;67
1968.0;258;251;154;147;144;147;63;54;67;66;56;60;66;67
1974.0;258;252;160;144;143;147;59;50;66;70;54;63;66;68
