#auto generated file!
12.0;124;130;138;129;126;145;127;118;116;155;112;132;136;112
18.0;128;135;139;127;128;145;128;116;118;154;110;129;136;107
24.0;136;141;140;130;128;149;121;110;115;144;114;130;131;111
30.0;138;149;143;133;131;146;115;113;112;142;119;124;127;108
36.0;141;153;145;133;132;157;111;114;110;138;109;119;126;112
42.0;144;159;143;133;134;158;120;120;107;134;105;113;123;107
48.0;148;159;144;133;135;154;122;123;103;132;108;113;120;106
54.0;152;163;140;141;139;156;118;123;104;131;106;107;115;105
60.0;156;164;139;143;140;161;118;119;105;123;107;105;118;102
66.0;159;168;142;144;140;163;116;118;103;125;109;98;116;99
72.0;162;173;143;146;140;163;117;112;101;121;111;96;114;101
78.0;166;176;138;148;143;166;114;114;97;112;115;96;115;100
84.0;168;180;139;148;143;169;112;114;101;107;111;97;110;101
90.0;175;181;139;154;141;172;109;112;99;103;110;97;110;98
96.0;174;182;140;153;143;174;109;108;102;106;111;93;110;95
102.0;175;185;140;154;142;174;109;111;100;102;113;93;105;97
108.0;178;188;142;149;145;173;110;109;98;100;110;97;103;98
114.0;179;193;143;146;148;174;108;104;103;94;107;102;102;97
120.0;180;195;143;146;156;178;107;100;104;91;105;97;102;96
126.0;183;199;148;145;153;183;104;98;109;86;104;93;103;92
132.0;183;197;151;145;158;188;101;97;108;87;101;90;103;91
138.0;187;194;153;147;160;195;100;89;102;87;102;89;104;91
144.0;188;198;151;148;158;195;101;91;100;88;98;86;108;90
150.0;191;205;151;149;159;192;101;88;101;86;92;89;104;92
156.0;194;211;152;148;160;190;100;87;103;83;90;89;101;92
162.0;193;212;155;148;162;192;101;89;98;84;93;85;100;88
168.0;198;212;151;151;162;194;96;88;100;83;96;85;98;86
174.0;199;214;153;148;158;194;98;88;95;87;97;87;96;86
180.0;199;219;157;152;158;194;97;86;91;83;91;92;99;82
186.0;204;221;153;153;160;192;96;85;88;87;90;89;96;86
192.0;203;218;153;154;161;187;99;85;88;86;88;89;101;88
198.0;202;218;152;157;163;186;97;86;83;80;89;91;107;89
204.0;201;217;153;160;166;179;97;87;82;82;89;91;107;89
210.0;205;215;156;158;165;183;95;87;82;83;87;95;105;84
216.0;206;212;156;161;163;187;97;84;84;80;88;97;103;82
222.0;212;215;156;165;163;188;97;83;86;76;87;93;99;80
228.0;211;218;159;164;160;185;96;82;88;78;90;94;96;79
234.0;212;223;162;162;157;184;95;83;87;78;88;90;95;84
240.0;212;227;162;163;153;186;89;81;91;78;90;87;95;86
246.0;217;231;166;157;152;186;87;79;90;77;89;89;96;84
252.0;216;231;167;156;154;188;85;81;91;77;91;84;94;85
258.0;223;234;169;158;149;186;80;82;90;76;90;87;93;83
264.0;230;233;166;161;150;183;78;85;93;73;91;87;88;82
270.0;231;231;164;161;149;186;85;85;90;70;93;84;85;86
276.0;235;234;165;163;148;179;84;87;94;72;93;80;81;85
282.0;237;234;166;158;149;182;88;85;95;71;90;82;77;86
288.0;242;237;168;157;151;182;88;84;89;69;89;83;78;83
294.0;241;240;173;157;150;181;92;80;91;66;88;85;75;81
300.0;240;242;172;161;146;184;92;77;94;69;85;80;80;78
306.0;234;243;173;163;149;183;93;81;92;66;87;83;76;77
312.0;236;245;172;156;151;186;95;81;89;75;86;81;75;72
318.0;239;245;169;155;158;184;92;81;90;78;83;77;77;72
324.0;238;244;168;160;161;186;87;81;92;74;86;78;77;68
330.0;242;241;167;158;158;185;85;86;94;75;82;76;78;73
336.0;243;246;166;159;156;189;83;82;95;73;79;78;76;75
342.0;247;244;161;163;159;193;87;79;95;70;73;77;77;75
348.0;245;241;159;165;162;190;87;85;101;69;72;75;73;76
354.0;248;242;167;166;157;186;85;88;98;68;72;75;73;75
360.0;245;240;167;168;159;185;85;88;92;68;75;78;73;77
366.0;249;240;165;169;160;179;82;88;89;67;82;78;72;80
372.0;249;240;166;168;161;179;82;91;85;66;86;77;73;77
378.0;252;240;164;167;159;175;80;90;84;68;87;75;77;82
384.0;256;245;165;164;155;175;84;89;78;64;86;81;79;79
390.0;256;241;162;163;155;177;87;89;77;61;89;80;81;82
396.0;259;241;167;163;160;174;91;92;81;53;82;78;76;83
402.0;262;240;166;164;162;176;94;92;82;56;80;71;75;80
408.0;268;244;167;163;163;180;89;95;85;52;72;73;72;77
414.0;270;243;165;163;158;180;91;95;86;52;75;72;73;77
420.0;275;245;166;166;157;178;89;94;87;52;74;73;66;78
426.0;277;244;167;164;158;177;84;94;89;51;77;72;66;80
432.0;281;240;163;165;159;173;82;94;89;55;80;74;65;80
438.0;282;241;161;166;164;171;83;92;90;51;78;76;66;79
444.0;281;245;163;164;161;177;87;88;89;50;78;73;64;80
450.0;283;246;166;163;159;179;84;86;87;50;79;76;62;80
456.0;282;248;172;163;161;181;84;90;84;49;79;71;60;76
462.0;284;250;174;162;158;179;85;92;82;54;74;71;61;74
468.0;284;251;175;167;160;178;82;90;78;54;74;69;63;75
474.0;283;252;171;167;158;181;83;94;78;54;76;64;62;77
480.0;286;247;169;173;154;184;82;90;76;54;78;66;65;76
486.0;283;249;171;171;154;184;82;89;74;57;78;65;63;80
492.0;282;249;175;170;152;180;79;87;72;58;80;69;65;82
498.0;281;253;175;169;154;185;77;87;69;57;82;69;65;77
504.0;283;252;178;166;149;185;76;88;72;56;81;68;64;82
510.0;284;253;179;171;147;192;76;87;73;57;73;67;63;78
516.0;282;258;178;170;149;194;76;86;72;54;77;65;63;76
522.0;282;258;173;170;151;201;75;88;70;47;80;66;64;75
528.0;285;258;174;168;149;201;71;90;69;53;80;65;63;74
534.0;289;257;173;165;148;195;69;91;66;59;86;64;64;74
540.0;289;254;174;166;148;197;74;89;65;58;85;64;65;72
546.0;292;253;174;167;147;197;73;86;66;56;85;64;68;72
552.0;291;253;171;169;149;194;71;82;68;56;85;67;69;75
558.0;294;249;171;169;152;194;71;78;67;56;84;69;73;73
564.0;290;251;172;167;155;195;73;82;66;54;80;73;73;69
570.0;286;249;172;163;155;192;74;85;71;56;83;74;75;65
576.0;286;247;172;164;159;185;76;89;72;59;83;73;74;61
582.0;285;249;171;165;158;181;74;93;72;63;79;73;73;64
588.0;284;253;166;171;161;179;78;94;68;61;80;73;73;59
594.0;284;251;163;169;158;187;78;93;70;60;79;74;72;62
600.0;283;253;161;167;157;189;76;93;72;62;78;73;73;63
606.0;287;250;161;165;155;187;78;93;74;65;82;66;76;61
612.0;290;249;159;166;151;187;74;89;72;64;85;66;79;69
618.0;291;250;160;164;149;184;74;89;69;64;85;68;79;74
624.0;294;249;159;169;150;182;70;84;69;65;86;68;78;77
630.0;295;248;161;163;152;183;73;87;68;63;87;68;75;77
636.0;295;246;161;159;151;184;72;87;66;67;87;69;79;77
642.0;294;248;166;156;154;183;71;78;66;68;89;70;76;81
648.0;297;246;163;155;157;182;68;78;65;68;87;71;78;85
654.0;300;246;158;155;157;183;67;83;62;70;90;71;77;81
660.0;301;244;162;155;161;183;66;83;62;67;90;72;76;78
666.0;303;246;165;159;161;182;62;85;61;67;85;71;75;78
672.0;306;248;164;159;163;182;62;80;62;66;81;73;72;82
678.0;310;251;167;155;167;184;63;81;59;61;81;71;70;80
684.0;310;254;167;156;170;181;68;78;59;59;85;68;66;79
690.0;311;255;166;156;168;181;65;76;61;62;86;66;67;80
696.0;312;256;169;158;164;180;66;75;64;60;78;71;66;81
702.0;311;256;169;158;165;178;68;75;64;58;80;71;70;77
708.0;312;252;170;162;171;177;65;74;68;57;79;69;69;75
714.0;307;257;170;165;170;178;66;71;70;58;76;66;74;72
720.0;308;250;171;161;174;178;62;76;68;57;77;64;79;75
726.0;302;250;177;157;171;180;61;76;70;60;76;66;76;78
732.0;303;254;174;153;171;176;62;82;70;59;76;65;76;79
738.0;301;257;173;155;171;173;58;89;68;56;75;67;77;80
744.0;301;259;176;160;171;170;59;88;66;52;74;64;79;81
750.0;298;259;172;162;174;169;55;84;70;55;76;65;82;79
756.0;303;254;169;160;172;167;59;86;71;62;76;66;77;78
762.0;301;253;170;157;174;169;60;83;68;65;82;63;79;76
768.0;300;250;169;160;170;172;59;84;70;64;83;63;76;80
774.0;301;253;163;165;169;170;63;85;66;65;84;57;77;82
780.0;296;258;165;170;169;171;63;82;62;69;82;55;80;78
786.0;299;259;165;171;169;172;61;83;62;69;85;53;76;76
792.0;298;262;166;169;172;168;62;81;65;73;81;55;75;73
798.0;299;262;165;169;171;165;63;80;67;72;82;59;74;72
804.0;300;264;161;171;174;164;63;78;59;76;85;59;75;71
810.0;298;264;163;168;171;162;67;79;57;78;86;59;78;70
816.0;297;267;164;173;170;161;64;81;57;76;85;65;71;69
822.0;296;267;163;176;173;163;65;81;60;70;85;67;68;66
828.0;298;268;163;177;172;165;64;80;62;66;86;70;66;63
834.0;298;269;164;172;170;170;62;81;63;68;83;71;65;64
840.0;303;269;167;172;171;171;59;78;58;64;89;71;63;65
846.0;300;264;170;171;172;168;60;78;58;66;89;71;66;67
852.0;304;261;170;171;169;171;62;76;59;66;83;69;70;69
858.0;304;260;171;176;168;168;58;74;59;72;80;71;70;69
864.0;304;259;173;178;173;167;58;72;61;71;76;73;68;67
870.0;303;260;168;182;178;166;61;70;62;68;75;70;70;67
876.0;301;258;172;179;178;166;61;72;66;64;74;70;71;68
882.0;300;261;174;181;173;161;63;72;64;64;74;73;68;72
888.0;299;260;176;180;173;157;65;76;66;65;79;73;63;68
894.0;300;259;173;182;171;157;64;80;71;65;81;70;62;65
900.0;300;261;173;181;167;160;65;80;72;65;81;64;67;64
906.0;300;261;176;180;167;158;65;77;68;65;85;60;72;66
912.0;298;258;177;177;168;162;66;76;69;67;81;59;73;69
918.0;300;260;176;177;164;167;65;78;63;69;84;60;70;67
924.0;302;261;176;179;163;165;65;74;65;71;84;61;70;64
930.0;297;260;179;182;165;160;64;78;65;70;84;62;70;64
936.0;300;263;184;179;163;161;61;78;69;69;80;64;70;59
942.0;302;262;183;177;165;163;62;74;72;68;75;64;75;58
948.0;304;262;184;175;162;164;63;74;72;69;74;62;78;57
954.0;308;262;184;177;164;163;61;74;72;64;71;60;79;61
960.0;306;262;186;176;168;159;59;76;73;64;67;62;85;57
966.0;309;263;179;176;170;162;61;75;73;65;68;60;83;56
972.0;306;263;177;171;173;161;66;81;69;66;66;65;82;54
978.0;305;262;181;172;171;163;63;85;68;69;65;61;80;55
984.0;307;262;174;170;169;164;66;85;72;71;62;61;80;57
990.0;304;264;172;170;172;164;68;86;69;69;58;64;80;60
996.0;303;265;168;170;172;163;62;86;72;75;58;63;81;62
1002.0;301;267;169;175;171;165;59;82;76;74;56;64;80;61
1008.0;301;262;166;176;169;163;60;80;79;72;61;66;80;65
1014.0;303;264;163;174;170;166;60;79;81;76;61;61;75;67
1020.0;299;267;170;173;171;164;60;77;81;79;58;64;74;63
1026.0;297;265;170;176;173;163;61;77;81;81;57;62;74;63
1032.0;299;261;171;172;170;171;55;74;81;85;61;64;76;60
1038.0;298;265;169;181;171;177;55;75;76;79;59;64;74;57
1044.0;299;266;166;179;175;182;53;74;73;79;58;66;74;56
1050.0;298;266;167;184;173;180;55;73;69;80;60;68;70;57
1056.0;303;268;168;185;172;180;57;76;67;77;62;63;65;57
1062.0;309;269;167;180;169;179;56;79;65;78;63;64;61;61
1068.0;307;267;168;179;174;176;55;79;67;74;64;62;64;64
1074.0;309;269;170;177;179;179;58;74;69;71;61;60;61;63
1080.0;311;276;170;173;181;179;56;72;69;71;60;62;58;62
1086.0;309;279;170;170;181;180;56;73;74;67;58;61;62;60
1092.0;305;279;170;168;181;185;54;76;73;66;60;60;61;62
1098.0;303;283;170;167;184;183;57;76;77;64;54;58;61;63
1104.0;302;281;166;165;186;179;59;74;77;60;56;64;69;62
1110.0;301;280;167;165;189;180;57;75;76;60;57;60;70;63
1116.0;304;277;167;164;188;179;57;80;74;64;59;58;66;63
1122.0;299;277;166;165;188;182;61;81;71;65;59;55;67;64
1128.0;299;274;166;165;185;185;62;78;71;72;60;52;69;62
1134.0;298;274;164;168;186;183;65;78;72;71;60;53;65;63
1140.0;295;277;167;170;184;185;66;76;67;69;64;54;62;64
1146.0;289;278;170;171;180;184;68;78;66;68;66;55;63;64
1152.0;291;281;169;171;176;183;64;76;70;71;66;53;64;65
1158.0;287;282;168;175;175;184;62;76;66;75;65;52;65;68
1164.0;285;281;169;171;176;183;65;73;66;77;65;51;65;73
1170.0;282;280;171;172;177;183;68;70;65;78;63;59;63;69
1176.0;285;282;168;177;178;181;69;67;64;79;58;60;63;69
1182.0;288;283;166;176;177;178;69;64;66;76;61;65;62;69
1188.0;288;281;169;175;177;180;71;62;69;81;58;62;61;66
1194.0;288;283;165;175;173;183;76;63;69;80;55;59;63;68
1200.0;284;284;163;170;173;183;81;64;67;80;57;60;62;72
1206.0;287;285;158;173;172;184;81;61;67;78;59;62;61;72
1212.0;285;287;159;168;172;186;81;57;70;79;62;63;58;73
1218.0;285;289;161;169;171;189;77;55;67;83;62;63;56;73
1224.0;282;288;164;170;172;189;79;55;65;85;61;63;54;73
1230.0;284;291;168;168;173;193;77;54;64;83;67;60;46;72
1236.0;280;291;170;166;172;193;79;54;66;83;67;61;48;70
1242.0;284;291;170;165;172;194;77;56;65;81;66;63;46;70
1248.0;286;288;170;164;169;192;80;55;68;79;68;64;48;69
1254.0;286;287;169;166;168;193;83;55;66;79;67;63;49;69
1260.0;286;290;166;165;169;194;82;57;66;84;63;64;47;67
1266.0;284;292;166;168;170;189;86;59;67;80;64;63;45;67
1272.0;291;295;164;170;168;187;90;58;67;79;63;62;46;60
1278.0;289;292;161;166;169;189;91;62;64;79;65;64;46;63
1284.0;293;292;161;165;172;189;86;64;65;76;61;64;48;64
1290.0;291;291;159;163;173;189;87;65;65;78;62;63;47;67
1296.0;293;287;158;162;174;187;87;67;61;79;63;62;49;71
1302.0;294;285;159;165;172;187;87;66;64;80;62;62;53;64
1308.0;294;284;156;164;175;192;84;71;66;82;57;60;50;65
1314.0;297;286;159;160;173;192;86;71;65;83;55;60;49;64
1320.0;296;292;158;160;174;193;87;71;65;81;56;58;50;59
1326.0;297;291;160;166;177;193;86;72;59;77;56;56;51;59
1332.0;295;287;164;165;176;190;86;72;60;74;57;56;54;64
1338.0;298;292;158;167;175;184;81;74;62;74;58;54;59;64
1344.0;300;291;160;167;175;185;82;70;61;78;58;53;57;63
1350.0;301;292;158;171;177;184;85;71;58;77;58;53;52;63
1356.0;305;295;154;171;179;178;83;69;56;81;61;56;50;62
1362.0;304;291;153;175;182;174;85;65;58;82;61;56;50;64
1368.0;300;291;156;176;182;175;87;58;59;78;64;56;50;68
1374.0;301;288;157;178;184;173;83;58;59;77;61;58;51;72
1380.0;300;289;154;178;187;173;83;60;60;74;64;57;49;72
1386.0;301;287;157;178;185;176;79;59;59;73;63;58;53;72
1392.0;303;284;157;178;186;176;79;57;65;74;61;62;50;68
1398.0;300;284;160;177;188;176;79;56;62;75;62;65;50;66
1404.0;298;290;160;174;191;175;78;57;60;75;57;68;51;66
1410.0;299;290;160;173;192;176;75;63;56;70;57;71;52;66
1416.0;296;291;162;167;194;176;77;64;60;70;60;67;54;62
1422.0;291;292;161;167;197;176;76;65;66;69;59;64;53;64
1428.0;292;291;160;165;199;179;76;67;61;67;64;65;53;61
1434.0;295;289;157;163;201;177;74;65;61;72;64;65;54;63
1440.0;294;284;159;166;197;178;75;63;67;74;64;63;51;65
1446.0;293;283;161;171;200;174;76;64;65;74;60;62;49;68
1452.0;290;285;161;173;199;176;73;61;65;75;62;62;49;69
1458.0;293;283;161;173;194;176;73;62;65;76;63;60;53;68
1464.0;292;286;160;173;194;175;64;66;63;73;65;61;55;73
1470.0;292;283;160;172;197;173;64;66;67;67;65;61;59;74
1476.0;296;282;159;177;194;173;61;70;66;64;66;59;61;72
1482.0;295;277;159;176;191;171;62;70;70;69;66;59;61;74
1488.0;294;278;159;176;186;173;63;69;73;67;66;60;61;75
1494.0;295;274;157;176;180;174;65;70;74;67;67;66;64;71
1500.0;292;276;158;179;177;175;64;73;75;70;68;62;60;71
1506.0;295;276;159;179;176;175;65;74;73;67;70;60;60;71
1512.0;295;277;156;179;178;175;63;73;73;63;74;63;57;74
1518.0;292;276;159;182;176;175;63;72;72;64;70;62;61;76
1524.0;289;275;159;182;175;175;66;68;73;66;75;60;62;75
1530.0;288;276;159;179;179;175;67;64;75;63;75;59;65;76
1536.0;288;275;155;180;177;175;68;68;81;62;73;61;61;76
1542.0;289;273;158;182;178;178;72;62;77;64;72;62;62;71
1548.0;288;273;160;182;180;177;74;62;74;69;74;59;60;68
1554.0;287;276;164;180;178;178;74;62;74;70;72;58;60;67
1560.0;282;277;161;183;179;180;75;60;70;73;73;58;63;66
1566.0;283;278;161;184;178;181;75;58;68;72;74;60;64;64
1572.0;282;285;163;180;178;180;75;62;66;71;76;55;65;62
1578.0;283;282;163;181;177;182;77;61;70;74;77;53;61;59
1584.0;280;286;160;178;176;179;82;63;71;69;78;60;59;59
1590.0;281;285;164;173;180;179;80;59;75;68;78;61;58;59
1596.0;280;283;163;173;180;177;84;60;74;73;77;59;58;59
1602.0;282;282;168;173;177;175;87;56;72;76;73;60;62;57
1608.0;282;284;171;175;176;172;86;57;72;72;77;58;64;54
1614.0;285;281;172;172;175;173;85;61;69;77;76;55;67;52
1620.0;286;280;173;167;174;174;82;67;71;74;75;56;68;53
1626.0;283;272;178;167;180;173;84;65;72;75;73;53;69;56
1632.0;283;273;177;166;178;172;87;64;69;76;76;53;69;57
1638.0;281;274;180;163;177;172;91;64;65;75;77;55;71;55
1644.0;280;274;178;165;175;176;91;63;65;68;79;53;74;59
1650.0;282;276;172;166;181;173;92;65;67;65;77;51;73;60
1656.0;285;276;174;165;185;170;89;65;69;64;73;51;73;61
1662.0;283;280;172;161;184;170;86;69;70;64;72;53;72;64
1668.0;283;287;169;160;181;173;81;67;71;64;70;56;74;64
1674.0;280;289;170;160;179;172;79;66;72;61;75;55;79;63
1680.0;281;289;171;162;179;175;76;66;72;62;76;56;76;59
1686.0;278;289;172;159;179;173;73;63;75;66;77;61;72;63
1692.0;278;287;172;163;183;173;68;61;77;65;80;61;69;63
1698.0;276;289;172;168;188;173;66;64;71;62;78;72;59;62
1704.0;279;288;175;164;187;171;65;64;73;64;78;79;56;57
1710.0;275;288;173;167;189;166;66;64;74;66;78;79;59;56
1716.0;275;284;177;167;188;168;64;67;74;67;74;77;59;59
1722.0;272;281;176;167;187;172;66;70;77;66;70;78;58;60
1728.0;273;282;176;165;183;175;68;69;69;69;68;80;58;65
1734.0;275;280;175;162;183;176;67;74;65;70;68;78;61;66
1740.0;275;277;174;162;178;176;68;76;64;73;71;76;63;67
1746.0;272;274;170;168;183;176;67;73;71;72;72;74;61;67
1752.0;273;276;173;168;185;177;64;71;69;73;74;70;58;69
1758.0;272;278;174;166;186;177;66;73;69;73;71;68;57;70
1764.0;270;276;177;169;184;177;67;69;68;77;67;71;58;70
1770.0;269;276;178;172;184;176;65;67;73;75;69;66;60;70
1776.0;270;275;181;173;186;177;63;66;70;74;70;65;56;74
1782.0;274;276;182;175;183;171;61;66;67;77;74;66;57;71
1788.0;273;273;183;173;183;174;64;67;70;78;71;64;57;70
1794.0;276;272;182;171;187;173;63;63;70;79;71;62;60;71
1800.0;276;273;180;169;186;170;65;65;73;80;74;61;58;70
1806.0;275;273;177;167;187;169;65;68;71;78;72;64;61;73
1812.0;279;271;179;164;190;169;60;61;71;83;74;67;60;72
1818.0;278;270;178;168;190;170;64;65;69;79;74;66;60;69
1824.0;278;269;176;171;192;170;67;61;68;82;78;64;58;66
1830.0;277;268;178;173;200;172;67;57;69;81;74;64;56;64
1836.0;278;264;177;175;204;178;67;57;65;76;72;62;62;63
1842.0;273;265;177;176;200;180;68;59;63;71;73;64;65;66
1848.0;274;265;174;176;207;179;68;56;64;70;74;64;65;64
1854.0;274;267;170;178;202;181;64;59;64;69;77;71;64;60
1860.0;275;265;170;183;197;183;60;60;66;66;77;71;67;60
1866.0;277;264;168;185;199;181;62;63;66;63;75;74;65;58
1872.0;276;262;169;187;196;179;63;63;66;63;75;75;66;60
1878.0;278;266;170;188;196;179;63;61;65;62;75;76;64;57
1884.0;274;266;169;191;194;174;62;64;64;63;76;77;67;59
1890.0;276;267;170;188;190;182;60;66;61;64;78;74;63;61
1896.0;276;264;169;188;189;183;61;65;62;61;77;77;67;61
1902.0;275;264;173;187;189;186;62;60;61;60;77;76;69;61
1908.0;273;265;174;189;189;189;64;59;62;60;71;74;70;61
1914.0;272;269;177;184;189;187;61;62;65;61;72;70;71;60
1920.0;272;269;180;184;191;188;61;66;64;59;67;70;69;60
1926.0;269;267;179;183;193;192;59;62;71;58;70;71;65;61
1932.0;267;266;179;185;194;195;60;64;70;57;66;69;66;62
1938.0;269;268;180;184;196;191;58;66;70;55;62;70;66;65
1944.0;263;271;181;187;196;193;60;68;72;55;62;69;62;61
1950.0;264;272;180;190;195;189;61;68;78;53;63;67;62;58
1956.0;268;267;182;186;196;189;62;68;79;54;60;67;64;58
1962.0;271;265;191;184;196;190;63;67;76;51;57;62;66;61
1968.0;272;265;191;184;195;191;62;71;79;48;55;63;64;60
1974.0;272;263;190;182;198;190;63;69;79;50;54;62;65;63
