#auto generated file!
12.0;62;54;52;56;43;59;61;66;61;61;55;52;57;61
18.0;64;55;54;58;44;57;63;68;61;57;51;52;55;61
24.0;64;59;53;60;44;57;63;62;62;57;52;54;51;62
30.0;67;59;54;60;49;57;61;62;62;55;53;52;51;58
36.0;70;60;57;62;51;58;59;58;62;56;50;49;51;57
42.0;72;59;57;62;53;60;58;60;61;54;50;50;47;57
48.0;76;62;59;61;56;59;59;57;57;51;51;48;49;55
54.0;78;61;62;63;55;59;60;55;55;53;50;46;48;55
60.0;79;62;62;63;56;61;62;57;56;49;46;44;47;56
66.0;76;62;62;67;56;60;61;57;53;54;45;40;49;58
72.0;80;63;62;66;57;63;63;56;52;54;46;36;46;56
78.0;79;66;65;67;59;65;59;57;50;53;43;37;46;54
84.0;81;66;66;68;58;64;53;55;50;55;42;41;48;53
90.0;80;67;67;69;60;64;51;53;52;55;41;37;48;56
96.0;81;70;67;70;59;64;50;56;55;52;42;36;45;53
102.0;82;73;67;71;59;65;50;54;55;51;40;32;45;56
108.0;82;76;65;67;59;65;53;53;55;52;42;32;46;53
114.0;82;79;66;67;60;64;50;54;54;54;40;32;45;53
120.0;82;81;66;69;59;63;50;54;54;50;42;32;46;52
126.0;82;84;68;73;60;63;47;51;49;48;46;33;46;50
132.0;82;88;66;72;61;65;46;51;47;51;48;31;43;49
138.0;80;88;64;73;65;63;45;50;52;50;48;30;42;50
144.0;81;89;66;74;65;63;42;48;50;54;49;30;41;48
150.0;82;92;69;75;67;66;41;44;48;52;47;28;43;46
156.0;83;94;74;76;67;67;37;43;45;48;47;29;43;47
162.0;87;93;73;75;65;66;38;41;46;49;47;31;42;47
168.0;87;94;72;75;65;66;38;42;43;47;50;30;41;50
174.0;86;98;74;74;62;68;38;41;46;44;45;31;42;51
180.0;86;101;74;78;63;69;37;41;42;44;43;34;40;48
186.0;89;101;73;77;63;68;40;39;44;43;43;34;37;49
192.0;90;101;73;77;64;68;39;40;43;43;43;37;36;46
198.0;90;100;74;77;63;69;36;39;44;44;43;36;38;47
204.0;90;102;74;76;64;71;37;38;43;42;45;32;37;49
210.0;94;100;75;75;63;70;34;38;43;43;46;31;37;51
216.0;95;100;75;76;63;69;35;39;44;40;45;32;39;48
222.0;95;101;75;77;63;67;35;37;43;42;46;31;39;49
228.0;96;103;74;77;65;64;33;38;44;43;45;34;38;46
234.0;96;101;74;78;66;64;32;39;45;45;44;32;38;46
240.0;93;99;77;78;68;67;32;40;44;42;43;31;37;49
246.0;94;100;76;78;68;68;32;41;41;42;42;34;38;46
252.0;93;99;76;78;70;68;32;42;41;40;44;35;36;46
258.0;94;99;77;79;72;70;32;40;40;38;42;33;37;47
264.0;95;96;81;79;71;73;31;38;40;40;42;34;36;44
270.0;94;97;82;76;71;75;30;36;38;41;40;34;38;48
276.0;96;97;81;77;70;77;27;36;39;43;40;31;36;50
282.0;96;98;81;77;67;79;25;39;41;43;42;32;33;47
288.0;97;98;85;78;69;77;26;40;39;41;38;32;34;46
294.0;100;99;85;79;70;76;25;42;39;41;37;31;35;41
300.0;96;98;85;78;70;74;26;40;41;40;41;30;39;42
306.0;95;98;86;79;68;73;28;41;40;39;42;32;39;40
312.0;98;96;87;81;66;77;29;38;41;38;43;32;36;38
318.0;98;95;86;80;68;77;28;38;41;36;46;33;36;38
324.0;100;95;88;81;70;75;29;38;42;34;44;34;34;36
330.0;98;93;90;80;70;76;29;37;42;34;48;35;31;37
336.0;98;93;90;80;70;80;31;34;43;33;46;32;31;39
342.0;96;94;87;80;73;82;33;35;43;35;44;30;33;35
348.0;97;94;87;82;76;82;31;32;40;35;44;34;33;33
354.0;100;95;89;80;76;83;31;34;39;34;43;34;31;31
360.0;99;94;87;82;77;81;30;34;40;36;45;35;32;28
366.0;98;92;87;83;78;84;30;34;38;36;44;35;32;29
372.0;98;91;88;82;77;82;30;36;39;37;45;32;32;31
378.0;98;92;88;82;76;84;30;35;37;35;46;34;31;32
384.0;99;92;89;78;75;87;31;33;38;37;42;34;32;33
390.0;99;91;90;77;74;89;30;35;40;36;39;34;34;32
396.0;100;89;91;77;77;90;28;34;40;37;37;33;34;33
402.0;97;90;94;74;79;91;31;33;41;35;39;30;34;32
408.0;92;94;91;78;80;89;28;35;43;33;37;32;37;31
414.0;90;95;91;78;81;87;28;35;46;34;39;31;38;27
420.0;90;97;90;77;81;85;30;35;48;32;39;28;37;31
426.0;91;99;92;76;81;83;27;34;47;32;40;29;34;35
432.0;93;100;95;77;78;84;28;34;47;30;37;29;35;33
438.0;92;98;95;78;74;86;28;34;47;31;40;28;34;35
444.0;93;96;95;77;74;84;30;36;47;32;41;28;33;34
450.0;92;96;97;75;72;84;29;36;49;31;42;27;35;35
456.0;92;98;97;77;74;86;26;32;48;29;39;33;31;38
462.0;93;98;97;78;75;88;25;34;44;28;39;31;32;38
468.0;92;98;93;81;77;90;23;35;42;29;39;32;31;38
474.0;95;97;92;82;79;87;24;33;40;30;38;31;32;40
480.0;96;101;92;79;77;87;26;34;39;33;36;29;32;39
486.0;98;99;93;80;80;87;25;34;38;33;34;29;31;39
492.0;101;102;96;81;81;89;23;32;37;32;33;29;29;35
498.0;103;103;98;73;81;88;24;32;38;36;34;28;29;33
504.0;104;103;98;73;79;87;22;31;37;37;35;29;32;33
510.0;104;100;94;73;79;88;22;34;37;35;36;31;35;32
516.0;106;100;93;75;78;86;21;36;37;34;36;30;35;33
522.0;105;101;92;73;79;87;21;33;38;35;35;31;36;34
528.0;105;102;91;74;79;87;23;29;38;34;36;32;36;34
534.0;101;103;91;72;81;84;25;32;37;36;35;33;37;33
540.0;101;103;89;73;84;84;26;29;36;37;36;31;37;34
546.0;103;101;90;72;83;85;28;28;33;38;36;31;38;34
552.0;104;102;86;74;84;83;27;28;36;37;35;31;37;36
558.0;104;104;87;73;83;83;25;28;38;38;35;31;35;36
564.0;103;106;86;74;82;84;28;29;37;36;37;29;33;36
570.0;103;104;87;74;83;86;27;31;38;36;35;27;32;37
576.0;102;104;91;77;83;85;28;32;36;34;33;27;33;35
582.0;104;105;88;78;83;86;26;34;36;34;30;27;34;35
588.0;104;104;90;77;82;87;26;32;34;34;32;28;37;33
594.0;102;105;89;76;80;86;26;31;36;33;33;31;39;33
600.0;104;108;90;77;79;83;25;31;38;32;30;33;36;34
606.0;105;109;90;77;82;82;24;30;40;30;29;32;36;34
612.0;105;108;91;77;81;82;23;33;41;29;28;34;36;32
618.0;105;108;92;77;80;83;26;35;38;26;28;33;37;32
624.0;105;109;90;78;81;84;27;35;37;25;29;33;34;33
630.0;105;110;91;79;75;85;30;33;35;24;28;36;33;36
636.0;103;110;90;82;74;86;32;33;33;22;26;36;37;36
642.0;103;110;89;87;74;84;31;33;33;22;27;34;38;35
648.0;104;108;89;87;75;84;30;32;33;23;27;36;38;34
654.0;106;105;88;87;76;84;33;31;33;22;28;34;38;35
660.0;106;106;90;87;75;81;32;32;30;23;29;32;39;38
666.0;107;104;88;86;74;82;33;30;30;23;30;33;40;40
672.0;110;106;87;86;76;80;35;29;28;21;29;32;41;40
678.0;111;104;86;85;77;79;36;30;30;20;28;33;41;40
684.0;112;102;81;85;76;81;34;30;29;21;29;39;41;40
690.0;112;102;81;88;73;80;33;27;31;21;33;39;40;40
696.0;112;104;79;81;73;82;33;28;36;22;34;37;38;41
702.0;110;105;80;79;73;83;33;33;37;22;32;35;39;39
708.0;111;105;80;80;72;83;33;35;36;21;32;34;38;40
714.0;112;103;76;79;73;86;33;34;38;22;32;33;38;41
720.0;112;104;74;78;72;87;34;36;36;21;32;36;38;40
726.0;113;103;76;79;74;85;33;36;36;22;33;36;36;38
732.0;114;108;76;79;73;85;32;35;34;26;30;35;34;39
738.0;114;109;76;79;74;84;32;35;33;26;31;33;35;39
744.0;112;109;75;81;75;83;34;34;35;27;30;33;36;36
750.0;108;107;78;82;74;84;33;29;38;26;28;38;38;37
756.0;109;108;78;82;72;82;30;33;36;26;27;40;37;40
762.0;111;108;80;84;70;83;30;34;38;27;25;38;33;39
768.0;112;110;81;83;71;84;30;34;36;26;26;38;31;38
774.0;108;110;82;83;71;82;30;36;39;28;26;35;34;36
780.0;109;110;79;84;66;87;29;34;42;31;24;35;33;37
786.0;110;105;79;85;67;87;29;34;43;33;26;33;35;34
792.0;109;104;81;85;68;88;27;31;47;34;26;32;34;34
798.0;110;104;82;85;69;84;31;30;46;31;27;34;30;37
804.0;109;106;82;84;67;85;29;31;44;30;31;36;29;37
810.0;114;109;79;83;68;84;30;30;46;31;29;34;27;36
816.0;113;107;80;81;67;84;30;30;47;32;30;33;27;39
822.0;116;106;82;79;66;85;30;29;47;32;29;34;27;38
828.0;117;106;84;77;65;85;31;28;45;35;30;36;25;36
834.0;116;105;82;78;65;85;30;25;48;40;31;36;24;35
840.0;119;106;82;79;63;83;32;28;47;38;30;35;23;35
846.0;120;105;81;80;64;83;33;28;45;36;31;37;22;35
852.0;119;105;80;77;63;85;32;29;43;36;33;36;24;38
858.0;116;104;81;77;63;86;32;31;44;35;34;34;25;38
864.0;116;104;80;75;62;87;34;30;43;35;34;36;28;36
870.0;118;103;78;77;65;87;34;33;40;31;34;36;31;33
876.0;118;104;81;81;63;84;34;32;41;31;33;36;30;32
882.0;118;103;79;81;63;82;33;33;42;32;32;36;32;34
888.0;117;103;80;79;61;84;30;33;42;30;33;38;34;36
894.0;114;105;81;78;64;86;31;31;42;30;32;36;35;35
900.0;114;105;80;78;64;87;32;31;40;29;35;36;34;35
906.0;112;104;82;82;65;87;32;28;40;29;33;37;37;32
912.0;110;105;81;81;66;88;30;29;45;29;32;37;35;32
918.0;109;104;80;83;68;87;29;29;45;29;32;39;33;33
924.0;111;105;81;80;69;88;27;28;47;29;32;38;32;33
930.0;111;104;81;79;68;90;27;29;44;28;32;40;31;36
936.0;111;106;83;78;67;87;27;31;42;24;35;40;33;36
942.0;112;103;83;77;67;88;26;30;40;27;34;40;38;35
948.0;116;102;82;77;70;89;23;29;41;30;33;36;38;34
954.0;121;103;82;78;70;90;22;26;41;31;32;36;35;33
960.0;117;101;85;75;73;84;24;25;39;35;36;35;39;32
966.0;117;103;83;76;73;83;24;26;37;34;43;34;39;28
972.0;119;106;81;75;73;83;23;26;37;35;42;33;37;30
978.0;119;106;81;73;73;82;25;28;37;35;43;32;38;28
984.0;120;105;81;71;75;82;24;30;37;31;44;34;37;29
990.0;117;105;84;72;74;82;26;29;36;32;44;34;36;29
996.0;119;104;87;74;74;81;26;29;35;31;44;34;35;27
1002.0;119;104;89;74;72;80;26;29;36;33;42;32;36;28
1008.0;122;105;88;72;72;77;27;29;37;34;43;32;33;29
1014.0;123;102;88;73;72;77;27;28;36;36;42;31;33;32
1020.0;122;103;87;74;73;79;27;27;36;38;39;31;32;32
1026.0;120;106;87;79;74;76;31;29;34;35;36;30;33;30
1032.0;120;106;88;78;74;78;31;31;33;34;35;29;32;31
1038.0;122;107;86;75;75;80;31;30;36;35;34;28;31;30
1044.0;121;106;86;76;74;81;29;29;35;36;33;31;32;31
1050.0;122;107;82;79;78;83;28;26;35;35;32;28;33;32
1056.0;123;111;82;80;76;84;28;26;34;33;32;26;34;31
1062.0;120;110;83;79;78;84;30;28;34;34;32;24;34;30
1068.0;119;110;85;79;76;81;28;30;33;35;32;26;36;30
1074.0;118;111;85;81;76;80;28;28;36;34;32;26;36;29
1080.0;123;110;84;82;77;78;28;27;33;37;31;23;38;29
1086.0;122;109;86;81;76;78;27;27;34;35;30;23;40;32
1092.0;121;108;84;81;76;81;26;26;35;37;31;24;37;33
1098.0;121;107;86;84;75;83;27;28;35;33;31;25;33;32
1104.0;122;105;85;84;74;84;28;29;34;31;33;27;32;32
1110.0;122;106;81;83;73;86;28;33;34;31;32;25;33;33
1116.0;124;108;83;83;73;86;26;30;35;29;30;25;33;35
1122.0;121;106;85;83;73;83;24;30;34;29;33;27;37;35
1128.0;124;106;85;83;70;82;24;29;33;29;33;29;37;36
1134.0;126;106;82;81;67;81;23;33;36;27;35;31;37;35
1140.0;128;106;83;81;68;81;24;33;35;29;34;29;35;34
1146.0;129;107;82;78;69;81;26;34;34;29;36;26;34;35
1152.0;133;109;82;78;69;82;25;33;32;27;35;26;35;34
1158.0;134;109;80;76;72;79;28;33;29;28;37;27;35;33
1164.0;133;106;81;77;71;80;31;31;33;27;38;25;33;34
1170.0;134;106;83;79;68;78;31;31;34;26;38;26;33;33
1176.0;133;106;83;79;69;78;30;33;34;26;38;26;32;33
1182.0;131;107;84;82;68;73;32;33;27;27;39;26;34;37
1188.0;131;109;85;79;68;75;31;32;28;28;38;27;33;36
1194.0;134;106;85;80;67;72;30;35;31;28;38;25;32;37
1200.0;134;107;87;79;69;72;29;36;29;28;37;26;31;36
1206.0;135;106;84;77;69;74;29;35;31;27;40;25;31;37
1212.0;134;107;81;80;70;72;32;35;30;26;42;25;29;37
1218.0;133;112;80;80;67;71;29;34;31;26;43;25;31;38
1224.0;129;112;80;80;66;72;30;31;32;26;43;27;33;39
1230.0;128;112;78;79;63;72;32;30;31;28;43;29;33;42
1236.0;133;113;77;79;62;72;32;29;28;27;43;30;34;41
1242.0;132;111;80;78;66;73;32;24;28;27;43;32;35;39
1248.0;136;112;77;80;66;74;34;23;27;27;42;29;34;39
1254.0;136;111;80;78;65;74;34;23;27;26;44;29;34;39
1260.0;137;113;77;79;63;78;36;20;25;29;43;28;33;39
1266.0;133;112;78;78;64;80;37;21;22;29;43;28;36;39
1272.0;133;116;77;79;64;81;38;22;25;23;41;30;36;35
1278.0;134;117;76;78;64;83;38;23;21;24;42;30;36;34
1284.0;134;117;75;79;63;85;39;23;21;24;42;29;34;35
1290.0;136;117;75;80;63;87;40;22;22;25;39;30;32;32
1296.0;133;118;76;82;66;86;38;23;20;23;40;29;34;32
1302.0;133;119;77;80;69;85;35;23;19;24;39;29;33;35
1308.0;134;121;76;77;68;84;37;21;22;28;39;28;32;33
1314.0;136;123;73;74;71;84;39;21;22;29;37;26;32;33
1320.0;135;121;75;75;70;84;39;19;21;30;37;29;32;33
1326.0;136;120;73;75;68;85;38;19;21;32;38;26;35;34
1332.0;136;122;73;72;68;87;36;20;22;34;39;24;34;33
1338.0;137;121;69;75;69;87;38;21;20;33;38;23;38;31
1344.0;137;117;69;76;68;87;36;20;21;35;41;23;39;31
1350.0;138;115;69;77;72;86;33;21;21;33;42;26;38;29
1356.0;138;117;68;78;75;83;31;21;22;32;41;26;38;30
1362.0;138;118;69;77;74;83;33;21;21;33;42;25;38;28
1368.0;137;119;69;81;73;81;34;22;20;33;40;26;39;26
1374.0;141;120;67;80;77;81;31;22;19;29;39;27;38;29
1380.0;141;120;66;80;74;82;29;24;21;29;41;30;36;27
1386.0;138;120;65;85;73;85;28;22;22;27;41;34;36;24
1392.0;137;120;68;82;73;87;29;22;20;29;39;33;38;23
1398.0;139;120;69;82;71;85;31;20;21;29;36;34;38;25
1404.0;140;122;69;85;69;86;30;21;21;28;31;34;37;27
1410.0;138;121;71;86;69;85;31;21;22;30;29;32;37;28
1416.0;136;123;74;88;68;80;29;22;24;31;29;33;36;27
1422.0;130;123;75;88;68;80;32;23;26;30;28;33;35;29
1428.0;129;122;75;88;72;78;31;23;26;30;28;32;35;31
1434.0;130;125;74;86;70;80;32;25;25;30;28;31;33;31
1440.0;129;124;72;89;70;77;33;23;29;30;29;32;32;31
1446.0;130;126;75;84;71;78;34;21;28;32;30;29;32;30
1452.0;132;128;75;86;71;76;34;21;27;34;27;28;33;28
1458.0;132;126;75;89;70;77;36;20;26;32;28;25;34;30
1464.0;132;125;76;88;68;77;36;21;26;32;29;24;35;31
1470.0;132;126;75;85;63;77;37;23;29;32;29;26;35;31
1476.0;131;126;78;85;64;79;38;22;29;34;30;23;32;29
1482.0;131;125;82;81;66;77;38;22;32;33;31;24;31;27
1488.0;129;128;82;81;65;76;40;22;32;33;29;27;28;28
1494.0;130;128;81;80;67;76;40;22;32;31;27;28;29;29
1500.0;128;130;86;80;67;74;38;23;32;32;23;28;29;30
1506.0;129;129;86;78;66;74;39;24;30;31;19;28;34;33
1512.0;127;129;85;79;65;69;41;25;34;31;21;28;33;33
1518.0;126;132;88;78;62;68;44;25;32;29;23;29;32;32
1524.0;127;134;89;78;63;67;42;25;31;29;23;27;34;31
1530.0;123;131;89;79;62;69;42;24;35;31;22;28;33;32
1536.0;123;134;87;79;60;69;40;27;33;31;23;28;32;34
1542.0;124;133;87;78;61;67;40;30;31;30;25;26;31;37
1548.0;127;132;87;80;59;70;38;31;28;26;25;28;31;38
1554.0;130;129;86;76;59;69;37;31;30;27;25;31;33;37
1560.0;130;128;91;78;57;68;36;30;31;26;25;31;34;35
1566.0;131;125;90;79;57;70;38;29;29;25;27;31;32;37
1572.0;131;125;90;79;56;71;37;30;28;26;30;29;31;37
1578.0;133;125;91;78;57;70;36;27;31;26;30;28;31;37
1584.0;137;125;92;77;57;69;34;31;31;28;29;26;30;34
1590.0;135;126;94;77;57;70;35;30;30;28;29;27;31;31
1596.0;134;125;95;76;57;73;34;30;30;27;27;29;32;31
1602.0;134;125;95;77;54;73;35;28;32;24;29;29;32;33
1608.0;134;124;97;76;56;72;35;30;32;25;27;28;32;32
1614.0;135;124;98;77;54;71;35;27;32;26;28;29;33;31
1620.0;134;127;98;76;54;72;34;26;32;26;28;29;31;33
1626.0;132;127;98;75;57;73;32;26;32;27;32;30;30;29
1632.0;133;127;100;75;57;72;30;25;32;25;33;33;28;30
1638.0;130;127;99;75;55;70;31;25;34;28;32;33;30;31
1644.0;129;130;96;72;57;71;29;27;34;29;31;36;27;32
1650.0;132;130;96;74;54;71;27;26;36;31;30;37;26;30
1656.0;133;131;95;75;54;69;29;27;33;29;29;38;27;31
1662.0;132;132;96;75;56;70;27;30;34;28;29;35;26;30
1668.0;130;132;96;74;57;70;29;28;35;27;30;38;25;29
1674.0;129;132;97;71;59;68;30;28;36;28;31;38;26;27
1680.0;131;133;95;71;58;66;31;26;35;28;32;41;25;28
1686.0;133;135;93;71;58;65;32;25;34;28;31;39;26;30
1692.0;135;136;95;70;59;65;30;24;32;30;30;39;26;29
1698.0;134;135;94;69;61;66;31;24;30;32;30;40;25;29
1704.0;134;133;93;69;60;66;32;25;31;29;30;41;28;29
1710.0;133;134;93;70;59;64;34;24;32;31;29;40;29;28
1716.0;132;134;91;71;60;62;36;22;34;29;32;37;30;30
1722.0;133;134;89;70;61;61;35;26;36;29;30;35;31;30
1728.0;134;137;83;70;63;61;33;28;34;32;30;37;28;30
1734.0;135;136;84;71;65;60;31;30;33;30;30;36;28;31
1740.0;136;136;84;70;64;60;34;32;31;26;31;37;29;30
1746.0;134;130;84;70;66;62;33;31;32;28;32;41;26;31
1752.0;136;129;84;69;70;63;37;29;32;26;30;39;24;32
1758.0;133;130;84;69;70;64;39;29;30;30;29;38;25;30
1764.0;131;130;82;71;70;64;38;28;30;31;32;37;25;31
1770.0;130;131;83;71;69;63;37;31;31;28;30;38;25;33
1776.0;129;131;81;71;71;64;37;31;29;28;31;39;25;33
1782.0;126;134;80;72;70;64;39;32;30;30;31;34;25;33
1788.0;125;133;80;69;72;68;34;33;29;32;30;34;29;32
1794.0;127;132;83;69;72;66;32;31;28;32;30;36;30;32
1800.0;125;134;79;70;75;70;30;31;28;33;32;35;29;29
1806.0;122;134;77;69;75;74;30;31;27;32;35;35;30;29
1812.0;122;134;79;68;74;76;28;29;28;33;35;34;30;30
1818.0;120;136;78;68;76;75;29;29;29;32;34;34;30;30
1824.0;121;135;81;66;75;70;29;30;29;33;36;36;30;29
1830.0;121;133;81;66;76;70;29;30;29;32;38;36;31;28
1836.0;122;132;85;67;77;69;28;29;28;32;36;36;31;28
1842.0;121;132;87;67;77;70;31;31;28;30;34;36;30;26
1848.0;121;133;84;68;76;70;29;28;28;30;38;37;32;26
1854.0;121;132;87;66;70;69;30;28;29;32;38;36;32;30
1860.0;122;133;87;65;69;69;31;27;29;31;37;36;34;30
1866.0;124;132;85;66;71;70;28;27;26;33;37;37;34;30
1872.0;124;130;83;67;70;74;27;27;28;37;36;35;34;28
1878.0;125;130;83;67;71;78;29;31;23;36;33;35;32;27
1884.0;127;129;81;68;71;77;29;33;23;35;34;34;32;27
1890.0;128;127;84;70;69;72;32;33;25;36;35;34;32;23
1896.0;129;123;85;71;69;72;30;34;26;37;35;33;34;22
1902.0;128;125;84;72;71;73;29;34;26;37;34;30;34;23
1908.0;128;125;84;73;73;68;29;33;26;37;38;29;33;24
1914.0;129;121;80;74;75;67;32;34;26;38;38;31;31;24
1920.0;129;120;79;73;75;67;36;34;24;37;40;30;30;26
1926.0;126;119;78;78;74;66;37;33;24;36;41;34;27;27
1932.0;125;118;79;78;72;66;35;32;24;35;41;36;29;30
1938.0;125;115;81;77;73;65;33;31;23;35;43;38;31;30
1944.0;126;116;82;79;75;66;32;31;26;32;39;37;29;30
1950.0;123;114;81;80;77;65;34;33;25;33;39;36;29;31
1956.0;122;113;83;81;76;65;33;35;23;35;38;35;30;31
1962.0;122;110;83;84;75;67;32;35;23;35;36;38;27;33
1968.0;122;114;84;85;76;68;30;33;22;37;35;34;27;33
1974.0;121;115;86;83;76;67;33;32;22;36;34;33;28;34
