#auto generated file!
12.0;67;73;46;61;57;56;57;54;59;38;50;61;60;61
18.0;66;75;48;62;58;55;55;56;58;39;48;59;59;62
24.0;67;78;51;62;63;56;54;49;55;37;49;58;58;63
30.0;67;78;49;62;65;59;51;52;54;38;47;60;56;62
36.0;68;79;50;59;67;60;52;51;55;37;44;56;58;64
42.0;72;79;51;58;66;61;52;51;54;37;41;55;59;64
48.0;69;81;53;56;68;62;49;52;54;39;39;52;62;64
54.0;70;81;56;60;69;61;47;52;55;39;42;49;58;61
60.0;71;82;58;58;71;63;49;54;55;41;41;48;52;57
66.0;73;83;59;60;71;64;48;52;56;42;40;46;49;57
72.0;75;80;59;58;73;66;47;51;61;41;40;48;46;55
78.0;73;84;62;59;72;67;46;49;59;41;42;46;47;53
84.0;76;83;60;60;72;68;45;48;56;41;43;47;47;54
90.0;76;83;62;61;72;69;44;48;59;41;42;44;46;53
96.0;76;85;63;63;73;65;43;48;57;43;44;45;43;52
102.0;74;84;62;63;75;64;42;48;58;42;46;45;44;53
108.0;74;85;64;63;76;65;42;46;62;39;43;42;44;55
114.0;75;85;65;67;78;63;44;42;62;36;42;43;44;54
120.0;76;88;65;67;79;64;42;42;61;36;43;39;42;56
126.0;76;87;66;70;79;64;41;42;61;37;43;37;41;56
132.0;76;87;62;69;78;65;42;43;61;36;45;35;42;59
138.0;76;88;61;69;78;67;40;46;60;37;45;33;40;60
144.0;76;91;63;71;78;67;41;45;58;37;41;32;41;59
150.0;75;90;64;71;79;68;41;42;62;37;43;31;39;58
156.0;78;89;63;71;81;64;38;43;64;34;44;34;39;58
162.0;79;90;65;69;80;63;38;43;64;33;43;34;39;60
168.0;79;92;64;71;80;60;39;43;65;33;42;31;41;60
174.0;79;97;65;73;77;61;39;41;63;32;41;31;42;59
180.0;80;99;67;74;77;62;39;42;61;31;40;31;41;56
186.0;80;99;69;75;80;65;40;42;61;31;36;29;38;55
192.0;81;96;66;77;79;66;42;43;58;32;40;28;37;55
198.0;85;101;65;77;79;63;40;44;56;32;39;28;38;53
204.0;85;104;66;76;79;62;39;45;58;33;40;28;36;49
210.0;87;104;67;77;77;63;37;45;54;34;41;29;35;50
216.0;88;106;69;73;77;65;36;47;51;35;41;30;36;46
222.0;88;109;70;73;76;66;36;45;48;33;44;27;38;47
228.0;88;108;70;76;76;65;37;46;45;33;44;27;38;47
234.0;89;108;68;77;77;66;38;48;44;33;43;24;37;48
240.0;89;109;68;78;80;66;37;48;43;34;42;25;36;45
246.0;88;107;66;80;79;65;41;47;45;34;42;28;34;44
252.0;90;107;65;79;80;67;40;42;44;36;42;31;34;43
258.0;87;107;64;75;79;70;42;41;44;35;39;33;35;49
264.0;88;109;64;77;78;73;39;40;47;35;37;32;34;47
270.0;90;108;65;76;77;72;39;40;47;36;38;33;35;44
276.0;86;108;67;76;76;73;39;42;48;34;37;34;37;43
282.0;87;109;67;73;78;77;39;39;45;36;40;32;35;43
288.0;88;109;67;74;78;76;36;36;46;35;43;33;35;44
294.0;89;110;70;73;76;74;32;38;49;35;42;35;36;41
300.0;92;110;71;74;75;73;35;38;47;35;40;37;33;40
306.0;93;112;73;74;73;73;31;38;49;35;41;36;34;38
312.0;95;110;76;74;71;74;33;36;45;34;39;40;34;39
318.0;98;110;76;73;71;72;33;35;44;36;41;40;31;40
324.0;99;110;75;73;72;72;35;34;43;35;39;39;34;40
330.0;97;112;76;75;75;72;36;33;40;33;38;36;36;41
336.0;97;111;76;74;74;76;38;32;41;34;39;37;32;39
342.0;94;110;77;78;75;78;38;32;39;34;39;39;30;37
348.0;92;111;76;77;73;78;36;31;40;35;40;36;33;42
354.0;92;109;74;77;73;81;34;33;38;35;40;36;33;45
360.0;94;108;74;79;75;80;30;34;37;33;40;39;32;45
366.0;92;107;77;80;77;80;30;31;37;34;41;40;33;41
372.0;92;109;78;79;77;82;31;31;36;33;38;39;35;40
378.0;92;110;76;79;76;85;31;31;36;33;39;38;35;39
384.0;91;110;76;79;78;83;31;32;41;32;39;35;36;37
390.0;93;111;78;77;75;85;30;34;45;30;38;33;36;35
396.0;93;111;79;76;76;84;31;35;45;30;36;31;37;36
402.0;97;112;82;78;76;82;33;31;42;28;38;31;35;35
408.0;97;112;80;79;77;78;32;32;41;28;40;33;36;35
414.0;101;112;80;81;78;80;30;30;39;30;39;33;36;31
420.0;101;113;82;82;81;77;28;31;41;28;38;31;36;31
426.0;103;112;81;83;83;74;29;31;45;29;34;27;35;34
432.0;104;111;81;82;82;75;30;31;46;30;34;27;35;32
438.0;104;113;80;80;82;73;30;33;45;32;34;27;36;31
444.0;104;114;78;78;82;75;30;32;44;34;35;27;35;32
450.0;108;114;78;78;81;76;26;32;45;31;34;28;35;34
456.0;109;112;75;78;83;77;26;32;45;30;33;30;36;34
462.0;111;109;74;80;85;78;24;35;40;32;33;28;37;34
468.0;113;108;79;79;85;78;23;33;41;32;30;27;37;35
474.0;115;110;76;79;85;80;21;32;42;32;30;27;35;36
480.0;114;112;75;78;87;80;20;34;40;33;32;26;33;36
486.0;115;112;75;79;86;80;19;34;39;34;30;27;35;35
492.0;116;110;72;78;86;82;20;35;37;37;29;27;36;35
498.0;115;109;71;80;86;83;21;34;36;38;29;30;37;31
504.0;115;110;72;83;86;83;22;31;36;36;27;31;38;30
510.0;114;111;71;82;87;84;20;33;36;37;29;31;37;28
516.0;115;113;70;84;86;83;20;38;30;36;29;29;36;31
522.0;113;115;68;84;85;84;21;40;27;34;28;29;38;34
528.0;114;116;67;84;86;86;19;38;26;34;27;32;38;33
534.0;112;117;67;85;85;86;19;38;28;35;29;34;36;29
540.0;110;117;68;85;89;83;20;38;28;34;29;32;41;26
546.0;111;118;71;85;89;79;21;41;30;30;31;29;41;24
552.0;111;118;70;85;86;81;22;43;29;28;29;31;40;27
558.0;111;117;67;84;85;79;27;41;28;29;31;33;41;27
564.0;113;117;66;82;84;78;27;40;29;33;33;32;40;26
570.0;108;120;65;80;83;80;25;37;29;33;36;35;38;31
576.0;113;122;65;78;78;80;26;37;32;36;36;33;37;27
582.0;113;125;65;79;78;79;28;39;30;34;34;35;35;26
588.0;113;126;66;82;80;80;28;40;29;32;35;31;31;27
594.0;113;126;66;80;80;81;29;40;28;35;35;28;32;27
600.0;113;124;67;79;80;81;30;40;27;35;35;29;31;29
606.0;114;122;67;80;80;80;31;40;27;35;34;30;32;28
612.0;115;121;66;81;79;80;31;38;28;33;38;33;31;26
618.0;113;121;63;81;81;80;35;36;27;34;38;34;30;27
624.0;116;122;62;79;80;80;34;35;28;35;39;34;30;26
630.0;116;122;60;81;80;80;35;31;26;35;42;36;29;27
636.0;116;121;60;80;79;81;35;31;26;37;39;38;31;26
642.0;116;121;58;79;80;82;35;30;27;39;38;36;32;27
648.0;116;125;60;80;77;81;35;33;27;38;37;35;30;26
654.0;119;129;60;75;74;78;35;34;26;37;38;34;32;29
660.0;119;128;62;74;74;79;35;35;23;35;40;33;33;30
666.0;117;126;64;76;79;79;35;33;24;37;38;33;29;30
672.0;118;126;61;75;78;79;35;32;27;41;35;33;29;31
678.0;115;127;64;72;75;81;35;30;27;43;36;33;30;32
684.0;116;126;67;72;74;82;34;33;28;40;35;34;28;31
690.0;118;125;64;70;74;85;37;31;27;40;32;33;29;35
696.0;119;126;65;71;76;86;34;29;25;39;34;33;28;35
702.0;118;128;65;72;75;88;33;29;25;40;33;33;25;36
708.0;118;131;63;74;73;87;31;30;27;41;33;33;26;33
714.0;118;131;62;78;74;86;30;32;28;37;33;34;23;34
720.0;117;131;63;77;75;88;31;32;28;37;32;34;21;34
726.0;118;131;65;78;74;88;31;33;30;33;29;36;20;34
732.0;118;132;65;77;75;90;29;30;32;36;33;29;21;33
738.0;117;132;65;82;74;91;32;29;31;33;33;28;22;31
744.0;116;130;66;83;74;88;32;28;33;36;35;25;23;31
750.0;116;127;68;86;74;89;35;30;32;36;36;19;23;29
756.0;116;128;68;87;74;88;36;28;31;36;37;22;22;27
762.0;116;126;69;89;72;86;32;29;33;37;38;23;22;28
768.0;116;125;70;88;74;88;31;30;32;35;39;22;23;27
774.0;118;124;71;84;73;85;29;33;31;39;39;22;25;27
780.0;122;125;73;84;74;79;30;32;33;39;38;21;22;28
786.0;120;125;73;84;75;78;30;31;34;39;38;21;21;31
792.0;118;124;73;85;72;75;31;32;32;39;39;22;22;36
798.0;117;125;72;86;73;73;30;35;34;37;41;20;21;36
804.0;120;124;72;86;70;71;28;36;34;34;40;22;23;40
810.0;118;123;76;85;69;71;29;35;34;35;43;23;19;40
816.0;117;124;76;84;68;71;29;32;33;37;47;23;21;38
822.0;117;122;77;84;66;70;29;32;33;38;47;25;22;38
828.0;115;121;76;82;66;69;31;31;33;40;47;26;26;37
834.0;114;122;77;82;68;70;32;31;33;39;41;25;28;38
840.0;110;124;78;86;67;70;31;29;34;38;39;28;30;36
846.0;109;123;78;85;70;67;34;30;35;36;38;30;29;36
852.0;108;124;77;87;69;70;34;29;34;38;38;34;26;32
858.0;110;123;76;84;71;71;36;31;37;39;35;31;24;32
864.0;109;125;71;86;71;69;36;32;36;37;37;32;28;31
870.0;109;125;71;86;71;70;34;31;35;39;37;32;28;32
876.0;106;126;70;87;68;71;34;31;34;41;38;34;26;34
882.0;106;127;70;84;66;73;37;30;32;42;39;34;25;35
888.0;106;128;72;87;67;76;36;26;32;41;38;33;27;31
894.0;103;129;73;86;68;76;36;26;31;43;36;35;27;31
900.0;101;129;77;83;68;76;37;26;29;42;35;37;28;32
906.0;101;126;78;83;69;75;39;28;29;39;34;38;28;33
912.0;102;126;82;84;70;76;38;26;29;36;32;38;26;35
918.0;102;129;81;85;69;78;37;24;28;39;34;34;24;36
924.0;103;127;80;83;72;78;41;24;29;40;34;33;21;35
930.0;102;128;79;79;71;79;43;26;28;44;32;33;22;34
936.0;101;125;80;81;74;80;42;28;27;46;32;30;23;31
942.0;107;125;82;79;72;83;37;30;23;45;33;29;25;30
948.0;106;123;83;80;75;83;36;32;25;43;32;30;24;28
954.0;107;125;79;79;78;80;34;34;26;41;32;32;23;30
960.0;110;125;76;81;80;76;32;33;27;42;32;31;23;32
966.0;108;124;79;83;79;75;32;33;27;39;33;30;22;36
972.0;106;128;80;79;79;74;32;32;26;41;33;30;22;38
978.0;107;126;81;75;80;74;35;30;27;42;32;28;28;35
984.0;105;125;83;76;81;77;34;29;25;39;32;30;28;36
990.0;106;125;81;75;82;76;37;27;27;43;31;26;28;36
996.0;106;124;80;74;81;77;41;29;26;42;33;26;28;33
1002.0;105;125;80;73;79;76;44;30;27;42;34;24;28;33
1008.0;104;124;81;72;77;76;43;29;27;44;34;25;30;34
1014.0;104;126;80;70;75;76;44;32;25;43;34;27;31;33
1020.0;108;129;83;70;76;72;43;31;24;45;31;26;30;32
1026.0;109;130;86;67;77;70;45;32;25;44;32;26;27;30
1032.0;111;130;85;65;80;68;45;32;24;45;31;27;28;29
1038.0;109;133;87;70;82;66;44;29;25;44;30;25;26;30
1044.0;111;130;86;70;80;66;46;32;25;45;28;25;26;30
1050.0;111;131;87;71;81;66;43;33;25;44;26;26;26;30
1056.0;111;130;85;73;84;62;43;35;25;45;24;26;27;30
1062.0;110;128;84;74;86;61;40;37;26;44;28;25;26;31
1068.0;112;131;83;74;85;59;39;37;26;43;27;26;26;32
1074.0;109;134;82;76;81;61;41;39;24;41;28;27;26;31
1080.0;107;135;82;75;83;58;41;39;26;39;28;26;29;32
1086.0;108;134;83;78;79;60;41;35;25;39;29;26;31;32
1092.0;106;133;81;79;81;63;36;35;25;38;32;27;33;31
1098.0;108;134;84;78;83;62;35;35;23;37;33;25;34;29
1104.0;110;132;83;78;83;62;34;35;24;37;32;26;36;28
1110.0;110;133;81;77;82;61;34;35;27;39;29;25;36;31
1116.0;107;133;84;76;82;61;35;39;26;37;29;27;34;30
1122.0;109;130;83;77;81;63;32;41;25;37;29;27;37;29
1128.0;106;130;83;77;82;65;30;42;26;38;29;27;35;30
1134.0;107;132;83;75;80;65;31;41;27;38;30;24;37;30
1140.0;107;134;83;76;80;63;34;38;28;36;32;23;35;31
1146.0;108;130;84;77;79;62;33;38;29;39;34;24;32;31
1152.0;108;129;83;78;81;62;34;35;31;39;32;26;30;32
1158.0;111;130;82;79;82;60;34;37;28;37;29;27;31;33
1164.0;112;128;83;78;81;59;35;36;27;39;30;27;32;33
1170.0;113;128;85;79;79;55;37;35;27;39;29;26;34;34
1176.0;114;127;84;81;79;54;37;36;27;39;28;27;33;34
1182.0;113;126;83;82;78;57;36;38;27;38;30;28;31;33
1188.0;111;127;82;81;79;60;39;36;27;36;32;28;30;32
1194.0;111;127;86;81;76;60;39;35;27;38;34;25;31;30
1200.0;115;128;85;82;79;59;40;34;27;37;32;24;28;30
1206.0;113;126;84;83;77;60;39;35;24;39;33;25;32;30
1212.0;114;124;78;82;78;63;36;36;23;40;37;26;33;30
1218.0;114;123;81;81;79;59;34;37;22;40;40;27;32;31
1224.0;115;127;83;80;76;58;34;35;22;38;41;26;33;32
1230.0;114;127;82;80;75;58;36;34;22;38;43;25;33;33
1236.0;115;127;81;79;77;59;38;34;23;37;40;23;33;34
1242.0;112;127;78;82;80;61;38;34;21;38;39;24;33;33
1248.0;115;128;77;82;80;62;36;32;22;38;37;23;33;35
1254.0;116;127;74;82;80;62;37;31;22;38;38;25;32;36
1260.0;117;126;72;84;82;61;38;32;22;38;35;25;32;36
1266.0;118;130;72;82;82;62;33;34;22;39;33;26;32;35
1272.0;119;127;74;83;81;63;32;32;21;39;33;29;32;35
1278.0;121;125;76;80;82;63;33;31;24;38;32;26;34;35
1284.0;121;126;77;79;81;64;35;31;24;37;32;27;33;33
1290.0;120;127;77;78;81;65;37;32;22;36;34;26;32;33
1296.0;122;127;74;76;81;67;37;31;23;36;35;26;32;33
1302.0;120;127;72;74;82;67;41;32;23;38;37;23;31;33
1308.0;122;128;70;73;81;66;42;32;22;39;37;23;31;34
1314.0;123;129;71;74;82;66;42;33;23;36;36;23;30;32
1320.0;121;133;71;77;83;66;40;28;22;35;33;25;33;33
1326.0;124;131;69;78;84;69;37;27;22;30;35;26;32;36
1332.0;123;133;69;77;81;70;38;25;23;30;37;26;32;36
1338.0;126;133;70;76;81;69;36;22;25;32;38;23;33;36
1344.0;127;135;68;76;80;71;34;25;24;34;37;22;33;34
1350.0;126;136;68;75;82;71;33;26;22;33;36;21;34;37
1356.0;126;137;69;75;81;71;33;26;21;33;35;20;33;40
1362.0;125;136;68;76;83;72;33;25;23;31;36;20;34;38
1368.0;124;137;68;78;84;72;33;25;22;32;35;23;31;36
1374.0;124;138;70;74;84;72;34;26;24;31;36;21;29;37
1380.0;126;137;70;74;82;71;35;25;25;31;38;20;31;35
1386.0;127;138;69;72;82;72;35;26;25;28;36;22;32;36
1392.0;131;139;71;72;80;71;32;27;24;28;36;22;33;34
1398.0;133;136;70;73;80;72;33;26;25;28;35;24;31;34
1404.0;134;138;70;73;82;71;33;26;25;27;36;24;28;33
1410.0;132;142;72;72;81;70;32;22;26;27;35;26;29;34
1416.0;130;141;73;71;84;70;32;23;27;24;37;25;29;34
1422.0;129;143;74;67;83;69;30;22;31;26;34;27;29;36
1428.0;133;143;73;66;84;70;31;21;31;26;34;27;26;35
1434.0;131;145;74;68;83;68;32;22;28;23;33;29;27;37
1440.0;129;147;74;68;81;66;34;22;29;20;33;29;28;40
1446.0;127;146;75;66;83;70;32;22;32;22;30;29;28;38
1452.0;130;146;75;67;84;72;31;21;29;23;30;28;27;37
1458.0;130;144;73;70;82;74;31;22;28;24;33;26;26;37
1464.0;130;142;73;71;81;75;31;22;28;26;32;26;27;36
1470.0;128;141;71;72;81;75;32;23;30;28;35;24;26;34
1476.0;132;140;70;70;80;70;30;25;31;29;35;25;27;36
1482.0;132;140;72;73;77;70;29;24;31;32;35;26;24;35
1488.0;133;138;74;74;75;69;28;24;31;35;34;25;25;35
1494.0;133;137;75;76;76;69;27;25;28;31;36;23;26;38
1500.0;135;139;77;77;75;70;27;23;28;32;34;20;26;37
1506.0;136;141;75;80;76;68;25;24;28;32;33;19;28;35
1512.0;139;141;75;79;74;65;24;25;29;32;34;22;25;36
1518.0;138;140;75;79;75;68;24;24;29;35;31;22;24;36
1524.0;135;137;76;76;75;69;22;25;32;35;34;22;25;37
1530.0;136;136;77;77;74;68;24;25;34;35;34;20;27;33
1536.0;132;135;76;77;73;68;26;27;33;35;35;21;28;34
1542.0;133;135;75;77;73;68;27;24;32;35;36;23;31;31
1548.0;132;137;78;77;71;69;26;23;34;32;36;20;32;33
1554.0;131;138;78;77;69;69;27;25;34;33;32;23;31;33
1560.0;131;138;79;79;66;67;26;26;34;35;30;22;32;35
1566.0;129;137;77;81;67;68;28;23;34;35;27;24;34;36
1572.0;130;140;78;80;64;67;27;24;33;31;26;26;34;40
1578.0;131;138;78;80;65;68;28;23;30;31;28;24;35;41
1584.0;128;137;78;81;67;67;29;21;28;31;30;28;34;41
1590.0;129;138;80;79;68;67;28;21;27;31;30;26;35;41
1596.0;128;137;78;80;69;67;30;22;27;30;31;28;34;39
1602.0;129;135;74;76;71;66;32;22;27;34;30;25;35;44
1608.0;132;136;72;76;73;67;31;23;27;32;29;23;36;43
1614.0;131;137;72;76;71;68;30;23;28;32;28;23;38;43
1620.0;130;138;71;78;68;69;32;24;28;31;27;21;40;43
1626.0;128;138;70;77;69;69;33;26;31;31;26;22;39;41
1632.0;128;136;70;76;69;68;35;28;33;32;26;20;38;41
1638.0;129;138;72;74;71;69;34;29;33;32;25;19;36;39
1644.0;128;139;71;75;70;70;33;26;31;34;26;21;39;37
1650.0;130;138;69;74;68;71;33;27;34;35;25;20;38;38
1656.0;126;136;71;74;67;73;35;26;34;36;26;21;38;37
1662.0;128;135;71;74;66;74;35;29;35;33;27;19;38;36
1668.0;127;133;70;74;66;76;33;29;35;35;26;20;39;37
1674.0;126;135;71;73;67;77;33;34;34;34;29;17;34;36
1680.0;126;134;73;76;65;78;34;31;34;34;28;20;32;35
1686.0;126;134;73;76;67;81;35;29;34;32;30;21;31;31
1692.0;125;131;75;73;65;80;37;31;35;31;34;22;30;31
1698.0;122;131;74;69;67;80;38;28;36;33;36;22;31;33
1704.0;122;131;75;70;66;81;39;27;36;34;36;24;26;33
1710.0;122;128;75;69;68;81;41;28;34;33;37;24;26;34
1716.0;121;130;76;68;72;80;41;30;32;31;35;24;25;35
1722.0;123;129;77;67;74;77;41;33;31;29;35;25;25;34
1728.0;123;129;76;67;70;77;44;35;26;30;34;25;27;37
1734.0;122;130;79;68;68;74;45;32;26;29;33;26;29;39
1740.0;120;128;81;68;68;76;44;32;26;30;35;26;29;37
1746.0;119;128;78;66;67;77;44;33;26;31;38;26;28;39
1752.0;118;128;76;65;65;76;44;35;28;31;39;26;27;42
1758.0;118;127;77;66;65;75;44;35;29;31;36;26;26;45
1764.0;118;129;73;70;65;78;46;34;27;29;37;24;25;45
1770.0;120;130;71;70;65;79;47;31;27;27;39;24;26;44
1776.0;118;129;68;70;64;80;49;30;26;28;40;24;27;47
1782.0;122;127;67;71;66;82;47;28;25;27;40;24;29;45
1788.0;125;130;65;70;68;81;46;27;28;26;37;25;28;44
1794.0;126;130;64;73;69;80;43;29;29;26;35;23;28;45
1800.0;127;130;61;72;70;80;42;29;28;28;35;25;27;46
1806.0;128;133;62;72;69;80;44;30;29;26;33;23;28;43
1812.0;131;131;62;73;69;82;44;26;28;27;30;26;28;43
1818.0;131;130;63;71;71;82;44;27;30;27;30;24;27;43
1824.0;131;131;64;70;71;82;43;28;26;26;31;25;28;44
1830.0;132;130;66;69;71;85;43;26;24;27;31;24;30;42
1836.0;131;133;67;72;68;82;44;24;25;29;33;25;28;39
1842.0;129;136;67;75;69;82;42;22;22;27;34;27;28;40
1848.0;133;138;66;75;68;80;41;24;23;29;36;24;25;38
1854.0;136;138;66;72;70;79;41;23;23;26;36;26;27;37
1860.0;135;139;64;70;74;80;36;24;23;29;36;24;27;39
1866.0;133;141;65;69;72;82;36;24;23;30;36;24;26;39
1872.0;135;141;66;68;74;80;39;23;22;28;34;26;26;38
1878.0;136;139;65;65;75;80;37;22;23;31;36;28;25;38
1884.0;135;139;64;65;74;79;38;22;23;32;38;28;24;39
1890.0;136;141;62;64;75;80;35;22;25;34;34;26;24;42
1896.0;134;142;63;66;76;80;36;22;25;32;31;27;24;42
1902.0;137;144;63;64;77;77;34;23;23;29;30;31;26;42
1908.0;137;145;64;63;81;78;34;22;22;29;29;29;25;42
1914.0;137;146;65;67;80;79;31;24;22;28;27;29;25;40
1920.0;137;144;63;70;80;77;30;23;24;28;27;31;27;39
1926.0;138;145;65;68;79;77;31;21;23;30;27;33;26;37
1932.0;136;141;66;65;80;78;32;19;23;33;27;31;30;39
1938.0;137;139;65;65;79;78;31;20;25;31;29;32;30;39
1944.0;137;138;67;64;77;79;34;22;25;33;25;32;30;37
1950.0;138;141;66;64;79;76;33;22;24;34;25;32;31;35
1956.0;137;139;67;64;79;76;32;23;26;34;24;31;32;36
1962.0;136;141;66;64;80;77;31;24;28;33;22;32;32;34
1968.0;137;140;67;65;77;79;31;24;30;33;21;30;28;38
1974.0;137;142;64;69;79;78;31;26;30;32;19;31;27;35
