#auto generated file!
12.0;14;13;11;15;11;10;18;14;20;12;14;14;15;19
18.0;14;13;11;15;11;9;17;14;23;13;13;13;14;20
24.0;15;12;13;16;11;7;18;13;22;13;15;13;13;19
30.0;14;13;12;18;11;7;19;12;20;13;14;15;13;19
36.0;15;13;12;17;11;8;20;12;19;13;15;13;13;19
42.0;15;13;12;19;11;8;20;11;19;13;14;13;12;20
48.0;16;14;12;19;13;8;20;12;17;14;12;12;10;21
54.0;16;16;13;19;13;8;21;12;14;14;12;11;10;21
60.0;16;16;13;20;14;8;20;12;14;13;12;11;9;22
66.0;16;16;14;20;16;8;21;13;14;13;9;11;9;20
72.0;16;16;16;21;16;8;21;12;14;12;8;11;9;20
78.0;16;16;16;22;15;7;19;12;13;15;9;11;9;20
84.0;16;16;16;20;15;7;19;12;13;15;10;11;10;20
90.0;16;16;15;20;16;8;19;11;15;16;10;11;8;19
96.0;16;16;16;19;16;9;18;9;19;17;10;9;7;19
102.0;17;16;16;19;14;12;18;9;17;19;10;9;7;17
108.0;17;15;16;19;14;12;18;9;16;18;12;9;7;18
114.0;16;14;19;19;16;12;18;8;15;18;12;10;7;16
120.0;17;15;19;20;16;12;17;8;16;18;13;9;5;15
126.0;19;15;19;20;18;12;16;9;15;18;12;7;5;15
132.0;19;15;18;20;18;12;15;9;15;18;12;7;7;15
138.0;19;15;18;20;19;12;16;10;14;17;12;8;6;14
144.0;20;14;17;21;19;11;15;10;12;16;13;9;6;17
150.0;20;13;17;20;19;12;14;10;12;16;13;11;6;17
156.0;20;14;17;20;20;13;14;11;11;14;11;11;6;18
162.0;21;15;17;19;19;15;15;11;11;13;11;11;6;16
168.0;21;15;16;18;19;16;14;10;13;13;11;10;6;18
174.0;22;16;16;19;19;17;13;9;13;13;11;9;6;17
180.0;22;16;16;19;19;17;13;9;13;13;11;9;6;17
186.0;22;16;15;18;19;17;13;10;14;13;10;10;6;17
192.0;23;15;15;18;21;17;13;9;15;12;10;10;6;16
198.0;23;15;16;16;21;18;15;9;15;14;8;8;6;16
204.0;24;15;15;15;22;19;17;8;15;15;10;8;5;12
210.0;24;16;15;14;22;19;17;7;15;15;11;7;5;13
216.0;23;16;16;14;22;19;17;6;16;15;11;7;5;13
222.0;24;17;17;14;22;19;17;6;15;15;11;6;4;13
228.0;25;17;17;14;22;18;16;6;15;15;12;7;4;12
234.0;24;18;16;15;21;18;16;7;17;14;11;6;6;11
240.0;26;18;16;16;21;18;14;7;17;13;9;6;7;12
246.0;26;18;16;17;21;17;15;7;16;11;10;6;7;13
252.0;26;19;16;16;21;18;14;7;15;11;10;6;8;13
258.0;26;19;16;16;21;19;13;10;15;10;10;6;6;13
264.0;25;19;17;16;21;19;14;9;17;11;8;7;5;12
270.0;26;19;18;16;21;19;13;9;17;10;7;8;5;12
276.0;26;19;17;17;21;19;12;9;18;10;9;7;4;12
282.0;26;20;17;18;20;19;12;10;17;11;8;7;4;11
288.0;26;20;18;19;20;19;11;11;17;10;6;7;4;12
294.0;26;20;18;19;20;19;12;10;17;11;5;7;4;12
300.0;26;20;18;21;19;20;11;10;16;11;5;6;5;12
306.0;24;20;17;21;19;21;10;9;17;10;7;7;6;12
312.0;23;21;17;21;17;21;11;8;17;9;9;8;7;11
318.0;26;21;16;21;17;21;13;7;16;8;10;6;7;11
324.0;26;21;16;21;17;21;13;7;16;7;10;6;7;12
330.0;26;22;15;21;18;20;12;7;16;8;10;6;6;13
336.0;26;22;15;22;19;21;14;6;14;7;9;6;6;13
342.0;26;23;14;22;18;22;14;6;13;7;10;7;6;12
348.0;27;24;14;22;17;23;14;6;13;6;10;6;5;13
354.0;27;24;15;22;15;23;14;6;13;7;11;5;6;12
360.0;27;25;15;21;16;24;12;7;12;7;11;5;7;11
366.0;29;25;15;22;16;22;11;7;10;6;11;5;9;12
372.0;29;25;15;21;16;22;12;7;9;7;9;5;10;13
378.0;31;25;15;22;15;22;12;7;10;6;9;6;8;12
384.0;32;25;15;22;16;24;12;7;8;6;9;6;6;12
390.0;31;25;15;22;16;24;11;8;8;6;9;7;6;12
396.0;31;25;18;22;18;23;10;7;8;6;9;6;6;11
402.0;31;24;18;21;18;22;12;7;9;6;9;6;6;11
408.0;31;24;18;21;17;22;11;7;9;7;9;6;8;10
414.0;32;24;19;21;17;23;10;6;9;7;9;6;8;9
420.0;32;24;18;20;19;22;10;6;10;7;10;4;8;10
426.0;31;25;17;19;19;23;9;6;9;8;12;3;8;11
432.0;32;24;17;18;18;21;10;7;10;9;12;3;9;10
438.0;30;24;18;19;18;21;10;8;10;10;12;3;8;9
444.0;30;24;18;20;18;21;10;8;9;10;12;3;9;8
450.0;30;24;17;21;17;21;11;8;9;11;12;5;7;7
456.0;29;24;17;21;18;21;11;8;10;11;13;4;7;6
462.0;29;24;18;21;19;19;13;7;10;10;13;3;8;6
468.0;30;24;19;21;20;21;9;6;9;9;13;5;9;5
474.0;30;24;19;21;21;21;8;6;8;9;12;7;8;6
480.0;30;25;19;21;21;21;9;6;7;8;12;7;7;7
486.0;30;24;19;21;20;21;11;6;7;7;12;7;8;7
492.0;30;24;19;22;19;21;10;7;7;7;11;6;9;8
498.0;30;25;18;21;19;23;10;7;6;8;10;6;9;8
504.0;32;24;18;21;19;24;10;7;6;6;12;5;9;7
510.0;32;24;19;20;18;24;10;6;6;6;12;6;9;8
516.0;33;24;20;19;18;25;8;7;6;6;10;6;8;10
522.0;31;24;21;19;18;24;8;8;7;6;10;6;8;10
528.0;30;25;22;18;18;24;7;9;6;7;10;6;8;10
534.0;30;25;21;17;18;24;7;10;7;8;9;6;9;9
540.0;29;25;21;16;19;25;7;10;7;8;10;5;10;8
546.0;29;26;22;15;19;24;7;8;8;10;8;7;10;7
552.0;29;25;22;16;20;25;7;9;8;9;7;7;10;6
558.0;29;25;21;16;21;25;8;10;9;8;7;6;9;6
564.0;29;25;21;16;20;26;8;10;9;8;7;6;10;5
570.0;26;26;21;16;20;26;9;10;9;7;7;6;11;6
576.0;26;26;21;15;21;26;10;11;9;6;6;6;10;7
582.0;27;26;21;13;22;26;10;11;9;7;4;6;10;8
588.0;27;26;21;13;22;25;12;10;9;7;4;6;10;8
594.0;26;27;21;13;23;24;10;10;10;8;5;6;9;8
600.0;26;28;21;13;23;24;9;9;10;9;6;6;9;7
606.0;26;28;19;13;23;25;8;9;10;9;7;6;10;7
612.0;26;28;19;13;23;26;8;8;10;8;6;7;11;7
618.0;26;28;18;12;24;26;8;8;9;10;6;6;11;8
624.0;26;28;18;12;25;25;7;8;9;10;6;7;11;8
630.0;27;28;18;12;26;25;6;7;9;11;6;7;11;7
636.0;27;29;18;14;25;25;6;7;8;8;7;7;12;7
642.0;27;29;18;15;23;26;6;8;9;8;7;6;12;6
648.0;27;29;19;14;23;26;7;8;8;9;7;6;11;6
654.0;27;30;18;14;23;25;7;8;8;8;10;6;10;6
660.0;27;30;18;13;23;25;7;6;9;8;10;6;10;8
666.0;28;30;19;13;24;25;6;6;9;7;10;5;10;8
672.0;26;30;19;13;23;28;8;5;9;7;9;7;8;8
678.0;27;30;19;13;22;28;7;5;9;8;9;7;8;8
684.0;27;30;20;13;22;28;7;5;8;8;8;8;8;8
690.0;28;29;21;13;22;28;7;5;7;8;7;9;8;8
696.0;28;29;21;13;21;28;7;5;8;8;6;10;8;8
702.0;28;29;21;15;20;27;6;5;8;9;6;10;8;8
708.0;28;30;19;14;21;29;6;4;9;9;7;9;7;8
714.0;28;29;20;15;21;26;6;4;9;9;7;10;8;8
720.0;29;29;19;13;21;26;7;5;9;9;7;10;8;8
726.0;30;28;19;14;22;26;5;5;8;9;8;11;8;7
732.0;31;28;19;14;23;25;3;5;8;8;9;11;9;7
738.0;31;28;19;14;23;26;3;4;7;8;10;11;9;7
744.0;31;28;18;14;23;26;3;4;7;9;9;12;9;7
750.0;30;28;18;14;24;26;3;4;6;9;9;12;9;8
756.0;29;29;18;15;24;26;4;4;7;9;9;9;9;8
762.0;29;29;17;15;24;26;4;5;7;10;9;9;8;8
768.0;29;29;18;15;24;26;3;4;8;10;8;10;9;7
774.0;30;29;19;15;25;26;3;3;9;10;8;8;8;7
780.0;31;28;19;13;25;26;3;4;9;11;8;8;8;7
786.0;31;28;20;13;24;26;3;4;8;11;9;8;8;7
792.0;31;28;20;14;25;26;3;3;7;11;9;8;8;7
798.0;31;28;20;14;26;26;3;3;7;11;9;7;8;7
804.0;31;28;20;14;26;25;2;3;8;10;9;7;9;8
810.0;32;27;19;15;26;25;2;3;7;9;9;8;9;9
816.0;32;27;19;15;26;24;2;3;8;9;9;9;9;8
822.0;32;26;19;16;26;25;2;3;8;8;9;8;10;8
828.0;34;25;19;15;26;25;3;4;7;8;9;7;10;8
834.0;34;25;18;15;28;22;2;4;6;8;10;7;10;11
840.0;33;26;18;17;28;21;3;3;6;7;9;8;10;11
846.0;33;26;18;18;30;21;4;3;5;7;8;7;11;9
852.0;32;26;18;19;29;20;6;5;5;6;9;6;10;9
858.0;32;24;18;21;28;21;6;6;5;6;9;6;9;9
864.0;31;24;18;24;27;20;6;5;4;8;9;5;10;9
870.0;31;24;18;24;28;20;6;5;5;7;9;6;9;8
876.0;33;23;18;23;28;22;5;6;6;7;8;6;7;8
882.0;31;23;18;25;28;22;5;6;6;7;9;6;7;7
888.0;31;21;18;27;28;22;5;7;6;6;10;6;6;7
894.0;31;21;18;26;28;22;5;9;6;6;9;6;6;7
900.0;31;23;18;24;28;22;5;9;6;6;9;6;7;6
906.0;31;23;16;23;29;22;5;9;9;6;8;6;7;6
912.0;32;23;16;22;29;22;5;9;11;5;8;6;6;6
918.0;30;23;17;23;28;23;5;9;12;6;8;5;5;6
924.0;29;24;15;23;27;23;7;10;12;6;8;5;5;6
930.0;29;23;20;22;23;24;7;10;12;7;7;5;4;7
936.0;30;23;20;22;22;23;7;10;10;7;8;6;4;8
942.0;29;23;21;23;22;23;7;10;10;7;8;5;4;8
948.0;30;23;22;23;21;23;5;10;10;7;8;5;4;9
954.0;29;22;22;23;21;23;6;10;9;7;9;6;4;9
960.0;28;22;22;24;20;22;7;7;11;7;10;6;5;9
966.0;27;22;22;24;20;23;7;7;10;7;10;6;6;9
972.0;26;22;22;24;21;24;7;8;9;6;9;6;6;10
978.0;27;23;21;25;21;24;5;8;8;7;9;5;5;12
984.0;28;22;21;25;21;23;5;8;8;7;8;5;6;13
990.0;29;22;20;27;22;23;6;7;10;5;7;5;7;10
996.0;29;23;21;26;23;23;4;8;9;5;6;6;7;10
1002.0;28;23;21;26;24;24;5;9;9;6;4;6;7;8
1008.0;28;23;21;26;23;25;6;10;9;6;4;5;7;7
1014.0;28;23;21;26;23;25;5;11;9;6;4;5;7;7
1020.0;27;23;22;25;23;24;4;12;10;6;4;8;5;7
1026.0;28;21;21;28;21;22;5;11;11;8;4;8;5;7
1032.0;28;23;20;27;21;22;5;11;10;8;4;8;6;7
1038.0;28;24;20;26;22;22;5;10;9;9;4;7;7;7
1044.0;28;24;20;26;23;22;5;10;8;8;4;7;8;7
1050.0;29;25;20;26;24;22;5;9;8;8;2;7;8;7
1056.0;29;25;19;27;26;21;5;9;8;7;1;6;8;9
1062.0;30;24;18;27;27;21;4;9;8;8;0;6;8;10
1068.0;30;23;17;26;28;21;4;10;8;7;1;7;8;10
1074.0;30;23;17;26;30;21;3;9;7;6;1;8;9;10
1080.0;30;22;17;26;29;21;4;8;7;6;2;7;8;13
1086.0;30;23;17;26;29;19;4;10;7;6;2;7;7;13
1092.0;30;23;18;26;30;19;4;10;9;5;2;5;6;13
1098.0;31;23;18;25;30;19;4;10;10;5;2;5;6;12
1104.0;31;22;19;25;31;19;4;10;10;5;3;5;5;11
1110.0;32;23;20;25;30;19;4;11;9;7;2;5;2;11
1116.0;32;22;21;26;31;20;4;10;7;6;2;6;2;11
1122.0;33;22;21;25;31;20;4;10;8;5;2;5;3;11
1128.0;33;22;21;24;31;21;4;10;8;5;2;5;3;11
1134.0;34;23;20;25;32;22;4;9;7;4;1;4;3;12
1140.0;34;24;20;25;32;22;4;8;8;4;1;4;3;11
1146.0;34;24;20;26;32;23;6;8;7;4;1;5;3;7
1152.0;34;25;20;26;32;23;6;7;7;4;1;4;4;7
1158.0;34;25;20;26;32;22;5;7;7;4;2;5;4;7
1164.0;34;25;19;26;32;22;5;7;6;5;2;6;4;7
1170.0;33;25;20;25;32;22;5;8;6;5;2;5;4;8
1176.0;33;26;20;25;32;20;5;8;6;5;3;5;5;7
1182.0;33;26;20;25;32;20;5;9;5;5;3;5;5;7
1188.0;34;27;21;25;30;19;6;9;6;5;2;4;5;7
1194.0;33;28;20;26;29;20;6;9;6;5;2;3;5;8
1200.0;33;28;19;27;29;20;6;10;6;5;2;3;5;7
1206.0;32;28;19;27;29;20;7;11;5;5;2;3;5;7
1212.0;32;27;18;28;30;20;7;11;5;5;2;3;5;7
1218.0;31;27;17;29;28;20;7;11;3;7;2;4;6;8
1224.0;31;27;17;29;28;19;8;11;4;7;2;6;4;7
1230.0;31;28;16;29;27;19;8;9;6;7;3;6;3;8
1236.0;31;27;17;29;27;18;8;9;5;9;3;5;3;9
1242.0;31;27;18;29;26;18;8;9;5;9;3;5;3;9
1248.0;31;27;18;29;26;18;9;9;4;9;3;5;2;10
1254.0;31;27;18;28;25;19;9;8;4;9;3;7;2;10
1260.0;31;28;17;27;24;19;8;9;4;11;3;7;2;10
1266.0;30;30;17;28;24;20;9;9;4;10;3;6;1;9
1272.0;28;29;17;29;24;20;9;9;4;11;5;6;1;8
1278.0;28;29;17;29;25;18;8;9;5;11;6;6;1;8
1284.0;30;29;18;29;25;18;7;11;3;9;6;5;2;8
1290.0;30;28;18;29;25;18;7;13;3;9;5;5;2;8
1296.0;29;28;18;29;26;17;6;13;5;9;5;4;2;9
1302.0;29;28;18;29;27;17;5;13;5;10;5;4;1;9
1308.0;30;28;18;30;26;17;5;12;5;10;5;5;0;9
1314.0;32;29;17;30;26;18;5;10;5;11;7;2;0;8
1320.0;31;30;17;30;26;18;5;9;6;12;7;2;0;7
1326.0;31;30;15;32;27;18;6;8;6;11;6;1;1;8
1332.0;31;30;15;32;27;19;6;9;7;9;5;1;1;8
1338.0;30;30;15;32;28;20;5;9;6;8;6;1;2;8
1344.0;28;31;15;33;28;21;6;7;5;8;7;2;1;8
1350.0;28;30;16;32;27;22;8;7;4;9;7;1;1;8
1356.0;28;31;16;32;27;23;7;7;5;9;6;1;1;7
1362.0;28;30;16;32;27;22;7;8;5;9;6;1;1;8
1368.0;28;29;16;32;27;23;7;8;5;7;6;1;4;7
1374.0;28;28;16;32;27;22;7;8;5;7;6;3;4;7
1380.0;28;28;16;31;25;23;6;8;4;8;7;3;5;8
1386.0;28;28;17;31;25;22;5;7;4;10;7;3;4;9
1392.0;28;28;17;30;25;22;5;6;5;10;6;4;4;10
1398.0;29;28;16;29;25;22;5;6;5;9;5;5;6;10
1404.0;29;28;15;31;25;22;5;5;7;8;5;5;5;10
1410.0;29;29;16;31;26;22;5;4;8;8;5;2;5;10
1416.0;30;30;16;31;26;19;6;4;7;8;5;3;5;10
1422.0;28;31;16;30;27;19;6;4;7;9;5;3;5;10
1428.0;26;31;16;28;28;19;6;4;8;9;6;5;4;10
1434.0;26;31;16;28;27;18;5;4;8;10;7;5;4;11
1440.0;28;30;16;29;26;18;4;4;8;9;7;5;4;12
1446.0;28;30;15;29;26;19;4;4;7;9;7;5;4;13
1452.0;28;31;15;29;26;19;4;4;5;9;7;5;5;13
1458.0;29;31;15;29;24;19;4;3;6;11;7;6;5;11
1464.0;30;31;14;28;22;21;5;3;7;11;7;6;5;10
1470.0;29;31;13;28;22;20;6;4;8;10;8;6;5;10
1476.0;29;31;12;29;23;22;6;4;7;8;8;7;4;10
1482.0;29;28;12;31;23;22;6;4;7;9;8;7;4;10
1488.0;29;29;12;31;23;22;6;3;7;10;8;7;4;9
1494.0;29;29;14;30;24;22;5;2;6;9;9;7;4;10
1500.0;30;29;15;29;23;22;6;2;7;7;8;8;4;10
1506.0;30;29;14;26;23;22;7;2;8;7;8;8;5;11
1512.0;30;30;14;26;22;22;7;2;8;7;8;9;5;10
1518.0;31;30;14;27;21;21;8;2;8;8;8;9;4;9
1524.0;31;29;15;27;21;21;7;3;8;7;7;9;6;9
1530.0;32;29;15;27;20;21;8;3;7;7;8;9;6;8
1536.0;31;31;15;27;19;20;9;4;7;6;8;10;6;7
1542.0;32;31;15;28;18;20;9;3;7;6;8;10;6;7
1548.0;32;31;14;26;20;22;8;3;7;5;8;10;7;7
1554.0;33;33;13;23;22;22;8;3;6;6;8;9;7;7
1560.0;34;33;13;23;22;22;7;3;7;6;6;9;7;8
1566.0;34;33;13;23;23;20;6;4;8;6;5;8;9;8
1572.0;34;33;13;21;25;18;6;3;9;6;6;7;9;10
1578.0;33;34;14;21;25;19;7;3;9;6;4;6;9;10
1584.0;32;33;14;21;25;19;8;3;11;8;3;5;8;10
1590.0;32;33;14;21;25;18;8;3;10;10;2;4;9;11
1596.0;31;34;14;21;26;19;9;3;10;9;1;4;8;11
1602.0;32;33;14;22;25;18;10;3;9;8;2;4;8;12
1608.0;32;33;13;24;24;18;9;3;9;7;3;4;8;13
1614.0;32;32;13;24;23;17;10;5;9;7;3;5;8;12
1620.0;32;32;13;25;23;16;11;4;9;7;3;5;8;12
1626.0;32;35;14;24;24;15;7;4;9;7;2;7;8;12
1632.0;32;35;14;23;24;15;7;4;8;7;2;8;9;12
1638.0;32;35;14;22;27;15;7;4;8;7;2;8;8;11
1644.0;33;35;13;24;27;14;7;4;8;6;2;8;8;11
1650.0;33;36;13;24;27;14;8;4;7;6;2;8;8;10
1656.0;33;35;13;24;28;14;8;5;7;5;4;7;7;10
1662.0;33;35;13;24;28;14;8;4;6;5;4;7;7;12
1668.0;33;34;14;25;28;13;10;4;5;6;4;7;6;11
1674.0;33;32;15;25;27;12;11;4;5;8;5;7;5;11
1680.0;32;32;18;25;26;12;13;4;5;8;5;6;4;10
1686.0;33;31;17;26;26;12;13;4;5;7;6;6;4;10
1692.0;34;32;17;26;27;11;13;4;5;6;6;6;4;9
1698.0;36;33;17;24;26;12;13;4;5;6;6;7;4;7
1704.0;36;34;17;25;23;12;12;5;3;6;7;9;4;7
1710.0;36;33;16;24;23;12;13;6;3;7;7;9;4;7
1716.0;37;34;15;23;22;12;12;7;4;7;6;10;4;7
1722.0;37;33;15;23;20;13;13;7;4;7;5;11;5;7
1728.0;36;35;16;22;20;14;11;7;4;7;7;13;4;4
1734.0;36;34;15;23;20;14;10;8;5;6;7;13;5;4
1740.0;37;34;15;22;19;14;9;8;8;6;5;12;6;5
1746.0;37;34;15;22;18;14;10;9;7;6;4;13;6;5
1752.0;36;33;16;22;19;14;10;10;6;7;6;10;6;5
1758.0;36;33;16;21;18;14;11;11;5;7;6;11;6;5
1764.0;37;33;16;21;18;14;11;10;5;7;7;10;6;5
1770.0;36;34;17;20;18;15;11;10;5;6;7;10;6;5
1776.0;36;34;17;21;18;16;9;10;7;6;8;8;6;4
1782.0;36;35;16;22;18;16;8;10;7;6;7;9;5;5
1788.0;36;36;16;22;17;19;8;9;6;4;7;9;5;6
1794.0;36;36;15;23;17;18;8;10;6;4;7;9;5;6
1800.0;38;35;15;22;17;17;8;9;6;4;6;10;5;8
1806.0;37;36;16;22;17;18;6;9;5;5;5;10;6;8
1812.0;38;35;16;22;17;16;6;9;5;5;6;11;7;7
1818.0;37;36;16;22;17;16;6;9;5;5;6;12;5;8
1824.0;37;35;15;22;18;17;6;9;5;5;7;11;5;8
1830.0;37;35;14;22;18;17;6;9;5;5;8;11;6;7
1836.0;38;33;14;22;18;18;5;11;5;5;8;10;5;8
1842.0;38;33;14;21;19;18;5;10;5;5;8;10;5;9
1848.0;39;32;15;20;20;17;5;11;6;4;8;9;5;9
1854.0;39;32;15;20;21;18;4;10;5;6;9;9;5;7
1860.0;41;32;15;20;21;18;5;10;5;5;8;8;5;7
1866.0;41;32;14;21;21;18;5;10;5;5;8;9;5;6
1872.0;40;33;15;22;21;19;6;8;3;5;9;8;4;7
1878.0;40;33;15;22;21;19;6;9;3;5;9;7;4;7
1884.0;39;33;13;22;21;18;7;8;3;6;11;8;4;7
1890.0;39;34;14;22;19;18;7;8;3;5;14;6;4;7
1896.0;39;32;14;22;19;17;8;8;3;4;15;6;4;9
1902.0;40;33;14;21;19;18;10;7;5;4;13;6;2;8
1908.0;40;30;16;21;18;20;9;7;5;4;13;6;2;9
1914.0;40;30;16;22;18;21;8;6;4;5;12;6;3;9
1920.0;40;30;16;23;19;21;9;5;4;4;12;5;3;9
1926.0;41;33;17;22;18;20;7;6;5;4;12;4;3;8
1932.0;42;33;17;20;18;21;7;7;5;4;12;4;3;7
1938.0;42;32;17;21;18;19;6;8;6;4;12;4;4;7
1944.0;41;32;17;22;18;18;6;8;6;4;12;4;4;8
1950.0;41;32;18;21;17;17;6;10;6;5;11;4;5;7
1956.0;41;32;18;21;17;17;7;10;6;5;11;4;5;6
1962.0;41;32;18;21;18;17;7;9;6;5;11;4;5;6
1968.0;39;32;18;20;18;17;8;9;6;6;12;4;5;6
1974.0;39;32;19;19;18;17;8;8;6;7;11;5;5;6
