#auto generated file!
12.0;73;85;66;76;65;74;65;59;72;72;69;77;74;73
18.0;72;87;66;81;67;73;64;57;70;72;70;78;70;73
24.0;74;91;68;83;69;74;63;53;68;71;67;79;69;71
30.0;79;92;71;81;69;74;63;56;67;71;65;78;67;67
36.0;83;92;72;82;71;74;67;54;64;76;62;74;64;65
42.0;83;91;74;83;72;75;69;52;66;76;59;69;64;67
48.0;85;90;75;87;75;74;71;54;61;72;59;66;65;66
54.0;87;91;77;85;76;74;72;54;59;70;60;66;65;64
60.0;88;94;75;88;77;73;70;55;61;71;57;65;65;61
66.0;89;97;72;87;76;75;71;55;58;70;58;65;66;61
72.0;89;95;71;90;78;74;70;57;60;68;60;64;62;62
78.0;90;95;75;90;82;74;69;57;59;69;60;59;60;61
84.0;88;95;75;90;84;76;67;59;57;72;60;62;57;58
90.0;88;95;79;91;85;75;62;59;57;70;59;65;56;59
96.0;89;95;80;89;83;76;65;59;59;69;56;67;54;59
102.0;92;97;83;88;81;75;68;58;56;65;55;66;53;63
108.0;93;98;86;87;81;76;64;58;55;69;56;63;53;61
114.0;93;101;87;88;81;77;62;56;56;70;56;60;51;62
120.0;91;103;88;85;86;82;63;55;55;69;55;60;51;57
126.0;92;104;91;86;82;81;63;53;59;65;60;59;49;56
132.0;93;104;95;87;82;80;61;53;56;65;61;58;46;59
138.0;96;105;97;85;82;79;61;55;55;62;60;56;48;59
144.0;96;109;97;86;82;79;62;54;54;57;57;58;50;59
150.0;98;105;96;88;82;78;62;55;52;57;56;62;51;58
156.0;99;104;97;90;84;75;62;55;50;55;55;62;51;61
162.0;98;105;96;92;85;72;60;53;51;53;58;63;51;63
168.0;97;107;98;90;87;75;62;51;55;50;56;58;53;61
174.0;98;106;100;91;88;73;57;52;55;51;53;59;56;61
180.0;100;105;98;90;87;74;58;54;52;51;53;59;61;58
186.0;100;109;98;90;84;76;60;54;53;49;51;55;65;56
192.0;101;108;96;92;86;78;58;53;53;50;51;54;66;54
198.0;102;110;97;92;86;82;55;53;51;48;50;55;64;55
204.0;106;111;96;90;82;82;57;52;51;47;48;59;63;56
210.0;106;113;95;93;84;83;53;54;48;48;51;59;60;53
216.0;109;113;99;93;83;80;53;53;50;50;48;60;61;48
222.0;113;113;99;92;84;78;53;56;52;52;43;60;57;48
228.0;117;112;102;92;81;78;56;53;51;50;45;59;58;46
234.0;116;115;100;93;80;75;54;52;54;48;46;61;59;47
240.0;119;117;100;93;81;75;53;49;53;51;47;61;57;44
246.0;120;117;100;93;83;77;49;50;47;50;47;64;57;46
252.0;120;118;99;96;83;79;46;49;51;49;45;64;55;46
258.0;121;118;100;95;82;78;46;48;52;50;45;64;56;45
264.0;122;122;98;97;82;77;44;48;52;50;45;64;56;43
270.0;122;124;97;94;82;77;43;47;54;48;46;66;58;42
276.0;123;127;100;92;79;78;43;48;52;48;46;64;57;43
282.0;124;128;101;94;78;80;43;44;50;49;44;64;55;46
288.0;124;128;99;92;79;79;43;46;51;46;44;65;54;50
294.0;121;127;103;93;80;82;40;47;49;47;43;63;58;47
300.0;123;129;105;91;78;80;37;47;48;46;44;64;60;48
306.0;124;130;104;90;80;80;39;49;49;41;44;62;60;48
312.0;122;131;105;91;79;82;39;49;48;40;42;65;59;48
318.0;126;129;103;95;81;82;37;49;45;37;45;66;58;47
324.0;125;131;103;92;83;82;37;54;43;37;46;66;57;44
330.0;124;131;105;93;83;81;38;53;40;37;45;68;58;44
336.0;127;133;105;97;86;83;35;52;38;36;43;65;56;44
342.0;130;130;103;95;86;82;36;53;38;40;44;62;56;45
348.0;128;131;102;99;83;83;38;52;40;43;42;64;54;41
354.0;130;133;104;97;84;82;37;54;41;42;38;67;51;40
360.0;129;136;104;96;83;84;36;55;45;42;40;64;49;37
366.0;130;135;103;93;85;87;36;55;45;39;39;61;49;43
372.0;130;137;101;90;85;88;37;56;44;37;40;64;47;44
378.0;134;136;102;89;86;87;35;54;44;34;39;68;47;45
384.0;134;135;102;91;88;87;36;54;44;35;35;65;46;48
390.0;137;138;100;93;87;89;36;51;42;31;35;67;45;49
396.0;138;142;99;96;82;89;38;50;40;34;35;64;43;50
402.0;140;140;99;97;81;89;38;51;41;36;37;62;41;48
408.0;144;141;104;97;78;90;39;49;41;35;37;57;41;47
414.0;143;143;105;95;77;91;38;49;44;32;35;59;40;49
420.0;144;144;103;94;75;91;35;51;45;33;35;65;39;46
426.0;145;146;102;90;75;89;36;54;47;38;35;60;36;47
432.0;147;149;104;94;74;88;34;51;50;38;35;56;37;43
438.0;147;148;107;92;76;90;34;51;51;39;34;53;37;41
444.0;149;149;109;91;76;90;33;50;51;39;32;51;38;42
450.0;150;149;107;92;81;86;35;49;51;37;32;49;39;43
456.0;155;149;105;94;81;87;34;51;49;38;31;47;39;40
462.0;155;149;107;92;81;86;37;51;48;39;32;47;37;39
468.0;157;149;110;91;79;87;35;50;52;41;33;44;36;36
474.0;155;146;109;90;78;89;34;54;53;41;30;45;38;38
480.0;156;148;107;92;74;88;34;55;53;40;28;46;40;39
486.0;155;151;107;93;75;89;31;52;55;38;29;48;38;39
492.0;159;151;103;91;77;93;30;51;54;39;30;45;38;39
498.0;154;155;104;95;79;94;28;45;54;38;33;45;39;37
504.0;151;152;103;97;81;93;29;48;51;39;32;48;40;36
510.0;150;153;100;97;80;96;30;46;51;40;32;50;39;36
516.0;153;151;102;96;80;93;31;45;50;38;32;49;40;40
522.0;153;153;102;98;79;91;30;47;48;35;32;48;43;41
528.0;153;152;100;104;78;90;33;41;51;34;33;47;43;41
534.0;154;156;100;104;78;91;32;39;47;35;34;47;44;39
540.0;157;160;98;100;80;92;28;39;45;36;37;48;42;38
546.0;155;160;95;105;86;90;24;39;45;34;39;47;43;38
552.0;157;161;93;105;86;90;28;40;41;36;38;47;45;33
558.0;155;160;91;106;86;90;27;43;41;34;41;47;46;33
564.0;155;158;92;107;89;91;30;46;38;33;44;42;44;31
570.0;157;159;91;106;93;91;30;44;37;33;43;43;44;29
576.0;159;163;89;101;91;92;31;45;35;34;39;44;47;30
582.0;157;162;88;100;94;92;31;47;38;34;40;41;45;31
588.0;156;166;91;97;92;93;31;45;34;36;42;41;44;32
594.0;156;167;91;95;90;95;31;45;35;35;46;41;44;29
600.0;156;165;87;96;92;94;34;40;35;40;47;41;41;32
606.0;157;167;87;96;93;91;34;38;37;39;45;42;43;31
612.0;156;171;84;99;94;89;36;35;36;40;47;41;42;30
618.0;154;171;84;101;97;87;39;34;38;37;48;39;41;30
624.0;149;168;84;100;100;90;41;30;40;40;49;37;42;30
630.0;147;169;85;100;102;84;41;30;39;41;50;38;41;33
636.0;146;173;81;98;102;82;41;31;40;41;51;41;39;34
642.0;145;173;79;100;101;83;43;31;39;41;50;44;39;32
648.0;144;176;79;101;103;84;43;32;36;41;47;42;40;32
654.0;140;175;79;102;104;87;42;31;37;46;45;41;39;32
660.0;139;175;80;104;104;87;40;29;40;47;45;41;38;31
666.0;139;174;80;101;102;86;41;35;40;48;42;39;37;36
672.0;139;171;82;101;104;89;41;35;41;49;42;38;35;33
678.0;141;168;83;103;100;92;37;36;46;50;40;36;35;33
684.0;142;169;81;103;101;93;35;34;47;50;39;35;36;35
690.0;141;172;82;106;99;94;35;33;48;50;37;33;38;32
696.0;141;175;87;104;96;93;34;33;47;48;37;35;38;32
702.0;142;175;85;101;96;92;34;31;49;49;38;35;41;32
708.0;141;172;88;100;97;90;35;31;48;49;36;40;38;35
714.0;141;170;90;101;100;89;34;32;48;48;33;41;37;36
720.0;140;170;87;99;101;90;36;34;46;50;33;40;39;35
726.0;143;170;88;100;102;91;33;36;46;47;33;41;35;35
732.0;145;170;89;97;101;94;33;36;46;46;33;42;32;36
738.0;144;173;89;94;99;94;33;36;46;48;32;42;32;38
744.0;144;173;88;91;100;96;33;35;47;47;34;42;32;38
750.0;144;174;91;91;100;97;32;37;50;45;30;40;32;37
756.0;146;175;92;94;99;92;35;38;47;43;32;40;32;35
762.0;147;174;92;95;98;95;33;40;44;42;35;38;33;34
768.0;146;171;93;92;96;98;33;40;45;44;35;39;34;34
774.0;145;170;93;92;94;97;32;42;42;43;36;40;38;36
780.0;147;172;90;92;92;96;32;41;42;43;36;40;39;38
786.0;149;171;90;93;90;94;34;42;42;45;36;40;37;37
792.0;149;170;89;90;90;97;36;40;44;45;39;41;33;37
798.0;150;168;88;90;91;97;36;40;45;44;41;40;34;36
804.0;149;171;88;86;95;94;36;39;45;45;40;39;36;37
810.0;148;171;90;87;95;94;35;39;46;45;41;37;35;37
816.0;151;173;90;85;98;92;35;41;43;45;41;37;36;33
822.0;153;175;90;86;98;94;35;41;44;42;41;36;34;31
828.0;154;179;89;85;97;93;35;37;42;43;41;38;35;32
834.0;155;176;88;87;102;93;35;38;43;43;41;38;32;29
840.0;158;177;87;87;99;95;35;41;41;43;37;39;34;27
846.0;159;180;87;88;97;95;32;40;41;43;37;39;35;27
852.0;158;178;89;89;98;94;33;39;39;44;35;42;36;26
858.0;161;178;89;88;94;91;35;38;40;46;39;39;35;27
864.0;159;177;88;88;94;88;36;36;43;49;39;41;37;25
870.0;159;178;89;92;97;88;33;34;40;47;41;39;36;27
876.0;156;178;90;91;96;86;30;34;44;50;44;38;33;30
882.0;156;175;89;90;99;87;32;35;46;49;44;37;27;34
888.0;156;173;89;92;100;87;33;34;47;47;45;36;27;34
894.0;158;170;89;91;100;86;33;36;50;50;45;35;26;31
900.0;158;171;88;91;101;90;32;36;46;49;46;36;25;31
906.0;156;174;87;90;105;90;33;36;46;46;43;35;27;32
912.0;159;175;87;89;105;87;32;36;46;44;43;36;29;32
918.0;160;173;85;88;104;86;34;37;45;43;45;39;28;33
924.0;162;171;88;87;102;88;36;37;44;44;45;38;27;31
930.0;160;171;90;89;103;87;34;39;44;42;43;39;28;31
936.0;159;172;90;89;101;89;36;38;42;41;43;41;28;31
942.0;159;168;89;93;100;88;35;38;41;43;46;42;28;30
948.0;161;168;88;93;95;88;39;35;44;40;48;42;28;31
954.0;161;168;87;92;91;91;41;34;43;40;47;43;29;33
960.0;161;170;85;91;91;93;40;35;44;40;49;42;27;32
966.0;162;169;86;93;91;93;40;35;39;41;49;40;30;32
972.0;163;168;87;94;90;93;39;36;39;39;49;42;29;32
978.0;164;166;88;95;95;94;36;33;39;40;48;39;31;32
984.0;165;165;87;100;94;92;39;33;40;34;47;43;31;30
990.0;163;161;90;101;95;93;42;32;44;34;45;43;31;26
996.0;165;162;89;98;95;94;43;34;46;34;45;39;31;25
1002.0;166;163;85;99;95;92;42;35;48;33;46;39;30;27
1008.0;165;163;86;98;95;87;40;34;48;36;45;40;32;31
1014.0;169;162;82;94;97;86;44;36;47;35;46;38;33;31
1020.0;169;159;84;94;97;85;39;38;50;35;45;39;33;33
1026.0;170;158;84;94;95;89;39;38;51;31;48;39;33;31
1032.0;171;157;84;91;94;90;44;37;53;31;43;39;34;32
1038.0;168;157;88;87;95;90;43;35;53;32;45;41;33;33
1044.0;167;152;89;90;96;89;44;34;51;30;44;43;36;35
1050.0;166;152;87;89;95;90;46;35;55;30;42;44;36;33
1056.0;164;153;90;88;100;91;46;37;50;29;43;42;34;33
1062.0;163;152;92;90;96;88;42;42;55;28;44;40;35;33
1068.0;163;152;92;94;95;86;44;41;52;29;46;41;31;34
1074.0;160;151;92;95;98;87;45;41;51;28;46;41;30;35
1080.0;160;152;93;92;98;85;43;44;49;29;47;41;31;36
1086.0;157;154;93;91;101;85;48;47;47;27;44;40;31;35
1092.0;156;152;91;91;103;85;44;50;48;26;45;41;35;33
1098.0;156;152;90;93;104;90;41;47;51;25;45;35;35;36
1104.0;157;152;88;91;105;91;42;46;50;25;46;34;35;38
1110.0;158;151;91;90;106;90;44;43;48;26;47;33;35;38
1116.0;156;148;92;89;107;89;46;47;50;25;44;34;34;39
1122.0;154;147;94;90;106;90;47;47;50;24;44;36;32;39
1128.0;156;150;92;89;103;88;50;44;50;27;43;36;31;41
1134.0;157;151;90;88;103;88;48;44;50;25;46;39;31;40
1140.0;156;150;87;90;102;88;45;46;50;26;51;38;32;39
1146.0;153;149;87;93;101;90;45;45;48;25;52;37;33;42
1152.0;154;149;85;91;99;91;44;44;47;29;53;38;35;41
1158.0;155;149;86;91;102;90;44;44;44;30;52;38;35;40
1164.0;154;148;83;92;105;89;43;43;44;31;50;38;39;41
1170.0;155;149;82;92;106;91;44;43;42;31;50;34;41;40
1176.0;155;149;84;94;104;91;48;40;42;29;47;31;42;44
1182.0;157;150;86;96;103;94;47;42;38;27;46;28;40;46
1188.0;156;149;85;97;105;96;45;41;36;32;45;28;38;47
1194.0;157;148;84;96;101;99;45;43;40;33;46;28;36;44
1200.0;156;148;83;98;102;102;46;43;38;29;47;29;34;45
1206.0;157;150;78;100;99;104;45;43;37;24;49;32;35;47
1212.0;159;148;77;98;101;101;45;44;41;23;50;34;34;45
1218.0;157;149;77;99;106;103;44;43;41;22;49;31;36;43
1224.0;159;147;75;96;105;104;44;44;41;26;48;32;38;41
1230.0;157;150;78;94;104;103;45;44;41;24;51;30;39;40
1236.0;156;150;80;97;105;102;48;42;39;25;50;29;38;39
1242.0;152;151;75;99;106;100;49;43;37;31;44;28;42;43
1248.0;151;152;76;97;104;101;52;39;41;29;43;28;43;44
1254.0;151;152;78;98;105;102;48;40;40;28;44;29;41;44
1260.0;148;149;74;98;108;105;48;43;38;29;44;27;44;45
1266.0;149;147;76;97;106;105;49;44;36;30;44;27;47;43
1272.0;147;145;79;99;107;105;48;47;34;31;47;25;46;40
1278.0;148;146;78;97;109;103;50;45;36;31;49;24;47;37
1284.0;147;146;79;98;108;104;49;43;36;30;49;29;45;37
1290.0;148;147;79;101;106;102;48;43;34;27;50;32;44;39
1296.0;151;148;77;102;104;103;48;38;35;30;50;32;46;36
1302.0;151;149;78;101;101;103;50;40;34;29;48;30;50;36
1308.0;149;147;82;98;101;103;51;42;32;27;49;33;52;34
1314.0;147;148;85;98;104;101;50;43;33;27;50;31;52;31
1320.0;148;150;88;98;100;102;44;41;36;26;53;31;52;31
1326.0;150;150;90;97;102;101;42;40;35;27;53;31;50;32
1332.0;152;149;92;97;101;101;45;37;39;26;52;32;46;31
1338.0;152;151;93;97;102;98;40;39;38;28;53;33;45;31
1344.0;152;152;93;97;103;98;39;39;37;27;55;32;46;30
1350.0;151;154;95;95;102;98;40;42;36;25;54;32;44;32
1356.0;152;152;98;97;102;96;38;43;32;27;56;31;42;34
1362.0;155;155;97;95;102;97;34;41;34;28;54;34;41;33
1368.0;157;153;97;94;102;94;34;41;33;29;52;35;43;36
1374.0;160;152;95;96;99;94;34;42;32;30;52;34;45;35
1380.0;161;153;94;98;98;92;37;41;29;31;52;36;43;35
1386.0;158;151;93;96;100;96;42;41;27;32;52;38;41;33
1392.0;158;147;96;98;102;96;41;40;29;29;51;39;39;35
1398.0;158;150;96;97;97;97;40;41;29;31;54;39;38;33
1404.0;156;152;95;97;96;99;40;43;31;30;53;40;36;32
1410.0;154;153;96;94;97;95;42;45;32;30;53;40;37;32
1416.0;154;151;94;93;95;96;45;46;32;31;53;42;36;32
1422.0;154;152;92;95;96;94;46;44;32;30;53;45;35;32
1428.0;151;154;92;97;96;91;48;43;30;34;53;44;36;31
1434.0;152;155;91;97;95;91;49;43;32;34;51;43;36;31
1440.0;153;157;91;96;92;93;47;43;31;37;47;43;37;33
1446.0;152;156;91;96;92;93;47;44;31;37;48;44;34;35
1452.0;150;157;93;95;88;91;47;43;34;39;48;45;36;34
1458.0;154;158;92;95;86;91;46;40;34;39;50;44;37;34
1464.0;153;160;93;96;89;91;40;38;36;39;52;45;36;32
1470.0;154;161;93;94;91;91;42;36;37;37;52;43;36;33
1476.0;153;159;92;94;91;92;45;37;39;37;51;41;36;33
1482.0;157;156;95;99;88;90;43;40;38;36;50;40;36;32
1488.0;155;154;96;102;89;89;42;39;38;36;50;40;36;34
1494.0;154;154;94;102;89;92;40;41;39;35;49;38;36;37
1500.0;153;156;93;101;90;93;37;40;41;37;46;40;35;38
1506.0;153;156;91;99;90;93;39;42;43;36;45;40;38;35
1512.0;154;162;90;99;93;91;39;41;42;34;43;38;38;36
1518.0;152;164;91;99;95;92;36;40;39;36;44;39;35;38
1524.0;149;163;92;100;96;92;36;39;37;39;46;39;34;38
1530.0;149;162;93;98;98;93;35;38;37;37;46;42;34;38
1536.0;151;163;93;97;96;95;37;36;39;36;43;45;32;37
1542.0;154;163;96;95;97;95;37;35;38;34;41;45;33;37
1548.0;150;168;97;95;96;94;34;34;39;35;42;46;31;39
1554.0;151;169;99;94;95;98;33;33;35;36;41;46;29;41
1560.0;152;171;98;96;93;96;33;33;33;36;40;46;29;44
1566.0;151;169;98;98;97;93;33;32;37;34;40;44;29;45
1572.0;154;170;97;96;95;94;35;33;36;33;40;45;28;44
1578.0;151;170;96;98;93;95;34;35;37;37;41;44;26;43
1584.0;150;171;95;97;93;96;35;33;37;39;41;45;26;42
1590.0;149;175;93;99;96;95;32;33;35;39;38;45;29;42
1596.0;151;176;94;97;98;88;32;33;38;38;38;45;28;44
1602.0;152;177;97;91;99;91;32;31;39;37;38;44;28;44
1608.0;153;178;94;91;104;89;29;33;39;36;39;43;28;44
1614.0;150;174;95;89;108;90;31;34;41;35;37;43;32;41
1620.0;148;178;99;87;106;89;35;32;43;35;35;45;30;38
1626.0;151;175;100;84;107;89;35;26;41;36;35;47;28;46
1632.0;150;174;97;87;108;87;35;27;42;39;36;45;29;44
1638.0;149;171;97;91;107;87;35;26;42;43;33;44;30;45
1644.0;147;171;97;91;106;88;37;28;42;42;34;45;28;44
1650.0;147;170;97;91;107;87;36;27;41;43;36;43;27;48
1656.0;147;168;94;94;105;88;37;28;39;44;38;45;26;47
1662.0;145;168;97;93;105;86;35;29;40;41;42;43;28;48
1668.0;146;171;96;93;104;86;36;28;40;37;40;43;32;48
1674.0;146;172;97;90;103;86;36;28;39;45;38;40;34;46
1680.0;145;170;99;95;104;86;36;29;39;46;35;38;33;45
1686.0;145;172;101;92;105;86;36;28;40;44;38;36;32;45
1692.0;151;173;103;88;104;87;30;30;39;44;39;35;31;46
1698.0;152;174;100;89;103;87;35;31;37;42;41;35;30;44
1704.0;152;174;101;90;102;86;36;29;39;39;40;35;32;45
1710.0;148;176;98;90;102;88;36;28;39;41;42;36;31;45
1716.0;147;173;95;92;102;92;34;29;38;41;41;37;33;46
1722.0;146;174;92;91;102;89;34;29;39;41;43;40;34;46
1728.0;144;174;91;92;102;88;33;29;41;42;42;40;33;49
1734.0;144;172;94;94;103;89;31;30;40;40;43;39;34;47
1740.0;142;172;94;94;105;88;33;30;39;43;44;37;34;45
1746.0;145;172;91;96;106;87;31;31;39;42;43;40;33;44
1752.0;144;170;91;97;105;87;34;32;39;40;42;41;34;44
1758.0;142;169;89;96;106;88;35;33;38;43;41;41;34;45
1764.0;143;168;87;93;106;88;41;32;39;41;41;39;36;46
1770.0;146;164;85;94;107;88;42;34;37;41;45;37;34;46
1776.0;147;163;87;98;106;87;39;34;38;39;45;37;33;47
1782.0;145;164;87;101;106;91;38;32;40;36;45;35;35;45
1788.0;145;162;88;103;106;90;38;32;39;38;44;33;34;48
1794.0;144;161;91;102;105;91;37;32;41;35;46;32;31;52
1800.0;144;160;94;103;105;90;38;33;42;35;46;30;31;49
1806.0;145;156;96;106;102;90;37;34;43;38;46;28;30;49
1812.0;145;156;96;105;104;89;35;32;48;37;44;30;31;48
1818.0;147;158;95;106;103;89;36;34;44;41;41;31;30;45
1824.0;150;164;92;105;103;89;34;36;45;39;38;31;30;44
1830.0;148;165;91;104;108;88;33;40;43;39;37;29;27;48
1836.0;146;166;92;102;107;87;31;38;42;43;38;29;28;51
1842.0;149;164;96;102;105;88;31;40;41;40;38;26;28;52
1848.0;149;164;98;102;105;88;31;41;40;38;39;28;27;50
1854.0;156;161;100;102;107;83;33;41;39;36;37;29;27;49
1860.0;155;162;100;100;104;82;32;42;41;41;37;28;28;48
1866.0;155;159;98;101;103;84;31;42;48;41;36;28;29;45
1872.0;154;159;97;101;105;85;30;41;48;40;35;31;29;45
1878.0;153;159;96;102;105;85;33;40;48;42;34;32;28;43
1884.0;155;160;92;102;104;90;35;40;43;43;32;33;26;45
1890.0;158;161;97;100;102;90;31;38;43;43;34;33;28;42
1896.0;154;162;99;104;102;92;31;39;39;43;35;33;29;38
1902.0;156;161;97;103;102;92;28;38;40;44;34;36;32;37
1908.0;155;158;98;102;103;94;28;39;40;44;34;38;33;34
1914.0;154;156;98;103;104;94;30;38;41;44;37;35;33;33
1920.0;156;157;95;101;105;93;25;39;43;44;39;39;32;32
1926.0;156;156;94;102;108;94;24;38;41;46;38;38;32;33
1932.0;157;154;95;99;107;90;26;40;43;47;39;40;30;33
1938.0;162;155;95;99;109;89;26;38;41;46;38;36;31;35
1944.0;164;157;90;103;110;89;27;36;42;46;39;35;29;33
1950.0;162;157;90;102;114;90;27;35;45;42;39;35;29;33
1956.0;162;157;89;100;113;91;29;36;48;44;36;35;30;30
1962.0;164;154;87;97;114;89;33;38;49;44;36;35;31;29
1968.0;163;155;85;95;114;90;37;35;49;46;37;36;31;27
1974.0;164;154;85;96;114;95;36;33;46;45;39;34;31;28
