#auto generated file!
12.0;48;51;40;32;37;53;36;32;49;49;53;49;37;34
18.0;49;53;43;32;36;54;37;32;44;48;53;50;37;32
24.0;50;53;43;36;39;53;37;33;40;48;48;50;38;32
30.0;52;59;45;38;39;52;40;32;36;47;46;46;38;30
36.0;53;60;46;40;42;51;39;32;35;48;42;44;39;29
42.0;55;61;44;44;41;52;41;31;33;47;40;43;38;30
48.0;57;62;46;45;40;54;41;31;33;45;41;42;35;28
54.0;58;64;45;47;45;55;37;29;32;44;42;43;32;27
60.0;59;62;46;46;46;53;36;28;34;44;44;44;32;26
66.0;62;63;44;43;46;56;35;28;35;42;44;44;30;28
72.0;62;66;45;43;49;56;33;29;34;41;45;38;29;30
78.0;61;67;45;42;50;57;33;28;37;42;44;36;29;29
84.0;61;67;46;40;52;57;33;29;39;40;44;34;30;28
90.0;63;67;46;41;50;55;34;27;42;38;47;32;32;26
96.0;66;65;47;39;51;54;34;24;42;38;45;34;35;26
102.0;68;65;45;39;52;56;34;23;41;38;44;37;32;26
108.0;68;63;46;41;56;55;35;26;41;37;40;35;32;25
114.0;69;63;46;40;55;55;33;25;40;40;41;36;33;24
120.0;69;66;47;41;54;57;32;27;40;41;39;32;33;22
126.0;69;65;47;43;54;57;32;27;39;42;39;32;33;21
132.0;67;68;50;43;56;58;31;27;38;38;39;32;31;22
138.0;67;69;49;43;57;57;30;26;38;40;38;33;31;22
144.0;67;71;50;43;54;58;31;25;37;37;39;34;31;23
150.0;68;69;56;44;56;60;33;26;33;36;38;32;29;20
156.0;66;69;57;44;58;59;32;26;32;35;38;32;30;22
162.0;69;71;56;45;58;60;30;22;31;34;37;34;31;22
168.0;69;74;54;45;57;61;31;21;30;35;34;35;32;22
174.0;70;73;54;44;59;61;34;21;29;39;31;30;32;23
180.0;69;75;54;43;61;62;35;24;27;38;29;28;32;23
186.0;69;75;52;45;63;63;33;24;27;36;31;27;31;24
192.0;69;75;51;48;64;62;32;23;26;35;31;27;32;25
198.0;71;77;52;47;63;62;30;21;25;33;31;30;31;27
204.0;75;75;55;48;62;59;28;20;24;36;28;32;30;28
210.0;74;76;55;50;64;61;26;19;26;33;31;30;29;26
216.0;74;78;58;48;66;61;26;19;25;35;29;29;28;24
222.0;76;80;54;48;67;64;28;17;23;35;29;29;28;22
228.0;77;77;56;49;66;64;27;18;22;38;28;28;29;21
234.0;78;79;55;47;65;63;26;19;22;36;28;28;31;23
240.0;78;79;57;48;64;63;28;21;20;34;28;27;30;23
246.0;77;76;55;48;64;64;28;25;19;37;27;28;31;21
252.0;75;77;59;48;65;64;25;26;20;37;26;27;30;21
258.0;77;76;58;49;64;67;24;26;17;35;28;27;31;21
264.0;78;76;61;48;66;66;22;26;18;33;26;28;30;22
270.0;79;76;60;49;65;66;21;29;18;30;27;30;26;24
276.0;80;75;63;49;65;64;20;31;17;28;27;30;28;23
282.0;82;75;63;50;62;65;19;32;18;26;28;32;25;23
288.0;83;74;63;52;61;63;19;34;18;24;29;31;26;23
294.0;81;73;62;54;62;65;18;36;17;24;33;28;27;20
300.0;79;73;61;57;65;63;17;33;19;25;35;27;25;21
306.0;79;72;61;55;64;64;16;35;17;25;36;28;26;22
312.0;76;71;60;56;63;65;18;36;19;26;33;31;27;19
318.0;76;70;58;56;64;65;18;37;21;26;30;33;25;21
324.0;77;72;58;55;62;64;16;36;23;28;30;34;24;21
330.0;78;72;57;55;60;64;16;36;24;28;31;33;25;21
336.0;79;73;56;58;60;65;17;34;24;28;28;32;25;21
342.0;78;73;57;56;61;67;18;34;22;28;28;32;26;20
348.0;79;73;59;54;62;68;18;34;22;28;27;31;26;19
354.0;80;73;60;55;60;67;19;34;19;28;29;30;25;21
360.0;80;72;60;55;61;65;19;37;18;28;29;28;27;21
366.0;80;72;59;55;62;66;21;33;19;25;29;29;29;21
372.0;80;73;58;56;60;66;22;32;19;27;30;28;28;21
378.0;80;73;58;55;60;66;23;33;23;27;26;27;28;21
384.0;80;70;60;56;60;68;23;29;24;25;29;28;26;22
390.0;81;73;62;56;59;68;22;28;24;26;30;25;24;22
396.0;81;77;64;58;57;65;21;28;24;25;27;25;27;21
402.0;79;78;64;60;58;64;21;26;25;25;26;26;27;21
408.0;79;77;63;60;56;65;21;24;24;25;25;28;31;22
414.0;81;79;64;60;56;64;21;22;25;26;25;26;29;22
420.0;79;79;66;61;55;63;23;21;27;25;26;28;26;21
426.0;79;77;66;61;57;62;22;22;28;26;26;27;26;21
432.0;77;76;63;63;58;61;23;22;32;25;24;26;26;24
438.0;76;79;64;63;59;63;22;20;30;24;25;26;24;25
444.0;77;78;63;62;60;64;22;20;27;27;24;26;25;25
450.0;77;78;63;59;60;64;25;22;24;26;25;26;25;26
456.0;74;79;64;61;59;64;28;21;24;26;25;23;25;27
462.0;73;78;65;61;60;67;26;21;25;26;24;23;24;27
468.0;75;78;63;59;59;65;27;20;26;26;24;26;24;28
474.0;74;78;63;57;61;66;25;22;24;29;23;28;20;30
480.0;74;78;62;57;61;66;26;23;23;33;26;25;20;26
486.0;75;78;62;58;61;65;22;22;24;35;27;26;19;26
492.0;77;80;60;59;62;69;22;22;21;35;26;26;18;23
498.0;76;79;61;60;63;69;23;22;24;33;25;26;17;22
504.0;77;81;62;61;63;68;22;19;23;33;22;28;18;23
510.0;76;79;63;61;63;68;23;20;24;33;25;27;16;22
516.0;78;81;62;62;64;67;23;21;25;30;24;25;16;22
522.0;78;82;62;61;63;70;24;21;25;27;23;25;17;22
528.0;78;81;61;60;63;73;24;21;25;26;25;22;17;24
534.0;77;80;61;60;62;70;25;22;24;27;24;22;18;28
540.0;79;79;59;58;63;69;26;20;24;28;22;26;19;28
546.0;79;79;59;57;64;68;25;21;25;29;23;25;19;27
552.0;78;78;59;56;63;67;25;22;28;30;20;24;21;29
558.0;79;78;67;56;59;64;23;22;32;32;21;20;19;28
564.0;82;80;65;59;56;66;22;22;30;31;20;19;19;29
570.0;84;80;65;57;56;65;24;22;30;27;20;20;21;29
576.0;84;78;65;58;56;65;24;22;30;25;21;21;22;29
582.0;81;77;66;57;55;66;26;23;29;24;20;23;22;31
588.0;81;77;66;56;55;66;25;22;30;27;20;22;19;34
594.0;81;78;68;56;54;67;24;22;25;27;21;22;21;34
600.0;81;75;71;58;53;65;23;23;25;27;20;24;21;34
606.0;81;74;71;57;54;63;24;26;25;27;20;25;20;33
612.0;83;73;72;57;53;65;23;26;25;26;19;26;19;33
618.0;83;73;73;59;52;62;25;24;24;25;20;24;22;34
624.0;84;74;72;62;51;58;27;24;24;22;21;24;24;33
630.0;85;76;72;62;52;58;27;21;24;20;22;25;22;34
636.0;86;77;68;63;53;60;26;21;25;20;22;25;21;33
642.0;88;77;67;66;55;58;24;20;23;19;23;26;20;34
648.0;87;77;67;66;57;57;24;21;25;19;23;25;18;34
654.0;86;78;67;66;58;55;24;21;23;23;22;25;18;34
660.0;86;79;66;66;57;56;22;21;22;22;24;25;19;35
666.0;84;80;65;65;58;55;23;21;23;21;25;26;19;35
672.0;87;79;65;63;57;55;22;22;21;23;26;25;21;34
678.0;87;82;64;61;56;57;22;22;21;22;29;23;20;34
684.0;87;82;66;60;56;53;22;23;24;19;32;22;21;33
690.0;86;83;67;60;56;57;23;21;26;18;31;21;20;31
696.0;88;80;67;59;57;59;20;20;24;19;31;21;22;33
702.0;88;79;67;60;58;61;20;20;22;19;30;22;22;32
708.0;86;79;66;59;58;60;22;21;22;19;32;21;24;31
714.0;86;79;65;58;58;62;22;22;22;20;32;22;24;28
720.0;90;80;63;57;56;65;24;22;21;20;31;21;26;24
726.0;89;82;63;59;55;65;25;24;22;19;31;21;24;21
732.0;89;84;62;58;55;65;24;23;23;18;30;22;23;24
738.0;89;84;62;58;54;63;24;24;22;18;33;21;26;22
744.0;89;83;62;59;53;65;23;24;23;18;32;21;25;23
750.0;88;83;62;59;53;65;23;25;22;18;32;21;26;23
756.0;89;83;63;60;52;65;22;25;22;19;33;21;25;21
762.0;90;82;61;59;49;67;23;26;22;22;34;22;23;20
768.0;90;82;60;58;50;68;23;24;24;21;35;22;24;19
774.0;89;82;58;58;52;72;22;24;24;20;34;21;24;20
780.0;89;82;56;59;50;73;22;23;25;21;35;22;24;19
786.0;90;83;56;57;51;73;22;23;26;21;33;23;22;20
792.0;89;82;58;57;52;73;23;22;25;19;33;24;22;21
798.0;89;81;59;57;52;73;25;20;25;21;33;25;18;22
804.0;90;79;60;57;50;73;24;21;24;22;33;24;19;24
810.0;88;82;58;56;50;73;24;18;25;26;33;27;18;22
816.0;90;83;57;55;48;71;24;20;24;25;34;28;19;22
822.0;89;84;58;57;48;69;24;19;26;25;33;27;21;20
828.0;90;84;59;57;46;66;26;22;25;24;30;26;24;21
834.0;90;82;58;57;46;64;25;23;27;23;32;28;24;21
840.0;88;83;57;57;48;65;24;25;27;25;32;27;22;20
846.0;89;81;57;55;45;66;25;25;26;24;29;29;25;24
852.0;91;81;56;56;45;65;26;26;25;24;27;30;24;24
858.0;91;81;57;59;47;64;28;26;25;24;25;29;21;23
864.0;91;82;58;61;45;63;26;27;24;25;26;28;21;23
870.0;92;87;55;60;44;64;27;24;23;26;25;30;21;22
876.0;92;85;57;60;45;64;26;23;22;26;26;30;21;23
882.0;93;84;57;60;45;62;27;24;21;26;29;29;20;23
888.0;94;85;59;61;44;60;25;22;22;25;31;29;20;23
894.0;97;83;61;61;44;60;25;21;21;26;30;30;20;21
900.0;97;83;58;60;44;62;22;23;19;26;31;31;23;21
906.0;94;83;58;61;45;63;24;23;19;25;29;34;23;19
912.0;94;83;58;60;46;58;27;21;20;26;31;34;23;19
918.0;93;83;54;59;47;61;26;19;24;26;31;34;23;20
924.0;91;81;54;63;43;62;25;20;26;27;32;34;22;20
930.0;91;79;53;63;42;64;24;20;29;24;32;35;24;20
936.0;91;79;53;64;41;65;24;20;28;24;32;35;24;20
942.0;91;79;50;65;42;66;26;20;28;22;31;37;24;19
948.0;89;80;49;65;44;66;27;20;26;23;28;38;24;21
954.0;90;80;49;65;42;63;28;20;26;22;28;40;24;23
960.0;90;79;48;65;41;64;30;22;27;22;26;38;25;23
966.0;92;81;49;66;40;62;26;21;25;22;27;42;26;21
972.0;93;81;48;68;38;61;25;20;25;22;28;42;29;20
978.0;92;83;50;69;38;62;26;19;21;21;29;41;29;20
984.0;90;83;51;72;38;63;26;18;20;22;27;39;31;20
990.0;91;84;50;72;39;63;26;17;21;24;26;39;29;19
996.0;92;86;50;71;40;64;22;16;19;23;28;42;28;19
1002.0;92;87;49;70;41;65;22;16;19;24;28;41;27;19
1008.0;91;87;54;67;42;65;24;16;21;23;24;40;27;19
1014.0;94;88;55;68;43;65;24;15;19;22;26;40;24;17
1020.0;93;90;54;69;42;65;23;14;19;21;27;41;24;18
1026.0;95;95;54;67;42;66;22;13;17;21;23;41;27;17
1032.0;96;94;55;67;41;67;23;13;18;20;24;39;27;16
1038.0;94;92;57;67;43;68;22;14;20;20;25;38;25;15
1044.0;96;94;56;65;43;66;23;17;20;18;23;38;23;18
1050.0;94;94;56;64;44;67;23;17;22;19;24;37;22;17
1056.0;94;93;57;62;43;68;24;19;21;18;25;35;23;18
1062.0;94;95;58;61;43;66;24;19;21;19;27;34;23;16
1068.0;96;97;59;60;43;66;23;16;21;18;28;34;23;16
1074.0;95;98;59;61;43;65;22;15;22;18;28;35;24;15
1080.0;94;98;60;61;41;64;22;15;23;18;27;34;26;17
1086.0;95;99;59;62;40;63;22;13;22;20;27;36;25;17
1092.0;93;101;60;66;39;64;22;12;18;20;28;35;25;17
1098.0;95;102;59;67;39;63;23;12;17;19;28;35;25;16
1104.0;95;104;57;66;39;66;23;13;18;19;27;32;25;16
1110.0;94;106;59;66;39;64;23;13;19;17;26;33;26;15
1116.0;93;105;61;68;40;63;23;14;19;18;25;31;24;16
1122.0;93;103;62;67;41;65;23;16;19;16;24;33;24;14
1128.0;93;101;61;66;40;67;24;16;20;17;24;35;23;13
1134.0;92;102;58;67;41;66;23;15;18;18;25;36;25;14
1140.0;91;100;62;67;43;66;21;14;20;19;27;33;23;14
1146.0;92;98;63;69;43;65;21;12;22;21;24;34;23;13
1152.0;92;97;66;70;43;66;19;12;22;20;26;32;21;14
1158.0;91;98;66;70;41;66;18;12;23;20;26;34;21;14
1164.0;92;97;63;70;42;69;17;11;23;25;22;33;23;13
1170.0;92;99;60;68;43;70;16;12;22;26;21;34;23;14
1176.0;91;97;58;69;43;70;14;13;23;26;22;36;24;14
1182.0;90;98;58;66;43;70;15;12;26;25;21;37;23;16
1188.0;92;99;59;67;43;69;15;12;28;23;23;34;20;16
1194.0;91;99;59;69;45;69;15;11;27;21;24;32;22;16
1200.0;90;100;60;68;45;71;15;12;28;19;25;33;20;14
1206.0;91;99;60;70;45;72;15;12;28;17;26;32;20;13
1212.0;92;98;63;70;42;73;15;13;28;17;24;32;19;14
1218.0;92;96;65;71;43;75;12;13;26;17;25;32;19;14
1224.0;91;95;63;73;43;74;14;13;27;18;24;29;20;16
1230.0;91;93;60;72;44;73;13;14;29;18;25;31;21;16
1236.0;91;93;60;74;42;72;15;14;27;17;25;32;21;17
1242.0;94;97;62;70;44;72;14;15;24;16;24;30;22;16
1248.0;93;95;63;69;44;72;16;16;23;17;23;31;22;16
1254.0;92;97;63;72;42;68;13;16;25;16;23;33;24;16
1260.0;93;96;61;71;40;69;12;16;25;18;24;33;25;17
1266.0;95;96;60;70;41;69;14;16;24;18;24;31;25;17
1272.0;92;98;61;67;40;72;16;16;24;19;23;32;23;17
1278.0;94;99;61;62;40;69;17;18;25;20;24;31;25;15
1284.0;93;100;62;63;40;69;15;18;25;19;23;31;27;15
1290.0;91;100;62;65;40;70;16;20;22;19;23;31;28;13
1296.0;93;102;62;69;40;68;17;19;20;20;23;27;28;12
1302.0;91;101;64;66;39;68;16;21;20;21;23;26;29;15
1308.0;92;98;66;65;39;68;16;21;23;23;20;23;27;19
1314.0;94;98;65;63;40;69;16;22;21;22;19;23;27;21
1320.0;96;96;67;65;40;66;16;25;21;20;19;20;28;21
1326.0;94;95;67;66;41;65;17;24;22;19;21;21;28;20
1332.0;94;94;69;67;43;63;17;24;23;19;18;21;27;21
1338.0;92;95;70;66;44;62;15;25;23;23;17;20;25;23
1344.0;91;92;70;67;44;61;17;24;26;24;17;21;24;22
1350.0;91;92;70;65;44;63;16;26;27;23;17;21;22;23
1356.0;92;91;69;64;43;64;18;26;27;20;18;21;24;23
1362.0;92;90;69;64;42;63;19;29;26;20;21;20;22;23
1368.0;94;91;68;65;43;63;18;27;24;21;18;21;24;23
1374.0;95;94;66;64;42;64;18;23;26;19;20;23;23;23
1380.0;95;94;67;64;41;62;18;24;29;19;18;22;23;24
1386.0;93;94;66;64;43;62;16;25;27;21;19;24;24;22
1392.0;90;94;67;63;43;62;19;24;28;22;20;23;24;21
1398.0;89;92;69;64;45;62;19;26;29;23;18;20;22;22
1404.0;90;91;66;62;46;64;20;26;30;23;20;20;21;21
1410.0;92;91;68;62;44;66;22;24;27;22;19;21;21;21
1416.0;95;91;70;59;43;65;23;22;25;24;18;21;21;23
1422.0;96;91;70;60;43;64;23;23;23;25;20;21;19;22
1428.0;95;91;71;60;41;65;23;24;21;24;19;23;19;24
1434.0;98;92;71;60;43;61;25;21;20;25;17;25;19;23
1440.0;98;93;71;61;41;61;25;21;22;24;16;25;20;22
1446.0;99;95;72;62;42;59;26;22;21;24;16;23;18;21
1452.0;100;95;71;63;43;60;27;23;21;24;15;23;16;19
1458.0;99;94;68;62;43;59;28;22;23;23;17;24;14;24
1464.0;97;93;67;65;43;57;25;24;22;23;20;24;16;24
1470.0;97;94;67;65;44;57;24;24;21;22;20;22;16;27
1476.0;98;97;65;63;44;56;25;23;24;20;19;21;18;27
1482.0;97;96;64;64;43;55;25;24;24;22;19;23;16;28
1488.0;98;91;64;62;43;57;26;26;25;23;19;23;16;27
1494.0;97;90;62;66;43;57;28;23;25;24;16;25;18;26
1500.0;98;91;62;66;44;58;27;22;22;22;16;25;21;26
1506.0;97;93;62;65;44;57;27;21;22;22;16;25;22;27
1512.0;96;93;60;62;45;57;28;19;24;24;16;27;25;24
1518.0;95;92;59;62;44;58;29;19;27;24;14;27;25;25
1524.0;95;90;61;63;43;57;29;19;28;23;13;29;25;25
1530.0;95;89;59;63;43;57;28;20;28;24;12;30;26;26
1536.0;94;89;59;64;44;57;27;19;28;28;13;29;25;24
1542.0;92;89;60;63;42;57;28;18;29;29;14;30;27;22
1548.0;92;88;59;63;42;59;29;18;29;30;17;28;26;20
1554.0;92;89;58;64;43;59;26;20;30;28;18;26;24;23
1560.0;91;90;61;60;42;56;28;19;32;27;18;25;26;25
1566.0;91;95;61;59;42;58;29;18;33;27;16;24;23;24
1572.0;94;95;61;59;44;57;27;18;33;26;16;23;24;23
1578.0;95;93;64;60;41;56;28;18;36;26;19;23;22;19
1584.0;98;94;65;60;41;56;27;19;35;25;19;20;23;18
1590.0;99;95;67;60;42;52;27;18;36;27;19;17;24;17
1596.0;98;96;68;58;42;51;26;20;35;25;21;18;26;16
1602.0;100;97;68;59;42;49;24;19;35;24;20;19;26;18
1608.0;97;97;67;59;42;48;24;19;34;25;22;20;28;18
1614.0;96;98;65;59;41;49;25;20;35;25;23;19;27;18
1620.0;95;97;65;59;42;49;25;19;34;25;24;18;28;20
1626.0;95;97;64;60;42;50;22;18;34;24;26;19;27;22
1632.0;96;95;65;58;42;50;23;18;34;22;29;20;26;22
1638.0;97;97;65;57;42;51;24;17;33;23;29;19;25;21
1644.0;99;99;65;54;41;51;25;18;33;22;28;19;26;20
1650.0;102;99;66;52;39;51;23;22;33;24;28;16;25;20
1656.0;102;99;67;52;41;52;21;22;32;26;27;15;24;20
1662.0;102;100;68;53;41;51;22;23;31;26;24;15;24;20
1668.0;101;104;67;54;40;52;21;22;31;26;23;14;24;21
1674.0;100;102;70;55;40;53;22;20;30;26;22;15;24;21
1680.0;100;102;66;55;40;55;21;17;33;27;22;15;25;22
1686.0;99;104;66;52;42;56;20;16;32;28;23;16;24;22
1692.0;102;104;66;53;40;56;22;17;29;27;22;17;23;22
1698.0;102;103;67;54;41;55;20;18;27;27;26;18;21;21
1704.0;103;103;69;54;40;54;19;17;27;26;27;19;22;20
1710.0;104;104;69;54;40;56;17;16;26;25;26;21;22;20
1716.0;104;104;66;53;40;58;18;17;28;24;27;22;20;19
1722.0;102;106;64;52;42;57;18;16;27;24;26;23;23;20
1728.0;103;107;65;52;44;55;19;17;25;26;24;21;25;17
1734.0;103;106;62;49;46;55;21;17;24;28;25;23;25;16
1740.0;102;104;64;51;46;51;20;19;24;29;27;22;23;18
1746.0;102;105;63;50;46;55;18;22;22;25;27;23;24;18
1752.0;102;106;63;44;48;55;17;21;22;26;26;26;25;19
1758.0;104;111;61;45;49;55;16;21;21;22;28;23;26;18
1764.0;104;112;59;45;47;57;16;23;22;21;26;23;25;20
1770.0;104;112;59;46;52;55;15;23;24;20;25;22;24;19
1776.0;105;114;57;48;53;54;16;22;24;19;24;22;23;19
1782.0;106;113;58;46;53;55;15;20;24;20;25;23;24;18
1788.0;109;115;57;47;53;56;16;20;25;18;23;20;24;17
1794.0;108;115;59;49;52;55;15;21;26;18;21;20;26;15
1800.0;109;114;58;48;52;56;16;20;23;18;22;22;25;17
1806.0;110;115;60;48;52;55;16;20;22;17;24;21;23;17
1812.0;110;116;60;48;52;53;16;16;20;18;24;27;23;17
1818.0;109;117;61;50;49;52;15;15;19;17;25;28;23;20
1824.0;107;121;60;49;49;52;15;14;19;15;28;28;23;20
1830.0;106;120;59;50;50;54;14;13;21;16;28;29;19;21
1836.0;107;120;58;49;51;52;13;14;22;17;27;30;20;20
1842.0;106;120;57;48;53;52;15;15;23;16;27;30;21;17
1848.0;102;120;54;50;55;54;15;16;23;17;27;27;23;17
1854.0;100;120;56;47;58;55;17;16;21;18;27;26;23;16
1860.0;99;116;57;49;60;55;16;17;22;19;27;28;22;13
1866.0;99;117;55;50;58;55;15;17;23;21;24;26;27;13
1872.0;99;116;56;49;57;55;16;16;22;22;25;25;31;11
1878.0;96;116;55;51;56;55;15;18;23;23;25;26;28;13
1884.0;96;113;53;50;57;58;14;20;23;27;23;24;30;12
1890.0;94;111;54;51;61;56;14;19;24;27;24;24;29;12
1896.0;93;110;53;51;62;57;14;20;26;27;24;25;27;11
1902.0;93;108;50;53;65;60;12;17;26;25;25;27;28;11
1908.0;92;109;50;52;68;57;13;17;25;24;26;28;28;11
1914.0;91;109;49;51;67;56;10;17;26;26;26;31;26;15
1920.0;89;106;50;54;67;57;12;18;25;28;26;28;29;11
1926.0;88;104;47;53;66;58;14;19;27;28;27;30;29;10
1932.0;88;105;47;54;67;58;14;19;26;26;27;29;29;11
1938.0;88;107;50;53;64;58;15;20;30;23;28;25;29;10
1944.0;89;107;49;54;62;58;18;21;28;23;27;25;27;12
1950.0;88;106;47;55;65;58;19;23;24;20;26;26;26;17
1956.0;89;105;46;55;64;58;18;22;27;21;25;25;27;18
1962.0;89;105;45;57;65;57;19;23;27;22;24;24;29;14
1968.0;87;105;46;57;66;58;23;22;26;20;21;25;28;16
1974.0;88;104;45;56;67;56;19;22;29;19;24;25;28;18
