#auto generated file!
12.0;112;91;93;85;88;88;77;89;72;91;68;85;78;83
18.0;116;95;94;85;88;87;82;87;70;90;65;81;76;84
24.0;119;101;94;88;84;89;82;84;70;86;63;85;73;82
30.0;118;104;97;89;87;85;81;84;72;83;63;82;73;82
36.0;117;105;97;90;89;86;83;84;68;87;62;81;73;78
42.0;118;110;99;89;92;85;80;84;68;86;59;80;71;79
48.0;122;109;100;91;92;87;81;86;67;86;58;75;69;77
54.0;124;110;100;90;90;90;79;87;70;85;62;71;67;75
60.0;126;114;97;90;92;95;81;83;67;82;61;70;69;73
66.0;127;114;98;89;93;98;81;82;65;82;63;70;63;75
72.0;132;115;100;90;94;99;85;80;63;81;58;71;56;76
78.0;132;114;100;90;97;98;83;75;63;84;59;70;58;77
84.0;129;113;103;88;95;100;85;70;65;84;60;74;61;73
90.0;131;117;106;88;96;98;80;71;65;81;63;73;59;72
96.0;132;120;106;93;94;98;79;70;63;81;66;70;58;70
102.0;131;123;105;93;93;96;80;68;60;79;70;67;59;76
108.0;131;121;108;93;97;96;76;63;62;78;71;65;63;76
114.0;131;125;112;95;98;98;77;60;62;73;69;62;62;76
120.0;131;130;115;99;99;100;72;58;65;73;69;63;57;69
126.0;131;132;116;100;102;99;71;58;68;67;69;64;58;65
132.0;136;133;119;96;101;100;71;57;68;71;67;59;58;64
138.0;137;133;117;99;103;97;72;52;70;71;67;60;58;64
144.0;137;135;116;99;106;98;72;54;68;72;65;59;56;63
150.0;136;137;121;100;108;100;74;53;62;69;62;59;57;62
156.0;137;137;123;103;108;101;73;50;65;68;65;58;53;59
162.0;142;141;123;102;111;100;68;53;58;67;64;57;54;60
168.0;144;145;125;103;114;103;63;49;60;65;64;56;55;54
174.0;142;144;125;101;115;107;64;48;59;67;64;55;55;54
180.0;145;144;128;99;115;105;63;44;60;63;68;59;55;52
186.0;149;145;134;96;116;104;59;42;58;61;68;62;54;52
192.0;152;143;134;98;117;103;59;39;61;59;66;59;52;58
198.0;154;142;131;99;118;105;56;43;61;61;67;54;51;58
204.0;156;140;136;100;118;107;54;42;61;58;63;56;54;55
210.0;157;140;134;102;117;110;51;45;62;58;62;57;52;53
216.0;155;143;134;104;117;110;51;47;61;55;61;56;51;55
222.0;156;147;132;103;119;107;51;46;58;55;61;55;52;58
228.0;157;150;131;103;119;110;49;45;64;57;59;54;52;50
234.0;158;151;132;106;114;113;53;43;61;56;57;55;53;48
240.0;160;150;130;110;115;113;55;39;61;54;57;54;54;48
246.0;158;149;133;109;114;115;57;41;62;50;60;52;54;46
252.0;162;152;133;108;114;112;60;41;64;47;60;50;52;45
258.0;161;152;132;108;112;110;62;42;64;50;55;55;52;45
264.0;160;153;131;106;113;111;64;44;68;46;56;55;52;41
270.0;157;151;133;107;115;113;65;46;67;47;54;56;50;39
276.0;157;145;133;107;120;111;66;47;68;49;57;58;47;35
282.0;157;147;140;110;118;108;65;47;68;49;55;54;50;32
288.0;156;147;136;112;121;110;66;48;66;50;53;54;48;33
294.0;156;151;131;113;122;108;67;45;67;52;52;57;46;33
300.0;156;150;128;115;123;106;66;46;69;51;57;55;44;34
306.0;154;149;129;114;121;108;65;45;67;49;57;57;47;38
312.0;158;149;126;113;123;112;61;46;66;47;58;55;49;37
318.0;159;148;123;114;123;109;64;47;65;46;63;55;48;36
324.0;160;148;123;115;125;111;63;46;67;43;61;53;45;40
330.0;161;147;120;115;125;112;61;48;64;43;65;53;45;41
336.0;163;147;117;116;126;112;57;48;68;44;63;53;43;43
342.0;159;145;119;117;128;112;58;50;67;45;60;51;46;43
348.0;161;146;123;117;129;113;60;50;67;45;55;49;46;39
354.0;162;147;122;118;127;115;58;49;68;43;55;50;42;44
360.0;163;147;122;116;127;113;58;51;69;43;52;52;46;41
366.0;164;148;124;120;129;112;57;50;69;41;48;52;46;40
372.0;162;151;121;120;132;113;56;50;67;47;47;49;46;39
378.0;162;150;118;120;135;116;55;51;66;48;49;45;48;37
384.0;166;149;116;117;138;120;57;49;62;45;50;46;50;35
390.0;165;150;118;117;134;119;52;53;62;47;52;46;48;37
396.0;164;146;118;114;137;120;54;53;57;50;53;48;48;38
402.0;164;148;119;113;138;118;53;50;61;49;49;49;49;40
408.0;165;148;122;113;137;120;56;48;57;44;50;52;47;41
414.0;170;151;123;112;138;122;54;49;57;43;49;48;45;39
420.0;165;152;125;114;138;122;53;47;58;42;49;48;45;42
426.0;167;153;122;111;137;129;51;50;58;42;49;46;42;43
432.0;166;156;124;110;136;132;53;46;59;41;47;46;41;43
438.0;165;158;123;113;134;132;55;46;55;40;47;49;43;40
444.0;164;160;125;112;133;131;55;47;57;41;44;49;42;40
450.0;163;159;126;112;133;130;55;44;56;42;46;51;47;36
456.0;164;159;128;113;130;130;55;43;53;46;43;49;50;37
462.0;170;159;127;113;129;128;56;44;51;46;43;47;48;39
468.0;170;158;130;112;129;129;54;42;55;46;43;48;44;40
474.0;169;160;130;112;130;127;52;44;56;45;41;51;45;38
480.0;167;159;130;110;127;125;53;46;56;46;44;53;44;40
486.0;168;157;132;111;128;125;56;47;56;44;41;50;43;42
492.0;170;161;133;110;129;127;53;47;52;40;42;50;44;42
498.0;169;161;131;111;128;130;52;49;52;39;46;50;42;40
504.0;169;162;131;110;124;130;57;50;48;41;47;50;39;42
510.0;168;158;131;114;127;127;55;52;51;40;47;49;41;40
516.0;167;160;132;115;131;124;56;53;47;40;46;48;40;41
522.0;163;160;132;117;130;124;55;49;50;41;46;46;43;44
528.0;166;160;130;118;127;124;56;47;51;41;49;45;44;42
534.0;168;161;129;120;125;122;57;46;50;41;48;46;44;43
540.0;168;162;130;121;126;121;56;46;50;40;44;47;47;42
546.0;172;158;130;118;128;119;55;45;45;44;47;48;47;44
552.0;170;159;125;118;133;119;52;42;47;46;50;44;51;44
558.0;169;161;126;119;136;116;48;41;44;46;50;44;54;46
564.0;170;160;124;120;135;116;49;38;44;50;51;43;52;48
570.0;174;159;124;121;132;118;50;38;48;46;48;42;54;46
576.0;175;160;124;118;133;120;48;39;48;47;51;42;51;44
582.0;176;164;126;117;132;119;50;39;46;49;51;45;45;41
588.0;176;165;127;116;132;118;52;40;42;51;50;46;44;41
594.0;174;160;125;120;136;116;46;45;45;50;51;44;43;45
600.0;172;161;122;119;140;116;43;46;46;50;50;48;41;46
606.0;170;161;123;123;141;115;42;46;45;50;52;47;40;45
612.0;168;163;123;118;140;118;40;47;48;52;52;48;39;44
618.0;169;161;122;117;137;119;42;48;46;53;53;48;44;41
624.0;170;163;125;116;137;115;40;50;47;54;50;49;44;40
630.0;170;163;124;118;133;112;40;47;50;54;51;51;44;43
636.0;172;162;125;116;133;111;40;48;47;54;50;51;48;43
642.0;174;165;127;117;133;108;41;48;44;53;47;53;47;43
648.0;174;166;128;113;134;110;43;47;45;55;45;51;46;43
654.0;174;167;129;111;130;111;44;51;44;54;44;48;46;47
660.0;174;166;131;111;133;109;43;51;46;53;47;48;44;44
666.0;171;165;134;108;135;107;45;49;46;54;46;48;49;43
672.0;171;163;137;109;133;107;44;48;44;52;46;53;51;42
678.0;170;164;135;111;129;107;45;48;41;53;49;54;51;43
684.0;172;164;133;112;129;109;41;48;42;52;49;54;51;44
690.0;175;163;132;111;130;110;41;49;43;51;45;54;50;46
696.0;175;161;131;111;129;111;43;45;44;51;45;58;47;49
702.0;178;162;131;108;128;111;45;46;44;51;37;57;50;52
708.0;181;161;131;110;124;107;48;45;44;50;37;60;50;52
714.0;178;163;133;110;121;110;47;44;46;52;38;61;47;50
720.0;177;162;130;108;124;108;47;44;47;57;37;62;48;49
726.0;179;163;128;108;123;109;46;44;48;57;35;60;48;52
732.0;180;164;126;108;127;109;43;44;47;55;35;62;46;54
738.0;179;164;126;110;127;107;42;47;48;56;35;58;44;57
744.0;178;166;123;108;126;106;43;49;52;57;32;57;48;55
750.0;179;162;121;110;128;108;40;51;55;59;31;54;47;55
756.0;175;165;120;109;123;114;40;51;56;54;31;52;53;57
762.0;179;166;116;111;121;116;39;47;54;55;33;51;55;57
768.0;179;166;116;111;123;116;35;45;55;56;32;50;58;58
774.0;181;166;118;113;123;113;35;44;54;54;32;51;58;58
780.0;178;165;116;112;125;114;35;44;53;54;37;52;56;59
786.0;180;165;115;114;125;118;34;41;53;56;38;49;55;57
792.0;180;166;117;116;127;119;34;44;50;58;37;44;55;53
798.0;179;167;115;113;125;119;33;46;50;60;38;44;56;55
804.0;180;168;118;112;120;121;34;44;47;59;38;43;57;59
810.0;178;166;116;113;117;122;36;46;46;62;37;42;60;59
816.0;178;167;116;117;118;123;35;45;43;58;36;44;62;58
822.0;180;168;112;121;121;124;34;45;42;58;34;44;61;56
828.0;179;169;115;117;121;125;37;44;41;60;35;47;57;53
834.0;179;168;118;113;119;125;37;44;43;59;42;47;56;50
840.0;177;169;116;111;118;124;39;43;49;60;41;45;60;48
846.0;177;171;114;109;120;125;37;46;52;55;39;46;60;49
852.0;175;173;115;107;122;126;34;47;55;51;41;47;58;49
858.0;178;175;112;106;120;126;33;47;56;52;41;48;59;47
864.0;180;177;116;104;119;126;36;45;50;48;41;47;60;51
870.0;179;179;114;101;120;129;40;44;50;47;42;49;55;51
876.0;180;180;115;105;124;125;37;45;48;47;41;48;55;50
882.0;179;182;112;104;125;125;35;44;50;47;42;49;57;49
888.0;182;184;111;103;126;124;33;41;51;48;44;47;59;47
894.0;188;182;112;99;128;125;32;42;50;49;40;47;60;46
900.0;188;186;114;99;128;125;31;42;45;49;39;46;60;48
906.0;189;190;112;101;128;125;28;44;42;44;44;46;58;49
912.0;189;190;113;102;128;123;28;48;37;44;45;44;61;48
918.0;190;190;110;101;128;122;29;47;35;46;47;46;59;50
924.0;190;189;112;102;129;121;27;47;37;48;43;47;58;50
930.0;192;192;111;102;129;122;26;47;37;48;44;44;56;50
936.0;189;193;111;105;129;123;26;47;36;45;46;45;59;46
942.0;191;195;109;105;127;125;27;45;36;47;47;43;57;46
948.0;192;196;108;106;127;125;28;49;35;42;45;42;61;44
954.0;193;196;109;105;129;125;28;47;35;42;46;39;62;44
960.0;193;195;110;108;126;126;27;46;35;42;47;41;61;43
966.0;196;195;109;107;125;128;26;44;36;43;45;40;60;46
972.0;198;195;111;106;124;123;23;48;37;42;46;41;61;45
978.0;200;199;110;105;122;121;25;47;37;41;43;45;63;42
984.0;198;200;108;102;121;121;31;48;38;39;42;42;68;42
990.0;194;201;109;106;121;118;29;51;39;40;40;41;69;42
996.0;195;201;108;103;120;117;26;49;42;41;41;43;69;45
1002.0;195;203;111;100;124;115;25;50;44;42;40;42;66;43
1008.0;195;205;110;98;125;112;25;50;45;43;44;44;65;39
1014.0;193;203;110;100;124;117;25;49;44;45;43;44;62;41
1020.0;193;203;110;99;124;117;27;46;47;45;40;43;65;41
1026.0;192;207;107;103;123;117;30;45;48;46;37;40;63;42
1032.0;192;203;104;106;121;117;34;46;52;43;38;41;62;41
1038.0;192;205;104;104;121;120;35;43;53;44;36;38;63;42
1044.0;193;203;100;105;121;118;36;47;56;44;37;37;64;39
1050.0;189;201;99;110;122;118;38;47;57;41;38;38;65;37
1056.0;189;203;97;109;121;117;37;48;59;43;36;40;62;39
1062.0;190;202;101;109;122;117;39;49;54;42;32;41;63;39
1068.0;190;199;102;108;122;117;39;50;54;42;36;41;62;38
1074.0;189;201;100;110;125;115;40;51;53;39;37;41;61;38
1080.0;188;200;101;111;121;115;42;50;54;41;38;41;63;35
1086.0;182;197;99;108;121;117;44;52;56;42;35;42;65;40
1092.0;182;196;98;108;117;114;46;53;60;44;37;44;60;41
1098.0;182;200;97;108;123;112;46;53;59;43;35;44;55;43
1104.0;180;201;98;108;123;112;46;54;59;42;32;45;55;45
1110.0;181;203;100;111;121;110;43;52;60;45;29;44;55;46
1116.0;181;205;99;110;123;109;41;51;61;45;34;40;57;44
1122.0;184;211;101;110;123;108;39;50;57;42;33;41;55;46
1128.0;188;209;103;112;123;107;37;49;56;41;31;44;52;48
1134.0;190;206;101;112;124;107;37;48;58;43;33;42;49;50
1140.0;193;206;105;113;125;105;37;45;54;41;33;43;50;50
1146.0;192;206;105;116;126;105;38;46;52;42;33;40;50;49
1152.0;191;207;103;118;120;106;36;45;50;47;33;42;53;49
1158.0;192;209;102;121;116;105;37;46;50;46;32;43;51;50
1164.0;196;211;104;124;113;104;39;45;45;45;36;41;49;48
1170.0;198;210;106;123;110;106;38;46;47;43;36;40;47;50
1176.0;197;209;107;124;111;105;38;46;50;43;35;38;45;52
1182.0;199;206;109;121;111;106;36;46;53;44;35;39;42;53
1188.0;199;205;106;120;111;109;35;46;56;46;33;40;39;55
1194.0;196;205;107;118;110;108;34;41;57;48;36;44;42;54
1200.0;196;206;110;120;108;110;36;42;57;48;33;44;39;51
1206.0;194;207;112;120;109;112;37;42;55;51;32;44;36;49
1212.0;194;205;113;122;109;113;37;41;54;49;33;44;37;49
1218.0;191;205;114;121;110;112;38;44;52;47;34;46;36;50
1224.0;192;207;117;119;111;110;37;42;52;48;33;45;38;49
1230.0;188;203;121;121;110;112;36;39;50;52;33;50;38;47
1236.0;188;206;119;122;112;113;37;40;49;50;33;48;38;45
1242.0;189;206;120;122;109;114;36;40;48;48;38;47;39;44
1248.0;191;206;118;119;110;110;36;43;46;47;40;48;39;47
1254.0;189;206;119;119;109;107;38;45;48;46;39;48;40;47
1260.0;187;209;120;119;111;108;38;42;46;45;40;48;41;46
1266.0;191;209;118;120;114;107;38;44;47;49;36;47;39;41
1272.0;192;208;115;120;113;109;39;47;47;50;32;50;39;39
1278.0;193;207;117;124;111;107;41;40;48;49;33;50;40;40
1284.0;194;206;114;121;111;104;41;41;49;52;37;49;39;42
1290.0;196;204;116;119;112;105;39;41;49;56;36;47;37;43
1296.0;197;207;110;121;113;105;39;43;49;56;36;47;35;42
1302.0;200;206;106;120;112;107;41;45;50;55;33;50;34;41
1308.0;198;210;106;120;108;103;41;47;49;55;37;48;34;44
1314.0;198;210;106;119;106;103;41;50;47;55;36;50;35;44
1320.0;194;209;106;122;102;108;41;50;45;55;33;53;38;44
1326.0;197;212;104;124;101;108;41;47;42;54;30;53;40;47
1332.0;195;211;103;122;102;108;40;46;43;55;31;53;42;49
1338.0;197;207;103;119;101;110;42;45;41;55;32;55;43;50
1344.0;197;210;101;119;99;113;43;45;44;51;30;55;41;52
1350.0;194;208;100;117;100;113;41;45;46;51;35;57;39;54
1356.0;196;206;103;118;101;113;38;43;45;52;33;57;39;56
1362.0;194;207;101;116;101;112;37;44;49;53;36;55;36;59
1368.0;193;208;101;114;103;112;36;42;47;53;36;57;36;62
1374.0;191;205;104;117;104;110;33;44;49;52;36;56;37;62
1380.0;190;203;107;119;102;110;35;43;49;54;36;58;34;60
1386.0;192;205;111;118;104;107;33;42;48;53;39;52;35;61
1392.0;195;204;113;125;98;105;33;44;49;51;38;50;35;60
1398.0;195;204;113;123;99;107;35;45;49;52;37;46;36;59
1404.0;197;206;109;122;96;109;32;44;48;56;39;46;38;58
1410.0;197;207;109;127;94;107;30;44;47;60;37;48;36;57
1416.0;198;206;112;126;93;110;31;41;50;61;31;48;39;54
1422.0;198;209;106;123;96;112;30;43;46;55;35;54;41;52
1428.0;202;210;103;124;97;112;30;45;49;54;36;52;36;50
1434.0;203;209;106;124;95;115;28;44;50;54;35;55;37;45
1440.0;202;205;107;123;95;115;29;44;49;55;39;54;35;48
1446.0;201;204;106;123;95;116;31;44;49;51;43;55;35;47
1452.0;200;200;111;125;96;113;33;40;50;49;43;55;35;50
1458.0;199;199;110;125;97;115;30;38;49;47;48;55;35;53
1464.0;197;199;110;124;98;114;34;38;49;47;49;55;35;51
1470.0;202;198;112;120;100;116;31;41;48;48;47;53;35;49
1476.0;204;196;113;119;97;119;28;39;50;46;50;54;35;50
1482.0;208;196;110;119;97;120;29;41;50;43;50;52;36;49
1488.0;206;197;112;115;95;122;32;42;48;42;47;52;39;51
1494.0;206;194;111;116;95;121;34;41;48;43;47;54;39;51
1500.0;209;193;113;112;95;122;35;42;47;43;49;55;39;46
1506.0;203;195;112;112;97;119;37;43;44;46;48;53;43;48
1512.0;202;190;112;115;97;119;35;45;43;46;51;54;42;49
1518.0;203;190;113;113;96;117;36;42;46;47;50;53;44;50
1524.0;200;192;115;110;91;119;34;44;51;46;49;53;46;50
1530.0;201;189;115;109;91;121;33;43;51;45;48;56;49;49
1536.0;200;186;118;106;92;122;31;43;47;45;53;54;51;52
1542.0;199;186;115;106;92;124;30;47;48;44;54;54;50;51
1548.0;198;188;113;107;93;123;27;45;48;48;52;54;54;50
1554.0;197;188;117;109;94;117;31;45;48;45;50;56;53;50
1560.0;197;188;120;109;93;115;32;45;50;43;48;56;53;51
1566.0;198;185;120;109;93;118;32;43;49;43;47;54;54;55
1572.0;199;182;118;106;93;120;35;42;48;44;46;53;56;58
1578.0;203;183;116;107;93;120;35;40;51;43;49;48;56;56
1584.0;203;183;116;110;92;121;34;35;52;44;50;46;58;56
1590.0;203;184;114;112;92;121;34;35;52;44;52;44;56;57
1596.0;201;183;113;110;94;117;38;38;49;45;53;45;55;59
1602.0;198;184;115;111;96;119;36;37;47;49;52;45;53;58
1608.0;200;184;115;110;92;116;38;38;45;46;53;48;57;58
1614.0;201;183;116;111;93;118;34;39;43;49;51;50;56;56
1620.0;198;182;118;113;94;116;34;39;39;49;55;53;56;54
1626.0;199;183;118;116;92;116;32;45;37;48;56;54;53;51
1632.0;197;182;116;116;94;114;33;48;38;49;59;51;49;54
1638.0;195;182;114;118;98;117;32;50;37;46;60;54;45;52
1644.0;194;184;113;118;102;118;33;48;34;49;60;52;46;49
1650.0;196;184;110;120;102;117;34;50;38;46;61;47;46;49
1656.0;196;183;112;118;105;118;34;48;40;46;57;48;47;48
1662.0;198;181;109;118;106;115;39;52;41;44;59;49;41;48
1668.0;196;179;111;120;109;114;38;52;42;45;55;49;42;48
1674.0;196;178;111;124;107;116;41;50;42;44;54;48;44;45
1680.0;198;179;109;125;108;119;40;49;40;45;53;48;45;42
1686.0;197;182;112;120;108;122;38;49;40;43;53;49;47;40
1692.0;200;180;112;122;110;120;39;48;39;44;50;51;47;38
1698.0;201;179;114;124;111;120;36;47;33;47;55;52;44;37
1704.0;199;182;113;125;110;118;38;50;29;46;55;53;45;37
1710.0;197;181;110;125;110;119;35;47;30;46;56;56;46;42
1716.0;197;181;108;126;110;114;35;47;29;47;56;57;52;41
1722.0;200;181;107;125;106;116;39;48;28;47;57;54;51;41
1728.0;201;179;105;122;106;114;37;50;32;48;59;54;52;41
1734.0;204;180;106;121;104;117;34;51;33;48;53;53;53;43
1740.0;206;182;105;117;104;114;34;53;34;45;55;54;54;43
1746.0;206;179;103;119;106;117;37;53;33;45;50;54;52;46
1752.0;206;179;104;119;105;121;38;51;31;44;49;53;52;48
1758.0;208;180;102;120;103;121;36;49;33;44;50;55;56;43
1764.0;210;183;103;117;101;120;36;48;33;46;49;54;57;43
1770.0;208;187;106;118;102;121;35;42;34;44;51;56;53;43
1776.0;206;185;106;117;101;119;36;43;35;45;55;58;53;41
1782.0;206;184;105;119;99;122;35;43;36;44;56;61;50;40
1788.0;202;186;106;118;97;124;34;39;39;44;58;59;52;42
1794.0;199;184;108;121;97;123;31;40;40;46;56;60;50;45
1800.0;200;187;107;120;96;123;31;39;40;47;56;62;48;44
1806.0;196;187;108;118;97;125;31;42;42;48;54;59;48;45
1812.0;194;188;106;115;98;124;32;48;39;46;56;58;49;47
1818.0;193;192;102;117;99;119;37;48;38;45;57;58;47;48
1824.0;191;193;99;117;101;119;36;52;38;44;55;60;50;45
1830.0;194;192;99;115;97;121;37;53;38;40;56;62;50;46
1836.0;195;190;99;118;95;121;37;51;36;42;58;62;48;48
1842.0;196;193;98;117;97;123;35;48;36;43;57;58;53;46
1848.0;193;195;98;117;97;120;33;49;35;48;57;57;52;49
1854.0;193;192;98;116;95;121;35;50;34;50;58;55;55;48
1860.0;195;198;99;114;96;122;35;48;33;44;57;56;53;50
1866.0;195;198;98;115;96;121;33;47;36;45;53;58;53;52
1872.0;196;195;95;112;99;122;34;49;36;44;54;62;53;49
1878.0;198;197;96;113;96;122;34;49;36;42;51;62;54;50
1884.0;198;194;100;113;98;123;33;46;35;45;52;60;54;49
1890.0;199;190;101;116;100;120;32;46;35;47;53;58;55;48
1896.0;200;189;99;120;100;119;38;44;36;44;52;57;54;48
1902.0;199;187;100;118;103;121;38;47;33;43;49;59;55;48
1908.0;199;185;100;119;107;121;35;48;28;44;51;60;57;46
1914.0;198;183;104;123;109;120;37;47;27;43;51;54;58;46
1920.0;198;184;105;124;109;121;34;49;31;41;49;53;53;49
1926.0;198;186;105;123;106;120;33;53;32;39;47;55;53;50
1932.0;199;185;108;120;107;122;34;52;29;39;46;56;55;48
1938.0;199;183;108;116;109;118;34;53;30;43;45;57;57;48
1944.0;201;182;108;114;109;119;33;55;34;42;42;56;59;46
1950.0;204;182;111;112;106;120;33;55;34;41;42;54;58;48
1956.0;205;181;109;113;108;120;33;52;34;40;44;54;59;48
1962.0;204;181;109;112;104;118;36;52;39;42;45;53;57;48
1968.0;209;181;108;111;104;119;35;52;37;43;45;55;55;46
1974.0;213;178;109;111;104;121;31;50;38;43;49;52;54;47
