#auto generated file!
12.0;12;17;10;17;12;14;12;14;16;12;16;17;14;17
18.0;12;17;10;17;13;14;13;13;15;14;16;16;14;16
24.0;12;20;10;16;13;14;13;13;13;13;17;16;14;16
30.0;12;21;11;18;15;15;13;13;10;13;16;14;13;16
36.0;14;22;12;18;15;15;12;11;8;13;16;14;14;16
42.0;14;22;12;18;15;15;12;10;8;14;16;14;14;16
48.0;14;23;12;17;14;16;14;10;8;15;15;13;14;15
54.0;16;23;12;17;13;16;15;10;9;13;15;13;14;14
60.0;16;23;12;19;13;15;14;11;11;12;16;13;12;13
66.0;16;23;13;18;13;16;15;11;11;11;16;13;11;13
72.0;16;22;13;19;13;16;16;11;12;11;15;12;11;13
78.0;16;24;13;18;13;15;16;12;11;10;16;12;11;13
84.0;16;25;13;19;12;16;16;13;12;8;16;10;12;12
90.0;17;25;14;20;11;15;16;12;12;8;15;11;12;12
96.0;17;25;15;20;12;15;15;12;12;8;13;10;13;13
102.0;17;24;16;20;11;16;16;12;12;11;12;10;12;11
108.0;19;24;17;20;11;16;16;10;12;12;12;9;12;10
114.0;18;24;18;20;13;16;14;10;10;13;12;8;12;12
120.0;18;25;18;20;13;16;15;10;9;13;13;7;12;11
126.0;18;24;18;19;12;17;16;8;11;13;14;6;13;11
132.0;17;26;17;21;11;16;16;9;11;12;14;6;12;12
138.0;17;25;18;20;11;14;19;9;11;11;14;6;12;13
144.0;18;25;18;20;12;14;17;8;10;12;14;7;12;13
150.0;18;26;18;19;11;14;19;8;9;12;13;8;12;13
156.0;16;27;18;19;11;14;19;6;8;13;12;11;13;13
162.0;16;26;20;20;11;17;17;5;8;13;11;10;13;13
168.0;16;28;20;20;11;17;16;5;8;13;10;10;13;13
174.0;18;28;19;20;10;17;16;5;9;12;11;12;11;12
180.0;20;28;18;21;11;16;15;5;9;11;10;13;10;13
186.0;20;27;19;22;11;15;15;6;11;9;9;13;11;12
192.0;19;28;19;21;12;15;15;7;10;10;8;13;11;12
198.0;18;28;19;21;12;14;16;7;11;10;8;13;12;11
204.0;19;28;18;21;14;15;13;7;11;12;8;11;12;11
210.0;19;28;18;21;14;15;13;7;11;12;8;12;12;10
216.0;21;27;18;21;14;15;12;7;11;13;9;12;11;9
222.0;22;26;20;22;14;13;13;8;11;12;9;12;10;8
228.0;22;26;20;22;15;13;13;8;11;11;8;12;10;9
234.0;22;24;21;22;17;13;11;8;11;11;8;12;10;10
240.0;23;24;20;23;17;14;11;8;10;11;8;12;10;9
246.0;25;24;20;23;16;14;10;8;9;12;8;12;10;9
252.0;26;24;20;21;16;15;10;8;11;12;7;12;9;9
258.0;26;26;21;21;16;16;10;7;10;12;7;10;10;8
264.0;26;27;23;20;17;16;9;5;11;12;7;8;11;8
270.0;25;27;22;20;18;16;9;5;11;12;7;9;11;8
276.0;25;26;22;21;18;16;8;5;11;12;8;9;10;9
282.0;24;26;22;21;19;16;9;5;10;13;7;9;10;9
288.0;23;26;20;22;20;17;10;6;10;12;6;9;9;10
294.0;23;27;19;22;20;17;9;5;10;14;6;9;9;10
300.0;23;27;18;23;20;17;10;5;11;13;6;9;9;9
306.0;22;27;19;23;20;17;10;5;10;13;6;8;8;12
312.0;21;27;19;23;20;16;10;7;10;12;6;8;8;13
318.0;23;27;18;21;21;16;9;7;10;11;6;8;8;15
324.0;24;26;18;22;20;16;8;8;10;11;7;8;7;15
330.0;26;26;17;23;20;16;8;8;10;11;6;8;7;14
336.0;28;27;17;23;19;15;9;7;9;12;5;8;7;14
342.0;28;26;17;23;19;15;9;8;12;12;5;7;6;13
348.0;26;26;16;23;18;16;8;8;13;13;5;8;6;14
354.0;26;27;16;22;18;16;8;8;13;13;5;7;7;14
360.0;25;29;16;24;18;16;8;8;13;12;4;6;7;14
366.0;25;32;15;24;18;15;7;7;15;13;3;7;6;13
372.0;25;32;14;23;18;15;8;7;15;12;3;8;7;13
378.0;26;31;15;22;17;15;8;7;15;11;3;7;10;13
384.0;26;31;15;22;17;15;7;8;15;11;3;8;10;12
390.0;26;32;15;22;17;15;7;7;14;12;4;8;10;11
396.0;27;29;14;21;17;16;9;7;14;12;4;9;10;11
402.0;25;30;14;21;16;16;9;8;13;12;5;9;10;12
408.0;25;30;14;21;16;16;8;9;13;13;5;9;10;11
414.0;24;29;14;22;16;18;7;8;13;14;5;9;10;11
420.0;25;30;13;22;15;18;7;9;13;14;5;8;10;11
426.0;26;32;13;21;16;17;7;9;12;12;5;9;9;12
432.0;25;32;13;21;16;17;7;8;12;12;5;11;9;12
438.0;25;30;13;22;18;18;9;7;10;13;4;11;8;12
444.0;25;31;14;22;18;17;9;8;10;12;4;11;6;13
450.0;26;30;14;22;18;17;11;9;10;10;3;10;8;12
456.0;27;30;16;23;17;17;10;7;10;10;4;9;8;12
462.0;27;29;18;24;19;16;9;7;10;10;4;8;8;11
468.0;27;28;18;25;19;16;9;7;11;9;3;8;9;11
474.0;26;29;18;24;20;17;8;6;12;10;3;8;9;10
480.0;26;27;17;24;20;19;9;8;13;8;2;8;9;10
486.0;25;28;16;24;19;19;9;10;13;9;2;7;9;10
492.0;25;29;16;24;19;18;10;10;11;9;2;7;9;11
498.0;25;29;15;24;20;18;10;9;11;9;3;7;8;12
504.0;24;28;16;24;20;18;11;10;10;9;2;8;10;10
510.0;25;28;16;23;20;18;11;9;11;9;4;7;10;9
516.0;25;29;16;24;21;18;11;8;11;7;4;7;10;9
522.0;25;29;17;24;21;19;11;8;12;6;4;7;10;7
528.0;25;28;17;22;21;18;12;9;11;6;6;7;10;8
534.0;25;28;18;23;22;18;11;9;11;5;7;6;9;8
540.0;25;29;18;25;21;18;11;7;11;4;8;5;10;8
546.0;25;28;18;26;21;18;11;6;11;3;8;4;11;10
552.0;26;26;18;26;20;18;10;7;11;2;8;6;12;10
558.0;25;26;18;27;20;18;9;7;12;3;6;6;13;10
564.0;26;26;19;26;20;18;9;7;11;3;6;7;12;10
570.0;25;25;20;26;21;18;9;7;11;3;6;7;11;11
576.0;26;24;20;25;22;19;8;8;11;2;7;7;10;11
582.0;26;24;21;25;21;18;8;8;10;2;8;7;11;11
588.0;27;25;21;24;21;18;8;8;10;1;8;7;11;11
594.0;27;23;22;22;21;19;7;8;9;3;10;7;12;10
600.0;27;23;24;23;20;19;8;7;8;4;10;5;12;10
606.0;27;25;23;22;20;19;9;6;7;4;10;5;13;10
612.0;26;26;24;22;21;19;9;5;6;4;11;5;11;11
618.0;26;26;25;22;20;19;8;6;4;6;11;5;12;10
624.0;26;26;25;22;21;19;8;6;4;5;11;4;11;12
630.0;26;26;25;21;22;19;6;5;6;6;11;5;12;10
636.0;26;26;27;20;21;19;5;6;6;6;12;5;11;10
642.0;27;27;28;20;20;19;5;7;6;5;13;5;11;7
648.0;27;27;28;20;21;19;5;7;6;3;12;5;13;7
654.0;28;28;27;19;21;20;5;9;6;4;10;6;11;6
660.0;28;27;28;20;22;20;5;9;6;5;9;6;10;5
666.0;27;27;28;19;22;20;5;10;6;5;10;6;10;5
672.0;25;27;27;19;23;20;6;9;7;6;10;7;9;5
678.0;25;26;28;19;24;20;6;10;6;4;12;7;8;5
684.0;25;26;28;19;23;21;8;9;7;4;9;7;8;6
690.0;25;23;26;20;23;21;9;7;7;4;10;8;9;8
696.0;25;24;26;19;22;22;9;6;8;3;10;9;9;8
702.0;26;23;26;19;24;22;8;6;8;3;10;7;9;9
708.0;26;24;24;19;23;21;9;7;8;4;11;6;9;9
714.0;26;24;24;20;23;22;10;7;8;3;10;6;9;8
720.0;26;22;25;20;24;23;8;7;8;3;12;6;8;8
726.0;25;23;24;19;24;24;8;7;8;3;12;7;8;8
732.0;25;24;25;19;24;24;7;7;8;3;12;7;8;7
738.0;25;26;23;18;25;23;7;7;8;4;12;7;8;7
744.0;25;26;23;18;25;23;7;8;9;3;11;7;8;7
750.0;25;26;23;19;26;24;6;8;10;3;10;6;8;6
756.0;25;26;24;18;27;24;7;7;10;3;10;6;8;5
762.0;24;26;24;18;27;24;7;8;10;3;10;7;8;4
768.0;23;27;24;18;27;22;6;8;11;4;10;8;9;3
774.0;23;27;25;18;27;22;7;7;11;4;10;7;9;3
780.0;23;28;26;18;27;21;7;6;11;5;9;8;9;2
786.0;23;28;26;20;26;21;8;5;9;5;9;8;9;3
792.0;23;28;26;20;27;21;8;5;9;5;8;8;9;3
798.0;25;28;26;22;26;21;8;4;9;5;8;7;9;2
804.0;24;28;26;22;27;21;7;5;9;6;8;7;8;2
810.0;23;28;25;22;28;23;6;5;9;6;8;7;8;2
816.0;22;29;25;22;29;22;6;4;11;6;8;6;8;2
822.0;23;29;25;22;28;22;6;4;10;6;9;6;8;2
828.0;24;29;27;22;29;23;5;4;8;5;9;6;7;2
834.0;24;29;26;21;28;22;6;4;8;7;10;6;7;2
840.0;24;29;27;20;28;21;6;4;8;7;10;7;7;2
846.0;24;29;27;20;28;20;7;4;8;7;10;7;7;2
852.0;25;29;27;21;27;19;7;3;8;7;12;7;6;2
858.0;25;28;27;21;26;19;6;4;8;7;12;8;7;2
864.0;25;28;26;21;26;19;7;5;8;7;12;8;6;2
870.0;26;28;25;21;25;19;8;5;8;7;12;8;6;2
876.0;26;27;26;21;25;19;8;6;8;7;11;8;6;2
882.0;27;27;27;21;24;19;7;8;7;6;12;7;6;2
888.0;29;27;27;21;24;19;7;8;7;6;10;6;7;2
894.0;29;26;27;21;24;20;6;8;7;6;10;6;8;2
900.0;29;26;24;21;26;21;5;7;7;6;10;6;9;3
906.0;29;26;24;21;27;20;5;8;6;6;10;6;9;3
912.0;29;26;24;23;26;20;4;8;7;5;10;6;9;3
918.0;29;26;24;22;26;20;4;7;7;5;10;6;11;3
924.0;30;24;23;22;26;20;4;7;7;5;10;6;12;4
930.0;30;23;21;23;26;20;5;6;7;5;11;7;13;3
936.0;30;23;21;23;25;20;6;7;7;4;10;7;14;3
942.0;32;23;22;22;24;21;5;4;7;5;10;7;14;4
948.0;32;23;22;21;24;21;5;4;8;6;10;6;14;4
954.0;32;22;21;21;24;22;6;5;6;6;11;7;14;3
960.0;32;22;21;19;24;23;6;6;7;7;9;7;14;3
966.0;31;21;22;19;24;22;7;6;7;7;9;7;14;4
972.0;30;21;21;19;25;23;8;5;7;7;10;5;14;5
978.0;29;21;20;19;25;22;8;6;7;7;10;6;14;6
984.0;28;21;21;19;25;20;10;7;7;7;9;6;14;6
990.0;28;21;21;19;25;20;9;9;8;7;8;6;14;5
996.0;27;20;21;20;25;20;9;9;8;7;8;7;13;6
1002.0;27;17;19;20;25;20;9;10;8;8;12;7;13;5
1008.0;27;17;20;20;25;20;9;9;9;8;12;7;13;4
1014.0;27;17;20;20;25;19;9;9;8;9;12;8;13;4
1020.0;27;17;20;18;23;20;7;11;9;10;12;9;13;4
1026.0;27;17;20;18;23;20;7;11;9;11;12;9;12;4
1032.0;27;19;21;18;23;20;7;10;9;12;12;7;11;4
1038.0;28;20;20;17;24;19;8;10;8;11;11;7;11;6
1044.0;28;21;20;16;24;19;9;8;8;11;10;8;12;6
1050.0;28;23;21;15;24;19;9;8;9;9;9;8;13;5
1056.0;28;24;20;16;24;19;10;9;9;6;10;9;11;5
1062.0;28;25;20;16;23;19;10;10;9;6;10;8;11;5
1068.0;29;23;20;16;23;19;9;11;10;5;10;8;11;6
1074.0;28;24;19;16;24;19;9;11;11;5;10;7;10;7
1080.0;28;25;19;17;23;19;7;10;12;6;12;6;10;6
1086.0;28;25;19;17;23;19;7;11;12;6;12;6;9;6
1092.0;28;25;19;17;22;19;7;11;12;7;13;6;8;6
1098.0;29;25;20;17;21;19;6;12;12;6;14;6;7;6
1104.0;30;25;18;17;21;19;5;14;10;6;14;7;7;7
1110.0;30;25;19;18;21;20;5;13;10;6;13;7;6;7
1116.0;30;26;18;19;21;20;5;13;9;7;13;7;5;7
1122.0;30;26;18;20;22;20;5;12;10;7;12;7;4;7
1128.0;30;26;18;22;22;19;4;13;11;7;14;6;3;5
1134.0;29;27;16;23;22;20;4;13;13;7;14;5;3;4
1140.0;29;26;17;22;23;20;4;13;14;7;14;4;3;4
1146.0;29;27;18;24;22;19;4;11;13;8;14;4;3;4
1152.0;30;28;18;25;22;19;4;11;13;8;11;4;3;4
1158.0;30;28;19;24;23;20;3;10;12;7;9;4;5;6
1164.0;31;30;18;20;24;20;2;10;11;9;9;4;6;6
1170.0;31;29;18;20;24;20;2;11;10;9;9;5;5;7
1176.0;30;30;18;21;22;20;2;12;10;8;9;5;6;7
1182.0;30;30;18;20;23;20;4;10;10;8;9;7;6;5
1188.0;31;30;17;20;22;20;4;10;11;7;8;9;6;5
1194.0;32;30;16;19;21;20;4;11;11;7;7;9;7;6
1200.0;31;29;16;20;21;20;4;11;12;8;7;8;7;6
1206.0;31;29;16;20;21;20;4;11;12;9;8;7;6;6
1212.0;32;29;16;20;22;22;4;11;10;9;7;6;6;6
1218.0;32;29;15;20;22;21;4;12;10;9;6;8;7;5
1224.0;32;29;15;20;23;21;4;12;10;9;5;8;7;5
1230.0;32;29;16;20;25;20;5;11;8;9;5;8;7;5
1236.0;33;29;17;20;25;19;5;11;7;8;6;8;7;5
1242.0;33;28;17;20;25;19;5;11;6;9;6;8;8;5
1248.0;33;28;17;20;24;19;5;10;8;9;7;7;8;5
1254.0;32;29;17;20;24;19;5;10;8;8;7;7;9;5
1260.0;33;29;17;20;23;19;5;11;7;7;6;8;10;5
1266.0;32;29;17;21;23;18;5;10;6;8;6;8;11;6
1272.0;30;29;19;22;24;18;5;10;6;7;6;8;10;6
1278.0;29;29;18;23;23;20;7;9;6;7;6;7;11;5
1284.0;29;29;18;23;23;20;8;8;5;7;7;7;11;5
1290.0;29;29;18;20;23;20;8;9;5;7;8;8;10;6
1296.0;30;29;19;19;23;19;8;8;5;7;8;9;10;6
1302.0;30;30;19;19;23;18;9;7;5;8;7;8;11;6
1308.0;31;30;19;20;22;18;7;8;6;8;7;8;10;6
1314.0;30;29;19;20;24;19;8;8;6;8;6;8;10;5
1320.0;30;29;18;19;23;20;9;8;6;9;6;7;11;5
1326.0;31;29;18;19;23;20;8;8;6;9;6;8;10;5
1332.0;32;28;18;18;23;19;9;7;7;9;6;9;10;5
1338.0;32;27;17;19;22;19;10;7;6;10;6;11;9;5
1344.0;32;26;17;19;22;21;10;7;6;11;4;11;9;5
1350.0;32;25;16;20;22;20;10;8;6;11;4;11;10;5
1356.0;28;25;15;21;22;20;11;8;6;12;5;11;11;5
1362.0;28;25;15;22;21;22;9;8;6;12;6;11;10;5
1368.0;28;24;15;22;20;22;10;8;6;12;6;12;10;5
1374.0;26;24;15;22;19;22;9;8;7;13;6;13;11;5
1380.0;26;24;15;22;19;22;11;8;8;12;6;12;11;4
1386.0;25;24;15;22;20;22;11;8;9;11;6;12;11;4
1392.0;24;25;17;20;20;20;10;9;9;11;8;12;11;4
1398.0;24;25;17;20;21;20;11;9;9;10;8;12;10;4
1404.0;23;25;19;20;23;21;10;8;9;11;8;10;9;4
1410.0;23;25;19;21;23;22;9;7;9;11;8;10;9;4
1416.0;24;25;19;23;23;23;7;6;9;10;9;11;8;3
1422.0;25;25;19;22;24;23;6;5;9;11;11;10;7;3
1428.0;24;26;19;22;24;23;6;6;9;11;10;10;7;3
1434.0;24;26;19;22;24;25;7;5;9;11;10;10;6;2
1440.0;23;27;20;23;25;25;7;5;9;11;8;9;6;2
1446.0;23;27;19;23;24;27;8;5;11;11;7;8;5;2
1452.0;23;26;19;24;24;27;7;5;11;11;7;7;7;2
1458.0;23;26;19;23;25;27;7;6;11;11;7;6;7;2
1464.0;24;26;19;25;24;26;7;7;11;11;6;6;6;2
1470.0;25;25;19;25;24;25;7;7;11;12;6;5;6;3
1476.0;24;26;18;25;23;25;5;8;11;11;8;6;6;4
1482.0;23;26;17;24;24;25;5;8;12;11;8;6;6;5
1488.0;21;26;16;22;24;26;5;10;11;12;8;8;6;5
1494.0;21;26;17;21;25;25;6;11;11;11;8;7;6;5
1500.0;21;26;16;21;25;25;7;11;11;11;8;5;6;7
1506.0;22;25;15;21;26;25;7;11;11;12;8;6;5;6
1512.0;22;25;15;22;26;25;7;11;10;12;8;6;5;6
1518.0;23;25;14;23;25;24;7;11;9;11;10;6;5;7
1524.0;23;25;13;23;25;24;7;11;8;12;10;6;6;7
1530.0;22;24;13;25;25;23;7;11;9;12;10;5;8;6
1536.0;23;25;14;24;25;22;6;13;9;12;8;5;8;6
1542.0;22;26;14;25;25;22;7;13;9;11;9;5;7;5
1548.0;22;26;12;25;26;22;7;13;8;12;10;5;7;5
1554.0;23;26;12;25;25;22;6;14;8;11;10;5;7;6
1560.0;23;25;12;24;27;22;6;15;7;11;9;5;6;8
1566.0;23;25;12;23;28;22;6;14;8;11;9;5;7;7
1572.0;23;26;12;23;27;22;5;13;8;11;9;6;8;7
1578.0;23;27;11;23;26;23;6;11;6;11;8;8;10;7
1584.0;24;25;11;23;26;21;7;11;6;14;8;7;11;6
1590.0;25;23;13;25;25;21;7;10;4;14;9;7;12;5
1596.0;24;24;13;27;25;21;8;11;4;11;9;7;11;5
1602.0;24;24;14;26;23;21;8;10;4;12;10;8;10;6
1608.0;25;24;13;26;23;21;8;10;6;11;9;8;11;5
1614.0;25;25;12;26;24;21;9;10;7;10;8;7;11;5
1620.0;25;24;12;25;25;20;8;10;8;10;8;7;13;5
1626.0;28;24;13;24;24;20;8;9;8;10;8;6;13;5
1632.0;27;24;13;23;23;22;8;12;9;10;8;6;10;5
1638.0;27;24;13;22;22;22;7;12;9;11;9;7;10;5
1644.0;27;24;13;22;22;21;6;11;9;12;9;8;10;6
1650.0;27;24;13;21;24;20;7;11;8;12;9;9;9;6
1656.0;27;25;14;21;24;19;6;10;8;11;10;9;9;7
1662.0;26;25;14;21;24;19;6;10;8;10;11;9;9;8
1668.0;26;25;14;21;23;19;6;11;7;10;10;9;12;7
1674.0;26;25;14;21;24;19;7;13;6;11;10;9;9;6
1680.0;28;24;13;20;24;19;7;14;6;11;10;7;11;6
1686.0;28;26;13;20;23;17;8;14;4;10;12;6;12;7
1692.0;28;25;13;19;23;17;9;15;4;10;12;7;12;6
1698.0;28;25;13;19;23;17;9;15;4;10;12;6;13;6
1704.0;29;26;14;19;23;17;9;15;4;10;12;6;12;4
1710.0;29;27;14;17;23;18;9;14;4;10;13;6;12;4
1716.0;28;26;14;20;23;18;10;12;4;10;13;6;11;5
1722.0;29;27;12;19;23;18;9;11;5;10;13;6;11;7
1728.0;28;27;12;20;22;17;9;11;5;10;15;6;11;7
1734.0;27;27;12;21;23;17;9;10;5;9;16;6;11;7
1740.0;28;26;11;21;24;17;9;9;6;9;17;7;10;6
1746.0;28;27;11;21;23;17;9;8;6;8;17;7;11;7
1752.0;28;28;11;21;23;17;9;8;6;10;15;6;11;7
1758.0;28;29;11;20;24;18;8;8;6;11;14;8;9;6
1764.0;29;30;10;21;23;18;7;9;5;11;13;9;9;6
1770.0;29;30;10;20;22;18;7;9;5;11;13;9;10;7
1776.0;29;30;10;21;21;18;7;9;5;10;14;9;10;7
1782.0;30;29;11;21;20;18;8;9;4;10;12;9;10;9
1788.0;32;29;11;21;19;18;7;7;5;9;12;9;11;10
1794.0;32;29;9;23;19;18;8;7;7;10;10;9;9;10
1800.0;32;28;10;24;20;17;8;7;8;9;10;9;9;9
1806.0;31;28;10;23;20;16;9;8;9;9;8;11;9;9
1812.0;31;28;10;22;20;15;10;8;9;9;9;11;9;9
1818.0;32;28;11;22;20;15;11;8;8;7;9;12;9;8
1824.0;33;28;11;22;21;15;11;8;7;7;8;11;9;9
1830.0;33;30;11;21;20;16;11;8;7;6;8;11;9;9
1836.0;32;30;11;20;20;16;14;7;6;8;9;11;9;7
1842.0;32;31;10;21;21;17;14;8;6;7;8;10;9;6
1848.0;32;31;9;22;21;18;13;9;7;7;8;9;8;6
1854.0;32;31;9;22;23;17;13;8;8;6;7;10;8;6
1860.0;32;31;9;22;24;16;13;7;7;5;7;10;10;7
1866.0;33;31;9;22;24;16;12;7;7;5;7;10;10;7
1872.0;34;30;9;22;24;16;11;7;8;5;7;10;10;7
1878.0;34;30;10;22;23;16;11;8;8;5;7;10;9;7
1884.0;34;30;10;22;23;16;11;9;9;5;7;9;9;6
1890.0;33;30;10;22;23;18;10;9;8;5;8;9;9;6
1896.0;34;30;10;22;23;18;9;9;7;7;8;8;9;6
1902.0;36;29;10;20;23;18;8;9;7;7;10;9;8;6
1908.0;36;29;10;20;23;17;9;9;6;7;9;9;9;7
1914.0;37;30;10;19;24;17;9;9;7;6;10;8;7;7
1920.0;37;29;9;19;25;18;10;9;6;6;10;8;7;7
1926.0;39;28;9;18;25;18;9;9;6;6;11;8;7;7
1932.0;38;27;9;18;25;17;9;11;6;6;11;8;8;7
1938.0;40;26;10;17;24;16;11;10;6;6;11;7;10;6
1944.0;40;24;12;18;23;15;8;10;8;5;12;8;10;7
1950.0;40;23;12;19;23;14;9;9;8;4;12;9;10;8
1956.0;40;23;13;18;23;15;10;8;8;4;12;9;10;7
1962.0;40;24;14;18;22;15;10;8;8;5;11;8;9;8
1968.0;40;24;14;18;23;14;10;7;9;5;12;8;9;7
1974.0;41;24;14;19;23;13;10;7;9;5;11;8;9;7
