#auto generated file!
12.0;50;50;37;42;43;55;43;30;33;47;48;44;38;40
18.0;51;51;38;41;44;53;44;31;32;45;50;44;39;37
24.0;55;52;42;38;44;51;44;30;32;48;48;43;35;38
30.0;55;53;44;40;45;52;43;34;33;46;41;40;36;38
36.0;54;54;44;41;46;52;43;34;35;46;42;40;35;34
42.0;54;58;43;41;47;49;45;33;37;46;40;38;35;34
48.0;55;58;45;42;50;48;44;33;37;42;40;35;35;36
54.0;58;59;48;42;52;48;43;31;37;38;41;36;32;35
60.0;62;58;54;43;51;49;40;31;35;38;41;32;33;33
66.0;61;58;55;45;50;50;41;34;31;35;40;30;35;35
72.0;62;62;57;44;52;48;39;34;31;33;38;29;34;37
78.0;61;63;56;47;52;49;41;37;30;28;38;29;31;38
84.0;61;63;58;46;53;52;39;36;29;26;37;28;35;37
90.0;61;62;61;47;52;54;37;36;28;25;37;28;35;37
96.0;62;64;62;46;52;55;38;33;26;25;33;29;36;39
102.0;63;65;66;48;52;56;35;31;26;24;33;30;32;39
108.0;63;65;65;49;50;57;35;31;27;24;31;28;34;41
114.0;64;66;65;49;51;57;34;28;27;25;30;29;34;41
120.0;66;67;68;48;52;55;34;29;25;26;28;28;33;41
126.0;64;67;70;49;52;55;35;28;28;28;28;27;30;39
132.0;64;67;68;46;52;56;34;32;29;28;28;27;31;38
138.0;64;68;68;50;51;55;30;30;26;29;28;26;34;41
144.0;66;68;70;51;52;55;29;30;23;30;29;25;32;40
150.0;68;68;69;52;51;58;31;31;22;31;24;27;30;38
156.0;68;70;71;52;50;60;30;29;22;29;26;26;30;37
162.0;69;73;72;52;51;62;29;27;21;25;27;27;30;35
168.0;70;71;73;53;50;62;30;26;23;23;25;27;30;37
174.0;71;69;73;57;50;62;30;26;24;22;27;26;28;35
180.0;72;69;72;56;48;64;28;26;25;22;28;27;28;35
186.0;73;70;70;56;49;65;27;25;25;23;28;28;28;33
192.0;72;71;70;58;50;64;29;25;26;22;26;27;28;32
198.0;75;72;72;55;51;66;29;27;25;22;26;23;26;31
204.0;75;72;73;55;53;64;28;26;24;21;26;23;28;32
210.0;76;72;74;55;52;64;27;26;22;23;26;24;27;32
216.0;79;72;75;55;54;63;26;24;20;23;25;22;27;35
222.0;81;72;76;54;55;64;25;24;21;22;24;23;26;33
228.0;84;70;77;53;55;66;24;23;21;22;24;22;27;32
234.0;85;73;76;53;55;69;22;23;20;23;23;19;27;32
240.0;86;73;74;52;56;69;20;23;22;24;23;20;27;31
246.0;86;73;76;52;55;70;19;22;23;24;24;19;27;30
252.0;86;74;75;52;54;70;19;23;24;25;23;19;27;29
258.0;86;74;76;55;54;70;19;22;22;24;24;19;27;28
264.0;87;74;76;56;55;68;19;22;22;24;24;19;26;28
270.0;86;73;77;57;53;65;22;21;24;25;24;19;27;27
276.0;85;74;76;57;53;65;23;22;24;23;25;19;26;28
282.0;88;77;74;57;52;61;22;24;22;21;25;23;25;29
288.0;86;78;71;60;52;61;21;25;23;18;30;23;22;30
294.0;86;78;71;59;54;62;21;28;22;20;29;20;20;30
300.0;87;79;69;59;53;62;21;29;22;20;29;20;21;29
306.0;85;79;68;59;56;60;21;31;19;21;29;22;21;29
312.0;84;79;69;59;57;60;19;29;21;20;30;21;23;29
318.0;84;80;68;61;57;60;19;28;21;19;30;21;24;28
324.0;83;81;68;60;55;60;22;28;20;22;25;21;24;31
330.0;84;81;67;59;55;61;21;28;21;22;26;22;23;30
336.0;83;82;65;58;56;61;22;27;22;21;28;23;21;31
342.0;84;84;65;59;56;60;20;26;22;21;26;25;22;30
348.0;84;83;65;59;56;60;18;29;23;21;25;25;21;31
354.0;83;82;63;60;55;63;17;29;23;22;25;27;21;30
360.0;84;82;64;61;54;64;16;30;22;20;26;26;21;30
366.0;84;81;66;61;54;63;17;28;24;20;27;26;20;29
372.0;85;81;65;62;54;59;16;29;25;20;26;29;20;29
378.0;86;82;64;59;55;57;16;32;27;20;23;31;19;29
384.0;86;82;65;57;54;58;17;30;28;24;21;29;21;28
390.0;88;83;63;56;54;55;16;31;30;25;22;27;21;29
396.0;85;82;60;57;57;55;19;31;30;24;21;32;20;27
402.0;84;82;59;59;56;54;19;32;30;24;19;32;23;27
408.0;84;83;58;58;56;55;18;32;30;27;19;33;22;25
414.0;84;84;59;57;57;56;19;31;29;25;17;33;24;25
420.0;84;83;59;55;58;56;18;32;29;24;17;34;24;27
426.0;86;84;58;55;58;56;19;32;30;25;14;33;23;27
432.0;90;83;59;54;60;55;19;32;30;25;12;32;22;27
438.0;91;82;59;54;59;56;16;32;30;25;12;32;25;27
444.0;89;82;60;53;59;59;17;31;29;26;14;32;24;25
450.0;90;84;57;53;61;58;18;31;29;26;16;30;23;24
456.0;93;81;56;52;60;60;18;32;28;27;16;30;24;23
462.0;93;84;60;52;58;59;18;34;28;25;14;30;19;26
468.0;93;83;61;52;58;58;17;35;28;25;14;31;18;27
474.0;94;86;60;49;56;57;16;35;28;27;16;31;17;28
480.0;93;84;61;49;54;59;18;35;29;27;14;33;18;26
486.0;92;85;60;48;54;59;19;34;29;27;14;34;19;26
492.0;92;84;59;50;55;56;21;33;29;29;14;32;20;26
498.0;93;82;59;51;58;59;22;30;29;28;13;32;20;24
504.0;93;81;60;50;57;58;23;30;31;27;14;34;20;22
510.0;93;83;58;51;58;58;24;29;31;28;15;32;18;22
516.0;93;81;61;50;58;57;25;28;29;28;16;32;20;22
522.0;90;83;59;50;59;57;24;27;30;28;18;33;21;21
528.0;91;84;59;49;60;55;26;27;29;27;18;32;22;21
534.0;90;83;59;50;59;55;25;28;30;27;18;32;22;22
540.0;89;82;60;52;59;55;24;28;29;26;16;35;20;25
546.0;88;83;63;55;58;50;25;28;28;25;18;34;20;25
552.0;86;82;65;53;58;50;24;32;27;26;17;37;20;23
558.0;87;82;64;55;61;50;22;32;25;23;17;37;21;24
564.0;87;82;64;56;59;53;24;32;22;22;20;35;20;24
570.0;87;82;64;57;59;53;25;32;22;20;21;34;21;23
576.0;88;82;64;55;59;56;26;30;24;21;21;33;22;19
582.0;90;83;65;57;58;56;26;29;24;21;19;33;22;17
588.0;89;83;65;57;60;57;26;29;25;22;18;30;23;16
594.0;89;84;65;55;62;58;27;29;24;22;18;28;23;16
600.0;85;86;65;58;66;60;27;29;23;21;18;23;23;16
606.0;86;87;66;60;64;59;30;29;23;19;15;23;22;17
612.0;86;86;65;62;64;60;29;30;20;20;14;27;20;17
618.0;86;83;66;61;64;60;30;30;21;19;15;27;21;17
624.0;86;83;67;59;64;60;29;27;22;20;17;28;21;17
630.0;87;82;66;58;65;58;29;28;22;21;17;26;22;19
636.0;87;82;66;56;67;58;29;28;22;23;18;23;23;18
642.0;89;82;68;55;64;56;31;28;25;20;17;25;22;18
648.0;89;81;67;54;62;56;31;27;26;21;18;26;23;19
654.0;89;81;69;54;61;57;30;27;23;23;18;27;22;19
660.0;89;82;68;53;62;57;31;27;22;22;18;26;23;20
666.0;89;82;68;53;63;56;33;26;22;22;18;25;24;19
672.0;90;83;70;54;62;57;33;26;20;19;19;26;21;20
678.0;93;83;71;52;61;57;32;24;22;20;19;23;22;21
684.0;95;84;72;52;61;57;30;24;22;18;17;23;24;21
690.0;96;84;70;52;60;59;32;23;22;17;16;24;24;21
696.0;95;85;71;52;62;58;32;22;22;16;19;21;24;21
702.0;96;85;72;53;60;56;31;23;23;16;18;22;24;21
708.0;95;88;73;55;59;53;31;25;22;17;16;23;22;21
714.0;95;87;72;56;56;52;34;25;22;18;16;23;22;22
720.0;96;89;69;57;57;52;33;21;23;19;17;23;22;22
726.0;94;91;68;57;57;51;32;21;26;18;17;25;22;21
732.0;92;93;67;58;56;51;31;18;26;19;18;25;24;22
738.0;91;95;71;57;58;49;31;18;24;19;16;24;24;23
744.0;91;94;71;57;57;48;31;19;25;18;16;26;24;23
750.0;91;94;71;56;59;47;29;19;26;21;16;22;26;23
756.0;95;95;70;56;57;46;26;18;26;21;17;25;25;23
762.0;96;92;69;55;55;46;29;19;28;24;16;27;25;19
768.0;95;91;69;56;58;46;30;20;26;23;16;26;26;18
774.0;96;90;68;56;59;46;29;18;28;22;15;26;28;19
780.0;94;91;66;58;59;46;29;16;27;22;15;27;28;22
786.0;92;93;64;59;59;46;29;16;26;21;19;27;26;23
792.0;89;94;68;61;60;44;27;17;25;21;19;28;22;25
798.0;87;93;68;61;58;43;27;20;26;23;20;30;20;24
804.0;86;92;68;62;56;45;27;20;28;21;20;29;22;24
810.0;86;92;67;63;56;44;27;19;30;22;18;28;22;26
816.0;87;92;67;64;57;45;26;20;28;21;19;24;22;28
822.0;89;93;66;64;57;47;26;21;27;18;18;26;19;29
828.0;90;94;66;63;57;45;25;22;26;20;18;27;20;27
834.0;86;96;67;63;59;44;25;21;26;20;18;28;21;26
840.0;86;95;61;61;60;46;25;22;31;19;18;29;23;24
846.0;86;96;61;60;60;47;26;22;29;20;18;28;23;24
852.0;86;97;62;62;57;46;26;19;29;19;19;29;23;26
858.0;85;95;65;64;59;46;25;18;30;19;18;28;21;27
864.0;86;95;65;63;59;46;24;21;29;20;17;29;21;25
870.0;88;94;66;64;57;47;22;24;26;22;17;29;20;24
876.0;89;96;66;64;57;47;20;24;26;22;17;28;19;25
882.0;90;95;65;62;58;46;19;25;26;24;17;30;18;25
888.0;92;94;66;60;60;46;20;24;24;27;17;28;19;23
894.0;92;94;66;58;61;46;20;25;23;27;16;28;20;24
900.0;91;95;66;55;63;45;20;27;23;23;16;30;22;24
906.0;91;94;67;56;61;46;21;27;24;23;15;30;21;24
912.0;92;94;68;56;62;45;20;25;23;26;17;28;20;24
918.0;90;94;70;57;60;45;21;26;23;25;17;30;20;22
924.0;91;93;69;56;60;45;21;27;23;28;17;29;20;21
930.0;92;93;68;60;59;45;20;26;23;29;14;29;21;21
936.0;95;91;66;60;59;45;20;25;22;31;15;28;22;21
942.0;96;87;67;64;58;46;20;26;23;29;12;30;21;21
948.0;96;89;65;65;57;47;21;24;24;29;11;29;21;22
954.0;96;89;65;64;56;47;22;24;24;26;13;30;23;21
960.0;94;88;66;63;57;47;23;25;23;24;13;31;24;22
966.0;94;88;67;62;58;47;25;27;22;19;12;31;27;21
972.0;94;88;67;61;57;49;23;26;21;18;14;32;28;22
978.0;94;89;67;57;56;49;22;25;20;22;15;32;25;27
984.0;94;89;64;57;57;49;23;26;19;22;15;29;27;29
990.0;97;90;65;55;57;46;23;26;20;21;16;28;26;30
996.0;97;91;66;54;58;43;24;27;19;21;16;28;26;30
1002.0;96;89;66;53;60;41;24;29;22;22;17;26;28;27
1008.0;96;89;66;53;60;41;25;28;22;25;19;24;27;25
1014.0;96;90;71;56;59;42;25;24;23;26;19;20;26;23
1020.0;97;91;70;55;61;41;24;26;21;22;21;18;28;25
1026.0;96;91;73;57;59;41;22;24;22;21;20;20;28;26
1032.0;97;93;74;56;60;41;22;23;25;19;17;20;25;28
1038.0;96;92;76;56;61;43;23;22;23;18;18;20;24;28
1044.0;94;92;76;55;62;43;24;21;24;19;18;20;24;28
1050.0;90;93;78;53;63;41;26;22;23;21;16;20;23;31
1056.0;91;90;82;55;62;42;28;21;24;20;15;21;20;29
1062.0;91;88;82;55;62;45;27;22;26;21;16;20;17;28
1068.0;90;90;80;55;64;48;28;18;25;20;16;21;18;27
1074.0;92;88;81;56;65;48;28;17;25;20;17;21;18;24
1080.0;90;88;79;57;66;51;29;16;26;19;16;21;18;24
1086.0;91;88;77;56;68;50;29;15;27;19;19;18;18;25
1092.0;91;90;77;57;68;50;28;16;27;19;19;19;16;23
1098.0;94;92;79;55;66;51;26;16;26;21;17;20;15;22
1104.0;95;92;78;56;64;52;26;16;27;21;15;20;14;24
1110.0;96;95;77;56;63;52;25;16;27;22;14;21;12;24
1116.0;97;93;78;54;64;53;22;16;27;23;13;21;13;26
1122.0;100;92;76;54;67;53;22;16;26;21;12;21;12;28
1128.0;100;92;78;53;65;53;23;16;26;21;14;20;11;28
1134.0;98;92;78;52;65;55;22;16;26;22;14;22;12;26
1140.0;97;95;78;52;64;54;21;14;26;25;15;22;11;26
1146.0;94;95;76;53;65;57;20;14;26;25;15;22;12;26
1152.0;95;95;73;51;67;58;21;15;26;23;15;21;12;28
1158.0;97;96;74;50;66;58;22;14;25;22;15;23;14;24
1164.0;93;99;73;53;64;56;24;13;28;23;15;22;15;22
1170.0;96;98;74;53;61;55;24;14;29;21;15;22;17;21
1176.0;95;102;76;51;59;57;24;12;28;21;16;21;19;19
1182.0;96;100;75;51;58;55;21;15;29;23;17;22;20;18
1188.0;98;99;77;50;57;53;22;15;30;24;15;23;23;14
1194.0;98;97;78;51;56;54;22;19;28;22;15;23;23;14
1200.0;101;95;77;49;57;54;22;19;28;20;15;26;23;14
1206.0;98;93;76;51;59;53;21;20;28;23;16;26;23;13
1212.0;99;96;74;53;57;53;24;21;26;24;16;25;21;11
1218.0;99;99;71;53;59;53;23;19;24;25;16;25;22;12
1224.0;101;97;71;53;59;51;23;20;24;25;19;23;22;12
1230.0;100;98;69;52;56;49;24;20;26;30;18;22;23;13
1236.0;101;97;67;51;57;51;25;20;27;28;18;22;23;13
1242.0;101;97;66;50;55;51;26;19;28;28;19;24;23;13
1248.0;100;95;63;50;57;51;26;20;28;26;21;26;22;15
1254.0;99;96;62;49;56;51;27;23;29;24;22;27;22;13
1260.0;98;95;64;49;56;53;28;23;27;24;24;25;22;12
1266.0;99;97;64;49;53;54;30;23;25;25;23;24;21;13
1272.0;97;98;61;49;54;55;31;24;23;24;23;25;23;13
1278.0;95;98;60;48;55;55;30;27;22;25;23;25;24;13
1284.0;94;97;57;49;55;56;27;29;22;24;24;27;25;14
1290.0;93;98;57;49;57;56;24;29;22;22;27;27;25;14
1296.0;95;99;58;52;56;56;24;30;21;21;23;29;21;15
1302.0;93;100;58;51;56;55;23;30;23;21;22;29;23;16
1308.0;93;95;59;51;56;56;26;29;24;19;23;30;22;17
1314.0;94;94;58;51;56;55;24;32;24;19;23;31;21;18
1320.0;92;99;59;47;56;59;23;30;24;19;22;31;20;19
1326.0;89;99;60;47;57;59;23;30;24;21;21;30;19;21
1332.0;91;103;59;47;56;60;21;31;23;22;21;28;18;20
1338.0;89;104;59;48;58;57;21;30;24;19;22;29;20;20
1344.0;90;105;58;49;57;55;21;31;24;20;21;27;22;20
1350.0;90;104;57;49;58;57;22;31;23;21;24;29;17;18
1356.0;88;103;56;47;58;57;22;31;28;21;23;28;19;19
1362.0;90;103;54;46;58;58;25;32;27;19;24;28;17;19
1368.0;91;102;55;46;58;57;25;31;26;24;22;29;15;19
1374.0;90;104;56;46;56;56;26;31;27;22;20;33;13;20
1380.0;87;106;56;48;56;57;26;30;25;23;20;32;13;21
1386.0;87;104;58;48;57;58;27;28;23;21;22;32;15;20
1392.0;86;102;58;48;59;59;26;29;22;24;22;29;15;21
1398.0;87;103;59;47;59;59;26;28;21;25;22;29;14;21
1404.0;88;103;59;46;60;60;27;26;21;23;22;30;14;21
1410.0;91;102;59;45;59;63;27;23;23;22;20;32;14;20
1416.0;91;103;59;43;56;67;26;23;25;19;19;32;16;21
1422.0;90;101;58;44;55;65;27;24;26;20;20;31;18;21
1428.0;90;97;58;44;54;66;27;25;26;21;22;32;18;20
1434.0;90;97;57;47;50;66;27;25;27;23;22;31;19;19
1440.0;90;96;57;48;50;67;27;25;26;24;20;30;22;18
1446.0;89;95;58;48;49;68;28;25;26;22;22;31;20;19
1452.0;90;94;59;49;49;69;26;25;29;21;21;31;17;20
1458.0;89;96;60;48;49;68;26;26;29;21;23;31;15;19
1464.0;89;97;57;47;47;69;25;26;31;21;25;29;17;20
1470.0;88;96;60;47;46;67;24;25;32;21;27;28;18;21
1476.0;86;97;61;46;44;66;26;24;33;21;28;30;17;21
1482.0;88;94;61;47;44;64;27;24;33;21;29;30;18;20
1488.0;88;94;61;50;49;63;28;24;30;20;28;30;17;18
1494.0;88;93;61;52;48;62;29;23;29;20;28;31;17;19
1500.0;86;92;61;53;47;61;27;22;34;21;29;32;18;17
1506.0;88;91;64;54;49;61;25;21;33;23;27;32;15;17
1512.0;89;91;63;55;53;61;25;19;31;23;26;32;15;17
1518.0;90;91;63;54;52;62;26;18;31;22;27;30;16;18
1524.0;91;91;64;53;51;63;23;19;32;20;26;30;16;21
1530.0;90;90;64;54;53;65;23;19;32;19;26;29;14;22
1536.0;88;89;63;55;51;64;21;19;33;21;27;31;16;22
1542.0;84;91;64;54;51;64;22;22;31;20;28;30;16;23
1548.0;84;89;64;53;55;62;20;22;30;20;31;30;15;25
1554.0;84;90;67;51;54;62;21;22;30;19;32;31;14;23
1560.0;88;93;65;49;52;61;23;21;31;19;32;28;14;24
1566.0;87;94;64;50;52;61;22;21;30;20;33;30;13;23
1572.0;89;97;64;51;52;58;22;21;29;21;31;30;11;24
1578.0;88;98;63;51;55;57;22;22;27;23;30;30;10;24
1584.0;89;98;63;50;53;57;20;22;27;25;31;29;10;26
1590.0;91;98;63;51;53;56;20;22;27;22;31;29;10;27
1596.0;92;97;63;51;53;56;20;21;28;22;31;30;10;26
1602.0;93;98;64;48;53;55;20;21;29;25;32;26;10;26
1608.0;87;100;66;46;52;53;20;23;27;29;30;27;11;29
1614.0;86;102;65;48;51;54;21;23;26;28;30;26;11;29
1620.0;89;104;64;47;50;56;18;22;26;27;31;26;11;29
1626.0;88;104;60;48;52;54;19;24;26;28;29;28;13;27
1632.0;91;104;58;46;53;56;22;25;24;25;25;29;13;29
1638.0;89;104;59;46;53;56;24;25;24;28;24;27;13;28
1644.0;87;104;59;49;53;58;22;22;25;28;25;28;13;27
1650.0;86;102;60;48;53;60;24;24;22;27;25;28;13;28
1656.0;87;101;59;49;52;61;22;23;25;28;24;28;13;28
1662.0;90;100;59;47;51;61;22;26;22;27;24;27;14;30
1668.0;88;100;56;49;50;60;25;26;22;28;23;26;18;29
1674.0;87;97;57;50;53;61;22;26;21;26;22;28;20;30
1680.0;85;100;56;52;53;62;21;26;20;23;23;29;18;32
1686.0;85;99;57;54;54;64;19;27;21;22;24;26;17;31
1692.0;82;99;59;52;54;62;19;27;22;20;24;30;16;34
1698.0;86;100;58;51;53;62;22;27;24;21;21;30;15;30
1704.0;87;98;59;51;54;61;21;27;24;21;21;32;17;27
1710.0;86;103;59;51;54;61;21;26;23;23;17;33;16;27
1716.0;84;98;58;50;55;62;24;26;24;24;18;32;18;27
1722.0;82;97;56;49;56;60;25;26;25;23;18;33;19;31
1728.0;82;97;58;48;54;61;25;24;25;23;18;34;21;30
1734.0;82;97;58;48;54;64;25;24;23;22;18;34;21;30
1740.0;81;99;59;48;54;64;22;25;22;19;18;35;21;33
1746.0;82;100;61;49;53;65;18;25;22;19;20;33;22;31
1752.0;82;101;62;49;53;64;16;25;22;20;20;33;24;29
1758.0;82;102;63;50;52;64;17;24;19;22;19;33;26;27
1764.0;82;104;61;51;52;62;15;22;18;21;20;36;26;30
1770.0;79;107;62;52;55;60;16;22;18;19;21;36;28;25
1776.0;81;107;62;51;55;59;14;24;19;19;22;38;26;23
1782.0;79;110;65;50;54;58;16;25;18;20;20;36;25;24
1788.0;79;108;66;51;54;57;16;25;20;19;21;36;24;24
1794.0;80;107;64;51;53;57;19;25;20;20;23;35;22;24
1800.0;79;106;65;52;53;58;20;23;20;19;25;33;22;25
1806.0;80;108;64;53;52;60;19;22;23;18;22;34;22;23
1812.0;79;108;63;54;55;58;21;24;23;19;18;33;24;21
1818.0;78;108;62;56;52;56;22;26;23;19;18;32;25;23
1824.0;77;108;61;55;51;57;22;28;23;19;17;34;25;23
1830.0;79;108;59;56;51;57;23;28;22;20;16;33;25;23
1836.0;79;107;60;56;50;56;24;27;19;21;16;33;28;24
1842.0;79;107;62;60;49;54;24;27;19;21;16;32;29;21
1848.0;78;103;62;59;50;54;25;29;21;20;17;34;29;19
1854.0;79;102;61;59;51;55;26;26;22;19;17;33;31;19
1860.0;78;105;61;60;50;56;25;28;20;17;17;33;31;19
1866.0;78;104;61;57;52;55;27;27;19;17;16;36;32;19
1872.0;77;105;62;59;52;55;27;24;19;16;15;37;32;20
1878.0;78;104;63;58;51;57;27;24;19;16;15;38;29;21
1884.0;78;104;63;59;50;57;27;22;20;16;18;38;27;21
1890.0;78;104;61;59;51;56;28;22;24;15;19;35;25;23
1896.0;80;104;59;61;51;55;27;21;23;14;19;38;25;23
1902.0;81;105;58;61;50;54;27;24;23;16;19;35;25;22
1908.0;83;107;58;58;49;52;29;23;24;17;21;33;25;21
1914.0;85;107;57;58;49;53;28;23;23;17;21;35;25;19
1920.0;87;108;57;58;49;53;28;23;22;17;20;33;27;18
1926.0;87;107;58;57;50;53;27;23;22;18;21;31;27;19
1932.0;88;105;59;57;50;52;27;21;23;18;21;34;25;20
1938.0;91;102;60;56;49;52;27;21;21;17;24;35;23;22
1944.0;89;104;65;56;50;53;27;20;21;15;23;35;21;21
1950.0;91;104;63;55;50;55;27;21;21;16;23;33;21;20
1956.0;93;106;64;55;50;56;26;20;20;15;24;33;18;20
1962.0;92;109;62;55;51;55;26;17;21;19;26;29;20;18
1968.0;92;108;61;54;53;56;26;19;23;17;23;28;22;18
1974.0;90;107;59;52;51;56;26;20;23;17;24;30;24;21
