#auto generated file!
12.0;98;114;97;118;78;90;100;116;91;100;103;104;104;87
18.0;103;115;100;120;77;93;98;109;96;102;105;99;97;86
24.0;109;117;102;119;78;95;96;104;98;101;104;96;96;85
30.0;112;120;105;118;77;95;93;104;98;100;101;92;102;83
36.0;115;120;109;121;77;98;95;104;96;98;94;90;100;83
42.0;114;124;109;123;82;100;96;99;89;94;94;94;100;82
48.0;117;129;106;125;82;100;92;98;90;96;97;92;96;80
54.0;117;130;105;125;86;102;93;96;88;94;98;92;95;79
60.0;118;131;103;127;91;104;91;98;83;93;96;93;94;78
66.0;119;131;106;124;92;106;92;99;81;90;93;95;94;78
72.0;121;131;105;126;95;106;91;95;81;89;90;98;93;79
78.0;127;135;107;129;99;102;90;88;80;89;89;91;95;79
84.0;131;137;108;133;98;102;87;85;81;90;83;91;94;80
90.0;136;139;109;136;101;100;86;86;80;87;80;87;98;75
96.0;138;141;110;137;101;100;84;85;78;89;80;86;97;74
102.0;138;143;110;139;100;98;85;82;76;89;79;89;98;74
108.0;139;145;116;135;100;103;89;80;74;91;69;91;95;73
114.0;140;147;115;134;102;104;87;74;73;95;72;93;93;71
120.0;143;147;121;134;101;100;86;72;68;96;76;95;93;68
126.0;146;151;122;137;104;98;86;76;64;90;78;92;90;66
132.0;145;150;124;136;103;95;85;78;70;91;80;91;88;64
138.0;148;154;125;138;107;94;79;78;68;90;78;90;88;63
144.0;149;152;133;138;108;96;74;76;69;89;78;88;88;62
150.0;155;152;133;141;109;94;72;73;70;89;80;86;88;58
156.0;158;156;134;136;108;96;72;70;72;89;78;85;89;57
162.0;160;157;132;140;108;98;71;62;75;90;77;82;90;58
168.0;163;158;131;138;108;99;73;64;75;91;74;78;92;56
174.0;170;158;131;140;109;99;70;63;73;94;70;78;88;57
180.0;167;161;137;142;107;101;66;65;71;93;67;75;91;57
186.0;170;163;138;137;107;102;63;68;72;89;71;72;90;58
192.0;170;168;138;143;113;103;62;66;67;85;69;69;88;59
198.0;171;168;139;144;115;107;63;67;63;82;70;64;90;57
204.0;173;173;140;142;116;109;62;64;64;78;69;66;87;57
210.0;173;177;140;142;118;113;60;66;61;75;65;69;87;54
216.0;179;174;141;146;116;116;61;66;61;75;60;69;84;52
222.0;181;176;144;147;117;115;63;62;59;80;58;67;80;51
228.0;182;174;144;146;119;120;60;56;60;79;60;71;80;49
234.0;187;177;141;147;118;123;57;52;58;82;60;69;78;51
240.0;190;176;138;145;118;124;58;53;59;82;62;67;78;50
246.0;190;175;137;143;120;127;60;55;56;81;59;69;78;50
252.0;195;175;140;143;123;127;58;55;56;75;61;69;73;50
258.0;198;175;144;143;127;127;60;55;54;70;60;68;72;47
264.0;198;177;143;143;129;128;60;52;55;74;57;67;70;47
270.0;195;181;147;140;134;126;57;52;56;70;57;67;72;46
276.0;195;183;144;136;133;127;57;50;56;69;59;66;77;48
282.0;198;182;142;138;132;130;51;50;58;68;61;65;75;50
288.0;199;182;141;139;137;131;52;47;62;67;56;61;76;50
294.0;199;185;142;139;136;131;52;49;54;67;60;59;78;49
300.0;198;186;146;135;133;134;55;48;52;69;61;56;76;51
306.0;198;182;144;139;137;139;57;49;51;67;63;52;71;51
312.0;200;182;142;140;138;142;53;47;51;71;61;54;69;50
318.0;202;184;140;140;139;142;56;47;54;65;62;55;68;46
324.0;201;185;139;141;139;144;58;48;56;64;60;53;67;45
330.0;201;184;139;141;137;142;57;48;60;65;58;53;68;47
336.0;202;180;140;143;137;139;58;48;62;65;61;50;68;47
342.0;202;180;144;146;136;138;57;44;59;64;62;49;70;49
348.0;199;182;146;141;137;135;56;45;58;63;65;51;71;51
354.0;198;184;148;145;134;135;54;48;59;61;65;48;72;49
360.0;201;185;146;144;134;135;53;55;52;61;66;47;72;49
366.0;201;187;143;143;139;133;53;56;54;62;64;44;71;50
372.0;202;189;138;145;147;133;49;58;57;60;60;41;73;48
378.0;204;192;136;145;145;134;52;59;54;60;59;42;70;48
384.0;208;197;136;142;144;132;53;56;52;61;59;43;65;52
390.0;208;200;135;142;142;135;54;56;52;62;60;38;63;53
396.0;208;203;136;144;143;135;54;54;51;58;61;37;63;53
402.0;208;204;140;148;145;131;55;54;52;56;60;36;61;50
408.0;210;206;139;149;144;132;50;56;52;55;58;38;63;48
414.0;207;211;138;152;144;135;52;57;54;50;54;38;60;48
420.0;204;210;142;154;142;134;51;53;54;51;56;40;58;51
426.0;202;210;143;151;138;134;52;53;55;54;56;42;57;53
432.0;203;210;139;149;139;130;53;55;58;54;57;43;56;54
438.0;204;213;137;151;135;131;52;52;60;57;56;44;57;51
444.0;200;215;137;149;137;134;55;46;59;54;54;49;59;52
450.0;196;215;141;147;141;136;54;46;59;54;54;51;54;52
456.0;197;214;141;148;138;136;53;48;60;56;54;48;58;49
462.0;199;217;140;146;136;134;54;49;59;54;56;51;56;49
468.0;200;212;140;146;135;135;54;49;57;57;56;55;57;47
474.0;205;211;141;144;136;135;51;49;57;56;58;54;55;48
480.0;201;208;138;146;136;138;51;50;57;57;60;55;53;50
486.0;200;210;137;146;133;137;55;51;56;60;61;53;52;49
492.0;200;208;138;146;132;136;56;50;56;59;59;55;54;51
498.0;198;207;137;147;131;138;56;52;56;58;58;55;56;51
504.0;202;211;140;144;128;136;54;51;56;55;60;55;59;49
510.0;201;213;141;143;125;137;55;52;56;54;60;56;57;50
516.0;203;216;139;146;124;140;50;52;54;51;60;59;58;48
522.0;205;216;138;141;123;142;51;52;55;49;59;61;59;49
528.0;207;218;138;138;120;141;47;51;60;50;59;62;59;50
534.0;206;216;138;136;124;137;47;51;64;49;60;61;66;45
540.0;209;217;138;135;120;139;53;49;67;47;57;61;63;45
546.0;204;218;138;139;121;137;53;48;69;46;60;62;63;42
552.0;204;219;132;142;121;136;53;45;66;50;59;63;65;45
558.0;203;221;134;139;125;135;51;45;62;51;57;64;61;52
564.0;202;225;132;142;127;135;49;43;59;52;59;63;59;53
570.0;206;220;131;143;130;134;51;39;60;51;59;65;56;55
576.0;206;220;128;144;130;133;51;41;61;50;61;65;55;55
582.0;205;219;130;143;131;133;51;41;62;51;65;62;55;52
588.0;206;220;124;144;131;130;52;44;62;46;66;61;57;57
594.0;204;220;126;142;132;130;52;45;66;46;65;58;56;58
600.0;201;223;125;145;132;133;55;42;64;48;62;59;53;58
606.0;201;224;127;146;133;133;55;41;62;50;59;61;53;55
612.0;198;225;128;145;134;133;52;42;62;53;60;57;53;58
618.0;201;226;129;144;137;132;51;43;62;51;59;54;50;61
624.0;202;223;130;145;136;130;53;42;67;49;60;55;50;58
630.0;200;224;132;150;138;133;53;39;67;48;56;55;47;58
636.0;199;227;133;148;138;135;55;39;67;48;60;52;44;55
642.0;203;228;134;146;137;138;55;38;65;51;60;51;42;52
648.0;202;226;135;147;135;135;58;39;61;52;61;50;46;53
654.0;202;226;134;147;135;133;57;37;59;54;61;51;49;55
660.0;200;228;132;147;135;133;54;36;61;54;58;53;51;58
666.0;200;229;131;147;130;134;54;36;64;52;60;53;51;59
672.0;201;227;133;149;131;132;51;38;68;51;59;51;53;56
678.0;202;229;131;148;128;133;49;37;69;49;61;53;54;57
684.0;203;227;128;147;130;131;51;39;67;50;60;53;54;60
690.0;204;221;130;142;133;133;51;42;60;56;58;57;53;60
696.0;203;223;132;141;132;137;48;41;57;58;58;55;57;58
702.0;205;222;135;139;131;138;49;40;58;55;53;59;56;60
708.0;208;225;138;136;130;140;45;40;57;51;55;57;59;59
714.0;208;228;138;134;125;139;45;42;57;52;59;57;58;58
720.0;209;226;139;135;124;139;45;43;55;52;62;55;58;58
726.0;211;229;140;134;122;137;45;41;54;53;62;50;58;64
732.0;210;229;141;137;128;137;47;37;58;52;60;48;52;64
738.0;211;227;141;138;129;137;47;38;57;53;61;45;54;62
744.0;213;227;136;138;129;138;48;38;58;57;59;47;52;60
750.0;214;223;135;136;128;138;49;38;64;56;60;48;51;60
756.0;208;225;139;133;125;139;48;37;64;59;63;47;52;61
762.0;209;225;139;132;124;140;49;39;59;58;62;49;50;65
768.0;211;225;139;133;123;139;49;42;58;61;60;48;50;62
774.0;215;227;138;133;125;134;48;37;61;61;60;48;51;62
780.0;211;231;136;132;128;134;46;37;65;59;56;48;53;64
786.0;211;232;135;137;129;136;46;35;63;58;55;51;51;61
792.0;211;232;133;136;128;136;45;38;61;58;56;50;54;62
798.0;210;229;132;134;128;138;45;37;63;59;58;48;57;62
804.0;217;232;132;133;127;137;44;37;63;56;56;49;57;60
810.0;218;234;131;136;126;135;43;37;65;52;56;52;58;57
816.0;219;233;132;139;124;137;45;38;61;52;58;51;58;53
822.0;222;233;131;135;124;137;46;40;61;53;57;53;54;54
828.0;224;236;131;134;122;139;47;37;62;52;57;55;52;52
834.0;223;234;128;135;124;138;49;38;61;50;55;58;52;55
840.0;219;236;127;134;126;137;50;38;56;49;53;64;50;61
846.0;220;237;132;132;129;135;47;41;56;51;57;60;49;54
852.0;221;240;131;133;132;135;48;40;54;45;51;62;52;56
858.0;220;243;131;132;129;132;53;37;55;44;52;63;53;56
864.0;215;239;129;131;129;132;61;41;57;44;51;61;55;55
870.0;216;240;128;132;128;127;59;44;63;43;50;62;51;57
876.0;213;240;129;126;127;129;60;49;65;41;47;60;54;60
882.0;216;237;130;126;130;129;59;51;67;40;46;63;52;54
888.0;218;233;128;124;131;132;61;54;68;39;42;62;53;55
894.0;217;229;128;127;131;134;62;54;66;37;43;60;55;57
900.0;217;226;131;129;132;138;54;52;65;39;44;54;58;61
906.0;217;226;130;135;128;132;54;51;67;41;44;56;59;60
912.0;223;225;130;129;126;134;53;49;70;41;44;55;59;62
918.0;223;225;132;133;124;133;54;50;69;42;42;53;59;61
924.0;225;223;130;134;127;136;51;51;70;43;40;52;57;61
930.0;228;224;130;136;123;132;54;50;70;41;39;55;58;60
936.0;227;226;128;139;122;130;51;51;69;44;42;52;57;62
942.0;228;227;125;139;123;128;51;55;74;44;43;54;55;54
948.0;226;226;127;139;125;126;48;57;73;46;42;55;57;53
954.0;226;221;130;140;127;128;50;53;68;50;47;54;55;51
960.0;223;220;129;140;125;128;49;55;68;51;48;56;54;54
966.0;223;218;128;146;126;128;49;55;71;46;46;55;55;54
972.0;222;221;127;146;125;131;48;59;71;45;47;53;52;53
978.0;223;220;126;151;123;130;47;58;71;50;49;56;47;49
984.0;220;218;124;151;120;133;51;61;70;56;48;50;48;50
990.0;221;219;125;148;123;133;51;61;71;55;46;49;48;50
996.0;218;221;125;147;122;133;52;62;71;56;48;50;45;50
1002.0;218;223;127;148;120;133;51;60;69;54;45;53;48;51
1008.0;218;223;128;150;121;133;52;60;71;53;41;52;47;51
1014.0;219;223;127;149;121;131;50;62;71;56;39;51;48;53
1020.0;222;222;127;152;120;137;47;61;64;53;41;50;49;55
1026.0;222;222;126;153;125;136;47;58;61;54;41;52;51;52
1032.0;222;222;125;153;130;135;52;56;60;55;41;48;50;51
1038.0;226;221;129;153;131;133;51;58;57;56;38;47;51;49
1044.0;227;221;129;153;129;134;50;58;55;60;37;46;50;51
1050.0;229;220;127;155;126;134;49;56;51;60;38;47;54;54
1056.0;234;220;127;154;124;137;48;55;50;62;38;46;52;53
1062.0;232;223;128;151;126;137;50;58;47;64;38;46;48;52
1068.0;233;219;132;146;125;137;47;61;47;66;41;46;51;49
1074.0;232;215;128;145;126;139;50;64;47;65;40;49;51;49
1080.0;228;214;125;143;125;140;48;68;48;63;42;51;59;46
1086.0;227;217;125;145;126;138;44;65;45;61;44;56;61;46
1092.0;230;217;121;140;130;134;43;67;47;60;47;54;63;47
1098.0;228;217;122;142;129;133;45;68;45;57;47;57;60;50
1104.0;226;217;125;142;133;131;49;64;45;55;46;56;60;51
1110.0;228;218;121;142;133;132;51;60;45;56;46;58;60;50
1116.0;229;215;123;146;132;130;51;61;40;59;48;54;60;52
1122.0;226;214;120;150;135;127;51;63;45;63;46;50;63;47
1128.0;224;213;123;151;136;127;50;59;47;62;47;52;63;46
1134.0;225;211;123;153;136;130;49;61;51;57;47;51;61;45
1140.0;216;207;125;155;133;133;48;65;53;58;47;49;63;48
1146.0;217;207;127;156;133;136;49;64;52;54;49;49;60;47
1152.0;220;204;121;161;131;135;48;66;53;58;52;45;60;46
1158.0;220;204;123;157;132;140;45;66;55;59;55;45;57;42
1164.0;219;208;121;156;132;139;46;69;54;58;53;44;56;45
1170.0;220;211;118;156;129;138;49;66;50;60;54;46;56;47
1176.0;220;212;118;158;125;137;53;67;49;56;55;46;56;48
1182.0;217;217;116;156;122;136;56;69;51;54;55;47;56;48
1188.0;216;215;118;158;121;133;55;71;51;56;51;47;61;47
1194.0;218;214;119;160;121;133;54;68;52;55;48;49;62;47
1200.0;221;214;118;157;119;132;56;64;56;52;50;52;63;46
1206.0;219;214;118;157;117;134;55;66;58;51;51;52;61;47
1212.0;222;214;119;161;117;133;52;66;56;49;53;48;59;51
1218.0;221;216;118;158;115;132;52;68;57;51;52;47;59;54
1224.0;222;216;118;155;118;127;50;69;56;50;56;51;58;54
1230.0;223;218;118;155;118;127;50;66;58;49;53;53;58;54
1236.0;226;220;115;151;119;130;52;64;63;48;52;52;55;53
1242.0;224;222;122;147;120;131;58;61;60;45;49;55;51;55
1248.0;225;220;123;146;121;129;56;60;58;46;53;54;53;56
1254.0;228;221;123;143;121;127;55;61;53;47;58;55;52;56
1260.0;225;216;123;145;124;130;54;59;57;46;58;54;53;56
1266.0;228;219;126;141;121;131;50;58;58;48;55;55;53;57
1272.0;230;216;123;141;119;132;51;57;56;50;56;54;57;58
1278.0;230;219;122;142;119;133;52;55;58;47;54;56;56;57
1284.0;225;219;128;144;119;133;50;54;56;52;53;56;55;56
1290.0;221;219;127;147;120;136;50;58;54;53;52;51;56;56
1296.0;219;219;128;146;118;134;51;63;53;53;49;52;57;58
1302.0;220;219;130;141;118;136;54;61;52;53;47;56;57;56
1308.0;221;219;130;144;120;134;58;63;52;53;44;52;52;58
1314.0;216;220;129;144;121;136;57;66;52;52;43;54;54;56
1320.0;219;220;127;144;120;137;57;65;54;51;43;53;57;53
1326.0;221;222;130;145;119;133;55;64;55;52;44;50;58;52
1332.0;220;224;131;144;115;132;57;63;57;51;44;52;57;53
1338.0;218;221;134;141;115;129;58;68;55;53;47;51;58;52
1344.0;222;222;136;141;116;127;57;67;53;55;48;51;55;50
1350.0;222;227;134;140;114;123;56;65;54;57;47;53;57;51
1356.0;223;228;134;140;113;124;57;65;54;57;45;54;55;51
1362.0;224;229;132;139;116;122;60;64;57;55;47;51;55;49
1368.0;223;232;132;139;114;121;60;64;60;54;49;51;52;49
1374.0;225;232;130;137;119;121;58;65;60;54;45;53;52;49
1380.0;228;235;134;137;117;123;55;69;55;53;45;54;47;48
1386.0;228;234;132;138;114;122;59;68;59;52;43;55;48;48
1392.0;226;231;134;138;114;120;59;66;62;54;44;55;51;46
1398.0;226;233;135;142;110;120;58;67;57;55;45;55;52;45
1404.0;224;231;136;144;107;122;57;68;58;53;47;56;55;42
1410.0;223;229;134;145;109;123;55;67;62;52;49;56;54;42
1416.0;222;230;133;143;106;122;56;67;61;56;51;57;56;40
1422.0;220;231;136;145;106;122;54;67;62;55;47;61;55;39
1428.0;219;229;138;142;108;128;54;64;63;56;46;60;54;39
1434.0;220;224;137;140;111;128;53;67;64;58;43;65;52;38
1440.0;222;225;135;141;112;128;54;63;67;59;41;65;49;39
1446.0;226;227;134;140;108;129;52;64;65;58;42;64;48;43
1452.0;228;229;133;140;107;131;53;62;65;56;44;61;49;42
1458.0;225;226;135;138;109;130;53;63;66;59;43;60;49;44
1464.0;219;226;142;137;106;128;56;63;66;62;45;56;51;43
1470.0;216;225;139;137;109;131;54;64;65;65;45;55;49;46
1476.0;214;222;140;139;113;131;55;62;66;68;44;54;46;46
1482.0;215;222;144;135;117;133;51;63;65;67;45;50;49;44
1488.0;211;220;146;136;115;133;50;63;64;67;44;49;55;47
1494.0;209;221;148;137;116;129;50;64;66;66;47;46;55;46
1500.0;208;221;146;134;115;127;51;63;67;70;48;46;55;49
1506.0;206;222;145;136;113;129;52;61;68;67;47;46;59;49
1512.0;206;225;143;135;113;132;51;58;69;70;46;49;58;45
1518.0;209;224;142;138;111;130;51;58;66;70;46;53;59;43
1524.0;214;226;141;140;107;128;57;57;64;69;47;50;61;39
1530.0;214;229;139;139;108;132;55;55;61;73;47;51;59;38
1536.0;212;225;140;137;106;133;53;59;64;76;45;51;58;41
1542.0;213;231;139;136;102;132;48;57;62;74;46;56;60;44
1548.0;210;232;145;137;104;133;47;57;58;71;43;57;61;45
1554.0;207;233;148;138;104;130;48;60;56;69;42;53;63;49
1560.0;207;230;147;138;105;127;51;59;59;66;41;52;63;55
1566.0;208;234;148;136;103;127;48;60;57;66;41;56;63;53
1572.0;207;234;148;135;103;126;48;59;59;69;43;52;62;55
1578.0;203;236;145;135;104;125;48;57;58;74;46;51;63;55
1584.0;203;237;145;137;105;122;47;54;61;73;49;53;62;52
1590.0;204;236;144;131;106;124;46;57;62;71;47;56;64;52
1596.0;205;236;147;131;107;121;48;60;61;70;44;58;62;50
1602.0;205;235;144;134;111;121;50;58;59;70;44;57;61;51
1608.0;203;237;145;132;109;118;52;63;59;65;47;57;61;52
1614.0;199;236;148;133;112;114;50;62;64;64;47;56;63;52
1620.0;197;238;146;134;114;118;48;60;66;60;49;57;62;51
1626.0;196;237;146;133;115;116;48;64;64;57;51;58;63;52
1632.0;193;239;140;140;112;115;45;64;63;59;52;59;65;54
1638.0;195;235;146;143;108;114;46;60;61;61;51;59;66;55
1644.0;199;235;144;141;111;114;42;58;61;57;53;59;71;55
1650.0;198;237;142;138;115;114;40;58;63;58;55;58;66;58
1656.0;196;237;142;139;114;112;40;60;59;59;56;61;63;62
1662.0;198;236;138;137;114;116;41;57;57;58;59;58;62;69
1668.0;202;238;134;135;113;118;41;58;58;58;55;59;63;68
1674.0;202;238;130;134;113;117;44;58;60;59;55;61;62;67
1680.0;202;239;130;135;112;115;45;56;59;61;55;61;61;69
1686.0;202;242;127;133;111;112;47;58;60;63;56;61;62;66
1692.0;204;241;125;136;112;112;48;59;60;63;59;61;59;61
1698.0;209;238;127;138;113;111;50;58;61;61;54;58;60;62
1704.0;208;238;125;139;117;112;52;57;58;60;55;59;61;59
1710.0;206;237;125;139;119;116;54;58;57;62;54;56;59;58
1716.0;206;240;127;136;118;115;53;59;58;61;53;55;63;56
1722.0;206;240;125;136;117;118;52;60;63;60;53;52;61;57
1728.0;206;242;127;131;118;116;50;59;63;60;53;53;59;63
1734.0;207;244;128;133;119;115;51;59;66;61;51;51;57;58
1740.0;209;243;128;134;124;118;52;60;66;63;48;47;51;57
1746.0;210;242;129;130;120;116;54;61;71;69;42;47;51;58
1752.0;207;239;126;125;118;119;56;64;69;72;46;53;51;55
1758.0;206;239;128;126;123;118;51;62;66;71;50;53;50;57
1764.0;207;239;128;128;125;119;47;63;62;73;52;51;49;57
1770.0;210;242;128;128;125;122;48;63;59;70;51;51;47;56
1776.0;214;245;123;127;126;117;46;66;60;72;53;50;48;53
1782.0;213;245;122;129;123;115;43;68;62;73;56;51;50;50
1788.0;210;245;122;128;124;114;47;67;58;70;57;55;51;52
1794.0;210;250;122;127;124;115;46;63;59;69;55;55;53;52
1800.0;211;252;122;128;122;114;41;64;58;70;54;58;53;53
1806.0;213;252;121;129;122;113;44;69;56;65;55;54;55;52
1812.0;215;251;123;129;122;114;43;68;55;61;53;57;58;51
1818.0;215;249;126;126;121;114;45;65;59;60;52;56;59;53
1824.0;214;252;120;129;123;111;47;61;59;61;54;56;59;54
1830.0;217;251;122;128;127;110;44;60;59;65;53;53;56;55
1836.0;217;251;123;129;126;110;46;60;58;65;55;55;49;56
1842.0;216;249;122;130;124;112;47;55;61;67;57;55;49;56
1848.0;217;249;122;127;125;110;47;57;62;68;58;54;49;55
1854.0;222;250;122;129;126;107;49;55;61;64;56;52;53;54
1860.0;223;251;123;128;126;109;50;56;62;59;58;57;50;48
1866.0;221;250;122;127;126;113;49;53;66;57;63;57;50;46
1872.0;221;250;121;125;126;110;45;53;70;58;65;59;51;46
1878.0;219;244;119;125;128;113;47;52;71;60;62;58;53;49
1884.0;219;244;118;124;127;109;48;55;69;63;60;58;56;50
1890.0;221;245;126;123;132;108;46;56;69;59;59;55;51;50
1896.0;222;243;126;125;132;110;45;57;69;59;60;55;49;48
1902.0;222;241;127;126;127;112;44;57;66;64;64;57;48;45
1908.0;221;243;128;127;124;114;42;56;65;66;60;57;47;50
1914.0;224;242;128;126;128;113;43;54;65;62;59;57;49;50
1920.0;221;240;133;126;130;116;40;52;61;61;59;59;52;50
1926.0;220;241;133;125;132;118;44;51;59;60;56;58;53;50
1932.0;220;242;133;127;131;117;42;48;61;64;55;54;53;53
1938.0;222;238;133;131;129;118;43;53;57;62;52;54;50;58
1944.0;220;238;132;134;131;116;44;54;56;62;51;55;49;58
1950.0;221;235;132;133;131;120;43;56;54;62;48;56;50;59
1956.0;225;234;130;135;132;119;43;54;56;62;47;55;50;58
1962.0;229;235;126;137;135;121;43;52;56;63;45;56;47;55
1968.0;231;232;124;136;135;122;42;51;57;63;47;58;47;55
1974.0;233;230;125;135;132;126;42;49;57;64;46;55;51;55
