#auto generated file!
12.0;27;32;25;40;30;29;27;22;31;24;27;30;28;28
18.0;27;33;25;40;32;30;26;21;30;25;28;29;26;28
24.0;29;35;27;39;31;31;24;21;32;26;26;28;26;25
30.0;29;38;28;40;32;31;22;21;27;27;24;28;26;27
36.0;30;39;29;40;33;32;22;19;27;26;25;26;26;26
42.0;30;39;30;41;34;34;20;20;27;23;24;24;27;27
48.0;35;37;30;40;35;35;21;20;27;22;26;22;24;26
54.0;35;38;32;39;34;35;20;20;27;18;28;24;24;26
60.0;36;38;31;39;32;36;20;21;28;16;29;23;25;26
66.0;36;40;34;38;32;36;19;22;24;17;30;23;25;24
72.0;36;40;34;38;33;36;19;23;22;14;30;24;26;25
78.0;37;40;33;38;33;35;20;25;20;13;29;24;26;27
84.0;37;42;36;38;31;34;18;24;19;14;30;25;26;26
90.0;38;43;35;40;29;34;17;25;19;15;28;25;25;27
96.0;39;43;36;39;29;33;17;24;19;16;28;23;27;27
102.0;41;43;36;40;28;34;15;20;18;16;27;24;27;31
108.0;41;44;38;39;29;35;15;21;16;16;27;24;26;29
114.0;42;42;38;40;28;35;15;22;15;20;28;22;25;28
120.0;43;43;38;40;26;37;14;23;14;19;28;21;27;27
126.0;44;42;38;40;27;37;15;21;14;20;28;21;27;26
132.0;44;43;38;37;28;36;14;19;17;19;29;21;27;28
138.0;44;44;39;39;27;36;15;19;16;18;29;18;26;30
144.0;45;44;40;39;26;36;16;17;17;17;29;19;25;30
150.0;46;44;40;40;27;35;15;18;17;15;29;19;28;27
156.0;45;44;40;39;29;35;14;17;17;16;29;21;29;25
162.0;47;43;38;41;29;35;14;19;17;16;28;21;28;24
168.0;47;44;40;41;31;34;12;20;16;17;25;22;27;24
174.0;45;43;40;42;31;34;12;20;17;16;28;22;26;24
180.0;45;44;42;41;32;35;12;20;15;17;25;23;27;22
186.0;46;43;42;42;32;33;12;18;12;19;26;25;26;24
192.0;47;44;41;44;32;34;14;15;13;18;24;26;25;23
198.0;49;45;40;44;33;33;15;15;15;17;24;24;25;21
204.0;51;44;42;42;32;33;16;14;16;16;23;24;26;21
210.0;51;43;40;43;36;33;16;15;17;17;20;24;26;19
216.0;52;42;39;43;36;34;16;14;17;17;20;24;25;21
222.0;54;44;39;42;37;36;14;13;16;15;19;25;25;21
228.0;56;43;40;43;38;37;11;14;17;17;18;22;24;20
234.0;56;42;42;42;37;39;12;13;18;16;18;22;23;20
240.0;57;42;44;44;35;39;12;14;18;16;17;22;23;17
246.0;58;41;44;43;34;40;12;13;18;17;17;21;22;20
252.0;59;41;47;43;35;39;11;15;18;18;15;21;19;19
258.0;56;41;44;46;35;39;12;16;18;17;17;19;18;22
264.0;56;41;46;47;35;38;13;16;16;19;16;16;18;23
270.0;56;42;46;44;35;39;12;16;16;19;15;17;20;23
276.0;55;42;49;45;34;39;11;18;17;18;14;15;20;23
282.0;53;42;48;47;35;41;11;18;15;19;13;16;20;22
288.0;52;42;48;49;35;41;11;19;16;20;13;14;20;20
294.0;52;42;48;48;34;41;12;19;16;18;13;15;22;20
300.0;53;40;48;50;34;42;11;21;16;18;11;15;21;20
306.0;52;40;48;51;34;42;14;21;15;17;12;15;22;17
312.0;52;40;47;51;35;43;15;22;14;16;11;17;21;16
318.0;53;40;47;49;35;43;16;21;15;17;10;16;22;16
324.0;53;40;47;50;36;41;16;19;17;16;10;15;23;17
330.0;55;41;48;48;35;42;16;19;19;16;9;16;18;18
336.0;54;41;48;45;34;42;18;19;19;17;10;16;18;19
342.0;56;42;45;45;35;43;18;18;19;15;10;16;19;19
348.0;56;44;42;48;34;43;17;19;17;17;10;16;20;17
354.0;55;44;41;48;35;42;17;18;17;18;11;17;20;17
360.0;56;44;40;49;35;42;18;17;16;17;12;17;20;17
366.0;57;45;38;48;36;43;17;18;16;15;12;19;20;16
372.0;58;45;38;47;35;43;16;18;15;15;14;19;20;17
378.0;60;46;38;48;32;43;14;18;15;15;16;19;20;16
384.0;61;48;38;47;33;44;12;19;12;13;15;19;20;19
390.0;60;49;39;47;33;44;12;19;12;13;14;17;19;22
396.0;59;48;39;44;34;46;13;20;12;13;14;18;19;21
402.0;58;49;38;43;34;46;14;18;11;14;16;17;20;22
408.0;58;49;37;44;34;48;16;21;12;11;16;17;19;18
414.0;59;50;34;45;35;48;16;24;11;11;16;17;18;16
420.0;60;49;35;45;33;48;17;22;10;11;18;18;18;16
426.0;60;49;35;48;32;46;17;21;11;11;18;17;17;18
432.0;60;48;36;47;33;48;17;21;12;11;16;18;15;18
438.0;62;50;36;49;32;47;17;21;10;11;16;15;16;18
444.0;60;51;35;51;32;48;15;21;10;11;17;16;16;17
450.0;60;50;36;53;32;48;17;21;10;11;17;14;15;16
456.0;58;50;35;54;33;49;18;19;12;11;16;15;15;15
462.0;58;50;34;52;32;51;19;19;9;13;15;19;15;14
468.0;57;50;34;52;31;49;19;21;9;14;15;19;15;15
474.0;57;50;33;52;32;46;18;20;10;14;16;19;17;16
480.0;57;49;32;50;32;47;18;20;11;13;15;21;16;19
486.0;57;49;32;49;33;49;18;19;12;13;16;21;14;18
492.0;57;48;33;48;33;48;18;20;14;13;17;21;14;16
498.0;57;51;34;46;33;47;19;19;15;13;16;20;13;17
504.0;57;53;32;49;32;46;19;19;14;12;17;20;11;19
510.0;55;52;32;50;35;45;18;18;15;12;18;21;12;17
516.0;56;52;31;51;35;44;19;18;15;11;17;21;14;16
522.0;56;50;30;50;37;44;20;20;14;12;16;21;14;16
528.0;57;49;31;50;36;45;20;20;15;10;15;22;13;17
534.0;57;50;32;50;36;44;19;21;15;9;16;21;13;17
540.0;56;51;32;48;34;46;19;20;15;9;16;23;15;16
546.0;56;52;33;47;34;44;19;18;18;10;14;23;16;16
552.0;57;54;32;44;33;44;20;19;17;8;15;22;20;15
558.0;58;51;31;44;32;46;20;19;16;7;17;25;19;15
564.0;61;52;29;45;34;45;19;19;16;7;17;24;18;14
570.0;60;53;29;46;34;44;19;19;16;6;18;24;18;14
576.0;61;54;31;45;34;43;19;16;15;7;20;22;19;14
582.0;63;53;31;47;33;43;21;16;15;7;20;20;17;14
588.0;65;53;27;48;35;44;20;16;14;8;20;19;17;14
594.0;65;53;24;48;34;44;19;16;16;8;20;21;16;16
600.0;63;52;25;49;34;42;20;16;16;8;21;23;17;14
606.0;62;51;25;47;36;44;20;16;17;9;21;22;16;14
612.0;63;51;24;47;37;43;18;16;17;12;20;22;17;13
618.0;65;51;23;47;38;43;16;14;17;12;21;22;16;15
624.0;64;50;23;48;40;42;17;13;17;12;19;23;16;16
630.0;63;49;23;49;41;43;17;14;18;12;19;22;15;15
636.0;65;48;23;47;41;41;18;13;20;16;19;20;13;16
642.0;65;47;24;47;42;43;18;11;21;18;17;18;14;15
648.0;64;47;25;47;42;41;20;12;19;18;17;17;15;16
654.0;63;47;25;46;43;41;20;12;18;18;17;16;18;16
660.0;64;46;25;45;43;41;20;11;19;17;17;16;18;18
666.0;64;45;26;46;42;38;20;14;17;17;18;16;20;17
672.0;65;44;26;46;43;38;20;14;18;17;17;16;19;17
678.0;66;43;27;45;44;38;20;13;18;17;18;17;17;17
684.0;67;43;28;42;46;35;19;13;19;15;18;19;18;18
690.0;66;43;27;42;46;37;18;15;20;16;17;16;18;19
696.0;68;47;28;40;45;37;19;15;19;16;16;16;16;18
702.0;68;48;27;40;46;38;19;17;20;16;15;13;14;19
708.0;69;49;27;40;48;36;17;18;18;17;15;13;14;19
714.0;69;51;27;40;48;35;18;19;18;18;14;12;13;18
720.0;69;53;26;39;48;36;20;17;19;18;13;13;12;17
726.0;71;52;26;38;47;38;19;16;19;18;15;13;12;16
732.0;72;52;26;38;47;37;21;17;20;17;15;9;12;17
738.0;74;48;25;39;48;38;21;18;19;16;15;9;13;17
744.0;74;48;25;37;48;38;21;18;20;16;16;9;13;17
750.0;75;48;23;36;48;38;19;19;20;17;17;10;12;18
756.0;76;49;23;36;49;38;20;18;19;17;15;9;12;19
762.0;77;48;22;36;50;39;18;18;19;18;15;11;12;17
768.0;77;50;23;37;50;40;19;17;19;16;16;9;11;16
774.0;79;50;24;38;49;39;18;17;18;16;16;9;11;16
780.0;79;50;25;40;47;39;18;17;18;16;16;9;9;17
786.0;80;54;25;40;45;37;18;17;17;16;15;11;9;16
792.0;78;54;25;40;47;37;18;17;15;19;14;11;9;16
798.0;78;54;25;40;46;38;18;17;17;17;15;10;9;16
804.0;78;54;25;40;45;39;17;17;18;18;14;10;9;16
810.0;78;53;25;40;46;39;17;16;18;17;13;12;9;17
816.0;79;54;26;41;44;38;16;14;18;18;12;11;11;18
822.0;79;54;26;41;43;38;16;14;16;17;12;13;12;19
828.0;78;53;25;41;47;38;14;14;18;15;12;13;13;19
834.0;79;53;25;41;46;37;14;16;16;17;10;13;13;20
840.0;78;53;26;41;46;37;13;15;18;16;10;13;13;21
846.0;76;53;26;41;47;36;12;15;21;16;11;12;14;20
852.0;74;53;26;43;49;35;13;14;20;16;11;13;14;19
858.0;73;55;30;42;50;34;12;14;19;16;12;12;13;18
864.0;74;55;29;41;50;34;13;13;17;18;13;12;14;17
870.0;75;55;31;41;50;32;14;12;18;18;11;12;13;18
876.0;75;54;31;41;49;32;14;13;18;18;11;12;13;19
882.0;76;55;30;40;49;32;13;11;18;19;13;12;12;20
888.0;73;55;30;40;50;31;14;11;18;20;13;13;12;20
894.0;75;55;32;39;49;28;13;10;18;20;15;15;13;18
900.0;74;55;35;39;49;28;13;10;20;18;15;14;13;17
906.0;74;58;36;36;48;27;15;11;19;19;15;11;14;17
912.0;73;58;38;37;47;28;16;12;20;18;14;9;13;17
918.0;72;59;36;38;47;29;16;13;19;19;12;10;12;18
924.0;71;60;36;38;46;28;17;12;18;21;12;10;13;18
930.0;71;61;35;38;44;29;16;13;17;22;12;12;13;17
936.0;73;59;35;38;44;30;17;14;16;21;14;9;14;16
942.0;73;58;35;38;44;32;17;15;16;21;13;7;15;16
948.0;72;58;35;37;44;32;15;16;16;20;15;8;16;16
954.0;71;58;35;38;43;32;15;16;17;21;14;9;16;15
960.0;71;59;36;38;41;32;17;17;17;23;10;9;15;15
966.0;72;59;34;38;41;30;16;17;17;23;10;12;16;15
972.0;72;56;34;39;41;32;17;17;17;22;10;12;17;14
978.0;72;55;36;39;41;32;18;17;19;22;9;12;15;13
984.0;73;53;37;38;40;30;18;18;22;23;10;11;15;12
990.0;74;55;38;35;39;30;18;15;20;23;10;13;16;14
996.0;73;56;39;35;40;29;18;16;21;22;9;12;16;14
1002.0;72;55;40;36;41;28;19;16;23;19;10;11;15;15
1008.0;72;55;42;38;39;27;20;16;22;18;12;10;15;14
1014.0;71;55;45;36;40;29;18;15;22;18;11;10;15;15
1020.0;73;56;44;36;42;29;18;13;22;15;9;11;17;15
1026.0;73;54;46;35;42;29;16;16;23;15;9;11;17;14
1032.0;72;54;47;35;41;30;15;18;22;15;9;10;16;16
1038.0;72;50;48;35;44;30;14;18;21;16;8;11;16;17
1044.0;70;49;48;33;44;28;14;19;23;15;10;13;17;17
1050.0;72;49;47;32;44;27;15;19;23;15;11;12;17;17
1056.0;70;46;48;31;46;28;15;19;23;16;14;11;16;17
1062.0;71;47;48;30;45;30;15;18;22;17;14;11;16;16
1068.0;71;47;49;31;46;33;15;17;21;17;12;11;13;17
1074.0;71;47;51;30;46;33;18;18;19;18;11;11;12;15
1080.0;71;47;51;30;46;33;17;18;17;18;12;13;12;15
1086.0;70;46;49;31;47;32;16;19;19;18;13;13;12;15
1092.0;70;48;47;31;47;34;17;19;19;16;13;12;12;15
1098.0;69;47;45;30;47;33;18;19;20;17;14;13;13;15
1104.0;68;46;45;34;48;33;17;17;20;18;12;14;13;15
1110.0;67;45;45;36;47;35;16;19;18;18;14;14;13;13
1116.0;67;47;45;35;46;35;16;18;18;18;14;14;14;13
1122.0;65;48;45;36;46;33;14;18;19;20;15;14;15;12
1128.0;63;47;44;38;46;34;14;18;20;20;16;15;13;12
1134.0;62;45;42;41;44;35;13;20;19;22;17;15;13;12
1140.0;61;45;43;40;45;33;12;21;20;21;18;14;13;14
1146.0;62;44;42;39;44;32;14;20;20;20;19;15;15;14
1152.0;63;46;41;38;44;32;14;20;20;21;19;13;15;14
1158.0;64;46;41;40;45;32;13;21;19;18;20;13;14;14
1164.0;66;47;38;41;44;31;12;24;17;16;22;13;16;13
1170.0;64;46;38;42;43;32;11;23;22;15;21;13;17;13
1176.0;66;46;39;41;41;33;11;21;24;15;20;13;17;13
1182.0;65;48;39;42;41;34;11;21;23;15;19;13;16;13
1188.0;67;48;37;42;42;34;12;22;22;15;19;13;14;13
1194.0;69;48;37;42;41;36;12;22;19;15;18;13;14;14
1200.0;70;47;37;42;42;35;11;20;20;17;18;13;14;14
1206.0;71;47;36;42;43;34;8;20;18;18;20;15;14;14
1212.0;70;48;38;41;41;34;7;18;17;19;22;15;17;13
1218.0;70;48;38;39;41;31;8;15;17;19;22;19;18;15
1224.0;70;49;39;38;41;31;7;15;17;18;22;19;17;17
1230.0;73;49;41;34;41;31;8;12;16;19;24;17;18;17
1236.0;71;50;41;35;41;32;7;13;16;19;22;20;18;15
1242.0;71;50;42;32;41;32;8;13;16;19;23;21;18;14
1248.0;70;50;41;32;41;31;7;14;18;22;21;19;19;15
1254.0;69;50;43;32;43;32;7;15;15;22;20;20;19;13
1260.0;69;50;45;32;42;33;8;15;16;20;19;20;18;13
1266.0;67;50;46;32;43;33;7;16;14;21;17;21;19;14
1272.0;67;50;46;32;43;32;7;18;15;20;17;21;17;15
1278.0;67;50;46;32;42;32;7;18;16;20;17;21;18;14
1284.0;65;50;46;32;41;35;7;19;18;18;17;21;18;13
1290.0;65;50;48;32;41;35;8;19;19;17;16;19;18;13
1296.0;64;50;46;31;38;35;11;21;20;17;15;21;17;14
1302.0;62;51;46;32;35;41;11;21;17;18;13;21;17;15
1308.0;60;51;45;33;35;42;12;20;18;17;13;23;17;14
1314.0;60;51;45;35;35;42;13;19;18;19;11;24;16;12
1320.0;58;53;44;37;36;41;14;20;18;17;11;22;17;12
1326.0;58;52;44;38;34;41;14;20;18;16;13;21;18;13
1332.0;58;56;43;37;34;40;14;20;18;17;12;21;17;13
1338.0;55;56;46;36;34;39;15;19;19;17;12;21;17;14
1344.0;54;58;45;36;33;40;15;20;17;17;13;21;17;14
1350.0;55;58;43;36;33;41;15;20;19;18;15;19;16;12
1356.0;56;57;42;36;32;41;14;19;20;18;15;20;18;12
1362.0;58;57;43;36;33;43;13;17;20;16;15;19;17;13
1368.0;59;57;44;37;33;41;12;15;20;17;15;19;17;14
1374.0;59;58;44;38;33;42;13;15;19;16;13;17;18;15
1380.0;62;58;42;38;34;43;12;15;17;16;14;18;17;14
1386.0;62;60;42;37;33;43;11;17;20;15;15;17;14;14
1392.0;61;61;42;37;33;44;11;17;19;15;14;16;15;15
1398.0;62;61;42;36;32;42;12;17;20;16;14;16;15;15
1404.0;63;62;42;36;32;41;12;16;22;16;13;16;15;14
1410.0;63;62;44;36;32;40;12;15;22;16;13;16;15;14
1416.0;62;60;43;35;32;40;15;15;23;17;12;18;14;14
1422.0;60;59;44;39;31;40;14;13;25;18;11;16;14;16
1428.0;60;57;42;38;35;40;14;13;27;17;11;15;14;17
1434.0;63;57;44;38;35;42;14;12;26;17;10;15;11;16
1440.0;63;56;46;34;37;41;14;14;24;17;11;16;10;17
1446.0;61;58;46;34;38;41;13;14;23;17;11;15;12;17
1452.0;62;61;44;34;38;42;11;13;22;17;10;15;13;18
1458.0;61;62;44;34;38;42;10;13;22;16;12;15;12;19
1464.0;62;65;46;36;37;43;11;8;21;16;11;15;12;17
1470.0;63;64;45;35;36;46;9;9;21;16;11;14;15;16
1476.0;63;63;45;35;39;45;9;8;21;17;11;16;13;15
1482.0;62;63;45;35;39;46;8;9;21;18;11;15;14;14
1488.0;63;62;45;35;40;47;8;9;21;18;10;14;14;14
1494.0;62;63;47;34;39;44;8;9;22;18;12;14;14;14
1500.0;62;63;44;33;37;44;8;10;24;18;12;15;16;14
1506.0;62;66;42;33;38;43;8;10;23;17;13;15;16;14
1512.0;62;65;42;34;38;41;9;10;21;17;14;16;17;14
1518.0;62;64;40;33;39;40;10;10;21;17;12;17;17;18
1524.0;62;64;40;35;39;39;10;10;22;17;11;18;16;17
1530.0;62;63;42;35;38;38;9;11;23;16;12;19;14;18
1536.0;63;64;42;35;36;37;9;12;24;17;12;18;15;16
1542.0;62;64;41;35;34;38;7;15;24;15;13;18;18;16
1548.0;62;63;41;35;34;38;8;16;24;15;13;16;19;16
1554.0;61;63;40;40;36;38;9;14;21;17;13;15;19;14
1560.0;61;65;40;39;37;36;10;14;22;18;13;15;16;14
1566.0;62;64;41;37;37;35;11;15;22;18;12;14;16;16
1572.0;61;64;41;38;39;36;11;15;21;18;12;14;16;14
1578.0;60;64;42;37;37;35;12;19;19;17;9;15;18;16
1584.0;60;65;42;36;36;35;12;18;18;19;10;16;17;16
1590.0;60;66;41;39;35;35;12;20;18;19;9;16;16;14
1596.0;60;64;42;37;36;35;13;18;16;19;8;17;21;14
1602.0;60;62;40;39;35;36;13;18;16;22;8;17;19;15
1608.0;59;61;38;38;35;36;12;19;17;23;11;16;20;15
1614.0;60;60;40;39;34;37;14;18;16;22;10;15;19;16
1620.0;59;61;40;38;33;34;16;19;15;22;12;17;19;15
1626.0;60;61;42;38;32;33;15;19;16;23;12;16;19;14
1632.0;61;61;41;37;33;33;14;20;16;22;14;16;19;13
1638.0;61;64;42;37;33;33;15;20;19;20;14;14;18;10
1644.0;61;64;42;36;32;35;15;20;19;20;14;14;18;10
1650.0;61;64;38;36;34;36;19;19;18;21;14;14;16;10
1656.0;63;64;38;37;34;35;18;19;18;21;13;15;15;10
1662.0;61;67;38;37;34;36;16;20;17;21;13;15;16;9
1668.0;60;66;38;39;35;33;17;20;16;21;15;13;18;9
1674.0;60;66;37;42;34;35;17;17;17;20;15;14;18;8
1680.0;60;66;37;41;33;36;19;17;17;20;15;13;18;8
1686.0;60;68;37;43;34;36;18;16;17;19;14;12;19;7
1692.0;61;69;38;43;34;35;18;15;16;18;15;12;19;7
1698.0;63;71;36;43;32;34;20;13;15;19;15;10;22;7
1704.0;66;71;35;41;32;35;20;12;15;18;16;10;22;7
1710.0;64;71;35;41;33;37;21;13;14;18;16;10;20;7
1716.0;66;69;36;40;32;37;20;11;16;17;16;10;22;8
1722.0;66;69;34;41;31;36;19;11;15;18;17;12;21;10
1728.0;66;69;34;41;31;36;19;10;14;19;17;13;21;10
1734.0;66;71;32;40;32;36;19;9;15;19;18;14;20;9
1740.0;67;71;32;40;31;35;19;9;16;19;17;15;20;9
1746.0;68;71;33;40;32;35;19;9;16;16;16;16;20;9
1752.0;68;69;33;39;32;36;17;9;17;16;16;18;21;9
1758.0;68;70;33;39;33;36;18;10;18;13;15;18;19;10
1764.0;64;70;34;39;36;36;18;10;21;13;15;16;18;10
1770.0;64;70;34;39;36;37;17;10;20;14;15;16;17;11
1776.0;64;71;35;39;37;36;17;10;17;16;17;15;15;11
1782.0;65;71;35;39;38;34;18;10;16;15;18;15;14;12
1788.0;65;71;33;38;39;36;22;10;17;11;18;13;14;13
1794.0;65;74;32;37;38;35;20;11;18;9;18;14;16;13
1800.0;63;73;30;38;37;36;20;11;17;9;18;15;18;15
1806.0;62;73;29;38;38;36;19;10;17;9;19;15;20;15
1812.0;62;73;28;39;37;35;20;11;17;9;19;14;21;15
1818.0;63;71;26;40;36;35;20;12;16;10;18;14;23;16
1824.0;62;72;27;38;37;37;20;11;15;12;18;13;22;16
1830.0;62;71;27;38;37;37;19;11;16;13;18;13;22;16
1836.0;63;71;27;40;36;37;20;11;18;12;18;13;22;12
1842.0;65;70;26;38;36;37;18;9;20;14;18;14;21;14
1848.0;66;68;26;38;36;37;18;8;20;14;18;15;22;14
1854.0;66;65;26;35;36;37;19;9;19;16;19;15;23;15
1860.0;67;66;27;36;35;37;18;7;18;17;20;15;22;15
1866.0;68;65;28;38;35;35;21;5;16;18;19;14;22;16
1872.0;66;65;29;38;34;35;21;7;16;18;19;14;21;17
1878.0;65;67;28;39;35;35;19;6;16;19;20;14;21;16
1884.0;65;67;28;39;36;35;17;9;17;18;20;15;19;15
1890.0;65;68;28;38;35;34;18;11;17;16;21;15;19;15
1896.0;65;69;29;39;35;32;19;11;18;15;21;13;21;13
1902.0;66;69;29;39;34;31;20;13;18;13;21;13;22;12
1908.0;65;70;31;38;34;31;19;11;19;12;22;14;22;12
1914.0;66;69;31;38;36;32;21;11;18;12;21;13;21;11
1920.0;69;68;31;39;36;31;18;10;20;10;23;13;22;10
1926.0;69;66;31;38;34;32;19;14;20;11;20;12;22;12
1932.0;69;65;32;38;32;35;18;14;19;11;20;13;22;12
1938.0;70;66;34;39;30;35;17;15;18;10;19;13;22;12
1944.0;68;66;34;40;29;36;19;16;19;9;18;12;20;14
1950.0;66;67;34;40;29;36;18;15;19;12;18;13;18;15
1956.0;68;70;33;41;30;36;17;16;16;12;17;13;17;14
1962.0;68;69;34;41;29;37;19;16;15;10;16;12;19;15
1968.0;65;68;35;41;31;38;19;16;13;11;17;12;19;15
1974.0;65;68;33;42;33;38;18;14;12;11;17;14;21;14
