#auto generated file!
12.0;155;155;140;141;143;157;142;146;128;155;131;153;124;130
18.0;157;157;140;142;143;157;139;141;130;153;133;150;126;132
24.0;161;161;147;139;145;156;135;141;131;147;130;151;124;132
30.0;168;159;151;138;145;158;133;141;127;146;128;157;122;127
36.0;173;162;151;147;143;159;131;135;127;146;128;154;120;124
42.0;177;162;156;151;140;157;131;133;130;146;125;149;118;125
48.0;178;165;160;145;141;162;126;135;131;135;127;153;116;126
54.0;183;166;165;146;147;168;117;133;130;133;120;149;116;127
60.0;185;172;168;147;154;169;116;129;128;130;114;149;113;126
66.0;186;170;169;147;154;173;116;133;130;131;117;138;112;124
72.0;187;169;171;147;156;173;115;132;127;139;114;135;114;121
78.0;191;173;168;147;157;173;115;129;127;139;116;132;112;121
84.0;194;172;168;144;160;179;117;129;126;132;118;130;108;123
90.0;196;173;173;145;161;183;120;125;125;136;116;127;101;119
96.0;200;174;173;146;162;185;121;124;120;130;117;124;105;119
102.0;201;178;171;150;161;187;114;122;116;131;119;123;103;124
108.0;201;180;173;150;158;192;111;124;112;133;119;123;104;120
114.0;204;183;173;148;156;193;108;121;111;135;124;123;104;117
120.0;201;191;174;149;161;194;103;114;106;135;126;126;104;116
126.0;200;191;175;153;156;194;107;114;108;136;120;124;105;117
132.0;199;192;177;150;158;199;105;107;111;135;119;126;108;114
138.0;203;194;178;152;158;200;102;105;110;140;117;122;106;113
144.0;212;200;179;151;157;206;102;98;106;132;117;123;105;112
150.0;219;197;185;152;158;208;101;90;105;131;113;123;105;113
156.0;227;198;186;151;163;208;102;96;107;126;108;120;98;110
162.0;230;200;186;150;167;210;96;88;106;127;112;119;96;113
168.0;230;201;184;156;171;211;92;96;105;124;108;114;95;113
174.0;228;201;192;160;170;214;99;93;97;119;107;114;95;111
180.0;227;204;196;158;171;216;99;92;102;111;109;111;95;109
186.0;228;204;201;161;175;218;98;91;102;111;110;102;89;110
192.0;229;207;203;162;175;219;99;90;99;111;105;101;89;111
198.0;232;205;203;162;180;216;100;86;107;107;100;102;93;107
204.0;241;207;200;160;184;216;96;87;103;107;102;101;92;104
210.0;243;211;201;158;183;216;97;84;101;109;97;101;93;106
216.0;243;210;199;158;186;214;93;84;101;114;98;99;96;105
222.0;242;212;200;156;183;217;95;84;99;117;99;95;96;105
228.0;244;215;204;160;186;214;96;82;103;111;97;94;93;101
234.0;249;214;201;162;185;218;92;82;106;109;92;94;94;102
240.0;248;214;201;163;184;212;94;85;99;112;94;94;96;104
246.0;253;222;200;163;182;215;93;81;94;112;94;92;98;101
252.0;258;226;200;161;185;215;92;77;94;110;92;92;94;104
258.0;262;233;200;159;184;211;89;80;98;110;96;91;88;99
264.0;261;235;200;158;186;211;86;80;96;107;100;95;89;96
270.0;260;238;204;163;186;216;81;76;96;105;101;91;91;92
276.0;260;242;205;166;189;212;74;80;96;101;96;92;95;92
282.0;261;244;201;169;190;213;73;81;92;101;95;93;96;91
288.0;261;244;205;172;191;215;76;76;89;98;93;97;91;92
294.0;262;251;206;171;195;213;79;76;88;98;91;96;86;88
300.0;262;249;205;178;198;213;78;71;89;96;90;97;84;90
306.0;265;253;208;177;201;206;80;73;90;95;86;95;82;89
312.0;267;253;203;179;197;208;81;75;91;96;84;100;82;84
318.0;263;256;208;184;197;214;77;76;90;90;77;100;86;82
324.0;269;254;207;182;203;214;78;71;91;88;72;100;84;87
330.0;271;258;207;182;200;209;81;71;86;88;73;104;83;87
336.0;274;256;203;187;198;211;79;61;88;92;73;107;80;91
342.0;275;258;202;184;203;214;79;62;87;96;70;102;80;88
348.0;271;260;204;185;201;213;82;62;84;96;72;101;79;90
354.0;273;257;200;188;202;215;84;62;82;97;75;99;77;89
360.0;271;255;199;191;204;214;83;62;82;93;77;98;81;90
366.0;269;258;197;191;203;210;83;67;84;92;74;95;82;95
372.0;276;259;195;189;203;208;79;72;81;91;72;96;86;93
378.0;277;267;194;192;207;207;75;69;78;87;72;98;83;94
384.0;275;272;198;192;206;211;74;69;74;90;69;95;79;96
390.0;276;277;196;186;202;207;72;73;77;99;70;91;78;96
396.0;272;282;197;185;200;204;74;75;81;98;69;89;79;95
402.0;272;282;196;185;196;204;71;87;79;94;70;93;78;93
408.0;270;284;198;184;195;206;71;89;83;92;69;92;75;92
414.0;271;284;201;182;190;209;71;86;82;96;70;93;72;93
420.0;273;279;201;182;194;209;74;85;80;95;73;92;73;90
426.0;275;281;204;182;193;204;77;85;82;86;72;94;76;89
432.0;281;277;203;182;195;202;76;83;80;87;70;95;81;88
438.0;277;276;203;184;197;202;81;86;78;88;71;90;77;90
444.0;277;276;204;181;194;199;82;89;78;90;79;90;71;90
450.0;276;282;206;178;198;198;81;88;78;90;80;89;73;83
456.0;270;279;208;179;195;201;85;89;83;88;81;86;72;84
462.0;270;280;208;183;197;201;82;92;85;88;75;85;74;80
468.0;272;280;208;180;196;201;84;90;87;86;76;87;74;79
474.0;270;280;210;182;194;198;88;91;86;86;77;84;73;81
480.0;266;282;214;184;194;199;89;89;88;83;79;84;74;75
486.0;270;287;210;186;194;197;90;88;87;81;80;78;76;76
492.0;274;285;211;187;196;195;92;84;80;78;85;77;78;78
498.0;277;285;211;186;194;196;90;86;79;73;84;80;78;81
504.0;275;286;213;184;200;194;89;83;77;74;80;82;78;85
510.0;282;288;214;185;200;195;86;76;77;76;80;79;77;85
516.0;282;284;216;185;200;197;83;74;82;80;81;75;76;85
522.0;283;287;215;180;198;201;79;78;79;82;84;76;75;83
528.0;281;295;218;179;199;195;78;80;77;81;85;79;75;78
534.0;281;298;210;183;200;198;82;77;74;85;89;78;71;74
540.0;282;299;212;181;201;197;79;75;72;84;89;85;70;74
546.0;288;296;217;179;198;201;82;77;67;80;85;84;72;74
552.0;288;297;215;175;202;202;84;77;68;86;81;83;71;71
558.0;296;300;212;174;202;201;80;75;75;89;76;84;65;71
564.0;297;297;213;172;205;202;75;77;75;89;76;90;60;72
570.0;300;305;214;172;206;204;78;74;73;88;73;90;58;65
576.0;299;301;211;171;207;205;81;76;73;90;72;92;57;65
582.0;298;304;210;171;212;199;78;79;77;86;72;90;62;62
588.0;298;307;208;172;209;198;79;74;79;86;75;94;60;61
594.0;302;308;210;172;207;194;81;73;74;88;71;92;60;68
600.0;302;305;212;171;204;196;76;68;76;91;75;91;63;70
606.0;299;308;212;175;203;198;74;69;74;95;76;89;62;66
612.0;300;309;210;169;201;201;73;74;76;95;76;91;61;64
618.0;306;308;211;166;201;198;74;75;74;92;78;94;60;63
624.0;306;311;205;165;203;198;77;78;76;87;81;92;58;63
630.0;301;312;206;168;201;200;80;74;76;85;80;97;58;62
636.0;300;306;196;170;202;199;83;78;80;90;83;95;58;60
642.0;298;309;195;170;201;199;81;78;80;88;87;95;56;63
648.0;301;308;193;171;200;198;81;78;79;87;92;92;59;61
654.0;303;310;191;167;200;198;81;85;81;85;85;93;60;61
660.0;301;310;194;167;198;200;85;83;78;87;82;93;61;61
666.0;301;308;188;169;199;200;82;82;78;88;81;94;68;62
672.0;305;307;188;168;200;201;82;80;78;84;81;92;70;64
678.0;306;307;194;168;199;200;84;83;79;81;77;89;68;65
684.0;306;305;201;168;198;190;85;83;76;82;80;90;68;68
690.0;307;305;200;173;203;187;81;83;76;78;79;89;74;65
696.0;308;310;202;173;204;185;78;83;73;71;79;92;79;63
702.0;308;311;199;175;205;186;80;89;72;72;76;93;79;55
708.0;309;308;202;174;202;185;82;91;72;76;76;90;78;55
714.0;309;308;196;171;209;185;83;89;74;75;77;90;75;59
720.0;311;306;195;174;210;178;82;94;72;73;78;90;74;63
726.0;310;306;192;177;207;179;80;93;70;75;79;90;77;65
732.0;309;310;186;174;212;175;79;93;73;72;77;92;83;65
738.0;310;310;187;173;211;176;83;91;74;73;76;87;83;66
744.0;311;310;190;171;208;171;84;87;74;79;75;92;79;69
750.0;308;314;191;171;207;167;85;89;78;78;75;88;82;67
756.0;312;312;188;166;207;166;83;94;75;80;79;89;83;66
762.0;309;312;188;164;209;168;86;88;75;80;79;89;82;71
768.0;309;315;189;165;210;168;88;85;75;80;77;86;82;71
774.0;309;318;188;166;210;172;89;83;73;78;79;82;86;67
780.0;307;320;188;171;203;170;91;83;72;81;82;85;87;60
786.0;305;322;186;167;202;171;87;82;74;84;82;88;89;61
792.0;305;323;184;166;201;174;83;84;76;87;82;91;84;60
798.0;308;324;186;161;204;178;81;85;72;91;82;87;83;58
804.0;307;327;185;164;205;177;83;83;73;89;83;84;81;59
810.0;309;321;187;170;204;179;80;88;71;86;81;84;82;58
816.0;308;321;188;170;208;181;83;86;70;80;86;89;75;55
822.0;308;316;187;167;210;186;84;88;70;76;88;89;77;54
828.0;310;315;187;169;213;187;86;85;69;75;83;89;79;53
834.0;308;317;182;172;212;186;86;83;69;76;82;91;79;57
840.0;310;321;183;171;212;185;91;81;69;72;85;87;75;58
846.0;308;322;182;171;214;186;90;81;70;73;86;83;77;57
852.0;311;321;191;170;209;190;87;79;67;70;86;80;80;59
858.0;314;320;190;169;204;190;88;81;71;70;87;78;75;63
864.0;316;316;191;167;203;189;90;79;70;71;88;75;82;63
870.0;312;321;193;165;206;191;86;81;68;71;85;75;83;63
876.0;311;318;193;168;206;190;88;82;69;71;79;76;82;67
882.0;312;318;189;169;205;195;82;82;72;74;80;75;81;66
888.0;312;317;189;170;203;194;83;83;69;73;80;75;88;64
894.0;312;315;190;169;201;194;87;83;68;68;83;77;89;64
900.0;310;314;192;171;201;194;87;82;67;65;81;76;95;65
906.0;304;315;193;171;200;197;82;82;69;64;83;81;91;68
912.0;304;319;194;170;202;199;81;79;69;59;79;82;94;69
918.0;299;318;194;168;205;197;83;80;69;60;83;83;92;69
924.0;299;318;193;168;204;197;77;80;76;62;79;84;94;69
930.0;299;320;192;168;200;197;75;78;76;65;84;81;92;73
936.0;297;322;189;170;198;198;74;81;75;63;84;81;90;78
942.0;294;318;189;174;197;204;74;79;72;66;83;80;90;80
948.0;292;318;189;169;197;202;73;83;72;69;83;83;90;80
954.0;292;318;189;170;198;201;72;87;76;67;79;83;92;76
960.0;290;317;187;170;200;200;71;89;81;67;78;84;88;78
966.0;286;317;187;169;200;200;74;86;80;69;79;87;85;81
972.0;291;316;182;168;200;203;75;86;81;70;78;80;90;80
978.0;290;320;182;170;198;201;74;82;84;70;74;85;92;78
984.0;287;318;184;174;196;199;75;82;82;71;73;90;93;76
990.0;282;317;183;173;196;204;81;79;80;68;74;88;94;81
996.0;283;315;184;176;196;201;83;79;79;65;76;89;92;82
1002.0;284;315;183;176;199;199;89;75;80;68;74;86;90;82
1008.0;280;318;182;180;194;201;90;74;77;66;77;85;91;85
1014.0;275;318;180;184;196;200;88;72;79;70;78;83;91;86
1020.0;281;314;182;181;193;198;92;69;80;73;76;83;87;91
1026.0;281;314;182;181;192;196;90;72;79;75;80;83;83;92
1032.0;280;317;182;179;190;199;88;74;82;79;82;81;79;88
1038.0;278;323;180;179;194;197;86;73;81;83;77;83;80;86
1044.0;276;315;181;182;194;195;88;80;82;84;78;83;79;83
1050.0;275;314;181;186;193;199;84;83;80;86;83;81;78;77
1056.0;277;316;180;185;189;200;83;81;83;84;85;84;75;78
1062.0;274;319;180;184;192;205;86;77;77;81;85;83;78;79
1068.0;273;322;178;186;194;201;84;78;74;80;85;87;82;76
1074.0;272;321;181;188;194;202;83;76;76;78;87;87;80;75
1080.0;272;318;179;187;194;201;89;71;77;79;86;90;80;77
1086.0;274;319;181;185;196;203;91;65;74;80;87;86;82;77
1092.0;275;321;179;184;196;202;86;65;77;83;89;86;80;77
1098.0;271;321;180;188;195;204;86;62;74;86;96;85;75;77
1104.0;266;322;182;188;195;205;85;64;75;88;89;82;80;79
1110.0;266;322;185;186;199;199;84;65;81;92;87;83;76;75
1116.0;268;323;185;184;199;202;79;71;79;90;88;82;74;76
1122.0;268;325;183;184;200;202;82;65;76;90;88;85;72;80
1128.0;266;324;184;181;200;195;82;70;77;90;91;86;70;84
1134.0;266;322;187;181;202;193;81;71;74;91;84;88;71;89
1140.0;267;322;184;177;207;195;83;71;76;89;84;91;69;85
1146.0;268;321;184;179;206;194;83;72;74;88;85;92;67;87
1152.0;270;321;191;177;207;200;82;67;72;86;84;89;67;87
1158.0;270;322;190;178;214;197;82;65;70;87;79;86;72;88
1164.0;275;320;188;177;217;198;86;64;66;87;82;87;65;88
1170.0;277;319;191;178;218;198;88;61;64;89;82;86;66;83
1176.0;278;319;192;178;217;198;85;62;66;91;84;81;69;80
1182.0;279;322;193;178;221;201;83;61;66;87;85;83;65;76
1188.0;279;322;196;176;218;203;81;61;62;89;83;83;69;78
1194.0;282;325;195;170;217;203;83;59;68;88;82;80;67;81
1200.0;284;320;197;169;214;203;81;61;70;88;82;83;68;80
1206.0;285;320;198;174;213;202;79;61;68;92;82;81;66;79
1212.0;284;320;199;173;216;200;81;61;67;90;82;80;66;81
1218.0;281;320;201;175;212;198;80;63;70;90;84;80;64;82
1224.0;281;321;199;174;211;198;79;67;72;89;83;85;63;78
1230.0;284;323;199;175;212;203;79;67;71;85;78;88;59;77
1236.0;288;321;200;180;211;201;76;67;73;84;77;90;58;74
1242.0;288;321;199;179;208;202;76;66;71;80;81;92;60;77
1248.0;294;322;196;174;206;200;70;68;77;82;83;91;60;77
1254.0;294;327;198;176;202;196;67;66;79;83;83;87;64;78
1260.0;293;327;198;182;203;203;62;63;74;80;83;90;64;78
1266.0;289;331;201;180;204;198;64;68;71;81;81;91;67;74
1272.0;287;334;199;177;204;197;65;69;76;80;80;89;66;77
1278.0;285;337;198;174;202;197;70;72;77;78;77;91;66;76
1284.0;290;338;200;173;202;192;68;76;77;74;79;89;64;78
1290.0;294;336;199;170;202;192;70;75;79;77;80;86;65;75
1296.0;296;336;197;174;201;199;69;74;76;76;81;85;64;72
1302.0;290;337;194;179;200;196;74;74;79;75;79;84;67;72
1308.0;292;338;195;180;200;200;70;71;81;74;78;82;67;72
1314.0;288;336;199;179;199;201;68;74;83;74;78;83;67;71
1320.0;289;340;197;181;195;206;66;76;82;71;78;82;67;70
1326.0;292;335;199;182;196;208;63;78;80;71;77;79;72;68
1332.0;293;334;198;184;196;202;63;79;78;74;77;77;78;67
1338.0;293;329;197;182;196;203;63;76;78;75;79;79;81;69
1344.0;296;336;196;188;191;202;59;78;76;75;80;79;79;65
1350.0;297;335;196;189;187;205;61;82;76;76;84;71;77;64
1356.0;292;338;199;185;190;203;59;84;80;73;81;72;79;65
1362.0;291;340;200;187;189;205;59;84;77;78;79;72;78;61
1368.0;292;344;198;186;188;204;59;84;76;78;80;72;77;62
1374.0;290;345;195;187;186;201;61;84;75;79;82;74;78;63
1380.0;290;348;193;187;186;204;58;82;72;78;80;78;78;66
1386.0;287;347;192;183;186;206;60;80;77;78;82;78;74;70
1392.0;286;346;191;180;186;204;61;81;81;80;83;77;74;70
1398.0;285;344;192;181;188;207;59;86;81;80;80;73;75;69
1404.0;283;347;192;179;190;204;61;85;81;83;77;72;79;67
1410.0;283;353;195;177;189;205;61;84;79;80;77;73;78;66
1416.0;279;353;199;181;191;203;62;90;78;80;75;66;77;66
1422.0;277;352;198;180;190;204;65;87;78;80;78;66;76;69
1428.0;275;348;194;184;192;204;66;86;80;83;75;69;78;66
1434.0;278;351;196;185;189;214;64;88;73;79;77;66;75;65
1440.0;277;347;198;185;189;211;64;88;75;80;78;66;77;65
1446.0;281;346;198;184;194;213;65;88;76;79;76;64;76;60
1452.0;282;352;197;185;191;213;64;84;76;80;77;64;77;58
1458.0;282;352;194;192;193;209;69;84;76;79;70;63;78;59
1464.0;285;351;189;195;188;205;70;85;78;79;73;65;79;58
1470.0;283;351;198;196;189;204;66;79;80;78;71;66;81;58
1476.0;286;350;200;196;190;208;68;74;78;76;71;62;83;58
1482.0;288;350;198;198;195;206;66;73;80;75;69;59;84;59
1488.0;286;344;199;200;193;205;67;79;83;75;65;60;82;62
1494.0;289;347;201;197;192;204;68;81;79;76;66;62;79;59
1500.0;291;343;205;195;199;207;65;79;78;76;65;62;76;59
1506.0;295;341;205;195;197;206;73;77;70;79;63;65;75;59
1512.0;293;341;204;198;196;208;74;75;69;79;63;70;71;59
1518.0;291;342;200;200;196;202;76;79;66;79;63;74;68;64
1524.0;293;344;203;197;195;202;76;75;66;78;68;71;66;66
1530.0;293;343;200;194;201;209;77;73;64;74;68;68;67;69
1536.0;293;342;200;196;205;207;79;71;60;70;73;68;65;71
1542.0;296;344;195;197;205;208;77;72;59;71;72;66;64;74
1548.0;301;341;194;199;200;209;78;70;58;73;70;68;62;77
1554.0;303;340;195;204;193;209;77;71;57;69;70;72;64;76
1560.0;306;337;194;202;192;207;75;72;60;69;72;74;63;77
1566.0;309;338;190;196;191;207;78;73;64;66;75;74;62;77
1572.0;310;335;195;196;191;201;74;77;61;69;76;75;60;80
1578.0;314;332;196;192;191;199;77;79;64;65;78;78;55;80
1584.0;309;332;200;193;194;198;80;81;65;60;79;73;54;82
1590.0;310;335;198;198;195;199;76;83;63;64;74;74;53;78
1596.0;312;337;198;195;192;201;79;82;64;65;74;71;53;77
1602.0;315;339;193;192;194;199;81;83;61;72;73;71;53;74
1608.0;315;341;192;188;193;205;82;82;60;71;76;70;51;74
1614.0;312;342;192;188;189;201;82;82;62;72;74;72;57;75
1620.0;319;334;192;186;189;207;77;78;65;75;76;70;58;74
1626.0;316;327;193;185;195;207;82;79;69;73;75;67;63;69
1632.0;313;324;194;185;192;204;84;81;67;73;79;72;63;69
1638.0;313;324;189;184;190;205;82;81;71;71;83;75;64;68
1644.0;314;322;187;188;188;203;82;83;71;68;84;73;65;72
1650.0;316;323;184;184;190;198;80;91;73;66;83;72;66;74
1656.0;315;318;189;182;193;194;80;92;73;64;80;74;68;78
1662.0;317;318;190;181;196;197;74;87;75;68;76;72;71;78
1668.0;319;322;189;182;198;194;75;87;78;70;76;72;66;72
1674.0;318;321;190;184;191;193;77;89;82;72;73;73;67;70
1680.0;310;324;187;181;194;192;72;89;85;78;74;75;66;73
1686.0;309;325;188;178;192;191;72;85;89;75;79;74;70;73
1692.0;310;326;192;183;191;193;72;83;84;77;78;67;69;75
1698.0;311;325;187;185;190;196;73;81;82;78;74;67;71;80
1704.0;314;327;186;185;191;196;69;84;82;81;72;64;70;79
1710.0;315;328;187;185;192;200;67;83;85;79;69;65;65;80
1716.0;319;328;182;185;191;196;70;79;82;80;75;66;68;79
1722.0;321;330;180;183;192;188;72;80;80;77;72;68;77;80
1728.0;324;329;182;182;192;189;69;82;76;80;73;69;75;78
1734.0;321;326;178;182;193;189;70;76;77;80;77;72;77;82
1740.0;317;327;178;184;197;187;70;80;76;80;73;70;80;81
1746.0;324;327;180;180;195;182;71;76;79;83;73;72;81;77
1752.0;321;328;173;187;192;180;76;77;78;81;69;74;84;80
1758.0;322;331;171;193;189;174;81;75;79;81;70;74;84;76
1764.0;325;330;169;193;187;175;83;72;78;86;73;74;83;72
1770.0;324;330;168;195;185;172;84;68;82;83;73;75;88;73
1776.0;325;328;170;192;185;175;85;66;86;81;74;69;91;73
1782.0;326;330;172;189;189;172;86;71;90;77;71;66;90;71
1788.0;329;328;172;189;191;173;89;72;87;78;71;67;85;69
1794.0;328;330;181;188;193;171;88;69;83;78;71;68;84;68
1800.0;323;327;176;192;203;173;86;64;84;76;75;67;85;69
1806.0;323;328;170;189;204;176;90;66;86;74;75;68;85;66
1812.0;325;324;176;193;202;173;85;68;82;77;79;67;82;67
1818.0;326;323;177;190;204;170;85;72;83;79;73;69;80;69
1824.0;322;321;175;191;205;172;83;68;81;79;76;75;80;72
1830.0;321;323;177;191;206;168;83;65;80;79;84;76;78;69
1836.0;325;325;176;189;198;168;84;64;81;80;89;75;79;67
1842.0;329;325;175;187;205;167;83;63;79;83;88;71;76;69
1848.0;330;327;178;186;197;164;86;67;79;81;89;70;75;71
1854.0;329;326;179;189;195;166;87;67;83;82;89;70;70;68
1860.0;330;327;179;190;197;170;83;65;85;80;89;68;69;68
1866.0;330;326;181;188;197;173;82;65;86;77;90;64;74;67
1872.0;330;324;184;189;193;171;84;64;92;71;92;62;78;66
1878.0;329;319;181;188;197;172;83;64;88;74;91;62;84;68
1884.0;333;314;184;185;192;176;81;65;89;73;89;64;86;69
1890.0;335;315;184;188;191;179;81;61;92;72;84;65;82;71
1896.0;336;316;183;184;192;180;81;61;86;73;86;64;83;75
1902.0;339;315;182;180;190;178;83;59;93;71;94;61;83;72
1908.0;341;313;183;183;187;176;87;61;98;72;98;57;76;68
1914.0;340;313;182;187;184;177;87;58;99;71;103;54;80;65
1920.0;342;312;180;188;186;174;85;61;91;73;100;63;79;66
1926.0;344;311;179;189;180;172;88;58;90;76;100;64;78;71
1932.0;345;313;175;192;182;169;89;56;92;76;101;64;79;67
1938.0;350;310;176;190;176;163;93;50;85;81;105;65;81;75
1944.0;352;315;177;186;177;163;90;52;89;78;99;69;84;69
1950.0;354;317;182;185;180;162;91;48;86;79;97;68;80;71
1956.0;360;315;182;182;182;164;89;50;83;79;92;70;82;70
1962.0;363;310;179;181;183;165;93;52;81;78;90;72;84;69
1968.0;361;310;181;180;185;163;87;53;75;81;92;77;83;72
1974.0;361;310;178;182;187;163;86;53;76;81;89;77;85;72
