#auto generated file!
12.0;82;79;96;87;110;86;104;72;62;71;88;85;95;83
18.0;83;82;100;94;112;87;103;67;62;73;83;83;88;83
24.0;85;83;95;93;115;91;100;64;64;74;83;86;87;80
30.0;88;84;94;93;118;93;102;60;67;70;81;83;87;80
36.0;91;85;97;94;117;94;96;59;68;67;82;82;91;77
42.0;95;90;95;97;117;100;94;52;64;63;83;82;90;78
48.0;95;92;94;96;114;101;95;53;62;63;84;81;91;79
54.0;94;92;95;97;113;102;92;54;66;61;85;78;90;81
60.0;96;92;96;99;113;101;92;52;63;62;83;83;87;81
66.0;96;93;98;100;112;101;89;51;62;63;80;82;88;85
72.0;97;93;101;102;115;102;90;53;62;64;77;79;81;84
78.0;98;95;100;105;116;102;86;52;65;63;77;78;79;84
84.0;100;96;102;104;117;101;84;49;65;63;77;79;79;84
90.0;101;95;102;104;116;102;84;53;62;61;79;79;82;80
96.0;104;96;101;107;118;106;81;53;62;60;75;78;83;76
102.0;107;101;101;107;116;109;80;53;64;59;73;77;78;75
108.0;111;103;98;108;117;108;80;53;62;59;72;76;78;75
114.0;113;103;100;110;116;110;78;51;64;56;74;74;81;70
120.0;112;105;98;110;119;113;83;49;61;55;74;68;81;72
126.0;111;106;99;114;119;110;81;50;59;57;76;65;82;71
132.0;114;109;103;115;120;109;82;52;59;54;73;59;79;72
138.0;113;112;103;117;122;109;77;53;60;53;73;59;79;70
144.0;114;110;104;120;121;107;78;54;59;51;73;58;81;70
150.0;116;110;105;117;125;109;80;55;60;49;71;53;80;70
156.0;118;108;105;119;128;111;75;55;61;48;72;54;78;68
162.0;117;109;107;116;129;109;76;55;60;50;69;55;80;68
168.0;118;114;106;116;130;109;75;50;60;48;68;54;82;70
174.0;125;116;107;119;132;107;71;53;58;50;65;53;79;65
180.0;126;119;109;119;130;107;68;52;57;50;65;58;77;63
186.0;131;121;111;117;130;107;67;52;59;52;64;56;70;63
192.0;131;122;113;117;129;105;71;55;60;52;62;53;66;64
198.0;132;124;112;118;130;104;71;55;58;50;63;50;68;65
204.0;134;127;113;118;134;102;70;55;57;46;68;50;63;63
210.0;134;125;113;120;134;105;72;54;60;47;65;49;60;62
216.0;133;127;114;120;134;106;72;52;60;45;66;50;61;60
222.0;134;133;110;123;135;103;71;50;63;44;64;53;61;56
228.0;138;134;115;123;134;104;67;53;62;43;62;53;59;53
234.0;137;136;115;123;133;105;66;55;63;40;60;53;61;53
240.0;136;137;117;124;136;104;63;53;61;43;59;51;64;52
246.0;136;137;119;125;140;102;61;53;58;41;59;53;61;55
252.0;139;134;125;124;139;101;62;53;59;42;58;51;59;54
258.0;141;136;125;120;137;106;61;53;60;44;55;48;59;55
264.0;141;136;123;117;135;107;61;52;62;47;57;45;58;59
270.0;141;142;121;117;135;102;62;50;62;47;55;49;61;56
276.0;141;146;121;116;140;104;60;48;61;45;53;45;60;60
282.0;144;145;122;116;139;102;59;51;59;46;52;45;62;58
288.0;142;147;120;115;139;105;63;50;61;46;55;43;58;56
294.0;143;147;122;115;140;106;58;52;60;46;55;41;58;57
300.0;145;150;122;115;142;106;56;51;61;44;54;41;56;57
306.0;149;147;122;115;141;107;55;51;58;46;56;41;52;60
312.0;152;145;121;115;141;107;55;53;57;46;57;41;52;58
318.0;153;146;120;114;137;107;53;55;58;48;56;44;52;57
324.0;156;149;118;116;136;111;56;50;56;48;53;41;54;56
330.0;156;150;118;116;133;111;54;53;55;48;52;40;55;59
336.0;158;152;119;114;135;111;52;50;55;47;53;40;55;59
342.0;158;154;121;115;131;111;51;49;54;47;52;43;57;57
348.0;161;153;122;113;128;114;51;52;51;48;53;39;58;57
354.0;161;151;125;112;128;116;55;49;48;46;53;44;57;55
360.0;158;152;124;114;131;119;57;48;48;45;51;46;55;52
366.0;158;151;124;113;132;116;57;48;48;44;53;50;56;50
372.0;161;155;127;114;131;115;55;46;46;44;51;51;57;47
378.0;161;152;130;114;126;116;53;47;51;40;51;53;60;46
384.0;162;152;132;117;126;118;53;45;51;41;50;51;58;44
390.0;163;153;133;117;126;117;53;48;50;40;47;50;59;44
396.0;163;152;132;113;125;116;52;45;52;40;50;50;61;49
402.0;161;155;127;115;123;119;52;47;50;43;47;53;60;48
408.0;163;156;126;112;121;123;56;46;47;44;45;52;60;49
414.0;164;153;126;109;121;121;57;44;48;44;49;54;58;52
420.0;164;155;125;111;118;118;57;47;46;45;49;55;58;52
426.0;162;154;122;114;115;117;60;49;45;47;49;59;56;51
432.0;162;154;118;113;114;122;63;46;45;48;47;59;55;54
438.0;162;158;121;114;114;122;58;44;47;46;47;61;54;52
444.0;165;156;120;117;115;121;58;41;50;43;47;60;54;53
450.0;166;158;119;117;113;120;60;40;50;46;48;59;51;53
456.0;166;157;122;115;114;123;60;38;48;46;49;57;51;54
462.0;167;157;124;114;118;117;62;41;44;46;50;53;52;55
468.0;166;158;126;116;119;116;65;38;44;46;49;54;51;52
474.0;165;157;126;116;120;113;67;40;46;46;46;53;54;51
480.0;163;156;129;115;119;116;68;44;43;47;48;47;53;52
486.0;164;155;128;115;121;116;69;42;39;45;48;52;53;53
492.0;165;156;125;114;121;120;67;39;44;41;53;53;49;53
498.0;165;157;125;114;122;118;67;40;45;43;49;50;53;52
504.0;166;156;127;115;129;117;62;38;43;45;49;49;51;53
510.0;172;156;126;111;124;118;59;42;45;44;54;47;49;53
516.0;172;155;128;110;122;116;60;41;46;44;56;45;52;53
522.0;173;156;129;109;118;113;57;42;48;44;55;50;52;54
528.0;172;155;128;112;117;117;61;45;49;39;53;48;51;53
534.0;176;158;128;109;117;115;62;47;51;40;51;48;48;50
540.0;175;158;127;109;114;116;62;49;55;39;51;48;47;50
546.0;175;159;130;112;112;111;62;50;54;35;52;52;48;48
552.0;173;159;131;116;114;113;60;48;50;34;52;52;47;51
558.0;173;158;129;122;111;112;61;48;49;37;51;52;44;53
564.0;173;161;128;124;112;111;61;49;47;38;50;50;45;51
570.0;174;160;129;125;111;116;62;52;46;37;47;51;43;47
576.0;173;164;126;124;115;118;60;49;47;37;47;48;43;49
582.0;177;160;124;126;115;118;57;49;48;36;49;48;46;47
588.0;176;159;125;124;116;115;55;54;46;36;49;51;46;48
594.0;176;157;124;123;113;120;55;53;46;39;51;48;48;47
600.0;175;154;123;125;113;121;55;54;44;36;50;51;47;52
606.0;176;152;123;125;114;124;46;57;47;35;57;50;46;48
612.0;178;152;126;124;115;121;46;57;44;39;56;47;48;47
618.0;181;155;128;123;115;124;44;56;41;39;55;44;45;50
624.0;179;153;127;125;114;122;44;55;39;41;56;46;50;49
630.0;181;154;130;126;113;121;45;57;37;37;58;46;46;49
636.0;184;156;130;123;115;125;46;55;38;34;55;44;46;49
642.0;185;156;129;120;112;124;51;54;36;35;56;46;45;51
648.0;186;161;124;117;109;121;50;56;39;38;55;49;43;52
654.0;187;164;123;118;109;120;51;56;38;38;54;50;41;51
660.0;187;164;123;117;110;121;47;57;35;39;57;51;43;49
666.0;189;164;126;118;110;123;48;53;31;37;58;52;44;47
672.0;190;167;125;117;109;123;47;57;32;39;54;50;44;46
678.0;192;166;127;117;109;122;47;59;33;40;51;50;41;46
684.0;190;167;129;116;109;122;48;57;33;41;49;49;43;47
690.0;189;169;129;114;108;124;49;53;32;41;50;49;45;48
696.0;186;167;129;115;108;120;50;55;34;42;48;48;47;51
702.0;186;170;133;119;106;119;48;52;32;41;48;47;45;54
708.0;184;166;137;122;111;117;47;46;35;46;44;48;44;53
714.0;181;167;136;124;112;115;46;46;35;44;48;49;45;52
720.0;180;166;136;127;113;114;43;47;37;43;45;50;43;56
726.0;179;164;137;126;117;113;42;47;37;43;46;48;44;57
732.0;177;164;139;129;116;112;42;47;37;41;46;48;43;59
738.0;179;163;132;134;120;111;42;46;39;42;49;49;41;53
744.0;181;165;131;136;118;110;42;44;39;41;49;48;42;54
750.0;179;164;134;133;121;107;43;48;38;42;48;44;43;56
756.0;181;163;131;134;122;103;41;49;42;44;49;46;40;55
762.0;182;161;128;136;125;103;41;48;44;45;50;47;38;52
768.0;179;162;129;135;122;106;41;46;41;48;53;48;37;53
774.0;183;163;126;136;120;105;40;48;43;45;54;51;36;50
780.0;182;162;131;133;121;104;39;47;44;47;52;50;40;48
786.0;182;164;129;135;121;104;43;46;46;46;50;49;40;45
792.0;182;164;126;134;121;106;42;45;51;47;53;48;38;43
798.0;183;160;122;133;123;105;43;46;53;50;54;47;38;43
804.0;185;161;122;130;124;108;43;47;53;45;53;46;41;42
810.0;188;164;122;130;122;107;43;46;53;47;53;44;41;40
816.0;191;165;118;129;124;108;42;45;52;46;50;47;44;39
822.0;186;169;119;129;123;106;46;43;48;49;47;48;47;40
828.0;188;169;118;126;121;108;46;42;49;50;45;49;47;42
834.0;188;168;115;126;121;107;47;48;49;51;43;50;47;40
840.0;187;168;114;128;120;107;48;50;48;51;46;46;46;41
846.0;191;167;114;128;118;108;48;49;49;52;46;45;45;40
852.0;192;171;113;126;120;106;52;54;44;51;45;44;45;37
858.0;192;172;117;126;123;103;53;53;44;52;42;41;44;38
864.0;191;171;117;123;125;102;55;53;43;52;42;38;44;44
870.0;190;174;115;123;123;102;58;53;41;52;44;39;42;44
876.0;193;177;113;119;125;100;55;53;38;52;47;42;43;43
882.0;192;176;113;116;124;103;54;55;41;52;50;43;42;39
888.0;189;174;112;114;127;106;56;57;40;51;47;44;42;41
894.0;187;174;111;113;132;107;54;59;39;51;47;44;41;41
900.0;186;175;113;114;130;110;54;59;36;52;47;45;39;40
906.0;183;173;114;114;130;111;54;59;36;52;50;44;41;39
912.0;184;173;115;113;129;113;58;58;36;52;48;42;41;38
918.0;182;174;116;109;132;111;56;53;35;49;51;45;46;41
924.0;187;176;116;110;127;110;56;54;36;49;47;42;50;40
930.0;184;176;115;109;126;109;59;56;37;51;51;43;46;38
936.0;182;175;114;108;126;111;59;55;39;51;54;42;45;39
942.0;184;175;116;105;129;109;56;57;36;52;53;49;43;36
948.0;184;176;111;106;127;111;57;54;36;51;52;51;47;37
954.0;185;178;112;105;126;113;57;54;37;49;49;49;46;40
960.0;186;178;114;105;124;112;54;52;35;51;48;51;47;43
966.0;184;178;114;106;122;112;51;54;35;53;47;53;50;41
972.0;187;178;115;104;124;113;48;50;32;51;47;55;53;43
978.0;184;183;114;103;126;112;47;51;33;47;45;56;53;46
984.0;184;188;115;105;128;110;47;52;32;45;42;54;52;46
990.0;186;182;115;106;127;109;46;54;32;44;43;51;54;51
996.0;187;185;117;104;131;110;45;51;37;41;42;52;49;49
1002.0;182;183;117;104;131;111;44;52;38;41;45;55;46;51
1008.0;182;185;118;105;129;110;44;50;42;43;45;56;44;47
1014.0;184;185;117;107;128;107;47;45;40;46;47;56;44;47
1020.0;183;184;118;111;125;105;49;45;41;43;45;57;43;51
1026.0;186;186;121;111;124;101;46;44;46;41;46;56;41;51
1032.0;187;184;119;110;123;102;48;47;46;40;46;56;40;52
1038.0;186;184;119;110;126;105;47;41;46;40;47;55;41;53
1044.0;182;184;120;112;126;106;47;42;44;41;48;53;38;57
1050.0;183;185;124;111;127;102;47;40;49;43;45;49;39;56
1056.0;184;183;123;108;126;104;45;42;51;44;49;47;40;54
1062.0;184;187;124;106;120;104;46;40;52;48;46;47;42;54
1068.0;186;186;121;108;123;104;42;41;55;47;45;48;42;52
1074.0;189;184;119;109;123;104;41;40;52;52;44;49;43;51
1080.0;185;191;121;111;123;101;43;40;54;51;42;52;40;46
1086.0;189;188;122;113;124;100;47;39;48;49;43;53;43;42
1092.0;187;187;127;112;121;96;47;46;48;49;44;52;42;42
1098.0;186;189;128;114;123;96;47;48;46;45;44;52;39;43
1104.0;184;191;129;111;124;95;46;49;47;48;46;50;38;42
1110.0;181;190;132;108;119;97;46;49;48;50;47;49;41;43
1116.0;177;192;132;108;117;98;46;48;51;53;46;52;40;40
1122.0;176;195;131;106;118;96;46;48;51;53;44;52;42;42
1128.0;177;196;129;109;119;96;47;45;52;50;42;53;40;45
1134.0;177;195;130;115;118;95;46;44;55;50;40;52;36;47
1140.0;177;196;128;110;118;98;46;42;54;52;41;51;39;48
1146.0;176;197;131;112;118;96;45;43;52;50;39;53;39;49
1152.0;177;198;130;110;119;98;44;46;46;51;39;53;42;47
1158.0;179;199;131;110;120;94;42;46;49;52;39;49;44;46
1164.0;179;200;131;113;120;91;43;43;48;51;40;50;43;48
1170.0;177;200;130;114;122;93;46;42;47;51;41;47;41;49
1176.0;179;199;128;114;125;92;46;42;47;50;40;44;42;52
1182.0;181;198;126;112;126;95;46;41;45;49;41;46;42;52
1188.0;183;193;126;110;126;95;44;41;48;48;43;45;43;55
1194.0;185;191;126;111;127;97;43;44;46;48;43;44;42;53
1200.0;187;191;125;114;124;99;44;43;45;47;42;42;47;50
1206.0;188;188;126;113;125;102;43;45;46;46;39;43;49;47
1212.0;186;189;126;113;125;100;43;44;43;48;39;46;48;50
1218.0;186;192;124;116;127;100;36;46;42;48;39;45;48;51
1224.0;185;196;124;116;126;102;36;43;43;49;40;39;49;52
1230.0;183;197;122;117;126;103;36;42;44;49;42;40;48;51
1236.0;183;197;123;117;122;103;38;44;43;50;43;38;47;52
1242.0;181;200;123;115;119;101;40;46;45;48;41;42;48;51
1248.0;177;198;128;116;117;102;39;50;45;45;42;43;52;46
1254.0;179;196;127;112;118;104;41;52;47;45;41;43;53;42
1260.0;182;193;127;114;122;105;37;53;49;48;40;40;50;40
1266.0;182;192;125;112;124;106;36;50;47;49;42;43;48;44
1272.0;184;192;124;113;123;106;34;51;48;50;41;44;47;43
1278.0;183;191;124;111;124;106;44;49;45;50;42;47;45;39
1284.0;182;189;124;113;120;107;44;48;47;46;44;52;45;39
1290.0;186;187;122;113;116;105;47;47;47;48;43;55;48;36
1296.0;185;185;124;114;117;106;45;50;49;48;42;54;46;35
1302.0;186;181;124;111;121;104;42;52;49;46;47;56;45;36
1308.0;187;181;125;113;123;104;46;51;49;46;43;52;45;35
1314.0;190;177;127;110;124;103;45;48;50;49;45;50;50;32
1320.0;187;177;127;108;126;100;45;50;51;52;45;50;49;33
1326.0;187;181;129;110;121;100;46;49;49;53;45;51;47;32
1332.0;185;181;131;110;121;100;45;44;47;57;46;51;50;32
1338.0;187;180;131;114;118;102;44;41;49;58;45;50;50;31
1344.0;185;180;127;118;118;103;44;44;51;57;46;45;50;32
1350.0;185;179;130;120;118;104;44;45;47;56;43;46;47;36
1356.0;185;182;131;123;117;103;41;44;45;55;45;47;46;36
1362.0;184;184;129;119;120;103;42;46;48;55;44;46;44;36
1368.0;183;186;127;117;120;104;42;47;49;54;43;44;47;37
1374.0;179;186;125;113;121;104;42;43;49;55;45;44;49;45
1380.0;178;191;126;114;119;105;43;41;48;55;42;45;51;42
1386.0;178;193;128;115;120;106;44;40;48;52;42;42;50;42
1392.0;179;193;129;114;123;106;44;40;46;55;40;45;44;42
1398.0;181;194;130;111;122;106;41;41;48;53;41;45;43;44
1404.0;183;196;130;111;118;105;44;41;47;53;39;45;45;43
1410.0;182;194;132;110;118;105;46;39;48;55;38;48;44;41
1416.0;180;195;136;108;115;107;47;38;46;55;38;48;45;42
1422.0;179;198;137;112;112;112;46;40;46;54;37;43;43;41
1428.0;179;199;137;113;112;110;45;39;46;54;35;45;44;42
1434.0;178;197;137;111;112;114;46;39;46;51;38;46;46;39
1440.0;177;195;132;111;111;114;46;38;51;54;39;48;43;41
1446.0;173;193;130;117;110;118;46;39;49;55;40;47;42;41
1452.0;174;188;131;117;110;113;44;45;49;54;43;45;45;42
1458.0;175;188;135;116;109;113;43;45;50;51;44;47;43;41
1464.0;174;189;134;115;110;115;42;46;48;49;44;46;45;43
1470.0;174;188;131;115;110;119;41;43;49;49;42;48;49;42
1476.0;174;188;133;117;108;120;43;43;47;48;43;50;47;39
1482.0;176;184;132;117;111;118;44;44;45;51;43;48;48;39
1488.0;174;183;133;120;111;119;45;44;45;48;42;50;49;37
1494.0;173;183;131;122;107;120;45;44;48;49;41;48;49;40
1500.0;175;183;130;119;108;119;45;45;49;50;41;48;49;39
1506.0;175;182;134;116;104;118;45;46;47;49;44;50;48;42
1512.0;175;180;138;114;103;120;43;47;47;52;42;51;45;43
1518.0;177;180;130;115;107;117;41;50;46;52;43;51;47;44
1524.0;178;180;128;113;105;118;42;47;47;51;51;47;48;45
1530.0;175;182;128;111;105;119;44;46;50;54;52;43;49;42
1536.0;177;185;125;110;105;119;44;46;49;54;53;43;51;39
1542.0;173;187;123;107;103;123;44;45;51;51;52;50;48;43
1548.0;174;190;122;107;100;123;42;43;52;54;50;49;49;45
1554.0;175;189;125;106;99;122;38;44;53;56;52;48;49;44
1560.0;171;192;122;110;98;124;40;43;55;56;50;45;50;44
1566.0;171;190;124;109;100;122;42;37;57;54;50;48;51;45
1572.0;174;190;121;113;102;122;40;38;53;57;48;49;48;45
1578.0;175;191;120;111;101;124;44;41;52;56;43;47;46;49
1584.0;170;196;122;110;96;128;44;37;51;59;43;49;48;47
1590.0;170;196;120;107;97;129;45;35;53;63;46;49;45;45
1596.0;174;194;120;109;99;128;46;35;51;60;46;49;46;43
1602.0;174;193;120;108;104;128;46;32;48;63;47;49;45;43
1608.0;177;191;119;108;105;129;50;31;47;58;51;46;48;40
1614.0;178;189;117;110;106;128;49;30;47;60;51;51;48;36
1620.0;183;185;118;111;107;127;51;31;47;57;49;52;46;36
1626.0;184;186;117;109;104;126;51;36;46;58;49;50;47;37
1632.0;185;187;121;108;103;126;49;36;46;61;48;45;49;36
1638.0;186;184;120;111;102;126;52;35;44;60;49;45;49;37
1644.0;187;183;118;113;100;125;53;37;45;59;50;45;47;38
1650.0;183;184;117;111;97;127;54;37;40;61;54;46;48;41
1656.0;185;184;119;109;97;126;52;37;39;65;54;48;45;40
1662.0;186;182;118;108;100;124;50;40;42;63;53;48;45;41
1668.0;184;182;117;106;102;124;49;41;41;63;54;49;45;43
1674.0;185;180;117;110;103;123;50;41;39;64;54;48;44;42
1680.0;184;179;117;107;103;124;50;43;42;63;55;50;42;41
1686.0;184;179;118;108;105;120;51;43;42;64;56;48;40;42
1692.0;183;179;116;108;105;122;57;44;40;62;52;49;40;43
1698.0;182;178;116;109;105;120;60;41;39;64;54;47;38;47
1704.0;183;181;114;106;102;119;60;45;44;65;53;46;36;46
1710.0;183;179;112;108;101;119;60;46;46;65;54;47;31;49
1716.0;187;177;114;105;108;117;60;47;47;63;51;48;33;43
1722.0;188;174;113;105;109;117;59;45;50;61;53;51;31;44
1728.0;189;174;114;107;110;111;61;44;49;62;52;52;31;44
1734.0;191;173;120;110;113;111;60;41;49;60;52;46;33;41
1740.0;192;172;119;110;115;114;59;38;52;54;53;48;32;42
1746.0;199;170;121;108;115;115;58;38;49;54;49;48;32;44
1752.0;200;169;123;107;115;116;56;41;53;53;48;44;31;44
1758.0;204;167;122;106;114;118;56;40;53;52;49;45;30;44
1764.0;203;166;122;111;113;120;57;42;52;52;49;44;26;43
1770.0;203;169;121;116;111;120;55;41;53;51;48;42;29;41
1776.0;206;168;121;117;110;120;55;40;54;51;45;43;29;41
1782.0;204;172;123;115;109;125;53;42;51;48;45;44;28;41
1788.0;204;174;122;116;110;127;52;43;52;47;42;44;25;42
1794.0;203;175;122;120;109;128;49;39;57;46;38;46;26;42
1800.0;205;177;122;119;108;127;50;36;58;45;39;44;28;42
1806.0;206;181;120;121;107;125;53;32;56;46;37;45;28;43
1812.0;206;180;118;119;111;125;51;34;56;46;39;44;27;44
1818.0;207;178;117;117;109;127;52;39;51;49;40;44;25;45
1824.0;209;176;117;116;108;126;53;43;49;47;39;43;28;46
1830.0;208;173;117;112;109;126;54;42;52;47;41;42;28;49
1836.0;210;172;118;113;108;122;55;39;55;46;39;45;30;48
1842.0;211;174;114;113;112;124;52;40;54;45;40;44;30;47
1848.0;212;173;114;113;112;125;53;42;54;41;41;43;30;47
1854.0;212;173;116;111;115;128;53;36;51;37;43;49;30;46
1860.0;214;173;117;110;115;128;51;35;53;36;42;48;30;48
1866.0;216;171;115;109;116;128;48;38;54;40;42;44;31;48
1872.0;217;172;116;107;118;127;48;37;51;42;40;44;32;49
1878.0;220;173;118;107;117;125;48;39;51;40;38;43;33;48
1884.0;217;177;119;106;120;125;46;38;49;41;39;47;32;44
1890.0;220;174;119;106;118;125;49;36;48;39;39;47;33;47
1896.0;219;175;117;103;119;130;44;35;48;42;40;47;35;46
1902.0;221;173;115;104;118;133;43;36;49;41;41;48;34;44
1908.0;223;174;114;102;118;133;42;35;48;43;38;48;35;47
1914.0;223;173;113;100;120;132;41;36;49;43;37;49;35;49
1920.0;224;173;113;99;122;130;43;35;52;43;37;48;34;47
1926.0;222;171;111;101;122;130;41;37;53;42;37;50;35;48
1932.0;223;171;108;101;119;132;39;39;51;41;39;48;38;51
1938.0;221;167;107;102;120;133;41;38;52;37;37;54;38;53
1944.0;219;170;112;99;121;129;41;34;50;38;44;52;37;54
1950.0;220;172;111;102;119;128;41;34;50;44;41;49;38;51
1956.0;220;175;112;104;120;126;42;35;47;41;41;49;37;51
1962.0;221;177;114;103;121;122;40;35;47;40;42;49;39;50
1968.0;221;176;112;102;121;125;44;35;50;40;37;45;42;50
1974.0;217;176;115;104;121;121;44;36;50;42;36;46;41;51
