#auto generated file!
12.0;123;135;123;145;128;95;129;134;135;133;147;117;130;126
18.0;122;136;126;151;129;95;131;133;132;126;145;116;134;124
24.0;124;136;124;152;131;98;133;130;128;126;145;115;133;125
30.0;124;141;129;155;132;100;138;126;124;123;141;115;129;123
36.0;126;147;134;157;138;99;139;121;123;122;138;110;127;119
42.0;130;149;137;159;141;102;136;120;121;116;129;112;133;115
48.0;132;151;134;162;140;104;137;124;117;110;129;111;133;116
54.0;139;154;140;165;141;103;138;123;115;101;125;109;132;115
60.0;141;153;140;164;140;105;142;124;110;100;127;112;128;114
66.0;146;156;145;166;141;111;137;120;110;99;127;110;118;114
72.0;146;159;148;173;145;111;137;113;110;101;124;109;116;108
78.0;146;161;149;174;148;116;136;113;104;103;114;106;118;112
84.0;144;168;149;178;151;117;133;115;103;98;108;110;112;114
90.0;144;172;153;175;153;118;133;115;105;96;109;105;113;109
96.0;149;178;152;174;157;119;130;114;103;91;112;98;117;106
102.0;152;180;158;173;155;120;128;116;101;89;112;101;113;102
108.0;159;183;161;172;156;125;127;110;98;86;111;101;109;102
114.0;165;184;162;177;158;126;125;110;97;84;110;97;104;101
120.0;170;185;161;177;160;130;119;107;97;87;109;99;97;102
126.0;172;186;162;178;160;133;119;99;90;93;112;97;98;101
132.0;172;186;164;176;160;136;114;101;90;93;109;98;98;103
138.0;172;189;164;176;164;139;115;101;89;90;105;96;96;104
144.0;175;193;170;175;165;139;110;100;91;86;103;96;95;102
150.0;177;196;168;172;165;141;107;106;92;88;101;94;92;101
156.0;181;199;168;171;165;136;107;103;94;92;96;93;92;103
162.0;183;200;166;172;167;141;105;99;97;88;95;93;90;104
168.0;185;205;165;171;165;144;109;95;97;87;93;93;93;98
174.0;185;203;168;175;166;144;107;95;97;87;90;93;94;96
180.0;186;211;170;178;165;145;106;96;91;89;86;93;92;92
186.0;188;215;169;179;164;146;100;96;93;93;85;95;86;91
192.0;188;221;173;176;164;145;101;96;89;90;85;95;85;92
198.0;187;219;177;181;162;148;105;98;90;86;86;90;82;89
204.0;190;220;175;183;160;150;103;97;91;85;85;93;81;87
210.0;191;223;176;182;162;149;102;94;95;84;86;92;82;82
216.0;194;225;172;183;166;147;100;90;94;82;93;91;80;83
222.0;197;228;174;181;167;146;96;92;93;84;93;87;79;83
228.0;193;227;171;184;164;148;93;93;95;85;94;88;81;84
234.0;195;224;173;189;162;150;92;97;94;89;90;87;78;80
240.0;199;227;173;192;158;151;91;91;96;82;90;90;81;79
246.0;200;231;174;192;162;156;86;87;96;86;91;86;79;74
252.0;201;231;174;194;159;158;87;87;100;87;91;84;77;70
258.0;202;233;173;197;158;159;88;89;98;85;89;91;74;64
264.0;204;233;172;192;156;163;88;88;101;87;88;93;73;62
270.0;208;232;170;194;157;166;89;87;98;87;85;91;73;63
276.0;213;229;175;198;158;165;90;88;97;83;82;91;71;60
282.0;213;226;183;201;160;166;89;89;100;84;79;80;68;62
288.0;218;222;183;201;159;165;87;92;96;84;79;81;69;64
294.0;215;223;185;201;165;159;88;93;96;86;76;82;67;64
300.0;214;225;189;199;167;159;88;87;96;88;73;88;66;61
306.0;212;224;189;198;165;160;89;87;96;87;73;89;67;64
312.0;208;226;187;202;163;162;91;83;97;87;74;92;67;61
318.0;206;231;184;205;160;162;90;80;96;86;75;96;69;60
324.0;210;228;186;204;161;166;91;83;94;84;74;94;65;60
330.0;214;228;183;204;166;165;88;82;95;82;72;94;66;61
336.0;216;235;183;210;169;162;87;79;90;79;69;92;70;59
342.0;215;239;181;208;173;160;88;77;88;80;71;92;67;61
348.0;217;238;185;210;171;159;88;74;83;83;75;88;68;61
354.0;216;236;185;208;171;166;85;69;84;82;75;91;70;62
360.0;213;240;188;210;175;165;88;61;83;84;71;93;70;59
366.0;210;242;190;208;177;167;87;56;86;84;72;95;67;59
372.0;205;245;193;204;179;166;90;58;82;80;73;101;64;60
378.0;205;244;191;205;181;160;94;60;85;78;74;102;61;60
384.0;207;242;190;205;179;162;97;61;86;76;72;102;61;60
390.0;208;241;194;208;180;164;93;58;84;75;74;102;61;58
396.0;209;239;192;210;179;162;92;60;83;77;74;96;66;61
402.0;209;243;190;208;182;159;95;61;79;76;73;95;71;59
408.0;209;249;190;208;186;158;92;61;81;69;72;95;70;60
414.0;204;250;187;210;184;158;92;66;80;71;75;90;72;61
420.0;202;251;184;209;185;158;94;64;78;75;75;92;72;61
426.0;203;252;181;212;189;158;95;62;74;75;74;95;70;60
432.0;206;250;177;211;182;159;90;64;78;74;78;96;73;62
438.0;205;250;178;214;185;159;88;64;78;77;75;92;73;62
444.0;202;253;182;214;187;153;87;64;75;81;72;95;72;63
450.0;206;253;180;212;181;155;85;66;74;83;70;93;77;65
456.0;210;254;181;211;179;150;86;74;75;81;70;88;72;69
462.0;211;257;181;210;183;148;82;76;74;82;71;90;66;69
468.0;210;258;178;208;186;149;81;76;78;79;71;92;65;69
474.0;209;259;175;207;189;148;80;76;74;82;76;88;70;67
480.0;206;260;175;205;192;148;85;71;76;82;74;90;69;67
486.0;207;264;177;203;193;148;83;68;79;82;72;89;68;67
492.0;208;269;179;201;195;150;86;66;78;83;70;86;64;65
498.0;212;267;180;196;194;149;83;67;74;91;69;86;68;64
504.0;211;268;179;194;193;153;85;66;74;88;72;88;68;61
510.0;215;269;180;195;197;155;86;64;71;84;68;85;69;62
516.0;218;270;184;196;195;153;83;68;67;86;72;79;65;64
522.0;219;272;179;197;197;150;84;69;66;82;73;80;69;63
528.0;222;271;181;194;192;152;82;72;63;81;76;80;66;68
534.0;224;275;183;192;195;151;78;73;65;77;74;78;70;65
540.0;229;276;181;189;201;151;75;74;68;75;72;77;67;65
546.0;230;279;181;187;201;148;75;74;66;75;74;78;66;66
552.0;231;282;177;183;202;150;76;70;68;78;76;79;64;64
558.0;226;284;177;182;204;148;78;68;66;76;78;81;66;66
564.0;225;284;177;179;205;149;76;65;67;74;79;80;70;70
570.0;222;282;179;175;206;147;80;68;63;77;79;81;70;71
576.0;222;283;183;172;209;145;81;68;59;81;78;79;70;70
582.0;223;279;182;174;202;147;83;71;62;84;73;81;73;66
588.0;225;279;184;174;191;146;81;72;64;86;74;82;74;68
594.0;227;279;182;172;191;146;76;73;61;88;74;85;77;69
600.0;227;282;178;174;196;146;77;72;60;88;71;85;77;67
606.0;231;279;181;172;197;146;74;72;60;86;72;82;80;68
612.0;235;280;181;174;195;148;79;71;62;86;66;83;77;63
618.0;234;281;183;172;190;151;77;75;62;86;62;86;78;63
624.0;236;283;186;172;190;151;71;74;60;86;58;87;77;69
630.0;240;282;182;172;197;150;73;71;57;83;58;84;81;70
636.0;240;283;183;174;196;149;71;76;60;78;60;80;81;69
642.0;244;284;183;177;195;150;69;75;59;75;59;82;78;70
648.0;242;287;181;177;192;153;70;75;55;80;62;85;76;65
654.0;239;287;180;176;189;158;68;70;56;83;64;82;80;68
660.0;243;286;182;174;186;156;69;64;56;86;70;81;80;67
666.0;245;289;183;172;188;155;67;62;55;82;68;80;82;72
672.0;245;292;180;173;184;155;64;66;54;79;70;80;88;70
678.0;242;294;181;172;181;154;67;70;56;81;65;77;89;71
684.0;241;292;180;173;181;149;68;69;54;86;64;79;91;73
690.0;241;294;182;174;176;150;67;69;54;87;61;79;92;74
696.0;236;294;178;170;184;149;68;75;56;87;58;79;92;74
702.0;241;293;179;168;182;148;66;77;54;90;61;77;90;74
708.0;243;291;180;167;179;151;70;79;56;85;63;74;89;73
714.0;243;293;185;167;177;157;67;76;55;85;62;74;87;72
720.0;240;293;185;168;177;156;67;79;55;81;61;74;92;72
726.0;240;294;186;164;176;157;67;79;57;82;66;73;86;73
732.0;241;289;188;166;177;160;64;79;57;84;67;73;82;73
738.0;241;291;189;164;174;165;63;74;57;89;67;71;84;71
744.0;239;294;188;161;176;168;58;73;62;87;64;73;87;70
750.0;244;294;187;165;169;164;61;70;63;87;63;74;85;74
756.0;247;293;186;162;167;165;62;70;65;90;60;77;84;72
762.0;244;296;186;159;168;161;62;72;67;84;62;78;87;74
768.0;247;293;189;162;168;159;62;75;68;84;58;74;87;74
774.0;248;298;191;165;168;156;60;79;64;75;64;69;88;75
780.0;246;297;193;162;170;157;55;81;63;76;64;73;91;72
786.0;248;297;191;159;172;158;54;80;64;75;63;74;90;75
792.0;249;297;188;155;172;158;52;80;66;75;66;77;88;77
798.0;252;298;187;158;170;157;59;78;66;74;65;78;85;73
804.0;250;303;188;159;171;159;58;78;65;75;67;73;84;70
810.0;249;306;187;156;172;158;56;76;67;78;61;77;88;69
816.0;252;307;185;149;173;158;60;75;66;77;58;79;89;72
822.0;254;311;179;149;175;163;60;73;66;78;54;79;91;68
828.0;255;305;177;151;173;168;59;76;68;77;55;80;89;67
834.0;252;308;176;151;173;165;63;76;70;78;53;79;87;69
840.0;254;309;173;152;170;165;64;77;70;82;49;75;85;75
846.0;257;309;174;150;169;169;65;73;71;78;52;74;89;70
852.0;261;308;177;149;172;166;68;74;70;76;50;73;87;69
858.0;262;301;180;152;162;163;71;75;73;75;50;78;90;68
864.0;263;304;182;147;162;161;75;77;73;77;50;69;92;68
870.0;265;302;183;151;161;165;74;73;75;77;52;67;89;66
876.0;263;306;183;153;162;165;74;72;73;76;54;66;87;66
882.0;263;308;182;153;162;166;72;71;74;77;55;67;85;65
888.0;259;306;186;151;169;165;77;71;75;70;61;65;83;62
894.0;254;308;186;152;173;163;80;68;78;65;60;65;83;65
900.0;258;307;188;150;171;165;80;67;82;68;58;60;82;64
906.0;259;305;188;150;171;166;80;62;80;70;60;62;80;67
912.0;255;308;189;151;168;169;78;64;82;71;58;65;75;67
918.0;256;309;192;154;167;163;76;64;83;72;56;65;77;66
924.0;252;309;194;158;167;168;76;65;85;70;57;65;75;59
930.0;249;309;192;159;170;171;73;69;85;67;61;58;77;60
936.0;246;309;198;158;172;169;77;67;86;67;60;59;74;58
942.0;248;311;199;159;173;170;78;64;82;68;59;57;75;57
948.0;243;310;203;158;174;173;76;64;79;72;59;58;76;55
954.0;245;308;207;155;171;171;77;65;77;73;62;58;76;55
960.0;246;312;208;155;170;173;79;61;73;71;64;60;74;54
966.0;245;306;205;158;169;176;81;61;74;72;65;62;76;50
972.0;246;309;202;159;169;171;85;59;75;71;64;62;75;53
978.0;248;309;201;161;176;170;82;61;78;68;62;59;72;53
984.0;249;311;198;164;174;172;78;64;74;64;63;61;73;55
990.0;251;311;198;164;172;174;82;62;73;60;60;63;72;58
996.0;249;308;198;163;173;173;86;62;72;60;58;67;72;59
1002.0;249;308;199;164;171;172;83;62;74;59;60;66;72;61
1008.0;251;311;206;162;167;171;79;65;73;59;57;71;65;63
1014.0;248;313;203;169;162;169;80;66;72;63;54;72;67;62
1020.0;249;312;199;170;166;168;76;71;69;66;55;72;65;62
1026.0;248;311;196;172;167;172;76;68;66;70;53;78;65;58
1032.0;249;308;198;172;174;165;78;63;67;70;51;79;61;65
1038.0;248;307;200;170;173;166;78;60;66;70;55;76;63;68
1044.0;247;305;201;172;173;167;76;60;69;73;54;76;63;64
1050.0;249;308;200;174;172;168;75;60;66;71;53;74;62;68
1056.0;249;309;191;176;171;167;79;60;69;71;56;77;58;67
1062.0;250;307;192;176;176;167;79;60;68;73;53;74;56;69
1068.0;246;311;188;175;180;166;78;60;69;72;55;74;58;68
1074.0;246;316;187;176;181;167;78;66;66;71;54;71;57;64
1080.0;244;318;192;175;182;166;73;67;65;71;50;71;60;66
1086.0;246;322;191;173;182;167;72;70;64;68;51;69;62;63
1092.0;247;322;188;173;183;164;72;71;66;69;52;68;62;63
1098.0;249;321;187;170;179;162;73;72;67;67;53;70;65;65
1104.0;248;320;188;167;175;163;75;69;65;70;52;72;68;68
1110.0;248;320;193;168;171;161;72;68;63;70;57;72;71;66
1116.0;252;320;191;164;170;158;69;67;60;75;60;68;75;71
1122.0;250;321;193;160;171;160;68;67;58;72;66;72;72;70
1128.0;255;320;193;152;170;159;62;71;57;72;65;76;78;70
1134.0;256;323;190;152;171;159;64;70;54;71;66;79;77;68
1140.0;256;319;191;153;169;161;63;68;59;73;64;80;76;68
1146.0;259;316;190;159;167;158;61;66;62;76;65;75;79;67
1152.0;255;313;191;159;172;159;56;66;60;78;64;76;81;70
1158.0;255;311;191;161;170;163;55;68;57;79;63;79;80;68
1164.0;254;311;189;158;168;163;53;66;60;76;65;79;89;69
1170.0;256;303;191;157;167;160;55;62;67;78;67;82;89;66
1176.0;258;304;189;154;165;158;56;63;64;78;70;83;87;71
1182.0;256;303;188;154;169;164;58;65;65;78;67;76;86;71
1188.0;255;303;186;154;165;164;64;65;65;77;68;73;87;74
1194.0;259;296;184;153;168;163;66;65;66;75;69;73;86;77
1200.0;258;299;181;159;167;163;66;67;66;74;72;69;84;75
1206.0;258;298;186;161;169;161;65;64;65;74;70;71;81;77
1212.0;262;298;186;158;169;160;66;65;64;70;75;74;76;77
1218.0;265;294;188;155;167;160;70;65;67;71;79;70;72;77
1224.0;264;293;184;156;171;154;68;63;68;70;83;71;74;81
1230.0;260;290;190;156;171;158;70;63;66;70;82;70;73;81
1236.0;262;288;188;157;172;158;66;67;69;67;83;69;73;81
1242.0;258;284;191;155;171;160;64;70;71;68;85;70;72;81
1248.0;262;283;191;155;172;160;64;65;70;66;86;70;75;81
1254.0;261;284;189;155;170;167;63;64;68;63;87;72;73;84
1260.0;261;282;190;157;171;165;64;63;65;63;91;72;71;85
1266.0;258;281;189;162;172;163;64;61;65;59;93;73;69;91
1272.0;258;279;191;163;176;163;59;57;65;62;94;72;67;94
1278.0;263;276;187;165;175;162;56;57;67;62;91;78;65;96
1284.0;259;281;186;168;170;163;58;56;64;63;95;78;60;99
1290.0;263;284;185;167;177;162;62;57;62;59;88;78;56;100
1296.0;260;285;186;170;178;160;61;63;65;62;85;78;52;95
1302.0;263;288;190;172;176;160;59;62;64;61;84;73;55;93
1308.0;267;283;187;172;178;160;56;62;63;64;84;75;55;94
1314.0;268;283;185;173;177;161;55;64;65;69;84;70;52;94
1320.0;269;278;186;173;177;160;57;65;65;69;83;68;53;97
1326.0;270;273;187;173;177;161;60;68;66;68;80;71;51;95
1332.0;268;273;188;177;175;165;64;70;68;69;78;68;46;91
1338.0;266;272;187;175;179;167;67;72;70;70;74;68;47;86
1344.0;266;269;187;173;179;167;66;74;69;71;72;68;49;90
1350.0;268;270;189;166;179;171;64;74;73;66;72;66;51;91
1356.0;263;272;195;168;180;173;65;71;70;65;71;64;53;90
1362.0;269;273;194;165;175;176;63;71;67;68;72;65;54;88
1368.0;268;273;194;167;176;175;65;71;68;66;74;65;54;84
1374.0;269;276;195;163;175;176;68;71;69;68;72;64;53;81
1380.0;268;277;194;166;174;171;68;68;72;70;74;66;52;80
1386.0;271;276;196;167;172;173;64;67;75;66;76;69;48;80
1392.0;267;279;194;167;177;175;64;69;75;64;73;71;47;78
1398.0;262;281;196;165;177;181;68;66;71;64;69;71;47;82
1404.0;264;282;193;166;179;180;71;66;64;66;70;70;46;83
1410.0;269;281;190;162;176;183;69;69;61;67;72;69;48;84
1416.0;265;282;191;163;174;182;69;68;58;69;70;68;51;90
1422.0;264;283;189;163;175;184;71;65;62;69;73;67;51;84
1428.0;264;283;190;165;177;182;69;64;62;73;69;65;53;84
1434.0;263;280;189;165;177;185;71;62;59;79;68;65;56;81
1440.0;257;280;183;168;178;190;70;63;61;81;71;61;58;79
1446.0;259;277;191;167;178;188;70;64;58;82;70;63;60;73
1452.0;258;276;189;167;178;185;75;67;58;78;69;63;63;74
1458.0;261;278;187;169;179;180;73;67;58;76;68;64;62;78
1464.0;259;279;190;173;177;178;74;68;58;73;66;65;61;79
1470.0;261;278;194;174;175;181;73;68;59;73;64;63;58;79
1476.0;263;278;192;179;174;178;70;67;60;77;66;62;56;78
1482.0;263;277;187;183;174;180;71;68;61;73;65;63;56;79
1488.0;263;276;187;184;172;179;75;68;62;73;66;59;59;77
1494.0;263;275;185;186;171;181;73;67;61;69;63;63;61;82
1500.0;261;278;185;186;171;179;71;69;62;73;59;62;63;81
1506.0;265;277;185;188;170;180;70;68;62;71;62;63;58;81
1512.0;269;277;183;188;170;178;66;68;59;67;68;68;58;81
1518.0;269;276;183;187;171;178;65;67;62;69;74;65;53;81
1524.0;265;278;181;186;167;174;65;72;67;69;75;71;51;79
1530.0;269;273;178;185;162;180;63;74;68;73;75;68;53;79
1536.0;270;269;178;185;166;177;60;77;68;74;75;67;53;81
1542.0;272;269;176;182;168;176;58;76;66;75;76;66;56;84
1548.0;274;267;178;183;169;172;60;79;61;75;74;66;60;82
1554.0;274;265;179;181;168;174;64;78;58;73;75;66;63;82
1560.0;276;270;181;177;165;173;66;79;58;78;73;64;58;82
1566.0;278;269;181;178;166;174;61;79;59;78;74;64;56;83
1572.0;281;268;178;183;166;170;58;79;62;76;78;67;54;80
1578.0;281;270;179;185;165;168;59;80;63;74;76;68;52;80
1584.0;283;276;180;185;162;168;60;76;63;71;76;68;53;79
1590.0;282;276;181;184;164;167;59;75;62;70;73;70;58;79
1596.0;282;276;184;185;161;165;60;74;62;67;74;74;56;80
1602.0;284;274;183;185;162;167;62;75;60;70;69;68;60;81
1608.0;281;274;183;184;160;166;59;74;60;70;70;68;67;84
1614.0;279;273;185;182;158;166;62;73;61;70;72;68;74;77
1620.0;282;276;185;184;162;166;62;75;62;66;66;68;76;70
1626.0;279;276;185;181;167;163;63;79;61;68;66;64;76;72
1632.0;282;278;184;184;165;161;64;74;60;72;60;69;75;72
1638.0;287;277;184;183;169;161;63;75;60;70;58;67;75;71
1644.0;288;275;181;184;168;164;65;74;59;68;63;61;77;73
1650.0;285;275;179;180;172;164;61;77;63;67;63;65;80;69
1656.0;286;271;180;184;177;164;62;73;61;63;67;66;77;69
1662.0;284;268;178;188;178;164;59;73;60;66;65;67;78;72
1668.0;281;269;186;186;176;167;58;73;55;65;63;70;78;73
1674.0;284;269;188;183;174;164;55;74;57;65;65;71;81;70
1680.0;284;271;182;183;173;167;56;77;55;65;62;69;81;75
1686.0;280;271;185;183;168;167;55;76;57;69;63;69;80;77
1692.0;279;270;186;178;170;166;56;77;57;67;63;69;83;79
1698.0;278;268;189;182;171;163;52;80;55;63;66;69;86;78
1704.0;279;263;186;187;171;160;56;79;57;63;68;70;85;76
1710.0;278;266;184;187;173;162;55;78;59;66;68;69;82;73
1716.0;278;263;184;186;170;166;54;76;61;64;71;71;82;74
1722.0;276;263;183;186;172;163;54;79;61;64;72;73;85;69
1728.0;276;261;184;187;174;162;53;81;63;64;71;72;85;67
1734.0;281;257;181;185;179;162;53;83;63;65;68;71;84;68
1740.0;274;256;181;187;181;160;57;76;64;65;71;68;85;75
1746.0;271;260;177;186;180;161;57;77;60;68;72;75;85;71
1752.0;271;265;181;182;178;159;58;78;57;72;75;71;81;72
1758.0;270;265;183;180;179;156;61;78;57;73;75;69;81;73
1764.0;267;262;187;184;178;156;61;82;56;71;77;66;83;70
1770.0;270;267;181;179;176;165;62;81;53;71;79;62;84;70
1776.0;268;264;179;179;177;163;63;85;57;69;77;64;85;70
1782.0;270;262;181;178;177;162;67;81;56;72;73;65;85;71
1788.0;267;261;181;179;180;163;67;75;56;70;77;66;84;74
1794.0;272;261;187;178;172;163;64;76;57;71;73;66;84;76
1800.0;274;266;179;183;174;161;64;74;53;74;71;62;88;77
1806.0;270;265;180;178;173;166;65;75;49;77;75;60;88;79
1812.0;270;268;179;176;171;165;63;73;52;73;79;62;88;81
1818.0;271;268;179;173;166;166;63;75;53;74;78;62;87;85
1824.0;267;270;179;171;167;167;63;75;51;78;78;63;85;86
1830.0;267;269;178;170;167;164;61;79;53;78;78;64;88;84
1836.0;267;271;179;168;167;167;62;78;52;80;76;64;87;82
1842.0;270;269;184;169;165;168;62;75;47;77;78;69;85;82
1848.0;275;272;185;171;162;168;61;77;51;75;76;66;81;80
1854.0;275;269;187;174;166;173;62;76;52;72;74;60;79;81
1860.0;276;272;186;174;167;173;66;74;52;73;74;59;76;78
1866.0;275;273;182;173;169;175;68;72;56;77;75;54;76;75
1872.0;277;271;174;176;169;176;69;71;56;78;80;56;73;74
1878.0;278;267;174;177;173;179;68;68;58;74;79;58;75;72
1884.0;277;266;169;179;174;179;68;67;60;72;79;54;82;74
1890.0;281;263;169;179;173;176;64;73;62;71;75;57;80;77
1896.0;278;270;172;178;173;182;59;74;62;73;71;56;77;75
1902.0;278;268;170;178;173;185;61;75;62;75;66;56;77;76
1908.0;279;269;169;176;171;184;62;73;64;73;68;56;77;79
1914.0;283;273;166;171;169;183;63;74;65;74;70;56;77;76
1920.0;284;276;167;172;168;182;64;74;61;72;71;58;77;74
1926.0;283;272;168;173;169;177;63;82;60;73;70;57;81;72
1932.0;286;267;171;173;172;176;63;79;62;72;71;57;79;72
1938.0;286;268;170;173;174;173;63;82;60;72;71;58;77;73
1944.0;293;269;172;171;173;173;63;81;59;72;69;60;73;72
1950.0;291;271;174;168;175;172;64;80;61;72;70;61;74;67
1956.0;292;270;175;170;172;168;62;80;67;73;69;60;70;72
1962.0;295;269;174;168;174;172;65;78;66;70;69;57;70;73
1968.0;295;268;169;168;174;171;66;77;67;70;67;56;74;78
1974.0;298;267;167;170;180;169;67;75;69;69;66;60;70;73
