#auto generated file!
12.0;133;135;144;148;149;163;147;130;141;147;138;145;138;142
18.0;142;143;146;152;155;167;146;132;131;144;132;141;131;138
24.0;146;147;147;158;153;180;143;121;128;142;129;139;128;139
30.0;154;148;156;159;156;181;142;119;128;134;125;131;127;140
36.0;154;151;159;161;157;186;141;116;131;130;119;133;128;134
42.0;154;152;161;164;160;188;138;112;129;129;117;136;127;133
48.0;158;156;161;162;162;186;138;107;128;127;120;137;130;128
54.0;161;157;162;163;165;189;137;108;131;125;118;135;122;127
60.0;163;157;161;168;164;189;132;104;133;122;118;134;123;132
66.0;167;161;165;166;166;188;128;104;127;119;121;137;121;130
72.0;169;161;167;167;169;187;125;101;129;119;121;136;120;129
78.0;175;163;167;172;170;188;122;98;127;122;121;131;117;127
84.0;172;163;170;174;165;190;121;98;129;126;117;130;116;129
90.0;173;165;173;176;164;187;127;106;121;118;117;125;123;125
96.0;177;167;173;175;169;186;123;106;123;116;120;125;119;121
102.0;181;164;175;180;169;188;119;107;121;111;117;124;120;124
108.0;185;169;176;181;174;181;115;104;116;112;118;128;118;123
114.0;179;168;177;178;182;185;118;104;114;110;119;124;120;122
120.0;182;170;173;175;183;189;113;104;114;111;121;127;121;117
126.0;186;171;173;174;187;192;109;101;117;111;114;126;122;117
132.0;189;174;176;179;187;189;108;97;117;112;114;121;121;116
138.0;191;178;175;182;188;192;109;98;121;107;112;120;116;111
144.0;190;182;174;185;192;192;112;98;117;107;113;117;115;106
150.0;196;183;176;190;194;189;110;99;120;106;101;115;115;106
156.0;199;183;182;192;195;185;112;99;118;102;103;113;113;104
162.0;200;188;183;198;196;188;108;97;118;98;99;113;115;99
168.0;200;190;183;199;198;187;107;95;116;95;100;112;117;101
174.0;203;191;183;202;197;186;107;90;114;99;102;112;115;99
180.0;208;197;185;203;196;187;104;94;109;98;99;107;111;102
186.0;214;201;187;205;197;186;107;93;106;96;95;98;111;104
192.0;218;202;188;207;198;180;113;88;106;96;93;99;110;102
198.0;220;206;189;206;204;178;110;93;103;94;93;97;108;99
204.0;222;210;190;207;209;178;107;92;97;91;94;98;107;98
210.0;225;213;188;206;203;184;106;91;98;92;100;98;102;94
216.0;224;222;185;205;207;188;105;88;98;92;98;93;101;94
222.0;225;220;189;207;208;187;103;90;96;89;99;94;101;92
228.0;224;224;189;207;213;189;101;90;97;90;97;89;96;94
234.0;226;225;187;211;213;189;99;88;93;91;99;91;98;90
240.0;223;226;186;207;219;188;94;89;92;95;99;96;97;89
246.0;224;224;186;207;222;190;94;87;92;95;97;93;98;91
252.0;224;224;186;212;223;187;92;97;89;93;96;90;99;88
258.0;231;229;186;213;222;192;91;95;86;92;92;88;99;84
264.0;233;230;184;214;221;190;95;97;86;88;91;90;100;81
270.0;232;229;186;215;221;192;100;99;85;86;87;87;95;86
276.0;230;230;184;215;218;193;96;107;85;88;81;91;95;87
282.0;229;228;187;212;220;195;99;108;82;90;82;91;93;84
288.0;232;232;188;212;218;196;101;104;80;85;86;89;93;84
294.0;239;237;190;214;213;197;99;105;79;80;84;84;98;81
300.0;239;238;190;216;214;195;99;105;76;81;85;83;97;82
306.0;242;236;192;218;216;191;99;104;75;83;82;80;96;86
312.0;246;238;192;217;220;193;95;104;77;81;77;84;94;82
318.0;248;244;191;218;222;190;94;103;75;81;77;83;90;84
324.0;253;245;193;220;218;186;94;100;78;81;76;80;93;83
330.0;254;254;195;219;213;189;87;103;80;79;74;79;92;82
336.0;253;257;194;216;217;190;85;105;77;74;73;75;102;82
342.0;256;259;197;216;218;192;85;103;79;73;68;73;103;78
348.0;254;258;199;214;219;191;84;99;82;71;72;72;103;82
354.0;251;256;197;212;220;193;86;96;86;71;71;75;99;87
360.0;255;260;193;215;219;189;87;90;91;74;69;73;99;86
366.0;252;257;196;215;218;185;87;95;92;77;73;74;97;82
372.0;249;257;198;213;220;185;85;92;95;77;76;71;99;83
378.0;248;259;196;212;219;185;83;97;98;76;80;72;95;80
384.0;254;259;196;212;221;189;79;97;97;75;75;67;96;83
390.0;256;259;197;211;221;194;80;96;94;77;78;64;92;81
396.0;259;263;194;209;222;196;75;94;91;78;81;63;93;82
402.0;259;264;195;209;218;199;75;91;89;81;79;66;95;80
408.0;257;268;198;208;218;196;74;89;97;81;80;67;88;79
414.0;261;273;193;205;213;199;78;85;97;82;77;70;91;76
420.0;262;273;190;207;215;199;81;80;100;80;78;69;89;77
426.0;264;273;191;209;214;199;79;81;97;79;81;66;91;76
432.0;262;276;191;210;214;196;79;80;91;80;82;67;94;78
438.0;264;278;188;205;215;196;80;78;91;79;84;67;97;78
444.0;267;281;193;198;214;201;76;80;91;79;81;67;93;79
450.0;267;279;195;199;216;198;79;76;92;80;83;64;95;77
456.0;273;277;192;200;217;201;78;72;91;76;85;64;98;76
462.0;273;277;196;199;215;205;79;69;90;77;87;64;93;76
468.0;273;276;200;200;214;207;78;69;90;75;86;67;88;77
474.0;272;278;202;196;209;208;79;70;93;77;82;70;87;77
480.0;270;281;202;199;201;210;77;75;92;78;84;68;85;78
486.0;274;281;202;202;199;207;78;69;97;77;86;67;82;79
492.0;273;282;204;202;200;206;79;70;96;74;84;72;82;76
498.0;272;283;202;200;200;205;82;67;95;76;85;75;80;78
504.0;275;285;198;197;199;210;85;68;96;74;82;76;81;74
510.0;272;287;195;195;194;210;84;72;95;73;84;76;87;76
516.0;276;289;196;196;196;205;83;75;89;72;86;80;84;73
522.0;277;286;198;197;196;204;87;75;88;69;82;83;84;74
528.0;276;289;200;202;197;200;87;76;92;69;79;80;82;71
534.0;274;291;202;201;198;199;91;74;91;73;78;80;79;69
540.0;269;293;211;203;196;194;92;78;92;73;75;74;80;70
546.0;273;295;206;200;196;197;93;80;92;71;72;74;80;71
552.0;275;298;204;202;195;197;93;76;91;72;72;77;78;70
558.0;277;302;201;203;191;200;94;77;86;75;71;74;77;72
564.0;277;299;199;202;190;203;90;81;87;77;68;79;75;73
570.0;280;296;199;203;186;196;92;81;86;78;69;82;77;75
576.0;280;301;201;204;186;191;92;80;81;78;68;84;77;77
582.0;278;300;201;203;184;191;95;86;83;77;66;82;76;78
588.0;280;299;205;206;183;193;93;84;76;77;68;81;75;80
594.0;283;297;201;201;181;191;94;83;77;78;72;82;78;82
600.0;287;297;200;203;178;191;89;83;72;79;75;80;81;85
606.0;285;295;201;202;183;190;90;81;72;76;74;84;85;82
612.0;288;295;204;202;181;191;85;82;73;79;72;85;82;81
618.0;291;299;199;199;182;191;81;85;77;79;70;83;85;79
624.0;290;300;194;200;179;192;84;90;80;77;68;79;89;78
630.0;286;295;192;201;180;193;88;90;77;77;70;79;92;80
636.0;288;296;191;203;180;196;91;88;73;77;72;79;86;80
642.0;288;297;189;207;178;199;85;86;74;77;73;79;91;77
648.0;290;297;185;209;182;196;89;84;77;75;74;83;83;76
654.0;294;297;186;205;185;194;88;80;79;74;74;79;82;83
660.0;298;295;190;200;185;194;87;77;76;75;79;79;84;81
666.0;300;298;192;198;186;195;85;72;74;74;80;80;86;80
672.0;297;292;189;204;191;196;87;71;73;71;82;81;86;80
678.0;298;292;184;203;191;192;87;74;72;73;83;83;86;82
684.0;296;290;189;206;191;194;88;74;66;74;79;85;84;84
690.0;297;288;194;205;189;191;86;72;67;78;80;86;83;84
696.0;294;290;190;207;184;197;84;73;67;79;80;81;88;86
702.0;292;292;191;212;182;198;86;74;66;81;81;78;86;81
708.0;291;294;195;211;179;198;86;76;68;82;75;76;84;85
714.0;294;290;189;210;184;197;86;76;69;83;79;72;89;82
720.0;291;292;191;209;183;198;83;73;72;85;84;72;89;78
726.0;290;290;187;213;181;203;87;70;73;86;82;70;90;78
732.0;291;291;184;214;178;205;85;66;72;91;81;70;93;79
738.0;287;293;184;212;182;211;90;66;71;86;80;67;91;80
744.0;287;291;188;211;189;210;90;67;67;86;75;69;90;80
750.0;286;289;186;211;190;213;90;71;69;84;74;67;94;76
756.0;283;292;186;209;192;213;86;70;72;84;78;67;94;74
762.0;293;289;184;207;191;209;87;70;69;87;78;65;95;76
768.0;299;290;178;209;192;208;84;70;72;85;76;65;94;78
774.0;301;291;181;209;187;208;84;70;73;81;79;64;95;77
780.0;303;291;180;207;187;207;86;72;72;80;81;61;96;77
786.0;297;295;186;207;185;204;87;76;70;80;82;64;92;75
792.0;298;294;186;206;186;207;87;77;69;79;79;66;93;73
798.0;299;291;189;208;187;205;89;80;71;77;77;70;88;69
804.0;301;291;190;204;189;205;93;79;73;72;77;75;84;67
810.0;301;289;192;204;191;204;90;74;70;75;76;77;85;72
816.0;300;289;194;203;190;206;88;74;69;72;77;74;88;76
822.0;299;285;187;199;191;203;86;76;73;76;78;79;89;79
828.0;298;285;187;200;189;200;86;75;76;77;77;81;90;79
834.0;303;293;188;195;182;202;82;81;79;79;79;77;89;71
840.0;304;293;190;195;182;198;84;80;77;78;82;74;91;72
846.0;307;289;189;203;182;195;85;81;75;80;79;75;87;73
852.0;309;291;186;197;180;191;85;82;77;83;79;76;88;76
858.0;309;296;187;196;181;185;85;88;77;80;81;75;88;72
864.0;314;298;187;195;180;186;81;85;82;80;77;77;81;77
870.0;312;297;187;192;187;180;79;92;85;83;76;73;79;78
876.0;312;300;189;198;189;178;81;86;84;82;75;68;77;81
882.0;308;296;188;199;197;177;84;84;85;83;77;66;74;82
888.0;312;299;186;199;194;175;85;80;91;80;75;67;74;83
894.0;305;299;186;195;196;179;85;82;92;84;73;65;75;84
900.0;303;299;185;193;195;183;86;87;91;84;71;65;74;84
906.0;307;298;183;194;190;180;87;87;91;84;65;70;77;87
912.0;304;302;180;197;194;180;83;88;87;87;62;73;78;85
918.0;307;304;178;198;198;181;83;84;80;88;62;71;80;86
924.0;304;303;176;196;200;184;83;85;83;91;62;70;79;84
930.0;307;301;174;194;199;189;83;79;83;96;62;73;80;80
936.0;306;306;173;192;201;192;77;75;81;93;66;72;78;88
942.0;307;306;175;191;202;193;79;75;77;94;69;71;76;85
948.0;305;309;174;189;198;196;77;79;80;98;65;71;77;82
954.0;305;313;177;181;197;194;73;81;85;99;62;72;76;85
960.0;307;312;180;182;199;191;72;84;83;88;62;74;79;87
966.0;305;309;175;184;202;190;66;85;85;85;64;77;81;92
972.0;305;303;180;183;203;189;70;82;87;82;67;76;82;91
978.0;304;300;188;180;202;190;70;79;87;80;69;81;78;92
984.0;303;299;188;184;201;192;68;71;85;83;76;80;83;87
990.0;303;297;190;185;202;192;67;72;86;84;77;80;81;84
996.0;303;301;190;183;199;193;66;76;82;77;76;82;85;87
1002.0;308;303;191;180;199;196;62;76;78;74;76;83;87;87
1008.0;305;299;190;181;199;194;62;77;80;79;76;81;87;90
1014.0;306;298;195;181;197;196;62;73;81;76;80;82;85;88
1020.0;306;303;194;185;197;195;62;74;78;75;83;79;84;85
1026.0;311;304;191;187;197;196;63;73;81;77;80;75;86;79
1032.0;310;304;194;189;194;197;62;71;85;77;81;69;87;80
1038.0;311;307;193;189;194;200;62;68;85;78;77;73;82;81
1044.0;310;304;192;193;197;201;62;69;84;77;80;71;79;81
1050.0;313;303;192;194;195;201;67;68;82;74;77;72;83;79
1056.0;312;304;193;192;194;200;63;70;85;74;77;74;84;78
1062.0;314;305;196;192;191;203;58;69;84;77;85;76;77;73
1068.0;314;308;195;191;191;202;56;69;83;76;87;76;73;79
1074.0;311;308;198;193;194;199;59;65;81;74;88;77;74;79
1080.0;309;307;194;192;198;199;60;66;78;77;90;79;71;80
1086.0;312;310;197;188;196;196;60;64;79;75;90;75;74;84
1092.0;311;306;197;186;199;193;57;68;82;73;99;74;71;84
1098.0;314;305;197;190;202;193;54;67;82;70;96;76;69;85
1104.0;310;305;196;190;202;200;51;65;81;70;99;76;68;87
1110.0;309;310;195;188;209;197;52;70;81;70;98;74;64;83
1116.0;312;312;195;187;205;194;56;69;77;70;101;70;65;87
1122.0;312;312;193;189;199;196;60;70;73;71;100;70;69;86
1128.0;311;314;195;187;196;198;61;71;75;73;101;65;70;83
1134.0;312;311;194;189;200;201;62;71;74;71;100;65;69;81
1140.0;308;310;196;193;203;201;61;72;74;72;98;65;67;80
1146.0;306;309;195;192;206;202;61;75;75;74;95;68;65;77
1152.0;305;315;196;191;199;206;63;71;77;77;95;66;61;78
1158.0;303;314;197;191;196;203;63;69;80;77;93;70;62;82
1164.0;303;315;196;192;199;201;60;67;83;76;91;73;63;81
1170.0;303;320;189;195;201;203;58;66;88;71;88;75;63;80
1176.0;301;322;187;191;205;209;58;68;89;72;84;73;62;79
1182.0;303;322;185;192;206;207;55;68;89;72;83;74;61;83
1188.0;304;324;187;188;208;203;55;67;84;75;82;71;67;85
1194.0;303;321;186;186;207;207;56;68;82;77;86;70;65;86
1200.0;299;319;179;184;211;205;62;70;83;76;87;78;62;85
1206.0;299;321;179;185;208;201;66;71;81;78;90;77;60;84
1212.0;300;321;179;187;208;199;68;71;84;74;93;72;59;85
1218.0;296;323;181;183;209;203;70;66;82;70;90;74;68;85
1224.0;298;316;179;185;206;205;67;69;85;74;91;74;67;84
1230.0;296;320;183;184;204;204;64;69;86;75;89;75;66;85
1236.0;297;320;184;180;203;204;67;73;78;77;88;74;71;84
1242.0;299;318;187;180;204;203;64;72;76;76;88;74;76;83
1248.0;294;314;190;178;204;203;59;73;78;77;92;76;79;83
1254.0;296;313;190;180;203;204;61;74;75;76;93;77;76;82
1260.0;298;314;191;182;200;203;63;72;76;80;88;74;76;83
1266.0;297;315;191;182;198;207;65;74;72;79;88;72;76;84
1272.0;298;319;187;185;196;204;66;74;73;77;88;72;73;88
1278.0;299;320;187;184;197;204;69;71;70;77;89;72;75;86
1284.0;299;319;181;184;196;203;72;70;71;78;88;72;75;92
1290.0;298;321;179;182;188;205;73;72;71;78;81;78;82;92
1296.0;294;319;183;184;182;204;75;75;73;77;80;80;85;89
1302.0;289;323;181;185;188;204;74;77;73;77;77;78;86;88
1308.0;286;322;180;187;186;204;76;80;71;80;79;76;85;88
1314.0;288;327;181;188;192;201;72;77;66;83;81;76;78;90
1320.0;291;330;180;186;190;199;70;78;67;81;80;75;80;93
1326.0;294;338;182;184;184;201;73;79;68;78;81;72;79;87
1332.0;291;340;178;184;188;203;77;76;66;81;84;64;80;88
1338.0;292;336;179;186;186;202;77;77;67;79;82;69;83;85
1344.0;297;342;179;187;190;200;71;77;65;73;83;70;81;85
1350.0;298;343;178;189;188;198;70;79;67;74;84;70;78;84
1356.0;301;345;180;187;185;200;66;76;73;73;84;65;80;85
1362.0;303;345;186;183;186;200;71;77;76;70;81;65;77;80
1368.0;302;346;187;181;187;192;73;78;79;68;85;68;73;81
1374.0;301;344;187;183;191;195;73;74;82;72;81;66;72;79
1380.0;303;346;189;183;191;198;74;69;85;69;78;65;73;77
1386.0;306;342;188;179;191;202;74;67;87;67;78;69;70;80
1392.0;300;340;192;179;187;201;78;70;84;68;80;70;72;79
1398.0;304;339;191;174;185;202;75;72;86;70;80;71;72;79
1404.0;302;338;186;176;187;207;72;74;88;70;81;70;72;77
1410.0;300;341;191;177;181;205;72;76;85;71;82;73;69;77
1416.0;293;342;192;177;180;208;70;75;86;70;83;77;69;78
1422.0;290;340;189;174;187;210;77;77;86;70;78;77;67;78
1428.0;293;342;188;175;181;212;79;72;85;70;77;77;73;76
1434.0;291;337;188;170;182;215;78;72;84;74;79;74;78;78
1440.0;290;335;187;168;181;211;79;72;84;76;83;74;79;81
1446.0;288;331;189;169;175;212;80;77;84;75;85;74;84;77
1452.0;292;331;186;171;171;211;82;73;88;74;81;77;80;83
1458.0;291;327;186;170;177;217;81;75;83;73;81;75;82;82
1464.0;295;330;187;174;174;211;76;76;84;73;81;81;80;78
1470.0;295;329;186;171;176;206;77;79;83;77;85;84;75;77
1476.0;298;326;189;174;178;200;73;76;86;73;94;84;72;77
1482.0;296;326;187;173;183;201;75;75;86;77;91;79;73;78
1488.0;297;328;182;171;184;201;72;78;86;76;94;77;75;79
1494.0;293;323;186;175;181;203;74;79;86;74;95;81;71;79
1500.0;292;321;184;177;184;202;70;76;86;76;99;79;72;82
1506.0;298;312;179;174;183;204;73;80;86;79;98;78;72;84
1512.0;301;310;177;181;184;206;73;81;84;77;95;77;75;79
1518.0;306;314;174;177;181;205;78;80;80;77;96;78;73;81
1524.0;305;319;175;180;173;210;75;78;81;82;94;77;68;83
1530.0;306;319;175;180;170;211;73;80;80;85;91;80;64;86
1536.0;304;317;176;180;170;211;73;78;78;87;89;84;65;88
1542.0;298;318;181;179;172;210;74;81;82;81;91;79;62;92
1548.0;300;318;184;178;172;209;70;82;85;78;91;78;64;91
1554.0;304;318;182;178;177;210;73;83;85;74;88;77;64;87
1560.0;304;322;183;174;178;208;71;83;80;75;87;79;66;90
1566.0;303;325;185;170;176;208;68;82;82;75;89;81;67;89
1572.0;301;327;189;166;173;212;71;85;85;71;92;82;63;83
1578.0;304;321;194;168;172;205;73;82;86;76;92;85;60;82
1584.0;306;321;188;173;171;204;75;85;86;76;90;82;61;82
1590.0;302;321;187;174;177;207;71;85;87;76;87;81;61;84
1596.0;301;325;183;173;176;210;68;84;89;78;86;81;63;83
1602.0;299;323;180;172;175;207;71;90;86;77;86;82;68;84
1608.0;299;325;182;172;179;207;69;86;90;75;81;79;71;85
1614.0;298;324;180;176;181;206;66;85;92;76;83;82;70;81
1620.0;301;323;183;173;180;203;69;84;96;76;79;82;69;82
1626.0;303;328;184;176;179;203;66;80;96;78;73;82;69;83
1632.0;305;333;184;176;178;202;65;82;96;77;75;78;71;78
1638.0;307;331;183;179;180;203;65;82;94;76;73;79;74;74
1644.0;315;333;184;180;183;206;63;82;94;73;73;75;70;69
1650.0;321;342;180;185;185;203;63;81;86;71;66;78;71;68
1656.0;321;343;174;188;181;205;61;85;82;77;64;77;72;70
1662.0;321;340;176;182;186;202;66;84;79;77;65;79;72;71
1668.0;321;339;175;181;187;205;67;84;82;75;66;78;70;70
1674.0;325;334;178;181;181;208;67;78;84;75;69;81;72;67
1680.0;325;330;176;180;182;207;66;79;83;74;72;83;73;70
1686.0;324;333;178;178;180;208;69;78;84;70;69;85;72;72
1692.0;325;335;177;175;179;211;67;81;84;69;68;85;68;76
1698.0;324;332;178;174;180;208;69;81;81;70;67;88;68;80
1704.0;328;333;179;171;179;206;70;84;76;66;68;91;70;79
1710.0;328;333;178;168;179;205;72;84;75;66;68;92;70;82
1716.0;329;334;181;169;174;204;70;88;72;67;73;94;70;75
1722.0;328;336;179;170;174;205;72;90;73;67;71;90;76;69
1728.0;328;336;177;172;172;206;74;88;72;69;71;90;77;68
1734.0;324;340;177;176;174;207;71;87;71;68;73;90;75;67
1740.0;323;342;176;174;175;207;71;87;69;69;75;91;78;63
1746.0;324;343;176;177;173;202;69;87;71;70;76;90;81;61
1752.0;327;339;175;169;174;201;75;86;72;74;78;86;82;62
1758.0;329;339;174;166;172;202;75;87;72;77;75;85;87;60
1764.0;327;341;174;167;174;201;76;80;68;82;74;87;87;62
1770.0;330;339;176;169;175;199;77;80;67;82;72;84;84;66
1776.0;337;341;174;169;175;200;77;78;68;82;72;81;83;63
1782.0;335;338;179;172;171;196;76;81;70;80;70;88;78;66
1788.0;336;340;181;172;169;193;75;80;69;83;69;88;79;66
1794.0;335;341;185;169;172;189;71;81;71;83;67;87;79;70
1800.0;340;337;180;170;178;186;71;78;73;81;69;86;77;74
1806.0;339;337;177;171;181;189;71;79;74;82;68;85;79;68
1812.0;336;337;176;169;182;187;73;84;78;82;67;86;74;69
1818.0;335;338;174;171;182;185;75;87;79;84;63;80;77;70
1824.0;335;338;172;168;185;183;76;87;80;77;68;81;80;70
1830.0;337;335;170;169;185;183;75;83;77;78;69;87;78;74
1836.0;336;337;166;175;181;183;74;88;75;78;72;83;74;78
1842.0;335;335;165;175;181;186;71;89;71;75;75;82;79;81
1848.0;335;336;164;179;182;185;71;83;71;75;71;86;81;81
1854.0;331;335;163;178;179;185;74;85;75;75;71;86;81;82
1860.0;329;335;164;180;182;184;73;87;74;72;69;89;76;86
1866.0;330;328;161;184;185;182;73;85;74;74;69;85;77;93
1872.0;331;332;161;185;186;182;69;87;71;75;72;82;77;90
1878.0;330;331;159;180;186;183;71;93;74;75;75;83;77;83
1884.0;331;327;158;186;188;182;71;92;76;78;76;79;76;80
1890.0;329;327;166;181;191;183;76;85;79;80;75;79;71;78
1896.0;327;327;164;179;195;181;75;88;79;83;75;80;70;77
1902.0;327;324;164;178;194;185;78;85;82;84;78;77;69;75
1908.0;331;320;163;180;193;185;80;85;80;84;78;77;71;73
1914.0;330;321;160;179;192;190;83;82;82;84;76;74;74;73
1920.0;331;323;160;179;192;187;86;87;75;82;74;76;71;77
1926.0;332;322;162;176;192;194;84;82;77;84;73;75;72;75
1932.0;326;321;163;176;192;192;86;82;79;87;71;77;71;77
1938.0;323;320;164;178;190;190;85;87;78;87;70;76;73;79
1944.0;325;315;167;175;193;188;87;85;85;80;71;75;73;81
1950.0;332;317;163;178;191;187;84;88;84;83;69;74;68;82
1956.0;329;314;164;176;192;187;88;90;80;85;66;73;71;85
1962.0;333;316;161;176;193;191;89;82;82;87;64;73;69;84
1968.0;329;313;163;179;191;195;91;82;79;83;62;75;69;89
1974.0;333;314;165;179;189;193;88;81;80;81;63;76;70;88
