#auto generated file!
12.0;12;6;20;15;15;15;14;18;9;8;16;15;20;17
18.0;12;7;20;14;15;15;14;19;8;8;16;16;19;17
24.0;12;7;20;14;16;15;14;18;8;8;16;16;19;17
30.0;12;7;22;14;16;15;15;19;8;8;15;15;19;15
36.0;10;7;22;13;19;15;15;18;11;8;14;14;18;16
42.0;9;7;23;13;18;14;14;19;12;7;16;15;17;16
48.0;9;7;23;13;21;14;15;17;12;7;14;15;17;16
54.0;9;8;24;11;22;14;14;17;12;8;13;15;17;16
60.0;9;9;24;11;22;14;13;17;12;8;14;16;16;15
66.0;9;10;25;11;23;14;13;13;12;10;15;14;16;15
72.0;8;10;25;11;23;16;13;14;12;11;15;13;14;15
78.0;9;10;26;12;23;17;11;14;11;12;16;12;13;14
84.0;10;11;25;13;24;17;13;12;11;12;15;11;11;15
90.0;11;12;25;12;24;17;14;13;12;10;16;9;10;15
96.0;12;12;25;12;25;17;13;14;11;10;17;9;9;14
102.0;12;12;25;12;26;20;12;16;9;9;16;8;9;14
108.0;12;12;27;12;26;18;11;18;10;9;16;7;8;14
114.0;11;11;28;10;28;18;11;18;10;9;16;9;8;13
120.0;11;11;28;10;27;17;12;18;9;10;17;9;7;14
126.0;11;13;27;10;27;16;12;18;9;11;17;9;6;14
132.0;12;14;25;11;25;15;12;17;7;12;19;10;6;15
138.0;11;14;25;12;25;14;13;17;7;10;19;10;8;15
144.0;12;14;24;12;31;14;13;15;7;10;19;7;7;15
150.0;15;14;24;14;33;13;11;15;7;11;17;5;8;13
156.0;17;14;25;16;31;13;11;14;6;9;16;6;8;14
162.0;17;14;24;15;32;14;12;13;5;9;16;7;7;15
168.0;18;14;24;15;31;14;12;13;5;9;16;7;7;15
174.0;19;14;26;14;31;14;10;14;6;9;14;8;7;14
180.0;19;14;27;14;30;15;10;13;6;9;12;9;9;13
186.0;21;14;28;15;29;15;11;13;6;8;12;9;8;11
192.0;22;14;28;16;27;15;12;13;5;6;11;11;8;12
198.0;23;14;27;16;26;15;13;14;5;7;10;11;8;11
204.0;23;14;25;16;26;16;13;12;5;7;10;13;8;12
210.0;25;15;25;17;25;14;13;10;6;7;10;13;8;12
216.0;25;15;27;18;25;15;13;10;6;7;7;11;8;13
222.0;24;16;29;18;24;15;10;7;6;9;9;11;7;15
228.0;24;16;29;18;24;16;7;7;7;9;8;12;7;16
234.0;25;16;30;17;24;16;7;7;7;8;8;13;7;15
240.0;27;15;30;17;25;14;6;6;7;7;12;13;7;14
246.0;27;17;29;18;25;15;6;6;7;7;9;15;7;12
252.0;26;17;29;18;25;15;5;6;8;5;10;17;7;12
258.0;25;17;30;19;24;16;5;6;8;5;10;16;7;12
264.0;26;17;28;20;22;17;7;5;8;4;10;15;7;14
270.0;26;17;29;21;21;17;9;4;8;4;10;14;8;12
276.0;26;17;29;21;21;15;8;4;8;4;10;14;8;15
282.0;25;18;28;21;21;15;8;4;8;5;10;13;8;16
288.0;25;20;29;20;21;14;8;4;8;4;10;14;8;15
294.0;25;21;29;21;21;15;8;4;8;4;10;13;6;15
300.0;26;20;28;21;21;14;8;7;7;4;8;13;6;17
306.0;26;20;29;20;21;15;8;7;7;4;8;12;7;16
312.0;26;20;29;20;22;17;8;9;7;3;8;11;5;15
318.0;26;19;29;21;20;17;7;9;7;4;8;11;6;16
324.0;26;19;29;20;19;15;7;9;7;4;9;12;7;17
330.0;27;20;28;20;19;15;7;10;6;4;10;12;5;17
336.0;26;20;26;21;19;15;8;10;5;5;10;13;6;16
342.0;26;22;27;21;19;15;8;9;6;5;10;11;6;15
348.0;26;22;28;21;19;14;8;9;5;5;11;11;6;15
354.0;26;22;28;20;19;16;8;7;6;5;10;12;6;15
360.0;26;22;28;21;20;17;8;6;6;5;10;10;6;15
366.0;26;21;28;21;20;17;7;6;7;6;10;10;6;15
372.0;26;21;28;21;20;16;6;8;7;7;9;10;6;15
378.0;27;23;28;20;20;17;6;7;6;7;8;11;6;14
384.0;29;22;29;21;19;17;6;7;6;7;6;12;4;15
390.0;29;22;29;22;19;17;5;7;7;7;6;12;4;14
396.0;27;22;28;22;18;17;4;10;7;8;6;12;5;14
402.0;27;22;28;22;18;18;4;8;8;8;7;12;5;13
408.0;26;20;30;22;19;18;3;10;7;8;8;10;5;14
414.0;27;20;30;20;18;19;4;11;7;6;9;10;5;14
420.0;27;21;30;19;18;19;6;11;8;6;7;9;5;14
426.0;26;21;29;19;19;19;7;10;8;6;7;9;6;14
432.0;26;22;29;18;19;21;6;10;9;6;9;8;5;12
438.0;27;21;29;17;20;22;6;9;9;7;9;7;6;11
444.0;27;20;29;17;21;22;7;9;8;8;9;7;6;10
450.0;27;21;27;16;22;23;8;8;8;8;9;8;5;10
456.0;26;22;27;17;21;23;7;8;7;8;10;8;5;11
462.0;25;21;28;16;22;21;8;9;8;7;12;8;5;10
468.0;25;21;27;16;23;20;7;10;9;7;12;8;5;10
474.0;25;21;26;15;24;20;8;10;10;6;12;8;5;10
480.0;25;22;26;15;23;20;8;8;12;6;12;8;4;11
486.0;26;21;26;15;23;19;8;8;10;8;12;7;6;11
492.0;25;20;30;15;23;18;8;8;9;9;12;7;6;10
498.0;26;20;29;15;22;17;8;8;9;9;13;8;6;10
504.0;25;21;27;15;22;17;10;8;9;8;13;9;6;10
510.0;25;21;27;14;22;17;9;9;9;8;13;8;7;11
516.0;24;22;27;14;22;18;9;11;8;8;11;9;6;11
522.0;21;24;24;14;24;18;8;11;8;9;10;9;7;13
528.0;21;24;23;13;25;18;9;10;7;10;10;10;7;13
534.0;21;24;21;12;26;20;9;11;8;9;10;10;7;12
540.0;24;22;21;11;25;20;9;9;8;9;11;10;9;12
546.0;24;21;21;12;25;19;11;9;6;10;12;11;8;11
552.0;23;20;23;12;24;19;9;9;7;10;13;12;9;10
558.0;23;20;23;12;24;18;9;9;8;9;13;12;9;11
564.0;24;20;24;12;23;18;9;10;7;10;12;12;8;11
570.0;23;20;24;13;22;17;9;12;8;10;12;10;8;12
576.0;21;20;23;16;22;18;9;11;8;11;12;10;6;13
582.0;22;20;23;18;22;18;7;11;9;12;11;9;6;12
588.0;23;21;23;17;21;19;7;11;10;12;11;8;5;12
594.0;23;21;24;17;21;18;7;11;9;13;10;9;5;12
600.0;22;22;25;17;21;20;7;11;9;13;9;9;4;11
606.0;23;22;25;17;21;20;7;11;9;13;9;8;4;11
612.0;23;23;25;18;20;21;7;10;9;13;8;7;4;12
618.0;24;23;24;18;20;20;9;10;9;12;8;8;4;11
624.0;25;22;27;18;19;18;8;11;10;11;8;8;4;11
630.0;26;22;28;19;21;17;8;11;10;11;7;6;3;11
636.0;26;22;27;18;22;19;8;12;9;10;6;8;3;10
642.0;27;22;26;18;22;19;8;12;9;11;6;7;3;10
648.0;26;19;26;19;22;19;8;13;9;12;5;7;4;11
654.0;26;19;25;18;24;20;8;13;7;12;5;7;5;11
660.0;27;19;24;18;23;20;7;11;7;12;6;8;6;12
666.0;28;19;23;18;23;20;7;11;7;12;6;8;5;13
672.0;28;19;23;19;23;20;6;11;8;11;6;7;7;12
678.0;27;18;23;19;25;20;6;11;7;11;9;7;6;11
684.0;29;19;22;19;24;20;6;10;7;10;10;6;6;12
690.0;29;19;20;20;24;21;8;9;7;10;11;6;6;10
696.0;30;18;19;21;23;21;8;10;6;10;12;6;6;10
702.0;31;18;19;21;22;20;6;10;7;10;13;6;6;11
708.0;31;18;19;21;23;20;6;10;8;9;12;7;5;11
714.0;31;18;19;21;23;21;5;10;8;9;12;6;5;12
720.0;32;18;17;20;23;21;5;11;8;11;12;5;4;13
726.0;31;18;17;18;24;21;6;11;7;11;12;6;5;13
732.0;31;17;18;17;23;21;7;12;7;12;12;6;5;12
738.0;32;18;17;16;23;21;8;11;7;12;11;8;5;11
744.0;32;18;17;15;24;21;8;12;7;12;10;8;5;11
750.0;31;20;17;15;24;22;8;11;8;12;9;8;6;9
756.0;31;20;15;15;24;23;10;11;8;11;9;8;6;9
762.0;31;21;15;15;23;23;10;10;8;11;9;8;8;8
768.0;30;21;15;16;23;23;10;9;8;10;10;8;8;9
774.0;30;21;15;18;23;23;10;9;8;10;9;8;8;8
780.0;30;21;16;18;25;21;10;9;8;10;8;8;7;9
786.0;29;22;16;19;24;22;10;10;8;7;8;8;7;10
792.0;29;22;18;19;22;22;11;12;8;6;8;8;7;8
798.0;30;23;17;19;23;21;11;12;8;6;8;8;7;7
804.0;30;23;17;19;22;21;9;12;9;7;8;7;7;9
810.0;31;23;17;18;22;21;9;12;9;6;9;8;7;8
816.0;31;23;17;17;22;22;9;11;10;6;8;8;7;9
822.0;32;23;17;18;23;20;8;12;10;6;8;8;7;8
828.0;32;23;17;19;24;21;8;12;9;5;9;7;6;8
834.0;32;22;17;18;24;21;8;11;8;6;10;8;6;9
840.0;32;22;17;18;24;21;7;11;8;6;10;8;7;9
846.0;32;22;18;18;24;22;7;11;8;6;9;7;7;9
852.0;32;22;18;18;24;23;7;10;7;6;9;7;8;9
858.0;33;21;18;18;24;24;8;10;6;6;9;7;8;8
864.0;31;21;19;19;23;25;9;11;6;6;7;7;8;8
870.0;31;21;19;17;23;23;10;11;7;6;8;8;8;8
876.0;31;20;19;18;23;23;11;11;7;6;9;7;7;8
882.0;32;19;19;19;22;22;10;11;8;7;8;7;7;9
888.0;32;19;20;19;22;22;10;11;8;6;7;7;8;9
894.0;32;18;20;21;22;22;11;11;8;6;7;5;8;9
900.0;31;17;18;23;23;22;11;10;9;5;7;5;9;10
906.0;31;17;18;23;23;24;10;9;9;5;8;5;9;9
912.0;32;17;18;23;22;24;9;10;9;5;8;5;9;9
918.0;34;17;18;23;22;25;10;8;10;7;7;6;7;6
924.0;34;17;18;23;21;26;10;7;10;8;8;6;7;5
930.0;33;17;18;23;21;25;11;7;9;9;9;6;7;5
936.0;34;19;16;22;20;26;14;7;11;9;8;5;6;3
942.0;33;18;17;21;21;24;17;8;11;9;8;4;6;3
948.0;33;18;17;21;18;24;16;8;11;9;8;4;7;6
954.0;34;19;18;21;18;25;15;8;9;8;9;4;7;5
960.0;35;19;16;21;17;26;16;8;9;8;9;4;6;6
966.0;36;19;15;22;18;25;16;7;10;8;8;4;6;6
972.0;36;19;15;22;18;27;17;6;10;8;7;3;6;6
978.0;37;19;15;20;18;27;16;7;10;9;7;3;6;6
984.0;37;21;15;19;16;27;16;7;9;9;8;3;6;7
990.0;35;22;15;18;15;28;18;7;9;8;7;3;7;8
996.0;35;22;16;17;14;29;16;7;9;8;7;3;8;9
1002.0;36;23;16;16;13;28;16;9;9;8;7;3;8;8
1008.0;36;23;16;17;13;27;16;10;8;9;8;3;6;8
1014.0;36;23;18;17;13;27;16;9;8;9;8;3;5;8
1020.0;35;23;17;17;13;26;16;9;6;10;8;4;7;9
1026.0;36;23;17;18;13;27;16;8;6;9;7;4;7;9
1032.0;36;22;18;20;13;27;14;8;3;10;10;4;7;8
1038.0;36;22;19;20;14;26;13;8;2;10;10;5;7;8
1044.0;35;22;19;21;14;27;13;8;1;10;10;7;6;7
1050.0;35;22;18;20;15;28;14;8;1;9;10;7;6;7
1056.0;35;22;18;20;15;28;14;7;3;8;10;7;7;6
1062.0;35;22;16;21;15;29;12;8;3;9;9;6;7;8
1068.0;34;21;16;22;15;29;11;8;3;9;9;5;8;10
1074.0;36;21;16;22;15;25;11;9;3;10;9;5;8;10
1080.0;34;22;16;23;15;26;10;10;2;10;9;5;8;10
1086.0;34;22;16;22;15;26;11;10;2;10;9;5;8;10
1092.0;34;23;16;22;15;27;11;10;2;9;9;5;7;10
1098.0;34;23;15;21;16;27;12;9;1;10;10;4;7;11
1104.0;34;23;15;21;16;27;12;9;2;10;10;4;6;11
1110.0;34;23;14;21;17;27;10;9;2;10;11;5;6;11
1116.0;35;24;14;21;17;26;10;10;2;9;11;7;5;9
1122.0;34;24;14;21;18;26;9;10;3;8;11;6;7;9
1128.0;34;23;14;21;19;27;10;10;3;8;11;6;7;7
1134.0;33;24;14;23;18;27;11;10;3;7;10;6;6;8
1140.0;33;24;12;23;18;26;11;9;4;7;11;8;6;8
1146.0;33;22;12;23;17;26;13;10;4;7;11;10;5;7
1152.0;34;22;12;21;16;27;13;9;5;8;11;10;6;6
1158.0;34;24;11;21;17;25;11;10;5;10;11;10;5;6
1164.0;34;24;11;21;18;25;11;8;6;10;11;10;5;6
1170.0;34;24;11;21;18;25;9;8;7;10;12;9;5;7
1176.0;34;25;11;21;17;25;7;8;6;11;14;10;5;6
1182.0;33;25;12;22;17;25;9;7;5;11;13;10;6;5
1188.0;34;26;12;22;17;25;9;8;6;10;11;7;7;6
1194.0;33;26;11;22;16;25;10;8;5;10;14;6;7;7
1200.0;33;26;11;22;16;26;10;8;4;12;12;6;8;6
1206.0;33;26;10;21;17;26;11;8;4;12;12;5;7;8
1212.0;33;27;9;22;17;27;8;8;5;11;12;6;7;8
1218.0;34;26;9;23;17;28;9;7;6;11;11;5;7;7
1224.0;34;26;9;22;17;27;10;7;6;12;9;5;7;9
1230.0;34;25;9;22;18;26;10;7;7;12;9;5;7;9
1236.0;34;26;10;24;18;26;9;6;7;12;9;3;6;10
1242.0;35;26;10;23;17;27;10;6;7;10;8;4;7;10
1248.0;37;26;10;23;17;27;10;5;5;9;8;5;7;11
1254.0;41;23;12;23;17;25;8;6;5;9;9;6;6;10
1260.0;41;23;12;23;17;25;7;6;5;9;9;6;6;11
1266.0;42;23;12;24;15;25;6;4;6;9;9;7;6;12
1272.0;42;21;12;24;16;26;6;5;6;8;9;7;6;12
1278.0;43;21;12;23;16;25;6;5;6;8;10;8;5;12
1284.0;43;22;12;23;16;24;6;5;5;8;10;8;5;13
1290.0;42;21;12;23;17;25;6;4;7;7;10;8;5;13
1296.0;42;21;12;23;17;26;6;3;7;7;10;8;5;13
1302.0;42;21;12;24;17;25;6;3;6;6;10;9;5;14
1308.0;41;22;12;23;16;26;5;3;5;6;12;10;5;14
1314.0;40;22;12;24;15;26;5;4;6;5;12;9;5;15
1320.0;39;23;10;24;16;25;6;4;6;5;12;10;5;15
1326.0;40;22;10;24;16;26;6;4;6;5;12;11;4;14
1332.0;39;22;10;24;16;26;6;4;7;5;11;12;5;13
1338.0;39;22;11;26;16;26;7;4;5;5;9;12;5;13
1344.0;37;22;12;25;16;26;7;5;5;6;10;11;5;13
1350.0;36;22;13;24;16;26;7;8;5;5;10;11;5;12
1356.0;36;23;12;24;16;25;7;8;5;5;10;11;6;12
1362.0;36;25;13;23;16;25;7;7;4;4;10;11;6;13
1368.0;36;24;13;23;15;27;7;7;5;4;11;10;6;12
1374.0;36;25;14;21;14;27;6;8;5;4;10;10;7;13
1380.0;35;25;15;22;18;26;6;7;3;4;10;10;6;13
1386.0;33;25;17;23;18;24;6;8;3;4;10;10;6;13
1392.0;31;27;17;23;18;24;6;8;3;6;9;9;5;14
1398.0;30;28;17;23;18;25;6;7;3;6;9;10;5;13
1404.0;30;28;18;24;19;24;6;7;3;8;7;9;6;11
1410.0;29;29;18;25;19;24;5;8;2;7;7;8;8;11
1416.0;29;31;18;26;19;23;5;8;2;6;7;8;8;10
1422.0;29;31;17;26;19;23;5;7;2;5;7;8;8;13
1428.0;29;32;17;26;20;23;5;6;2;5;7;7;8;13
1434.0;29;32;16;26;20;23;5;6;3;5;7;7;8;13
1440.0;31;32;14;28;19;22;5;6;4;6;6;6;8;13
1446.0;32;32;13;26;19;23;5;6;4;7;6;6;8;13
1452.0;33;32;14;27;19;23;5;6;4;6;5;7;9;10
1458.0;33;33;13;25;21;23;4;6;6;6;5;6;10;9
1464.0;33;33;13;25;21;23;4;7;5;6;5;7;10;8
1470.0;34;32;13;24;20;22;4;9;5;4;6;8;10;9
1476.0;35;33;12;24;20;21;5;10;5;2;5;8;12;8
1482.0;35;33;11;24;18;20;5;11;6;4;5;7;12;9
1488.0;35;31;12;24;18;22;4;10;5;4;6;7;12;10
1494.0;35;31;12;24;16;23;5;9;4;5;6;7;13;10
1500.0;35;32;11;24;16;23;4;9;4;4;6;9;13;10
1506.0;34;32;11;24;15;24;5;9;4;3;7;9;13;10
1512.0;33;32;10;23;15;24;5;8;5;5;9;9;15;7
1518.0;33;32;11;23;15;23;5;8;6;5;9;8;15;7
1524.0;33;32;11;23;17;22;4;9;4;7;8;8;15;7
1530.0;35;32;12;22;16;22;4;9;4;7;7;8;15;7
1536.0;36;34;13;23;17;21;3;9;5;7;6;7;13;6
1542.0;37;34;16;23;17;21;3;8;4;9;5;6;12;5
1548.0;37;34;16;23;17;21;3;8;4;9;5;6;12;5
1554.0;36;37;16;23;17;20;3;7;4;9;6;6;11;5
1560.0;35;38;16;23;17;20;3;5;4;10;10;7;7;5
1566.0;34;38;16;23;17;20;3;5;5;10;9;8;7;5
1572.0;34;36;18;23;17;19;4;5;5;10;8;9;7;5
1578.0;35;34;18;21;17;20;3;6;6;9;9;9;7;6
1584.0;35;34;17;21;17;20;3;6;6;9;9;9;7;7
1590.0;35;32;17;23;17;20;3;6;5;10;8;9;8;7
1596.0;36;32;18;21;17;22;3;7;5;10;8;8;7;6
1602.0;36;31;18;20;17;23;4;8;5;9;7;9;7;6
1608.0;35;31;19;21;17;23;4;8;5;9;7;9;6;6
1614.0;35;31;19;21;16;23;4;8;6;8;7;10;6;6
1620.0;34;31;18;21;17;22;5;9;7;8;6;10;6;6
1626.0;35;31;19;21;16;21;4;10;6;8;7;10;6;6
1632.0;35;31;19;21;15;20;4;12;6;7;8;10;6;6
1638.0;35;30;19;21;15;21;4;11;6;7;8;10;7;6
1644.0;35;30;18;21;15;21;4;10;7;7;8;10;7;7
1650.0;34;31;19;22;14;22;4;10;8;6;8;9;6;7
1656.0;33;30;18;23;15;21;5;10;8;5;10;8;7;7
1662.0;33;30;18;23;15;21;6;9;7;5;8;8;10;7
1668.0;32;30;18;23;16;21;6;9;7;5;8;8;10;7
1674.0;32;31;19;22;17;22;6;8;7;5;6;9;9;7
1680.0;32;31;19;22;17;21;6;9;7;5;6;8;10;7
1686.0;32;31;19;22;17;21;5;9;7;5;6;8;11;7
1692.0;31;34;17;22;17;21;6;9;6;5;5;8;12;7
1698.0;31;33;17;23;17;19;9;9;6;5;5;7;12;7
1704.0;31;32;17;21;16;19;9;9;6;5;8;7;12;8
1710.0;31;32;17;21;15;19;9;9;6;5;8;6;13;9
1716.0;31;32;18;20;14;19;6;10;6;4;8;6;16;10
1722.0;31;33;18;20;14;19;6;10;5;5;8;6;15;10
1728.0;30;33;18;19;14;19;7;12;5;5;8;6;15;9
1734.0;30;33;19;18;15;18;7;11;5;5;9;6;15;9
1740.0;29;33;19;18;16;18;7;11;5;6;9;6;15;8
1746.0;29;33;20;19;16;19;6;10;4;7;9;6;14;8
1752.0;29;33;18;19;16;19;6;11;4;7;10;6;14;8
1758.0;31;33;16;18;16;18;6;11;4;9;10;6;14;8
1764.0;31;32;17;18;16;17;6;12;4;10;11;6;13;7
1770.0;33;32;17;18;16;16;7;11;4;10;9;8;13;6
1776.0;32;32;18;17;15;16;6;12;4;10;11;8;12;7
1782.0;30;32;18;15;16;17;7;12;5;11;8;11;11;7
1788.0;30;33;18;17;13;16;7;11;6;11;8;12;12;6
1794.0;29;33;18;19;11;16;7;10;6;12;7;13;11;8
1800.0;28;34;18;21;11;16;7;10;6;11;7;13;10;8
1806.0;27;34;18;21;11;15;7;10;6;11;7;14;10;9
1812.0;30;34;19;20;11;16;8;10;5;10;7;12;10;8
1818.0;29;33;20;21;11;16;8;8;5;9;7;13;10;10
1824.0;29;33;20;21;11;16;9;7;5;9;7;13;9;11
1830.0;31;33;20;20;11;15;9;8;5;8;7;13;10;10
1836.0;31;33;20;20;11;15;8;9;5;9;8;13;8;10
1842.0;30;33;20;20;12;15;8;9;6;8;8;12;9;10
1848.0;30;34;20;20;12;14;7;9;7;6;10;13;8;10
1854.0;30;33;21;20;11;16;7;9;7;6;11;11;8;10
1860.0;32;34;21;21;13;16;8;8;5;5;10;9;8;10
1866.0;32;35;21;21;13;16;8;8;5;5;10;8;8;10
1872.0;33;32;20;22;12;14;8;9;6;6;11;7;10;10
1878.0;35;32;20;22;12;14;8;9;5;6;11;6;10;10
1884.0;35;31;20;21;13;14;9;9;6;6;11;5;10;10
1890.0;36;31;19;20;13;14;6;11;6;8;11;5;10;10
1896.0;36;31;20;21;13;13;6;10;5;8;12;5;10;10
1902.0;36;32;19;20;13;13;6;10;6;8;12;5;10;10
1908.0;37;31;18;21;13;14;4;10;6;10;11;6;9;10
1914.0;37;30;21;21;13;15;4;10;5;9;11;5;9;10
1920.0;37;31;21;21;14;15;5;11;5;8;10;6;8;8
1926.0;37;31;21;23;14;13;5;11;4;8;9;7;8;9
1932.0;39;30;20;22;14;14;6;11;4;9;7;7;7;10
1938.0;39;30;20;22;14;13;7;10;5;9;6;8;7;10
1944.0;39;29;20;23;14;13;7;11;3;9;6;8;7;11
1950.0;40;29;20;22;13;16;6;10;4;8;6;8;6;12
1956.0;40;29;20;22;13;16;6;10;4;8;6;8;6;12
1962.0;40;33;20;21;12;17;5;9;3;8;6;8;6;12
1968.0;40;30;20;22;14;16;5;8;4;7;8;7;7;12
1974.0;39;30;20;21;14;16;5;7;4;8;10;7;7;12
