#auto generated file!
12.0;26;28;25;35;23;42;21;23;27;29;32;23;36;30
18.0;29;28;24;34;22;41;19;21;27;30;34;22;36;33
24.0;29;28;24;34;24;41;20;23;28;27;33;22;35;32
30.0;31;28;25;34;24;39;20;23;29;26;33;23;33;32
36.0;32;28;22;37;27;38;20;23;24;26;33;24;31;35
42.0;33;29;19;36;27;38;19;21;24;25;35;25;33;36
48.0;33;26;19;38;29;35;18;22;24;25;35;28;32;36
54.0;33;26;20;37;29;38;17;22;24;26;33;27;31;37
60.0;34;28;20;38;30;38;19;20;24;27;33;28;29;32
66.0;35;30;20;38;30;37;17;19;24;28;34;30;26;32
72.0;36;30;21;38;28;38;16;22;23;29;33;28;27;31
78.0;37;30;21;38;28;40;17;21;21;27;31;30;26;33
84.0;37;32;22;37;27;41;17;20;21;31;31;28;24;32
90.0;37;33;21;37;26;41;17;20;22;32;30;28;23;33
96.0;39;33;22;39;26;41;17;20;21;31;28;30;21;32
102.0;40;35;25;39;24;43;16;20;22;29;27;32;18;30
108.0;41;37;24;38;26;43;17;20;20;32;26;30;17;29
114.0;43;37;25;35;28;43;17;22;20;30;25;31;18;26
120.0;43;38;24;37;27;46;17;21;21;30;25;30;17;24
126.0;43;39;23;39;26;46;18;19;24;32;21;28;17;25
132.0;42;39;21;39;28;47;15;21;25;27;22;30;20;24
138.0;42;37;22;39;28;46;19;20;21;28;22;33;18;25
144.0;43;38;23;38;30;48;20;20;21;27;22;29;19;22
150.0;43;41;24;38;31;44;19;19;21;27;22;28;21;22
156.0;43;43;25;37;29;45;18;19;22;29;22;27;19;22
162.0;43;44;25;36;30;46;16;19;21;26;21;30;20;23
168.0;44;46;27;36;31;47;16;17;21;25;21;29;19;21
174.0;45;47;28;36;32;46;18;15;21;25;21;28;18;20
180.0;48;49;27;36;32;47;18;14;22;26;21;26;16;18
186.0;48;49;26;35;32;47;18;14;23;27;20;26;16;19
192.0;48;49;25;35;33;48;16;14;22;27;22;25;17;19
198.0;49;48;28;33;31;49;19;16;22;25;22;24;17;17
204.0;51;47;28;33;31;50;18;16;20;21;22;26;18;19
210.0;51;48;29;33;29;50;18;17;18;23;21;26;18;19
216.0;51;48;29;34;29;49;19;18;18;23;21;26;17;18
222.0;50;49;27;33;30;48;18;17;17;25;21;27;17;21
228.0;51;47;26;32;31;47;16;18;17;26;23;26;19;21
234.0;52;47;26;32;31;48;18;18;16;26;20;26;18;22
240.0;51;49;26;32;30;47;19;17;18;25;20;25;19;22
246.0;52;49;27;32;31;47;18;17;19;25;21;23;18;21
252.0;52;47;28;32;31;50;17;18;19;24;19;24;18;21
258.0;53;47;27;32;30;50;17;18;18;24;21;24;16;23
264.0;53;47;29;32;31;51;17;19;19;20;21;24;15;22
270.0;54;48;31;30;31;51;17;18;19;19;21;25;15;21
276.0;54;48;32;30;31;50;16;18;19;20;21;25;15;21
282.0;56;50;33;27;30;49;17;17;18;20;21;25;15;22
288.0;55;53;34;28;30;45;16;18;18;21;21;27;14;20
294.0;55;54;33;29;30;44;18;19;18;21;20;25;13;21
300.0;56;54;31;28;30;42;19;18;21;19;20;25;15;22
306.0;56;53;31;29;31;41;19;18;23;18;19;25;16;21
312.0;54;54;32;29;32;42;19;17;21;16;22;24;17;21
318.0;53;55;35;30;34;42;18;17;19;16;22;24;16;19
324.0;53;54;34;30;35;42;19;17;19;16;19;27;16;19
330.0;56;56;33;30;34;42;18;17;18;18;19;26;15;18
336.0;56;55;34;29;36;42;18;17;16;18;19;25;13;22
342.0;56;56;34;29;35;42;18;18;17;18;19;24;12;22
348.0;55;57;34;30;36;45;18;16;15;18;18;22;12;24
354.0;53;58;34;32;34;47;20;15;14;20;18;21;12;22
360.0;54;58;35;32;34;47;20;15;12;20;18;21;12;22
366.0;55;58;35;31;35;48;19;16;10;22;16;21;12;22
372.0;55;56;33;31;35;49;19;15;11;23;18;22;12;21
378.0;56;58;32;30;35;49;18;15;12;25;18;20;12;20
384.0;56;58;31;30;35;50;18;13;10;27;19;20;12;21
390.0;57;58;31;27;36;51;18;12;10;25;19;21;14;21
396.0;59;58;31;25;35;49;15;12;11;25;21;22;16;21
402.0;58;60;32;26;37;45;13;12;12;23;23;21;18;20
408.0;59;60;32;26;37;46;14;11;14;22;23;22;16;18
414.0;58;60;31;25;38;48;14;11;14;23;23;22;14;19
420.0;58;61;30;24;40;49;14;11;14;23;24;21;14;17
426.0;58;62;30;25;39;49;12;10;14;25;21;21;16;18
432.0;55;60;30;27;39;49;13;12;12;26;23;22;14;18
438.0;54;62;31;28;39;50;13;12;10;24;23;21;14;19
444.0;55;61;29;27;40;51;14;12;10;26;25;19;15;16
450.0;54;60;29;28;37;51;16;13;10;28;26;18;15;15
456.0;55;63;30;27;36;51;15;13;10;28;25;18;13;16
462.0;53;63;28;26;36;51;18;11;11;29;26;17;14;17
468.0;53;64;30;27;35;50;18;13;10;30;26;16;12;16
474.0;53;64;31;27;35;47;19;14;10;31;25;16;13;15
480.0;53;62;32;27;36;46;18;14;11;32;25;16;13;15
486.0;53;64;33;29;37;45;17;13;11;31;24;17;13;13
492.0;53;63;33;29;37;45;16;13;13;30;24;17;13;14
498.0;53;62;32;30;39;43;17;13;15;29;22;17;14;14
504.0;52;64;33;31;40;42;14;13;14;29;23;17;14;14
510.0;53;65;33;31;39;42;13;13;13;29;24;17;11;17
516.0;55;67;34;30;38;41;14;13;9;29;25;19;10;16
522.0;55;69;33;30;38;43;13;14;9;28;24;18;10;16
528.0;55;66;33;30;37;43;13;16;8;26;27;19;11;16
534.0;56;66;33;30;36;41;14;16;9;26;27;17;12;17
540.0;55;65;33;32;37;42;13;16;12;24;27;15;12;17
546.0;57;64;33;32;35;44;13;15;11;23;25;17;13;18
552.0;56;65;33;33;34;44;13;15;11;23;24;17;14;18
558.0;58;65;33;33;33;44;13;15;12;23;22;17;15;17
564.0;59;64;34;34;33;44;12;15;11;23;24;18;14;15
570.0;58;68;34;33;33;45;12;14;11;22;23;19;13;15
576.0;57;71;33;32;32;46;11;13;12;19;25;18;14;17
582.0;58;71;34;32;31;45;10;13;12;18;27;18;13;18
588.0;56;73;35;32;31;45;11;14;11;18;27;17;12;18
594.0;54;73;34;32;32;46;11;14;11;20;27;17;13;16
600.0;56;73;32;33;31;44;12;14;11;17;26;19;13;19
606.0;55;72;33;34;31;45;15;15;11;17;23;17;14;18
612.0;55;73;33;35;32;44;15;14;12;15;22;19;14;17
618.0;55;73;32;34;32;45;15;14;12;15;23;19;15;16
624.0;55;74;32;32;31;45;16;14;12;15;25;20;14;15
630.0;53;75;32;32;33;44;14;14;12;15;26;21;13;16
636.0;52;76;35;33;31;46;15;14;10;14;25;22;11;16
642.0;53;77;34;33;30;46;15;14;10;14;26;21;11;16
648.0;51;76;35;34;29;47;13;18;10;13;24;21;12;17
654.0;53;76;33;35;29;48;13;18;10;12;23;21;12;17
660.0;53;75;31;34;27;50;13;19;10;13;22;20;15;18
666.0;54;76;30;34;28;49;12;19;11;13;22;20;15;17
672.0;54;76;31;34;28;48;10;19;10;12;23;21;17;17
678.0;57;77;31;35;29;49;11;18;9;11;21;19;17;16
684.0;59;75;31;32;30;47;11;18;8;13;19;20;20;17
690.0;59;74;29;33;31;47;11;18;9;12;19;22;21;15
696.0;58;73;28;33;33;46;12;17;9;11;20;23;20;17
702.0;60;71;28;33;31;47;12;18;8;12;21;22;20;17
708.0;60;71;30;33;31;47;12;19;7;13;20;22;18;17
714.0;62;71;29;35;32;45;12;19;8;10;20;22;19;16
720.0;61;71;28;35;33;46;12;20;7;10;20;22;19;16
726.0;61;72;28;36;34;45;10;18;8;9;22;22;19;16
732.0;61;76;29;35;34;45;9;17;8;9;22;20;20;15
738.0;61;77;29;35;33;45;10;16;9;9;21;20;20;15
744.0;61;76;28;35;32;44;10;17;11;8;21;21;20;16
750.0;60;75;28;36;34;42;11;17;10;7;21;21;20;18
756.0;60;75;27;36;34;42;11;18;10;8;21;19;20;19
762.0;61;76;27;36;34;42;11;18;9;8;21;19;19;19
768.0;60;76;27;36;34;43;10;19;9;8;18;20;21;19
774.0;61;76;29;36;34;43;10;18;9;8;18;20;20;18
780.0;61;77;29;35;34;42;11;18;10;8;16;21;20;18
786.0;61;78;29;37;35;42;10;17;11;8;18;22;16;16
792.0;59;78;31;37;34;45;10;16;11;8;17;21;17;16
798.0;59;79;33;37;33;46;9;16;9;8;18;20;18;15
804.0;61;80;33;37;34;45;9;15;11;6;18;20;16;15
810.0;59;80;33;38;34;46;7;15;10;9;18;20;17;14
816.0;58;80;32;37;35;46;7;15;7;11;18;22;17;15
822.0;57;80;32;36;35;45;8;15;8;11;19;22;17;15
828.0;56;79;31;36;35;45;10;15;10;11;19;23;16;14
834.0;58;80;32;36;34;42;10;16;10;10;19;22;16;15
840.0;59;79;31;37;34;41;9;17;9;11;20;21;18;14
846.0;59;76;29;38;37;41;9;17;10;11;19;21;18;15
852.0;60;76;29;36;36;42;9;18;10;11;21;21;16;15
858.0;60;75;28;35;36;43;9;20;10;12;19;22;16;15
864.0;60;75;28;34;36;43;9;20;10;12;19;22;17;15
870.0;61;73;27;33;39;44;9;18;12;11;17;22;18;16
876.0;61;75;27;34;38;43;10;18;12;12;18;20;17;15
882.0;60;75;27;34;38;45;10;18;12;12;18;18;18;15
888.0;61;76;28;36;38;45;10;19;12;8;17;17;17;16
894.0;60;75;29;36;37;44;12;19;13;8;19;16;18;14
900.0;60;75;30;37;36;43;10;19;13;9;20;16;18;14
906.0;60;74;30;37;37;43;10;20;14;11;18;15;19;12
912.0;59;73;30;36;36;45;10;21;13;11;19;15;19;13
918.0;56;72;30;34;37;45;14;20;13;10;20;15;19;15
924.0;55;72;30;34;37;44;15;19;14;11;20;15;20;14
930.0;56;72;33;36;35;45;14;19;13;10;20;15;20;12
936.0;57;72;33;38;35;42;12;18;14;13;20;15;19;12
942.0;55;72;33;38;35;41;13;17;12;12;21;15;23;13
948.0;55;74;31;40;35;42;11;16;13;13;19;16;22;13
954.0;56;72;33;41;35;41;10;15;11;14;20;17;22;13
960.0;57;72;32;41;35;40;9;14;12;16;23;16;22;11
966.0;58;72;30;41;34;41;7;13;13;15;23;16;24;13
972.0;59;72;31;41;35;40;7;13;14;15;22;16;22;13
978.0;60;70;31;41;34;41;7;12;14;16;21;16;23;14
984.0;60;69;32;40;35;40;7;14;15;13;20;18;23;14
990.0;61;69;32;38;35;39;8;12;15;15;20;18;23;15
996.0;61;68;32;39;34;40;8;12;15;16;18;18;24;15
1002.0;63;68;33;39;36;39;6;9;16;17;19;15;24;16
1008.0;64;68;31;38;35;39;8;11;15;16;21;16;23;15
1014.0;64;68;33;36;35;37;11;12;16;15;20;17;20;16
1020.0;63;68;34;37;37;36;11;11;16;16;20;16;19;16
1026.0;63;67;36;36;38;35;11;13;16;14;19;17;19;16
1032.0;64;64;38;36;40;35;12;11;13;16;19;19;20;13
1038.0;63;64;38;37;41;35;13;14;11;15;17;20;20;12
1044.0;62;65;37;36;42;34;14;15;12;16;18;19;18;12
1050.0;61;64;38;36;43;36;14;16;10;16;17;19;18;12
1056.0;61;63;39;37;43;35;14;18;8;16;19;16;19;12
1062.0;60;65;38;35;42;35;14;19;11;16;19;15;19;12
1068.0;60;65;40;36;41;34;14;19;10;16;20;14;19;12
1074.0;59;64;38;37;42;35;15;20;10;15;19;13;20;13
1080.0;59;65;38;36;42;35;14;19;13;13;20;14;19;13
1086.0;59;64;39;36;41;36;14;20;12;14;19;13;20;13
1092.0;60;64;39;35;39;35;14;22;11;18;19;12;22;10
1098.0;60;65;37;38;39;35;14;19;13;17;19;12;21;11
1104.0;61;65;38;39;39;34;12;22;12;15;19;12;21;11
1110.0;61;65;38;39;37;34;14;21;13;16;18;10;21;13
1116.0;60;65;37;39;38;33;13;18;15;17;18;11;22;14
1122.0;59;65;37;39;39;35;13;17;14;15;18;10;24;15
1128.0;59;65;37;39;41;36;13;16;13;14;19;9;25;14
1134.0;56;66;35;40;42;37;12;16;14;14;18;10;25;15
1140.0;56;68;36;40;43;37;12;14;15;14;16;10;25;14
1146.0;57;68;35;39;44;37;13;15;16;12;17;10;26;11
1152.0;57;67;35;40;44;35;12;16;16;13;17;11;26;11
1158.0;57;68;35;39;43;34;13;17;18;13;17;10;25;11
1164.0;56;68;36;36;43;35;15;18;18;14;16;10;24;11
1170.0;55;67;36;38;43;34;17;18;19;13;16;10;23;11
1176.0;55;66;36;39;43;34;18;19;18;14;15;11;22;10
1182.0;54;67;36;40;43;33;18;18;18;14;15;12;23;9
1188.0;51;66;36;42;43;33;18;17;18;14;17;13;23;9
1194.0;53;65;36;40;41;34;18;17;18;15;16;14;23;10
1200.0;54;65;35;40;43;30;17;18;18;16;16;15;22;11
1206.0;55;64;36;40;42;30;19;18;17;15;16;15;22;11
1212.0;56;65;33;41;42;31;18;18;17;15;15;18;20;11
1218.0;57;65;34;38;40;31;18;20;16;16;16;17;21;11
1224.0;58;64;34;38;39;32;19;18;17;15;19;16;19;12
1230.0;58;63;34;40;38;32;18;17;15;15;19;18;21;12
1236.0;58;63;34;38;37;32;19;19;14;17;20;18;20;11
1242.0;55;62;34;38;37;34;17;19;14;18;21;17;20;14
1248.0;55;63;34;36;38;32;16;17;16;18;21;18;21;15
1254.0;55;63;34;36;38;30;14;17;15;18;22;18;21;19
1260.0;54;64;35;38;37;30;13;17;16;19;22;17;21;17
1266.0;55;64;38;38;37;30;13;18;14;17;21;19;20;16
1272.0;54;63;40;39;37;31;12;18;13;17;21;20;19;16
1278.0;55;64;39;40;35;31;12;18;13;17;20;21;18;17
1284.0;55;65;39;40;34;31;12;19;15;18;20;21;14;17
1290.0;57;66;40;37;33;32;13;18;16;17;21;20;15;15
1296.0;58;67;40;34;35;34;12;18;16;17;20;19;15;15
1302.0;59;67;40;35;35;34;12;18;16;17;20;17;16;14
1308.0;60;66;40;35;35;31;12;18;17;17;21;17;18;13
1314.0;59;67;40;37;35;31;9;19;16;16;22;17;17;15
1320.0;59;67;40;36;35;31;8;20;17;17;22;16;18;14
1326.0;58;68;45;35;33;32;9;17;15;18;23;15;19;13
1332.0;59;68;47;35;34;32;8;17;15;17;22;14;19;13
1338.0;60;70;48;35;34;32;9;15;17;16;20;14;18;12
1344.0;62;69;47;34;34;31;9;15;17;16;21;14;19;12
1350.0;62;69;49;34;32;31;9;14;17;15;20;14;20;14
1356.0;62;67;47;33;33;31;8;15;17;15;20;16;21;15
1362.0;62;68;46;32;35;30;8;14;18;15;20;20;19;13
1368.0;62;69;47;32;36;32;7;13;19;15;20;18;18;12
1374.0;59;70;46;34;36;32;8;13;17;15;19;20;17;14
1380.0;59;69;47;33;36;32;8;11;15;17;19;22;19;13
1386.0;58;69;48;33;37;33;9;11;15;17;18;23;17;12
1392.0;57;68;47;32;39;36;8;12;15;18;18;22;16;12
1398.0;56;69;45;32;40;36;9;13;15;17;18;22;15;13
1404.0;56;69;44;30;41;36;10;14;15;17;18;21;16;13
1410.0;56;69;44;30;42;35;10;12;16;16;17;20;18;15
1416.0;55;69;42;31;41;36;10;13;17;17;17;18;18;16
1422.0;55;70;41;31;40;36;10;13;15;18;17;17;18;19
1428.0;54;71;41;32;37;35;10;15;15;18;17;16;20;19
1434.0;55;70;41;33;38;34;10;14;14;19;16;17;20;19
1440.0;54;70;39;34;39;34;10;15;16;17;14;19;21;18
1446.0;56;71;38;35;38;33;10;17;16;15;12;20;22;17
1452.0;59;71;38;37;38;32;10;16;17;15;11;21;19;16
1458.0;59;72;39;40;36;34;9;17;15;15;12;20;17;15
1464.0;61;70;39;40;36;35;8;16;17;15;13;20;16;14
1470.0;61;69;41;39;36;35;9;17;17;15;13;18;17;13
1476.0;61;69;40;38;37;35;9;16;19;14;12;19;18;13
1482.0;61;67;40;39;37;36;10;14;18;14;13;20;16;15
1488.0;60;67;38;39;38;36;10;16;17;13;13;21;17;15
1494.0;62;67;35;39;38;37;10;15;17;12;13;21;17;17
1500.0;62;67;35;40;37;36;10;15;18;14;14;20;17;15
1506.0;61;64;34;42;37;35;10;14;19;15;15;18;18;18
1512.0;60;66;34;41;35;32;11;16;19;16;15;17;20;18
1518.0;60;66;35;41;35;30;12;15;22;17;15;17;19;16
1524.0;62;65;34;42;37;28;12;14;20;17;17;18;18;16
1530.0;63;66;32;42;37;28;12;14;19;19;17;18;18;15
1536.0;64;67;31;40;36;27;12;14;19;19;16;22;20;13
1542.0;64;67;32;41;36;27;13;14;19;19;14;22;19;13
1548.0;64;65;32;43;37;27;13;15;19;19;13;21;19;13
1554.0;64;65;32;43;38;28;13;15;19;17;13;21;19;13
1560.0;65;65;32;43;37;28;12;16;20;18;14;21;17;12
1566.0;65;64;32;41;36;28;12;15;22;16;15;23;18;13
1572.0;64;63;32;41;35;27;14;13;22;17;15;24;19;14
1578.0;64;62;32;40;35;26;15;12;21;18;15;25;20;15
1584.0;62;62;34;41;34;26;18;10;22;19;14;24;19;15
1590.0;62;63;33;43;35;25;17;12;21;18;14;24;18;15
1596.0;62;62;35;43;32;25;15;14;22;18;12;27;17;16
1602.0;65;61;35;43;32;25;15;16;21;19;12;25;17;14
1608.0;68;62;36;43;31;24;16;16;18;20;12;24;16;14
1614.0;69;61;35;43;32;24;17;15;19;21;12;24;15;13
1620.0;70;60;37;44;31;25;17;14;18;22;12;23;14;13
1626.0;70;59;38;45;31;25;18;13;16;22;12;24;13;14
1632.0;69;60;38;45;30;24;19;13;18;22;14;23;12;13
1638.0;68;60;38;44;31;25;19;13;17;22;15;23;12;13
1644.0;67;59;39;45;29;24;19;12;17;22;17;25;12;13
1650.0;67;60;44;44;29;23;19;11;15;21;17;26;12;12
1656.0;67;60;43;43;30;24;17;13;15;22;15;28;11;12
1662.0;66;61;43;43;31;24;18;14;13;21;17;26;11;12
1668.0;67;60;44;43;30;24;18;15;12;21;16;27;10;13
1674.0;66;61;41;40;32;26;18;16;13;19;16;26;10;16
1680.0;67;63;43;40;31;25;18;15;13;16;16;25;13;15
1686.0;65;62;45;41;29;26;18;16;12;16;16;27;14;13
1692.0;67;63;43;42;30;27;19;14;11;17;16;26;13;12
1698.0;68;62;43;41;30;28;19;15;11;18;16;23;14;12
1704.0;68;62;42;41;30;28;18;15;11;18;16;24;15;12
1710.0;67;62;43;40;32;29;18;14;10;16;18;27;13;11
1716.0;66;61;43;39;33;29;18;12;11;17;18;29;13;11
1722.0;64;61;43;40;35;28;19;12;12;17;16;29;13;11
1728.0;64;60;44;40;34;27;17;14;12;20;15;28;12;13
1734.0;61;59;43;38;33;29;19;15;14;19;14;29;13;14
1740.0;62;59;42;36;32;31;19;15;14;20;14;27;13;16
1746.0;62;58;41;35;34;30;19;17;15;21;15;26;13;14
1752.0;63;58;42;36;34;31;21;16;15;16;15;24;14;15
1758.0;65;59;43;37;35;30;22;14;14;14;16;21;15;15
1764.0;65;59;43;40;34;29;21;14;13;12;17;21;17;15
1770.0;64;62;41;40;34;31;22;13;12;11;17;22;15;16
1776.0;66;63;39;39;35;31;23;14;12;12;16;21;16;13
1782.0;68;63;40;39;36;30;22;13;13;11;16;20;16;13
1788.0;67;62;41;38;36;30;23;13;13;13;16;19;15;14
1794.0;68;62;40;37;35;31;25;13;15;13;16;19;13;13
1800.0;69;63;40;37;35;31;26;15;14;13;15;19;13;10
1806.0;68;63;40;38;36;31;25;16;13;11;15;17;15;12
1812.0;67;63;39;37;37;32;25;15;13;12;15;18;15;12
1818.0;65;63;39;37;36;34;21;16;14;12;15;17;15;16
1824.0;65;63;35;37;36;37;21;15;16;11;14;17;17;16
1830.0;67;63;35;37;39;38;19;16;15;8;15;16;15;17
1836.0;69;62;35;36;37;39;20;16;15;7;14;17;17;16
1842.0;68;60;34;37;38;38;20;16;14;9;13;20;17;16
1848.0;70;60;35;39;36;39;18;16;15;9;13;20;14;16
1854.0;69;62;35;39;36;39;17;15;15;10;12;20;14;17
1860.0;68;63;34;40;35;37;17;16;15;8;13;20;17;17
1866.0;69;62;35;42;35;35;17;15;15;9;12;19;17;18
1872.0;68;60;34;42;38;35;18;15;16;9;12;19;17;17
1878.0;68;58;33;42;39;36;17;16;16;10;12;19;17;17
1884.0;68;57;33;42;38;34;17;16;15;11;15;19;17;18
1890.0;70;56;33;42;38;34;17;14;15;11;19;19;15;17
1896.0;69;54;32;41;36;34;18;15;15;12;20;20;15;19
1902.0;70;55;33;40;35;35;20;14;15;13;20;18;14;18
1908.0;69;55;33;40;37;34;20;15;13;13;21;18;14;18
1914.0;69;55;32;42;36;34;18;15;13;14;20;19;16;17
1920.0;68;54;33;42;36;34;19;14;13;15;20;21;15;16
1926.0;68;55;31;42;38;36;19;14;13;14;19;20;17;14
1932.0;68;54;33;39;37;33;18;17;14;13;21;22;17;14
1938.0;67;54;33;36;38;34;20;18;14;13;20;21;18;14
1944.0;67;54;32;35;40;36;20;18;14;13;21;20;18;12
1950.0;69;55;32;36;39;37;18;17;11;13;23;21;17;12
1956.0;69;56;32;36;38;38;18;16;9;13;22;22;17;14
1962.0;69;58;32;35;38;38;17;16;9;13;21;23;17;14
1968.0;69;60;32;35;38;36;17;15;8;13;20;23;18;16
1974.0;70;59;31;35;38;36;16;15;9;12;22;25;15;17
