#auto generated file!
12.0;96;75;99;118;103;113;114;113;113;106;99;82;73;96
18.0;95;78;98;116;103;117;114;112;105;106;101;82;72;101
24.0;97;82;101;115;104;118;111;108;106;105;94;86;76;97
30.0;99;86;104;115;106;118;110;104;104;102;94;86;76;96
36.0;99;89;111;117;110;120;106;105;101;102;88;85;75;92
42.0;101;91;113;119;113;123;103;100;96;99;86;85;81;90
48.0;104;92;114;113;118;125;100;100;90;97;90;83;84;90
54.0;104;95;115;116;118;127;98;101;92;96;88;81;78;91
60.0;106;98;119;121;117;129;102;98;85;93;86;79;79;88
66.0;108;101;116;122;120;128;92;100;85;94;84;79;79;92
72.0;116;99;111;123;124;131;90;101;83;92;86;80;75;89
78.0;118;103;110;126;123;134;94;98;81;84;87;84;71;87
84.0;120;103;111;129;121;130;95;93;82;82;84;82;76;92
90.0;122;108;108;128;125;126;87;93;83;87;84;85;75;89
96.0;126;110;110;129;125;130;84;97;81;84;80;86;73;85
102.0;125;111;110;131;123;131;79;98;85;85;78;81;78;85
108.0;124;112;109;134;124;126;75;100;85;85;79;86;77;84
114.0;126;113;109;132;132;124;74;95;80;89;75;87;75;89
120.0;130;113;110;129;132;122;77;95;77;90;76;90;75;84
126.0;131;116;111;127;135;121;74;97;79;87;75;87;76;84
132.0;131;119;110;128;135;118;74;94;80;85;74;89;79;84
138.0;133;122;114;132;135;120;74;91;76;83;78;82;76;84
144.0;134;124;115;131;138;122;75;89;74;83;74;79;81;81
150.0;135;124;121;132;132;121;77;92;76;82;73;78;81;76
156.0;136;123;122;132;133;122;78;89;77;83;72;79;79;75
162.0;137;129;127;135;138;120;69;89;74;82;71;76;75;78
168.0;141;135;124;139;136;121;67;89;71;82;69;76;76;74
174.0;140;135;125;136;137;122;65;86;72;83;69;79;76;75
180.0;142;140;126;134;139;127;65;82;69;82;66;78;74;76
186.0;144;139;128;136;137;127;67;83;68;77;64;78;78;74
192.0;148;141;129;133;133;126;70;82;67;80;66;76;80;69
198.0;151;141;128;129;132;129;71;81;66;78;68;74;82;70
204.0;149;143;126;130;137;130;69;80;69;75;72;74;79;67
210.0;148;143;125;134;136;131;72;81;67;74;71;73;75;70
216.0;147;142;127;137;139;135;69;82;62;74;72;71;71;72
222.0;153;141;127;138;146;133;68;80;62;73;72;64;73;70
228.0;155;147;126;139;145;133;63;78;69;66;72;64;76;67
234.0;158;151;124;135;143;135;63;81;68;66;73;61;76;66
240.0;159;159;121;130;142;136;69;81;66;64;70;60;78;65
246.0;160;163;121;128;141;136;67;82;68;64;70;59;76;65
252.0;161;166;122;127;143;132;66;83;67;61;68;61;72;71
258.0;165;164;123;127;144;132;66;79;69;61;67;61;69;73
264.0;163;165;124;133;148;135;68;72;70;62;65;62;67;66
270.0;164;163;124;132;150;135;69;72;69;62;67;62;65;66
276.0;165;163;127;133;149;131;75;70;65;63;67;65;65;62
282.0;168;164;125;133;148;129;74;77;65;64;64;60;66;63
288.0;168;164;126;138;145;130;71;77;67;62;65;58;66;63
294.0;168;164;126;138;143;134;70;78;66;62;64;60;65;62
300.0;170;163;126;139;142;134;68;81;70;60;66;56;63;62
306.0;174;165;125;139;145;129;71;77;69;59;65;57;64;61
312.0;174;168;129;135;142;132;67;77;66;61;63;57;65;64
318.0;174;168;130;136;142;129;66;80;67;58;62;55;64;69
324.0;174;169;130;134;145;129;64;84;64;59;60;55;62;71
330.0;177;164;134;131;148;128;61;84;67;57;59;58;64;68
336.0;178;167;136;133;148;128;61;83;66;54;61;55;63;67
342.0;179;167;135;132;147;133;58;82;67;56;58;58;62;66
348.0;178;172;134;131;148;131;59;80;68;53;60;56;62;68
354.0;177;171;133;134;147;132;61;86;66;48;63;53;63;66
360.0;176;172;136;137;146;131;61;86;62;45;63;54;63;68
366.0;174;172;138;136;147;130;64;83;58;47;67;56;60;68
372.0;172;172;138;136;145;129;64;83;58;49;68;56;61;69
378.0;175;174;138;136;144;126;61;84;56;52;69;55;60;70
384.0;174;173;141;134;143;128;57;86;53;56;69;54;63;69
390.0;173;174;143;138;143;128;53;84;51;56;71;56;65;65
396.0;172;174;145;140;144;128;56;80;51;55;70;57;65;63
402.0;173;176;143;136;146;129;58;79;53;55;71;53;63;65
408.0;173;178;143;137;143;132;57;77;53;53;74;54;66;60
414.0;177;178;144;140;141;133;58;74;56;52;69;53;63;62
420.0;177;178;145;139;143;134;55;77;55;51;69;52;66;59
426.0;177;182;144;137;139;134;53;76;53;53;70;54;68;60
432.0;177;181;141;135;143;136;53;75;52;56;69;55;67;60
438.0;178;181;140;145;143;138;51;73;51;54;66;52;70;58
444.0;175;177;137;147;143;137;52;73;57;55;67;55;66;59
450.0;175;181;138;146;143;134;51;74;57;57;66;54;65;59
456.0;177;181;138;147;143;133;51;74;53;58;65;58;65;57
462.0;181;182;140;150;144;131;49;74;53;57;63;58;63;55
468.0;175;187;138;148;144;133;54;74;54;58;61;57;62;55
474.0;173;185;138;151;143;137;56;74;55;56;57;56;62;57
480.0;174;186;139;153;142;138;57;71;54;54;59;57;59;57
486.0;169;193;137;152;144;139;54;69;52;56;56;62;60;57
492.0;169;187;141;157;145;143;53;66;50;59;57;61;56;56
498.0;168;186;141;158;146;143;55;64;47;59;53;63;59;58
504.0;169;188;143;155;149;143;54;60;49;59;52;64;58;57
510.0;171;186;143;151;148;143;54;62;52;56;53;61;58;62
516.0;174;188;143;149;145;146;53;62;47;57;58;60;56;62
522.0;177;190;143;149;145;147;52;61;47;52;55;63;55;64
528.0;178;188;141;149;147;144;56;62;47;51;54;62;54;67
534.0;177;189;145;152;146;147;54;63;49;52;52;60;53;61
540.0;177;192;146;147;145;146;56;62;48;52;55;61;52;61
546.0;178;191;145;145;144;146;54;65;48;54;56;60;51;63
552.0;180;190;146;146;145;148;56;66;49;50;56;55;51;62
558.0;180;192;143;146;144;151;55;69;45;51;58;53;50;63
564.0;180;194;143;145;149;149;54;68;43;51;57;53;48;66
570.0;178;192;141;143;147;147;56;72;46;53;62;52;46;65
576.0;182;189;138;141;150;147;56;73;47;48;65;53;45;66
582.0;181;187;137;141;154;140;51;80;51;50;63;53;46;66
588.0;183;186;138;140;155;139;52;83;52;53;57;52;45;65
594.0;185;188;142;141;156;136;48;84;51;50;56;50;45;68
600.0;188;186;140;144;153;135;47;80;53;55;55;51;46;67
606.0;187;185;138;145;154;130;49;81;54;55;55;54;45;68
612.0;186;186;137;147;155;133;50;79;57;51;54;51;44;70
618.0;190;188;142;147;151;131;54;75;53;52;52;54;43;68
624.0;190;189;142;147;144;136;55;75;54;53;53;53;43;66
630.0;192;189;141;145;140;131;57;75;52;54;55;57;47;65
636.0;196;190;139;145;139;131;57;75;53;54;54;56;47;64
642.0;200;188;138;145;139;130;56;72;56;57;52;50;50;67
648.0;202;187;142;142;140;126;58;70;55;58;52;49;51;68
654.0;206;188;143;140;138;124;54;69;56;57;57;46;50;72
660.0;209;186;141;140;140;128;53;64;60;54;58;49;49;69
666.0;212;181;146;139;139;127;54;63;62;54;59;46;50;68
672.0;214;185;146;140;140;129;54;60;63;53;55;45;50;66
678.0;216;188;143;143;141;130;54;62;64;52;52;45;48;62
684.0;216;187;144;146;140;133;62;57;62;50;50;45;48;60
690.0;218;187;147;148;141;130;62;54;64;50;48;44;49;58
696.0;215;188;147;147;136;130;65;54;64;49;53;45;48;59
702.0;217;188;146;145;138;127;63;51;69;47;58;47;44;60
708.0;215;189;148;144;139;125;61;52;70;46;61;45;43;62
714.0;218;194;146;142;140;123;61;53;74;44;56;46;42;61
720.0;221;195;143;140;145;125;59;52;74;46;56;44;41;59
726.0;222;197;144;138;147;125;55;58;73;46;49;45;38;63
732.0;218;200;143;141;147;126;55;56;69;46;48;44;43;64
738.0;218;201;144;139;149;123;54;58;70;46;48;43;44;63
744.0;221;202;145;133;148;121;54;60;65;50;51;44;44;62
750.0;224;203;143;136;148;122;53;57;65;48;50;45;45;61
756.0;222;207;139;131;148;124;52;58;62;47;53;50;44;63
762.0;220;208;140;130;148;125;53;58;61;44;53;55;43;62
768.0;216;210;139;129;150;123;51;59;62;44;54;54;45;64
774.0;215;205;138;134;153;123;52;59;60;45;50;55;46;65
780.0;218;205;139;132;150;125;54;60;57;47;49;54;46;64
786.0;216;205;140;129;154;123;53;56;59;46;50;53;47;69
792.0;217;206;139;129;152;122;55;56;63;48;50;52;43;68
798.0;220;209;133;131;152;122;52;55;62;49;53;52;44;66
804.0;220;210;132;128;152;121;49;56;58;51;53;53;47;70
810.0;217;214;132;129;149;121;51;57;55;51;50;54;48;72
816.0;215;214;131;127;153;123;52;56;54;50;46;57;49;73
822.0;214;208;136;129;149;121;52;58;57;53;45;57;48;73
828.0;212;212;130;129;153;127;49;56;56;53;46;56;48;73
834.0;208;213;132;128;155;126;54;58;53;55;44;60;46;68
840.0;207;212;133;131;156;124;54;59;52;55;46;59;47;65
846.0;207;211;134;131;156;124;53;58;56;59;45;57;47;62
852.0;205;212;135;131;152;125;55;59;55;61;46;54;46;64
858.0;206;217;133;136;152;123;58;56;55;62;43;54;44;61
864.0;203;218;136;137;153;124;56;51;54;61;43;54;48;62
870.0;210;217;136;138;155;122;50;56;50;59;45;50;50;62
876.0;212;213;140;139;155;120;51;53;49;60;45;53;47;63
882.0;215;211;142;137;152;121;53;56;50;62;45;48;45;63
888.0;211;213;146;136;152;122;53;56;51;60;49;47;47;57
894.0;212;214;145;132;152;121;52;54;54;58;54;48;47;57
900.0;210;213;142;134;156;122;52;52;55;58;55;46;49;56
906.0;211;214;140;130;151;126;53;53;53;59;58;45;49;58
912.0;211;214;140;130;150;127;53;52;53;54;60;48;49;59
918.0;211;213;141;132;150;126;51;54;51;51;63;49;52;56
924.0;215;214;140;130;152;128;53;52;51;49;64;47;53;52
930.0;215;211;136;137;153;130;52;54;50;49;63;46;53;51
936.0;215;211;135;137;152;128;51;56;52;46;59;52;53;53
942.0;217;210;132;138;152;130;54;53;52;45;61;50;52;54
948.0;218;207;132;138;147;130;58;53;52;44;62;53;51;55
954.0;223;207;131;146;147;129;63;47;51;44;61;51;47;53
960.0;221;207;132;144;148;132;66;46;50;46;61;49;46;52
966.0;227;207;130;144;147;130;64;50;49;43;60;49;50;50
972.0;230;207;132;144;143;127;67;48;50;39;61;51;50;51
978.0;232;205;125;145;144;128;66;53;46;42;62;51;52;49
984.0;233;206;124;144;145;126;66;53;48;43;61;51;53;47
990.0;233;206;123;144;145;123;65;53;49;43;56;55;53;52
996.0;233;206;122;140;149;116;67;57;52;43;54;55;54;52
1002.0;236;204;125;140;150;119;62;58;47;44;56;53;54;52
1008.0;232;204;126;143;152;118;58;59;50;45;57;51;55;50
1014.0;231;201;124;143;151;121;59;57;50;47;60;50;54;52
1020.0;228;199;126;144;149;123;60;60;51;45;56;53;54;52
1026.0;229;202;131;141;146;120;60;63;50;42;55;53;53;55
1032.0;227;202;131;142;143;119;61;65;47;48;59;49;52;55
1038.0;226;202;132;140;142;115;57;69;48;49;58;50;55;57
1044.0;220;198;132;146;137;116;60;69;48;50;60;50;57;57
1050.0;219;195;132;147;135;115;59;71;49;49;63;54;56;56
1056.0;220;195;134;145;130;115;68;71;50;48;62;50;54;58
1062.0;220;197;134;145;132;111;70;67;50;52;61;50;55;56
1068.0;220;196;134;148;133;110;70;67;50;54;63;48;53;54
1074.0;219;192;137;149;135;109;64;67;52;55;64;48;58;51
1080.0;216;192;133;150;136;111;66;69;53;55;62;46;61;50
1086.0;214;192;133;147;138;109;63;68;53;54;65;54;59;51
1092.0;215;194;133;149;137;109;67;66;47;54;67;57;59;46
1098.0;214;199;131;146;139;111;69;65;44;53;68;55;57;49
1104.0;214;199;131;144;138;114;71;67;47;54;66;51;58;46
1110.0;214;199;133;142;136;115;67;67;46;58;64;50;59;50
1116.0;212;202;132;141;135;115;65;67;45;56;65;52;58;55
1122.0;209;202;138;144;133;113;64;65;42;60;66;50;56;58
1128.0;208;205;138;146;136;112;59;65;42;59;67;50;56;57
1134.0;209;209;138;145;141;113;55;64;43;57;65;50;56;55
1140.0;209;208;143;145;139;116;52;64;44;56;64;50;53;57
1146.0;211;209;139;142;135;120;53;64;43;59;62;50;54;59
1152.0;213;210;141;141;133;119;55;62;43;60;67;50;50;56
1158.0;211;208;138;141;129;117;58;62;45;65;69;48;49;60
1164.0;208;209;139;140;125;116;60;67;47;65;68;45;49;62
1170.0;205;214;138;134;126;119;62;63;48;64;69;44;51;63
1176.0;209;211;133;132;122;121;63;68;49;67;69;42;51;63
1182.0;207;211;133;140;118;118;63;66;51;64;68;45;53;63
1188.0;208;211;132;137;117;123;63;62;53;66;70;42;51;65
1194.0;213;213;135;133;115;125;63;62;54;64;67;42;51;63
1200.0;212;217;137;133;114;124;60;60;56;63;65;43;52;64
1206.0;209;215;140;131;115;124;59;61;56;62;64;43;56;65
1212.0;212;214;134;134;116;126;59;63;58;55;66;44;57;62
1218.0;212;214;136;132;112;125;61;65;62;54;69;40;56;62
1224.0;210;215;139;135;113;126;62;64;61;56;64;43;52;60
1230.0;210;214;142;138;112;128;66;63;56;56;65;45;49;56
1236.0;212;214;138;141;110;129;66;59;57;54;68;42;47;63
1242.0;211;213;138;147;115;130;64;64;56;47;65;44;45;61
1248.0;215;215;140;148;111;130;63;60;58;47;66;42;42;63
1254.0;215;215;141;141;110;131;65;56;57;49;68;44;47;61
1260.0;216;218;140;139;111;129;67;58;59;44;71;43;47;58
1266.0;217;220;140;140;113;123;65;58;58;44;70;45;45;62
1272.0;217;219;139;144;116;125;60;58;56;46;69;44;46;61
1278.0;215;218;139;147;118;127;58;56;50;46;69;45;47;65
1284.0;217;221;140;149;115;127;58;54;52;44;69;45;46;63
1290.0;219;223;137;148;116;129;56;50;55;43;70;47;45;62
1296.0;223;225;138;145;118;130;57;50;51;42;68;46;46;61
1302.0;226;227;134;146;122;134;55;53;51;39;65;42;46;60
1308.0;223;223;137;145;118;136;56;53;48;41;63;45;51;61
1314.0;221;226;134;147;121;135;62;55;46;43;60;41;49;60
1320.0;219;228;134;145;120;138;63;54;46;43;62;42;49;57
1326.0;217;230;131;145;121;138;62;56;45;45;61;41;55;53
1332.0;221;231;133;145;122;137;64;55;45;44;58;42;53;50
1338.0;223;230;131;147;123;136;61;58;46;45;55;43;55;47
1344.0;225;232;131;143;123;135;56;61;43;41;56;48;57;49
1350.0;221;229;133;141;126;135;57;62;40;42;61;47;60;46
1356.0;222;227;130;140;123;136;58;62;39;47;64;47;60;45
1362.0;220;227;129;137;127;137;59;63;41;46;61;50;60;43
1368.0;219;227;131;137;128;139;58;62;41;49;59;50;57;43
1374.0;218;229;133;136;128;145;58;62;39;44;60;47;57;44
1380.0;218;230;135;134;129;142;57;62;40;41;61;45;60;46
1386.0;222;232;135;137;128;138;55;63;39;38;59;47;59;48
1392.0;222;232;135;136;129;139;55;62;40;38;58;51;58;45
1398.0;219;233;133;134;131;138;57;65;44;37;60;50;54;45
1404.0;221;234;131;132;131;133;58;67;45;39;59;51;53;46
1410.0;222;239;130;132;127;136;60;65;44;40;59;52;49;45
1416.0;221;237;136;132;125;134;56;66;43;39;60;54;50;47
1422.0;219;235;139;131;125;139;55;65;44;39;62;54;45;48
1428.0;218;234;138;134;124;138;55;63;47;42;65;57;42;43
1434.0;220;231;138;132;123;140;57;64;48;40;63;55;46;43
1440.0;220;233;140;133;123;141;54;61;46;36;66;57;47;43
1446.0;220;233;136;134;125;140;58;62;47;38;66;58;41;42
1452.0;221;231;136;137;123;141;60;62;45;39;64;59;40;42
1458.0;222;232;134;130;123;141;58;65;46;40;65;57;40;47
1464.0;221;234;132;128;123;143;56;62;47;43;63;59;42;47
1470.0;219;234;132;127;125;146;54;64;45;41;62;62;42;47
1476.0;220;234;133;125;126;147;55;60;46;42;61;61;41;49
1482.0;220;232;135;124;126;150;53;60;48;43;58;60;45;46
1488.0;221;232;132;123;125;149;54;58;49;44;60;59;48;46
1494.0;215;234;132;123;125;144;56;63;48;47;60;56;50;47
1500.0;213;233;134;122;123;144;56;59;52;49;61;58;48;48
1506.0;214;232;136;120;122;149;53;61;49;50;62;54;50;48
1512.0;217;228;132;120;124;151;52;60;49;52;63;54;49;49
1518.0;214;227;134;122;125;151;50;59;48;51;64;53;51;51
1524.0;214;229;137;120;125;149;52;60;50;52;66;48;51;47
1530.0;220;224;133;122;126;147;51;57;51;49;66;52;54;48
1536.0;222;223;133;122;126;145;53;58;54;49;66;49;52;48
1542.0;223;223;131;123;124;146;54;56;56;48;64;46;56;50
1548.0;221;224;132;121;125;148;55;57;53;48;64;47;53;52
1554.0;220;224;131;126;128;143;56;56;55;48;62;49;52;50
1560.0;221;221;133;124;130;143;56;54;53;48;64;48;52;53
1566.0;219;222;133;127;131;142;54;55;51;49;65;47;52;53
1572.0;218;225;130;124;130;145;51;61;54;49;66;46;49;52
1578.0;215;226;136;124;131;142;47;59;51;51;65;47;52;54
1584.0;217;230;135;125;128;142;44;60;51;52;60;49;50;57
1590.0;218;229;136;126;131;140;44;58;48;53;63;49;48;57
1596.0;219;232;134;126;130;138;43;57;50;52;65;49;45;60
1602.0;220;231;133;124;132;142;46;56;51;50;63;49;44;59
1608.0;216;228;134;122;135;142;46;56;51;48;64;54;45;59
1614.0;218;229;129;127;133;139;46;56;48;48;67;56;47;57
1620.0;217;229;130;129;132;142;49;59;48;48;64;54;44;55
1626.0;219;228;133;127;133;144;49;61;46;46;63;53;45;53
1632.0;218;230;133;126;132;144;45;59;49;46;62;53;50;53
1638.0;222;227;135;126;130;143;44;57;55;44;61;53;47;56
1644.0;223;228;134;124;127;144;44;55;53;48;59;56;48;57
1650.0;224;230;134;123;126;146;46;57;54;48;56;52;46;58
1656.0;227;229;136;127;126;147;46;54;54;48;54;52;43;57
1662.0;224;229;135;126;127;145;48;55;55;45;58;53;44;56
1668.0;224;231;137;125;124;146;49;54;55;44;54;56;43;58
1674.0;224;232;137;128;126;146;48;55;54;43;53;54;43;57
1680.0;225;233;136;126;126;142;51;56;56;46;51;53;41;58
1686.0;224;234;135;121;126;147;49;57;55;49;49;53;43;58
1692.0;226;232;134;120;128;147;51;55;54;49;51;53;40;60
1698.0;229;232;134;119;126;146;50;54;54;53;52;50;41;60
1704.0;227;231;133;121;128;143;49;55;51;53;54;50;41;64
1710.0;226;232;136;120;131;143;47;55;49;55;54;47;42;63
1716.0;226;229;139;122;127;144;50;56;47;55;54;45;45;61
1722.0;229;229;139;122;129;141;47;54;48;53;54;44;46;65
1728.0;229;233;138;121;129;139;51;52;52;53;54;43;45;61
1734.0;227;237;137;115;130;137;49;57;52;54;52;49;46;58
1740.0;227;240;139;112;131;130;48;58;50;54;53;54;45;59
1746.0;230;237;143;114;127;133;46;57;55;51;47;56;46;58
1752.0;231;234;141;117;129;130;47;57;54;50;47;57;47;59
1758.0;229;234;139;116;130;127;51;56;53;51;49;59;47;59
1764.0;227;233;141;120;129;125;51;52;56;49;48;59;48;62
1770.0;227;230;142;122;126;123;51;54;57;52;49;59;47;61
1776.0;229;229;142;122;128;121;47;53;58;50;53;59;46;63
1782.0;230;233;141;122;128;118;48;53;60;51;52;57;44;63
1788.0;227;234;143;122;132;119;48;52;61;52;51;54;45;60
1794.0;226;233;145;122;128;120;46;54;64;51;52;54;45;60
1800.0;225;231;142;122;130;122;50;57;60;53;50;51;45;62
1806.0;227;230;143;125;130;121;47;52;62;55;51;45;47;65
1812.0;227;227;139;126;132;127;46;51;65;52;54;43;45;66
1818.0;227;228;136;127;133;131;46;51;65;51;55;43;45;62
1824.0;229;229;137;125;130;132;45;50;61;53;60;46;45;58
1830.0;230;224;140;128;131;133;46;49;54;51;58;45;49;62
1836.0;232;222;140;127;132;135;46;54;55;47;57;43;48;62
1842.0;232;222;140;125;131;139;47;54;53;44;56;44;49;64
1848.0;233;223;139;128;127;139;49;53;52;45;57;43;49;63
1854.0;234;226;135;125;124;138;48;48;54;48;59;44;55;62
1860.0;233;225;134;126;123;139;46;46;51;54;58;47;56;62
1866.0;233;229;130;128;121;136;46;50;50;52;56;51;57;61
1872.0;232;230;128;130;120;134;43;56;48;54;55;52;55;63
1878.0;227;232;130;124;128;135;42;55;49;51;54;50;59;64
1884.0;226;234;130;123;131;135;41;55;50;51;52;50;60;62
1890.0;228;234;127;124;130;135;43;56;48;51;54;50;61;59
1896.0;228;235;125;127;130;134;41;56;49;52;52;51;62;58
1902.0;229;237;127;125;135;134;39;55;50;51;55;50;57;56
1908.0;230;236;122;125;138;134;40;60;53;51;56;47;53;55
1914.0;231;240;121;125;134;130;43;58;54;53;54;49;54;54
1920.0;232;242;121;128;135;130;43;54;54;49;55;49;57;51
1926.0;232;243;121;126;134;131;45;55;53;49;56;48;54;53
1932.0;234;242;120;129;131;134;45;58;50;47;53;47;57;53
1938.0;235;246;119;130;133;133;43;53;51;51;53;48;55;50
1944.0;239;245;119;129;131;134;45;53;50;51;52;47;56;49
1950.0;239;246;122;128;131;134;43;54;48;51;49;47;55;53
1956.0;241;244;124;129;127;133;43;53;48;54;49;48;54;53
1962.0;240;243;125;128;127;134;43;54;47;56;50;49;52;52
1968.0;242;244;127;131;127;134;41;55;44;56;47;47;53;52
1974.0;240;242;123;133;129;136;43;57;43;55;47;48;54;50
