#auto generated file!
12.0;13;17;14;21;13;16;8;7;10;23;17;20;11;10
18.0;14;17;14;21;14;16;8;7;10;20;17;20;10;12
24.0;14;17;15;21;14;16;8;6;10;21;18;19;10;11
30.0;14;18;14;21;13;16;8;5;11;20;21;17;10;12
36.0;15;19;14;21;14;16;7;5;10;19;21;17;9;13
42.0;16;19;15;22;14;16;7;6;9;19;20;16;10;11
48.0;16;19;16;23;14;17;7;6;11;16;20;15;10;10
54.0;16;19;16;22;15;18;5;7;10;16;20;16;11;9
60.0;16;20;16;22;15;19;5;8;9;14;19;17;11;9
66.0;17;21;16;22;15;21;3;8;9;12;20;16;11;9
72.0;16;22;18;21;15;22;3;7;9;12;20;16;10;9
78.0;18;22;18;21;13;21;3;8;9;12;20;16;10;9
84.0;18;22;20;22;14;20;3;8;10;11;18;15;10;9
90.0;18;23;20;22;13;21;4;8;9;11;19;15;10;7
96.0;18;22;22;20;13;21;4;10;5;13;20;15;9;8
102.0;18;21;22;20;13;23;5;10;4;14;19;14;9;8
108.0;18;23;23;21;13;24;6;9;4;10;19;12;8;10
114.0;18;22;21;20;13;24;8;9;6;12;18;12;8;9
120.0;18;22;20;20;15;24;8;8;6;10;18;13;8;10
126.0;18;23;20;21;16;24;7;8;6;9;15;14;8;11
132.0;18;23;21;20;16;24;6;8;6;9;16;14;8;11
138.0;19;23;21;19;16;22;7;8;6;9;17;14;7;12
144.0;20;22;21;19;17;23;6;8;5;8;18;15;6;12
150.0;20;22;22;20;17;22;6;8;5;8;18;14;6;12
156.0;20;24;23;20;17;22;6;8;4;7;17;14;6;12
162.0;20;24;23;20;17;22;6;8;4;7;17;14;5;13
168.0;20;25;21;21;17;21;7;9;4;7;17;12;6;13
174.0;22;26;21;20;17;22;7;10;3;7;16;12;5;12
180.0;22;28;21;19;18;22;7;10;4;6;14;12;5;12
186.0;24;29;21;19;18;21;8;9;4;6;14;10;5;12
192.0;24;29;22;18;18;22;8;9;4;6;13;11;5;11
198.0;25;29;22;17;19;21;8;9;4;6;12;11;5;12
204.0;24;29;22;17;19;21;9;9;5;5;12;11;5;12
210.0;24;27;22;16;18;21;9;10;5;7;13;9;5;14
216.0;24;27;23;16;18;20;8;8;4;7;15;10;5;15
222.0;24;27;23;17;18;20;7;8;5;6;14;11;5;15
228.0;24;27;23;18;20;20;6;8;6;7;12;11;4;14
234.0;24;27;23;19;19;19;5;9;7;7;13;11;4;13
240.0;24;27;24;19;17;20;5;10;8;7;13;10;4;12
246.0;24;27;24;19;17;20;5;10;8;7;13;10;4;12
252.0;24;27;23;19;17;20;5;11;10;7;13;10;3;11
258.0;24;28;23;18;18;20;4;10;11;6;13;10;3;12
264.0;26;27;22;19;18;20;5;8;10;6;13;10;4;12
270.0;27;26;23;20;17;20;4;8;11;6;12;11;3;12
276.0;27;28;23;20;17;20;5;7;11;6;12;11;2;11
282.0;26;28;22;20;17;20;3;10;11;9;11;11;2;10
288.0;27;30;22;19;18;20;2;10;9;8;12;10;3;10
294.0;26;31;22;19;18;20;3;10;9;8;11;10;4;9
300.0;26;32;22;20;18;19;3;10;10;8;9;11;4;8
306.0;25;32;22;21;19;19;3;9;10;8;11;9;3;9
312.0;24;31;22;21;19;19;2;9;11;8;12;9;4;9
318.0;24;32;22;21;18;19;1;9;12;8;12;9;5;8
324.0;25;32;22;21;18;19;2;8;12;8;11;9;5;8
330.0;26;33;22;21;18;19;1;8;12;8;11;8;5;8
336.0;25;34;22;20;19;16;2;9;12;8;10;9;5;9
342.0;25;34;22;20;20;16;3;9;10;8;10;7;5;11
348.0;26;33;22;21;20;16;3;8;10;8;10;7;3;13
354.0;27;34;23;22;20;16;3;8;11;6;9;7;3;11
360.0;27;33;22;22;20;16;3;9;11;6;9;7;3;12
366.0;27;33;21;22;20;16;5;9;10;7;8;8;2;12
372.0;27;34;22;22;20;15;5;8;10;7;8;8;2;12
378.0;27;34;22;23;20;17;7;8;8;7;6;8;3;10
384.0;27;34;22;22;20;16;10;10;7;6;6;7;3;10
390.0;28;35;23;22;19;16;9;9;8;4;7;7;4;9
396.0;28;35;22;21;19;18;9;8;9;4;8;7;4;8
402.0;28;34;21;20;19;18;9;9;10;4;8;8;4;8
408.0;28;34;22;20;18;18;9;9;9;4;8;9;5;7
414.0;28;34;22;20;17;18;9;10;9;4;8;9;5;7
420.0;29;34;22;20;15;18;9;10;9;4;8;9;6;7
426.0;29;34;23;19;15;17;10;9;9;4;9;8;7;7
432.0;29;36;22;19;14;18;9;8;10;5;9;9;6;6
438.0;29;36;21;20;14;19;9;7;10;5;9;9;7;5
444.0;29;36;22;20;14;20;9;7;9;5;8;9;7;5
450.0;29;36;21;22;13;19;11;7;9;5;7;10;6;5
456.0;30;37;21;22;13;19;12;7;9;6;6;8;6;4
462.0;30;38;20;21;15;20;12;6;7;7;6;8;6;4
468.0;30;38;20;21;15;20;11;7;6;8;5;9;7;3
474.0;30;38;20;21;15;20;11;8;7;8;5;8;6;3
480.0;28;38;21;21;16;20;11;8;6;7;5;9;6;4
486.0;28;39;21;20;17;20;11;8;6;7;5;9;5;4
492.0;28;38;22;19;17;19;11;6;5;9;6;10;6;4
498.0;28;38;23;20;16;19;11;5;5;9;5;8;10;3
504.0;27;37;24;20;16;20;11;5;5;9;6;7;10;3
510.0;27;36;22;20;16;20;10;6;4;9;6;9;10;5
516.0;29;35;23;20;15;19;10;4;6;9;6;9;9;6
522.0;29;36;23;20;15;18;10;4;6;9;6;9;9;6
528.0;30;36;25;18;17;18;10;5;6;9;5;7;8;6
534.0;30;36;25;19;17;19;10;5;6;9;5;6;7;6
540.0;31;36;24;19;17;20;9;6;6;9;4;6;8;5
546.0;32;38;23;18;16;20;6;7;6;9;4;6;8;7
552.0;31;38;22;18;17;20;6;7;7;8;4;6;9;7
558.0;30;37;22;19;18;21;7;8;6;8;2;6;9;7
564.0;30;39;22;20;18;18;8;8;7;7;3;6;7;7
570.0;29;40;20;20;18;19;9;7;8;8;3;6;7;6
576.0;29;41;20;21;18;19;8;7;8;9;2;6;6;6
582.0;27;41;20;21;19;19;8;6;8;8;3;7;7;6
588.0;26;39;20;22;19;17;9;6;8;7;3;9;8;7
594.0;27;37;21;23;19;17;9;6;7;7;3;9;8;7
600.0;27;37;19;24;19;18;9;5;7;8;4;9;7;7
606.0;26;38;19;23;17;18;10;5;7;9;3;10;8;7
612.0;25;37;19;24;17;17;9;4;7;11;3;10;8;9
618.0;24;36;18;24;18;18;10;4;7;10;5;10;8;8
624.0;23;37;19;24;18;18;10;3;7;10;5;9;8;9
630.0;23;36;19;26;18;18;10;2;7;10;6;8;8;9
636.0;21;35;18;25;18;17;11;3;7;10;8;8;10;9
642.0;22;36;18;25;18;19;11;3;7;9;7;9;9;7
648.0;22;36;18;25;18;19;11;3;7;10;7;8;9;7
654.0;24;35;18;23;19;21;10;4;7;10;7;7;9;6
660.0;25;35;18;24;19;19;9;4;7;10;8;7;9;6
666.0;25;36;17;24;19;19;8;8;7;9;8;6;9;5
672.0;25;36;18;24;17;17;8;8;9;9;8;6;9;6
678.0;26;36;18;26;17;18;8;10;7;8;7;5;8;6
684.0;25;36;18;27;15;17;8;9;8;9;8;6;8;6
690.0;25;35;18;26;16;18;7;9;9;8;8;6;8;7
696.0;26;33;19;25;16;21;7;9;10;10;4;6;7;7
702.0;26;33;19;25;16;21;7;8;10;11;4;5;8;7
708.0;26;33;19;25;17;21;7;8;12;12;4;3;7;6
714.0;26;32;18;26;18;21;9;7;11;12;5;3;6;6
720.0;27;31;19;26;18;20;9;7;11;12;5;3;6;6
726.0;27;31;20;25;17;20;10;8;11;12;4;3;6;6
732.0;26;30;21;26;16;21;10;8;12;11;5;3;6;5
738.0;26;29;21;26;16;20;10;9;12;11;5;4;6;5
744.0;27;28;21;26;16;20;10;9;12;11;5;4;5;6
750.0;27;27;21;27;16;18;10;9;12;11;5;4;7;6
756.0;27;27;21;27;16;19;10;9;11;11;5;4;7;6
762.0;26;28;22;27;16;21;9;12;11;9;5;4;5;5
768.0;26;27;22;26;16;21;10;12;11;8;6;4;5;6
774.0;26;27;23;26;16;21;10;12;11;8;6;4;4;6
780.0;27;28;23;26;16;22;11;10;10;7;6;4;5;5
786.0;28;28;23;27;17;21;12;10;10;5;5;4;5;5
792.0;29;28;24;27;17;20;13;9;10;5;6;3;5;4
798.0;29;29;21;26;18;20;13;8;9;4;7;4;5;7
804.0;29;28;21;28;18;21;11;10;8;4;7;3;5;7
810.0;29;28;21;27;18;22;12;9;8;4;7;2;5;8
816.0;29;26;20;27;18;23;11;10;9;5;7;2;5;8
822.0;29;26;21;27;18;24;11;10;7;5;7;2;5;8
828.0;30;25;23;26;19;25;11;10;7;5;5;2;5;7
834.0;28;25;24;28;18;25;9;10;7;5;4;3;6;8
840.0;29;26;22;28;17;25;9;10;6;7;4;3;6;8
846.0;30;26;21;28;16;25;10;10;5;8;4;4;5;8
852.0;28;26;20;28;16;25;11;10;5;8;4;4;7;8
858.0;26;27;19;26;17;25;11;11;5;9;4;3;8;9
864.0;27;28;19;24;18;23;10;11;6;9;5;3;8;9
870.0;27;28;20;25;17;23;10;11;6;9;4;3;8;9
876.0;25;28;20;26;17;22;10;11;7;9;4;3;8;10
882.0;25;27;21;26;17;23;10;11;5;9;5;3;8;10
888.0;25;27;20;27;17;22;10;12;5;10;5;3;8;9
894.0;25;29;20;27;17;22;9;12;5;9;5;4;8;8
900.0;25;30;19;26;18;22;9;12;5;8;5;4;9;8
906.0;24;29;19;25;17;23;9;12;5;8;5;4;10;10
912.0;23;29;20;23;17;23;9;13;6;6;6;4;11;10
918.0;21;29;21;23;17;24;8;12;5;6;6;6;12;10
924.0;21;30;21;21;19;24;9;12;3;6;5;5;14;10
930.0;21;30;22;20;19;22;9;12;4;6;5;5;14;11
936.0;21;31;22;22;19;22;10;11;3;6;5;4;12;12
942.0;20;33;22;21;20;23;10;12;4;5;5;4;10;11
948.0;20;33;22;21;21;21;11;10;4;4;7;5;10;11
954.0;20;33;23;21;20;21;11;11;4;4;7;6;9;10
960.0;20;33;24;21;20;21;13;9;3;4;6;6;10;10
966.0;20;33;25;21;18;21;12;9;3;5;7;6;10;10
972.0;23;33;26;18;18;20;12;11;4;4;5;7;11;8
978.0;24;32;26;18;17;22;11;9;6;4;4;8;11;8
984.0;24;33;25;18;16;23;10;9;5;4;5;7;12;9
990.0;24;32;25;18;17;23;8;9;6;4;6;6;13;9
996.0;24;32;26;17;18;23;6;8;6;5;7;6;13;9
1002.0;24;33;26;18;18;24;4;8;6;5;7;6;13;8
1008.0;24;33;27;19;18;23;5;8;5;5;7;5;14;7
1014.0;25;32;28;19;17;23;6;8;4;4;7;7;12;8
1020.0;25;32;28;19;17;23;6;8;3;4;8;6;11;10
1026.0;24;32;28;18;16;24;7;7;3;5;10;5;10;11
1032.0;23;32;28;19;16;23;7;7;3;5;10;6;10;11
1038.0;23;33;29;20;15;24;6;7;2;4;9;6;11;11
1044.0;23;33;29;20;15;24;5;7;2;4;9;6;11;12
1050.0;22;34;30;20;14;24;5;9;1;3;9;7;11;11
1056.0;22;36;30;18;14;24;4;9;1;3;9;7;10;13
1062.0;22;36;30;18;14;23;4;9;2;4;9;7;9;13
1068.0;22;37;30;18;14;23;4;10;2;4;8;7;8;13
1074.0;23;38;29;18;14;23;4;9;2;4;8;6;8;14
1080.0;22;38;29;18;12;23;4;9;2;4;9;7;9;14
1086.0;22;35;29;20;14;22;5;8;2;6;8;6;9;14
1092.0;21;33;29;20;14;22;8;7;2;6;8;5;11;14
1098.0;21;34;27;20;15;22;8;7;2;6;8;5;11;14
1104.0;22;34;28;19;14;22;7;7;2;7;8;6;11;13
1110.0;22;33;27;21;15;22;6;6;2;7;8;8;10;13
1116.0;23;33;26;21;16;21;5;7;2;7;9;7;11;12
1122.0;22;33;26;21;16;22;6;6;4;7;9;6;10;12
1128.0;21;33;27;21;16;21;4;8;5;7;11;7;10;9
1134.0;21;31;27;21;17;21;5;8;5;7;10;7;10;10
1140.0;21;31;27;21;18;18;5;8;6;9;10;6;11;9
1146.0;20;31;28;20;18;18;5;7;8;9;11;6;11;8
1152.0;20;32;27;18;18;18;6;6;10;10;12;6;10;7
1158.0;20;32;27;18;17;18;6;6;10;10;13;6;10;7
1164.0;20;32;27;20;17;17;6;7;9;10;11;6;11;7
1170.0;20;31;27;20;17;17;6;4;8;10;11;9;12;8
1176.0;20;33;27;21;15;16;6;5;8;10;12;7;11;9
1182.0;20;33;27;21;15;15;6;5;8;10;12;7;12;9
1188.0;20;33;28;22;15;15;6;4;7;10;12;7;12;9
1194.0;20;33;28;21;16;15;6;4;6;10;12;8;13;8
1200.0;20;32;29;20;17;16;6;6;7;8;9;9;11;10
1206.0;20;32;29;20;18;16;6;5;7;8;9;9;11;10
1212.0;20;31;28;20;19;18;7;6;7;7;10;7;10;10
1218.0;19;31;29;20;19;19;8;6;7;5;9;7;11;10
1224.0;20;30;28;20;18;19;8;6;9;6;9;6;12;9
1230.0;20;30;26;21;19;19;8;7;9;6;9;6;12;8
1236.0;20;31;26;21;20;18;8;7;11;5;6;6;13;8
1242.0;20;33;27;21;20;18;7;7;12;3;7;5;13;7
1248.0;21;33;27;21;20;19;6;7;11;3;7;5;13;7
1254.0;22;33;27;20;20;20;6;8;12;3;5;5;13;6
1260.0;22;32;27;20;20;20;6;7;12;4;5;6;13;6
1266.0;24;31;26;21;19;19;4;8;11;5;7;5;13;7
1272.0;25;31;26;21;20;19;5;7;11;4;7;5;14;5
1278.0;25;31;27;21;18;19;5;8;9;4;7;6;12;8
1284.0;23;31;26;21;18;19;7;8;8;4;7;7;13;8
1290.0;24;31;26;23;17;21;6;5;8;4;7;7;13;8
1296.0;23;30;27;22;17;21;6;5;8;6;7;8;12;8
1302.0;22;30;27;22;17;22;7;5;8;6;7;8;12;7
1308.0;21;29;27;22;17;21;9;5;8;5;7;9;13;7
1314.0;21;28;27;22;17;21;9;4;8;4;7;10;14;8
1320.0;20;29;27;22;18;20;9;4;8;4;6;11;16;6
1326.0;20;29;27;22;18;20;9;4;7;4;6;11;16;7
1332.0;20;29;27;23;18;20;8;4;8;4;6;10;16;7
1338.0;20;30;27;23;18;20;8;4;8;5;7;10;14;6
1344.0;20;31;27;23;19;21;9;4;6;5;7;9;14;5
1350.0;20;31;27;22;19;21;10;4;6;5;7;9;13;6
1356.0;20;31;26;22;19;21;10;4;6;5;7;9;13;7
1362.0;19;33;27;21;21;21;8;4;5;5;7;9;12;8
1368.0;19;32;28;21;22;20;8;3;5;6;6;10;12;8
1374.0;18;31;28;21;23;20;8;4;5;6;6;9;13;8
1380.0;18;34;28;21;22;22;7;3;5;6;6;9;13;6
1386.0;18;33;28;21;23;23;7;4;5;6;6;9;12;5
1392.0;17;34;28;21;22;22;8;3;4;5;7;11;10;8
1398.0;18;33;28;20;19;20;9;5;4;8;7;11;10;8
1404.0;18;32;28;21;20;19;9;6;4;8;6;11;10;8
1410.0;18;32;28;21;21;18;10;5;3;9;6;11;10;8
1416.0;18;31;28;22;20;18;11;4;3;10;8;9;9;9
1422.0;18;31;28;22;19;18;11;4;5;10;8;9;8;9
1428.0;19;31;28;21;18;16;11;4;6;10;8;9;9;10
1434.0;21;31;28;22;19;16;11;4;5;9;6;8;9;11
1440.0;21;29;29;22;20;15;12;4;5;10;5;8;8;12
1446.0;20;29;29;22;20;17;11;3;6;11;4;8;9;11
1452.0;21;28;27;23;19;17;10;5;7;11;5;8;9;10
1458.0;21;28;26;23;20;18;9;5;10;9;5;7;8;11
1464.0;21;28;26;25;20;17;10;5;11;7;5;7;8;10
1470.0;21;28;26;24;19;19;11;5;11;7;5;7;9;8
1476.0;21;28;26;24;19;19;11;5;11;7;6;7;8;8
1482.0;20;28;26;25;19;19;10;5;9;9;6;7;8;9
1488.0;20;28;26;25;19;19;11;6;9;7;5;7;8;10
1494.0;19;28;26;25;20;18;11;6;9;7;5;7;10;9
1500.0;19;28;27;25;20;19;10;6;9;7;5;6;10;9
1506.0;19;28;25;25;20;19;11;7;9;7;5;6;10;9
1512.0;19;29;27;24;20;19;12;6;8;8;5;5;10;8
1518.0;19;28;27;24;20;19;13;6;9;8;5;4;10;8
1524.0;19;29;27;24;19;19;13;6;10;8;4;6;9;7
1530.0;19;30;28;23;17;19;13;5;10;8;5;6;8;9
1536.0;20;30;27;23;17;20;13;5;10;8;5;5;8;9
1542.0;23;30;27;22;18;19;13;4;9;8;5;5;7;10
1548.0;23;31;26;23;17;17;12;4;10;11;4;4;8;10
1554.0;23;31;26;23;18;17;12;4;9;10;3;5;10;9
1560.0;23;30;27;24;16;17;11;5;10;10;2;5;10;10
1566.0;23;31;27;24;14;17;12;5;10;10;2;4;11;10
1572.0;23;31;27;24;14;17;12;6;10;10;2;4;10;10
1578.0;23;31;27;25;14;17;13;6;10;8;3;4;8;11
1584.0;23;32;27;25;15;17;12;6;8;8;4;4;8;11
1590.0;23;32;27;25;14;15;12;7;9;8;3;6;8;11
1596.0;23;32;27;24;15;16;11;7;9;7;4;6;8;11
1602.0;23;32;27;24;14;17;11;7;9;7;5;6;7;11
1608.0;25;35;26;23;13;18;8;8;9;6;5;7;6;11
1614.0;25;35;25;23;14;18;9;8;8;6;5;8;5;11
1620.0;25;36;26;22;14;20;8;7;8;5;5;8;5;11
1626.0;24;36;26;21;15;20;8;8;8;5;7;8;5;9
1632.0;27;36;25;19;15;19;8;10;7;5;7;9;5;8
1638.0;27;35;24;19;16;20;8;9;7;5;8;10;4;8
1644.0;27;36;24;20;16;20;8;9;7;5;7;10;3;8
1650.0;27;38;25;21;16;20;8;9;6;5;6;11;3;5
1656.0;26;38;24;21;18;21;7;10;5;5;7;10;3;5
1662.0;26;38;22;22;19;22;5;9;5;4;7;10;6;5
1668.0;26;38;22;21;19;23;5;9;4;5;6;9;6;7
1674.0;26;38;22;19;20;24;5;8;5;6;6;9;6;6
1680.0;26;38;22;20;20;23;6;8;4;6;7;9;5;6
1686.0;26;37;22;20;21;23;6;8;4;7;7;8;5;6
1692.0;26;35;22;20;20;25;6;9;3;8;7;8;5;6
1698.0;26;36;22;19;19;25;7;9;3;7;7;7;6;7
1704.0;26;36;21;18;20;25;7;10;3;7;7;6;7;7
1710.0;27;36;21;18;20;24;6;10;3;6;7;7;8;7
1716.0;27;37;22;18;20;23;6;9;3;6;7;7;8;7
1722.0;27;37;22;18;20;23;6;9;4;6;7;7;8;6
1728.0;28;37;22;18;20;23;6;8;5;7;7;6;8;5
1734.0;29;39;19;17;20;23;6;8;5;7;7;6;8;6
1740.0;28;39;18;17;22;23;6;8;7;6;5;7;8;6
1746.0;27;40;18;17;25;23;5;9;7;7;5;6;5;6
1752.0;27;41;17;15;25;23;5;9;8;7;6;6;5;6
1758.0;28;41;17;13;25;22;6;9;9;7;6;6;5;6
1764.0;28;41;17;13;25;22;6;10;9;8;6;5;4;6
1770.0;28;41;16;13;26;21;6;10;9;8;6;5;5;6
1776.0;28;41;16;13;26;21;7;10;8;8;6;5;5;6
1782.0;30;42;16;13;25;21;7;9;7;8;6;5;5;6
1788.0;30;41;15;14;25;21;8;9;8;8;5;5;5;6
1794.0;31;39;15;14;24;21;9;8;8;8;5;6;5;7
1800.0;31;39;15;13;24;21;8;8;7;8;5;9;5;7
1806.0;30;40;15;14;23;21;9;7;8;8;6;8;4;7
1812.0;30;40;15;15;22;21;10;7;8;8;5;8;4;7
1818.0;30;42;14;16;23;20;9;6;9;8;5;8;5;5
1824.0;30;42;13;16;23;21;9;6;9;8;5;7;6;5
1830.0;31;42;14;14;23;21;8;8;9;8;4;8;5;5
1836.0;32;42;14;15;23;21;9;8;8;5;4;8;5;6
1842.0;31;41;14;17;23;20;9;8;9;4;4;8;6;6
1848.0;33;41;13;17;24;23;9;7;7;4;5;7;5;5
1854.0;33;41;12;17;24;23;8;7;5;6;6;7;5;6
1860.0;32;41;12;17;24;24;7;7;5;6;6;7;6;6
1866.0;32;40;12;17;24;24;7;6;5;5;6;9;7;6
1872.0;31;40;12;17;24;23;7;6;5;5;7;9;8;6
1878.0;31;40;12;17;25;23;7;5;5;5;9;7;8;6
1884.0;32;40;12;17;26;20;8;7;4;5;8;7;7;7
1890.0;31;40;14;17;25;20;7;7;4;5;8;9;6;7
1896.0;31;39;13;17;25;20;7;7;5;5;8;9;5;9
1902.0;30;38;13;17;26;21;8;7;5;5;8;7;6;9
1908.0;28;37;14;17;26;21;7;10;5;5;8;7;6;9
1914.0;27;38;13;17;25;21;7;10;5;6;9;7;6;9
1920.0;28;38;13;17;25;20;7;10;4;7;8;7;7;9
1926.0;28;38;13;17;25;20;7;10;4;8;8;6;7;9
1932.0;28;38;13;17;25;19;7;10;4;8;8;6;8;9
1938.0;28;38;14;16;25;19;6;10;4;9;8;6;8;9
1944.0;28;38;15;16;25;19;6;10;4;8;7;8;7;9
1950.0;29;38;15;16;24;20;5;10;4;8;6;8;8;9
1956.0;27;38;15;16;25;20;6;10;4;9;6;9;7;8
1962.0;28;37;15;16;24;20;7;10;4;9;6;8;8;8
1968.0;29;38;15;16;23;19;6;10;4;8;6;9;10;7
1974.0;28;38;14;16;25;20;6;10;4;8;6;9;11;5
