#auto generated file!
12.0;53;47;66;53;67;62;68;60;51;45;55;59;58;56
18.0;56;50;65;54;66;61;68;58;49;44;54;58;59;58
24.0;56;55;68;57;67;64;62;56;46;48;53;55;57;56
30.0;55;55;67;58;68;67;57;54;46;53;53;56;55;56
36.0;56;55;67;62;67;66;56;55;47;53;51;57;53;55
42.0;57;56;69;64;70;72;55;54;45;48;48;59;50;53
48.0;56;59;71;65;69;72;57;53;48;45;46;59;49;51
54.0;57;61;71;68;71;71;58;50;45;42;43;60;51;52
60.0;59;61;74;69;69;75;58;45;42;43;43;58;53;51
66.0;59;60;74;69;68;74;57;48;43;45;46;54;50;53
72.0;60;63;74;71;65;74;58;48;41;44;44;54;50;54
78.0;60;65;72;73;65;71;60;49;41;45;44;55;50;50
84.0;63;66;72;75;67;72;57;49;41;39;46;56;48;49
90.0;66;65;76;72;67;71;53;46;43;36;48;58;48;51
96.0;70;65;75;74;70;71;53;45;44;37;48;56;42;50
102.0;71;65;77;77;69;72;52;45;42;35;46;56;44;49
108.0;73;66;77;76;68;74;52;45;41;37;49;52;43;47
114.0;73;70;78;75;67;76;51;42;40;39;49;55;39;46
120.0;74;72;82;77;65;79;50;39;36;41;46;56;41;42
126.0;78;75;81;78;67;80;47;37;35;38;46;58;39;41
132.0;76;76;80;78;68;81;47;37;36;42;45;56;40;38
138.0;77;77;80;80;69;81;46;38;34;43;41;50;42;42
144.0;83;80;80;78;71;80;47;37;31;43;39;46;43;42
150.0;85;82;80;77;68;84;48;37;34;38;36;45;43;43
156.0;87;81;78;74;69;84;52;36;37;35;36;45;43;43
162.0;88;82;78;76;68;83;53;33;38;36;37;45;42;41
168.0;91;81;81;77;67;82;55;32;37;36;39;39;41;42
174.0;93;81;76;78;67;82;59;31;35;38;40;40;39;41
180.0;93;82;78;79;68;80;61;33;35;38;38;40;37;38
186.0;92;83;76;78;72;80;61;33;32;38;40;39;39;37
192.0;93;85;75;78;71;79;59;33;33;38;40;40;39;37
198.0;96;86;76;77;70;81;57;35;34;38;37;39;39;35
204.0;97;86;79;78;77;78;55;33;35;38;36;38;38;32
210.0;98;86;81;79;77;76;56;33;35;36;34;38;38;33
216.0;100;86;80;77;78;76;56;32;35;36;35;37;38;34
222.0;104;89;80;79;79;76;53;29;35;36;35;37;33;35
228.0;104;92;81;77;78;76;52;29;36;34;35;38;34;34
234.0;106;94;81;77;78;80;50;25;35;35;36;36;33;34
240.0;104;95;82;79;77;80;48;25;34;33;39;37;33;34
246.0;104;94;84;79;76;85;46;27;33;33;38;37;31;33
252.0;106;94;83;77;76;86;46;27;32;31;38;35;32;37
258.0;109;94;83;79;77;84;43;26;32;34;39;33;31;36
264.0;111;93;82;77;78;84;45;27;33;31;39;34;32;34
270.0;111;93;82;78;79;83;44;27;31;31;38;36;34;33
276.0;112;91;83;79;75;83;43;28;31;30;37;35;36;37
282.0;108;91;85;77;77;81;45;30;31;31;37;33;38;36
288.0;109;93;84;78;75;80;45;29;30;31;39;32;38;37
294.0;108;93;83;77;74;81;43;29;31;32;39;33;40;37
300.0;108;92;80;79;71;85;42;31;28;33;39;37;38;37
306.0;106;93;81;77;73;83;41;31;31;32;38;40;41;33
312.0;104;93;81;73;76;82;41;31;33;31;42;39;42;32
318.0;104;96;79;75;76;81;41;31;32;34;42;37;42;30
324.0;105;98;78;76;74;83;43;32;32;33;38;34;41;33
330.0;105;99;80;74;75;84;42;32;34;31;38;33;41;32
336.0;104;99;80;73;76;84;43;30;34;34;39;33;39;32
342.0;105;99;82;73;78;85;40;30;32;35;37;33;39;32
348.0;108;100;80;73;78;87;40;28;29;34;41;32;37;33
354.0;107;102;79;74;81;85;42;25;29;36;45;28;34;33
360.0;107;101;80;74;83;83;41;25;29;37;44;29;33;34
366.0;107;99;77;78;83;84;42;24;32;38;42;30;32;32
372.0;105;101;76;78;88;84;42;24;30;37;42;30;33;30
378.0;106;101;74;80;89;85;41;26;28;38;39;30;33;30
384.0;107;102;72;82;89;81;38;25;28;40;42;32;31;31
390.0;109;103;74;82;89;82;35;25;25;39;40;35;31;31
396.0;108;103;73;82;89;85;37;25;26;36;41;37;28;30
402.0;109;104;73;81;86;84;37;23;24;36;40;39;32;32
408.0;112;102;71;79;86;86;36;26;23;37;39;41;29;33
414.0;111;102;71;80;85;83;34;28;23;40;39;39;33;32
420.0;111;100;70;81;83;81;38;28;21;42;40;38;34;33
426.0;114;101;71;82;85;78;38;27;19;38;40;38;35;34
432.0;116;100;73;84;85;75;37;27;18;36;38;40;35;36
438.0;116;102;73;86;84;75;37;26;20;36;37;42;32;34
444.0;115;104;73;85;85;75;35;28;18;36;36;43;31;36
450.0;112;105;71;85;85;76;35;26;19;39;38;42;32;35
456.0;110;105;71;87;83;76;36;29;19;37;39;41;32;35
462.0;111;107;71;85;85;76;36;29;20;35;38;39;34;34
468.0;110;108;70;82;87;77;41;26;19;33;38;43;32;34
474.0;108;109;71;84;89;77;40;27;17;30;39;42;33;34
480.0;109;111;71;84;89;75;42;23;17;31;40;42;31;35
486.0;108;111;72;85;90;74;41;24;17;32;41;39;32;34
492.0;107;110;72;83;92;69;44;22;18;32;42;43;32;34
498.0;106;110;71;79;93;69;43;21;21;34;40;47;33;33
504.0;105;111;74;78;91;69;45;21;21;35;41;45;31;33
510.0;104;113;75;79;92;66;45;20;24;33;44;41;31;33
516.0;103;114;75;78;93;67;45;20;25;32;45;38;32;33
522.0;105;115;73;79;90;66;45;24;27;34;45;34;31;32
528.0;105;116;73;81;89;67;45;25;27;32;44;33;31;32
534.0;105;116;74;82;90;69;43;26;27;31;46;31;30;30
540.0;102;114;68;86;91;71;42;26;31;31;49;31;30;28
546.0;101;117;70;85;87;74;39;27;30;32;48;31;32;27
552.0;99;113;71;84;88;76;41;30;30;30;47;32;32;27
558.0;102;117;69;84;90;74;44;30;28;32;46;29;29;26
564.0;103;117;69;87;87;73;41;30;30;33;47;28;30;25
570.0;103;118;70;86;88;75;40;29;31;33;43;30;29;25
576.0;105;119;71;83;89;74;40;29;28;32;43;30;30;27
582.0;104;119;71;86;88;76;39;29;28;34;41;32;26;27
588.0;106;120;69;88;89;74;36;30;29;33;39;33;25;29
594.0;107;119;68;87;85;77;34;31;29;33;39;33;25;33
600.0;107;121;63;89;83;80;33;34;26;34;38;36;24;32
606.0;106;121;67;89;79;82;32;31;26;32;36;37;28;34
612.0;105;117;69;87;79;82;34;31;27;33;36;36;30;34
618.0;104;118;68;88;79;82;38;31;25;35;35;35;31;31
624.0;105;117;68;92;77;80;37;33;25;37;34;34;30;31
630.0;106;116;70;90;80;81;37;30;25;37;33;34;31;30
636.0;107;115;73;88;78;84;35;31;28;36;34;35;29;27
642.0;106;117;69;86;76;87;34;34;29;36;36;34;31;25
648.0;103;120;70;86;74;86;32;37;30;34;36;33;33;26
654.0;102;120;67;90;75;84;31;36;32;35;34;32;33;29
660.0;101;120;68;87;77;87;32;36;30;35;34;34;31;28
666.0;103;118;70;87;71;88;32;35;31;36;36;32;32;29
672.0;99;119;70;87;72;89;31;38;29;35;34;37;31;29
678.0;101;119;67;89;72;88;30;38;29;34;35;38;31;29
684.0;103;118;69;86;73;88;30;39;26;31;35;38;33;31
690.0;103;117;69;86;72;88;32;37;28;33;34;37;34;30
696.0;103;119;68;85;73;89;31;39;29;34;32;38;31;29
702.0;103;119;64;83;73;90;34;39;29;33;35;39;31;28
708.0;99;117;61;83;73;91;35;38;30;33;34;40;36;30
714.0;100;117;61;85;72;91;35;37;29;31;33;41;39;29
720.0;101;118;63;84;70;88;31;39;33;31;33;42;37;30
726.0;102;117;64;86;70;85;32;36;38;30;36;38;37;29
732.0;105;121;62;85;69;85;35;38;37;29;33;35;38;28
738.0;106;121;64;87;70;87;33;37;34;29;30;34;38;30
744.0;108;121;64;86;73;87;34;37;33;29;30;33;39;26
750.0;112;119;63;83;74;86;37;37;29;29;29;34;41;27
756.0;113;120;65;82;74;85;36;38;30;31;29;33;39;25
762.0;116;118;64;83;73;86;35;37;29;31;30;33;41;24
768.0;118;116;62;83;74;84;37;38;27;33;31;34;39;24
774.0;119;113;61;82;75;85;37;36;28;38;29;34;39;24
780.0;118;116;61;83;75;85;35;37;29;36;30;34;37;24
786.0;116;114;62;81;75;83;33;39;33;40;33;32;35;24
792.0;114;116;61;81;75;85;33;41;34;41;32;29;35;23
798.0;113;117;62;82;71;83;33;42;31;40;37;30;35;24
804.0;112;116;61;79;71;83;32;43;32;39;39;30;36;27
810.0;111;116;61;82;69;84;31;43;32;40;36;31;37;27
816.0;110;113;61;84;69;85;28;44;32;39;38;32;38;27
822.0;113;114;62;82;70;88;27;46;31;40;35;31;35;26
828.0;113;114;62;83;72;91;24;46;30;37;34;30;36;28
834.0;109;116;62;82;74;91;26;46;31;37;30;30;36;30
840.0;112;117;63;80;74;92;24;47;31;37;32;29;31;31
846.0;111;117;62;76;72;95;23;47;32;37;34;31;33;30
852.0;111;115;63;75;71;95;22;47;32;39;35;31;34;30
858.0;112;114;65;75;72;92;23;47;34;40;34;32;31;29
864.0;111;112;63;79;73;91;23;47;35;38;34;33;32;29
870.0;113;108;64;80;76;89;24;46;36;35;34;32;36;27
876.0;109;107;67;80;80;89;23;47;37;34;38;29;33;27
882.0;109;110;66;80;82;88;22;45;36;37;37;27;35;26
888.0;108;109;66;79;82;88;25;48;36;35;35;27;35;27
894.0;109;107;70;82;81;88;21;46;37;35;35;27;32;30
900.0;112;106;70;80;80;91;21;46;38;36;34;26;31;29
906.0;111;107;71;78;81;93;20;44;36;37;33;26;28;35
912.0;112;106;71;80;81;92;20;44;36;37;35;24;28;34
918.0;114;106;73;77;82;91;22;42;35;37;36;24;27;34
924.0;116;107;73;76;83;90;21;41;34;35;36;23;29;36
930.0;117;108;74;78;86;88;22;41;33;35;35;22;27;34
936.0;120;107;73;77;84;89;20;42;37;34;34;22;29;32
942.0;121;104;77;79;84;88;19;40;36;36;34;22;27;33
948.0;121;102;80;82;80;90;19;39;35;35;34;23;24;36
954.0;121;101;81;82;79;89;20;40;35;34;33;22;23;40
960.0;122;101;81;81;81;90;24;37;36;32;35;23;21;36
966.0;119;102;81;80;83;90;26;39;35;32;35;24;19;35
972.0;119;99;80;81;83;90;26;39;36;33;35;24;20;35
978.0;119;100;83;80;84;89;27;37;33;32;36;25;21;34
984.0;121;100;84;79;79;88;29;37;32;34;36;23;22;36
990.0;121;102;84;81;77;87;29;35;31;33;38;26;19;37
996.0;118;105;81;82;77;87;29;35;32;32;38;24;21;39
1002.0;116;106;82;85;78;87;28;34;33;32;36;23;21;39
1008.0;121;105;83;82;76;84;27;36;35;29;38;25;21;38
1014.0;122;107;81;83;75;86;27;37;33;27;38;22;23;39
1020.0;124;106;80;85;76;86;27;39;28;29;38;23;21;38
1026.0;123;107;80;86;77;87;27;41;28;31;36;21;19;37
1032.0;121;104;80;86;76;89;28;42;28;30;37;23;20;36
1038.0;122;105;82;83;76;89;28;43;29;29;35;23;20;36
1044.0;121;104;82;83;73;91;29;42;30;32;35;23;20;35
1050.0;122;105;81;86;72;89;27;41;27;34;37;24;21;34
1056.0;121;104;81;87;74;93;27;42;25;31;36;25;19;35
1062.0;119;105;82;87;75;92;26;42;21;32;36;30;19;34
1068.0;121;107;81;83;71;91;27;44;20;29;40;31;21;34
1074.0;120;107;83;84;72;90;26;44;21;31;39;31;21;31
1080.0;120;110;81;82;70;90;28;43;25;35;36;31;20;29
1086.0;119;110;79;83;74;89;28;43;25;33;36;30;20;31
1092.0;119;111;78;83;75;89;28;40;27;33;36;31;21;29
1098.0;122;109;79;84;74;86;26;40;27;32;38;33;22;28
1104.0;122;107;79;81;75;86;27;43;26;30;39;31;23;31
1110.0;122;110;78;79;75;87;27;43;25;29;40;33;23;29
1116.0;123;111;78;80;74;88;27;44;24;29;38;35;21;28
1122.0;123;113;77;80;76;87;26;43;24;28;36;35;25;27
1128.0;126;113;77;80;78;86;23;43;24;28;35;34;23;30
1134.0;129;112;74;82;77;84;24;40;24;28;35;34;26;31
1140.0;128;112;77;82;77;83;26;40;27;25;35;32;26;30
1146.0;130;110;80;83;77;81;30;38;25;25;36;34;22;29
1152.0;130;109;81;81;76;81;32;38;27;26;35;34;21;29
1158.0;132;109;78;83;80;79;34;36;25;27;35;32;23;27
1164.0;130;111;77;83;80;77;34;37;26;30;36;34;18;27
1170.0;130;114;77;83;81;76;36;35;25;29;35;34;18;27
1176.0;127;116;75;83;81;77;36;34;26;32;33;33;19;28
1182.0;127;120;73;81;78;78;35;37;25;32;33;34;19;28
1188.0;126;119;73;79;81;78;34;35;27;32;32;35;21;28
1194.0;129;118;73;78;80;78;32;33;27;32;33;36;22;29
1200.0;129;118;73;76;82;80;32;31;27;31;34;35;23;29
1206.0;131;117;74;76;81;80;30;33;24;32;33;37;23;29
1212.0;129;117;78;76;81;80;30;32;24;33;34;37;22;27
1218.0;129;115;80;78;79;84;30;27;24;30;33;37;26;28
1224.0;130;115;80;78;80;84;31;26;21;28;33;42;27;25
1230.0;131;115;78;78;81;82;32;26;25;27;32;42;26;25
1236.0;131;114;77;78;81;81;32;29;24;29;33;41;26;24
1242.0;132;114;77;76;79;78;35;28;23;31;34;41;27;25
1248.0;131;117;74;77;79;77;33;27;26;30;34;39;30;26
1254.0;131;116;75;76;78;78;32;25;28;31;34;37;32;27
1260.0;132;116;75;74;76;79;30;28;30;31;34;34;33;28
1266.0;133;114;74;75;76;76;30;28;30;32;31;38;31;32
1272.0;134;115;71;74;78;74;29;28;33;32;31;39;33;29
1278.0;133;114;69;72;78;74;29;30;30;36;29;42;34;30
1284.0;133;116;68;76;77;74;30;31;29;35;27;41;35;28
1290.0;132;114;67;75;77;75;27;31;30;36;29;38;41;28
1296.0;130;117;68;73;78;73;27;29;30;36;29;41;41;28
1302.0;131;114;70;70;77;72;29;28;33;37;30;41;41;27
1308.0;129;118;70;72;77;72;28;28;29;37;33;41;39;27
1314.0;130;119;72;73;81;71;28;27;29;34;34;42;34;26
1320.0;130;120;73;72;77;71;27;28;30;35;34;42;33;28
1326.0;130;119;75;73;75;73;26;30;28;37;32;43;31;28
1332.0;129;118;76;70;74;73;28;32;28;37;31;39;38;27
1338.0;130;116;75;70;72;73;30;31;29;38;31;38;39;28
1344.0;130;115;73;69;73;73;33;31;28;36;33;38;38;30
1350.0;128;112;74;71;73;74;32;30;28;36;32;38;42;30
1356.0;127;112;75;70;72;74;34;30;28;34;33;39;42;30
1362.0;126;112;74;71;77;75;31;30;29;34;31;37;43;30
1368.0;127;113;71;72;77;74;35;33;27;35;33;36;38;29
1374.0;125;113;76;70;76;72;38;36;27;37;30;34;38;28
1380.0;126;112;73;69;78;74;37;36;26;38;32;35;38;26
1386.0;126;114;71;68;79;75;36;37;28;35;32;34;41;24
1392.0;131;109;71;69;80;75;39;38;30;34;29;32;36;27
1398.0;132;108;75;67;79;76;40;37;29;36;26;29;36;30
1404.0;135;107;77;72;80;76;39;35;29;32;25;28;38;27
1410.0;138;109;80;68;80;71;40;35;28;31;26;27;36;31
1416.0;138;108;81;68;83;67;41;35;28;34;26;25;35;31
1422.0;138;110;82;67;82;67;44;34;29;33;26;24;35;29
1428.0;137;111;82;67;84;63;42;35;29;30;31;23;36;30
1434.0;136;107;81;69;86;65;43;34;27;31;30;23;35;33
1440.0;136;109;80;66;85;66;42;37;27;31;31;22;36;32
1446.0;136;110;79;69;86;66;41;38;26;29;31;23;35;31
1452.0;137;110;78;68;85;65;42;36;27;31;30;23;35;33
1458.0;135;109;77;67;86;67;43;35;31;32;31;23;34;30
1464.0;135;107;77;68;86;66;40;33;34;31;33;23;34;33
1470.0;138;108;75;69;88;64;39;32;33;30;33;23;33;35
1476.0;137;108;77;68;86;64;40;31;33;30;33;23;35;35
1482.0;137;108;80;72;87;63;41;28;30;32;32;23;36;31
1488.0;139;111;81;73;84;62;36;27;32;32;31;25;37;30
1494.0;140;113;80;75;80;62;36;27;33;31;31;23;37;32
1500.0;143;114;80;73;81;60;36;30;32;32;29;24;34;32
1506.0;141;112;80;74;81;61;35;32;31;33;29;24;34;33
1512.0;141;112;78;77;76;60;38;32;31;35;27;25;35;33
1518.0;139;113;76;78;76;60;38;31;32;34;28;26;37;32
1524.0;140;112;74;77;78;61;35;33;33;36;28;26;34;33
1530.0;139;111;74;74;78;63;34;33;35;35;27;28;33;36
1536.0;136;112;75;74;78;62;35;34;36;35;28;27;32;36
1542.0;135;114;75;73;81;63;34;33;39;32;29;29;27;36
1548.0;134;116;76;73;80;64;32;35;37;33;27;30;26;37
1554.0;135;118;75;75;75;66;31;33;36;34;28;30;25;39
1560.0;136;117;74;75;78;66;32;34;34;30;29;30;28;37
1566.0;134;119;73;75;81;68;31;36;33;30;28;27;29;36
1572.0;136;120;73;75;80;67;30;38;31;30;31;24;30;35
1578.0;136;119;75;75;78;65;31;37;30;34;32;24;30;34
1584.0;137;117;75;79;77;66;30;35;30;33;32;24;31;34
1590.0;137;116;75;79;75;66;30;37;31;34;31;24;31;34
1596.0;138;115;76;81;76;66;31;37;29;33;29;25;31;33
1602.0;139;116;79;81;76;67;30;35;32;31;29;22;31;32
1608.0;140;116;77;80;78;66;30;38;32;31;27;22;31;32
1614.0;141;117;77;81;76;67;29;39;30;32;24;23;32;32
1620.0;139;115;75;78;76;69;31;39;31;35;26;24;31;31
1626.0;143;115;73;76;75;70;30;39;31;36;26;23;31;32
1632.0;142;114;73;75;74;70;30;40;33;36;27;22;32;32
1638.0;137;117;71;73;77;68;34;41;32;34;25;23;32;36
1644.0;139;115;73;74;79;68;34;41;31;32;25;23;33;33
1650.0;139;113;73;74;77;70;35;40;32;34;24;26;31;32
1656.0;138;113;75;73;76;70;39;41;29;35;24;25;30;32
1662.0;141;113;75;73;75;68;38;38;29;37;23;27;31;32
1668.0;141;113;77;71;80;68;36;37;31;37;23;24;31;31
1674.0;141;113;80;71;80;70;39;36;26;37;22;24;32;29
1680.0;141;113;77;73;81;72;40;36;26;37;22;24;30;28
1686.0;141;116;78;73;80;73;37;35;24;38;21;24;31;29
1692.0;141;116;79;76;83;70;36;34;26;36;20;26;29;28
1698.0;141;116;79;77;82;71;35;38;25;36;19;24;31;26
1704.0;141;118;77;74;82;69;34;43;24;35;19;26;31;27
1710.0;141;117;73;71;84;69;35;42;26;36;20;25;33;28
1716.0;140;119;73;71;85;69;37;43;26;35;18;22;33;29
1722.0;142;117;71;74;84;70;36;41;27;35;19;22;34;28
1728.0;145;116;71;76;84;68;33;42;26;35;19;22;34;29
1734.0;147;116;71;77;78;70;32;39;27;39;17;23;33;31
1740.0;144;116;68;77;80;72;32;39;26;36;19;25;34;32
1746.0;141;117;72;79;79;71;31;40;26;33;20;25;34;32
1752.0;144;114;71;76;82;71;34;41;27;33;19;27;34;27
1758.0;144;116;69;77;87;69;33;38;28;33;20;26;31;29
1764.0;142;116;71;78;85;68;36;38;25;35;20;26;31;29
1770.0;142;117;71;76;84;66;35;41;25;35;22;26;31;29
1776.0;139;115;73;78;84;72;34;39;26;40;20;24;30;26
1782.0;139;116;74;77;87;73;32;39;25;38;19;24;31;26
1788.0;138;115;74;77;89;72;33;38;23;38;23;24;31;25
1794.0;137;117;73;76;90;73;33;39;22;39;23;24;29;25
1800.0;137;118;73;75;90;68;32;39;21;41;24;25;30;27
1806.0;130;114;72;76;91;71;32;40;23;45;23;24;30;29
1812.0;130;117;73;76;91;71;30;36;26;46;21;23;33;27
1818.0;131;118;73;76;92;69;31;36;24;44;22;23;36;25
1824.0;130;117;75;75;93;69;35;33;23;41;24;25;36;24
1830.0;129;120;73;74;93;69;33;34;24;41;27;22;36;25
1836.0;130;122;71;74;96;67;32;36;25;40;26;20;33;28
1842.0;130;121;72;75;96;67;32;38;22;40;27;21;32;27
1848.0;130;121;69;76;97;68;35;37;25;38;26;20;32;26
1854.0;130;121;70;74;94;66;36;36;26;40;28;19;33;27
1860.0;131;119;71;75;91;67;34;39;26;37;30;18;34;28
1866.0;134;117;69;75;92;66;34;40;26;38;31;18;36;24
1872.0;132;117;72;73;88;66;34;39;28;41;31;20;37;22
1878.0;137;118;70;75;88;68;33;41;26;41;29;17;35;22
1884.0;135;118;70;79;88;71;33;40;27;40;29;18;31;21
1890.0;138;118;70;78;87;69;34;39;27;35;29;20;32;24
1896.0;140;117;68;76;87;71;35;39;25;34;29;21;32;26
1902.0;141;119;69;74;86;70;32;40;29;34;28;21;32;25
1908.0;141;119;69;72;84;72;32;41;31;34;29;21;29;26
1914.0;143;116;66;75;85;72;29;44;33;31;29;22;32;23
1920.0;144;117;67;72;87;68;30;44;34;32;26;21;36;22
1926.0;144;119;66;70;87;68;29;41;33;32;27;22;36;26
1932.0;145;123;63;70;86;66;32;41;33;33;28;22;33;25
1938.0;143;124;65;70;84;67;32;37;31;32;30;23;32;30
1944.0;140;127;67;67;84;68;33;37;32;30;30;23;35;27
1950.0;140;126;65;69;80;68;33;40;33;29;28;25;38;26
1956.0;141;124;63;69;76;68;35;37;34;29;30;26;42;26
1962.0;145;126;65;71;76;67;32;39;32;28;31;26;35;27
1968.0;146;122;68;71;75;72;32;37;32;28;30;27;37;23
1974.0;147;123;68;72;76;73;32;35;30;28;30;27;37;22
