#auto generated file!
12.0;90;89;94;70;99;83;82;93;96;78;77;85;72;92
18.0;90;89;97;75;99;83;77;91;97;77;77;82;72;94
24.0;94;95;98;75;103;84;76;86;95;75;73;82;70;94
30.0;96;96;96;77;105;88;74;84;94;74;70;83;69;94
36.0;96;98;98;83;108;93;71;82;87;67;72;82;66;97
42.0;97;101;102;82;108;95;71;81;88;68;73;80;62;92
48.0;98;105;100;82;108;98;73;79;87;70;69;82;62;87
54.0;97;106;107;81;109;98;75;79;88;66;69;82;59;84
60.0;102;105;108;79;109;100;74;76;86;69;69;81;60;82
66.0;103;109;108;79;105;101;75;76;81;73;69;77;60;84
72.0;102;111;106;80;110;104;76;79;80;70;70;71;58;83
78.0;106;111;106;82;116;104;73;75;83;68;69;67;59;81
84.0;107;111;109;82;120;104;73;76;85;66;67;65;60;75
90.0;110;111;109;84;120;107;65;80;87;60;67;65;62;73
96.0;112;111;114;84;117;108;69;76;88;58;66;61;63;73
102.0;115;111;113;85;115;110;69;76;81;63;65;62;63;72
108.0;115;113;110;88;117;113;68;76;80;63;65;55;70;67
114.0;115;121;110;85;117;114;62;74;79;65;66;53;73;66
120.0;115;123;109;84;118;115;65;78;81;64;66;51;68;63
126.0;116;126;114;87;117;115;64;72;76;65;65;53;69;61
132.0;115;124;118;87;117;116;63;72;79;66;63;52;67;61
138.0;117;124;116;91;122;114;63;74;75;66;61;54;63;60
144.0;117;124;117;90;122;117;67;70;73;67;59;53;65;59
150.0;114;126;118;92;125;118;64;68;71;67;62;49;67;59
156.0;119;127;120;92;126;118;61;64;73;64;61;50;68;57
162.0;121;127;119;94;126;116;62;68;75;65;63;48;60;56
168.0;121;128;120;93;124;119;64;67;74;68;66;45;57;54
174.0;122;126;124;92;126;117;66;69;76;62;72;45;53;50
180.0;123;125;122;90;126;119;68;69;72;62;68;46;58;52
186.0;124;127;120;92;125;118;67;71;69;59;68;50;54;56
192.0;127;126;122;95;126;118;66;72;64;57;67;50;53;57
198.0;130;128;118;94;125;121;66;72;64;56;68;51;51;56
204.0;130;129;117;98;123;122;66;76;65;54;64;51;51;54
210.0;130;129;117;98;122;121;64;77;68;57;62;51;51;53
216.0;133;130;117;101;125;124;60;74;68;54;62;53;48;51
222.0;133;133;116;99;125;124;58;73;62;60;64;53;51;49
228.0;130;137;117;99;124;124;58;71;59;61;66;54;52;48
234.0;130;139;120;98;125;122;59;70;61;62;66;53;47;48
240.0;129;139;118;99;125;127;56;70;62;60;64;56;45;50
246.0;136;139;116;98;127;127;58;66;61;58;62;56;45;51
252.0;134;138;120;101;125;131;57;63;63;57;60;53;46;52
258.0;139;137;119;102;126;130;63;56;57;58;64;52;48;49
264.0;143;138;119;101;127;135;63;52;55;53;64;53;47;50
270.0;150;138;122;101;130;133;61;49;54;55;61;55;44;47
276.0;150;137;123;103;128;130;62;47;54;56;63;50;48;49
282.0;151;138;122;103;129;132;63;45;51;51;65;48;52;50
288.0;150;138;126;103;129;130;63;45;51;51;64;50;49;51
294.0;152;139;127;100;130;133;62;45;52;51;63;49;48;49
300.0;154;140;130;101;124;130;58;45;53;55;64;48;51;47
306.0;152;143;126;103;126;131;58;46;53;56;60;48;53;45
312.0;151;146;125;102;126;131;59;42;55;57;58;49;53;46
318.0;152;148;126;99;125;129;58;40;57;60;60;47;53;46
324.0;154;150;126;99;126;128;60;39;53;58;64;44;52;47
330.0;152;153;127;99;125;127;58;38;51;61;70;38;52;49
336.0;157;153;127;98;125;127;58;40;51;60;65;38;52;49
342.0;160;154;127;99;123;126;57;38;54;60;62;38;52;50
348.0;162;153;127;101;123;125;58;40;52;60;61;40;49;49
354.0;164;155;126;105;120;128;52;42;50;59;60;41;47;51
360.0;164;158;127;105;118;129;52;42;48;60;58;42;47;50
366.0;164;158;126;107;117;128;54;43;51;56;55;45;45;51
372.0;165;158;128;107;117;131;49;40;52;58;52;43;46;54
378.0;167;154;128;107;116;128;53;39;50;58;53;47;49;51
384.0;168;156;132;108;116;128;52;36;50;59;52;48;46;49
390.0;167;155;130;107;116;128;54;36;49;60;51;51;49;47
396.0;169;158;129;109;119;126;53;36;47;54;48;53;49;50
402.0;173;161;131;108;117;126;56;33;44;58;43;53;49;48
408.0;178;163;133;104;117;129;57;32;41;57;39;55;47;48
414.0;178;164;131;104;118;131;58;29;42;59;39;55;44;48
420.0;173;167;131;109;116;131;57;26;43;58;41;54;45;49
426.0;175;168;133;107;114;131;53;28;42;56;42;56;47;48
432.0;172;169;136;104;112;134;52;31;43;54;40;55;50;48
438.0;174;169;133;104;112;135;54;34;43;56;39;52;49;46
444.0;177;170;134;107;116;133;53;31;43;56;34;54;49;43
450.0;177;171;136;104;116;135;55;33;44;56;32;53;47;41
456.0;178;173;133;104;116;135;55;32;45;57;36;51;43;42
462.0;174;177;135;107;114;132;52;35;47;55;39;51;40;42
468.0;174;177;138;105;116;133;50;37;50;53;38;48;39;42
474.0;170;176;140;105;119;135;55;37;52;48;33;51;41;38
480.0;171;177;138;110;120;134;55;34;50;50;32;51;40;38
486.0;170;178;136;111;119;134;56;33;52;51;36;49;38;37
492.0;169;180;138;107;120;136;54;38;50;53;36;45;38;36
498.0;169;186;141;103;116;137;52;37;49;55;35;45;40;35
504.0;169;187;139;104;114;137;50;41;48;57;35;45;40;34
510.0;168;185;138;110;112;138;53;44;43;55;35;44;41;34
516.0;168;183;138;109;117;139;50;45;39;56;36;44;44;32
522.0;170;186;136;110;114;137;51;46;39;58;35;42;46;30
528.0;169;183;136;110;115;133;53;48;44;54;34;44;47;30
534.0;165;182;134;114;116;134;52;48;45;48;36;45;48;33
540.0;168;184;135;116;116;132;55;42;41;49;40;40;48;34
546.0;168;183;138;115;113;133;53;41;43;52;40;39;49;33
552.0;168;182;139;113;111;130;54;45;47;50;39;42;45;35
558.0;171;185;135;111;109;130;58;44;44;52;42;42;42;35
564.0;174;183;137;110;108;125;56;41;46;52;40;47;42;39
570.0;176;181;135;113;110;125;56;37;44;53;39;50;46;35
576.0;177;184;134;111;108;122;53;36;48;55;42;51;44;35
582.0;176;181;132;110;112;122;57;32;50;54;45;48;45;36
588.0;178;182;133;110;108;123;54;33;52;53;42;47;47;38
594.0;180;182;129;114;108;121;51;33;50;54;44;49;45;40
600.0;181;179;135;113;108;122;52;34;49;53;42;49;44;39
606.0;180;179;132;112;109;125;52;37;48;55;42;49;40;40
612.0;180;179;133;114;107;123;50;36;47;57;44;49;44;37
618.0;180;179;129;114;110;127;48;37;49;55;42;49;44;37
624.0;184;177;129;113;107;124;48;37;49;57;45;48;46;36
630.0;184;177;126;119;106;122;45;38;48;58;45;45;52;35
636.0;186;176;127;120;106;123;45;35;51;58;46;43;48;36
642.0;187;177;125;122;108;121;42;35;50;63;47;44;45;34
648.0;187;176;126;122;107;123;41;36;50;62;46;45;46;33
654.0;184;178;129;120;107;124;42;37;49;60;44;46;47;33
660.0;188;176;130;120;108;127;46;36;51;59;42;40;44;33
666.0;190;177;127;120;108;127;47;35;50;64;41;40;44;30
672.0;191;178;126;116;107;128;46;35;51;62;44;39;46;31
678.0;193;176;125;118;110;128;44;37;51;59;43;40;46;30
684.0;193;181;129;114;107;123;48;39;51;57;43;39;46;30
690.0;191;183;130;115;106;128;44;41;53;52;42;39;45;31
696.0;190;182;130;115;104;126;47;42;53;53;45;37;44;32
702.0;190;181;135;114;103;123;48;39;51;52;47;37;44;36
708.0;192;179;136;115;100;122;51;41;52;51;43;38;43;37
714.0;191;181;136;116;101;121;52;42;51;51;43;38;44;33
720.0;195;178;133;117;101;121;49;46;50;50;42;38;47;33
726.0;195;179;133;119;101;118;48;46;53;48;40;37;50;33
732.0;197;176;137;117;104;117;47;45;54;49;40;35;48;34
738.0;194;175;138;122;104;115;47;43;53;52;37;35;48;37
744.0;195;173;138;121;105;113;44;43;54;53;41;33;48;39
750.0;194;174;139;125;105;113;47;45;50;51;37;35;46;39
756.0;195;175;140;124;103;112;47;43;52;51;38;36;46;38
762.0;195;174;139;120;102;115;49;44;50;51;37;35;46;43
768.0;197;174;139;119;104;114;50;42;49;53;35;34;46;44
774.0;198;173;140;120;104;114;46;46;47;50;35;35;47;45
780.0;197;174;137;123;102;114;47;49;51;47;36;33;46;44
786.0;197;176;136;125;102;113;47;49;54;47;30;37;44;43
792.0;192;175;137;125;105;115;47;51;52;46;31;37;41;46
798.0;192;179;137;122;105;115;52;47;51;44;29;36;43;48
804.0;195;178;140;122;102;118;53;46;53;42;30;33;42;46
810.0;193;175;138;127;103;119;53;43;49;43;31;34;44;48
816.0;194;172;136;130;102;119;51;48;51;43;31;34;44;45
822.0;197;168;135;132;101;119;52;48;52;44;34;32;44;42
828.0;196;167;134;131;102;120;48;52;55;43;31;32;47;42
834.0;194;165;132;134;103;116;49;51;55;40;30;36;49;46
840.0;192;166;133;128;102;119;47;53;56;40;34;36;48;46
846.0;193;163;133;125;101;120;46;50;57;45;36;37;48;46
852.0;195;160;133;126;101;119;46;44;57;47;39;38;47;48
858.0;193;160;132;128;100;117;48;46;53;46;40;39;47;51
864.0;191;161;130;128;104;114;49;45;55;47;36;41;47;52
870.0;192;162;129;126;103;113;47;45;56;49;39;41;45;53
876.0;192;164;128;126;106;112;48;44;54;49;40;43;41;53
882.0;192;166;126;126;109;110;50;46;52;48;41;42;39;53
888.0;191;164;128;130;113;110;51;46;47;47;40;44;39;50
894.0;190;161;129;130;113;111;52;47;47;47;44;43;37;49
900.0;190;163;130;132;113;113;55;43;47;46;43;39;39;47
906.0;188;164;131;136;114;108;52;43;44;47;46;40;39;48
912.0;194;165;128;138;115;107;54;40;45;47;46;36;37;48
918.0;193;166;128;139;117;108;51;38;46;46;47;35;39;47
924.0;195;167;131;138;114;109;51;39;45;47;49;31;39;45
930.0;198;170;131;139;115;106;51;38;45;48;48;30;36;45
936.0;199;173;127;143;111;109;50;39;43;48;46;31;38;43
942.0;198;174;127;138;111;109;48;37;44;48;50;34;38;44
948.0;197;176;125;138;112;113;43;41;41;49;46;37;38;44
954.0;196;174;122;139;114;113;44;41;39;51;46;37;39;45
960.0;191;177;118;139;115;113;44;39;35;51;49;40;43;46
966.0;190;176;119;136;113;113;44;41;36;51;49;40;45;47
972.0;191;178;117;135;115;116;45;36;36;51;49;38;44;49
978.0;190;180;117;132;115;122;43;34;40;52;47;36;43;49
984.0;191;182;119;131;115;122;44;34;42;51;44;34;45;46
990.0;193;185;120;129;114;122;44;35;41;51;42;33;47;44
996.0;194;184;117;128;113;126;43;39;38;52;42;32;45;47
1002.0;197;181;117;129;113;123;44;42;35;55;45;30;45;44
1008.0;196;181;115;128;113;125;44;41;34;56;43;28;45;51
1014.0;193;182;116;126;115;125;41;38;37;59;43;29;43;53
1020.0;195;184;114;127;117;121;40;39;37;59;46;28;41;52
1026.0;195;183;114;127;116;122;43;39;39;59;45;29;41;48
1032.0;192;187;115;124;115;120;44;41;40;62;46;28;36;50
1038.0;191;186;114;121;115;119;45;43;40;64;49;29;36;48
1044.0;189;188;111;122;116;123;48;40;40;62;48;30;36;47
1050.0;190;190;110;120;117;125;45;40;39;62;48;32;35;47
1056.0;190;193;110;121;116;125;47;37;37;63;47;32;32;50
1062.0;191;193;112;117;116;123;46;37;40;65;41;35;35;49
1068.0;193;191;112;117;113;125;46;38;41;66;38;36;34;50
1074.0;194;189;111;118;113;122;47;39;41;63;41;37;34;51
1080.0;194;189;114;115;113;122;46;38;41;61;45;36;39;47
1086.0;192;191;115;113;113;123;45;38;41;63;46;38;40;42
1092.0;192;192;117;112;115;121;45;36;43;66;46;38;38;39
1098.0;193;191;117;114;115;119;45;38;43;64;47;35;41;38
1104.0;187;191;114;114;112;121;46;40;42;60;50;35;45;43
1110.0;187;189;113;112;112;126;46;41;43;57;49;37;45;43
1116.0;188;190;113;114;111;125;44;45;40;57;48;36;41;48
1122.0;190;185;113;115;113;125;44;46;40;54;50;38;38;49
1128.0;189;184;115;118;116;123;44;46;41;54;51;35;36;48
1134.0;185;187;118;114;116;125;44;48;43;52;50;35;35;48
1140.0;186;185;113;116;116;125;46;46;45;53;49;35;37;48
1146.0;185;186;112;112;117;127;44;47;45;51;51;33;37;53
1152.0;184;186;109;111;115;129;45;49;46;50;51;33;39;53
1158.0;185;188;108;114;113;130;47;49;48;48;48;32;36;54
1164.0;185;190;107;115;113;131;47;48;47;48;46;33;35;55
1170.0;182;191;105;117;111;131;49;48;47;45;48;37;32;57
1176.0;180;189;105;117;111;127;50;47;47;46;50;38;33;60
1182.0;182;187;104;116;111;127;49;49;47;47;50;40;31;60
1188.0;181;185;106;117;108;127;50;51;48;47;51;39;32;58
1194.0;184;184;103;120;108;127;51;53;50;47;48;38;32;55
1200.0;185;183;103;117;109;128;50;53;51;47;52;36;32;54
1206.0;185;182;106;117;107;128;49;48;49;51;53;41;34;50
1212.0;187;181;106;120;108;130;46;49;47;48;49;41;37;51
1218.0;185;185;102;122;113;127;46;50;46;47;46;42;36;53
1224.0;186;184;97;129;114;126;48;49;45;47;45;43;35;52
1230.0;186;181;98;129;114;127;44;49;47;46;44;43;40;52
1236.0;187;182;96;124;116;126;43;50;45;49;45;42;44;51
1242.0;186;180;96;122;114;124;44;52;49;50;46;42;46;49
1248.0;184;179;98;120;117;124;43;55;49;50;43;43;45;50
1254.0;183;182;97;121;117;126;43;55;48;52;44;41;45;46
1260.0;183;183;100;121;117;123;46;53;49;52;43;39;44;47
1266.0;182;181;101;119;117;121;44;53;47;52;45;43;46;49
1272.0;184;177;101;124;117;121;43;54;47;50;47;44;44;47
1278.0;186;177;102;125;120;121;43;53;42;50;45;44;47;45
1284.0;183;175;106;128;119;121;47;51;39;48;47;43;49;44
1290.0;178;177;104;128;118;119;46;50;44;52;52;41;47;44
1296.0;178;175;107;125;120;118;44;52;45;51;50;43;50;42
1302.0;176;174;108;124;123;119;43;50;44;53;53;41;49;43
1308.0;180;175;108;120;123;120;45;49;43;51;52;42;50;42
1314.0;185;174;108;118;127;123;44;48;42;51;48;39;50;43
1320.0;186;175;107;120;127;122;43;45;41;51;47;40;52;44
1326.0;186;177;105;120;128;122;43;47;41;44;49;40;54;44
1332.0;188;179;107;121;126;121;42;48;39;40;51;37;55;46
1338.0;190;177;107;121;128;121;41;46;38;43;49;37;56;46
1344.0;191;179;106;120;133;122;38;46;35;41;49;37;56;47
1350.0;192;181;106;122;132;119;37;48;31;41;51;37;56;47
1356.0;190;182;106;124;135;119;40;45;29;41;49;39;55;46
1362.0;193;182;107;125;140;117;40;44;30;41;50;39;51;41
1368.0;195;184;105;125;140;117;41;44;30;42;48;39;51;39
1374.0;196;183;101;128;141;112;46;42;30;41;47;42;49;42
1380.0;197;184;101;127;140;113;44;40;29;41;47;44;49;44
1386.0;196;182;103;129;144;112;42;40;31;40;46;41;51;43
1392.0;193;181;103;130;141;112;44;38;30;39;46;42;54;47
1398.0;196;178;97;130;136;110;47;39;29;37;51;45;55;50
1404.0;195;180;100;130;133;112;45;38;28;39;53;47;51;49
1410.0;192;181;101;128;132;111;46;37;30;39;53;49;54;47
1416.0;190;184;101;125;132;112;44;39;30;42;52;49;51;49
1422.0;189;183;99;126;133;114;47;37;31;37;50;50;55;49
1428.0;188;182;99;126;133;111;49;32;30;39;52;52;57;50
1434.0;189;182;99;123;133;114;52;32;30;38;50;49;59;50
1440.0;188;181;102;121;134;114;52;31;30;37;52;51;57;50
1446.0;187;181;102;120;131;114;50;31;32;38;53;54;56;51
1452.0;188;181;106;119;131;113;51;30;30;37;55;52;57;50
1458.0;189;184;111;119;128;109;49;28;31;34;55;53;59;51
1464.0;187;184;113;117;129;111;52;27;32;36;54;52;55;51
1470.0;188;182;113;118;128;109;52;27;34;36;56;51;57;49
1476.0;192;182;109;119;128;108;55;28;36;37;53;52;54;47
1482.0;194;186;111;120;127;110;53;31;30;38;53;54;49;44
1488.0;194;181;113;120;127;110;53;35;31;36;50;56;50;44
1494.0;196;182;111;119;126;109;55;35;32;35;51;52;53;44
1500.0;195;182;113;124;125;111;52;35;31;34;50;50;53;45
1506.0;197;183;108;124;125;111;51;33;34;40;49;49;51;45
1512.0;197;182;107;122;127;110;52;33;35;42;51;47;51;44
1518.0;195;183;107;123;127;111;50;31;36;44;50;48;50;45
1524.0;195;180;108;124;127;111;50;31;35;45;48;50;50;46
1530.0;196;179;109;126;128;111;47;32;32;43;47;51;51;48
1536.0;201;178;108;127;126;111;50;31;35;39;44;54;49;47
1542.0;199;177;107;127;125;115;49;34;35;40;45;55;48;44
1548.0;199;174;106;123;126;116;49;36;32;41;49;54;50;45
1554.0;200;178;107;119;126;116;44;32;36;42;51;55;47;47
1560.0;200;179;108;119;130;110;43;32;39;39;51;57;45;48
1566.0;200;178;109;117;128;114;43;31;41;41;49;58;47;44
1572.0;197;181;112;115;128;119;42;32;40;37;47;57;49;44
1578.0;198;177;114;113;124;120;43;31;42;40;48;60;49;41
1584.0;202;177;113;111;128;119;39;31;44;39;45;61;47;44
1590.0;200;175;111;111;131;121;39;32;43;41;45;62;45;44
1596.0;199;178;111;112;129;121;40;35;42;39;46;61;43;44
1602.0;201;181;112;114;125;121;38;35;43;39;47;59;42;43
1608.0;207;181;112;114;125;119;36;34;45;38;46;59;42;42
1614.0;205;182;113;114;126;117;37;32;45;41;44;60;41;43
1620.0;208;180;114;113;126;117;33;33;46;41;45;61;40;43
1626.0;205;180;118;111;125;116;36;33;51;41;44;60;36;44
1632.0;203;178;118;112;125;113;38;35;55;40;47;59;34;43
1638.0;204;178;117;106;127;115;36;36;54;41;50;57;37;42
1644.0;204;176;120;105;123;113;37;37;55;43;48;58;37;44
1650.0;204;179;121;107;120;116;38;37;56;43;45;54;37;43
1656.0;203;181;120;106;121;115;35;37;57;42;43;58;38;44
1662.0;203;178;119;106;121;118;39;35;60;43;44;55;37;42
1668.0;202;177;116;108;123;114;41;33;64;46;45;54;35;42
1674.0;201;176;117;108;125;118;40;31;66;46;41;53;35;43
1680.0;202;176;116;112;124;114;41;32;65;41;42;54;37;44
1686.0;202;178;119;109;126;110;41;32;64;43;43;53;34;46
1692.0;202;178;121;107;126;107;40;34;62;43;44;53;34;49
1698.0;202;176;125;106;122;103;37;40;61;47;43;54;35;49
1704.0;203;172;125;106;122;103;37;45;62;45;42;54;33;51
1710.0;202;169;124;109;124;105;35;46;60;45;42;54;35;50
1716.0;203;168;125;109;126;106;32;45;61;47;39;52;37;50
1722.0;204;168;127;113;127;106;32;45;59;46;37;50;36;50
1728.0;204;169;125;114;124;108;30;47;56;48;39;46;39;51
1734.0;205;169;125;114;122;107;27;49;53;50;39;46;43;51
1740.0;207;170;125;111;118;109;29;51;50;49;39;46;43;53
1746.0;206;168;125;109;117;108;31;51;51;47;38;49;43;57
1752.0;205;167;126;110;117;109;31;50;49;48;38;48;42;60
1758.0;203;168;125;110;119;110;29;49;48;47;42;51;40;59
1764.0;200;168;126;110;120;112;29;43;44;48;44;52;40;64
1770.0;202;170;124;107;118;112;28;43;44;50;48;55;37;62
1776.0;200;170;126;107;115;112;33;48;39;50;46;54;37;63
1782.0;202;169;123;106;118;112;35;43;40;52;43;57;35;65
1788.0;203;170;121;105;120;109;37;40;48;51;42;58;33;63
1794.0;203;174;121;105;120;108;36;38;51;52;44;54;32;62
1800.0;203;177;121;103;121;106;35;36;54;52;47;49;32;64
1806.0;203;179;117;104;127;107;36;37;51;50;46;47;35;61
1812.0;203;178;120;102;129;105;37;40;52;45;49;45;38;57
1818.0;202;180;123;105;128;104;39;39;48;45;46;46;40;55
1824.0;203;180;125;105;126;105;41;37;47;46;45;44;40;56
1830.0;204;179;127;108;123;105;45;41;44;43;45;44;36;56
1836.0;202;177;130;109;122;105;47;41;44;41;46;44;38;54
1842.0;200;175;129;109;121;104;49;44;46;41;45;43;38;56
1848.0;203;174;130;106;125;107;45;45;44;41;45;41;35;59
1854.0;205;176;127;107;125;109;42;42;43;40;50;39;35;60
1860.0;206;179;125;107;122;108;42;40;46;36;51;42;34;62
1866.0;208;185;125;106;121;107;43;40;42;38;51;40;33;61
1872.0;211;187;126;106;121;109;43;40;41;40;48;40;32;56
1878.0;203;188;127;107;122;112;45;38;37;38;50;41;32;60
1884.0;203;189;131;109;123;116;46;38;37;36;52;37;27;56
1890.0;204;191;129;108;121;114;43;41;36;38;54;38;28;55
1896.0;205;188;126;107;121;113;44;41;42;35;57;37;30;54
1902.0;201;191;121;110;123;113;45;44;45;30;56;35;31;55
1908.0;202;191;121;111;123;113;45;48;41;29;55;36;31;54
1914.0;202;193;123;109;121;115;46;46;41;28;54;37;29;56
1920.0;198;191;122;110;123;114;47;47;40;29;51;38;34;56
1926.0;199;194;121;108;121;116;46;45;39;30;51;38;38;54
1932.0;198;193;119;112;119;115;45;44;39;32;50;41;38;55
1938.0;197;188;119;109;120;118;48;45;39;33;50;43;40;51
1944.0;191;185;119;111;119;115;52;45;40;33;50;46;41;53
1950.0;192;184;122;115;120;112;55;43;40;35;47;45;40;50
1956.0;191;186;117;115;121;110;55;44;37;35;44;48;45;52
1962.0;190;186;119;117;124;109;53;46;35;37;43;50;43;48
1968.0;189;184;118;117;122;109;51;49;32;37;45;51;45;51
1974.0;187;184;117;117;120;115;47;49;35;38;43;53;44;51
