#auto generated file!
12.0;39;36;43;39;35;38;40;49;44;54;44;53;47;39
18.0;43;38;45;39;34;42;41;47;43;52;42;52;43;39
24.0;45;39;47;39;36;43;41;46;45;51;41;49;39;39
30.0;46;40;47;42;37;44;40;46;46;50;39;48;36;39
36.0;49;40;48;44;36;46;37;45;47;46;37;50;37;38
42.0;47;41;52;46;39;47;36;45;43;44;36;49;36;39
48.0;52;44;51;47;42;52;37;44;39;44;33;46;34;35
54.0;54;45;51;48;46;53;34;44;39;43;29;47;36;31
60.0;54;46;51;50;46;52;33;42;37;45;29;43;38;34
66.0;53;48;50;50;46;53;34;41;35;48;28;43;38;33
72.0;54;48;52;52;43;54;35;40;33;46;31;42;37;33
78.0;54;51;53;52;44;53;36;40;32;44;30;40;38;33
84.0;55;52;52;51;46;54;36;39;32;48;28;45;32;30
90.0;57;56;50;51;45;54;33;38;33;47;25;45;33;33
96.0;61;56;52;51;45;55;33;39;30;46;24;42;33;33
102.0;60;59;53;50;45;57;33;38;26;46;23;42;34;34
108.0;61;60;52;51;44;56;34;39;25;45;23;42;35;33
114.0;61;63;52;50;45;55;34;39;28;43;22;42;32;34
120.0;63;64;52;51;48;53;30;41;26;44;20;41;33;34
126.0;63;64;56;52;46;55;29;41;26;45;20;40;31;32
132.0;61;61;55;55;47;56;28;42;25;41;25;38;33;33
138.0;62;63;55;56;49;59;28;40;26;42;23;33;31;33
144.0;62;63;54;59;49;60;29;40;27;41;22;28;33;33
150.0;62;65;52;57;48;62;30;40;27;41;24;27;33;32
156.0;62;64;52;56;49;65;29;39;29;43;22;26;32;32
162.0;63;65;50;57;48;64;28;37;30;44;22;28;32;32
168.0;64;64;51;57;48;64;26;40;29;43;21;27;32;34
174.0;65;66;50;61;47;63;27;35;30;43;22;25;31;35
180.0;64;68;50;61;45;67;29;33;30;42;20;24;31;36
186.0;63;68;52;61;45;66;29;32;32;42;20;24;32;34
192.0;65;68;54;59;47;65;29;30;31;44;21;23;32;32
198.0;62;69;55;60;45;67;27;29;30;47;21;22;32;34
204.0;63;68;57;59;46;67;25;31;29;43;22;24;31;35
210.0;65;68;56;60;47;69;25;29;33;42;21;23;30;32
216.0;66;65;55;60;46;69;25;29;32;44;22;22;30;35
222.0;67;64;57;59;47;69;24;28;32;45;21;20;31;36
228.0;68;65;59;61;50;69;23;30;30;45;19;19;29;33
234.0;68;65;56;62;51;71;26;30;30;40;19;19;30;33
240.0;69;67;54;62;51;74;25;29;29;41;18;20;29;32
246.0;68;68;52;65;50;72;24;28;27;41;22;24;28;31
252.0;67;66;51;62;51;73;25;30;28;41;22;24;28;32
258.0;70;73;51;59;53;72;26;28;26;37;23;24;28;30
264.0;74;75;51;59;51;71;24;28;25;35;25;25;29;28
270.0;73;76;53;59;51;72;25;27;26;34;25;25;28;26
276.0;73;78;53;61;52;72;25;28;28;30;22;23;29;26
282.0;72;78;54;62;52;72;26;28;27;29;22;23;27;28
288.0;74;80;52;62;52;75;26;25;26;28;25;21;26;28
294.0;73;80;51;64;52;76;25;25;26;29;25;20;24;30
300.0;75;81;54;62;53;74;23;24;27;26;26;19;24;32
306.0;76;82;55;61;53;74;24;22;26;24;29;20;22;32
312.0;79;81;54;62;53;74;22;21;27;25;29;20;23;30
318.0;80;81;54;61;54;73;23;21;27;26;28;20;23;29
324.0;82;81;53;60;53;74;22;23;28;26;26;19;23;30
330.0;83;81;53;61;52;73;21;24;29;24;26;19;25;29
336.0;84;81;53;62;53;73;22;24;28;24;25;18;25;28
342.0;83;84;52;61;52;73;23;22;29;24;27;18;25;27
348.0;82;87;53;61;53;71;24;22;27;25;27;20;22;26
354.0;83;87;53;61;53;72;23;21;27;24;29;19;23;25
360.0;84;87;53;62;54;71;24;23;27;23;28;20;19;25
366.0;83;85;55;62;54;72;24;26;28;21;27;20;19;24
372.0;82;83;56;64;54;72;24;24;30;20;26;22;18;25
378.0;81;82;55;61;55;71;29;23;28;22;28;23;20;22
384.0;82;82;56;60;56;68;30;21;30;20;29;24;19;23
390.0;79;80;55;59;57;66;31;22;32;21;29;25;21;23
396.0;80;80;56;58;56;66;30;25;31;21;30;25;21;21
402.0;81;81;56;59;58;65;31;27;28;18;31;21;21;23
408.0;82;80;57;58;57;64;33;26;28;16;30;23;22;24
414.0;81;80;58;59;57;66;30;28;27;15;29;24;22;24
420.0;81;80;60;59;56;63;30;28;26;15;28;27;23;24
426.0;83;79;61;59;57;63;31;28;23;14;26;27;23;26
432.0;83;78;62;59;58;61;31;24;24;15;28;27;23;27
438.0;83;79;66;58;58;61;31;25;23;14;26;28;20;28
444.0;85;78;64;58;57;63;30;24;22;16;27;27;20;29
450.0;87;79;63;55;59;64;29;23;22;15;26;29;20;29
456.0;85;79;63;55;58;66;29;24;21;14;26;30;20;30
462.0;83;79;63;54;58;67;31;25;22;13;27;28;20;30
468.0;82;81;64;55;57;68;29;27;22;14;28;27;19;27
474.0;81;82;64;54;59;68;28;30;22;14;27;27;19;25
480.0;82;82;62;54;59;69;29;32;22;13;26;27;19;24
486.0;82;85;61;57;60;64;29;29;22;14;27;27;19;24
492.0;83;84;59;56;62;63;29;28;24;16;27;24;19;26
498.0;83;85;60;57;60;66;29;29;23;16;27;25;17;23
504.0;83;85;59;56;59;65;31;30;22;16;27;25;18;24
510.0;85;82;62;54;59;66;30;28;23;17;27;25;17;25
516.0;86;84;59;54;60;63;30;30;24;17;27;24;17;25
522.0;86;86;61;55;60;62;31;29;23;16;27;25;15;24
528.0;85;89;60;54;62;62;30;27;25;18;26;25;15;22
534.0;85;94;61;56;61;60;29;26;23;17;31;21;15;21
540.0;86;96;63;53;60;59;29;26;22;18;30;22;15;21
546.0;85;97;62;55;59;60;30;25;22;16;29;23;14;23
552.0;83;92;62;56;58;59;30;28;25;15;30;24;16;22
558.0;83;90;62;55;61;61;27;27;26;16;31;24;17;20
564.0;83;89;60;54;61;60;27;26;28;16;31;25;18;22
570.0;85;90;58;53;61;62;26;26;29;15;32;22;19;22
576.0;85;92;59;52;63;61;27;21;31;15;32;22;16;24
582.0;85;92;56;51;65;62;27;21;30;16;31;24;17;23
588.0;85;92;57;51;64;64;28;19;28;15;32;24;17;24
594.0;86;90;60;54;61;62;25;19;29;19;32;22;16;25
600.0;86;91;60;55;62;62;26;17;29;19;33;20;16;24
606.0;84;91;59;59;63;58;27;14;30;18;34;23;16;24
612.0;85;91;61;59;62;58;25;15;31;13;34;25;17;24
618.0;86;91;62;60;63;60;24;14;32;12;33;23;17;23
624.0;85;92;66;61;63;59;25;14;30;14;29;24;16;22
630.0;82;94;67;60;65;59;25;14;30;15;30;21;14;24
636.0;85;94;68;59;63;61;23;15;30;13;27;22;17;23
642.0;88;92;67;60;61;61;21;15;30;14;26;26;17;22
648.0;86;88;68;57;60;63;20;16;33;15;26;26;19;23
654.0;86;88;71;57;60;63;21;15;33;12;24;27;21;22
660.0;88;87;70;58;59;64;21;16;35;10;24;26;20;22
666.0;90;86;69;58;56;64;23;17;33;12;24;27;20;21
672.0;92;86;68;58;55;64;25;16;33;12;23;30;19;19
678.0;95;86;67;57;54;64;24;17;32;12;23;31;20;18
684.0;94;86;66;59;53;63;24;19;32;12;24;31;20;17
690.0;95;86;64;60;53;65;22;15;31;14;25;31;20;19
696.0;94;86;65;59;53;67;25;14;30;15;23;32;21;16
702.0;94;83;65;61;55;68;24;12;29;14;22;31;24;18
708.0;95;82;61;60;57;68;25;15;30;15;20;30;24;18
714.0;97;81;61;62;56;69;24;15;32;14;21;28;23;17
720.0;99;81;59;63;56;69;22;16;32;15;21;28;22;17
726.0;101;81;60;62;55;68;22;14;31;17;22;28;23;16
732.0;100;79;62;62;55;67;21;15;33;18;24;26;22;16
738.0;99;81;61;61;55;67;20;17;33;19;21;25;24;17
744.0;99;81;58;62;56;65;21;15;31;19;22;27;25;19
750.0;98;81;58;63;58;63;20;17;33;19;20;26;25;19
756.0;97;84;59;64;56;61;21;19;34;18;18;26;23;20
762.0;98;83;57;64;56;63;20;19;36;19;19;26;21;19
768.0;95;85;58;67;56;64;21;19;34;19;19;25;20;18
774.0;96;86;59;68;56;63;21;20;34;18;21;23;18;17
780.0;96;85;59;69;57;62;21;22;33;18;21;25;16;16
786.0;96;87;59;69;57;60;20;25;32;17;23;25;16;14
792.0;96;84;59;71;53;61;20;24;31;17;22;29;19;14
798.0;97;84;57;74;55;60;22;21;32;18;19;30;18;13
804.0;97;83;58;75;53;59;21;22;34;21;20;29;16;12
810.0;97;81;58;73;54;58;21;21;35;21;21;29;19;12
816.0;99;80;58;73;54;58;22;20;36;21;20;27;19;13
822.0;98;78;56;71;56;57;22;20;33;24;23;27;21;14
828.0;98;79;59;69;56;55;22;19;29;25;23;28;22;16
834.0;96;81;60;71;56;55;24;19;27;22;27;27;19;16
840.0;95;80;62;69;57;53;24;21;25;23;26;29;19;17
846.0;95;78;65;67;58;53;25;20;26;23;24;29;18;19
852.0;94;79;64;64;60;51;23;23;26;24;24;30;19;19
858.0;93;80;63;63;59;52;25;24;25;26;24;28;19;19
864.0;93;79;67;62;58;56;22;24;24;26;23;28;18;20
870.0;93;82;68;62;60;55;21;24;23;24;22;25;21;20
876.0;93;80;69;64;60;54;20;23;24;24;21;28;19;21
882.0;92;82;68;61;59;55;20;24;25;27;21;29;17;20
888.0;94;84;65;61;61;54;19;23;26;28;19;30;18;18
894.0;95;81;69;61;64;53;19;21;26;25;21;30;17;18
900.0;91;81;71;60;63;52;20;23;26;24;21;30;19;19
906.0;91;83;72;59;61;53;21;24;27;21;20;28;20;20
912.0;92;85;72;59;61;51;19;22;25;21;21;30;19;23
918.0;91;85;76;57;62;53;19;21;24;18;23;30;19;22
924.0;90;86;74;58;62;54;18;22;23;19;22;33;19;20
930.0;90;85;72;58;64;54;18;24;21;20;21;34;19;20
936.0;90;85;72;59;62;54;19;24;22;20;21;33;19;20
942.0;89;85;70;61;63;53;18;25;22;20;24;33;17;20
948.0;88;84;71;62;65;52;18;25;22;21;21;34;17;20
954.0;91;82;70;62;64;49;21;25;22;20;23;33;17;21
960.0;92;82;70;60;66;49;24;28;19;20;23;31;15;21
966.0;91;81;69;63;64;49;24;25;20;22;24;31;17;20
972.0;90;77;71;62;66;49;24;24;21;23;26;32;16;19
978.0;88;79;69;60;64;49;23;23;20;26;27;32;21;19
984.0;90;79;70;57;67;49;21;23;20;24;24;33;23;20
990.0;88;79;69;56;66;48;21;22;22;28;25;32;24;20
996.0;89;79;69;56;65;48;22;22;22;28;25;32;23;20
1002.0;88;79;71;58;64;48;22;22;21;27;26;31;23;20
1008.0;89;82;69;56;63;49;21;22;22;27;27;34;21;18
1014.0;89;84;68;55;64;50;21;23;18;25;27;33;25;18
1020.0;91;87;67;56;63;51;20;21;17;23;27;34;24;19
1026.0;90;85;70;56;63;50;19;24;18;23;29;33;23;17
1032.0;90;88;68;56;63;49;18;24;18;26;27;33;22;18
1038.0;90;88;67;58;64;49;21;23;16;27;26;30;23;18
1044.0;89;85;69;58;68;47;24;23;15;26;29;31;20;16
1050.0;90;84;67;58;68;47;23;26;16;27;29;30;19;16
1056.0;89;84;68;58;66;47;24;27;19;28;28;27;19;16
1062.0;90;84;71;56;64;49;23;24;20;27;30;27;20;15
1068.0;87;83;71;55;64;49;23;24;21;26;33;30;21;13
1074.0;86;84;69;56;64;51;22;23;21;26;30;33;20;15
1080.0;88;84;72;55;65;49;23;22;20;21;33;32;21;15
1086.0;88;85;71;55;66;52;23;22;19;21;28;33;22;15
1092.0;89;84;71;55;66;51;24;22;20;23;28;31;22;14
1098.0;91;84;71;58;69;51;23;19;17;22;25;33;22;15
1104.0;91;83;72;59;70;53;25;18;18;19;23;33;22;14
1110.0;89;86;73;61;67;52;25;19;16;20;24;31;22;15
1116.0;89;85;73;63;67;50;27;21;18;19;22;30;20;16
1122.0;89;85;73;63;71;48;26;21;17;19;21;31;20;16
1128.0;89;85;73;63;72;47;26;21;16;20;20;33;19;16
1134.0;89;84;72;63;72;47;25;21;17;20;22;34;18;16
1140.0;89;83;69;66;74;43;26;22;17;21;23;33;18;16
1146.0;91;80;70;66;74;44;25;23;17;20;24;33;16;17
1152.0;91;81;67;68;74;44;24;23;18;20;22;31;20;17
1158.0;90;82;68;67;76;43;25;22;17;21;21;29;22;17
1164.0;88;82;67;69;76;44;26;20;16;21;22;27;23;19
1170.0;90;80;68;72;77;42;21;19;17;22;22;29;24;17
1176.0;92;82;70;73;75;43;21;19;15;21;20;29;23;17
1182.0;94;82;70;72;74;45;22;18;14;21;20;29;22;17
1188.0;95;84;70;70;73;44;22;18;16;21;18;30;22;17
1194.0;94;83;70;70;72;45;22;17;17;20;18;32;23;17
1200.0;96;83;69;68;68;45;22;19;17;21;20;31;23;18
1206.0;97;83;67;69;70;44;21;20;18;22;20;30;24;15
1212.0;98;81;65;68;69;44;23;21;18;21;21;31;22;18
1218.0;100;82;64;68;67;43;22;20;19;22;21;30;23;19
1224.0;99;83;63;68;66;42;23;20;20;22;21;34;22;17
1230.0;97;83;61;69;67;43;22;19;19;26;21;33;23;17
1236.0;96;82;60;68;66;43;23;19;20;25;21;34;25;18
1242.0;93;81;61;67;64;46;25;18;21;25;22;34;26;17
1248.0;95;80;59;64;60;44;27;18;21;28;23;34;28;19
1254.0;96;81;58;64;57;46;28;18;23;28;24;31;26;20
1260.0;99;80;58;63;57;44;28;19;24;31;22;30;28;17
1266.0;99;80;57;63;57;43;30;19;24;30;23;30;27;18
1272.0;97;81;58;64;55;44;29;19;24;32;23;27;28;19
1278.0;97;81;58;64;56;44;30;21;25;32;22;26;26;18
1284.0;95;81;57;65;55;44;34;21;25;31;22;27;25;18
1290.0;96;80;57;65;57;44;35;20;24;32;23;26;23;18
1296.0;94;80;58;69;57;44;34;19;23;30;24;25;22;21
1302.0;94;81;57;69;56;44;34;19;23;32;23;26;24;18
1308.0;94;81;58;70;54;45;34;20;22;32;25;25;23;17
1314.0;93;82;59;71;56;46;32;18;22;31;25;25;23;17
1320.0;94;84;60;69;58;47;29;20;20;27;26;25;24;17
1326.0;94;83;59;69;59;47;29;17;21;27;26;26;25;18
1332.0;96;81;60;70;55;50;28;19;21;25;24;27;26;18
1338.0;94;81;61;71;56;50;27;19;23;24;23;27;27;17
1344.0;95;83;61;73;56;50;27;19;25;24;22;25;27;13
1350.0;93;84;61;74;58;48;26;19;26;23;21;26;27;14
1356.0;96;83;61;76;57;48;26;20;27;21;18;24;28;15
1362.0;94;81;63;75;56;50;25;17;27;21;18;24;31;18
1368.0;94;81;64;77;58;50;25;15;28;22;19;22;29;16
1374.0;94;81;63;76;60;49;27;15;27;22;19;23;28;16
1380.0;90;84;64;76;60;49;26;14;26;23;20;23;29;16
1386.0;91;83;63;78;59;48;28;14;27;23;20;23;27;16
1392.0;92;87;64;77;59;48;27;15;25;21;18;25;25;17
1398.0;93;87;63;77;59;48;26;18;24;19;19;25;26;16
1404.0;96;85;62;72;62;48;28;18;22;20;21;25;24;17
1410.0;94;86;62;75;60;46;27;17;21;21;22;28;24;17
1416.0;91;88;61;74;60;47;26;18;23;20;22;28;23;19
1422.0;91;88;62;75;60;48;26;18;21;19;22;28;24;18
1428.0;89;88;66;71;60;49;29;19;19;20;23;26;25;16
1434.0;90;89;66;69;61;48;29;20;16;21;25;24;26;16
1440.0;90;89;65;68;58;52;29;20;19;21;23;26;25;15
1446.0;88;89;61;70;57;54;29;21;23;22;23;26;23;14
1452.0;89;89;61;69;57;56;29;20;23;21;21;27;24;14
1458.0;90;93;62;66;56;56;28;21;25;21;18;28;23;13
1464.0;89;93;62;69;57;56;30;23;24;21;16;25;23;12
1470.0;90;93;63;69;56;54;30;23;22;20;18;25;24;13
1476.0;91;93;64;69;56;54;30;21;23;19;18;25;23;14
1482.0;89;94;63;69;58;54;30;22;25;21;19;20;23;13
1488.0;93;92;63;67;57;55;28;23;22;21;17;21;24;17
1494.0;92;93;64;69;58;54;27;26;23;20;15;20;22;17
1500.0;91;93;63;67;58;56;26;27;24;19;15;22;22;17
1506.0;87;90;65;67;58;56;26;26;23;18;18;24;22;20
1512.0;89;89;66;67;59;55;23;27;22;19;18;24;21;21
1518.0;89;90;66;68;57;56;25;28;21;18;18;25;20;19
1524.0;89;91;67;66;58;55;26;29;20;18;18;23;19;21
1530.0;91;92;67;66;60;53;26;25;20;18;19;24;19;20
1536.0;91;92;65;67;57;51;26;26;22;20;19;24;18;22
1542.0;90;91;66;66;58;49;24;30;23;20;19;24;21;19
1548.0;89;92;69;64;58;54;24;32;24;18;18;23;19;16
1554.0;87;91;69;65;59;54;25;32;24;17;16;23;19;19
1560.0;87;91;69;66;60;55;23;33;23;16;20;21;18;18
1566.0;87;91;68;67;60;57;21;32;24;16;21;21;18;17
1572.0;90;91;68;65;62;56;20;31;21;17;22;22;18;17
1578.0;88;92;68;65;60;54;22;29;20;19;21;25;19;18
1584.0;87;94;66;64;60;53;24;30;19;19;22;25;19;18
1590.0;89;93;69;62;61;53;24;29;17;17;21;25;21;19
1596.0;90;91;71;63;63;51;24;30;17;18;18;25;21;18
1602.0;91;92;70;63;64;49;25;28;18;18;18;24;21;19
1608.0;90;92;71;63;64;46;27;27;17;17;19;24;27;16
1614.0;91;93;70;62;65;45;27;27;18;15;21;23;28;15
1620.0;91;92;70;67;63;46;24;25;18;16;23;21;29;15
1626.0;92;90;68;68;62;47;25;24;18;17;23;22;27;17
1632.0;95;87;68;70;62;47;25;22;19;17;26;20;25;17
1638.0;97;87;66;72;63;46;24;22;19;18;24;21;25;16
1644.0;99;85;63;74;62;45;23;26;18;19;23;24;24;15
1650.0;100;86;63;75;63;44;21;27;19;19;25;23;24;11
1656.0;99;84;65;78;60;43;22;29;19;17;25;23;24;12
1662.0;101;85;64;76;58;43;19;31;19;17;27;23;24;13
1668.0;102;84;63;76;56;43;19;30;18;17;31;24;25;12
1674.0;102;84;64;76;59;42;18;28;15;17;31;25;26;13
1680.0;101;83;67;75;57;41;18;29;16;17;32;26;25;13
1686.0;102;82;69;71;56;41;17;29;17;18;33;26;25;14
1692.0;103;82;68;70;56;42;16;31;15;21;30;28;24;14
1698.0;104;81;67;69;58;46;17;29;17;19;30;29;21;13
1704.0;104;82;65;68;59;46;17;32;17;20;29;29;18;14
1710.0;106;83;62;68;58;47;17;34;18;18;28;26;19;16
1716.0;105;84;61;69;60;46;16;33;17;20;26;26;22;15
1722.0;104;85;62;69;60;46;16;34;17;20;26;25;19;17
1728.0;100;87;63;68;61;46;15;32;17;23;27;26;18;17
1734.0;101;87;63;66;62;45;15;32;19;23;26;26;18;17
1740.0;102;87;61;64;63;45;14;32;18;23;26;29;19;17
1746.0;103;87;60;62;63;44;14;30;18;25;28;29;18;19
1752.0;102;88;62;61;65;44;15;28;17;23;27;29;17;22
1758.0;102;88;61;62;66;43;14;29;17;21;29;29;17;22
1764.0;104;87;61;60;65;46;14;26;19;22;30;29;15;22
1770.0;105;89;61;61;65;45;14;24;18;23;31;28;15;21
1776.0;106;89;63;60;64;47;15;23;16;23;30;29;14;21
1782.0;108;89;63;60;63;49;15;24;15;24;28;27;14;21
1788.0;106;89;64;60;62;49;15;25;17;23;28;28;15;19
1794.0;104;90;64;60;61;49;18;25;17;21;27;28;17;19
1800.0;104;90;64;58;62;51;19;27;16;22;23;28;17;19
1806.0;104;91;65;58;65;51;21;26;15;22;23;28;14;17
1812.0;99;92;66;59;66;51;22;28;16;20;23;26;15;17
1818.0;100;89;67;59;66;50;27;24;15;22;22;25;16;18
1824.0;99;88;68;59;64;50;27;25;14;23;23;26;15;19
1830.0;100;88;69;58;64;50;27;26;14;20;22;27;15;20
1836.0;99;88;68;57;63;53;23;28;16;19;23;27;17;19
1842.0;98;88;66;59;63;54;21;28;17;20;23;27;16;20
1848.0;97;87;66;60;63;55;22;28;16;21;23;26;16;20
1854.0;98;87;64;61;63;55;21;26;17;22;21;28;16;21
1860.0;100;89;63;58;65;57;21;26;20;18;22;26;15;20
1866.0;99;90;63;60;64;56;23;26;20;17;23;24;15;20
1872.0;98;91;63;60;63;57;23;25;23;17;21;24;15;20
1878.0;97;91;65;59;63;60;24;24;20;19;21;20;15;22
1884.0;96;89;66;59;60;63;25;26;18;21;17;22;17;21
1890.0;96;90;67;58;60;63;23;28;18;18;19;24;14;22
1896.0;95;90;67;58;62;61;22;28;18;19;18;24;17;21
1902.0;96;88;66;58;61;63;23;27;20;17;18;24;17;22
1908.0;95;89;63;56;61;65;24;30;17;22;15;25;19;19
1914.0;93;92;62;55;59;66;24;32;17;22;15;26;19;18
1920.0;93;92;61;59;60;67;25;31;16;20;14;26;18;18
1926.0;93;92;61;60;61;67;23;32;19;20;15;25;16;16
1932.0;94;93;62;60;62;66;23;30;20;18;14;25;15;18
1938.0;94;91;61;60;62;65;23;31;22;19;12;25;15;20
1944.0;93;94;61;61;62;65;21;30;21;19;12;24;18;19
1950.0;94;94;60;61;61;65;23;28;23;20;12;22;19;18
1956.0;93;92;59;61;60;66;25;26;24;21;11;23;20;19
1962.0;94;93;59;61;62;66;26;25;25;21;11;21;19;17
1968.0;94;92;59;60;65;64;27;25;25;21;12;21;17;18
1974.0;96;93;59;60;65;62;27;25;24;21;11;23;17;17
