#auto generated file!
12.0;17;12;13;12;8;15;14;13;21;13;22;9;18;13
18.0;15;12;14;12;8;16;15;11;21;13;23;10;17;13
24.0;14;12;15;12;8;17;15;11;20;12;23;10;19;12
30.0;14;12;15;12;8;17;14;11;20;14;23;10;19;11
36.0;13;14;17;12;7;17;14;11;19;14;22;10;19;11
42.0;14;14;17;12;7;18;14;12;18;15;22;10;17;10
48.0;15;14;16;14;8;18;15;11;18;15;23;7;15;11
54.0;15;14;15;13;8;18;14;12;19;16;23;7;15;11
60.0;17;16;15;14;8;16;14;12;20;16;21;7;13;11
66.0;18;17;16;14;8;17;13;11;19;16;20;7;13;11
72.0;18;17;16;14;9;16;13;11;21;15;19;7;12;12
78.0;19;18;15;15;10;16;12;12;21;12;19;7;12;12
84.0;20;19;13;13;10;17;12;12;21;12;19;8;12;12
90.0;21;19;13;13;11;16;13;15;21;12;17;8;11;10
96.0;20;20;14;13;12;15;15;15;22;11;15;8;12;8
102.0;20;20;14;13;13;16;14;15;21;11;14;8;13;8
108.0;20;20;14;14;13;15;15;15;19;12;14;8;12;9
114.0;20;19;13;14;13;17;16;15;19;13;13;8;11;9
120.0;21;18;12;14;13;17;18;12;18;12;15;9;12;9
126.0;21;18;12;14;14;17;19;12;17;12;15;8;12;9
132.0;22;18;13;15;14;17;19;11;16;12;14;7;12;10
138.0;21;18;13;14;14;18;18;12;14;13;15;7;13;10
144.0;21;18;12;14;15;20;18;12;13;13;15;7;14;8
150.0;23;18;11;14;15;19;18;12;13;12;16;7;13;9
156.0;22;17;11;15;14;19;17;12;12;12;18;7;15;9
162.0;25;17;10;14;14;19;16;13;11;11;18;8;16;8
168.0;25;17;10;14;15;19;14;13;11;10;18;11;15;8
174.0;26;17;10;14;16;18;16;13;12;10;18;10;12;8
180.0;26;18;11;14;15;19;16;12;12;8;18;10;12;9
186.0;27;19;11;14;16;19;16;11;12;6;18;9;12;10
192.0;26;19;11;14;16;19;15;11;12;6;19;9;13;10
198.0;26;20;12;15;17;19;15;11;10;6;16;10;12;11
204.0;26;19;13;16;17;20;15;11;10;7;14;11;11;10
210.0;26;20;14;16;17;21;13;10;11;6;13;11;11;11
216.0;26;20;14;16;18;22;13;9;10;6;13;12;10;11
222.0;27;20;15;16;16;22;14;9;8;6;13;12;11;11
228.0;26;22;15;15;16;22;14;10;8;5;14;12;12;9
234.0;25;22;16;15;17;22;15;10;7;5;12;12;13;9
240.0;25;22;15;16;17;22;14;10;7;5;11;14;13;9
246.0;25;22;17;18;15;22;14;11;8;5;11;13;12;7
252.0;25;23;16;18;14;23;14;11;9;5;10;13;12;7
258.0;27;23;17;18;15;23;12;10;9;6;10;13;12;5
264.0;27;25;16;18;16;22;11;10;9;6;9;14;12;5
270.0;28;26;16;18;17;21;11;10;9;5;9;13;12;5
276.0;27;26;17;19;15;20;12;9;9;4;9;13;14;6
282.0;28;26;17;17;15;22;12;8;9;4;9;13;13;7
288.0;28;25;17;17;16;22;13;8;9;4;8;13;13;7
294.0;28;26;16;17;16;22;13;7;9;4;8;12;15;7
300.0;28;27;16;17;15;22;13;7;8;5;8;13;14;7
306.0;28;26;16;17;15;22;13;7;7;5;8;13;15;8
312.0;28;25;16;15;15;22;13;7;8;5;10;14;14;8
318.0;28;26;17;14;16;22;14;6;8;5;10;14;13;7
324.0;29;27;17;12;16;22;13;8;7;5;9;13;14;8
330.0;29;27;17;12;16;22;14;7;7;5;9;13;14;8
336.0;28;27;17;12;14;23;14;7;8;4;8;13;15;10
342.0;28;27;17;11;14;24;12;8;9;4;9;13;14;10
348.0;29;26;16;11;14;24;12;8;9;5;10;15;13;8
354.0;30;26;15;12;15;24;11;8;10;4;8;16;13;8
360.0;30;26;15;12;15;23;12;9;10;4;9;14;13;8
366.0;30;26;16;12;16;22;12;10;10;4;10;13;12;7
372.0;30;27;16;12;17;21;10;11;12;4;10;13;12;5
378.0;30;27;17;12;16;18;12;12;11;4;9;12;13;7
384.0;31;27;16;13;16;20;11;11;11;5;8;11;13;7
390.0;31;27;17;13;16;20;10;11;12;6;8;11;11;7
396.0;30;28;17;13;15;20;11;11;11;6;10;10;10;8
402.0;32;28;18;14;14;19;11;10;10;6;10;9;10;9
408.0;31;26;17;15;14;20;11;8;11;6;10;10;10;11
414.0;31;25;17;16;14;21;11;9;12;6;10;9;9;10
420.0;33;25;17;16;14;20;11;9;12;6;9;9;9;10
426.0;33;25;18;15;13;20;10;9;12;6;11;8;9;11
432.0;33;25;18;15;13;22;10;9;11;6;9;9;9;11
438.0;33;24;19;15;14;21;10;9;10;6;9;10;10;10
444.0;32;24;17;16;16;21;9;10;9;7;10;11;9;9
450.0;33;25;17;16;16;20;10;9;8;7;10;12;9;8
456.0;32;25;19;15;16;20;10;10;8;7;10;12;8;8
462.0;30;26;19;15;16;20;10;10;7;8;10;12;9;8
468.0;30;26;21;15;16;18;8;10;7;8;9;12;10;10
474.0;30;27;21;16;15;18;7;10;7;7;10;12;11;9
480.0;30;26;23;16;14;18;6;9;9;7;10;12;11;9
486.0;30;26;24;16;14;19;7;10;8;8;10;11;9;8
492.0;30;28;24;14;15;19;7;11;7;7;10;11;9;8
498.0;30;28;24;14;16;19;7;11;7;9;9;9;9;8
504.0;31;27;24;14;16;19;8;11;6;8;9;9;9;9
510.0;32;27;23;14;16;19;9;11;6;7;10;8;8;10
516.0;33;27;23;15;15;19;9;10;7;9;9;7;8;9
522.0;31;29;24;15;15;19;9;10;7;10;7;7;7;10
528.0;31;30;25;15;16;19;11;9;5;8;6;6;9;10
534.0;30;30;24;15;16;19;11;9;5;8;6;7;9;11
540.0;29;32;24;15;17;19;11;8;5;9;7;6;8;10
546.0;28;31;24;15;18;20;11;7;5;9;7;7;8;10
552.0;28;30;24;15;18;20;11;7;5;9;8;7;8;10
558.0;28;29;25;15;18;22;10;6;5;9;9;7;8;9
564.0;27;30;25;15;18;22;9;6;6;8;10;7;8;9
570.0;27;31;25;15;18;22;10;7;6;7;10;7;6;9
576.0;27;31;25;16;18;22;10;7;5;7;10;7;6;9
582.0;28;32;25;17;20;22;10;7;4;6;9;6;5;9
588.0;28;32;23;17;19;22;10;7;4;6;10;6;6;10
594.0;27;32;21;16;19;22;10;6;5;7;11;6;7;11
600.0;27;32;21;17;18;23;10;5;5;6;12;6;7;11
606.0;29;31;21;18;19;22;10;4;5;5;12;6;8;10
612.0;29;31;19;17;19;22;11;5;5;5;12;6;9;10
618.0;29;31;19;17;19;22;11;5;5;5;12;6;9;10
624.0;27;31;19;17;19;23;10;5;5;6;12;5;12;9
630.0;28;30;20;17;19;23;10;5;5;6;11;5;12;9
636.0;29;31;21;17;17;23;7;6;6;5;11;5;13;9
642.0;28;30;22;17;16;22;8;7;6;5;11;5;14;9
648.0;28;29;23;17;16;21;8;8;6;6;11;5;13;9
654.0;27;29;23;17;16;21;8;8;6;6;11;7;12;9
660.0;30;28;21;16;16;22;8;11;6;6;9;7;13;7
666.0;31;29;21;16;17;23;8;8;7;5;9;7;12;7
672.0;30;29;22;15;17;23;8;7;8;5;7;7;13;9
678.0;30;29;22;16;19;23;7;7;6;6;8;8;11;8
684.0;30;29;24;16;19;23;7;8;4;7;9;8;10;6
690.0;29;30;24;15;19;23;7;8;4;8;10;8;9;6
696.0;30;30;23;15;20;23;7;7;4;8;10;8;10;5
702.0;32;30;23;14;20;23;9;7;4;7;9;7;10;5
708.0;32;31;22;13;21;23;8;8;4;8;10;7;9;4
714.0;32;30;23;13;20;26;8;7;4;9;9;7;9;3
720.0;32;31;23;13;21;25;8;7;4;8;9;7;8;4
726.0;33;31;24;14;20;26;7;7;4;6;7;6;10;5
732.0;34;28;25;13;21;26;7;7;4;8;6;5;10;6
738.0;34;28;26;13;21;26;5;7;4;8;6;5;11;6
744.0;34;28;25;13;20;26;5;6;4;9;6;4;12;8
750.0;34;28;24;14;20;26;5;8;4;9;6;4;11;7
756.0;35;28;22;13;20;27;5;9;3;10;6;4;10;8
762.0;35;29;20;13;20;27;5;10;3;11;6;4;9;8
768.0;35;30;20;13;19;26;6;9;3;12;6;4;9;8
774.0;34;30;19;12;19;26;6;9;3;12;6;5;11;8
780.0;34;29;20;12;18;26;7;9;4;10;6;5;10;10
786.0;34;30;20;12;18;25;8;8;4;11;6;5;9;10
792.0;34;30;21;12;19;24;6;7;5;11;6;6;8;11
798.0;34;30;21;12;19;24;6;7;5;10;7;6;8;11
804.0;33;28;22;14;19;23;6;7;5;10;7;6;9;11
810.0;33;27;21;14;19;22;8;7;5;11;7;6;9;11
816.0;34;26;21;14;18;21;10;6;5;11;5;7;10;12
822.0;35;23;21;14;19;20;10;8;5;11;4;8;10;12
828.0;35;21;19;14;20;21;10;8;5;9;4;10;11;13
834.0;35;21;20;14;21;21;9;7;5;8;4;11;11;13
840.0;35;21;20;14;21;22;9;7;6;9;3;10;9;14
846.0;35;21;17;18;22;21;8;7;7;8;4;9;9;14
852.0;34;20;17;18;22;22;9;6;7;7;5;8;11;14
858.0;34;21;17;18;22;23;10;6;8;7;5;5;11;13
864.0;34;21;17;18;21;23;10;6;8;7;5;5;11;14
870.0;34;21;17;18;20;23;9;6;7;7;5;6;12;15
876.0;34;21;17;18;20;23;9;6;7;7;5;6;12;15
882.0;34;20;17;15;20;24;9;7;8;7;6;6;12;15
888.0;34;20;18;15;20;24;8;8;8;7;6;6;12;14
894.0;35;21;18;15;20;24;8;7;6;7;5;6;13;15
900.0;36;21;18;15;19;24;8;7;6;8;5;6;12;15
906.0;36;21;18;15;18;25;8;6;5;9;5;6;12;16
912.0;35;22;18;15;18;25;7;6;5;9;5;6;13;16
918.0;36;22;19;15;19;25;7;5;5;9;5;4;14;15
924.0;34;22;20;18;19;26;8;3;5;8;6;4;14;13
930.0;36;24;19;18;19;25;9;3;5;7;6;6;12;11
936.0;36;23;19;18;19;25;9;2;5;7;7;7;12;11
942.0;35;23;19;18;19;24;8;2;5;6;8;8;13;12
948.0;35;25;20;18;20;25;8;2;5;4;8;8;12;10
954.0;35;25;19;18;22;25;8;2;5;4;8;7;12;10
960.0;35;26;19;18;21;26;9;1;4;3;10;7;11;10
966.0;36;27;19;18;19;26;9;2;4;3;9;7;10;11
972.0;37;27;19;18;18;27;9;2;3;3;8;8;9;12
978.0;37;27;19;18;18;26;9;3;2;3;9;8;9;12
984.0;37;27;18;18;20;24;9;4;2;3;9;8;9;12
990.0;37;28;17;18;20;24;9;4;2;3;8;9;9;12
996.0;37;28;17;18;19;24;9;4;2;5;7;8;9;13
1002.0;36;27;16;18;20;23;8;5;3;6;7;8;10;13
1008.0;36;27;16;18;21;20;8;6;3;6;7;8;11;13
1014.0;35;27;16;18;20;22;8;6;3;7;6;8;11;13
1020.0;35;28;17;18;20;22;6;6;3;6;7;9;10;13
1026.0;34;28;16;19;21;22;6;6;3;6;7;9;10;13
1032.0;34;28;16;18;20;23;6;6;4;6;7;10;9;13
1038.0;34;29;16;18;23;23;5;5;4;6;8;10;8;11
1044.0;33;28;16;17;24;23;4;7;5;6;8;11;8;10
1050.0;32;27;16;17;26;23;3;7;5;6;8;10;9;11
1056.0;32;26;16;17;27;23;4;7;4;6;7;13;9;9
1062.0;32;26;14;17;27;24;4;9;3;7;7;11;9;10
1068.0;32;26;14;17;27;24;4;9;3;8;6;11;9;10
1074.0;31;26;13;17;27;22;4;10;3;7;7;11;11;11
1080.0;32;27;15;17;27;21;4;10;3;7;7;8;12;10
1086.0;34;28;14;17;27;21;5;10;3;7;7;8;12;7
1092.0;35;28;15;17;27;21;5;9;3;7;8;7;12;6
1098.0;34;28;15;17;27;22;5;9;4;7;8;7;10;7
1104.0;34;28;14;18;27;21;5;9;4;8;8;7;10;7
1110.0;34;28;14;18;28;22;4;9;4;7;8;6;10;8
1116.0;34;28;14;19;28;21;4;9;4;9;8;4;9;9
1122.0;34;28;15;20;27;21;3;9;4;10;8;4;9;8
1128.0;35;28;15;20;26;22;4;10;4;10;8;3;10;5
1134.0;36;25;15;20;25;22;6;10;4;10;10;3;8;6
1140.0;36;24;16;20;26;21;6;10;4;11;10;3;8;5
1146.0;35;24;16;21;26;20;8;10;3;11;10;4;7;5
1152.0;36;23;16;20;26;19;11;9;3;11;10;5;7;4
1158.0;37;23;16;20;26;19;11;9;1;11;11;5;7;4
1164.0;36;24;17;20;25;19;13;9;1;12;9;4;7;4
1170.0;35;24;16;19;25;19;12;9;2;12;9;4;8;6
1176.0;37;25;15;19;25;19;11;8;2;11;7;4;9;8
1182.0;37;27;15;18;23;19;10;9;2;12;6;4;9;9
1188.0;38;27;15;16;23;19;10;10;2;12;6;4;9;9
1194.0;39;27;15;15;23;20;10;10;2;12;5;4;9;9
1200.0;39;28;16;14;23;16;10;10;3;13;5;5;10;8
1206.0;39;28;16;14;24;16;10;10;3;12;5;6;10;7
1212.0;39;28;17;14;24;16;8;10;2;11;6;7;10;8
1218.0;38;28;17;13;24;16;7;11;2;11;5;8;11;9
1224.0;38;28;17;13;24;17;7;10;2;10;5;9;11;9
1230.0;38;26;18;13;24;18;7;10;2;10;6;8;11;9
1236.0;39;26;17;14;23;18;8;9;2;11;7;7;10;9
1242.0;40;26;17;14;23;18;6;9;3;10;7;7;9;11
1248.0;40;27;16;13;23;19;6;9;3;10;7;7;9;11
1254.0;43;26;17;13;23;19;7;7;3;11;4;7;8;12
1260.0;43;27;16;13;23;19;7;7;3;12;4;7;8;11
1266.0;43;27;16;14;23;18;7;7;3;12;4;7;8;11
1272.0;43;27;15;14;24;19;6;7;3;12;3;8;8;11
1278.0;42;27;13;12;25;19;6;7;4;14;3;8;9;11
1284.0;42;27;12;12;26;19;5;7;4;14;3;9;9;11
1290.0;42;27;13;12;27;17;5;8;5;13;3;9;9;10
1296.0;42;26;14;12;27;17;4;8;6;14;3;8;9;10
1302.0;41;26;14;11;29;16;3;7;6;13;4;10;9;11
1308.0;41;26;14;12;29;16;2;7;7;13;4;8;9;12
1314.0;41;26;12;14;31;16;2;8;7;13;4;5;9;12
1320.0;41;27;12;14;29;16;2;7;7;14;5;4;10;12
1326.0;41;27;12;13;29;15;2;7;8;14;5;4;11;12
1332.0;41;27;13;13;29;15;2;7;8;14;6;4;10;11
1338.0;41;27;14;13;29;15;3;6;9;13;6;5;8;11
1344.0;41;28;15;13;28;13;4;7;9;13;5;5;7;12
1350.0;43;28;17;13;28;12;3;8;7;11;7;4;7;12
1356.0;43;29;17;12;28;12;4;8;7;10;7;4;7;12
1362.0;42;28;14;13;27;13;5;10;7;10;7;4;8;12
1368.0;43;30;13;13;26;14;5;9;8;10;6;4;7;12
1374.0;43;30;14;12;25;14;5;8;9;9;7;6;7;11
1380.0;44;29;15;12;25;14;5;8;9;9;7;5;8;10
1386.0;42;28;15;12;25;15;5;8;11;8;7;5;10;9
1392.0;42;26;15;13;25;15;5;8;9;8;8;5;12;9
1398.0;43;26;16;15;23;15;3;9;8;8;9;5;12;8
1404.0;42;26;16;15;22;15;4;8;9;8;9;5;13;8
1410.0;43;25;16;15;22;15;4;8;8;11;8;4;13;8
1416.0;43;26;16;16;22;15;5;7;8;11;7;5;12;7
1422.0;42;27;16;15;21;15;5;8;9;12;8;5;10;7
1428.0;43;27;17;17;21;15;5;8;7;11;8;6;8;7
1434.0;43;27;17;17;19;16;6;8;7;11;8;6;8;7
1440.0;44;28;15;16;21;16;6;8;7;11;7;6;8;7
1446.0;44;29;15;16;21;15;7;7;7;11;6;6;9;7
1452.0;44;29;15;16;21;16;7;7;5;12;6;6;9;7
1458.0;44;28;16;17;21;16;8;8;4;12;5;5;8;8
1464.0;44;28;16;18;21;16;7;8;5;12;5;5;7;8
1470.0;44;27;17;17;21;15;7;9;5;11;5;6;8;8
1476.0;44;27;17;18;21;14;7;9;4;11;5;7;9;7
1482.0;44;27;18;18;21;13;7;10;4;10;6;7;9;6
1488.0;44;27;18;18;21;13;6;9;5;10;7;7;9;6
1494.0;46;27;17;17;20;13;6;10;5;10;7;8;9;5
1500.0;47;25;16;17;21;13;5;10;6;10;8;8;9;5
1506.0;47;25;17;17;20;13;5;10;7;9;8;8;9;5
1512.0;45;25;17;18;20;13;5;9;7;8;7;9;10;7
1518.0;45;25;16;17;21;13;4;10;9;8;7;9;9;7
1524.0;43;28;16;18;22;13;4;10;9;9;6;8;8;6
1530.0;41;28;17;20;22;13;4;10;10;9;6;6;8;6
1536.0;39;29;17;20;23;13;4;9;9;9;6;6;9;7
1542.0;39;29;18;20;23;12;5;9;11;9;6;4;9;6
1548.0;37;29;18;18;25;11;5;8;12;10;5;6;10;6
1554.0;36;29;18;18;25;11;5;9;12;9;5;7;10;6
1560.0;35;30;17;19;25;10;5;9;12;8;5;7;11;7
1566.0;36;30;19;19;25;10;5;9;11;7;5;6;10;8
1572.0;35;30;19;19;25;9;6;8;11;7;5;6;12;8
1578.0;36;31;18;19;25;9;5;6;10;8;5;7;13;8
1584.0;36;31;19;18;25;8;5;6;10;9;5;7;13;8
1590.0;36;31;20;18;25;8;5;6;10;8;5;7;12;9
1596.0;37;30;20;18;25;9;5;6;8;9;5;6;13;9
1602.0;36;29;19;19;25;9;5;7;9;9;5;6;13;9
1608.0;36;28;19;20;24;10;5;6;8;10;6;6;13;9
1614.0;36;28;19;20;23;10;6;7;8;10;6;6;12;9
1620.0;36;28;18;21;22;10;7;8;8;10;6;5;11;10
1626.0;35;29;18;20;22;9;7;8;7;11;7;4;10;13
1632.0;35;29;18;20;22;9;7;8;7;10;7;4;11;13
1638.0;34;29;19;20;22;9;6;9;7;10;6;5;11;13
1644.0;34;28;20;21;22;9;5;9;8;9;6;5;11;13
1650.0;34;28;21;21;22;8;5;11;7;8;6;5;11;13
1656.0;34;29;20;21;22;8;5;11;9;8;6;4;11;12
1662.0;34;29;20;21;22;9;6;11;7;8;6;4;11;12
1668.0;34;30;21;19;22;10;5;11;7;7;5;5;11;13
1674.0;34;31;20;19;23;10;5;11;7;7;5;4;11;13
1680.0;34;32;18;18;24;12;5;11;6;7;6;3;10;14
1686.0;33;31;19;19;24;12;5;10;6;6;6;6;10;13
1692.0;34;30;19;19;24;12;5;11;5;6;6;7;9;13
1698.0;33;30;20;20;22;12;6;11;4;6;7;7;9;13
1704.0;33;30;21;20;22;12;5;11;4;6;7;7;9;13
1710.0;34;30;20;19;22;12;5;11;4;6;7;8;9;13
1716.0;36;29;20;19;21;12;5;10;5;5;8;8;9;13
1722.0;35;28;20;19;21;13;6;9;6;4;7;8;10;14
1728.0;34;29;20;19;19;14;5;9;7;3;7;9;10;15
1734.0;33;30;20;17;20;15;5;8;7;2;8;10;11;14
1740.0;33;31;20;16;20;14;5;9;8;2;8;10;11;13
1746.0;33;31;21;16;20;13;7;9;8;1;9;11;9;12
1752.0;33;31;21;17;20;13;7;9;9;1;8;10;9;12
1758.0;32;31;22;17;19;12;8;11;8;2;6;11;9;12
1764.0;33;30;22;17;19;12;6;11;8;3;6;11;10;12
1770.0;34;30;21;16;19;12;7;11;8;3;6;11;10;12
1776.0;33;30;19;16;21;13;8;12;8;3;6;11;9;11
1782.0;34;31;18;16;20;13;9;13;7;3;6;10;9;11
1788.0;32;31;18;16;20;13;8;12;7;3;6;12;10;12
1794.0;33;31;19;16;20;13;8;11;7;3;5;12;10;12
1800.0;33;31;20;16;20;13;8;11;7;3;5;11;11;11
1806.0;33;31;21;16;18;13;8;10;9;3;6;11;10;11
1812.0;32;30;20;16;18;14;8;10;9;4;6;11;12;10
1818.0;33;30;20;16;18;13;8;9;9;4;6;12;12;10
1824.0;33;30;19;17;19;13;7;9;10;4;5;14;12;8
1830.0;33;30;19;17;19;12;8;8;10;5;5;15;11;8
1836.0;35;31;18;16;20;14;7;8;9;6;5;14;10;7
1842.0;35;30;17;16;19;14;8;8;10;6;3;16;10;8
1848.0;35;30;17;16;17;15;9;7;10;6;3;15;11;9
1854.0;33;31;17;15;19;15;11;7;10;5;3;14;12;8
1860.0;34;30;20;14;20;16;10;7;11;5;3;14;9;7
1866.0;32;30;20;13;21;17;10;7;11;5;6;13;8;7
1872.0;34;30;20;14;22;16;9;8;10;5;8;10;9;5
1878.0;34;30;20;14;22;16;11;8;9;5;8;9;9;5
1884.0;34;30;21;14;23;16;10;9;7;6;8;9;8;5
1890.0;35;29;22;14;22;16;10;9;6;8;8;9;7;5
1896.0;35;29;23;13;21;17;10;8;6;8;10;9;6;5
1902.0;36;29;22;13;21;17;10;8;6;8;10;9;6;5
1908.0;36;29;21;13;22;18;9;7;7;8;9;8;8;5
1914.0;34;30;21;14;21;20;9;7;6;7;10;8;8;5
1920.0;32;29;22;14;21;21;9;7;6;7;10;9;8;5
1926.0;33;29;22;14;22;20;9;8;7;6;10;9;7;4
1932.0;33;29;22;14;22;21;9;7;6;7;9;10;6;5
1938.0;33;28;22;13;22;22;11;8;5;8;8;9;6;5
1944.0;33;28;22;12;23;22;10;9;5;7;7;12;5;5
1950.0;32;28;22;12;24;22;9;10;5;8;7;12;4;5
1956.0;33;27;21;13;24;19;10;10;5;9;6;13;6;4
1962.0;32;27;21;14;24;19;9;10;5;9;6;13;7;4
1968.0;34;29;21;14;23;19;9;8;4;8;6;14;7;4
1974.0;34;29;22;12;22;20;8;8;7;6;6;15;6;5
