#auto generated file!
12.0;28;27;26;41;31;27;40;26;22;15;29;29;30;29
18.0;29;29;26;41;32;26;37;26;22;15;29;28;32;28
24.0;29;32;28;40;32;26;35;27;20;15;29;28;30;29
30.0;27;31;27;40;31;26;34;28;22;19;29;26;31;29
36.0;28;32;28;38;29;28;33;28;23;20;32;23;30;28
42.0;28;30;28;39;30;29;32;29;24;21;31;24;28;27
48.0;30;31;29;39;30;29;32;29;24;22;31;22;26;26
54.0;30;32;32;39;29;28;33;28;24;22;30;20;27;26
60.0;29;35;33;39;25;30;32;27;21;22;32;22;26;27
66.0;29;36;36;42;26;27;30;25;21;22;33;20;26;27
72.0;29;37;37;41;27;26;29;26;23;21;31;20;26;27
78.0;28;38;37;42;27;26;27;26;23;21;32;20;26;27
84.0;28;39;36;41;27;29;28;26;21;23;30;18;25;29
90.0;27;39;39;40;29;29;27;25;18;23;28;20;26;30
96.0;28;39;38;40;32;28;27;26;17;24;28;20;25;28
102.0;32;41;40;40;32;27;24;25;16;23;27;22;25;26
108.0;33;41;42;40;32;29;25;24;15;24;24;19;26;26
114.0;33;41;41;40;32;28;24;24;16;25;24;19;27;26
120.0;34;41;41;39;32;27;25;25;18;21;25;19;27;26
126.0;35;39;41;36;34;27;25;25;18;23;25;20;28;24
132.0;36;38;42;37;35;27;24;25;17;24;24;21;28;22
138.0;38;39;43;37;35;29;23;25;17;24;23;22;26;19
144.0;38;39;43;38;34;30;23;25;18;23;22;23;25;19
150.0;37;41;44;37;34;27;24;25;20;23;23;21;24;20
156.0;38;41;43;37;35;27;25;26;19;25;20;20;25;19
162.0;41;42;42;37;32;30;25;27;19;25;19;20;24;17
168.0;44;43;42;36;33;31;24;26;17;26;19;21;22;16
174.0;43;44;43;36;33;31;24;25;16;29;20;21;21;14
180.0;42;45;45;34;32;29;24;25;17;32;19;21;21;14
186.0;43;45;43;34;33;30;23;23;20;31;20;19;21;15
192.0;44;46;41;32;33;27;23;25;20;33;20;21;20;15
198.0;48;49;40;32;33;27;21;24;19;29;20;20;21;17
204.0;45;49;41;33;34;28;24;24;17;29;19;19;21;17
210.0;45;51;41;33;33;28;25;24;16;28;19;19;21;17
216.0;44;52;41;35;34;29;26;25;14;29;18;18;20;15
222.0;43;49;42;36;36;32;24;23;15;28;17;20;20;15
228.0;42;49;43;37;36;35;22;21;15;26;17;23;19;15
234.0;41;50;43;37;36;35;22;21;17;26;17;22;18;15
240.0;43;50;45;37;34;38;21;21;16;26;16;21;17;15
246.0;45;50;46;37;34;36;21;22;15;25;16;21;17;15
252.0;44;50;46;37;34;38;19;19;16;28;16;20;17;16
258.0;46;49;45;38;33;41;18;18;15;28;15;20;17;17
264.0;49;50;46;41;34;42;16;18;12;26;14;20;16;16
270.0;49;48;47;41;35;42;16;19;12;25;15;19;16;16
276.0;48;47;48;42;35;42;16;18;12;24;14;20;18;16
282.0;47;48;49;43;35;43;15;16;11;25;14;19;19;16
288.0;47;46;50;43;35;43;17;16;12;24;13;22;17;15
294.0;47;48;50;42;35;41;19;19;12;24;13;20;15;15
300.0;48;48;49;43;33;41;19;18;11;24;16;18;16;16
306.0;46;48;49;42;34;40;18;17;10;24;19;19;18;16
312.0;46;47;52;44;33;40;17;17;10;24;19;20;16;15
318.0;45;48;50;41;33;43;16;17;10;24;22;20;17;14
324.0;45;49;51;40;32;43;17;18;10;25;21;20;16;13
330.0;45;49;52;40;33;42;16;17;10;24;23;21;16;12
336.0;45;48;52;39;35;44;14;17;10;22;24;23;16;11
342.0;45;49;52;40;36;45;15;18;10;22;23;20;16;9
348.0;46;49;52;41;37;45;17;20;10;18;24;17;15;9
354.0;45;50;51;42;36;46;18;19;9;16;25;17;16;10
360.0;45;51;50;42;35;47;18;20;9;16;25;16;16;10
366.0;46;52;48;46;34;47;19;20;10;14;23;15;15;11
372.0;46;53;46;45;35;50;18;20;9;16;20;15;15;12
378.0;46;53;44;46;37;50;18;19;8;16;19;16;16;12
384.0;45;53;44;46;38;49;19;18;10;14;20;17;16;11
390.0;46;53;44;46;38;48;18;18;11;14;21;15;17;11
396.0;47;53;44;46;36;47;17;18;12;13;21;16;18;12
402.0;46;53;43;43;36;48;18;19;14;13;21;16;18;12
408.0;45;53;43;42;34;48;18;18;16;16;24;14;19;10
414.0;44;54;43;41;34;49;16;22;13;15;23;16;19;11
420.0;44;54;43;40;35;48;16;22;13;15;24;18;17;11
426.0;44;54;46;41;36;45;16;21;13;17;22;18;16;11
432.0;44;54;45;42;35;47;15;21;14;17;20;18;17;11
438.0;43;53;46;39;35;48;15;20;14;17;21;19;18;12
444.0;44;53;43;38;37;48;15;19;12;18;20;20;21;12
450.0;45;52;44;41;37;46;15;19;11;19;19;20;20;12
456.0;46;52;44;42;38;45;14;20;9;18;18;20;19;15
462.0;47;51;44;40;38;43;15;20;10;19;18;20;19;16
468.0;46;53;44;41;37;42;13;21;10;19;17;20;20;17
474.0;46;54;42;40;39;40;12;22;11;19;17;20;20;18
480.0;48;54;42;38;39;40;10;22;11;19;19;20;20;18
486.0;48;54;41;37;40;41;11;25;11;17;20;19;19;17
492.0;48;55;41;37;39;42;12;22;12;18;19;20;18;17
498.0;49;51;41;40;39;41;13;22;14;17;18;21;18;16
504.0;49;51;41;40;38;40;15;22;15;17;17;22;17;16
510.0;48;50;42;39;39;39;16;23;16;16;18;23;18;13
516.0;48;49;42;39;40;40;17;22;14;16;18;21;20;14
522.0;50;48;42;40;38;40;17;22;14;13;18;23;23;12
528.0;51;50;42;40;38;40;17;21;14;15;17;21;22;12
534.0;51;49;43;38;39;42;19;18;14;17;15;20;22;13
540.0;49;48;43;38;40;41;20;17;15;16;16;21;22;14
546.0;49;49;43;38;39;42;20;18;14;16;17;20;22;13
552.0;49;49;40;40;38;42;20;21;16;15;17;18;22;13
558.0;52;49;41;40;37;43;19;21;15;15;17;17;22;12
564.0;51;48;41;40;35;42;21;22;16;17;17;16;23;11
570.0;52;47;40;41;35;42;19;22;16;17;17;15;26;11
576.0;53;47;40;41;38;42;19;21;17;16;17;14;23;12
582.0;53;47;39;41;38;41;19;23;16;19;16;13;23;12
588.0;55;48;39;39;37;42;17;23;17;20;16;13;23;11
594.0;55;48;39;38;35;41;17;23;18;19;16;14;27;10
600.0;55;48;38;39;36;41;16;21;18;21;14;16;27;10
606.0;55;47;38;40;36;41;15;21;17;22;15;16;28;9
612.0;55;47;39;39;36;41;16;21;15;21;14;16;31;9
618.0;54;48;39;39;37;40;17;19;16;22;12;16;32;9
624.0;53;48;39;41;37;40;18;18;19;22;10;14;32;9
630.0;53;48;39;40;39;37;17;18;19;22;9;16;34;9
636.0;52;49;38;41;40;37;17;17;16;20;11;18;34;10
642.0;53;50;38;40;40;39;18;18;15;20;13;19;31;6
648.0;55;52;37;41;40;36;19;16;16;20;13;19;29;7
654.0;54;52;35;41;41;35;21;19;13;21;12;18;29;9
660.0;54;51;36;42;39;34;23;18;14;20;12;19;27;11
666.0;55;53;35;42;41;34;21;18;14;20;14;17;25;11
672.0;51;53;36;43;39;34;22;19;13;22;16;18;21;13
678.0;52;51;39;44;37;34;19;18;14;24;18;17;21;12
684.0;53;50;38;44;36;33;19;19;17;25;20;14;19;13
690.0;53;50;39;45;37;35;17;21;14;23;19;14;20;13
696.0;55;51;39;43;36;34;16;21;16;23;20;13;20;13
702.0;56;53;40;40;36;34;17;21;16;21;20;11;21;14
708.0;55;53;40;42;34;34;16;18;18;25;19;9;22;15
714.0;56;53;39;41;34;35;16;18;19;25;18;9;23;14
720.0;55;55;39;41;37;35;16;18;17;27;17;8;22;13
726.0;55;54;39;41;37;36;16;20;17;25;17;9;22;12
732.0;54;55;38;42;37;36;17;18;18;25;17;9;24;10
738.0;55;55;39;43;37;37;17;19;16;23;16;8;24;11
744.0;55;55;40;44;39;38;18;20;13;22;16;6;22;12
750.0;56;56;40;43;39;38;22;21;10;19;17;7;20;12
756.0;56;57;43;41;38;40;23;20;10;17;17;6;20;12
762.0;56;58;43;41;37;41;23;15;10;17;18;6;20;15
768.0;55;57;43;41;38;43;22;15;10;16;18;7;20;15
774.0;54;56;43;41;39;46;22;17;11;16;17;7;17;14
780.0;54;56;42;42;40;43;22;18;11;17;18;6;15;16
786.0;55;56;42;42;41;45;19;18;11;16;17;8;16;14
792.0;54;58;42;40;43;42;18;18;11;17;17;9;16;15
798.0;55;59;40;40;45;39;19;18;13;18;17;8;14;15
804.0;55;59;40;40;46;39;19;17;14;18;17;8;13;15
810.0;56;58;40;40;47;39;18;16;13;17;17;10;12;17
816.0;55;59;39;38;45;39;16;18;14;19;19;11;11;17
822.0;54;58;39;38;46;40;17;17;15;19;17;10;13;17
828.0;54;58;37;37;46;42;15;19;16;17;18;11;13;17
834.0;55;59;37;37;46;42;17;19;14;17;16;11;13;17
840.0;55;58;37;36;46;41;20;19;14;17;16;10;14;17
846.0;57;60;36;35;43;42;18;18;15;19;17;11;13;16
852.0;56;57;34;36;44;44;16;18;15;19;19;11;15;16
858.0;57;58;34;36;41;44;17;19;14;18;18;12;17;15
864.0;58;56;34;36;42;44;18;19;13;19;18;13;15;15
870.0;56;55;33;32;43;44;18;22;14;22;19;12;15;15
876.0;56;55;32;30;47;42;18;23;15;22;18;12;16;14
882.0;56;55;32;31;45;42;17;23;14;23;19;13;16;14
888.0;58;54;34;30;44;41;17;23;16;21;19;13;16;14
894.0;58;55;34;31;45;39;18;21;16;19;19;13;17;15
900.0;60;55;35;31;46;39;18;22;16;18;18;11;16;15
906.0;59;55;36;31;46;39;19;21;17;17;16;11;16;17
912.0;57;55;36;30;47;39;21;22;19;19;17;9;16;13
918.0;56;55;36;29;47;41;20;22;18;20;16;11;13;16
924.0;55;56;36;30;47;41;20;22;18;18;17;14;12;14
930.0;56;57;39;31;46;36;20;22;19;17;17;14;13;13
936.0;55;58;40;31;47;34;21;22;18;19;16;13;13;13
942.0;56;59;40;32;48;35;19;22;16;18;16;13;13;13
948.0;56;60;37;33;50;35;17;23;17;16;15;12;12;17
954.0;56;60;36;34;50;33;17;21;16;15;15;13;13;21
960.0;56;59;36;33;50;33;16;21;19;15;16;13;12;21
966.0;57;59;39;31;48;32;14;20;21;19;15;13;12;20
972.0;58;59;41;32;46;32;13;19;21;20;16;13;11;19
978.0;59;61;41;30;43;32;13;19;21;19;15;13;11;23
984.0;58;60;43;29;44;32;13;19;20;21;14;13;11;23
990.0;59;58;43;29;45;33;12;19;19;21;13;13;13;23
996.0;58;58;42;28;42;33;11;20;20;22;14;14;13;25
1002.0;59;59;43;29;42;32;10;20;17;20;13;15;16;25
1008.0;59;59;41;28;44;32;10;21;18;20;11;17;15;25
1014.0;61;59;41;30;44;32;11;19;18;19;11;15;15;25
1020.0;60;60;43;30;47;31;11;18;18;18;10;13;17;24
1026.0;61;61;44;30;47;31;10;17;16;18;11;12;18;24
1032.0;63;57;44;30;48;32;11;19;13;18;12;12;19;22
1038.0;63;55;45;28;47;32;13;19;13;20;14;12;16;23
1044.0;64;53;50;31;45;32;11;20;12;19;13;12;16;22
1050.0;65;53;51;30;45;32;12;17;13;19;14;15;11;23
1056.0;65;51;52;29;45;32;12;16;14;19;15;15;11;24
1062.0;66;51;49;29;46;34;13;17;11;18;16;16;11;23
1068.0;66;51;49;28;46;33;10;19;12;19;17;16;12;22
1074.0;64;51;49;31;45;33;12;17;10;18;17;17;12;24
1080.0;65;51;48;32;46;34;12;16;10;18;16;17;13;22
1086.0;68;51;47;32;45;33;13;15;10;19;16;17;13;21
1092.0;68;51;49;33;44;33;12;14;12;20;15;17;12;20
1098.0;67;51;51;31;44;34;12;12;11;20;16;16;13;22
1104.0;67;51;50;31;44;33;12;9;11;20;17;16;16;23
1110.0;67;50;47;30;45;34;10;9;10;18;18;16;21;25
1116.0;66;50;47;31;45;34;8;9;10;18;18;17;22;25
1122.0;68;50;47;31;46;33;6;9;10;19;19;16;22;24
1128.0;67;51;46;31;47;32;5;9;11;19;21;16;22;23
1134.0;66;51;46;33;48;30;6;10;12;20;21;17;20;20
1140.0;66;52;48;31;48;30;6;13;10;20;22;15;19;20
1146.0;65;53;48;32;47;31;6;14;10;19;20;16;19;20
1152.0;63;52;49;32;46;31;7;14;10;19;22;16;19;20
1158.0;63;51;49;31;46;31;6;16;11;17;23;16;19;21
1164.0;63;52;47;30;45;31;5;17;14;17;23;16;20;20
1170.0;65;52;49;31;44;30;5;17;11;16;24;17;18;21
1176.0;67;52;48;34;44;30;7;18;11;16;21;15;17;20
1182.0;67;53;48;35;44;31;8;18;10;15;21;15;16;19
1188.0;68;53;48;36;43;29;11;15;11;15;21;14;16;20
1194.0;69;52;48;37;46;29;10;15;9;16;21;14;15;19
1200.0;69;52;48;38;43;29;8;15;11;16;22;15;16;18
1206.0;69;52;49;38;42;26;8;15;12;15;23;16;15;20
1212.0;69;50;50;39;42;27;9;14;12;14;23;16;16;19
1218.0;69;52;49;37;41;28;10;15;14;14;21;16;15;19
1224.0;71;54;48;34;40;28;10;15;17;11;21;16;16;19
1230.0;70;53;48;35;39;28;10;14;16;11;19;16;21;20
1236.0;69;55;46;37;37;29;10;15;17;12;18;14;19;22
1242.0;69;55;47;36;34;30;10;16;16;13;17;15;20;22
1248.0;66;53;46;35;34;30;12;18;17;12;20;15;19;23
1254.0;67;53;46;32;34;34;11;19;17;11;20;16;18;22
1260.0;68;53;45;32;36;33;11;19;15;8;21;16;18;25
1266.0;70;52;42;34;36;35;12;16;17;9;19;14;20;24
1272.0;71;51;42;35;36;34;11;15;18;9;20;14;21;23
1278.0;71;51;42;35;36;35;12;15;19;9;22;14;20;19
1284.0;71;50;42;33;38;36;12;16;20;8;20;15;21;18
1290.0;72;50;40;33;38;35;13;16;21;8;18;15;22;19
1296.0;73;50;40;34;38;35;13;14;20;9;17;16;21;20
1302.0;74;51;42;32;37;35;13;13;20;9;17;14;23;20
1308.0;75;50;43;32;37;35;16;11;19;9;17;15;21;20
1314.0;76;52;42;32;38;36;15;10;17;11;16;14;20;21
1320.0;77;52;39;31;39;38;15;10;18;11;17;14;19;20
1326.0;77;48;42;31;42;39;14;11;18;11;15;15;18;19
1332.0;78;47;43;31;41;41;14;12;18;11;14;12;18;20
1338.0;81;47;43;29;41;40;14;10;20;12;14;13;15;21
1344.0;81;47;43;29;40;41;13;11;19;12;15;13;16;20
1350.0;81;45;45;29;40;39;15;11;20;11;18;13;12;21
1356.0;80;45;47;31;39;37;15;11;22;10;16;13;12;22
1362.0;80;45;46;32;37;36;11;12;23;12;16;16;13;21
1368.0;80;46;46;32;39;36;11;12;27;12;12;16;12;19
1374.0;80;45;46;32;39;36;12;11;25;14;13;16;12;19
1380.0;78;44;45;33;41;36;13;11;23;15;13;18;12;18
1386.0;75;43;44;36;42;37;12;11;24;13;13;17;13;20
1392.0;77;42;44;35;44;36;13;11;23;12;14;16;12;21
1398.0;79;42;43;35;45;34;13;9;23;14;17;15;10;21
1404.0;78;41;41;35;48;36;13;11;23;16;15;14;11;18
1410.0;79;42;43;31;48;36;13;9;23;15;16;15;11;19
1416.0;79;42;43;31;47;35;15;9;22;15;16;16;12;18
1422.0;80;41;44;30;47;36;14;9;23;15;15;15;13;18
1428.0;81;40;46;31;48;36;14;8;21;15;15;16;12;17
1434.0;81;41;48;31;49;37;13;7;18;16;15;15;12;17
1440.0;80;41;45;31;47;39;14;8;17;16;17;15;13;17
1446.0;79;41;47;31;48;38;15;7;16;18;16;15;12;17
1452.0;79;40;46;34;47;39;15;8;17;18;16;14;10;17
1458.0;78;41;47;35;46;42;15;7;18;17;16;13;8;17
1464.0;76;40;46;35;46;39;16;9;18;17;16;14;8;20
1470.0;76;39;45;36;46;39;17;10;19;18;16;14;7;18
1476.0;77;38;46;36;41;40;18;11;17;16;18;14;8;20
1482.0;80;38;45;35;41;40;18;10;17;15;18;15;9;19
1488.0;81;38;46;34;41;41;18;10;18;12;17;16;10;18
1494.0;81;39;45;33;41;43;16;9;21;12;17;16;9;18
1500.0;81;39;43;32;42;45;16;8;20;11;18;17;10;18
1506.0;82;38;42;32;43;45;15;9;20;14;16;17;10;17
1512.0;83;37;43;32;44;44;15;8;21;13;16;16;11;17
1518.0;81;37;42;34;42;44;15;9;23;14;16;15;10;18
1524.0;81;36;42;35;41;42;15;10;23;15;17;14;12;17
1530.0;81;36;42;36;42;41;13;10;23;15;17;14;13;17
1536.0;80;36;42;36;43;41;13;9;22;15;17;17;14;15
1542.0;81;37;43;35;44;40;12;9;22;16;16;18;13;14
1548.0;79;37;43;35;43;41;11;7;21;15;17;20;16;15
1554.0;80;37;43;36;43;41;9;6;19;16;16;20;15;19
1560.0;79;36;43;35;45;41;10;6;19;18;15;19;15;19
1566.0;80;37;42;35;46;42;11;7;17;18;15;17;14;19
1572.0;80;38;42;35;43;41;11;8;17;18;14;20;14;19
1578.0;80;40;43;34;42;41;11;8;17;18;15;18;14;19
1584.0;80;42;43;32;43;40;11;8;16;18;16;18;15;18
1590.0;81;42;44;34;43;40;11;8;16;19;15;18;14;15
1596.0;83;42;44;33;43;38;11;10;14;19;14;18;15;16
1602.0;82;41;43;33;43;39;11;10;13;19;16;19;15;16
1608.0;83;42;43;33;44;38;12;9;13;20;16;17;15;15
1614.0;82;42;44;33;43;38;13;9;13;20;16;16;15;16
1620.0;83;40;46;34;43;36;14;10;13;19;15;15;14;18
1626.0;82;41;44;38;44;36;13;8;12;20;17;13;14;18
1632.0;82;43;42;39;44;34;13;8;15;20;16;14;14;16
1638.0;80;44;44;38;41;35;13;7;14;23;16;16;13;16
1644.0;78;44;43;38;41;35;13;8;17;21;17;17;12;16
1650.0;79;44;41;39;40;37;14;7;17;21;15;18;12;16
1656.0;78;44;42;38;41;35;13;9;17;19;16;18;12;18
1662.0;79;45;41;39;42;35;13;9;18;19;15;18;12;15
1668.0;79;45;40;39;43;36;12;7;20;18;14;20;10;17
1674.0;78;47;40;36;44;36;12;7;19;19;14;21;10;17
1680.0;78;47;40;35;44;37;12;7;18;21;12;21;10;18
1686.0;77;47;41;36;42;38;12;6;15;19;13;23;11;20
1692.0;78;47;39;35;43;40;13;7;12;20;14;22;10;20
1698.0;76;47;41;34;44;39;15;8;10;19;15;23;10;19
1704.0;77;47;42;36;46;39;14;10;9;19;13;21;7;20
1710.0;78;48;39;36;46;39;13;13;10;20;10;20;7;21
1716.0;80;47;36;37;47;41;13;14;11;19;9;19;7;20
1722.0;80;50;35;35;48;39;12;12;11;20;11;19;8;20
1728.0;79;49;35;33;48;38;12;15;11;20;10;19;10;21
1734.0;77;49;35;34;48;40;11;14;13;19;10;21;10;19
1740.0;79;48;36;35;48;39;11;15;13;20;11;20;9;16
1746.0;78;49;34;37;48;39;11;15;13;19;14;20;7;16
1752.0;78;51;32;38;47;39;11;15;13;19;13;20;7;17
1758.0;78;51;32;39;47;39;10;14;15;18;12;20;9;16
1764.0;78;51;34;39;45;39;11;14;15;18;11;19;11;15
1770.0;79;51;35;39;43;38;12;15;15;17;10;19;11;16
1776.0;80;50;36;39;40;38;12;16;16;19;11;17;11;15
1782.0;80;51;35;39;40;39;12;16;17;17;10;17;11;16
1788.0;79;51;35;38;40;39;13;16;17;18;9;16;11;18
1794.0;79;51;36;40;40;39;12;18;16;17;8;17;11;16
1800.0;79;50;36;39;42;42;11;19;16;17;7;15;11;16
1806.0;79;51;36;38;41;43;11;17;15;17;7;15;14;16
1812.0;79;50;36;37;39;44;10;17;16;18;9;16;15;14
1818.0;80;51;35;36;38;42;11;18;16;19;10;16;13;15
1824.0;81;50;35;36;38;41;12;18;16;19;10;16;13;15
1830.0;83;48;36;34;35;42;15;18;15;19;9;16;14;16
1836.0;83;48;36;35;37;42;15;13;17;17;10;16;15;16
1842.0;83;47;37;37;36;42;16;14;16;19;9;15;15;14
1848.0;82;46;38;39;35;44;15;12;17;18;9;16;14;15
1854.0;81;47;38;36;35;43;16;12;17;18;10;16;15;16
1860.0;80;47;38;36;36;44;15;12;17;18;9;15;18;15
1866.0;80;47;36;36;34;44;16;12;17;21;10;14;18;15
1872.0;80;48;34;36;32;44;16;14;17;21;10;16;18;14
1878.0;81;49;31;33;31;44;19;13;16;23;11;14;20;15
1884.0;80;49;33;36;30;44;20;12;16;23;10;16;19;12
1890.0;80;48;35;35;30;44;20;12;17;21;11;14;20;13
1896.0;82;51;37;30;30;44;19;11;17;21;11;13;21;13
1902.0;82;53;37;31;30;46;17;11;17;20;10;13;20;13
1908.0;83;55;35;31;30;45;18;11;15;20;12;14;18;13
1914.0;82;56;36;31;29;45;18;13;15;21;10;13;18;13
1920.0;83;56;36;32;31;44;17;11;14;20;11;14;18;13
1926.0;85;57;37;33;30;44;17;9;13;19;11;15;18;12
1932.0;82;58;37;36;31;44;17;10;11;19;14;14;18;9
1938.0;81;61;37;35;32;42;17;10;11;17;14;15;17;11
1944.0;78;60;36;36;33;44;19;10;11;15;16;15;18;9
1950.0;81;62;34;37;31;45;17;9;9;17;17;14;17;10
1956.0;80;63;35;38;31;45;16;9;9;18;16;15;16;9
1962.0;80;61;36;37;31;44;17;9;9;19;18;15;16;8
1968.0;78;62;38;36;33;45;16;9;10;19;15;14;17;8
1974.0;78;63;38;35;34;45;17;9;9;18;13;15;17;9
