#auto generated file!
12.0;120;119;92;140;108;114;100;123;120;110;108;136;115;95
18.0;125;122;97;140;107;111;101;123;118;111;106;128;115;96
24.0;126;122;101;142;106;115;102;116;119;108;102;127;114;100
30.0;130;125;104;146;108;119;103;112;114;106;101;122;110;100
36.0;132;129;107;144;112;117;102;109;113;107;103;121;104;100
42.0;136;128;106;142;119;120;103;107;111;102;101;119;103;103
48.0;142;130;105;146;119;126;103;105;106;99;99;117;102;101
54.0;143;132;103;149;122;125;98;107;110;93;100;120;99;99
60.0;149;136;108;150;122;127;96;108;111;90;99;109;98;97
66.0;152;137;109;153;122;126;99;103;106;88;101;110;97;97
72.0;153;140;116;154;125;128;96;101;102;85;99;106;97;98
78.0;155;144;120;154;126;128;100;96;100;82;99;104;98;94
84.0;156;147;120;156;131;126;101;95;100;80;91;106;98;93
90.0;155;151;122;161;133;125;95;88;103;83;91;105;98;90
96.0;154;153;123;161;131;124;89;82;102;86;94;109;100;92
102.0;158;151;125;162;130;123;92;80;99;86;94;109;97;94
108.0;159;152;127;168;131;124;94;77;92;86;96;103;96;95
114.0;163;153;130;168;135;121;93;79;87;86;96;101;94;94
120.0;163;158;130;170;136;124;92;76;87;83;91;102;96;92
126.0;164;160;136;167;139;128;84;78;85;86;88;97;93;95
132.0;168;160;134;170;139;129;84;75;85;83;90;98;91;94
138.0;173;165;132;170;142;124;85;69;84;83;87;97;93;96
144.0;177;169;131;168;142;124;93;66;83;82;80;98;93;94
150.0;177;173;131;170;139;121;93;68;81;84;78;95;92;98
156.0;179;178;133;169;140;119;90;71;83;85;79;93;87;94
162.0;183;177;138;168;143;120;93;72;83;82;79;91;80;91
168.0;187;180;142;161;144;120;93;71;84;76;80;92;82;88
174.0;189;184;141;160;139;117;93;71;84;78;80;94;81;89
180.0;188;186;142;165;143;115;95;70;82;74;81;90;81;88
186.0;191;191;143;165;144;115;91;68;85;73;81;88;79;86
192.0;188;191;143;167;146;114;92;73;87;74;76;85;78;86
198.0;193;196;146;170;143;119;90;75;84;70;73;83;71;87
204.0;199;194;146;172;147;117;88;71;85;69;74;83;68;87
210.0;199;195;150;171;147;118;84;72;84;72;77;84;65;82
216.0;199;194;156;171;150;115;84;75;84;75;78;78;58;83
222.0;201;193;154;173;148;120;85;74;78;77;78;79;59;81
228.0;202;194;154;173;148;120;79;74;80;78;77;80;63;78
234.0;200;195;153;169;149;125;80;77;79;79;77;77;62;78
240.0;202;193;154;167;150;123;80;79;83;81;79;75;61;73
246.0;202;194;152;167;154;126;77;79;86;77;79;74;61;72
252.0;201;192;154;163;155;126;74;80;85;80;82;75;64;69
258.0;198;197;155;163;158;124;69;79;87;81;79;74;64;72
264.0;197;198;158;162;163;129;74;78;83;78;74;72;63;71
270.0;202;198;152;162;163;132;74;79;82;75;73;75;65;68
276.0;201;202;149;162;163;132;80;80;79;71;73;74;63;71
282.0;200;198;152;159;169;133;76;81;75;71;80;74;62;70
288.0;203;202;150;159;167;132;72;83;73;75;81;73;59;71
294.0;209;201;151;161;168;132;74;83;68;69;80;75;58;71
300.0;209;201;149;162;169;135;76;84;65;67;80;73;55;75
306.0;210;200;150;158;175;137;74;90;61;66;77;73;53;76
312.0;206;205;152;160;173;138;72;91;63;64;77;66;54;79
318.0;204;201;152;159;173;137;71;95;62;69;77;67;57;76
324.0;204;205;151;162;169;138;70;93;63;70;75;64;61;75
330.0;207;209;151;161;166;140;74;91;64;70;74;63;61;69
336.0;209;209;147;165;168;142;77;90;65;72;72;60;57;67
342.0;213;207;150;165;166;149;74;88;63;73;70;59;56;67
348.0;215;209;151;165;169;147;64;83;63;72;74;62;55;71
354.0;219;212;147;166;163;146;67;85;63;70;75;60;56;71
360.0;222;217;145;164;168;148;70;81;59;69;73;61;54;69
366.0;224;223;144;163;163;152;71;82;56;69;75;61;50;67
372.0;223;224;144;164;160;150;67;82;59;70;74;61;54;68
378.0;224;224;144;159;163;151;67;80;61;69;78;61;52;67
384.0;223;225;145;158;163;153;70;78;63;68;75;59;51;69
390.0;223;227;144;158;163;154;68;75;64;72;73;62;47;70
396.0;230;227;145;158;165;152;64;77;68;69;70;60;45;70
402.0;229;230;142;157;168;153;65;77;64;69;69;60;47;70
408.0;226;233;141;159;167;151;66;73;64;72;66;62;50;70
414.0;226;235;144;159;165;149;64;67;66;78;66;57;53;71
420.0;228;234;146;162;164;148;63;68;65;78;67;55;54;68
426.0;232;235;146;163;160;145;61;73;65;81;68;53;48;70
432.0;235;235;143;163;162;144;60;75;64;80;71;48;48;72
438.0;237;237;144;161;158;144;61;69;65;84;71;49;49;71
444.0;240;236;149;157;160;144;58;73;66;79;72;48;48;70
450.0;235;239;150;159;159;147;58;78;68;78;66;47;46;70
456.0;238;242;152;160;156;141;57;77;67;77;66;48;47;72
462.0;237;243;149;157;157;143;55;75;69;82;68;48;48;69
468.0;235;245;153;153;158;146;55;69;69;82;70;49;50;66
474.0;231;246;152;157;158;146;53;66;71;80;74;52;51;63
480.0;230;249;149;158;160;148;53;66;68;79;71;53;51;65
486.0;227;252;149;159;164;146;53;67;66;82;69;48;53;65
492.0;230;251;148;157;164;148;52;64;67;82;66;49;56;66
498.0;230;250;150;160;167;142;49;64;65;80;64;51;59;69
504.0;232;249;149;158;165;140;50;69;64;78;65;55;60;66
510.0;231;249;150;162;168;141;49;65;64;78;61;53;61;68
516.0;234;252;151;163;168;140;47;67;63;77;62;54;55;67
522.0;232;255;153;156;165;145;47;66;61;77;60;57;56;70
528.0;233;254;151;160;166;146;49;65;63;76;59;58;53;67
534.0;236;254;146;158;169;144;48;66;59;79;60;59;56;66
540.0;235;255;145;157;171;138;47;64;63;79;63;59;60;64
546.0;237;258;145;160;170;139;47;61;62;81;63;57;59;61
552.0;240;256;140;161;169;141;51;61;58;79;66;59;57;62
558.0;238;256;139;161;174;138;53;61;57;82;64;59;57;61
564.0;239;255;139;163;175;139;53;59;56;83;61;59;61;58
570.0;240;260;139;163;173;137;53;59;57;78;65;54;64;58
576.0;239;261;139;161;180;138;54;60;57;74;64;53;64;56
582.0;236;260;141;158;180;141;58;60;58;75;61;51;62;59
588.0;240;260;143;157;182;139;58;59;59;74;63;50;60;56
594.0;240;259;139;159;181;141;61;57;57;75;62;57;55;57
600.0;244;260;136;160;180;139;58;57;59;71;63;62;55;56
606.0;243;259;137;156;183;139;54;60;62;71;61;62;58;55
612.0;248;260;140;156;179;138;52;61;63;69;59;64;59;52
618.0;249;261;139;153;178;139;57;61;60;72;57;60;63;51
624.0;249;260;139;156;175;136;57;59;62;72;62;56;66;51
630.0;253;259;138;156;179;135;58;56;63;73;56;59;63;52
636.0;252;260;137;154;178;136;56;59;62;76;55;59;62;54
642.0;253;261;139;155;176;135;57;59;60;76;52;59;59;59
648.0;251;262;141;154;174;134;54;58;57;79;56;59;62;59
654.0;254;260;144;151;172;139;54;62;55;75;57;59;60;58
660.0;253;262;145;149;172;138;53;61;55;72;61;62;61;56
666.0;253;262;144;150;175;142;55;58;54;71;66;57;56;57
672.0;253;264;144;150;172;146;53;61;56;70;62;55;57;57
678.0;252;262;142;148;170;146;54;61;57;67;61;62;60;58
684.0;255;261;140;149;166;146;51;63;58;65;64;61;60;61
690.0;256;258;138;149;165;144;54;66;63;64;64;65;55;59
696.0;254;262;139;150;167;143;55;65;64;60;66;60;55;60
702.0;248;265;140;150;172;146;54;62;62;60;64;61;54;62
708.0;249;263;142;149;170;148;59;60;66;57;62;59;54;62
714.0;246;260;143;149;165;152;59;60;70;54;61;61;58;62
720.0;246;259;142;147;165;153;59;58;72;55;61;61;58;64
726.0;244;261;135;152;165;155;56;59;74;57;55;62;60;65
732.0;243;263;140;152;162;154;57;52;71;63;58;66;60;59
738.0;243;259;143;150;159;152;57;49;74;63;60;65;63;63
744.0;243;259;142;152;160;152;54;51;70;61;62;68;61;65
750.0;243;261;139;155;159;148;55;51;68;60;66;71;59;65
756.0;240;263;139;155;157;148;54;53;70;62;63;72;58;66
762.0;234;263;139;156;159;151;54;56;73;59;63;70;56;67
768.0;237;265;134;153;158;151;55;57;76;58;62;71;56;67
774.0;237;266;134;155;162;152;56;57;78;57;57;68;56;65
780.0;240;262;136;158;157;154;56;56;75;59;56;73;53;65
786.0;238;264;137;160;156;157;57;56;75;54;51;75;53;67
792.0;240;264;141;159;152;157;58;57;69;57;52;72;53;69
798.0;242;262;138;162;157;153;58;55;67;57;49;75;55;70
804.0;243;258;134;166;154;160;60;52;71;54;51;77;54;66
810.0;242;260;136;169;157;162;56;50;71;54;49;73;55;66
816.0;236;266;135;168;153;163;56;51;67;51;50;79;57;68
822.0;236;266;135;172;154;165;52;47;68;56;48;77;57;67
828.0;238;263;138;170;154;162;54;46;68;57;48;72;60;70
834.0;236;265;143;172;154;161;55;48;68;56;49;69;59;65
840.0;238;266;145;175;155;159;57;43;69;57;49;67;59;61
846.0;239;267;145;170;157;156;55;44;66;59;52;68;60;62
852.0;237;266;147;169;157;155;52;48;69;61;55;63;60;61
858.0;237;268;146;169;157;153;56;44;70;60;56;65;56;63
864.0;236;271;142;172;155;153;56;44;68;59;57;66;58;63
870.0;236;269;147;171;152;153;55;44;68;63;56;64;58;64
876.0;233;267;148;170;154;152;61;42;68;58;50;67;63;67
882.0;234;268;148;168;155;151;60;42;65;55;50;70;66;68
888.0;236;264;144;172;154;152;59;46;63;52;54;70;69;65
894.0;241;267;145;174;158;150;57;40;63;53;56;67;64;65
900.0;241;269;143;173;162;148;56;42;62;55;58;64;64;63
906.0;244;269;143;171;156;151;56;42;63;56;59;64;66;60
912.0;242;266;141;171;155;153;58;42;63;57;56;67;65;64
918.0;244;267;137;171;154;152;61;43;61;60;57;66;64;63
924.0;246;266;138;170;153;154;61;39;59;59;62;64;62;67
930.0;244;262;139;171;155;156;62;40;59;60;62;67;60;63
936.0;242;262;142;170;156;152;66;43;61;59;61;69;56;61
942.0;244;262;141;167;158;151;64;45;63;61;61;66;60;57
948.0;242;261;137;169;155;151;61;48;67;60;60;66;63;60
954.0;239;261;138;167;155;149;60;49;65;58;63;67;67;62
960.0;239;262;139;167;153;153;60;44;64;64;58;66;72;59
966.0;242;260;135;167;152;154;57;45;64;63;61;67;71;62
972.0;240;259;136;169;151;155;59;48;68;60;54;68;71;62
978.0;239;259;139;170;153;157;58;47;66;61;52;66;68;65
984.0;242;256;143;172;148;158;59;49;61;63;53;64;71;61
990.0;244;258;137;172;151;157;61;47;60;62;51;68;68;64
996.0;241;260;138;170;150;159;64;47;61;56;50;72;70;62
1002.0;242;259;134;171;148;155;65;51;61;54;52;75;69;64
1008.0;244;254;131;172;147;157;66;52;62;55;55;74;65;66
1014.0;250;255;128;173;151;154;67;51;63;59;51;75;59;64
1020.0;250;257;128;174;151;151;67;54;60;59;50;80;57;62
1026.0;252;256;129;171;148;155;64;55;60;56;54;83;59;58
1032.0;251;257;128;170;147;152;65;54;63;54;53;84;63;59
1038.0;252;257;126;170;144;154;70;54;59;56;53;84;63;58
1044.0;254;253;124;170;151;157;70;53;55;55;54;84;60;60
1050.0;251;252;123;169;152;160;69;56;54;60;52;85;60;57
1056.0;244;254;123;172;151;159;69;59;55;60;53;83;60;58
1062.0;242;254;122;168;148;160;70;56;56;61;55;87;62;59
1068.0;246;252;123;169;148;161;69;55;57;56;58;84;60;62
1074.0;246;252;129;165;147;161;69;56;56;54;60;83;57;65
1080.0;244;254;129;168;146;159;63;57;57;55;59;83;57;69
1086.0;244;256;130;168;145;156;63;55;59;55;61;82;58;68
1092.0;244;254;130;172;144;157;65;55;64;50;59;78;57;71
1098.0;245;247;127;173;146;164;67;55;64;51;61;75;58;67
1104.0;249;245;125;171;146;168;68;54;64;52;63;73;57;65
1110.0;250;246;125;169;143;168;70;57;66;51;64;74;55;62
1116.0;248;249;124;170;141;170;70;60;69;51;64;74;52;58
1122.0;253;248;125;167;143;170;70;62;70;50;60;74;52;56
1128.0;254;251;123;170;143;169;70;62;68;51;61;77;50;51
1134.0;259;251;121;169;146;168;64;66;61;53;63;82;45;52
1140.0;259;250;120;171;145;167;65;66;59;52;65;85;46;50
1146.0;258;256;125;177;143;168;58;65;56;55;65;78;44;52
1152.0;256;253;125;174;142;169;55;69;60;54;63;82;43;55
1158.0;257;251;130;170;140;170;55;70;59;51;63;83;46;55
1164.0;262;249;130;167;141;171;56;75;57;51;62;81;46;52
1170.0;265;245;129;163;143;173;57;74;62;52;59;78;46;54
1176.0;267;241;131;166;145;171;64;69;61;54;57;73;47;54
1182.0;269;240;129;169;149;169;63;69;62;53;58;68;50;52
1188.0;271;239;128;170;144;169;62;68;64;55;57;72;49;52
1194.0;274;238;127;169;143;168;60;71;65;57;60;70;47;51
1200.0;273;232;129;171;145;166;62;67;68;61;56;72;49;49
1206.0;270;236;131;170;145;165;64;61;72;63;58;73;45;47
1212.0;268;237;134;171;146;163;63;58;74;62;58;72;46;48
1218.0;269;235;137;163;148;162;64;60;71;60;64;73;47;47
1224.0;267;238;137;163;146;163;62;61;70;64;66;71;49;43
1230.0;265;242;132;163;143;168;62;59;72;61;67;75;49;42
1236.0;256;238;134;163;142;172;63;59;72;66;67;73;51;44
1242.0;255;236;137;166;141;171;62;60;75;62;67;72;51;45
1248.0;257;236;136;168;142;171;68;56;75;59;70;72;44;46
1254.0;254;240;137;168;142;170;70;56;75;59;69;71;47;42
1260.0;254;239;137;163;148;170;75;57;78;61;61;68;48;41
1266.0;254;241;136;161;150;170;74;56;79;61;59;69;47;43
1272.0;260;243;132;160;152;171;76;55;76;63;57;67;45;43
1278.0;259;241;131;161;155;171;78;54;71;61;60;64;49;45
1284.0;257;241;135;159;153;171;79;53;72;58;63;64;49;46
1290.0;256;238;139;157;153;171;80;52;77;56;60;63;52;46
1296.0;259;239;140;160;153;169;78;51;75;58;55;64;53;46
1302.0;260;242;137;164;153;165;77;52;76;58;55;64;49;48
1308.0;259;241;134;167;157;163;76;51;75;58;57;66;50;46
1314.0;258;239;136;164;152;164;74;53;71;64;58;69;53;45
1320.0;257;243;134;166;149;162;72;54;72;64;63;67;52;45
1326.0;254;245;135;161;146;162;74;60;72;65;66;62;51;47
1332.0;256;244;137;156;147;161;76;58;71;65;68;60;51;50
1338.0;253;248;139;158;150;161;71;54;72;72;66;58;46;52
1344.0;253;246;140;162;150;156;71;50;73;73;67;59;48;52
1350.0;253;246;139;161;150;154;75;51;72;73;70;60;45;51
1356.0;256;249;143;162;149;156;75;51;68;72;64;57;45;53
1362.0;256;251;145;160;153;155;73;54;64;73;65;55;43;53
1368.0;257;253;140;158;155;159;72;57;61;74;65;55;41;53
1374.0;259;254;140;159;156;160;71;54;63;75;63;51;42;53
1380.0;253;251;144;161;152;160;72;57;64;76;63;52;44;51
1386.0;254;253;143;160;151;162;71;54;65;75;59;57;45;51
1392.0;252;254;144;158;149;167;70;55;61;76;60;60;44;50
1398.0;250;255;143;157;151;168;67;57;58;75;63;62;43;51
1404.0;246;259;142;157;154;164;69;57;57;76;64;63;41;51
1410.0;249;258;140;159;156;165;67;58;57;76;65;60;42;48
1416.0;252;257;137;161;157;163;65;63;60;69;62;63;41;50
1422.0;253;258;135;160;157;165;64;63;62;70;63;60;39;51
1428.0;251;259;134;163;155;165;59;63;60;71;65;59;44;52
1434.0;255;258;135;166;149;164;61;62;56;68;63;60;47;56
1440.0;254;257;136;164;152;158;62;65;57;68;67;66;40;54
1446.0;254;260;132;164;151;158;62;66;57;68;63;68;40;57
1452.0;255;257;132;170;152;157;63;65;59;70;61;70;36;53
1458.0;254;253;135;170;148;157;65;65;60;70;58;68;43;54
1464.0;251;255;133;171;150;155;65;63;63;74;58;64;47;51
1470.0;252;253;135;171;151;156;63;61;65;73;54;64;48;54
1476.0;253;247;138;169;153;156;63;60;65;73;54;66;50;53
1482.0;251;249;141;167;158;159;62;57;64;72;51;66;51;52
1488.0;247;245;138;167;159;155;61;63;60;74;50;73;51;57
1494.0;246;247;141;171;159;154;59;62;62;70;54;67;51;57
1500.0;246;251;143;172;163;151;60;57;61;69;53;61;54;59
1506.0;242;253;144;170;166;149;56;61;65;69;49;61;54;61
1512.0;244;255;144;172;163;148;57;58;63;68;52;61;56;59
1518.0;243;257;141;171;166;148;56;55;68;65;53;59;60;58
1524.0;245;260;138;173;166;151;54;54;68;66;49;59;57;60
1530.0;242;260;141;170;164;151;57;59;63;63;49;63;57;61
1536.0;241;266;142;172;163;145;55;55;62;65;51;63;58;62
1542.0;240;265;137;173;161;141;62;59;63;65;50;65;58;61
1548.0;240;265;140;171;159;139;61;60;62;66;48;71;57;61
1554.0;240;267;138;167;161;138;59;62;64;66;51;70;55;62
1560.0;238;267;138;164;162;139;57;62;64;66;51;68;58;66
1566.0;239;271;135;162;169;137;55;58;67;67;52;67;56;65
1572.0;239;272;135;162;170;138;55;55;66;69;55;69;53;62
1578.0;243;271;136;163;170;135;54;57;65;67;58;67;54;60
1584.0;247;273;133;164;169;134;54;58;63;66;58;67;55;59
1590.0;246;274;131;162;174;131;57;56;61;64;56;71;61;56
1596.0;247;272;128;162;173;133;56;57;62;66;55;72;65;52
1602.0;244;272;129;163;171;135;53;60;65;60;56;72;66;54
1608.0;243;270;129;168;166;133;52;62;66;56;59;77;67;52
1614.0;246;268;136;165;163;131;51;62;62;55;62;81;63;55
1620.0;245;268;136;167;167;132;48;58;61;56;62;81;60;59
1626.0;246;267;136;169;165;131;50;57;62;57;60;81;60;59
1632.0;244;268;136;164;167;138;53;58;61;58;61;77;60;55
1638.0;246;263;132;160;167;135;53;64;63;58;60;81;62;56
1644.0;245;262;135;161;164;134;50;68;62;59;62;81;61;56
1650.0;246;258;138;159;169;134;51;69;57;62;63;82;59;53
1656.0;247;259;138;156;164;136;54;67;57;64;64;79;62;53
1662.0;243;260;139;154;166;136;57;68;59;65;64;73;60;56
1668.0;243;262;137;155;164;133;59;70;60;65;62;77;60;53
1674.0;242;260;136;153;164;132;62;68;64;68;63;75;60;53
1680.0;241;263;138;154;165;133;60;68;60;69;64;75;58;52
1686.0;245;262;138;154;160;136;60;67;59;66;63;77;60;53
1692.0;246;257;134;151;161;140;65;67;60;66;64;79;58;52
1698.0;242;255;132;157;163;140;66;68;58;65;66;77;56;55
1704.0;242;254;131;157;167;140;68;61;59;61;69;78;59;54
1710.0;243;253;139;156;169;142;62;61;58;61;68;79;58;51
1716.0;244;254;140;157;171;142;62;62;54;56;67;79;58;54
1722.0;247;254;140;160;175;139;63;59;49;53;69;76;61;55
1728.0;246;254;139;160;173;141;64;62;44;51;67;77;63;59
1734.0;248;253;139;164;172;145;64;63;45;52;64;71;66;54
1740.0;250;254;141;164;169;140;64;63;44;57;61;70;70;53
1746.0;242;259;139;166;166;140;60;67;46;58;61;68;73;55
1752.0;237;264;137;164;166;139;61;63;50;58;66;67;74;54
1758.0;237;261;134;167;164;141;64;63;50;58;66;69;74;52
1764.0;239;263;136;167;167;143;65;65;47;57;66;64;70;51
1770.0;238;262;135;165;166;144;65;69;49;55;66;63;68;55
1776.0;241;261;134;163;168;143;61;67;48;56;67;64;72;55
1782.0;243;257;134;160;169;144;59;67;49;57;66;69;70;56
1788.0;247;258;130;158;168;144;58;66;47;59;70;67;69;59
1794.0;249;255;133;159;165;143;59;64;49;57;71;69;66;61
1800.0;248;256;133;162;165;145;54;66;49;56;74;69;63;60
1806.0;250;257;134;164;164;148;54;67;47;54;72;72;58;59
1812.0;250;258;133;164;164;148;54;66;47;58;74;70;58;56
1818.0;249;257;132;163;162;151;57;66;48;56;74;69;61;55
1824.0;254;256;132;166;161;147;51;67;47;59;77;69;61;53
1830.0;254;253;137;162;159;146;52;69;47;61;77;65;65;53
1836.0;257;255;135;165;161;145;53;66;46;65;73;66;62;51
1842.0;261;254;135;163;160;150;50;68;48;64;70;64;62;51
1848.0;262;259;136;157;159;151;53;69;46;61;68;65;62;52
1854.0;259;258;138;158;158;152;54;72;43;59;66;65;67;51
1860.0;255;256;138;163;164;152;57;68;44;58;63;65;65;52
1866.0;255;254;137;164;162;153;56;65;48;58;64;66;64;54
1872.0;260;253;135;166;158;153;56;64;47;60;62;66;63;57
1878.0;255;250;135;168;158;154;56;67;49;62;65;66;59;56
1884.0;260;252;135;165;155;155;54;71;50;58;64;65;59;57
1890.0;260;252;134;164;155;159;56;69;51;59;63;64;57;57
1896.0;260;248;133;169;158;156;58;67;53;62;62;63;55;56
1902.0;258;247;134;169;157;153;60;65;59;62;64;63;57;52
1908.0;259;248;135;166;157;152;60;64;57;63;63;66;57;53
1914.0;260;248;141;165;155;150;59;70;55;66;60;64;57;50
1920.0;257;247;140;165;154;148;61;69;59;67;58;62;61;52
1926.0;249;247;143;163;157;148;59;71;61;71;58;62;58;53
1932.0;251;245;141;166;152;144;64;69;62;71;59;61;58;57
1938.0;251;247;141;166;152;140;67;69;61;70;60;61;57;58
1944.0;252;249;138;167;155;140;65;71;59;70;57;64;54;59
1950.0;250;249;141;165;150;142;60;74;59;71;54;68;56;61
1956.0;247;249;141;161;149;142;61;79;58;73;53;68;58;61
1962.0;247;251;142;162;153;140;61;75;57;72;53;65;60;62
1968.0;256;255;140;161;155;141;58;77;55;71;51;65;55;60
1974.0;254;255;136;166;157;140;54;73;60;73;51;60;58;63
