#auto generated file!
12.0;63;57;59;55;51;63;65;64;57;53;53;48;64;48
18.0;61;59;59;55;55;65;65;63;59;54;52;46;59;48
24.0;61;61;61;56;58;64;61;60;58;53;47;49;60;51
30.0;63;62;63;60;58;65;59;62;56;52;45;48;56;51
36.0;66;63;61;61;57;68;54;62;54;54;46;47;57;50
42.0;68;67;62;61;59;68;53;60;52;52;47;45;54;52
48.0;68;68;61;62;60;67;56;57;50;55;47;44;56;49
54.0;68;68;66;65;60;66;54;54;45;58;49;42;56;49
60.0;70;67;67;65;60;65;51;51;45;59;50;41;56;53
66.0;71;68;69;64;63;67;53;48;47;55;48;41;56;50
72.0;75;69;67;63;64;70;54;52;44;55;42;41;55;49
78.0;75;70;67;62;63;68;52;54;45;52;41;45;56;50
84.0;76;73;69;62;65;66;50;50;44;54;43;44;57;47
90.0;77;74;72;61;65;67;49;52;44;51;38;45;57;48
96.0;78;79;72;65;66;66;49;52;46;48;34;43;56;46
102.0;78;82;76;65;65;65;47;49;47;51;34;41;53;47
108.0;81;80;77;68;64;68;44;48;47;50;34;40;54;45
114.0;84;83;76;70;66;67;46;45;47;50;33;41;50;42
120.0;85;84;78;70;64;68;47;43;46;49;34;38;50;44
126.0;85;84;82;66;63;66;46;47;45;50;36;36;50;44
132.0;84;85;81;68;62;67;44;47;46;52;34;35;50;45
138.0;84;87;80;69;64;65;46;46;46;48;38;32;50;45
144.0;84;86;78;70;67;64;47;46;48;49;34;33;51;43
150.0;86;89;78;72;67;66;46;43;47;49;36;33;49;39
156.0;88;90;77;73;70;64;46;41;49;48;40;29;47;38
162.0;87;94;76;72;69;64;45;47;47;51;39;27;46;36
168.0;85;92;78;70;71;65;47;46;45;51;40;25;47;38
174.0;89;91;79;69;70;67;46;45;42;49;41;21;49;42
180.0;87;90;78;70;72;68;43;47;41;49;41;21;51;42
186.0;88;89;78;73;69;69;40;46;40;51;44;24;48;41
192.0;87;91;77;74;68;74;42;40;41;51;43;26;46;40
198.0;87;92;73;76;70;77;42;38;37;51;45;25;48;39
204.0;89;91;75;75;70;77;43;38;36;50;45;25;47;39
210.0;89;91;76;73;70;75;44;39;39;50;46;22;44;42
216.0;88;91;76;73;72;77;41;39;41;48;46;25;39;44
222.0;90;94;75;74;75;72;40;37;42;45;46;26;38;46
228.0;92;94;74;74;77;74;39;41;39;46;45;26;35;44
234.0;93;94;77;73;78;77;40;41;36;43;47;24;34;43
240.0;92;96;76;68;81;78;42;40;34;43;47;25;35;43
246.0;91;95;76;71;85;75;43;38;35;43;44;27;35;42
252.0;91;96;76;73;83;80;41;36;35;44;45;27;35;38
258.0;90;97;76;73;84;80;45;34;36;46;45;25;35;34
264.0;90;96;79;71;81;80;46;32;39;48;42;25;35;36
270.0;93;97;82;71;80;80;46;34;38;45;40;24;36;34
276.0;94;98;81;71;80;82;45;32;38;43;41;27;33;35
282.0;91;98;83;72;80;82;47;33;35;44;41;26;34;34
288.0;90;98;84;73;81;83;43;31;30;47;45;26;36;33
294.0;94;97;85;74;84;79;38;32;30;46;45;25;37;34
300.0;96;97;87;72;83;77;39;33;31;46;46;24;36;33
306.0;97;92;88;72;86;78;35;33;32;51;45;24;37;30
312.0;98;89;89;75;87;80;35;33;31;52;42;22;35;32
318.0;101;89;89;75;84;80;36;32;29;53;44;21;36;31
324.0;103;87;88;73;83;81;32;36;32;53;41;19;40;32
330.0;107;86;88;73;84;81;33;35;29;51;39;20;41;33
336.0;106;82;89;75;82;78;36;38;30;48;39;21;42;34
342.0;108;82;88;73;84;75;34;40;31;48;41;20;44;32
348.0;106;81;89;76;83;75;33;40;27;50;42;22;44;32
354.0;109;82;91;75;80;76;33;42;28;50;40;20;44;30
360.0;109;82;87;76;82;75;32;41;30;51;42;21;42;30
366.0;111;84;85;76;83;73;33;42;29;50;39;21;42;32
372.0;112;85;85;74;84;74;30;41;30;51;40;20;40;34
378.0;113;85;85;73;85;75;29;41;34;51;39;19;40;31
384.0;110;85;89;76;86;75;31;38;30;48;42;18;41;31
390.0;112;86;91;74;86;77;29;40;29;43;42;18;41;32
396.0;113;87;91;74;86;75;28;41;29;42;44;18;39;33
402.0;115;90;91;74;85;77;29;42;28;41;42;17;39;30
408.0;118;92;91;74;83;77;31;38;28;42;41;17;40;28
414.0;119;95;91;72;83;77;32;37;26;39;43;17;40;29
420.0;118;93;91;75;83;78;29;38;25;37;43;19;41;30
426.0;116;91;89;75;82;79;28;38;30;36;45;21;42;28
432.0;117;90;88;74;84;80;30;36;30;35;47;20;41;28
438.0;118;92;89;72;87;79;29;37;30;34;46;20;38;29
444.0;119;90;94;75;84;75;29;37;29;37;47;18;37;29
450.0;121;91;93;76;84;75;31;36;28;38;45;19;34;29
456.0;120;90;95;74;82;77;31;35;26;38;45;22;34;31
462.0;119;91;97;75;86;76;29;32;27;37;44;22;32;33
468.0;119;92;98;74;87;77;28;34;25;35;42;25;31;33
474.0;117;93;97;76;87;77;28;33;25;37;41;23;32;34
480.0;119;93;99;75;85;74;27;36;26;38;40;20;35;33
486.0;120;92;99;75;87;75;29;35;28;33;39;20;36;32
492.0;119;93;100;74;86;79;29;36;26;30;42;19;34;33
498.0;122;93;98;74;86;77;32;36;27;29;40;21;30;35
504.0;124;93;96;73;85;78;32;36;25;29;40;21;34;34
510.0;124;94;93;74;86;81;32;36;24;31;40;20;35;30
516.0;126;96;95;73;84;78;27;37;23;30;43;21;34;33
522.0;123;96;96;72;86;80;30;39;25;30;42;19;31;31
528.0;124;96;95;72;87;82;32;37;24;29;41;21;31;29
534.0;124;96;94;72;85;82;33;39;27;29;35;24;29;31
540.0;121;95;95;74;84;79;30;41;28;33;32;24;32;32
546.0;120;95;98;72;85;77;33;40;26;34;32;24;34;30
552.0;119;98;94;74;85;78;33;38;27;34;33;23;34;30
558.0;120;97;95;75;84;76;33;40;23;34;32;25;32;34
564.0;120;97;94;74;83;77;34;38;25;34;34;25;33;32
570.0;120;97;92;76;82;76;31;38;30;31;33;24;38;32
576.0;121;99;90;75;82;74;30;37;30;32;33;25;37;35
582.0;120;101;84;73;83;72;29;37;33;34;31;24;42;37
588.0;115;103;82;74;84;70;30;38;36;36;32;24;41;35
594.0;120;103;82;76;84;70;30;37;35;38;32;24;38;31
600.0;121;104;83;75;84;70;31;36;35;39;29;23;38;32
606.0;119;104;82;72;85;72;29;38;36;40;30;21;38;34
612.0;119;105;83;73;86;70;28;39;35;35;29;24;40;34
618.0;121;108;86;69;84;71;29;38;37;34;27;27;36;33
624.0;121;108;86;71;84;69;28;38;37;33;29;26;36;34
630.0;121;110;87;70;87;71;27;36;36;32;33;26;34;30
636.0;120;112;88;67;86;71;29;35;36;31;35;27;35;28
642.0;121;116;87;69;85;72;29;37;33;31;35;23;37;25
648.0;120;114;85;70;87;72;30;40;34;29;34;26;36;23
654.0;120;114;83;69;89;74;28;41;33;30;34;27;33;25
660.0;122;116;84;70;84;72;25;41;29;30;37;30;33;27
666.0;122;116;85;73;82;72;27;39;30;27;37;28;34;28
672.0;122;118;86;72;81;70;27;37;30;30;37;26;35;29
678.0;122;118;81;72;84;69;27;38;32;30;36;27;36;28
684.0;122;118;81;70;87;70;27;35;31;29;36;26;37;31
690.0;124;119;81;70;88;71;25;34;32;30;33;25;38;30
696.0;125;119;81;66;88;69;23;35;32;28;36;26;39;33
702.0;126;119;82;67;86;68;22;37;32;26;35;26;40;34
708.0;124;119;81;70;88;69;22;36;31;28;32;29;39;32
714.0;124;119;80;72;89;71;23;34;33;29;33;27;35;31
720.0;124;119;78;72;88;70;21;36;35;30;32;27;35;33
726.0;123;122;77;71;88;67;21;37;36;32;31;28;35;32
732.0;127;120;74;69;88;68;20;35;39;36;33;26;34;31
738.0;125;118;75;68;90;70;18;35;42;34;34;27;34;30
744.0;125;118;75;67;91;70;18;35;44;32;33;27;34;31
750.0;127;116;76;66;92;68;20;35;42;32;33;27;35;31
756.0;127;115;75;67;93;70;19;34;41;32;34;26;34;33
762.0;127;115;76;69;96;69;19;34;40;30;34;24;34;33
768.0;129;116;77;70;92;71;18;37;41;27;34;25;31;32
774.0;129;117;78;71;93;71;16;37;39;26;35;25;31;32
780.0;128;115;76;72;96;70;16;36;36;26;35;29;30;35
786.0;129;115;77;71;93;71;17;36;36;27;33;30;29;36
792.0;129;114;74;73;90;71;16;38;35;27;35;34;28;36
798.0;128;116;73;72;88;71;17;39;36;26;37;34;27;36
804.0;127;115;72;74;90;72;17;39;37;26;34;34;27;36
810.0;129;113;72;78;92;71;19;39;34;26;33;32;26;36
816.0;128;113;71;75;94;72;18;37;35;29;31;34;28;35
822.0;130;111;71;73;94;72;13;38;35;27;32;37;31;36
828.0;132;109;72;72;95;72;17;34;37;26;30;38;30;36
834.0;132;109;73;72;94;71;20;34;37;26;33;34;29;36
840.0;131;109;74;74;90;71;21;35;35;29;30;35;30;36
846.0;131;109;73;73;90;70;22;36;34;29;30;36;31;36
852.0;130;108;74;73;92;68;22;35;33;30;29;36;34;36
858.0;129;108;74;71;91;71;22;35;32;30;32;34;33;38
864.0;129;107;78;68;92;72;23;35;30;29;32;32;36;37
870.0;133;106;77;70;90;71;25;35;29;28;33;33;35;35
876.0;133;108;78;68;88;76;27;34;27;28;32;30;36;35
882.0;136;106;76;71;87;75;29;31;27;28;30;29;35;40
888.0;137;104;78;71;88;74;29;32;28;30;30;28;31;40
894.0;137;104;79;71;89;75;29;33;28;27;31;28;32;37
900.0;139;104;78;72;90;73;28;28;28;26;34;30;33;37
906.0;138;103;80;73;90;74;27;26;29;27;37;27;34;35
912.0;137;103;81;73;88;75;29;26;28;27;36;27;32;38
918.0;138;102;81;73;86;76;29;28;29;25;34;28;33;38
924.0;137;103;80;75;87;75;28;30;27;26;33;27;33;39
930.0;139;103;77;77;87;73;27;31;26;28;32;27;33;40
936.0;139;101;78;78;87;75;28;30;27;27;30;28;32;40
942.0;140;104;79;76;85;73;28;32;28;27;31;26;31;40
948.0;137;105;79;79;85;73;26;32;30;27;32;26;29;40
954.0;138;104;77;77;85;73;27;31;28;28;33;26;34;39
960.0;139;105;76;78;85;74;27;32;29;27;31;25;34;38
966.0;139;106;77;76;83;71;28;31;29;30;32;25;37;36
972.0;138;107;75;78;82;72;28;29;29;31;30;26;38;37
978.0;140;110;74;75;82;73;31;31;27;27;29;29;36;36
984.0;138;110;74;76;78;75;30;30;27;26;30;34;35;37
990.0;137;108;75;75;78;77;31;30;27;27;30;32;34;39
996.0;138;108;76;75;76;77;30;30;27;27;30;34;33;39
1002.0;137;109;77;73;77;77;32;29;28;28;31;32;32;38
1008.0;137;109;79;74;78;75;32;29;28;26;30;32;34;37
1014.0;136;109;80;74;79;73;32;31;30;28;27;31;34;36
1020.0;135;108;79;75;79;73;33;31;32;28;29;31;32;35
1026.0;135;109;80;78;80;72;36;30;31;26;29;29;31;34
1032.0;134;111;78;77;79;72;37;28;30;28;30;29;33;34
1038.0;131;110;78;77;81;72;38;29;30;28;32;27;32;35
1044.0;133;110;74;81;80;73;39;31;27;27;33;27;32;33
1050.0;136;109;79;79;79;74;36;29;25;27;32;30;35;30
1056.0;137;110;80;80;82;71;36;29;25;25;31;30;34;30
1062.0;140;112;77;80;79;73;35;31;26;24;31;28;35;29
1068.0;138;115;78;81;81;72;34;31;25;25;31;29;35;25
1074.0;137;114;75;81;81;75;34;33;24;25;32;26;37;26
1080.0;137;117;74;81;80;77;31;34;25;24;32;26;34;28
1086.0;134;119;77;81;80;79;28;33;25;23;33;25;33;30
1092.0;134;119;78;82;78;77;29;34;25;26;31;24;33;30
1098.0;134;121;78;82;84;73;28;34;25;26;33;19;31;32
1104.0;136;120;80;82;82;75;28;35;26;24;33;19;28;32
1110.0;139;122;80;80;81;75;25;35;24;25;33;19;30;32
1116.0;140;120;77;81;81;75;27;37;26;25;33;18;30;30
1122.0;140;119;78;82;82;79;26;37;24;25;33;19;27;29
1128.0;141;117;79;82;80;77;27;38;25;24;35;19;30;26
1134.0;144;117;79;85;79;77;27;37;24;24;35;17;31;24
1140.0;142;117;78;86;81;75;31;37;24;24;35;15;29;26
1146.0;143;118;78;85;79;75;30;38;26;24;36;15;27;26
1152.0;146;117;76;84;80;75;31;37;27;24;36;13;26;28
1158.0;146;117;76;84;78;77;31;38;28;23;32;15;26;29
1164.0;145;117;75;87;77;76;31;37;29;23;32;15;27;29
1170.0;146;115;75;87;77;75;29;37;29;23;33;18;28;28
1176.0;142;116;74;90;77;75;30;37;29;23;33;19;26;29
1182.0;138;113;71;92;78;73;31;36;28;25;33;20;30;32
1188.0;140;113;72;94;77;71;30;37;30;22;36;18;30;30
1194.0;140;110;72;95;76;71;31;41;29;20;35;22;30;28
1200.0;139;110;69;97;74;72;28;44;30;21;37;24;28;27
1206.0;140;109;68;97;76;73;28;44;31;22;37;21;27;27
1212.0;138;107;69;95;76;73;30;38;32;28;39;21;28;26
1218.0;138;109;70;91;73;73;30;36;34;27;37;25;29;28
1224.0;139;108;69;89;74;74;30;37;33;28;36;26;29;28
1230.0;137;110;70;90;74;73;30;37;34;27;33;28;30;27
1236.0;135;109;70;88;76;73;31;37;34;27;35;27;28;30
1242.0;134;109;67;91;75;73;32;37;33;27;36;29;29;28
1248.0;134;111;67;92;75;72;31;37;30;28;34;29;31;29
1254.0;135;111;66;92;74;76;31;35;30;27;34;29;32;28
1260.0;137;112;64;91;73;78;30;35;32;25;33;30;32;28
1266.0;137;110;66;90;73;76;28;37;31;26;32;32;33;29
1272.0;136;112;68;89;73;74;32;35;32;23;30;31;35;30
1278.0;138;114;68;92;73;73;33;34;32;20;31;28;35;29
1284.0;140;112;69;95;73;73;33;32;31;22;30;27;33;30
1290.0;139;110;72;91;73;72;35;30;33;24;31;25;35;30
1296.0;139;110;68;90;75;71;34;32;35;25;29;26;35;31
1302.0;141;109;68;90;77;71;33;31;33;24;29;25;37;32
1308.0;140;111;66;92;79;71;30;28;32;25;29;26;39;32
1314.0;142;108;67;94;81;68;30;27;31;22;30;26;40;34
1320.0;143;105;70;93;83;70;30;24;30;23;31;25;38;35
1326.0;142;106;70;90;84;73;27;24;31;25;30;25;38;35
1332.0;143;109;70;89;82;73;24;27;30;25;28;25;39;36
1338.0;144;108;70;90;81;72;24;26;30;28;28;27;36;36
1344.0;144;108;73;88;81;72;24;22;30;31;28;27;37;35
1350.0;144;108;75;90;82;72;23;22;30;31;30;27;35;31
1356.0;146;110;73;90;83;73;23;23;28;33;28;26;34;30
1362.0;145;110;73;88;80;74;23;22;29;31;29;31;33;32
1368.0;145;110;76;87;81;72;25;23;26;27;29;31;34;34
1374.0;143;109;74;88;79;73;25;22;28;28;32;30;35;34
1380.0;141;110;78;91;78;68;26;20;28;29;29;33;33;36
1386.0;139;111;79;91;76;67;28;21;29;26;32;32;35;34
1392.0;140;110;78;91;80;66;27;20;30;26;33;32;35;32
1398.0;140;108;78;89;84;64;27;21;30;27;33;33;34;32
1404.0;140;107;77;88;86;68;26;22;29;30;33;31;34;29
1410.0;137;107;80;87;88;68;24;21;30;29;33;30;34;32
1416.0;137;105;83;89;87;69;24;23;31;30;31;29;33;29
1422.0;138;104;82;89;88;71;22;24;31;28;31;29;32;31
1428.0;138;106;81;90;87;71;24;25;30;27;31;28;32;30
1434.0;137;108;81;86;87;72;25;25;30;28;32;25;34;30
1440.0;138;108;81;85;86;74;23;26;29;29;31;28;32;30
1446.0;142;111;79;85;85;75;21;28;30;27;30;27;29;31
1452.0;142;111;77;83;83;75;20;29;31;29;32;28;31;29
1458.0;144;111;78;82;84;76;20;28;32;31;32;27;25;30
1464.0;144;111;79;82;85;79;22;27;29;29;34;26;23;30
1470.0;145;111;81;80;82;78;21;27;30;29;34;27;26;29
1476.0;144;110;84;82;80;77;21;28;30;29;35;23;27;30
1482.0;146;110;86;81;79;77;20;28;29;27;39;24;28;26
1488.0;147;112;88;80;78;74;24;28;25;27;40;24;27;26
1494.0;143;114;86;78;75;77;25;29;26;28;41;25;26;27
1500.0;143;114;88;80;76;77;25;29;28;28;37;25;25;25
1506.0;143;117;88;80;76;76;25;29;29;26;37;27;23;24
1512.0;147;117;89;77;76;76;23;30;29;25;39;27;21;24
1518.0;147;117;86;81;77;74;21;34;30;25;41;25;19;23
1524.0;145;121;87;80;75;75;21;34;31;25;38;26;20;22
1530.0;144;123;85;79;75;76;22;31;32;27;37;26;21;22
1536.0;144;123;86;79;74;75;21;30;32;29;37;26;20;24
1542.0;142;119;88;77;76;74;23;32;34;28;35;27;19;26
1548.0;143;123;90;76;76;74;22;34;31;27;29;28;19;28
1554.0;144;121;91;77;76;73;25;32;30;29;25;29;19;29
1560.0;145;122;91;77;74;74;24;32;30;28;25;28;21;29
1566.0;146;123;91;78;76;74;24;30;32;27;24;26;23;26
1572.0;146;120;91;81;75;77;25;30;29;29;25;27;22;23
1578.0;147;122;90;80;74;76;26;30;28;28;26;28;21;24
1584.0;146;119;89;81;77;76;24;30;30;28;25;28;22;25
1590.0;145;119;90;82;78;75;26;29;31;26;22;28;23;26
1596.0;146;118;92;81;75;77;25;29;32;27;22;30;22;24
1602.0;144;119;92;82;73;74;25;26;32;28;22;32;23;28
1608.0;143;118;94;81;76;74;24;26;33;28;21;33;22;27
1614.0;147;114;95;81;76;73;23;27;31;27;22;33;24;27
1620.0;142;111;98;83;74;75;25;25;34;26;22;34;23;28
1626.0;142;109;97;85;75;76;26;27;35;28;21;33;21;25
1632.0;142;110;97;87;75;76;26;27;33;31;20;31;22;23
1638.0;142;112;97;83;74;76;24;26;30;34;26;30;22;24
1644.0;139;115;95;85;73;77;27;24;28;30;28;32;25;22
1650.0;137;118;92;85;74;76;27;25;28;31;29;31;24;23
1656.0;136;118;89;83;73;75;32;25;27;32;28;32;27;23
1662.0;134;117;85;82;74;77;33;25;29;32;29;31;29;23
1668.0;133;117;84;82;74;77;34;24;30;34;28;31;29;23
1674.0;133;116;83;86;69;78;38;25;27;31;29;34;29;22
1680.0;133;116;82;86;70;78;38;24;24;31;29;36;30;23
1686.0;134;116;87;85;68;80;39;22;23;34;30;32;29;21
1692.0;133;118;87;81;67;80;39;25;22;31;32;34;29;22
1698.0;132;119;86;81;68;82;40;25;23;29;31;33;28;23
1704.0;129;119;84;81;66;82;45;26;23;29;31;32;29;24
1710.0;131;119;83;80;68;82;47;26;24;29;29;30;29;23
1716.0;132;120;84;78;69;84;47;23;26;29;28;29;26;25
1722.0;133;121;85;80;64;83;48;23;25;28;31;29;26;24
1728.0;135;120;87;80;62;86;44;23;26;27;31;28;26;25
1734.0;138;120;87;80;63;85;38;24;25;27;31;28;29;25
1740.0;137;119;86;80;66;85;37;24;24;27;33;26;29;27
1746.0;136;118;85;82;69;83;32;27;24;27;32;26;31;28
1752.0;137;117;87;80;70;83;31;28;23;25;31;28;29;31
1758.0;138;120;84;78;72;77;31;27;23;24;31;32;32;31
1764.0;138;122;84;75;74;79;30;25;28;21;30;32;31;31
1770.0;135;120;83;74;76;79;31;27;25;21;30;36;32;31
1776.0;133;121;84;75;77;77;32;26;25;21;30;36;32;31
1782.0;130;121;88;74;76;78;33;27;25;22;29;35;33;29
1788.0;128;123;88;74;75;80;32;29;23;23;30;35;33;27
1794.0;129;123;88;75;74;78;31;31;21;24;27;35;34;30
1800.0;128;123;87;76;73;78;26;34;25;26;28;33;34;29
1806.0;127;122;89;76;74;76;26;34;26;26;30;32;35;27
1812.0;126;124;88;80;73;80;23;29;25;25;33;31;36;27
1818.0;126;123;90;80;73;81;26;29;27;25;33;31;32;24
1824.0;125;121;87;77;75;80;27;30;27;28;32;36;31;24
1830.0;127;122;86;77;74;78;27;28;25;28;38;36;30;24
1836.0;128;121;85;76;72;81;30;27;23;30;36;36;30;25
1842.0;127;120;84;77;74;80;32;28;21;31;35;38;28;25
1848.0;128;122;84;78;76;82;32;24;21;30;33;37;28;25
1854.0;128;121;85;77;77;78;31;26;21;30;34;33;30;29
1860.0;124;119;88;78;76;80;32;26;22;26;35;34;30;30
1866.0;125;119;87;77;79;79;31;26;22;29;35;33;29;29
1872.0;124;116;85;81;80;79;31;25;24;29;36;31;32;27
1878.0;122;115;85;80;79;80;36;24;25;29;34;30;34;27
1884.0;119;119;86;80;77;81;37;26;26;27;33;30;34;25
1890.0;120;115;86;78;79;81;37;27;26;27;35;31;33;25
1896.0;121;116;89;80;78;82;34;28;27;27;31;30;31;26
1902.0;118;120;90;79;77;85;32;27;28;27;29;31;32;25
1908.0;118;120;91;80;76;85;34;30;27;25;27;30;30;27
1914.0;118;119;92;81;75;85;33;30;27;28;26;30;29;27
1920.0;115;120;88;76;79;87;34;31;29;32;24;28;29;28
1926.0;114;119;88;76;77;86;34;32;33;30;26;26;27;32
1932.0;115;120;87;78;76;87;31;31;34;30;26;26;28;31
1938.0;113;120;90;76;76;88;29;29;33;31;28;28;29;30
1944.0;112;118;88;78;76;88;25;32;34;31;28;31;29;30
1950.0;114;120;89;79;76;86;26;29;32;32;27;30;28;32
1956.0;112;120;88;80;72;88;26;28;31;33;30;31;29;32
1962.0;114;121;88;80;73;87;26;28;30;30;31;29;30;33
1968.0;112;123;91;79;71;86;28;27;32;30;31;30;29;31
1974.0;111;123;91;79;71;88;30;25;33;31;33;25;30;30
