#auto generated file!
12.0;109;121;113;137;120;127;101;104;94;133;101;107;116;117
18.0;112;127;113;136;118;129;102;104;94;134;101;103;113;114
24.0;116;130;114;137;117;130;105;102;91;132;100;101;113;112
30.0;119;135;116;135;119;132;108;101;88;124;97;102;111;113
36.0;120;133;120;137;122;131;101;102;86;120;97;107;111;113
42.0;127;140;120;139;127;129;100;97;82;118;97;105;109;110
48.0;132;139;118;137;130;132;107;100;79;114;96;101;111;104
54.0;135;144;119;138;131;135;103;98;78;112;89;104;109;105
60.0;140;146;124;139;126;134;108;95;82;106;89;105;106;100
66.0;144;153;125;137;127;136;101;94;83;106;91;104;102;97
72.0;147;155;127;135;130;137;100;92;77;105;91;102;100;102
78.0;149;157;124;137;138;135;94;92;78;108;91;103;102;92
84.0;151;158;127;139;140;138;89;89;79;110;94;98;96;92
90.0;151;162;129;140;147;138;91;85;78;103;88;96;96;96
96.0;151;169;128;142;148;135;95;85;75;101;82;99;97;93
102.0;151;170;131;143;150;134;99;85;74;99;83;93;99;89
108.0;154;169;130;145;146;139;96;86;73;102;84;87;103;86
114.0;159;181;131;149;142;140;90;82;75;101;84;86;99;81
120.0;159;180;134;147;142;142;86;89;74;103;81;84;99;80
126.0;163;179;129;145;144;145;86;89;81;100;84;80;96;79
132.0;162;183;129;145;143;148;88;88;80;98;85;78;96;77
138.0;161;186;126;145;144;147;91;91;75;95;86;82;93;78
144.0;164;187;127;147;144;146;90;94;71;92;87;86;87;78
150.0;165;192;131;146;146;145;85;94;68;89;94;85;85;75
156.0;168;192;129;146;147;144;87;95;75;87;95;83;77;75
162.0;168;193;131;151;148;145;87;96;75;83;93;81;77;72
168.0;167;194;129;151;146;146;83;93;76;89;96;81;78;71
174.0;172;198;130;150;152;146;84;90;73;87;96;76;77;69
180.0;173;198;128;149;153;149;85;90;72;88;103;71;73;68
186.0;176;199;128;152;150;155;77;88;73;90;97;74;74;67
192.0;176;201;133;155;151;152;79;86;71;90;94;72;74;66
198.0;179;206;128;158;150;154;75;84;72;91;93;73;73;64
204.0;178;206;126;155;159;155;77;83;77;88;91;69;70;66
210.0;179;212;126;154;160;156;71;88;75;91;89;64;69;66
216.0;180;214;126;148;161;158;76;84;77;89;87;68;66;66
222.0;177;212;130;145;158;163;77;83;78;87;84;71;67;68
228.0;182;215;126;138;156;165;77;86;76;87;86;74;70;62
234.0;185;218;125;137;154;166;75;85;75;86;87;71;72;64
240.0;182;220;127;132;152;163;76;85;76;88;87;70;76;66
246.0;187;222;128;127;149;160;77;86;75;90;87;70;73;69
252.0;187;220;126;127;150;159;77;84;77;93;87;68;77;68
258.0;186;218;127;131;155;157;74;84;72;94;87;68;79;68
264.0;185;220;129;131;152;160;74;82;76;93;83;63;80;72
270.0;185;222;132;133;154;155;74;80;77;91;84;62;75;76
276.0;182;225;134;136;150;154;73;81;76;89;86;63;75;76
282.0;184;222;138;137;151;157;71;77;76;85;89;66;73;74
288.0;184;221;138;140;150;156;74;77;75;83;90;65;70;77
294.0;186;217;140;140;152;158;74;76;74;81;89;65;72;76
300.0;187;223;140;142;155;157;72;75;69;79;86;65;73;77
306.0;188;229;139;140;150;159;70;76;66;79;83;66;77;78
312.0;187;234;142;140;152;159;69;79;64;80;79;62;76;77
318.0;187;234;141;139;153;156;72;83;65;75;85;61;75;74
324.0;188;239;141;139;153;153;72;85;71;75;79;58;74;73
330.0;190;243;142;140;152;154;71;81;67;77;75;58;75;75
336.0;196;241;141;142;155;155;71;79;69;78;75;57;74;67
342.0;198;238;141;141;152;156;68;80;73;78;75;59;78;63
348.0;198;239;142;143;151;154;68;77;72;76;77;63;79;61
354.0;197;239;145;145;158;152;67;76;73;72;76;60;76;64
360.0;194;241;141;145;161;149;66;77;76;70;79;63;73;65
366.0;194;241;147;147;156;155;63;77;76;69;76;64;69;66
372.0;196;241;145;146;158;158;62;78;73;71;74;62;70;66
378.0;194;240;145;149;159;161;67;74;73;67;70;61;71;69
384.0;197;242;145;150;160;160;68;72;75;67;67;59;69;69
390.0;203;242;145;149;156;156;69;69;75;67;67;61;69;72
396.0;206;243;146;148;155;158;69;68;76;67;63;58;70;73
402.0;207;241;150;146;154;157;73;67;71;70;66;54;70;74
408.0;203;244;148;142;158;156;74;67;70;71;67;57;70;73
414.0;207;242;152;139;163;155;76;65;69;67;67;58;69;71
420.0;204;245;147;136;162;155;76;64;68;68;74;58;69;74
426.0;203;244;150;132;162;158;77;65;69;72;70;57;69;72
432.0;203;243;145;134;163;156;75;61;73;76;70;58;67;76
438.0;203;241;142;136;161;156;77;60;75;79;75;57;67;71
444.0;207;238;145;137;156;159;78;60;79;76;78;58;63;66
450.0;204;235;150;139;158;153;80;61;78;75;77;56;67;67
456.0;208;238;153;139;157;155;79;62;71;72;74;55;74;63
462.0;208;242;150;139;154;159;81;66;72;72;70;54;72;61
468.0;207;237;150;135;156;164;82;69;69;73;71;53;73;61
474.0;208;235;156;134;156;167;82;69;68;70;66;54;76;59
480.0;208;238;155;139;159;168;80;68;65;70;64;55;74;57
486.0;208;237;155;140;161;166;78;66;69;66;61;57;77;59
492.0;210;240;154;140;163;166;76;66;71;66;60;56;73;59
498.0;211;238;152;143;162;172;77;65;67;65;59;56;75;58
504.0;210;238;150;140;160;177;79;63;64;67;62;56;75;59
510.0;209;237;151;144;163;179;78;64;62;66;65;51;73;58
516.0;212;240;149;144;164;181;77;63;63;65;67;50;67;58
522.0;216;239;148;145;164;183;77;62;61;65;69;50;67;54
528.0;214;239;151;142;169;182;74;61;65;67;66;50;64;56
534.0;216;240;154;140;172;176;75;57;63;72;63;53;64;55
540.0;216;242;156;137;171;177;75;61;64;69;62;56;66;48
546.0;216;241;158;137;176;169;75;59;62;73;64;54;68;48
552.0;210;242;158;138;173;170;73;63;63;71;68;56;67;48
558.0;214;244;159;139;169;168;73;65;68;70;67;58;63;43
564.0;215;244;158;137;167;168;69;65;66;72;71;63;61;44
570.0;212;244;156;141;169;171;65;62;64;74;73;63;61;45
576.0;213;241;156;143;171;171;67;62;62;72;69;62;65;46
582.0;215;241;157;139;172;172;69;59;64;71;68;61;67;45
588.0;216;240;153;141;168;171;66;60;60;75;74;59;70;47
594.0;216;246;152;141;168;169;69;56;58;70;75;62;74;44
600.0;217;243;154;142;170;166;69;53;58;75;73;59;73;48
606.0;220;243;155;143;166;161;67;55;60;75;75;57;72;51
612.0;223;243;152;141;165;161;66;57;63;73;71;58;75;52
618.0;224;248;151;142;167;162;64;57;61;69;69;59;71;56
624.0;224;251;155;147;165;160;65;57;59;69;67;54;68;59
630.0;223;246;157;148;169;157;65;58;59;68;62;53;75;60
636.0;220;248;157;153;165;153;66;60;60;69;61;55;73;60
642.0;221;252;160;151;168;153;62;59;61;66;60;56;69;62
648.0;221;247;161;151;171;156;63;60;62;65;58;56;68;61
654.0;223;248;163;150;173;154;60;60;62;68;59;55;70;55
660.0;224;247;161;157;165;150;65;64;66;69;59;55;66;52
666.0;220;253;159;155;168;150;62;67;66;68;57;56;64;55
672.0;223;253;158;148;169;151;60;67;63;68;55;59;65;61
678.0;224;251;155;146;169;151;58;68;63;69;59;60;65;62
684.0;222;251;157;151;170;149;60;70;62;65;54;60;67;62
690.0;223;252;153;146;165;151;61;68;63;64;58;60;68;68
696.0;223;249;152;147;165;151;61;70;62;69;58;59;66;68
702.0;224;255;151;146;168;152;54;69;62;64;56;61;66;72
708.0;221;252;150;150;168;151;49;70;60;65;55;66;68;75
714.0;220;253;154;147;164;149;49;71;62;67;56;68;64;76
720.0;219;252;156;144;167;149;50;70;66;62;54;70;65;76
726.0;219;257;154;147;167;149;51;68;65;61;53;68;66;75
732.0;220;257;156;151;163;150;52;71;61;58;52;65;65;79
738.0;219;254;154;152;160;151;55;74;60;57;55;60;70;79
744.0;216;257;156;150;159;147;59;79;59;57;56;59;68;78
750.0;215;258;157;148;159;151;56;79;57;59;54;60;66;81
756.0;212;257;158;148;159;153;55;78;57;64;55;58;64;82
762.0;212;260;158;145;161;157;58;75;56;64;57;55;61;81
768.0;217;262;159;147;155;155;61;77;57;67;56;54;58;75
774.0;219;263;161;145;156;159;60;77;56;68;56;53;54;73
780.0;222;261;162;143;156;160;65;76;57;65;55;52;54;72
786.0;222;260;160;139;155;163;67;77;64;62;55;51;53;72
792.0;223;257;157;140;156;163;64;75;63;62;55;53;58;74
798.0;223;252;159;141;156;160;64;78;65;62;54;55;58;73
804.0;222;254;162;141;158;159;66;76;63;62;52;52;59;74
810.0;223;255;157;141;159;164;70;73;61;63;55;50;58;71
816.0;223;249;157;141;162;161;71;70;62;66;56;55;59;68
822.0;220;249;157;141;164;163;69;73;67;66;59;53;53;66
828.0;224;248;154;144;161;163;68;72;66;68;59;54;55;64
834.0;220;250;150;143;160;165;72;67;67;67;59;57;56;67
840.0;221;249;150;139;163;165;74;70;66;69;57;56;57;64
846.0;223;249;153;143;161;162;73;70;70;64;60;51;61;60
852.0;222;245;150;146;164;163;71;69;70;66;59;50;62;63
858.0;219;242;153;146;162;168;73;71;71;60;58;57;60;60
864.0;221;243;150;145;167;167;76;69;70;63;58;56;57;58
870.0;230;243;150;142;164;167;75;69;72;62;59;58;57;52
876.0;227;242;150;145;166;166;75;72;68;57;62;62;56;52
882.0;226;241;151;149;165;167;73;66;68;61;59;60;57;57
888.0;224;240;156;148;169;168;77;69;67;58;58;56;57;53
894.0;228;240;155;147;165;164;74;70;69;59;59;56;57;57
900.0;231;241;157;146;171;163;72;70;71;58;54;58;55;53
906.0;233;244;159;145;170;163;72;72;73;57;52;53;55;52
912.0;233;246;158;144;170;162;73;77;71;54;52;50;54;56
918.0;232;243;158;145;169;162;71;85;66;54;54;49;57;55
924.0;230;245;158;147;169;162;66;81;66;58;57;53;56;52
930.0;231;243;153;148;172;162;63;79;68;58;58;55;58;52
936.0;232;246;152;145;173;158;62;78;71;60;54;58;57;54
942.0;233;246;148;147;172;159;61;73;71;60;55;63;56;56
948.0;232;245;151;148;169;158;62;72;70;62;53;63;57;58
954.0;229;247;154;152;165;157;59;73;68;62;55;62;58;59
960.0;225;247;152;149;167;161;59;71;72;63;54;64;55;61
966.0;222;244;154;156;165;161;62;69;76;62;51;62;54;62
972.0;225;248;154;156;165;164;62;67;74;59;48;57;58;63
978.0;225;251;153;159;164;163;57;64;76;62;49;57;60;60
984.0;227;250;151;162;163;163;57;65;73;61;47;59;61;61
990.0;230;249;151;164;161;162;58;62;73;63;49;57;60;61
996.0;231;250;148;164;164;160;59;65;71;61;46;59;60;62
1002.0;233;251;150;162;162;159;61;63;69;61;47;59;60;63
1008.0;231;245;153;167;163;163;58;62;69;62;46;56;62;63
1014.0;235;245;154;167;155;168;59;59;68;66;45;55;63;61
1020.0;236;244;154;167;154;167;55;57;69;66;51;53;65;62
1026.0;238;246;153;166;151;164;55;60;72;65;51;52;66;61
1032.0;239;246;153;165;153;167;54;60;74;63;51;52;63;60
1038.0;237;248;156;165;150;164;53;58;73;67;48;52;67;62
1044.0;240;257;152;162;151;164;53;59;72;67;47;53;61;62
1050.0;241;255;150;162;152;165;53;58;72;67;50;56;56;63
1056.0;239;253;152;160;158;166;50;59;69;68;53;57;54;62
1062.0;241;250;153;160;159;160;51;59;69;70;54;59;54;61
1068.0;237;254;151;160;161;161;54;58;62;66;56;58;59;63
1074.0;237;252;151;162;164;155;57;55;61;68;60;57;62;59
1080.0;238;255;150;159;167;155;58;56;58;71;56;57;62;58
1086.0;239;252;149;160;169;154;56;57;58;73;55;57;62;59
1092.0;241;252;144;159;166;149;53;60;60;75;59;56;67;59
1098.0;245;252;143;157;166;148;55;61;63;74;63;52;64;57
1104.0;241;250;143;157;164;148;57;65;64;72;62;53;64;60
1110.0;241;245;141;159;165;147;55;63;69;74;62;57;62;60
1116.0;240;248;142;157;166;145;50;64;70;76;65;54;61;62
1122.0;240;247;145;159;167;144;52;65;69;74;70;54;59;55
1128.0;239;248;143;164;168;139;52;63;68;74;74;53;60;55
1134.0;241;246;144;165;167;138;53;62;71;76;74;51;59;53
1140.0;240;246;147;168;167;137;50;61;72;78;72;49;59;54
1146.0;237;248;148;171;168;136;51;59;74;75;75;48;54;56
1152.0;241;247;150;172;164;138;53;62;71;70;72;53;50;57
1158.0;239;248;144;175;162;140;53;67;70;75;73;50;49;55
1164.0;241;249;143;174;160;138;53;65;70;76;72;51;51;57
1170.0;235;254;144;171;161;138;56;66;71;81;69;47;49;58
1176.0;233;248;147;173;160;138;57;71;69;79;67;47;52;59
1182.0;234;253;146;174;162;135;59;70;66;74;67;46;56;58
1188.0;236;251;146;173;157;136;54;68;66;72;78;45;55;63
1194.0;237;251;144;171;156;139;54;64;71;73;78;48;57;57
1200.0;239;249;148;170;156;139;55;67;66;70;77;47;56;61
1206.0;238;250;148;169;156;139;56;69;64;69;76;48;51;67
1212.0;242;250;150;166;157;142;55;67;67;66;72;49;51;66
1218.0;238;248;152;163;159;141;59;66;63;66;79;52;51;63
1224.0;237;249;153;157;156;146;59;66;62;68;78;51;54;64
1230.0;238;252;152;153;156;145;59;64;64;64;79;54;54;66
1236.0;238;253;153;154;163;142;56;65;66;65;77;49;54;65
1242.0;241;252;151;158;162;140;50;65;67;68;79;48;54;65
1248.0;246;251;153;155;162;140;50;64;68;69;74;50;54;64
1254.0;246;253;151;152;159;143;51;66;69;66;78;52;53;61
1260.0;247;254;146;155;158;148;48;65;72;65;75;54;53;60
1266.0;248;253;146;157;155;148;51;66;70;67;71;52;56;60
1272.0;245;252;147;158;157;145;51;70;71;69;68;50;56;61
1278.0;246;256;147;155;158;148;50;67;73;67;69;49;54;61
1284.0;244;254;147;154;156;148;49;70;75;68;67;49;57;62
1290.0;245;252;151;155;155;149;52;66;71;63;70;51;58;62
1296.0;250;253;154;151;153;142;54;65;71;62;69;52;59;65
1302.0;247;252;155;151;151;140;51;68;71;63;69;59;58;65
1308.0;247;253;157;149;150;137;52;66;70;68;67;59;59;66
1314.0;245;251;158;145;152;138;57;69;70;67;66;58;60;64
1320.0;249;248;156;146;155;136;64;65;69;67;65;59;61;60
1326.0;248;254;152;144;164;140;61;61;68;67;64;55;65;57
1332.0;248;254;154;145;168;135;61;61;65;66;64;57;66;56
1338.0;249;253;155;142;171;134;58;59;67;62;66;60;67;57
1344.0;251;255;152;143;167;134;56;60;70;64;60;62;70;56
1350.0;253;254;150;146;164;132;57;57;66;72;63;60;70;56
1356.0;249;254;153;145;164;137;54;60;63;74;64;60;68;55
1362.0;251;253;152;143;163;135;54;60;67;74;67;58;68;55
1368.0;249;258;151;144;164;139;52;62;64;72;69;55;68;53
1374.0;248;255;155;143;164;137;54;63;62;72;70;58;67;52
1380.0;248;255;158;142;161;135;57;59;62;72;68;62;69;52
1386.0;249;255;159;146;159;136;56;58;64;66;67;58;71;56
1392.0;254;254;160;148;156;136;57;58;65;66;68;56;69;53
1398.0;258;254;163;146;158;136;57;57;65;63;65;58;69;51
1404.0;260;253;169;145;157;137;54;56;64;60;64;61;69;51
1410.0;257;255;167;144;154;141;56;58;66;60;64;59;68;51
1416.0;259;250;166;141;160;137;63;60;66;59;62;62;69;46
1422.0;263;250;167;141;159;142;61;59;65;59;59;62;66;47
1428.0;261;248;169;146;158;145;60;57;62;61;59;62;65;47
1434.0;261;247;165;146;157;148;58;62;61;60;60;63;63;49
1440.0;260;246;168;144;156;150;57;63;60;65;59;60;63;49
1446.0;262;247;166;142;154;154;53;61;61;67;58;56;66;53
1452.0;258;252;163;141;156;154;55;61;65;65;56;56;65;53
1458.0;258;256;163;140;153;154;59;65;68;61;55;55;58;55
1464.0;257;259;163;143;152;153;57;61;70;65;52;52;60;56
1470.0;258;258;159;144;155;155;57;61;69;69;54;49;59;53
1476.0;256;260;159;144;151;154;55;62;68;67;58;50;61;55
1482.0;253;260;161;144;150;149;53;67;66;69;60;51;61;56
1488.0;251;257;164;148;154;145;53;67;65;71;60;49;58;58
1494.0;246;256;164;149;160;146;55;69;66;69;57;50;57;56
1500.0;247;259;166;149;155;147;55;69;66;66;55;50;56;60
1506.0;253;258;165;151;150;146;55;70;63;69;56;51;54;59
1512.0;253;259;163;149;153;145;55;72;61;67;61;53;53;56
1518.0;253;259;165;149;152;146;55;74;57;69;64;51;51;55
1524.0;258;256;164;148;154;143;58;71;60;67;67;50;52;52
1530.0;259;255;164;147;150;144;58;71;63;69;67;51;50;52
1536.0;260;256;165;153;149;144;59;69;57;69;64;53;51;51
1542.0;257;253;166;153;153;149;57;70;56;65;65;56;50;50
1548.0;261;251;165;151;155;144;61;70;56;62;64;57;50;53
1554.0;261;250;165;151;155;144;56;71;56;61;63;58;54;55
1560.0;260;249;166;154;155;145;53;71;59;60;62;56;52;58
1566.0;264;247;169;152;154;147;53;65;57;57;61;59;56;59
1572.0;262;243;170;152;157;144;58;64;60;59;62;59;51;59
1578.0;262;243;169;152;163;145;57;65;60;61;61;58;46;58
1584.0;262;242;166;152;162;148;55;65;64;64;59;56;47;58
1590.0;264;243;165;150;159;149;57;64;67;62;60;56;46;58
1596.0;261;244;172;150;154;148;57;68;67;62;59;57;46;55
1602.0;267;244;169;150;152;148;55;68;67;60;62;53;54;51
1608.0;272;245;171;150;151;148;53;68;68;57;57;55;54;51
1614.0;270;246;169;153;154;149;54;67;62;61;55;54;56;50
1620.0;268;251;170;150;155;149;55;63;60;61;54;58;54;52
1626.0;268;254;167;153;153;148;57;66;59;61;52;55;54;53
1632.0;273;252;167;153;153;147;57;63;58;62;52;58;55;50
1638.0;274;251;165;153;152;147;58;64;59;62;52;59;54;50
1644.0;275;248;167;151;154;148;60;62;58;59;49;60;57;52
1650.0;275;244;168;151;150;150;58;60;58;61;52;63;58;52
1656.0;275;243;170;151;154;150;57;59;57;59;54;60;58;53
1662.0;273;246;170;151;155;149;59;58;55;57;54;61;58;54
1668.0;274;248;169;154;151;149;59;57;58;57;54;58;57;55
1674.0;273;246;167;153;150;146;60;58;57;59;56;61;56;58
1680.0;276;248;166;152;144;146;61;62;56;55;59;64;54;57
1686.0;275;251;169;153;148;140;63;64;55;54;57;63;55;53
1692.0;275;250;169;154;147;140;63;64;55;54;57;62;57;53
1698.0;271;250;168;151;147;144;60;70;55;52;59;61;57;55
1704.0;274;249;167;149;149;143;62;68;51;51;63;60;56;58
1710.0;272;248;165;151;151;144;61;65;51;50;64;59;56;63
1716.0;276;248;166;153;155;148;57;64;50;49;61;59;53;61
1722.0;274;252;164;151;156;149;58;62;52;48;59;58;54;63
1728.0;276;250;163;154;154;151;55;59;54;48;59;63;50;64
1734.0;277;247;161;155;156;152;54;56;58;48;61;60;52;63
1740.0;275;245;161;154;158;150;55;54;58;53;62;56;54;65
1746.0;277;243;159;156;156;146;56;56;59;50;66;55;56;65
1752.0;274;241;158;153;154;150;53;57;63;50;69;57;57;64
1758.0;274;244;153;154;155;150;53;55;68;51;65;57;58;63
1764.0;267;243;158;155;157;153;55;59;62;51;67;58;59;56
1770.0;264;245;159;151;154;156;53;60;59;55;67;60;60;57
1776.0;266;244;163;148;151;158;56;59;55;54;62;62;61;61
1782.0;264;240;164;147;156;160;58;57;59;53;59;61;58;64
1788.0;267;238;162;148;156;161;61;56;62;53;58;61;57;60
1794.0;266;233;164;153;153;164;60;57;63;53;56;62;57;59
1800.0;267;235;166;153;149;161;64;60;61;54;55;63;56;56
1806.0;266;238;169;151;149;160;65;56;62;53;60;59;57;55
1812.0;266;237;168;152;150;160;67;55;61;54;58;59;59;54
1818.0;263;238;168;154;152;159;62;56;57;53;60;61;63;54
1824.0;261;238;169;153;150;157;69;54;56;52;57;62;64;58
1830.0;264;239;170;149;153;151;67;54;58;55;56;64;61;59
1836.0;265;240;165;149;151;154;67;54;58;56;55;64;62;60
1842.0;259;245;165;146;150;157;66;54;61;56;52;65;62;62
1848.0;262;245;165;144;146;160;65;53;62;55;56;65;63;59
1854.0;261;244;166;141;148;162;63;54;61;56;59;67;63;55
1860.0;266;243;166;139;147;163;64;50;59;54;57;66;69;57
1866.0;269;243;160;137;149;161;65;49;57;54;59;69;69;59
1872.0;269;242;158;142;148;163;62;48;60;55;62;68;64;59
1878.0;267;246;157;138;146;161;62;52;65;57;61;67;61;60
1884.0;266;248;157;140;147;160;60;53;65;55;59;66;61;63
1890.0;267;248;152;138;150;156;59;55;65;55;58;69;62;66
1896.0;269;252;154;142;145;156;57;56;65;54;55;69;62;64
1902.0;267;255;154;145;144;155;60;60;64;56;54;66;62;58
1908.0;267;254;149;143;141;155;61;62;64;59;54;65;66;60
1914.0;269;252;150;144;139;153;62;65;62;63;56;63;59;63
1920.0;272;252;148;144;141;151;60;62;61;64;57;64;60;64
1926.0;271;255;150;143;140;149;58;61;64;64;55;65;63;62
1932.0;270;258;152;147;141;150;53;58;64;60;57;66;63;61
1938.0;265;260;153;148;141;150;55;58;60;60;58;65;63;64
1944.0;267;264;154;151;141;145;56;57;58;59;58;65;62;63
1950.0;267;264;152;144;143;149;57;59;56;60;57;68;62;62
1956.0;273;266;151;143;143;148;55;54;55;58;55;71;60;68
1962.0;273;268;150;146;144;147;52;55;57;57;54;72;59;66
1968.0;271;264;154;147;143;149;53;55;56;58;60;69;61;60
1974.0;272;262;154;143;145;152;53;54;58;57;57;73;61;59
