#auto generated file!
12.0;159;158;136;179;158;151;153;151;149;138;196;163;163;146
18.0;159;163;139;184;159;150;150;152;144;142;188;160;159;151
24.0;163;165;144;186;160;154;150;155;145;139;183;152;154;150
30.0;165;167;148;190;164;159;139;153;147;136;185;148;150;149
36.0;169;168;148;191;164;165;138;152;150;130;178;147;154;146
42.0;175;175;150;198;162;160;142;149;145;124;177;146;147;150
48.0;175;174;157;200;167;163;139;148;140;125;172;144;149;147
54.0;178;183;158;197;171;168;134;137;141;122;171;151;145;144
60.0;187;188;155;196;174;172;136;134;137;121;168;145;142;145
66.0;196;193;156;197;176;170;131;131;137;120;170;142;140;141
72.0;207;202;156;204;177;168;129;131;134;121;165;138;129;139
78.0;212;202;160;204;179;171;124;129;134;124;161;134;128;138
84.0;218;209;160;209;179;168;126;123;126;123;162;134;125;138
90.0;223;207;161;209;181;169;124;123;123;122;162;133;125;138
96.0;230;209;167;205;180;169;129;123;120;121;151;132;128;136
102.0;232;211;168;209;185;175;124;119;118;122;149;133;124;131
108.0;236;215;168;211;187;179;127;116;117;119;150;131;122;122
114.0;236;220;167;207;188;180;124;122;122;113;149;128;122;122
120.0;235;216;167;207;190;181;122;129;122;107;147;132;125;120
126.0;239;222;169;209;186;181;122;131;116;107;145;129;127;117
132.0;242;225;166;210;194;183;122;123;116;100;141;130;130;118
138.0;247;231;171;207;197;183;122;120;113;102;142;128;122;115
144.0;248;229;174;205;201;184;124;120;113;103;139;126;119;115
150.0;252;230;173;203;202;186;122;121;112;106;136;122;121;114
156.0;250;229;179;206;205;182;128;119;106;105;140;120;117;114
162.0;255;231;184;203;207;182;128;120;100;105;137;124;113;111
168.0;255;231;189;202;205;185;126;125;102;104;134;118;117;107
174.0;254;231;191;203;208;184;121;127;102;109;129;118;118;105
180.0;252;235;193;200;204;189;122;126;101;111;127;121;115;104
186.0;256;239;199;204;204;193;116;127;103;105;121;115;114;104
192.0;262;247;202;200;213;191;115;122;101;103;115;113;113;103
198.0;262;253;196;202;218;194;109;121;99;105;111;112;113;105
204.0;264;250;197;206;217;197;112;125;98;108;106;113;106;101
210.0;264;251;200;206;216;199;111;118;96;108;109;114;109;99
216.0;266;253;201;208;216;201;111;115;91;112;102;115;111;98
222.0;265;256;204;206;220;201;108;115;92;114;103;110;110;96
228.0;267;259;206;209;219;205;106;115;94;109;102;108;104;97
234.0;272;265;203;211;218;206;104;115;95;110;101;104;99;97
240.0;276;264;206;210;216;209;110;109;90;113;100;100;100;97
246.0;283;262;201;212;219;208;108;110;90;116;104;94;98;95
252.0;277;261;203;211;216;208;110;109;88;119;104;96;103;95
258.0;276;267;205;213;217;211;105;111;85;116;103;97;105;89
264.0;279;271;209;211;217;211;104;113;84;113;100;97;104;87
270.0;282;273;208;208;218;206;107;110;82;111;103;96;107;89
276.0;282;271;216;212;219;202;110;110;84;103;105;91;109;86
282.0;285;272;221;212;220;204;111;107;85;98;102;91;107;85
288.0;287;277;212;210;225;204;111;111;84;98;96;90;109;86
294.0;288;279;211;206;234;203;108;109;81;93;95;92;108;93
300.0;291;280;213;205;236;201;104;104;81;95;100;90;107;93
306.0;294;278;212;204;232;203;104;101;84;96;97;89;113;93
312.0;290;282;207;203;235;206;107;98;86;93;104;81;119;89
318.0;291;289;209;205;236;206;111;95;79;91;103;81;120;84
324.0;289;287;210;210;236;207;113;90;78;94;100;83;114;89
330.0;292;284;215;212;235;208;109;92;83;94;99;83;110;84
336.0;295;285;219;210;234;207;110;87;85;98;93;79;110;88
342.0;295;288;217;211;231;209;112;83;82;98;95;79;112;88
348.0;297;286;214;207;228;208;112;86;80;103;101;80;109;89
354.0;302;287;214;207;228;208;114;90;75;103;97;78;107;90
360.0;301;289;214;214;231;206;116;86;76;102;96;79;102;88
366.0;305;290;209;215;228;204;116;88;79;98;94;82;103;89
372.0;310;288;205;216;232;205;117;86;77;99;93;81;104;87
378.0;307;286;203;220;241;207;112;84;73;100;91;81;100;95
384.0;306;283;204;223;242;203;111;87;75;104;88;83;98;93
390.0;301;285;206;225;245;197;107;86;76;103;91;85;102;91
396.0;298;287;206;228;245;197;111;84;80;103;92;83;101;85
402.0;302;286;208;229;244;197;104;89;84;101;93;80;102;81
408.0;301;286;209;231;240;196;101;84;82;107;90;86;107;80
414.0;301;287;206;231;239;200;106;86;80;106;88;85;105;80
420.0;303;285;206;235;235;203;108;91;77;102;89;84;103;79
426.0;301;284;213;233;231;201;105;89;78;106;92;84;101;82
432.0;302;286;213;228;228;200;107;87;74;105;92;89;106;83
438.0;306;285;218;227;227;195;104;86;72;107;92;89;111;81
444.0;307;283;220;223;230;195;105;85;72;110;88;90;110;82
450.0;305;282;221;218;233;191;106;88;74;110;87;91;107;87
456.0;302;282;223;221;231;192;101;88;78;113;89;92;102;86
462.0;304;278;229;220;231;191;97;85;80;108;91;96;102;88
468.0;309;282;225;223;232;198;96;82;83;111;87;91;96;85
474.0;307;283;229;228;230;194;101;83;80;103;84;89;101;88
480.0;307;285;232;226;228;203;98;84;80;102;84;87;101;83
486.0;306;286;235;232;226;208;100;82;77;95;83;88;97;85
492.0;303;288;235;234;225;208;101;79;79;90;85;92;95;86
498.0;305;286;232;234;227;217;97;80;76;91;84;87;102;82
504.0;304;286;236;232;224;220;91;80;80;94;83;89;98;83
510.0;310;283;233;227;221;220;93;81;85;93;85;92;98;79
516.0;310;284;233;224;220;219;91;76;86;93;86;93;101;84
522.0;311;289;236;222;217;217;93;72;85;93;88;94;98;85
528.0;312;287;235;223;211;222;92;72;86;97;90;90;95;88
534.0;314;287;236;225;210;225;89;70;88;90;97;94;93;82
540.0;312;286;236;222;211;225;87;78;91;88;96;93;89;86
546.0;311;286;232;220;208;225;87;83;91;92;96;91;90;88
552.0;313;288;241;217;207;226;85;79;92;89;94;89;91;89
558.0;314;288;241;217;206;225;84;80;93;87;95;95;85;90
564.0;316;288;239;215;201;225;86;80;90;92;98;93;84;93
570.0;320;289;243;217;202;230;83;80;88;85;98;92;86;87
576.0;319;289;237;218;201;227;82;82;88;90;94;96;89;88
582.0;325;290;232;216;205;228;81;84;88;85;94;93;94;85
588.0;329;290;234;219;201;226;78;85;90;81;93;93;93;88
594.0;328;285;233;218;201;224;87;82;95;84;92;92;90;89
600.0;328;283;237;218;200;226;84;82;95;82;96;91;85;93
606.0;329;286;237;219;199;227;86;81;95;82;97;87;83;92
612.0;331;286;241;217;200;227;86;80;95;79;101;86;78;93
618.0;329;286;242;225;206;222;86;82;92;84;98;83;75;90
624.0;331;287;242;221;207;221;89;85;91;82;94;82;74;94
630.0;337;288;239;223;204;216;94;80;92;80;96;84;73;94
636.0;338;287;237;224;205;221;100;80;88;78;94;83;71;94
642.0;335;290;237;223;204;221;98;88;81;79;91;86;72;95
648.0;332;292;240;222;206;225;94;87;76;80;87;89;76;94
654.0;328;296;237;220;206;230;93;92;75;84;88;89;71;91
660.0;340;293;230;220;209;230;95;89;78;85;86;86;72;87
666.0;342;291;232;225;206;231;97;89;81;82;82;85;71;86
672.0;346;288;232;229;204;228;90;91;83;85;83;82;75;84
678.0;343;291;230;230;207;228;91;96;78;82;83;81;77;83
684.0;341;292;230;230;209;230;88;98;74;86;87;82;75;78
690.0;341;301;233;231;205;223;91;98;65;83;87;82;82;78
696.0;339;299;231;236;201;223;91;97;67;86;84;87;83;76
702.0;339;299;232;229;204;218;95;95;66;88;87;88;85;75
708.0;340;296;232;228;210;218;92;97;68;85;84;88;86;76
714.0;341;295;228;228;209;220;92;96;68;87;87;82;91;76
720.0;338;292;232;227;208;219;95;102;67;88;86;81;89;76
726.0;338;294;233;228;206;220;93;104;69;88;85;79;87;76
732.0;338;292;233;228;209;220;93;98;71;91;86;74;86;81
738.0;334;294;238;227;211;220;94;89;71;95;80;79;88;80
744.0;332;297;236;225;214;217;90;91;68;96;84;81;89;80
750.0;333;300;232;229;213;216;88;91;69;94;78;83;92;82
756.0;333;298;234;225;211;220;96;93;67;95;78;81;91;78
762.0;337;299;233;225;206;218;92;103;71;92;74;84;88;78
768.0;340;298;233;223;207;219;91;103;71;89;76;83;88;79
774.0;344;301;235;223;204;218;91;101;69;91;73;86;87;77
780.0;342;303;235;227;203;214;94;101;69;93;68;83;88;80
786.0;343;308;238;222;200;214;95;101;68;93;66;83;90;79
792.0;346;307;238;218;198;217;94;99;69;93;69;83;88;81
798.0;347;307;241;219;197;212;93;98;71;98;69;82;85;81
804.0;347;309;244;221;199;211;95;94;68;97;65;84;83;83
810.0;350;307;245;223;203;211;94;97;64;97;63;82;80;84
816.0;349;311;246;220;203;219;89;94;60;97;63;81;83;85
822.0;346;312;246;224;203;220;89;94;60;94;64;82;85;81
828.0;351;311;241;222;204;218;90;97;61;95;64;85;86;75
834.0;350;310;239;223;205;216;92;96;61;92;67;85;87;77
840.0;353;312;242;224;204;215;91;91;59;87;67;91;91;73
846.0;358;313;237;222;206;213;86;95;61;88;66;88;92;75
852.0;356;315;230;223;208;217;84;92;60;85;74;89;94;73
858.0;353;313;235;225;209;215;82;94;62;87;71;86;96;72
864.0;351;315;229;225;206;216;87;91;62;88;68;90;97;75
870.0;349;322;230;227;208;218;91;85;64;81;69;87;95;74
876.0;348;319;231;227;213;216;89;86;64;80;69;87;95;76
882.0;346;321;234;226;214;215;86;84;67;75;70;93;92;77
888.0;346;320;232;226;217;213;88;81;71;79;68;91;91;77
894.0;348;321;233;222;216;212;87;84;67;83;70;90;92;75
900.0;350;322;232;221;216;211;87;83;70;83;69;92;86;78
906.0;347;324;231;216;219;209;84;84;75;79;70;94;88;80
912.0;345;329;236;220;222;208;85;83;69;78;71;93;81;80
918.0;341;330;235;221;221;213;80;85;73;75;72;90;84;80
924.0;340;325;235;220;223;217;79;84;75;77;73;86;87;79
930.0;339;329;237;215;227;217;83;81;71;73;73;86;87;82
936.0;341;329;238;212;221;218;83;81;73;73;75;84;86;86
942.0;342;330;236;214;227;217;80;83;74;74;76;81;81;85
948.0;343;331;235;211;224;217;79;85;77;73;80;83;80;82
954.0;346;332;235;211;227;215;76;83;76;72;74;87;77;89
960.0;346;333;234;220;217;214;80;84;73;74;71;87;79;88
966.0;349;336;232;217;215;213;79;85;79;75;73;84;76;87
972.0;350;331;230;221;212;210;82;86;77;73;72;86;81;89
978.0;356;327;229;219;213;212;79;84;73;74;74;93;78;89
984.0;360;327;230;218;209;213;81;85;75;71;77;91;72;91
990.0;356;333;231;216;211;213;79;84;79;69;74;90;75;90
996.0;354;332;231;221;203;212;79;86;83;75;73;88;73;90
1002.0;353;334;229;212;207;216;84;87;83;76;72;89;73;85
1008.0;355;334;231;209;215;219;84;83;84;74;74;88;70;80
1014.0;359;339;227;208;212;218;82;83;83;75;76;89;68;81
1020.0;359;343;223;204;218;221;81;81;84;74;73;88;68;83
1026.0;361;345;227;201;217;215;85;79;86;69;72;93;66;84
1032.0;367;345;231;196;215;212;85;80;82;72;75;88;68;84
1038.0;367;344;233;193;214;214;88;83;84;72;73;87;66;82
1044.0;365;350;229;192;211;215;88;80;87;75;72;86;67;83
1050.0;364;351;229;192;208;220;97;76;84;76;72;83;70;78
1056.0;359;350;232;193;203;219;103;77;80;85;70;84;67;78
1062.0;358;350;227;197;202;224;105;74;77;86;71;80;71;78
1068.0;351;346;226;200;203;221;112;72;77;88;75;78;73;78
1074.0;351;341;230;203;204;217;111;73;76;86;76;77;75;80
1080.0;349;343;230;203;202;215;110;69;75;82;82;81;78;81
1086.0;348;347;229;202;202;219;106;67;77;83;84;84;78;74
1092.0;349;342;227;194;203;223;109;63;81;82;90;84;82;71
1098.0;352;346;227;187;204;226;111;64;79;79;91;82;82;70
1104.0;350;347;225;190;209;226;102;68;80;73;90;84;86;70
1110.0;349;345;220;187;212;227;101;72;79;77;92;82;88;69
1116.0;347;343;213;188;209;234;96;73;80;77;88;85;95;72
1122.0;352;344;208;187;206;230;98;75;80;76;86;90;95;73
1128.0;347;345;210;189;207;226;96;76;78;74;85;93;99;75
1134.0;347;345;212;189;209;227;99;75;78;73;83;94;96;73
1140.0;349;349;212;191;209;226;99;75;73;76;86;86;99;70
1146.0;349;348;214;194;208;226;96;77;72;83;84;85;97;67
1152.0;351;349;214;195;204;230;98;78;67;83;82;85;96;68
1158.0;351;353;213;196;204;226;93;76;66;86;82;86;99;69
1164.0;353;354;211;192;203;227;97;79;66;82;84;88;94;70
1170.0;357;356;213;194;203;227;94;76;63;78;89;89;93;68
1176.0;362;354;213;189;202;228;94;80;63;77;88;88;94;68
1182.0;363;353;216;188;208;227;90;81;66;75;88;80;96;69
1188.0;365;344;215;191;207;229;86;82;67;79;91;82;92;70
1194.0;370;343;216;192;211;230;88;84;63;78;87;78;91;69
1200.0;374;342;214;190;212;226;89;84;56;81;89;75;93;75
1206.0;368;342;215;191;210;224;88;88;59;78;91;78;93;75
1212.0;369;341;212;192;208;220;92;88;57;80;95;78;90;78
1218.0;368;343;212;192;205;219;89;89;58;79;96;79;95;76
1224.0;373;339;210;191;210;221;90;94;56;78;99;76;86;77
1230.0;372;339;209;194;210;225;90;94;53;81;95;75;86;77
1236.0;371;341;208;196;210;225;84;91;55;86;94;73;85;81
1242.0;373;336;211;195;208;221;83;90;59;91;96;76;82;79
1248.0;372;335;210;198;205;221;82;90;61;92;96;80;83;75
1254.0;372;332;213;195;207;221;81;87;62;89;99;84;81;77
1260.0;374;331;212;199;204;220;82;83;61;87;100;87;85;75
1266.0;374;330;213;200;206;216;84;87;62;86;101;81;86;74
1272.0;373;325;211;204;210;217;81;88;60;90;100;81;83;77
1278.0;378;323;212;202;207;217;77;88;65;89;98;81;85;78
1284.0;380;322;214;204;203;218;76;82;66;93;95;83;85;79
1290.0;377;329;208;206;203;214;71;89;63;97;97;82;85;79
1296.0;374;332;206;206;201;217;75;84;66;95;98;83;83;80
1302.0;375;333;202;202;198;215;75;80;70;95;98;89;90;78
1308.0;375;333;199;198;197;214;77;83;67;98;96;93;90;80
1314.0;378;330;202;198;199;215;77;79;73;99;91;93;89;77
1320.0;379;328;201;196;199;210;82;77;69;103;95;97;88;76
1326.0;383;328;202;191;196;207;87;77;74;101;94;98;92;70
1332.0;383;325;205;194;199;205;91;82;75;97;94;93;89;68
1338.0;383;325;203;195;201;206;87;85;79;97;93;93;86;67
1344.0;380;325;204;197;204;207;92;90;74;101;88;86;84;68
1350.0;385;325;210;192;201;205;92;92;76;99;84;85;85;69
1356.0;386;329;209;195;200;203;86;96;77;97;87;83;86;66
1362.0;386;330;206;194;199;201;88;97;76;100;84;83;88;68
1368.0;382;332;209;194;199;203;85;97;75;102;85;83;89;65
1374.0;377;330;212;196;199;205;83;102;75;103;82;81;91;64
1380.0;380;328;215;192;200;207;81;101;80;99;83;82;90;62
1386.0;387;328;214;190;198;210;80;106;77;98;82;79;86;65
1392.0;389;325;222;191;195;209;83;106;74;95;85;79;83;64
1398.0;390;326;225;194;193;212;82;106;77;94;81;74;82;64
1404.0;392;327;227;198;196;209;78;106;77;90;84;73;82;61
1410.0;388;331;228;196;196;206;78;106;75;93;84;77;82;60
1416.0;390;338;226;198;200;204;74;102;77;89;81;76;84;61
1422.0;392;337;225;202;201;207;76;92;76;89;81;77;83;62
1428.0;395;334;229;200;198;206;77;91;77;87;82;80;80;64
1434.0;392;337;231;200;194;206;77;91;85;88;81;77;79;62
1440.0;390;337;227;201;196;204;75;92;89;88;80;79;80;62
1446.0;389;339;228;207;193;203;72;92;89;90;75;85;79;59
1452.0;385;340;226;212;196;203;72;92;88;89;74;86;80;57
1458.0;381;344;227;212;189;198;73;91;94;86;77;87;79;62
1464.0;382;347;226;215;190;195;73;88;92;92;76;83;80;61
1470.0;382;347;229;209;184;199;75;87;91;93;79;85;78;62
1476.0;377;350;233;209;180;197;73;85;91;99;80;83;82;61
1482.0;379;352;229;208;182;202;72;85;91;99;73;82;81;65
1488.0;377;352;235;206;187;200;74;83;88;101;73;79;80;65
1494.0;375;352;233;201;188;200;71;88;86;103;75;78;85;65
1500.0;379;357;229;203;186;199;71;89;86;98;75;79;83;66
1506.0;380;360;228;202;186;199;74;88;85;97;72;76;84;69
1512.0;379;356;227;201;191;200;77;89;83;96;72;75;85;69
1518.0;380;355;228;199;192;198;78;84;85;94;72;74;84;77
1524.0;375;358;225;199;193;198;80;84;82;96;73;73;88;76
1530.0;380;363;226;196;194;197;83;79;78;89;74;77;85;79
1536.0;381;364;222;201;195;196;85;75;78;89;75;81;82;76
1542.0;387;366;217;202;192;194;86;72;78;91;76;80;84;75
1548.0;383;363;215;201;190;197;85;74;73;94;80;79;86;80
1554.0;384;364;216;199;191;194;81;72;77;95;81;74;89;83
1560.0;387;362;208;203;192;190;82;72;72;94;86;72;90;90
1566.0;388;359;209;200;193;189;79;74;77;97;85;69;88;93
1572.0;388;363;208;203;187;187;75;76;75;101;84;68;90;95
1578.0;387;364;207;202;184;188;74;77;78;98;81;71;93;96
1584.0;387;364;205;200;185;190;76;75;79;99;80;70;95;95
1590.0;383;363;202;201;188;192;76;73;79;97;81;70;97;98
1596.0;383;366;206;204;184;191;77;76;79;96;80;70;92;96
1602.0;388;365;206;209;184;188;74;80;79;95;82;72;92;86
1608.0;390;366;211;202;179;185;74;81;78;88;86;74;96;90
1614.0;389;364;212;204;179;189;71;82;76;86;88;72;100;88
1620.0;390;367;213;204;181;189;77;79;76;84;83;74;92;91
1626.0;394;366;213;199;180;186;82;80;78;81;82;78;94;87
1632.0;396;364;216;194;180;187;77;80;80;82;78;79;98;89
1638.0;400;359;218;199;183;188;73;80;78;82;78;77;99;86
1644.0;397;355;218;198;183;193;74;83;79;83;75;80;95;87
1650.0;396;349;217;197;183;194;75;89;80;84;76;79;98;83
1656.0;388;350;223;197;182;195;78;90;80;78;78;80;96;85
1662.0;389;353;220;195;179;199;79;84;84;76;83;79;95;85
1668.0;398;353;226;194;172;200;82;83;83;76;85;76;93;79
1674.0;393;351;223;195;174;197;84;80;84;75;89;79;93;83
1680.0;393;350;227;195;167;197;86;80;87;76;85;80;92;85
1686.0;390;348;229;197;166;201;81;81;88;75;85;81;92;86
1692.0;392;348;225;201;163;200;82;80;87;77;85;82;91;87
1698.0;388;344;220;203;163;201;83;80;86;82;84;83;93;90
1704.0;385;351;219;202;167;199;83;78;88;78;86;82;94;88
1710.0;385;349;220;202;172;200;81;77;89;81;83;84;91;86
1716.0;384;351;222;207;173;201;78;74;88;79;80;87;89;87
1722.0;382;346;219;209;175;199;83;72;88;83;84;83;88;89
1728.0;379;345;215;209;173;198;82;76;85;90;84;81;92;91
1734.0;379;341;217;213;175;197;80;81;85;88;79;83;91;91
1740.0;376;340;218;213;177;198;79;83;88;91;77;81;88;91
1746.0;377;340;212;209;179;196;81;90;88;88;82;81;87;90
1752.0;376;338;213;206;174;198;81;91;83;92;86;82;88;92
1758.0;376;337;215;207;173;200;80;86;80;95;85;80;89;97
1764.0;377;340;220;205;177;198;77;85;82;94;91;76;83;95
1770.0;381;343;223;201;175;195;74;89;84;93;89;80;82;91
1776.0;383;344;226;196;177;195;79;88;79;95;87;78;83;90
1782.0;385;344;227;199;178;197;79;88;82;96;82;77;81;85
1788.0;387;345;228;198;180;197;76;83;80;101;82;78;82;83
1794.0;391;344;227;199;179;200;76;82;85;100;80;74;82;81
1800.0;393;344;231;194;180;207;77;81;81;95;82;73;79;83
1806.0;393;345;230;190;181;204;86;75;79;91;84;76;85;81
1812.0;392;342;232;189;181;210;88;77;78;90;82;73;83;83
1818.0;394;341;233;193;172;213;89;77;76;90;82;71;83;86
1824.0;396;344;236;192;176;209;88;76;74;90;82;71;79;87
1830.0;389;346;237;194;172;208;84;79;76;93;79;75;85;83
1836.0;392;347;232;194;170;209;83;80;77;90;80;73;88;85
1842.0;385;351;234;195;168;210;81;81;73;91;77;73;93;88
1848.0;390;351;237;195;168;209;76;77;72;95;77;72;92;89
1854.0;392;349;241;188;168;210;79;84;75;96;68;71;93;86
1860.0;386;348;243;190;170;210;76;85;76;95;68;70;92;91
1866.0;384;350;240;187;171;210;81;85;79;93;71;72;91;86
1872.0;386;353;234;187;173;210;84;84;81;92;69;73;88;86
1878.0;385;352;236;183;173;212;85;85;83;90;72;72;87;85
1884.0;384;353;235;180;171;213;86;87;82;88;76;75;88;82
1890.0;385;357;235;181;175;214;87;89;83;84;74;71;85;80
1896.0;384;354;237;181;181;212;83;92;84;83;70;71;87;81
1902.0;379;356;234;180;181;210;85;92;87;85;73;69;87;82
1908.0;384;357;229;180;179;216;84;93;89;81;73;71;88;76
1914.0;389;356;234;180;178;218;82;90;87;83;72;68;88;75
1920.0;388;354;232;174;179;219;81;92;87;86;72;71;91;74
1926.0;383;352;233;182;175;220;80;88;83;86;71;77;93;77
1932.0;385;353;231;183;177;218;79;88;86;90;69;74;90;77
1938.0;383;355;227;184;179;221;78;86;88;93;65;75;89;77
1944.0;381;350;226;185;182;220;79;82;86;92;70;77;93;77
1950.0;376;351;225;187;183;223;76;84;87;91;71;82;90;74
1956.0;380;346;231;185;180;220;77;86;85;89;69;83;95;74
1962.0;376;342;226;190;183;221;78;93;84;85;74;81;93;74
1968.0;370;341;224;192;183;214;75;97;89;85;79;81;95;75
1974.0;374;339;227;193;183;207;75;97;90;84;81;80;93;77
