#auto generated file!
12.0;13;11;9;14;17;19;13;8;16;14;20;10;22;14
18.0;13;12;9;13;17;19;13;8;16;14;20;11;22;13
24.0;13;13;9;13;18;19;11;9;16;16;19;11;22;11
30.0;13;13;10;13;18;18;10;8;17;16;18;12;23;11
36.0;14;13;10;13;18;18;10;8;17;16;19;12;20;12
42.0;15;13;11;13;18;19;9;8;17;16;19;11;19;12
48.0;15;13;13;13;18;22;9;8;17;16;17;11;17;11
54.0;15;13;13;13;18;23;8;9;15;16;16;11;18;12
60.0;15;12;14;13;18;23;7;10;14;16;15;12;18;13
66.0;16;12;16;13;18;23;7;10;14;16;13;13;17;12
72.0;17;12;16;12;20;23;7;11;14;15;12;13;16;12
78.0;17;12;15;11;21;23;8;12;14;15;11;14;15;12
84.0;18;13;13;11;21;24;7;14;15;12;11;14;16;11
90.0;18;13;13;12;22;24;7;15;14;12;11;12;17;10
96.0;18;12;12;12;22;25;8;14;13;13;10;13;18;10
102.0;18;13;12;13;23;27;7;13;13;14;10;13;16;8
108.0;18;13;12;13;24;27;7;13;13;14;11;12;16;7
114.0;18;12;14;14;24;26;7;12;13;14;12;11;16;7
120.0;17;12;15;16;23;24;7;11;13;14;13;12;16;7
126.0;17;12;16;17;23;25;7;11;13;12;12;12;16;7
132.0;18;13;15;17;24;25;7;9;14;11;12;12;15;8
138.0;18;14;15;18;25;25;7;9;14;11;11;11;14;8
144.0;18;14;15;20;25;25;7;9;13;10;10;11;14;9
150.0;19;14;15;20;26;25;8;8;13;10;9;10;14;9
156.0;19;14;15;19;26;25;8;8;13;10;9;10;14;10
162.0;19;13;16;19;27;25;6;9;13;8;10;10;15;10
168.0;19;13;16;18;28;25;6;10;10;9;10;10;16;10
174.0;20;14;16;17;28;25;8;10;8;8;10;10;16;10
180.0;20;14;17;17;28;26;9;10;8;8;9;10;14;10
186.0;20;14;18;17;28;25;8;10;9;9;8;10;14;10
192.0;20;15;17;17;29;25;8;11;9;7;7;10;15;10
198.0;20;14;17;17;29;26;8;11;10;7;8;10;13;10
204.0;18;14;19;15;31;28;7;10;10;8;9;9;13;9
210.0;19;14;18;15;30;28;6;10;11;8;9;8;13;11
216.0;20;15;17;15;30;29;6;9;10;8;9;8;13;11
222.0;18;17;16;16;32;30;5;8;9;8;10;7;13;11
228.0;18;16;18;16;32;30;5;8;9;8;11;5;13;11
234.0;18;16;17;15;32;31;5;6;8;9;12;5;14;12
240.0;18;17;16;15;33;30;5;7;8;9;12;5;14;11
246.0;18;19;15;14;33;30;4;8;8;9;13;5;16;8
252.0;18;19;14;14;33;30;4;8;8;8;15;5;16;8
258.0;19;20;14;14;32;30;4;8;8;8;14;5;16;8
264.0;19;20;15;16;33;30;4;7;8;7;12;4;17;8
270.0;19;20;17;16;33;29;4;6;9;7;12;5;16;7
276.0;19;20;16;16;33;29;4;6;10;7;13;5;15;7
282.0;19;21;16;16;33;28;3;7;10;7;13;5;15;7
288.0;20;21;16;15;34;29;3;7;11;5;13;6;14;6
294.0;20;22;16;17;34;29;3;7;10;6;11;6;13;6
300.0;21;23;16;17;32;29;3;7;9;6;11;6;14;6
306.0;21;23;15;16;32;29;3;7;9;7;11;6;15;6
312.0;21;23;15;16;31;30;3;7;9;8;11;6;15;5
318.0;22;23;16;16;31;28;3;7;8;8;11;7;15;5
324.0;20;23;16;16;30;29;3;6;8;8;12;8;15;6
330.0;20;23;15;15;30;27;4;7;9;8;12;8;16;6
336.0;19;23;14;16;32;27;4;6;8;10;12;6;17;6
342.0;20;23;14;14;31;29;5;6;8;10;12;6;16;6
348.0;19;23;14;13;31;27;7;7;9;10;12;6;16;6
354.0;19;24;14;14;31;27;7;7;12;10;9;6;14;6
360.0;19;24;15;13;30;28;7;7;12;10;9;5;14;7
366.0;20;24;15;13;31;28;7;7;10;10;9;5;14;7
372.0;22;24;15;12;31;28;6;7;10;9;9;5;14;8
378.0;22;24;15;12;31;27;7;8;10;9;9;5;13;8
384.0;21;26;15;12;32;28;7;7;10;10;9;5;10;8
390.0;20;25;15;13;32;28;8;8;11;8;8;6;10;8
396.0;20;26;15;13;34;29;7;6;11;9;7;6;10;7
402.0;19;27;18;13;33;29;7;6;10;9;7;6;9;7
408.0;19;27;18;13;33;28;7;6;11;9;7;6;9;7
414.0;19;26;19;15;33;29;6;7;11;6;7;6;9;7
420.0;19;26;18;17;32;28;5;6;13;6;7;8;9;6
426.0;20;25;18;17;32;27;5;5;13;7;7;10;9;5
432.0;20;24;17;17;32;28;5;5;11;8;8;10;10;5
438.0;22;24;17;18;32;28;5;5;11;7;7;9;11;4
444.0;23;26;17;18;30;28;5;5;11;7;5;10;11;4
450.0;24;28;16;18;30;27;5;4;10;7;5;10;12;4
456.0;24;28;16;17;30;27;6;3;10;8;5;10;12;4
462.0;25;26;16;15;30;27;6;3;11;8;7;10;13;3
468.0;25;25;16;16;30;29;7;2;10;7;7;10;13;3
474.0;25;25;15;17;31;28;7;4;9;6;8;9;13;3
480.0;26;26;15;16;32;27;6;5;9;5;7;9;12;5
486.0;26;26;15;16;32;28;6;5;9;6;6;9;12;4
492.0;26;25;15;16;31;29;5;7;9;6;7;9;12;3
498.0;26;25;15;15;31;28;5;8;10;7;7;9;11;3
504.0;27;25;16;15;31;28;5;6;9;8;7;9;9;5
510.0;27;26;16;15;31;28;5;6;8;8;6;10;8;6
516.0;27;25;16;16;33;27;4;6;9;8;6;10;6;7
522.0;27;25;16;17;32;27;4;6;9;9;5;10;6;7
528.0;29;25;15;16;31;27;4;6;10;9;5;11;6;6
534.0;28;25;16;15;31;26;4;6;12;7;6;11;7;6
540.0;28;25;16;15;31;26;4;6;12;7;7;11;6;6
546.0;28;24;19;15;30;24;4;7;12;8;6;12;5;6
552.0;29;22;19;15;31;24;5;7;12;7;6;12;5;6
558.0;30;21;20;14;28;24;5;8;13;7;6;13;5;6
564.0;31;19;20;14;28;24;5;8;13;9;6;12;5;6
570.0;31;19;20;13;28;26;5;8;10;12;6;10;6;6
576.0;32;21;20;12;26;26;4;8;10;13;5;10;7;6
582.0;32;21;19;13;27;26;4;8;10;11;6;10;6;7
588.0;32;20;20;14;27;26;4;9;10;11;6;9;6;6
594.0;32;20;21;14;26;25;3;8;10;12;7;9;6;7
600.0;32;20;20;14;24;25;5;8;9;13;8;9;5;8
606.0;33;20;20;15;23;25;5;9;9;13;7;8;5;8
612.0;34;21;20;15;22;25;5;8;8;14;7;8;5;8
618.0;32;22;19;15;23;25;4;8;9;15;7;8;5;8
624.0;32;23;19;14;23;24;4;7;9;16;7;9;5;8
630.0;32;22;19;14;23;24;4;8;9;15;7;10;5;8
636.0;32;23;18;14;23;25;5;9;8;13;8;10;4;8
642.0;29;24;18;15;23;25;6;9;8;12;8;10;5;8
648.0;29;24;18;15;22;26;5;8;7;14;8;9;7;8
654.0;29;24;18;17;21;26;5;8;7;13;9;9;6;8
660.0;30;24;18;16;23;26;5;8;6;12;9;9;5;9
666.0;30;24;18;18;23;25;5;8;5;12;9;9;5;9
672.0;29;24;18;18;22;24;5;9;5;13;10;8;5;10
678.0;29;24;19;19;23;23;4;7;6;13;11;7;5;10
684.0;29;23;20;19;22;23;4;8;6;14;11;7;4;10
690.0;29;23;20;20;22;24;4;9;5;12;10;8;4;10
696.0;29;24;24;19;21;24;4;9;5;12;8;7;4;10
702.0;29;25;23;19;21;24;4;10;6;10;6;6;6;11
708.0;29;24;23;17;21;24;4;10;7;10;6;7;6;12
714.0;30;24;23;15;21;23;4;10;8;11;6;6;6;13
720.0;29;24;25;15;22;23;4;8;8;8;6;7;7;14
726.0;30;23;24;16;20;23;4;8;8;8;6;7;9;14
732.0;30;23;24;16;20;24;3;7;9;10;6;7;8;13
738.0;30;23;25;16;19;22;5;8;8;10;6;7;8;13
744.0;31;23;26;16;19;21;5;8;7;9;6;6;9;14
750.0;31;24;26;16;16;22;4;8;7;11;6;6;8;15
756.0;30;23;26;15;17;23;4;8;8;10;6;6;8;16
762.0;29;24;26;14;17;24;5;7;7;10;6;6;8;17
768.0;29;24;26;14;18;24;4;8;7;9;5;6;9;17
774.0;29;24;25;13;16;26;5;7;7;9;6;6;12;15
780.0;28;24;25;13;17;25;6;8;6;9;6;6;12;15
786.0;28;25;25;13;17;25;6;8;6;9;6;6;12;14
792.0;29;25;25;14;18;23;6;7;7;7;5;7;12;15
798.0;30;25;25;13;18;23;7;7;10;6;5;7;10;14
804.0;30;25;23;13;18;24;10;6;11;6;5;7;10;12
810.0;32;25;23;13;19;24;11;6;9;6;5;6;9;12
816.0;31;25;22;14;19;24;13;6;9;5;5;6;9;12
822.0;33;25;21;14;19;24;13;6;8;4;5;6;10;12
828.0;33;24;21;15;18;23;12;6;9;4;5;7;10;13
834.0;34;22;22;14;18;24;11;5;8;4;4;8;11;15
840.0;34;22;21;14;18;24;11;5;7;6;4;8;10;16
846.0;34;22;20;14;19;24;9;5;7;7;4;8;11;16
852.0;35;21;21;15;19;22;7;5;7;9;5;10;9;15
858.0;34;21;21;15;19;22;7;5;7;10;4;10;9;16
864.0;34;21;20;17;19;23;6;5;6;10;4;10;10;15
870.0;34;21;20;17;19;24;6;4;8;11;4;10;8;14
876.0;34;21;21;18;19;24;3;4;8;11;4;10;9;14
882.0;33;21;21;18;19;22;3;7;9;11;4;8;9;15
888.0;33;21;21;19;19;21;3;6;9;12;4;8;9;15
894.0;33;21;20;20;19;21;3;6;10;12;4;8;9;14
900.0;33;22;20;19;19;21;3;5;10;13;4;8;9;14
906.0;33;22;19;18;18;22;3;6;10;14;4;7;10;14
912.0;33;22;17;18;18;21;2;6;11;15;4;7;11;15
918.0;33;21;17;18;20;21;3;7;10;14;4;8;11;13
924.0;34;20;17;18;21;23;2;7;10;14;4;8;9;13
930.0;34;19;18;18;22;23;2;6;11;13;4;8;9;13
936.0;34;19;18;18;20;23;3;5;11;14;5;8;9;13
942.0;34;20;17;18;19;23;3;5;11;14;6;8;9;13
948.0;35;19;17;18;20;23;3;4;11;14;6;8;9;13
954.0;35;21;17;19;18;23;3;5;10;13;6;7;10;13
960.0;33;21;19;20;18;22;2;6;11;12;6;8;10;12
966.0;34;21;19;19;18;22;2;5;11;12;6;9;10;12
972.0;34;21;19;18;19;21;4;7;11;12;6;8;10;10
978.0;33;22;18;18;19;21;4;9;12;12;4;9;9;10
984.0;34;22;18;18;20;18;4;9;13;12;4;9;9;10
990.0;33;22;18;18;20;19;5;10;13;12;4;7;8;11
996.0;31;22;18;18;21;19;5;10;14;12;4;8;8;10
1002.0;31;21;18;19;21;19;6;10;14;13;5;7;8;8
1008.0;30;22;20;18;23;17;7;11;14;13;5;7;6;7
1014.0;31;22;19;19;21;16;7;12;15;13;6;7;6;6
1020.0;31;22;19;20;22;15;7;11;15;12;8;7;5;6
1026.0;32;23;17;21;23;13;7;11;15;13;8;8;4;5
1032.0;32;24;16;20;22;13;7;11;15;13;8;9;5;5
1038.0;32;24;15;18;23;13;10;11;14;13;5;9;7;6
1044.0;33;24;14;18;23;14;10;12;11;13;5;9;8;6
1050.0;33;24;14;18;22;14;10;13;11;13;5;10;7;6
1056.0;33;24;13;18;21;16;10;13;11;14;4;10;7;6
1062.0;34;24;14;19;21;16;9;13;12;14;4;8;5;7
1068.0;33;24;14;20;21;16;9;13;12;14;4;8;5;7
1074.0;36;25;14;21;20;16;10;12;10;14;4;7;5;6
1080.0;35;25;14;22;22;16;9;9;10;13;5;8;5;7
1086.0;35;24;14;22;22;15;11;10;11;12;4;9;4;7
1092.0;35;24;14;22;21;15;10;10;11;11;5;11;4;7
1098.0;35;24;13;24;20;16;9;8;12;11;6;10;4;8
1104.0;35;25;13;24;19;16;9;8;10;11;6;11;5;8
1110.0;36;25;13;24;19;16;9;8;9;10;6;12;5;8
1116.0;38;25;14;23;18;16;8;7;10;11;5;12;5;8
1122.0;37;28;13;21;19;18;8;7;9;9;5;14;4;8
1128.0;38;29;13;20;19;18;7;8;9;10;5;14;4;6
1134.0;39;30;14;18;19;18;7;7;10;9;5;13;5;6
1140.0;39;30;14;18;19;17;6;8;10;9;5;13;6;6
1146.0;40;31;13;18;18;18;6;8;11;8;4;12;6;7
1152.0;40;30;13;19;18;18;5;8;11;9;3;11;7;8
1158.0;39;30;12;20;18;19;6;8;11;8;4;10;6;9
1164.0;39;30;12;20;20;17;8;7;9;8;4;9;7;10
1170.0;38;30;10;20;21;19;7;7;9;9;4;8;7;11
1176.0;38;30;9;18;20;19;9;7;10;10;3;9;7;11
1182.0;37;30;11;20;19;18;9;7;10;10;3;7;9;10
1188.0;38;31;11;20;18;17;9;8;9;10;2;6;10;11
1194.0;37;31;10;17;17;19;11;9;8;10;4;7;9;11
1200.0;37;30;10;17;17;18;11;9;8;10;4;8;10;11
1206.0;37;30;10;16;17;18;11;10;8;9;4;8;10;12
1212.0;37;32;9;16;16;18;10;10;7;9;6;7;8;15
1218.0;37;32;9;17;16;18;10;10;7;8;6;7;9;14
1224.0;35;31;9;17;16;19;8;13;6;9;7;7;10;13
1230.0;34;33;9;18;15;19;7;12;7;9;8;6;10;13
1236.0;35;33;9;18;16;20;6;11;8;9;8;6;10;11
1242.0;35;32;10;18;16;20;5;12;8;8;8;6;10;12
1248.0;36;32;9;18;18;20;6;12;8;6;9;5;10;11
1254.0;37;30;9;17;19;19;6;11;8;7;9;6;9;13
1260.0;36;28;9;16;19;19;7;11;9;8;10;6;9;13
1266.0;36;28;9;16;18;19;7;12;8;8;10;6;9;14
1272.0;35;27;9;18;19;19;7;12;8;8;10;6;9;13
1278.0;37;27;9;18;18;19;7;12;9;8;9;6;9;12
1284.0;38;27;9;17;18;19;7;12;9;9;8;6;9;12
1290.0;38;27;9;17;18;18;7;12;8;9;8;7;10;12
1296.0;41;27;9;18;17;19;7;11;7;9;8;7;10;10
1302.0;41;27;9;18;18;19;7;11;6;8;9;7;10;10
1308.0;40;26;9;18;18;19;7;11;5;9;10;7;11;10
1314.0;40;27;10;17;18;19;9;10;5;9;10;6;11;9
1320.0;40;25;11;17;19;20;9;11;6;8;7;7;10;10
1326.0;40;25;11;17;20;21;9;11;5;8;7;7;9;10
1332.0;39;26;12;17;20;21;10;11;4;7;7;8;9;9
1338.0;39;28;12;17;21;21;10;9;4;6;7;8;9;9
1344.0;39;28;12;16;20;21;11;9;4;6;7;8;9;10
1350.0;39;28;11;15;19;21;11;8;4;6;8;8;8;14
1356.0;39;27;11;16;20;22;11;8;6;6;6;6;8;14
1362.0;38;28;11;15;18;24;11;7;7;6;7;7;9;12
1368.0;38;26;11;15;18;25;11;8;7;5;9;7;9;11
1374.0;39;25;12;14;18;25;10;7;10;5;8;5;8;14
1380.0;39;25;12;14;18;25;11;7;9;5;7;5;9;14
1386.0;39;25;12;14;18;25;11;7;9;5;6;5;10;14
1392.0;40;25;12;15;18;25;10;7;9;6;6;5;9;13
1398.0;40;25;12;16;21;25;9;7;9;6;5;4;10;11
1404.0;40;25;13;18;21;26;9;6;10;5;4;4;9;10
1410.0;41;24;14;19;21;27;9;5;10;5;4;4;7;10
1416.0;42;24;14;18;22;25;10;5;11;5;3;4;7;10
1422.0;43;24;14;17;23;25;10;5;12;4;3;5;6;9
1428.0;42;23;12;18;24;26;9;6;13;3;3;6;6;9
1434.0;42;23;13;19;22;26;9;6;13;3;4;5;6;9
1440.0;42;24;14;19;22;26;8;6;13;3;5;5;5;8
1446.0;42;23;14;17;23;25;9;7;14;3;5;5;4;9
1452.0;41;23;15;16;23;24;9;8;11;2;7;8;5;8
1458.0;40;23;16;16;23;23;9;7;11;2;7;8;7;8
1464.0;39;23;15;16;23;24;9;8;11;3;7;8;6;8
1470.0;37;24;14;17;24;26;9;7;10;4;7;7;6;8
1476.0;37;24;13;17;24;25;10;7;10;4;6;8;7;8
1482.0;36;24;14;17;25;25;10;6;10;4;6;9;6;8
1488.0;36;25;16;15;23;25;9;6;10;4;5;10;6;10
1494.0;36;25;16;15;21;25;9;7;11;4;5;11;6;9
1500.0;37;26;16;15;20;26;8;8;11;4;5;10;6;8
1506.0;38;26;16;15;19;26;8;7;11;4;5;10;7;8
1512.0;38;26;20;14;19;26;8;6;9;4;5;10;7;8
1518.0;40;26;19;14;19;26;8;6;9;4;5;9;7;8
1524.0;40;27;19;15;18;26;8;4;8;5;6;9;7;8
1530.0;40;28;17;15;18;26;7;5;8;6;5;10;7;8
1536.0;40;28;16;15;18;26;7;4;9;6;6;10;7;8
1542.0;40;27;15;16;18;25;7;4;9;7;8;9;8;7
1548.0;38;27;14;17;19;25;7;4;8;8;9;8;9;7
1554.0;38;28;13;18;20;25;6;6;8;8;9;7;8;6
1560.0;39;28;13;18;20;25;7;5;8;8;9;7;8;5
1566.0;39;25;13;18;20;25;8;5;9;9;8;7;8;6
1572.0;39;25;14;18;19;25;8;5;7;10;7;8;9;6
1578.0;39;26;14;18;19;24;7;6;6;10;7;8;9;7
1584.0;39;25;14;18;19;25;7;7;6;10;7;8;8;7
1590.0;39;25;15;17;18;24;7;8;6;9;7;8;9;8
1596.0;40;26;15;17;18;24;7;7;7;9;7;5;9;9
1602.0;40;26;15;18;16;23;8;8;7;9;7;6;8;9
1608.0;39;26;15;19;16;23;8;8;7;8;5;7;9;10
1614.0;39;27;15;19;16;23;8;8;6;7;6;7;9;10
1620.0;39;27;14;21;16;23;7;7;5;7;7;7;9;11
1626.0;38;28;16;21;18;23;6;7;5;5;6;7;10;10
1632.0;36;27;16;20;20;22;6;8;6;5;7;7;11;9
1638.0;35;28;16;20;20;22;6;8;6;6;6;7;11;9
1644.0;37;29;15;19;20;21;6;7;6;5;6;8;11;10
1650.0;36;28;15;19;20;22;6;7;7;4;7;7;12;10
1656.0;36;28;16;20;20;22;5;6;8;4;6;7;12;10
1662.0;35;28;18;20;22;22;5;7;7;3;7;6;10;10
1668.0;35;28;18;20;21;23;6;8;5;3;8;6;10;9
1674.0;35;30;18;20;19;23;6;8;5;3;8;6;10;9
1680.0;35;30;18;20;17;22;6;9;6;3;8;7;10;9
1686.0;35;30;17;20;18;22;6;9;7;3;9;7;9;8
1692.0;35;29;17;18;17;22;6;11;6;4;10;9;8;8
1698.0;36;29;16;19;16;21;6;10;6;4;10;9;10;8
1704.0;36;29;16;19;16;21;6;11;5;4;9;9;11;8
1710.0;35;31;17;19;17;21;6;9;5;4;9;9;10;8
1716.0;35;32;17;20;19;20;6;8;5;3;10;8;10;7
1722.0;35;32;17;20;19;20;6;8;4;3;9;9;11;7
1728.0;35;32;16;20;19;19;6;8;5;3;10;10;11;6
1734.0;33;32;16;20;18;20;6;9;4;3;10;11;11;7
1740.0;33;32;15;20;19;19;6;9;4;4;10;11;11;7
1746.0;34;32;15;20;18;20;6;9;5;4;10;11;10;6
1752.0;34;31;15;20;18;19;6;9;6;4;13;10;10;5
1758.0;34;31;15;20;19;19;6;8;6;4;13;11;8;6
1764.0;34;31;15;20;20;19;5;8;6;5;11;11;9;6
1770.0;34;31;15;21;20;18;5;7;7;6;9;10;9;8
1776.0;34;31;16;21;21;17;5;7;8;5;8;10;9;8
1782.0;35;29;16;22;21;17;6;7;6;7;6;10;8;10
1788.0;36;29;16;21;21;18;5;7;6;7;6;10;8;10
1794.0;36;30;17;21;21;18;4;8;7;5;8;9;7;9
1800.0;35;30;18;20;20;17;4;8;8;7;8;9;7;9
1806.0;35;29;19;18;20;17;4;8;8;8;7;9;8;10
1812.0;35;29;19;18;20;16;4;8;8;8;8;9;8;10
1818.0;34;28;19;18;22;16;4;9;9;8;8;7;8;10
1824.0;33;28;20;18;22;16;4;10;8;11;8;6;8;8
1830.0;33;28;21;18;22;16;2;10;8;12;8;6;8;8
1836.0;32;28;21;18;23;17;2;10;9;13;7;5;7;8
1842.0;32;30;21;18;23;16;4;11;9;11;9;4;7;5
1848.0;32;29;21;17;22;16;4;12;9;12;8;5;8;5
1854.0;33;30;22;17;19;16;5;10;9;12;9;5;8;5
1860.0;34;31;21;17;18;16;5;7;9;12;9;6;10;5
1866.0;34;31;21;17;17;16;5;6;9;12;10;7;10;5
1872.0;33;31;21;17;17;16;7;6;9;12;9;6;10;6
1878.0;35;31;21;16;17;16;7;5;10;12;7;6;10;7
1884.0;35;30;21;17;17;17;7;5;10;10;7;7;10;7
1890.0;36;30;21;18;16;16;7;5;10;10;7;7;10;7
1896.0;36;29;21;19;16;16;7;5;8;10;7;7;12;7
1902.0;35;30;21;20;16;16;6;5;8;10;7;7;12;7
1908.0;34;29;20;21;17;16;6;6;8;10;6;7;12;8
1914.0;32;29;22;22;15;15;6;5;9;12;6;6;13;8
1920.0;32;28;21;22;14;15;9;5;10;11;6;6;13;8
1926.0;33;28;22;23;12;16;9;6;10;10;6;7;13;5
1932.0;33;28;23;23;11;17;10;6;9;10;6;7;13;4
1938.0;34;28;23;24;11;17;9;6;9;10;7;7;12;3
1944.0;34;29;23;24;9;18;9;5;9;10;7;7;13;3
1950.0;34;30;24;23;9;18;11;5;8;10;7;6;12;3
1956.0;35;30;23;22;9;19;11;6;8;10;7;4;13;3
1962.0;34;30;23;23;10;19;12;7;8;9;7;3;12;3
1968.0;36;31;23;23;9;19;10;6;8;10;7;3;12;3
1974.0;36;31;23;23;9;19;9;6;6;11;8;3;13;3
