#auto generated file!
12.0;183;179;148;149;178;168;184;155;166;195;141;183;175;196
18.0;190;181;152;149;185;170;180;155;163;194;140;177;169;195
24.0;193;190;158;155;189;174;177;151;155;186;133;178;166;195
30.0;192;195;153;159;196;179;177;148;153;181;133;181;166;187
36.0;193;199;156;160;201;181;179;143;153;177;127;185;166;180
42.0;203;202;166;169;202;179;173;142;155;170;124;174;165;176
48.0;206;203;169;173;206;184;168;142;155;162;122;174;161;175
54.0;207;205;174;170;211;186;166;140;151;163;119;173;161;174
60.0;212;208;184;172;210;188;161;149;150;159;122;166;143;176
66.0;218;215;185;175;218;191;159;147;151;159;118;160;134;170
72.0;223;217;189;185;216;189;152;147;151;156;114;151;137;173
78.0;226;220;188;180;217;186;159;147;153;148;114;155;136;171
84.0;235;218;194;173;218;188;148;146;152;146;114;155;135;178
90.0;240;221;195;177;219;193;145;141;150;146;111;153;137;172
96.0;246;227;199;182;219;191;143;143;148;144;111;145;139;163
102.0;253;230;202;183;217;185;130;138;145;152;115;146;146;158
108.0;260;234;204;184;217;188;133;140;142;148;112;142;142;154
114.0;268;240;206;185;216;190;124;139;144;146;111;140;137;154
120.0;268;242;210;186;222;186;123;142;140;144;114;132;140;151
126.0;265;240;212;190;222;192;125;135;143;144;113;131;137;151
132.0;271;240;212;195;224;193;124;135;137;141;111;128;138;151
138.0;277;240;219;198;225;189;124;130;135;141;113;127;135;147
144.0;282;246;222;203;228;194;119;130;131;136;108;122;140;139
150.0;290;251;220;199;230;193;115;129;129;137;105;129;136;137
156.0;289;253;221;198;237;199;112;131;128;135;104;127;130;136
162.0;290;252;220;201;234;205;110;129;128;134;110;126;127;134
168.0;291;258;224;204;237;204;109;124;121;131;111;124;129;133
174.0;291;260;221;209;236;208;109;119;119;126;106;124;133;139
180.0;293;261;224;210;239;201;109;122;119;129;103;122;129;139
186.0;293;266;225;215;244;200;113;114;120;124;103;119;126;138
192.0;290;270;225;219;236;202;122;115;117;124;100;115;125;140
198.0;294;273;227;216;243;204;124;117;110;118;102;113;125;134
204.0;295;270;228;212;243;206;125;112;113;117;103;113;130;133
210.0;295;272;226;213;248;205;124;111;114;116;107;115;128;126
216.0;290;272;221;216;247;200;122;110;118;120;112;113;133;126
222.0;293;274;221;214;249;203;119;109;114;118;119;109;131;127
228.0;293;274;219;217;248;205;120;108;111;121;116;105;133;130
234.0;294;272;222;219;252;207;116;109;113;122;116;102;127;129
240.0;299;273;225;220;248;209;114;111;111;119;112;98;133;128
246.0;297;278;220;225;252;212;115;108;112;114;111;97;133;126
252.0;298;285;219;226;250;211;116;112;110;112;115;92;132;122
258.0;297;285;214;231;255;212;121;118;107;113;109;97;124;117
264.0;301;285;212;228;255;211;122;117;112;115;110;93;125;114
270.0;303;288;207;224;258;215;121;116;107;114;115;97;122;113
276.0;306;294;209;225;254;216;122;119;108;112;114;93;120;108
282.0;308;293;208;227;254;216;122;115;112;114;110;91;117;113
288.0;309;292;214;226;255;214;117;118;109;115;109;88;117;117
294.0;308;289;214;225;255;213;118;123;111;117;107;87;119;114
300.0;303;288;221;225;251;219;119;121;112;117;99;91;119;115
306.0;304;289;222;223;252;220;117;118;114;111;100;89;122;119
312.0;306;290;227;221;250;218;116;114;115;114;97;89;120;123
318.0;303;287;224;225;252;219;112;116;118;117;96;86;120;125
324.0;306;283;230;229;255;217;109;112;116;117;93;88;123;122
330.0;313;282;229;229;257;214;107;113;113;118;94;93;117;121
336.0;312;282;231;231;261;215;107;115;112;114;88;93;119;120
342.0;315;282;231;230;260;219;107;114;107;116;89;93;120;117
348.0;318;283;231;229;258;218;108;119;104;116;93;93;116;114
354.0;316;289;233;232;261;223;105;114;103;116;95;90;114;109
360.0;319;293;234;231;257;227;100;110;101;117;94;93;114;110
366.0;314;298;231;236;255;225;94;110;103;117;91;99;113;114
372.0;317;299;233;235;261;230;89;106;101;120;89;98;110;112
378.0;321;299;231;232;257;235;92;110;104;119;87;98;105;110
384.0;323;297;234;231;256;236;93;111;102;123;85;92;103;114
390.0;326;299;230;232;254;238;94;111;102;119;89;91;101;114
396.0;325;302;230;230;254;235;93;114;103;118;88;89;103;116
402.0;323;299;231;231;259;242;90;117;103;115;84;90;107;109
408.0;327;299;231;234;257;246;93;109;100;110;82;91;106;115
414.0;331;303;237;238;254;242;95;103;101;110;85;89;100;112
420.0;329;300;241;235;255;239;90;112;100;108;84;90;106;111
426.0;328;301;238;236;253;244;86;109;100;113;90;87;104;111
432.0;331;299;240;234;259;241;87;109;96;112;90;83;101;118
438.0;334;300;242;237;253;245;92;103;87;112;87;81;104;123
444.0;334;306;239;235;248;241;91;107;89;113;87;86;105;119
450.0;336;305;237;238;251;241;91;104;90;114;84;88;102;119
456.0;335;306;240;240;253;240;88;102;89;112;86;86;104;119
462.0;332;310;241;238;258;236;88;107;90;109;84;86;107;114
468.0;335;305;241;236;260;235;91;107;88;107;81;87;105;122
474.0;337;302;244;235;260;238;90;104;88;107;83;85;105;122
480.0;338;302;244;237;261;245;87;104;86;103;84;89;105;115
486.0;338;305;246;240;260;246;85;106;84;104;88;87;101;110
492.0;339;307;243;240;246;245;92;106;87;109;87;86;106;107
498.0;339;309;243;242;244;246;89;101;83;111;87;86;109;111
504.0;341;307;241;247;240;240;90;103;85;110;90;91;109;106
510.0;346;309;235;249;236;243;92;101;85;110;85;90;113;106
516.0;345;311;236;249;233;247;97;103;86;107;84;89;110;103
522.0;346;308;237;249;231;245;98;103;85;108;82;90;112;106
528.0;354;307;238;251;225;246;99;101;82;110;83;86;109;109
534.0;361;309;233;245;225;242;99;103;85;117;83;84;107;107
540.0;363;310;236;242;224;246;98;104;84;113;86;83;108;103
546.0;360;314;237;240;225;246;95;102;90;111;86;84;105;105
552.0;361;319;234;240;227;246;94;99;89;117;87;82;100;105
558.0;364;318;234;243;223;244;93;99;94;117;84;83;98;106
564.0;363;323;232;243;227;242;97;98;94;119;85;77;99;101
570.0;367;326;235;245;228;247;96;90;91;112;86;79;97;101
576.0;370;327;229;247;230;246;97;86;88;115;83;83;96;103
582.0;365;327;225;247;238;247;93;92;89;115;84;84;94;100
588.0;364;330;222;246;238;250;94;92;84;118;81;91;92;98
594.0;365;333;227;249;244;247;91;95;83;113;79;89;92;93
600.0;366;334;226;251;244;247;92;90;80;111;76;96;95;92
606.0;360;340;226;249;244;248;94;92;77;113;74;100;92;91
612.0;365;343;234;253;242;248;85;89;76;113;74;98;90;90
618.0;362;344;230;258;244;245;87;90;77;105;71;102;95;90
624.0;361;346;232;258;246;246;83;83;78;109;74;97;98;89
630.0;361;345;233;258;247;244;87;83;81;105;77;95;96;88
636.0;361;349;230;252;249;249;83;85;82;107;72;93;95;93
642.0;359;348;230;252;249;245;84;84;83;104;71;93;100;98
648.0;362;346;231;257;251;243;82;87;81;106;69;88;97;100
654.0;362;345;233;257;246;249;80;88;82;106;69;91;93;99
660.0;359;348;231;255;244;247;83;87;87;105;72;93;92;97
666.0;360;349;234;248;240;247;87;87;86;102;74;93;96;97
672.0;354;361;232;246;239;248;85;91;91;101;73;91;92;96
678.0;358;365;231;244;239;252;85;90;88;103;69;88;95;93
684.0;357;361;225;244;242;251;82;94;90;104;68;88;97;97
690.0;359;356;222;240;244;252;88;96;87;104;66;92;96;98
696.0;365;355;219;241;246;255;86;99;87;102;68;91;92;94
702.0;370;358;218;239;249;263;85;96;86;100;70;88;84;94
708.0;371;360;217;239;252;260;84;95;87;96;71;89;84;95
714.0;371;362;216;248;248;264;84;95;83;98;73;79;85;94
720.0;369;361;221;246;249;262;83;92;89;98;76;75;87;92
726.0;366;364;220;243;250;257;91;91;84;101;78;76;86;93
732.0;362;368;219;244;249;259;90;87;81;104;80;76;87;94
738.0;358;368;219;240;247;257;91;86;80;109;78;80;93;94
744.0;361;368;215;242;247;251;87;86;81;108;76;81;97;100
750.0;359;372;217;242;244;244;88;84;85;109;78;78;100;100
756.0;356;375;220;238;242;246;91;87;85;108;78;80;96;98
762.0;359;375;218;240;240;247;93;83;88;106;81;82;97;91
768.0;358;377;217;241;240;245;95;82;89;105;83;86;96;86
774.0;354;375;219;239;240;247;92;82;89;107;86;89;98;83
780.0;352;375;216;240;240;241;94;88;88;108;86;89;97;86
786.0;354;375;216;240;238;246;92;90;86;104;91;84;95;89
792.0;356;374;217;238;239;244;99;84;88;103;89;86;91;92
798.0;355;370;222;237;238;249;103;85;89;100;89;85;91;87
804.0;356;368;224;235;237;252;103;86;87;103;86;83;92;88
810.0;364;368;223;234;232;245;102;91;88;101;83;84;96;89
816.0;364;364;225;234;234;243;107;89;87;104;83;85;93;88
822.0;365;363;222;231;235;244;108;90;90;106;85;82;91;88
828.0;370;359;221;232;238;242;107;93;89;105;80;85;87;92
834.0;365;362;219;238;238;242;104;92;95;102;79;84;86;94
840.0;368;360;221;235;238;246;97;93;92;102;82;88;84;94
846.0;367;361;222;234;237;246;91;93;90;100;86;89;88;96
852.0;365;364;224;228;234;248;89;94;94;100;86;89;90;95
858.0;362;366;225;228;230;247;90;90;90;102;89;90;93;98
864.0;365;366;217;229;233;244;95;90;91;103;87;91;92;97
870.0;366;366;213;225;240;247;94;93;91;101;88;91;91;94
876.0;364;365;214;223;242;248;95;95;90;101;88;93;89;93
882.0;359;372;211;224;239;250;97;99;93;97;92;88;88;91
888.0;358;375;215;216;243;250;100;102;87;92;96;88;88;90
894.0;362;376;210;214;241;249;96;100;93;87;103;92;87;90
900.0;363;374;209;211;242;246;100;100;90;85;102;94;90;94
906.0;368;374;210;209;241;246;101;104;87;87;103;92;91;87
912.0;368;373;208;204;244;248;103;100;86;87;102;96;92;89
918.0;369;375;206;199;244;244;103;105;84;90;102;102;91;86
924.0;370;377;205;205;239;246;102;100;83;85;104;105;93;86
930.0;361;381;202;206;240;248;107;102;77;82;103;111;90;90
936.0;366;376;199;211;244;246;115;98;77;85;96;109;90;88
942.0;371;375;201;218;245;243;112;93;79;89;95;102;89;88
948.0;369;380;203;218;239;245;111;95;80;96;89;98;88;89
954.0;368;379;205;217;235;248;107;94;80;103;92;98;91;83
960.0;368;382;206;217;235;246;109;96;79;97;92;96;94;83
966.0;366;389;208;216;230;247;110;100;77;93;93;94;89;88
972.0;370;382;207;222;225;248;111;99;78;94;91;93;92;88
978.0;366;385;204;225;228;247;113;96;81;89;90;94;97;85
984.0;368;379;200;229;226;247;112;102;83;91;89;90;99;85
990.0;376;379;201;230;223;241;107;100;84;97;91;92;93;86
996.0;383;379;203;231;222;241;106;97;88;97;90;90;91;82
1002.0;383;377;203;230;221;245;106;100;90;97;88;87;90;83
1008.0;383;373;198;230;226;242;107;99;93;97;89;91;88;84
1014.0;380;375;194;232;226;242;104;103;88;98;86;91;90;91
1020.0;385;376;195;234;228;240;105;98;89;96;83;90;90;91
1026.0;390;371;197;234;230;241;100;97;90;95;82;89;93;91
1032.0;390;371;205;235;226;236;97;97;90;98;84;90;91;90
1038.0;389;371;200;240;235;234;98;95;91;97;84;91;91;84
1044.0;389;369;200;240;233;236;99;96;93;97;86;88;92;82
1050.0;388;368;201;234;234;233;102;95;95;96;90;90;93;81
1056.0;390;374;202;233;233;235;101;91;91;94;90;88;96;82
1062.0;385;372;207;231;233;233;95;95;93;98;90;87;95;86
1068.0;383;372;209;234;227;235;96;93;92;96;91;94;95;83
1074.0;382;375;208;240;223;239;95;90;89;93;88;98;96;84
1080.0;379;379;210;241;225;239;98;92;91;87;89;92;93;85
1086.0;380;382;207;243;222;235;102;94;95;86;85;90;93;86
1092.0;382;387;210;245;221;236;100;92;90;85;85;92;92;83
1098.0;385;390;215;245;223;235;99;93;90;81;82;92;88;82
1104.0;382;396;213;246;220;240;96;92;89;78;85;95;87;81
1110.0;381;396;212;246;214;245;94;94;85;82;81;95;87;88
1116.0;379;400;212;246;216;243;93;91;84;84;80;98;89;85
1122.0;377;400;210;247;218;242;88;88;82;92;79;94;95;88
1128.0;375;399;208;246;220;249;87;80;82;93;78;96;100;87
1134.0;369;402;212;241;221;250;85;75;84;97;73;100;102;89
1140.0;373;402;211;244;223;250;83;72;83;98;72;96;106;87
1146.0;373;404;208;242;229;247;85;72;83;97;73;95;108;84
1152.0;367;404;209;238;225;255;86;71;81;101;76;92;113;82
1158.0;371;403;206;235;228;253;89;74;84;100;72;92;110;83
1164.0;372;407;210;238;227;252;90;75;78;97;73;90;107;84
1170.0;374;401;216;239;228;250;90;73;77;100;71;91;104;86
1176.0;374;401;214;239;234;251;81;75;73;102;73;93;106;84
1182.0;373;407;216;236;232;255;79;74;78;102;70;89;104;85
1188.0;369;407;222;238;234;248;81;72;82;99;67;91;103;87
1194.0;368;406;224;240;237;244;73;75;83;97;72;94;103;84
1200.0;366;404;219;244;242;245;75;75;86;91;71;95;104;83
1206.0;363;405;219;247;240;243;77;74;87;89;72;98;103;83
1212.0;367;404;225;246;235;237;77;76;87;89;69;101;107;80
1218.0;367;403;230;247;238;233;77;74;90;85;70;103;105;78
1224.0;368;404;227;251;235;234;75;74;92;87;72;103;100;78
1230.0;364;407;228;257;233;229;77;74;90;86;68;103;102;82
1236.0;364;408;230;254;230;228;79;75;86;89;71;106;98;82
1242.0;364;406;229;248;232;232;81;79;82;86;75;103;101;82
1248.0;362;405;229;250;228;234;84;83;80;88;74;101;96;86
1254.0;371;403;231;250;227;233;84;83;82;87;70;104;90;85
1260.0;369;402;228;249;228;240;83;85;79;86;74;104;89;84
1266.0;371;399;227;251;233;237;85;85;76;87;70;104;93;82
1272.0;372;397;230;250;229;235;85;83;83;89;73;100;91;83
1278.0;371;396;230;254;228;231;83;82;86;93;74;98;91;83
1284.0;370;397;234;254;228;230;82;85;89;91;73;91;93;83
1290.0;369;401;235;253;229;234;82;79;86;91;73;93;92;83
1296.0;362;399;235;257;231;238;82;79;87;86;78;94;88;84
1302.0;364;398;237;253;229;234;78;81;88;87;82;93;89;87
1308.0;364;401;237;254;229;236;81;76;84;85;84;95;87;87
1314.0;362;402;238;259;226;234;83;70;84;81;86;96;88;91
1320.0;365;402;237;264;226;233;79;69;85;84;84;93;85;94
1326.0;365;404;238;261;231;230;79;72;85;88;81;90;79;97
1332.0;363;403;236;263;227;232;76;75;83;91;87;86;81;97
1338.0;368;405;237;260;224;235;75;74;80;88;88;84;84;98
1344.0;369;407;234;256;222;239;79;72;81;87;87;83;84;100
1350.0;370;409;235;250;220;241;77;74;84;86;88;80;85;101
1356.0;372;408;234;248;222;238;75;76;88;85;90;80;87;97
1362.0;368;404;234;248;224;235;76;75;89;86;94;83;90;94
1368.0;369;402;232;247;229;238;82;78;86;86;89;81;88;93
1374.0;370;397;231;247;223;239;76;76;85;90;92;87;93;94
1380.0;372;399;230;247;221;240;77;76;80;90;87;90;95;96
1386.0;374;406;233;246;217;235;73;75;86;84;86;89;97;99
1392.0;372;402;229;250;212;241;76;80;87;82;84;88;96;101
1398.0;374;398;231;246;215;238;78;78;86;80;87;93;96;100
1404.0;366;397;228;247;215;240;79;76;89;84;91;91;100;97
1410.0;364;400;228;245;217;237;79;73;90;86;92;91;101;97
1416.0;361;402;228;247;223;233;79;74;88;86;89;89;102;99
1422.0;362;402;224;250;221;230;86;74;84;87;88;90;103;99
1428.0;358;405;220;253;223;231;86;73;80;85;90;88;108;100
1434.0;359;407;223;252;222;232;84;74;82;83;90;90;107;95
1440.0;359;406;221;254;221;232;86;72;81;82;95;89;104;98
1446.0;360;405;221;256;221;226;87;73;83;83;94;92;102;97
1452.0;359;403;221;256;222;225;86;74;85;83;95;91;101;99
1458.0;364;401;224;247;224;224;86;78;85;85;91;90;100;101
1464.0;363;403;226;249;223;225;86;74;91;79;88;91;106;96
1470.0;364;404;229;247;220;220;83;77;95;81;88;93;105;94
1476.0;369;405;230;240;219;221;86;74;98;79;92;92;102;93
1482.0;369;402;228;239;220;222;83;77;100;82;94;93;103;88
1488.0;372;403;231;235;217;216;87;78;102;85;94;92;99;89
1494.0;368;401;234;243;218;210;85;81;103;88;93;90;99;87
1500.0;369;399;234;244;218;210;84;88;101;91;94;85;99;84
1506.0;369;396;233;246;216;209;92;88;102;88;90;85;98;88
1512.0;374;396;236;244;214;210;91;91;101;92;85;82;97;87
1518.0;372;396;236;243;216;208;88;91;99;96;87;81;96;91
1524.0;373;399;233;248;218;209;91;89;94;93;86;85;95;87
1530.0;370;402;236;247;219;211;91;90;94;95;84;82;94;85
1536.0;367;405;236;250;217;210;90;90;94;98;84;82;91;86
1542.0;367;405;232;250;215;219;87;89;93;100;84;82;93;84
1548.0;366;405;240;247;208;217;85;95;91;94;84;86;90;92
1554.0;371;402;241;240;210;222;86;92;89;92;84;86;93;92
1560.0;369;403;245;237;209;219;83;94;87;94;83;87;98;92
1566.0;367;399;244;238;212;217;85;98;87;95;78;87;98;95
1572.0;359;401;247;234;217;220;91;97;90;97;75;84;92;96
1578.0;357;405;248;234;217;222;90;98;85;97;72;82;94;99
1584.0;359;405;245;231;215;222;85;99;88;99;73;83;95;101
1590.0;360;404;248;231;215;219;87;101;85;98;78;82;90;102
1596.0;356;401;246;230;220;220;85;103;87;102;75;81;89;105
1602.0;358;402;244;233;225;219;81;108;85;103;79;76;84;103
1608.0;357;404;249;233;225;218;76;105;85;105;78;80;80;105
1614.0;359;399;248;238;224;218;78;104;91;105;81;80;76;99
1620.0;356;396;248;237;225;219;83;102;94;105;82;81;75;97
1626.0;354;397;248;240;229;217;84;102;94;107;81;78;75;94
1632.0;357;401;246;238;232;211;83;98;96;109;85;77;75;92
1638.0;360;407;239;246;235;208;82;92;99;106;78;80;76;92
1644.0;365;407;234;250;235;205;82;89;99;107;76;80;75;96
1650.0;364;403;229;246;236;201;83;88;103;116;78;75;83;95
1656.0;360;403;231;243;236;203;85;91;103;112;82;78;82;91
1662.0;362;409;229;245;239;200;83;93;100;105;85;78;83;89
1668.0;366;408;231;245;241;201;77;97;98;103;85;76;82;90
1674.0;364;413;235;243;240;204;78;98;97;101;81;76;78;92
1680.0;362;416;232;243;237;208;82;98;97;104;84;76;76;85
1686.0;366;416;229;246;236;206;82;90;97;109;88;76;74;85
1692.0;367;414;227;244;235;215;80;89;95;103;92;74;80;85
1698.0;366;414;230;239;232;218;80;92;94;102;89;76;82;86
1704.0;364;414;233;242;223;218;85;95;93;98;88;78;80;89
1710.0;365;411;232;243;222;215;85;94;92;99;87;77;80;98
1716.0;370;408;231;240;216;220;89;96;94;104;87;73;82;90
1722.0;368;409;233;238;214;221;93;100;94;103;87;79;77;84
1728.0;366;411;233;239;212;221;90;100;92;102;87;80;78;89
1734.0;363;408;233;239;213;227;87;98;93;102;92;84;75;86
1740.0;357;408;230;241;215;226;90;98;91;104;92;84;79;85
1746.0;353;408;240;242;209;228;91;93;87;103;96;84;80;86
1752.0;353;410;233;243;215;229;88;85;87;103;97;84;86;87
1758.0;356;410;234;242;215;224;95;82;87;103;92;86;89;85
1764.0;357;409;239;240;216;225;96;84;85;101;91;84;88;85
1770.0;357;412;237;236;216;223;99;86;85;103;90;83;92;81
1776.0;359;414;242;236;217;222;95;86;85;99;88;83;92;82
1782.0;360;412;240;240;219;220;95;88;82;96;92;84;91;81
1788.0;363;408;242;246;223;214;97;87;78;97;94;84;89;78
1794.0;367;409;244;243;225;213;96;90;74;97;95;83;93;71
1800.0;362;401;244;246;224;209;100;85;81;98;94;85;101;70
1806.0;362;400;245;242;219;215;98;89;86;92;99;83;96;74
1812.0;364;397;240;247;222;213;99;88;90;91;100;84;95;70
1818.0;361;397;242;245;225;214;100;87;89;91;97;85;93;74
1824.0;355;396;240;244;225;217;102;88;89;92;100;86;91;75
1830.0;357;392;239;245;225;215;102;87;88;93;99;88;93;77
1836.0;352;392;241;245;225;218;100;87;85;88;100;94;93;80
1842.0;356;395;235;240;227;215;102;90;84;84;99;96;91;86
1848.0;353;399;233;235;228;220;110;90;81;83;100;95;90;83
1854.0;348;401;229;236;227;220;103;90;80;85;103;98;94;86
1860.0;349;394;228;240;227;222;102;86;78;92;104;100;94;84
1866.0;349;390;227;242;234;223;99;86;78;89;104;101;93;85
1872.0;346;388;226;244;235;222;103;89;79;88;104;99;93;84
1878.0;347;389;223;239;236;227;106;88;77;92;104;100;88;84
1884.0;347;386;222;242;237;221;106;90;79;96;102;99;89;84
1890.0;349;385;219;245;237;220;107;89;79;98;100;100;90;82
1896.0;354;386;213;248;235;219;107;91;78;99;98;98;92;82
1902.0;355;386;214;249;230;223;103;87;79;97;100;102;91;84
1908.0;357;386;216;254;231;225;103;85;80;91;100;97;86;89
1914.0;355;385;215;254;232;232;102;81;78;90;100;97;86;93
1920.0;354;388;215;255;234;231;100;80;77;86;97;95;91;97
1926.0;359;385;216;254;235;228;101;79;77;87;94;97;90;98
1932.0;363;387;216;253;235;228;105;77;79;87;94;94;87;95
1938.0;363;390;218;250;234;228;102;74;83;89;93;93;85;98
1944.0;360;393;217;248;238;228;100;72;83;88;93;94;84;102
1950.0;361;393;217;248;235;229;98;72;86;89;94;95;90;93
1956.0;357;393;218;246;238;227;102;73;85;86;89;98;93;95
1962.0;359;395;217;246;241;218;95;74;86;86;89;102;92;100
1968.0;361;399;215;249;241;219;89;76;85;88;80;99;96;103
1974.0;362;402;211;249;241;221;88;76;88;87;84;98;94;99
