#auto generated file!
12.0;46;38;39;39;48;45;45;43;44;44;44;37;41;47
18.0;45;40;41;42;48;45;46;43;42;44;40;36;41;47
24.0;46;41;43;42;49;44;45;43;43;42;37;33;44;48
30.0;46;43;42;42;49;44;43;42;44;42;36;34;46;47
36.0;46;44;46;42;50;44;43;39;46;38;36;34;44;48
42.0;48;44;47;43;51;43;41;39;45;38;35;34;43;49
48.0;48;45;48;44;53;41;35;42;46;38;35;35;42;48
54.0;48;47;48;42;51;42;37;42;44;40;33;34;42;50
60.0;50;48;45;42;52;42;39;37;45;40;35;34;40;51
66.0;56;51;46;44;54;41;40;34;44;36;34;32;38;50
72.0;56;52;46;45;55;43;38;36;45;35;32;33;37;47
78.0;56;54;45;46;52;42;37;34;45;35;30;36;39;49
84.0;55;55;46;47;52;42;40;35;45;35;31;34;38;45
90.0;56;56;43;47;55;42;38;35;44;33;31;36;39;45
96.0;58;55;45;49;55;45;37;36;40;33;32;34;37;44
102.0;58;55;46;51;55;45;34;37;40;30;31;33;39;46
108.0;60;57;46;51;57;44;32;37;39;32;31;34;38;42
114.0;61;56;46;51;58;45;31;35;37;33;30;33;39;45
120.0;62;58;47;51;61;47;31;36;35;35;28;28;37;44
126.0;64;58;49;50;62;48;31;33;36;34;29;29;35;42
132.0;65;58;48;50;64;51;30;36;34;31;30;31;32;40
138.0;64;58;49;52;64;51;31;33;34;32;29;31;33;39
144.0;63;58;52;51;64;52;33;31;33;31;28;30;33;41
150.0;64;58;53;53;64;54;31;29;33;31;30;28;32;40
156.0;66;60;52;51;63;52;31;28;34;30;32;28;34;39
162.0;68;61;52;52;65;51;31;27;33;30;31;29;31;39
168.0;68;63;50;52;63;52;32;27;32;29;32;27;31;42
174.0;70;66;51;53;62;51;32;26;31;27;30;27;30;44
180.0;72;67;49;54;64;50;31;26;31;28;30;27;31;40
186.0;71;69;52;56;65;46;31;25;32;27;31;25;29;41
192.0;67;69;50;59;64;48;34;25;31;27;31;27;26;42
198.0;69;69;52;61;66;49;31;24;30;27;27;26;27;42
204.0;72;72;51;62;66;47;32;24;30;25;27;24;26;42
210.0;72;74;51;63;63;47;31;23;28;25;28;26;29;40
216.0;72;77;52;63;63;47;33;22;26;26;29;24;29;37
222.0;72;73;54;63;64;46;33;21;30;22;28;25;31;38
228.0;71;71;54;63;63;47;32;20;34;24;28;24;31;38
234.0;71;72;51;62;62;47;30;20;35;28;29;23;30;40
240.0;70;73;52;63;63;45;31;21;31;29;28;25;29;40
246.0;72;74;52;62;66;43;30;23;28;31;27;26;27;39
252.0;72;78;52;61;66;43;29;22;26;30;28;28;26;39
258.0;70;79;53;60;66;46;29;21;26;29;29;27;28;37
264.0;72;79;55;61;67;44;28;23;25;27;26;27;29;37
270.0;74;79;54;62;66;45;28;22;26;26;26;27;29;36
276.0;75;79;52;62;63;46;31;19;28;25;26;28;28;38
282.0;76;80;53;61;66;45;29;20;26;25;26;27;28;38
288.0;77;83;53;59;67;45;29;20;24;25;22;28;28;40
294.0;77;82;53;59;68;47;29;16;26;26;23;26;28;40
300.0;78;77;54;59;69;47;28;20;25;26;25;24;29;39
306.0;76;79;55;60;72;45;26;22;24;26;24;23;31;37
312.0;76;83;56;59;69;44;27;23;24;24;24;24;30;37
318.0;81;81;54;58;70;45;27;22;22;25;23;25;31;36
324.0;83;81;54;56;68;47;26;22;25;26;22;25;31;34
330.0;82;80;56;56;67;46;26;22;24;26;22;26;32;35
336.0;82;79;57;55;67;46;26;21;25;25;22;25;33;37
342.0;82;80;57;55;68;45;26;18;25;24;21;26;36;37
348.0;87;80;56;53;66;47;27;20;25;22;23;25;33;36
354.0;87;80;56;55;67;47;26;21;25;23;24;22;33;34
360.0;89;83;53;55;66;48;25;20;26;20;24;24;32;35
366.0;89;84;52;56;64;49;27;20;24;20;24;23;34;34
372.0;90;83;53;57;63;49;24;20;22;23;27;22;33;34
378.0;90;83;52;58;63;50;22;20;23;24;27;22;33;33
384.0;91;83;50;58;64;51;22;23;23;24;25;22;32;32
390.0;90;84;52;60;65;47;21;22;26;25;24;20;32;32
396.0;91;85;52;60;63;49;22;21;23;26;25;20;31;32
402.0;91;87;54;60;62;49;21;18;22;25;25;22;31;33
408.0;91;86;54;62;62;52;23;18;22;25;23;20;28;34
414.0;90;87;54;65;61;52;21;20;22;24;23;19;28;34
420.0;90;89;56;65;63;53;22;21;18;21;23;21;27;31
426.0;91;89;56;62;63;54;21;21;18;21;23;22;30;29
432.0;89;90;57;63;63;56;23;22;18;21;21;23;27;27
438.0;93;90;58;63;62;54;24;21;17;20;21;23;26;28
444.0;94;89;58;62;63;58;24;21;18;20;18;23;26;26
450.0;95;90;58;62;63;54;23;22;19;19;17;26;26;26
456.0;96;92;60;63;63;54;21;23;16;20;16;23;25;28
462.0;96;95;57;63;63;54;21;23;16;19;17;22;25;29
468.0;96;97;54;62;62;57;22;24;16;18;15;22;25;30
474.0;98;97;54;64;62;55;22;24;17;19;14;21;24;29
480.0;99;97;53;61;61;54;23;24;18;19;15;23;25;28
486.0;99;96;51;61;62;56;24;24;18;19;17;21;24;28
492.0;98;97;51;61;62;57;25;25;17;19;17;20;23;28
498.0;100;98;52;63;61;57;21;23;16;18;17;21;24;29
504.0;100;98;49;62;65;58;20;26;14;17;15;22;26;28
510.0;99;94;51;64;65;57;20;25;14;17;16;23;27;28
516.0;98;94;52;63;65;58;21;27;14;16;16;23;26;27
522.0;97;95;51;63;65;60;23;25;14;16;16;21;27;27
528.0;95;94;53;63;61;63;22;25;13;18;17;19;29;28
534.0;97;93;49;65;61;65;22;28;11;19;18;17;27;28
540.0;98;92;47;68;60;65;24;27;11;18;17;19;27;27
546.0;98;92;49;70;59;64;26;25;13;19;16;20;26;23
552.0;99;94;50;68;57;65;28;25;13;17;15;20;26;23
558.0;100;95;50;65;56;65;29;25;13;18;15;18;27;24
564.0;102;94;50;65;55;69;29;26;14;18;16;16;25;21
570.0;103;94;51;65;53;69;29;23;17;18;17;15;26;20
576.0;102;93;51;66;52;70;25;23;23;21;14;17;24;19
582.0;103;93;50;66;52;70;24;24;26;22;13;15;22;20
588.0;104;95;48;68;52;68;24;24;28;20;14;15;20;20
594.0;103;93;47;67;53;66;24;24;29;20;17;15;20;22
600.0;104;93;48;68;51;65;22;24;29;22;17;15;19;23
606.0;104;94;44;66;53;63;22;25;29;21;18;16;20;25
612.0;106;95;45;66;52;64;21;24;31;19;17;16;19;25
618.0;108;95;44;68;52;64;21;22;30;19;17;17;20;23
624.0;109;95;44;65;52;65;22;21;30;18;19;18;19;23
630.0;109;96;45;63;53;63;23;21;30;19;18;18;19;23
636.0;108;96;46;63;56;62;22;20;33;17;17;18;20;22
642.0;109;98;47;65;57;61;22;21;32;16;18;18;17;19
648.0;110;98;46;66;61;61;20;21;32;15;18;17;16;19
654.0;107;99;43;66;61;62;23;21;32;17;19;17;16;17
660.0;107;99;43;64;60;65;24;21;31;17;21;16;13;19
666.0;106;99;43;63;61;65;25;20;32;18;20;16;13;19
672.0;104;98;42;64;61;65;27;19;30;18;22;19;11;20
678.0;104;98;44;63;60;62;29;21;30;18;23;18;13;17
684.0;102;98;44;61;59;63;29;19;29;18;25;22;14;17
690.0;103;98;45;61;59;61;27;19;26;20;26;24;14;17
696.0;103;98;44;61;61;61;25;19;25;19;27;25;16;16
702.0;103;96;44;61;61;62;22;18;26;20;27;25;19;16
708.0;103;95;44;60;61;61;24;18;26;20;28;27;18;15
714.0;105;95;42;59;61;64;23;18;26;20;27;28;17;15
720.0;101;95;43;59;60;67;21;16;26;23;25;28;18;18
726.0;103;93;45;59;62;68;19;16;25;22;25;28;17;18
732.0;103;92;45;56;62;69;18;15;27;21;27;26;19;20
738.0;102;88;46;56;63;69;20;15;27;21;25;27;19;22
744.0;103;89;47;58;63;69;21;15;27;18;22;27;17;24
750.0;102;92;49;58;63;67;19;16;27;19;20;26;17;25
756.0;103;92;48;56;64;67;18;17;27;19;20;26;18;25
762.0;104;93;48;56;64;66;17;19;28;18;22;24;16;25
768.0;106;92;46;56;65;64;15;23;28;18;19;24;18;26
774.0;104;94;45;57;66;66;13;24;25;18;19;24;19;26
780.0;105;93;47;56;66;65;13;23;23;19;19;24;21;26
786.0;107;91;48;54;66;69;12;22;22;18;19;23;24;25
792.0;108;90;48;55;67;68;12;23;20;19;21;24;22;23
798.0;106;91;48;54;66;68;12;24;21;21;17;26;25;21
804.0;105;90;46;52;67;67;13;26;20;23;19;24;24;24
810.0;106;89;48;54;68;67;11;23;20;26;19;23;23;23
816.0;106;90;48;54;70;64;12;22;19;27;20;23;23;22
822.0;106;90;44;52;70;64;12;22;19;29;20;22;25;25
828.0;106;89;43;52;71;65;13;22;18;28;19;22;26;26
834.0;104;89;45;53;71;66;12;23;17;29;19;23;25;24
840.0;101;86;45;51;72;66;12;23;19;31;19;24;26;25
846.0;101;89;44;49;74;65;13;21;17;34;17;25;24;27
852.0;102;88;44;49;74;67;14;21;17;34;15;26;24;25
858.0;103;89;45;50;76;65;11;20;17;31;16;29;24;24
864.0;102;89;46;50;77;66;15;18;16;31;15;28;22;25
870.0;103;90;46;51;79;65;16;17;16;31;12;29;21;24
876.0;103;90;44;51;77;64;15;18;18;31;16;29;19;25
882.0;103;92;46;48;77;65;16;18;20;28;16;27;18;26
888.0;102;92;46;47;78;62;17;20;21;28;17;26;18;26
894.0;104;94;45;48;80;60;15;19;21;27;15;26;20;26
900.0;103;94;45;52;78;60;17;18;20;25;15;25;20;28
906.0;104;92;47;52;78;59;14;17;20;28;15;26;19;29
912.0;104;90;46;52;81;60;14;16;21;27;14;26;19;30
918.0;103;88;45;52;80;59;14;19;25;27;15;26;20;27
924.0;103;89;46;51;79;58;15;20;25;26;14;26;23;25
930.0;100;88;47;51;80;64;14;16;25;26;14;28;23;24
936.0;98;88;49;51;80;67;13;16;25;24;14;26;23;26
942.0;101;87;49;50;79;67;12;17;25;24;15;27;23;24
948.0;102;87;49;49;77;67;14;17;27;24;15;26;21;25
954.0;101;88;50;49;78;65;13;17;25;25;16;25;22;26
960.0;102;89;50;48;77;63;13;15;25;24;18;28;22;26
966.0;101;88;51;49;76;64;12;17;25;22;20;26;22;27
972.0;101;88;53;47;72;64;12;19;27;21;20;26;21;29
978.0;101;85;56;47;72;63;13;18;28;21;17;26;24;29
984.0;99;85;56;47;74;63;13;18;27;20;20;25;24;29
990.0;100;87;58;49;72;62;13;19;25;19;20;26;23;27
996.0;101;87;56;51;73;60;13;21;25;16;21;26;21;29
1002.0;100;86;56;48;72;60;14;20;25;17;23;24;22;33
1008.0;99;84;56;48;72;60;14;21;25;16;23;24;24;34
1014.0;99;84;56;48;72;61;13;21;24;16;26;23;22;35
1020.0;99;84;55;50;74;58;13;22;26;15;28;21;22;33
1026.0;98;86;55;49;74;60;14;21;23;16;29;21;22;32
1032.0;99;85;54;48;75;60;14;23;22;17;31;19;21;32
1038.0;99;86;53;47;76;59;14;23;22;15;29;22;21;34
1044.0;97;87;52;50;77;57;14;24;22;13;29;23;20;35
1050.0;95;87;52;49;77;57;14;24;23;16;29;22;18;37
1056.0;94;89;54;49;77;61;14;22;20;15;28;22;17;38
1062.0;97;89;54;48;76;60;15;23;18;14;28;25;16;37
1068.0;98;90;55;47;75;58;17;22;17;17;28;24;17;35
1074.0;97;91;54;48;74;56;18;25;16;17;28;25;17;34
1080.0;95;91;54;47;74;59;20;25;16;20;25;23;19;32
1086.0;95;90;51;47;73;59;21;26;18;19;24;23;22;32
1092.0;95;91;49;45;73;59;22;26;17;18;25;23;22;35
1098.0;95;90;48;42;73;59;20;26;18;17;29;26;22;35
1104.0;95;88;48;42;73;60;21;28;18;18;29;23;24;33
1110.0;93;88;47;41;74;60;21;31;18;19;28;23;25;32
1116.0;91;88;48;41;75;60;23;29;18;19;28;23;25;32
1122.0;93;89;50;40;73;61;23;31;17;18;30;23;22;30
1128.0;92;89;49;39;72;63;22;32;16;19;29;24;24;30
1134.0;93;89;50;38;70;63;23;32;15;18;30;22;25;32
1140.0;92;89;53;41;69;61;22;28;15;17;30;24;27;32
1146.0;92;89;53;41;68;58;26;27;16;17;30;23;28;32
1152.0;91;90;53;41;67;57;26;27;16;16;31;25;27;33
1158.0;92;93;53;43;64;51;24;25;17;16;33;26;29;34
1164.0;92;93;53;41;65;51;26;24;17;17;33;30;27;31
1170.0;92;93;52;42;66;51;24;25;17;16;34;32;27;29
1176.0;93;93;52;44;67;51;27;25;17;15;30;32;24;30
1182.0;91;92;50;44;68;55;25;24;17;16;30;34;23;31
1188.0;91;90;49;45;70;57;24;25;18;19;25;33;24;30
1194.0;90;90;48;45;72;56;19;26;20;17;26;36;26;29
1200.0;89;91;49;45;71;52;18;26;20;19;29;37;28;26
1206.0;89;89;48;44;70;53;20;26;21;17;29;38;28;28
1212.0;91;89;48;44;69;53;19;25;22;16;30;37;28;29
1218.0;91;90;51;44;72;53;16;21;21;14;33;38;27;29
1224.0;92;89;50;46;70;52;17;22;22;14;31;37;28;30
1230.0;95;88;50;45;69;52;18;21;22;15;30;39;26;30
1236.0;96;90;49;43;71;51;18;22;19;17;25;43;27;29
1242.0;97;90;48;44;71;52;18;21;18;20;26;42;27;26
1248.0;95;91;48;45;74;51;17;21;18;21;27;40;28;24
1254.0;95;88;46;45;74;52;16;22;19;23;28;36;29;27
1260.0;94;88;47;45;77;53;17;20;19;24;26;37;26;27
1266.0;96;87;46;44;76;52;16;23;20;25;23;39;29;24
1272.0;94;87;46;45;74;51;17;22;24;26;24;36;29;25
1278.0;95;86;47;46;74;51;17;22;22;26;23;36;29;26
1284.0;96;88;45;48;72;51;16;22;21;25;24;35;29;28
1290.0;95;87;46;49;73;51;16;19;22;26;25;32;30;29
1296.0;97;89;45;48;72;52;18;18;23;26;22;33;28;29
1302.0;95;87;47;47;71;52;19;19;20;28;24;34;30;27
1308.0;93;87;46;50;68;55;19;17;21;27;23;33;33;28
1314.0;92;87;47;49;68;56;19;18;21;26;22;33;32;30
1320.0;95;87;48;51;64;57;19;20;22;26;24;33;27;27
1326.0;93;87;47;52;63;57;19;19;21;25;24;34;30;29
1332.0;94;83;48;52;64;62;18;17;20;25;25;35;28;29
1338.0;95;82;49;51;63;61;18;18;20;25;27;33;28;30
1344.0;94;82;49;53;62;59;18;18;20;24;28;34;28;31
1350.0;96;83;48;55;61;58;17;18;18;24;30;35;25;32
1356.0;96;83;50;54;61;57;18;16;18;24;31;31;28;33
1362.0;97;81;50;56;60;59;19;14;20;22;33;28;29;32
1368.0;97;80;51;56;60;61;18;14;19;22;32;29;29;32
1374.0;95;81;47;54;61;66;16;14;19;24;32;31;27;33
1380.0;93;83;48;53;63;65;19;17;18;23;32;31;24;31
1386.0;94;84;50;54;60;66;19;17;16;23;34;31;24;28
1392.0;93;86;52;55;58;67;20;13;18;22;31;31;25;29
1398.0;92;83;52;55;55;67;17;13;17;26;34;33;27;29
1404.0;93;82;52;58;59;67;16;13;18;27;31;31;28;25
1410.0;95;84;52;58;59;64;15;14;18;25;30;31;30;25
1416.0;93;83;51;58;61;65;14;15;18;25;30;30;29;28
1422.0;90;85;51;56;60;66;16;17;21;25;30;29;28;26
1428.0;90;85;51;56;61;66;17;18;21;24;28;29;29;25
1434.0;91;84;51;56;62;66;17;18;21;24;27;30;27;26
1440.0;92;86;52;56;61;66;18;19;22;22;26;32;23;25
1446.0;93;87;53;54;59;68;17;20;25;22;22;31;24;25
1452.0;96;89;54;54;55;68;20;18;27;22;21;31;22;23
1458.0;95;89;55;53;52;67;25;19;27;24;19;32;22;21
1464.0;93;89;58;55;48;69;25;17;27;26;21;28;24;20
1470.0;91;90;59;55;47;70;24;18;25;26;21;29;24;21
1476.0;88;90;58;55;46;69;26;19;24;26;23;30;26;20
1482.0;89;91;58;54;44;68;25;19;27;26;23;30;24;22
1488.0;91;90;59;56;45;66;25;19;26;25;23;27;24;24
1494.0;93;90;60;56;44;65;25;18;26;24;23;27;23;26
1500.0;95;88;60;56;42;65;25;18;25;23;24;28;23;28
1506.0;96;89;60;56;42;64;24;20;27;21;22;29;21;29
1512.0;97;86;62;55;41;65;23;20;29;25;20;28;20;29
1518.0;94;83;65;56;40;65;24;21;31;25;22;27;21;26
1524.0;93;82;66;55;42;66;24;20;30;25;23;27;21;26
1530.0;94;83;67;56;41;64;23;22;31;23;23;26;22;25
1536.0;94;84;66;55;42;61;23;22;30;24;23;26;23;27
1542.0;93;85;67;51;41;60;25;21;30;23;25;27;23;29
1548.0;93;83;67;52;43;61;23;17;29;24;26;27;24;31
1554.0;95;83;67;52;41;59;21;18;31;23;27;28;22;33
1560.0;95;81;68;53;41;58;23;18;34;22;27;28;20;32
1566.0;94;81;69;56;42;55;23;18;31;23;25;30;21;32
1572.0;95;80;68;56;44;55;22;18;29;25;25;31;21;31
1578.0;95;82;68;53;44;55;22;21;27;25;23;30;22;33
1584.0;96;81;71;53;44;55;20;19;27;24;23;31;22;34
1590.0;94;81;73;55;46;56;21;20;26;23;23;28;20;34
1596.0;94;82;72;56;48;56;20;21;27;23;22;25;20;34
1602.0;93;82;73;56;47;53;20;22;25;23;23;25;23;35
1608.0;95;82;75;57;43;54;20;22;24;24;24;24;22;34
1614.0;94;82;75;54;44;54;17;25;25;24;24;22;26;34
1620.0;93;86;76;54;46;54;19;24;26;23;23;21;22;33
1626.0;94;87;73;53;46;55;19;23;25;24;25;22;23;31
1632.0;92;85;73;54;46;55;19;24;26;25;22;23;26;30
1638.0;91;86;73;54;47;55;20;22;27;25;22;23;25;30
1644.0;92;88;72;56;46;55;21;22;27;22;22;24;25;28
1650.0;94;89;70;56;46;54;21;23;26;23;24;24;24;26
1656.0;94;92;70;57;46;50;23;23;24;21;23;24;27;26
1662.0;93;93;69;59;46;50;25;22;20;19;26;26;26;26
1668.0;96;90;68;58;45;53;24;21;23;21;26;23;28;24
1674.0;96;88;65;60;48;52;23;21;24;20;26;22;28;27
1680.0;95;87;66;59;48;53;23;21;25;19;27;22;27;28
1686.0;95;86;66;59;47;53;21;21;29;20;27;21;29;26
1692.0;93;85;66;57;51;55;21;21;29;19;27;20;30;26
1698.0;92;85;66;57;50;56;19;21;28;21;25;22;30;28
1704.0;90;88;65;56;53;58;19;19;27;22;25;22;28;28
1710.0;91;86;66;55;53;58;19;19;26;24;24;23;27;29
1716.0;92;86;64;55;54;56;22;18;26;25;24;23;26;29
1722.0;93;90;65;53;52;59;23;18;26;23;24;21;26;27
1728.0;91;90;64;53;52;59;23;18;26;24;24;23;24;29
1734.0;93;92;64;53;50;59;24;14;24;24;25;23;25;30
1740.0;93;91;65;52;50;58;23;13;24;22;28;24;29;28
1746.0;92;93;64;54;50;56;23;13;26;21;27;24;29;28
1752.0;93;92;63;52;51;57;22;12;27;22;28;23;30;28
1758.0;94;92;65;52;47;56;23;12;28;20;30;24;29;28
1764.0;94;92;64;52;47;56;25;12;31;20;29;23;29;26
1770.0;94;92;65;54;48;56;23;13;30;19;29;22;29;26
1776.0;95;89;64;55;44;58;25;12;30;19;30;26;27;26
1782.0;96;88;64;53;43;56;26;10;33;17;30;28;29;27
1788.0;98;88;67;54;40;56;28;10;30;17;28;26;31;27
1794.0;96;89;67;57;41;57;27;9;29;19;26;25;32;26
1800.0;96;88;69;59;42;55;26;10;30;17;26;25;32;25
1806.0;93;89;68;61;45;55;27;13;30;17;26;24;27;25
1812.0;91;88;68;60;46;56;27;14;32;17;27;22;28;24
1818.0;89;87;70;62;46;56;28;13;31;19;26;20;28;25
1824.0;90;84;71;62;49;58;28;10;30;19;24;21;29;25
1830.0;92;84;71;59;47;59;30;10;30;17;25;21;32;23
1836.0;93;84;72;58;49;59;29;12;30;19;22;19;31;23
1842.0;94;86;67;60;50;59;28;13;31;20;21;19;30;22
1848.0;97;86;64;60;53;58;27;11;29;21;22;20;27;25
1854.0;96;87;63;61;54;58;26;10;26;21;23;23;27;25
1860.0;96;88;62;62;52;58;23;9;29;21;25;24;26;25
1866.0;95;90;59;64;53;56;22;9;29;21;25;26;24;27
1872.0;97;91;58;65;50;56;20;9;28;22;25;29;23;27
1878.0;98;92;58;65;48;55;20;11;30;20;24;27;24;28
1884.0;100;92;57;65;46;57;19;11;32;20;22;26;22;31
1890.0;101;92;57;63;45;59;19;11;31;20;20;26;23;33
1896.0;101;91;58;62;44;59;20;11;32;20;21;26;23;32
1902.0;97;91;60;61;46;59;21;13;32;20;21;25;23;31
1908.0;95;93;59;61;45;62;20;11;33;19;21;25;23;33
1914.0;93;92;63;60;45;62;19;13;31;19;21;24;25;33
1920.0;92;90;66;59;43;61;19;12;31;21;21;26;25;34
1926.0;93;90;66;61;43;59;19;13;31;20;19;28;22;36
1932.0;95;88;62;63;42;58;18;12;32;21;20;30;26;33
1938.0;94;89;63;64;42;60;20;12;32;20;20;28;24;32
1944.0;93;87;65;61;43;60;22;15;29;18;21;28;24;34
1950.0;91;87;65;61;44;61;20;17;30;17;25;27;24;31
1956.0;89;87;63;61;42;61;20;20;31;17;28;22;27;32
1962.0;90;85;64;60;42;60;20;20;28;17;32;23;26;33
1968.0;89;84;65;61;41;63;19;21;29;18;32;21;26;31
1974.0;89;84;65;61;42;63;20;19;32;17;32;21;26;29
