#auto generated file!
12.0;92;98;103;106;97;105;89;100;103;87;101;106;92;121
18.0;96;102;103;105;98;111;88;102;98;86;99;105;89;118
24.0;97;104;105;110;103;115;87;99;90;86;92;108;88;116
30.0;102;102;104;111;108;118;90;97;90;84;89;103;92;110
36.0;106;105;106;114;107;119;93;93;86;80;87;103;88;113
42.0;107;111;107;115;104;121;90;88;89;78;87;106;86;111
48.0;108;111;107;115;104;122;94;86;86;75;90;105;88;109
54.0;112;116;110;116;108;124;95;82;85;73;85;98;87;109
60.0;115;116;110;118;108;134;95;77;85;74;87;96;81;104
66.0;119;118;109;121;111;134;91;77;85;71;87;99;79;99
72.0;123;119;109;119;113;135;91;78;86;74;83;97;76;97
78.0;124;120;109;120;114;135;85;76;89;72;86;95;81;94
84.0;126;121;111;118;114;138;86;76;88;74;87;91;78;92
90.0;126;123;113;119;113;138;85;76;87;77;88;91;75;89
96.0;128;124;115;122;117;136;80;76;84;80;88;92;71;87
102.0;130;126;115;119;116;136;83;80;84;78;80;94;72;87
108.0;132;127;116;120;117;134;81;81;83;80;80;91;72;86
114.0;130;128;118;119;115;137;85;79;80;86;85;88;68;82
120.0;132;128;117;127;115;138;86;75;75;85;82;91;68;81
126.0;133;130;122;128;112;138;85;74;69;88;85;91;65;80
132.0;134;132;125;129;113;135;81;73;70;90;86;94;61;77
138.0;140;132;125;131;115;135;81;72;69;91;84;93;60;72
144.0;139;134;126;129;117;134;78;73;71;94;83;90;59;73
150.0;137;136;126;132;118;133;77;72;72;95;81;90;58;73
156.0;141;141;128;129;118;132;73;72;76;93;79;87;58;73
162.0;140;142;130;128;119;130;73;73;78;94;78;88;56;71
168.0;144;146;130;128;119;129;76;68;77;90;75;85;61;72
174.0;148;151;130;126;119;130;72;72;74;90;74;86;61;67
180.0;152;157;132;128;120;123;68;71;71;89;75;86;61;67
186.0;152;157;129;129;122;124;67;74;73;90;74;86;60;63
192.0;154;159;130;130;125;125;67;66;68;92;75;88;58;63
198.0;156;162;133;129;128;125;65;66;69;93;72;87;58;57
204.0;157;166;129;127;132;125;62;66;72;93;70;84;60;57
210.0;158;165;127;132;128;127;62;64;69;94;69;85;62;58
216.0;159;164;122;134;130;125;62;67;71;95;70;84;60;57
222.0;162;163;120;136;131;127;64;67;72;92;71;81;59;55
228.0;165;170;118;137;129;124;64;67;72;86;72;83;59;54
234.0;166;171;117;140;130;126;66;63;74;82;73;84;54;54
240.0;168;175;117;140;130;126;66;58;72;81;72;84;55;56
246.0;165;175;124;143;135;125;65;56;70;80;74;80;53;55
252.0;167;174;124;143;135;126;68;54;69;77;72;80;57;54
258.0;166;173;128;145;135;129;65;55;68;74;74;77;56;55
264.0;162;175;129;150;135;129;65;54;72;73;73;75;54;54
270.0;167;176;131;148;135;129;63;51;70;71;74;74;57;54
276.0;169;176;127;152;132;128;64;56;68;73;75;71;54;55
282.0;169;176;127;155;134;127;64;55;71;73;76;67;52;54
288.0;169;178;126;153;139;127;59;53;72;71;81;66;54;52
294.0;166;175;127;154;138;132;66;50;68;70;77;67;57;53
300.0;166;174;126;156;141;131;67;53;68;68;73;64;58;55
306.0;168;174;129;154;140;128;69;55;71;65;71;61;60;55
312.0;171;172;127;151;137;128;68;55;73;60;73;60;66;59
318.0;177;172;130;151;134;129;65;54;73;60;70;58;66;61
324.0;181;172;132;148;135;131;66;54;69;63;69;54;66;60
330.0;179;173;131;148;135;135;64;54;69;61;72;51;63;65
336.0;180;175;131;146;134;134;66;57;69;63;66;50;61;68
342.0;179;172;129;145;134;131;67;57;68;66;64;53;65;70
348.0;179;171;135;142;136;132;62;61;68;67;62;52;62;71
354.0;176;170;139;143;137;131;63;59;67;66;65;48;65;71
360.0;175;170;140;141;135;130;60;65;68;66;63;50;67;70
366.0;178;169;144;139;136;131;59;64;68;68;61;48;67;68
372.0;180;170;145;137;131;132;61;64;65;67;62;52;68;66
378.0;180;172;144;139;135;131;59;64;66;67;64;51;65;63
384.0;179;171;143;142;135;129;63;64;65;67;63;53;62;64
390.0;177;168;139;142;136;129;64;61;69;66;69;54;63;63
396.0;180;167;139;146;136;133;64;60;69;61;66;56;62;61
402.0;184;167;139;143;132;134;62;65;70;59;67;59;58;61
408.0;181;168;139;141;134;135;62;68;69;61;64;58;57;63
414.0;182;168;141;142;133;129;66;69;67;61;64;58;58;62
420.0;186;170;140;143;132;129;65;68;67;66;58;57;56;63
426.0;186;172;137;140;130;129;65;67;67;69;58;56;60;64
432.0;190;172;137;137;127;131;64;66;67;65;56;57;64;67
438.0;195;169;138;137;125;131;65;65;69;61;58;59;65;63
444.0;197;171;139;136;127;129;64;60;74;64;56;57;63;63
450.0;195;175;135;140;127;128;64;60;77;64;55;57;61;62
456.0;197;180;136;141;126;129;66;59;72;64;54;55;59;62
462.0;197;179;133;141;124;128;71;60;73;62;56;54;57;65
468.0;198;180;139;139;125;130;71;61;73;59;53;53;54;65
474.0;200;182;138;138;127;126;72;58;73;58;56;54;54;64
480.0;198;184;136;134;130;126;70;57;73;60;59;59;49;65
486.0;196;187;136;136;129;128;70;56;72;60;57;59;54;60
492.0;196;187;132;140;128;132;70;54;70;60;58;57;52;64
498.0;198;186;127;143;128;130;66;55;70;63;57;57;54;66
504.0;198;187;123;144;128;126;61;59;71;63;59;58;59;64
510.0;197;185;128;141;131;125;58;62;71;66;57;55;61;63
516.0;197;186;136;140;136;127;59;63;65;63;51;53;62;62
522.0;197;186;139;142;133;127;60;63;64;62;51;53;60;63
528.0;191;187;136;144;130;129;64;60;63;60;53;58;62;63
534.0;193;188;137;143;131;131;64;62;60;59;53;59;61;59
540.0;192;187;138;146;133;134;66;61;61;56;51;61;59;55
546.0;191;190;137;146;132;134;65;63;67;58;52;61;52;52
552.0;191;190;135;146;129;136;65;66;65;57;57;60;52;51
558.0;188;194;139;143;130;136;68;64;61;59;60;60;47;51
564.0;188;195;137;141;130;137;67;63;60;59;58;60;55;50
570.0;190;194;141;141;128;134;67;66;55;62;60;63;51;48
576.0;190;191;142;145;129;132;66;68;54;61;60;61;52;49
582.0;189;192;142;147;128;133;64;69;54;58;61;61;54;48
588.0;187;190;145;150;129;133;62;66;55;62;55;58;55;53
594.0;192;188;141;149;128;134;67;65;55;61;52;57;55;56
600.0;195;191;139;144;131;131;66;68;56;60;52;57;57;53
606.0;197;197;141;142;127;131;71;63;56;62;54;57;52;50
612.0;200;198;138;140;128;136;62;62;58;62;56;61;51;48
618.0;196;198;137;134;127;139;63;61;58;64;61;62;51;49
624.0;195;198;136;137;131;138;60;58;62;59;58;64;54;50
630.0;196;195;135;135;129;137;58;57;64;60;63;62;57;52
636.0;197;200;132;136;128;138;61;60;61;58;61;63;54;51
642.0;197;201;132;137;124;135;59;62;60;63;62;61;57;50
648.0;194;199;132;137;128;135;58;65;58;65;61;59;58;51
654.0;197;204;134;133;125;130;53;67;58;70;63;59;59;48
660.0;198;204;134;133;125;132;54;64;55;65;64;62;60;50
666.0;201;206;140;137;122;130;47;67;55;65;59;58;61;52
672.0;199;207;140;138;122;130;42;67;56;65;64;58;59;53
678.0;197;208;141;140;123;128;44;66;57;69;61;54;59;53
684.0;200;206;142;139;120;129;45;63;57;68;60;54;62;55
690.0;200;209;142;139;122;129;47;65;52;64;54;56;64;57
696.0;199;209;143;139;122;129;46;64;49;63;56;55;67;59
702.0;204;211;144;142;122;124;46;63;49;59;57;53;65;61
708.0;204;212;142;140;122;123;46;67;49;62;57;52;63;61
714.0;204;215;143;140;121;121;49;70;47;58;57;50;63;62
720.0;204;217;142;140;125;121;47;68;48;56;56;50;66;60
726.0;207;215;145;141;125;119;46;66;51;56;54;48;70;57
732.0;207;218;146;139;129;120;43;64;52;55;53;46;70;58
738.0;209;217;143;143;132;116;43;64;50;55;53;47;71;57
744.0;211;221;143;138;129;119;41;63;51;53;54;48;69;60
750.0;205;221;143;136;126;121;42;69;54;54;51;51;67;60
756.0;202;222;144;135;127;123;42;69;53;56;52;50;67;58
762.0;199;221;146;136;126;123;45;70;53;57;51;52;63;58
768.0;200;220;150;133;125;122;45;72;56;58;51;54;57;57
774.0;198;222;151;136;126;123;45;73;54;55;51;54;55;57
780.0;198;223;150;134;128;122;49;70;55;53;50;54;56;58
786.0;201;224;150;135;131;123;50;67;51;53;52;50;56;57
792.0;200;225;152;136;126;120;52;67;53;56;53;49;55;56
798.0;198;220;154;136;128;125;53;63;50;55;53;54;54;57
804.0;201;220;152;138;132;122;54;62;51;55;51;55;56;51
810.0;197;225;153;134;132;123;55;57;50;54;54;57;54;55
816.0;196;224;154;130;131;124;55;56;55;56;54;60;53;52
822.0;195;225;158;133;130;124;58;57;54;56;53;59;51;47
828.0;198;226;154;134;125;124;64;52;56;58;55;60;49;45
834.0;197;225;156;137;126;123;63;48;55;58;53;60;53;46
840.0;198;226;153;133;134;127;61;48;55;55;54;58;53;45
846.0;191;225;153;134;135;130;60;53;53;56;52;57;55;46
852.0;189;228;152;137;135;131;60;54;51;59;52;54;52;46
858.0;190;230;152;133;135;134;58;52;51;59;49;56;49;52
864.0;190;231;150;133;138;132;60;51;53;56;47;57;49;53
870.0;190;227;148;135;145;133;58;53;53;54;46;58;46;54
876.0;191;229;148;135;143;132;59;53;51;55;45;60;44;55
882.0;191;230;145;136;146;130;56;55;50;54;47;61;44;55
888.0;190;228;141;134;147;129;60;55;54;53;47;61;43;58
894.0;191;229;140;131;145;131;62;59;50;47;48;64;46;57
900.0;192;230;141;132;147;127;58;57;52;47;49;66;43;59
906.0;192;227;139;136;151;124;58;54;55;48;49;62;46;59
912.0;192;229;137;135;150;127;57;52;56;52;45;61;49;58
918.0;192;228;138;134;150;127;57;51;55;52;49;61;50;56
924.0;191;230;141;134;150;125;59;52;54;51;50;62;48;53
930.0;197;226;139;131;145;127;59;50;51;57;52;66;47;53
936.0;199;223;137;131;147;128;56;48;49;62;53;66;49;52
942.0;202;217;139;132;150;127;54;49;49;64;53;62;52;50
948.0;203;215;139;135;150;128;55;47;46;63;51;61;52;55
954.0;206;218;138;133;150;129;54;47;44;62;50;63;53;53
960.0;210;216;137;135;149;130;53;50;47;58;49;63;55;48
966.0;208;215;142;129;148;130;58;51;47;58;52;59;56;47
972.0;210;212;142;129;146;133;60;53;49;56;51;58;54;47
978.0;210;210;143;131;140;137;60;50;52;58;48;57;54;50
984.0;211;208;144;132;139;138;58;52;53;57;51;54;51;52
990.0;210;206;138;131;141;141;57;54;53;57;52;54;53;53
996.0;207;209;136;131;139;139;56;55;51;58;51;56;56;56
1002.0;207;209;133;131;140;138;59;55;49;60;48;57;57;57
1008.0;202;208;134;133;139;139;63;56;46;58;48;59;56;59
1014.0;200;210;137;131;137;141;60;58;52;55;48;59;56;56
1020.0;197;214;140;130;136;142;60;56;49;47;50;63;58;58
1026.0;201;215;137;132;133;141;60;56;50;46;51;63;57;58
1032.0;201;215;138;136;129;143;56;54;50;45;52;64;58;59
1038.0;201;213;137;136;125;144;58;49;55;47;56;64;60;55
1044.0;204;209;138;135;130;148;58;47;55;47;58;58;55;58
1050.0;203;206;137;136;127;148;62;51;56;48;53;58;57;58
1056.0;205;203;138;137;128;151;63;50;57;49;51;59;56;53
1062.0;209;207;135;132;129;152;61;53;58;50;50;56;56;52
1068.0;205;206;139;129;128;152;65;56;56;54;47;57;52;54
1074.0;203;206;137;130;127;153;65;55;60;56;47;55;51;55
1080.0;205;205;137;127;124;155;64;55;60;61;48;52;50;57
1086.0;204;204;135;126;128;152;59;56;64;60;49;52;53;58
1092.0;204;202;132;126;131;152;60;55;63;63;48;51;52;61
1098.0;204;200;129;124;127;154;62;56;67;62;44;56;53;62
1104.0;205;203;123;126;125;149;62;57;68;62;44;58;57;61
1110.0;204;207;122;127;124;145;64;60;69;61;41;60;57;59
1116.0;203;206;124;126;127;147;61;61;62;63;44;57;58;61
1122.0;205;204;122;126;126;147;63;60;63;62;47;59;58;58
1128.0;212;203;124;131;127;149;63;56;62;63;48;52;55;55
1134.0;212;199;125;129;129;149;62;59;63;64;49;51;53;56
1140.0;211;203;126;128;130;148;63;57;64;61;48;51;51;59
1146.0;213;203;128;129;124;147;61;57;62;64;47;51;51;63
1152.0;211;206;126;131;124;150;59;56;60;63;46;55;51;62
1158.0;211;209;128;133;121;149;59;58;57;65;47;51;50;62
1164.0;209;206;128;131;120;150;57;61;55;66;49;54;52;62
1170.0;210;207;132;132;119;147;57;60;57;65;47;54;54;59
1176.0;206;207;133;133;120;146;54;61;55;65;50;55;53;62
1182.0;208;207;133;130;120;144;54;60;55;65;50;55;54;65
1188.0;210;207;135;128;117;148;54;61;54;68;48;52;55;63
1194.0;209;206;133;121;122;152;58;59;52;69;46;56;59;58
1200.0;212;204;134;119;127;151;62;59;52;67;43;55;57;58
1206.0;210;201;133;120;128;152;63;61;55;66;42;50;59;60
1212.0;207;199;128;122;127;158;60;64;55;64;45;48;61;62
1218.0;208;199;126;121;128;155;61;64;56;65;42;48;65;62
1224.0;209;199;127;122;127;155;61;64;56;66;44;47;63;60
1230.0;207;199;126;123;127;156;61;62;56;69;43;49;64;58
1236.0;206;198;122;128;132;152;61;63;54;67;43;50;69;55
1242.0;206;197;125;128;131;152;61;62;56;67;42;48;70;55
1248.0;207;200;123;135;131;149;63;56;56;71;41;45;66;57
1254.0;210;201;121;135;132;148;63;56;56;73;46;43;64;52
1260.0;211;201;125;134;132;146;63;56;54;75;44;42;65;52
1266.0;208;198;125;136;133;145;62;53;57;75;46;41;68;53
1272.0;210;204;130;136;133;148;62;49;54;72;43;39;66;54
1278.0;210;204;132;142;132;148;58;48;57;71;42;37;63;56
1284.0;206;206;132;140;134;146;57;49;59;72;42;36;65;56
1290.0;207;205;132;140;133;146;57;48;62;72;40;38;66;54
1296.0;207;204;133;139;134;143;59;49;63;70;43;39;67;50
1302.0;204;209;133;139;139;139;54;49;66;63;43;43;66;53
1308.0;205;208;132;137;139;139;52;46;66;63;45;48;66;54
1314.0;206;211;133;130;138;142;53;44;65;64;50;42;67;55
1320.0;204;214;136;126;139;143;50;46;61;63;51;43;69;55
1326.0;206;211;136;128;141;146;51;46;58;62;49;38;72;56
1332.0;204;209;137;128;143;149;51;47;59;61;50;37;70;55
1338.0;201;210;134;131;146;147;48;52;58;63;52;35;68;55
1344.0;202;213;137;131;144;141;46;53;59;64;52;33;69;56
1350.0;204;214;135;132;145;140;43;52;57;65;53;35;69;56
1356.0;207;214;137;134;142;138;45;54;59;63;52;36;65;54
1362.0;209;212;139;133;142;141;46;50;61;63;51;34;64;55
1368.0;213;211;134;134;141;140;48;49;63;61;49;36;65;56
1374.0;213;213;131;134;141;143;49;48;66;64;51;34;65;48
1380.0;210;213;130;134;139;142;49;51;65;62;49;37;63;56
1386.0;209;211;128;134;137;141;47;53;66;63;51;39;62;59
1392.0;209;210;128;137;136;139;50;53;67;66;50;42;60;53
1398.0;208;211;128;137;136;133;50;56;64;64;56;45;58;54
1404.0;208;211;131;136;137;133;49;58;63;65;58;43;54;54
1410.0;207;212;131;134;137;133;48;58;64;67;60;46;51;52
1416.0;208;210;130;136;137;134;47;56;63;64;63;50;51;51
1422.0;205;214;131;138;136;133;48;57;60;62;62;51;49;54
1428.0;207;218;130;136;132;137;48;59;54;60;64;49;52;54
1434.0;205;220;129;133;131;139;46;59;55;60;64;51;53;55
1440.0;206;220;129;131;131;138;47;59;56;58;66;52;53;54
1446.0;210;216;129;133;134;136;46;58;57;60;71;49;51;50
1452.0;211;219;129;134;134;134;44;57;57;59;70;47;51;54
1458.0;209;220;128;131;136;132;44;59;54;60;68;50;55;54
1464.0;209;222;131;130;136;132;45;58;56;55;68;46;58;54
1470.0;210;225;131;132;134;130;43;57;57;54;70;47;57;53
1476.0;209;223;130;133;138;127;43;57;58;56;68;47;58;53
1482.0;206;227;129;134;139;128;44;58;56;57;66;48;55;53
1488.0;210;226;126;132;140;127;43;57;57;57;65;51;56;53
1494.0;208;227;127;131;142;126;44;54;59;54;67;54;56;51
1500.0;205;226;127;133;143;123;44;57;59;54;67;55;54;53
1506.0;204;227;126;131;144;125;44;58;56;56;63;57;57;52
1512.0;203;228;126;133;142;125;46;55;53;54;66;56;57;56
1518.0;208;228;126;133;142;123;44;58;53;54;66;60;52;53
1524.0;212;225;126;131;142;121;48;59;56;52;65;59;51;53
1530.0;215;227;127;126;145;123;51;59;55;47;62;56;54;53
1536.0;218;225;125;123;144;122;50;61;53;48;64;58;57;52
1542.0;217;225;125;124;136;125;53;62;54;45;64;59;56;55
1548.0;219;225;126;121;136;126;54;66;51;49;61;58;56;52
1554.0;223;222;123;123;136;127;54;67;52;49;62;58;55;49
1560.0;224;226;120;122;137;124;54;64;55;53;64;59;52;46
1566.0;225;225;123;121;136;124;57;65;54;52;65;57;50;46
1572.0;229;225;123;120;135;127;57;61;47;54;67;58;51;46
1578.0;227;227;121;119;141;131;59;62;44;51;65;57;50;46
1584.0;226;226;121;118;141;132;62;63;47;52;60;59;48;45
1590.0;228;228;121;117;139;136;63;62;49;49;59;54;49;46
1596.0;226;227;123;118;141;140;62;65;47;46;56;53;55;41
1602.0;227;227;123;119;138;143;62;64;48;46;60;52;51;40
1608.0;224;229;124;122;138;145;58;64;49;48;57;52;50;40
1614.0;226;231;121;121;137;145;60;62;50;50;58;52;48;39
1620.0;223;232;118;123;136;145;63;59;50;46;56;55;51;43
1626.0;222;229;115;124;138;146;64;59;50;49;59;51;49;45
1632.0;222;228;112;127;143;145;61;60;48;52;62;49;48;43
1638.0;224;230;117;125;141;143;61;60;48;55;61;47;46;42
1644.0;226;234;120;125;138;141;62;58;47;52;58;53;46;40
1650.0;226;233;120;123;138;141;65;60;48;50;62;49;49;36
1656.0;228;227;121;121;138;141;63;62;46;46;64;53;51;39
1662.0;229;227;124;123;141;139;61;58;48;44;61;56;52;37
1668.0;228;227;123;123;141;138;62;61;48;46;60;55;50;38
1674.0;222;226;123;127;139;139;61;64;49;51;61;53;48;37
1680.0;226;222;122;121;138;140;61;65;50;50;63;54;49;39
1686.0;223;222;122;119;141;137;65;70;51;51;57;54;46;42
1692.0;227;219;121;114;143;140;64;69;51;52;54;56;45;45
1698.0;230;219;122;117;144;139;62;67;48;53;54;53;46;46
1704.0;230;221;128;118;141;141;58;69;44;52;55;52;45;46
1710.0;232;219;129;119;137;145;59;66;46;54;51;52;47;44
1716.0;231;222;127;119;140;141;54;66;46;54;51;52;50;47
1722.0;231;222;129;114;138;142;54;62;45;54;54;55;52;48
1728.0;231;220;131;116;136;139;55;61;47;52;58;53;55;46
1734.0;225;224;128;115;142;140;55;63;46;53;55;56;54;44
1740.0;227;221;130;114;143;142;52;63;46;56;56;54;55;41
1746.0;225;223;130;111;140;144;52;62;45;56;58;58;54;42
1752.0;223;221;128;111;143;144;52;59;47;58;58;59;52;45
1758.0;223;221;131;112;139;143;58;54;44;57;60;57;51;50
1764.0;224;221;134;114;142;138;60;52;43;54;63;56;50;49
1770.0;224;221;135;114;144;139;57;51;42;52;61;57;53;50
1776.0;223;218;137;114;145;138;56;53;41;52;63;58;53;49
1782.0;222;217;137;112;146;140;56;52;42;53;66;53;56;48
1788.0;223;217;137;118;145;139;53;57;39;52;63;52;58;47
1794.0;225;215;137;120;143;137;51;60;38;51;62;54;59;48
1800.0;225;211;133;119;144;133;53;56;42;58;65;53;59;49
1806.0;224;213;132;120;143;134;53;54;42;55;63;55;62;50
1812.0;226;212;132;120;144;138;50;52;41;59;61;54;61;50
1818.0;226;215;130;121;142;135;53;51;41;63;60;51;63;49
1824.0;225;223;132;120;141;138;49;53;42;61;61;51;53;51
1830.0;226;222;132;117;138;137;53;53;44;60;62;48;55;53
1836.0;226;220;130;117;134;137;55;52;41;63;61;54;55;55
1842.0;229;220;131;116;131;143;55;49;41;64;60;52;53;56
1848.0;229;221;131;117;135;145;47;47;42;67;57;51;54;57
1854.0;230;221;132;114;133;145;49;45;44;67;57;51;55;57
1860.0;229;222;133;111;136;142;51;46;46;69;58;48;53;56
1866.0;233;222;134;107;137;143;49;50;44;70;59;46;49;57
1872.0;233;217;135;110;137;144;47;49;46;70;57;45;50;60
1878.0;233;218;134;108;134;145;47;47;46;71;58;51;49;59
1884.0;230;220;133;102;132;146;48;44;46;70;60;52;51;66
1890.0;233;218;137;101;131;146;44;43;50;63;61;52;52;69
1896.0;233;220;136;100;129;148;44;44;50;65;62;53;46;70
1902.0;233;218;137;106;127;148;45;46;49;68;60;52;46;65
1908.0;229;220;139;106;128;149;46;48;50;59;59;53;50;64
1914.0;227;220;140;102;129;150;42;49;51;57;59;53;56;65
1920.0;224;219;139;104;131;153;40;49;50;60;55;50;60;66
1926.0;225;217;141;101;134;155;40;50;50;55;55;50;62;65
1932.0;227;218;139;102;133;157;40;48;46;55;59;51;57;68
1938.0;228;220;137;101;128;160;40;48;50;51;63;50;57;67
1944.0;225;221;137;106;128;159;43;53;50;51;61;48;49;69
1950.0;224;217;138;106;128;160;45;52;53;48;59;48;50;72
1956.0;222;217;137;110;130;157;46;51;52;48;63;46;50;71
1962.0;220;217;137;112;132;156;50;51;51;46;65;48;51;64
1968.0;221;213;137;113;131;157;53;53;49;45;61;49;53;65
1974.0;226;213;138;113;127;159;54;51;50;45;57;47;53;67
