#auto generated file!
12.0;71;69;61;70;81;78;62;73;81;77;68;67;68;74
18.0;74;70;62;66;84;79;60;75;80;75;62;67;70;76
24.0;78;76;63;66;84;83;63;72;74;75;60;63;70;73
30.0;81;78;60;66;85;84;64;75;72;74;58;64;69;70
36.0;83;77;60;69;86;85;64;69;70;75;55;60;73;74
42.0;85;78;60;70;89;84;61;73;71;74;55;56;72;72
48.0;86;80;62;72;88;86;60;72;69;73;58;58;69;67
54.0;90;81;63;75;90;90;61;68;66;73;55;61;64;63
60.0;89;82;66;81;91;94;59;63;67;73;52;57;65;61
66.0;89;84;65;81;99;93;61;61;68;74;50;53;63;59
72.0;90;84;65;81;103;95;62;61;70;75;46;52;60;56
78.0;92;86;70;81;102;95;59;61;67;75;47;52;55;58
84.0;96;88;72;81;105;95;56;54;70;68;51;55;54;55
90.0;98;88;74;82;107;93;56;54;70;65;50;56;51;56
96.0;97;88;76;82;110;93;56;53;70;63;50;56;52;54
102.0;96;92;74;82;108;94;54;54;70;65;51;56;51;53
108.0;99;93;77;84;107;97;56;51;70;64;50;55;49;48
114.0;99;94;80;85;103;99;54;49;66;68;51;57;49;46
120.0;97;95;81;85;102;103;52;47;65;67;53;58;48;47
126.0;96;96;81;86;102;104;53;45;68;66;53;56;47;47
132.0;96;97;81;83;104;103;54;44;66;64;56;56;51;45
138.0;96;100;80;82;102;104;56;42;66;61;57;57;51;46
144.0;96;99;84;81;102;100;52;43;70;57;55;57;55;49
150.0;96;101;86;80;103;101;50;43;71;56;51;58;56;48
156.0;94;101;86;78;103;105;50;43;71;53;55;55;58;48
162.0;94;104;88;79;105;104;48;47;73;51;52;54;54;47
168.0;92;104;90;81;103;101;48;48;69;52;52;53;61;46
174.0;96;106;87;83;103;102;46;48;66;52;52;52;60;47
180.0;96;104;88;84;106;103;49;49;65;53;51;47;57;48
186.0;96;102;88;85;105;102;51;51;68;50;51;48;54;49
192.0;94;103;90;83;108;100;50;52;67;51;50;48;54;50
198.0;95;105;90;82;110;101;48;51;66;52;54;46;52;48
204.0;94;108;91;80;110;101;49;52;61;54;51;48;54;47
210.0;93;110;92;80;112;101;51;50;61;52;48;49;55;46
216.0;92;114;91;81;114;98;52;49;62;49;47;50;53;48
222.0;91;116;93;80;112;100;55;51;63;50;47;49;48;45
228.0;94;119;93;82;111;96;54;49;61;50;50;47;47;47
234.0;96;117;93;82;111;99;55;50;59;45;51;47;46;49
240.0;98;118;93;81;113;99;54;50;62;44;51;42;50;45
246.0;103;121;96;77;114;101;52;47;59;46;53;39;48;44
252.0;105;123;98;78;111;98;51;48;57;44;53;41;49;44
258.0;106;129;100;77;109;100;51;47;55;45;54;37;50;40
264.0;107;128;103;80;107;102;54;44;53;46;51;34;52;39
270.0;108;129;103;82;106;103;56;45;52;46;52;31;48;39
276.0;110;131;99;80;107;107;55;45;45;47;56;33;48;37
282.0;115;128;101;79;107;108;56;46;44;45;57;33;45;36
288.0;117;130;103;80;108;108;58;45;43;43;52;34;46;33
294.0;119;129;101;81;106;106;58;46;45;43;48;37;47;34
300.0;117;129;104;81;107;106;59;49;40;43;48;38;47;32
306.0;117;130;106;81;107;105;58;52;38;43;48;38;45;32
312.0;115;129;105;82;109;105;54;53;38;46;48;37;47;32
318.0;115;126;102;84;111;105;55;51;37;48;46;38;46;36
324.0;117;127;102;81;109;103;54;49;40;48;46;39;47;38
330.0;115;129;104;80;107;103;53;50;41;48;46;38;49;37
336.0;113;129;99;79;111;102;53;49;42;47;49;40;50;37
342.0;114;131;97;77;114;103;52;47;41;46;47;42;49;40
348.0;115;126;102;76;118;105;50;47;39;46;45;44;47;40
354.0;115;126;102;77;119;103;51;46;39;47;43;44;47;41
360.0;117;130;101;77;119;103;51;45;38;41;44;45;47;42
366.0;117;132;100;78;123;98;52;43;37;44;43;46;48;39
372.0;119;131;100;75;122;97;52;42;39;46;42;46;47;42
378.0;116;133;100;77;123;96;53;42;41;47;40;44;45;43
384.0;117;132;96;80;121;95;54;43;39;48;40;45;47;43
390.0;117;134;98;81;117;94;53;41;40;49;40;44;48;44
396.0;119;133;98;80;114;94;54;41;41;49;43;44;48;42
402.0;123;133;97;79;111;93;56;42;41;51;43;41;47;43
408.0;121;134;95;79;115;95;54;38;43;49;43;44;46;44
414.0;124;134;95;78;112;99;49;36;41;48;44;46;50;44
420.0;125;134;93;80;112;97;48;37;40;47;48;45;47;47
426.0;128;131;96;80;114;92;47;37;42;45;46;46;49;47
432.0;126;132;97;78;112;93;45;36;44;47;46;47;47;50
438.0;124;133;97;80;116;91;43;35;45;49;46;44;48;49
444.0;125;135;99;79;116;96;42;34;44;45;47;44;49;45
450.0;127;136;96;79;115;96;41;32;45;44;46;41;55;47
456.0;129;138;95;80;116;98;41;31;45;42;44;40;54;47
462.0;127;142;97;81;113;95;43;33;42;41;46;41;53;46
468.0;129;144;95;81;115;97;44;31;41;42;48;38;50;45
474.0;130;146;94;82;113;94;42;32;39;42;50;40;50;46
480.0;129;147;94;81;115;92;41;35;41;42;48;39;53;43
486.0;127;148;94;80;116;89;41;35;46;44;47;38;53;42
492.0;131;149;92;77;115;87;40;34;46;46;47;39;54;43
498.0;129;151;92;78;116;88;40;33;45;43;48;37;56;44
504.0;126;151;89;76;114;91;42;29;47;49;49;36;58;43
510.0;128;151;89;76;114;92;45;30;44;50;46;36;59;40
516.0;129;150;87;76;119;95;46;31;38;46;45;38;58;42
522.0;127;150;86;75;119;95;48;33;37;47;48;37;56;42
528.0;126;152;87;80;117;94;49;31;35;45;52;39;53;40
534.0;124;150;89;81;116;97;49;30;37;45;51;39;54;38
540.0;125;150;90;81;115;97;49;30;36;50;49;41;52;35
546.0;130;146;91;82;117;98;48;29;34;49;46;43;52;35
552.0;130;146;90;83;118;103;43;29;37;48;45;43;51;34
558.0;132;152;90;82;117;102;43;32;37;45;43;42;51;32
564.0;136;150;90;82;116;103;42;31;36;47;42;41;49;35
570.0;136;151;88;84;114;104;39;33;39;46;40;43;47;36
576.0;137;147;90;82;113;102;40;34;41;47;38;44;51;34
582.0;139;148;87;83;114;104;43;35;40;44;39;37;52;35
588.0;141;151;86;85;112;104;47;36;37;44;37;40;48;32
594.0;138;152;86;85;112;107;45;39;38;45;36;39;46;32
600.0;136;153;84;86;112;107;45;39;37;44;38;39;47;33
606.0;138;153;81;91;111;106;45;39;34;44;36;37;50;35
612.0;138;156;83;91;111;104;46;36;36;44;37;37;47;34
618.0;140;155;81;92;107;104;52;38;34;44;35;39;45;34
624.0;140;152;82;94;110;105;50;39;36;39;39;38;38;38
630.0;142;151;79;98;111;105;48;38;35;42;40;39;34;38
636.0;137;152;78;99;114;102;49;35;37;45;39;37;34;42
642.0;136;154;76;100;114;102;49;36;38;45;38;35;34;43
648.0;135;155;77;102;113;100;49;34;37;43;37;35;37;46
654.0;135;158;76;101;116;101;48;30;36;42;37;37;38;45
660.0;133;161;75;104;113;97;51;30;35;41;39;38;36;47
666.0;132;159;76;104;112;98;51;27;36;41;39;41;39;45
672.0;129;154;74;104;112;99;52;27;37;43;39;41;42;47
678.0;132;152;75;101;112;102;54;23;36;46;37;43;42;45
684.0;133;152;76;102;112;104;51;23;38;46;36;41;41;45
690.0;136;153;80;102;108;104;50;24;38;45;34;39;42;45
696.0;136;150;82;102;104;104;52;23;41;45;38;40;41;42
702.0;137;151;81;103;105;105;54;23;41;42;38;41;38;41
708.0;139;151;84;104;105;101;52;24;42;44;33;41;37;43
714.0;139;152;85;107;103;104;50;27;42;42;31;38;35;45
720.0;138;150;85;110;100;103;44;26;44;44;37;40;36;43
726.0;135;152;84;110;101;102;46;28;42;41;39;40;37;43
732.0;137;150;86;109;102;104;46;29;38;40;38;40;36;45
738.0;134;149;86;107;105;105;47;32;37;38;38;42;36;44
744.0;134;149;85;104;107;105;47;32;40;36;38;44;37;42
750.0;134;148;88;106;109;107;49;29;40;35;36;44;34;41
756.0;136;148;89;108;110;106;50;30;41;35;34;42;32;39
762.0;136;146;90;111;111;105;50;31;42;34;32;43;31;38
768.0;136;151;91;111;109;101;48;30;40;37;31;44;32;39
774.0;139;149;88;109;109;102;49;29;41;39;30;45;33;38
780.0;142;151;88;104;105;102;50;31;43;39;32;45;31;37
786.0;141;153;87;101;101;98;53;36;43;36;34;44;35;38
792.0;142;153;86;101;99;96;54;39;43;36;37;41;36;37
798.0;143;153;87;102;99;95;53;38;44;36;36;40;37;37
804.0;145;153;91;103;100;94;48;36;43;37;36;40;37;37
810.0;142;151;90;100;100;95;46;35;46;37;38;42;38;40
816.0;142;154;89;100;101;89;49;35;44;38;39;44;34;42
822.0;143;153;93;98;100;87;49;36;45;37;37;45;33;44
828.0;139;153;94;100;100;85;47;34;47;41;37;46;32;45
834.0;140;155;95;100;99;86;48;31;47;42;39;47;29;42
840.0;139;157;95;100;98;88;48;31;49;41;39;46;30;39
846.0;137;156;95;103;98;89;47;32;51;41;38;46;31;36
852.0;140;157;93;102;97;93;47;32;49;38;40;46;29;37
858.0;136;157;92;107;98;91;49;30;45;41;39;47;32;36
864.0;139;157;93;110;96;89;45;30;45;44;38;48;31;35
870.0;141;159;91;107;95;90;44;30;44;44;37;48;33;37
876.0;140;160;93;106;96;90;40;29;47;45;38;45;35;36
882.0;138;162;93;107;96;89;39;32;45;44;38;45;36;36
888.0;137;159;91;107;98;90;38;35;43;44;42;46;34;36
894.0;139;158;94;105;94;88;37;37;44;43;41;49;35;36
900.0;139;156;95;106;97;86;37;35;45;43;41;47;36;37
906.0;137;154;97;107;99;85;39;37;43;44;39;46;36;37
912.0;137;153;98;109;98;85;39;37;44;44;38;45;37;36
918.0;138;154;93;111;92;86;39;37;48;44;37;42;38;41
924.0;135;153;93;110;92;84;39;35;51;45;38;47;37;41
930.0;135;155;94;107;91;84;39;37;51;45;41;45;34;42
936.0;135;152;95;106;91;84;40;36;50;47;43;43;35;43
942.0;134;152;96;108;87;83;41;34;52;45;44;45;36;43
948.0;131;154;96;106;85;83;39;35;51;45;46;45;38;46
954.0;133;155;95;106;84;83;42;35;51;45;43;44;41;43
960.0;134;154;94;106;87;83;39;38;50;46;40;44;42;43
966.0;134;155;96;109;88;85;39;36;50;45;37;43;40;43
972.0;133;153;101;111;87;86;39;35;47;44;34;46;39;45
978.0;137;153;100;109;86;86;40;36;46;42;36;48;37;44
984.0;137;149;100;109;87;87;40;35;48;40;39;47;37;45
990.0;135;147;100;106;87;88;36;35;51;42;40;48;40;45
996.0;132;146;100;105;86;88;39;36;52;42;37;50;41;46
1002.0;132;148;100;102;87;88;43;35;54;42;37;48;40;44
1008.0;134;144;101;105;87;87;43;35;54;44;36;50;41;39
1014.0;134;145;99;105;86;89;44;36;49;45;36;51;41;40
1020.0;137;143;101;101;90;88;43;37;49;42;39;51;40;39
1026.0;139;142;100;99;90;89;43;37;48;43;40;49;40;41
1032.0;139;142;103;96;91;88;46;38;46;42;41;47;39;42
1038.0;140;142;104;94;91;89;47;40;45;43;39;44;38;44
1044.0;139;143;101;94;92;90;43;38;45;43;40;48;40;44
1050.0;138;147;102;94;91;95;42;38;45;42;39;47;39;41
1056.0;139;147;103;93;91;94;45;40;44;40;37;44;40;43
1062.0;139;148;103;97;92;94;45;39;40;41;38;42;39;43
1068.0;138;148;100;99;91;95;45;39;40;40;39;44;38;44
1074.0;138;148;99;103;92;93;47;40;39;38;40;42;38;43
1080.0;136;148;102;102;89;91;45;43;39;37;41;43;41;43
1086.0;135;148;100;104;84;95;45;43;39;37;42;40;41;47
1092.0;137;148;100;104;85;92;44;46;38;38;43;41;40;44
1098.0;138;147;102;103;85;95;43;42;34;43;41;45;38;44
1104.0;136;148;104;106;86;95;44;39;35;40;40;42;40;45
1110.0;136;150;108;105;84;95;44;38;34;40;39;43;39;45
1116.0;134;151;110;103;86;95;42;37;35;41;42;42;37;45
1122.0;135;154;112;102;87;93;42;36;33;40;41;38;39;48
1128.0;140;155;107;104;89;98;42;34;34;37;38;39;39;44
1134.0;137;153;104;107;89;101;43;34;31;37;40;40;39;45
1140.0;139;152;102;105;90;101;42;37;32;35;40;41;40;44
1146.0;142;154;101;103;89;102;43;37;32;32;41;44;37;43
1152.0;144;150;104;101;90;102;43;34;35;32;44;44;37;40
1158.0;146;151;104;102;92;103;41;33;36;31;40;42;38;41
1164.0;148;151;106;101;93;103;42;36;35;27;35;39;38;46
1170.0;147;150;105;104;94;101;41;35;34;26;35;41;39;48
1176.0;149;148;102;101;94;102;40;33;36;24;35;42;43;51
1182.0;146;149;99;103;93;101;44;33;36;21;35;45;46;49
1188.0;142;150;101;103;94;101;43;35;36;21;35;45;45;49
1194.0;139;149;101;101;95;104;44;37;37;20;37;43;42;51
1200.0;141;149;100;101;96;102;45;37;35;24;35;43;42;50
1206.0;140;148;100;98;97;104;47;39;33;27;34;43;41;49
1212.0;143;147;99;98;99;103;44;42;33;27;32;43;40;50
1218.0;145;150;99;95;98;104;42;41;33;27;31;46;37;52
1224.0;145;152;99;94;98;106;43;39;34;26;32;46;33;53
1230.0;143;152;97;94;100;109;47;40;30;26;34;44;34;50
1236.0;146;153;99;93;102;108;42;41;30;26;33;44;34;49
1242.0;146;156;97;93;102;106;43;41;31;25;32;43;35;50
1248.0;151;154;98;92;101;104;41;42;27;24;30;49;38;49
1254.0;153;153;100;93;97;103;43;45;26;23;32;51;38;43
1260.0;152;153;102;94;99;102;42;44;28;23;31;51;38;41
1266.0;153;154;103;95;99;99;41;44;29;26;32;48;38;39
1272.0;153;153;103;93;101;96;41;42;31;26;34;50;37;40
1278.0;152;153;105;94;100;95;39;42;32;27;35;49;37;40
1284.0;150;154;106;94;102;97;39;39;33;26;32;53;36;39
1290.0;151;151;107;93;102;96;39;39;33;25;32;53;36;43
1296.0;151;151;108;90;101;96;41;39;34;23;30;55;38;43
1302.0;147;151;107;92;98;95;43;40;35;21;34;52;40;45
1308.0;150;153;106;90;96;93;43;41;38;22;34;50;40;44
1314.0;150;152;104;86;94;96;45;39;39;24;35;51;41;44
1320.0;150;156;106;85;92;95;49;37;37;23;32;53;41;44
1326.0;152;158;105;88;93;97;52;33;33;22;30;50;43;44
1332.0;151;155;106;86;95;99;52;34;33;22;31;51;40;45
1338.0;152;155;106;87;93;97;52;35;33;20;32;51;41;46
1344.0;151;153;104;86;94;99;48;34;35;21;33;51;40;51
1350.0;154;154;106;86;94;95;46;33;35;21;34;51;39;52
1356.0;154;153;106;89;94;95;45;33;34;24;34;47;38;54
1362.0;158;150;108;91;93;95;44;36;32;25;35;46;37;50
1368.0;155;153;112;89;95;92;41;35;35;24;36;48;38;47
1374.0;152;151;109;86;96;91;46;41;35;26;35;46;40;46
1380.0;151;150;108;89;93;93;45;39;39;29;34;45;39;46
1386.0;155;150;108;87;91;94;43;41;40;30;34;44;38;45
1392.0;156;150;108;85;91;95;44;40;39;31;36;44;38;43
1398.0;157;152;106;82;88;97;43;42;35;34;38;44;40;42
1404.0;157;152;104;81;91;96;45;43;37;33;39;42;37;43
1410.0;153;155;104;81;93;95;44;42;40;35;39;44;34;41
1416.0;152;154;106;82;92;96;47;42;34;34;39;48;31;43
1422.0;152;155;106;81;93;99;44;41;34;36;38;45;36;40
1428.0;150;156;106;80;93;103;45;40;33;34;39;45;36;40
1434.0;150;158;105;79;94;99;42;41;32;35;39;45;40;41
1440.0;152;157;107;80;93;99;43;40;33;36;39;42;37;42
1446.0;152;156;111;79;94;100;37;36;36;37;35;41;41;45
1452.0;152;155;113;81;97;100;33;35;36;37;35;44;40;42
1458.0;150;156;110;81;97;99;33;35;38;37;36;44;43;41
1464.0;149;155;108;83;95;99;33;33;37;42;35;45;43;43
1470.0;149;157;103;83;96;99;34;36;36;43;35;42;44;43
1476.0;149;160;104;82;94;100;32;32;37;40;36;44;44;46
1482.0;150;161;106;79;92;101;30;34;35;39;39;45;43;46
1488.0;149;160;107;82;93;103;30;36;35;39;35;45;41;45
1494.0;149;160;107;83;91;107;28;35;33;39;39;47;38;44
1500.0;150;160;108;83;91;104;30;37;32;42;39;47;33;44
1506.0;153;158;108;81;93;101;34;37;35;41;41;45;28;45
1512.0;155;160;107;80;91;103;35;37;35;37;40;48;28;44
1518.0;152;161;106;80;91;104;35;40;36;40;38;44;29;44
1524.0;149;161;109;82;90;106;36;39;37;41;36;43;25;46
1530.0;149;159;108;80;89;105;36;38;37;40;38;45;28;48
1536.0;146;160;110;82;90;100;36;37;39;42;36;43;29;50
1542.0;148;159;109;82;89;98;37;36;40;45;36;44;29;48
1548.0;152;158;109;82;89;101;42;34;39;46;32;44;25;47
1554.0;154;155;110;83;88;104;42;34;40;42;33;45;25;45
1560.0;152;154;110;88;88;103;43;33;39;41;34;45;25;45
1566.0;154;153;110;88;87;100;44;33;39;39;34;48;26;45
1572.0;154;153;110;91;87;98;42;33;39;36;36;49;24;48
1578.0;154;152;111;91;88;97;44;36;38;35;35;48;23;48
1584.0;150;153;109;91;87;99;46;36;34;37;37;46;25;50
1590.0;148;154;109;93;88;96;40;35;37;39;38;47;28;48
1596.0;146;154;107;95;89;93;40;37;36;40;36;43;33;51
1602.0;146;155;107;98;88;97;36;35;34;41;32;47;34;50
1608.0;147;157;105;95;90;99;41;34;31;42;33;47;33;46
1614.0;146;159;105;95;90;99;41;32;32;40;31;48;35;47
1620.0;145;159;109;95;90;99;40;28;33;38;30;51;34;49
1626.0;143;159;109;94;93;97;43;26;31;37;29;55;34;50
1632.0;143;160;108;97;89;97;44;28;33;35;28;54;35;49
1638.0;144;158;109;97;90;97;41;28;35;35;28;53;35;50
1644.0;142;160;110;96;90;96;39;30;36;34;29;53;35;50
1650.0;144;156;111;93;94;99;38;30;37;35;29;52;34;48
1656.0;143;156;111;96;93;96;36;34;39;35;30;50;34;47
1662.0;141;158;111;97;91;97;38;34;39;32;31;48;35;48
1668.0;140;154;110;104;90;97;37;32;40;33;31;48;35;49
1674.0;144;156;110;101;92;96;34;33;40;28;33;48;35;50
1680.0;148;154;110;101;94;97;36;33;42;28;32;47;34;44
1686.0;149;153;107;104;95;100;33;32;42;30;34;46;35;40
1692.0;148;156;107;105;93;103;33;34;40;30;34;44;35;38
1698.0;149;155;108;105;93;103;33;34;38;28;33;44;33;44
1704.0;150;156;110;102;93;105;34;36;38;24;32;43;35;42
1710.0;149;158;112;103;97;104;33;37;37;27;30;41;33;39
1716.0;149;159;110;103;96;102;34;37;37;26;33;43;33;38
1722.0;148;157;113;103;95;102;33;36;36;26;32;42;34;43
1728.0;147;153;115;106;96;99;34;38;38;23;32;41;35;43
1734.0;149;156;115;107;96;94;35;37;36;25;31;42;33;44
1740.0;150;156;114;107;97;94;37;37;37;31;31;39;31;39
1746.0;154;159;114;106;94;95;36;36;35;30;33;38;31;39
1752.0;152;161;115;105;95;93;35;37;33;30;32;42;30;40
1758.0;153;160;114;100;94;97;35;36;32;30;34;44;32;39
1764.0;151;162;114;98;93;96;36;36;34;32;35;42;31;40
1770.0;149;164;114;100;95;98;32;36;34;33;35;41;31;38
1776.0;152;164;115;94;94;99;32;38;34;32;37;38;29;42
1782.0;150;161;115;94;94;100;34;37;35;33;37;37;27;46
1788.0;147;158;116;92;95;100;35;36;37;36;38;36;27;47
1794.0;146;157;112;91;97;102;37;39;39;38;36;37;26;43
1800.0;147;156;113;94;95;102;35;40;37;38;35;39;26;43
1806.0;142;153;116;93;96;99;36;41;36;43;37;37;27;44
1812.0;141;153;118;92;94;96;36;40;38;44;38;37;29;44
1818.0;140;154;119;96;94;94;35;41;39;42;36;37;28;45
1824.0;137;157;119;95;95;95;34;42;40;42;34;36;28;46
1830.0;137;156;117;97;94;100;32;40;40;41;35;37;29;45
1836.0;137;158;119;96;91;100;28;42;40;40;36;36;31;46
1842.0;138;156;118;97;91;101;27;41;43;37;35;36;35;45
1848.0;139;155;118;98;90;103;27;43;42;38;34;35;35;43
1854.0;141;152;115;98;90;102;26;42;42;40;37;35;37;43
1860.0;142;149;111;101;90;105;27;37;41;41;37;37;37;45
1866.0;142;148;111;101;91;109;27;36;41;40;38;35;38;43
1872.0;143;147;105;105;92;107;31;33;41;39;40;36;39;42
1878.0;146;143;106;107;91;107;31;35;38;41;41;35;39;40
1884.0;146;144;106;112;92;105;33;34;37;42;40;33;40;36
1890.0;146;140;105;114;92;105;31;35;37;43;39;33;42;38
1896.0;146;141;107;115;94;105;32;36;35;43;38;32;40;36
1902.0;144;141;111;112;95;106;32;36;34;44;33;34;41;37
1908.0;146;138;111;111;93;106;31;39;34;44;34;35;41;37
1914.0;146;138;111;110;95;105;32;39;33;46;33;34;41;37
1920.0;145;138;113;109;95;107;33;40;32;46;31;33;41;37
1926.0;142;138;114;107;94;106;36;41;35;43;31;35;41;37
1932.0;142;133;112;108;95;105;34;39;37;44;32;39;43;37
1938.0;140;134;115;109;92;106;33;41;38;45;31;39;39;38
1944.0;139;135;114;107;97;103;33;45;36;43;32;39;37;40
1950.0;140;131;114;110;95;102;32;44;36;44;32;42;37;41
1956.0;141;132;111;111;94;102;34;41;38;44;32;44;37;39
1962.0;142;131;111;111;96;103;34;43;39;43;30;42;35;40
1968.0;142;131;111;111;92;105;33;46;39;45;30;41;36;38
1974.0;143;131;111;109;92;101;34;50;39;44;34;41;36;35
