#auto generated file!
12.0;33;46;31;60;44;40;47;45;48;51;41;39;38;37
18.0;35;43;32;61;45;42;47;44;45;50;41;40;36;39
24.0;38;44;31;62;44;41;46;44;44;48;42;39;36;41
30.0;39;47;34;57;44;40;43;47;47;45;39;34;40;44
36.0;44;47;34;54;45;41;42;44;41;47;39;36;43;43
42.0;45;47;37;56;45;41;43;45;38;45;38;36;43;41
48.0;49;48;37;56;44;42;42;45;39;45;38;37;40;38
54.0;51;49;37;55;44;42;43;43;40;46;37;36;41;36
60.0;53;52;41;57;44;42;43;41;39;48;34;35;39;32
66.0;55;51;43;56;47;42;42;42;38;46;34;33;39;32
72.0;56;52;46;56;46;44;41;41;39;45;32;33;36;33
78.0;58;52;48;54;51;41;40;41;38;44;29;32;38;34
84.0;57;52;51;55;49;42;41;41;38;43;28;31;42;30
90.0;57;51;53;54;49;42;41;42;41;44;29;30;37;30
96.0;58;53;53;55;50;42;42;39;43;40;29;30;37;29
102.0;58;54;54;52;50;44;43;38;41;39;30;29;38;30
108.0;57;57;54;54;48;45;39;40;39;38;31;29;37;32
114.0;57;57;55;55;50;47;40;39;36;37;30;29;37;31
120.0;57;58;57;58;52;46;38;37;37;35;30;27;37;31
126.0;61;59;54;57;53;45;38;36;38;34;31;27;36;31
132.0;61;59;57;57;52;47;36;36;39;34;30;23;34;35
138.0;62;61;60;59;53;45;35;34;39;34;28;23;33;34
144.0;62;61;60;59;54;46;35;33;37;35;28;23;32;35
150.0;62;61;61;59;55;47;39;32;36;36;26;23;31;32
156.0;64;61;64;58;57;49;31;34;38;37;27;20;31;29
162.0;67;60;65;58;56;48;30;33;37;38;30;21;30;27
168.0;67;61;63;60;56;47;30;34;37;41;30;19;31;24
174.0;67;62;64;60;56;46;28;33;37;42;30;18;33;24
180.0;68;60;65;61;55;46;30;32;37;46;28;16;33;23
186.0;69;60;64;60;52;46;30;35;34;46;29;16;34;25
192.0;70;60;64;62;53;47;29;35;32;45;28;19;33;23
198.0;73;64;65;62;53;46;30;33;30;43;26;22;31;22
204.0;74;65;64;62;51;46;29;32;31;40;27;24;32;23
210.0;75;66;63;63;52;44;29;34;30;39;28;26;28;23
216.0;75;67;63;65;50;44;27;35;29;38;29;25;31;22
222.0;76;69;62;63;51;44;25;34;26;39;31;25;32;23
228.0;76;69;62;63;52;44;27;31;28;40;30;24;32;22
234.0;76;70;61;62;53;45;27;30;30;37;30;25;30;24
240.0;77;70;59;62;52;45;26;32;31;36;31;25;29;25
246.0;77;71;61;63;51;44;25;32;30;35;32;25;29;25
252.0;78;70;60;63;51;44;25;31;29;37;31;25;31;25
258.0;76;71;58;62;52;42;27;36;29;38;32;25;27;25
264.0;76;71;60;63;50;42;28;33;30;39;33;23;27;25
270.0;78;71;58;65;52;41;27;34;31;37;32;23;26;25
276.0;80;74;60;63;52;44;27;31;30;34;30;23;25;27
282.0;82;74;60;63;53;44;25;30;27;35;30;23;26;28
288.0;83;76;59;63;53;44;22;31;27;34;29;22;31;26
294.0;82;78;58;64;53;43;20;28;27;35;29;26;31;26
300.0;83;79;57;63;54;43;19;28;26;34;28;26;32;28
306.0;83;80;57;65;50;44;18;27;28;33;29;25;32;29
312.0;83;79;58;64;49;46;18;27;30;31;32;24;31;28
318.0;83;79;59;63;49;47;17;27;30;30;30;26;33;27
324.0;86;79;60;64;50;49;17;26;29;27;29;25;33;26
330.0;82;78;60;64;48;51;18;29;31;26;28;25;35;25
336.0;82;79;58;64;48;51;20;29;31;25;28;26;33;26
342.0;79;80;59;63;46;53;20;28;32;25;29;25;34;27
348.0;78;82;61;64;47;53;18;28;31;25;27;24;33;29
354.0;79;83;59;65;46;53;18;28;30;27;28;25;30;29
360.0;80;84;57;68;45;53;16;27;29;26;27;25;33;30
366.0;82;84;58;67;42;53;15;28;31;29;26;23;33;29
372.0;81;84;55;67;43;55;17;30;27;31;25;25;33;27
378.0;80;85;52;69;43;55;17;31;28;32;24;25;33;26
384.0;80;83;54;69;46;55;17;33;28;32;23;26;30;24
390.0;80;83;55;69;46;56;16;31;29;32;24;28;26;25
396.0;83;83;56;68;46;56;18;28;30;30;24;28;27;23
402.0;83;84;53;68;47;59;19;28;30;30;22;27;28;22
408.0;83;84;51;68;48;58;20;28;30;29;23;27;29;22
414.0;84;82;52;69;46;57;25;29;27;27;24;26;30;22
420.0;84;82;51;68;49;59;27;27;26;24;24;27;28;24
426.0;84;83;50;67;48;59;29;25;27;23;24;27;30;24
432.0;84;80;49;66;51;58;29;23;27;24;25;29;30;25
438.0;81;81;50;65;51;59;27;24;30;24;24;29;28;27
444.0;79;81;50;67;52;58;28;23;28;22;23;32;32;25
450.0;78;84;50;67;52;58;28;22;28;24;23;31;32;23
456.0;76;86;50;67;53;58;23;23;30;26;23;32;31;22
462.0;76;86;52;69;51;55;22;25;31;25;25;31;30;22
468.0;77;85;53;70;49;56;22;29;30;24;24;28;30;23
474.0;77;87;54;72;49;56;21;25;31;23;26;27;31;21
480.0;75;88;55;70;49;56;22;24;31;24;25;29;32;20
486.0;75;87;56;72;51;56;22;25;30;22;27;26;32;19
492.0;75;87;54;74;53;56;23;23;28;23;30;27;28;19
498.0;76;87;52;74;55;52;26;23;28;22;31;25;30;19
504.0;76;86;52;74;55;55;25;25;28;22;30;22;31;19
510.0;76;85;52;75;54;55;27;22;29;21;31;20;33;20
516.0;75;85;52;79;55;54;27;23;28;17;32;20;32;21
522.0;75;86;52;76;56;53;29;24;27;16;28;26;32;20
528.0;76;85;53;76;57;53;28;25;25;17;28;26;32;19
534.0;76;88;52;74;57;55;30;25;25;16;27;24;31;20
540.0;76;88;54;71;57;52;30;28;26;17;27;24;29;21
546.0;77;88;54;73;57;52;27;29;25;19;27;27;26;19
552.0;77;87;53;73;57;55;27;29;24;17;26;26;29;20
558.0;77;88;56;71;58;54;27;28;25;17;27;24;25;23
564.0;76;88;55;70;58;56;26;27;24;17;30;25;25;23
570.0;76;89;54;67;58;57;26;28;25;16;30;24;28;22
576.0;76;89;56;69;57;57;23;25;26;19;31;23;27;22
582.0;76;89;57;70;57;61;23;26;24;19;33;21;24;20
588.0;76;92;56;69;56;61;19;26;25;19;33;25;23;20
594.0;77;91;57;69;58;61;18;24;26;18;32;24;26;19
600.0;79;91;56;68;58;61;18;23;25;18;34;24;26;19
606.0;79;89;56;68;59;64;17;24;25;18;35;23;25;18
612.0;77;90;56;70;57;65;19;24;24;19;35;22;24;18
618.0;78;87;55;73;59;65;18;24;24;21;33;22;24;17
624.0;75;87;56;72;62;61;18;24;24;23;34;24;25;15
630.0;73;87;56;71;61;62;19;24;28;23;34;25;22;15
636.0;72;86;54;71;60;62;19;26;29;24;34;26;23;14
642.0;72;87;52;69;59;64;20;27;28;21;37;27;23;14
648.0;73;87;54;67;60;65;20;28;25;20;38;27;23;13
654.0;73;90;55;64;60;66;19;28;24;20;38;26;25;12
660.0;74;89;56;64;61;64;18;24;26;21;35;28;26;14
666.0;74;88;57;64;61;63;18;24;27;21;37;27;24;15
672.0;73;88;56;66;60;65;17;24;26;21;38;28;23;15
678.0;73;87;57;66;59;65;19;23;27;22;37;28;22;15
684.0;73;88;58;67;55;66;21;24;26;23;36;27;20;16
690.0;72;87;56;65;58;67;20;25;26;24;34;27;20;19
696.0;71;87;56;68;54;66;21;25;24;24;36;28;20;20
702.0;73;86;56;67;54;65;20;24;26;24;35;28;21;21
708.0;72;87;54;67;50;64;23;27;27;23;36;29;20;21
714.0;73;86;55;68;52;64;22;27;29;24;31;29;19;21
720.0;75;85;56;67;55;65;21;29;29;25;29;27;16;21
726.0;75;86;58;66;54;65;24;28;27;25;27;29;15;21
732.0;73;88;58;65;53;63;24;29;28;24;28;30;18;19
738.0;76;89;59;66;50;62;24;26;30;25;27;29;19;18
744.0;78;90;58;64;51;60;23;28;30;26;25;30;20;17
750.0;79;90;57;66;51;60;26;26;29;25;23;31;18;19
756.0;78;87;58;69;51;60;26;27;27;27;18;33;18;21
762.0;80;89;56;70;47;60;27;28;27;27;17;33;18;21
768.0;80;90;56;73;50;61;22;27;25;26;17;33;18;22
774.0;79;91;55;71;53;61;23;29;26;25;17;30;17;23
780.0;80;89;56;70;53;63;24;29;25;26;16;29;17;23
786.0;81;89;54;71;54;64;21;30;23;30;18;27;16;22
792.0;82;89;55;71;54;60;20;30;25;29;22;26;14;23
798.0;83;90;55;71;54;60;19;32;25;28;20;26;14;23
804.0;83;90;54;70;53;61;20;31;25;28;20;26;15;24
810.0;83;90;55;70;53;62;19;31;26;28;20;26;15;22
816.0;84;89;56;72;51;62;18;32;25;28;20;27;15;21
822.0;84;87;57;70;51;62;18;34;25;28;21;27;16;20
828.0;87;84;56;71;51;64;16;36;23;29;19;27;17;20
834.0;89;83;56;70;53;65;14;35;23;27;20;30;17;18
840.0;88;81;57;68;54;65;16;37;23;27;20;30;17;17
846.0;88;81;56;67;52;67;16;36;26;27;19;31;17;17
852.0;90;82;55;64;51;68;16;35;26;27;21;33;16;16
858.0;90;82;54;64;50;66;18;35;25;31;22;32;15;16
864.0;93;81;54;64;51;65;20;30;27;30;23;33;14;15
870.0;94;79;55;63;53;66;21;29;26;30;25;31;12;16
876.0;93;79;56;62;54;68;20;28;25;29;25;31;12;18
882.0;92;79;57;59;56;68;24;28;23;28;26;29;13;18
888.0;89;80;55;61;55;69;22;27;24;29;25;31;17;16
894.0;90;80;56;60;59;68;23;28;27;29;23;25;17;15
900.0;90;82;55;61;58;68;23;28;27;29;21;25;18;15
906.0;88;84;57;64;56;66;22;28;28;30;20;22;18;17
912.0;87;85;54;66;57;65;24;30;28;29;18;22;18;17
918.0;89;84;52;68;56;67;24;29;28;29;17;21;17;19
924.0;86;84;54;69;57;70;23;28;30;29;15;21;14;20
930.0;87;84;53;70;56;70;21;29;30;31;15;19;14;21
936.0;87;85;52;70;56;69;18;29;37;30;15;18;13;21
942.0;88;84;51;69;56;69;19;31;36;32;16;17;12;20
948.0;87;83;50;69;54;68;20;31;35;35;18;19;10;21
954.0;86;85;48;69;55;68;21;28;36;36;18;19;10;21
960.0;85;84;48;69;51;66;23;29;35;33;22;22;10;23
966.0;85;85;50;64;48;65;24;32;35;35;21;21;11;24
972.0;85;84;50;62;48;64;23;33;35;37;21;24;12;22
978.0;89;85;51;60;50;62;24;31;35;36;19;24;11;23
984.0;89;85;51;60;50;63;20;31;37;38;19;25;13;19
990.0;90;86;50;59;49;63;19;28;37;40;21;25;12;21
996.0;92;89;49;60;50;63;19;27;34;38;21;26;12;20
1002.0;92;89;47;61;51;63;19;25;34;39;20;27;12;21
1008.0;90;91;48;60;52;62;19;23;36;39;19;27;13;21
1014.0;90;92;48;59;52;62;18;24;34;40;19;27;15;20
1020.0;91;91;46;58;52;61;18;25;34;40;21;27;15;21
1026.0;92;92;47;58;53;59;19;24;33;38;20;28;15;22
1032.0;98;91;46;58;53;58;18;23;31;36;22;28;16;22
1038.0;97;90;48;56;53;59;19;23;31;37;22;26;16;23
1044.0;97;87;47;58;54;59;21;23;33;35;21;26;18;21
1050.0;96;88;47;58;54;63;21;22;30;35;23;25;19;19
1056.0;98;88;49;58;56;63;18;25;26;33;24;27;18;17
1062.0;96;87;49;57;58;64;18;27;27;29;26;26;19;17
1068.0;99;86;49;56;58;63;19;27;28;28;24;26;20;17
1074.0;99;89;50;55;56;64;18;25;30;26;24;27;18;19
1080.0;98;89;51;53;57;66;18;22;31;29;23;26;19;18
1086.0;97;87;50;56;57;67;18;23;30;27;23;25;20;20
1092.0;95;88;51;54;56;66;18;24;29;28;23;27;22;19
1098.0;96;88;50;54;56;66;18;23;28;30;22;26;23;20
1104.0;101;86;50;53;57;65;17;23;27;29;21;27;22;22
1110.0;99;85;50;54;60;64;17;24;26;29;22;26;22;22
1116.0;101;83;50;57;61;64;18;23;27;27;22;25;23;19
1122.0;105;82;52;56;61;64;19;23;23;27;23;23;24;18
1128.0;105;83;52;58;61;62;20;24;22;26;23;21;24;19
1134.0;105;83;53;62;58;58;20;25;21;27;23;22;21;22
1140.0;107;82;53;62;56;59;21;24;20;26;23;23;22;22
1146.0;110;83;53;61;56;57;22;24;18;26;22;25;22;21
1152.0;113;84;54;60;54;59;20;26;18;27;21;23;19;22
1158.0;116;84;56;61;54;56;19;26;20;28;19;22;17;22
1164.0;116;83;55;61;55;56;18;26;20;30;17;23;16;24
1170.0;117;83;55;61;56;52;21;26;20;29;16;23;16;25
1176.0;115;84;56;62;57;52;21;28;20;27;16;26;14;22
1182.0;113;83;57;60;56;54;22;28;21;27;17;26;15;21
1188.0;114;85;54;60;58;52;24;27;22;24;17;25;15;23
1194.0;113;87;53;56;58;52;25;29;21;24;17;25;16;24
1200.0;113;87;55;56;58;52;25;28;21;24;16;25;17;23
1206.0;111;88;56;56;57;54;24;26;23;27;18;22;16;22
1212.0;110;88;56;57;57;53;24;26;24;28;18;21;15;23
1218.0;109;86;53;56;58;54;26;25;25;26;18;22;18;24
1224.0;105;89;55;56;56;55;26;25;26;26;19;20;17;25
1230.0;104;91;52;55;55;55;24;25;29;27;21;20;18;24
1236.0;105;90;49;53;56;55;24;27;27;28;24;18;17;27
1242.0;109;88;50;53;57;57;21;27;26;29;22;18;17;26
1248.0;111;90;48;54;56;57;22;25;28;27;22;18;16;26
1254.0;108;88;48;54;57;58;21;23;29;28;22;18;18;28
1260.0;109;88;49;54;57;57;21;22;29;29;23;17;17;28
1266.0;109;88;49;53;55;56;21;23;30;29;26;17;18;26
1272.0;107;90;50;54;56;55;21;23;33;29;25;15;16;26
1278.0;106;91;52;55;53;55;20;25;33;28;28;14;16;24
1284.0;104;93;57;53;52;56;21;24;32;27;28;13;15;25
1290.0;105;91;57;51;54;57;21;25;30;28;28;12;14;27
1296.0;105;91;59;52;55;56;21;26;27;28;25;13;14;28
1302.0;102;92;58;54;54;57;23;24;30;27;26;15;12;26
1308.0;102;92;60;53;52;57;23;25;28;28;25;17;14;24
1314.0;100;92;58;52;53;58;25;24;28;28;25;19;15;23
1320.0;100;93;59;50;53;58;25;26;27;31;24;18;13;23
1326.0;100;91;60;52;54;59;22;28;27;30;22;18;14;23
1332.0;101;89;59;50;55;58;26;27;27;29;23;17;15;24
1338.0;103;88;61;53;53;56;27;28;29;26;19;17;17;23
1344.0;103;89;60;53;53;56;27;26;29;25;22;17;17;23
1350.0;104;87;61;53;53;56;27;22;30;26;23;17;20;21
1356.0;105;87;62;52;51;56;26;22;27;23;26;19;22;22
1362.0;105;86;64;52;49;59;25;22;25;24;25;21;19;24
1368.0;104;88;62;54;50;59;25;19;26;26;24;22;16;25
1374.0;103;86;62;53;51;62;25;18;23;27;24;23;18;25
1380.0;102;89;61;51;50;61;27;18;23;26;24;23;19;26
1386.0;100;89;63;52;50;59;24;17;25;28;24;22;21;26
1392.0;102;88;62;52;50;59;24;15;25;30;25;21;20;27
1398.0;103;89;60;53;50;58;25;16;25;29;23;20;21;28
1404.0;104;89;62;53;50;56;24;16;23;27;23;23;22;28
1410.0;103;89;60;53;51;55;27;15;20;27;23;24;24;29
1416.0;103;88;60;53;52;56;27;16;21;25;24;23;25;27
1422.0;101;88;61;52;49;54;27;18;23;25;25;25;25;27
1428.0;99;88;62;52;49;54;28;18;24;25;27;23;23;28
1434.0;97;86;63;54;50;58;29;18;23;23;28;23;21;27
1440.0;96;85;64;53;50;59;31;19;21;23;29;22;22;26
1446.0;95;85;65;53;50;59;31;22;21;21;30;21;23;24
1452.0;92;85;66;51;52;59;31;25;24;21;28;17;24;25
1458.0;91;84;64;52;54;63;34;25;22;19;30;20;20;22
1464.0;90;85;65;55;54;63;33;25;21;20;29;18;21;21
1470.0;88;84;65;54;52;66;32;25;22;19;28;21;21;23
1476.0;89;85;62;52;50;67;32;25;24;19;27;23;21;24
1482.0;90;88;61;54;50;65;33;24;23;19;27;23;20;23
1488.0;91;87;61;55;49;66;30;26;20;22;27;23;24;19
1494.0;93;88;61;57;52;64;31;26;18;22;26;21;24;17
1500.0;93;88;64;56;54;63;30;28;18;22;25;22;21;16
1506.0;94;88;63;55;54;63;29;29;16;21;28;22;21;17
1512.0;95;89;66;52;53;63;28;27;15;20;31;22;21;18
1518.0;95;91;64;51;54;63;28;30;15;19;29;24;19;18
1524.0;97;94;62;52;53;64;27;31;16;17;27;23;19;18
1530.0;97;98;63;54;51;64;23;30;15;17;28;22;20;18
1536.0;93;99;62;56;49;63;24;30;14;18;29;21;23;19
1542.0;89;98;63;56;50;64;24;29;14;18;28;22;25;20
1548.0;90;99;63;56;50;64;25;28;13;19;29;19;24;21
1554.0;92;102;61;56;51;63;25;26;15;18;25;22;25;19
1560.0;91;103;63;51;51;65;25;27;14;17;27;22;25;19
1566.0;94;104;61;53;50;63;27;26;15;16;26;22;24;19
1572.0;94;107;63;54;50;62;28;28;15;16;26;23;20;14
1578.0;94;107;62;52;52;63;27;30;15;15;25;22;22;14
1584.0;98;108;60;54;51;64;27;27;10;14;26;24;22;15
1590.0;101;104;61;53;51;63;27;25;10;15;27;22;24;17
1596.0;102;104;61;54;51;64;26;23;11;14;26;23;23;18
1602.0;103;108;64;51;50;64;27;22;11;12;27;21;23;17
1608.0;103;107;64;54;51;66;26;21;11;13;26;19;22;17
1614.0;106;107;63;55;51;65;26;21;12;13;26;20;18;17
1620.0;105;108;65;57;50;64;24;21;12;15;26;16;21;16
1626.0;104;107;65;58;49;64;25;19;12;15;22;20;24;16
1632.0;103;107;67;57;51;65;25;21;13;15;21;19;20;16
1638.0;103;108;70;57;51;66;25;20;13;15;18;17;19;18
1644.0;103;105;71;58;50;63;21;22;15;17;19;18;19;19
1650.0;105;106;72;57;49;63;19;21;16;14;19;20;19;20
1656.0;105;103;70;56;47;62;19;22;17;17;20;21;20;21
1662.0;104;103;68;57;46;63;20;22;18;16;17;22;21;23
1668.0;103;101;69;56;46;62;20;23;21;16;15;21;23;24
1674.0;101;99;69;56;46;63;22;22;19;18;14;23;25;23
1680.0;101;99;69;55;45;64;24;23;18;18;14;24;23;23
1686.0;102;97;68;54;46;64;23;25;21;18;13;25;21;23
1692.0;100;96;68;55;46;62;23;25;24;19;16;23;23;20
1698.0;100;97;65;55;46;64;20;27;25;23;16;21;22;19
1704.0;100;97;65;56;45;63;20;26;24;23;17;21;22;21
1710.0;100;96;65;55;45;62;17;25;27;25;19;20;23;21
1716.0;99;95;65;55;46;64;17;26;27;24;18;19;24;21
1722.0;98;92;65;57;45;64;17;28;27;23;19;20;24;21
1728.0;99;92;63;56;46;61;17;29;28;24;19;22;22;22
1734.0;99;93;63;57;46;60;17;25;30;26;19;20;22;23
1740.0;102;92;62;56;49;60;15;24;31;24;21;18;22;24
1746.0;105;93;59;56;51;61;15;24;33;23;21;17;22;20
1752.0;105;91;58;56;54;60;19;22;31;22;21;17;24;20
1758.0;105;90;56;57;55;61;19;21;32;21;23;16;23;21
1764.0;105;90;55;59;56;61;20;22;33;20;22;14;23;20
1770.0;104;89;57;62;54;62;18;21;31;20;23;15;23;21
1776.0;104;88;58;61;55;63;18;18;33;21;24;14;22;21
1782.0;102;88;57;63;57;64;18;17;32;22;23;14;21;22
1788.0;102;90;58;62;57;63;16;17;32;23;19;15;22;24
1794.0;99;89;58;63;56;62;17;21;32;22;19;18;22;22
1800.0;97;88;57;59;62;62;17;22;33;22;18;18;24;21
1806.0;98;88;57;58;64;63;15;20;32;23;19;19;23;21
1812.0;95;87;55;60;66;63;15;22;34;23;18;20;22;20
1818.0;94;85;57;58;68;66;15;24;33;20;19;20;21;20
1824.0;98;85;54;58;68;66;14;26;35;20;18;19;20;19
1830.0;97;87;54;58;69;68;13;27;32;21;18;18;18;20
1836.0;100;86;54;58;69;67;15;27;30;21;17;18;19;19
1842.0;98;87;56;59;68;67;15;28;30;19;19;18;15;21
1848.0;99;88;56;59;67;70;15;26;29;18;19;16;15;23
1854.0;100;89;55;59;66;70;17;26;24;19;19;18;16;22
1860.0;100;89;54;59;65;71;17;28;22;20;20;16;16;23
1866.0;100;89;53;57;63;72;20;29;22;18;20;15;16;26
1872.0;101;90;54;56;62;72;19;31;21;18;19;15;17;25
1878.0;98;91;54;56;62;68;20;28;22;17;24;15;20;25
1884.0;100;89;53;58;63;67;22;28;24;14;25;11;21;25
1890.0;102;89;52;58;63;66;22;26;24;16;26;12;20;24
1896.0;101;89;53;58;66;66;23;24;24;15;24;12;20;25
1902.0;100;89;50;56;66;65;22;26;25;18;23;14;21;25
1908.0;103;91;51;57;65;61;22;26;24;18;23;16;21;22
1914.0;104;90;52;57;66;64;18;27;22;18;22;15;22;23
1920.0;101;92;54;55;66;66;19;22;23;23;21;14;20;24
1926.0;101;93;51;55;67;66;19;21;23;21;21;14;23;25
1932.0;101;94;50;57;65;65;19;19;22;22;23;13;25;25
1938.0;99;95;49;59;62;67;18;20;23;23;22;15;23;25
1944.0;101;94;48;57;63;68;17;21;22;21;21;16;25;26
1950.0;101;93;50;56;62;68;18;21;22;22;20;17;24;26
1956.0;100;91;50;55;63;67;20;21;21;24;19;18;24;27
1962.0;99;91;50;54;63;67;19;20;20;25;18;18;27;29
1968.0;100;89;50;54;64;67;17;21;18;29;19;19;26;27
1974.0;100;88;51;54;64;67;15;23;18;28;19;19;25;29
