#auto generated file!
12.0;165;152;167;154;153;140;178;142;177;134;167;169;164;138
18.0;176;155;163;161;160;141;176;139;172;131;158;164;159;145
24.0;178;155;163;165;164;137;180;136;168;128;153;163;164;146
30.0;183;160;167;166;166;140;177;134;160;133;151;160;158;145
36.0;188;167;173;172;170;143;167;130;161;129;147;157;157;139
42.0;191;171;173;169;175;144;163;126;160;133;144;153;161;137
48.0;194;175;182;174;179;145;161;127;149;129;138;155;161;131
54.0;196;179;186;170;182;142;155;128;151;125;141;150;163;132
60.0;197;184;184;170;187;146;159;128;143;120;141;144;161;136
66.0;199;191;183;177;190;145;159;122;145;119;136;139;157;138
72.0;207;193;181;173;197;146;161;115;145;122;133;141;149;137
78.0;213;197;182;174;201;147;156;118;139;120;133;141;144;135
84.0;217;197;184;170;202;151;149;121;135;116;132;142;147;137
90.0;219;199;185;174;200;155;146;119;137;112;127;149;144;134
96.0;222;208;185;180;198;151;144;120;139;113;123;147;145;125
102.0;225;211;194;175;199;157;142;121;135;112;119;147;142;121
108.0;230;211;194;174;201;164;140;120;132;111;117;146;141;119
114.0;239;212;195;171;204;171;145;118;124;114;114;140;132;121
120.0;239;213;192;172;204;173;147;115;121;112;120;138;132;122
126.0;243;215;190;177;203;172;149;114;127;108;118;129;134;121
132.0;244;219;194;181;201;173;146;111;127;109;120;128;133;114
138.0;247;220;193;180;202;174;140;115;126;109;116;128;135;115
144.0;246;222;188;181;202;175;136;123;121;116;121;122;136;111
150.0;247;228;190;180;204;174;133;119;123;118;122;117;134;111
156.0;247;229;193;182;201;174;131;121;125;115;121;116;132;113
162.0;250;226;193;187;203;169;131;121;125;118;122;109;133;113
168.0;250;229;199;189;202;173;125;121;121;116;119;117;130;109
174.0;251;234;198;193;200;179;120;121;121;112;114;115;134;108
180.0;254;235;195;193;202;185;117;116;116;113;121;118;134;101
186.0;257;238;195;190;206;186;120;118;112;113;117;111;132;105
192.0;260;239;193;192;203;188;117;122;115;107;118;113;132;101
198.0;261;238;192;195;204;185;116;125;110;114;111;118;132;99
204.0;260;239;192;197;210;183;114;126;109;111;112;118;130;99
210.0;259;241;191;197;213;183;110;130;105;112;109;118;128;104
216.0;258;238;193;196;216;182;108;132;111;108;109;120;124;105
222.0;261;244;198;195;211;185;111;127;111;107;108;118;114;110
228.0;259;243;199;195;209;187;107;123;115;106;113;119;113;112
234.0;259;249;197;194;211;182;108;120;114;107;116;119;112;112
240.0;259;249;195;199;212;182;110;122;109;105;117;114;115;112
246.0;265;249;199;202;213;184;101;116;108;102;115;122;114;110
252.0;263;251;200;202;215;175;103;121;104;103;117;123;111;112
258.0;263;252;203;204;218;179;103;119;106;104;112;122;106;109
264.0;268;256;202;203;216;180;98;117;105;105;115;120;105;110
270.0;269;258;203;200;218;180;96;118;103;110;113;118;101;113
276.0;272;260;202;200;219;182;97;119;101;111;114;115;97;111
282.0;277;264;200;202;220;182;93;123;105;105;108;114;99;108
288.0;282;267;202;200;222;183;87;122;103;101;112;113;98;108
294.0;280;270;202;197;223;178;88;120;103;100;117;111;104;107
300.0;284;273;199;196;226;182;85;120;105;96;117;107;106;104
306.0;286;279;194;199;223;182;87;116;104;103;114;106;106;101
312.0;294;280;196;197;222;178;84;116;105;109;110;105;103;101
318.0;298;287;197;201;220;180;83;114;107;102;104;102;101;104
324.0;304;286;196;206;222;178;83;113;105;98;105;102;103;99
330.0;303;288;192;209;222;180;87;113;105;96;103;102;100;100
336.0;302;290;191;212;217;180;90;115;103;93;101;103;103;100
342.0;300;289;196;211;214;181;92;114;108;89;101;104;97;104
348.0;303;292;203;214;217;180;88;113;111;84;96;96;100;103
354.0;304;288;205;219;220;179;89;113;111;81;96;94;97;104
360.0;306;288;208;218;220;181;93;115;114;80;98;85;92;102
366.0;310;288;209;220;215;183;92;113;113;83;102;84;88;100
372.0;311;285;205;217;221;182;93;114;115;81;103;84;93;96
378.0;314;286;207;213;218;189;97;112;112;80;98;80;96;98
384.0;319;286;204;211;218;188;96;113;113;81;101;77;97;96
390.0;318;290;204;214;220;192;95;110;110;77;101;77;96;96
396.0;321;289;200;214;216;194;92;113;107;82;101;80;97;94
402.0;322;291;204;213;217;192;90;114;105;81;94;81;99;97
408.0;323;294;204;208;213;196;85;115;108;80;92;85;98;99
414.0;326;295;205;208;217;198;88;117;103;83;90;82;95;93
420.0;324;299;204;208;219;195;92;114;105;83;90;80;92;95
426.0;325;296;207;206;220;191;91;118;104;83;91;80;93;95
432.0;325;295;207;207;219;192;91;118;102;86;87;83;92;96
438.0;324;294;206;210;223;191;96;117;99;82;89;80;92;97
444.0;320;289;203;211;220;195;98;115;101;84;86;78;99;101
450.0;318;291;199;212;216;198;104;112;100;88;86;79;99;98
456.0;316;290;201;210;216;198;100;117;99;91;85;77;103;97
462.0;321;291;200;214;220;194;98;113;97;88;83;81;106;94
468.0;320;291;203;221;219;193;102;107;97;88;82;83;101;93
474.0;320;289;203;223;217;193;101;107;101;87;86;79;104;90
480.0;326;292;200;217;220;191;96;105;103;89;84;80;103;94
486.0;330;291;204;220;216;190;96;104;100;89;84;81;102;93
492.0;330;289;206;221;220;192;97;101;96;86;83;79;102;98
498.0;331;293;200;223;214;193;101;98;94;85;85;79;104;100
504.0;335;296;202;222;216;193;99;95;88;90;81;80;104;99
510.0;334;299;195;219;216;197;105;92;88;93;76;83;107;96
516.0;327;299;194;217;214;202;105;99;89;88;80;85;106;95
522.0;328;301;196;230;212;197;103;95;87;84;79;84;107;97
528.0;328;302;197;229;206;200;102;98;83;92;84;83;108;88
534.0;331;300;199;230;206;198;104;100;80;88;86;82;107;89
540.0;330;300;196;227;204;203;103;102;86;90;85;80;108;86
546.0;329;297;198;229;207;202;101;103;93;85;84;80;109;83
552.0;327;299;197;235;209;205;96;108;90;80;87;81;108;78
558.0;327;302;192;233;209;209;92;109;85;80;87;85;110;80
564.0;326;304;195;235;209;207;91;114;84;77;83;91;107;77
570.0;327;302;195;236;209;204;86;117;83;79;86;88;109;79
576.0;327;297;195;238;209;205;89;119;81;84;86;86;102;82
582.0;326;301;195;241;210;202;85;120;82;83;81;91;101;82
588.0;331;303;194;236;213;201;82;116;85;83;79;93;103;81
594.0;326;306;192;236;209;208;86;111;90;82;76;93;101;84
600.0;323;306;191;238;211;206;84;111;90;87;75;94;102;82
606.0;323;308;194;242;214;203;85;107;89;85;73;95;102;80
612.0;324;312;192;238;214;203;83;106;87;89;73;97;100;82
618.0;325;316;192;240;216;204;80;105;85;90;74;94;97;82
624.0;331;317;193;236;214;206;84;108;81;84;76;92;97;81
630.0;330;317;193;235;218;205;83;106;78;85;77;93;98;82
636.0;332;316;199;235;217;201;84;107;78;89;82;89;91;80
642.0;332;319;200;231;221;205;86;108;76;88;77;88;89;80
648.0;337;322;203;227;221;208;83;105;75;86;77;86;87;83
654.0;337;320;203;225;223;206;82;103;78;87;81;82;89;84
660.0;341;324;200;225;223;207;85;100;80;85;81;80;89;80
666.0;339;327;201;221;222;208;84;101;81;84;78;80;91;83
672.0;340;328;196;223;216;212;82;103;81;86;78;80;92;83
678.0;337;326;197;222;213;210;88;104;80;91;79;80;93;80
684.0;332;328;198;223;210;209;86;100;83;88;78;80;99;86
690.0;333;327;199;224;213;215;82;102;81;83;78;76;98;89
696.0;341;325;201;221;213;213;83;101;75;86;75;77;97;92
702.0;343;324;208;218;210;207;84;105;74;89;76;76;98;88
708.0;346;326;208;218;209;205;86;106;71;84;76;81;97;87
714.0;347;325;209;217;210;208;86;102;73;84;75;80;96;88
720.0;348;325;207;219;207;214;86;102;76;85;75;75;93;88
726.0;347;323;208;221;205;215;85;99;77;88;75;76;94;87
732.0;351;329;205;224;203;218;92;95;76;84;73;79;90;81
738.0;355;325;205;226;204;214;89;96;73;86;70;82;92;83
744.0;354;330;214;229;201;208;89;93;74;86;70;85;85;82
750.0;358;327;217;224;199;208;88;99;74;86;73;85;80;82
756.0;358;328;216;226;201;206;88;97;72;85;75;85;81;82
762.0;358;332;216;223;202;209;88;92;74;83;76;88;81;78
768.0;359;335;214;223;202;210;85;89;81;84;69;92;82;75
774.0;361;332;209;218;209;213;84;94;85;73;70;90;84;78
780.0;363;334;205;218;211;212;86;94;84;71;70;93;84;75
786.0;362;336;205;219;208;209;84;94;86;65;76;94;84;78
792.0;362;338;204;220;206;204;85;96;82;71;75;94;87;76
798.0;364;337;203;218;204;205;81;92;85;72;79;91;88;81
804.0;361;338;202;216;201;202;78;95;85;75;83;92;89;83
810.0;359;339;201;216;203;202;81;96;79;76;89;97;83;79
816.0;359;339;201;215;200;205;84;97;74;73;89;94;86;84
822.0;361;339;201;216;198;204;83;99;77;72;84;93;88;85
828.0;366;337;203;219;193;206;76;102;79;69;85;90;87;88
834.0;364;335;205;218;192;207;75;101;75;74;86;94;88;86
840.0;361;336;206;219;194;211;81;94;76;74;87;94;84;83
846.0;359;339;200;221;196;208;81;97;76;75;86;93;86;83
852.0;361;335;200;221;198;212;79;97;80;69;83;92;86;87
858.0;360;329;201;219;200;211;80;100;83;68;80;92;85;92
864.0;353;331;202;221;198;213;86;102;83;69;76;93;85;88
870.0;347;330;200;226;205;208;82;99;85;66;81;94;88;89
876.0;350;327;197;228;205;211;76;99;81;73;82;96;89;86
882.0;350;331;200;234;205;211;77;96;80;73;78;90;90;85
888.0;350;333;199;232;207;211;83;93;82;69;75;88;90;88
894.0;348;324;201;231;206;211;81;99;87;70;74;95;91;82
900.0;345;324;201;234;206;212;80;95;83;73;73;93;98;83
906.0;343;323;198;233;209;213;79;97;86;79;75;89;99;77
912.0;339;327;198;233;211;214;77;96;88;85;71;89;97;75
918.0;339;328;195;235;209;218;81;95;92;82;70;89;95;72
924.0;337;327;193;234;210;217;81;94;94;85;72;91;93;72
930.0;342;325;190;236;213;219;78;91;89;86;73;89;93;76
936.0;344;328;191;237;208;213;78;95;84;86;75;92;92;77
942.0;345;329;192;236;203;219;73;100;79;90;79;93;88;74
948.0;348;332;193;234;204;213;76;93;79;91;78;96;92;71
954.0;348;333;190;229;206;210;77;87;80;94;80;107;87;72
960.0;351;337;192;227;211;215;70;87;80;92;78;107;82;71
966.0;348;337;190;226;210;220;71;90;82;93;79;107;81;66
972.0;347;336;193;228;203;220;68;91;82;91;82;105;88;66
978.0;345;334;193;227;206;226;62;89;84;87;85;105;90;67
984.0;341;332;195;227;206;229;58;90;91;88;83;104;89;67
990.0;343;332;198;227;207;224;67;88;90;90;82;103;85;64
996.0;344;332;197;225;210;223;66;82;86;94;88;96;88;69
1002.0;347;333;201;223;206;225;65;83;88;95;88;94;82;70
1008.0;345;334;196;224;205;230;64;79;88;99;88;93;84;71
1014.0;345;333;194;227;206;235;66;75;83;101;88;91;83;73
1020.0;347;327;194;225;206;236;65;76;85;99;87;99;83;71
1026.0;351;323;189;225;209;240;66;75;88;100;86;91;82;75
1032.0;355;322;189;221;208;242;70;77;87;98;89;87;82;73
1038.0;356;321;184;223;207;248;70;78;85;95;92;86;80;75
1044.0;358;323;187;222;207;245;68;80;85;98;89;84;79;75
1050.0;362;323;191;221;202;243;68;82;84;98;85;85;78;78
1056.0;360;323;190;219;205;243;72;80;82;97;87;84;77;81
1062.0;363;326;197;217;209;240;70;77;81;94;87;83;74;82
1068.0;360;324;201;216;211;241;73;78;83;89;84;83;75;82
1074.0;362;325;200;215;211;242;75;75;84;86;84;85;76;80
1080.0;365;325;203;211;212;240;77;78;85;89;82;82;76;75
1086.0;368;325;200;209;214;241;77;81;84;90;81;84;76;70
1092.0;365;323;202;207;217;242;77;84;82;91;84;80;75;71
1098.0;365;326;199;207;219;243;80;85;77;90;87;79;74;69
1104.0;364;329;195;205;221;241;81;84;76;93;95;74;78;64
1110.0;370;330;196;200;220;241;83;85;78;93;94;71;78;61
1116.0;371;327;198;196;221;246;81;84;77;92;95;72;79;61
1122.0;371;330;201;197;223;244;79;88;73;88;95;75;78;58
1128.0;371;327;202;197;215;243;79;86;73;91;97;79;77;63
1134.0;372;330;200;200;216;239;78;79;77;91;93;84;77;64
1140.0;370;331;204;204;215;240;79;79;73;90;92;79;79;65
1146.0;371;335;200;199;209;235;81;77;77;94;93;80;76;73
1152.0;368;332;199;205;210;236;85;76;74;97;93;79;75;71
1158.0;363;333;202;203;216;233;84;74;74;96;92;78;80;72
1164.0;362;336;203;202;206;235;88;71;74;97;93;77;84;72
1170.0;359;335;198;203;202;237;88;74;75;90;96;77;93;73
1176.0;358;337;201;204;202;236;91;78;77;86;92;78;90;70
1182.0;354;335;206;201;208;240;88;80;82;83;83;76;90;74
1188.0;353;339;208;197;211;236;86;80;83;81;83;77;91;75
1194.0;347;340;210;197;208;234;89;81;82;80;86;82;90;74
1200.0;346;340;209;197;209;237;85;83;83;74;85;88;89;75
1206.0;347;340;208;195;211;236;91;80;77;75;83;90;91;76
1212.0;348;339;207;197;212;235;90;80;79;77;83;85;91;77
1218.0;348;336;209;195;207;235;93;78;75;80;86;85;92;81
1224.0;348;338;211;196;207;235;87;75;78;82;86;85;91;81
1230.0;350;338;209;194;210;231;89;77;78;79;87;84;92;82
1236.0;353;338;208;194;206;231;86;76;77;81;92;82;90;86
1242.0;359;336;208;194;202;231;86;75;77;81;92;82;91;86
1248.0;358;334;206;194;203;234;85;78;77;82;89;85;90;85
1254.0;354;333;205;201;203;238;85;75;84;81;85;80;91;85
1260.0;352;332;206;199;205;237;89;76;86;84;86;78;85;85
1266.0;354;330;203;200;206;234;87;79;91;82;82;83;88;81
1272.0;355;334;210;202;201;236;83;72;88;83;82;84;92;78
1278.0;353;328;212;202;202;239;83;77;84;85;80;82;91;82
1284.0;351;329;213;200;204;237;82;76;82;86;80;80;91;89
1290.0;341;332;212;205;206;241;82;71;84;86;77;76;96;91
1296.0;338;326;210;210;202;239;86;71;82;90;80;71;97;98
1302.0;340;324;209;206;204;236;85;75;85;93;81;69;98;95
1308.0;343;325;213;203;205;232;86;74;82;94;84;68;99;92
1314.0;346;324;208;203;207;230;86;77;76;95;81;76;99;92
1320.0;346;325;207;207;208;233;84;77;77;95;77;74;97;93
1326.0;348;325;205;208;206;238;84;77;74;97;75;73;99;91
1332.0;344;329;202;209;206;235;88;82;80;98;74;68;96;89
1338.0;346;328;202;210;212;230;88;79;80;96;76;68;97;88
1344.0;349;331;196;207;209;233;89;80;80;95;79;68;98;86
1350.0;348;330;193;204;207;231;91;81;85;99;82;69;94;86
1356.0;345;333;192;209;206;233;91;80;83;98;81;67;95;87
1362.0;342;332;195;211;207;231;90;75;86;97;82;70;94;88
1368.0;341;332;194;214;208;234;86;76;89;98;83;68;88;89
1374.0;337;328;198;214;208;235;84;77;86;97;82;68;93;93
1380.0;336;329;204;214;207;236;83;75;88;95;77;73;92;91
1386.0;334;332;207;210;210;237;82;76;86;100;75;71;90;90
1392.0;330;328;212;210;209;235;80;78;93;95;77;69;89;95
1398.0;332;324;209;205;208;234;81;79;93;101;81;68;89;96
1404.0;334;319;211;207;204;235;85;81;93;100;81;70;88;92
1410.0;335;317;216;212;200;237;85;81;91;101;78;72;84;91
1416.0;336;324;221;208;201;235;82;80;93;100;73;77;80;90
1422.0;338;330;221;209;204;237;78;80;92;98;72;80;77;84
1428.0;340;327;222;207;203;232;79;85;98;96;68;76;80;87
1434.0;334;325;220;210;204;234;80;86;99;98;66;75;84;85
1440.0;344;324;214;207;207;232;79;85;98;98;65;74;85;88
1446.0;343;332;211;208;203;235;83;80;104;101;60;71;85;84
1452.0;341;334;211;203;201;238;81;84;104;104;61;72;84;82
1458.0;343;331;210;206;209;241;78;85;103;107;63;64;79;81
1464.0;341;329;212;208;206;244;80;85;98;103;69;66;76;83
1470.0;337;334;213;209;207;243;78;85;96;101;69;69;77;82
1476.0;333;337;219;206;210;242;79;81;94;98;70;69;76;86
1482.0;335;337;219;201;211;239;80;83;94;94;73;67;80;87
1488.0;330;338;217;202;211;241;79;83;94;93;75;64;81;92
1494.0;333;340;215;205;212;239;76;86;97;91;74;61;81;90
1500.0;333;339;216;206;211;235;79;90;95;92;75;58;82;89
1506.0;331;338;219;210;213;239;77;94;93;94;72;56;79;85
1512.0;337;339;219;205;213;240;77;90;87;95;73;58;82;85
1518.0;336;340;217;209;210;243;78;88;87;94;75;57;80;86
1524.0;340;338;218;211;210;235;79;90;88;94;77;59;78;83
1530.0;344;339;213;211;209;235;83;91;83;93;80;60;77;82
1536.0;346;339;214;210;205;234;79;92;87;96;80;60;75;83
1542.0;343;337;209;210;208;234;83;92;89;91;79;64;76;85
1548.0;343;338;208;208;207;234;81;92;85;98;81;64;75;86
1554.0;343;338;206;207;209;234;83;93;80;100;76;69;77;85
1560.0;346;334;210;205;209;237;82;94;76;101;78;68;75;85
1566.0;347;331;211;205;207;235;79;91;82;100;81;66;76;89
1572.0;350;334;211;206;210;235;70;89;85;98;79;67;76;90
1578.0;349;336;210;211;211;232;67;92;85;92;80;66;75;94
1584.0;355;339;211;214;210;230;65;89;82;92;79;68;74;92
1590.0;350;341;210;215;209;230;67;87;79;92;81;71;76;92
1596.0;348;338;208;209;212;232;70;85;85;91;80;75;78;89
1602.0;343;339;215;208;213;231;65;79;84;97;84;76;78;88
1608.0;343;335;217;210;215;229;66;79;86;95;82;77;79;87
1614.0;346;335;214;209;219;227;68;82;84;95;83;76;81;81
1620.0;350;333;210;209;212;227;67;85;84;94;88;76;79;86
1626.0;349;335;204;204;217;225;68;83;85;95;90;77;77;91
1632.0;349;338;206;201;218;223;70;74;83;99;92;79;79;89
1638.0;346;339;205;196;221;223;71;78;85;95;89;81;78;93
1644.0;349;340;204;195;217;223;72;80;84;96;88;79;81;92
1650.0;350;340;206;193;218;220;72;77;84;101;87;81;80;91
1656.0;349;340;207;194;219;215;74;75;84;100;92;76;85;90
1662.0;347;340;204;194;219;218;73;77;84;97;93;81;85;88
1668.0;347;336;207;199;217;220;72;73;87;101;90;81;84;86
1674.0;347;335;204;204;220;224;71;74;88;98;89;81;78;87
1680.0;347;339;208;206;222;221;75;74;81;99;92;79;75;82
1686.0;352;335;206;205;220;221;77;77;82;96;92;78;78;81
1692.0;350;335;209;202;218;225;75;78;87;92;90;77;82;80
1698.0;350;336;208;201;212;225;76;74;90;90;95;74;85;84
1704.0;355;329;213;202;212;227;75;71;91;89;95;76;85;80
1710.0;354;333;209;204;215;225;74;71;90;91;92;74;90;78
1716.0;359;335;208;206;211;223;76;72;90;96;87;76;85;76
1722.0;361;335;207;207;203;224;84;77;92;96;84;73;83;74
1728.0;363;328;207;207;203;226;79;77;95;95;79;79;88;74
1734.0;356;331;207;201;204;218;79;74;97;94;82;87;90;80
1740.0;352;334;208;197;204;213;80;72;99;93;85;93;89;81
1746.0;347;335;209;197;204;208;83;71;99;91;88;94;91;83
1752.0;348;336;211;199;204;210;85;74;98;89;86;95;83;82
1758.0;352;336;211;202;205;214;85;73;95;86;81;95;86;79
1764.0;354;333;214;201;204;216;89;80;93;83;82;89;83;79
1770.0;359;332;208;207;203;219;86;82;100;80;78;85;83;78
1776.0;360;335;208;209;201;219;85;80;99;80;76;84;87;77
1782.0;362;340;207;212;203;219;85;80;99;79;72;80;87;75
1788.0;367;340;206;212;204;220;82;76;94;78;73;85;88;75
1794.0;371;337;212;211;204;219;80;69;98;76;77;84;85;77
1800.0;370;334;215;206;202;220;79;73;100;76;78;83;85;79
1806.0;370;334;218;205;199;219;84;70;97;79;76;85;85;79
1812.0;368;334;212;206;202;216;79;71;99;82;72;92;83;84
1818.0;370;335;209;205;197;211;77;72;99;80;80;94;85;86
1824.0;365;331;210;202;196;214;80;72;100;83;85;90;87;85
1830.0;367;331;211;202;199;216;77;72;98;77;85;91;86;88
1836.0;366;331;206;201;197;215;79;70;102;75;84;96;91;87
1842.0;368;332;203;204;197;218;80;67;98;77;84;92;90;90
1848.0;368;333;200;210;198;221;78;69;95;74;85;93;87;89
1854.0;372;331;200;214;202;223;78;67;92;70;85;91;84;91
1860.0;369;331;203;216;200;220;77;71;90;72;83;93;86;89
1866.0;369;331;198;221;195;224;75;72;86;79;79;93;91;87
1872.0;368;333;199;220;193;220;76;71;89;78;81;94;91;87
1878.0;365;333;201;224;193;217;77;71;87;77;80;90;96;89
1884.0;365;330;200;221;191;219;77;72;90;78;81;91;96;89
1890.0;360;336;200;217;194;219;78;71;91;79;78;92;94;91
1896.0;359;335;201;218;195;220;76;74;88;76;77;97;96;88
1902.0;357;332;199;215;200;221;76;74;92;76;76;99;92;91
1908.0;356;336;200;218;200;220;80;77;88;76;76;99;86;88
1914.0;355;335;200;214;204;217;81;80;91;75;75;100;84;89
1920.0;358;331;203;216;205;216;84;81;87;77;75;99;81;87
1926.0;356;335;205;218;203;218;85;74;83;79;75;100;80;89
1932.0;356;333;208;219;196;214;84;79;87;75;80;96;83;90
1938.0;352;333;207;222;195;213;88;77;87;75;82;99;82;88
1944.0;351;337;204;222;190;211;87;77;82;77;86;99;86;91
1950.0;353;342;206;219;189;215;88;72;83;77;86;98;88;84
1956.0;353;341;205;218;191;218;89;73;82;80;86;95;89;80
1962.0;351;344;210;219;192;217;86;71;80;79;89;92;89;81
1968.0;349;347;208;218;197;216;83;81;77;79;87;93;84;81
1974.0;343;348;210;217;199;218;83;82;75;78;87;96;85;79
