#auto generated file!
12.0;131;161;137;150;143;146;133;151;127;157;149;141;149;125
18.0;135;164;137;154;146;149;130;147;127;157;144;140;143;127
24.0;138;167;140;154;150;155;131;144;125;155;143;136;135;127
30.0;138;171;140;153;152;159;132;143;123;153;137;137;136;126
36.0;141;172;143;159;155;162;131;141;122;150;133;136;131;124
42.0;147;179;147;163;158;165;126;140;118;144;129;134;129;121
48.0;152;183;151;166;158;169;127;138;109;139;128;133;125;122
54.0;153;185;152;170;160;173;126;141;109;134;125;131;123;118
60.0;159;184;152;171;164;173;124;139;108;129;123;130;127;117
66.0;162;186;154;171;166;179;121;138;104;126;128;127;123;115
72.0;168;191;161;169;168;181;120;136;102;121;117;127;122;117
78.0;171;197;165;169;171;181;118;136;101;117;115;125;119;115
84.0;166;197;171;175;172;181;119;133;104;117;114;118;122;111
90.0;170;200;170;168;172;184;115;132;106;118;112;120;120;113
96.0;177;201;166;171;173;185;113;131;103;120;111;118;116;115
102.0;178;200;169;170;172;191;112;133;105;119;102;118;116;115
108.0;188;202;170;175;171;187;106;130;102;118;102;115;119;115
114.0;186;204;174;181;175;188;103;122;103;121;102;111;116;114
120.0;184;205;178;180;172;191;101;121;103;122;109;108;114;112
126.0;188;207;177;182;172;187;102;115;105;123;110;103;116;113
132.0;191;209;180;184;170;189;102;114;103;124;107;98;116;113
138.0;195;209;181;181;168;189;101;113;106;125;108;97;112;115
144.0;196;211;181;178;172;192;101;114;107;125;107;98;110;108
150.0;195;215;184;182;164;197;101;109;106;128;104;100;106;109
156.0;203;215;184;181;164;193;106;110;103;131;105;96;105;104
162.0;208;218;182;186;164;191;110;107;106;130;101;95;100;102
168.0;209;222;184;188;162;189;107;112;105;127;99;101;95;100
174.0;212;228;183;188;164;187;108;108;100;123;99;101;96;103
180.0;213;230;184;189;167;188;108;104;98;117;101;101;96;104
186.0;209;228;187;189;167;191;102;107;100;119;99;101;96;105
192.0;205;227;188;193;167;193;100;102;100;117;100;100;102;106
198.0;209;230;189;193;169;193;98;96;99;118;97;101;106;102
204.0;209;231;188;194;174;192;96;89;102;120;96;97;108;104
210.0;214;233;186;194;176;192;95;82;104;117;101;95;111;100
216.0;215;233;179;191;177;198;101;78;107;119;99;93;112;98
222.0;220;231;180;192;179;200;103;78;102;117;101;88;109;100
228.0;219;226;178;191;181;204;103;79;102;114;101;93;106;103
234.0;222;230;180;192;181;201;105;81;98;117;96;95;105;97
240.0;222;234;181;197;183;202;107;84;99;108;98;95;99;91
246.0;222;235;183;195;181;208;104;81;93;105;107;98;96;92
252.0;224;234;183;190;183;212;109;79;95;100;102;97;101;91
258.0;226;240;184;192;183;214;110;77;92;95;100;100;99;88
264.0;227;239;182;190;186;212;109;77;92;97;100;100;101;88
270.0;229;243;182;189;191;213;110;74;93;92;102;98;98;86
276.0;228;249;182;192;188;215;107;74;88;94;101;96;97;89
282.0;228;250;184;191;188;219;102;80;86;91;99;97;96;89
288.0;231;252;183;193;189;220;101;79;84;88;103;92;97;88
294.0;233;259;179;192;187;219;100;81;84;87;102;91;98;88
300.0;235;256;179;195;189;218;99;80;81;88;100;90;101;89
306.0;234;258;176;194;192;214;98;80;89;82;100;91;100;92
312.0;234;260;176;189;190;214;98;79;89;80;102;91;100;98
318.0;233;266;176;194;187;215;96;76;87;81;106;87;99;97
324.0;232;270;177;192;182;219;102;74;87;84;105;89;95;92
330.0;233;269;180;191;183;217;110;77;86;83;100;82;97;92
336.0;238;269;174;190;187;216;109;78;84;80;100;83;98;94
342.0;239;273;175;191;189;219;104;80;82;76;97;86;95;94
348.0;241;275;176;192;184;222;108;79;87;74;89;85;96;92
354.0;239;274;176;197;185;220;104;80;84;75;92;87;97;90
360.0;241;276;172;200;183;217;103;81;77;82;89;90;95;94
366.0;244;279;174;198;179;218;101;80;79;82;87;91;95;93
372.0;249;281;177;202;181;217;95;77;75;79;87;93;94;93
378.0;251;279;176;201;177;215;95;78;74;79;88;93;95;99
384.0;252;283;181;200;180;211;93;76;72;82;88;91;91;100
390.0;253;286;178;198;178;210;92;75;69;83;90;92;93;103
396.0;255;286;178;200;178;209;92;68;64;84;93;91;97;105
402.0;256;290;177;201;175;205;91;72;70;84;87;89;101;102
408.0;254;294;176;201;175;211;88;71;70;83;87;89;98;103
414.0;257;292;174;202;170;208;92;76;71;81;87;90;98;102
420.0;255;295;173;203;173;205;91;77;75;82;89;85;98;99
426.0;254;298;173;206;177;207;92;76;70;79;87;87;97;97
432.0;258;297;171;210;174;204;93;76;67;82;91;89;93;95
438.0;258;298;170;210;174;203;91;78;65;85;89;88;98;93
444.0;260;302;167;210;180;205;84;74;71;84;89;86;100;88
450.0;263;302;173;206;175;207;82;72;69;84;92;88;98;89
456.0;261;303;172;207;172;210;81;70;67;82;94;90;99;92
462.0;266;303;171;203;177;205;82;73;69;84;91;88;97;91
468.0;276;304;173;208;180;198;79;71;69;80;88;90;94;90
474.0;282;307;175;209;179;196;82;70;64;79;87;85;92;93
480.0;279;306;177;212;179;198;81;68;70;80;91;80;85;94
486.0;279;308;177;210;175;196;86;66;71;80;91;79;85;97
492.0;279;311;177;207;170;196;88;65;71;81;91;80;84;100
498.0;283;307;180;206;173;197;84;67;72;80;90;77;89;95
504.0;283;309;179;205;174;191;83;67;75;79;90;77;92;96
510.0;281;306;177;206;174;193;79;74;77;78;90;78;97;90
516.0;285;304;175;207;173;193;81;70;72;79;97;80;99;85
522.0;284;300;175;206;173;195;83;72;68;79;95;85;98;87
528.0;284;304;175;206;174;197;84;69;68;73;99;83;96;88
534.0;285;306;181;207;176;197;79;66;63;76;101;83;100;80
540.0;284;311;176;204;182;195;76;69;61;75;104;82;101;80
546.0;288;309;176;205;180;195;77;66;64;72;102;78;108;80
552.0;290;311;181;204;180;194;80;62;64;70;103;79;103;79
558.0;295;313;174;207;178;195;78;62;71;68;103;78;99;79
564.0;299;316;175;204;175;198;83;63;71;70;97;75;98;76
570.0;296;323;175;205;177;197;85;62;72;69;95;74;97;73
576.0;298;324;176;207;179;193;81;61;70;72;94;78;94;73
582.0;299;324;180;206;178;188;79;66;71;74;93;77;92;73
588.0;306;319;180;201;177;188;81;69;74;71;92;81;90;71
594.0;308;318;179;203;175;187;81;69;78;72;93;82;90;65
600.0;308;314;180;200;172;190;83;71;79;74;93;85;91;60
606.0;310;315;179;200;171;189;81;76;74;74;95;85;89;62
612.0;312;320;183;199;173;190;82;70;74;73;94;83;85;62
618.0;306;319;189;196;175;190;83;69;74;74;98;80;84;63
624.0;306;319;189;194;175;192;83;68;77;75;99;77;83;63
630.0;304;318;189;193;174;195;86;68;76;74;99;78;80;66
636.0;301;314;189;198;178;199;86;66;72;71;98;78;82;68
642.0;301;314;191;192;176;198;84;67;73;72;96;85;81;70
648.0;298;315;193;193;177;199;83;67;72;75;99;85;75;69
654.0;299;318;195;193;177;198;80;68;73;70;91;89;77;72
660.0;299;319;194;188;178;198;78;69;76;72;91;86;78;74
666.0;302;318;194;187;180;197;77;68;78;71;89;83;80;76
672.0;306;320;192;186;176;197;77;68;78;74;87;84;81;74
678.0;310;321;194;188;176;196;79;67;78;73;85;79;82;72
684.0;313;321;190;184;176;200;79;66;81;71;86;76;86;71
690.0;318;319;186;188;175;200;79;67;83;69;84;75;82;75
696.0;315;322;185;185;178;198;81;67;86;66;85;78;79;75
702.0;315;316;190;189;180;202;78;65;89;63;84;78;78;73
708.0;319;317;190;184;177;198;82;69;93;63;83;78;76;71
714.0;321;320;187;180;176;194;83;70;94;58;86;79;81;71
720.0;320;319;185;180;175;194;87;74;93;62;85;75;78;73
726.0;321;323;183;181;174;196;88;73;95;57;83;76;79;71
732.0;320;319;182;184;172;199;89;72;91;58;82;79;83;70
738.0;319;322;185;183;171;202;88;72;84;65;87;76;81;65
744.0;319;322;184;178;167;201;90;72;87;68;87;78;80;67
750.0;319;318;185;177;169;202;88;69;88;73;85;81;76;70
756.0;316;318;188;174;169;202;88;70;87;71;87;83;77;70
762.0;316;312;188;174;169;202;93;69;86;73;85;85;78;70
768.0;321;312;190;176;169;198;91;68;87;71;86;84;75;72
774.0;322;313;184;171;174;205;90;69;84;74;79;85;71;79
780.0;324;314;183;174;174;202;89;68;87;76;76;82;73;78
786.0;324;313;182;176;175;204;85;72;91;76;74;79;73;76
792.0;325;309;186;174;176;208;80;71;88;75;76;78;75;79
798.0;328;305;185;175;176;208;87;71;87;74;73;78;76;77
804.0;327;310;185;179;175;202;86;72;83;77;72;76;79;77
810.0;326;310;186;176;175;201;87;74;80;81;75;71;84;74
816.0;327;315;184;181;179;198;83;72;82;77;75;71;84;72
822.0;330;313;179;180;178;199;80;75;79;79;77;72;82;77
828.0;326;312;185;178;180;207;76;74;79;79;76;71;79;78
834.0;327;313;186;180;178;206;75;74;79;79;76;70;76;81
840.0;331;312;185;184;177;206;74;77;78;76;75;69;73;83
846.0;329;308;184;183;178;206;75;75;80;76;77;71;72;86
852.0;330;312;187;186;174;206;73;78;79;72;75;71;69;88
858.0;333;311;184;185;175;208;77;76;75;74;77;72;69;84
864.0;335;311;182;185;174;204;76;81;74;73;80;69;69;87
870.0;334;310;180;183;173;209;75;83;74;74;74;70;73;88
876.0;338;316;182;184;171;209;77;83;71;74;69;72;69;85
882.0;339;311;182;187;172;207;79;81;70;73;71;75;71;82
888.0;334;312;186;186;173;206;78;81;72;78;70;76;67;81
894.0;334;309;186;187;173;204;81;83;69;78;72;76;70;78
900.0;337;308;187;184;175;206;83;82;66;81;73;73;67;78
906.0;338;310;184;181;173;206;86;84;69;83;72;71;63;80
912.0;338;310;180;179;173;206;86;87;69;88;74;68;64;78
918.0;333;314;171;183;169;209;89;83;77;84;79;69;63;77
924.0;335;315;169;185;173;207;83;82;76;82;81;70;64;78
930.0;333;315;169;185;173;210;82;82;77;81;81;70;63;79
936.0;337;312;166;188;172;213;80;83;77;82;78;73;61;78
942.0;342;310;166;186;170;211;79;84;78;78;80;75;62;79
948.0;341;311;163;183;173;210;78;86;77;82;81;73;65;77
954.0;342;310;164;186;173;209;80;87;74;83;81;72;67;72
960.0;343;309;162;185;171;211;78;91;74;86;79;73;63;75
966.0;343;309;165;181;176;209;80;91;73;88;78;69;66;72
972.0;342;307;160;179;179;209;83;84;76;89;78;73;69;72
978.0;339;309;160;176;184;204;83;83;79;84;77;73;74;75
984.0;339;306;157;177;181;208;86;85;77;85;78;78;74;69
990.0;339;305;160;177;181;210;86;83;76;83;80;74;79;67
996.0;344;304;160;174;181;210;87;84;77;81;78;72;80;68
1002.0;343;307;162;173;183;212;86;82;76;77;82;70;76;71
1008.0;341;304;165;175;185;210;81;85;77;75;79;70;81;72
1014.0;336;300;162;175;182;211;86;84;76;78;77;69;88;76
1020.0;335;298;159;176;182;210;88;88;76;82;78;68;86;74
1026.0;332;303;160;174;182;207;92;86;76;78;80;64;90;76
1032.0;331;303;159;170;182;204;91;84;73;80;84;65;96;78
1038.0;332;307;161;170;182;203;89;87;73;75;81;67;93;80
1044.0;331;304;161;175;181;198;86;88;74;76;84;70;88;84
1050.0;328;302;161;181;181;200;83;92;71;74;83;71;88;85
1056.0;329;301;158;178;183;206;85;95;73;73;83;72;86;78
1062.0;329;300;158;178;185;207;87;95;75;72;82;70;85;77
1068.0;333;305;155;176;180;207;86;97;73;74;81;70;85;78
1074.0;337;305;156;178;183;204;86;94;73;74;83;67;82;78
1080.0;337;306;154;178;184;202;88;92;75;78;80;65;85;76
1086.0;333;305;156;180;190;197;89;91;75;80;79;66;87;72
1092.0;335;297;158;181;191;193;88;95;82;84;76;64;86;70
1098.0;336;299;160;186;189;188;81;100;83;82;77;60;91;68
1104.0;335;297;163;189;188;190;78;102;85;81;76;61;88;67
1110.0;337;295;167;188;185;197;79;99;84;82;75;60;87;65
1116.0;339;293;169;194;186;199;75;98;85;80;72;58;84;68
1122.0;340;294;166;193;184;202;78;90;86;82;74;58;79;74
1128.0;334;293;166;193;185;202;75;91;88;82;77;62;77;75
1134.0;331;292;166;193;189;204;76;92;87;80;78;62;77;73
1140.0;332;291;164;193;190;202;77;93;84;78;79;66;76;75
1146.0;338;289;166;188;193;200;73;93;81;79;75;70;75;80
1152.0;338;288;170;183;190;201;77;92;83;81;74;67;77;79
1158.0;340;283;174;181;191;201;75;93;84;81;72;67;77;81
1164.0;340;282;175;182;188;204;74;94;86;80;71;67;80;77
1170.0;342;285;171;181;186;206;72;102;87;78;73;67;75;75
1176.0;341;283;170;179;186;205;71;103;86;79;75;67;79;76
1182.0;339;283;173;175;184;208;72;111;86;75;75;64;81;74
1188.0;343;282;178;175;181;208;74;106;89;71;76;66;80;71
1194.0;348;281;182;172;180;206;76;108;87;72;79;66;77;66
1200.0;349;282;183;170;183;205;77;108;91;71;76;62;77;66
1206.0;346;280;182;174;183;207;76;110;87;72;76;59;77;71
1212.0;344;279;183;175;188;208;77;110;83;68;78;59;75;73
1218.0;343;282;182;179;189;204;80;109;79;65;76;62;78;72
1224.0;344;283;186;177;190;205;77;107;79;65;75;58;82;72
1230.0;339;273;185;179;195;203;81;112;78;63;74;64;85;69
1236.0;339;274;185;179;194;205;76;100;78;66;78;66;88;72
1242.0;341;274;180;178;198;209;74;99;77;63;73;69;89;76
1248.0;341;274;180;181;200;207;72;98;78;63;74;67;91;74
1254.0;344;276;180;176;206;207;67;94;84;61;68;70;92;75
1260.0;346;277;182;177;208;205;69;93;76;59;69;68;90;81
1266.0;348;275;182;177;207;208;68;92;72;61;73;65;89;83
1272.0;347;277;180;179;203;208;69;94;70;59;74;65;90;85
1278.0;349;275;181;181;200;209;67;91;76;58;72;62;93;86
1284.0;349;273;180;182;197;201;66;91;79;61;73;64;96;88
1290.0;348;272;174;185;194;203;68;91;77;62;76;68;95;87
1296.0;344;275;176;183;193;202;69;96;79;63;78;67;92;83
1302.0;341;276;176;180;188;201;71;98;84;63;79;68;92;83
1308.0;336;278;178;179;193;203;73;98;83;68;78;66;89;78
1314.0;332;280;179;176;192;202;70;100;84;65;75;73;91;81
1320.0;330;277;182;175;192;200;73;102;80;70;76;72;88;83
1326.0;330;269;188;181;193;197;78;97;77;71;74;74;87;84
1332.0;329;267;185;184;190;193;78;94;82;71;75;79;86;87
1338.0;329;270;183;183;194;194;78;92;81;72;68;81;93;82
1344.0;329;265;185;182;192;196;76;95;78;75;69;84;95;79
1350.0;328;267;188;183;194;200;72;91;75;72;71;85;94;80
1356.0;332;268;184;184;197;197;76;90;81;72;70;84;90;75
1362.0;326;269;180;181;198;199;75;88;80;75;74;85;92;78
1368.0;324;270;179;183;204;204;76;86;81;69;74;83;92;75
1374.0;323;269;178;181;205;205;73;87;84;64;77;86;93;75
1380.0;328;273;184;173;204;205;74;87;83;63;75;83;92;76
1386.0;323;278;185;175;205;204;73;89;79;65;75;90;86;73
1392.0;323;276;174;181;201;205;73;92;80;65;77;91;82;80
1398.0;324;276;173;182;196;206;78;91;74;70;76;91;83;80
1404.0;316;276;177;183;200;209;77;92;72;69;75;94;83;77
1410.0;311;277;176;184;197;213;73;92;72;77;72;99;81;76
1416.0;310;278;177;181;198;212;74;90;72;77;75;102;78;76
1422.0;308;279;175;182;203;210;73;89;74;77;72;102;77;79
1428.0;311;278;177;179;201;213;73;87;76;78;71;98;76;82
1434.0;314;275;175;173;200;216;75;83;76;79;65;102;81;86
1440.0;316;276;171;172;205;211;74;83;76;79;64;106;83;84
1446.0;315;274;179;175;201;210;73;86;74;79;65;104;83;82
1452.0;321;274;179;172;201;214;75;85;75;80;68;99;84;73
1458.0;322;276;176;169;199;218;71;84;74;79;71;102;89;70
1464.0;320;274;173;168;199;222;69;86;73;76;77;104;87;72
1470.0;322;279;176;166;201;219;72;83;73;73;74;100;88;74
1476.0;323;283;181;166;201;218;66;83;71;72;72;104;84;76
1482.0;327;282;184;166;205;218;64;81;72;73;71;97;81;79
1488.0;325;283;180;165;207;219;66;78;76;82;75;91;78;75
1494.0;326;290;176;166;204;214;68;77;78;86;76;90;77;72
1500.0;327;294;176;166;205;210;68;75;77;87;79;89;76;71
1506.0;328;293;173;170;200;209;66;80;79;84;77;91;79;71
1512.0;328;294;175;170;202;205;64;83;80;83;75;92;79;70
1518.0;327;295;176;172;200;207;59;85;82;79;76;90;79;73
1524.0;328;295;177;177;197;204;56;84;86;80;74;95;75;72
1530.0;331;293;177;175;198;206;55;83;88;81;73;94;73;73
1536.0;329;291;181;178;197;204;51;86;86;84;74;92;77;70
1542.0;327;290;184;177;199;202;51;85;86;84;76;92;79;68
1548.0;326;293;183;178;195;200;49;83;81;84;77;96;87;68
1554.0;331;292;186;177;194;201;47;80;78;84;74;98;89;69
1560.0;333;296;190;179;193;200;46;74;80;83;71;99;86;70
1566.0;326;299;190;177;189;203;47;80;80;84;73;94;88;70
1572.0;329;299;187;179;188;201;50;77;81;87;76;91;87;68
1578.0;330;298;187;178;190;202;48;79;79;86;78;92;86;67
1584.0;326;295;185;180;193;199;59;79;74;80;82;99;82;67
1590.0;325;294;187;183;197;198;63;78;77;81;76;93;80;68
1596.0;328;294;182;182;195;202;64;79;82;77;78;95;76;66
1602.0;327;297;182;179;196;199;64;80;83;79;78;93;74;69
1608.0;327;296;182;181;199;197;67;79;78;79;77;92;73;73
1614.0;328;297;182;180;198;197;74;76;77;77;76;90;77;71
1620.0;330;298;181;176;199;195;75;79;77;75;79;85;77;74
1626.0;329;296;181;178;202;190;76;81;79;75;72;88;84;69
1632.0;328;296;179;179;202;194;75;82;78;74;74;88;82;69
1638.0;329;296;181;179;200;197;73;82;79;76;75;88;78;67
1644.0;331;298;183;178;197;199;75;82;78;75;76;87;75;66
1650.0;334;299;182;178;199;201;72;81;78;71;73;91;76;65
1656.0;334;295;181;179;200;201;73;83;80;70;75;90;74;65
1662.0;334;296;183;181;199;205;68;77;80;73;73;90;78;63
1668.0;339;293;188;182;193;203;64;75;79;73;76;91;79;65
1674.0;341;292;190;183;194;198;67;75;78;73;79;91;77;62
1680.0;338;292;193;188;193;192;71;74;77;74;77;91;78;62
1686.0;338;295;194;188;192;194;73;73;77;76;77;86;76;61
1692.0;339;297;191;191;193;194;71;70;74;77;74;83;80;66
1698.0;339;298;189;186;192;195;69;71;75;81;71;83;81;70
1704.0;342;299;182;189;197;195;70;72;74;75;74;80;79;72
1710.0;346;296;181;186;194;200;68;75;70;74;72;84;78;76
1716.0;347;297;185;189;189;200;65;74;75;74;68;83;81;73
1722.0;344;302;189;188;185;195;63;73;79;75;70;81;83;73
1728.0;343;299;187;189;180;197;62;82;80;73;72;76;85;75
1734.0;340;298;189;189;180;202;61;79;84;73;73;75;78;79
1740.0;344;297;189;193;179;196;62;81;85;72;72;74;80;76
1746.0;344;295;188;196;178;197;62;79;88;68;75;72;83;75
1752.0;341;297;194;193;180;198;61;82;85;68;74;70;84;73
1758.0;345;301;193;191;181;197;64;81;85;68;73;68;83;70
1764.0;344;300;194;188;182;198;65;79;83;73;72;71;82;69
1770.0;343;301;195;185;182;200;64;78;77;76;73;75;80;71
1776.0;346;303;194;189;178;199;65;80;74;75;71;76;84;66
1782.0;346;301;196;191;181;198;66;81;79;69;66;77;84;65
1788.0;345;297;200;193;180;198;66;80;80;73;63;75;84;66
1794.0;345;303;198;193;181;196;64;86;78;73;66;69;81;67
1800.0;347;304;204;191;178;193;67;86;76;76;66;69;80;63
1806.0;347;306;205;192;176;192;68;85;77;77;66;66;81;62
1812.0;350;306;200;193;175;194;70;85;77;77;64;63;84;62
1818.0;350;306;198;191;177;195;74;88;74;80;63;61;84;59
1824.0;349;304;198;190;178;194;77;90;75;81;63;62;77;62
1830.0;349;307;202;184;178;197;77;91;78;78;60;61;74;64
1836.0;346;302;198;184;175;203;77;97;80;78;61;63;72;64
1842.0;345;303;193;181;175;203;79;97;79;76;63;66;73;67
1848.0;346;304;194;178;173;205;78;95;79;79;62;67;74;66
1854.0;346;301;195;178;176;204;78;91;80;84;63;68;74;62
1860.0;351;299;193;186;172;198;78;85;79;88;62;67;76;66
1866.0;347;303;197;191;174;197;79;79;79;80;64;69;78;63
1872.0;349;307;194;190;172;200;75;77;85;78;67;67;75;64
1878.0;347;311;193;189;176;200;76;74;85;75;64;67;74;69
1884.0;351;308;197;193;174;199;71;79;80;71;64;68;74;71
1890.0;350;303;194;194;175;195;76;81;81;73;71;63;77;67
1896.0;349;306;195;195;176;192;79;80;81;74;70;62;76;65
1902.0;351;305;194;198;177;191;78;79;81;72;72;58;78;66
1908.0;347;308;193;200;175;189;79;80;76;72;73;60;79;69
1914.0;349;308;191;196;177;191;82;82;74;68;73;62;79;68
1920.0;350;312;189;196;175;191;84;77;78;68;74;66;79;61
1926.0;354;309;188;198;174;190;83;85;76;67;72;64;77;63
1932.0;352;304;191;199;173;197;80;80;77;70;73;66;74;64
1938.0;357;305;189;198;172;202;75;79;75;73;73;64;74;64
1944.0;355;304;191;195;176;205;75;75;80;71;70;66;72;65
1950.0;354;306;192;195;175;207;75;76;80;69;70;66;71;64
1956.0;353;308;191;189;179;207;73;82;72;67;68;69;76;66
1962.0;348;311;187;190;181;206;73;84;70;69;72;70;76;63
1968.0;352;312;183;190;179;211;76;84;69;68;73;69;72;62
1974.0;351;311;185;188;179;210;73;82;72;74;79;70;67;59
