#auto generated file!
12.0;122;114;136;112;122;131;105;117;119;114;97;97;105;109
18.0;124;118;138;111;126;131;107;109;122;113;93;95;105;108
24.0;123;121;142;106;132;132;104;109;121;110;93;100;104;103
30.0;124;119;142;110;132;134;98;111;118;112;94;101;104;101
36.0;128;118;149;113;133;129;94;107;117;113;97;101;101;100
42.0;129;120;148;116;136;126;98;102;115;111;98;98;100;103
48.0;132;126;149;115;139;124;89;101;121;113;94;97;100;100
54.0;138;129;148;117;139;126;84;102;123;114;96;94;95;95
60.0;142;128;149;118;135;127;82;104;119;114;97;95;99;91
66.0;144;132;148;120;136;127;82;103;118;105;101;94;99;91
72.0;147;139;149;119;138;131;76;102;118;98;98;96;99;90
78.0;149;142;147;126;134;131;76;102;118;96;98;91;97;93
84.0;156;143;148;128;131;129;79;102;116;98;99;86;94;91
90.0;155;145;146;131;132;129;79;106;114;93;103;81;95;91
96.0;156;148;144;137;135;131;77;101;114;90;104;76;96;91
102.0;159;150;142;137;137;132;77;102;113;86;103;76;93;93
108.0;161;151;142;133;140;134;78;100;112;84;102;74;93;96
114.0;158;152;145;135;139;135;79;97;109;88;101;74;95;93
120.0;159;152;141;141;134;136;81;96;108;91;99;74;95;93
126.0;168;153;145;140;134;139;78;91;103;91;96;77;97;88
132.0;169;154;142;141;131;143;75;93;97;93;96;79;99;88
138.0;172;161;142;138;135;148;74;97;97;85;88;79;97;87
144.0;173;159;146;134;142;151;78;92;96;85;87;74;94;89
150.0;179;162;145;136;140;155;79;88;91;85;86;70;94;90
156.0;178;164;144;133;144;159;78;87;88;84;86;72;91;92
162.0;178;162;146;132;148;155;78;85;90;87;86;72;91;90
168.0;178;162;145;134;147;158;79;84;88;90;87;73;90;85
174.0;182;162;144;130;151;156;76;80;96;91;85;72;87;88
180.0;185;160;146;129;155;157;76;80;91;89;82;74;89;87
186.0;186;159;145;129;152;159;81;82;91;87;82;73;88;86
192.0;187;159;149;128;154;161;80;81;89;88;80;72;86;86
198.0;187;156;151;128;156;157;83;82;90;84;78;72;88;88
204.0;190;157;149;129;156;156;83;87;86;83;76;71;88;89
210.0;187;160;152;129;158;157;83;84;88;80;78;70;85;89
216.0;187;161;154;130;160;159;80;81;85;80;82;70;84;87
222.0;188;163;155;132;158;156;79;84;83;80;78;74;83;87
228.0;191;167;155;134;163;160;77;82;81;74;76;72;80;88
234.0;192;170;148;129;165;161;77;89;87;73;75;72;76;86
240.0;191;168;149;131;164;158;75;91;90;75;78;71;73;86
246.0;189;170;144;134;164;159;83;90;86;76;80;70;71;84
252.0;189;170;143;132;168;155;82;89;88;76;81;69;72;86
258.0;190;171;142;130;172;157;82;94;84;74;82;69;70;83
264.0;193;175;137;127;175;153;88;89;81;79;82;69;68;84
270.0;195;176;140;130;174;156;85;89;81;79;76;70;64;85
276.0;199;179;137;128;175;156;82;89;82;79;76;69;64;85
282.0;203;180;139;124;179;161;79;86;81;76;78;66;64;84
288.0;204;183;138;125;183;164;75;83;78;75;80;68;64;80
294.0;202;192;138;122;180;166;70;83;78;74;80;72;65;78
300.0;200;198;139;126;181;169;68;82;75;75;78;66;65;78
306.0;206;195;137;127;179;170;67;82;75;75;78;68;63;78
312.0;210;195;140;128;178;169;61;85;73;77;77;64;64;79
318.0;209;197;143;128;177;168;64;85;73;77;77;60;63;79
324.0;206;197;142;130;177;169;65;85;74;76;73;61;65;80
330.0;212;201;146;127;174;170;66;84;72;77;71;57;61;82
336.0;221;203;144;127;174;170;67;87;76;77;66;58;57;73
342.0;222;209;144;130;176;172;66;84;76;73;68;54;56;70
348.0;224;210;146;132;176;165;63;87;76;72;66;57;60;66
354.0;226;212;146;131;176;161;63;83;74;73;70;56;63;66
360.0;229;216;148;133;182;165;64;81;72;68;67;54;59;62
366.0;228;218;145;130;178;168;65;83;76;70;69;52;57;61
372.0;234;220;150;133;178;167;62;78;75;68;70;50;55;60
378.0;235;220;150;135;178;164;64;76;75;70;70;47;56;60
384.0;235;221;150;135;177;164;61;71;76;71;67;51;59;62
390.0;235;221;149;134;177;168;56;74;76;71;65;51;61;62
396.0;239;223;152;133;176;162;55;74;76;73;67;47;58;65
402.0;235;222;159;132;177;165;52;69;77;75;67;47;60;63
408.0;236;218;160;133;176;166;50;71;75;76;65;47;61;66
414.0;239;219;165;134;172;166;49;64;75;79;62;51;63;62
420.0;236;221;169;130;173;166;49;68;74;75;62;45;67;65
426.0;238;225;171;130;172;162;47;65;73;72;65;42;68;70
432.0;239;228;169;131;169;161;45;64;74;69;65;45;69;72
438.0;239;229;165;136;173;161;48;62;72;74;64;44;65;68
444.0;233;228;167;137;174;162;49;61;70;68;74;46;64;67
450.0;235;228;168;135;176;164;50;61;71;70;70;42;63;67
456.0;235;232;172;132;174;161;53;62;72;70;65;42;62;68
462.0;236;234;172;130;178;162;52;62;73;73;65;38;58;67
468.0;231;236;172;128;181;164;48;58;77;72;67;39;56;71
474.0;228;238;171;129;182;163;49;58;74;76;68;42;53;69
480.0;230;236;169;131;183;164;49;60;75;73;69;42;52;67
486.0;231;240;169;130;180;166;49;62;76;70;71;40;52;64
492.0;231;240;168;131;180;167;46;58;74;71;74;44;51;65
498.0;232;240;167;129;180;168;47;59;72;73;70;45;53;65
504.0;235;240;166;129;179;170;47;58;73;70;69;46;55;63
510.0;233;243;169;129;178;172;47;62;69;74;65;45;56;58
516.0;235;242;173;132;177;176;46;59;69;65;65;43;55;63
522.0;234;244;170;133;183;178;47;59;69;62;63;39;54;65
528.0;232;243;173;133;186;179;49;56;69;61;62;37;57;63
534.0;230;245;170;134;185;180;49;56;70;60;61;39;59;62
540.0;224;247;172;134;187;176;49;59;71;58;60;38;62;63
546.0;223;245;172;132;189;178;50;60;75;56;62;41;57;60
552.0;223;244;175;134;186;183;51;57;77;50;60;45;54;61
558.0;224;248;170;134;185;184;54;58;76;51;59;45;53;59
564.0;223;249;167;134;184;186;55;59;76;47;62;49;55;54
570.0;224;246;166;136;184;190;56;59;73;49;58;53;53;53
576.0;226;245;165;139;182;188;57;57;74;50;55;54;53;55
582.0;221;247;164;142;179;186;58;61;71;51;54;55;55;56
588.0;218;246;166;144;175;186;56;62;74;54;58;53;51;57
594.0;219;247;164;143;174;188;57;61;75;55;55;50;53;59
600.0;223;242;165;142;173;189;57;61;75;56;52;56;51;58
606.0;224;240;164;141;173;188;57;66;72;56;50;60;50;59
612.0;224;239;161;141;174;189;57;67;67;60;54;60;49;58
618.0;221;239;160;140;173;181;62;72;67;57;60;61;50;57
624.0;219;239;162;138;172;185;62;71;66;59;61;59;50;57
630.0;224;238;164;140;171;186;66;69;63;61;55;55;50;58
636.0;225;237;164;140;169;183;67;68;60;62;56;55;55;59
642.0;228;238;163;141;166;183;65;64;62;60;57;59;55;59
648.0;227;240;163;140;166;181;63;64;61;64;53;61;59;58
654.0;226;242;162;140;165;179;63;63;64;64;52;58;63;59
660.0;225;243;161;143;167;178;62;63;66;64;52;54;62;60
666.0;222;247;164;142;168;179;62;61;69;58;51;56;60;61
672.0;222;247;166;143;171;178;60;61;64;57;52;60;60;59
678.0;218;249;166;139;172;178;56;65;62;58;50;59;60;68
684.0;214;252;170;138;172;174;55;67;69;57;51;57;58;66
690.0;215;253;170;142;171;174;54;67;68;61;49;57;57;62
696.0;212;252;170;139;169;175;54;69;67;60;54;60;56;63
702.0;214;256;167;140;172;174;55;69;69;61;53;58;52;60
708.0;217;255;170;141;171;168;55;66;68;62;53;60;52;62
714.0;216;251;170;141;167;168;55;63;71;68;54;57;56;63
720.0;217;253;171;138;170;165;59;63;71;66;54;60;53;60
726.0;219;251;165;141;166;165;63;62;73;66;54;64;52;59
732.0;221;247;167;144;168;165;61;58;71;67;53;64;54;60
738.0;222;249;171;145;165;163;60;59;69;67;52;65;53;60
744.0;230;249;175;143;170;164;57;56;65;70;46;59;55;61
750.0;231;251;177;141;170;168;54;55;63;70;47;61;56;56
756.0;229;251;174;140;169;165;52;61;63;68;46;63;59;60
762.0;226;254;173;142;167;165;56;59;63;68;46;62;56;63
768.0;228;252;170;147;165;162;57;62;62;64;47;63;58;63
774.0;226;251;173;146;164;162;57;68;62;64;49;65;55;58
780.0;224;252;170;151;161;163;56;70;60;68;49;68;54;54
786.0;223;255;170;151;160;164;53;69;63;68;49;67;55;53
792.0;226;257;169;154;159;164;50;69;62;68;52;69;51;50
798.0;221;259;171;154;159;168;49;72;60;60;54;69;54;50
804.0;222;262;167;152;155;171;49;71;62;61;51;71;56;50
810.0;220;261;169;154;156;172;47;72;63;58;51;70;58;49
816.0;217;267;167;155;157;170;47;69;64;58;50;69;59;51
822.0;216;269;166;156;156;172;48;67;66;55;50;71;59;49
828.0;217;269;164;157;151;172;48;70;64;59;54;68;59;48
834.0;217;266;162;159;151;175;44;68;64;62;56;71;57;48
840.0;218;267;159;157;152;177;42;67;63;63;56;73;57;49
846.0;222;264;158;156;149;176;45;64;64;68;57;72;56;49
852.0;225;263;158;155;153;174;49;62;65;67;58;73;52;46
858.0;225;261;159;153;154;176;45;63;66;71;58;73;48;48
864.0;224;263;160;153;157;176;47;60;64;75;56;73;47;45
870.0;223;264;159;158;156;176;47;60;62;71;61;72;49;42
876.0;222;263;159;155;153;180;50;63;60;69;64;71;47;44
882.0;218;260;156;158;153;182;51;64;59;66;67;71;50;45
888.0;217;261;156;159;152;183;47;65;58;64;69;70;55;44
894.0;214;262;157;159;150;180;52;61;64;61;70;68;56;46
900.0;214;261;153;155;157;179;50;56;67;66;71;68;56;47
906.0;216;262;153;158;158;177;48;46;70;67;71;68;56;50
912.0;218;263;155;159;160;178;48;46;65;66;71;72;52;47
918.0;218;260;157;158;163;177;46;44;63;67;74;71;53;49
924.0;220;257;157;162;163;178;48;45;63;66;74;69;49;49
930.0;219;257;157;161;164;180;46;46;60;65;77;69;49;50
936.0;216;255;154;159;166;178;46;53;65;66;73;69;48;52
942.0;218;257;155;157;166;177;49;50;67;63;71;66;50;54
948.0;218;259;155;158;161;177;46;55;67;63;70;65;52;54
954.0;221;261;156;156;164;176;44;55;65;66;69;60;53;54
960.0;218;261;156;157;160;176;44;58;67;72;66;59;52;54
966.0;219;258;157;160;160;177;46;55;65;69;67;59;52;56
972.0;220;255;163;161;158;171;47;53;63;75;64;57;56;57
978.0;219;262;163;159;153;173;47;52;62;72;62;60;57;59
984.0;214;264;165;161;150;175;47;57;64;72;59;58;54;60
990.0;213;265;166;159;151;171;48;57;60;74;62;55;57;62
996.0;215;266;168;158;151;171;50;61;58;69;62;54;53;64
1002.0;213;267;167;154;148;174;51;60;57;71;65;54;54;65
1008.0;211;265;167;157;150;178;48;59;57;74;67;53;53;61
1014.0;207;266;167;157;153;177;52;59;59;68;64;55;53;63
1020.0;204;269;167;156;149;174;53;61;60;70;64;56;54;63
1026.0;201;271;166;158;152;170;55;60;59;68;63;59;56;62
1032.0;198;270;168;164;151;171;52;56;61;67;60;61;57;64
1038.0;200;269;169;161;152;169;52;56;64;71;59;58;58;62
1044.0;198;273;168;164;152;166;52;52;61;75;58;59;58;64
1050.0;198;272;169;163;155;167;52;56;64;69;58;57;56;64
1056.0;201;274;168;166;157;168;50;54;64;67;58;52;56;65
1062.0;202;271;168;170;154;171;48;58;63;66;59;52;56;62
1068.0;204;268;168;169;157;169;52;57;60;63;55;55;59;64
1074.0;207;267;172;168;156;165;54;58;61;62;58;52;61;59
1080.0;204;268;168;163;155;166;52;60;65;60;63;55;61;60
1086.0;201;266;167;162;156;166;52;62;62;64;63;56;62;61
1092.0;199;266;165;159;157;171;53;62;60;63;64;57;62;62
1098.0;199;268;164;154;154;170;54;63;63;63;65;59;63;61
1104.0;199;265;164;160;154;168;55;61;60;63;66;60;61;64
1110.0;201;261;160;159;155;169;53;60;63;60;68;61;64;66
1116.0;207;264;163;164;154;165;50;58;59;59;71;62;63;61
1122.0;209;263;165;166;153;164;51;58;58;61;70;61;64;57
1128.0;210;261;164;161;151;165;49;58;58;63;71;63;67;59
1134.0;210;259;166;162;148;160;52;59;60;63;74;60;66;61
1140.0;212;265;164;161;150;157;51;58;62;60;73;57;69;61
1146.0;215;259;165;157;144;159;53;56;63;63;75;58;70;63
1152.0;216;264;165;158;148;154;51;56;66;65;71;55;70;61
1158.0;218;265;165;153;149;154;54;57;67;63;69;56;70;60
1164.0;221;265;170;154;150;154;51;55;67;57;72;60;64;60
1170.0;220;264;167;155;153;160;49;57;66;58;66;60;63;62
1176.0;220;265;166;154;155;159;50;56;65;59;66;59;65;61
1182.0;218;268;171;152;157;162;50;57;61;57;68;60;61;58
1188.0;223;264;174;151;159;161;51;58;60;54;67;56;60;62
1194.0;229;261;172;150;162;161;52;58;56;54;68;56;60;61
1200.0;229;258;166;156;162;161;52;56;55;59;68;59;60;59
1206.0;230;254;170;157;158;161;49;54;60;63;65;59;62;58
1212.0;230;246;170;161;159;156;51;56;60;64;66;56;64;61
1218.0;231;248;171;164;160;155;53;57;62;62;65;53;60;59
1224.0;228;248;171;166;157;153;57;59;64;63;62;55;59;58
1230.0;227;250;172;167;157;153;58;63;60;62;63;56;56;56
1236.0;230;249;167;168;159;149;54;63;62;62;66;61;54;56
1242.0;227;248;165;164;163;155;54;69;58;63;67;60;54;53
1248.0;229;245;162;161;160;159;55;71;57;63;69;62;55;52
1254.0;227;247;162;161;158;160;55;68;61;62;73;59;54;53
1260.0;228;246;164;156;156;166;55;68;60;61;70;60;53;57
1266.0;233;245;165;155;153;167;54;65;62;65;64;60;54;58
1272.0;232;243;166;157;154;163;52;65;65;63;63;58;57;62
1278.0;233;247;166;157;156;163;50;65;63;63;64;54;56;63
1284.0;231;249;165;155;159;163;51;66;65;58;65;55;57;61
1290.0;231;247;162;161;161;164;54;67;62;57;64;56;54;60
1296.0;227;249;161;163;162;165;55;65;62;56;65;57;54;59
1302.0;232;245;168;164;164;161;57;58;58;57;64;57;54;61
1308.0;235;245;165;164;164;165;54;51;58;56;65;57;59;62
1314.0;234;242;169;163;159;165;56;52;56;52;69;60;62;61
1320.0;234;238;170;164;160;164;55;53;57;55;68;58;61;63
1326.0;232;232;173;168;162;162;54;54;57;58;64;56;64;64
1332.0;232;232;170;170;163;161;59;53;58;54;66;56;62;64
1338.0;232;230;171;174;163;160;55;53;58;54;70;59;57;64
1344.0;237;230;174;172;164;158;54;53;62;51;65;57;59;64
1350.0;237;229;171;171;161;160;57;51;65;48;65;60;63;62
1356.0;239;231;171;171;159;160;58;47;64;47;70;62;60;61
1362.0;242;233;171;169;162;161;58;46;61;46;68;65;57;61
1368.0;243;233;169;172;160;161;58;47;58;46;69;66;59;59
1374.0;242;239;166;170;158;160;56;48;60;47;68;71;59;56
1380.0;242;241;165;169;158;157;58;45;61;47;67;68;62;60
1386.0;242;242;166;169;159;157;59;49;59;50;66;68;58;56
1392.0;243;241;165;171;160;160;60;51;60;47;63;70;52;57
1398.0;244;241;161;168;160;161;64;51;60;46;62;69;55;58
1404.0;242;241;162;167;158;161;65;52;59;49;64;71;54;55
1410.0;240;240;161;167;157;160;70;53;60;52;63;70;54;53
1416.0;240;239;159;169;153;162;68;58;59;52;61;71;56;53
1422.0;241;235;159;166;148;159;65;62;63;54;66;71;57;54
1428.0;239;237;157;165;149;157;64;64;62;56;69;70;59;52
1434.0;240;240;155;167;144;153;66;60;61;56;68;73;65;52
1440.0;239;240;150;163;146;149;71;60;55;56;75;80;68;48
1446.0;240;240;144;167;146;150;71;61;56;57;74;78;69;47
1452.0;235;240;142;170;145;148;71;61;57;60;74;75;72;50
1458.0;238;236;141;167;144;153;71;64;60;61;77;71;67;50
1464.0;243;240;144;160;144;154;70;66;62;56;76;67;66;52
1470.0;240;241;145;160;150;154;70;64;61;55;78;65;67;50
1476.0;237;241;146;158;151;154;73;64;59;59;76;63;67;52
1482.0;241;241;147;157;152;156;71;68;55;55;75;60;69;53
1488.0;241;243;149;153;149;154;72;71;55;55;74;57;73;54
1494.0;244;243;147;155;146;156;72;70;59;54;73;58;69;54
1500.0;245;243;145;151;143;160;73;68;58;57;76;56;68;57
1506.0;241;240;143;152;143;162;73;68;61;56;79;54;69;59
1512.0;243;238;145;151;139;164;70;70;64;55;78;54;71;58
1518.0;242;241;147;153;139;165;69;72;68;59;73;46;72;54
1524.0;241;242;150;155;141;166;64;69;69;56;71;48;74;54
1530.0;241;238;149;155;144;166;62;68;73;57;69;51;73;54
1536.0;243;236;151;155;144;164;60;69;71;57;68;56;71;55
1542.0;242;237;154;154;147;170;60;62;68;61;68;52;70;55
1548.0;241;238;155;155;145;169;61;60;68;62;65;55;69;57
1554.0;238;240;155;156;141;171;62;60;65;64;65;57;66;60
1560.0;239;236;157;154;145;171;64;54;63;71;59;60;68;59
1566.0;239;234;158;158;146;171;64;52;66;70;60;60;64;58
1572.0;238;233;161;159;145;171;65;49;64;69;61;63;64;58
1578.0;239;237;156;159;149;169;65;50;62;71;58;64;61;60
1584.0;239;236;152;156;147;169;66;52;65;67;60;65;64;62
1590.0;238;235;156;151;150;171;66;50;63;67;63;63;66;61
1596.0;237;235;153;148;147;173;68;51;62;70;65;63;64;64
1602.0;238;235;154;150;147;175;68;50;64;70;60;62;63;64
1608.0;239;235;154;149;146;178;61;52;63;73;57;65;64;64
1614.0;239;236;155;147;148;176;65;55;61;69;58;64;61;66
1620.0;234;236;157;150;153;176;67;55;57;68;59;63;58;67
1626.0;232;237;153;149;155;177;72;55;59;67;62;58;57;67
1632.0;234;233;153;147;159;175;73;55;59;69;61;60;58;64
1638.0;233;235;158;147;158;173;70;55;58;68;62;63;56;64
1644.0;236;238;158;147;160;167;70;56;59;67;58;62;59;63
1650.0;233;240;154;145;159;173;73;57;59;68;57;65;56;61
1656.0;227;242;153;146;155;175;72;55;65;70;56;66;54;64
1662.0;229;242;153;144;152;169;68;59;65;72;58;64;56;69
1668.0;228;241;152;146;151;168;66;59;67;72;56;67;56;71
1674.0;227;236;150;147;147;171;65;61;69;77;56;65;57;72
1680.0;229;236;145;149;146;169;70;60;70;75;53;66;61;71
1686.0;227;238;143;153;144;168;67;60;66;78;53;68;62;73
1692.0;226;239;141;153;145;172;71;61;68;76;51;68;59;70
1698.0;227;241;142;151;141;171;75;61;66;76;56;70;54;69
1704.0;230;243;143;149;142;168;76;56;68;71;58;71;57;68
1710.0;232;244;140;149;143;171;72;56;67;68;63;72;57;66
1716.0;232;242;139;147;142;174;72;58;66;70;62;71;57;68
1722.0;232;244;141;147;142;170;71;56;65;67;64;70;59;72
1728.0;238;239;139;150;138;169;67;54;64;75;64;69;61;73
1734.0;240;243;138;150;138;167;67;56;63;73;62;69;62;72
1740.0;241;243;136;151;143;165;69;54;61;74;60;71;62;70
1746.0;241;245;136;147;142;167;70;52;62;74;59;69;65;71
1752.0;246;243;135;147;146;165;67;53;61;72;57;68;67;73
1758.0;246;243;132;150;143;167;66;58;58;72;59;65;67;74
1764.0;241;242;131;154;142;169;67;57;61;71;60;63;68;74
1770.0;241;241;128;154;144;169;70;59;60;71;61;64;68;70
1776.0;241;240;128;156;144;168;69;61;61;70;60;65;67;70
1782.0;241;240;127;154;144;169;71;60;62;69;61;63;70;69
1788.0;242;239;130;156;144;169;71;60;60;69;64;60;65;71
1794.0;241;239;134;158;138;165;69;58;67;72;65;61;62;71
1800.0;235;240;135;157;139;165;69;57;67;73;65;65;62;71
1806.0;234;240;136;158;139;167;71;54;68;69;67;66;63;68
1812.0;236;239;141;154;139;167;68;54;70;72;66;63;63;68
1818.0;234;238;144;157;141;165;69;51;67;75;66;58;63;72
1824.0;233;240;140;160;144;164;67;49;75;76;64;53;63;72
1830.0;233;243;137;163;145;165;68;48;75;74;62;51;64;72
1836.0;234;245;138;163;145;167;66;47;73;73;62;51;63;73
1842.0;236;247;135;165;146;170;66;49;73;66;63;51;64;69
1848.0;237;247;131;168;149;165;63;52;75;68;61;54;62;68
1854.0;243;250;135;169;150;158;63;57;70;65;61;53;64;62
1860.0;240;253;134;172;152;160;57;59;68;60;64;55;67;59
1866.0;237;256;133;173;155;161;56;57;66;60;64;53;68;61
1872.0;241;255;136;170;155;159;56;58;62;61;67;52;66;62
1878.0;239;257;136;169;152;159;56;59;66;63;68;53;62;61
1884.0;237;254;135;169;152;158;57;61;69;63;68;53;64;60
1890.0;238;254;137;168;152;155;58;62;67;62;69;56;61;61
1896.0;238;251;134;170;158;155;58;61;65;63;69;56;63;59
1902.0;241;255;138;172;158;151;60;60;62;64;66;55;60;58
1908.0;237;255;138;169;164;154;63;60;64;63;66;53;58;56
1914.0;237;260;138;170;161;154;65;58;63;64;67;52;55;56
1920.0;235;256;142;173;158;153;68;58;60;64;67;56;54;56
1926.0;236;263;141;168;154;156;68;57;61;60;66;58;53;59
1932.0;235;265;143;167;154;158;66;56;64;55;62;60;52;63
1938.0;233;265;144;167;153;158;64;55;62;52;62;64;56;65
1944.0;236;263;144;167;151;159;63;53;60;53;62;68;57;64
1950.0;236;266;146;163;150;160;63;58;58;57;61;65;56;61
1956.0;234;266;146;165;150;159;64;56;56;61;65;61;58;59
1962.0;235;266;143;165;148;157;65;56;60;59;64;61;59;62
1968.0;232;269;137;168;149;157;64;55;64;60;60;65;56;64
1974.0;231;268;136;167;151;156;64;54;66;57;63;66;55;66
