#auto generated file!
12.0;92;109;127;98;106;97;112;108;92;83;90;100;94;92
18.0;93;112;131;103;106;95;106;110;86;84;87;97;96;94
24.0;93;112;129;104;108;94;104;105;86;86;86;100;98;95
30.0;94;115;129;102;110;96;104;101;90;84;86;98;91;100
36.0;100;120;131;101;114;98;103;102;84;82;84;95;88;98
42.0;102;121;130;101;112;101;107;98;79;79;87;98;92;93
48.0;104;122;131;96;113;102;107;101;81;80;85;98;89;91
54.0;104;121;132;100;112;102;107;102;83;76;84;97;88;92
60.0;108;125;135;105;114;103;104;97;78;80;79;99;80;93
66.0;111;127;132;105;111;105;103;98;79;82;82;99;80;86
72.0;114;129;130;107;112;106;106;102;77;81;83;92;82;79
78.0;116;136;129;110;108;104;103;102;74;80;83;91;84;80
84.0;119;138;127;109;109;104;102;103;76;82;82;90;80;79
90.0;121;137;128;114;110;104;98;102;74;87;88;90;72;75
96.0;119;135;132;112;112;107;96;98;77;87;86;90;74;75
102.0;120;135;134;112;116;110;95;94;79;83;85;93;72;72
108.0;124;140;133;116;115;109;94;92;78;81;86;92;71;69
114.0;127;139;136;119;121;105;92;93;76;78;85;93;71;65
120.0;131;139;138;120;124;105;96;92;73;78;83;84;72;65
126.0;133;141;137;118;130;108;95;84;75;77;77;85;76;64
132.0;134;144;137;123;127;112;100;81;77;73;70;80;77;65
138.0;138;144;136;125;126;113;101;80;73;75;67;80;82;60
144.0;137;148;132;128;125;117;95;81;74;74;65;78;85;61
150.0;136;148;123;127;129;120;96;84;76;70;65;74;88;64
156.0;138;151;121;128;130;119;95;89;70;72;62;76;85;64
162.0;139;150;125;127;132;120;96;84;71;72;60;73;82;69
168.0;142;154;129;127;131;119;93;85;68;70;60;72;81;69
174.0;143;156;129;127;133;119;91;87;68;70;61;69;79;68
180.0;145;158;127;128;132;119;89;81;71;71;60;69;79;71
186.0;146;157;131;127;137;119;88;79;73;68;58;68;81;68
192.0;149;160;133;126;136;119;86;75;75;68;60;68;80;65
198.0;151;158;132;128;134;126;88;72;76;68;63;64;80;60
204.0;151;159;136;126;138;126;88;70;72;72;60;66;75;61
210.0;157;156;139;124;139;129;84;71;72;72;56;65;79;57
216.0;160;157;140;121;136;131;85;72;73;73;53;62;79;58
222.0;162;158;134;124;136;134;83;70;71;69;54;64;81;60
228.0;161;160;136;123;140;131;83;68;69;71;55;62;78;63
234.0;169;162;135;126;139;131;78;67;67;73;54;61;77;61
240.0;169;164;133;125;142;130;79;65;68;71;53;66;75;60
246.0;175;166;131;127;139;131;75;64;66;70;55;67;75;59
252.0;177;167;127;128;139;134;71;67;66;70;55;66;77;56
258.0;179;166;128;131;139;134;67;68;64;72;55;66;76;55
264.0;178;170;129;130;138;131;73;65;60;70;58;69;74;55
270.0;181;170;132;129;140;133;68;65;58;69;56;69;73;57
276.0;180;173;133;127;137;131;63;64;60;73;55;73;74;57
282.0;179;170;136;132;137;131;68;65;59;68;53;69;75;58
288.0;177;174;135;133;140;132;70;60;56;69;54;65;73;62
294.0;179;175;135;130;143;132;71;63;53;66;57;62;73;61
300.0;179;178;133;134;142;131;70;62;52;66;58;63;72;60
306.0;179;175;133;132;143;128;69;63;55;60;60;67;77;59
312.0;180;176;135;125;144;125;73;61;57;60;61;67;77;59
318.0;179;177;137;124;143;126;70;63;57;63;59;68;74;60
324.0;181;175;136;123;143;127;71;62;58;63;58;67;77;59
330.0;181;174;139;124;141;128;68;63;55;63;60;67;81;56
336.0;184;174;140;124;137;132;66;60;58;62;59;71;78;55
342.0;186;176;143;125;139;131;67;59;60;62;54;66;77;55
348.0;184;178;142;127;141;129;63;59;60;64;56;66;76;55
354.0;185;181;139;127;141;132;66;58;55;63;56;63;78;56
360.0;185;183;142;126;145;134;60;63;57;57;55;63;77;53
366.0;188;183;143;128;144;128;60;63;55;60;57;64;72;55
372.0;189;183;142;129;149;127;56;63;52;60;56;66;70;58
378.0;193;181;144;128;146;129;61;59;56;57;53;62;72;59
384.0;194;181;143;129;141;129;59;58;55;61;54;62;70;64
390.0;199;180;141;131;139;132;56;59;52;60;51;64;67;69
396.0;196;180;140;133;137;130;56;60;57;58;48;63;72;70
402.0;198;183;138;131;136;132;57;59;59;62;45;65;69;66
408.0;197;184;140;130;135;132;56;61;59;62;45;67;66;66
414.0;203;185;140;128;142;131;57;59;56;57;46;66;68;62
420.0;203;187;138;126;140;129;59;59;58;57;48;70;66;60
426.0;205;188;138;129;140;127;59;53;60;59;50;69;65;58
432.0;206;188;137;131;140;127;58;53;57;57;48;70;66;62
438.0;204;193;138;128;140;125;62;57;56;57;51;70;58;61
444.0;206;197;136;127;139;129;59;56;61;57;49;67;58;59
450.0;209;198;134;122;142;128;55;59;60;55;49;67;58;64
456.0;206;199;134;123;142;133;54;60;59;53;47;68;59;63
462.0;208;201;134;120;142;132;57;57;62;52;47;70;58;60
468.0;208;202;139;116;142;132;55;55;64;51;47;69;61;59
474.0;207;200;142;116;139;133;53;56;65;50;47;68;64;60
480.0;206;198;146;118;138;133;53;54;65;48;50;67;62;62
486.0;209;200;146;117;139;135;54;52;63;51;49;67;56;62
492.0;213;205;144;120;140;131;54;53;64;47;49;67;53;60
498.0;210;208;146;118;142;131;55;56;62;46;50;66;53;57
504.0;213;204;146;118;142;129;55;56;64;45;51;71;51;55
510.0;214;202;140;118;142;127;61;56;62;46;50;71;48;63
516.0;217;203;140;116;143;127;58;54;63;44;53;70;50;62
522.0;217;202;138;116;139;131;59;54;65;43;55;68;52;61
528.0;218;199;136;118;142;132;62;54;64;44;57;65;52;57
534.0;219;202;138;118;140;131;61;58;57;51;58;65;52;50
540.0;222;203;138;120;140;132;60;53;57;53;60;60;49;53
546.0;221;203;135;122;137;132;58;55;56;54;60;63;53;51
552.0;219;200;138;121;133;134;60;54;52;49;63;65;56;56
558.0;218;201;137;120;135;135;64;53;54;46;62;65;57;53
564.0;214;201;143;120;139;132;61;54;53;47;59;66;57;54
570.0;218;202;142;118;137;133;63;55;53;48;58;64;54;55
576.0;222;200;142;116;137;132;65;57;52;49;54;61;59;54
582.0;222;201;142;115;138;133;64;52;57;46;55;59;58;58
588.0;222;200;142;117;136;135;65;52;57;45;54;59;57;59
594.0;222;200;142;117;135;136;65;52;55;44;54;62;57;59
600.0;221;201;142;121;131;138;66;52;55;44;54;63;53;59
606.0;218;201;142;123;132;139;63;53;56;45;52;63;54;59
612.0;213;203;141;126;135;135;63;50;52;44;56;67;54;61
618.0;213;203;141;125;138;137;64;49;48;46;55;66;56;59
624.0;216;204;142;124;140;136;62;47;48;44;56;67;56;58
630.0;214;201;143;125;141;137;62;51;47;45;55;64;56;59
636.0;214;205;138;126;142;139;52;53;47;48;55;67;54;60
642.0;215;205;136;129;144;137;52;52;45;50;57;67;52;59
648.0;214;204;138;132;142;135;50;49;46;50;61;69;52;58
654.0;212;206;139;133;140;135;49;48;50;47;60;71;52;58
660.0;212;206;138;133;141;138;51;47;52;45;60;67;54;56
666.0;212;205;142;132;138;141;51;47;54;46;61;66;53;52
672.0;211;205;142;131;138;142;53;47;52;44;59;68;56;52
678.0;205;205;142;134;139;136;58;48;52;45;57;65;59;55
684.0;205;205;144;136;140;135;57;44;53;45;58;66;59;53
690.0;204;206;145;134;140;138;55;44;51;43;58;65;64;53
696.0;202;210;147;136;145;138;57;40;52;43;57;59;64;50
702.0;201;212;143;134;149;137;58;42;50;42;56;60;64;52
708.0;201;211;145;137;143;139;59;41;44;46;60;57;62;55
714.0;201;213;148;140;141;138;57;40;40;42;59;61;60;60
720.0;202;212;142;140;143;138;56;43;43;40;58;60;65;58
726.0;202;212;142;138;140;139;56;43;43;44;57;61;64;59
732.0;199;211;142;140;142;136;55;40;44;46;56;62;66;61
738.0;196;217;138;141;141;137;52;40;44;45;62;64;60;63
744.0;192;217;138;139;141;138;53;41;44;48;61;62;62;64
750.0;194;216;139;135;141;137;56;40;46;50;58;61;66;61
756.0;193;218;139;131;144;134;55;42;44;48;67;59;66;60
762.0;197;217;137;131;143;134;57;43;47;47;68;56;63;60
768.0;197;217;140;131;144;129;58;43;46;46;66;58;62;63
774.0;201;218;142;135;145;125;53;41;43;45;67;57;63;65
780.0;198;218;143;138;141;128;49;41;44;43;62;63;67;65
786.0;198;218;144;136;144;127;48;38;44;47;59;63;68;66
792.0;199;218;140;135;146;129;49;36;42;46;58;66;66;70
798.0;198;216;142;134;147;134;56;38;42;41;56;65;64;67
804.0;198;214;137;136;146;135;57;35;43;41;59;67;66;66
810.0;202;212;133;135;144;133;58;36;45;44;57;68;67;66
816.0;203;211;130;135;142;135;60;35;44;46;59;70;68;62
822.0;205;212;130;134;142;134;59;37;47;42;60;68;68;62
828.0;208;211;130;130;143;137;61;37;47;41;59;66;70;60
834.0;209;214;133;130;141;137;59;40;47;41;59;63;67;60
840.0;209;215;129;127;145;134;62;40;48;42;62;59;66;62
846.0;204;218;130;126;146;135;62;43;50;41;60;59;65;61
852.0;205;219;135;123;144;135;62;42;50;42;59;59;64;61
858.0;203;217;134;119;145;135;62;45;49;42;59;63;60;67
864.0;200;217;131;121;148;130;59;47;52;43;62;62;59;69
870.0;200;216;133;123;148;130;60;50;51;44;63;61;56;65
876.0;200;217;135;129;146;131;57;49;48;43;63;60;57;65
882.0;206;221;135;131;149;128;49;51;52;40;62;57;60;59
888.0;203;219;138;130;151;129;48;50;58;38;63;60;57;56
894.0;204;215;140;130;153;128;48;50;54;38;64;63;59;54
900.0;204;214;143;128;148;124;48;57;54;36;64;66;61;53
906.0;202;212;140;126;149;131;47;57;53;35;68;66;60;54
912.0;200;212;142;128;149;128;45;62;53;38;69;63;57;54
918.0;202;210;140;128;150;128;45;62;52;42;68;62;55;56
924.0;201;211;139;128;149;129;46;59;55;49;63;61;54;56
930.0;198;212;138;128;150;132;41;60;61;53;62;61;52;52
936.0;197;213;138;126;149;131;43;55;63;57;60;63;52;53
942.0;199;211;136;121;148;133;41;58;64;56;63;62;52;56
948.0;202;213;135;121;146;134;43;56;66;57;60;60;53;54
954.0;203;217;128;119;145;134;44;50;66;62;59;61;55;57
960.0;200;216;132;117;144;135;43;48;67;61;61;65;56;55
966.0;200;216;131;118;142;137;47;47;64;56;61;66;59;56
972.0;199;221;136;123;142;137;49;45;63;59;55;60;58;53
978.0;202;221;139;125;137;138;48;47;59;56;55;58;58;57
984.0;198;223;144;123;139;139;49;45;55;57;55;57;59;57
990.0;203;220;144;124;137;142;48;45;56;57;55;54;58;57
996.0;207;226;144;123;136;141;48;47;56;54;50;52;60;56
1002.0;207;223;144;119;135;143;48;46;57;55;52;54;60;57
1008.0;206;220;141;120;137;141;45;46;58;53;53;60;59;61
1014.0;208;217;138;124;138;139;46;47;59;54;54;58;60;58
1020.0;211;217;139;123;140;137;44;48;61;55;50;55;61;59
1026.0;209;218;137;126;139;135;44;51;63;54;51;56;56;61
1032.0;213;215;133;129;138;140;44;52;65;53;51;55;54;58
1038.0;215;217;134;126;138;137;42;51;64;54;55;55;54;58
1044.0;213;222;136;126;139;140;44;46;62;56;56;55;51;54
1050.0;211;224;134;122;139;140;46;48;60;57;58;55;53;53
1056.0;211;223;135;124;140;138;45;50;60;55;58;53;51;57
1062.0;210;222;137;124;142;138;42;50;60;53;60;56;50;56
1068.0;206;227;134;127;140;133;42;49;59;52;62;56;54;59
1074.0;207;224;139;124;136;134;46;48;58;52;59;60;55;58
1080.0;205;223;139;122;139;130;45;51;56;52;62;60;55;61
1086.0;206;222;135;121;136;135;45;47;54;56;62;60;55;66
1092.0;212;219;139;119;132;134;48;48;55;51;66;59;54;64
1098.0;209;222;140;119;125;134;51;47;52;53;69;57;56;66
1104.0;207;223;139;119;126;134;48;47;58;50;71;56;56;66
1110.0;205;223;138;118;128;134;49;48;56;50;74;54;57;66
1116.0;209;223;134;120;123;131;51;48;53;52;76;56;58;66
1122.0;212;222;136;119;123;134;50;45;55;52;75;59;57;61
1128.0;214;223;136;119;122;133;51;45;54;52;74;60;56;61
1134.0;217;224;133;121;124;130;51;45;55;53;71;62;52;62
1140.0;216;218;135;119;122;130;53;51;53;53;73;63;50;64
1146.0;214;217;139;123;121;128;51;52;55;54;74;59;50;63
1152.0;217;216;134;124;124;127;50;53;54;57;77;61;46;60
1158.0;219;218;135;121;125;127;50;51;54;55;77;64;45;59
1164.0;219;216;138;120;125;130;54;54;52;51;74;61;47;59
1170.0;221;218;141;118;131;126;54;56;53;48;70;59;46;59
1176.0;220;217;141;118;134;129;51;57;52;51;69;61;46;54
1182.0;217;217;143;119;135;132;52;54;53;55;64;59;46;54
1188.0;216;217;144;120;131;132;53;55;51;58;65;55;45;58
1194.0;214;217;147;120;132;130;51;57;53;56;65;55;46;57
1200.0;214;216;146;119;134;132;53;56;53;53;62;57;48;57
1206.0;213;218;142;119;132;136;50;56;52;53;62;60;52;55
1212.0;208;218;142;118;129;140;55;59;50;51;61;60;54;55
1218.0;208;219;143;118;130;138;59;56;54;53;57;61;51;53
1224.0;212;221;143;111;131;138;59;56;53;49;60;62;52;53
1230.0;212;218;143;111;129;141;58;55;53;49;61;62;51;57
1236.0;211;216;139;112;132;136;59;58;54;50;58;67;52;56
1242.0;211;213;137;115;132;137;57;58;58;47;60;67;54;54
1248.0;207;211;137;118;134;138;57;56;57;43;63;65;58;56
1254.0;207;210;134;118;135;141;56;57;59;42;65;61;58;57
1260.0;209;208;131;116;135;140;54;55;65;40;67;64;59;57
1266.0;207;210;130;116;136;140;50;54;66;43;69;61;60;58
1272.0;211;211;134;113;136;141;53;56;66;39;66;60;62;52
1278.0;211;213;127;117;135;138;54;55;65;40;69;61;62;53
1284.0;212;212;125;120;137;139;53;55;67;40;65;64;59;52
1290.0;210;213;125;123;131;139;54;53;68;41;69;65;62;47
1296.0;211;212;127;121;131;137;58;53;66;39;68;69;60;48
1302.0;214;213;127;121;136;132;57;53;63;40;68;69;60;47
1308.0;212;213;128;123;137;132;57;50;66;41;68;71;57;45
1314.0;207;211;129;123;139;130;56;49;67;43;69;73;58;46
1320.0;206;211;129;128;135;127;62;53;63;49;68;68;54;47
1326.0;209;210;131;127;134;126;61;52;62;50;69;66;57;46
1332.0;214;214;129;125;131;125;66;53;58;47;70;64;59;45
1338.0;216;217;128;132;132;123;62;50;54;47;71;62;58;48
1344.0;216;217;130;130;133;126;64;53;52;45;75;57;57;45
1350.0;219;215;130;131;133;127;64;57;49;43;74;58;54;46
1356.0;220;216;127;132;135;122;62;56;52;44;76;55;58;45
1362.0;218;215;124;132;133;123;65;60;50;46;76;54;56;48
1368.0;218;218;124;131;134;124;63;59;51;47;72;55;57;47
1374.0;220;218;121;129;133;121;66;62;52;50;73;50;59;46
1380.0;217;221;122;129;134;121;65;60;53;51;70;49;61;47
1386.0;218;225;123;127;134;121;66;60;53;48;69;52;61;43
1392.0;218;226;123;127;137;124;65;60;52;47;67;52;58;44
1398.0;215;232;123;127;139;126;66;56;50;45;63;51;61;46
1404.0;216;232;123;127;136;127;63;53;51;49;61;53;62;47
1410.0;213;232;128;126;134;127;63;53;51;49;60;50;61;53
1416.0;211;231;128;124;135;128;59;57;54;48;61;51;61;52
1422.0;211;229;130;128;135;128;58;56;53;49;57;50;63;53
1428.0;212;231;128;127;133;128;55;53;55;48;58;56;63;53
1434.0;210;233;132;125;132;128;56;52;58;49;54;51;64;56
1440.0;208;235;131;124;138;128;56;56;54;48;56;51;64;51
1446.0;210;235;131;125;136;123;57;53;57;48;61;52;62;50
1452.0;212;236;128;124;135;122;59;52;57;51;63;53;59;49
1458.0;216;236;129;126;134;120;60;50;56;50;64;52;58;49
1464.0;219;231;127;123;134;123;62;48;59;51;63;50;56;54
1470.0;219;230;130;121;135;122;60;47;60;54;63;50;53;56
1476.0;219;225;133;122;133;122;58;47;63;55;65;52;52;54
1482.0;218;224;135;122;132;124;57;47;63;59;63;50;54;52
1488.0;216;226;132;125;135;127;56;52;59;60;57;51;54;50
1494.0;213;227;134;125;135;131;57;52;60;58;60;49;53;46
1500.0;215;222;138;124;135;133;57;51;59;56;60;52;53;45
1506.0;211;223;138;127;137;135;58;50;57;57;58;51;52;46
1512.0;210;225;137;129;137;135;59;49;58;56;57;51;52;45
1518.0;213;223;137;129;137;134;59;48;56;58;57;51;52;46
1524.0;215;222;136;130;141;135;60;46;51;55;59;53;52;45
1530.0;217;221;134;129;145;130;62;43;49;62;59;51;54;44
1536.0;216;221;131;130;142;133;62;43;48;62;59;53;56;44
1542.0;218;221;132;130;143;133;62;43;50;59;58;52;52;47
1548.0;214;219;135;128;140;135;66;46;52;58;55;53;53;46
1554.0;215;222;136;129;137;136;68;47;53;59;55;48;54;41
1560.0;214;223;134;132;135;138;71;51;52;56;54;46;51;43
1566.0;212;222;134;132;138;137;69;55;51;56;52;45;51;46
1572.0;213;223;134;128;140;134;67;57;50;61;54;49;46;44
1578.0;211;225;134;130;138;132;65;56;51;60;54;49;51;44
1584.0;210;225;134;130;137;133;69;58;47;59;58;49;48;43
1590.0;210;226;131;132;138;131;68;58;46;56;59;51;49;45
1596.0;215;223;132;130;137;129;67;61;44;55;61;49;51;46
1602.0;214;222;128;130;137;129;72;65;43;53;56;51;53;47
1608.0;218;222;130;132;135;129;68;65;43;52;56;49;52;49
1614.0;217;222;134;129;137;131;68;60;41;52;53;50;55;51
1620.0;215;222;134;130;136;131;70;58;40;53;51;53;55;52
1626.0;216;227;134;128;137;127;74;57;41;53;51;54;55;46
1632.0;216;226;136;126;135;129;75;57;42;51;49;58;56;44
1638.0;223;224;134;126;135;127;75;60;45;51;47;57;52;44
1644.0;222;225;138;127;133;127;75;58;43;49;47;56;52;48
1650.0;220;224;141;127;132;128;72;57;46;47;47;56;54;49
1656.0;218;224;143;126;136;127;72;57;47;48;46;55;53;48
1662.0;223;223;141;126;138;126;75;54;47;49;45;50;54;49
1668.0;226;226;145;127;132;128;75;56;48;48;41;47;52;49
1674.0;225;226;144;129;131;127;71;54;49;49;43;49;58;45
1680.0;224;227;145;125;134;123;68;55;53;49;43;51;56;47
1686.0;222;225;146;124;134;124;66;52;54;54;42;51;57;49
1692.0;220;226;147;119;138;123;63;57;54;51;40;51;62;49
1698.0;220;225;153;117;138;127;59;56;53;51;40;48;62;51
1704.0;221;225;153;118;135;126;60;60;50;51;39;48;64;50
1710.0;219;227;154;116;139;125;57;62;48;48;45;50;62;48
1716.0;212;229;157;119;140;125;57;59;45;48;47;53;61;48
1722.0;211;226;154;118;137;127;60;58;46;55;49;51;60;48
1728.0;211;227;158;115;138;126;59;57;44;54;51;51;58;51
1734.0;208;225;158;117;139;126;58;57;45;56;49;52;61;49
1740.0;211;225;151;116;140;126;57;54;48;55;51;52;63;51
1746.0;211;221;153;118;133;128;57;58;50;52;51;54;62;52
1752.0;212;219;153;124;132;128;55;57;51;52;52;57;59;49
1758.0;215;215;152;123;134;128;54;58;52;49;53;57;59;51
1764.0;216;219;155;123;132;131;50;55;52;52;52;59;57;47
1770.0;219;220;150;122;133;129;51;57;51;54;50;61;54;49
1776.0;220;223;151;122;132;128;51;58;50;55;51;59;54;46
1782.0;216;223;151;124;134;128;56;54;53;54;46;58;56;47
1788.0;223;223;154;123;138;130;57;48;51;53;45;59;53;43
1794.0;227;225;154;120;139;128;57;46;55;51;47;60;52;39
1800.0;225;223;154;120;136;133;57;53;52;48;47;60;54;38
1806.0;221;226;153;121;137;129;60;53;56;46;45;59;54;40
1812.0;223;226;147;121;138;129;61;52;53;49;47;62;52;40
1818.0;220;227;145;123;139;129;61;54;53;48;46;61;51;43
1824.0;223;225;147;122;141;129;61;53;53;48;45;56;53;44
1830.0;221;223;145;121;136;128;66;55;54;49;46;56;56;44
1836.0;215;225;140;123;140;125;65;55;56;50;49;56;58;43
1842.0;215;225;142;130;136;124;67;52;55;50;48;54;60;42
1848.0;219;224;141;130;135;123;66;52;55;54;49;56;56;40
1854.0;222;225;140;130;136;123;60;51;54;56;48;59;52;44
1860.0;221;226;142;132;134;125;59;50;53;55;49;58;51;45
1866.0;220;228;143;134;134;126;59;46;53;55;49;57;51;45
1872.0;222;228;143;132;132;131;64;45;51;55;46;56;50;45
1878.0;224;228;139;130;131;131;66;45;52;53;48;58;53;42
1884.0;223;229;141;129;128;131;60;45;52;53;49;58;59;43
1890.0;226;227;140;128;129;133;60;43;53;49;50;57;60;45
1896.0;226;225;143;127;129;130;61;43;51;54;46;57;59;49
1902.0;226;226;140;126;132;132;65;43;53;56;43;58;53;47
1908.0;224;225;140;125;135;138;61;47;50;53;46;57;55;44
1914.0;222;226;141;121;137;140;62;49;49;52;45;57;56;43
1920.0;218;225;144;119;140;137;62;51;45;55;43;61;58;42
1926.0;218;224;144;119;139;135;62;50;48;55;44;60;60;42
1932.0;218;221;143;119;138;132;65;49;48;54;48;63;61;41
1938.0;218;221;143;118;139;131;65;45;45;53;50;68;61;43
1944.0;220;220;145;118;140;133;62;46;44;51;49;63;64;45
1950.0;219;220;142;122;142;133;64;47;42;50;48;62;64;45
1956.0;215;219;140;124;145;132;68;50;42;50;44;63;63;45
1962.0;216;221;141;121;146;130;68;51;45;49;43;62;60;47
1968.0;216;222;141;123;147;134;66;52;45;45;42;63;57;47
1974.0;216;219;139;126;147;137;67;50;44;42;47;65;58;43
