#auto generated file!
12.0;89;100;104;98;93;91;96;116;107;97;100;97;104;108
18.0;91;102;110;98;95;91;95;115;106;95;105;91;103;103
24.0;93;102;111;98;95;94;90;118;104;93;105;93;100;104
30.0;96;107;109;97;96;99;92;119;105;92;99;94;95;100
36.0;98;107;112;101;100;98;93;116;103;93;98;92;91;98
42.0;100;108;112;104;104;99;90;115;99;92;101;93;88;95
48.0;101;109;112;108;102;102;88;112;100;94;96;90;91;95
54.0;101;112;114;103;107;102;90;113;98;98;94;86;92;90
60.0;103;111;115;106;106;101;92;112;96;95;89;86;94;94
66.0;105;110;116;104;105;103;93;110;94;93;85;89;94;99
72.0;110;114;118;110;106;103;92;104;92;93;81;86;91;100
78.0;113;118;120;113;111;106;87;104;92;86;83;84;88;95
84.0;113;119;123;112;113;106;86;101;92;88;81;89;82;95
90.0;115;119;125;118;115;107;90;98;92;85;80;88;80;88
96.0;118;121;123;123;117;107;89;95;88;87;81;84;85;82
102.0;115;121;126;121;120;112;87;97;84;84;79;87;83;84
108.0;116;126;127;121;121;111;84;97;85;85;77;88;79;83
114.0;117;125;128;125;121;116;80;97;84;83;76;86;81;81
120.0;119;127;130;126;121;120;80;93;82;81;74;88;79;80
126.0;121;131;131;128;121;119;84;90;82;80;71;89;72;81
132.0;124;132;131;132;126;116;83;90;84;78;72;81;73;78
138.0;124;138;131;134;124;115;82;90;83;73;75;77;72;82
144.0;125;140;130;137;127;117;78;85;86;75;76;74;73;77
150.0;130;145;126;138;123;120;79;84;87;76;72;74;73;73
156.0;134;147;126;140;126;122;77;80;86;76;69;70;72;75
162.0;136;151;127;142;129;125;76;77;83;77;66;67;71;73
168.0;139;153;126;141;129;125;76;78;79;79;67;62;71;75
174.0;142;153;124;139;131;123;74;79;77;75;73;65;72;73
180.0;147;158;128;142;129;119;72;77;76;70;76;62;73;71
186.0;148;159;135;145;124;121;71;76;76;74;70;60;72;69
192.0;154;158;135;148;125;120;73;73;74;69;68;59;75;69
198.0;156;155;134;148;124;121;76;70;74;64;74;58;73;73
204.0;157;156;132;149;127;120;77;71;78;65;71;53;77;67
210.0;157;157;132;154;128;118;75;67;80;63;72;55;76;66
216.0;157;157;138;152;130;115;73;69;82;65;66;58;73;65
222.0;155;160;138;153;135;114;72;69;85;65;68;56;70;60
228.0;157;159;137;154;136;116;74;67;86;66;67;53;67;61
234.0;152;163;137;161;135;118;69;70;80;62;69;55;69;60
240.0;155;166;141;161;139;122;68;67;80;62;65;51;68;55
246.0;161;167;138;159;137;123;69;65;79;64;66;47;67;58
252.0;163;169;135;161;141;122;68;64;79;65;62;44;65;62
258.0;167;172;131;160;139;122;66;66;80;63;61;46;64;63
264.0;167;172;129;153;140;124;67;68;78;63;66;46;63;64
270.0;170;172;127;156;143;123;68;67;73;63;68;46;61;63
276.0;170;173;130;155;143;128;65;68;71;64;66;43;62;62
282.0;172;175;133;154;142;127;66;68;68;64;66;44;62;59
288.0;176;177;130;153;142;126;64;67;68;63;67;46;59;62
294.0;174;173;128;154;144;130;61;71;69;61;67;48;59;61
300.0;172;178;128;152;147;131;61;72;65;58;67;49;60;60
306.0;172;182;128;149;148;130;61;71;64;55;68;49;61;62
312.0;175;183;125;151;151;129;62;72;62;53;66;46;64;61
318.0;174;185;128;147;153;132;62;69;60;52;66;50;62;60
324.0;173;189;130;147;153;133;61;70;59;49;64;49;61;62
330.0;171;190;133;149;153;134;61;68;56;47;66;47;64;61
336.0;175;191;133;150;152;135;61;70;54;45;63;48;63;60
342.0;175;191;138;147;149;135;63;69;51;42;59;48;66;67
348.0;173;190;137;148;145;142;64;69;51;44;61;48;64;64
354.0;177;190;138;147;144;143;64;67;52;43;60;49;64;62
360.0;177;190;140;147;146;142;59;63;53;46;60;53;63;61
366.0;177;193;144;148;143;139;58;62;52;48;62;54;62;58
372.0;175;196;144;146;144;138;58;64;54;47;60;55;61;58
378.0;177;193;148;149;147;134;57;66;53;48;56;54;58;60
384.0;179;192;147;146;148;136;56;64;50;48;59;54;60;61
390.0;179;194;148;148;147;136;55;61;49;53;56;55;59;60
396.0;179;197;148;144;148;138;53;66;49;52;58;58;53;57
402.0;180;195;151;141;149;141;54;68;49;49;55;56;51;61
408.0;179;197;148;142;150;142;56;67;51;49;53;57;46;63
414.0;183;197;150;141;150;145;53;61;52;50;55;57;45;61
420.0;185;199;150;142;150;142;54;61;51;47;55;54;45;65
426.0;187;201;149;144;145;140;56;61;57;45;58;50;44;63
432.0;188;203;145;147;148;134;53;59;59;44;60;50;45;65
438.0;192;201;144;148;146;136;53;57;60;44;57;50;43;69
444.0;194;200;142;150;148;139;50;54;62;42;61;48;44;66
450.0;196;199;144;151;145;143;46;51;64;44;56;47;46;68
456.0;197;200;145;148;145;143;46;50;62;43;58;47;46;70
462.0;202;199;143;148;144;142;42;50;64;42;54;52;46;72
468.0;204;202;142;149;146;137;42;47;64;44;50;55;48;70
474.0;203;201;145;148;147;135;45;47;62;45;51;53;48;70
480.0;203;204;142;146;148;135;44;44;63;43;56;52;50;70
486.0;204;204;140;149;147;133;43;45;60;44;55;53;52;71
492.0;204;204;142;151;150;131;43;44;56;49;55;49;54;68
498.0;206;198;143;151;148;135;40;44;54;50;49;54;60;68
504.0;211;198;144;153;143;136;41;43;54;46;49;56;61;65
510.0;213;198;140;149;142;140;40;44;53;50;49;52;63;67
516.0;211;203;142;147;139;141;39;42;55;50;47;53;62;69
522.0;212;205;138;149;141;139;39;42;51;51;48;52;62;71
528.0;211;205;135;150;138;141;39;43;47;53;51;56;64;67
534.0;211;208;135;148;134;136;40;43;48;51;53;59;65;69
540.0;211;205;132;150;136;135;41;41;48;49;56;65;61;70
546.0;211;206;135;151;135;134;41;42;46;50;54;66;62;67
552.0;207;209;133;149;132;133;44;41;48;52;57;69;62;64
558.0;203;208;131;148;135;132;44;44;50;52;57;69;63;64
564.0;204;210;132;150;135;130;45;43;49;55;56;70;62;59
570.0;204;211;133;148;141;130;43;42;49;54;58;73;56;58
576.0;206;209;135;145;141;131;42;43;53;53;57;70;56;59
582.0;210;205;133;147;143;132;40;45;52;53;57;69;58;56
588.0;209;205;130;147;144;131;40;45;53;55;50;70;62;59
594.0;211;207;130;146;142;135;41;48;53;56;48;66;59;58
600.0;209;205;131;145;139;136;40;48;54;58;49;67;62;57
606.0;209;203;132;143;141;136;46;50;52;61;48;62;61;56
612.0;209;200;133;146;139;137;43;49;53;62;50;61;62;56
618.0;206;201;134;149;138;139;46;50;54;55;50;62;61;55
624.0;209;205;135;152;138;138;48;46;52;56;49;57;61;54
630.0;210;208;132;147;137;137;51;47;51;57;48;56;63;56
636.0;210;210;133;147;135;137;51;46;54;55;48;56;61;57
642.0;208;209;133;145;136;134;49;49;55;58;52;55;61;56
648.0;213;211;134;145;134;136;48;47;53;55;52;52;64;56
654.0;215;210;133;145;136;135;49;46;52;54;51;52;64;58
660.0;218;214;132;145;133;132;50;47;52;54;49;52;62;60
666.0;218;214;131;146;133;134;52;47;52;55;48;50;60;60
672.0;220;215;129;142;138;134;50;46;54;53;47;50;63;59
678.0;219;215;127;143;141;130;50;46;59;53;49;48;64;56
684.0;216;225;130;144;141;130;47;46;59;50;49;49;61;53
690.0;215;224;129;144;137;131;46;51;64;51;49;49;56;54
696.0;213;223;129;147;134;131;48;51;66;52;50;48;55;53
702.0;215;223;131;146;130;132;49;53;63;51;49;50;56;52
708.0;214;222;127;148;130;131;50;54;64;50;50;53;56;51
714.0;210;222;126;152;130;130;50;56;64;50;51;55;54;50
720.0;212;224;123;151;130;128;51;56;68;50;49;54;54;50
726.0;212;223;124;149;126;126;51;61;67;49;49;56;56;51
732.0;209;224;126;146;128;127;53;65;67;49;47;60;51;48
738.0;212;224;124;146;130;130;51;61;68;48;44;62;48;52
744.0;211;224;123;145;131;128;52;62;68;49;45;61;48;53
750.0;211;223;127;146;132;125;52;60;67;51;44;60;50;52
756.0;211;223;125;145;131;129;51;61;69;50;40;60;51;54
762.0;212;222;126;146;136;129;47;60;64;53;41;61;48;55
768.0;207;225;126;147;137;130;47;60;62;54;41;61;50;53
774.0;207;225;127;147;141;130;43;58;64;53;42;61;48;54
780.0;207;222;127;148;143;133;41;59;61;51;44;60;50;54
786.0;212;219;132;152;141;128;41;58;62;48;47;57;52;51
792.0;208;220;125;151;139;125;41;63;63;48;50;57;54;56
798.0;207;219;125;150;138;126;42;62;65;48;52;57;51;58
804.0;204;216;126;147;143;131;44;61;63;48;49;58;53;57
810.0;201;213;123;147;148;128;45;62;62;49;48;59;59;56
816.0;202;211;123;148;150;124;45;63;60;54;45;57;62;56
822.0;205;210;125;145;148;124;48;61;56;55;43;63;61;56
828.0;208;207;122;144;142;125;50;64;60;54;45;66;59;54
834.0;210;208;121;144;141;125;51;65;60;56;45;67;55;52
840.0;209;210;122;145;140;120;52;65;62;53;45;73;52;52
846.0;205;212;123;148;138;122;53;67;61;55;42;70;51;53
852.0;207;212;124;146;137;122;53;63;60;57;44;70;52;53
858.0;205;210;124;149;134;121;51;67;61;56;44;70;55;53
864.0;209;213;126;146;138;124;49;67;59;56;45;64;51;53
870.0;207;214;128;146;138;124;49;62;56;56;46;64;54;56
876.0;206;214;129;146;140;125;50;62;53;57;48;63;52;55
882.0;203;216;126;148;139;127;51;63;51;57;46;63;56;54
888.0;206;218;128;149;136;128;51;60;49;60;47;60;55;53
894.0;207;216;127;147;136;128;54;58;46;65;46;60;55;55
900.0;208;221;128;145;135;126;53;54;48;70;46;62;55;49
906.0;207;222;126;143;135;128;55;54;48;70;47;61;53;51
912.0;206;220;129;146;136;131;53;51;49;67;45;63;53;51
918.0;207;218;130;147;139;131;49;53;51;69;43;61;56;46
924.0;207;215;132;147;137;131;51;59;51;68;43;62;52;45
930.0;206;214;135;145;141;132;48;60;51;68;43;61;51;45
936.0;205;212;141;144;136;135;50;59;51;70;39;58;54;46
942.0;208;212;138;146;135;136;50;58;54;72;39;55;51;46
948.0;208;214;139;145;136;134;51;57;52;73;40;56;50;45
954.0;211;213;142;143;136;137;53;57;51;68;40;55;49;45
960.0;207;213;141;147;138;142;50;54;50;69;42;54;51;42
966.0;207;216;138;146;138;141;54;51;49;65;47;54;51;43
972.0;207;218;136;147;138;139;56;54;46;62;50;52;51;44
978.0;206;222;137;144;141;141;58;51;47;59;51;52;49;42
984.0;208;223;137;140;142;142;56;54;47;56;51;55;50;39
990.0;205;221;135;144;143;142;59;55;48;54;52;55;49;38
996.0;211;222;135;143;139;143;64;58;43;51;48;53;49;41
1002.0;212;222;137;142;139;145;59;59;41;53;49;51;49;42
1008.0;215;224;136;143;140;147;58;58;40;50;47;51;52;39
1014.0;216;225;135;142;141;148;54;56;43;47;49;52;51;41
1020.0;217;226;132;139;140;147;58;56;43;47;47;55;51;42
1026.0;213;227;133;139;143;148;57;59;44;47;44;55;49;42
1032.0;214;225;135;140;143;147;52;59;42;48;44;54;51;46
1038.0;216;223;137;140;144;143;52;61;43;50;46;53;47;45
1044.0;215;221;140;142;147;143;54;58;43;47;45;54;46;45
1050.0;216;222;138;145;146;138;56;56;42;43;50;54;47;47
1056.0;216;223;135;144;147;139;56;57;44;41;54;52;47;45
1062.0;218;221;134;148;145;137;56;60;42;38;55;52;48;46
1068.0;215;226;134;145;147;140;56;62;38;37;56;50;46;48
1074.0;214;223;134;145;146;142;56;61;41;36;57;52;43;50
1080.0;214;223;131;148;142;144;55;59;41;34;57;55;46;51
1086.0;212;223;131;149;143;146;57;56;41;36;56;52;44;54
1092.0;210;222;132;145;145;145;56;56;42;41;55;50;47;54
1098.0;211;222;129;141;145;143;58;60;42;46;55;45;52;51
1104.0;216;219;131;139;145;142;58;55;43;47;56;46;55;48
1110.0;221;219;135;137;143;142;56;52;46;54;55;39;57;44
1116.0;220;217;137;138;142;142;58;53;46;53;55;40;57;42
1122.0;219;217;137;137;145;142;61;51;42;52;57;40;56;44
1128.0;220;216;136;137;146;143;62;50;36;55;57;40;56;46
1134.0;222;214;133;142;146;144;62;49;37;56;58;40;52;45
1140.0;224;210;133;141;144;144;64;47;39;59;60;39;51;45
1146.0;223;207;133;137;147;145;63;47;43;57;60;43;50;45
1152.0;223;206;136;138;145;144;62;47;43;57;62;44;50;43
1158.0;225;205;138;135;147;142;62;43;41;56;62;45;50;49
1164.0;221;203;141;137;144;149;63;39;41;53;63;48;52;46
1170.0;223;202;142;138;143;151;63;41;43;53;63;44;50;44
1176.0;223;203;140;137;144;148;66;41;43;52;63;49;48;43
1182.0;222;201;138;139;146;145;63;45;43;54;62;48;51;43
1188.0;222;200;138;140;145;142;61;46;47;54;64;47;50;44
1194.0;222;199;138;141;145;143;65;44;47;53;62;49;50;42
1200.0;225;200;141;142;145;144;62;42;45;54;60;48;49;43
1206.0;226;204;137;139;144;145;62;43;43;56;63;47;47;44
1212.0;226;199;134;137;143;146;60;42;48;55;65;49;50;46
1218.0;227;199;131;138;145;144;64;44;46;54;66;45;47;50
1224.0;229;200;133;139;143;141;65;46;47;50;65;48;47;47
1230.0;227;197;138;141;147;140;62;48;46;48;63;49;48;46
1236.0;226;193;137;142;147;138;60;48;45;51;65;50;50;48
1242.0;225;191;137;144;146;137;58;45;49;49;63;49;53;54
1248.0;224;194;138;143;147;137;60;43;48;46;66;47;51;56
1254.0;223;193;137;140;144;134;61;42;52;48;66;48;51;61
1260.0;229;192;138;142;142;133;58;45;52;49;64;48;51;57
1266.0;231;191;139;138;143;131;56;47;57;52;63;46;52;54
1272.0;230;192;140;138;143;136;50;46;54;55;64;46;52;54
1278.0;227;192;143;140;144;136;47;47;57;55;62;44;53;53
1284.0;223;192;143;142;144;136;46;47;56;54;62;45;61;49
1290.0;226;193;141;139;142;136;46;51;55;55;61;44;60;51
1296.0;222;196;143;142;138;138;45;51;54;56;59;45;59;52
1302.0;222;197;144;144;138;141;44;50;52;53;56;46;59;54
1308.0;219;196;145;144;136;145;38;49;53;52;52;55;61;55
1314.0;226;197;147;140;133;144;40;46;50;56;51;56;62;52
1320.0;225;197;146;140;135;140;42;49;51;55;52;54;63;51
1326.0;226;196;145;140;134;139;41;54;51;54;52;51;67;50
1332.0;226;191;140;145;133;139;43;51;54;51;55;52;67;53
1338.0;224;194;141;142;132;135;44;52;56;52;54;53;70;51
1344.0;226;196;140;146;128;133;40;56;56;54;53;53;69;50
1350.0;228;197;134;144;132;134;42;56;59;46;54;53;71;50
1356.0;226;200;132;139;132;135;45;53;61;50;55;53;68;51
1362.0;229;201;129;138;133;134;46;50;61;51;59;50;70;49
1368.0;227;205;127;138;130;134;46;48;59;53;64;51;70;48
1374.0;229;203;130;139;127;135;47;49;62;56;60;48;66;49
1380.0;229;205;130;139;128;135;47;50;61;55;60;46;67;48
1386.0;228;205;131;140;126;134;49;53;61;53;59;47;63;51
1392.0;227;208;132;137;128;133;47;52;60;51;61;48;62;54
1398.0;227;206;130;136;129;133;50;53;60;50;62;49;63;52
1404.0;227;205;130;137;131;130;50;54;58;55;62;45;63;53
1410.0;226;205;128;135;133;130;49;55;58;54;62;48;64;53
1416.0;226;206;125;133;133;134;50;53;63;54;63;44;62;54
1422.0;227;204;127;136;130;136;53;52;62;53;59;48;63;50
1428.0;228;202;129;140;133;132;51;47;59;55;61;46;64;53
1434.0;228;203;127;141;133;134;50;47;58;55;63;47;61;53
1440.0;227;205;129;140;133;136;50;46;61;55;59;47;60;52
1446.0;231;203;130;143;130;133;47;45;58;57;60;50;62;51
1452.0;227;200;130;148;131;134;48;48;56;59;60;49;58;52
1458.0;228;203;128;149;131;134;49;50;59;60;59;46;54;50
1464.0;227;204;125;148;128;138;49;51;61;59;61;51;52;46
1470.0;231;204;125;148;126;138;50;52;57;60;58;52;55;44
1476.0;231;205;126;146;125;138;52;53;57;60;55;53;56;43
1482.0;231;204;124;145;126;139;53;52;55;60;55;55;59;42
1488.0;232;199;120;145;126;139;52;52;58;64;58;53;61;41
1494.0;232;198;124;144;125;140;53;55;57;63;57;55;60;37
1500.0;234;202;127;139;128;141;54;58;53;59;54;54;58;39
1506.0;231;203;124;139;132;138;54;57;54;60;54;56;60;38
1512.0;229;205;126;141;135;135;59;57;50;57;53;54;60;39
1518.0;231;207;126;142;135;131;61;57;49;56;51;54;61;39
1524.0;231;205;126;145;135;132;60;58;49;57;49;49;62;42
1530.0;232;207;128;140;135;136;60;55;50;56;52;49;59;41
1536.0;229;209;127;142;137;138;57;58;53;55;53;48;55;39
1542.0;231;208;127;146;136;137;57;60;52;53;54;46;50;43
1548.0;229;209;126;146;133;138;56;61;51;53;52;47;54;45
1554.0;228;205;127;147;130;143;58;60;49;51;51;50;56;45
1560.0;228;209;128;145;130;142;64;59;48;51;51;48;56;41
1566.0;222;209;126;144;129;145;62;60;53;49;52;49;61;39
1572.0;221;206;131;149;130;141;64;62;53;50;47;47;59;40
1578.0;219;205;131;151;131;140;63;62;54;52;44;48;57;43
1584.0;221;206;130;147;133;140;63;67;57;50;43;48;50;45
1590.0;220;206;133;148;131;139;60;69;54;47;41;50;53;49
1596.0;219;204;130;145;134;140;58;68;56;52;38;49;54;53
1602.0;218;210;132;141;134;139;54;65;55;51;43;49;53;56
1608.0;219;208;130;143;136;140;54;64;53;51;47;43;54;58
1614.0;219;205;134;143;137;140;55;64;53;49;49;46;52;54
1620.0;218;204;136;142;132;140;51;63;54;52;50;47;52;59
1626.0;219;208;134;143;133;136;48;69;54;53;49;54;46;54
1632.0;218;210;135;144;132;140;51;68;52;54;47;52;45;52
1638.0;220;210;135;142;136;137;56;66;50;55;46;51;46;50
1644.0;220;213;134;141;133;139;53;64;54;59;47;50;43;50
1650.0;221;213;134;136;133;137;51;63;56;62;46;52;44;52
1656.0;220;213;129;139;134;136;55;60;58;64;44;51;45;52
1662.0;220;215;125;136;134;135;56;62;57;61;46;54;47;52
1668.0;214;214;123;135;134;139;56;60;55;61;49;59;49;52
1674.0;212;215;124;133;134;139;57;59;57;61;50;56;49;54
1680.0;213;215;123;131;132;140;55;62;58;63;52;56;51;49
1686.0;214;216;127;130;135;142;56;60;56;62;51;53;50;48
1692.0;214;216;128;135;133;141;56;62;54;60;46;55;50;50
1698.0;214;214;126;134;135;141;58;65;53;60;46;54;52;48
1704.0;214;214;126;131;133;139;56;70;51;62;47;55;52;50
1710.0;215;213;120;135;131;138;54;71;52;65;47;53;53;53
1716.0;216;213;119;134;132;136;54;70;52;63;49;55;54;53
1722.0;218;211;120;136;131;135;52;71;49;61;53;56;57;50
1728.0;221;210;123;137;134;137;51;69;48;56;51;58;54;51
1734.0;221;212;119;137;135;137;47;71;48;54;50;58;54;57
1740.0;221;213;117;136;137;140;48;71;47;53;49;59;53;56
1746.0;221;214;118;140;138;140;45;67;49;51;50;59;51;57
1752.0;222;215;122;143;134;138;46;70;46;50;53;56;51;54
1758.0;223;214;124;145;132;139;47;70;46;50;51;57;49;53
1764.0;223;213;126;146;130;137;47;70;47;48;55;59;47;52
1770.0;224;215;128;145;128;136;50;69;49;46;51;60;47;52
1776.0;221;214;130;145;127;136;55;69;52;48;49;59;42;53
1782.0;221;215;130;145;129;133;58;64;50;52;50;58;42;53
1788.0;224;217;134;147;130;129;58;63;47;54;50;57;40;50
1794.0;223;219;132;149;131;128;58;64;48;52;49;56;42;49
1800.0;224;216;129;148;130;128;57;61;47;53;49;57;47;54
1806.0;225;218;126;150;128;127;57;62;45;53;52;56;48;53
1812.0;222;218;126;152;128;128;55;63;43;54;54;56;47;54
1818.0;222;220;122;153;133;128;49;63;44;56;54;56;48;52
1824.0;219;219;125;151;133;127;53;63;46;56;55;55;46;52
1830.0;220;219;125;149;134;127;52;63;49;54;57;58;43;50
1836.0;218;215;123;149;133;130;53;64;48;52;59;62;43;51
1842.0;220;211;123;145;134;128;53;62;48;51;59;63;46;57
1848.0;215;212;124;146;135;129;54;61;50;50;60;60;46;58
1854.0;215;213;122;145;136;128;53;62;50;49;59;63;46;59
1860.0;216;212;122;146;138;127;54;60;48;52;60;63;46;56
1866.0;218;209;120;147;141;126;52;60;52;55;57;61;47;55
1872.0;217;211;118;147;142;124;48;61;56;55;59;57;48;57
1878.0;217;210;119;148;145;125;45;57;57;53;58;61;46;59
1884.0;214;212;121;154;138;128;42;61;55;55;56;58;46;60
1890.0;214;213;118;152;137;130;39;61;58;58;56;62;45;57
1896.0;212;213;115;145;134;129;40;63;57;62;59;65;48;58
1902.0;212;212;116;142;134;131;42;60;57;62;61;62;49;60
1908.0;218;215;118;143;135;130;43;59;57;59;56;61;50;56
1914.0;220;218;123;141;134;130;41;59;57;59;57;60;45;56
1920.0;220;217;126;141;134;129;39;57;55;57;60;62;48;55
1926.0;216;218;129;141;135;129;42;56;54;60;59;60;49;52
1932.0;214;217;132;145;137;125;46;55;48;56;62;63;47;53
1938.0;215;218;132;145;136;122;51;57;49;54;60;60;47;54
1944.0;216;217;131;146;137;121;52;59;51;55;61;58;47;49
1950.0;219;218;130;143;139;121;53;60;53;60;58;55;43;48
1956.0;223;215;129;141;140;126;51;59;54;57;57;58;42;48
1962.0;224;218;129;146;136;127;52;62;54;55;54;53;41;49
1968.0;220;218;133;147;136;123;59;61;54;53;53;50;45;48
1974.0;219;218;137;148;135;121;59;63;52;53;52;50;47;46
