#auto generated file!
12.0;42;40;42;30;39;46;42;39;53;45;44;53;47;38
18.0;43;40;44;33;38;44;40;41;51;44;47;50;46;39
24.0;43;40;45;33;39;45;44;44;49;42;44;52;42;38
30.0;44;43;43;36;41;46;41;42;47;40;45;52;44;36
36.0;43;44;41;36;40;48;40;45;44;42;44;51;46;36
42.0;43;46;41;38;39;49;39;46;39;39;43;52;47;39
48.0;45;44;43;40;40;50;40;46;37;37;43;48;48;39
54.0;47;45;43;42;43;52;37;46;35;38;42;48;46;36
60.0;47;48;42;42;44;52;38;45;34;38;41;48;46;35
66.0;49;47;41;40;44;51;38;46;36;37;43;49;44;35
72.0;49;47;43;40;48;53;37;41;35;33;43;49;45;37
78.0;51;49;43;41;48;56;38;39;34;32;42;50;43;34
84.0;51;49;45;41;49;57;40;41;34;32;40;46;39;36
90.0;51;52;45;42;49;54;40;41;34;32;44;43;35;38
96.0;55;53;44;45;52;54;39;41;34;32;42;40;34;35
102.0;56;55;43;45;52;53;42;42;33;31;42;39;32;35
108.0;58;55;46;47;50;56;43;39;34;34;42;35;28;33
114.0;58;58;47;48;50;55;41;40;33;32;42;35;27;34
120.0;58;59;49;47;51;55;37;42;33;32;41;34;27;35
126.0;59;60;49;46;52;58;36;41;30;34;38;36;27;34
132.0;59;61;52;46;51;57;38;42;29;32;36;36;25;36
138.0;59;63;51;46;51;59;41;42;29;30;34;34;25;36
144.0;60;67;52;46;50;59;39;40;29;29;34;35;22;38
150.0;63;69;50;46;53;60;38;38;29;27;34;35;22;36
156.0;64;69;55;48;53;58;40;37;27;26;31;34;22;36
162.0;64;71;57;48;56;56;41;35;28;26;29;32;22;35
168.0;65;73;61;50;56;54;43;33;26;25;27;33;21;33
174.0;65;74;61;52;55;55;41;35;25;25;27;31;22;32
180.0;64;75;59;53;57;55;41;35;25;26;25;31;22;32
186.0;62;78;60;53;58;55;43;35;24;25;25;32;20;30
192.0;62;78;58;51;59;55;46;35;23;24;26;32;19;32
198.0;64;79;58;52;59;56;45;33;22;26;26;32;18;30
204.0;64;80;59;53;59;56;45;34;22;26;27;29;19;27
210.0;63;79;59;53;58;58;44;36;21;28;25;29;20;27
216.0;64;82;58;51;58;56;44;39;22;26;23;27;21;29
222.0;64;81;57;50;58;59;42;40;24;25;25;26;20;29
228.0;64;84;57;46;58;61;39;40;23;25;26;26;21;30
234.0;68;86;59;45;58;61;36;41;21;28;24;25;18;30
240.0;68;86;59;44;56;62;37;41;20;27;22;28;18;32
246.0;71;86;61;44;54;61;37;41;20;29;21;28;18;29
252.0;71;86;62;46;54;59;36;41;22;28;21;27;18;29
258.0;72;84;62;46;57;57;34;40;22;27;22;30;17;30
264.0;73;86;63;46;57;57;32;41;22;25;23;27;18;30
270.0;73;84;63;48;56;57;30;40;20;27;22;30;20;30
276.0;75;85;60;46;57;58;29;40;21;27;23;30;20;29
282.0;75;86;61;49;57;57;28;39;22;26;22;30;21;27
288.0;80;85;62;49;55;56;27;38;24;28;20;29;21;26
294.0;82;87;62;49;53;56;31;37;23;24;20;26;24;26
300.0;84;86;63;50;54;60;28;34;24;26;20;25;22;24
306.0;84;87;61;49;55;62;28;36;24;26;19;23;23;23
312.0;84;88;60;54;53;64;24;33;22;28;18;23;25;24
318.0;83;88;59;56;55;62;24;34;22;25;19;21;28;24
324.0;81;90;60;54;55;62;25;34;23;24;19;21;28;24
330.0;82;90;60;55;55;65;24;34;23;22;20;20;27;23
336.0;83;90;61;55;58;64;22;33;23;20;23;19;26;23
342.0;83;88;61;54;58;65;23;34;25;18;23;19;26;23
348.0;80;89;62;55;55;66;22;34;25;17;24;20;26;25
354.0;80;92;63;55;55;64;23;29;24;20;22;22;26;25
360.0;79;92;61;56;54;66;26;26;22;18;24;21;29;26
366.0;79;91;64;57;53;66;26;24;21;21;26;19;28;25
372.0;80;92;63;56;53;67;27;24;22;20;27;20;28;21
378.0;79;92;64;56;53;67;24;24;24;20;28;21;28;20
384.0;83;94;66;56;52;62;24;23;24;19;27;21;29;20
390.0;85;94;68;56;53;63;21;23;24;17;26;22;28;20
396.0;87;94;68;58;52;61;20;23;24;18;27;21;28;19
402.0;89;95;66;57;53;62;22;20;24;18;27;19;27;21
408.0;89;94;63;57;53;62;24;21;23;20;25;19;28;22
414.0;90;93;63;55;53;61;27;24;23;18;25;21;26;21
420.0;90;93;63;55;53;62;25;23;22;16;26;23;26;23
426.0;90;96;61;54;55;62;25;23;21;17;27;21;26;22
432.0;93;95;60;55;54;65;23;24;18;17;24;23;28;21
438.0;92;94;60;56;54;65;25;26;15;18;25;21;28;21
444.0;92;93;60;55;55;64;27;25;16;18;27;18;30;20
450.0;91;91;58;55;54;65;27;27;17;18;27;18;31;21
456.0;93;89;58;56;56;65;25;28;18;19;24;17;31;21
462.0;90;92;57;61;54;65;25;27;18;19;23;17;31;21
468.0;90;92;57;60;54;65;25;28;17;17;24;19;29;23
474.0;92;94;56;58;54;65;27;27;17;16;25;20;27;22
480.0;94;92;59;58;54;68;26;25;16;17;25;20;23;23
486.0;92;92;60;58;58;67;26;22;17;20;22;20;23;23
492.0;92;92;60;57;55;68;27;25;16;21;22;18;24;23
498.0;93;93;56;56;53;70;30;26;12;23;23;18;24;23
504.0;93;90;54;57;51;71;32;27;14;23;22;19;24;23
510.0;92;89;54;59;51;70;31;27;14;23;21;19;24;26
516.0;93;88;54;59;51;70;29;29;15;21;20;21;25;25
522.0;94;88;53;61;50;70;29;27;15;20;21;20;25;27
528.0;94;85;53;61;48;70;29;28;18;20;21;19;27;27
534.0;96;86;54;60;49;72;28;28;19;22;18;17;24;27
540.0;96;85;53;60;50;72;28;31;20;22;18;18;24;23
546.0;96;84;54;60;48;73;29;28;17;23;20;21;24;23
552.0;96;83;55;61;48;72;28;27;16;22;20;22;24;26
558.0;96;81;54;62;49;73;27;27;17;23;22;20;23;26
564.0;95;81;55;62;51;74;26;27;17;24;23;22;21;22
570.0;96;81;57;61;50;75;25;28;18;23;21;22;22;21
576.0;98;80;57;61;49;74;25;29;19;25;19;21;22;21
582.0;96;80;57;62;48;74;27;27;22;24;18;22;21;22
588.0;97;79;58;62;49;73;27;27;22;25;17;22;20;22
594.0;96;79;58;64;49;74;26;25;20;26;19;21;19;24
600.0;93;81;59;64;49;74;25;24;21;28;18;22;19;23
606.0;93;80;60;64;49;73;25;23;21;28;19;22;19;24
612.0;92;80;61;62;48;71;27;25;22;25;19;23;19;26
618.0;93;82;60;61;47;72;28;23;23;24;19;25;17;26
624.0;93;82;61;62;48;72;27;25;21;24;18;24;17;26
630.0;92;83;60;62;47;70;28;26;24;24;17;22;19;26
636.0;94;86;61;63;48;67;25;22;24;24;18;22;20;26
642.0;95;85;61;61;48;67;24;23;24;25;18;25;20;24
648.0;96;84;61;60;48;67;24;24;23;24;17;27;20;25
654.0;96;85;61;58;50;66;25;24;24;23;18;29;16;25
660.0;96;86;61;57;49;65;25;26;25;21;21;28;17;23
666.0;94;86;60;58;50;65;27;25;29;20;21;27;16;22
672.0;94;86;59;58;49;66;25;24;30;21;23;25;16;24
678.0;93;85;58;63;49;65;22;26;29;20;23;24;18;25
684.0;91;85;59;60;48;67;26;25;31;19;23;22;19;25
690.0;92;85;61;59;47;65;25;23;31;21;24;21;20;26
696.0;92;86;61;61;47;61;24;22;30;22;25;20;21;28
702.0;92;86;61;60;48;61;26;23;29;22;26;16;20;30
708.0;92;86;61;64;47;64;27;23;28;21;23;18;17;29
714.0;92;86;61;65;48;64;28;23;31;22;20;18;17;25
720.0;92;85;61;62;49;64;26;24;32;22;17;22;17;27
726.0;93;85;60;61;50;62;25;24;32;24;16;22;17;29
732.0;93;84;61;60;51;64;25;23;32;23;15;26;16;27
738.0;94;85;62;59;50;61;25;26;27;24;15;26;19;27
744.0;96;82;62;59;50;61;23;27;27;24;16;27;21;25
750.0;95;85;63;58;48;64;22;27;28;23;15;26;20;26
756.0;91;87;63;56;50;63;22;28;27;24;13;29;20;27
762.0;92;90;62;56;51;62;22;28;26;24;12;28;19;28
768.0;91;89;61;57;52;61;21;30;26;24;13;28;19;28
774.0;91;87;60;57;54;61;20;31;27;25;15;27;19;26
780.0;91;90;58;58;54;60;21;32;26;25;17;25;18;25
786.0;94;91;53;57;55;61;22;33;26;23;18;24;18;25
792.0;94;92;54;57;54;60;23;30;28;24;18;24;16;26
798.0;93;89;54;58;54;59;26;32;28;23;17;25;16;26
804.0;93;91;54;58;53;60;26;32;27;24;16;25;16;25
810.0;96;90;55;60;53;59;25;32;27;20;16;26;15;26
816.0;97;90;54;59;50;58;25;32;28;22;17;26;16;26
822.0;96;90;56;58;50;56;28;33;27;23;17;24;16;26
828.0;96;89;58;57;51;56;29;34;25;24;16;23;17;25
834.0;97;90;59;58;51;57;26;33;23;24;18;22;17;25
840.0;99;87;59;57;53;55;27;31;23;26;17;23;17;26
846.0;97;87;60;59;53;55;27;30;26;22;17;25;15;27
852.0;96;88;63;61;54;56;27;31;25;22;14;24;13;26
858.0;97;88;61;61;55;57;27;30;25;21;12;27;12;27
864.0;98;89;63;61;53;57;26;28;22;23;13;29;13;25
870.0;98;89;64;59;52;57;26;28;22;24;14;29;11;27
876.0;94;89;63;58;54;57;25;28;24;23;16;30;13;26
882.0;95;91;63;57;55;57;26;27;22;23;16;31;15;22
888.0;92;90;59;60;54;57;26;31;22;25;19;29;16;20
894.0;93;92;58;59;55;55;27;29;22;24;20;29;17;20
900.0;93;92;58;57;54;55;29;26;23;26;20;30;18;19
906.0;91;92;59;55;55;54;29;27;22;29;21;30;17;19
912.0;92;93;58;57;52;54;31;25;21;30;20;30;16;21
918.0;92;93;58;56;52;55;35;24;19;27;21;32;16;20
924.0;91;93;59;54;50;53;35;24;20;28;21;33;20;19
930.0;92;94;59;55;51;52;34;24;19;27;20;33;19;21
936.0;92;95;59;54;54;51;33;23;18;26;21;34;19;21
942.0;93;93;56;52;53;50;32;23;18;28;22;34;22;24
948.0;91;94;57;52;54;47;29;25;24;27;22;29;24;25
954.0;90;96;56;55;53;46;28;22;25;29;22;30;24;24
960.0;86;94;58;56;54;46;28;23;26;30;24;28;25;22
966.0;88;94;57;57;54;48;28;23;25;27;24;30;24;21
972.0;88;94;61;57;55;49;24;22;27;26;25;26;25;21
978.0;90;95;61;55;55;52;20;23;26;27;24;25;25;22
984.0;93;97;61;53;53;50;21;23;26;25;25;24;25;24
990.0;93;97;60;54;54;51;21;21;26;25;27;23;24;24
996.0;93;98;60;55;51;51;21;23;26;27;28;21;24;22
1002.0;91;100;57;55;51;53;20;23;25;30;28;21;25;21
1008.0;89;99;56;55;52;52;21;23;27;29;30;22;25;20
1014.0;88;100;56;55;54;53;22;23;26;28;26;23;25;21
1020.0;87;101;54;54;55;54;22;22;25;26;24;27;27;22
1026.0;85;101;53;55;57;50;23;21;27;27;24;26;28;23
1032.0;82;104;53;58;56;50;23;24;25;23;24;26;28;24
1038.0;82;103;54;57;57;48;24;25;24;23;25;28;27;23
1044.0;80;100;52;58;60;48;25;25;24;23;24;30;26;25
1050.0;77;100;51;58;64;46;26;24;26;23;20;30;30;25
1056.0;77;98;52;55;65;46;25;25;26;23;21;29;33;25
1062.0;77;101;53;56;67;46;24;23;25;22;19;29;32;26
1068.0;76;102;53;55;67;47;21;21;24;24;17;32;33;28
1074.0;77;101;53;55;66;46;22;21;24;23;17;34;31;30
1080.0;78;101;53;55;62;46;24;21;23;26;16;33;31;31
1086.0;76;101;51;55;62;48;27;19;25;27;16;32;28;33
1092.0;76;100;52;58;60;49;26;17;25;27;18;34;25;33
1098.0;73;99;54;56;61;48;26;17;26;29;20;34;27;30
1104.0;73;98;56;54;62;49;27;18;26;27;20;32;26;32
1110.0;73;100;53;56;62;49;26;16;27;29;20;33;25;31
1116.0;74;98;54;54;61;50;29;15;28;27;20;31;26;33
1122.0;74;96;56;55;59;49;32;15;27;27;18;31;27;34
1128.0;75;96;54;54;60;52;31;16;27;26;19;27;30;33
1134.0;81;96;55;54;60;54;29;16;26;23;18;27;31;30
1140.0;83;97;55;54;64;54;30;18;22;24;18;24;27;30
1146.0;84;97;56;53;64;57;30;18;23;24;14;23;28;29
1152.0;83;95;57;54;68;57;32;19;24;23;14;20;26;28
1158.0;83;95;57;54;69;55;32;20;25;23;14;19;27;27
1164.0;84;96;55;54;69;55;32;20;26;22;14;18;28;27
1170.0;82;96;56;52;68;55;31;21;27;22;14;16;33;27
1176.0;81;97;55;51;68;55;30;22;26;23;15;17;34;26
1182.0;80;97;54;50;71;56;27;25;25;22;17;18;34;24
1188.0;82;96;54;49;72;59;26;25;25;21;17;18;33;23
1194.0;84;98;54;50;71;61;27;23;26;21;18;16;30;21
1200.0;84;100;52;51;71;61;28;22;25;23;17;17;29;20
1206.0;85;100;51;49;71;61;28;23;24;22;17;19;28;22
1212.0;86;100;49;49;71;65;26;24;22;21;20;16;28;23
1218.0;87;102;51;44;70;66;26;26;22;20;19;15;28;24
1224.0;86;100;48;50;70;65;24;27;22;21;20;16;26;25
1230.0;84;99;48;52;68;65;25;25;21;24;20;18;25;26
1236.0;83;101;48;54;68;65;24;23;20;26;19;18;26;25
1242.0;83;99;48;53;70;65;22;22;19;30;21;18;23;27
1248.0;82;99;48;54;71;64;21;23;18;31;23;17;23;26
1254.0;83;99;48;55;71;62;23;21;20;31;22;16;25;24
1260.0;86;100;48;54;68;60;21;23;20;27;24;17;27;25
1266.0;86;101;47;56;68;57;21;23;20;27;24;16;27;27
1272.0;83;103;48;56;68;57;21;23;20;26;25;17;25;28
1278.0;82;102;48;57;71;56;20;22;22;26;26;14;25;29
1284.0;82;100;46;56;70;57;19;23;24;25;28;14;26;30
1290.0;83;98;47;55;70;58;18;23;25;24;28;16;25;30
1296.0;83;98;48;56;68;61;18;21;23;23;29;17;26;29
1302.0;84;98;48;57;66;61;19;23;20;22;26;20;26;30
1308.0;85;98;49;58;66;61;19;22;19;23;24;22;28;26
1314.0;85;99;49;58;67;61;17;21;18;23;23;24;28;27
1320.0;84;97;50;61;66;59;18;20;21;19;25;25;29;26
1326.0;84;96;50;60;65;57;19;21;21;20;25;25;32;25
1332.0;86;97;49;63;62;59;19;24;20;18;25;23;31;24
1338.0;88;99;48;62;64;56;19;21;20;17;27;22;32;25
1344.0;87;100;48;62;66;56;18;18;18;16;30;22;33;26
1350.0;88;99;48;64;64;56;17;18;18;17;29;21;35;26
1356.0;88;96;52;65;60;55;17;19;19;20;31;19;33;26
1362.0;87;94;53;66;59;52;19;18;19;22;29;21;35;26
1368.0;87;92;52;68;61;54;16;18;20;22;28;21;35;26
1374.0;88;92;52;70;65;55;16;18;20;20;27;20;33;24
1380.0;89;91;51;70;65;55;16;22;19;21;27;17;33;24
1386.0;91;92;49;68;68;55;15;23;15;22;27;18;34;23
1392.0;93;91;49;67;67;56;15;22;14;22;27;17;36;24
1398.0;94;92;46;68;67;57;15;23;14;23;25;16;37;23
1404.0;92;94;45;68;67;56;16;23;15;23;27;16;35;23
1410.0;94;93;45;69;68;55;15;22;17;24;26;16;33;23
1416.0;95;91;47;69;68;53;15;22;16;26;25;16;32;25
1422.0;95;91;47;69;67;53;14;24;18;24;26;17;32;23
1428.0;96;92;47;69;66;51;13;22;23;22;27;16;31;25
1434.0;95;94;50;68;66;52;14;23;19;22;26;16;30;25
1440.0;96;94;52;67;67;53;16;23;20;21;24;15;30;22
1446.0;96;93;53;67;69;52;15;24;19;22;24;13;31;22
1452.0;93;93;54;68;68;50;17;24;21;24;25;12;29;22
1458.0;94;93;55;66;66;50;18;25;20;23;23;12;31;24
1464.0;95;92;53;64;66;52;18;26;20;24;24;13;28;25
1470.0;97;93;52;62;66;54;18;28;17;26;24;11;28;24
1476.0;96;94;51;59;66;55;20;28;15;26;24;12;29;25
1482.0;97;94;50;59;66;55;20;30;16;25;24;11;29;24
1488.0;97;95;49;62;64;53;21;31;15;28;21;10;29;25
1494.0;97;96;49;61;65;53;21;31;12;30;20;11;28;26
1500.0;97;96;48;62;66;53;22;33;13;29;18;10;28;25
1506.0;97;94;48;63;69;53;21;31;15;28;20;10;27;24
1512.0;96;93;51;64;69;54;20;30;16;27;19;12;26;23
1518.0;96;93;51;63;69;55;21;30;15;29;18;11;25;24
1524.0;97;92;50;62;70;54;21;30;13;29;17;14;26;25
1530.0;96;92;49;63;71;53;21;32;12;29;19;14;25;24
1536.0;97;90;51;64;70;50;22;32;13;27;19;13;26;26
1542.0;95;88;51;65;73;49;21;34;13;27;18;15;25;26
1548.0;97;89;52;64;72;49;21;35;15;27;17;15;23;24
1554.0;97;91;52;62;70;50;19;34;15;25;21;14;27;23
1560.0;99;90;52;60;72;50;20;32;14;25;19;15;28;24
1566.0;100;88;54;62;68;48;18;32;16;27;19;13;27;28
1572.0;101;88;54;62;69;48;18;33;15;25;18;12;27;30
1578.0;102;88;57;63;69;45;19;34;14;24;19;13;24;29
1584.0;101;89;55;62;70;45;20;33;14;24;20;14;23;30
1590.0;103;87;56;63;70;45;20;33;15;25;20;12;20;31
1596.0;100;86;57;63;70;47;21;32;15;23;20;14;21;31
1602.0;101;86;59;64;71;46;20;28;12;22;20;16;23;32
1608.0;102;87;56;63;70;45;19;27;12;25;21;16;23;34
1614.0;102;89;55;63;69;45;19;26;13;23;21;16;25;34
1620.0;103;88;53;65;69;48;19;26;12;22;21;16;25;33
1626.0;103;87;51;65;70;49;21;29;13;19;20;18;25;30
1632.0;104;85;51;66;70;50;24;29;13;18;19;16;27;28
1638.0;102;84;53;63;68;51;25;29;13;19;19;15;29;30
1644.0;103;86;51;63;68;51;23;29;16;19;16;16;28;31
1650.0;101;85;50;61;65;51;24;30;16;20;18;16;29;34
1656.0;102;87;52;59;66;51;19;30;18;19;20;16;28;33
1662.0;99;85;51;61;66;51;19;29;20;18;22;15;29;35
1668.0;98;86;53;61;63;48;22;31;21;18;23;16;28;32
1674.0;99;86;51;63;61;47;23;30;22;17;24;15;30;32
1680.0;100;83;50;62;62;48;25;28;24;18;25;13;30;32
1686.0;103;85;49;61;62;47;24;26;27;19;26;13;28;30
1692.0;102;87;47;61;61;48;23;25;26;20;26;13;28;33
1698.0;102;87;47;61;60;47;23;26;25;21;27;14;28;32
1704.0;101;88;47;60;61;46;21;25;25;22;28;15;28;33
1710.0;100;91;46;60;61;47;21;25;25;21;27;16;28;32
1716.0;99;92;46;61;60;49;22;24;25;20;27;16;28;31
1722.0;99;92;47;62;58;45;20;25;30;20;25;15;31;31
1728.0;99;91;49;64;58;45;19;24;31;21;23;15;30;31
1734.0;99;92;52;63;57;45;20;24;29;19;23;15;30;32
1740.0;98;93;51;64;56;45;18;26;30;19;21;15;32;32
1746.0;101;91;52;63;57;44;19;24;30;19;20;16;32;32
1752.0;102;90;50;66;58;45;18;22;31;18;19;18;32;31
1758.0;103;91;48;68;57;42;21;20;30;16;20;19;32;33
1764.0;103;90;47;67;59;42;22;19;30;14;18;22;34;33
1770.0;105;90;47;66;60;43;24;17;29;16;20;24;31;28
1776.0;106;91;46;66;62;42;20;19;30;15;22;24;31;26
1782.0;105;89;48;66;62;44;21;19;30;14;21;24;28;29
1788.0;102;89;49;67;63;46;22;20;29;15;20;25;28;25
1794.0;102;91;49;67;61;51;22;21;25;14;21;23;29;24
1800.0;99;89;51;65;61;52;23;20;26;16;22;24;28;24
1806.0;98;88;51;64;61;50;22;21;26;19;22;23;30;25
1812.0;96;90;49;67;60;49;24;20;25;21;23;22;28;26
1818.0;96;91;49;66;60;50;23;21;24;24;22;21;28;25
1824.0;94;92;51;65;61;51;24;22;24;22;20;22;28;24
1830.0;97;91;50;66;62;53;26;20;25;21;19;21;27;22
1836.0;97;91;48;68;63;54;28;18;26;18;20;21;26;22
1842.0;96;91;50;65;68;51;27;17;29;19;20;20;25;22
1848.0;96;90;50;64;66;53;26;18;30;20;19;22;26;20
1854.0;96;87;50;65;68;53;27;17;27;23;19;23;25;20
1860.0;97;86;51;68;66;54;27;17;25;20;18;24;27;20
1866.0;94;89;52;67;66;54;25;17;27;21;19;21;28;20
1872.0;94;89;53;66;66;56;23;17;27;23;19;20;28;19
1878.0;91;89;54;66;68;57;23;16;24;22;21;20;28;21
1884.0;89;84;55;66;68;57;23;18;23;24;22;21;28;22
1890.0;88;85;57;66;62;56;23;18;25;26;23;21;27;23
1896.0;88;86;56;66;60;55;22;17;28;25;21;24;27;25
1902.0;87;85;58;64;62;56;20;16;27;23;24;24;28;26
1908.0;89;84;59;66;60;56;22;13;27;20;25;25;30;24
1914.0;89;85;59;68;57;57;25;13;27;20;23;25;29;23
1920.0;89;85;60;69;57;57;23;13;27;19;25;27;28;21
1926.0;89;84;60;73;57;55;25;13;27;17;24;26;29;21
1932.0;88;85;60;77;58;56;23;14;24;17;22;26;28;22
1938.0;89;84;60;79;59;51;24;14;24;16;23;27;29;21
1944.0;90;83;60;80;60;51;24;15;21;17;22;26;30;21
1950.0;89;86;60;77;59;52;23;16;21;17;23;25;31;21
1956.0;89;81;62;77;58;52;23;17;22;17;24;25;29;24
1962.0;88;81;61;76;57;52;22;17;21;19;26;24;31;25
1968.0;86;85;63;79;55;51;22;15;21;20;25;23;29;26
1974.0;83;87;62;82;55;53;22;16;20;20;23;24;29;24
