#auto generated file!
12.0;158;165;171;162;154;151;164;149;159;160;162;137;147;161
18.0;161;172;171;167;157;156;159;152;156;157;155;132;149;156
24.0;167;173;174;164;163;167;158;149;150;150;144;134;151;156
30.0;173;176;177;165;166;173;155;147;154;141;142;127;149;155
36.0;176;183;178;167;173;175;158;146;149;143;135;124;146;147
42.0;175;182;182;170;172;178;156;143;145;142;132;128;148;147
48.0;178;187;182;175;173;179;151;148;138;139;133;127;148;142
54.0;181;193;187;183;173;179;149;145;136;138;129;123;143;141
60.0;189;196;189;191;172;185;142;140;133;137;131;120;136;139
66.0;190;198;196;194;172;183;137;138;135;135;124;125;135;138
72.0;193;197;203;196;173;187;134;141;127;129;125;126;127;142
78.0;194;200;204;194;175;189;135;147;128;126;125;125;122;136
84.0;200;200;204;195;173;193;131;143;126;125;126;124;129;131
90.0;204;207;206;196;171;189;131;143;123;124;128;123;129;126
96.0;207;213;206;193;169;186;128;140;122;126;130;124;131;125
102.0;209;213;207;194;170;188;124;132;120;127;129;125;133;129
108.0;210;219;206;194;171;192;121;128;116;125;133;128;130;127
114.0;211;224;204;196;169;193;117;131;117;121;127;128;137;125
120.0;211;228;204;193;170;194;117;131;119;123;124;124;140;122
126.0;212;227;202;195;175;198;121;129;122;115;119;123;141;121
132.0;216;230;200;198;175;201;115;129;118;108;118;127;145;120
138.0;222;232;198;200;180;204;116;128;117;109;114;125;134;121
144.0;231;235;197;204;179;208;119;120;114;109;117;120;135;112
150.0;233;234;201;207;179;205;119;121;115;104;118;117;136;111
156.0;241;235;201;203;176;202;120;122;113;109;117;121;129;111
162.0;244;237;204;207;175;202;121;117;114;113;110;122;125;109
168.0;248;236;204;207;174;206;122;114;120;112;107;118;127;105
174.0;251;239;203;210;176;209;123;109;118;113;105;114;128;102
180.0;251;238;202;211;182;208;126;107;119;112;100;115;128;101
186.0;251;241;204;213;177;212;125;108;114;113;96;114;127;105
192.0;252;243;207;213;177;212;130;103;114;107;100;112;128;102
198.0;257;246;208;216;177;208;126;103;117;99;98;116;128;101
204.0;262;243;212;217;179;204;126;102;113;100;99;114;127;102
210.0;269;247;214;221;181;202;122;100;107;94;99;118;124;102
216.0;271;251;217;228;179;202;118;99;106;93;98;112;129;97
222.0;269;253;215;228;179;202;120;101;102;97;101;113;126;94
228.0;270;253;211;227;181;204;119;106;100;93;99;114;127;96
234.0;272;258;209;224;187;201;116;107;99;90;100;117;128;92
240.0;277;261;206;222;191;200;115;106;97;89;98;120;124;94
246.0;287;260;207;223;191;198;112;102;94;91;98;121;122;94
252.0;289;267;208;223;188;197;109;102;93;88;100;117;120;99
258.0;286;270;204;224;193;202;111;100;91;84;97;119;120;99
264.0;289;276;202;228;195;200;106;100;92;86;92;115;115;104
270.0;289;275;202;225;203;203;105;102;95;85;87;113;113;103
276.0;292;274;204;221;205;208;107;103;95;87;83;105;114;102
282.0;294;276;205;216;204;205;105;104;97;88;85;103;118;100
288.0;299;277;211;216;204;204;106;99;94;92;81;100;121;96
294.0;300;281;202;220;204;203;109;97;95;92;80;103;122;92
300.0;299;283;201;220;203;201;107;95;100;95;82;100;120;94
306.0;296;279;200;224;207;202;105;93;105;93;79;103;121;93
312.0;300;279;199;222;209;205;104;90;108;88;77;102;121;96
318.0;302;278;204;222;203;204;104;88;107;84;76;104;123;101
324.0;305;272;209;219;207;205;100;88;111;82;79;101;119;103
330.0;307;273;211;218;209;206;100;92;109;77;79;98;114;107
336.0;309;274;211;211;207;208;107;94;106;77;82;95;112;107
342.0;311;273;216;210;207;204;110;94;99;75;84;98;111;108
348.0;314;276;221;207;206;206;107;95;96;75;89;95;108;105
354.0;315;279;222;208;207;207;106;90;95;74;90;97;108;102
360.0;313;279;217;207;213;210;110;90;93;80;84;95;109;100
366.0;314;277;219;205;213;211;113;92;94;82;80;92;110;98
372.0;318;277;220;205;213;214;112;94;92;82;82;91;104;96
378.0;315;279;222;208;215;209;115;88;91;85;84;90;105;94
384.0;314;277;224;208;214;211;118;89;90;82;83;94;99;97
390.0;319;278;226;204;217;214;116;88;89;76;84;90;99;100
396.0;317;278;224;204;215;211;115;93;91;76;87;91;102;96
402.0;317;279;221;208;213;214;114;95;93;82;82;89;99;94
408.0;318;278;221;205;214;218;113;94;92;84;78;88;97;100
414.0;316;277;226;206;216;218;105;100;91;84;76;86;97;102
420.0;311;279;228;201;219;219;103;101;91;86;73;91;98;100
426.0;312;278;231;204;215;218;96;102;93;88;77;91;99;96
432.0;316;278;232;206;213;224;94;99;89;90;76;87;100;96
438.0;316;282;235;200;210;225;92;100;91;95;76;84;97;97
444.0;319;280;237;195;209;235;89;101;86;94;76;88;96;95
450.0;320;282;239;197;205;235;89;99;85;92;76;86;99;96
456.0;323;280;237;201;201;239;87;96;82;95;78;86;100;95
462.0;325;283;237;204;204;239;80;95;86;91;80;85;95;96
468.0;328;285;234;204;210;238;79;91;91;84;79;81;97;99
474.0;329;282;234;201;208;235;84;91;89;87;82;86;95;97
480.0;329;283;230;197;211;234;83;96;94;87;82;82;99;93
486.0;333;286;229;196;210;233;86;93;96;88;73;84;101;92
492.0;334;285;225;193;210;234;86;92;95;86;73;83;107;97
498.0;337;292;220;192;210;229;86;96;98;83;72;80;105;100
504.0;339;294;220;196;206;224;83;98;94;87;71;83;108;97
510.0;344;296;219;194;197;215;89;93;100;92;74;84;111;92
516.0;344;299;218;197;197;218;89;94;99;91;71;83;108;92
522.0;345;300;215;196;197;219;88;92;103;89;72;85;106;93
528.0;345;302;213;198;198;219;95;91;104;85;77;79;105;89
534.0;341;300;210;200;203;222;96;92;104;85;79;79;98;91
540.0;344;297;212;204;201;220;90;91;102;88;75;82;100;94
546.0;347;297;214;206;202;216;89;92;95;88;72;83;100;99
552.0;354;294;219;212;198;218;88;88;98;88;68;82;99;94
558.0;357;291;219;207;198;213;86;94;93;89;73;85;97;98
564.0;363;291;215;205;195;216;87;92;91;91;72;84;100;98
570.0;363;293;216;203;195;212;88;94;88;85;78;85;99;101
576.0;366;294;219;204;198;213;85;92;87;79;78;88;98;99
582.0;368;295;218;205;197;211;81;94;87;80;79;89;97;99
588.0;365;292;214;207;198;209;83;97;85;76;84;88;102;100
594.0;364;292;211;209;196;205;84;99;87;75;84;90;100;104
600.0;362;295;211;207;190;205;85;102;86;74;87;88;101;107
606.0;364;301;211;205;189;206;85;98;86;73;92;89;95;106
612.0;367;305;210;210;190;204;85;98;85;71;91;93;92;99
618.0;366;314;207;210;192;204;82;100;83;72;93;91;92;94
624.0;365;314;203;213;193;199;84;102;86;69;97;91;93;91
630.0;359;313;200;213;197;198;86;94;86;75;99;96;93;91
636.0;357;313;202;216;199;199;87;88;81;75;98;98;102;85
642.0;356;311;196;212;202;205;88;84;86;73;99;100;101;87
648.0;354;309;200;210;202;200;90;89;86;74;98;100;99;89
654.0;355;308;198;208;203;200;93;90;83;75;103;95;101;88
660.0;348;307;198;209;203;202;96;91;83;79;104;87;99;94
666.0;348;308;199;209;204;203;96;92;79;80;101;89;98;94
672.0;349;307;203;205;200;205;98;94;83;79;102;88;95;92
678.0;351;302;204;211;203;206;101;92;80;79;102;88;92;89
684.0;357;300;200;211;204;208;103;91;83;76;99;92;90;86
690.0;359;303;198;209;201;208;104;90;85;77;99;95;88;84
696.0;360;308;191;208;202;213;101;90;87;78;100;90;87;85
702.0;359;309;185;204;199;215;102;93;90;76;100;93;90;85
708.0;364;307;181;208;199;214;106;96;89;75;102;92;83;84
714.0;366;307;179;205;197;219;106;95;87;76;102;91;84;86
720.0;370;308;182;205;202;224;100;96;77;78;102;92;80;84
726.0;374;305;182;206;207;228;99;95;74;81;95;94;81;79
732.0;373;307;184;204;208;227;98;98;74;81;95;99;76;76
738.0;374;306;184;204;209;228;95;98;76;79;97;95;76;79
744.0;369;305;183;207;207;227;97;103;75;84;94;97;76;76
750.0;375;307;186;203;205;218;88;104;81;83;100;91;80;79
756.0;372;307;188;204;207;218;91;106;79;81;100;88;80;79
762.0;373;307;186;202;209;219;93;111;76;79;98;93;78;76
768.0;372;308;188;201;205;215;91;112;77;82;96;96;78;79
774.0;372;302;189;202;210;214;91;113;82;86;93;92;74;80
780.0;371;298;188;201;210;216;92;113;79;86;98;94;72;82
786.0;372;300;189;198;215;216;91;110;78;87;93;97;73;81
792.0;371;300;191;199;217;213;93;105;77;90;96;96;73;79
798.0;373;299;195;198;218;210;89;102;80;89;100;95;74;78
804.0;380;298;192;192;218;206;89;98;79;91;100;97;79;81
810.0;382;297;199;194;219;207;83;94;80;89;100;94;81;81
816.0;378;300;203;190;219;201;87;88;85;93;98;97;82;79
822.0;375;295;206;194;221;199;85;88;85;95;102;94;85;76
828.0;377;300;209;196;217;199;85;87;83;92;98;94;83;80
834.0;378;299;208;198;218;198;88;88;82;97;97;92;81;76
840.0;377;301;212;200;211;202;87;85;81;98;98;90;82;76
846.0;373;300;213;202;207;202;89;86;80;96;96;92;84;80
852.0;378;301;212;205;208;200;89;82;84;88;96;96;80;81
858.0;377;303;211;205;211;201;87;83;85;88;91;99;79;80
864.0;378;307;210;201;208;201;81;85;85;89;94;98;81;82
870.0;375;306;210;203;208;201;85;83;86;91;98;97;81;76
876.0;377;308;214;201;204;202;87;84;83;90;96;96;81;77
882.0;371;310;218;197;206;197;91;80;87;88;95;98;85;77
888.0;373;306;218;195;205;194;94;79;90;90;97;98;82;79
894.0;375;308;219;191;205;195;96;80;88;94;95;100;80;74
900.0;379;311;222;191;208;193;97;77;88;94;91;100;77;72
906.0;378;312;222;194;206;193;102;78;88;93;89;97;77;71
912.0;376;314;221;195;208;197;99;77;85;92;92;93;76;75
918.0;382;313;222;198;205;193;91;79;87;98;92;91;78;71
924.0;380;316;221;197;208;188;90;79;85;99;94;95;76;72
930.0;373;316;217;203;214;186;89;80;84;98;96;95;77;72
936.0;374;319;218;206;214;186;86;80;87;90;94;94;79;73
942.0;370;318;218;207;213;186;83;76;89;91;97;97;80;75
948.0;368;321;221;205;213;189;79;77;86;94;97;95;82;73
954.0;367;318;222;209;217;192;84;75;83;87;97;95;79;75
960.0;365;318;222;208;216;198;83;78;80;90;91;95;82;74
966.0;367;311;216;214;212;199;82;80;81;92;89;96;86;75
972.0;366;313;208;212;210;201;79;80;78;96;87;99;91;80
978.0;368;315;211;214;210;200;80;79;77;98;80;98;91;79
984.0;365;319;207;211;214;200;78;79;77;97;81;98;95;79
990.0;362;319;207;211;218;200;82;77;77;98;89;92;92;76
996.0;364;320;209;210;219;200;85;75;78;98;93;87;87;75
1002.0;367;320;209;211;217;200;83;79;79;94;93;84;87;77
1008.0;366;320;210;214;218;197;82;77;79;97;90;85;85;80
1014.0;366;325;212;212;218;194;80;73;77;104;89;85;84;81
1020.0;364;329;211;210;217;191;88;73;78;99;86;90;83;81
1026.0;359;329;211;213;220;189;86;74;79;98;88;91;84;79
1032.0;364;329;204;213;216;189;89;76;80;103;88;87;84;78
1038.0;361;332;205;214;217;186;94;72;76;99;87;95;86;76
1044.0;360;332;202;216;210;187;96;76;73;98;85;97;89;79
1050.0;360;334;199;214;210;190;94;79;72;96;88;96;88;80
1056.0;363;336;199;214;205;190;93;79;73;89;83;103;91;82
1062.0;358;341;202;215;202;188;93;81;69;92;84;102;89;84
1068.0;358;344;203;214;204;185;94;84;71;94;85;98;84;82
1074.0;359;344;199;214;203;184;97;85;68;95;85;100;82;85
1080.0;362;345;197;212;201;182;94;92;71;93;81;101;85;84
1086.0;363;347;194;212;207;183;91;87;72;97;84;98;85;80
1092.0;361;345;194;213;208;183;87;90;71;97;86;97;84;84
1098.0;361;346;195;214;205;181;88;89;69;100;86;98;86;82
1104.0;365;344;198;209;208;180;90;89;68;99;85;98;84;83
1110.0;365;338;198;212;208;181;90;88;70;100;88;97;86;79
1116.0;360;343;193;210;209;183;91;85;68;99;88;100;90;81
1122.0;365;346;193;208;208;183;90;83;70;103;86;101;88;76
1128.0;364;348;194;218;208;183;84;84;70;105;83;101;86;72
1134.0;365;348;198;220;208;183;77;83;71;108;84;103;84;68
1140.0;360;346;200;218;208;182;80;84;71;107;85;97;88;74
1146.0;367;351;198;218;205;181;79;83;71;109;85;98;84;71
1152.0;365;350;198;216;205;184;77;80;73;110;91;103;82;66
1158.0;365;346;200;215;205;187;74;79;77;110;89;103;84;66
1164.0;365;352;200;217;201;184;74;81;77;107;89;100;82;71
1170.0;367;350;201;217;197;184;73;82;84;111;89;97;79;69
1176.0;370;352;199;218;201;182;70;77;84;108;91;95;86;67
1182.0;369;356;199;223;198;181;73;71;89;98;92;98;86;67
1188.0;373;355;201;221;193;181;72;76;88;94;90;100;86;70
1194.0;378;355;202;221;190;181;73;79;88;85;88;101;89;70
1200.0;372;355;199;221;196;179;75;83;91;84;87;101;84;73
1206.0;373;354;205;224;200;176;73;84;91;81;86;98;86;69
1212.0;375;356;201;229;201;179;76;79;91;78;86;97;83;69
1218.0;380;356;202;229;200;180;75;77;91;77;86;99;79;69
1224.0;379;355;209;227;198;177;77;76;92;77;84;98;80;71
1230.0;379;360;208;229;201;174;80;75;85;77;86;99;79;68
1236.0;370;359;207;230;199;176;83;71;87;78;86;99;84;71
1242.0;372;358;206;229;204;173;84;68;86;77;84;100;87;72
1248.0;369;365;206;228;199;177;83;65;85;85;81;105;82;70
1254.0;369;368;202;233;201;179;86;64;84;82;78;101;82;71
1260.0;367;362;199;234;200;181;88;67;83;78;78;106;86;71
1266.0;366;364;197;241;200;183;90;70;79;77;77;102;81;73
1272.0;367;362;198;234;205;185;87;78;80;74;74;99;80;77
1278.0;367;367;199;234;210;181;87;71;79;76;77;98;79;75
1284.0;366;361;198;236;214;183;88;72;78;79;75;101;75;74
1290.0;371;362;202;236;212;181;86;73;79;80;77;99;74;68
1296.0;367;361;199;238;211;181;85;72;82;80;77;102;75;70
1302.0;367;361;194;236;211;181;85;72;84;82;77;106;74;70
1308.0;365;364;197;236;206;175;88;72;84;83;76;107;78;69
1314.0;366;368;197;230;206;177;90;69;85;82;80;106;80;64
1320.0;364;367;196;231;206;177;94;71;86;87;83;101;75;62
1326.0;363;360;194;232;211;181;96;68;90;86;79;93;81;66
1332.0;363;366;194;231;212;180;97;68;86;82;80;96;80;65
1338.0;360;367;195;232;212;180;96;67;84;81;78;100;76;72
1344.0;360;361;196;232;212;180;95;70;86;79;81;95;80;73
1350.0;361;360;200;231;215;175;90;68;85;76;83;98;82;76
1356.0;363;361;200;237;219;174;91;72;84;76;78;97;76;72
1362.0;363;358;198;240;218;172;91;74;82;75;81;92;80;76
1368.0;362;357;196;245;218;173;89;78;81;75;80;96;76;74
1374.0;363;359;194;243;217;173;94;76;80;79;84;95;68;75
1380.0;359;357;196;240;219;171;90;79;81;80;81;95;72;80
1386.0;363;358;194;240;222;173;84;78;79;82;81;95;71;80
1392.0;361;359;190;241;226;173;83;78;78;85;81;94;69;82
1398.0;365;359;191;242;224;171;80;78;82;84;83;91;69;81
1404.0;365;358;192;244;220;173;78;75;86;87;80;91;70;81
1410.0;361;352;192;242;215;174;81;76;85;87;86;91;72;86
1416.0;361;349;191;241;212;171;85;77;87;91;84;91;72;88
1422.0;363;344;195;243;212;173;82;78;89;91;78;91;73;88
1428.0;362;341;196;241;210;178;84;80;88;86;81;87;77;89
1434.0;358;343;196;237;214;182;83;79;86;85;82;85;81;89
1440.0;357;344;199;238;211;182;87;82;83;81;82;87;83;84
1446.0;360;343;201;239;210;182;82;81;86;81;81;84;84;86
1452.0;361;346;205;245;210;187;81;83;79;82;77;81;82;81
1458.0;362;351;202;246;213;185;88;84;77;75;73;81;80;83
1464.0;362;352;203;244;215;183;85;85;79;71;75;81;81;84
1470.0;356;351;203;245;216;184;84;89;82;67;78;80;81;84
1476.0;360;353;205;247;215;182;83;89;80;68;75;78;85;80
1482.0;359;355;204;246;211;184;79;93;78;71;77;82;83;78
1488.0;365;357;204;242;208;187;79;91;76;69;76;85;80;81
1494.0;365;356;203;237;207;185;82;92;76;69;77;89;81;81
1500.0;367;360;200;238;208;185;76;91;76;69;80;87;81;82
1506.0;366;364;199;240;207;185;72;87;73;70;79;86;84;88
1512.0;364;363;197;238;207;185;70;93;72;68;84;92;84;83
1518.0;365;363;196;238;207;185;71;91;69;67;86;88;87;87
1524.0;366;360;194;242;212;187;73;83;65;66;88;88;87;89
1530.0;364;362;193;242;214;183;75;80;66;70;89;85;91;86
1536.0;357;359;188;238;218;185;78;84;72;71;91;84;86;89
1542.0;359;353;190;239;215;184;86;81;72;71;91;83;92;84
1548.0;354;354;188;240;211;182;88;86;72;74;91;84;91;85
1554.0;356;352;187;244;211;182;93;85;73;74;88;82;88;85
1560.0;355;350;186;245;211;188;93;84;73;76;90;75;90;84
1566.0;354;349;184;247;213;189;93;85;70;74;93;76;90;83
1572.0;356;351;190;248;211;187;93;79;69;76;94;72;88;86
1578.0;353;348;188;247;212;187;92;79;73;78;97;71;88;87
1584.0;352;350;187;242;213;193;91;82;68;76;95;75;88;88
1590.0;352;350;187;243;213;199;86;87;67;80;96;74;82;84
1596.0;354;348;189;243;213;200;86;90;63;83;94;74;80;83
1602.0;354;344;189;243;221;200;79;94;67;82;94;70;83;80
1608.0;361;347;189;244;220;195;72;90;69;86;96;71;79;81
1614.0;360;344;193;243;218;197;78;89;66;86;97;75;74;80
1620.0;359;348;193;247;212;192;77;93;69;87;88;74;83;78
1626.0;356;352;197;249;211;192;79;93;69;83;89;74;81;75
1632.0;355;348;199;251;211;192;79;91;73;83;85;81;79;73
1638.0;356;345;201;250;210;191;79;94;75;85;86;83;68;77
1644.0;355;343;200;249;210;191;81;88;73;91;83;87;74;75
1650.0;357;350;198;246;212;193;79;88;72;91;79;86;70;79
1656.0;360;346;197;247;212;188;77;90;68;89;78;90;75;83
1662.0;362;346;198;239;212;185;81;87;69;87;79;91;77;87
1668.0;365;341;200;239;211;180;84;85;72;88;76;86;79;94
1674.0;367;341;198;235;215;179;82;86;71;91;74;85;80;96
1680.0;366;342;195;232;216;181;83;89;74;92;73;84;78;95
1686.0;367;345;197;231;214;184;85;83;74;90;74;81;78;97
1692.0;369;348;200;230;214;189;87;79;74;86;73;82;74;95
1698.0;369;348;205;230;210;189;85;79;74;85;75;80;76;95
1704.0;373;344;199;229;213;191;84;77;76;90;78;79;76;91
1710.0;374;350;199;227;216;195;83;77;75;85;78;77;74;90
1716.0;373;350;200;227;217;194;82;79;75;84;75;79;77;88
1722.0;372;352;204;228;212;196;81;79;78;81;80;77;76;84
1728.0;374;346;203;225;208;196;82;81;79;85;80;82;75;84
1734.0;370;348;202;228;205;197;81;79;82;82;82;82;79;83
1740.0;372;352;200;225;204;193;81;74;81;84;83;87;79;85
1746.0;370;350;199;224;203;192;85;73;85;89;81;89;79;81
1752.0;372;350;199;223;202;196;85;72;84;88;79;88;81;81
1758.0;373;354;197;219;198;193;94;71;84;84;81;87;83;82
1764.0;377;351;197;217;201;197;89;74;84;86;77;86;81;83
1770.0;377;355;198;215;196;195;86;75;85;85;80;83;85;85
1776.0;380;353;204;219;200;194;85;78;82;81;77;84;83;80
1782.0;380;349;206;219;201;193;85;79;82;82;74;84;84;82
1788.0;380;352;205;219;197;192;90;75;80;82;76;86;79;87
1794.0;381;353;204;220;199;189;88;79;81;79;76;83;80;88
1800.0;381;354;203;223;201;186;90;76;79;75;78;83;83;88
1806.0;380;352;203;221;202;189;92;76;80;81;79;79;81;85
1812.0;381;349;203;228;201;183;91;79;82;85;79;74;79;86
1818.0;382;348;206;226;203;182;92;83;81;85;80;76;78;78
1824.0;378;343;206;227;207;185;93;83;78;87;77;76;83;77
1830.0;374;342;206;224;209;184;90;86;76;89;78;79;89;74
1836.0;374;344;206;226;211;186;90;86;77;90;77;73;88;72
1842.0;377;343;207;224;211;186;93;88;76;88;76;68;87;76
1848.0;374;343;206;224;211;190;90;86;75;89;79;69;87;77
1854.0;377;344;206;226;209;189;90;85;72;88;82;70;87;75
1860.0;377;343;206;222;211;189;88;86;74;90;83;74;81;76
1866.0;382;341;198;226;211;196;90;82;71;90;82;72;84;75
1872.0;383;340;197;231;213;195;96;81;69;89;79;74;79;74
1878.0;374;340;197;234;213;196;93;86;70;88;77;76;79;77
1884.0;373;346;195;232;218;194;86;92;67;84;75;80;82;76
1890.0;370;348;197;230;218;196;85;94;69;82;72;81;81;77
1896.0;369;346;200;227;217;196;82;96;71;82;71;80;81;82
1902.0;366;351;204;227;212;196;81;94;71;84;73;79;83;79
1908.0;366;347;206;226;212;197;78;97;71;84;73;81;83;79
1914.0;366;351;204;225;210;197;82;97;68;87;72;79;82;80
1920.0;364;352;204;226;212;201;82;93;65;89;71;81;78;82
1926.0;366;351;201;225;211;203;85;91;67;87;70;82;79;82
1932.0;364;357;203;224;215;201;84;89;65;86;67;81;80;84
1938.0;361;356;199;226;218;203;89;95;65;82;63;81;78;84
1944.0;362;359;198;220;223;204;88;92;64;79;67;82;81;81
1950.0;361;359;194;224;224;204;89;94;67;81;68;76;79;80
1956.0;359;357;196;223;223;203;96;94;64;77;67;79;82;80
1962.0;359;358;196;224;222;198;91;96;64;83;71;76;79;83
1968.0;362;358;195;223;221;197;90;95;66;81;75;76;77;84
1974.0;362;357;195;225;218;202;95;93;70;86;72;72;74;79
