#auto generated file!
12.0;155;166;156;159;139;136;138;155;125;145;128;128;143;127
18.0;157;171;159;163;143;140;131;150;122;143;125;132;144;120
24.0;163;177;166;165;145;141;128;143;118;143;119;132;146;114
30.0;168;180;162;168;148;143;129;140;115;140;121;127;143;116
36.0;174;188;153;166;153;149;123;140;114;142;124;128;137;109
42.0;174;194;153;166;159;153;123;131;111;139;120;129;138;110
48.0;176;195;158;171;165;151;117;135;111;138;117;125;135;106
54.0;178;198;165;174;162;158;111;133;109;133;117;124;134;104
60.0;182;199;164;172;164;164;106;132;109;132;114;124;134;104
66.0;184;203;166;177;160;163;111;129;107;129;116;121;124;110
72.0;185;206;164;179;161;163;111;121;105;130;116;124;120;115
78.0;188;209;166;182;159;162;114;122;102;125;114;122;118;117
84.0;197;207;167;179;165;161;113;124;104;125;112;122;116;108
90.0;199;210;173;182;165;164;110;125;102;123;107;120;113;107
96.0;202;214;174;177;166;164;113;125;97;126;108;116;112;106
102.0;205;217;177;176;165;163;120;118;99;124;111;117;107;101
108.0;207;215;176;180;162;164;119;115;97;125;116;115;109;100
114.0;208;217;179;183;166;166;116;112;95;125;113;114;107;99
120.0;206;223;179;188;166;165;116;106;93;122;111;114;111;100
126.0;208;230;176;191;164;165;119;101;94;119;110;114;105;104
132.0;211;228;176;199;169;162;117;103;94;116;111;114;102;98
138.0;213;230;173;196;174;164;116;104;90;115;103;114;104;104
144.0;216;234;178;200;177;163;112;102;95;110;96;112;104;101
150.0;218;233;176;196;178;167;115;100;95;109;98;111;108;96
156.0;219;236;178;196;174;171;115;102;94;105;97;107;110;96
162.0;222;240;181;200;172;172;113;101;96;104;98;103;108;90
168.0;226;243;184;201;166;176;110;101;95;98;101;105;103;91
174.0;227;251;184;205;167;175;106;95;92;100;99;105;102;92
180.0;227;249;183;202;169;175;106;96;95;100;98;105;102;93
186.0;231;249;182;204;168;180;100;95;94;104;94;101;103;95
192.0;228;252;182;212;168;179;105;99;89;104;89;100;98;95
198.0;229;252;183;213;169;182;107;99;86;105;86;101;92;96
204.0;234;254;182;215;171;181;106;98;87;107;80;92;95;98
210.0;234;260;178;218;166;184;110;97;86;102;83;97;89;96
216.0;232;260;177;220;162;188;114;94;84;101;84;100;90;94
222.0;233;264;180;210;171;187;113;93;87;96;88;94;89;95
228.0;235;263;182;207;172;185;111;93;84;100;87;93;93;95
234.0;234;265;180;209;174;185;109;90;81;102;86;92;99;94
240.0;234;263;184;201;174;185;109;91;87;100;84;94;97;97
246.0;236;264;180;202;177;186;109;90;88;96;89;96;99;88
252.0;235;263;181;202;179;188;107;85;92;97;85;96;101;89
258.0;237;266;181;198;181;193;108;82;91;98;86;92;101;86
264.0;241;266;177;200;182;191;111;82;91;96;87;94;97;85
270.0;244;271;177;195;185;188;106;82;94;97;89;93;97;82
276.0;245;275;181;196;182;187;108;81;92;92;86;91;101;83
282.0;243;280;186;196;181;187;108;80;92;92;86;89;97;83
288.0;244;281;183;196;186;187;103;79;91;92;91;87;95;85
294.0;251;281;183;191;187;190;106;77;92;92;85;87;92;86
300.0;254;283;183;188;186;188;103;84;94;88;85;83;92;89
306.0;253;283;182;188;186;188;108;87;94;87;90;81;89;84
312.0;259;283;182;186;186;189;104;86;89;84;97;77;95;83
318.0;260;283;183;186;186;188;102;89;90;83;94;77;98;81
324.0;263;285;182;188;181;193;97;92;89;87;91;72;96;84
330.0;263;288;180;190;183;192;98;90;96;85;89;70;95;81
336.0;263;291;175;188;185;192;97;90;97;85;89;71;96;81
342.0;270;290;177;183;184;194;97;95;90;89;89;65;97;80
348.0;274;289;176;185;184;195;94;90;87;86;93;64;99;84
354.0;276;289;174;187;186;193;92;91;86;82;92;63;101;88
360.0;285;289;172;187;183;195;93;93;88;81;90;64;96;84
366.0;286;287;172;185;183;189;95;95;91;81;89;64;98;85
372.0;281;283;176;191;185;193;93;91;87;79;88;71;96;86
378.0;282;283;178;196;180;195;88;89;87;75;90;74;99;84
384.0;279;287;178;192;184;196;91;90;88;74;91;72;94;84
390.0;275;291;182;190;183;196;91;92;92;73;88;72;92;83
396.0;277;289;180;190;183;198;89;91;94;72;86;73;96;82
402.0;278;289;174;190;184;202;91;96;93;70;89;70;95;79
408.0;278;286;174;189;186;202;91;93;95;70;92;67;97;80
414.0;279;291;174;188;194;202;87;91;93;72;92;62;97;78
420.0;278;295;174;190;193;203;89;89;93;70;91;58;96;81
426.0;279;292;177;189;194;203;90;85;91;77;86;60;98;79
432.0;283;290;182;188;197;202;92;82;91;75;80;63;95;80
438.0;284;292;184;189;195;204;93;84;88;78;79;63;86;81
444.0;285;294;179;187;197;200;88;88;89;80;81;64;83;85
450.0;286;292;181;186;198;200;86;87;89;80;82;67;84;82
456.0;286;292;178;188;198;200;90;85;85;83;82;67;84;82
462.0;283;295;179;187;198;199;92;86;83;82;81;72;83;80
468.0;283;291;180;189;193;204;91;87;86;80;82;73;79;82
474.0;282;291;183;189;189;203;92;85;82;79;84;74;82;85
480.0;283;290;186;191;186;203;95;89;74;82;84;76;79;82
486.0;281;295;185;188;188;205;95;87;72;83;82;77;79;83
492.0;277;297;186;192;183;207;95;93;69;83;79;82;78;79
498.0;283;296;188;192;185;203;94;90;70;84;80;85;75;75
504.0;282;295;188;193;186;204;94;91;66;82;83;85;77;74
510.0;284;296;189;198;192;202;95;86;62;76;84;88;73;75
516.0;283;298;189;197;190;204;92;87;63;77;84;89;75;72
522.0;286;298;191;195;189;203;90;87;64;78;82;87;79;71
528.0;284;296;191;198;188;200;98;88;66;76;81;84;80;70
534.0;282;296;190;199;189;200;99;88;66;74;80;89;78;70
540.0;282;299;190;200;190;200;98;85;64;75;79;91;78;69
546.0;283;301;192;197;194;196;92;82;65;78;82;92;79;67
552.0;288;301;188;195;195;197;87;83;69;81;78;95;77;66
558.0;290;301;190;189;198;195;90;77;68;83;82;96;78;63
564.0;292;300;190;188;195;194;93;74;67;85;82;93;82;65
570.0;285;303;190;185;197;197;91;73;65;86;84;98;81;65
576.0;288;306;190;187;195;202;88;71;64;85;81;100;80;63
582.0;288;306;186;186;194;202;87;68;67;88;79;99;81;69
588.0;289;305;187;188;192;204;85;70;72;86;79;94;77;72
594.0;289;305;189;185;190;204;84;73;74;91;78;90;76;72
600.0;289;304;192;184;193;203;91;70;73;84;86;86;76;69
606.0;286;306;198;180;196;199;89;69;78;84;85;85;76;69
612.0;283;308;195;178;200;201;90;67;78;88;81;85;77;69
618.0;287;308;197;181;197;201;92;69;71;88;77;89;79;64
624.0;291;306;198;184;197;198;95;73;69;84;74;86;76;69
630.0;292;305;201;182;198;192;89;73;68;84;76;89;83;68
636.0;296;307;200;186;194;191;86;68;67;83;79;92;84;67
642.0;298;310;198;182;199;190;85;67;69;81;79;89;85;68
648.0;302;308;200;182;194;190;85;67;69;78;82;90;88;65
654.0;306;308;204;179;194;192;80;68;70;77;87;88;81;66
660.0;311;308;200;177;196;188;76;68;71;74;90;88;83;70
666.0;312;310;207;173;199;187;76;66;68;74;92;87;82;67
672.0;313;310;204;171;200;185;75;69;71;74;89;87;81;71
678.0;308;314;205;167;199;192;80;67;66;74;89;88;82;69
684.0;303;318;208;167;197;196;77;66;65;73;85;89;87;69
690.0;302;317;210;165;198;198;77;66;67;74;81;93;86;66
696.0;300;317;208;163;198;202;74;64;71;74;85;94;83;67
702.0;300;321;204;161;198;203;72;64;73;72;83;99;84;66
708.0;298;326;202;164;198;204;70;66;73;68;83;98;84;66
714.0;299;321;205;165;193;205;65;68;75;68;87;99;82;68
720.0;297;322;207;163;193;201;65;71;75;67;87;100;86;66
726.0;298;316;204;169;193;199;68;68;75;67;88;105;83;67
732.0;296;315;208;168;192;199;71;67;77;66;88;101;86;66
738.0;298;315;206;166;193;201;65;70;74;66;90;102;89;65
744.0;299;316;208;171;194;203;61;65;76;64;90;101;87;65
750.0;298;319;202;172;191;204;57;63;72;71;92;105;89;65
756.0;297;322;204;164;199;203;57;63;72;71;88;109;86;65
762.0;295;326;202;164;195;204;54;69;74;74;83;109;85;66
768.0;298;325;201;164;199;209;53;69;74;73;79;105;84;67
774.0;300;324;205;164;196;208;52;67;76;72;77;103;84;72
780.0;301;320;206;162;197;209;51;66;84;72;77;105;78;72
786.0;299;323;202;159;196;205;51;69;84;74;81;102;82;73
792.0;299;323;203;155;196;202;53;68;86;71;82;107;81;74
798.0;300;326;205;152;194;200;56;71;85;73;80;105;79;74
804.0;300;324;202;155;195;201;58;73;83;78;76;103;79;73
810.0;302;319;201;153;201;203;61;75;80;77;78;103;77;70
816.0;300;320;202;154;202;206;61;72;81;77;78;103;76;68
822.0;301;313;206;154;202;207;59;76;80;82;78;102;76;64
828.0;308;308;198;157;201;209;58;80;82;82;74;102;71;70
834.0;310;306;197;158;203;210;59;79;82;84;73;97;73;69
840.0;310;306;194;161;203;207;60;82;84;85;74;93;71;70
846.0;309;306;191;163;206;206;65;79;87;83;70;93;74;68
852.0;316;302;191;163;205;204;65;81;86;82;69;92;74;70
858.0;313;303;192;163;202;206;67;75;89;82;71;94;74;69
864.0;309;300;195;163;193;208;74;74;90;83;70;96;79;66
870.0;309;296;198;165;193;208;75;72;85;86;69;96;78;70
876.0;317;302;197;166;191;204;75;74;82;81;72;96;74;69
882.0;324;299;201;169;190;198;73;74;80;82;71;92;73;74
888.0;323;299;202;171;186;195;74;78;75;81;69;97;73;77
894.0;320;298;202;169;187;197;77;78;70;81;69;100;73;79
900.0;316;300;200;167;193;202;73;81;68;83;69;97;74;77
906.0;311;302;199;164;193;203;75;78;68;85;71;101;73;77
912.0;310;304;194;164;190;198;76;80;69;84;72;100;80;79
918.0;309;306;198;165;190;198;72;79;70;86;70;98;80;79
924.0;312;305;201;171;192;195;73;81;71;80;66;97;75;81
930.0;312;308;205;175;188;193;72;79;72;82;66;90;77;81
936.0;309;309;203;178;187;190;72;82;73;79;69;88;79;82
942.0;310;308;203;180;191;189;71;80;77;80;66;89;74;82
948.0;308;306;204;180;193;191;73;78;81;76;64;91;73;82
954.0;308;310;201;178;194;194;71;74;79;73;69;92;76;81
960.0;307;308;202;178;190;198;71;73;82;71;69;93;78;80
966.0;310;308;203;173;191;199;74;71;81;73;71;91;77;78
972.0;305;305;204;172;192;201;74;72;84;73;73;95;73;77
978.0;305;303;203;170;191;203;75;66;88;77;72;94;74;79
984.0;302;297;200;171;195;203;74;68;86;82;72;97;75;78
990.0;299;296;200;171;196;208;78;70;83;84;73;94;70;78
996.0;302;295;204;169;194;208;76;72;85;85;70;93;67;80
1002.0;303;293;202;171;194;203;77;72;91;86;74;88;65;81
1008.0;309;294;203;170;194;201;76;75;89;83;76;86;66;78
1014.0;311;294;204;166;194;200;73;81;87;84;79;84;66;77
1020.0;310;292;204;168;193;199;69;85;89;83;82;84;63;79
1026.0;315;294;202;170;192;197;69;89;85;82;78;84;66;77
1032.0;316;297;201;171;193;196;69;87;85;83;75;85;69;73
1038.0;312;297;204;172;194;196;69;89;84;84;73;84;66;76
1044.0;316;293;200;176;188;196;71;92;86;82;72;85;65;78
1050.0;315;292;201;178;187;195;74;95;86;81;75;81;65;75
1056.0;316;294;199;177;185;197;70;95;86;77;81;81;65;77
1062.0;316;295;198;178;191;198;70;96;82;72;82;81;67;74
1068.0;317;292;201;181;188;197;70;87;90;71;79;83;69;75
1074.0;325;293;200;184;189;196;65;84;91;73;79;78;70;73
1080.0;329;292;196;184;184;196;68;82;90;70;85;79;69;76
1086.0;329;298;197;184;183;198;66;80;85;69;82;79;69;81
1092.0;328;304;195;186;181;195;69;76;91;65;82;75;71;82
1098.0;328;308;192;184;181;195;72;76;93;66;79;72;71;83
1104.0;325;307;194;183;183;198;70;75;93;66;76;76;70;84
1110.0;328;311;196;184;181;194;65;71;88;68;76;82;71;85
1116.0;328;310;197;181;180;194;65;67;92;66;79;82;74;85
1122.0;328;307;199;181;178;194;63;67;93;69;77;82;73;89
1128.0;329;306;198;180;177;194;64;67;89;67;82;86;71;90
1134.0;333;302;196;182;181;192;59;65;94;68;78;86;72;92
1140.0;332;303;195;184;182;191;59;60;91;70;78;87;75;93
1146.0;331;302;191;181;179;191;58;64;87;77;81;88;77;93
1152.0;328;303;192;178;178;189;60;72;91;80;80;86;71;92
1158.0;326;299;190;176;180;186;63;71;93;83;83;87;70;93
1164.0;329;302;186;175;183;184;65;72;86;87;81;90;71;89
1170.0;330;306;184;176;182;178;67;74;88;86;82;89;72;86
1176.0;333;308;183;178;179;179;65;69;88;87;85;87;75;84
1182.0;335;305;187;180;181;184;64;67;91;83;83;82;76;82
1188.0;338;309;189;177;181;182;64;63;88;84;85;80;79;81
1194.0;335;313;194;174;183;185;66;61;89;83;85;78;80;74
1200.0;332;315;191;176;185;189;67;58;88;82;83;74;82;78
1206.0;334;312;193;176;184;184;65;66;90;83;81;77;77;78
1212.0;335;312;192;175;185;184;70;68;84;84;80;72;78;81
1218.0;335;315;194;174;183;182;66;68;88;84;80;71;80;80
1224.0;334;316;195;177;183;183;66;72;87;86;75;70;76;80
1230.0;334;315;195;176;181;182;65;74;87;89;80;71;80;71
1236.0;334;319;196;177;183;181;60;77;87;94;78;68;83;63
1242.0;331;319;198;177;181;184;63;76;83;87;81;71;85;64
1248.0;333;318;195;179;184;187;66;73;82;86;78;70;83;66
1254.0;337;322;195;179;186;188;65;70;83;85;65;73;85;67
1260.0;337;321;199;175;184;185;69;74;81;85;66;72;84;68
1266.0;337;319;201;174;185;187;69;74;77;83;72;69;82;71
1272.0;341;315;197;178;184;189;66;75;73;83;73;72;87;67
1278.0;336;312;194;176;181;187;72;77;76;89;74;76;86;64
1284.0;334;314;195;179;180;183;71;78;75;90;77;76;85;63
1290.0;333;317;198;179;180;182;69;70;76;95;78;79;79;65
1296.0;332;315;202;180;177;184;69;71;70;96;79;82;78;65
1302.0;330;315;199;181;181;184;70;70;70;96;82;80;78;64
1308.0;332;311;199;176;187;183;71;71;69;96;86;78;77;64
1314.0;328;308;196;180;184;183;72;74;71;95;88;77;76;68
1320.0;331;310;192;182;180;190;77;79;68;91;87;75;71;67
1326.0;335;312;195;178;180;188;73;78;66;93;87;75;70;70
1332.0;335;311;193;178;180;191;72;77;66;90;89;78;69;71
1338.0;333;313;195;177;184;189;72;72;66;85;89;80;70;75
1344.0;330;311;194;179;184;185;73;74;69;82;88;81;74;76
1350.0;331;311;195;176;187;187;70;78;70;84;86;76;74;75
1356.0;332;313;193;180;188;184;71;79;71;79;87;76;75;72
1362.0;327;311;193;181;188;183;73;80;74;79;88;76;71;76
1368.0;327;312;192;185;188;179;68;79;74;78;87;78;78;75
1374.0;327;309;193;187;190;176;72;79;79;76;85;79;76;72
1380.0;323;308;191;185;190;177;70;78;78;78;82;85;79;76
1386.0;325;311;189;184;192;174;74;74;81;76;84;80;78;78
1392.0;319;310;190;185;195;176;76;73;80;80;85;77;76;78
1398.0;316;307;187;185;195;178;76;76;82;76;85;79;77;81
1404.0;317;307;187;187;194;183;74;74;82;73;84;77;74;87
1410.0;316;303;183;190;194;180;73;76;82;76;89;77;73;88
1416.0;314;304;184;190;195;181;76;77;84;81;87;75;70;82
1422.0;315;304;184;188;194;178;76;78;81;75;89;80;73;85
1428.0;317;302;187;185;190;178;77;77;82;76;85;81;77;86
1434.0;320;303;185;183;191;178;79;74;86;76;84;80;75;86
1440.0;319;304;187;183;191;181;81;73;81;79;84;74;76;87
1446.0;317;305;187;190;191;183;82;72;82;74;80;70;80;87
1452.0;319;302;183;184;189;184;87;76;89;73;82;69;80;83
1458.0;321;300;182;183;190;183;88;76;91;74;85;70;75;82
1464.0;320;302;181;182;190;179;87;74;91;74;85;75;76;84
1470.0;317;304;181;184;192;178;85;72;91;76;87;73;78;82
1476.0;320;308;183;182;189;175;84;73;92;74;85;74;79;82
1482.0;316;309;183;179;191;173;84;70;95;73;86;78;83;80
1488.0;317;306;184;182;193;174;82;71;89;72;87;75;84;84
1494.0;320;303;187;180;188;176;83;70;88;71;86;78;84;86
1500.0;318;305;188;176;186;178;89;68;82;70;88;79;87;86
1506.0;315;304;189;176;185;180;89;67;85;68;91;82;84;85
1512.0;318;301;194;173;183;182;90;69;86;65;92;76;85;86
1518.0;321;299;196;170;182;182;85;69;90;62;94;76;87;87
1524.0;319;300;195;169;186;179;85;69;87;61;95;76;89;90
1530.0;316;303;196;169;185;175;88;70;85;64;97;76;85;91
1536.0;315;303;198;168;185;175;91;73;84;66;91;76;84;91
1542.0;312;302;201;168;183;174;92;75;83;69;88;79;83;91
1548.0;315;299;202;163;179;183;89;79;83;70;84;77;86;91
1554.0;310;300;200;162;173;176;91;83;79;69;92;79;90;96
1560.0;312;300;199;164;174;176;93;81;79;68;92;76;89;97
1566.0;311;304;202;169;177;177;89;77;76;64;95;77;88;94
1572.0;314;308;204;166;173;177;88;79;80;60;97;77;84;93
1578.0;312;309;205;165;173;175;95;79;79;63;100;73;84;88
1584.0;314;309;208;166;172;172;97;80;74;64;103;69;84;88
1590.0;315;308;209;166;170;178;93;80;74;65;99;70;83;90
1596.0;315;309;209;170;167;184;89;81;76;63;96;68;85;88
1602.0;317;310;210;170;165;183;87;82;77;62;95;68;87;87
1608.0;318;314;214;168;165;177;84;83;79;61;94;67;88;88
1614.0;324;312;212;168;168;175;83;85;83;60;89;67;89;85
1620.0;320;314;210;169;166;179;77;84;82;66;92;67;92;82
1626.0;319;316;212;172;160;179;82;82;79;70;89;69;92;79
1632.0;315;315;214;172;162;178;72;82;77;74;93;70;94;82
1638.0;313;319;215;175;164;178;72;83;72;73;87;74;95;80
1644.0;315;317;217;180;158;177;78;78;71;74;85;75;93;82
1650.0;315;318;216;178;167;173;79;78;68;72;83;76;90;87
1656.0;311;316;213;183;171;170;75;79;72;71;81;76;92;90
1662.0;311;316;211;188;168;172;73;82;74;70;81;75;93;86
1668.0;312;317;215;186;171;171;70;82;73;69;83;74;92;85
1674.0;311;318;221;187;167;174;69;83;72;70;81;70;90;87
1680.0;317;319;219;182;167;173;63;82;70;71;78;73;96;90
1686.0;316;321;221;183;165;168;63;81;69;71;77;78;95;92
1692.0;312;321;221;182;164;164;69;80;68;73;79;77;99;91
1698.0;310;318;226;182;166;166;69;80;67;75;79;77;93;92
1704.0;311;321;221;183;165;165;71;78;70;76;77;77;95;90
1710.0;311;318;220;181;165;169;73;82;72;76;76;78;92;87
1716.0;311;318;217;179;167;173;66;83;71;74;76;82;97;86
1722.0;313;318;216;181;166;175;66;82;68;74;76;83;95;87
1728.0;312;321;214;186;164;176;67;83;65;69;76;85;95;87
1734.0;311;323;215;190;163;176;68;82;65;69;74;81;97;86
1740.0;311;317;218;187;159;176;69;88;63;73;74;80;100;85
1746.0;313;321;220;187;160;172;66;86;67;76;70;78;97;87
1752.0;313;322;215;188;161;174;62;87;68;79;69;79;96;87
1758.0;311;325;215;180;164;172;65;89;73;80;66;80;96;84
1764.0;316;325;214;177;166;177;64;85;76;82;65;82;91;80
1770.0;317;323;213;178;172;181;63;83;78;79;60;77;94;82
1776.0;317;324;210;181;171;179;64;79;77;81;63;78;95;81
1782.0;314;324;212;179;170;178;67;76;74;82;66;79;99;80
1788.0;313;325;212;178;170;181;69;72;74;85;61;82;94;84
1794.0;316;326;207;180;175;184;69;69;75;86;62;82;91;78
1800.0;318;323;204;182;176;182;67;64;77;87;66;82;92;80
1806.0;322;319;199;183;178;181;67;63;81;85;66;80;96;80
1812.0;320;322;198;181;179;182;69;68;84;81;66;81;95;74
1818.0;320;316;200;179;177;182;69;71;83;84;68;84;92;75
1824.0;319;316;208;179;174;187;71;70;83;80;69;80;91;73
1830.0;323;316;210;184;174;181;74;71;79;75;70;80;92;71
1836.0;320;319;208;186;172;181;75;65;83;78;68;82;92;71
1842.0;322;318;210;184;171;180;73;67;79;74;67;85;95;75
1848.0;321;313;213;188;172;186;71;66;77;73;69;86;92;73
1854.0;320;314;209;190;172;187;72;66;81;73;68;85;90;73
1860.0;318;307;206;194;175;183;76;70;77;74;71;91;90;68
1866.0;319;308;204;194;180;181;78;71;78;70;67;92;89;69
1872.0;316;308;207;197;181;181;80;74;79;68;65;93;85;66
1878.0;316;310;204;204;186;180;76;76;77;72;65;88;80;66
1884.0;315;309;206;206;186;179;78;77;76;70;67;87;80;64
1890.0;318;307;206;202;185;179;79;80;77;69;69;83;83;63
1896.0;317;304;207;203;184;174;82;78;80;71;72;85;82;61
1902.0;312;307;207;202;186;176;81;80;78;71;71;84;84;61
1908.0;315;304;205;200;188;177;84;75;79;72;75;82;83;61
1914.0;315;304;210;199;184;184;85;73;75;72;79;79;82;59
1920.0;315;306;207;199;186;188;84;74;80;71;77;74;82;57
1926.0;318;307;205;194;183;183;87;75;80;72;82;73;83;58
1932.0;315;303;207;191;179;185;81;74;88;75;82;73;85;62
1938.0;315;303;207;188;180;186;83;72;89;73;79;77;86;62
1944.0;313;298;209;193;172;188;83;68;87;75;80;76;90;68
1950.0;313;296;208;191;172;189;84;70;88;78;79;77;94;61
1956.0;311;297;210;193;172;186;84;71;91;76;76;75;96;62
1962.0;308;296;208;188;171;188;87;75;91;72;78;80;95;63
1968.0;305;305;202;188;167;189;86;78;90;67;83;82;95;63
1974.0;303;304;201;188;165;191;87;84;86;68;76;80;101;66
