#auto generated file!
12.0;49;66;56;57;57;64;56;45;61;51;64;67;54;53
18.0;50;69;55;55;56;63;55;47;65;52;64;65;51;53
24.0;53;72;55;55;56;68;55;48;64;50;61;64;50;49
30.0;54;73;55;59;61;66;58;48;63;48;61;56;48;50
36.0;55;75;56;60;62;67;57;49;63;49;58;54;48;47
42.0;54;76;55;58;64;66;58;49;62;52;57;52;49;48
48.0;56;77;56;59;61;66;57;47;60;53;58;51;50;49
54.0;58;78;54;60;62;65;57;48;61;54;56;52;47;48
60.0;59;78;52;62;63;65;57;47;59;57;54;51;46;50
66.0;60;79;55;62;66;67;54;46;57;54;55;50;48;47
72.0;60;80;57;67;68;67;58;46;54;54;55;41;46;47
78.0;60;86;59;68;65;67;55;46;53;52;54;42;47;46
84.0;62;89;58;69;64;69;52;48;56;52;49;44;45;43
90.0;65;87;62;66;65;69;51;47;58;51;48;42;47;42
96.0;66;87;63;68;65;72;52;48;56;54;47;38;43;41
102.0;66;87;63;69;64;75;52;51;55;50;46;38;43;41
108.0;64;87;66;69;63;76;51;49;54;53;47;39;43;39
114.0;66;87;69;68;63;77;48;50;54;53;48;37;42;38
120.0;69;88;69;69;62;75;49;46;58;53;43;37;42;40
126.0;71;88;69;69;60;76;49;44;56;55;45;36;41;41
132.0;72;89;71;67;60;75;47;46;56;54;42;35;44;42
138.0;72;88;73;68;61;77;47;46;52;54;40;37;44;41
144.0;73;88;72;69;63;77;45;47;53;54;40;36;42;41
150.0;73;89;73;67;64;74;45;47;51;54;43;37;40;43
156.0;73;89;71;68;67;74;46;47;54;51;41;40;38;41
162.0;70;89;72;69;68;75;48;44;51;52;43;38;42;39
168.0;71;90;73;71;66;75;54;46;48;49;42;37;39;39
174.0;72;94;70;69;66;75;56;47;50;49;37;37;37;41
180.0;73;94;71;70;69;76;53;47;50;48;35;37;35;42
186.0;73;96;73;70;69;77;53;45;50;49;33;37;36;39
192.0;74;96;73;71;67;75;55;44;50;49;34;37;34;41
198.0;76;96;71;72;70;75;53;44;49;49;35;37;31;42
204.0;73;96;71;71;70;76;53;43;51;47;35;39;32;43
210.0;74;99;72;69;71;75;54;44;47;46;36;38;32;43
216.0;75;100;73;66;72;76;55;45;46;44;39;37;31;41
222.0;76;100;73;65;73;76;53;46;47;44;38;35;33;41
228.0;75;99;74;64;71;77;53;43;46;46;40;35;37;40
234.0;76;96;78;68;71;77;52;43;44;44;39;37;37;38
240.0;79;94;77;67;71;77;51;39;46;43;39;40;38;39
246.0;77;94;75;68;71;78;51;39;45;46;38;40;40;38
252.0;78;98;77;68;70;78;50;38;46;42;38;38;41;38
258.0;75;101;78;69;73;77;50;36;46;41;38;37;41;38
264.0;75;102;79;69;75;79;47;36;45;40;36;38;43;36
270.0;77;101;80;70;76;77;49;37;44;42;35;37;41;34
276.0;78;101;82;70;74;77;47;36;45;43;36;37;39;35
282.0;77;100;84;70;73;76;48;33;46;44;37;36;37;39
288.0;80;101;86;71;71;75;47;32;45;45;38;34;34;41
294.0;78;102;86;70;69;75;49;33;44;45;40;32;38;39
300.0;80;104;91;71;68;74;47;37;42;37;40;32;40;37
306.0;82;101;95;72;69;72;47;35;40;37;41;33;39;37
312.0;83;102;92;75;69;71;46;35;42;38;38;32;37;40
318.0;83;101;91;77;69;72;43;36;41;40;35;30;38;44
324.0;84;100;96;77;66;71;40;36;41;44;37;26;37;45
330.0;84;104;91;73;66;70;40;37;43;45;36;31;37;43
336.0;83;103;91;77;65;73;39;35;42;42;36;30;39;45
342.0;84;103;91;78;67;75;36;33;42;42;36;30;38;45
348.0;87;103;90;83;65;77;35;36;39;42;37;28;33;45
354.0;84;103;90;83;65;78;37;34;40;43;36;30;32;45
360.0;81;101;90;85;69;78;41;32;40;43;36;28;33;43
366.0;77;102;92;85;69;77;39;31;40;43;36;31;34;44
372.0;79;103;91;84;67;76;42;28;40;46;38;30;32;44
378.0;81;103;92;86;66;74;40;29;41;45;35;30;33;45
384.0;83;104;90;85;67;73;44;28;38;44;37;30;32;45
390.0;83;106;91;86;68;71;43;31;34;42;40;30;31;44
396.0;89;103;90;85;70;70;42;31;32;41;42;30;31;44
402.0;88;104;89;84;71;73;38;30;32;45;40;30;32;44
408.0;87;105;89;82;70;73;39;30;33;46;42;30;30;44
414.0;90;105;86;83;70;78;40;27;32;43;43;30;29;44
420.0;91;104;86;84;68;79;42;27;35;44;42;28;29;41
426.0;90;105;87;86;68;83;41;28;35;39;43;27;28;40
432.0;91;106;87;86;65;83;40;30;33;41;42;29;29;38
438.0;94;103;85;85;68;83;42;29;32;37;40;35;29;38
444.0;94;105;86;85;66;83;42;28;32;39;38;36;27;39
450.0;95;103;91;84;66;83;44;29;32;40;40;33;24;36
456.0;95;104;86;84;67;83;43;27;31;37;42;38;26;37
462.0;97;106;87;84;67;82;41;26;33;35;44;37;25;36
468.0;98;107;84;86;66;80;41;28;31;35;44;38;26;36
474.0;97;106;86;85;64;83;40;30;31;37;45;38;26;32
480.0;101;102;87;84;63;82;41;30;32;38;47;37;28;28
486.0;98;105;87;80;64;79;43;31;33;39;45;37;31;28
492.0;99;104;87;78;71;80;43;31;32;39;40;38;31;27
498.0;97;107;85;77;70;81;41;33;30;40;42;38;29;30
504.0;96;108;85;79;72;81;37;32;30;38;41;37;33;31
510.0;97;108;85;77;75;79;39;34;31;39;37;35;31;33
516.0;98;108;85;80;74;81;38;33;30;37;36;35;32;33
522.0;104;107;86;79;74;82;39;32;30;37;33;36;29;32
528.0;106;108;89;78;74;82;38;33;30;35;31;37;28;31
534.0;106;108;88;78;76;82;38;30;33;33;34;37;28;29
540.0;103;109;87;77;73;85;39;31;34;32;35;37;28;30
546.0;100;109;89;79;74;85;35;31;33;32;37;38;27;31
552.0;97;111;88;77;75;89;33;31;31;32;38;35;30;33
558.0;98;113;86;78;77;88;35;27;29;31;38;37;32;31
564.0;99;112;84;80;78;85;36;27;30;30;39;36;33;31
570.0;101;113;84;79;79;84;36;26;29;29;39;37;33;31
576.0;102;115;82;79;80;84;37;23;31;30;36;36;33;32
582.0;103;115;80;81;81;85;34;24;33;30;37;35;31;31
588.0;104;113;78;80;79;85;32;26;34;32;36;36;31;34
594.0;105;113;74;79;79;85;30;28;34;34;37;34;30;38
600.0;104;114;73;79;83;86;31;27;32;30;36;36;32;37
606.0;106;112;76;80;84;86;32;23;33;31;34;33;34;36
612.0;106;110;75;79;86;87;30;25;35;33;35;35;32;32
618.0;105;110;75;77;85;88;28;26;38;32;35;37;32;32
624.0;104;111;73;77;81;90;28;27;40;34;37;36;31;31
630.0;102;109;73;80;81;90;27;27;42;31;35;37;30;36
636.0;103;109;74;80;84;89;24;26;42;30;37;36;28;38
642.0;104;108;75;80;85;85;25;26;42;30;37;39;28;36
648.0;104;109;74;79;87;85;22;27;44;27;36;42;29;35
654.0;102;113;72;76;87;85;21;26;47;27;35;40;31;38
660.0;104;112;72;75;86;85;23;28;46;24;37;39;32;37
666.0;103;110;69;77;87;86;26;23;44;26;40;40;31;38
672.0;105;112;69;77;88;86;24;24;42;26;41;39;30;37
678.0;102;115;68;78;88;83;26;24;42;27;41;39;30;37
684.0;103;118;67;80;87;83;24;23;41;29;41;40;30;34
690.0;102;119;69;78;85;82;26;23;40;32;41;38;32;33
696.0;100;120;71;77;85;80;27;25;39;35;42;36;30;33
702.0;100;121;69;77;87;81;26;28;40;34;42;30;29;36
708.0;100;123;70;76;89;83;24;27;40;32;40;31;27;38
714.0;100;125;70;76;90;85;24;28;40;32;39;29;26;36
720.0;99;124;69;78;89;87;25;31;40;32;38;27;26;35
726.0;102;124;70;77;92;85;28;31;39;30;36;27;22;37
732.0;104;124;70;75;89;85;30;29;40;29;35;27;25;38
738.0;102;123;69;75;90;86;31;28;43;29;36;25;25;38
744.0;101;124;66;75;89;86;34;28;44;27;37;26;24;39
750.0;102;124;68;73;87;84;31;29;43;29;37;26;26;41
756.0;105;125;68;76;84;84;30;28;44;28;37;28;28;35
762.0;103;126;72;74;84;84;31;26;43;28;35;27;30;37
768.0;105;127;72;76;83;83;34;25;42;28;34;27;29;35
774.0;106;126;70;74;83;83;34;25;41;29;36;28;29;36
780.0;105;124;68;74;83;82;34;26;43;29;36;28;31;37
786.0;105;124;72;73;83;84;33;27;43;28;35;29;28;36
792.0;105;126;71;72;80;81;34;29;42;32;32;28;31;37
798.0;108;131;74;72;77;78;32;27;38;33;32;28;31;39
804.0;107;132;74;71;78;79;30;29;35;36;34;31;29;35
810.0;111;132;76;69;77;80;31;28;35;34;34;31;28;34
816.0;109;135;78;71;74;80;32;28;36;35;32;29;27;34
822.0;109;134;79;71;75;83;30;29;38;34;31;27;24;36
828.0;107;134;80;73;75;82;26;31;38;34;29;28;24;39
834.0;110;134;79;72;77;79;26;30;39;37;23;29;27;38
840.0;110;133;78;73;78;78;27;31;40;36;24;27;27;38
846.0;111;131;78;74;80;77;28;31;40;38;23;26;25;38
852.0;109;133;82;73;80;76;26;32;40;35;23;26;26;39
858.0;112;131;81;72;82;74;25;29;37;33;24;27;30;43
864.0;114;130;80;75;83;76;23;28;34;33;22;27;32;43
870.0;116;129;82;76;80;78;21;30;34;30;21;26;33;44
876.0;115;128;81;77;82;78;19;32;34;31;24;26;31;42
882.0;115;127;81;73;86;78;18;32;33;30;27;29;31;40
888.0;115;127;80;74;86;79;19;29;32;31;26;29;32;41
894.0;116;128;80;74;84;76;20;31;30;32;25;29;34;41
900.0;116;127;85;76;83;73;20;29;28;31;22;30;39;41
906.0;116;124;88;73;82;73;23;23;28;32;24;30;41;43
912.0;116;126;87;74;84;69;23;25;30;30;23;30;40;43
918.0;116;125;89;74;81;68;24;23;32;29;23;32;40;44
924.0;115;128;89;73;78;70;24;23;32;30;23;32;39;44
930.0;115;130;88;74;81;71;19;21;33;31;24;32;39;42
936.0;114;131;85;76;84;68;19;23;32;33;24;32;37;42
942.0;117;129;87;81;85;74;16;27;33;32;23;25;32;39
948.0;118;128;86;83;86;74;16;24;30;32;28;25;32;38
954.0;117;126;90;82;84;75;17;23;31;35;30;23;32;35
960.0;117;127;87;82;85;75;19;23;31;33;31;24;31;35
966.0;118;127;86;79;86;74;19;22;34;33;32;26;33;31
972.0;119;132;81;78;85;77;20;21;34;32;28;27;34;32
978.0;120;129;81;78;83;79;21;23;39;34;27;26;31;29
984.0;120;128;80;81;82;79;21;23;38;34;25;27;31;31
990.0;120;127;82;82;82;79;22;23;37;37;22;28;33;26
996.0;119;128;85;81;82;82;22;22;37;35;22;28;31;26
1002.0;119;126;87;81;81;82;23;20;36;34;23;27;34;27
1008.0;123;125;87;80;82;82;22;21;36;32;24;28;32;26
1014.0;120;125;88;81;81;81;23;22;36;34;22;29;33;25
1020.0;121;124;88;80;81;80;23;20;39;35;22;29;32;26
1026.0;122;123;87;84;78;77;27;22;39;33;23;29;32;24
1032.0;122;122;87;83;78;77;27;24;38;34;20;31;32;25
1038.0;121;122;87;83;79;75;27;24;41;36;21;31;32;21
1044.0;120;121;85;84;77;77;29;25;40;35;25;32;29;21
1050.0;119;123;86;83;77;75;32;24;42;34;26;31;27;21
1056.0;121;124;84;85;76;73;32;23;40;36;27;29;29;21
1062.0;120;122;83;85;77;71;30;21;44;35;28;32;28;24
1068.0;119;124;85;85;79;70;29;22;45;34;27;29;27;25
1074.0;119;124;88;89;79;71;28;24;44;32;28;24;24;26
1080.0;121;125;85;88;77;72;29;23;46;33;27;25;23;26
1086.0;118;125;85;84;77;73;27;25;45;34;25;28;27;27
1092.0;118;124;86;85;78;71;27;24;43;34;25;29;29;27
1098.0;119;123;84;85;79;71;27;26;41;34;26;29;28;28
1104.0;119;124;84;84;80;71;28;24;40;35;26;28;29;28
1110.0;117;126;85;82;83;72;28;27;37;33;27;27;29;27
1116.0;116;125;85;79;85;74;29;27;37;31;30;28;30;24
1122.0;116;126;83;77;83;75;32;25;35;32;32;28;30;26
1128.0;117;129;83;78;83;74;31;25;33;33;33;26;32;23
1134.0;116;129;82;78;82;74;30;25;33;32;33;26;34;26
1140.0;117;131;81;84;79;71;27;26;32;31;35;25;33;28
1146.0;117;130;79;85;79;73;28;26;33;31;34;24;32;29
1152.0;118;133;76;85;78;72;27;26;28;32;33;26;33;33
1158.0;117;133;77;85;81;72;26;27;25;31;29;27;34;36
1164.0;115;135;74;85;83;72;25;28;28;31;29;30;31;34
1170.0;115;135;72;88;82;74;26;27;30;33;27;29;30;32
1176.0;113;136;76;86;82;75;24;29;27;31;29;25;33;34
1182.0;112;137;74;85;82;78;23;29;28;32;28;26;32;34
1188.0;114;135;74;86;82;82;23;27;25;31;28;26;34;33
1194.0;115;138;74;85;84;80;23;26;26;28;28;25;33;35
1200.0;117;139;74;86;81;76;22;26;26;27;28;29;34;35
1206.0;119;139;77;85;80;75;22;26;27;25;27;28;35;35
1212.0;118;139;78;86;82;70;23;23;29;27;27;28;32;38
1218.0;120;140;77;86;79;70;24;24;31;27;24;31;30;37
1224.0;117;142;76;86;77;69;25;24;31;26;25;32;31;39
1230.0;117;141;77;85;75;70;26;23;31;25;29;29;31;41
1236.0;118;137;75;87;78;69;29;22;33;25;28;31;31;37
1242.0;119;136;73;88;75;72;29;22;33;27;30;29;31;36
1248.0;119;137;71;86;73;72;28;24;33;26;30;31;31;39
1254.0;120;139;70;85;70;69;33;26;32;26;31;32;30;37
1260.0;119;140;71;85;71;69;33;25;31;27;30;32;30;37
1266.0;118;139;71;85;72;71;30;26;33;28;30;32;30;35
1272.0;120;137;72;86;71;72;31;24;36;28;31;31;29;32
1278.0;119;138;72;82;73;70;32;25;37;27;31;32;31;31
1284.0;121;139;69;81;73;70;33;26;36;25;31;30;34;32
1290.0;121;137;68;83;73;71;34;26;36;25;32;30;35;29
1296.0;118;135;67;83;74;72;34;26;35;23;32;31;40;30
1302.0;118;136;68;83;74;74;33;26;33;22;33;31;40;29
1308.0;117;137;68;83;74;77;33;24;35;25;32;31;38;26
1314.0;115;138;70;81;74;75;35;24;35;27;32;32;36;26
1320.0;114;140;70;79;80;75;32;24;36;27;30;31;35;27
1326.0;115;139;69;78;80;77;32;24;35;27;30;33;33;28
1332.0;115;138;71;78;79;74;32;23;36;26;33;33;32;30
1338.0;115;137;72;77;80;73;31;20;35;26;34;32;35;33
1344.0;113;137;73;77;78;72;34;18;37;27;33;31;35;35
1350.0;115;140;77;76;78;71;32;17;35;28;32;32;32;35
1356.0;115;140;75;76;78;73;31;19;37;25;31;32;33;35
1362.0;114;138;76;76;80;71;32;19;36;24;32;31;33;38
1368.0;113;138;76;78;83;70;32;22;35;22;32;29;32;38
1374.0;114;134;75;78;83;69;32;24;36;24;32;27;30;42
1380.0;115;133;76;77;86;68;33;25;35;24;32;27;29;40
1386.0;114;133;78;79;83;67;31;26;37;23;34;27;29;39
1392.0;115;132;82;78;82;67;32;28;33;24;35;29;25;38
1398.0;116;131;81;79;81;69;27;26;35;27;35;30;26;37
1404.0;118;130;80;79;82;70;27;28;35;26;34;30;24;37
1410.0;118;131;79;79;83;71;26;30;37;26;34;29;23;34
1416.0;117;131;76;80;82;70;25;32;38;27;33;29;24;36
1422.0;117;134;78;81;80;70;25;30;36;28;34;28;24;35
1428.0;116;135;78;78;80;71;25;27;34;26;36;30;26;38
1434.0;116;136;76;80;82;70;25;25;31;25;38;30;29;37
1440.0;115;136;77;81;85;71;25;23;33;23;37;29;28;37
1446.0;115;135;79;80;85;71;24;25;33;22;38;28;28;37
1452.0;116;135;78;83;81;71;25;26;33;23;38;27;28;36
1458.0;118;136;77;81;80;72;23;26;32;25;40;27;27;36
1464.0;117;136;75;82;79;73;24;26;35;26;41;25;26;35
1470.0;119;132;74;79;80;75;21;26;37;23;41;28;27;38
1476.0;118;129;73;77;83;75;23;26;37;24;41;30;28;36
1482.0;120;129;73;75;82;74;22;25;39;24;41;32;27;37
1488.0;119;129;71;74;83;77;22;25;36;27;44;32;26;35
1494.0;116;131;71;73;82;74;25;27;39;27;40;34;26;35
1500.0;116;133;71;76;84;71;24;26;40;26;43;34;24;32
1506.0;120;134;69;78;84;72;22;27;39;25;43;32;23;32
1512.0;121;132;69;79;84;70;21;28;40;26;40;31;25;34
1518.0;122;131;67;79;85;68;19;29;38;30;40;28;25;39
1524.0;125;132;66;78;86;67;19;26;37;29;40;28;26;41
1530.0;124;132;65;79;86;68;18;29;34;29;40;31;26;39
1536.0;124;133;63;78;85;68;18;29;36;31;36;34;28;37
1542.0;127;131;66;77;84;68;18;30;36;31;37;31;28;36
1548.0;123;131;65;79;84;69;19;31;37;35;32;30;29;36
1554.0;121;131;64;79;86;69;23;32;35;37;31;29;29;34
1560.0;122;130;65;80;88;69;23;30;33;34;32;31;30;33
1566.0;120;131;65;82;87;70;22;30;33;33;31;31;31;34
1572.0;120;131;64;82;87;69;21;32;33;34;32;30;32;33
1578.0;121;131;64;82;87;69;20;33;33;33;33;30;32;32
1584.0;121;131;67;79;88;68;19;33;33;33;34;30;30;34
1590.0;121;132;67;79;86;70;20;31;36;33;31;29;31;34
1596.0;120;131;66;77;82;72;21;35;34;34;36;29;29;34
1602.0;119;129;66;75;86;75;22;37;33;31;36;29;28;34
1608.0;120;132;67;77;85;73;22;36;30;30;37;30;29;32
1614.0;121;132;69;75;84;73;23;35;31;30;36;32;28;31
1620.0;123;129;67;77;85;73;24;35;31;31;37;29;28;31
1626.0;124;129;68;79;84;70;27;35;30;30;35;29;28;32
1632.0;123;131;69;77;89;69;25;35;30;33;33;29;26;31
1638.0;121;130;73;78;89;70;27;34;25;34;33;29;26;31
1644.0;120;131;74;78;85;71;28;32;26;34;33;30;25;33
1650.0;119;131;75;78;86;73;26;30;26;35;31;31;27;32
1656.0;122;131;76;79;86;73;26;32;27;32;31;30;26;29
1662.0;124;128;76;77;84;73;29;30;26;35;31;31;28;28
1668.0;126;127;75;76;82;75;30;29;29;34;33;33;26;25
1674.0;128;127;76;75;81;73;29;29;30;33;33;35;26;25
1680.0;123;125;78;75;81;70;28;30;33;33;31;38;26;29
1686.0;124;122;76;75;87;70;29;30;33;33;29;39;24;29
1692.0;125;125;78;73;86;73;31;28;34;31;28;41;22;25
1698.0;123;126;79;74;85;74;35;27;33;30;27;38;23;26
1704.0;124;129;79;73;83;75;35;28;34;28;28;35;23;26
1710.0;122;127;78;73;82;74;37;28;36;29;28;34;24;28
1716.0;122;126;79;70;82;75;36;29;37;25;28;34;28;29
1722.0;122;125;77;72;81;72;37;28;37;31;26;32;30;30
1728.0;123;127;75;72;82;73;35;29;39;28;26;31;29;31
1734.0;125;126;73;72;82;71;36;31;38;29;27;32;28;30
1740.0;126;124;77;71;84;72;34;31;36;31;26;26;32;30
1746.0;128;125;76;70;86;71;34;25;35;33;26;28;33;30
1752.0;129;124;78;70;86;69;36;25;33;32;26;27;34;31
1758.0;130;124;78;71;85;71;36;24;33;31;27;26;33;31
1764.0;129;127;78;69;85;72;37;24;31;32;25;28;34;29
1770.0;128;126;76;67;86;74;36;25;32;34;26;30;32;28
1776.0;128;126;77;68;85;74;33;24;36;33;25;30;32;29
1782.0;130;129;77;71;87;74;28;27;31;33;24;30;30;29
1788.0;130;129;79;73;86;73;26;26;31;32;24;30;30;31
1794.0;131;132;79;72;88;73;27;27;28;30;26;27;30;30
1800.0;129;132;81;73;88;74;27;29;25;29;27;27;30;29
1806.0;129;129;80;73;86;74;26;30;25;31;29;27;31;30
1812.0;131;128;81;74;84;71;25;29;28;32;28;27;30;32
1818.0;132;131;82;70;83;71;26;31;30;31;27;25;28;33
1824.0;132;129;83;69;83;72;27;31;30;31;26;27;28;32
1830.0;131;128;83;71;83;75;28;31;25;32;26;25;30;32
1836.0;131;128;84;71;82;74;28;32;26;30;26;27;30;31
1842.0;132;128;84;71;81;75;30;31;25;29;26;29;30;29
1848.0;133;130;84;70;81;76;30;31;27;28;25;26;30;29
1854.0;134;130;83;71;78;78;30;31;25;31;26;25;27;31
1860.0;133;129;84;71;76;77;32;34;25;30;26;25;27;31
1866.0;131;130;84;75;75;75;31;36;24;29;28;27;27;28
1872.0;129;132;84;73;77;74;30;35;27;26;29;27;28;29
1878.0;132;134;81;73;75;74;32;35;26;26;30;27;27;28
1884.0;133;132;81;72;74;77;34;36;26;27;26;27;27;28
1890.0;135;128;82;71;74;79;34;35;25;28;26;28;27;28
1896.0;136;130;82;70;74;79;34;34;26;27;27;28;25;28
1902.0;132;130;82;73;72;79;35;34;21;32;27;27;26;30
1908.0;130;132;85;72;70;79;34;34;21;29;28;26;28;32
1914.0;130;131;85;70;71;77;35;33;21;29;30;26;29;33
1920.0;132;132;84;69;72;74;34;33;23;28;30;26;28;35
1926.0;132;131;84;70;74;76;31;30;23;28;30;28;28;35
1932.0;134;134;85;72;74;76;28;29;22;29;30;27;27;33
1938.0;130;135;85;72;76;74;28;31;22;28;33;27;26;33
1944.0;129;137;86;72;78;72;28;32;21;28;30;28;26;33
1950.0;128;137;85;69;81;75;27;32;23;24;32;28;25;34
1956.0;125;136;86;71;78;76;26;33;25;25;32;29;28;30
1962.0;125;137;87;72;77;77;26;33;25;24;30;30;30;27
1968.0;127;136;79;73;78;79;29;30;25;25;29;32;32;26
1974.0;125;136;79;73;79;80;30;31;26;24;29;31;30;27
