#auto generated file!
12.0;22;20;17;10;12;11;9;13;13;17;14;16;10;16
18.0;23;20;14;10;13;11;10;15;13;16;15;15;10;15
24.0;22;22;12;10;14;13;9;16;13;16;15;14;10;14
30.0;23;21;13;9;14;15;9;16;15;15;13;12;11;14
36.0;23;21;14;9;15;15;9;15;16;14;13;11;11;14
42.0;23;21;14;10;16;16;10;15;13;15;11;10;11;15
48.0;22;20;17;12;17;15;10;15;13;14;11;8;11;15
54.0;22;22;19;11;18;15;10;14;13;14;11;7;9;15
60.0;23;22;19;11;18;15;10;14;12;13;13;7;9;14
66.0;25;21;18;11;19;14;9;14;12;11;15;8;10;13
72.0;23;21;19;10;20;14;11;15;11;11;15;9;9;12
78.0;23;20;20;9;22;14;11;15;11;11;16;10;8;10
84.0;22;19;20;9;23;14;10;16;10;11;14;11;9;12
90.0;23;19;19;8;24;14;10;16;10;11;13;11;9;13
96.0;24;19;19;8;23;14;9;16;11;11;13;10;9;14
102.0;24;19;20;8;22;14;9;16;11;11;14;9;9;14
108.0;25;20;19;8;23;13;9;16;10;11;14;11;9;12
114.0;25;20;19;8;23;14;9;15;9;11;14;12;10;11
120.0;25;20;19;8;23;16;9;15;8;10;15;12;10;10
126.0;27;20;19;8;23;16;10;15;8;10;14;12;9;9
132.0;29;21;18;8;23;15;8;15;9;10;13;13;9;9
138.0;28;21;18;8;23;14;9;15;9;10;13;14;9;9
144.0;30;22;16;9;22;14;9;15;8;11;12;14;8;10
150.0;31;23;16;10;20;13;8;16;8;11;12;16;7;9
156.0;31;24;16;9;18;12;9;16;9;11;12;17;7;9
162.0;32;24;16;10;19;13;7;14;11;9;11;17;7;10
168.0;31;24;16;11;19;13;7;14;9;8;11;18;9;10
174.0;31;24;15;13;20;13;7;11;7;8;11;19;10;11
180.0;30;24;14;13;20;14;7;12;7;7;11;20;10;11
186.0;30;25;13;13;21;13;6;13;8;6;11;20;10;11
192.0;30;26;12;13;20;13;6;12;8;7;12;19;11;11
198.0;29;26;11;14;20;13;6;11;8;8;11;20;12;11
204.0;30;27;11;14;21;13;7;11;8;7;10;18;12;11
210.0;29;26;11;14;21;14;7;10;8;8;10;21;11;10
216.0;28;26;11;13;21;16;8;10;8;9;10;20;11;9
222.0;28;25;10;15;22;15;7;11;9;9;10;20;11;8
228.0;28;24;10;15;22;16;9;10;7;8;11;21;11;8
234.0;29;24;10;15;23;16;9;9;9;8;10;19;12;7
240.0;30;24;11;16;22;18;9;9;9;8;9;19;11;5
246.0;30;24;11;16;22;18;9;9;10;8;9;18;11;5
252.0;30;23;11;16;23;18;8;10;9;9;8;17;12;6
258.0;30;23;11;16;22;18;8;10;10;10;9;16;11;6
264.0;31;22;12;16;22;18;8;10;10;10;8;17;11;5
270.0;31;22;12;17;22;18;7;8;11;10;8;17;11;6
276.0;29;24;11;17;22;18;7;8;12;11;8;15;12;6
282.0;29;23;10;17;22;17;8;9;16;11;6;15;11;6
288.0;27;23;10;18;21;17;7;11;16;11;6;14;12;7
294.0;27;23;10;18;21;17;7;10;16;11;6;15;12;7
300.0;28;23;10;17;21;17;6;11;16;11;6;14;12;8
306.0;27;23;11;17;21;17;5;12;16;11;6;15;12;7
312.0;28;24;12;16;21;15;5;10;16;13;8;14;12;6
318.0;28;24;12;15;21;15;5;9;17;14;7;15;12;6
324.0;29;22;15;15;20;15;4;10;17;12;7;14;12;8
330.0;29;22;16;15;20;14;4;9;16;11;8;15;13;8
336.0;30;22;16;15;20;15;5;9;16;10;7;13;13;9
342.0;29;21;16;16;19;15;6;11;18;9;7;14;11;8
348.0;29;21;18;16;20;15;6;9;18;9;6;15;10;8
354.0;29;21;18;16;20;15;6;10;18;7;6;16;10;8
360.0;28;21;18;16;19;15;7;10;18;7;8;15;10;8
366.0;28;21;18;18;18;17;7;11;16;7;8;13;12;6
372.0;28;21;17;19;18;18;8;11;15;7;8;12;12;6
378.0;28;22;16;20;19;17;7;10;17;8;9;11;10;6
384.0;29;20;16;22;19;17;7;10;15;7;9;12;11;6
390.0;28;20;16;22;18;17;8;10;16;6;8;11;11;9
396.0;28;19;17;22;17;17;7;12;14;6;9;11;12;9
402.0;27;19;17;22;17;18;8;12;13;6;9;10;13;9
408.0;28;19;18;23;17;18;9;11;13;6;8;9;12;9
414.0;27;18;18;24;16;18;9;11;13;5;9;9;14;9
420.0;28;18;18;24;16;18;9;11;13;5;9;9;14;8
426.0;28;19;19;23;16;18;10;9;13;5;10;8;14;8
432.0;28;18;19;23;18;18;11;9;12;5;10;9;13;7
438.0;28;19;18;21;19;17;11;10;12;6;10;10;12;7
444.0;28;19;18;21;19;17;11;10;11;6;10;10;12;8
450.0;28;18;21;19;18;17;11;10;11;6;10;12;11;8
456.0;28;18;22;19;18;16;11;11;10;7;8;12;12;8
462.0;28;19;23;19;17;16;11;9;9;8;10;11;11;9
468.0;29;17;23;19;18;16;11;9;9;8;10;11;11;9
474.0;28;15;24;20;19;17;11;9;9;7;10;11;11;9
480.0;28;16;24;20;19;17;10;8;6;8;11;11;12;10
486.0;26;16;23;19;19;18;10;10;8;8;11;11;11;10
492.0;28;15;27;18;19;18;9;9;7;9;10;10;10;11
498.0;29;14;27;16;19;18;10;9;8;9;10;9;11;11
504.0;28;14;27;16;19;19;10;10;10;8;9;9;11;10
510.0;27;16;27;16;21;18;11;11;8;9;9;8;10;9
516.0;28;16;26;17;20;18;12;10;8;7;8;10;11;9
522.0;28;17;26;17;21;17;12;11;8;7;9;10;9;8
528.0;29;18;26;16;21;18;10;13;10;7;6;8;10;8
534.0;29;19;27;15;21;18;10;13;10;8;6;8;9;7
540.0;29;20;26;15;23;18;11;13;10;6;4;9;9;7
546.0;30;20;26;14;23;18;12;12;11;6;4;8;9;7
552.0;30;20;26;15;23;19;11;10;13;8;3;6;9;7
558.0;30;20;27;16;23;19;10;11;12;8;3;6;8;7
564.0;31;20;27;16;23;19;9;12;12;8;3;5;8;7
570.0;31;19;28;16;24;19;9;12;12;7;2;6;8;7
576.0;31;20;28;17;24;18;10;11;13;7;1;6;7;7
582.0;31;20;28;17;24;18;10;11;12;6;2;6;8;7
588.0;31;20;27;17;25;16;11;11;12;5;2;6;8;9
594.0;31;20;26;17;25;17;11;12;10;5;3;6;8;9
600.0;30;20;27;15;25;17;11;12;9;6;3;6;8;11
606.0;29;20;27;15;26;17;10;15;9;6;3;7;6;10
612.0;31;20;27;14;27;17;10;14;6;6;3;9;5;11
618.0;31;20;27;15;27;17;10;14;5;6;3;9;5;11
624.0;31;19;26;15;26;19;10;15;5;5;4;10;5;10
630.0;32;19;23;14;25;20;9;15;5;5;4;10;7;12
636.0;32;19;23;14;25;20;10;14;4;6;5;11;6;11
642.0;32;20;22;15;24;21;7;15;4;4;5;11;7;13
648.0;32;20;23;16;22;21;7;16;4;6;4;11;7;11
654.0;32;20;22;16;22;21;7;16;4;6;4;11;8;11
660.0;32;20;22;16;22;21;7;15;3;6;6;10;8;12
666.0;29;21;22;16;22;20;9;14;3;8;8;9;8;11
672.0;28;21;21;16;23;19;9;13;4;9;10;9;7;11
678.0;28;21;22;16;23;18;8;14;4;9;9;10;7;11
684.0;28;21;23;17;23;16;9;14;4;10;8;10;7;10
690.0;30;21;23;18;22;17;10;14;5;8;6;10;7;9
696.0;30;23;23;18;22;17;11;13;5;8;5;9;7;9
702.0;30;25;21;18;23;17;10;15;5;7;3;10;7;9
708.0;31;25;22;17;22;17;10;15;4;8;4;9;7;9
714.0;30;26;21;15;21;18;10;15;4;10;4;9;8;9
720.0;30;25;20;15;21;18;10;15;5;10;4;9;9;9
726.0;31;24;19;15;20;17;11;16;4;12;4;8;9;10
732.0;32;25;18;15;20;17;11;16;4;12;4;7;9;10
738.0;31;27;18;14;20;17;11;16;4;12;4;8;8;10
744.0;30;28;20;13;20;19;11;14;4;12;4;8;7;10
750.0;30;28;19;14;20;18;11;15;4;11;4;8;7;11
756.0;30;28;18;14;21;17;12;14;4;10;4;8;10;10
762.0;30;28;18;13;21;17;14;14;4;10;3;9;10;9
768.0;30;26;18;14;22;16;14;14;4;10;3;10;9;10
774.0;32;25;17;13;22;16;16;14;4;9;2;10;10;10
780.0;33;25;17;14;24;16;15;12;5;9;2;9;10;9
786.0;33;24;17;14;24;16;13;15;4;9;2;9;10;10
792.0;33;24;17;12;25;15;13;13;4;9;2;11;10;12
798.0;33;24;16;11;26;15;12;12;6;9;3;14;8;11
804.0;33;25;15;11;25;16;12;12;7;9;3;13;8;11
810.0;32;25;15;11;23;15;14;13;6;9;4;12;9;12
816.0;32;27;14;11;22;15;15;13;6;9;4;10;10;12
822.0;33;27;14;11;22;16;15;13;6;8;3;11;10;11
828.0;36;27;14;11;21;16;13;13;6;7;3;11;10;12
834.0;36;27;14;11;21;16;13;13;6;7;3;11;10;12
840.0;36;27;14;11;22;15;13;12;5;7;4;10;11;13
846.0;37;27;14;12;21;15;12;13;6;8;3;9;11;12
852.0;37;28;14;11;21;15;12;13;5;8;3;9;13;11
858.0;36;28;15;11;20;15;11;13;5;8;3;9;14;12
864.0;37;29;16;11;20;15;11;13;4;9;3;8;13;11
870.0;39;28;16;10;18;15;11;13;5;9;4;8;13;11
876.0;38;29;16;10;17;16;12;13;4;11;5;8;12;9
882.0;39;26;16;10;18;17;11;13;5;11;5;8;13;8
888.0;40;27;16;10;19;18;10;10;6;9;5;8;13;9
894.0;40;27;15;10;19;17;10;10;6;10;6;8;13;9
900.0;39;27;15;11;19;17;10;10;6;10;6;8;13;9
906.0;39;27;15;11;22;17;10;9;6;9;8;7;12;8
912.0;39;28;14;10;22;19;10;11;6;9;8;7;11;6
918.0;39;28;13;10;22;19;10;10;6;10;8;7;11;7
924.0;39;27;15;12;21;17;10;8;5;11;10;9;10;6
930.0;39;27;14;13;22;16;10;10;5;11;11;8;9;5
936.0;38;27;14;12;22;16;11;10;5;11;11;9;9;5
942.0;37;27;14;13;22;16;11;11;5;11;11;9;9;4
948.0;38;28;14;13;22;16;11;11;6;9;10;8;10;4
954.0;39;28;13;13;21;16;11;10;6;9;10;10;9;5
960.0;39;28;13;13;23;17;11;9;6;8;10;10;8;5
966.0;39;29;14;12;21;16;10;11;6;9;10;9;8;6
972.0;39;31;13;12;22;16;9;10;7;10;8;7;10;6
978.0;38;30;13;13;23;15;8;10;6;11;8;7;11;7
984.0;38;31;14;13;22;15;8;11;3;12;7;7;11;8
990.0;38;31;15;14;21;15;9;11;3;12;7;6;10;8
996.0;38;31;15;15;21;15;9;11;4;11;7;6;9;8
1002.0;38;30;14;14;22;15;9;11;6;12;7;6;8;8
1008.0;37;30;16;14;21;14;9;13;6;12;7;5;7;9
1014.0;37;30;16;14;21;13;8;13;8;11;7;5;7;10
1020.0;37;30;16;15;21;14;9;12;8;9;7;5;7;10
1026.0;36;30;16;16;20;11;12;12;8;8;8;5;7;11
1032.0;36;30;16;16;21;11;13;11;8;8;8;5;8;9
1038.0;37;28;17;16;21;12;14;11;7;8;8;5;8;8
1044.0;36;29;17;15;22;11;15;11;7;8;8;5;8;8
1050.0;35;29;18;15;23;11;15;11;6;8;8;5;8;8
1056.0;34;29;18;14;25;12;15;12;6;8;8;5;6;8
1062.0;33;29;18;13;27;12;15;11;6;7;8;6;7;8
1068.0;32;29;18;14;27;12;15;11;5;7;9;6;7;8
1074.0;32;29;19;14;27;13;13;10;6;8;8;6;7;8
1080.0;32;30;21;14;28;12;13;11;6;7;7;5;7;7
1086.0;33;30;20;14;29;13;14;9;6;7;7;5;6;7
1092.0;33;29;20;13;30;12;13;10;7;6;8;6;6;7
1098.0;31;30;20;14;30;11;13;8;8;7;8;6;6;8
1104.0;31;30;21;13;30;10;12;7;9;7;9;6;7;8
1110.0;31;31;22;12;29;9;11;7;11;6;9;6;7;9
1116.0;31;31;22;12;29;11;10;8;9;6;8;6;8;9
1122.0;33;31;21;11;28;11;9;9;8;8;8;6;8;9
1128.0;32;31;21;12;28;11;10;8;6;9;8;8;7;9
1134.0;32;31;21;12;28;11;10;7;6;10;7;8;7;10
1140.0;34;31;21;13;28;10;11;6;4;10;7;9;6;10
1146.0;35;32;21;12;28;10;9;6;5;10;9;8;6;9
1152.0;36;30;22;12;26;10;8;7;6;10;9;8;7;9
1158.0;36;30;22;12;25;9;9;8;6;10;8;9;5;11
1164.0;33;31;22;13;26;9;9;8;6;11;7;9;6;10
1170.0;33;31;22;13;25;9;10;8;6;11;7;9;6;10
1176.0;33;32;21;14;25;10;9;8;7;11;7;9;6;8
1182.0;33;32;22;13;25;11;10;8;8;10;7;7;6;8
1188.0;33;33;22;13;24;11;10;8;6;10;8;7;6;9
1194.0;33;31;23;13;23;12;11;9;8;8;9;7;5;8
1200.0;32;31;23;14;23;12;11;9;9;7;10;7;5;7
1206.0;32;30;23;14;24;11;11;10;9;7;11;6;5;7
1212.0;32;28;22;15;25;11;12;9;9;6;11;7;5;8
1218.0;32;28;22;14;26;11;11;9;9;7;11;8;4;8
1224.0;32;28;22;14;27;12;12;8;9;7;11;7;4;7
1230.0;33;27;22;13;27;13;12;7;9;9;10;7;4;7
1236.0;33;27;21;13;26;14;12;6;9;11;11;7;4;6
1242.0;34;26;22;15;25;15;12;6;8;11;9;7;4;6
1248.0;33;27;22;14;25;15;11;6;9;10;10;7;5;6
1254.0;33;27;22;14;25;15;10;6;9;10;11;7;5;6
1260.0;33;27;22;15;25;15;11;5;7;10;11;7;5;7
1266.0;34;26;22;17;25;13;10;5;7;10;11;7;6;7
1272.0;34;26;22;17;25;13;10;5;7;11;10;7;6;7
1278.0;34;26;22;17;25;13;9;5;8;10;10;8;6;7
1284.0;35;25;22;18;25;13;10;6;7;10;10;7;6;6
1290.0;35;26;22;18;25;13;10;6;7;10;10;7;6;5
1296.0;35;26;22;18;25;14;10;5;7;10;9;7;7;5
1302.0;35;26;22;18;25;14;9;5;7;10;9;7;7;6
1308.0;35;26;22;18;25;14;10;4;6;11;9;6;7;7
1314.0;35;26;22;16;25;14;10;6;6;10;9;7;7;7
1320.0;34;26;22;16;26;14;10;8;6;8;9;7;7;7
1326.0;34;26;23;16;26;14;11;7;6;6;9;7;7;8
1332.0;34;26;23;16;26;13;11;7;6;6;9;8;7;8
1338.0;33;27;24;17;24;14;10;7;6;5;9;9;7;8
1344.0;33;27;24;16;23;14;11;6;6;5;8;9;8;10
1350.0;35;26;22;16;24;14;11;6;5;5;8;9;8;11
1356.0;37;26;22;17;23;14;9;5;5;5;9;9;8;11
1362.0;37;27;21;17;26;13;8;5;6;5;10;9;6;10
1368.0;37;27;22;17;25;13;8;5;7;5;10;8;6;10
1374.0;37;27;21;17;25;13;7;5;6;4;13;8;7;10
1380.0;38;26;23;18;26;11;7;5;6;4;13;8;6;9
1386.0;38;27;22;16;26;11;8;4;7;4;13;9;8;7
1392.0;38;26;21;16;26;11;8;4;7;4;14;9;9;7
1398.0;38;26;21;15;24;11;9;5;7;5;14;10;8;7
1404.0;38;27;21;15;24;10;8;6;7;5;14;9;8;8
1410.0;37;26;19;17;25;9;8;6;7;5;15;9;8;9
1416.0;37;26;18;17;25;9;8;6;7;6;14;9;9;9
1422.0;38;26;17;17;25;10;7;6;8;6;14;8;9;9
1428.0;38;26;18;17;25;9;8;6;7;6;15;8;9;8
1434.0;39;26;18;17;24;9;7;8;7;8;12;8;8;9
1440.0;40;27;18;17;24;9;7;8;8;7;12;8;7;8
1446.0;40;27;19;17;23;10;6;8;9;7;12;8;7;7
1452.0;40;27;19;17;21;11;7;7;11;7;12;8;8;5
1458.0;40;27;19;17;21;10;7;7;10;7;13;8;9;5
1464.0;40;27;20;17;20;9;6;7;10;7;14;8;10;5
1470.0;41;25;20;17;20;10;6;6;10;7;12;8;10;8
1476.0;41;24;19;17;19;10;6;7;10;8;13;8;9;9
1482.0;41;24;19;18;17;11;7;7;10;7;13;8;9;9
1488.0;40;24;19;18;17;12;7;6;11;7;12;8;10;9
1494.0;40;27;18;19;17;11;7;6;11;7;12;8;9;8
1500.0;40;28;18;19;17;11;7;6;11;6;12;7;8;10
1506.0;39;28;19;19;17;11;7;7;11;6;12;6;8;10
1512.0;39;29;18;18;19;11;6;8;9;6;12;8;8;9
1518.0;39;29;18;17;19;11;6;8;9;6;13;8;8;9
1524.0;39;31;18;16;19;11;6;8;9;5;15;6;8;9
1530.0;40;31;17;16;18;10;6;8;9;5;14;6;9;11
1536.0;40;31;16;16;18;10;8;8;12;4;13;6;9;9
1542.0;40;29;16;15;18;10;9;8;13;5;13;7;7;10
1548.0;41;29;18;15;18;9;9;7;13;5;12;7;7;10
1554.0;40;29;18;16;19;7;9;7;12;5;12;8;7;11
1560.0;40;26;18;17;19;8;9;9;12;6;11;8;6;11
1566.0;40;28;17;16;17;7;9;9;11;6;13;9;7;11
1572.0;40;27;17;16;18;7;8;9;11;5;13;10;7;12
1578.0;39;27;18;16;18;9;8;9;10;5;12;11;6;12
1584.0;42;27;18;16;17;8;8;9;9;4;12;12;7;11
1590.0;42;27;18;16;17;7;8;9;9;5;11;12;7;12
1596.0;42;27;19;16;17;8;8;10;7;5;10;10;8;13
1602.0;43;27;20;15;16;8;7;11;7;5;10;10;9;12
1608.0;43;27;20;14;16;8;7;12;8;5;9;11;9;11
1614.0;43;27;18;15;18;8;7;14;7;5;8;9;10;11
1620.0;42;27;18;16;17;8;8;14;7;6;8;8;10;11
1626.0;43;27;18;16;17;7;7;14;7;6;9;8;10;11
1632.0;44;28;17;16;18;7;9;14;6;6;8;8;10;9
1638.0;44;29;18;15;19;7;9;14;6;6;9;8;9;7
1644.0;45;29;19;15;18;7;9;15;6;6;8;6;10;7
1650.0;46;29;19;16;17;7;10;13;5;6;8;7;11;6
1656.0;45;30;19;16;16;6;10;14;4;7;8;8;10;7
1662.0;45;30;19;16;16;7;10;15;4;6;9;8;8;7
1668.0;43;30;19;18;16;7;9;17;3;7;10;8;7;6
1674.0;43;30;19;18;16;7;8;16;4;7;11;9;6;6
1680.0;42;32;17;18;17;7;7;16;4;8;11;9;6;6
1686.0;42;33;17;20;17;7;7;16;4;7;11;9;5;5
1692.0;42;33;17;20;17;7;7;16;4;7;11;9;5;5
1698.0;42;33;18;20;17;6;6;16;4;7;12;10;5;4
1704.0;40;33;17;20;15;8;6;16;4;8;11;11;4;7
1710.0;40;33;17;20;15;9;7;16;5;8;10;9;4;7
1716.0;40;34;17;20;15;9;7;16;4;8;10;9;4;7
1722.0;41;32;17;20;14;9;7;15;5;8;10;11;4;7
1728.0;40;33;16;18;15;10;7;18;5;7;10;11;3;7
1734.0;40;33;16;19;15;10;7;18;5;6;10;11;3;7
1740.0;42;33;16;18;16;10;7;17;5;6;9;11;3;7
1746.0;42;33;16;18;15;10;8;17;4;6;10;11;3;7
1752.0;42;33;16;18;14;10;8;16;4;7;10;11;4;7
1758.0;42;32;15;18;14;10;7;17;4;8;9;12;4;8
1764.0;42;30;16;18;14;11;7;16;4;8;9;12;5;8
1770.0;41;33;16;18;13;11;6;15;4;9;8;12;6;8
1776.0;41;34;15;18;14;9;6;16;4;9;8;11;6;9
1782.0;41;35;15;18;14;9;7;15;3;9;9;11;6;8
1788.0;43;33;15;17;15;10;6;15;2;8;9;14;6;7
1794.0;43;35;14;17;17;10;5;14;2;7;10;13;7;6
1800.0;43;35;15;17;17;11;5;13;2;8;10;11;7;6
1806.0;43;35;14;17;17;11;5;13;3;8;11;11;6;6
1812.0;44;36;15;18;16;11;6;13;2;7;10;10;6;6
1818.0;44;37;15;17;16;11;7;13;2;7;9;10;6;6
1824.0;45;36;16;17;16;12;7;10;3;7;8;11;6;6
1830.0;45;35;17;17;16;14;7;10;4;7;8;10;5;5
1836.0;46;36;18;18;15;14;7;10;3;8;7;9;5;4
1842.0;45;36;18;17;15;15;7;9;3;9;7;9;6;4
1848.0;45;35;18;18;15;15;7;9;3;9;8;9;6;3
1854.0;47;34;18;17;15;14;9;9;3;10;8;8;5;3
1860.0;47;34;17;17;15;13;9;9;3;11;8;10;4;3
1866.0;46;35;17;17;15;13;8;10;3;10;9;10;4;3
1872.0;49;35;17;14;15;13;6;12;3;10;8;8;6;4
1878.0;50;35;17;14;15;13;6;13;3;9;8;8;5;4
1884.0;50;36;17;13;15;13;5;13;3;9;9;8;5;4
1890.0;49;35;18;12;15;13;5;12;4;8;9;10;5;5
1896.0;49;35;19;11;15;13;5;11;4;7;10;10;6;5
1902.0;47;35;20;12;14;13;5;12;5;6;11;10;6;4
1908.0;46;35;19;12;14;14;5;12;5;6;11;11;6;4
1914.0;45;34;21;12;16;14;5;12;5;7;10;10;5;4
1920.0;45;34;20;12;16;14;5;12;6;6;9;9;7;5
1926.0;46;34;20;12;18;14;4;11;6;7;8;8;7;5
1932.0;45;33;20;12;18;14;4;11;6;10;7;9;7;4
1938.0;45;34;20;12;18;14;4;10;6;10;7;9;7;4
1944.0;45;34;20;11;18;13;4;11;6;9;7;10;7;5
1950.0;44;35;20;12;18;12;6;10;6;9;7;9;7;5
1956.0;45;34;18;12;18;12;6;11;6;9;7;9;6;7
1962.0;45;35;16;12;18;14;5;12;6;8;7;9;6;7
1968.0;45;35;16;12;17;14;5;12;5;8;8;9;7;7
1974.0;44;35;16;11;17;14;7;12;6;9;7;8;7;7
