#auto generated file!
12.0;131;112;152;116;135;141;133;123;132;115;143;118;109;140
18.0;130;118;155;121;139;144;127;118;134;112;148;112;106;136
24.0;134;122;162;120;137;148;127;117;136;103;148;108;105;133
30.0;138;125;160;123;143;152;126;109;138;98;145;111;106;126
36.0;139;129;163;125;145;155;132;105;130;96;144;107;103;127
42.0;141;133;165;127;146;157;131;102;129;93;143;106;104;123
48.0;144;138;170;129;148;159;124;100;127;89;142;103;102;125
54.0;143;142;172;133;150;161;129;99;122;89;141;97;100;122
60.0;148;143;176;136;151;163;130;97;116;93;131;97;96;123
66.0;150;146;179;139;150;164;127;99;117;94;129;96;91;119
72.0;152;151;179;138;149;166;122;97;118;93;130;94;94;117
78.0;153;154;182;138;149;162;120;101;115;93;130;97;93;113
84.0;155;155;190;142;153;164;121;97;112;94;122;98;90;107
90.0;158;161;188;139;157;161;121;101;109;89;123;99;88;106
96.0;163;166;190;141;155;163;115;101;110;89;121;96;83;107
102.0;167;173;192;144;155;159;115;101;108;87;117;96;83;103
108.0;170;177;192;145;157;157;111;97;108;88;117;96;85;100
114.0;174;177;190;145;153;155;107;97;111;89;117;101;89;95
120.0;174;177;192;145;156;155;103;98;113;86;114;101;88;98
126.0;177;180;190;148;156;156;106;98;108;87;109;103;86;96
132.0;180;179;192;150;154;156;103;97;98;91;113;107;85;95
138.0;185;182;190;149;152;156;100;96;96;97;114;104;84;95
144.0;188;187;191;150;154;158;103;95;94;94;108;103;80;95
150.0;189;184;188;152;156;159;102;94;96;92;111;98;81;98
156.0;188;183;190;156;155;158;99;95;95;92;108;97;82;102
162.0;188;187;193;160;160;155;97;92;93;90;108;98;77;102
168.0;191;190;192;163;161;156;97;97;92;81;103;96;79;102
174.0;190;195;192;163;163;156;93;99;90;82;108;96;76;97
180.0;189;198;190;161;163;162;89;96;93;81;103;98;82;95
186.0;188;196;187;166;164;163;92;93;94;80;98;100;83;96
192.0;192;198;187;164;169;162;89;88;91;86;99;95;84;96
198.0;195;202;188;164;166;159;90;87;92;84;96;97;83;97
204.0;201;198;184;165;166;160;91;87;89;84;98;100;79;98
210.0;201;197;186;164;164;160;89;85;91;86;95;105;79;98
216.0;199;200;190;164;167;159;86;86;93;86;97;101;73;99
222.0;198;203;193;162;167;162;81;82;96;89;95;100;71;101
228.0;198;201;192;163;168;167;79;79;94;89;95;100;75;100
234.0;201;201;192;162;166;172;81;76;91;88;88;103;75;104
240.0;200;202;189;165;168;172;78;78;89;90;86;102;78;103
246.0;208;205;190;163;171;164;79;78;86;90;88;95;80;103
252.0;210;207;191;163;168;161;81;76;82;95;90;93;80;103
258.0;208;211;195;166;168;159;85;73;82;90;91;89;76;107
264.0;205;213;192;169;167;163;86;71;80;96;91;88;75;104
270.0;206;214;194;166;167;162;88;70;85;96;90;87;72;103
276.0;208;214;200;168;166;162;87;75;83;95;88;85;68;101
282.0;210;220;198;170;167;160;87;74;83;94;90;78;70;99
288.0;206;222;198;172;168;163;87;76;85;93;90;76;66;98
294.0;206;222;199;175;170;163;85;76;86;91;88;72;72;95
300.0;205;224;201;176;169;166;86;74;83;90;87;74;74;91
306.0;210;228;201;179;169;169;82;78;77;94;85;72;69;87
312.0;208;228;200;176;166;171;84;77;74;97;84;76;71;88
318.0;208;233;198;175;170;170;83;76;72;97;83;77;73;85
324.0;206;236;198;176;171;169;84;77;67;94;88;75;71;88
330.0;207;238;197;178;170;169;85;75;64;90;90;77;70;90
336.0;209;240;193;178;170;168;86;76;61;92;92;76;70;89
342.0;209;241;194;178;168;169;83;71;61;94;92;79;69;92
348.0;209;243;195;178;164;167;84;68;65;95;90;82;74;86
354.0;210;241;193;177;171;171;81;70;65;93;88;81;74;85
360.0;209;237;195;177;177;173;78;71;68;89;85;83;75;83
366.0;213;234;201;176;175;173;74;70;70;85;86;89;75;79
372.0;209;238;199;178;172;173;72;70;68;87;85;92;77;80
378.0;211;242;199;175;171;172;74;70;66;86;84;94;79;77
384.0;212;250;196;173;172;173;78;73;70;87;79;94;74;69
390.0;213;252;198;174;175;169;82;68;68;81;78;94;76;72
396.0;208;252;196;174;175;172;81;66;71;81;80;93;77;74
402.0;207;254;201;173;175;176;77;63;70;79;79;95;77;74
408.0;203;254;203;172;177;181;79;62;71;83;74;94;75;72
414.0;206;257;202;170;174;176;75;64;75;82;72;94;79;74
420.0;207;258;205;166;174;175;74;64;75;87;74;91;78;72
426.0;206;264;204;164;172;176;78;65;72;82;70;93;79;75
432.0;208;266;207;165;171;174;76;60;76;81;68;92;77;79
438.0;207;266;204;166;168;178;77;65;75;84;69;89;76;76
444.0;204;264;204;164;169;176;80;64;75;87;70;86;75;82
450.0;205;266;203;163;169;179;78;67;78;82;71;86;76;77
456.0;206;263;199;165;169;178;81;67;76;82;72;89;76;77
462.0;206;265;196;167;167;179;81;69;74;82;73;92;70;79
468.0;205;264;195;167;167;174;80;72;79;81;71;95;70;80
474.0;204;270;195;166;167;174;81;68;80;85;73;91;67;79
480.0;207;273;190;170;165;175;85;67;77;85;72;88;68;78
486.0;208;271;191;173;167;177;90;62;77;86;68;88;66;76
492.0;212;272;191;171;170;177;87;59;76;84;72;90;65;74
498.0;212;271;192;174;167;181;91;56;76;78;75;87;64;76
504.0;209;278;190;173;167;183;91;56;79;76;75;87;63;73
510.0;215;279;189;173;168;183;89;56;73;79;79;85;60;72
516.0;215;281;186;172;166;182;93;57;74;75;82;85;62;70
522.0;216;281;184;170;164;180;92;58;76;79;86;87;62;65
528.0;215;283;185;171;162;182;92;58;73;77;88;86;62;66
534.0;216;282;184;175;163;179;89;58;75;76;84;88;64;67
540.0;218;284;182;179;163;177;85;59;72;76;85;85;69;66
546.0;216;285;180;181;161;180;85;60;71;78;82;82;71;68
552.0;215;285;179;181;159;183;86;58;75;83;81;82;69;64
558.0;218;288;177;175;161;182;82;62;76;84;82;82;68;63
564.0;220;285;178;174;164;185;85;63;72;85;82;81;66;60
570.0;222;285;178;172;167;180;83;62;73;87;84;78;70;59
576.0;226;284;176;173;168;177;86;64;70;86;81;80;69;60
582.0;228;276;180;176;171;179;85;64;71;85;79;75;70;61
588.0;233;285;178;174;170;179;87;64;67;84;75;76;64;64
594.0;239;283;177;173;167;178;84;64;68;83;72;81;65;66
600.0;243;288;179;176;164;177;81;64;69;83;71;79;62;64
606.0;245;288;180;179;161;178;79;60;68;84;70;79;64;65
612.0;243;290;179;178;165;178;76;59;69;89;67;78;61;68
618.0;246;294;175;177;167;177;75;61;72;88;67;74;58;69
624.0;243;295;175;177;168;178;74;62;70;87;71;74;59;67
630.0;246;296;177;178;165;177;77;62;68;82;70;75;60;67
636.0;246;295;176;182;165;182;72;61;67;85;68;73;61;67
642.0;245;294;176;182;162;184;76;62;68;85;68;73;58;67
648.0;252;288;174;178;165;186;75;58;67;83;72;72;60;70
654.0;250;287;174;179;165;186;75;59;65;85;74;75;57;69
660.0;249;293;172;182;167;189;72;59;66;82;70;71;59;69
666.0;256;295;167;182;166;189;70;56;68;79;75;70;59;68
672.0;256;297;166;186;163;188;65;56;71;83;77;64;61;67
678.0;261;299;166;185;166;181;67;56;69;84;75;64;61;66
684.0;261;298;170;188;167;185;66;57;67;80;72;62;62;65
690.0;261;294;169;187;167;190;67;58;68;79;64;61;65;70
696.0;260;297;168;189;166;188;69;57;70;73;66;61;69;67
702.0;263;299;165;194;160;185;73;58;69;74;67;61;66;66
708.0;266;295;164;192;157;183;69;60;71;76;65;65;65;72
714.0;268;291;164;191;159;182;68;59;74;75;64;70;65;70
720.0;269;292;166;185;159;186;69;58;77;75;62;72;62;68
726.0;268;293;161;184;162;185;70;55;82;73;63;72;65;67
732.0;265;292;161;188;161;186;75;54;77;75;62;69;66;69
738.0;264;292;160;189;164;187;74;59;75;78;61;68;62;67
744.0;268;296;162;187;165;186;71;62;73;79;63;68;55;65
750.0;269;293;161;188;165;187;75;65;70;78;63;68;56;62
756.0;266;301;160;187;166;191;72;67;68;74;63;68;55;62
762.0;265;304;165;183;169;191;69;70;66;73;62;66;56;61
768.0;265;299;164;185;169;195;68;63;68;71;63;69;58;63
774.0;266;300;158;185;168;195;71;61;69;69;66;70;61;61
780.0;265;300;161;187;168;195;70;61;67;68;68;69;61;60
786.0;270;298;163;185;166;192;71;62;70;69;65;67;64;58
792.0;269;298;156;184;168;195;75;60;71;71;64;65;64;60
798.0;265;299;157;185;170;196;72;60;71;70;65;68;61;61
804.0;262;305;159;184;166;194;71;62;72;69;64;71;62;59
810.0;261;303;162;181;163;193;75;68;72;69;62;69;60;62
816.0;261;300;160;182;166;190;77;71;71;69;60;71;64;58
822.0;257;298;159;181;161;190;79;70;75;70;58;75;64;63
828.0;258;297;157;182;159;188;82;68;76;71;58;77;62;65
834.0;258;300;155;179;158;185;76;75;77;68;60;76;65;68
840.0;259;299;158;175;157;189;73;71;76;70;62;77;67;67
846.0;258;300;157;171;157;189;73;72;69;72;64;76;71;71
852.0;262;297;154;174;158;188;76;72;68;73;65;74;72;67
858.0;262;300;161;178;163;184;73;71;64;73;62;75;66;68
864.0;259;304;159;177;161;185;71;71;66;75;63;71;66;72
870.0;256;307;162;179;158;181;69;69;66;76;61;71;69;76
876.0;258;308;162;176;162;178;72;66;68;72;61;71;71;75
882.0;261;311;165;179;162;171;68;68;66;75;65;74;66;69
888.0;256;310;167;182;161;169;68;71;67;78;62;74;65;70
894.0;255;313;173;183;163;172;69;70;67;75;61;71;62;66
900.0;254;309;172;182;160;172;72;69;67;83;62;71;60;67
906.0;255;310;177;179;167;166;67;67;68;81;62;73;59;69
912.0;260;312;175;176;167;165;66;71;65;82;64;66;62;69
918.0;261;308;176;174;167;163;67;73;67;82;62;67;63;70
924.0;260;309;176;173;165;163;66;70;67;85;63;65;65;73
930.0;261;308;178;172;166;160;65;70;61;90;62;63;70;74
936.0;260;310;175;173;165;159;65;67;60;94;67;61;71;73
942.0;259;310;173;175;164;154;66;67;60;92;68;62;76;74
948.0;261;310;176;175;164;153;69;64;63;90;67;61;73;74
954.0;259;311;175;176;166;155;67;63;61;89;72;59;69;78
960.0;261;310;172;179;169;156;66;63;60;94;74;55;67;74
966.0;267;311;169;179;169;153;69;63;64;90;74;55;65;72
972.0;266;316;168;178;170;158;66;66;65;89;75;51;65;67
978.0;265;318;174;171;171;157;62;69;67;84;74;53;66;69
984.0;268;319;174;173;168;157;62;67;70;79;74;54;68;67
990.0;271;319;176;172;164;157;60;67;72;80;73;55;68;66
996.0;269;318;173;174;170;156;58;65;70;80;74;56;70;67
1002.0;264;320;175;173;170;153;56;66;70;82;74;56;74;67
1008.0;264;324;177;170;169;149;54;71;72;77;75;56;74;68
1014.0;261;317;177;170;166;154;55;68;77;78;75;56;75;71
1020.0;259;313;178;170;165;152;57;72;77;78;77;56;75;71
1026.0;259;319;180;171;162;150;56;74;79;77;77;55;71;70
1032.0;259;322;174;167;165;156;53;75;75;77;78;59;69;71
1038.0;261;319;175;168;161;158;54;71;74;77;78;61;71;72
1044.0;264;313;180;168;165;154;52;73;70;80;76;56;75;74
1050.0;266;312;181;164;169;156;54;72;69;79;75;62;72;69
1056.0;262;311;180;164;174;158;54;72;70;77;72;64;73;69
1062.0;261;307;180;163;177;158;56;69;70;80;68;64;73;74
1068.0;266;307;179;160;176;161;56;69;77;80;68;60;72;69
1074.0;263;307;179;161;173;160;56;65;79;77;63;65;77;75
1080.0;264;305;177;165;175;161;58;71;74;77;62;64;74;73
1086.0;267;304;176;164;176;159;63;71;72;71;61;67;72;77
1092.0;266;308;176;165;176;159;61;69;69;72;60;66;74;79
1098.0;264;304;175;167;178;156;63;71;69;75;62;64;73;79
1104.0;263;306;174;170;173;158;68;75;62;75;63;63;74;76
1110.0;269;304;170;169;171;164;69;82;60;71;62;57;77;75
1116.0;269;302;168;167;172;165;71;83;59;70;64;59;79;72
1122.0;270;302;168;169;177;166;69;79;62;65;66;55;80;72
1128.0;266;305;169;169;180;164;66;78;62;65;70;57;74;75
1134.0;267;302;170;171;178;163;67;75;63;66;71;56;73;78
1140.0;269;302;171;169;176;160;67;71;63;68;72;56;74;82
1146.0;266;301;175;170;175;161;62;69;64;71;71;58;79;78
1152.0;270;299;175;170;174;159;61;71;65;69;68;61;81;77
1158.0;268;300;176;170;172;161;62;73;64;65;66;62;84;77
1164.0;266;300;173;168;172;165;63;73;65;61;65;65;86;78
1170.0;268;301;176;171;171;164;61;73;65;65;61;61;83;80
1176.0;267;301;175;169;170;168;59;74;64;67;64;60;82;80
1182.0;266;299;172;172;170;168;58;76;63;70;62;63;80;81
1188.0;265;299;173;172;174;170;59;72;64;70;62;61;76;83
1194.0;261;302;173;172;174;170;62;72;64;71;62;63;70;84
1200.0;262;301;171;172;177;173;62;68;60;70;67;60;73;84
1206.0;261;300;172;169;175;172;61;69;59;74;68;66;73;81
1212.0;259;302;170;167;174;171;63;68;59;78;65;69;73;82
1218.0;262;296;169;171;170;172;64;67;62;77;67;69;71;83
1224.0;263;290;171;167;169;171;62;71;64;72;68;71;77;84
1230.0;270;286;171;163;172;168;60;70;66;70;70;69;79;86
1236.0;268;293;168;161;169;165;62;71;69;69;70;69;80;86
1242.0;270;291;169;163;168;166;59;73;65;71;69;72;77;87
1248.0;270;288;168;165;169;162;61;73;68;70;70;71;78;87
1254.0;273;291;165;167;166;163;60;74;68;71;72;75;76;79
1260.0;273;291;163;170;169;164;58;72;68;72;73;76;75;76
1266.0;276;291;163;170;172;161;59;72;70;69;70;77;74;76
1272.0;275;289;158;175;174;161;59;72;71;69;67;79;78;73
1278.0;277;288;157;169;177;163;61;71;68;75;65;74;81;74
1284.0;279;290;163;173;176;164;59;70;64;75;67;69;79;72
1290.0;281;286;168;175;176;161;54;66;65;78;70;69;76;75
1296.0;281;286;169;175;175;162;52;67;63;75;74;70;72;79
1302.0;282;282;169;178;174;162;55;64;62;75;79;71;68;79
1308.0;278;281;169;179;173;163;53;67;61;76;79;71;71;79
1314.0;278;287;164;179;172;166;54;71;59;79;80;71;67;73
1320.0;279;287;161;175;175;169;56;69;62;80;77;70;67;73
1326.0;274;288;159;176;179;168;55;68;61;80;79;68;69;76
1332.0;270;289;159;176;179;172;55;68;62;81;84;69;63;73
1338.0;271;286;160;176;179;176;58;67;64;79;80;66;62;76
1344.0;271;285;159;176;182;174;61;68;59;75;77;67;63;83
1350.0;272;289;160;176;180;179;62;66;59;74;74;64;64;81
1356.0;270;288;159;178;181;179;60;66;59;74;73;66;64;83
1362.0;272;284;157;183;187;177;61;63;58;77;71;64;65;81
1368.0;274;284;156;181;185;175;61;62;59;78;71;60;69;85
1374.0;276;286;161;180;184;170;59;63;60;73;74;59;68;87
1380.0;277;285;158;179;187;172;56;61;61;75;70;63;72;84
1386.0;278;284;162;182;186;173;56;61;58;70;71;61;68;90
1392.0;277;287;157;184;191;173;49;57;60;71;73;64;70;87
1398.0;273;286;158;181;189;176;51;58;62;74;74;61;70;87
1404.0;277;285;164;176;191;178;52;60;61;69;73;60;67;87
1410.0;276;284;167;175;183;182;52;66;61;65;77;62;63;87
1416.0;275;286;170;177;183;179;49;66;60;64;79;61;63;88
1422.0;273;284;173;174;185;185;52;61;59;64;83;63;61;83
1428.0;275;278;171;175;185;184;53;64;59;64;85;61;59;87
1434.0;279;276;166;172;192;183;52;60;61;62;84;64;65;84
1440.0;281;276;166;172;191;179;53;61;65;62;82;62;64;86
1446.0;280;276;168;174;198;177;51;62;63;65;78;63;61;84
1452.0;278;273;165;178;199;174;53;64;63;68;78;63;61;83
1458.0;279;276;164;175;199;176;53;60;65;72;74;64;61;82
1464.0;280;279;165;177;193;172;53;63;62;71;74;63;64;84
1470.0;277;281;160;181;190;173;56;60;63;72;77;63;65;82
1476.0;277;279;151;180;192;172;59;59;64;73;82;64;66;82
1482.0;282;282;149;183;193;168;60;60;63;69;81;62;66;82
1488.0;281;280;147;185;196;171;60;61;61;72;77;61;65;83
1494.0;277;277;147;182;200;169;58;65;59;72;75;63;72;84
1500.0;280;276;144;183;202;165;59;65;62;73;75;61;74;81
1506.0;283;275;142;182;200;167;60;64;63;74;71;58;73;88
1512.0;281;278;144;180;200;166;60;67;62;76;71;61;68;86
1518.0;280;276;146;180;193;168;61;64;62;77;73;63;72;85
1524.0;282;273;149;179;191;171;63;66;64;78;75;60;69;80
1530.0;287;274;150;177;193;168;64;67;56;78;79;65;66;76
1536.0;287;274;148;174;190;172;62;66;54;77;78;72;68;78
1542.0;290;273;153;172;189;164;59;66;56;81;78;70;69;80
1548.0;289;277;156;172;185;165;62;67;57;76;76;69;71;78
1554.0;286;274;157;174;183;162;64;70;56;75;78;69;73;79
1560.0;284;277;158;170;182;158;67;70;55;79;76;66;76;82
1566.0;282;276;159;169;182;162;69;71;53;75;78;65;75;84
1572.0;276;280;159;171;183;164;72;64;52;76;82;66;70;85
1578.0;282;278;156;170;190;161;71;65;53;77;78;65;68;86
1584.0;283;277;154;169;192;157;72;67;55;73;79;66;68;88
1590.0;287;275;158;168;190;158;72;66;54;75;82;63;67;85
1596.0;284;277;160;164;195;156;69;64;54;71;82;65;71;88
1602.0;286;276;155;161;193;159;71;63;60;69;80;64;72;91
1608.0;285;275;152;157;194;159;67;65;66;67;80;68;74;91
1614.0;289;275;152;155;194;157;66;65;67;70;76;70;74;90
1620.0;291;274;155;154;193;160;65;67;64;69;78;70;72;88
1626.0;294;277;153;148;189;159;61;69;66;69;81;70;73;91
1632.0;298;275;150;141;188;157;61;68;65;75;83;70;77;92
1638.0;294;274;147;140;187;161;66;71;62;75;83;75;78;87
1644.0;301;271;149;138;188;162;63;73;59;75;82;75;77;87
1650.0;305;271;150;140;188;162;65;71;58;71;82;74;78;85
1656.0;307;273;151;142;189;162;62;73;59;67;82;73;77;83
1662.0;303;272;150;143;190;165;62;71;59;67;81;78;78;81
1668.0;304;272;150;147;189;160;64;73;59;66;85;73;78;80
1674.0;304;280;152;149;188;159;62;71;57;62;86;72;77;81
1680.0;306;281;151;145;186;156;64;73;61;66;82;74;76;79
1686.0;305;279;150;148;186;159;66;78;63;66;81;69;73;77
1692.0;306;277;154;147;182;155;66;79;65;69;83;69;77;71
1698.0;310;273;154;144;184;156;72;80;67;64;82;66;77;71
1704.0;312;269;152;144;183;156;71;82;70;66;80;65;77;73
1710.0;315;268;149;150;183;160;67;79;73;65;77;65;73;76
1716.0;314;269;149;149;178;160;70;74;75;67;79;67;71;78
1722.0;315;267;151;151;176;162;71;74;73;67;76;67;73;77
1728.0;313;262;150;153;175;165;68;73;72;70;78;68;76;77
1734.0;316;259;147;153;179;163;73;76;74;69;80;66;71;74
1740.0;313;259;151;158;181;160;71;77;71;64;86;63;68;78
1746.0;313;265;151;158;179;164;73;73;66;63;84;65;66;80
1752.0;315;260;151;162;187;162;77;65;69;62;81;66;67;76
1758.0;314;263;153;162;188;163;76;67;66;63;78;65;68;74
1764.0;317;261;151;162;186;168;78;67;61;68;76;64;65;76
1770.0;316;266;155;162;186;167;83;65;62;64;78;62;62;72
1776.0;317;266;152;165;180;170;86;67;57;62;81;62;63;72
1782.0;315;266;154;168;181;169;87;66;61;61;77;58;65;72
1788.0;314;265;157;162;183;164;88;67;60;59;80;61;70;70
1794.0;315;268;159;160;187;167;88;68;59;59;77;56;67;70
1800.0;318;273;161;158;185;168;84;66;61;60;78;55;67;66
1806.0;318;272;157;159;184;172;81;65;61;62;79;56;65;69
1812.0;316;273;158;156;185;174;79;63;61;64;81;55;64;71
1818.0;314;270;156;158;182;173;80;66;62;63;78;60;62;76
1824.0;315;274;154;156;179;174;77;69;62;61;77;59;65;78
1830.0;314;276;151;158;177;173;78;69;63;58;74;59;66;84
1836.0;317;275;155;157;180;172;76;68;64;55;74;63;61;83
1842.0;320;275;158;160;177;171;73;64;62;56;79;64;58;83
1848.0;322;274;154;159;182;172;76;65;61;54;84;62;57;78
1854.0;323;272;157;160;182;172;72;68;61;56;80;63;60;74
1860.0;321;276;159;160;177;175;77;67;61;54;78;63;59;73
1866.0;316;273;160;163;177;176;80;62;63;55;75;64;60;76
1872.0;319;274;161;164;174;176;78;64;60;56;75;66;57;76
1878.0;315;271;165;166;178;175;79;65;59;61;67;68;57;74
1884.0;320;273;167;161;183;169;79;63;60;62;68;67;54;74
1890.0;321;272;168;163;180;167;80;63;59;65;64;69;57;72
1896.0;327;275;162;167;179;162;84;63;55;65;63;69;57;72
1902.0;330;273;161;166;181;158;78;68;59;65;66;69;55;71
1908.0;326;279;163;167;181;160;76;68;53;66;68;73;50;70
1914.0;325;281;164;164;182;157;73;72;52;74;61;74;54;67
1920.0;327;279;162;161;183;155;72;74;50;75;63;75;58;66
1926.0;323;284;160;161;181;154;70;75;52;76;64;78;57;65
1932.0;320;285;163;158;180;156;70;77;53;72;63;79;56;68
1938.0;323;287;163;156;181;156;68;78;53;74;63;76;56;66
1944.0;324;288;160;156;177;151;70;76;53;74;66;78;59;68
1950.0;328;291;163;152;175;153;76;74;51;74;65;78;54;66
1956.0;329;297;160;153;179;152;73;73;49;72;65;80;54;64
1962.0;334;293;161;155;184;153;73;67;50;68;62;81;56;63
1968.0;333;293;165;158;182;155;72;65;49;72;61;81;52;62
1974.0;335;293;161;161;179;161;67;64;49;75;61;79;53;62
