#auto generated file!
12.0;88;82;117;109;100;110;98;93;97;88;89;119;110;100
18.0;91;89;115;112;102;113;93;98;98;92;87;110;104;96
24.0;95;92;119;112;103;112;93;94;98;91;88;107;101;95
30.0;96;92;122;113;101;116;91;95;92;85;87;112;104;94
36.0;96;96;122;114;107;117;88;98;91;89;82;108;103;89
42.0;100;99;123;113;102;118;86;100;85;89;86;106;105;88
48.0;101;98;122;113;109;118;89;99;77;89;84;106;101;94
54.0;105;95;124;116;112;120;88;95;76;91;82;106;98;92
60.0;107;96;125;120;115;120;78;92;76;93;81;105;99;93
66.0;109;97;127;119;115;122;79;93;74;90;78;105;96;96
72.0;112;99;129;119;118;121;77;90;78;87;76;102;99;93
78.0;113;103;128;123;118;123;71;91;80;84;79;99;98;90
84.0;115;105;128;126;120;126;62;92;80;80;78;101;93;94
90.0;119;106;129;128;119;128;61;88;81;83;73;97;96;92
96.0;120;107;130;128;120;129;61;85;82;79;74;98;94;93
102.0;120;110;133;129;119;130;61;82;81;76;76;98;93;92
108.0;123;112;133;128;117;127;62;83;78;82;76;97;89;93
114.0;125;114;138;132;116;129;62;79;77;81;75;94;82;96
120.0;126;118;139;130;119;130;60;76;77;78;73;99;79;96
126.0;131;119;142;132;117;130;60;74;74;75;73;100;78;95
132.0;130;121;143;132;120;127;60;75;75;76;73;97;75;96
138.0;132;122;143;134;121;125;59;72;77;73;76;99;76;91
144.0;132;118;144;136;122;128;61;71;75;72;77;99;74;91
150.0;132;121;142;138;118;125;61;74;75;71;74;97;78;94
156.0;133;121;145;137;118;127;59;74;76;70;74;96;79;91
162.0;135;124;142;138;117;130;60;73;73;72;77;92;75;92
168.0;140;128;139;137;117;133;61;76;72;74;73;92;69;89
174.0;141;131;139;135;115;133;61;80;71;72;71;93;66;92
180.0;140;132;141;132;116;133;60;79;71;75;67;93;66;95
186.0;141;131;146;130;117;135;62;78;72;71;66;93;66;92
192.0;140;133;145;131;115;132;63;78;69;77;68;92;66;91
198.0;145;136;142;130;113;132;64;78;66;79;66;91;68;90
204.0;147;139;146;129;117;132;62;80;60;83;66;90;67;82
210.0;147;143;147;128;118;136;60;84;61;82;68;86;64;76
216.0;149;144;144;126;121;138;62;87;60;83;65;85;59;77
222.0;151;147;140;124;123;141;65;88;58;80;63;85;57;78
228.0;153;148;140;125;122;141;65;88;59;78;65;82;59;75
234.0;156;150;142;126;125;138;67;88;57;78;62;81;56;74
240.0;156;151;142;126;123;139;70;86;56;77;59;82;59;74
246.0;158;155;144;127;124;140;66;86;57;78;54;80;61;70
252.0;160;156;143;126;125;142;65;83;56;76;56;78;65;69
258.0;163;154;145;128;125;140;67;77;56;73;59;78;66;69
264.0;165;154;145;124;126;139;68;75;58;76;60;77;64;69
270.0;162;155;145;127;130;141;66;74;57;76;60;76;63;68
276.0;161;160;144;129;129;142;62;72;57;76;60;73;68;67
282.0;163;165;143;130;132;145;61;70;59;71;56;73;65;67
288.0;164;168;139;130;134;141;63;67;57;73;58;73;66;67
294.0;161;167;138;134;135;141;62;64;57;74;54;79;70;64
300.0;162;164;135;131;137;142;60;64;56;75;55;78;73;68
306.0;159;166;131;133;138;139;60;64;57;73;54;80;75;71
312.0;161;165;131;132;140;142;56;63;58;73;52;79;80;68
318.0;162;165;131;135;141;141;55;62;59;71;48;76;83;71
324.0;166;166;130;131;141;140;57;62;57;69;48;76;86;71
330.0;167;165;128;132;140;141;57;62;60;71;46;73;88;70
336.0;165;163;127;127;142;142;61;58;60;73;48;77;86;71
342.0;172;164;129;130;142;144;57;52;58;73;47;72;86;74
348.0;173;164;134;126;141;142;54;54;59;76;52;74;80;71
354.0;176;168;133;127;142;140;51;54;60;79;53;76;75;66
360.0;178;171;137;129;145;139;49;53;61;74;52;73;77;62
366.0;178;176;138;129;147;135;50;47;62;75;53;73;76;61
372.0;179;179;141;133;148;134;50;49;60;73;52;71;72;59
378.0;182;179;140;134;151;136;48;50;58;73;52;68;71;58
384.0;184;179;142;132;152;131;49;51;59;70;49;71;73;58
390.0;184;176;138;129;153;130;53;56;62;70;49;70;72;58
396.0;189;176;138;129;153;128;51;54;62;71;50;72;69;58
402.0;191;176;138;133;149;131;48;55;62;71;50;71;68;57
408.0;193;178;139;131;152;130;52;54;60;71;51;68;63;58
414.0;193;181;140;132;152;128;50;52;60;67;53;69;64;59
420.0;190;179;143;135;154;128;48;53;59;65;51;68;67;60
426.0;195;176;141;134;153;127;50;57;58;66;53;68;62;60
432.0;196;175;141;131;152;135;49;56;56;68;52;72;61;56
438.0;196;175;140;134;152;136;50;57;56;62;50;74;60;58
444.0;199;176;138;135;155;134;52;55;53;64;53;70;57;59
450.0;200;178;138;133;155;134;54;52;51;59;55;71;61;59
456.0;199;177;140;134;155;133;54;54;55;56;58;70;57;58
462.0;199;181;140;135;154;132;55;53;54;56;59;69;54;59
468.0;194;181;138;138;155;134;59;53;55;53;56;71;55;58
474.0;191;183;139;140;151;135;58;51;57;53;58;73;54;57
480.0;192;185;138;140;151;137;59;50;56;53;56;74;52;57
486.0;192;187;139;137;154;144;55;52;58;45;60;72;48;57
492.0;195;190;137;138;154;145;57;44;58;47;57;70;53;55
498.0;195;190;136;133;155;148;57;42;58;51;57;67;56;55
504.0;194;191;132;135;154;149;56;43;56;53;56;66;56;59
510.0;198;187;130;138;156;149;54;45;56;54;55;65;56;57
516.0;195;189;132;137;156;150;55;47;56;51;56;59;58;59
522.0;191;191;131;136;154;151;58;50;51;49;55;58;62;63
528.0;196;195;133;131;153;148;57;49;55;53;52;57;61;60
534.0;196;195;134;130;153;146;58;48;57;55;48;56;63;61
540.0;197;194;135;129;153;146;55;49;56;56;48;58;58;66
546.0;198;194;140;125;154;145;54;47;55;56;50;55;60;67
552.0;197;197;141;128;152;143;55;46;57;53;52;56;57;66
558.0;199;198;138;129;150;143;59;49;57;51;53;56;53;65
564.0;202;193;139;128;148;144;57;49;59;51;56;59;53;62
570.0;201;191;138;129;146;148;57;49;59;47;58;60;57;60
576.0;201;193;139;130;146;148;55;47;60;51;57;59;56;58
582.0;203;194;138;129;146;147;54;48;61;52;56;59;55;58
588.0;202;193;140;131;144;145;55;48;60;51;59;60;55;57
594.0;200;195;142;126;145;145;51;51;64;48;62;59;54;58
600.0;202;196;138;128;146;144;50;50;68;48;60;59;53;58
606.0;205;199;136;130;150;141;50;47;68;51;56;60;48;59
612.0;206;199;136;132;149;141;49;49;67;52;54;61;46;59
618.0;205;200;138;130;151;138;51;47;66;56;57;61;44;56
624.0;202;201;140;125;152;137;53;47;61;60;56;63;45;58
630.0;202;201;141;126;149;136;58;47;60;59;56;63;44;58
636.0;205;204;143;123;150;135;59;45;58;61;55;64;43;55
642.0;208;206;140;122;150;137;59;43;60;60;55;64;42;54
648.0;206;206;142;120;150;134;57;42;60;62;59;63;44;55
654.0;207;203;140;118;152;136;61;45;62;62;59;59;42;54
660.0;203;205;139;116;151;135;63;47;60;64;61;59;43;54
666.0;203;207;136;115;155;135;58;49;61;66;62;58;43;52
672.0;201;209;135;116;154;137;56;50;63;64;63;60;41;51
678.0;199;207;133;120;155;133;56;53;63;62;60;59;45;55
684.0;199;204;135;118;158;131;59;52;61;60;61;58;47;57
690.0;195;203;132;121;158;132;62;55;58;57;61;57;48;61
696.0;195;204;133;120;157;131;66;54;57;58;59;56;50;60
702.0;191;203;127;120;161;131;67;57;57;62;61;54;50;59
708.0;193;202;126;122;163;130;70;57;58;59;60;55;49;56
714.0;195;203;126;124;161;131;70;55;57;61;61;53;48;55
720.0;195;201;126;124;161;132;69;57;59;61;62;52;44;57
726.0;196;201;126;125;162;128;69;55;61;59;65;51;43;59
732.0;198;204;126;124;164;127;64;56;63;57;67;53;41;56
738.0;199;203;125;126;165;127;64;59;59;52;67;53;42;59
744.0;202;200;129;127;160;125;65;58;60;52;68;52;42;60
750.0;201;203;133;126;159;124;64;58;60;54;67;50;41;60
756.0;201;203;136;128;159;123;64;57;58;58;64;49;40;60
762.0;201;204;131;125;162;124;66;55;53;59;63;50;44;63
768.0;204;201;131;127;160;126;63;55;50;59;63;52;45;64
774.0;203;196;132;127;162;127;64;58;50;60;62;51;46;62
780.0;201;197;127;130;160;127;68;58;51;57;62;54;46;62
786.0;201;199;126;130;164;122;67;58;50;60;61;54;48;60
792.0;200;198;130;129;162;123;64;58;54;59;61;53;46;63
798.0;204;200;128;128;161;122;67;55;57;56;62;51;48;61
804.0;204;204;126;131;157;126;66;56;55;55;60;51;49;60
810.0;204;204;122;134;156;127;66;55;53;57;61;55;47;59
816.0;205;203;119;134;157;132;63;52;57;60;62;52;47;57
822.0;206;202;118;132;155;130;64;53;61;56;57;57;49;60
828.0;203;200;119;134;155;131;65;50;61;56;55;57;50;64
834.0;198;202;120;135;154;133;63;54;60;57;58;57;48;61
840.0;199;202;120;139;158;136;63;52;59;56;57;55;50;54
846.0;194;200;118;137;155;141;63;54;59;54;57;61;51;56
852.0;196;200;114;141;154;136;67;53;59;54;57;63;50;56
858.0;194;202;112;143;154;135;64;52;60;53;62;61;52;56
864.0;200;198;115;143;152;136;67;51;59;54;63;59;52;51
870.0;203;198;116;144;151;138;65;54;57;50;62;56;55;51
876.0;205;197;113;145;148;137;62;52;62;55;62;54;54;54
882.0;203;197;116;147;145;136;62;52;63;56;58;54;55;56
888.0;204;198;117;146;143;136;65;53;63;53;59;53;53;57
894.0;203;201;117;148;144;131;67;50;64;52;57;53;56;57
900.0;206;199;117;147;146;130;67;51;63;52;55;50;62;55
906.0;201;199;118;148;151;126;69;52;60;52;56;51;65;52
912.0;198;202;120;147;152;123;68;58;61;49;57;52;63;50
918.0;196;206;117;150;151;125;66;59;60;51;55;52;61;51
924.0;197;210;115;151;147;127;65;57;63;54;53;54;59;48
930.0;196;212;111;150;148;123;68;58;66;59;52;50;59;48
936.0;197;212;115;152;145;121;67;51;69;61;56;49;59;46
942.0;197;211;115;151;144;120;71;51;71;62;58;46;58;45
948.0;201;209;112;152;144;123;66;53;69;63;56;48;57;47
954.0;205;209;113;147;150;122;65;55;67;60;56;51;55;45
960.0;206;207;111;146;149;124;62;55;69;62;55;50;61;43
966.0;206;206;111;144;150;126;62;58;69;63;55;50;58;42
972.0;206;205;110;145;150;125;62;59;70;63;53;53;55;44
978.0;204;203;113;147;149;123;58;58;69;67;57;53;55;44
984.0;203;206;112;148;149;119;58;58;71;70;58;50;54;44
990.0;206;210;116;147;147;118;51;63;67;70;57;53;49;46
996.0;207;211;119;148;144;118;51;60;64;67;57;54;49;51
1002.0;207;212;119;146;141;120;51;62;62;66;58;51;47;58
1008.0;206;215;121;145;142;122;46;63;58;63;61;51;49;58
1014.0;209;218;120;144;142;126;46;59;56;62;59;49;49;61
1020.0;210;219;119;147;143;126;46;61;53;61;56;52;53;54
1026.0;209;225;121;146;145;126;45;63;51;59;53;53;53;51
1032.0;209;227;121;141;144;128;46;61;49;61;54;53;56;50
1038.0;208;226;121;142;145;130;46;60;48;63;53;52;57;49
1044.0;209;229;118;143;146;132;44;61;42;61;55;56;56;48
1050.0;210;224;119;146;144;130;46;59;42;61;58;55;56;50
1056.0;213;227;119;143;138;128;48;58;47;61;58;50;60;50
1062.0;216;227;120;143;138;130;47;58;47;60;55;49;62;48
1068.0;216;227;121;141;137;131;47;59;50;55;57;49;60;50
1074.0;212;230;120;135;137;130;49;59;52;56;57;50;60;53
1080.0;209;229;121;135;138;132;52;57;55;57;57;48;58;52
1086.0;209;232;121;134;140;131;51;55;54;58;57;48;55;55
1092.0;209;231;123;135;141;130;52;54;52;54;61;46;56;56
1098.0;206;230;124;138;138;129;53;55;47;52;56;51;59;62
1104.0;209;230;120;138;133;130;57;56;48;49;56;54;59;61
1110.0;211;229;125;137;131;132;58;54;49;49;49;54;62;60
1116.0;210;232;126;141;131;133;57;55;44;50;47;52;60;62
1122.0;210;231;127;144;134;133;54;53;44;50;48;51;58;63
1128.0;211;234;126;146;138;131;53;51;47;51;49;49;52;62
1134.0;209;233;128;149;132;130;54;53;47;54;48;48;56;59
1140.0;210;235;127;148;136;128;50;55;47;55;45;46;56;62
1146.0;211;234;125;147;136;127;49;53;47;58;47;45;55;66
1152.0;212;233;129;148;135;123;49;53;46;58;52;47;52;63
1158.0;214;231;127;150;133;122;49;51;47;58;53;47;57;61
1164.0;214;230;124;151;133;120;48;54;43;58;53;50;61;61
1170.0;215;227;120;152;133;120;48;57;45;58;54;50;61;60
1176.0;214;229;120;148;132;119;48;56;43;59;53;54;63;62
1182.0;212;230;123;146;136;120;47;56;40;58;53;57;62;60
1188.0;216;229;122;148;137;122;48;53;37;57;51;61;58;61
1194.0;214;229;122;151;138;124;50;50;38;56;55;58;55;60
1200.0;213;225;121;151;138;122;55;47;39;54;59;60;55;61
1206.0;214;226;119;148;138;122;55;47;40;53;57;66;56;59
1212.0;216;230;121;148;139;118;54;48;41;52;57;66;54;56
1218.0;219;228;123;145;141;120;54;49;39;53;56;63;54;56
1224.0;218;233;122;147;141;119;52;51;37;54;51;65;52;58
1230.0;218;232;123;149;144;117;51;51;39;50;52;63;52;59
1236.0;219;235;124;145;149;119;51;51;38;53;48;63;52;53
1242.0;218;235;123;146;148;116;53;52;37;53;53;61;53;52
1248.0;219;234;120;148;152;115;55;51;39;52;52;63;47;53
1254.0;219;237;122;146;153;115;54;55;39;51;53;64;42;50
1260.0;218;241;120;148;153;115;53;54;40;48;53;66;42;49
1266.0;217;239;117;146;154;121;53;54;37;47;51;64;46;54
1272.0;217;236;121;149;153;117;51;53;38;50;50;64;48;53
1278.0;221;236;121;145;154;115;48;52;40;50;53;64;49;52
1284.0;223;232;123;142;154;116;49;54;39;51;55;62;48;52
1290.0;224;232;124;140;153;117;47;56;39;51;57;63;48;49
1296.0;224;230;126;140;152;117;48;55;37;55;58;58;50;50
1302.0;224;227;124;140;152;117;51;56;38;51;58;58;49;55
1308.0;223;226;126;139;151;115;51;57;39;50;55;59;54;55
1314.0;219;224;127;139;151;115;51;56;38;46;61;60;56;57
1320.0;215;224;131;142;151;117;49;54;39;48;59;61;55;55
1326.0;218;221;127;146;151;120;49;52;41;53;56;56;55;55
1332.0;213;225;130;144;149;122;50;54;41;53;56;57;55;51
1338.0;216;225;126;144;148;121;54;59;42;56;53;51;53;52
1344.0;217;225;125;145;147;124;57;57;38;58;50;53;52;52
1350.0;218;225;126;145;146;123;62;53;39;60;50;54;49;50
1356.0;217;231;128;143;143;126;61;53;40;60;48;51;50;49
1362.0;220;228;126;146;143;124;56;52;38;63;47;52;54;51
1368.0;225;228;127;146;141;123;60;49;39;64;48;49;51;50
1374.0;226;227;127;147;140;123;62;51;37;66;49;53;46;46
1380.0;221;224;126;148;141;123;61;52;40;64;50;53;46;51
1386.0;219;222;125;146;144;123;62;52;40;64;50;57;44;52
1392.0;219;220;131;145;143;124;60;53;40;66;49;52;45;53
1398.0;219;224;131;145;146;122;60;52;38;64;49;54;46;50
1404.0;221;221;128;144;148;123;66;51;40;60;48;56;45;49
1410.0;219;223;127;144;148;122;64;52;38;62;51;56;46;48
1416.0;216;225;129;143;149;119;68;56;37;59;54;53;45;47
1422.0;218;221;132;146;146;120;68;54;38;61;55;53;40;48
1428.0;225;221;129;141;149;116;67;55;39;59;53;57;39;50
1434.0;227;222;132;138;150;117;65;55;41;55;55;55;37;51
1440.0;226;221;137;139;157;118;65;56;40;48;53;53;37;50
1446.0;227;222;137;140;158;121;62;51;43;53;51;48;36;51
1452.0;222;224;136;137;162;122;60;51;43;56;48;52;35;52
1458.0;224;226;136;138;160;125;59;51;44;52;48;50;38;49
1464.0;221;226;140;136;160;125;58;48;44;51;51;51;40;49
1470.0;224;231;135;135;159;125;56;48;44;54;50;51;40;48
1476.0;224;230;134;137;156;124;58;49;42;56;53;51;37;49
1482.0;224;230;131;135;159;124;58;52;39;55;52;53;37;51
1488.0;222;233;130;138;153;127;59;51;38;55;53;54;37;50
1494.0;225;233;129;137;158;126;56;51;39;53;52;55;38;48
1500.0;226;233;126;136;158;125;56;54;43;50;52;52;43;46
1506.0;227;234;129;136;158;123;55;50;43;52;51;50;47;45
1512.0;228;237;128;134;154;120;56;51;43;53;53;50;48;45
1518.0;228;240;130;134;157;117;61;50;41;55;53;47;42;45
1524.0;229;242;132;131;158;115;59;51;40;58;51;46;41;47
1530.0;224;243;126;132;160;120;57;52;44;57;50;40;46;49
1536.0;223;243;127;129;158;122;58;53;46;57;49;42;45;48
1542.0;222;245;129;125;162;120;54;57;43;54;52;42;46;49
1548.0;220;245;132;125;160;122;56;60;45;49;50;41;47;48
1554.0;218;244;132;125;159;122;54;60;43;48;52;43;48;52
1560.0;215;244;132;128;152;123;58;59;44;46;49;46;51;53
1566.0;214;245;134;127;151;125;56;63;43;47;49;45;53;48
1572.0;212;247;133;134;150;128;54;64;42;44;46;45;51;50
1578.0;213;247;135;137;146;125;55;64;39;45;48;44;51;51
1584.0;218;244;135;138;145;125;56;63;41;47;45;43;49;51
1590.0;218;243;135;135;146;126;54;62;48;47;47;43;45;51
1596.0;215;243;132;136;145;127;55;61;48;46;42;45;47;58
1602.0;212;245;131;136;143;128;55;59;51;43;42;49;45;61
1608.0;213;244;129;133;142;130;55;57;50;43;42;53;46;63
1614.0;215;243;129;133;142;128;59;59;49;45;42;53;42;61
1620.0;216;244;126;133;143;125;60;61;49;47;46;52;41;57
1626.0;212;244;127;137;146;126;61;57;52;45;45;50;43;55
1632.0;213;244;126;135;144;126;63;60;52;41;50;52;41;53
1638.0;213;244;124;136;147;127;63;59;52;41;49;49;44;52
1644.0;210;244;121;137;147;127;60;57;53;41;51;51;45;56
1650.0;216;243;121;137;145;127;55;55;53;45;48;48;50;57
1656.0;214;242;119;138;143;129;53;57;53;46;49;53;49;55
1662.0;215;242;123;135;143;125;54;62;53;42;49;53;51;53
1668.0;216;241;125;137;142;124;52;65;51;41;48;54;51;53
1674.0;220;241;124;134;142;122;50;67;51;38;49;57;50;55
1680.0;220;241;122;135;142;117;52;67;53;38;51;60;49;53
1686.0;223;236;123;135;136;116;56;64;52;42;51;62;50;54
1692.0;224;235;120;135;141;119;57;64;52;45;49;57;49;53
1698.0;227;231;120;136;142;120;56;65;52;43;46;57;48;57
1704.0;228;235;120;136;144;124;52;67;52;43;44;55;51;49
1710.0;226;235;123;133;143;124;53;66;56;42;44;55;49;51
1716.0;224;232;123;130;140;130;59;66;59;42;44;54;45;52
1722.0;225;233;117;130;139;129;61;65;60;40;47;55;47;52
1728.0;223;235;118;130;140;129;61;65;62;37;48;54;46;52
1734.0;224;236;117;133;135;129;65;64;61;36;49;51;49;51
1740.0;228;237;113;132;136;131;63;66;59;33;47;49;52;54
1746.0;228;239;114;133;135;132;66;65;56;32;49;48;50;53
1752.0;226;241;112;135;137;132;62;67;57;31;50;49;50;51
1758.0;225;242;114;134;135;131;59;70;56;33;50;48;51;52
1764.0;222;246;114;134;132;130;59;69;57;34;52;48;51;52
1770.0;218;247;119;133;134;129;59;68;57;34;49;49;51;53
1776.0;216;246;119;129;138;128;60;70;56;40;49;48;49;52
1782.0;212;243;120;129;136;127;59;67;59;41;54;48;49;56
1788.0;213;245;120;126;137;127;58;68;54;43;53;52;48;56
1794.0;215;246;119;128;137;130;57;69;53;42;54;48;47;55
1800.0;213;246;120;130;135;128;56;68;56;41;55;46;52;54
1806.0;213;249;120;128;134;129;56;70;55;40;54;50;50;52
1812.0;213;252;119;124;133;128;53;66;54;43;54;54;53;54
1818.0;212;252;118;122;134;124;57;64;56;41;53;56;57;54
1824.0;212;244;118;120;137;121;58;67;57;48;51;57;58;52
1830.0;212;240;120;119;138;123;61;66;58;44;51;63;52;53
1836.0;213;241;125;116;137;120;57;67;58;44;53;64;50;55
1842.0;212;239;129;121;139;119;57;63;57;46;54;66;48;50
1848.0;212;241;128;123;136;119;61;63;59;45;52;69;46;46
1854.0;212;237;129;122;134;119;61;64;61;45;54;67;47;48
1860.0;212;237;131;121;133;116;66;66;59;47;51;68;44;49
1866.0;216;238;130;123;134;118;64;67;58;46;52;65;41;48
1872.0;212;240;131;122;134;119;62;68;56;49;54;63;43;47
1878.0;214;240;129;123;136;119;60;64;52;48;57;66;45;47
1884.0;215;239;133;123;137;114;61;61;50;50;55;65;48;49
1890.0;214;242;131;124;141;116;61;58;48;46;54;65;49;51
1896.0;215;238;129;125;139;117;69;54;48;46;52;65;51;52
1902.0;214;238;128;129;140;116;65;56;48;48;52;65;47;54
1908.0;212;239;128;130;140;118;66;52;43;52;53;66;50;51
1914.0;214;233;130;132;140;119;67;52;44;53;54;61;48;53
1920.0;210;235;132;133;139;119;65;52;51;53;52;58;46;55
1926.0;209;239;129;130;137;120;63;52;54;53;53;56;47;58
1932.0;209;237;127;134;136;119;62;51;56;53;54;57;47;58
1938.0;209;235;129;132;137;119;62;55;58;51;55;57;46;55
1944.0;204;236;129;135;137;114;65;57;59;55;56;55;44;54
1950.0;204;236;127;137;137;119;62;60;58;53;55;53;48;51
1956.0;204;233;125;140;138;118;61;60;61;55;55;54;44;52
1962.0;204;231;125;142;137;118;58;59;58;58;53;57;45;55
1968.0;200;232;125;139;131;116;60;55;60;57;55;61;53;56
1974.0;200;231;129;140;128;116;62;54;59;56;58;58;54;55
