#auto generated file!
12.0;112;104;116;109;113;113;126;105;126;113;110;118;130;105
18.0;118;106;120;111;115;115;120;102;124;111;106;119;125;108
24.0;121;111;119;115;117;117;116;100;121;108;103;118;123;111
30.0;125;113;122;120;123;117;115;99;112;110;104;114;121;105
36.0;127;117;123;125;124;116;115;97;110;111;100;110;125;100
42.0;128;120;125;126;129;121;107;96;107;111;94;109;127;100
48.0;136;131;126;123;131;122;98;91;104;110;98;106;124;100
54.0;139;132;128;122;131;124;95;87;105;112;97;103;122;103
60.0;142;133;132;122;130;124;89;90;103;109;97;105;119;105
66.0;142;136;132;124;131;125;87;91;104;107;98;102;120;101
72.0;146;135;136;121;130;123;88;92;104;98;103;105;118;101
78.0;148;140;134;124;133;125;85;95;99;98;101;99;118;101
84.0;148;143;136;122;134;126;82;91;101;102;103;98;116;98
90.0;150;148;136;126;136;123;80;90;102;99;99;104;112;95
96.0;154;149;140;127;139;124;82;83;97;97;99;107;111;91
102.0;156;151;131;128;139;133;85;85;102;94;95;104;111;86
108.0;163;154;132;125;141;129;89;85;104;95;90;97;109;87
114.0;165;157;130;126;141;129;88;84;103;92;85;97;113;90
120.0;165;159;131;123;145;132;88;83;97;94;84;100;109;90
126.0;165;164;134;126;142;127;87;83;100;92;82;101;107;90
132.0;165;165;132;127;146;130;90;79;95;93;88;103;103;84
138.0;166;167;134;130;156;132;86;77;95;94;85;100;96;82
144.0;167;172;137;132;154;131;84;76;90;94;86;103;93;81
150.0;170;174;136;132;156;130;87;71;90;95;88;98;91;82
156.0;175;176;134;134;157;133;85;74;87;89;92;95;86;83
162.0;175;180;135;134;157;132;88;78;88;87;90;88;88;80
168.0;175;181;135;135;161;136;89;80;85;83;88;83;88;81
174.0;177;185;137;137;164;133;87;81;83;82;85;81;85;83
180.0;180;186;136;137;163;134;85;82;82;81;86;83;87;78
186.0;179;190;137;137;164;131;86;81;85;79;87;79;85;80
192.0;180;190;143;141;165;132;83;80;83;75;85;78;85;80
198.0;181;192;141;145;169;128;80;79;81;78;85;79;83;79
204.0;181;195;136;145;171;127;81;81;85;76;82;78;83;79
210.0;180;198;133;145;171;134;84;81;85;76;76;73;86;78
216.0;185;201;128;144;174;134;84;79;86;76;71;75;88;75
222.0;185;200;128;145;173;142;80;77;87;77;66;75;86;79
228.0;187;199;127;146;175;146;76;76;82;80;64;77;83;82
234.0;188;202;127;150;171;146;76;75;80;84;66;76;80;79
240.0;188;202;129;149;172;144;83;75;79;84;64;77;80;74
246.0;186;202;131;146;172;146;84;73;82;81;68;77;81;71
252.0;190;203;133;147;169;146;84;70;84;81;66;78;81;68
258.0;191;206;135;146;163;149;79;69;85;84;63;77;83;70
264.0;191;211;136;147;164;154;77;70;78;87;65;74;78;68
270.0;188;212;134;148;162;159;74;73;79;83;67;75;75;71
276.0;188;216;133;145;165;156;79;74;79;81;71;70;75;68
282.0;189;218;134;144;164;160;80;74;79;80;67;68;74;69
288.0;189;217;137;143;168;157;80;77;79;78;69;69;67;70
294.0;188;219;136;143;176;159;77;75;76;76;73;68;68;66
300.0;190;221;137;141;174;161;73;74;77;79;71;67;68;67
306.0;195;219;137;134;175;166;78;77;78;78;65;66;67;65
312.0;199;214;136;136;178;166;78;75;75;79;63;68;68;65
318.0;197;214;143;136;174;165;76;76;78;81;62;69;68;61
324.0;197;211;142;139;178;164;80;75;76;77;66;71;66;58
330.0;197;211;136;139;179;166;81;73;74;77;65;74;66;62
336.0;193;217;135;135;179;167;77;73;74;74;67;77;67;65
342.0;192;220;134;137;176;167;79;74;73;77;65;74;67;65
348.0;193;218;137;139;177;165;80;75;73;78;63;72;67;63
354.0;197;214;137;138;180;168;81;73;69;77;61;76;67;62
360.0;200;213;138;136;181;171;81;75;68;76;61;74;64;62
366.0;196;214;141;136;183;173;77;75;67;74;62;75;67;60
372.0;198;213;140;133;185;172;79;75;65;80;57;78;65;60
378.0;199;216;137;138;185;173;79;76;64;80;54;73;63;63
384.0;196;217;139;133;179;171;84;75;66;77;55;78;66;64
390.0;196;215;138;138;185;165;84;73;67;74;51;80;71;63
396.0;196;219;132;136;181;163;82;75;69;77;52;79;71;68
402.0;194;220;131;136;176;169;85;73;66;77;60;73;69;71
408.0;195;221;131;137;177;170;84;71;66;78;59;74;71;66
414.0;195;223;132;137;178;168;83;71;68;75;59;73;73;65
420.0;198;226;133;136;179;172;80;70;68;73;60;71;70;64
426.0;198;226;134;138;179;171;77;69;70;72;59;72;71;64
432.0;200;229;134;140;172;169;78;73;71;71;57;74;70;62
438.0;198;232;135;142;172;172;79;67;68;67;64;73;69;62
444.0;199;233;136;140;170;172;80;64;73;68;61;70;68;66
450.0;201;229;137;141;168;177;81;62;72;65;55;68;73;71
456.0;200;227;137;140;166;182;79;65;70;65;56;69;74;70
462.0;199;226;142;141;167;181;80;65;68;66;53;68;70;74
468.0;203;222;144;141;169;179;74;65;69;66;55;69;73;71
474.0;206;221;145;141;171;173;69;66;74;70;53;68;70;73
480.0;206;226;151;139;171;172;65;64;70;68;54;66;72;76
486.0;207;225;149;142;171;178;62;66;69;66;53;65;72;75
492.0;214;227;148;140;172;176;60;63;71;64;52;65;74;74
498.0;214;228;148;141;174;179;58;65;67;64;52;67;72;71
504.0;215;229;147;142;171;178;61;65;71;63;55;67;70;66
510.0;219;230;148;146;171;179;61;62;68;64;53;63;72;64
516.0;221;232;151;144;164;183;62;62;71;60;54;63;71;62
522.0;220;235;151;142;164;179;59;62;71;63;55;59;74;66
528.0;221;236;150;142;164;186;61;65;66;61;53;59;70;66
534.0;219;233;156;146;165;178;62;68;66;57;54;60;68;68
540.0;224;234;159;145;164;180;60;65;67;55;54;62;67;64
546.0;226;237;157;145;160;179;60;68;69;54;54;59;68;64
552.0;226;236;158;144;164;180;54;71;69;58;50;60;66;64
558.0;229;235;158;143;161;174;56;69;66;57;51;63;71;67
564.0;227;235;158;145;157;176;55;70;66;58;50;61;75;67
570.0;232;233;159;143;160;174;54;69;70;60;51;58;72;65
576.0;232;232;163;145;159;171;53;66;67;63;53;59;71;66
582.0;234;235;162;148;155;167;52;61;71;61;53;63;71;67
588.0;235;234;164;148;153;172;51;59;73;57;54;64;67;69
594.0;238;237;166;146;151;170;52;56;74;55;55;67;63;70
600.0;239;231;166;151;151;168;56;59;71;59;57;65;59;68
606.0;240;229;161;149;153;169;56;62;70;60;60;65;59;67
612.0;242;233;160;149;155;168;57;61;67;59;64;64;58;63
618.0;238;232;163;150;154;169;61;62;67;60;65;65;55;59
624.0;240;236;161;148;152;171;60;63;63;59;67;66;56;58
630.0;242;235;161;146;150;173;60;62;63;62;68;62;55;61
636.0;241;238;156;148;147;171;64;63;62;59;66;63;62;60
642.0;238;238;152;149;149;169;66;62;63;60;64;64;66;60
648.0;237;237;152;147;148;169;67;59;68;60;65;67;65;59
654.0;238;235;148;149;147;168;67;62;69;61;65;64;68;59
660.0;239;232;150;149;148;167;63;61;70;64;64;65;69;59
666.0;237;237;148;147;149;171;62;58;69;62;63;66;68;63
672.0;238;241;148;148;146;173;60;57;71;60;64;65;68;61
678.0;234;241;149;152;146;173;54;54;73;63;66;63;70;62
684.0;237;241;145;149;150;179;56;52;74;64;64;64;65;60
690.0;240;238;145;145;150;175;56;55;76;63;64;65;66;62
696.0;241;241;144;142;143;178;54;59;73;66;65;64;68;62
702.0;239;242;146;143;143;176;54;57;77;64;65;67;67;60
708.0;238;244;144;141;143;175;54;63;77;62;68;69;66;56
714.0;238;246;144;142;139;175;53;61;76;62;68;71;67;58
720.0;239;245;145;143;139;174;55;63;77;61;72;70;61;56
726.0;240;247;142;147;141;174;53;64;78;61;70;66;61;56
732.0;239;245;141;142;142;175;57;64;79;64;68;69;58;57
738.0;244;241;139;143;143;177;58;63;78;68;66;69;53;58
744.0;248;239;139;147;141;172;59;63;78;71;66;63;52;62
750.0;251;240;140;146;143;174;57;62;78;69;64;62;51;63
756.0;254;238;145;143;146;177;55;60;74;69;61;61;51;66
762.0;255;240;146;142;147;175;56;63;71;65;63;62;51;64
768.0;253;241;149;142;151;177;56;64;72;64;57;62;52;60
774.0;256;238;145;141;155;178;58;64;69;63;60;61;52;60
780.0;254;239;147;138;152;181;54;67;68;66;62;60;50;62
786.0;251;239;150;138;150;181;52;69;69;66;64;62;49;60
792.0;249;238;151;137;147;180;57;71;71;68;61;62;48;60
798.0;249;239;153;136;151;180;61;70;64;69;59;64;47;58
804.0;247;240;152;134;148;180;60;63;64;70;57;72;49;64
810.0;246;238;156;132;147;181;57;65;65;72;58;71;49;63
816.0;250;236;160;134;148;178;58;63;66;68;54;74;49;62
822.0;250;238;164;134;147;177;59;62;64;70;50;72;49;64
828.0;248;241;163;139;149;173;57;61;66;68;48;74;48;65
834.0;247;239;161;138;149;172;58;62;67;73;47;74;48;65
840.0;244;239;158;139;151;178;56;62;67;72;47;77;47;63
846.0;244;240;157;142;149;176;55;61;69;74;50;73;49;61
852.0;246;242;157;144;149;176;54;53;72;77;48;73;50;59
858.0;247;244;159;142;150;171;51;57;73;75;50;72;48;61
864.0;250;245;161;141;152;167;49;58;68;77;55;69;48;60
870.0;251;246;160;139;155;165;51;59;67;77;53;70;49;58
876.0;250;243;161;139;156;169;52;60;67;74;52;69;50;58
882.0;251;244;157;143;155;171;49;60;67;72;52;67;51;61
888.0;255;241;153;142;155;171;53;62;68;74;48;68;50;60
894.0;258;249;151;147;152;167;54;59;63;69;52;69;50;60
900.0;257;251;156;148;151;163;55;56;64;67;55;69;49;59
906.0;250;247;151;146;154;160;60;62;65;68;56;73;52;56
912.0;249;244;153;145;154;163;60;62;65;69;55;73;51;57
918.0;247;244;151;143;159;160;65;62;62;71;54;73;51;58
924.0;250;243;148;144;164;155;66;63;63;67;55;72;51;59
930.0;251;240;147;145;160;155;64;62;62;70;54;74;55;61
936.0;250;238;145;146;160;152;66;64;60;70;57;71;58;63
942.0;249;239;146;147;160;152;63;66;59;68;61;73;57;60
948.0;250;238;147;149;157;151;62;66;61;69;60;69;59;62
954.0;249;238;149;150;150;153;65;67;64;66;62;65;58;64
960.0;249;236;147;146;153;154;63;67;65;66;65;67;58;64
966.0;253;237;142;147;157;154;63;64;63;71;68;65;52;64
972.0;254;236;142;146;156;150;57;66;65;70;69;64;55;70
978.0;252;237;151;145;152;147;57;63;66;71;68;67;56;68
984.0;248;238;153;148;151;144;59;66;65;73;62;67;57;69
990.0;250;241;155;146;150;144;60;65;69;72;60;65;57;66
996.0;247;242;155;146;148;145;59;67;72;75;58;67;54;65
1002.0;246;242;152;148;147;147;60;70;72;74;58;65;56;63
1008.0;249;240;154;148;146;146;63;69;72;75;56;62;54;66
1014.0;251;240;151;150;144;148;62;64;75;77;54;61;56;67
1020.0;255;239;150;153;144;145;64;67;72;76;53;61;54;67
1026.0;255;242;154;153;145;146;63;62;68;75;52;62;55;68
1032.0;256;246;157;149;142;144;68;62;71;74;47;62;55;67
1038.0;259;248;159;150;140;148;65;58;64;75;54;62;53;65
1044.0;259;248;159;151;141;149;65;53;63;73;54;64;55;66
1050.0;262;246;160;151;147;149;62;51;61;76;54;63;54;64
1056.0;260;244;157;149;148;152;62;53;67;74;49;63;57;65
1062.0;259;242;157;153;150;151;64;53;64;74;54;64;53;62
1068.0;254;243;154;156;151;151;62;52;66;74;54;66;52;65
1074.0;254;242;153;156;151;151;60;49;63;80;54;67;55;65
1080.0;251;245;154;154;153;150;63;50;60;77;57;67;54;65
1086.0;253;246;156;154;157;151;65;49;60;69;58;64;52;66
1092.0;251;247;154;154;154;151;60;51;62;68;60;66;56;66
1098.0;251;249;158;149;154;148;54;53;64;67;61;67;57;68
1104.0;250;248;154;151;155;145;54;52;68;65;63;65;59;71
1110.0;251;250;158;153;152;142;58;54;64;66;60;67;54;71
1116.0;256;249;157;150;151;143;58;50;62;71;62;68;52;71
1122.0;256;248;153;150;155;143;58;54;61;70;58;73;50;71
1128.0;256;244;153;150;153;147;60;56;62;68;56;73;51;71
1134.0;253;247;153;146;151;150;57;57;64;63;59;73;52;75
1140.0;252;247;152;151;152;153;56;56;65;65;57;72;52;70
1146.0;252;245;152;155;153;156;56;56;61;66;58;72;48;70
1152.0;255;242;150;160;152;158;56;54;65;63;60;71;46;68
1158.0;256;246;152;161;152;153;60;55;63;60;56;72;43;71
1164.0;254;246;151;163;149;153;58;55;59;67;56;72;47;70
1170.0;255;244;152;159;152;162;59;52;56;68;53;71;48;69
1176.0;255;245;149;160;152;160;61;53;55;67;51;70;53;69
1182.0;251;246;151;162;153;160;61;57;53;66;51;69;52;68
1188.0;250;248;151;167;149;160;60;54;54;66;53;67;54;67
1194.0;251;244;152;171;148;161;66;57;51;62;53;67;50;67
1200.0;252;243;156;175;149;162;67;57;47;62;49;62;48;71
1206.0;247;245;156;171;153;163;70;58;46;60;51;62;49;69
1212.0;252;242;156;175;153;158;68;57;46;61;50;63;51;68
1218.0;255;242;155;170;156;160;70;58;42;58;53;61;54;66
1224.0;257;243;154;171;157;156;70;58;41;61;55;61;51;65
1230.0;255;245;152;170;162;150;67;56;41;64;57;61;55;65
1236.0;255;243;152;171;163;154;67;55;41;63;54;59;54;69
1242.0;256;242;150;171;164;149;69;55;44;65;54;58;54;69
1248.0;261;241;149;168;165;151;66;54;45;65;53;59;54;69
1254.0;262;243;150;165;165;151;74;52;44;64;52;59;52;67
1260.0;261;245;150;169;164;154;74;49;46;64;55;54;51;64
1266.0;263;250;147;170;162;153;75;47;43;62;56;52;53;67
1272.0;265;246;147;171;160;159;71;51;43;60;57;53;56;61
1278.0;264;248;145;168;158;156;69;49;46;65;59;55;56;62
1284.0;262;248;148;165;157;157;69;47;44;65;62;55;57;64
1290.0;261;246;154;165;159;158;68;50;43;63;59;54;56;64
1296.0;259;247;152;164;159;159;64;49;46;65;57;51;62;66
1302.0;257;248;148;164;160;157;65;50;50;65;58;54;61;63
1308.0;255;252;149;162;161;156;63;49;51;66;55;59;60;62
1314.0;251;254;146;162;159;157;60;48;51;68;56;59;63;66
1320.0;248;253;148;163;159;162;59;50;52;68;56;58;64;60
1326.0;251;256;149;168;157;164;59;48;50;63;53;61;63;58
1332.0;251;259;142;164;161;165;61;50;46;65;55;64;63;54
1338.0;249;265;141;161;160;160;62;51;49;64;54;70;62;52
1344.0;249;264;146;161;157;164;62;52;48;60;53;72;60;52
1350.0;246;265;144;157;159;161;66;53;49;62;52;71;63;52
1356.0;246;266;147;151;159;159;68;53;49;61;54;70;61;56
1362.0;247;269;152;152;160;156;66;50;44;66;52;67;63;56
1368.0;243;271;154;152;159;155;66;49;43;69;55;68;63;53
1374.0;241;272;153;152;161;155;68;50;45;64;55;65;63;56
1380.0;240;276;153;149;160;157;69;48;43;65;56;66;61;57
1386.0;239;274;157;147;157;158;68;45;44;65;59;68;63;56
1392.0;240;270;155;149;158;158;64;47;46;68;59;63;64;59
1398.0;241;271;153;149;155;157;66;49;50;70;57;61;61;60
1404.0;241;270;148;148;153;158;71;51;50;74;56;61;61;58
1410.0;240;270;151;149;153;160;70;49;51;74;53;60;61;59
1416.0;239;268;151;148;154;165;69;46;49;73;53;61;62;62
1422.0;241;266;155;148;153;165;75;44;50;77;50;58;59;59
1428.0;243;266;153;149;152;165;72;45;50;74;52;62;57;60
1434.0;244;264;153;147;148;166;67;47;53;76;53;64;53;65
1440.0;242;266;153;149;149;166;68;45;54;75;55;64;49;65
1446.0;241;265;152;152;150;167;67;47;56;77;54;62;45;65
1452.0;243;266;154;149;152;167;66;48;59;82;55;57;42;60
1458.0;245;262;154;153;148;165;65;55;54;82;55;58;44;60
1464.0;248;260;157;156;147;164;65;53;52;80;55;56;49;58
1470.0;249;260;154;156;144;162;65;55;54;76;57;56;53;59
1476.0;250;262;156;157;143;163;63;58;51;74;54;57;52;60
1482.0;251;261;156;157;143;163;65;60;51;69;55;57;55;57
1488.0;248;260;156;159;141;161;68;62;48;75;57;53;55;57
1494.0;249;262;159;158;143;158;67;62;43;76;57;54;56;56
1500.0;247;258;162;158;145;154;73;58;46;74;57;56;58;54
1506.0;247;259;163;165;143;155;72;54;48;72;59;52;56;55
1512.0;246;258;160;166;145;157;74;54;53;70;57;49;57;54
1518.0;246;255;161;164;147;158;79;50;53;68;57;49;58;55
1524.0;243;254;159;164;149;162;78;53;53;68;61;46;55;55
1530.0;240;255;157;166;147;165;76;53;55;69;61;51;53;52
1536.0;243;256;153;164;155;164;68;51;56;70;61;51;56;52
1542.0;243;255;151;165;155;167;67;51;54;70;61;52;57;52
1548.0;239;253;156;167;154;164;66;50;51;77;60;53;57;53
1554.0;237;258;154;168;154;166;62;52;53;75;60;51;57;53
1560.0;237;255;152;172;152;166;60;52;54;76;58;53;59;54
1566.0;237;262;151;176;143;166;58;55;51;77;56;50;64;54
1572.0;239;263;148;176;144;163;60;54;50;74;55;55;64;55
1578.0;236;261;148;170;150;163;57;54;53;72;58;56;67;55
1584.0;240;262;148;169;148;165;59;53;53;67;57;55;64;60
1590.0;239;260;150;174;150;161;62;56;51;62;61;52;67;55
1596.0;242;262;146;178;151;160;64;55;52;59;62;52;63;54
1602.0;244;261;150;179;150;155;63;53;51;58;59;56;64;57
1608.0;246;262;146;180;150;155;62;52;50;59;58;58;64;58
1614.0;245;262;146;179;149;152;62;51;51;57;66;57;67;56
1620.0;241;258;150;175;150;151;61;50;51;60;66;60;69;58
1626.0;240;261;146;172;146;149;61;53;50;60;69;59;71;63
1632.0;244;261;146;170;149;148;62;53;51;60;67;58;71;60
1638.0;241;260;148;169;149;149;66;52;49;59;70;54;70;64
1644.0;244;257;147;170;149;151;63;51;49;58;74;53;66;68
1650.0;243;255;151;173;150;153;59;51;50;58;72;53;65;67
1656.0;244;254;153;180;149;157;58;51;50;55;69;54;60;66
1662.0;246;257;154;179;147;159;55;48;47;53;72;56;62;65
1668.0;251;255;153;176;145;158;57;49;49;52;71;60;62;62
1674.0;252;252;152;173;145;153;57;46;52;52;74;64;65;63
1680.0;255;252;153;169;142;157;56;48;53;52;74;63;65;61
1686.0;258;255;153;172;140;156;55;47;55;50;73;64;62;60
1692.0;257;251;158;174;142;157;53;47;56;52;70;67;62;54
1698.0;254;254;154;173;142;157;53;48;59;53;72;66;62;53
1704.0;259;251;155;172;140;161;53;46;62;52;71;58;63;57
1710.0;260;252;155;171;141;157;52;44;63;52;74;58;64;57
1716.0;260;252;155;169;142;158;52;43;65;51;72;56;65;60
1722.0;260;253;157;166;145;157;53;44;66;48;74;54;62;61
1728.0;265;251;152;164;145;159;58;46;61;45;78;54;64;58
1734.0;264;252;151;167;144;158;57;53;60;44;74;55;61;60
1740.0;262;251;153;168;141;159;58;53;58;48;73;54;64;58
1746.0;259;251;155;168;139;153;60;60;59;50;68;55;65;58
1752.0;260;253;152;167;135;155;63;63;63;47;68;50;65;59
1758.0;262;256;156;167;133;153;64;66;57;48;67;54;60;57
1764.0;262;255;159;169;132;152;62;64;59;48;67;55;58;58
1770.0;261;256;157;170;132;151;62;64;61;47;65;54;62;58
1776.0;261;255;159;166;132;152;59;64;61;49;65;55;63;59
1782.0;262;254;156;167;129;149;61;63;60;54;70;53;62;60
1788.0;267;251;154;166;131;151;59;63;61;53;70;55;61;58
1794.0;264;245;155;165;129;152;58;65;66;54;69;56;61;61
1800.0;264;244;155;165;131;152;60;61;66;57;67;55;63;60
1806.0;265;245;160;166;129;153;61;62;65;55;67;52;62;58
1812.0;269;248;162;160;132;153;59;62;57;59;66;55;61;57
1818.0;270;251;160;158;132;153;56;62;61;60;66;56;61;54
1824.0;269;253;162;158;134;151;55;59;64;63;60;55;61;56
1830.0;270;254;159;161;136;148;55;54;66;61;59;57;62;58
1836.0;269;253;159;161;136;149;55;54;68;60;59;57;58;62
1842.0;270;254;157;161;133;149;56;53;69;64;58;56;60;60
1848.0;268;254;151;160;132;147;55;51;75;66;60;58;61;62
1854.0;271;252;153;157;128;147;56;47;78;64;63;58;62;64
1860.0;269;253;154;160;129;146;56;52;73;64;56;58;61;69
1866.0;271;251;151;158;131;145;56;48;71;64;60;61;62;71
1872.0;271;248;151;158;131;143;58;44;70;68;58;61;62;77
1878.0;272;250;153;160;131;144;57;47;67;66;55;61;62;75
1884.0;277;249;154;160;131;145;53;51;72;68;50;57;59;74
1890.0;278;251;157;162;128;144;54;51;69;68;50;54;61;73
1896.0;280;250;159;160;130;142;54;49;65;68;56;52;63;72
1902.0;283;252;157;160;133;139;50;49;65;72;53;50;61;76
1908.0;283;255;161;155;135;140;50;51;60;73;51;49;60;77
1914.0;281;256;161;158;138;138;50;52;61;70;53;47;62;73
1920.0;279;258;164;157;138;137;51;55;59;68;52;49;61;72
1926.0;280;260;164;153;137;139;53;53;56;68;54;49;62;72
1932.0;280;263;165;148;138;133;58;51;52;67;60;49;62;74
1938.0;277;262;165;151;141;135;53;51;54;70;60;51;57;73
1944.0;274;264;160;153;145;134;53;54;50;70;59;51;58;75
1950.0;273;258;158;156;147;134;55;55;50;68;61;52;59;74
1956.0;275;259;156;157;146;134;56;53;51;68;60;50;61;74
1962.0;278;259;156;159;154;139;58;49;54;66;55;49;56;68
1968.0;280;257;155;161;155;140;59;50;53;64;56;46;53;71
1974.0;282;257;157;158;154;144;58;52;56;63;48;50;51;70
