#auto generated file!
12.0;15;16;15;9;18;11;16;12;25;8;13;17;9;16
18.0;15;16;15;10;18;11;16;11;25;10;13;16;8;16
24.0;15;16;16;11;19;11;17;10;23;8;13;17;9;15
30.0;15;16;15;11;21;12;17;10;22;7;12;18;11;13
36.0;15;17;16;11;23;12;17;10;23;6;10;17;11;12
42.0;15;17;16;11;24;12;19;10;23;7;8;16;11;11
48.0;16;16;15;11;26;14;18;11;22;7;8;16;10;10
54.0;18;17;15;10;24;14;19;12;22;7;8;15;9;10
60.0;17;18;15;10;23;13;20;13;22;7;8;14;10;10
66.0;18;19;15;10;22;13;19;13;20;8;9;15;9;10
72.0;19;20;15;10;23;13;18;12;20;8;9;14;9;10
78.0;20;21;16;10;23;14;17;10;20;10;8;12;11;8
84.0;21;22;17;10;23;14;17;9;21;10;7;10;11;8
90.0;22;23;16;8;25;14;17;9;21;10;7;10;10;8
96.0;22;22;14;8;26;15;16;10;18;12;8;11;11;7
102.0;22;23;14;10;26;15;16;10;16;11;9;10;11;7
108.0;22;25;14;11;24;15;19;8;15;9;9;10;12;7
114.0;22;25;15;11;23;15;19;8;15;10;9;10;11;7
120.0;23;26;15;11;23;15;17;9;13;11;8;11;11;7
126.0;24;25;15;11;23;15;17;9;12;11;8;12;11;7
132.0;24;25;15;11;24;16;15;9;12;11;9;11;11;7
138.0;24;25;15;10;25;16;14;9;12;11;9;10;12;8
144.0;25;27;15;10;25;16;13;9;11;9;8;11;12;9
150.0;26;26;16;9;25;16;13;11;11;8;8;10;12;9
156.0;26;25;15;9;25;17;14;11;12;8;8;10;11;9
162.0;26;25;15;9;25;17;14;12;12;7;8;10;10;10
168.0;26;27;16;9;24;16;14;11;12;7;7;12;8;11
174.0;26;27;15;9;24;16;12;11;14;6;7;12;10;11
180.0;28;28;15;9;25;17;10;11;13;6;6;13;10;9
186.0;30;29;15;9;25;17;10;10;12;6;6;13;10;8
192.0;30;30;17;8;26;16;10;10;12;6;6;12;9;8
198.0;30;29;17;8;27;17;10;9;11;5;8;13;9;7
204.0;32;29;15;8;27;17;9;8;10;5;8;13;10;9
210.0;32;30;14;8;27;18;10;8;10;5;9;13;7;9
216.0;35;31;14;8;25;18;8;8;10;7;9;13;6;8
222.0;35;32;14;6;27;18;8;9;10;7;9;12;6;7
228.0;35;32;16;7;26;17;8;9;9;8;8;12;6;7
234.0;35;32;16;7;26;17;8;10;8;8;8;9;8;8
240.0;35;33;16;7;26;18;7;10;8;6;8;10;9;7
246.0;35;31;16;9;25;18;7;11;8;6;8;10;9;7
252.0;35;31;17;8;24;18;7;10;8;7;8;10;10;7
258.0;36;31;18;9;24;19;7;10;7;5;8;11;9;6
264.0;36;32;17;8;23;19;7;11;8;5;9;11;9;5
270.0;36;32;16;9;23;18;7;12;8;5;9;11;9;5
276.0;35;32;16;8;23;18;7;13;8;6;10;11;8;5
282.0;35;31;16;8;21;19;7;13;9;6;10;12;8;5
288.0;35;31;18;7;21;21;7;12;9;6;9;11;8;5
294.0;36;32;18;7;21;21;8;11;8;6;9;10;8;5
300.0;36;32;19;7;21;21;8;10;7;5;10;10;8;6
306.0;37;33;19;8;20;22;9;11;7;4;11;6;8;5
312.0;36;32;18;8;20;23;9;10;7;4;11;10;8;4
318.0;35;33;19;7;19;23;8;11;8;4;11;10;7;5
324.0;35;33;19;7;18;23;8;13;8;4;10;9;7;6
330.0;36;33;19;7;19;23;7;12;8;4;10;9;7;6
336.0;36;32;19;7;18;22;8;13;8;4;11;9;7;6
342.0;36;32;19;7;18;23;5;13;8;4;11;9;8;7
348.0;36;34;18;7;17;23;6;13;8;4;11;9;8;6
354.0;37;34;14;7;18;24;6;12;9;4;10;9;9;7
360.0;37;35;14;7;17;23;7;13;9;4;10;8;10;6
366.0;36;34;14;9;17;24;7;12;11;4;8;8;10;6
372.0;37;34;14;9;17;25;7;11;11;4;7;8;10;6
378.0;37;34;14;8;16;24;8;12;10;4;7;9;10;7
384.0;36;34;15;8;15;21;8;11;12;5;7;9;11;8
390.0;36;34;14;10;14;24;8;9;12;5;7;9;11;7
396.0;35;33;14;10;17;24;9;9;12;5;6;9;9;8
402.0;35;33;14;10;17;25;8;8;10;5;7;8;10;10
408.0;35;36;14;10;16;25;8;8;9;5;7;8;9;10
414.0;36;36;14;10;15;24;7;8;10;5;7;9;9;10
420.0;35;36;15;10;17;22;6;8;10;4;8;8;10;11
426.0;34;37;14;11;17;25;5;8;9;2;7;8;10;13
432.0;35;36;15;12;18;24;5;8;8;3;6;9;10;11
438.0;35;37;15;12;18;22;6;9;8;5;4;9;9;11
444.0;35;37;15;12;18;22;6;9;8;5;4;9;9;11
450.0;36;37;14;13;18;22;7;8;8;5;4;10;9;9
456.0;37;37;13;14;17;24;7;8;8;5;5;9;7;9
462.0;36;37;14;14;17;25;7;8;8;5;5;10;6;8
468.0;38;38;14;13;16;24;7;8;8;4;5;12;5;8
474.0;38;39;14;14;17;23;4;7;7;5;5;12;6;9
480.0;38;39;12;14;17;24;4;7;7;6;5;12;6;9
486.0;36;39;13;14;17;23;4;8;5;6;5;15;6;9
492.0;36;36;13;13;16;23;4;7;7;9;6;15;5;10
498.0;35;34;13;13;17;23;5;7;7;10;6;14;6;10
504.0;35;33;13;13;17;22;5;7;7;11;7;14;6;10
510.0;35;35;13;13;17;23;3;7;8;10;7;13;7;9
516.0;35;35;13;11;18;25;3;7;7;11;6;13;9;7
522.0;34;35;13;11;19;25;4;7;8;12;6;12;7;7
528.0;35;35;13;11;18;26;6;5;7;12;6;11;8;7
534.0;35;36;13;11;18;25;6;5;6;12;7;11;8;7
540.0;35;36;13;11;18;25;6;5;7;12;7;10;8;7
546.0;36;37;14;12;18;24;6;4;7;12;7;10;8;5
552.0;36;37;15;12;17;24;6;4;6;12;7;10;8;6
558.0;38;36;17;12;17;23;6;4;5;12;7;9;8;6
564.0;39;35;17;11;17;22;6;4;5;11;8;11;8;6
570.0;40;35;18;11;18;23;5;4;5;9;8;11;8;5
576.0;40;35;18;11;18;23;4;5;5;7;9;12;8;5
582.0;40;35;18;11;18;21;4;5;4;6;10;14;7;7
588.0;40;35;18;11;19;21;4;5;3;5;12;13;6;8
594.0;40;35;18;11;19;21;5;5;3;5;11;13;6;8
600.0;40;35;19;11;19;22;6;3;3;5;9;13;5;10
606.0;39;34;19;11;19;24;7;3;3;6;9;13;5;8
612.0;39;34;19;11;20;22;8;2;4;6;9;13;5;8
618.0;39;34;19;11;20;22;8;2;4;6;9;13;5;8
624.0;39;34;18;11;19;21;9;3;4;6;9;13;5;9
630.0;39;35;18;11;18;21;11;3;4;5;9;12;5;9
636.0;39;35;19;13;17;21;10;3;4;5;10;12;5;7
642.0;39;35;19;12;16;21;9;4;4;5;12;13;4;7
648.0;39;36;17;13;16;21;9;4;6;5;11;11;5;7
654.0;39;36;17;12;16;21;9;4;6;5;11;12;5;7
660.0;39;36;18;11;16;21;9;4;6;4;11;12;7;6
666.0;39;36;19;11;16;21;9;4;6;4;11;10;7;7
672.0;39;35;21;11;16;20;8;4;7;4;11;10;7;7
678.0;38;35;22;11;17;19;8;4;6;4;11;9;6;10
684.0;38;34;22;11;17;20;9;4;7;4;11;7;6;10
690.0;38;35;22;11;17;19;9;4;8;4;10;7;6;10
696.0;37;36;22;11;15;20;10;3;9;4;10;7;6;10
702.0;38;36;21;12;15;21;11;4;9;3;10;5;5;10
708.0;38;36;20;12;15;23;12;3;8;3;9;6;4;11
714.0;37;38;21;12;14;24;12;3;7;5;8;5;4;10
720.0;37;36;21;11;16;24;13;3;6;6;8;5;4;10
726.0;37;36;21;12;16;23;12;2;7;7;8;6;3;10
732.0;39;35;22;11;15;23;12;2;8;7;8;5;3;10
738.0;39;34;22;11;14;23;11;3;9;7;7;5;4;11
744.0;39;34;22;12;14;23;11;3;9;7;7;4;4;11
750.0;39;33;22;13;15;23;12;3;9;7;7;4;4;9
756.0;39;33;21;13;14;22;12;4;9;7;7;4;4;11
762.0;39;34;22;14;16;21;11;5;7;7;6;4;4;10
768.0;39;34;24;14;16;20;10;5;8;7;7;2;4;10
774.0;39;34;23;13;16;19;10;6;8;8;6;2;5;11
780.0;38;33;23;12;16;20;9;6;7;10;6;2;6;12
786.0;38;33;23;12;16;20;9;6;8;8;6;3;6;12
792.0;35;33;23;12;16;20;10;6;8;8;7;4;7;11
798.0;35;33;23;12;16;19;11;7;8;7;7;5;7;10
804.0;36;34;22;13;16;20;11;6;8;6;6;7;7;8
810.0;35;34;23;14;15;20;10;6;8;5;6;7;8;9
816.0;35;32;22;14;16;20;12;6;8;5;5;6;9;10
822.0;36;31;22;13;17;19;13;8;6;7;5;6;8;9
828.0;35;31;22;13;17;20;13;8;6;6;5;6;8;10
834.0;34;32;21;13;16;20;14;7;6;6;5;6;10;10
840.0;35;30;22;13;16;21;13;7;6;6;5;6;10;10
846.0;33;31;24;14;16;19;13;9;6;5;4;5;10;11
852.0;34;31;25;14;16;18;11;8;6;7;5;6;9;10
858.0;36;30;24;13;16;16;12;9;6;7;5;7;9;10
864.0;36;30;24;14;17;16;11;9;5;8;4;7;9;10
870.0;36;30;23;14;18;16;10;8;6;9;5;7;9;9
876.0;37;30;22;14;17;16;10;9;6;9;5;7;10;8
882.0;37;30;23;15;16;16;10;9;6;8;8;7;9;6
888.0;36;31;23;15;16;16;9;10;6;8;7;7;10;6
894.0;35;30;22;15;16;16;10;11;6;8;7;7;11;6
900.0;37;28;22;16;15;16;9;12;7;7;8;6;12;5
906.0;36;28;24;16;16;16;8;12;7;8;8;5;12;4
912.0;36;28;22;17;16;16;8;13;7;8;7;5;13;4
918.0;34;28;21;19;16;16;8;13;8;8;6;5;14;4
924.0;35;28;22;18;16;16;8;13;8;8;5;5;14;4
930.0;34;28;22;19;16;14;9;13;7;8;6;4;14;6
936.0;34;28;21;19;16;13;9;13;7;9;7;4;14;6
942.0;34;28;21;19;16;13;9;13;7;10;6;4;14;6
948.0;33;28;21;18;16;13;9;12;8;11;7;5;14;5
954.0;31;27;21;18;17;15;9;12;8;10;9;4;14;5
960.0;32;27;20;17;15;16;8;11;9;11;8;4;16;6
966.0;33;27;19;16;15;17;8;11;9;11;8;3;17;6
972.0;33;27;19;16;15;17;8;10;9;11;8;4;16;7
978.0;33;27;19;16;16;17;8;11;8;10;8;4;16;7
984.0;34;28;18;17;16;17;8;11;8;10;8;4;16;5
990.0;35;28;20;17;16;16;10;10;7;9;9;4;14;5
996.0;35;28;20;17;16;16;11;9;7;9;8;5;14;5
1002.0;35;29;19;17;16;16;11;9;7;10;8;5;14;4
1008.0;34;29;19;16;16;16;10;9;7;10;8;5;17;4
1014.0;33;29;19;15;16;17;10;9;7;10;8;5;18;4
1020.0;32;29;19;15;17;17;10;9;7;11;9;4;16;5
1026.0;32;29;18;16;17;18;10;9;7;11;8;4;16;5
1032.0;33;27;18;18;18;15;10;9;6;11;12;4;15;4
1038.0;35;27;19;17;18;14;11;9;6;10;11;5;14;4
1044.0;37;27;20;17;16;13;11;8;6;11;11;5;13;5
1050.0;38;27;21;16;17;12;10;8;6;11;12;6;11;5
1056.0;38;27;20;16;18;12;9;8;6;13;11;7;10;5
1062.0;38;26;21;17;18;11;9;8;6;13;11;6;10;6
1068.0;39;27;21;17;18;11;9;9;5;13;11;6;9;5
1074.0;38;27;21;16;18;12;10;9;7;12;12;6;7;5
1080.0;38;28;24;13;18;13;10;9;6;12;12;5;6;6
1086.0;37;29;24;13;17;13;11;9;6;11;12;6;6;6
1092.0;38;28;24;13;17;14;10;9;6;10;13;6;6;6
1098.0;37;29;24;13;18;15;10;9;6;9;13;6;6;5
1104.0;37;30;23;14;18;15;10;9;6;7;12;6;8;5
1110.0;37;30;24;14;16;15;9;9;6;8;12;6;7;7
1116.0;37;30;24;15;17;15;8;10;5;7;12;6;7;7
1122.0;37;30;23;17;17;14;7;10;5;7;12;6;7;8
1128.0;37;30;21;16;17;14;7;12;6;7;12;6;8;7
1134.0;37;29;21;16;17;14;8;10;6;7;12;7;10;6
1140.0;38;29;21;15;17;15;8;9;6;7;12;6;10;7
1146.0;37;29;21;15;17;15;8;8;6;9;11;7;10;7
1152.0;38;27;21;16;18;15;6;8;6;10;11;6;11;7
1158.0;38;28;21;15;18;16;6;9;6;10;11;5;10;7
1164.0;37;27;20;15;17;17;6;9;6;9;12;8;10;7
1170.0;39;26;20;13;16;19;7;8;6;10;12;8;9;7
1176.0;39;24;22;13;17;19;7;8;5;10;11;8;9;8
1182.0;38;23;23;14;17;19;7;7;6;11;9;7;11;8
1188.0;37;24;23;13;16;20;6;8;5;10;9;9;12;8
1194.0;37;23;23;13;16;20;6;8;5;11;9;9;12;8
1200.0;38;23;22;13;15;20;6;8;4;11;10;10;12;8
1206.0;38;23;22;12;15;20;6;9;4;10;10;11;12;8
1212.0;39;23;21;12;14;19;6;9;4;10;11;12;11;9
1218.0;39;24;22;12;14;18;5;9;5;10;10;15;8;9
1224.0;39;25;21;15;14;18;4;8;5;10;10;14;8;9
1230.0;39;25;21;15;14;19;4;9;6;10;9;13;7;9
1236.0;39;25;21;15;14;19;4;9;6;10;9;13;7;9
1242.0;39;24;21;15;13;18;4;9;7;9;10;15;7;9
1248.0;39;24;21;16;13;18;4;9;6;9;10;15;7;9
1254.0;39;24;20;16;13;19;3;10;6;8;11;13;7;11
1260.0;39;24;19;18;14;18;4;10;7;8;11;12;7;9
1266.0;39;24;19;18;14;18;4;10;8;8;11;10;8;9
1272.0;39;24;19;19;12;18;5;12;8;8;10;9;8;9
1278.0;39;23;20;19;12;16;7;11;8;8;10;10;9;8
1284.0;39;23;18;19;12;16;7;11;10;8;9;10;10;8
1290.0;38;24;18;20;12;15;7;11;12;9;9;9;10;6
1296.0;38;24;17;21;12;15;7;11;12;9;9;9;10;6
1302.0;37;25;18;20;13;16;7;11;12;8;8;8;10;7
1308.0;36;26;18;19;13;17;7;11;13;9;8;8;10;5
1314.0;35;26;17;20;13;16;7;11;13;8;9;9;10;6
1320.0;35;26;17;18;13;17;8;10;13;8;10;9;10;6
1326.0;36;27;17;18;13;16;8;11;13;7;9;7;11;7
1332.0;36;26;16;18;13;15;10;11;14;7;8;8;11;7
1338.0;36;26;16;17;12;16;9;11;15;7;7;8;12;8
1344.0;36;26;17;17;12;16;9;10;14;7;8;7;13;8
1350.0;36;26;17;17;13;16;8;11;13;6;8;8;13;8
1356.0;35;27;17;17;13;16;8;12;14;6;8;8;11;8
1362.0;34;29;17;17;13;16;8;12;13;7;8;8;10;8
1368.0;33;29;17;20;13;16;6;12;14;9;7;8;10;6
1374.0;34;27;18;20;13;17;6;12;15;9;7;7;10;5
1380.0;35;28;19;21;13;17;6;11;13;10;7;6;9;5
1386.0;36;28;18;20;13;18;6;11;13;10;8;6;9;4
1392.0;36;28;18;22;14;18;5;10;13;11;7;5;9;4
1398.0;37;28;17;23;15;16;5;10;13;11;7;5;9;4
1404.0;37;29;16;22;15;16;5;10;13;11;7;5;10;4
1410.0;37;28;16;22;15;15;5;10;13;11;7;6;9;6
1416.0;36;30;17;22;15;14;5;10;11;11;6;8;9;6
1422.0;36;31;17;22;13;14;5;10;12;10;6;9;9;6
1428.0;37;31;17;22;13;14;6;9;12;10;6;9;9;5
1434.0;37;30;17;21;15;15;6;10;11;9;7;7;10;5
1440.0;38;30;18;21;14;14;7;10;11;10;7;6;10;4
1446.0;36;31;19;21;13;14;9;9;12;8;8;6;10;4
1452.0;37;31;18;21;13;14;10;9;12;8;6;7;9;5
1458.0;39;30;18;21;13;14;10;8;13;8;6;8;8;4
1464.0;38;30;20;21;12;15;10;8;13;6;7;8;8;4
1470.0;38;30;20;21;11;14;10;8;13;6;7;9;8;5
1476.0;38;30;21;21;12;13;10;8;13;6;7;8;8;5
1482.0;38;30;21;22;12;13;10;9;11;6;7;8;8;5
1488.0;40;29;22;20;12;13;10;10;10;8;8;6;7;5
1494.0;40;29;22;20;11;14;11;9;10;8;7;6;8;5
1500.0;39;29;21;19;12;14;10;9;12;8;7;7;8;5
1506.0;39;29;21;17;12;14;11;9;11;9;9;7;7;5
1512.0;40;29;22;15;12;14;12;9;11;8;10;7;7;4
1518.0;40;29;22;15;12;14;12;9;11;8;10;8;7;3
1524.0;38;30;21;15;13;14;13;10;11;9;9;7;6;4
1530.0;38;30;21;15;12;14;14;10;10;8;10;7;7;4
1536.0;38;30;21;15;13;13;14;10;10;8;8;8;8;4
1542.0;38;31;20;15;13;13;13;10;10;8;10;8;7;4
1548.0;38;31;20;16;12;12;12;10;10;8;11;9;7;4
1554.0;38;30;20;16;12;12;12;10;9;9;12;9;7;4
1560.0;38;31;20;16;12;11;11;10;11;9;13;8;6;4
1566.0;37;30;20;18;12;11;11;8;11;9;13;9;4;7
1572.0;37;30;21;18;13;10;11;8;11;8;13;8;4;8
1578.0;37;31;20;19;13;10;11;7;12;9;11;8;4;8
1584.0;36;32;22;18;13;10;11;7;10;9;11;7;5;9
1590.0;37;32;23;16;14;10;11;7;10;9;11;6;6;8
1596.0;36;32;23;16;15;9;11;7;10;10;11;6;6;8
1602.0;36;32;23;16;15;9;11;7;10;11;11;5;6;8
1608.0;36;30;24;16;15;10;11;8;8;12;10;4;6;10
1614.0;36;29;25;17;14;9;10;9;8;10;10;5;7;11
1620.0;36;30;25;16;14;9;8;10;8;9;11;6;7;11
1626.0;36;29;25;15;14;11;8;10;9;9;10;7;7;10
1632.0;33;29;25;15;14;12;8;11;7;11;11;6;8;10
1638.0;33;29;26;15;14;12;9;10;6;11;13;6;6;10
1644.0;33;29;25;14;15;14;7;10;6;11;12;7;8;9
1650.0;33;29;25;14;15;15;6;10;6;11;13;7;9;7
1656.0;34;29;25;14;15;15;5;10;6;11;13;7;10;6
1662.0;34;29;26;14;15;16;5;10;6;9;11;8;11;6
1668.0;35;28;26;14;14;16;5;9;6;9;10;10;12;6
1674.0;34;28;26;15;14;17;5;8;6;9;12;10;11;5
1680.0;34;26;26;15;14;19;6;7;5;10;11;9;13;5
1686.0;35;25;26;15;15;17;6;7;4;10;11;11;13;5
1692.0;36;25;26;14;16;17;6;8;4;9;10;11;14;4
1698.0;35;25;25;14;17;17;5;8;4;10;10;12;14;4
1704.0;34;25;25;14;17;18;5;8;4;11;10;11;14;4
1710.0;34;24;24;14;17;18;5;8;4;11;10;13;14;4
1716.0;34;25;24;15;17;18;4;8;4;11;10;13;14;3
1722.0;34;25;25;16;17;18;3;8;4;11;9;14;13;3
1728.0;34;27;25;16;17;18;4;5;4;12;7;14;14;3
1734.0;34;27;24;16;17;18;4;5;5;12;7;14;14;3
1740.0;34;28;23;15;18;17;4;6;5;13;7;13;14;3
1746.0;34;27;24;16;18;16;4;5;5;13;7;13;13;5
1752.0;32;25;24;17;18;17;4;7;5;14;6;13;12;6
1758.0;33;26;24;16;18;16;6;6;5;14;6;12;12;6
1764.0;33;26;25;17;17;16;6;5;6;12;9;12;11;5
1770.0;31;26;24;17;17;15;6;6;6;12;10;13;10;7
1776.0;31;27;25;17;17;15;6;6;6;11;10;12;11;6
1782.0;31;27;25;17;17;15;5;6;5;11;10;12;13;6
1788.0;31;27;25;18;16;15;6;5;6;10;9;12;13;7
1794.0;30;27;23;18;15;15;7;5;6;10;10;11;13;10
1800.0;29;28;22;18;14;17;7;5;7;9;10;9;14;11
1806.0;30;28;22;17;14;17;7;6;7;10;7;9;14;12
1812.0;32;28;22;17;13;17;7;6;7;10;6;9;14;12
1818.0;32;28;22;18;13;18;6;5;7;10;5;9;15;12
1824.0;31;26;22;19;12;20;8;5;7;11;4;9;16;10
1830.0;30;25;21;20;12;19;9;5;8;11;5;9;16;10
1836.0;29;26;22;21;11;20;9;5;7;10;5;10;14;11
1842.0;29;26;22;21;11;20;10;4;7;10;4;10;14;12
1848.0;27;25;22;24;10;21;10;5;8;11;3;9;13;12
1854.0;29;25;21;24;11;20;8;7;9;11;3;8;12;12
1860.0;29;27;21;25;11;19;8;8;8;9;3;8;12;12
1866.0;30;27;21;25;10;18;8;8;8;10;3;8;12;12
1872.0;31;28;23;24;11;18;6;8;7;10;3;8;12;11
1878.0;31;29;24;21;10;19;6;7;7;11;4;8;12;11
1884.0;31;28;24;21;10;18;7;8;7;11;5;7;12;11
1890.0;31;28;24;20;10;18;8;7;7;11;6;5;14;11
1896.0;32;28;24;22;11;18;7;7;7;10;5;6;13;10
1902.0;31;28;23;21;12;17;7;7;8;11;4;7;13;11
1908.0;31;29;23;19;12;15;11;7;8;11;4;6;13;11
1914.0;31;29;22;19;12;15;11;7;8;11;4;6;14;11
1920.0;32;30;21;20;12;14;13;7;7;9;5;6;12;12
1926.0;33;30;20;20;13;14;13;7;7;10;5;7;12;9
1932.0;34;29;20;20;14;13;12;7;7;10;5;7;12;10
1938.0;34;29;20;20;14;12;12;8;8;10;4;7;12;10
1944.0;34;30;19;20;14;12;10;8;9;10;4;7;13;10
1950.0;33;30;19;20;15;14;10;8;9;10;4;7;12;9
1956.0;33;30;19;20;15;14;10;9;8;11;3;8;11;9
1962.0;32;31;20;20;16;14;10;10;8;10;4;7;9;9
1968.0;32;31;20;20;15;14;9;11;9;9;4;7;9;10
1974.0;31;31;19;20;14;15;10;12;10;7;5;7;9;10
