#auto generated file!
12.0;93;103;96;109;109;92;96;106;107;99;100;107;91;92
18.0;94;104;98;114;111;93;90;101;108;100;97;110;93;87
24.0;99;105;102;111;111;98;87;101;102;100;95;109;89;91
30.0;104;106;106;115;113;101;82;98;99;97;92;111;87;89
36.0;106;110;105;114;114;102;81;93;98;98;94;113;85;87
42.0;107;116;111;116;112;105;82;89;97;89;99;111;85;81
48.0;107;117;111;116;113;111;83;85;96;88;98;106;84;85
54.0;109;119;114;118;119;111;82;82;94;88;97;98;84;85
60.0;111;120;114;121;121;113;84;81;95;85;100;94;83;78
66.0;110;125;114;123;123;111;83;78;95;79;100;93;84;82
72.0;115;127;115;122;120;116;82;78;91;77;98;95;81;83
78.0;118;136;116;126;117;119;78;75;84;79;96;95;80;81
84.0;123;140;115;127;119;118;76;78;83;75;90;92;82;82
90.0;126;138;116;123;118;117;80;79;84;79;87;92;80;81
96.0;133;141;118;125;120;114;84;74;85;74;88;86;79;79
102.0;132;141;120;125;122;116;87;73;81;72;89;86;78;78
108.0;134;143;123;127;120;116;89;72;83;71;90;81;76;75
114.0;135;140;124;126;117;119;90;71;85;71;90;79;78;75
120.0;135;141;125;128;121;122;85;71;84;71;89;77;75;76
126.0;135;145;129;129;120;121;84;72;83;70;83;76;75;78
132.0;137;145;132;127;121;120;89;71;83;73;82;74;73;73
138.0;138;141;133;129;121;122;87;66;83;75;84;76;72;73
144.0;142;143;136;131;122;122;83;64;82;81;79;74;72;69
150.0;143;149;135;131;124;121;75;62;85;80;78;73;70;74
156.0;143;147;139;129;126;123;77;60;87;78;75;74;68;74
162.0;143;146;140;127;127;122;72;60;84;81;78;74;69;77
168.0;146;145;139;130;129;119;71;63;83;78;77;78;70;72
174.0;147;146;139;132;128;121;70;63;82;81;80;75;70;66
180.0;146;146;140;129;135;117;70;63;82;84;81;75;66;66
186.0;148;150;138;136;137;116;74;64;77;83;76;71;64;66
192.0;151;150;138;138;138;115;70;63;73;88;75;73;64;64
198.0;149;152;140;139;143;112;73;64;72;87;75;70;63;61
204.0;146;160;142;135;139;114;74;61;69;82;77;70;66;65
210.0;143;160;140;136;138;114;71;62;73;85;79;68;65;66
216.0;147;161;143;141;137;111;71;62;73;81;75;67;66;65
222.0;145;162;141;143;133;114;76;61;72;83;75;66;66;63
228.0;149;163;140;144;129;114;76;60;69;83;72;68;70;63
234.0;147;166;139;145;131;114;73;59;70;86;72;67;67;64
240.0;145;169;138;144;137;116;72;54;69;84;72;67;68;65
246.0;144;170;139;146;134;116;71;52;68;88;69;69;70;64
252.0;149;169;140;145;134;122;74;53;65;85;71;68;68;57
258.0;148;172;138;148;134;120;73;55;66;86;72;62;69;57
264.0;146;175;139;149;133;121;69;55;67;83;70;65;68;60
270.0;147;177;144;147;131;125;67;54;65;81;70;63;70;59
276.0;153;178;144;142;135;127;67;55;64;80;68;62;65;60
282.0;154;180;147;140;134;129;66;53;63;77;68;60;66;63
288.0;156;186;149;142;136;127;65;53;63;76;66;57;64;60
294.0;155;188;150;143;140;129;67;51;57;73;66;60;63;58
300.0;158;188;152;142;142;127;71;51;56;72;63;60;62;56
306.0;160;191;149;142;139;128;64;52;61;71;70;59;61;53
312.0;160;192;152;142;140;132;62;50;61;71;70;56;60;52
318.0;160;193;152;143;138;129;62;52;59;70;68;59;61;54
324.0;160;195;147;144;140;127;64;53;59;70;69;60;57;55
330.0;162;193;147;143;139;126;63;51;61;73;69;65;56;52
336.0;161;192;148;143;139;127;63;48;61;75;67;64;57;55
342.0;160;192;143;146;135;127;65;52;61;73;68;63;59;56
348.0;159;191;146;146;134;127;62;49;61;74;71;64;62;54
354.0;161;195;144;147;136;130;60;48;60;70;72;60;64;53
360.0;161;195;149;149;136;129;60;51;60;68;74;57;60;51
366.0;162;196;148;150;135;130;63;52;57;71;69;58;60;49
372.0;161;195;148;151;135;136;63;50;57;76;66;55;59;48
378.0;163;191;148;154;134;135;64;51;61;76;67;51;59;46
384.0;162;192;147;153;136;135;63;54;59;75;67;54;56;47
390.0;161;195;147;151;139;136;60;54;59;75;66;55;56;46
396.0;164;195;146;155;143;137;56;54;54;72;64;57;55;48
402.0;165;198;150;154;147;136;57;51;51;73;61;55;53;49
408.0;168;197;148;157;148;133;56;52;51;73;61;52;54;50
414.0;167;200;146;154;152;132;57;54;50;74;57;52;55;50
420.0;168;197;150;151;148;133;59;51;51;73;56;53;59;51
426.0;167;198;147;155;149;133;62;50;52;68;57;49;63;50
432.0;168;198;146;155;149;132;57;49;55;69;59;50;64;49
438.0;166;196;146;155;147;134;59;52;57;66;61;49;62;50
444.0;164;197;141;157;145;133;62;51;60;63;59;50;63;55
450.0;170;192;137;158;147;138;63;53;58;61;57;47;64;55
456.0;174;187;135;161;149;135;61;56;61;59;58;46;64;54
462.0;175;193;135;158;145;136;57;50;63;61;64;49;60;54
468.0;175;190;136;156;147;136;56;48;65;62;63;49;58;59
474.0;178;184;136;157;147;135;54;50;66;64;64;52;56;57
480.0;184;182;136;155;148;136;55;51;63;64;63;50;58;55
486.0;185;183;137;154;143;140;58;50;64;66;62;54;52;52
492.0;187;187;133;155;147;139;51;48;66;68;61;55;53;50
498.0;188;183;131;155;149;141;50;46;65;68;62;57;53;52
504.0;186;181;130;153;154;140;54;45;66;65;64;57;51;54
510.0;186;181;125;154;152;137;53;46;69;66;66;57;51;57
516.0;184;180;124;152;151;139;52;47;71;68;64;55;53;60
522.0;186;184;118;156;151;143;51;40;71;66;62;57;52;63
528.0;187;185;121;155;150;142;50;38;71;69;60;60;52;60
534.0;186;187;119;156;147;142;50;41;72;69;59;61;51;60
540.0;189;186;122;159;146;141;47;43;68;69;55;61;52;62
546.0;188;182;124;158;144;138;47;45;70;72;58;62;50;62
552.0;186;182;122;159;146;139;49;47;67;73;56;62;51;61
558.0;187;181;123;157;145;142;50;49;68;70;59;60;50;59
564.0;190;181;124;156;146;142;50;55;68;69;60;56;49;54
570.0;189;182;124;154;147;136;49;53;73;67;62;55;55;54
576.0;190;181;125;154;152;134;48;55;73;67;61;52;54;54
582.0;192;183;125;156;158;135;47;54;72;67;56;52;51;52
588.0;190;184;123;157;157;137;48;55;75;67;52;52;50;53
594.0;189;188;121;158;154;141;50;58;72;63;51;54;48;53
600.0;189;184;123;161;152;139;50;57;74;61;52;55;49;54
606.0;190;182;125;164;153;138;52;55;72;60;50;55;48;56
612.0;191;182;127;165;150;140;52;59;67;58;50;60;46;53
618.0;186;185;129;166;150;140;47;56;65;60;52;62;47;55
624.0;188;180;129;162;153;139;47;54;67;62;58;60;46;55
630.0;185;179;125;162;149;143;46;51;66;64;62;60;50;58
636.0;188;181;121;161;151;141;48;50;65;64;63;63;46;58
642.0;189;182;120;161;151;141;47;49;66;62;65;61;48;58
648.0;189;183;118;160;152;142;48;51;66;61;67;62;48;53
654.0;189;185;120;156;152;141;47;53;62;60;70;62;50;53
660.0;189;186;119;163;154;142;43;51;61;56;68;64;51;53
666.0;191;188;123;162;150;141;44;53;61;59;68;60;51;49
672.0;189;191;128;162;151;141;41;51;60;59;68;62;49;48
678.0;188;196;132;157;149;142;42;51;59;62;70;59;47;46
684.0;189;199;135;154;153;142;42;49;60;57;71;60;46;43
690.0;193;201;134;155;150;138;43;50;61;58;65;60;46;46
696.0;194;201;136;155;149;137;41;46;60;60;65;58;49;49
702.0;199;201;133;153;147;139;44;42;58;58;68;61;49;48
708.0;202;201;132;155;144;136;44;43;56;59;69;61;49;49
714.0;204;200;132;151;144;136;43;49;59;60;69;57;46;50
720.0;205;198;133;150;141;134;43;50;61;57;69;59;48;52
726.0;201;203;131;153;142;134;47;51;64;55;67;55;48;49
732.0;199;206;131;156;139;136;45;52;67;51;67;56;49;46
738.0;199;205;132;152;135;140;47;51;68;49;67;57;53;45
744.0;201;205;132;155;133;138;48;50;67;49;65;56;52;49
750.0;200;208;131;155;133;140;52;50;66;50;60;53;53;49
756.0;201;209;129;157;134;138;55;53;62;51;57;54;53;47
762.0;201;209;129;155;130;137;57;51;63;52;57;57;56;46
768.0;202;210;134;152;129;134;54;52;60;52;56;58;57;50
774.0;202;211;135;153;128;139;51;50;59;49;56;60;59;48
780.0;201;208;136;150;128;139;55;46;64;50;55;58;59;51
786.0;199;211;133;148;132;140;54;50;64;51;56;57;54;51
792.0;198;212;132;144;134;140;56;46;61;50;58;57;57;55
798.0;195;212;135;144;133;138;56;53;61;51;62;52;54;54
804.0;191;212;136;145;132;136;57;55;62;50;63;51;54;56
810.0;192;211;136;143;136;135;55;56;61;52;59;53;55;56
816.0;191;215;136;142;140;130;56;54;62;50;61;54;53;56
822.0;185;215;138;143;141;133;53;53;63;53;62;53;51;57
828.0;187;215;141;144;140;135;54;51;62;48;62;51;53;57
834.0;187;214;140;145;142;133;55;52;65;48;57;52;50;60
840.0;189;216;141;144;143;134;56;46;64;46;59;54;50;58
846.0;190;214;137;140;148;133;56;48;65;45;58;52;53;61
852.0;195;216;137;135;144;136;58;48;65;46;57;49;51;63
858.0;197;220;132;133;139;137;60;50;65;47;58;46;54;62
864.0;198;226;132;133;141;133;57;50;68;48;57;42;52;63
870.0;194;227;129;130;144;133;56;51;69;49;59;42;52;65
876.0;191;225;130;133;146;132;58;51;66;50;60;43;54;61
882.0;195;224;132;132;145;136;57;47;68;50;57;44;52;61
888.0;196;225;131;138;144;135;58;44;61;51;58;45;53;61
894.0;198;224;130;137;142;136;58;43;61;55;56;45;56;59
900.0;198;223;133;141;143;134;55;44;58;55;60;46;57;53
906.0;196;225;132;142;141;135;55;45;62;58;53;46;57;53
912.0;198;227;131;140;140;135;55;46;61;58;53;47;57;52
918.0;200;227;130;141;139;130;57;48;59;55;51;52;60;51
924.0;198;229;130;138;138;128;59;49;62;55;50;52;63;49
930.0;198;231;128;141;133;130;62;48;64;55;50;49;58;53
936.0;200;230;126;144;131;130;61;50;63;55;47;49;62;52
942.0;198;230;130;145;127;132;61;49;63;56;50;44;62;53
948.0;197;231;131;146;121;134;60;50;65;58;47;46;60;54
954.0;198;233;130;146;121;134;60;52;66;57;46;48;57;52
960.0;199;232;130;143;120;129;59;52;68;60;46;47;60;55
966.0;198;234;131;146;119;129;58;55;64;59;43;51;59;54
972.0;195;235;134;147;120;127;58;57;61;52;49;54;59;52
978.0;197;237;131;147;121;125;58;60;59;51;52;54;60;48
984.0;199;234;133;145;119;125;55;57;62;55;50;56;62;48
990.0;199;238;130;144;115;128;54;57;60;57;51;57;63;47
996.0;201;237;128;142;115;128;52;58;60;57;51;58;64;49
1002.0;203;240;126;142;111;131;52;58;58;57;49;62;62;49
1008.0;201;241;127;143;114;128;54;57;55;58;50;61;62;49
1014.0;203;240;127;142;116;125;54;55;55;59;51;62;60;51
1020.0;202;243;129;143;117;122;55;54;50;60;50;64;58;53
1026.0;198;246;129;146;112;124;51;51;49;63;52;64;58;57
1032.0;198;247;128;150;114;122;52;48;51;61;50;61;56;62
1038.0;199;245;126;149;115;123;49;49;53;62;49;63;57;61
1044.0;201;246;126;147;118;122;48;52;49;60;49;65;58;59
1050.0;201;244;123;150;118;122;48;54;51;60;48;65;57;59
1056.0;201;240;118;154;120;121;48;57;52;60;48;63;61;57
1062.0;201;241;119;160;114;120;46;62;48;60;44;64;61;60
1068.0;205;243;116;159;114;123;48;61;48;58;42;65;58;60
1074.0;209;243;113;158;113;124;50;63;47;59;41;60;63;57
1080.0;212;241;115;156;117;126;47;61;50;56;41;61;62;55
1086.0;213;244;115;158;119;128;44;62;48;56;42;61;60;50
1092.0;210;241;116;160;117;129;44;64;49;57;43;60;60;50
1098.0;209;239;114;160;116;131;47;62;51;57;44;58;59;53
1104.0;209;239;113;161;119;131;49;61;46;58;43;57;59;55
1110.0;210;244;110;156;119;130;48;64;46;60;42;60;61;50
1116.0;211;241;113;154;118;130;48;66;45;61;44;57;62;50
1122.0;209;243;113;156;117;131;45;69;47;62;44;56;63;45
1128.0;208;242;112;156;121;128;47;67;51;60;47;53;61;47
1134.0;210;238;111;153;121;130;50;68;53;60;50;53;59;44
1140.0;211;239;112;152;123;125;53;70;51;60;47;54;63;40
1146.0;210;239;112;151;122;125;54;71;52;59;49;52;63;41
1152.0;211;238;114;150;123;121;52;71;51;61;51;53;61;43
1158.0;213;234;113;148;126;123;53;73;50;60;51;53;60;43
1164.0;212;234;116;151;127;126;55;70;50;60;47;51;56;45
1170.0;210;231;114;157;127;122;61;71;47;60;50;50;53;47
1176.0;209;229;112;156;129;123;59;67;51;64;53;48;52;48
1182.0;209;230;110;156;128;122;56;66;53;68;56;47;51;48
1188.0;211;230;108;155;130;120;56;63;54;69;54;52;50;48
1194.0;210;226;112;156;132;122;52;64;54;68;52;56;50;46
1200.0;207;228;113;158;131;122;49;63;58;65;53;55;53;45
1206.0;206;226;115;156;132;123;50;59;59;66;55;57;53;43
1212.0;208;222;116;157;132;122;52;57;57;67;58;55;56;41
1218.0;208;223;116;155;127;124;54;55;56;65;56;61;59;41
1224.0;213;225;115;148;126;124;57;55;58;68;55;60;60;36
1230.0;214;224;117;147;122;124;59;53;57;71;59;59;59;35
1236.0;214;223;119;147;123;120;58;54;55;71;57;58;64;37
1242.0;211;228;120;142;125;121;64;59;54;65;55;55;63;38
1248.0;215;227;122;144;126;122;66;60;50;59;55;54;62;38
1254.0;214;227;120;146;124;127;64;58;51;59;54;55;64;37
1260.0;216;231;118;147;124;126;62;59;50;57;53;56;65;36
1266.0;216;230;118;145;122;135;60;62;49;54;50;57;65;37
1272.0;217;227;115;149;127;137;57;61;48;57;50;56;60;39
1278.0;216;228;119;147;127;137;57;61;49;53;49;57;60;40
1284.0;216;228;119;148;123;136;58;64;50;54;49;56;57;42
1290.0;218;225;121;145;124;133;57;65;52;52;48;61;58;41
1296.0;218;225;120;143;122;133;59;68;53;49;53;60;54;43
1302.0;217;227;124;145;119;130;63;68;56;49;50;61;53;38
1308.0;218;226;123;143;120;131;63;68;56;47;50;66;54;35
1314.0;219;228;125;146;119;128;62;66;52;49;48;66;52;40
1320.0;221;225;124;143;121;128;65;62;47;50;50;68;54;42
1326.0;223;225;126;142;122;130;62;65;45;48;48;65;54;45
1332.0;219;228;126;142;125;132;61;65;42;47;47;63;55;48
1338.0;218;228;122;141;126;128;63;64;42;50;48;61;57;52
1344.0;219;229;121;140;125;128;62;66;43;52;48;61;57;49
1350.0;221;226;119;140;126;126;63;62;44;55;50;60;57;51
1356.0;220;222;119;140;125;126;63;63;49;53;52;61;56;51
1362.0;220;221;121;141;125;131;63;60;47;52;50;62;54;53
1368.0;219;223;119;141;127;130;65;61;47;52;51;59;54;52
1374.0;222;222;119;140;129;132;65;60;42;52;55;61;50;51
1380.0;224;223;117;146;128;132;66;57;40;52;56;59;50;50
1386.0;223;228;118;149;124;134;64;55;41;50;54;58;52;50
1392.0;226;226;116;151;124;133;64;57;41;51;54;61;48;48
1398.0;222;227;115;145;129;134;61;57;43;53;54;59;51;50
1404.0;227;225;117;143;133;131;59;58;46;50;51;59;51;50
1410.0;226;227;118;144;133;134;60;52;46;50;50;59;52;49
1416.0;226;226;119;144;133;131;62;53;48;52;49;56;53;48
1422.0;226;226;120;147;137;128;62;49;45;54;46;56;51;53
1428.0;226;228;118;146;139;122;65;48;47;55;46;57;50;53
1434.0;227;228;118;147;141;123;63;45;46;53;48;56;49;56
1440.0;227;227;114;148;140;125;60;49;48;54;47;56;49;56
1446.0;228;226;118;148;143;123;60;47;48;57;47;55;43;57
1452.0;230;222;116;151;142;124;58;48;46;57;50;56;41;59
1458.0;231;219;113;149;147;127;56;51;45;57;47;52;46;60
1464.0;229;219;113;151;149;125;57;50;45;54;48;53;46;61
1470.0;230;221;113;151;146;122;59;48;47;54;48;50;47;64
1476.0;230;221;111;150;145;120;56;52;45;56;50;51;48;65
1482.0;232;215;111;148;149;120;61;51;46;56;49;51;46;65
1488.0;237;213;109;151;144;118;62;51;47;55;53;50;46;64
1494.0;233;213;110;155;143;117;61;56;46;57;50;47;46;66
1500.0;233;212;112;152;142;117;62;57;47;57;51;49;45;64
1506.0;239;210;111;150;143;117;62;57;46;58;53;48;42;64
1512.0;237;212;115;148;141;118;63;58;48;56;51;47;40;66
1518.0;239;213;118;149;141;120;60;57;51;55;51;42;38;66
1524.0;236;212;120;152;138;124;58;55;51;54;48;46;39;67
1530.0;242;212;121;152;131;125;53;52;53;55;49;47;40;68
1536.0;239;211;123;149;128;128;53;52;52;58;49;49;43;66
1542.0;239;212;123;150;129;127;54;50;52;57;48;49;43;67
1548.0;240;211;123;150;129;129;53;48;53;57;50;47;45;65
1554.0;241;212;126;148;127;128;54;49;53;54;54;44;43;67
1560.0;241;213;123;148;128;126;55;53;55;51;54;46;43;64
1566.0;242;211;122;147;125;127;57;53;54;52;53;46;44;67
1572.0;240;213;120;148;126;130;60;53;54;50;54;41;44;67
1578.0;237;216;122;144;125;129;60;52;56;48;56;44;43;68
1584.0;234;214;123;144;129;130;56;50;53;49;58;45;44;71
1590.0;234;216;132;143;129;131;59;43;52;48;57;41;44;71
1596.0;232;216;132;144;130;129;60;44;55;48;55;43;42;70
1602.0;229;218;132;145;130;127;61;42;55;47;56;44;44;70
1608.0;230;217;133;140;130;129;62;42;55;47;54;43;46;72
1614.0;228;215;133;141;128;127;58;42;59;48;55;46;44;76
1620.0;228;217;135;138;128;128;59;42;59;48;55;44;45;74
1626.0;227;216;133;138;129;124;59;44;59;52;56;42;47;74
1632.0;225;216;131;137;125;123;65;42;60;51;56;44;52;73
1638.0;228;218;130;137;126;121;67;43;59;51;53;46;50;71
1644.0;223;216;131;133;127;123;67;44;58;51;53;47;53;74
1650.0;223;220;132;138;126;123;67;45;56;51;49;50;52;68
1656.0;223;225;132;137;126;121;67;42;56;56;49;50;52;64
1662.0;222;224;133;138;125;119;65;41;56;57;51;50;54;65
1668.0;223;224;131;139;122;125;62;44;55;56;48;53;52;66
1674.0;224;224;130;143;123;125;58;44;55;56;51;50;51;66
1680.0;222;221;129;142;126;129;57;44;56;57;55;48;48;66
1686.0;223;225;131;143;123;124;58;42;51;62;54;48;48;68
1692.0;225;224;126;145;122;120;60;44;51;64;55;49;51;64
1698.0;225;226;123;146;121;121;61;45;55;61;52;49;50;65
1704.0;222;224;121;140;124;127;59;47;55;62;52;48;51;68
1710.0;226;223;120;144;121;126;60;49;53;59;54;47;51;67
1716.0;225;222;119;143;122;127;61;54;49;58;53;50;51;66
1722.0;227;217;122;143;123;126;59;54;47;61;53;51;51;66
1728.0;229;222;119;140;127;130;56;53;47;62;50;49;53;63
1734.0;231;224;123;137;126;129;57;50;46;65;50;54;49;59
1740.0;234;223;123;134;129;127;52;48;49;69;52;53;49;58
1746.0;235;222;122;138;134;126;57;46;49;65;54;50;46;56
1752.0;236;221;125;137;137;124;55;45;51;64;53;47;47;58
1758.0;235;220;122;137;138;124;51;47;52;68;57;46;50;53
1764.0;234;216;121;136;143;126;50;49;51;66;59;45;51;53
1770.0;229;216;123;133;146;125;53;54;53;62;63;44;47;52
1776.0;227;214;125;130;147;128;51;58;53;63;59;42;48;55
1782.0;227;217;122;133;148;128;51;59;53;60;54;46;48;54
1788.0;220;216;125;136;150;132;51;64;49;58;53;43;48;55
1794.0;221;215;125;135;147;132;52;66;48;56;55;45;49;54
1800.0;218;214;129;136;145;124;52;69;50;55;56;48;49;55
1806.0;217;215;131;139;141;124;53;67;49;55;55;46;50;58
1812.0;216;214;131;139;143;121;49;69;51;53;57;51;48;58
1818.0;217;212;131;138;145;119;50;69;52;54;58;48;49;58
1824.0;214;210;132;141;148;122;47;69;54;53;54;51;47;58
1830.0;212;211;127;143;149;122;48;67;52;55;51;51;51;61
1836.0;210;210;127;143;148;124;48;69;52;55;50;51;51;62
1842.0;210;208;130;143;145;119;46;68;58;55;48;55;50;65
1848.0;209;210;128;146;145;118;45;67;56;59;50;50;53;64
1854.0;210;209;129;148;143;119;48;69;55;58;47;49;52;64
1860.0;210;208;131;150;143;118;50;69;53;58;44;51;52;63
1866.0;209;210;133;147;143;120;53;69;52;60;40;51;49;64
1872.0;211;210;132;149;143;122;52;69;51;57;38;50;51;65
1878.0;213;209;136;147;143;125;55;69;53;56;36;51;45;62
1884.0;213;213;137;146;143;125;51;68;52;59;34;50;43;66
1890.0;217;212;132;143;148;127;50;68;56;58;30;53;44;62
1896.0;218;212;132;141;152;129;47;68;59;54;30;51;45;62
1902.0;219;210;129;140;153;125;45;67;61;58;33;56;44;60
1908.0;222;211;130;144;153;123;40;67;58;57;31;52;47;65
1914.0;222;211;128;145;152;124;40;68;56;57;32;48;48;69
1920.0;223;209;127;142;153;123;38;65;59;57;33;48;50;73
1926.0;222;208;130;139;154;123;39;62;62;56;36;49;50;70
1932.0;220;209;136;138;150;122;42;64;59;56;37;46;48;73
1938.0;222;207;136;135;149;120;44;65;59;58;36;47;49;73
1944.0;219;205;140;134;150;120;42;67;61;57;33;47;50;75
1950.0;222;206;144;132;144;124;40;68;60;58;27;47;52;76
1956.0;220;208;143;131;144;123;38;70;64;57;30;47;52;73
1962.0;218;214;144;131;147;122;39;70;63;56;32;48;48;68
1968.0;218;212;146;131;152;120;38;71;62;56;32;48;49;65
1974.0;217;213;146;130;153;121;40;69;63;59;32;45;50;62
