#auto generated file!
12.0;67;59;55;79;75;71;58;75;85;79;78;64;69;86
18.0;70;67;61;79;73;69;60;73;85;76;77;64;67;79
24.0;73;68;64;77;77;73;58;67;83;78;77;67;65;73
30.0;76;70;65;74;81;79;60;69;77;75;75;68;62;69
36.0;78;71;67;75;81;81;58;70;75;74;75;65;61;69
42.0;80;71;71;76;82;82;54;70;73;71;74;66;61;69
48.0;81;74;75;75;80;85;52;69;73;70;75;65;62;64
54.0;81;79;76;76;77;86;54;66;73;70;76;64;58;64
60.0;83;81;77;79;79;89;51;64;70;67;75;65;58;62
66.0;84;85;78;80;79;89;52;63;68;67;74;63;57;61
72.0;85;88;82;81;81;87;49;60;68;67;74;62;56;60
78.0;86;86;83;81;83;86;49;61;63;67;74;64;54;63
84.0;89;86;86;82;82;83;50;58;66;69;66;65;54;64
90.0;90;87;87;83;82;83;50;60;65;65;67;64;52;65
96.0;95;87;87;86;83;86;44;57;65;65;66;64;53;62
102.0;95;91;87;90;87;88;44;55;56;64;63;67;53;60
108.0;96;90;90;90;91;90;45;52;56;63;61;65;52;59
114.0;96;94;91;93;93;88;47;56;54;59;59;63;52;55
120.0;97;96;86;92;94;88;47;56;57;62;60;60;54;51
126.0;98;96;88;91;95;87;48;57;52;61;60;61;57;49
132.0;98;99;89;93;97;88;48;56;53;59;58;62;55;45
138.0;99;97;91;96;98;88;48;58;53;56;56;62;57;41
144.0;101;99;94;98;99;89;48;56;53;55;54;60;55;39
150.0;103;103;92;98;99;91;49;53;51;57;55;56;55;38
156.0;101;104;90;97;100;93;50;53;48;60;59;55;54;36
162.0;102;104;87;96;100;93;48;55;47;60;59;58;53;38
168.0;101;104;87;97;100;93;53;56;48;59;57;61;49;35
174.0;103;104;88;95;94;93;51;58;48;62;55;58;54;37
180.0;105;105;89;93;96;93;51;58;47;59;57;54;55;38
186.0;111;103;86;97;95;93;48;60;45;59;60;55;54;34
192.0;112;106;86;95;94;91;47;60;47;61;60;55;56;30
198.0;114;107;86;94;95;91;44;59;49;62;57;56;55;31
204.0;114;106;86;93;96;92;46;58;51;59;56;55;53;35
210.0;115;110;90;91;95;92;46;60;47;56;57;57;49;35
216.0;115;108;90;92;97;92;47;62;45;55;58;55;49;35
222.0;118;106;90;93;98;94;47;60;45;55;55;55;49;35
228.0;120;109;89;91;103;97;48;59;43;56;52;53;49;31
234.0;120;107;91;95;103;97;47;56;46;53;52;52;48;33
240.0;121;109;90;95;104;101;45;53;44;54;53;54;46;31
246.0;123;108;93;96;105;99;44;53;43;55;52;56;44;29
252.0;125;111;93;98;99;99;47;54;43;52;48;57;43;31
258.0;122;111;88;99;105;101;46;57;42;52;50;56;40;31
264.0;121;112;88;96;103;103;47;57;40;52;51;58;41;31
270.0;124;115;90;94;103;101;47;55;42;50;50;55;41;33
276.0;125;115;87;96;101;102;45;53;44;50;49;55;44;34
282.0;126;115;88;97;98;106;45;52;44;50;51;53;42;33
288.0;124;121;88;96;101;106;44;48;45;50;49;56;39;33
294.0;126;121;89;95;102;105;45;45;46;47;51;54;38;36
300.0;124;120;89;94;102;105;48;43;47;47;50;54;37;40
306.0;124;119;90;93;106;105;47;37;45;47;50;56;40;41
312.0;128;119;92;94;105;107;47;36;43;46;50;52;41;40
318.0;127;119;96;92;106;105;47;36;43;44;47;50;46;42
324.0;128;122;96;94;108;105;45;36;41;46;44;51;44;40
330.0;127;122;97;96;109;105;43;36;41;44;46;48;44;42
336.0;126;124;96;97;108;109;43;35;42;46;45;45;43;41
342.0;127;123;97;98;109;105;43;36;41;46;45;48;42;40
348.0;126;126;99;98;109;105;41;40;38;45;45;50;40;38
354.0;123;129;100;101;108;104;40;39;39;42;44;48;40;43
360.0;121;128;100;100;111;101;36;39;40;42;46;51;42;43
366.0;122;127;100;102;109;104;37;38;41;44;45;50;41;40
372.0;119;129;99;100;106;102;36;40;43;45;47;55;38;41
378.0;117;130;97;98;105;103;37;40;39;47;48;58;40;41
384.0;116;132;95;99;107;103;38;41;37;49;47;57;39;40
390.0;114;132;94;100;107;101;36;41;36;51;50;58;39;41
396.0;116;136;91;100;104;99;38;41;37;49;50;59;39;41
402.0;117;135;93;100;100;98;38;42;36;50;49;60;39;43
408.0;118;131;92;103;101;101;41;44;36;46;50;59;37;41
414.0;119;134;93;103;101;99;43;44;38;43;45;60;38;40
420.0;116;134;98;104;99;103;43;45;37;43;40;63;36;39
426.0;116;133;102;106;102;101;44;43;37;40;42;62;32;40
432.0;115;134;98;105;100;100;43;44;38;40;45;61;34;43
438.0;118;135;98;104;102;97;42;43;38;39;46;58;36;44
444.0;117;133;99;103;99;96;43;46;36;42;47;56;39;44
450.0;116;132;103;101;100;97;43;46;38;41;44;55;43;41
456.0;115;131;103;101;100;97;45;46;40;39;44;54;46;39
462.0;111;132;105;102;96;96;47;46;43;40;43;52;46;41
468.0;112;130;106;104;96;96;45;47;46;39;45;53;42;39
474.0;112;131;109;103;94;97;44;50;46;37;43;52;43;39
480.0;112;133;109;105;93;95;45;41;47;36;42;53;47;42
486.0;112;134;109;105;92;95;45;40;48;33;45;54;47;41
492.0;116;134;107;105;94;93;44;38;47;36;45;53;47;41
498.0;115;137;106;107;97;93;44;35;46;35;45;54;48;38
504.0;115;138;103;106;99;94;46;32;48;37;42;51;50;39
510.0;116;137;102;108;94;95;46;31;47;38;45;52;49;40
516.0;118;138;102;105;94;97;43;34;46;40;48;48;50;37
522.0;122;135;100;107;92;96;43;33;46;41;47;50;51;37
528.0;124;134;102;109;92;94;42;34;46;40;45;50;50;38
534.0;125;134;102;108;92;95;42;34;44;43;45;50;50;36
540.0;128;138;98;110;92;95;42;36;42;40;43;49;50;37
546.0;133;136;98;112;96;93;42;37;41;38;45;47;46;36
552.0;133;133;99;113;94;95;41;39;42;39;44;47;46;35
558.0;137;133;98;117;93;94;40;40;40;41;42;48;42;35
564.0;137;133;100;118;95;94;41;38;42;39;43;43;42;35
570.0;133;135;101;117;93;97;42;37;40;39;44;44;46;32
576.0;128;136;102;115;93;100;40;36;41;38;43;46;46;36
582.0;129;134;100;116;92;103;37;39;39;38;47;42;50;34
588.0;129;135;100;115;91;102;40;41;39;39;45;42;47;35
594.0;129;135;98;114;91;102;41;43;39;38;43;44;49;34
600.0;125;137;100;110;91;103;42;41;37;40;42;47;50;35
606.0;126;137;98;109;92;99;41;39;39;41;42;48;51;38
612.0;124;137;98;110;93;101;40;36;41;40;41;51;52;36
618.0;123;137;98;111;96;101;41;36;39;40;40;50;51;37
624.0;123;135;99;112;94;99;43;36;42;45;40;44;51;37
630.0;126;133;98;111;94;100;45;39;39;42;40;42;52;39
636.0;126;137;100;115;94;96;39;40;39;38;39;43;54;40
642.0;128;136;98;112;96;95;39;39;38;42;37;44;55;41
648.0;128;135;100;112;93;95;38;40;38;42;38;44;56;41
654.0;128;137;102;112;94;95;37;40;37;43;39;44;53;39
660.0;126;139;104;112;94;96;35;40;34;43;42;46;52;37
666.0;125;140;104;110;95;98;34;38;36;52;38;44;49;37
672.0;125;140;106;109;95;99;32;39;31;52;39;45;48;40
678.0;127;140;105;108;96;100;30;42;30;50;41;44;50;37
684.0;128;142;107;110;96;100;29;41;30;46;41;45;50;35
690.0;131;141;107;106;98;98;33;40;29;46;39;45;52;35
696.0;130;141;109;104;99;97;30;46;31;46;38;43;50;36
702.0;129;141;107;103;100;98;31;44;31;48;38;41;51;38
708.0;131;140;105;103;99;101;33;41;32;46;40;45;51;33
714.0;131;140;107;101;102;104;29;41;33;45;38;46;50;33
720.0;132;142;108;102;103;101;31;41;32;44;36;48;48;32
726.0;133;144;110;102;106;100;29;40;34;42;36;46;48;30
732.0;132;143;111;102;108;103;31;37;32;45;36;45;46;29
738.0;136;146;112;103;105;99;26;37;33;43;35;46;50;29
744.0;138;144;106;103;105;98;29;39;33;42;38;46;48;31
750.0;138;144;105;101;104;98;32;36;35;45;40;47;46;29
756.0;137;144;104;101;102;96;34;37;34;48;36;48;50;29
762.0;134;145;101;105;103;97;36;37;33;48;37;46;49;29
768.0;137;144;103;106;101;97;36;37;37;46;36;46;46;28
774.0;138;143;103;110;101;96;36;39;40;45;34;46;42;27
780.0;136;146;99;109;97;96;37;40;43;45;35;51;40;26
786.0;139;144;96;107;94;98;41;37;40;47;34;51;41;31
792.0;139;145;94;111;92;98;37;37;44;48;32;51;38;34
798.0;141;145;94;113;90;99;36;37;46;49;30;49;37;34
804.0;142;144;95;112;89;102;36;37;48;48;33;46;34;34
810.0;145;145;94;112;92;104;39;37;45;44;32;44;33;34
816.0;144;149;98;110;93;103;42;38;45;42;28;45;32;31
822.0;145;148;99;109;93;102;38;38;45;46;29;43;32;33
828.0;148;148;99;109;99;99;37;37;48;47;26;44;29;30
834.0;147;149;103;113;98;98;34;33;50;49;28;40;28;30
840.0;146;151;106;108;99;100;35;32;51;49;27;40;28;28
846.0;143;153;108;106;97;99;36;31;49;45;31;39;32;31
852.0;143;150;106;107;95;100;37;31;52;47;33;37;32;30
858.0;145;152;105;111;93;99;33;32;54;45;31;37;31;32
864.0;144;154;104;109;91;101;34;32;55;45;33;37;29;32
870.0;144;153;103;108;90;104;37;32;50;44;33;38;30;34
876.0;141;153;102;108;92;102;38;33;49;42;36;37;31;36
882.0;142;152;100;110;92;101;39;33;50;45;35;37;31;33
888.0;142;153;101;111;92;98;40;33;52;45;34;35;30;34
894.0;143;152;100;114;92;94;39;36;49;45;37;35;31;33
900.0;143;150;103;116;92;94;38;37;48;45;37;34;31;32
906.0;143;148;104;120;92;92;39;39;46;45;33;36;31;32
912.0;141;146;104;121;94;95;37;40;44;44;35;33;32;34
918.0;142;148;102;123;93;95;40;38;46;46;34;29;31;33
924.0;138;150;102;122;90;96;41;38;45;45;36;32;30;35
930.0;137;150;100;119;90;98;44;38;45;45;36;33;32;33
936.0;138;149;98;121;91;100;44;39;46;44;35;34;31;30
942.0;136;153;96;119;92;100;45;41;48;42;34;33;29;32
948.0;135;155;94;119;92;99;46;40;51;40;36;31;29;33
954.0;131;156;94;120;90;101;45;43;50;41;36;29;29;35
960.0;131;156;93;118;90;104;44;42;50;40;36;33;29;34
966.0;130;158;90;117;89;103;46;43;52;35;40;33;31;33
972.0;127;158;87;117;91;102;51;45;45;34;42;32;33;36
978.0;126;161;86;119;89;105;50;44;50;31;38;33;33;35
984.0;127;162;87;118;92;106;48;48;48;30;32;34;34;34
990.0;128;161;89;121;93;102;44;47;49;28;35;37;32;34
996.0;129;163;89;121;88;102;41;45;51;30;35;37;35;34
1002.0;128;163;91;124;86;102;38;45;52;30;35;36;39;31
1008.0;133;165;89;121;86;101;43;43;51;29;34;38;35;32
1014.0;134;164;94;121;83;99;43;43;52;30;33;34;37;33
1020.0;131;164;95;123;83;97;45;44;55;28;34;32;37;32
1026.0;132;168;97;121;84;95;44;43;59;27;35;31;35;29
1032.0;135;169;97;121;85;97;47;44;56;25;33;30;32;29
1038.0;137;170;97;118;84;98;47;43;56;26;33;30;33;28
1044.0;136;171;101;118;84;97;45;43;54;26;32;31;34;28
1050.0;136;175;102;118;83;95;44;43;52;27;32;29;36;28
1056.0;137;172;101;118;84;93;41;41;50;29;36;32;38;28
1062.0;140;170;100;119;84;93;39;38;53;30;35;32;39;28
1068.0;136;174;101;120;85;89;39;36;54;34;35;32;38;27
1074.0;135;174;99;125;84;89;41;36;55;31;36;29;39;27
1080.0;139;171;100;123;86;87;43;36;52;30;37;31;37;28
1086.0;140;173;99;121;85;85;46;36;52;28;39;31;35;30
1092.0;139;172;97;120;84;88;43;37;53;27;42;30;36;32
1098.0;139;173;98;121;82;90;43;38;52;24;42;31;35;32
1104.0;139;174;97;116;85;93;44;37;53;23;40;31;33;35
1110.0;136;172;98;113;86;95;43;38;51;23;42;34;33;36
1116.0;133;173;99;112;87;94;41;38;50;24;44;33;33;39
1122.0;131;172;98;111;87;91;44;38;49;26;46;31;36;40
1128.0;131;172;99;109;86;92;44;40;47;25;45;32;38;40
1134.0;131;172;100;108;84;90;44;40;43;29;44;36;38;41
1140.0;131;172;102;103;83;86;45;42;43;31;41;40;37;44
1146.0;129;173;102;104;82;88;46;43;43;31;44;38;36;41
1152.0;131;171;103;107;85;84;48;40;41;32;44;37;36;41
1158.0;131;173;103;109;84;84;50;39;39;33;46;33;36;40
1164.0;132;169;104;110;83;85;50;38;39;34;46;32;37;41
1170.0;132;173;102;111;83;88;48;37;38;33;45;34;36;40
1176.0;134;175;106;111;80;88;47;38;38;35;42;36;31;39
1182.0;134;172;109;108;80;88;48;35;41;34;42;37;32;40
1188.0;133;173;108;107;80;87;48;35;40;34;41;40;33;41
1194.0;133;173;108;108;81;87;47;35;35;33;44;39;35;42
1200.0;133;171;107;105;83;87;48;35;32;40;46;38;32;43
1206.0;133;171;107;108;86;87;43;38;35;41;43;34;32;42
1212.0;135;167;107;109;88;86;40;36;34;45;42;34;33;44
1218.0;137;164;105;110;90;84;39;34;37;44;41;34;39;42
1224.0;137;162;108;112;91;86;36;33;37;44;43;32;38;41
1230.0;139;158;109;113;92;84;36;34;38;41;44;34;35;43
1236.0;140;155;109;111;94;85;35;34;37;41;43;35;37;44
1242.0;138;155;110;110;94;83;37;36;38;42;42;35;38;42
1248.0;133;156;112;109;93;82;38;34;39;40;44;35;40;45
1254.0;134;158;113;109;91;86;39;32;38;40;47;30;39;44
1260.0;132;158;112;109;89;84;42;36;38;39;46;29;40;46
1266.0;137;157;111;108;88;82;39;39;39;38;45;31;41;45
1272.0;139;157;111;110;88;81;40;37;40;35;45;32;41;44
1278.0;138;152;112;108;92;81;43;35;43;33;45;30;43;45
1284.0;139;153;113;106;90;84;43;36;44;36;43;29;42;42
1290.0;141;157;113;107;90;84;41;38;41;34;44;30;41;39
1296.0;140;156;110;109;91;85;37;40;39;38;44;31;40;40
1302.0;142;157;110;110;90;86;36;41;38;38;43;32;37;40
1308.0;146;159;105;107;90;84;35;44;38;41;45;32;37;37
1314.0;145;159;106;107;87;84;36;45;40;40;46;34;33;38
1320.0;147;159;107;104;88;84;36;42;41;39;49;37;31;36
1326.0;148;159;105;102;87;82;34;42;41;42;51;40;30;37
1332.0;151;159;108;103;90;85;33;39;41;37;50;40;31;33
1338.0;152;160;105;102;91;85;32;41;41;36;48;40;34;33
1344.0;150;161;107;104;90;85;30;41;40;38;49;39;34;32
1350.0;149;159;108;103;88;86;33;41;42;39;48;37;37;30
1356.0;154;157;108;107;88;85;34;40;37;38;48;35;37;32
1362.0;157;157;107;108;90;86;34;39;36;37;46;33;38;32
1368.0;156;158;105;109;90;86;35;44;37;37;41;33;35;34
1374.0;157;156;109;107;88;85;33;42;34;38;42;34;39;36
1380.0;158;159;108;107;88;86;30;44;34;39;40;33;38;36
1386.0;160;158;110;109;91;79;32;42;33;41;38;34;37;36
1392.0;163;159;110;109;90;78;32;39;33;41;38;33;37;38
1398.0;162;158;111;108;93;80;35;35;33;44;34;32;36;39
1404.0;163;159;110;104;91;81;36;33;34;44;35;33;37;40
1410.0;163;160;110;104;89;82;35;33;35;43;34;34;37;41
1416.0;165;160;108;103;89;80;37;32;35;45;32;33;39;42
1422.0;162;159;110;104;88;81;35;28;37;46;33;35;38;44
1428.0;162;159;106;107;88;80;33;31;37;48;33;34;36;46
1434.0;164;159;107;108;86;78;33;33;40;46;33;32;34;47
1440.0;163;157;105;107;89;79;34;32;43;44;30;35;35;47
1446.0;160;160;107;105;92;77;32;33;44;44;31;34;34;47
1452.0;162;159;107;105;91;80;31;33;42;43;32;35;34;46
1458.0;160;158;107;107;91;80;33;33;40;42;31;38;33;47
1464.0;160;159;104;106;91;82;33;33;40;40;32;41;36;43
1470.0;163;163;103;103;92;82;33;34;41;37;30;41;37;41
1476.0;162;162;104;103;94;82;34;36;42;35;31;39;39;37
1482.0;163;160;102;103;92;82;35;36;46;36;30;41;37;37
1488.0;160;159;103;105;90;83;35;35;45;35;30;45;39;36
1494.0;163;159;101;105;89;84;36;35;45;34;29;46;36;38
1500.0;161;158;101;106;89;83;36;34;47;34;27;48;38;38
1506.0;164;157;99;102;91;83;37;35;47;34;28;45;39;39
1512.0;163;159;97;103;87;86;36;37;46;33;31;44;39;39
1518.0;162;161;95;106;85;87;37;34;47;32;31;45;40;38
1524.0;163;162;94;106;84;85;37;33;48;32;29;47;41;39
1530.0;164;162;91;109;85;84;38;32;49;33;29;47;40;37
1536.0;161;162;93;109;83;85;37;31;49;35;30;45;42;38
1542.0;161;161;90;110;83;88;35;30;52;32;31;46;44;37
1548.0;161;159;91;110;83;89;38;30;52;34;30;39;44;40
1554.0;159;158;94;111;83;90;37;33;48;33;28;41;43;42
1560.0;160;156;92;112;82;90;38;35;47;34;27;42;42;43
1566.0;163;157;92;113;82;88;39;32;47;32;29;42;42;42
1572.0;164;153;92;115;84;88;36;34;45;30;33;41;42;43
1578.0;163;153;91;114;87;87;36;36;46;27;32;43;43;42
1584.0;163;154;95;113;88;85;38;36;45;26;30;43;45;39
1590.0;165;155;97;113;88;84;38;32;42;28;30;44;44;40
1596.0;164;154;96;109;87;86;37;34;44;28;28;46;45;42
1602.0;167;156;95;110;88;85;38;35;43;28;29;42;43;41
1608.0;167;152;94;109;90;80;38;36;44;31;29;43;43;44
1614.0;165;151;93;109;91;78;41;34;43;31;32;43;43;46
1620.0;163;152;88;107;94;80;42;35;45;30;31;42;47;44
1626.0;161;155;85;103;96;83;43;36;47;29;31;41;46;44
1632.0;164;157;84;101;98;88;42;36;44;27;30;42;46;41
1638.0;164;157;84;100;98;89;43;34;46;25;31;42;46;41
1644.0;168;156;83;101;100;90;40;35;46;24;30;41;45;41
1650.0;172;156;84;101;101;90;38;34;44;26;30;42;41;41
1656.0;174;155;80;101;101;90;38;35;44;27;30;42;38;45
1662.0;173;154;79;97;101;88;41;38;44;29;32;41;39;44
1668.0;176;155;81;96;100;85;41;36;42;33;32;44;38;41
1674.0;177;156;79;98;97;87;38;35;42;34;34;44;39;40
1680.0;180;155;75;97;97;90;39;39;39;32;34;42;39;42
1686.0;176;158;75;98;95;92;37;39;40;30;39;39;40;42
1692.0;173;157;75;99;98;91;37;41;39;30;39;40;43;38
1698.0;172;160;73;99;97;92;34;41;39;30;43;40;43;37
1704.0;169;161;71;101;96;91;33;42;40;31;39;43;43;40
1710.0;172;162;72;100;98;90;35;42;41;29;38;41;40;40
1716.0;169;166;72;100;98;91;32;44;38;31;39;41;42;37
1722.0;170;167;74;99;100;92;29;42;37;37;38;38;41;36
1728.0;166;167;76;98;98;93;30;42;37;34;37;40;45;37
1734.0;168;169;74;97;100;91;31;38;37;35;38;39;45;38
1740.0;169;169;74;97;99;91;31;36;35;34;38;38;48;41
1746.0;169;167;73;97;102;90;29;37;33;36;39;38;46;44
1752.0;169;165;72;95;104;90;31;39;33;34;39;39;45;45
1758.0;167;165;71;97;103;95;31;39;32;32;39;39;43;47
1764.0;167;164;74;93;104;96;31;38;32;32;41;37;42;49
1770.0;165;167;77;93;106;93;31;39;33;30;40;36;43;47
1776.0;165;170;80;95;107;94;32;37;30;29;40;37;40;44
1782.0;161;170;81;95;107;92;31;36;30;32;40;40;40;45
1788.0;160;170;82;97;105;91;29;36;30;33;41;40;40;46
1794.0;156;173;82;96;107;93;31;35;30;33;39;38;39;48
1800.0;154;174;80;97;109;91;34;34;32;36;38;38;37;46
1806.0;151;175;81;99;108;92;32;36;34;33;38;36;38;47
1812.0;153;176;82;97;108;88;34;37;33;35;38;38;37;44
1818.0;155;175;84;97;108;87;35;37;35;35;37;36;38;41
1824.0;155;175;86;98;104;89;34;36;35;36;38;38;39;37
1830.0;156;174;85;101;102;87;39;35;35;37;36;39;39;35
1836.0;158;173;84;102;100;89;38;33;33;38;38;42;36;36
1842.0;159;173;86;100;100;88;40;34;33;37;39;43;34;34
1848.0;159;167;86;101;99;86;41;36;33;37;37;44;38;36
1854.0;160;167;84;103;97;87;46;34;33;36;38;43;39;33
1860.0;157;165;83;107;97;86;48;37;33;37;38;41;38;33
1866.0;157;167;81;104;96;85;49;37;34;38;38;42;37;35
1872.0;158;167;81;105;98;87;45;37;34;35;38;43;36;36
1878.0;153;166;81;104;97;90;44;35;37;36;38;45;40;34
1884.0;150;166;80;105;97;91;44;34;36;37;38;48;41;33
1890.0;149;165;80;104;99;91;40;37;35;39;41;49;40;31
1896.0;149;167;80;104;101;94;37;38;36;36;38;50;37;33
1902.0;150;171;81;99;101;91;35;36;38;38;38;46;39;37
1908.0;152;171;81;99;102;89;36;32;36;41;40;46;38;37
1914.0;151;171;83;100;104;88;35;30;38;38;42;46;37;37
1920.0;152;167;86;100;108;88;34;30;36;40;42;45;34;38
1926.0;152;165;85;101;107;88;34;30;36;41;41;48;33;39
1932.0;148;166;84;101;106;88;38;31;38;41;39;48;34;38
1938.0;148;166;87;102;103;88;40;34;37;38;37;47;36;37
1944.0;149;165;85;106;102;90;40;35;35;42;34;46;40;31
1950.0;148;164;86;103;100;88;39;33;37;42;33;48;46;33
1956.0;146;164;84;102;101;86;38;35;39;43;35;50;45;32
1962.0;147;164;84;103;101;86;38;35;38;42;36;47;45;34
1968.0;143;164;87;103;101;88;39;33;36;40;37;48;43;38
1974.0;140;167;85;102;99;89;38;32;36;41;36;50;43;42
