#auto generated file!
12.0;36;39;42;42;49;37;43;38;43;48;50;35;52;46
18.0;38;42;44;38;49;39;41;37;43;48;52;35;50;44
24.0;40;45;42;40;50;40;38;37;41;47;50;35;50;45
30.0;39;47;42;41;50;41;37;37;40;44;54;35;49;44
36.0;40;48;42;42;50;38;37;38;41;42;53;36;50;43
42.0;41;52;43;43;50;42;32;36;42;38;49;40;50;42
48.0;41;53;43;43;52;42;31;34;41;39;49;41;50;41
54.0;44;54;42;43;54;39;28;35;43;37;49;44;48;40
60.0;46;54;41;43;57;39;27;33;44;35;49;44;48;40
66.0;48;57;41;43;55;41;28;33;44;35;46;44;46;39
72.0;48;57;45;46;56;42;28;32;42;33;44;45;45;37
78.0;49;59;46;49;57;42;27;33;41;33;42;44;41;37
84.0;50;59;46;51;56;42;29;32;41;32;41;42;43;36
90.0;51;60;47;51;55;46;31;31;39;29;37;43;43;37
96.0;49;62;50;53;54;48;29;27;37;29;36;46;44;36
102.0;52;65;50;54;53;49;30;27;34;29;35;43;41;38
108.0;54;65;51;56;53;47;29;25;34;30;35;43;42;36
114.0;56;65;52;57;51;45;29;24;33;32;37;44;41;34
120.0;59;64;54;58;49;45;34;24;33;31;35;43;38;33
126.0;60;66;55;58;54;43;33;23;32;31;35;41;36;33
132.0;61;66;55;59;55;43;33;21;33;30;37;40;34;33
138.0;61;68;53;60;57;44;31;21;34;28;37;39;34;33
144.0;64;72;52;59;59;42;30;21;33;28;36;38;34;32
150.0;65;71;51;59;60;44;29;20;34;25;35;37;34;36
156.0;67;70;52;59;59;42;30;21;34;24;34;37;35;36
162.0;67;71;53;57;60;43;30;20;32;22;36;38;35;36
168.0;65;72;51;57;62;41;31;23;32;23;37;36;35;35
174.0;66;74;48;57;61;42;28;25;32;23;38;35;35;36
180.0;67;74;49;58;60;42;27;25;30;24;42;33;35;34
186.0;68;75;49;57;61;41;27;24;30;24;40;34;35;35
192.0;68;76;49;56;60;43;27;23;26;27;41;33;34;37
198.0;71;74;49;57;59;42;29;22;27;25;41;35;33;36
204.0;72;75;52;56;59;42;31;24;23;25;41;34;30;36
210.0;74;75;52;57;60;43;28;23;23;26;40;33;31;35
216.0;76;75;55;57;58;43;29;24;23;29;35;31;31;34
222.0;77;77;54;55;58;43;27;24;25;29;34;30;32;35
228.0;76;77;54;57;58;42;26;24;26;28;35;31;32;34
234.0;77;77;56;55;59;41;27;25;25;28;33;31;32;34
240.0;77;79;54;55;59;41;25;24;25;30;33;32;33;33
246.0;77;80;54;52;60;42;23;24;24;31;32;32;35;34
252.0;78;76;54;58;63;45;26;22;20;31;30;29;32;36
258.0;80;75;55;59;63;45;29;23;18;35;27;28;31;32
264.0;82;74;54;62;63;43;31;21;17;34;27;27;31;34
270.0;85;72;53;63;65;41;31;21;17;34;28;27;30;33
276.0;84;72;53;63;66;42;31;22;15;34;28;28;29;33
282.0;85;70;55;63;64;42;30;23;15;32;29;31;26;35
288.0;84;71;56;64;65;42;29;22;17;30;31;32;26;31
294.0;85;70;53;65;65;41;31;24;18;29;32;30;26;31
300.0;86;69;55;65;66;40;30;24;18;31;32;29;25;30
306.0;87;69;55;62;66;38;30;23;20;30;34;30;25;31
312.0;87;71;55;63;63;40;30;21;20;29;36;31;23;31
318.0;88;71;55;60;67;42;31;21;20;27;34;32;19;33
324.0;88;71;54;59;67;43;30;22;20;27;35;32;18;34
330.0;89;71;54;59;66;46;31;23;21;26;34;31;18;31
336.0;87;72;57;58;66;45;29;20;20;27;35;32;19;33
342.0;89;72;55;57;67;47;29;20;20;28;33;31;22;30
348.0;92;74;54;57;67;47;27;22;18;28;32;32;23;27
354.0;93;74;54;57;66;45;28;24;18;25;35;30;22;29
360.0;93;75;52;57;67;44;29;24;21;24;33;30;22;29
366.0;95;76;54;57;66;46;28;25;19;23;30;31;22;28
372.0;96;74;54;58;65;45;30;25;18;22;34;29;24;26
378.0;95;76;55;57;64;45;31;24;17;22;35;28;24;27
384.0;94;77;53;58;66;44;28;26;17;21;32;29;26;29
390.0;95;77;54;57;67;45;25;25;17;21;33;27;27;30
396.0;96;76;54;54;67;44;23;27;21;21;31;25;29;32
402.0;93;77;55;55;68;43;24;25;19;20;34;27;29;31
408.0;94;76;57;53;70;45;24;25;18;20;35;25;26;32
414.0;96;77;58;52;69;46;22;26;18;19;35;23;24;35
420.0;95;76;59;51;69;47;23;31;17;19;34;23;24;32
426.0;96;77;59;52;68;48;23;31;16;18;33;23;26;30
432.0;96;77;62;52;67;48;21;30;17;19;32;24;25;30
438.0;96;78;62;51;66;48;22;27;18;19;31;26;27;29
444.0;97;78;63;51;66;49;20;28;20;20;28;25;25;30
450.0;95;78;61;52;68;53;21;30;19;21;27;24;23;28
456.0;98;77;61;51;70;52;20;31;19;24;28;20;22;27
462.0;98;78;59;53;69;51;22;29;22;26;26;19;20;28
468.0;98;77;57;52;69;51;23;32;22;27;26;19;20;27
474.0;98;76;58;53;70;52;21;33;23;28;28;17;17;26
480.0;96;76;58;54;70;54;20;31;22;28;29;19;18;25
486.0;97;76;58;54;69;53;20;32;22;27;27;20;18;27
492.0;96;74;58;55;68;52;23;32;20;28;26;19;22;27
498.0;97;74;57;54;68;52;24;31;19;29;25;19;22;29
504.0;100;76;56;56;67;50;23;32;19;28;27;19;20;27
510.0;99;75;57;57;65;52;24;31;19;28;28;20;19;26
516.0;99;77;60;57;63;49;25;30;20;27;29;17;20;27
522.0;99;77;60;56;63;49;26;29;22;27;30;18;19;25
528.0;98;78;58;56;61;49;26;29;22;29;30;19;20;25
534.0;98;79;56;55;62;51;23;28;25;30;29;20;20;24
540.0;98;82;57;53;60;49;24;28;26;26;32;22;21;22
546.0;100;80;58;55;58;48;24;27;23;27;32;23;24;21
552.0;97;77;62;54;61;44;22;28;24;29;34;26;23;19
558.0;98;78;63;52;61;43;21;29;25;28;35;26;23;18
564.0;97;76;66;53;62;45;22;29;24;28;30;25;25;18
570.0;96;74;70;50;65;46;21;27;23;29;32;25;24;18
576.0;96;78;69;53;64;46;21;23;22;30;33;24;24;17
582.0;93;79;68;52;64;46;26;24;20;32;29;24;25;18
588.0;94;80;68;51;63;47;27;26;18;31;29;23;26;17
594.0;93;80;70;52;61;48;27;29;17;29;29;23;24;18
600.0;94;83;70;51;63;47;25;29;17;30;27;22;24;18
606.0;94;81;71;52;64;47;24;29;16;29;27;21;27;18
612.0;93;82;70;53;66;46;24;32;15;28;27;18;27;19
618.0;94;81;69;51;68;46;25;33;16;27;25;18;26;21
624.0;93;81;66;49;71;46;22;36;20;28;25;17;25;21
630.0;95;80;67;49;71;46;22;37;19;26;25;17;24;22
636.0;95;81;69;48;72;45;21;37;18;24;23;16;26;25
642.0;95;81;69;49;69;46;22;36;17;24;24;16;28;24
648.0;96;82;68;47;69;46;23;35;17;23;25;17;26;26
654.0;97;83;69;47;67;46;23;33;18;24;23;17;27;26
660.0;99;82;68;47;68;45;21;30;20;27;24;16;27;26
666.0;98;83;70;47;65;46;21;30;19;27;25;16;27;26
672.0;96;83;74;47;66;48;20;30;19;26;24;16;27;24
678.0;96;80;75;49;67;48;22;28;20;26;22;16;27;24
684.0;94;79;75;51;66;49;24;27;22;28;21;13;28;23
690.0;93;80;77;51;63;48;22;27;24;31;21;11;28;24
696.0;96;81;79;51;64;49;22;27;22;29;18;11;27;24
702.0;97;82;78;50;65;47;23;28;22;28;16;13;30;21
708.0;101;80;76;49;62;48;25;28;24;24;18;14;31;20
714.0;102;83;77;48;62;48;25;24;25;23;19;14;30;20
720.0;102;83;78;48;62;49;23;24;26;22;19;14;29;21
726.0;102;83;81;48;63;49;24;22;24;22;18;14;30;20
732.0;102;81;81;48;63;49;23;23;24;22;18;14;30;22
738.0;101;81;81;49;64;49;23;23;23;20;19;17;28;22
744.0;101;80;80;50;64;49;21;25;24;19;20;18;28;21
750.0;102;80;82;53;63;48;24;26;22;17;19;16;27;21
756.0;104;81;81;52;60;50;23;24;23;16;24;16;25;21
762.0;103;82;82;52;60;48;23;24;23;18;25;17;23;20
768.0;102;79;83;53;63;48;24;22;20;18;26;17;25;20
774.0;104;78;85;53;63;50;24;24;19;19;23;16;24;18
780.0;103;78;83;53;63;53;24;25;20;20;21;15;24;18
786.0;105;76;84;53;64;49;25;28;20;20;22;16;22;16
792.0;103;76;84;55;66;49;25;28;20;22;21;14;22;15
798.0;102;79;82;56;65;51;24;28;20;23;20;13;23;14
804.0;97;80;78;55;65;52;25;29;19;25;26;13;22;14
810.0;98;80;78;54;66;53;22;27;21;25;24;15;24;13
816.0;100;82;80;52;62;54;22;26;22;25;25;13;23;14
822.0;100;81;81;51;62;55;22;26;22;24;24;14;24;14
828.0;100;80;82;49;62;53;24;28;23;23;26;14;22;14
834.0;101;80;80;50;62;53;20;28;24;24;25;15;22;16
840.0;103;76;80;50;60;54;20;26;23;26;27;16;22;17
846.0;104;77;79;50;60;56;21;25;22;25;27;16;21;17
852.0;103;81;78;51;60;56;22;23;22;26;27;16;22;13
858.0;105;80;76;50;61;56;22;25;22;24;28;16;22;13
864.0;105;82;75;51;63;55;22;27;20;24;27;15;21;13
870.0;106;83;73;52;63;57;22;26;21;23;26;16;20;12
876.0;108;81;73;51;63;55;25;27;21;22;25;17;19;13
882.0;107;82;73;51;64;55;24;27;21;22;26;15;20;13
888.0;107;83;71;50;66;57;23;25;20;22;25;17;21;13
894.0;108;81;72;50;64;60;23;25;19;23;25;16;20;14
900.0;107;84;73;51;63;63;23;24;23;20;22;14;20;13
906.0;106;85;74;49;63;62;22;24;24;19;21;15;22;14
912.0;104;83;75;49;62;63;23;27;22;18;22;16;22;14
918.0;101;83;76;48;62;66;21;28;23;19;19;16;24;14
924.0;100;84;80;48;62;65;22;27;26;17;17;16;22;14
930.0;103;84;79;48;64;64;22;24;28;17;17;13;23;14
936.0;102;84;77;48;65;65;23;24;28;16;18;14;23;13
942.0;102;84;78;48;67;64;23;23;29;16;17;12;23;14
948.0;102;83;77;48;68;63;22;24;29;16;16;14;24;14
954.0;103;84;75;45;68;63;22;24;27;17;17;12;25;18
960.0;103;86;78;47;68;62;21;23;26;17;16;9;26;18
966.0;102;89;79;47;69;61;22;23;26;18;12;9;23;20
972.0;101;89;80;47;69;62;24;21;25;18;12;8;23;21
978.0;101;88;79;46;68;62;24;21;25;19;13;9;21;24
984.0;99;89;79;47;68;64;20;21;24;22;14;8;21;24
990.0;97;90;78;48;67;65;20;21;24;21;14;10;20;25
996.0;97;91;80;49;69;63;19;20;23;20;14;11;19;25
1002.0;98;92;78;49;72;63;19;22;23;17;12;10;22;23
1008.0;99;94;76;51;72;62;18;23;22;17;13;10;23;20
1014.0;100;96;76;53;67;63;18;23;22;19;13;11;21;18
1020.0;99;97;75;52;68;63;17;21;22;19;13;12;23;19
1026.0;98;98;77;49;67;60;18;21;23;21;14;13;22;19
1032.0;97;98;76;47;66;58;21;21;23;21;15;13;25;19
1038.0;98;100;74;47;67;59;20;21;21;19;17;13;25;19
1044.0;99;96;74;46;66;59;22;22;22;19;17;13;25;20
1050.0;100;97;73;45;65;59;22;24;22;20;16;13;24;20
1056.0;101;101;72;43;65;57;21;23;21;21;16;15;24;20
1062.0;99;102;70;42;63;57;22;22;24;22;19;17;22;19
1068.0;99;104;67;42;63;57;21;22;26;21;20;17;22;19
1074.0;100;104;69;43;64;55;21;22;25;20;20;18;21;18
1080.0;100;102;69;46;62;54;21;21;24;23;20;18;21;19
1086.0;98;102;65;46;61;57;20;22;25;25;19;18;22;20
1092.0;98;102;61;46;59;56;22;23;26;25;20;19;23;20
1098.0;97;102;58;48;61;56;22;22;28;25;21;18;22;20
1104.0;95;103;56;48;61;57;24;23;27;22;22;19;22;21
1110.0;95;102;56;49;61;56;25;25;23;21;22;21;24;20
1116.0;93;103;57;49;60;56;25;22;21;23;23;22;26;20
1122.0;92;103;57;48;61;57;24;25;22;20;22;23;25;21
1128.0;91;102;58;48;62;56;24;23;21;19;24;23;26;23
1134.0;90;99;58;48;61;56;25;24;22;19;23;25;27;23
1140.0;90;100;57;50;60;55;24;24;22;18;22;27;27;24
1146.0;93;100;55;53;60;57;23;23;24;20;18;26;26;22
1152.0;93;98;55;53;60;55;21;27;24;20;17;26;28;23
1158.0;96;99;53;50;59;54;22;28;25;21;16;26;29;22
1164.0;94;100;55;51;61;55;20;25;22;21;16;31;26;23
1170.0;96;100;54;53;63;55;19;24;23;22;15;31;24;21
1176.0;96;100;54;51;65;56;18;23;24;25;14;28;23;23
1182.0;96;100;53;52;64;56;20;25;22;24;14;26;24;24
1188.0;96;100;51;48;65;58;20;25;21;23;16;27;25;25
1194.0;97;101;50;46;65;58;18;25;21;26;16;29;26;22
1200.0;95;101;49;48;65;58;21;22;23;24;17;28;26;23
1206.0;93;100;53;50;64;60;19;23;25;21;19;28;24;21
1212.0;93;98;53;51;64;61;20;23;25;20;20;27;25;20
1218.0;96;99;54;51;65;61;21;23;22;20;18;27;25;18
1224.0;95;99;53;52;64;61;23;22;24;19;17;26;24;21
1230.0;99;99;51;53;64;61;20;23;25;17;20;25;24;19
1236.0;99;99;51;52;64;61;19;25;26;16;18;26;23;21
1242.0;98;96;52;50;65;60;19;26;28;16;19;27;23;21
1248.0;99;98;52;48;63;61;19;26;28;15;19;28;24;20
1254.0;98;97;52;51;61;62;19;26;29;14;19;27;26;19
1260.0;97;97;53;52;60;62;20;25;28;13;19;30;25;19
1266.0;96;102;53;50;61;62;19;25;29;10;20;31;24;18
1272.0;95;103;53;47;62;62;18;26;29;11;20;34;23;17
1278.0;94;102;52;48;62;60;20;25;29;14;22;31;23;18
1284.0;95;105;52;45;60;61;21;24;32;14;20;32;21;18
1290.0;94;104;50;44;62;62;21;25;33;16;18;32;20;19
1296.0;93;104;48;45;61;63;23;27;33;15;18;32;19;19
1302.0;93;105;49;45;60;63;25;27;33;14;16;32;18;20
1308.0;92;107;49;45;61;64;24;26;30;16;17;31;17;21
1314.0;93;108;50;45;60;65;20;25;30;16;17;32;18;21
1320.0;94;106;51;44;61;66;21;24;27;18;15;34;19;20
1326.0;95;107;51;44;60;65;21;23;26;19;16;33;19;21
1332.0;95;108;51;42;57;67;21;24;28;20;16;29;19;23
1338.0;95;108;51;41;55;67;22;24;26;20;17;32;21;21
1344.0;94;109;51;42;53;66;24;27;24;22;17;31;20;20
1350.0;90;111;51;40;55;70;26;26;23;21;17;30;20;20
1356.0;90;112;52;39;53;70;26;27;23;21;17;29;21;20
1362.0;90;112;51;39;52;69;29;29;23;21;17;26;22;20
1368.0;88;111;51;40;50;65;30;31;24;23;16;26;25;20
1374.0;88;112;52;40;50;66;29;30;25;23;16;23;26;20
1380.0;89;112;52;39;49;65;32;29;23;28;16;19;27;20
1386.0;93;114;52;39;48;66;31;28;23;29;13;18;27;19
1392.0;90;117;50;39;47;65;31;27;25;30;12;21;26;20
1398.0;92;115;50;38;50;64;34;25;23;29;12;22;26;20
1404.0;96;117;51;39;50;63;34;22;22;26;12;22;24;22
1410.0;94;118;52;40;52;61;35;21;23;26;14;21;22;21
1416.0;93;118;54;41;53;61;35;21;21;24;14;19;23;23
1422.0;93;117;56;41;53;62;32;24;20;23;14;21;22;22
1428.0;89;116;56;41;55;63;29;27;21;23;13;20;24;23
1434.0;89;116;55;39;57;62;27;27;24;22;14;19;26;23
1440.0;86;114;57;40;57;65;28;26;24;22;16;15;28;22
1446.0;85;112;57;40;58;66;27;25;24;21;16;18;29;22
1452.0;90;111;57;40;57;65;27;28;22;19;16;19;28;21
1458.0;88;111;56;41;60;64;24;26;22;19;21;20;27;21
1464.0;87;113;56;42;59;62;26;25;22;19;21;22;27;19
1470.0;87;115;55;43;57;61;30;24;23;19;20;21;26;19
1476.0;88;117;53;43;58;60;30;25;22;20;19;21;27;17
1482.0;88;113;51;42;58;61;34;26;24;20;20;19;28;16
1488.0;89;114;46;42;58;59;34;26;26;20;21;19;28;18
1494.0;89;116;47;43;59;57;32;26;25;20;22;19;24;21
1500.0;87;115;47;46;57;56;32;25;24;23;24;18;24;22
1506.0;91;116;46;47;56;58;30;24;24;23;23;16;23;23
1512.0;93;113;46;49;55;57;29;24;24;22;24;16;25;23
1518.0;93;113;48;50;58;57;29;25;22;22;23;18;24;18
1524.0;90;114;48;50;60;58;28;28;22;20;24;17;24;17
1530.0;92;111;49;49;62;55;28;27;23;23;25;17;22;17
1536.0;91;112;50;48;62;53;27;31;24;20;25;17;23;17
1542.0;90;112;50;50;61;52;23;32;24;22;24;17;24;19
1548.0;88;113;48;49;61;53;24;35;24;19;24;21;25;16
1554.0;89;114;45;50;61;54;27;32;25;17;24;20;25;17
1560.0;89;114;44;48;62;55;27;33;26;18;22;20;25;17
1566.0;91;118;44;49;63;55;29;30;24;17;20;20;24;16
1572.0;93;116;43;52;63;53;28;30;25;19;19;19;23;17
1578.0;92;117;43;50;67;51;27;32;26;19;18;18;22;18
1584.0;92;117;45;50;66;52;25;32;24;20;20;18;22;17
1590.0;90;118;45;50;67;51;27;34;20;20;21;19;19;19
1596.0;92;118;45;51;69;50;26;30;19;20;22;18;20;20
1602.0;92;118;47;50;69;52;23;28;18;22;23;18;20;20
1608.0;92;115;48;50;72;54;23;26;18;24;18;20;21;19
1614.0;92;115;49;49;71;53;24;27;15;23;18;21;23;20
1620.0;90;114;48;50;69;52;25;27;17;23;19;21;24;21
1626.0;91;115;49;51;69;51;26;27;15;23;19;18;26;20
1632.0;90;115;50;53;71;51;26;24;15;23;18;19;25;20
1638.0;89;113;47;53;71;47;25;24;17;23;19;19;28;25
1644.0;90;113;48;57;72;46;22;25;16;23;21;19;24;24
1650.0;92;111;48;58;71;46;22;24;13;23;24;19;24;25
1656.0;93;109;49;57;73;44;23;24;14;22;26;19;21;26
1662.0;92;105;51;58;74;44;23;22;16;19;29;19;21;27
1668.0;93;104;52;56;74;43;24;21;19;19;29;17;19;30
1674.0;94;105;51;57;74;43;23;20;20;18;30;17;17;31
1680.0;100;104;52;55;73;43;23;18;23;18;28;16;17;30
1686.0;100;103;55;56;70;42;22;18;24;21;26;18;16;29
1692.0;101;100;55;57;68;42;24;17;23;20;26;20;17;30
1698.0;102;96;56;55;69;42;23;19;22;21;25;21;22;27
1704.0;103;93;56;56;68;41;25;18;24;20;26;22;23;25
1710.0;105;92;56;56;66;40;23;19;25;20;26;25;23;24
1716.0;104;90;57;55;68;43;22;19;24;21;26;26;21;24
1722.0;105;90;56;55;66;43;21;21;25;21;26;27;19;25
1728.0;105;90;55;58;66;43;17;21;25;23;27;27;18;25
1734.0;103;89;55;58;67;44;18;25;25;22;27;28;17;22
1740.0;103;88;55;55;66;43;16;26;28;24;28;30;16;22
1746.0;103;85;55;56;69;43;17;27;29;22;25;28;18;23
1752.0;103;83;57;54;70;43;16;24;28;22;26;28;22;24
1758.0;103;83;56;55;71;42;17;24;28;24;25;26;22;24
1764.0;103;85;57;55;68;43;19;25;26;23;25;27;21;23
1770.0;103;87;59;56;68;42;20;23;26;25;25;25;19;22
1776.0;105;88;56;56;67;41;19;23;31;23;27;24;19;21
1782.0;108;85;57;55;67;43;21;23;28;21;27;24;19;22
1788.0;108;83;57;56;66;44;20;24;28;21;28;25;21;19
1794.0;106;81;56;56;66;46;21;22;30;23;31;23;21;18
1800.0;108;79;56;55;66;44;21;23;29;24;32;20;23;20
1806.0;110;81;57;54;68;43;19;23;28;26;31;20;20;20
1812.0;110;80;58;54;69;43;18;26;27;26;30;19;21;19
1818.0;109;79;58;55;68;42;17;25;28;24;31;21;23;20
1824.0;109;81;57;54;65;42;18;25;27;24;31;23;24;20
1830.0;109;79;60;52;64;42;19;30;28;25;27;21;25;19
1836.0;111;79;57;53;62;45;20;29;28;24;27;19;27;19
1842.0;112;81;59;52;63;43;20;24;27;25;30;19;29;16
1848.0;111;81;61;51;63;46;20;24;26;25;28;18;28;18
1854.0;111;80;61;52;62;46;20;25;26;24;28;18;29;18
1860.0;109;78;62;53;61;46;20;25;25;26;28;19;28;20
1866.0;107;79;63;54;63;46;17;24;26;26;27;20;28;20
1872.0;108;81;62;54;61;46;17;26;26;26;27;21;25;20
1878.0;108;79;62;51;62;48;17;25;24;29;29;23;26;17
1884.0;107;82;64;51;61;48;20;23;24;27;28;23;25;17
1890.0;105;83;64;49;61;49;21;19;24;27;29;20;29;20
1896.0;106;83;64;49;63;49;26;16;23;25;30;22;28;16
1902.0;104;85;63;53;63;47;26;19;22;24;28;21;27;18
1908.0;102;87;60;53;62;50;28;17;22;25;28;21;28;17
1914.0;104;87;60;51;60;48;26;18;24;25;27;24;28;18
1920.0;105;87;60;50;57;48;25;20;23;26;26;26;27;20
1926.0;105;91;60;48;57;49;25;20;23;26;23;27;27;19
1932.0;104;92;59;49;56;49;24;20;27;26;21;27;27;19
1938.0;103;91;58;50;55;50;25;19;27;27;20;29;27;19
1944.0;102;91;60;50;55;48;25;19;27;27;20;30;26;20
1950.0;103;92;60;51;55;50;25;19;25;26;21;27;25;21
1956.0;102;90;60;51;55;50;26;18;25;26;23;28;24;22
1962.0;102;91;57;50;55;51;26;16;24;29;24;29;27;19
1968.0;102;91;56;49;54;52;26;17;27;29;21;30;28;18
1974.0;102;90;57;48;53;55;27;17;29;28;22;27;28;17
