#auto generated file!
12.0;120;113;115;109;93;130;112;116;102;133;119;105;116;117
18.0;124;118;119;108;95;128;108;113;103;132;114;105;114;119
24.0;127;119;122;108;99;130;106;116;106;124;106;105;115;117
30.0;128;123;121;113;97;135;105;114;104;122;107;109;112;110
36.0;137;127;123;116;100;134;100;109;99;122;108;107;110;108
42.0;141;129;123;118;100;138;109;110;98;118;101;100;109;106
48.0;140;134;128;118;104;138;106;111;97;115;99;94;109;107
54.0;143;140;128;119;107;142;102;103;94;109;100;96;110;107
60.0;146;145;127;119;105;142;101;102;90;106;100;100;112;105
66.0;149;148;130;125;110;144;97;94;87;106;95;100;114;101
72.0;154;151;136;125;111;145;99;88;82;109;88;96;113;103
78.0;156;156;138;128;112;149;101;85;83;106;86;90;107;103
84.0;158;161;146;125;111;146;94;86;84;101;87;92;107;102
90.0;160;160;149;127;117;143;87;85;83;102;88;96;104;99
96.0;162;163;152;129;120;141;89;84;78;99;86;94;106;97
102.0;163;162;152;128;118;145;87;80;75;104;90;92;106;98
108.0;167;164;153;130;120;144;87;76;77;104;90;88;107;93
114.0;169;162;152;137;116;149;87;74;78;101;91;87;104;93
120.0;168;165;152;133;123;158;83;75;75;98;90;85;103;92
126.0;171;169;150;135;127;160;87;76;70;99;82;83;101;90
132.0;175;172;149;135;131;163;82;76;67;100;78;86;99;87
138.0;180;176;149;134;133;160;80;76;69;98;79;83;98;85
144.0;183;175;149;133;137;162;77;76;68;95;83;79;98;85
150.0;184;177;146;135;137;163;77;76;69;96;84;75;96;85
156.0;187;177;142;135;141;168;72;82;70;93;82;75;91;85
162.0;192;182;139;130;142;169;66;83;70;92;83;70;92;90
168.0;193;182;138;132;138;174;65;83;69;92;84;73;87;90
174.0;199;182;137;134;136;175;65;85;63;90;86;73;86;89
180.0;201;185;141;133;133;173;62;80;63;91;87;76;85;90
186.0;202;186;141;135;133;175;60;78;64;91;89;76;81;89
192.0;204;187;142;136;136;174;59;81;63;91;84;77;77;89
198.0;202;187;144;138;134;174;57;81;69;91;84;79;73;87
204.0;204;188;147;142;136;168;57;83;68;88;86;77;70;86
210.0;207;184;146;144;137;165;55;86;71;87;88;75;67;88
216.0;210;178;144;146;137;165;61;89;73;93;83;72;64;85
222.0;213;182;142;147;141;165;60;96;71;89;78;72;63;81
228.0;216;183;142;144;139;165;62;102;73;85;76;72;59;82
234.0;216;182;142;144;137;164;64;102;74;83;78;65;62;87
240.0;214;183;147;144;137;163;61;101;71;82;77;69;62;89
246.0;215;181;148;145;135;166;63;102;70;80;76;70;63;86
252.0;212;182;147;143;135;166;66;100;71;81;76;70;63;88
258.0;212;189;147;145;133;164;60;100;70;83;78;70;62;87
264.0;216;193;143;148;131;160;65;103;72;79;79;67;60;84
270.0;217;194;141;153;132;160;71;93;74;77;74;71;62;81
276.0;219;195;145;151;130;158;72;90;74;81;75;66;64;80
282.0;220;194;145;149;133;160;72;90;72;83;75;65;63;79
288.0;216;197;144;149;135;164;74;85;71;85;75;65;63;77
294.0;216;199;141;149;136;163;74;79;73;84;76;65;64;81
300.0;214;197;137;149;136;164;77;79;76;84;79;66;64;78
306.0;216;197;138;147;135;167;78;81;76;79;78;68;66;74
312.0;217;200;139;144;134;167;78;84;77;75;75;69;68;73
318.0;219;199;140;140;135;160;81;83;71;72;82;71;71;76
324.0;218;203;141;142;133;159;79;87;70;74;82;71;69;72
330.0;214;204;138;143;133;163;82;87;73;68;81;73;67;74
336.0;214;200;147;142;131;165;81;84;67;74;80;71;69;75
342.0;217;200;146;145;131;165;75;87;65;78;77;70;70;74
348.0;217;198;149;144;133;160;76;88;66;77;78;73;73;68
354.0;217;199;146;148;134;163;72;87;62;77;78;71;74;72
360.0;220;200;145;149;131;164;74;81;65;77;79;70;75;70
366.0;222;199;146;151;132;159;74;79;68;81;79;71;73;66
372.0;225;196;148;155;134;156;73;79;64;84;80;71;70;65
378.0;222;198;151;159;134;152;76;82;66;82;75;67;73;63
384.0;219;197;153;160;136;152;78;82;62;82;72;71;71;65
390.0;221;196;154;157;135;154;75;80;63;87;76;68;69;65
396.0;219;197;150;156;133;155;75;80;62;89;77;72;69;66
402.0;223;195;151;156;135;156;74;84;62;87;77;68;68;64
408.0;222;197;151;156;133;154;76;85;62;91;77;67;65;64
414.0;220;201;153;158;133;151;79;80;62;93;71;65;67;67
420.0;223;200;150;157;136;151;81;79;64;94;67;61;67;70
426.0;221;197;153;158;136;152;81;83;63;89;67;59;72;69
432.0;222;194;154;156;140;152;83;82;64;90;63;60;72;68
438.0;226;194;158;156;143;149;79;83;67;85;60;60;72;68
444.0;230;199;158;157;142;150;79;82;67;82;61;58;67;68
450.0;230;203;154;157;142;154;78;78;69;80;62;58;63;72
456.0;232;202;154;159;146;150;77;78;68;81;64;56;62;71
462.0;232;202;151;159;147;150;75;78;71;82;62;60;60;71
468.0;235;202;150;159;148;146;75;73;69;82;65;61;61;74
474.0;236;209;147;160;148;146;75;74;66;83;63;61;55;77
480.0;235;209;148;160;146;148;77;74;69;80;64;56;58;76
486.0;240;208;143;163;146;150;72;71;69;81;62;61;56;78
492.0;242;209;145;166;140;149;72;68;70;80;66;63;57;73
498.0;243;205;144;164;143;147;71;68;69;82;74;63;54;73
504.0;243;209;142;165;144;149;72;68;69;81;75;61;49;73
510.0;246;206;140;162;141;153;74;66;71;79;73;63;51;75
516.0;243;205;137;165;143;157;71;58;71;77;78;67;50;78
522.0;245;208;135;161;140;155;74;56;77;74;74;70;51;80
528.0;245;206;132;164;138;157;69;58;81;75;72;72;53;78
534.0;244;206;137;166;137;158;66;57;81;77;74;67;55;75
540.0;244;209;136;166;130;159;65;59;87;75;73;68;54;75
546.0;245;210;136;165;133;155;63;64;81;73;79;69;56;71
552.0;245;213;137;165;131;156;64;65;79;76;79;65;58;67
558.0;246;212;140;161;135;153;67;63;78;80;79;63;58;65
564.0;248;211;140;163;135;154;66;64;76;77;81;61;57;67
570.0;248;208;142;167;132;154;69;63;74;82;76;61;60;64
576.0;250;211;144;169;130;153;65;63;72;85;75;66;59;58
582.0;254;212;146;167;129;153;65;61;71;84;72;63;65;58
588.0;257;212;146;171;128;151;62;63;72;83;74;59;67;55
594.0;257;215;147;175;127;151;61;65;74;80;73;57;64;54
600.0;258;216;144;176;129;146;61;65;76;81;70;57;65;56
606.0;257;216;145;173;125;146;65;66;72;78;70;60;70;57
612.0;257;221;147;173;124;143;63;67;69;77;66;63;72;58
618.0;259;223;147;174;120;142;63;68;69;78;68;61;68;60
624.0;259;220;148;175;122;148;61;65;69;77;75;58;67;56
630.0;256;222;145;174;124;148;62;62;67;76;79;59;71;55
636.0;252;224;144;175;124;145;62;62;69;79;80;60;68;56
642.0;248;225;144;175;125;149;59;65;68;79;81;57;69;56
648.0;248;225;145;174;124;147;59;67;68;73;80;62;70;58
654.0;251;227;145;180;128;144;59;67;68;68;79;62;67;55
660.0;251;229;145;176;129;146;62;65;67;68;77;63;67;55
666.0;251;231;151;178;132;148;62;58;64;68;76;60;64;57
672.0;251;231;154;179;133;145;58;58;65;65;78;60;64;59
678.0;252;232;156;180;129;151;53;61;62;65;77;58;67;57
684.0;250;230;154;179;131;152;54;60;68;63;75;60;64;60
690.0;251;236;153;180;129;150;53;58;65;64;72;59;65;65
696.0;252;239;152;180;128;151;54;59;62;67;69;57;66;64
702.0;251;240;150;179;126;152;59;59;62;69;70;59;62;62
708.0;245;245;151;177;129;152;58;62;61;68;70;63;60;59
714.0;244;249;147;178;128;155;60;62;61;68;67;59;61;61
720.0;240;250;149;178;129;150;64;58;63;71;63;61;62;62
726.0;242;252;150;178;132;149;63;57;64;71;62;58;61;61
732.0;243;251;149;180;133;146;61;56;67;70;63;54;66;61
738.0;244;249;147;183;133;149;64;56;66;66;60;55;68;60
744.0;248;245;146;180;129;149;65;54;68;65;64;60;66;61
750.0;248;246;142;180;130;151;63;53;68;68;64;63;62;62
756.0;249;244;141;181;128;154;60;56;68;66;62;63;65;63
762.0;250;247;143;180;129;149;62;59;69;61;63;64;62;62
768.0;249;242;140;180;128;153;62;59;67;61;61;70;64;64
774.0;248;238;144;182;124;154;65;60;68;63;57;71;65;61
780.0;249;244;141;183;127;152;68;58;62;63;54;72;66;61
786.0;248;242;143;185;125;151;71;57;62;62;55;73;64;62
792.0;248;243;146;184;128;152;71;55;63;60;54;74;61;61
798.0;246;247;145;185;126;157;70;59;62;57;53;72;59;62
804.0;246;248;146;183;129;159;70;60;59;55;54;71;60;60
810.0;245;253;144;175;130;159;74;66;59;56;56;67;57;59
816.0;246;249;146;177;124;160;74;67;60;58;51;71;57;60
822.0;243;250;149;178;126;162;74;63;58;59;54;69;56;59
828.0;246;247;148;181;127;162;73;61;60;60;57;66;51;61
834.0;243;248;149;181;127;163;72;61;64;61;60;61;51;59
840.0;241;242;150;182;129;162;72;60;62;62;62;61;57;58
846.0;242;244;148;179;127;163;71;63;61;63;64;59;56;60
852.0;243;243;146;181;132;166;70;59;59;65;64;55;56;61
858.0;243;247;143;179;135;161;67;63;61;66;62;52;61;60
864.0;244;245;145;177;132;159;67;67;59;65;61;60;60;59
870.0;241;247;144;178;129;158;67;67;55;66;64;65;62;57
876.0;234;244;142;181;133;161;64;67;58;66;64;66;64;56
882.0;237;243;139;181;136;157;62;65;56;69;63;62;72;58
888.0;239;243;135;180;138;158;62;63;61;70;57;65;73;56
894.0;240;246;135;181;140;156;61;63;61;71;55;63;72;56
900.0;239;248;131;179;142;155;60;66;62;72;57;64;69;56
906.0;236;245;127;178;143;157;60;65;60;72;60;67;70;60
912.0;238;246;126;179;148;156;68;61;56;72;60;65;67;58
918.0;238;246;129;178;148;156;63;56;58;76;60;65;72;55
924.0;239;249;130;178;151;157;62;54;62;75;60;63;68;52
930.0;237;249;129;180;151;156;62;51;64;74;60;64;69;54
936.0;238;247;133;169;156;159;62;52;63;72;62;64;68;55
942.0;240;244;132;170;154;164;61;55;61;68;60;64;71;56
948.0;240;244;137;166;154;161;63;51;63;69;63;63;69;57
954.0;241;246;137;168;154;159;65;54;64;64;61;64;69;54
960.0;243;248;135;170;152;161;68;55;62;61;65;62;65;53
966.0;247;245;133;168;154;163;69;54;62;62;64;62;61;56
972.0;250;246;136;167;155;163;68;49;65;61;62;61;64;53
978.0;249;246;140;167;155;163;68;48;64;59;66;61;63;51
984.0;250;243;144;166;154;164;68;53;64;60;60;63;60;51
990.0;251;243;143;160;154;166;72;51;63;64;65;58;62;48
996.0;253;241;144;160;153;166;71;52;64;63;65;59;61;48
1002.0;251;242;144;164;153;167;75;52;64;62;64;57;60;45
1008.0;256;239;145;167;152;171;71;50;62;58;67;58;57;47
1014.0;254;241;147;164;153;171;70;48;60;58;65;61;58;50
1020.0;251;246;144;159;153;171;72;49;59;55;67;60;62;52
1026.0;252;246;147;162;154;173;66;47;60;52;66;58;65;52
1032.0;250;245;146;165;153;171;68;46;63;53;69;57;63;51
1038.0;249;248;146;165;151;167;67;52;62;50;68;61;63;51
1044.0;247;246;149;167;155;165;67;51;63;50;65;60;66;49
1050.0;245;243;148;165;156;162;69;50;62;52;69;63;65;51
1056.0;244;244;147;164;154;164;71;51;63;51;67;64;66;50
1062.0;240;238;144;160;154;165;73;54;61;58;70;63;68;52
1068.0;241;235;149;158;152;165;73;53;61;58;70;64;70;51
1074.0;243;235;149;157;151;170;68;52;62;59;71;65;67;51
1080.0;243;234;149;155;152;171;67;53;61;60;72;63;67;53
1086.0;242;234;152;154;149;169;68;55;63;63;72;60;67;52
1092.0;246;230;152;155;151;172;67;53;68;63;71;59;62;51
1098.0;246;229;154;152;153;171;69;54;62;63;68;62;66;51
1104.0;249;231;153;152;151;173;66;53;60;63;63;66;64;56
1110.0;247;232;154;153;151;173;68;53;58;64;62;68;61;56
1116.0;245;231;154;149;149;173;65;57;59;63;65;69;64;57
1122.0;249;231;153;147;148;170;69;57;57;60;71;70;64;54
1128.0;250;231;154;146;147;169;69;60;58;60;73;71;63;49
1134.0;252;233;157;146;148;167;66;62;54;57;72;75;61;50
1140.0;250;233;157;149;149;163;65;64;53;56;74;76;62;49
1146.0;249;235;154;145;148;160;64;67;52;60;77;80;63;46
1152.0;251;240;157;143;147;162;60;66;48;61;75;82;63;45
1158.0;254;240;157;144;147;163;59;66;49;57;74;83;63;44
1164.0;254;242;155;144;148;162;56;67;50;58;69;82;68;45
1170.0;254;243;152;146;149;163;56;64;50;57;66;81;67;52
1176.0;255;246;152;145;149;162;54;65;52;56;66;78;67;53
1182.0;253;246;152;150;146;160;54;64;53;58;69;78;65;52
1188.0;253;243;152;147;145;160;59;62;53;59;69;81;65;52
1194.0;251;244;156;146;145;162;59;60;54;57;68;81;63;54
1200.0;251;242;158;145;148;160;56;59;56;57;69;81;65;53
1206.0;255;239;157;145;146;157;58;63;56;58;68;80;63;55
1212.0;253;243;154;145;142;157;60;63;59;60;69;80;61;54
1218.0;250;242;153;149;138;159;59;66;59;59;69;83;59;55
1224.0;248;238;150;148;138;162;60;65;62;62;69;82;59;57
1230.0;244;234;150;152;138;164;55;63;60;64;70;84;62;60
1236.0;244;238;147;147;136;167;60;55;58;63;74;85;63;63
1242.0;245;239;144;149;139;167;61;54;63;62;70;86;61;60
1248.0;246;242;144;149;137;166;62;51;61;61;73;88;59;61
1254.0;240;240;146;154;138;168;61;50;63;56;69;87;62;66
1260.0;241;241;145;150;139;167;61;49;67;58;67;84;65;66
1266.0;245;241;148;151;139;167;61;47;68;57;65;86;66;59
1272.0;247;237;152;150;140;168;62;48;65;55;65;86;66;59
1278.0;245;239;152;150;141;170;62;45;62;57;65;83;69;60
1284.0;245;235;153;153;139;170;64;45;65;55;64;79;75;58
1290.0;246;236;153;149;137;170;66;46;67;57;63;78;71;61
1296.0;251;240;154;147;136;164;68;52;69;56;61;74;72;56
1302.0;253;239;152;148;135;164;68;52;69;58;61;77;71;53
1308.0;255;237;147;148;135;167;69;48;68;59;64;78;70;55
1314.0;253;234;150;149;137;171;63;49;68;57;66;77;70;56
1320.0;254;234;149;149;138;170;63;49;66;59;67;75;71;56
1326.0;255;232;148;150;143;171;60;51;64;62;66;75;69;54
1332.0;250;234;147;150;148;172;60;51;61;59;66;78;66;58
1338.0;247;237;149;148;146;172;61;53;63;58;66;75;69;56
1344.0;252;238;150;147;142;167;58;54;64;57;68;73;73;57
1350.0;252;242;151;146;141;167;58;55;66;57;66;71;72;56
1356.0;257;241;154;146;139;165;56;55;65;57;69;71;71;54
1362.0;257;242;159;147;140;164;54;53;68;55;68;72;66;55
1368.0;257;244;160;151;137;164;53;51;66;58;67;72;66;54
1374.0;260;243;159;149;138;168;54;51;64;59;66;69;64;56
1380.0;260;244;155;151;138;166;51;53;67;56;68;67;68;56
1386.0;262;244;158;149;137;167;52;54;68;51;69;66;70;53
1392.0;261;244;158;153;137;173;51;49;67;50;68;65;71;53
1398.0;263;242;159;153;135;175;50;47;69;48;70;64;69;56
1404.0;256;246;158;152;139;173;50;50;67;48;71;64;70;56
1410.0;255;248;156;148;138;173;51;49;64;49;71;66;75;57
1416.0;256;248;158;145;142;172;52;52;61;48;66;68;76;56
1422.0;255;247;158;146;143;170;56;52;61;47;68;66;73;58
1428.0;254;248;161;148;146;170;57;49;59;46;69;65;70;58
1434.0;258;247;160;148;145;166;56;51;63;47;66;63;73;57
1440.0;259;245;155;147;146;167;60;55;60;49;63;69;69;56
1446.0;253;245;157;146;153;169;59;55;63;50;58;68;64;60
1452.0;250;250;160;145;154;164;61;55;65;47;60;64;64;61
1458.0;253;246;157;147;155;166;60;53;69;47;60;65;59;63
1464.0;255;250;154;144;153;164;55;54;69;49;64;65;60;64
1470.0;255;250;156;147;154;165;49;52;64;50;65;64;64;65
1476.0;251;251;155;147;156;166;53;49;65;52;65;63;64;63
1482.0;254;248;155;148;156;167;51;49;65;53;66;64;63;61
1488.0;253;250;160;146;151;169;53;50;62;52;63;64;66;61
1494.0;251;251;157;142;150;170;51;52;62;54;62;66;69;63
1500.0;249;247;160;139;151;170;55;51;64;57;58;68;69;62
1506.0;248;248;162;135;154;170;55;47;68;58;59;67;67;62
1512.0;246;250;161;135;150;168;60;45;71;56;60;68;66;64
1518.0;249;247;162;134;150;165;62;49;71;59;58;67;66;61
1524.0;249;246;163;134;149;167;63;50;65;59;57;63;68;67
1530.0;243;247;166;134;145;170;64;50;66;58;59;62;69;67
1536.0;246;248;166;132;145;168;64;51;69;56;59;60;71;65
1542.0;247;245;165;132;144;172;65;52;68;51;58;62;70;69
1548.0;244;246;165;132;150;173;66;54;65;49;58;60;67;71
1554.0;247;243;164;130;148;173;67;52;63;53;61;61;67;71
1560.0;245;243;164;132;148;174;67;54;67;50;64;58;66;68
1566.0;243;240;161;133;147;174;67;55;68;49;67;60;69;67
1572.0;243;245;161;130;149;173;70;54;66;48;68;59;68;66
1578.0;242;245;161;132;146;172;70;54;68;49;69;57;69;66
1584.0;244;246;158;137;150;169;69;56;66;47;68;57;71;62
1590.0;245;243;157;138;151;173;72;55;66;52;65;55;69;59
1596.0;246;242;155;133;149;180;72;53;67;53;67;56;68;59
1602.0;248;240;154;134;153;179;65;53;68;51;64;58;71;62
1608.0;247;241;156;139;154;176;65;52;67;50;63;57;74;59
1614.0;247;245;157;136;153;175;67;54;66;48;61;58;70;63
1620.0;245;247;156;131;154;173;72;56;67;50;61;56;71;61
1626.0;248;248;159;130;156;173;68;54;66;51;60;52;72;63
1632.0;251;246;160;130;155;173;71;53;67;52;56;51;70;65
1638.0;252;242;162;128;157;172;71;52;65;55;58;54;68;64
1644.0;252;243;160;128;159;173;69;56;62;56;61;53;66;62
1650.0;253;236;160;130;155;178;71;59;59;58;62;50;69;60
1656.0;253;236;157;134;149;179;71;60;61;57;60;53;68;62
1662.0;253;238;159;132;147;179;70;58;59;58;56;58;68;65
1668.0;251;234;159;131;148;183;70;63;56;57;54;60;73;61
1674.0;254;230;163;128;145;182;68;63;55;57;58;61;75;61
1680.0;255;230;161;131;146;180;68;62;57;59;58;64;72;57
1686.0;255;231;160;129;150;176;62;61;58;57;60;62;76;63
1692.0;253;233;162;128;149;174;61;63;60;58;62;62;76;59
1698.0;251;232;159;127;151;170;62;67;61;64;57;64;72;63
1704.0;248;233;159;126;154;170;58;71;62;65;61;58;71;64
1710.0;247;237;155;130;155;170;56;72;69;62;60;57;65;65
1716.0;247;234;155;129;155;174;59;72;74;60;58;56;67;60
1722.0;248;238;156;125;153;171;56;72;76;60;62;55;65;63
1728.0;249;237;155;124;152;168;58;73;80;55;66;56;66;61
1734.0;249;236;155;124;148;172;56;74;80;55;65;57;66;63
1740.0;244;234;157;121;155;174;58;74;82;52;64;62;63;60
1746.0;244;233;160;122;156;174;57;70;84;56;58;64;63;59
1752.0;242;234;163;120;156;177;55;68;83;55;61;63;61;62
1758.0;246;237;167;122;156;175;53;64;82;54;62;59;60;63
1764.0;245;235;168;124;159;172;54;61;79;55;62;58;64;64
1770.0;247;233;168;123;161;168;58;62;75;62;63;61;58;61
1776.0;247;233;165;125;158;168;58;62;76;64;64;62;58;60
1782.0;244;230;166;125;159;168;61;61;79;65;62;62;61;57
1788.0;244;233;167;125;154;165;59;61;77;63;63;62;67;60
1794.0;244;235;164;126;151;165;55;61;77;65;63;65;69;60
1800.0;243;233;163;128;154;164;51;61;77;62;64;69;69;62
1806.0;245;234;160;132;152;162;49;60;76;63;64;72;68;63
1812.0;245;233;160;133;147;161;49;61;77;61;65;73;70;65
1818.0;248;232;163;137;144;162;46;60;76;60;65;74;68;65
1824.0;254;231;161;140;151;163;46;60;73;56;62;69;67;67
1830.0;253;228;162;143;151;161;47;59;74;56;64;68;63;71
1836.0;255;232;157;146;147;161;49;62;74;59;62;66;61;69
1842.0;252;231;153;150;145;158;51;65;74;61;63;68;60;69
1848.0;255;232;152;155;146;158;46;61;73;62;60;67;62;71
1854.0;253;233;159;156;144;156;43;58;71;61;63;68;64;71
1860.0;251;236;160;152;147;155;45;60;69;60;66;68;64;67
1866.0;248;232;164;152;153;156;44;60;67;58;64;66;66;70
1872.0;247;231;167;149;148;157;47;59;67;59;71;67;64;67
1878.0;249;228;166;150;152;161;46;60;65;62;73;64;62;62
1884.0;250;226;165;150;151;165;50;61;61;61;71;60;66;63
1890.0;249;228;162;155;153;163;52;63;61;61;68;58;62;65
1896.0;249;230;162;158;154;161;50;64;61;64;67;59;59;62
1902.0;252;230;162;157;157;161;47;62;60;65;67;57;59;64
1908.0;251;230;161;157;158;157;47;61;59;66;67;60;57;69
1914.0;250;231;162;161;157;157;52;61;57;65;65;62;54;66
1920.0;250;230;163;159;159;159;52;63;59;64;64;59;54;65
1926.0;250;229;163;158;160;161;51;68;61;62;65;58;52;62
1932.0;247;232;162;159;156;159;52;70;60;63;63;57;55;65
1938.0;249;232;162;164;151;157;53;70;55;63;64;56;58;66
1944.0;247;233;162;164;150;154;52;75;56;64;65;55;57;66
1950.0;249;231;163;164;147;153;50;76;55;64;70;54;60;64
1956.0;250;230;164;163;149;155;51;74;54;64;69;53;62;62
1962.0;247;231;166;163;154;156;50;74;51;64;68;50;61;65
1968.0;245;235;167;165;148;161;48;74;52;59;72;49;61;64
1974.0;243;235;168;163;148;164;52;73;53;58;73;51;57;62
