#auto generated file!
12.0;58;69;42;59;64;54;54;57;62;53;57;55;53;63
18.0;57;70;44;62;66;56;55;59;62;55;52;51;49;62
24.0;58;76;44;64;67;56;52;59;63;52;51;51;48;59
30.0;61;78;45;65;66;54;51;60;61;50;50;51;49;59
36.0;67;78;45;64;64;58;49;63;59;50;49;49;48;57
42.0;68;81;47;66;66;58;48;60;58;47;51;49;46;55
48.0;69;83;50;67;66;60;46;62;58;43;52;46;44;54
54.0;69;83;51;68;65;62;47;66;53;44;52;43;45;52
60.0;70;85;54;74;66;63;47;68;52;38;48;42;42;51
66.0;71;86;53;75;67;63;46;65;51;39;46;44;42;52
72.0;73;87;53;77;70;64;42;65;51;37;43;44;40;54
78.0;76;87;50;76;70;65;43;64;52;38;42;46;38;53
84.0;75;91;52;76;67;66;42;62;53;39;38;47;40;52
90.0;76;89;56;81;65;65;42;61;53;39;38;47;37;51
96.0;77;90;56;79;64;69;41;60;54;37;39;47;34;53
102.0;76;90;58;81;63;69;44;62;50;36;37;47;35;52
108.0;75;91;63;80;68;70;44;58;51;39;36;44;37;44
114.0;73;90;63;79;69;69;45;59;51;37;36;46;38;45
120.0;72;90;63;79;69;70;43;57;53;37;39;46;37;45
126.0;73;91;64;78;71;71;41;57;54;39;39;44;35;43
132.0;72;95;62;79;69;71;43;56;54;38;41;41;34;45
138.0;76;95;62;80;70;69;42;54;52;39;41;44;32;44
144.0;76;100;62;79;70;69;44;54;51;37;43;42;33;40
150.0;77;100;64;78;68;71;45;52;50;36;44;44;30;41
156.0;78;100;64;77;70;69;45;53;49;35;45;45;31;39
162.0;76;100;67;78;71;66;48;50;52;38;44;43;30;37
168.0;77;100;66;77;73;70;46;49;51;41;40;43;30;37
174.0;79;100;66;77;71;72;42;49;53;46;36;43;31;35
180.0;79;101;65;77;72;72;43;46;55;44;36;39;36;35
186.0;83;100;64;78;72;72;40;48;56;40;36;39;36;36
192.0;82;101;66;78;75;73;39;44;55;40;37;37;36;37
198.0;84;101;64;76;73;75;38;47;52;43;36;41;34;36
204.0;83;102;62;78;74;79;36;47;50;42;36;40;34;37
210.0;84;102;62;76;74;78;32;45;50;42;42;42;37;34
216.0;83;105;59;77;74;78;31;46;48;43;39;45;39;33
222.0;84;105;59;74;75;79;30;43;50;47;39;44;37;34
228.0;84;104;60;75;77;81;29;41;51;47;35;44;36;36
234.0;86;105;62;75;76;80;30;40;47;46;36;43;41;33
240.0;87;106;64;74;74;82;33;41;46;45;35;39;39;35
246.0;86;107;64;76;74;80;35;40;42;46;37;35;40;38
252.0;86;105;65;78;73;77;35;42;41;44;36;36;39;43
258.0;87;107;64;78;73;78;33;41;42;42;36;37;38;44
264.0;89;109;61;79;75;76;36;40;43;39;34;38;36;45
270.0;87;108;60;80;75;77;36;39;42;40;36;38;38;44
276.0;87;112;59;78;72;81;38;38;38;42;34;37;38;46
282.0;89;113;58;76;73;83;35;35;40;41;37;37;36;47
288.0;91;112;61;76;75;81;35;36;39;39;35;36;37;47
294.0;90;112;62;76;77;80;34;37;37;40;34;36;36;49
300.0;93;113;60;76;75;81;34;38;38;41;33;37;33;48
306.0;95;113;60;76;76;82;31;39;37;40;33;36;36;46
312.0;93;113;58;77;80;81;32;38;38;41;33;37;36;43
318.0;93;114;61;77;79;83;32;35;37;42;34;35;35;43
324.0;93;113;64;78;77;80;33;35;38;41;34;32;38;44
330.0;95;112;64;78;76;81;35;35;38;40;35;30;36;45
336.0;98;115;65;79;75;82;31;34;36;40;35;31;35;44
342.0;99;115;66;78;75;84;28;33;34;41;35;32;37;43
348.0;98;118;66;81;76;85;25;31;32;43;36;30;37;42
354.0;100;120;64;78;75;83;28;32;32;42;37;30;37;42
360.0;101;124;65;76;73;83;27;33;32;42;38;30;33;43
366.0;99;124;64;77;73;84;27;34;32;42;38;30;31;45
372.0;100;125;65;76;70;83;28;36;32;41;36;31;31;46
378.0;101;123;63;77;69;83;27;38;31;42;38;32;32;44
384.0;103;122;64;78;72;80;28;35;32;40;38;31;34;43
390.0;104;122;65;77;72;81;29;35;30;42;36;33;35;39
396.0;104;121;64;74;71;82;30;39;28;41;37;34;38;37
402.0;106;120;64;74;75;82;30;39;30;39;37;30;36;38
408.0;105;120;67;72;77;84;32;39;30;39;34;30;35;36
414.0;104;120;67;72;74;84;32;37;30;40;35;32;37;36
420.0;104;120;66;69;72;82;34;37;32;42;36;32;36;38
426.0;103;121;63;73;73;81;35;38;32;44;36;31;35;35
432.0;104;119;65;71;73;81;37;39;31;43;34;32;36;35
438.0;105;119;64;73;75;80;34;39;31;40;36;34;34;36
444.0;106;119;63;73;74;80;36;39;32;40;36;34;33;35
450.0;110;119;61;77;73;80;35;40;33;42;34;30;33;33
456.0;110;119;63;80;70;81;35;43;32;42;32;29;31;33
462.0;110;117;61;84;73;82;36;41;34;39;30;28;30;35
468.0;111;116;64;79;72;84;38;43;33;38;28;31;29;34
474.0;112;117;63;80;72;80;37;41;33;38;28;34;29;36
480.0;113;117;67;76;69;80;38;41;32;39;31;35;31;31
486.0;115;114;67;75;71;80;39;42;29;38;32;33;30;35
492.0;115;114;67;77;71;80;38;40;31;37;30;33;32;35
498.0;112;116;67;76;73;79;37;40;33;38;31;33;31;34
504.0;114;114;67;75;73;75;39;40;35;36;31;33;32;36
510.0;116;115;68;75;73;76;40;38;34;34;31;32;32;36
516.0;115;117;68;77;72;77;39;38;35;33;29;33;32;35
522.0;115;115;68;79;73;81;36;40;33;34;25;34;32;35
528.0;117;116;68;80;70;78;35;39;32;36;26;36;32;35
534.0;120;112;69;78;68;79;35;39;35;35;26;37;34;33
540.0;122;112;69;77;65;82;35;41;35;36;25;35;33;33
546.0;122;113;71;80;65;82;34;37;36;35;26;36;32;31
552.0;121;113;70;79;68;81;34;37;35;37;26;35;32;32
558.0;122;114;67;79;70;79;33;38;37;37;30;33;30;31
564.0;122;114;66;80;72;79;34;35;37;39;31;33;30;28
570.0;122;113;68;79;74;77;32;33;37;39;31;33;30;32
576.0;123;113;67;78;73;78;31;35;37;39;33;29;32;32
582.0;125;112;71;76;68;79;31;37;34;40;30;29;34;34
588.0;122;111;70;79;68;76;31;37;34;43;33;27;37;32
594.0;123;109;67;76;68;78;30;37;34;45;34;29;39;31
600.0;125;107;69;76;70;80;30;37;34;43;36;26;37;30
606.0;125;107;72;76;68;81;30;37;34;42;34;25;38;31
612.0;125;111;74;73;68;83;30;36;33;43;30;27;37;30
618.0;126;111;73;73;70;80;30;35;38;40;30;26;37;31
624.0;127;113;73;72;70;78;29;37;38;38;33;26;32;34
630.0;129;114;70;72;72;79;25;40;37;39;30;26;32;35
636.0;129;110;67;72;72;79;27;40;36;39;31;28;34;36
642.0;130;110;67;70;73;77;27;40;37;38;32;27;37;35
648.0;128;108;68;72;74;80;28;38;36;35;27;32;37;37
654.0;132;107;69;73;73;77;29;39;34;34;26;32;37;38
660.0;134;110;69;74;76;73;30;37;33;34;30;29;34;37
666.0;133;110;67;76;76;74;30;37;33;33;31;28;35;37
672.0;133;112;70;77;76;73;30;37;32;32;29;28;35;36
678.0;135;112;69;78;74;72;30;35;30;33;28;30;37;37
684.0;136;110;70;77;75;75;27;35;33;33;30;29;37;33
690.0;137;113;69;78;73;75;27;34;34;34;28;28;37;33
696.0;141;112;68;78;74;74;29;32;36;32;28;29;37;30
702.0;142;113;66;79;72;72;28;32;35;36;25;34;36;30
708.0;142;113;68;80;71;73;28;31;36;34;25;33;36;30
714.0;142;113;73;79;70;73;29;29;35;36;24;34;34;29
720.0;141;113;73;76;73;73;27;29;37;36;24;32;35;31
726.0;142;113;75;77;72;72;28;27;36;40;24;29;31;34
732.0;141;116;74;77;74;70;27;30;35;38;21;29;34;34
738.0;141;115;74;75;73;70;25;32;33;40;24;28;34;36
744.0;141;115;72;74;74;70;22;34;33;38;25;28;36;38
750.0;141;116;70;75;75;71;25;34;30;37;26;26;38;36
756.0;141;116;69;76;76;71;25;33;29;35;29;26;37;37
762.0;141;116;67;77;75;69;26;35;31;31;28;25;37;42
768.0;141;115;65;75;73;67;27;36;31;35;30;25;37;43
774.0;143;114;64;74;75;66;28;35;33;35;28;26;38;41
780.0;148;114;63;75;74;69;26;32;33;33;28;25;36;44
786.0;148;116;63;79;73;70;26;34;30;29;30;25;36;41
792.0;147;117;64;77;75;71;26;33;31;29;30;23;36;41
798.0;148;115;62;80;74;72;25;32;29;32;30;24;38;39
804.0;146;115;61;80;73;72;24;29;30;33;30;29;39;39
810.0;145;114;62;79;75;73;22;29;30;30;32;28;41;40
816.0;145;115;61;78;74;75;21;28;30;31;33;26;41;42
822.0;146;115;61;77;73;76;20;29;31;31;31;27;42;41
828.0;145;114;63;77;78;75;17;31;28;30;34;27;40;41
834.0;143;113;63;77;82;75;20;29;30;28;33;27;40;40
840.0;143;113;63;77;83;74;21;28;29;28;36;26;39;40
846.0;142;111;64;76;83;73;21;29;30;30;34;29;38;40
852.0;143;114;65;74;80;72;21;30;30;30;35;30;37;39
858.0;143;115;65;76;80;73;22;29;31;30;34;31;32;39
864.0;140;116;65;75;81;72;21;30;32;29;35;32;33;39
870.0;138;117;65;73;80;70;23;30;32;30;37;30;34;41
876.0;138;117;67;75;79;68;25;33;29;31;36;31;30;41
882.0;140;117;67;74;77;68;24;34;28;34;33;33;31;40
888.0;143;114;65;77;76;70;24;35;26;33;33;33;33;38
894.0;141;118;67;77;77;71;24;33;22;34;34;30;33;39
900.0;145;119;66;77;78;69;23;32;22;35;33;31;33;37
906.0;144;120;68;80;83;68;22;33;22;31;30;29;33;37
912.0;144;122;69;80;81;68;21;31;23;33;32;27;36;33
918.0;143;124;68;82;82;69;20;33;24;32;30;26;34;33
924.0;144;125;70;82;80;69;22;37;21;29;29;24;34;34
930.0;142;126;70;81;83;68;23;37;23;29;30;25;32;31
936.0;140;126;70;82;82;68;23;37;23;29;30;25;34;31
942.0;142;128;67;83;82;68;21;36;26;28;30;25;35;29
948.0;142;128;67;81;84;70;20;33;28;27;30;26;36;28
954.0;141;128;69;82;85;71;20;34;28;28;28;26;34;26
960.0;141;126;70;80;84;73;22;36;30;28;26;24;34;26
966.0;142;123;68;76;85;72;24;38;31;26;25;28;35;27
972.0;142;123;68;76;84;73;28;36;33;25;24;29;32;27
978.0;142;121;68;77;85;72;26;38;33;26;23;30;32;27
984.0;142;118;67;76;85;74;28;38;29;26;23;31;34;29
990.0;140;117;68;76;82;75;27;40;28;28;23;31;36;29
996.0;138;116;71;77;79;74;28;41;26;31;26;31;33;29
1002.0;136;112;75;75;82;75;27;37;26;32;26;33;35;29
1008.0;136;113;75;76;83;79;26;35;22;34;28;32;33;28
1014.0;135;113;73;76;82;80;27;35;22;34;29;32;33;29
1020.0;134;112;73;75;82;78;28;35;22;36;27;31;37;30
1026.0;132;112;71;75;80;76;29;39;24;37;27;32;37;29
1032.0;136;112;70;76;83;76;30;38;23;35;27;30;37;27
1038.0;136;110;70;76;80;78;29;38;23;36;28;33;37;26
1044.0;137;113;71;75;79;80;32;37;24;36;24;31;35;26
1050.0;136;115;74;73;79;79;31;35;27;34;22;33;36;26
1056.0;137;117;74;73;78;78;31;35;27;32;23;33;36;26
1062.0;136;118;75;74;78;80;29;34;27;29;23;33;36;28
1068.0;136;116;75;76;76;82;29;32;29;29;24;33;36;27
1074.0;138;112;75;75;76;83;28;34;28;28;25;35;36;27
1080.0;138;110;77;73;80;82;28;35;29;29;25;34;32;28
1086.0;138;111;75;71;81;85;28;37;28;30;23;33;34;26
1092.0;140;112;74;68;80;87;28;35;30;29;21;33;35;28
1098.0;138;113;76;66;77;84;26;36;35;33;22;32;34;28
1104.0;138;113;75;64;76;84;28;35;35;34;22;32;36;28
1110.0;136;111;78;63;76;84;26;34;37;34;22;34;35;30
1116.0;137;111;78;62;75;83;27;33;37;33;21;37;36;30
1122.0;135;112;78;64;76;83;27;34;33;33;20;40;37;28
1128.0;133;111;78;64;75;85;27;30;36;32;20;39;40;30
1134.0;133;112;77;63;77;83;29;28;37;32;21;36;42;30
1140.0;134;115;76;63;76;85;30;27;35;32;20;35;42;30
1146.0;134;118;77;61;76;82;30;28;35;34;19;38;39;29
1152.0;132;117;77;62;75;81;30;28;35;32;20;39;41;31
1158.0;133;115;77;64;73;81;27;28;38;34;21;36;43;30
1164.0;130;114;78;64;73;82;28;30;39;34;21;34;43;30
1170.0;128;114;79;64;73;83;28;27;37;36;21;35;43;32
1176.0;128;113;79;61;74;82;29;29;36;38;23;35;41;32
1182.0;128;116;79;60;73;82;29;30;35;37;22;35;41;33
1188.0;127;120;78;62;73;78;29;30;30;37;26;34;42;34
1194.0;126;120;81;61;72;80;29;30;29;38;27;31;42;34
1200.0;126;119;81;65;70;79;31;32;26;37;27;32;42;33
1206.0;128;119;84;64;72;78;28;31;28;36;28;31;40;33
1212.0;129;118;83;66;71;76;31;31;33;34;27;31;38;32
1218.0;130;117;82;65;72;78;33;35;31;33;26;29;38;31
1224.0;131;116;82;67;73;77;30;36;31;33;25;30;38;31
1230.0;131;115;84;69;71;76;29;39;32;29;25;29;38;33
1236.0;128;117;84;72;69;75;28;40;31;30;23;30;42;31
1242.0;129;116;84;74;70;75;27;38;31;27;25;31;39;34
1248.0;130;116;87;75;70;77;31;36;27;25;23;30;38;35
1254.0;129;118;85;78;69;78;29;37;25;26;24;23;39;40
1260.0;128;117;86;76;71;78;29;38;24;25;25;22;40;41
1266.0;129;120;84;78;70;76;31;39;24;24;28;20;36;41
1272.0;127;120;84;76;70;77;33;39;23;23;30;22;36;40
1278.0;130;118;81;79;70;75;29;42;24;20;31;22;35;44
1284.0;131;118;82;79;69;75;28;43;20;18;33;22;35;47
1290.0;131;120;80;78;69;78;26;39;24;19;34;22;36;44
1296.0;130;121;79;78;69;77;26;40;23;22;31;21;39;44
1302.0;132;120;79;74;69;77;30;38;24;23;29;25;36;44
1308.0;129;120;79;73;72;78;29;38;23;23;28;26;38;44
1314.0;130;120;78;73;72;81;29;33;24;24;28;23;39;46
1320.0;130;118;79;70;72;82;27;29;27;24;28;28;40;46
1326.0;131;118;75;69;71;82;27;28;29;26;28;30;39;47
1332.0;129;116;75;69;71;80;29;27;32;28;27;31;40;46
1338.0;135;115;75;69;69;77;34;24;33;29;27;30;40;43
1344.0;135;115;73;68;72;79;34;25;33;27;26;31;37;45
1350.0;135;116;73;67;74;79;34;24;33;27;23;31;42;42
1356.0;133;116;73;71;74;82;36;25;33;23;21;28;44;41
1362.0;135;115;73;69;75;81;35;26;34;24;18;29;47;39
1368.0;134;114;75;70;72;79;36;28;38;25;17;28;49;35
1374.0;134;115;77;71;73;76;35;27;39;26;18;27;48;34
1380.0;133;118;79;71;74;77;35;28;38;25;17;27;47;31
1386.0;131;118;79;68;74;75;34;29;40;24;17;31;47;33
1392.0;131;120;78;68;77;79;34;26;41;24;16;31;41;34
1398.0;130;120;75;67;77;78;35;27;43;26;16;33;40;33
1404.0;132;122;74;69;78;79;34;27;42;27;14;33;39;30
1410.0;132;123;73;71;78;79;34;24;41;27;15;33;44;26
1416.0;133;123;70;73;75;82;36;27;40;25;17;32;42;25
1422.0;131;123;72;74;76;78;38;28;38;25;16;33;42;26
1428.0;129;124;72;75;77;75;37;27;38;28;17;34;39;28
1434.0;128;124;71;74;79;76;40;28;35;28;17;32;38;30
1440.0;131;123;73;74;78;76;37;27;33;27;19;32;39;31
1446.0;130;121;70;75;77;77;37;27;32;26;19;36;40;33
1452.0;130;118;69;75;78;76;37;27;32;28;21;38;39;32
1458.0;131;118;69;73;79;75;39;26;31;29;23;36;38;33
1464.0;129;119;70;72;82;76;42;25;29;30;22;35;36;33
1470.0;129;118;72;72;80;78;41;25;31;28;22;37;37;30
1476.0;131;118;74;72;77;78;41;25;30;27;21;37;39;30
1482.0;131;118;75;76;78;78;40;22;27;27;22;40;36;30
1488.0;130;120;74;77;77;80;41;21;24;26;19;42;39;30
1494.0;129;118;70;78;74;79;41;22;27;27;20;41;40;34
1500.0;130;119;70;78;74;80;42;21;25;25;22;41;40;33
1506.0;131;119;69;81;71;77;40;22;26;25;25;39;43;32
1512.0;128;122;68;81;73;79;39;21;24;24;28;39;43;31
1518.0;131;121;69;81;75;78;39;16;24;24;29;41;44;28
1524.0;131;120;71;79;75;77;39;19;25;25;30;39;42;28
1530.0;131;120;68;79;77;76;40;20;24;26;31;38;40;30
1536.0;130;122;71;83;76;77;41;21;21;24;30;36;40;28
1542.0;130;124;75;83;78;76;38;20;19;24;29;35;40;29
1548.0;126;124;75;83;79;75;38;19;20;24;28;37;40;32
1554.0;125;123;81;81;78;74;39;18;16;25;32;35;39;34
1560.0;124;124;81;80;79;74;40;18;18;25;36;35;35;31
1566.0;120;125;82;82;84;73;39;18;18;25;36;31;36;31
1572.0;115;127;84;83;83;74;36;20;17;26;37;31;34;33
1578.0;116;126;83;79;84;74;37;24;17;27;34;33;32;34
1584.0;116;127;82;81;85;73;38;23;17;25;34;30;34;35
1590.0;120;127;78;80;85;70;37;27;18;26;36;30;34;32
1596.0;120;128;79;83;83;68;37;28;18;26;36;29;34;31
1602.0;120;131;81;81;83;69;35;28;18;22;36;32;34;30
1608.0;121;131;81;79;83;71;33;27;18;24;37;32;33;30
1614.0;123;131;80;80;84;73;31;28;18;24;39;31;31;27
1620.0;123;131;81;79;81;72;33;31;18;24;40;32;29;26
1626.0;124;131;81;80;80;69;32;33;16;28;43;32;28;23
1632.0;128;131;81;77;81;70;31;34;15;30;40;32;27;23
1638.0;123;131;80;78;82;71;33;34;18;31;39;32;25;23
1644.0;124;131;74;77;81;71;33;34;23;29;41;33;24;25
1650.0;124;130;73;75;81;70;33;35;25;28;43;33;25;25
1656.0;122;129;75;80;81;70;30;35;21;27;40;34;26;30
1662.0;122;131;71;81;81;72;28;33;22;30;41;32;26;30
1668.0;119;129;70;80;82;73;27;33;25;29;41;32;29;31
1674.0;120;129;70;83;82;74;25;32;26;28;40;31;29;31
1680.0;118;129;69;82;83;74;28;29;28;30;37;35;29;29
1686.0;118;131;70;81;81;74;24;33;28;30;37;35;33;25
1692.0;119;130;69;83;81;79;24;33;26;30;32;35;33;26
1698.0;120;129;70;83;80;78;25;34;27;30;33;34;30;27
1704.0;120;129;70;80;82;77;24;34;28;29;36;34;30;27
1710.0;124;128;72;77;80;78;25;34;26;29;34;32;30;31
1716.0;124;128;74;75;80;77;24;34;27;29;32;32;31;33
1722.0;123;130;73;77;80;76;25;32;25;30;30;32;32;35
1728.0;127;127;71;79;81;74;23;32;25;29;26;35;35;36
1734.0;127;127;73;78;84;73;24;33;24;30;23;32;35;37
1740.0;130;127;70;81;82;74;24;30;24;32;21;32;36;37
1746.0;129;129;69;79;84;75;27;30;23;34;22;28;35;36
1752.0;131;128;70;78;87;73;28;31;25;30;19;28;35;37
1758.0;133;130;69;78;87;75;27;32;21;30;21;31;32;34
1764.0;133;128;70;76;86;73;24;33;23;31;23;32;31;37
1770.0;134;127;70;74;89;73;23;35;21;31;26;30;32;35
1776.0;136;127;69;75;90;73;27;33;21;31;26;29;29;34
1782.0;136;128;72;76;90;71;26;31;21;32;25;30;28;34
1788.0;137;129;73;75;87;68;25;32;21;32;28;29;29;35
1794.0;136;128;73;74;90;67;26;32;21;35;26;28;30;34
1800.0;133;129;70;76;88;68;25;33;21;35;25;31;32;34
1806.0;130;132;70;76;90;69;26;32;20;34;29;30;29;33
1812.0;130;134;68;74;89;72;26;30;21;34;27;30;32;33
1818.0;129;134;68;75;90;70;25;31;21;34;28;30;31;34
1824.0;127;133;68;76;88;71;28;32;22;33;27;29;32;34
1830.0;128;134;68;74;89;68;25;31;26;36;30;30;29;32
1836.0;129;135;70;71;91;68;25;30;28;36;30;27;29;31
1842.0;130;134;72;68;88;67;29;30;29;35;29;29;27;33
1848.0;131;135;72;67;88;67;29;30;30;36;28;29;27;31
1854.0;133;134;70;66;89;68;34;27;30;32;27;30;28;32
1860.0;134;134;70;67;89;67;33;29;27;33;29;28;29;31
1866.0;136;135;71;68;84;66;33;29;26;34;27;30;29;32
1872.0;135;135;70;69;83;65;34;30;25;32;26;31;31;34
1878.0;139;137;68;69;83;64;33;30;27;30;26;28;33;33
1884.0;137;137;69;71;80;64;34;31;27;31;24;26;34;35
1890.0;136;138;68;73;81;63;33;32;28;31;25;27;30;35
1896.0;137;135;70;72;81;63;34;33;28;34;22;28;28;35
1902.0;139;138;68;73;78;58;34;33;29;36;25;27;26;36
1908.0;138;139;68;75;78;59;33;34;28;36;24;28;24;36
1914.0;138;140;67;76;80;59;32;31;29;34;24;29;25;36
1920.0;137;139;68;78;78;61;33;30;28;35;24;29;25;35
1926.0;138;140;68;77;79;61;32;30;28;34;25;27;26;35
1932.0;137;142;67;76;80;61;31;29;27;34;24;28;29;35
1938.0;140;144;68;75;80;60;28;28;26;32;25;29;31;34
1944.0;140;141;70;75;81;62;27;26;26;32;23;30;35;32
1950.0;141;141;68;74;78;60;27;29;27;32;23;30;38;32
1956.0;143;143;65;72;78;61;28;27;29;31;22;30;37;34
1962.0;145;140;65;74;77;60;29;25;31;31;22;30;38;33
1968.0;146;142;63;75;76;60;26;26;33;30;21;30;40;32
1974.0;144;141;65;77;76;62;22;28;33;30;21;29;41;31
