#auto generated file!
12.0;32;22;30;25;33;31;26;26;38;28;28;19;29;33
18.0;32;24;31;24;30;31;27;27;38;28;27;20;28;33
24.0;31;24;31;25;30;30;27;29;40;27;25;19;29;33
30.0;33;24;34;24;29;31;25;24;38;29;25;20;30;34
36.0;36;25;34;24;30;33;24;21;38;28;26;19;28;34
42.0;38;26;33;24;31;33;22;22;37;25;30;19;26;34
48.0;39;26;34;25;27;32;24;23;36;26;31;21;27;29
54.0;39;28;36;23;29;33;25;24;35;25;30;18;26;29
60.0;39;31;36;25;31;33;25;21;35;24;28;17;26;29
66.0;41;33;36;26;29;36;24;21;34;27;24;17;25;27
72.0;42;33;36;28;29;37;24;21;31;27;22;16;27;27
78.0;43;33;38;26;28;39;22;21;33;25;23;17;26;26
84.0;42;32;38;26;27;38;22;24;33;25;23;18;27;25
90.0;43;32;39;26;27;36;21;23;33;26;24;18;25;27
96.0;45;32;37;27;32;36;21;24;31;25;21;18;25;26
102.0;46;33;37;30;33;36;20;23;31;26;20;16;23;26
108.0;46;33;38;30;32;38;22;21;32;27;21;13;21;26
114.0;44;35;39;30;33;39;20;22;30;27;21;13;21;26
120.0;43;36;40;28;34;39;21;23;29;27;20;13;21;26
126.0;43;35;37;28;35;38;21;23;28;27;23;13;21;28
132.0;43;33;38;28;35;38;21;23;26;28;25;12;22;28
138.0;44;32;39;27;35;40;22;24;23;27;24;14;22;27
144.0;44;32;36;28;37;36;21;26;24;28;23;16;22;27
150.0;43;32;36;27;35;38;22;26;25;27;21;17;23;28
156.0;43;32;37;27;37;36;22;25;24;30;20;15;23;29
162.0;42;33;39;27;37;38;18;25;23;29;20;14;24;31
168.0;41;33;38;28;38;39;17;26;22;28;20;15;23;32
174.0;42;35;38;28;38;38;17;27;22;26;19;15;24;31
180.0;41;38;38;28;39;39;16;28;22;26;19;15;22;29
186.0;41;37;37;29;39;39;17;28;23;26;20;15;22;27
192.0;41;37;38;27;39;40;18;28;21;26;20;16;23;26
198.0;41;36;37;28;42;40;17;28;22;25;19;16;24;25
204.0;43;36;38;27;43;38;16;26;24;26;20;16;22;25
210.0;46;37;39;27;45;36;16;28;20;25;19;14;22;26
216.0;48;38;39;28;46;37;14;27;20;22;19;14;22;26
222.0;48;38;39;29;43;36;12;28;20;21;22;14;24;26
228.0;48;36;38;29;42;35;11;27;20;22;25;15;25;27
234.0;51;37;37;28;42;37;12;27;20;20;27;13;25;24
240.0;51;38;37;29;40;38;13;27;21;21;27;13;24;21
246.0;51;39;35;28;39;39;13;28;20;21;26;13;24;24
252.0;53;40;35;29;39;39;15;28;19;21;24;13;21;24
258.0;53;40;35;29;39;41;17;25;20;22;22;14;20;23
264.0;55;39;36;29;39;41;18;24;19;25;17;15;20;23
270.0;55;38;37;29;38;42;18;23;18;24;17;17;19;25
276.0;58;38;37;29;38;42;20;22;18;22;17;15;19;25
282.0;58;39;37;30;37;41;20;22;18;21;17;16;19;25
288.0;55;40;39;31;37;41;21;21;19;23;20;13;16;24
294.0;55;42;40;31;36;40;21;22;18;23;17;13;18;24
300.0;54;42;39;31;36;40;20;22;18;22;17;14;20;25
306.0;55;44;40;30;37;40;19;20;19;22;16;15;17;26
312.0;53;44;38;33;39;41;19;20;21;21;15;17;14;25
318.0;52;45;38;34;38;41;18;22;21;21;15;17;13;25
324.0;53;49;39;34;38;40;18;19;20;21;16;16;12;25
330.0;54;49;41;35;35;41;18;19;20;21;15;15;13;24
336.0;54;49;41;36;34;41;18;19;19;22;14;15;14;24
342.0;56;47;41;38;33;39;17;20;19;22;14;16;14;24
348.0;55;51;41;40;34;38;15;22;18;22;14;13;14;23
354.0;53;51;41;41;34;39;15;21;18;22;14;14;14;23
360.0;53;50;41;40;33;39;14;20;19;24;15;15;15;22
366.0;51;51;42;39;33;36;14;20;19;26;17;15;15;22
372.0;52;53;40;38;34;35;14;20;17;25;16;15;18;23
378.0;53;53;40;40;35;32;14;19;15;24;15;15;20;25
384.0;54;53;41;41;34;30;13;20;16;25;17;16;19;21
390.0;53;53;40;40;33;32;15;20;16;26;18;16;18;20
396.0;54;52;43;42;32;32;15;20;14;25;19;14;18;20
402.0;53;52;43;42;33;32;15;20;16;26;16;14;18;20
408.0;54;53;43;43;31;33;16;21;15;25;14;14;19;19
414.0;53;54;43;43;30;34;14;22;12;26;14;14;22;19
420.0;53;53;42;44;30;32;15;24;14;24;13;15;23;18
426.0;53;49;43;43;31;33;15;25;14;24;12;13;25;20
432.0;55;50;44;41;31;33;14;24;15;24;11;14;25;19
438.0;56;49;46;41;29;33;14;24;14;25;11;14;24;20
444.0;55;50;44;43;30;34;14;22;16;24;11;12;24;21
450.0;54;50;44;45;30;33;10;21;16;25;13;12;25;22
456.0;55;50;43;45;30;33;10;25;15;25;14;13;22;20
462.0;55;51;44;45;30;32;10;26;15;25;13;13;22;19
468.0;53;51;45;47;28;30;10;29;18;24;11;13;22;19
474.0;53;49;44;47;30;30;10;31;19;24;10;12;23;18
480.0;54;48;44;47;30;32;10;30;20;21;11;13;23;17
486.0;56;47;42;49;31;33;9;27;20;21;13;11;24;17
492.0;56;47;42;47;34;35;10;24;18;20;14;12;24;17
498.0;56;47;43;46;36;36;11;25;18;17;12;12;25;16
504.0;55;49;44;46;36;35;10;25;18;17;12;12;25;16
510.0;55;50;42;46;36;35;9;26;18;15;11;12;28;17
516.0;56;50;41;48;34;35;9;26;18;15;10;13;28;17
522.0;56;52;41;46;35;36;9;25;17;14;11;14;28;16
528.0;56;56;40;45;38;33;11;25;18;14;10;13;26;15
534.0;57;55;40;44;38;34;11;24;16;13;10;13;27;18
540.0;57;56;37;44;38;34;12;25;16;13;10;13;27;18
546.0;57;55;37;44;37;34;12;25;17;13;10;13;28;18
552.0;58;54;37;44;40;35;14;23;13;14;9;15;27;17
558.0;57;54;37;44;41;33;14;22;13;14;12;15;29;15
564.0;56;54;39;42;41;33;14;21;13;14;11;16;29;17
570.0;55;54;39;42;42;34;14;21;12;15;14;16;26;16
576.0;54;55;38;45;42;35;17;20;14;14;13;13;24;16
582.0;54;53;37;42;42;35;17;21;14;16;14;13;25;17
588.0;55;52;37;42;40;33;19;20;14;16;14;14;25;19
594.0;54;52;37;43;38;32;20;21;14;16;13;17;25;18
600.0;54;53;36;44;38;32;17;22;13;16;14;19;24;18
606.0;54;54;37;42;38;32;17;23;12;16;16;20;23;16
612.0;54;54;37;43;34;32;17;22;13;16;17;19;26;16
618.0;54;53;36;45;37;32;14;23;15;15;18;20;24;14
624.0;55;51;35;45;35;35;15;24;13;16;19;21;23;13
630.0;57;52;36;43;34;35;15;24;14;15;17;20;24;14
636.0;56;53;36;42;35;37;15;24;13;15;16;21;23;14
642.0;56;52;37;42;35;34;16;23;14;14;16;23;24;14
648.0;57;54;36;42;36;32;17;22;13;16;15;22;23;15
654.0;58;54;36;41;36;32;18;23;14;18;13;21;22;14
660.0;59;54;37;41;35;31;18;23;15;17;15;19;21;15
666.0;62;52;39;41;34;32;18;19;15;16;17;20;21;14
672.0;62;52;39;40;36;31;18;20;15;17;16;21;21;12
678.0;62;52;39;40;37;32;17;18;15;16;15;21;23;13
684.0;62;53;39;38;37;32;18;20;15;15;15;20;20;16
690.0;62;53;38;39;37;32;18;21;13;15;15;20;19;18
696.0;63;53;41;41;36;30;17;20;13;16;15;19;19;17
702.0;62;55;41;41;35;30;17;21;13;16;15;19;19;16
708.0;62;54;42;40;35;31;17;21;13;17;16;20;18;14
714.0;62;53;42;40;35;32;17;22;14;17;14;20;18;14
720.0;63;53;41;38;35;33;19;23;14;17;13;19;17;15
726.0;63;53;40;37;36;33;19;23;15;16;14;19;18;14
732.0;63;53;40;37;38;32;18;24;16;16;12;19;17;15
738.0;64;53;40;37;38;31;18;20;17;17;11;20;17;17
744.0;64;53;40;36;39;31;17;19;17;17;14;20;17;16
750.0;62;56;36;36;39;33;17;21;15;17;15;21;17;15
756.0;63;57;36;35;39;31;18;22;16;19;14;19;17;14
762.0;62;56;38;34;37;30;22;20;16;20;12;20;18;15
768.0;63;58;41;35;35;30;21;20;13;20;9;21;19;15
774.0;63;58;41;35;35;30;20;21;15;19;10;20;19;14
780.0;61;57;41;37;34;32;21;20;14;19;11;20;18;15
786.0;57;58;41;36;35;32;22;20;14;19;12;22;17;15
792.0;60;57;39;36;36;32;24;19;15;18;12;20;16;16
798.0;60;57;41;35;35;33;23;17;14;20;13;21;16;15
804.0;59;57;43;37;37;32;22;17;14;19;15;18;15;15
810.0;59;57;42;38;39;32;19;16;14;20;15;18;14;17
816.0;60;57;41;38;39;34;18;15;15;19;15;18;14;17
822.0;60;57;40;36;39;34;19;15;16;19;15;17;15;18
828.0;60;57;38;35;40;35;21;15;16;19;15;16;15;18
834.0;63;57;36;35;41;36;20;16;14;19;17;15;15;16
840.0;61;58;34;37;42;36;22;18;12;20;17;15;14;14
846.0;63;58;33;36;42;37;22;18;12;19;15;17;14;14
852.0;66;57;34;37;42;38;21;15;11;19;16;16;14;14
858.0;66;58;34;37;42;38;19;15;10;20;16;16;14;15
864.0;66;58;34;37;41;37;18;16;9;21;19;17;14;13
870.0;68;57;35;37;41;39;16;15;10;20;19;17;14;12
876.0;67;58;37;37;42;38;16;17;10;15;20;16;15;12
882.0;66;58;37;38;39;37;17;18;11;15;19;17;17;11
888.0;67;59;36;39;40;36;16;17;9;15;17;19;19;11
894.0;68;59;36;40;40;35;15;16;9;15;19;20;18;10
900.0;67;62;36;40;39;34;15;15;8;16;17;21;20;10
906.0;65;64;36;39;41;34;15;14;8;15;18;21;21;9
912.0;64;66;38;39;42;32;15;15;9;14;17;21;19;9
918.0;64;65;37;39;40;34;15;15;10;14;15;22;20;10
924.0;65;65;37;38;42;34;15;15;9;14;13;22;21;10
930.0;65;65;39;38;42;34;15;16;9;14;14;20;20;9
936.0;66;64;38;37;43;34;15;15;9;15;12;21;20;11
942.0;66;65;40;38;42;35;13;14;9;15;11;21;20;11
948.0;66;65;41;38;41;36;13;14;9;15;10;21;19;12
954.0;68;64;41;38;45;34;13;14;10;13;11;21;19;9
960.0;69;62;41;37;46;34;15;16;9;15;10;21;18;7
966.0;70;61;40;39;45;35;13;16;10;15;9;20;18;9
972.0;72;61;39;39;45;35;13;16;13;15;8;19;16;9
978.0;73;59;40;39;45;36;14;16;12;17;7;18;16;8
984.0;73;61;38;39;43;36;13;15;13;18;7;17;18;9
990.0;74;60;40;38;42;36;12;15;13;17;7;18;18;10
996.0;73;59;41;38;42;36;12;16;11;18;7;19;18;10
1002.0;73;60;41;39;42;35;12;15;12;19;8;17;18;9
1008.0;71;61;42;40;42;34;13;16;11;19;9;16;18;8
1014.0;72;62;43;38;41;32;13;17;12;17;10;16;17;10
1020.0;73;60;42;37;41;33;15;17;12;17;11;15;16;11
1026.0;72;61;40;37;40;32;16;17;14;15;12;15;16;13
1032.0;71;63;39;35;40;33;19;16;14;15;11;15;17;12
1038.0;71;63;38;34;39;33;19;15;14;17;10;17;19;11
1044.0;71;65;38;35;39;33;20;14;14;15;10;17;18;11
1050.0;70;64;37;35;41;32;21;13;13;14;10;16;19;15
1056.0;69;64;38;36;41;32;22;13;13;14;9;13;20;16
1062.0;68;65;37;35;42;32;23;13;13;17;8;13;18;16
1068.0;68;66;37;35;42;31;24;13;13;17;8;14;17;15
1074.0;68;64;39;35;40;30;23;13;14;16;8;15;18;17
1080.0;68;63;38;36;39;30;22;15;15;14;9;15;19;17
1086.0;68;62;37;35;39;31;21;15;17;13;13;15;18;16
1092.0;68;62;38;35;41;33;20;16;16;12;13;14;17;15
1098.0;68;62;40;36;38;35;18;17;16;11;13;16;16;14
1104.0;68;62;41;35;37;36;20;17;17;11;11;17;15;13
1110.0;67;62;42;37;37;35;18;17;15;11;12;17;16;14
1116.0;66;64;42;37;37;34;18;17;15;12;11;17;16;14
1122.0;65;63;42;37;38;35;16;17;16;12;12;17;16;14
1128.0;65;62;39;39;38;35;17;16;16;12;14;16;15;16
1134.0;66;62;40;39;39;34;15;16;17;11;15;17;15;14
1140.0;65;62;41;41;40;32;14;16;17;12;14;16;16;14
1146.0;65;61;41;40;41;32;14;16;16;13;15;17;16;13
1152.0;65;60;40;40;41;32;14;16;17;13;15;17;17;13
1158.0;64;58;40;40;40;31;14;17;16;11;17;19;17;16
1164.0;64;58;40;39;41;31;15;19;18;12;15;18;14;16
1170.0;63;58;41;39;41;29;15;20;16;13;14;20;15;16
1176.0;62;58;41;38;41;29;14;22;17;15;13;20;13;17
1182.0;65;58;41;36;41;27;15;23;16;15;15;18;13;17
1188.0;65;58;41;37;40;28;17;21;17;16;14;16;14;16
1194.0;65;59;41;36;39;26;16;21;17;18;16;16;13;17
1200.0;64;61;43;33;39;26;15;20;16;18;16;17;15;17
1206.0;64;62;41;33;39;26;14;18;19;20;16;17;16;15
1212.0;64;58;42;35;39;28;15;17;18;21;16;16;16;15
1218.0;64;58;43;36;37;30;13;18;18;20;14;15;19;15
1224.0;65;59;41;39;37;30;14;14;17;22;13;15;20;14
1230.0;65;60;41;39;34;31;12;15;18;23;13;15;19;15
1236.0;64;60;40;38;32;33;11;16;20;23;12;16;19;16
1242.0;63;60;39;39;33;33;11;16;21;23;12;16;19;15
1248.0;63;61;37;38;34;34;11;17;21;20;12;18;19;15
1254.0;63;59;37;37;33;35;10;16;23;20;16;18;19;14
1260.0;63;59;37;36;32;35;11;17;22;21;16;18;19;14
1266.0;64;59;36;37;32;36;12;16;18;20;17;21;18;14
1272.0;64;59;36;36;33;36;12;16;16;20;18;21;18;15
1278.0;64;59;37;36;33;36;12;16;15;20;19;21;18;14
1284.0;65;60;37;35;34;35;14;15;15;19;17;22;18;14
1290.0;65;61;37;34;35;34;15;15;14;16;19;23;19;13
1296.0;65;63;38;34;36;34;15;12;14;16;18;23;21;11
1302.0;66;64;38;32;37;34;17;13;13;15;18;21;21;11
1308.0;66;65;37;33;35;35;16;13;14;15;19;20;21;11
1314.0;65;65;37;33;34;36;15;13;14;16;20;19;21;12
1320.0;65;66;37;33;37;35;18;12;14;14;17;19;19;14
1326.0;66;66;36;35;36;33;17;11;15;14;17;20;18;16
1332.0;65;68;36;35;36;33;16;11;15;14;19;19;17;16
1338.0;64;69;38;36;35;33;16;10;15;13;19;19;17;16
1344.0;64;69;38;38;36;33;16;10;16;13;18;18;17;14
1350.0;67;70;37;34;36;32;16;11;16;13;18;19;16;15
1356.0;66;70;38;34;36;32;15;12;16;14;18;19;16;14
1362.0;65;70;38;35;39;34;15;12;17;14;15;19;14;13
1368.0;63;69;39;35;39;34;15;11;15;13;19;18;15;15
1374.0;61;70;42;34;40;33;14;9;16;15;17;18;16;15
1380.0;61;70;43;32;40;33;15;10;14;15;15;18;18;16
1386.0;60;70;42;32;42;33;16;10;16;15;14;15;19;16
1392.0;61;69;42;32;42;34;16;10;15;15;14;14;19;17
1398.0;60;72;42;30;44;34;15;10;13;15;13;15;20;17
1404.0;58;73;42;30;47;34;14;10;13;13;12;16;22;16
1410.0;58;73;42;30;45;36;14;10;12;14;13;14;23;16
1416.0;58;73;40;30;46;36;14;11;12;13;13;14;24;16
1422.0;58;72;42;30;46;37;15;10;10;14;14;13;24;15
1428.0;58;72;43;29;47;39;14;10;9;13;14;14;23;15
1434.0;60;71;43;29;46;39;14;9;10;15;13;15;21;15
1440.0;60;71;43;29;46;39;15;9;8;14;12;15;23;16
1446.0;62;71;42;28;49;40;13;10;8;11;12;14;23;17
1452.0;61;71;41;26;49;43;12;11;8;12;11;15;24;16
1458.0;61;72;41;26;47;43;13;12;9;12;10;16;23;15
1464.0;61;72;41;25;47;42;13;12;11;11;10;15;24;16
1470.0;60;71;38;25;49;41;14;11;11;12;10;16;26;16
1476.0;60;70;37;22;52;41;14;11;11;13;11;16;26;16
1482.0;60;70;34;21;52;44;14;12;11;13;11;17;25;16
1488.0;58;70;36;21;53;45;14;11;12;13;11;17;23;16
1494.0;58;72;35;22;53;48;13;10;13;15;11;15;21;14
1500.0;58;72;37;22;53;47;12;9;14;16;11;13;20;16
1506.0;58;70;37;24;53;49;10;9;14;17;10;13;20;16
1512.0;58;68;36;25;51;50;9;11;15;19;11;12;19;16
1518.0;59;66;38;25;50;50;11;11;15;19;9;12;19;16
1524.0;59;65;38;24;50;52;11;10;15;20;10;11;19;16
1530.0;58;63;38;23;50;52;11;13;13;20;10;11;21;17
1536.0;57;64;38;24;51;51;12;13;14;18;10;12;19;17
1542.0;57;65;37;25;52;52;11;12;15;17;11;12;16;18
1548.0;57;67;37;26;51;54;11;13;14;14;10;12;16;18
1554.0;56;68;38;26;50;53;11;15;16;13;9;12;15;18
1560.0;53;69;38;26;50;54;10;15;17;15;10;12;14;17
1566.0;52;70;39;27;47;52;11;15;17;17;10;13;15;15
1572.0;53;69;40;28;46;52;11;15;17;17;10;11;16;15
1578.0;53;68;39;27;47;51;13;16;16;18;10;11;16;15
1584.0;53;69;41;30;48;48;12;16;15;17;9;12;18;12
1590.0;53;70;43;31;46;47;12;15;14;17;9;11;20;12
1596.0;54;70;43;28;44;47;12;15;13;18;10;11;22;13
1602.0;53;68;43;28;46;46;13;17;11;18;12;11;21;13
1608.0;52;68;44;30;46;44;13;16;10;18;13;12;20;14
1614.0;51;68;42;31;45;44;12;17;9;18;15;13;21;14
1620.0;53;67;42;31;44;45;13;15;10;18;14;11;21;16
1626.0;54;68;41;31;45;46;13;14;11;16;14;10;21;16
1632.0;55;67;41;29;45;44;16;16;10;15;14;10;22;16
1638.0;54;67;40;32;45;43;15;17;9;15;15;11;21;16
1644.0;52;66;39;32;44;44;16;19;8;15;15;14;20;16
1650.0;52;64;41;34;46;43;17;19;8;15;15;11;20;15
1656.0;53;64;40;33;48;43;14;20;10;12;16;9;22;16
1662.0;52;65;39;35;47;44;13;20;9;11;16;10;23;16
1668.0;56;64;39;33;47;45;11;20;10;11;12;12;22;18
1674.0;56;64;39;33;49;46;10;20;10;11;14;11;21;16
1680.0;56;62;37;33;51;45;11;24;11;10;13;11;22;14
1686.0;56;62;37;34;50;44;9;23;12;10;13;12;24;14
1692.0;54;63;36;35;51;41;10;22;13;10;14;14;23;14
1698.0;53;61;37;37;50;40;14;23;12;11;14;13;22;13
1704.0;54;61;37;38;49;41;11;22;14;11;16;13;21;12
1710.0;54;60;37;37;49;42;11;22;14;12;17;13;20;12
1716.0;53;59;37;36;46;41;12;21;16;13;18;13;21;14
1722.0;52;58;38;38;47;40;13;22;14;13;19;14;18;14
1728.0;52;58;40;39;45;38;12;21;17;14;18;15;17;14
1734.0;53;56;42;38;45;37;12;19;17;16;19;14;18;14
1740.0;52;59;42;38;46;38;10;22;14;16;18;13;18;14
1746.0;52;59;42;38;46;38;9;23;14;16;17;14;18;14
1752.0;52;58;41;37;45;39;11;20;19;16;18;14;16;14
1758.0;51;58;41;34;45;41;13;20;21;16;17;15;15;13
1764.0;51;57;41;35;45;43;11;20;21;17;17;16;13;13
1770.0;50;56;38;36;46;43;12;18;22;18;17;17;13;14
1776.0;50;57;39;36;45;45;10;20;19;16;17;17;14;15
1782.0;50;56;41;37;45;46;12;20;19;15;14;16;14;15
1788.0;49;55;41;39;47;46;13;19;20;15;13;15;12;16
1794.0;51;54;41;39;49;45;13;19;20;15;14;14;11;15
1800.0;51;54;39;39;49;44;13;20;22;15;13;14;12;15
1806.0;52;55;39;39;50;44;13;18;22;15;12;14;14;13
1812.0;52;57;36;38;51;45;13;17;22;15;14;15;13;12
1818.0;53;56;36;38;51;45;13;16;23;15;13;17;12;12
1824.0;54;57;35;38;51;46;13;15;25;17;13;14;11;11
1830.0;54;58;34;38;51;46;12;14;23;16;13;17;11;13
1836.0;55;57;35;38;51;47;11;15;23;16;13;16;11;12
1842.0;57;57;32;38;50;49;11;16;24;15;12;16;10;13
1848.0;58;58;32;38;47;51;10;14;23;15;12;18;10;14
1854.0;57;58;32;39;49;50;10;13;22;15;13;18;11;13
1860.0;58;58;32;40;49;49;9;13;22;15;14;17;11;13
1866.0;55;60;33;40;47;50;10;14;21;16;16;16;9;13
1872.0;55;59;33;40;46;50;11;13;22;17;16;17;8;13
1878.0;56;58;33;42;45;49;12;12;20;16;18;17;10;12
1884.0;56;58;33;42;45;49;11;13;19;16;19;17;11;11
1890.0;55;58;33;41;48;50;11;11;19;14;20;17;12;11
1896.0;53;58;34;41;48;49;11;11;17;14;21;18;13;12
1902.0;55;59;34;41;49;49;13;12;15;13;19;19;13;9
1908.0;56;59;32;42;50;49;13;13;14;13;18;17;15;9
1914.0;56;59;33;42;49;49;13;12;14;13;17;17;17;9
1920.0;57;57;33;41;49;49;14;11;16;13;16;18;16;10
1926.0;57;56;33;39;47;49;13;12;17;13;16;17;18;13
1932.0;57;54;34;38;46;52;13;15;16;14;16;17;15;13
1938.0;59;55;35;38;45;51;13;14;16;13;16;17;16;12
1944.0;60;52;34;39;46;50;12;17;16;14;15;18;15;12
1950.0;62;51;34;40;47;49;11;16;15;15;17;17;15;11
1956.0;61;53;35;40;47;47;14;15;16;13;17;15;14;13
1962.0;63;53;36;40;46;47;14;14;17;13;18;15;12;12
1968.0;62;53;39;39;46;48;13;13;16;14;19;14;12;12
1974.0;60;55;38;39;47;49;13;13;16;14;17;15;11;13
