#auto generated file!
12.0;140;143;129;145;127;125;129;119;124;131;117;113;135;123
18.0;143;143;136;146;130;129;126;117;126;125;116;113;127;123
24.0;144;149;136;147;134;130;124;121;123;118;115;115;126;118
30.0;148;154;133;151;134;140;123;124;124;114;110;116;120;109
36.0;154;155;139;147;135;140;120;117;122;111;110;123;117;110
42.0;156;154;140;145;136;142;122;116;124;112;113;121;112;107
48.0;156;155;139;149;136;143;118;114;119;116;119;122;109;105
54.0;156;157;144;151;141;144;116;109;117;112;116;117;111;109
60.0;160;156;146;157;139;144;116;112;115;107;114;116;109;109
66.0;163;157;150;154;139;145;113;107;115;106;114;115;111;111
72.0;167;159;150;156;141;147;119;107;115;102;111;109;111;106
78.0;171;162;148;153;142;146;111;108;113;106;113;110;111;106
84.0;173;169;150;152;147;144;108;108;120;104;114;105;104;102
90.0;178;175;153;147;148;145;103;106;119;102;110;103;103;108
96.0;182;173;156;147;154;146;103;104;115;102;106;107;100;105
102.0;183;173;161;147;154;150;99;104;116;102;101;106;99;105
108.0;190;179;162;150;150;154;95;100;109;105;98;108;95;105
114.0;196;184;167;149;148;154;96;98;104;107;94;103;96;104
120.0;200;183;168;155;144;155;95;95;102;107;92;108;94;102
126.0;203;193;171;155;143;157;95;94;99;105;87;106;89;103
132.0;205;196;170;150;147;163;95;93;100;103;85;105;88;100
138.0;204;198;172;154;146;164;95;91;98;105;87;103;86;97
144.0;194;205;174;154;150;161;88;97;98;104;91;102;87;95
150.0;198;210;176;152;154;162;88;93;97;104;86;96;89;95
156.0;201;211;179;153;152;162;89;90;93;102;88;95;91;94
162.0;201;214;177;157;150;164;92;92;88;97;88;94;90;96
168.0;200;216;178;156;155;163;89;94;89;98;88;94;88;92
174.0;199;217;176;158;158;163;90;96;87;97;88;93;86;92
180.0;202;219;174;155;155;169;91;98;85;95;86;89;87;95
186.0;206;222;171;157;157;168;92;97;83;98;84;85;84;96
192.0;211;220;172;155;157;172;94;96;81;94;84;88;80;96
198.0;213;224;168;156;154;170;93;99;79;98;84;88;76;98
204.0;214;231;165;155;155;174;89;102;79;95;78;92;79;92
210.0;222;228;167;153;160;177;89;102;76;95;75;93;79;84
216.0;228;231;165;153;157;178;89;100;77;95;73;91;80;83
222.0;226;234;162;151;163;178;90;101;74;94;72;91;82;82
228.0;226;235;163;152;168;175;92;96;78;95;68;89;84;79
234.0;230;239;160;153;172;174;89;91;77;97;66;87;83;82
240.0;232;244;160;150;172;172;86;94;78;98;67;82;86;79
246.0;233;244;161;150;172;171;89;94;79;91;70;80;84;82
252.0;232;245;156;150;175;174;87;97;80;90;72;77;83;82
258.0;237;241;159;147;174;173;87;101;82;87;74;74;83;81
264.0;236;245;158;142;174;173;92;101;83;87;75;75;78;81
270.0;234;247;158;144;178;176;93;105;80;89;68;73;74;81
276.0;236;250;157;146;172;177;91;102;82;88;69;70;80;80
282.0;238;253;159;145;170;180;91;100;80;84;69;68;82;81
288.0;235;254;158;146;170;183;93;99;81;85;68;61;87;80
294.0;235;258;154;145;170;184;87;99;82;87;68;62;87;82
300.0;231;260;149;149;170;189;88;100;90;85;65;60;83;81
306.0;233;259;149;151;170;189;89;92;93;84;68;61;82;80
312.0;234;259;151;149;173;188;92;94;92;85;69;62;79;73
318.0;238;256;155;153;175;186;88;90;90;89;68;63;76;73
324.0;238;258;156;151;178;191;82;89;90;92;65;62;74;74
330.0;240;257;155;149;175;192;79;89;93;91;68;65;74;73
336.0;240;258;156;154;176;190;80;83;90;88;68;70;75;72
342.0;243;256;162;159;174;187;76;85;86;84;67;69;76;76
348.0;244;256;162;155;171;187;77;89;89;87;63;63;80;77
354.0;247;257;164;157;173;188;77;87;86;89;63;61;77;74
360.0;247;261;165;158;171;188;80;89;82;86;66;61;75;71
366.0;248;257;163;159;173;192;77;86;85;82;63;64;76;75
372.0;248;257;164;158;173;197;73;85;84;86;64;60;75;76
378.0;251;261;163;160;169;196;71;86;83;88;64;58;76;74
384.0;251;257;160;161;172;197;72;84;85;90;62;63;76;70
390.0;251;257;157;161;172;197;70;85;89;90;65;62;73;71
396.0;255;256;159;162;169;193;71;83;92;91;66;59;70;74
402.0;257;255;160;164;169;194;71;77;90;89;67;61;72;74
408.0;255;257;160;165;173;191;71;73;80;89;70;64;79;73
414.0;255;253;157;169;176;189;72;72;82;90;70;59;82;74
420.0;254;251;160;166;174;193;72;71;85;89;72;59;80;74
426.0;256;247;163;170;176;194;66;67;81;88;75;58;84;75
432.0;256;246;161;168;183;194;66;70;77;86;76;63;80;74
438.0;255;242;162;171;183;193;65;73;78;88;77;64;79;70
444.0;254;239;161;180;182;192;64;71;77;88;77;63;82;70
450.0;249;244;161;182;185;189;66;71;77;80;74;64;85;73
456.0;248;242;163;184;187;189;65;69;81;79;71;60;87;75
462.0;249;243;163;182;186;187;65;67;81;81;74;61;88;73
468.0;250;245;160;183;184;188;64;68;80;81;72;62;88;75
474.0;248;245;161;183;179;190;66;69;80;81;71;63;91;73
480.0;246;247;161;179;181;187;71;72;82;83;65;58;94;74
486.0;245;248;162;182;179;183;70;71;75;85;68;61;95;76
492.0;241;249;163;185;176;182;71;69;75;89;69;57;97;77
498.0;245;250;161;186;176;183;75;66;77;83;70;55;95;78
504.0;242;249;165;190;179;181;76;67;75;79;71;53;98;75
510.0;241;253;164;184;180;187;73;71;68;76;72;54;97;80
516.0;240;255;162;188;179;190;75;75;68;76;73;53;91;75
522.0;236;251;161;183;184;190;77;79;63;78;71;55;91;81
528.0;234;253;161;182;185;190;78;75;66;81;71;53;89;82
534.0;235;256;162;181;188;192;73;75;63;79;73;55;85;83
540.0;233;255;165;179;191;194;66;71;68;80;76;57;86;79
546.0;236;253;164;176;190;193;63;74;69;85;76;57;84;80
552.0;236;255;165;177;190;195;62;75;67;87;76;54;83;78
558.0;238;257;166;184;186;190;61;76;68;89;76;54;79;76
564.0;237;256;167;184;188;189;59;76;64;92;79;57;77;75
570.0;236;257;165;182;187;193;62;80;65;92;73;57;78;73
576.0;237;257;170;182;184;192;62;76;65;92;71;55;80;77
582.0;233;265;163;180;185;195;64;76;62;90;73;53;86;75
588.0;230;263;161;182;182;193;67;72;66;90;76;58;85;75
594.0;235;266;158;183;183;194;67;74;64;87;72;61;83;73
600.0;236;269;160;182;183;191;69;74;64;85;73;61;83;70
606.0;234;269;158;176;188;191;68;73;62;89;74;64;84;70
612.0;232;267;156;176;190;190;70;74;63;94;78;60;80;70
618.0;235;269;154;174;190;188;74;74;63;93;79;62;79;66
624.0;233;271;157;170;186;189;76;78;64;92;80;60;74;70
630.0;232;275;151;166;184;191;76;78;66;89;82;63;75;72
636.0;237;275;150;170;184;191;77;75;66;86;79;63;73;74
642.0;238;274;154;171;185;192;73;76;65;86;79;65;69;73
648.0;241;274;150;170;184;191;74;77;68;87;79;60;70;75
654.0;241;277;148;168;186;196;76;72;72;84;79;59;68;74
660.0;239;278;150;169;189;197;73;71;72;81;78;61;71;71
666.0;235;279;152;167;191;194;74;69;70;82;77;65;73;72
672.0;231;281;154;167;192;195;72;70;67;79;77;67;72;76
678.0;232;281;156;166;195;200;71;75;67;74;72;62;73;76
684.0;229;283;155;164;198;198;73;79;69;79;71;60;71;71
690.0;229;286;159;163;197;197;72;76;66;78;68;60;72;77
696.0;228;286;155;164;196;196;75;80;65;76;71;60;71;77
702.0;231;284;155;163;197;196;78;75;66;75;69;60;70;81
708.0;231;284;157;165;195;195;81;74;62;75;71;58;70;82
714.0;232;282;159;165;193;197;79;78;58;77;71;60;69;80
720.0;232;279;155;167;193;204;79;82;55;77;70;60;66;81
726.0;229;277;156;171;192;205;80;80;58;76;69;61;63;83
732.0;236;280;152;172;194;208;79;79;57;75;65;66;59;78
738.0;237;279;152;170;197;213;76;78;55;77;65;69;53;79
744.0;239;281;151;170;196;213;83;75;56;78;60;71;50;77
750.0;243;280;153;170;193;214;81;70;59;75;59;71;53;79
756.0;238;281;152;169;193;213;82;70;66;71;63;76;51;75
762.0;241;279;150;171;193;215;83;67;65;69;63;76;51;77
768.0;239;284;147;168;193;220;81;65;66;73;64;72;54;74
774.0;243;282;146;172;196;219;80;65;64;73;61;72;56;71
780.0;246;283;144;169;197;217;79;63;69;70;63;73;54;73
786.0;247;283;148;166;197;212;79;64;70;69;65;71;59;70
792.0;252;288;147;163;193;211;76;65;72;72;60;72;57;72
798.0;249;290;141;165;192;214;73;63;70;72;61;73;63;74
804.0;246;290;141;166;193;213;71;61;69;74;65;73;67;71
810.0;252;287;143;167;193;210;73;62;67;73;63;70;69;71
816.0;255;289;145;168;193;206;74;60;68;68;62;71;67;74
822.0;256;289;147;163;193;204;73;61;66;66;64;73;71;74
828.0;257;289;148;159;193;200;72;69;69;65;62;75;69;73
834.0;259;288;150;165;190;199;72;69;67;62;66;74;69;70
840.0;261;291;148;166;189;199;78;68;66;58;67;75;67;67
846.0;261;290;153;165;184;193;77;69;70;61;69;75;68;65
852.0;264;290;154;168;186;192;75;72;66;57;67;77;68;64
858.0;266;289;152;166;185;190;76;71;65;54;70;79;70;67
864.0;270;289;152;172;189;188;75;69;65;56;73;72;65;65
870.0;279;291;148;173;187;188;73;67;66;58;70;71;63;66
876.0;279;290;148;177;187;191;72;62;65;58;70;71;63;67
882.0;276;290;148;183;185;184;73;67;65;58;69;73;63;66
888.0;273;293;149;184;185;182;72;64;62;59;74;71;63;69
894.0;274;287;154;180;189;181;70;67;62;60;71;72;61;72
900.0;274;286;155;178;188;181;67;69;64;65;68;72;61;72
906.0;273;282;156;176;194;181;68;68;64;67;70;69;59;73
912.0;274;283;157;170;195;181;73;68;65;64;69;69;59;73
918.0;275;284;158;175;191;178;73;65;65;64;71;63;56;82
924.0;276;283;151;171;193;182;75;65;63;66;72;66;55;82
930.0;273;284;151;169;198;185;74;68;62;64;72;62;55;83
936.0;273;283;150;170;193;186;77;66;58;68;72;65;55;84
942.0;273;284;149;172;193;184;75;68;60;68;71;68;51;84
948.0;272;284;150;170;188;181;83;70;61;72;72;68;52;77
954.0;276;283;154;171;184;183;81;72;62;69;69;68;51;77
960.0;280;279;157;169;183;180;81;70;63;71;71;66;50;80
966.0;279;279;156;169;185;176;80;74;60;74;71;67;53;77
972.0;277;279;158;171;181;176;80;79;58;77;66;69;56;73
978.0;278;280;156;170;185;176;82;76;59;76;66;71;57;68
984.0;277;275;155;172;186;180;82;78;61;75;67;70;55;67
990.0;279;278;158;172;185;184;81;74;58;74;66;68;55;68
996.0;279;282;159;170;186;179;79;73;58;75;68;70;55;67
1002.0;277;281;160;168;186;184;79;76;61;71;61;73;56;67
1008.0;277;280;159;166;186;183;82;76;58;74;60;79;58;62
1014.0;278;278;163;163;185;182;80;73;57;76;62;80;61;62
1020.0;279;277;160;160;184;188;82;72;55;78;61;78;63;63
1026.0;281;274;160;160;185;191;85;71;52;72;61;81;63;64
1032.0;282;275;158;157;184;193;83;70;53;77;63;75;63;67
1038.0;277;276;161;156;186;192;86;69;53;75;63;74;65;67
1044.0;272;275;160;156;189;194;87;69;48;77;61;72;71;69
1050.0;269;279;160;156;194;191;87;67;48;80;59;73;69;68
1056.0;269;283;163;154;192;188;88;70;51;79;56;74;68;65
1062.0;269;283;163;158;191;192;91;72;46;78;55;73;66;63
1068.0;274;278;171;160;185;195;86;67;46;76;61;75;62;64
1074.0;275;280;173;159;183;198;85;69;46;76;58;76;59;63
1080.0;277;280;174;160;184;197;83;70;49;76;54;74;59;63
1086.0;276;279;173;162;190;193;85;71;49;74;51;73;57;67
1092.0;280;280;177;163;192;193;85;67;50;73;54;70;53;63
1098.0;275;281;176;165;196;196;79;62;49;81;56;72;51;61
1104.0;272;282;176;163;198;196;78;62;50;87;53;70;53;60
1110.0;274;280;178;160;195;198;76;64;51;87;52;71;54;60
1116.0;275;279;179;159;197;197;74;64;48;85;54;69;59;61
1122.0;270;282;179;158;201;194;74;66;48;79;53;74;61;61
1128.0;270;284;177;158;200;193;74;67;47;77;54;75;62;62
1134.0;271;286;177;160;199;189;76;65;53;77;55;75;56;61
1140.0;271;287;176;160;201;194;77;68;51;76;55;73;51;60
1146.0;274;289;176;157;201;190;78;67;50;76;55;73;52;62
1152.0;275;290;172;159;197;191;79;69;50;76;55;70;54;63
1158.0;273;290;166;159;199;191;81;70;51;80;53;65;54;68
1164.0;276;289;165;165;201;184;77;71;53;76;52;65;55;71
1170.0;274;292;166;168;203;182;73;71;52;72;54;65;60;68
1176.0;269;294;168;167;202;183;73;68;56;73;55;67;59;66
1182.0;271;291;166;168;200;186;74;67;59;72;54;65;62;65
1188.0;268;294;168;169;198;184;72;65;58;72;53;69;65;65
1194.0;269;296;169;169;199;182;73;63;59;75;54;66;65;61
1200.0;271;295;166;170;201;180;72;62;55;77;55;64;67;65
1206.0;272;291;164;172;198;187;73;64;55;74;54;64;66;66
1212.0;272;291;170;171;199;187;69;66;56;72;53;64;64;66
1218.0;276;289;171;166;198;185;69;67;58;74;54;67;64;62
1224.0;281;288;171;169;195;185;62;65;62;74;53;71;60;64
1230.0;281;290;170;174;190;183;61;69;64;76;52;70;58;62
1236.0;284;289;168;173;190;184;61;66;65;76;53;70;57;64
1242.0;284;287;165;170;192;187;60;63;65;76;56;70;60;65
1248.0;284;289;166;170;190;188;60;58;64;70;54;79;63;65
1254.0;284;292;168;171;187;188;56;58;68;69;55;81;62;61
1260.0;286;293;165;173;190;185;54;55;69;69;58;80;61;62
1266.0;285;293;171;175;188;191;47;54;66;70;54;77;60;69
1272.0;289;289;170;174;186;189;50;53;66;71;56;75;55;77
1278.0;290;285;176;174;178;190;52;52;62;77;55;74;57;78
1284.0;288;286;174;173;181;186;51;53;64;77;58;74;56;79
1290.0;289;282;178;173;185;182;49;53;63;74;56;79;54;83
1296.0;287;283;176;175;185;183;50;56;65;71;56;75;56;82
1302.0;286;282;175;173;182;183;51;55;68;68;57;78;60;82
1308.0;291;285;175;172;176;181;51;59;68;67;58;74;59;84
1314.0;294;284;173;177;170;180;49;62;73;67;55;73;60;83
1320.0;295;279;173;182;167;184;49;63;70;66;53;75;59;85
1326.0;296;283;170;180;167;182;55;61;68;64;53;77;61;83
1332.0;295;285;170;180;165;180;56;60;66;61;57;77;63;85
1338.0;299;283;171;180;169;177;55;62;67;60;55;80;60;82
1344.0;294;282;172;176;171;181;58;60;66;62;61;77;57;83
1350.0;293;282;168;174;173;183;60;60;63;61;60;79;58;86
1356.0;290;283;170;174;176;181;57;59;61;61;60;76;65;87
1362.0;290;284;167;173;177;178;58;60;63;63;59;74;69;85
1368.0;293;285;166;170;177;177;57;64;61;65;54;74;71;86
1374.0;293;281;165;170;177;180;59;63;63;66;59;73;70;81
1380.0;295;279;162;171;181;181;59;65;64;66;58;72;67;80
1386.0;296;283;161;169;180;180;56;67;64;66;59;73;63;83
1392.0;297;281;161;165;181;179;57;66;66;66;62;74;62;83
1398.0;295;279;163;165;179;182;57;63;67;63;62;73;66;86
1404.0;295;278;162;165;179;181;63;59;64;61;61;77;69;86
1410.0;297;279;162;162;181;178;64;58;62;64;61;75;68;89
1416.0;299;281;158;161;183;177;63;66;62;69;59;75;59;88
1422.0;296;281;153;166;186;178;64;60;62;69;57;80;61;87
1428.0;296;279;153;167;189;174;66;61;57;72;56;82;62;86
1434.0;294;281;153;166;189;178;64;65;57;71;56;78;61;87
1440.0;294;282;151;167;185;180;64;64;55;78;55;79;59;87
1446.0;296;282;152;168;185;179;68;62;57;76;56;79;57;83
1452.0;297;282;153;166;181;179;66;63;60;77;57;81;55;83
1458.0;294;284;150;166;181;180;64;64;64;77;59;80;57;80
1464.0;292;286;154;166;181;181;61;60;64;78;66;77;57;77
1470.0;294;286;151;164;182;181;65;62;68;76;64;74;61;72
1476.0;291;287;154;165;181;181;64;61;69;80;60;74;64;69
1482.0;293;287;155;164;186;184;61;58;69;79;59;74;69;62
1488.0;294;283;153;166;185;184;61;58;71;79;59;72;74;61
1494.0;297;282;151;164;185;185;58;57;72;82;61;67;79;60
1500.0;299;281;153;163;185;183;57;56;71;83;60;69;81;59
1506.0;298;278;156;159;184;182;59;54;74;86;58;71;81;60
1512.0;294;276;157;157;182;184;60;54;75;84;65;71;80;61
1518.0;292;276;155;160;183;182;63;54;72;84;70;70;80;59
1524.0;291;280;157;160;181;181;68;54;69;84;69;66;77;63
1530.0;289;281;153;164;177;182;71;54;69;82;69;65;80;64
1536.0;288;276;153;165;176;186;72;57;64;82;72;62;81;66
1542.0;289;278;147;165;177;185;70;56;64;82;75;61;85;66
1548.0;285;275;149;167;176;186;67;58;61;83;73;65;87;68
1554.0;287;274;155;166;174;186;61;58;64;80;73;70;84;68
1560.0;289;275;156;167;177;184;63;56;63;80;67;71;84;68
1566.0;288;274;157;164;174;188;61;57;68;80;68;74;83;64
1572.0;289;273;158;162;170;186;56;60;70;84;67;75;80;70
1578.0;291;274;161;165;160;187;56;60;70;83;70;77;75;71
1584.0;295;274;160;164;159;184;56;57;68;85;72;76;77;73
1590.0;301;272;161;164;159;182;57;57;66;88;71;77;75;70
1596.0;304;272;163;163;159;185;54;58;63;84;69;84;75;67
1602.0;305;276;159;168;156;185;53;61;64;87;68;84;72;62
1608.0;302;278;161;169;159;186;55;63;64;84;70;80;68;61
1614.0;302;277;162;171;158;184;55;65;59;87;70;80;68;62
1620.0;305;281;168;172;154;181;57;66;58;85;68;83;62;60
1626.0;306;275;170;172;156;181;57;64;58;82;70;85;60;64
1632.0;301;276;167;173;153;184;58;67;58;79;74;89;58;63
1638.0;301;275;169;172;154;183;59;66;59;79;74;89;57;63
1644.0;295;280;171;175;156;181;60;63;58;80;72;90;58;61
1650.0;290;282;170;173;156;181;61;64;59;82;73;88;61;60
1656.0;289;280;170;174;156;180;61;64;62;81;74;87;64;58
1662.0;289;282;172;175;155;180;61;63;62;80;73;88;63;57
1668.0;290;282;168;175;154;184;60;63;61;82;71;87;63;60
1674.0;287;285;165;179;153;187;59;65;60;83;71;85;60;61
1680.0;287;283;161;179;156;187;61;67;58;87;68;85;60;61
1686.0;286;283;159;179;155;186;61;65;62;85;66;87;63;63
1692.0;285;282;161;177;155;188;62;63;62;80;65;88;68;64
1698.0;280;282;161;178;161;185;61;61;60;80;66;89;68;68
1704.0;281;284;162;176;159;185;59;64;58;84;66;90;64;68
1710.0;282;282;163;177;157;183;58;65;62;82;67;89;62;71
1716.0;280;286;168;178;155;182;64;62;59;80;65;84;65;72
1722.0;282;286;163;179;158;183;69;59;57;85;67;80;64;68
1728.0;279;289;164;182;154;182;73;57;59;82;69;77;65;68
1734.0;280;283;170;178;158;182;73;62;61;78;69;74;63;69
1740.0;278;285;172;180;155;181;71;61;62;80;69;77;60;69
1746.0;280;284;172;183;148;184;72;60;59;81;71;78;58;70
1752.0;281;288;170;185;148;179;69;59;60;81;73;76;58;73
1758.0;282;286;167;185;146;177;72;62;59;77;72;75;62;78
1764.0;285;286;167;185;150;176;72;63;59;70;67;80;65;75
1770.0;285;285;172;190;151;175;65;65;63;71;68;74;61;75
1776.0;290;284;168;189;151;181;69;62;64;71;64;70;62;75
1782.0;288;282;169;191;151;181;71;62;64;71;61;69;65;75
1788.0;286;280;170;188;152;181;68;64;66;75;62;70;65;73
1794.0;287;277;170;189;153;183;66;65;68;74;65;66;65;72
1800.0;289;278;171;185;151;181;65;64;70;76;66;64;70;70
1806.0;289;276;169;182;151;184;68;61;70;76;67;66;67;74
1812.0;288;276;171;188;151;186;66;61;73;79;65;61;63;72
1818.0;288;281;175;189;148;180;65;61;74;77;66;63;63;70
1824.0;283;283;171;189;147;186;69;64;73;77;66;62;60;70
1830.0;283;285;173;189;150;182;65;67;74;75;62;62;60;73
1836.0;285;284;174;191;154;178;62;66;73;78;63;63;58;71
1842.0;285;285;177;191;154;177;62;67;71;74;61;65;58;73
1848.0;281;286;183;194;153;178;63;63;71;73;61;67;58;69
1854.0;279;284;183;195;151;175;67;61;70;73;64;72;59;67
1860.0;272;290;184;196;147;174;67;60;70;74;66;74;61;65
1866.0;272;286;184;194;149;175;67;61;66;72;67;77;63;67
1872.0;276;280;185;195;143;175;69;59;65;70;67;79;66;71
1878.0;277;277;184;198;145;171;67;60;65;69;68;81;67;71
1884.0;274;283;188;187;149;172;63;60;67;68;66;79;76;68
1890.0;274;286;188;183;146;170;62;60;70;70;66;83;73;69
1896.0;271;288;189;181;146;174;60;62;73;68;70;77;71;70
1902.0;264;287;190;177;150;178;62;64;69;70;72;76;71;70
1908.0;264;288;191;176;151;174;63;68;65;72;72;73;72;71
1914.0;270;283;189;178;151;177;63;66;66;73;69;70;75;70
1920.0;274;281;193;178;147;177;65;65;66;73;68;71;72;70
1926.0;272;282;191;181;149;177;67;69;63;70;68;71;72;68
1932.0;276;284;191;181;144;182;67;74;61;67;69;69;73;62
1938.0;275;286;193;178;146;181;69;74;63;63;65;72;71;64
1944.0;274;284;194;175;146;182;71;73;65;68;66;72;65;65
1950.0;275;283;194;174;149;176;69;74;66;71;65;73;65;66
1956.0;277;285;195;170;150;176;71;72;70;71;64;70;67;62
1962.0;280;286;194;170;152;176;69;69;69;73;63;70;68;61
1968.0;275;282;191;168;152;181;73;66;70;74;65;74;65;64
1974.0;278;287;191;169;152;180;69;67;70;73;64;73;62;65
