#auto generated file!
12.0;105;113;91;105;96;112;81;88;115;114;91;78;110;101
18.0;105;120;91;106;97;118;84;88;111;105;93;79;106;97
24.0;111;128;89;104;97;124;86;83;106;104;92;75;104;97
30.0;115;133;90;103;95;126;78;83;108;103;88;78;101;99
36.0;118;133;93;105;96;128;80;82;104;101;87;80;100;93
42.0;118;133;96;109;98;134;81;80;105;102;84;81;96;83
48.0;122;136;101;112;104;135;82;77;103;100;80;78;90;80
54.0;125;136;99;113;110;138;82;79;96;98;83;76;86;79
60.0;123;136;101;113;112;138;81;76;97;100;83;78;84;78
66.0;119;138;106;110;114;136;83;73;100;100;86;74;83;78
72.0;123;138;104;112;116;140;81;69;99;97;84;76;83;78
78.0;127;140;106;116;117;143;79;67;93;96;79;73;83;81
84.0;129;141;106;117;119;139;77;65;93;93;78;77;84;82
90.0;130;143;103;117;120;143;76;63;94;92;81;76;81;81
96.0;132;151;101;118;124;145;77;58;93;84;81;77;80;79
102.0;134;154;102;121;126;145;75;56;92;83;78;76;75;83
108.0;139;156;103;125;123;144;73;58;94;81;73;73;76;82
114.0;144;157;104;126;121;149;75;56;91;76;70;74;78;79
120.0;142;159;110;130;125;151;69;57;87;76;67;72;79;76
126.0;145;159;110;133;126;153;67;57;81;75;67;71;84;72
132.0;146;165;110;132;127;149;64;57;81;76;67;69;86;71
138.0;147;167;111;136;126;145;63;54;85;74;68;70;85;69
144.0;148;168;110;139;123;151;67;52;82;73;67;69;84;67
150.0;147;166;109;141;124;153;66;50;82;69;67;74;85;67
156.0;147;165;111;142;126;153;64;51;81;72;67;67;85;69
162.0;149;165;111;143;124;154;62;49;83;72;65;69;86;68
168.0;153;171;112;144;122;153;69;49;80;72;65;66;79;65
174.0;154;175;113;145;121;155;68;53;84;69;59;66;78;60
180.0;159;178;115;146;123;153;67;54;80;68;53;65;79;60
186.0;163;182;114;146;126;153;65;51;78;68;50;61;81;62
192.0;165;181;116;145;122;156;65;48;78;67;51;60;80;66
198.0;171;186;114;144;122;157;60;47;79;70;48;55;81;66
204.0;173;184;117;147;121;155;52;48;79;71;47;56;83;67
210.0;177;182;116;150;121;154;52;50;74;70;47;55;85;67
216.0;180;182;117;149;123;153;51;54;72;65;44;56;81;73
222.0;182;184;119;146;129;154;52;52;73;58;43;58;80;70
228.0;181;184;120;144;131;153;54;52;73;56;45;59;76;72
234.0;180;179;123;146;132;151;55;54;70;54;47;58;77;74
240.0;182;183;118;148;133;149;52;56;68;57;49;56;75;74
246.0;178;184;118;144;137;148;52;56;67;57;47;60;77;75
252.0;182;187;122;141;133;150;49;59;68;55;48;57;74;75
258.0;181;186;126;141;131;151;48;62;68;59;46;56;74;71
264.0;183;183;127;138;130;150;49;62;69;60;46;56;76;71
270.0;184;183;122;140;130;152;47;60;70;60;47;54;76;75
276.0;184;182;121;138;132;159;43;63;69;59;48;54;73;75
282.0;186;180;120;139;135;162;44;58;68;58;53;55;74;68
288.0;187;180;123;140;135;158;45;61;66;58;51;54;77;65
294.0;193;175;118;142;138;157;45;62;63;60;54;53;75;65
300.0;194;176;119;138;143;154;46;62;63;64;52;52;75;62
306.0;195;180;120;139;144;160;45;58;56;63;55;50;72;63
312.0;196;179;118;137;144;160;46;53;56;66;56;53;71;65
318.0;194;180;121;139;143;159;47;52;57;65;58;53;67;65
324.0;194;182;123;140;139;162;48;55;56;64;56;52;66;63
330.0;195;183;125;142;136;161;45;54;60;60;58;51;67;63
336.0;196;178;127;146;135;163;47;56;57;59;57;53;64;62
342.0;195;178;124;145;135;163;47;56;62;57;56;54;65;63
348.0;196;176;124;146;135;158;50;58;62;56;58;55;61;65
354.0;196;178;123;145;137;160;49;55;62;55;59;54;62;65
360.0;197;177;125;145;132;160;49;54;60;59;58;56;61;67
366.0;196;176;126;149;132;159;50;56;62;59;55;53;62;65
372.0;202;176;122;144;132;156;54;56;65;57;55;55;61;65
378.0;202;178;120;144;137;160;52;56;62;55;55;57;59;63
384.0;207;179;119;143;139;154;54;56;60;58;54;57;58;62
390.0;207;178;124;138;140;149;52;55;61;57;60;60;57;62
396.0;209;180;124;140;139;147;52;54;60;58;60;64;55;58
402.0;209;179;122;138;138;148;49;58;61;59;62;63;54;60
408.0;209;179;124;141;136;147;54;60;60;57;59;63;56;55
414.0;210;179;124;137;140;147;53;60;60;56;59;62;57;56
420.0;207;180;123;138;138;144;53;59;61;55;61;69;55;57
426.0;202;176;120;139;140;147;52;59;58;57;65;70;55;60
432.0;205;177;120;141;142;150;54;55;57;54;61;70;58;56
438.0;207;179;123;140;141;151;53;52;58;54;58;69;57;58
444.0;204;178;125;142;136;152;52;56;58;54;53;69;59;62
450.0;206;176;124;137;139;151;58;57;59;58;51;64;60;60
456.0;209;176;123;136;138;154;58;60;59;57;49;62;61;58
462.0;208;178;123;132;139;154;60;61;58;57;47;63;60;60
468.0;209;174;123;136;137;153;62;58;54;57;45;62;66;64
474.0;207;174;125;134;138;152;66;59;53;59;47;60;66;60
480.0;213;175;124;135;139;149;67;59;52;54;47;63;64;59
486.0;213;171;124;138;139;149;67;58;50;58;47;65;64;57
492.0;217;170;128;139;138;150;68;58;49;56;49;65;56;57
498.0;220;168;129;140;139;150;69;64;47;56;48;63;52;55
504.0;217;167;129;137;142;151;69;65;47;55;51;62;54;54
510.0;219;165;131;137;140;156;70;62;50;52;53;59;54;52
516.0;216;168;129;135;140;156;69;66;53;53;51;61;53;50
522.0;215;171;128;131;136;160;67;70;58;51;50;61;48;54
528.0;214;170;126;130;137;158;70;75;58;52;50;61;45;54
534.0;212;171;129;131;138;157;71;69;60;55;51;62;44;50
540.0;211;174;127;130;137;157;66;71;62;53;56;64;42;50
546.0;211;172;128;124;137;156;67;72;60;52;55;68;47;51
552.0;212;174;124;124;136;156;66;71;63;51;54;70;48;51
558.0;216;179;128;124;137;151;68;69;61;49;51;70;46;51
564.0;219;182;124;129;137;149;69;65;60;49;48;71;45;53
570.0;220;184;125;128;136;149;67;64;62;50;51;67;45;52
576.0;216;184;127;131;133;151;67;61;61;52;49;64;52;52
582.0;214;186;127;130;134;153;66;60;60;54;49;62;53;52
588.0;213;191;127;129;133;151;67;63;59;54;47;62;54;50
594.0;215;192;130;131;132;151;65;59;56;48;50;65;54;52
600.0;212;196;128;132;133;155;64;60;58;43;48;62;55;54
606.0;210;194;126;136;127;157;64;59;63;44;50;57;59;54
612.0;212;197;128;136;125;159;66;55;61;43;48;58;61;51
618.0;209;195;132;134;125;154;64;55;61;45;53;60;60;53
624.0;208;198;134;133;125;154;68;53;60;45;52;56;61;53
630.0;212;198;133;131;126;155;68;49;59;46;53;59;59;52
636.0;212;199;136;133;128;152;69;48;58;43;52;56;63;51
642.0;213;199;135;134;128;150;71;47;58;43;54;59;60;49
648.0;214;199;135;133;127;152;72;45;59;44;51;61;62;46
654.0;213;197;135;136;127;156;70;46;57;41;50;60;63;49
660.0;217;200;138;134;126;156;67;47;58;39;51;64;57;46
666.0;217;200;138;134;128;156;67;44;56;40;49;65;58;48
672.0;217;200;138;130;124;156;67;45;53;43;49;66;61;51
678.0;217;200;139;134;122;153;66;45;53;44;51;65;58;53
684.0;216;200;139;133;123;154;66;45;53;44;51;65;54;57
690.0;215;200;142;133;123;159;65;44;53;42;49;62;58;55
696.0;215;201;145;132;124;157;65;44;53;43;47;64;55;55
702.0;209;204;145;131;121;156;67;49;53;45;46;63;56;55
708.0;208;205;146;128;121;157;67;51;53;46;45;63;55;55
714.0;211;203;145;127;123;156;66;50;58;46;45;62;53;55
720.0;210;203;142;129;124;154;65;55;57;46;44;61;54;56
726.0;212;200;143;130;124;151;64;54;55;47;46;63;57;54
732.0;212;200;141;132;127;150;62;53;55;51;43;62;59;53
738.0;210;203;136;132;128;153;62;53;55;47;48;61;58;54
744.0;210;203;133;134;127;155;64;50;53;47;50;62;59;53
750.0;210;203;132;133;130;154;62;47;54;48;52;66;59;50
756.0;211;204;132;132;131;154;62;48;57;46;50;62;59;52
762.0;214;203;132;135;134;152;63;51;53;47;49;63;55;49
768.0;216;203;133;133;130;152;65;49;54;52;48;62;57;46
774.0;219;201;136;136;129;147;64;49;51;52;47;63;57;49
780.0;219;198;140;137;129;150;60;50;48;53;46;69;55;46
786.0;222;199;142;134;131;146;61;49;46;54;44;72;57;43
792.0;228;196;144;133;130;143;63;50;48;50;44;70;57;44
798.0;229;195;145;134;131;138;64;47;46;52;48;72;54;45
804.0;228;199;145;133;129;137;63;47;49;54;47;71;54;44
810.0;223;200;147;133;131;137;61;44;48;55;52;70;54;45
816.0;221;202;149;133;132;141;58;44;46;53;51;66;56;48
822.0;221;203;146;138;126;141;59;43;42;57;52;66;59;47
828.0;216;203;144;141;128;141;57;46;45;56;53;62;62;46
834.0;216;200;139;143;127;144;61;46;45;58;51;62;61;47
840.0;217;200;138;139;125;143;61;52;46;56;51;64;61;47
846.0;219;199;138;139;120;141;61;56;47;56;49;63;65;47
852.0;221;197;134;143;117;140;64;60;48;56;50;62;62;46
858.0;220;194;134;141;116;147;65;61;48;58;51;60;58;47
864.0;216;194;132;141;118;144;70;59;43;59;55;60;59;50
870.0;218;195;136;137;114;144;70;59;46;61;52;60;57;51
876.0;220;193;140;138;112;145;70;59;43;58;50;60;58;54
882.0;221;192;136;139;111;146;66;58;43;59;56;60;60;53
888.0;225;193;134;137;109;145;66;65;47;58;57;52;59;53
894.0;226;193;136;137;109;143;66;63;48;63;57;49;58;52
900.0;227;195;133;138;111;145;62;68;49;61;55;50;54;52
906.0;228;197;136;137;112;142;61;69;50;63;55;47;53;50
912.0;228;196;135;137;115;140;67;71;48;61;53;47;53;49
918.0;225;197;135;135;114;139;67;75;44;61;61;44;52;51
924.0;228;198;136;137;115;138;64;75;39;59;62;45;54;50
930.0;227;198;138;137;115;136;62;72;39;59;63;44;57;53
936.0;225;200;140;136;117;136;63;71;41;57;60;46;56;52
942.0;227;201;137;138;120;137;60;71;41;56;59;45;56;52
948.0;225;202;137;139;120;135;58;72;46;55;60;43;55;53
954.0;227;209;136;138;119;137;58;68;45;53;59;44;58;49
960.0;228;209;137;141;121;137;56;67;43;53;59;46;56;47
966.0;227;208;135;145;123;132;57;69;45;54;56;47;55;47
972.0;223;205;136;138;131;132;60;67;44;54;59;50;53;48
978.0;223;204;135;137;132;131;60;65;47;56;59;48;54;49
984.0;221;206;133;138;133;132;59;65;47;55;63;48;56;44
990.0;225;206;130;135;130;137;60;65;50;51;64;48;56;43
996.0;225;207;129;136;128;140;58;68;56;50;60;48;54;41
1002.0;226;206;126;136;127;140;60;67;55;48;60;46;57;46
1008.0;222;204;126;139;126;141;61;65;55;48;62;46;57;48
1014.0;221;201;126;139;128;142;60;62;56;49;64;46;61;45
1020.0;220;197;129;140;127;142;59;65;62;51;60;47;58;43
1026.0;222;196;128;140;127;140;57;67;62;49;62;50;56;44
1032.0;222;197;128;140;122;141;59;65;69;50;62;47;53;45
1038.0;223;195;132;136;123;140;58;62;70;54;60;46;57;44
1044.0;226;192;132;137;124;139;56;61;69;58;61;44;59;42
1050.0;223;193;132;135;123;141;56;65;67;59;61;43;58;44
1056.0;220;191;133;135;118;145;56;67;69;60;61;40;57;48
1062.0;219;193;137;136;119;145;55;66;67;61;60;41;54;47
1068.0;213;196;138;132;119;148;58;63;65;60;62;42;58;46
1074.0;210;197;137;132;117;148;61;62;65;58;70;40;56;47
1080.0;208;193;139;132;118;149;60;59;66;58;74;43;54;47
1086.0;208;194;138;132;116;148;60;55;66;59;75;47;54;48
1092.0;211;192;139;131;114;153;61;54;65;56;75;50;53;46
1098.0;212;195;136;128;115;153;61;52;63;58;76;47;55;49
1104.0;212;194;137;125;119;152;61;53;59;57;73;50;58;50
1110.0;218;196;137;123;119;152;61;53;58;57;72;48;58;48
1116.0;220;197;136;117;119;155;59;57;49;60;72;50;56;53
1122.0;216;196;138;120;121;156;59;58;50;63;66;52;54;51
1128.0;218;198;136;119;119;157;57;57;51;64;65;53;56;50
1134.0;219;196;133;121;117;155;58;60;50;66;64;54;56;51
1140.0;221;195;136;125;120;154;56;59;49;65;61;58;54;47
1146.0;223;197;139;120;122;155;54;61;44;63;58;60;54;50
1152.0;221;195;136;121;121;156;53;63;46;65;58;58;53;54
1158.0;223;194;137;121;122;158;50;60;49;65;55;59;55;52
1164.0;225;193;134;121;125;154;49;62;49;66;59;57;53;53
1170.0;225;194;134;123;125;156;50;56;48;66;59;54;55;55
1176.0;225;196;133;125;123;156;53;55;50;63;57;54;56;54
1182.0;222;199;133;121;127;156;51;57;49;62;59;55;56;53
1188.0;225;197;134;120;129;159;49;54;50;64;56;54;58;51
1194.0;224;199;132;120;132;156;53;52;53;58;58;53;61;49
1200.0;224;199;131;119;134;153;53;51;54;58;61;53;58;52
1206.0;219;200;133;117;137;151;53;49;57;60;63;53;57;51
1212.0;221;202;132;120;137;153;53;50;51;60;60;56;56;49
1218.0;219;205;131;114;139;153;52;49;49;57;59;60;57;56
1224.0;219;207;132;118;139;151;53;48;49;54;58;58;59;55
1230.0;221;209;137;115;140;154;48;48;48;56;56;58;54;56
1236.0;223;209;133;113;137;156;48;47;51;57;55;58;57;56
1242.0;222;208;129;115;134;159;47;47;52;60;55;57;56;59
1248.0;219;203;131;116;135;159;46;46;51;60;55;62;56;61
1254.0;225;204;135;116;133;155;47;47;48;59;51;61;59;60
1260.0;221;209;130;117;131;160;50;44;52;57;52;61;53;63
1266.0;220;208;129;120;130;157;47;47;55;56;51;64;57;59
1272.0;216;207;128;121;131;151;48;49;56;56;54;63;58;62
1278.0;215;207;126;123;134;152;46;48;56;54;58;62;56;63
1284.0;217;209;125;123;133;147;52;49;54;54;59;60;58;60
1290.0;217;213;128;128;131;147;47;48;55;51;57;58;57;63
1296.0;215;212;128;127;131;148;48;52;52;54;58;62;55;58
1302.0;213;213;129;126;129;146;51;53;52;56;60;57;52;63
1308.0;212;211;132;130;128;149;49;54;54;57;59;55;49;61
1314.0;211;214;128;135;129;153;46;49;51;60;59;55;48;62
1320.0;213;216;126;135;125;153;43;51;51;58;57;56;54;62
1326.0;214;218;126;136;122;159;42;50;48;60;56;56;57;56
1332.0;213;218;130;136;123;162;43;51;43;59;55;54;57;56
1338.0;209;218;130;136;124;162;40;52;47;59;52;57;59;55
1344.0;210;218;132;133;126;159;41;51;45;61;54;54;65;51
1350.0;211;218;132;135;123;158;39;48;47;60;53;59;64;53
1356.0;209;220;131;138;123;158;38;48;43;59;53;63;66;51
1362.0;209;218;133;139;126;158;38;50;42;53;54;64;67;49
1368.0;209;219;133;137;124;157;39;50;42;56;54;64;66;50
1374.0;212;219;129;135;123;162;39;49;43;59;49;66;64;51
1380.0;212;224;128;134;123;163;38;47;44;57;49;64;63;54
1386.0;209;225;131;134;122;163;41;45;48;55;46;66;61;54
1392.0;209;225;131;130;122;163;41;49;48;53;48;67;60;54
1398.0;208;222;131;133;126;163;47;47;49;54;46;64;61;49
1404.0;208;220;130;129;125;166;48;46;50;54;50;65;60;49
1410.0;212;221;130;130;122;165;46;48;49;56;52;62;56;51
1416.0;209;219;131;130;120;163;46;53;54;54;54;58;59;50
1422.0;212;220;131;130;122;164;43;50;54;54;56;56;58;50
1428.0;213;221;132;130;122;159;43;47;55;52;55;60;58;53
1434.0;214;223;133;132;119;157;43;46;54;52;56;62;60;49
1440.0;212;222;135;132;119;159;44;46;53;53;51;62;61;51
1446.0;213;222;134;133;121;157;44;48;53;48;52;63;57;55
1452.0;216;226;136;129;123;157;42;50;52;50;54;61;54;50
1458.0;216;229;135;130;122;154;44;50;54;47;52;63;55;49
1464.0;214;231;136;130;121;156;44;54;52;48;52;58;56;48
1470.0;215;230;138;134;118;153;45;54;51;49;53;54;57;49
1476.0;217;230;137;133;119;151;48;52;49;45;57;53;60;49
1482.0;217;230;138;133;121;149;49;52;48;45;55;52;60;51
1488.0;217;226;137;134;124;144;53;52;51;48;58;48;58;50
1494.0;213;228;138;134;129;145;54;55;50;48;54;51;56;45
1500.0;212;229;137;134;130;147;56;53;51;50;54;48;57;42
1506.0;213;229;137;129;131;143;59;53;52;49;56;49;59;41
1512.0;214;228;135;127;137;139;58;50;56;48;55;51;61;41
1518.0;216;224;135;126;134;142;56;53;58;48;55;50;58;45
1524.0;212;225;133;128;140;140;57;53;54;49;56;48;58;47
1530.0;213;226;132;130;140;137;57;60;51;46;56;47;56;49
1536.0;216;227;134;131;140;134;54;55;52;44;58;48;60;47
1542.0;215;227;133;131;141;134;57;53;56;44;57;45;60;47
1548.0;215;226;133;133;140;135;57;51;54;45;56;49;60;46
1554.0;215;222;134;132;140;135;56;52;56;48;57;47;60;46
1560.0;214;223;131;132;138;139;52;53;57;50;61;49;56;45
1566.0;213;228;130;136;133;138;51;52;62;49;60;46;55;47
1572.0;215;233;131;138;136;138;52;53;55;48;58;42;55;46
1578.0;215;234;129;137;139;134;54;47;59;49;61;39;54;49
1584.0;219;233;130;135;137;136;52;46;59;52;63;38;50;50
1590.0;220;231;129;137;139;135;49;46;57;53;65;37;51;51
1596.0;218;229;126;135;140;135;50;48;57;55;64;41;50;52
1602.0;221;232;125;134;141;135;48;49;56;57;64;42;46;50
1608.0;224;230;123;132;139;136;49;51;56;56;65;42;46;51
1614.0;224;233;119;137;139;135;48;50;55;52;65;44;48;51
1620.0;222;233;119;139;136;138;46;46;63;53;65;39;50;51
1626.0;224;235;117;137;136;135;48;45;67;51;65;39;53;48
1632.0;226;234;118;137;134;136;48;41;68;54;68;43;51;42
1638.0;226;236;115;136;132;136;44;40;70;54;69;45;51;46
1644.0;223;238;116;135;127;139;45;41;66;54;71;46;54;45
1650.0;222;241;117;136;126;140;41;44;61;60;70;46;51;45
1656.0;229;237;117;139;130;132;40;44;63;58;69;45;51;46
1662.0;233;236;119;138;131;131;40;46;64;60;68;43;48;43
1668.0;230;235;118;138;130;129;42;46;63;59;71;44;49;46
1674.0;228;237;117;138;131;129;44;51;61;57;67;44;51;45
1680.0;230;235;118;135;132;130;45;51;66;54;65;43;54;42
1686.0;228;235;118;132;129;128;43;57;68;54;70;45;51;42
1692.0;225;237;121;130;129;129;43;55;69;55;69;44;50;44
1698.0;227;238;120;128;125;126;43;56;71;57;68;44;53;44
1704.0;224;234;121;129;127;122;42;57;72;59;66;46;54;47
1710.0;224;234;125;129;126;124;46;57;70;57;65;46;48;49
1716.0;227;235;124;129;128;127;44;55;67;56;64;45;49;50
1722.0;230;235;121;128;127;126;44;57;62;56;64;46;54;50
1728.0;222;236;124;128;127;126;44;56;61;55;69;50;52;50
1734.0;220;237;130;127;128;123;43;58;61;55;68;50;54;46
1740.0;221;236;128;129;131;120;45;57;58;55;71;50;54;45
1746.0;222;228;129;129;127;118;49;60;55;53;72;52;58;48
1752.0;220;226;131;129;125;119;47;61;57;52;74;52;61;46
1758.0;224;225;128;133;124;115;51;60;57;49;72;53;61;48
1764.0;225;225;130;130;123;115;50;61;58;49;71;51;61;51
1770.0;229;222;131;134;125;117;48;61;57;45;72;49;58;52
1776.0;231;222;133;136;128;115;49;58;56;46;66;47;62;51
1782.0;229;223;136;135;126;116;48;60;58;45;66;47;61;50
1788.0;226;222;135;138;126;117;49;62;54;49;64;47;62;49
1794.0;221;220;134;137;125;118;48;64;54;54;67;48;63;47
1800.0;224;218;132;138;126;119;49;63;58;52;66;49;61;45
1806.0;225;216;131;140;125;120;45;64;62;50;64;49;60;49
1812.0;222;219;136;137;126;117;44;64;60;48;63;49;64;51
1818.0;221;220;136;134;128;117;48;64;61;49;63;48;61;50
1824.0;222;220;136;134;128;122;45;65;62;48;61;47;61;49
1830.0;220;223;138;132;123;124;45;69;57;48;61;48;60;52
1836.0;223;221;135;132;119;123;47;70;58;48;64;49;60;51
1842.0;221;215;135;131;122;125;45;70;57;50;67;50;60;52
1848.0;223;216;136;130;122;123;44;68;58;49;67;50;59;55
1854.0;222;219;128;128;122;125;50;69;57;48;70;51;58;53
1860.0;223;220;126;126;123;127;52;67;58;47;69;55;57;50
1866.0;219;220;124;127;119;131;51;66;59;48;72;60;55;49
1872.0;218;221;123;124;118;134;50;67;61;50;68;61;52;53
1878.0;213;221;123;125;119;136;48;66;63;49;71;62;52;52
1884.0;214;223;124;125;118;140;45;67;67;46;69;58;52;52
1890.0;217;223;123;123;116;136;46;66;68;48;69;62;50;53
1896.0;218;220;121;121;116;135;47;66;68;50;64;63;55;56
1902.0;217;219;121;122;116;135;46;66;71;51;60;63;55;58
1908.0;217;217;117;120;119;137;46;67;69;54;60;63;57;57
1914.0;216;219;122;118;117;139;45;70;70;53;59;62;53;57
1920.0;215;218;121;119;116;138;49;70;73;52;60;61;51;57
1926.0;214;218;123;120;116;139;52;69;72;49;60;61;53;54
1932.0;212;219;128;125;114;139;50;71;70;50;55;61;53;53
1938.0;213;218;131;126;114;139;48;69;71;50;52;61;53;55
1944.0;210;216;135;126;117;141;51;64;71;50;51;59;53;56
1950.0;212;216;131;127;117;141;51;65;68;52;50;61;52;57
1956.0;214;216;130;130;118;138;51;62;68;53;49;61;54;56
1962.0;211;214;127;133;121;138;52;64;65;52;50;60;54;59
1968.0;220;215;129;136;123;140;54;57;65;50;51;58;49;53
1974.0;219;217;129;136;121;140;54;59;67;53;49;54;51;51
