#auto generated file!
12.0;100;114;92;117;105;104;98;108;99;94;100;76;105;88
18.0;103;120;92;116;110;102;93;107;95;97;95;80;100;90
24.0;105;126;93;116;111;105;92;102;96;96;93;76;98;91
30.0;106;127;92;119;111;110;88;100;94;94;92;79;97;91
36.0;109;126;90;120;114;114;90;98;96;91;90;81;94;87
42.0;108;132;97;124;113;114;86;93;95;93;87;80;96;82
48.0;108;137;98;125;116;117;81;94;101;89;86;74;93;81
54.0;108;136;98;127;121;119;80;94;100;87;86;76;88;80
60.0;110;140;101;129;124;120;76;91;100;91;80;70;87;81
66.0;110;139;100;131;120;123;77;91;98;92;80;68;87;84
72.0;113;140;103;131;122;124;75;93;96;92;74;68;87;82
78.0;113;139;110;133;122;124;76;92;97;88;72;63;88;83
84.0;114;143;112;137;123;122;74;89;97;87;73;64;85;80
90.0;115;145;114;134;123;122;76;83;98;87;72;64;84;83
96.0;118;143;119;132;119;122;76;83;103;88;70;65;82;80
102.0;119;145;119;130;122;121;77;81;107;84;70;68;81;76
108.0;122;145;120;131;122;123;73;78;105;82;72;67;83;77
114.0;124;145;122;128;128;126;71;76;104;80;73;67;84;72
120.0;124;144;122;127;128;130;69;78;103;81;73;67;82;72
126.0;123;143;120;127;131;134;67;80;101;79;73;70;82;70
132.0;125;145;121;126;130;135;68;81;103;77;72;69;82;66
138.0;133;143;122;127;132;132;72;76;101;78;72;63;82;67
144.0;137;144;119;124;132;131;75;75;99;79;73;64;82;66
150.0;140;147;120;128;133;125;77;77;96;78;72;64;82;61
156.0;142;149;121;122;132;125;76;74;94;78;69;71;83;64
162.0;142;150;123;123;134;125;75;71;95;79;70;68;80;65
168.0;144;150;123;120;133;129;70;72;95;78;73;66;82;65
174.0;148;149;125;119;137;128;72;72;92;75;73;66;81;63
180.0;150;150;121;119;138;126;74;72;88;72;75;67;84;64
186.0;152;150;121;122;140;130;72;66;86;70;73;68;85;65
192.0;157;155;118;126;139;127;72;66;82;72;74;65;82;65
198.0;156;155;122;125;143;127;72;68;77;71;69;67;83;65
204.0;158;163;120;125;143;132;70;66;75;73;66;67;79;63
210.0;162;162;123;126;141;135;69;65;75;72;68;64;74;64
216.0;165;163;124;125;141;135;73;65;70;70;71;60;76;62
222.0;163;165;124;124;141;136;74;64;71;68;73;56;79;62
228.0;160;165;126;119;141;143;70;63;74;67;76;54;80;62
234.0;161;166;128;122;141;141;70;66;74;66;72;49;82;62
240.0;164;171;131;125;137;143;68;63;71;62;71;48;81;65
246.0;164;175;130;126;140;143;68;62;69;64;73;46;76;64
252.0;167;173;129;127;140;144;66;58;69;65;72;47;77;66
258.0;166;174;131;129;140;149;68;54;68;63;71;50;72;65
264.0;166;177;134;127;139;151;68;49;67;66;71;49;71;65
270.0;166;178;133;128;139;149;65;48;69;66;72;49;71;67
276.0;167;180;134;126;139;145;62;50;74;64;72;51;70;66
282.0;173;186;133;125;135;142;59;49;76;66;72;50;67;67
288.0;174;192;131;124;140;145;56;49;69;66;69;52;66;67
294.0;177;191;130;120;139;145;57;49;67;66;69;56;65;69
300.0;179;191;128;124;140;144;56;48;60;68;69;53;67;73
306.0;180;190;129;127;138;145;56;50;61;65;72;51;65;71
312.0;181;191;130;127;140;146;57;48;62;65;71;50;66;66
318.0;180;190;127;125;138;146;60;48;63;69;70;52;67;65
324.0;180;190;126;125;142;150;58;46;63;66;70;51;67;66
330.0;184;192;127;128;137;147;60;48;64;70;70;47;64;62
336.0;188;191;128;132;136;143;58;52;65;68;68;50;62;59
342.0;190;192;130;132;135;141;60;52;63;67;67;54;59;58
348.0;192;190;135;131;135;143;61;53;61;67;66;50;58;58
354.0;193;199;135;131;135;140;62;56;60;64;63;51;56;55
360.0;191;200;134;131;139;142;61;56;61;66;61;50;53;55
366.0;195;201;132;130;142;143;61;55;57;65;62;53;50;54
372.0;196;200;133;129;140;143;61;54;57;61;65;55;49;57
378.0;199;202;135;128;134;149;59;57;58;58;64;52;47;58
384.0;196;207;134;132;130;147;57;57;58;62;62;54;49;55
390.0;197;212;133;128;128;147;56;60;58;63;65;46;49;58
396.0;198;210;132;128;130;147;54;60;59;63;66;49;47;57
402.0;200;209;131;125;127;149;59;57;57;62;69;49;49;57
408.0;196;211;132;126;126;150;59;55;61;63;69;49;45;58
414.0;199;211;132;128;125;146;57;58;58;65;66;47;49;59
420.0;201;212;131;130;125;143;55;53;56;66;67;45;50;66
426.0;200;205;132;133;129;143;59;55;54;67;64;44;48;67
432.0;199;204;131;132;130;142;60;54;54;65;59;46;54;70
438.0;195;205;127;136;130;143;54;58;56;67;63;47;54;65
444.0;195;211;127;136;128;136;56;59;57;65;65;46;55;64
450.0;199;208;128;131;125;139;58;63;55;69;63;45;51;66
456.0;195;208;128;129;133;139;58;61;54;69;62;45;55;64
462.0;195;208;127;128;136;137;57;63;53;68;62;48;57;61
468.0;196;209;128;126;137;141;60;61;56;66;58;43;57;62
474.0;193;210;131;124;140;136;61;57;54;67;59;44;56;68
480.0;195;214;132;121;143;137;59;53;53;64;58;45;58;68
486.0;196;213;137;123;143;134;55;52;49;65;60;49;60;64
492.0;195;211;140;122;143;134;57;50;55;62;62;49;58;62
498.0;198;212;141;123;142;133;61;47;55;60;61;49;59;59
504.0;199;207;140;124;141;133;59;48;53;61;61;51;62;61
510.0;197;202;140;126;141;133;60;51;53;59;59;50;66;63
516.0;199;203;137;127;145;134;60;51;50;56;59;51;66;62
522.0;197;204;134;127;146;135;59;56;51;57;63;50;62;59
528.0;198;206;135;128;147;135;56;60;49;55;61;48;63;59
534.0;203;207;136;128;146;131;59;61;47;54;61;46;63;58
540.0;204;210;136;125;147;129;61;54;47;54;61;50;63;59
546.0;198;210;138;123;150;131;61;52;52;56;60;51;61;57
552.0;203;211;138;123;147;133;63;50;50;59;60;50;59;54
558.0;204;210;136;128;146;135;63;51;48;57;58;51;60;53
564.0;207;214;136;128;145;136;61;52;50;55;55;51;58;52
570.0;208;215;137;132;147;133;61;53;49;53;50;51;58;53
576.0;212;209;135;132;152;132;59;51;54;55;50;49;56;54
582.0;211;212;134;133;150;130;57;50;52;54;55;49;61;52
588.0;209;209;133;130;147;134;58;54;52;53;55;51;60;55
594.0;212;213;134;131;146;136;55;55;50;52;53;47;59;57
600.0;212;211;135;132;144;139;55;56;50;48;57;45;63;53
606.0;216;210;131;133;145;139;55;55;53;46;55;45;60;57
612.0;217;210;132;134;144;141;58;55;51;47;53;49;59;50
618.0;215;211;132;136;142;140;62;55;53;44;52;46;59;53
624.0;214;212;133;142;141;133;62;56;57;42;50;46;60;52
630.0;214;212;132;142;142;135;60;55;57;41;49;48;65;48
636.0;211;216;130;141;141;136;57;59;54;46;47;50;63;49
642.0;209;218;126;142;139;140;55;56;59;45;47;55;61;48
648.0;206;219;127;142;135;140;55;57;61;45;48;55;63;47
654.0;203;222;126;143;140;141;57;56;62;42;46;53;64;45
660.0;201;223;121;145;144;137;55;55;59;41;50;55;69;45
666.0;204;221;121;145;142;136;54;56;61;45;50;52;67;46
672.0;205;219;125;145;144;136;57;55;63;44;49;53;60;45
678.0;205;217;123;142;138;141;63;53;62;46;48;57;59;46
684.0;203;216;126;140;138;136;64;50;62;51;51;60;59;44
690.0;200;215;125;141;141;139;66;47;60;53;50;59;61;43
696.0;199;216;126;143;139;138;67;50;59;57;52;54;59;41
702.0;202;216;127;146;140;137;65;52;55;56;53;54;55;42
708.0;205;215;129;147;139;135;66;55;53;58;46;50;58;44
714.0;204;214;130;147;139;137;65;54;54;56;49;48;58;45
720.0;201;215;127;145;141;137;66;53;52;60;48;47;58;50
726.0;201;216;132;144;136;136;69;55;50;63;46;45;57;50
732.0;200;217;132;141;134;139;72;53;51;64;47;46;55;49
738.0;203;216;135;143;132;140;70;54;53;60;44;48;53;49
744.0;205;214;137;142;133;139;71;56;56;60;42;48;50;47
750.0;200;214;136;142;135;139;71;57;55;60;43;49;50;49
756.0;201;212;133;146;138;139;71;58;56;58;43;49;47;49
762.0;204;215;133;143;137;140;69;57;56;59;42;50;45;50
768.0;205;215;131;143;138;143;68;58;57;59;42;48;45;48
774.0;208;218;127;139;137;144;68;59;58;56;40;50;46;50
780.0;206;219;130;140;135;146;67;57;59;53;36;52;48;52
786.0;209;221;128;141;132;144;66;58;59;53;33;52;51;53
792.0;209;223;126;140;133;146;67;61;62;54;31;51;45;52
798.0;210;228;129;140;132;146;65;59;64;52;30;53;41;51
804.0;208;229;131;138;134;149;67;50;64;55;28;52;45;50
810.0;206;228;128;137;132;152;66;51;63;56;30;52;47;52
816.0;205;230;134;136;135;148;64;53;60;54;30;51;49;51
822.0;212;230;132;136;134;151;65;52;59;54;31;52;45;47
828.0;207;234;130;131;133;152;65;53;62;55;34;52;45;47
834.0;205;232;132;132;133;156;67;51;62;59;31;47;47;46
840.0;206;231;133;134;129;158;65;52;60;61;30;50;49;42
846.0;205;234;136;133;128;158;65;50;60;60;34;45;50;42
852.0;206;235;139;133;126;160;62;50;59;56;36;44;49;45
858.0;207;237;139;133;129;159;62;53;56;53;36;42;45;49
864.0;206;237;139;134;126;160;64;54;58;52;35;45;41;49
870.0;211;237;135;130;129;161;66;48;57;55;35;48;40;48
876.0;212;237;134;125;131;164;65;47;56;58;38;46;37;50
882.0;208;236;136;126;132;164;65;46;57;59;39;46;37;49
888.0;209;235;136;126;135;164;67;49;55;56;39;43;36;50
894.0;206;235;138;126;136;161;69;49;54;57;39;40;37;53
900.0;205;235;141;126;139;161;70;52;54;55;34;39;38;51
906.0;206;236;137;125;140;158;71;55;52;53;37;38;40;52
912.0;207;238;138;125;137;158;69;53;52;52;36;43;38;54
918.0;206;241;135;125;137;161;65;52;50;53;37;42;39;57
924.0;205;245;136;129;134;158;63;53;49;53;36;38;43;58
930.0;207;249;137;128;132;158;56;52;50;55;37;37;44;58
936.0;207;252;137;129;131;156;55;52;47;57;40;38;41;58
942.0;207;254;133;128;131;154;52;50;48;59;43;38;45;58
948.0;205;257;133;128;130;152;53;54;44;56;44;42;43;59
954.0;205;255;131;128;130;150;55;52;45;57;42;45;46;59
960.0;206;253;132;130;129;146;55;50;47;58;42;45;49;58
966.0;209;251;132;128;129;149;55;52;49;52;45;43;50;56
972.0;210;254;134;124;129;148;57;52;48;51;42;41;51;59
978.0;209;253;136;124;131;150;55;52;48;50;42;44;52;54
984.0;214;255;136;123;132;146;52;51;49;47;40;45;52;58
990.0;216;253;135;123;133;148;46;53;50;49;38;45;51;60
996.0;220;252;134;125;133;147;45;55;50;48;37;42;54;58
1002.0;223;249;132;127;130;147;46;57;52;51;38;42;51;55
1008.0;219;248;133;124;127;147;47;60;53;54;38;41;53;56
1014.0;220;244;134;119;130;145;48;57;52;54;43;44;52;58
1020.0;219;246;135;119;129;142;44;60;50;54;41;48;53;60
1026.0;215;250;137;122;131;140;41;63;45;55;39;48;53;61
1032.0;216;250;134;122;131;141;43;62;45;52;39;52;48;65
1038.0;215;251;133;124;136;143;42;60;44;52;37;52;47;64
1044.0;214;250;136;123;133;139;40;60;46;58;38;50;49;64
1050.0;214;249;131;123;136;137;40;61;47;56;40;50;51;65
1056.0;216;248;129;124;138;134;43;61;49;52;42;48;49;67
1062.0;217;247;133;124;137;133;42;61;52;50;42;47;50;65
1068.0;217;245;132;125;136;135;42;61;58;52;41;47;50;59
1074.0;217;243;133;125;133;135;45;56;58;50;40;49;54;62
1080.0;213;245;132;125;134;133;45;57;58;51;40;52;51;64
1086.0;211;241;130;129;133;130;45;62;58;51;39;50;51;70
1092.0;208;243;130;131;134;126;45;61;58;51;39;48;58;68
1098.0;210;238;129;135;135;128;43;60;59;52;42;49;56;64
1104.0;207;236;127;134;137;126;44;60;61;53;41;48;58;68
1110.0;212;237;128;134;136;126;41;57;59;52;43;49;59;67
1116.0;215;238;129;129;134;130;43;54;58;52;42;48;57;71
1122.0;213;236;126;133;135;129;43;54;58;57;42;46;59;69
1128.0;214;239;125;132;134;126;47;53;56;61;43;46;58;66
1134.0;214;235;128;130;135;127;51;49;57;62;46;42;58;66
1140.0;214;232;125;133;136;124;53;48;56;62;47;44;57;69
1146.0;215;233;122;133;135;122;58;45;57;60;50;43;55;72
1152.0;212;234;126;130;136;116;55;46;59;62;51;46;53;74
1158.0;208;235;125;129;137;118;53;49;61;63;55;46;48;73
1164.0;205;234;128;133;134;118;53;46;60;61;57;48;49;74
1170.0;206;231;124;132;141;122;52;44;59;61;56;53;47;72
1176.0;208;232;122;134;140;123;50;45;58;60;56;53;45;74
1182.0;209;230;123;133;142;123;52;46;58;60;53;52;46;73
1188.0;208;234;125;135;145;121;52;47;57;56;54;51;44;71
1194.0;210;231;125;136;144;120;54;47;58;59;54;49;45;68
1200.0;208;232;126;137;144;121;55;50;59;59;54;49;40;66
1206.0;213;233;130;136;141;121;53;50;54;60;54;48;40;67
1212.0;216;233;128;134;143;121;54;49;53;57;53;53;40;66
1218.0;218;232;130;132;141;118;51;51;55;55;55;52;45;65
1224.0;218;235;130;128;143;123;50;53;53;55;57;52;42;61
1230.0;223;236;126;129;142;120;49;55;54;57;55;52;41;61
1236.0;226;237;125;127;140;120;52;53;51;57;56;52;41;63
1242.0;225;238;122;125;141;122;52;55;49;60;54;50;42;65
1248.0;224;235;124;126;139;124;51;55;47;64;51;51;42;67
1254.0;221;232;123;127;140;126;49;55;51;64;53;52;41;66
1260.0;222;236;122;130;139;125;50;53;48;67;51;51;45;61
1266.0;218;237;124;128;140;124;50;53;48;68;49;52;47;62
1272.0;218;235;125;129;139;123;51;58;45;65;49;49;52;62
1278.0;217;234;125;131;140;122;48;56;46;65;47;48;55;66
1284.0;219;233;125;132;139;119;44;58;47;68;49;48;56;63
1290.0;217;228;128;130;140;122;44;59;43;69;46;50;59;65
1296.0;219;229;129;135;138;122;43;57;47;68;48;48;54;63
1302.0;219;231;127;137;137;123;40;53;48;70;52;46;55;62
1308.0;222;228;128;135;139;120;43;51;50;70;51;46;57;60
1314.0;220;229;125;138;136;121;43;54;51;67;53;48;56;59
1320.0;220;230;127;139;137;121;45;56;49;64;52;51;52;57
1326.0;221;229;128;140;136;123;43;56;44;65;55;52;51;57
1332.0;222;228;128;142;136;123;46;55;44;65;56;46;52;57
1338.0;219;228;129;146;136;124;45;54;43;65;55;45;56;55
1344.0;216;227;130;142;137;123;41;56;46;69;55;47;57;54
1350.0;220;225;132;141;135;124;40;57;47;66;53;49;56;55
1356.0;216;223;135;137;135;123;45;55;44;67;54;51;62;53
1362.0;215;225;134;137;132;126;48;53;42;67;51;51;60;59
1368.0;213;223;134;137;135;124;52;51;45;65;51;49;63;58
1374.0;208;223;131;136;133;124;51;55;44;64;53;53;67;58
1380.0;211;222;131;131;136;125;51;55;45;67;52;51;69;54
1386.0;214;224;136;134;136;124;51;52;40;69;50;49;65;56
1392.0;215;220;134;136;137;125;52;53;40;63;53;52;64;56
1398.0;217;224;131;138;135;123;53;53;42;61;53;50;60;60
1404.0;217;222;129;134;135;123;55;53;42;58;56;53;63;60
1410.0;215;220;134;137;130;124;53;54;41;56;57;56;62;61
1416.0;215;219;136;135;130;122;51;53;46;59;56;56;59;63
1422.0;215;224;135;137;131;121;50;53;42;58;53;59;61;61
1428.0;214;221;139;134;134;121;50;50;42;60;52;61;59;63
1434.0;214;221;139;134;134;123;49;51;42;57;55;60;60;61
1440.0;214;221;139;134;134;127;49;47;44;55;53;60;61;62
1446.0;211;220;140;132;135;128;49;50;48;53;53;61;59;61
1452.0;212;223;137;135;137;127;49;50;43;51;55;63;58;60
1458.0;214;223;134;135;142;126;52;50;38;52;57;61;59;57
1464.0;210;220;134;137;141;132;52;47;35;53;62;60;61;56
1470.0;206;219;135;142;142;137;52;47;36;49;65;56;57;57
1476.0;206;222;133;140;142;136;50;49;35;48;65;57;60;57
1482.0;208;223;130;141;147;136;51;43;37;48;65;57;59;55
1488.0;206;222;133;140;146;132;51;44;41;51;63;58;58;55
1494.0;209;221;130;141;145;137;54;45;39;53;58;56;57;55
1500.0;210;223;129;144;142;140;51;46;38;52;55;55;63;52
1506.0;211;224;131;147;141;143;51;46;38;45;56;53;62;52
1512.0;209;221;134;148;146;144;49;49;37;46;55;50;62;50
1518.0;209;223;135;146;144;144;50;48;39;49;54;50;59;50
1524.0;208;225;133;147;144;144;52;49;40;48;53;47;61;49
1530.0;209;223;133;147;143;143;52;50;45;49;53;50;54;49
1536.0;213;218;132;147;143;142;54;53;44;44;57;53;52;48
1542.0;215;215;129;148;143;142;53;55;44;44;58;55;48;51
1548.0;215;218;130;147;142;138;52;52;44;45;57;57;50;53
1554.0;216;217;134;149;139;137;55;55;40;44;53;60;50;51
1560.0;215;220;136;146;136;135;61;56;39;46;51;58;53;48
1566.0;215;218;136;145;137;137;63;54;38;45;50;61;53;48
1572.0;214;220;138;143;136;136;63;52;38;44;50;62;54;50
1578.0;217;221;138;144;136;134;64;54;40;43;52;61;49;47
1584.0;218;222;138;143;132;136;62;53;44;47;51;64;43;47
1590.0;216;221;134;147;132;134;66;53;45;48;52;62;44;46
1596.0;215;226;133;146;129;134;67;55;43;51;50;58;46;47
1602.0;218;227;133;143;131;130;67;54;47;51;51;57;44;47
1608.0;218;226;132;144;131;127;67;55;47;52;49;58;46;48
1614.0;217;222;131;143;132;124;68;55;45;54;48;61;48;52
1620.0;219;219;132;146;133;122;64;58;43;55;48;61;48;52
1626.0;214;221;131;146;136;124;64;54;43;55;49;60;48;55
1632.0;213;219;132;147;138;126;64;55;45;56;50;58;47;50
1638.0;214;218;130;151;138;125;60;56;45;57;54;59;48;45
1644.0;211;216;130;149;139;126;61;58;45;56;53;62;52;42
1650.0;210;216;130;150;142;125;61;56;47;56;55;60;50;42
1656.0;212;213;128;146;143;125;63;55;48;58;51;60;53;45
1662.0;213;217;126;146;143;126;61;54;46;58;54;61;47;48
1668.0;214;214;128;146;143;123;60;58;45;58;53;61;48;49
1674.0;219;210;130;145;141;123;61;55;48;58;57;59;46;48
1680.0;215;212;129;148;140;121;60;54;50;57;56;62;48;48
1686.0;217;214;125;147;144;122;58;54;51;54;55;62;49;48
1692.0;217;217;127;147;145;125;57;54;47;51;56;61;47;49
1698.0;219;217;128;146;143;126;57;55;46;54;55;58;46;50
1704.0;220;218;131;145;141;129;59;52;47;54;55;54;43;52
1710.0;219;218;131;149;140;126;56;52;48;54;57;54;41;55
1716.0;217;216;135;149;139;124;58;50;50;52;59;52;43;56
1722.0;223;213;133;148;139;124;58;50;46;53;61;54;42;56
1728.0;223;216;135;146;135;122;59;51;43;53;63;56;43;55
1734.0;222;218;137;149;133;121;58;50;43;54;63;52;44;56
1740.0;225;217;135;142;131;121;58;49;44;56;61;54;49;58
1746.0;223;216;132;146;130;119;58;52;44;56;60;57;48;59
1752.0;222;214;135;148;128;119;55;53;42;57;60;55;49;63
1758.0;220;217;132;147;125;117;55;60;42;56;60;54;53;62
1764.0;220;217;133;150;127;117;55;58;41;59;55;53;51;64
1770.0;218;215;133;153;125;115;59;58;42;59;58;54;49;62
1776.0;217;216;132;153;123;117;60;59;43;59;59;54;47;61
1782.0;221;217;133;150;121;117;60;59;45;57;58;53;50;59
1788.0;225;217;134;147;120;120;60;59;42;54;56;57;51;58
1794.0;224;217;131;151;121;120;59;59;43;54;56;56;50;59
1800.0;225;215;134;151;122;119;57;57;40;52;58;58;47;65
1806.0;227;213;129;149;123;123;56;57;41;55;61;55;48;63
1812.0;224;215;133;150;121;124;55;56;44;55;61;50;51;61
1818.0;225;214;133;146;124;127;53;55;46;54;61;47;54;61
1824.0;225;217;134;146;123;129;51;54;44;53;61;48;54;61
1830.0;225;214;134;147;125;129;50;53;44;54;59;49;54;63
1836.0;224;216;134;145;124;128;49;50;46;57;58;49;55;65
1842.0;222;219;132;144;124;129;51;53;48;61;57;46;57;57
1848.0;225;220;132;141;123;129;53;55;46;61;57;46;56;56
1854.0;225;218;133;138;121;133;55;54;45;60;58;51;54;55
1860.0;229;216;131;139;124;130;58;51;45;61;59;48;55;54
1866.0;228;212;130;139;126;133;59;53;45;62;58;46;54;55
1872.0;227;214;131;139;122;132;57;54;44;63;61;45;57;54
1878.0;228;212;131;138;123;136;55;52;45;64;58;47;58;53
1884.0;223;210;129;140;122;138;54;54;49;61;61;48;53;58
1890.0;222;210;133;138;124;140;50;54;47;60;63;46;56;57
1896.0;219;213;138;137;125;140;49;55;49;61;62;44;55;53
1902.0;217;215;138;136;124;146;49;51;55;57;60;42;54;56
1908.0;216;215;137;139;126;144;50;50;55;57;61;45;50;55
1914.0;218;218;138;143;124;144;50;45;55;58;59;46;47;55
1920.0;220;220;137;141;120;142;48;48;53;59;59;44;51;58
1926.0;221;222;137;139;119;143;51;50;56;56;58;41;51;56
1932.0;218;226;138;136;120;139;52;49;60;49;64;44;52;53
1938.0;218;226;139;136;124;141;51;53;56;48;58;46;53;51
1944.0;221;224;138;135;121;138;54;55;58;45;55;53;52;51
1950.0;221;224;140;137;123;134;51;53;56;45;57;56;50;53
1956.0;220;224;141;137;122;139;48;53;56;43;60;58;48;51
1962.0;217;220;138;139;122;135;53;53;58;45;59;57;49;55
1968.0;216;220;141;140;125;136;54;50;59;44;58;58;48;51
1974.0;216;221;140;136;123;139;48;50;57;43;66;57;49;55
