#auto generated file!
12.0;129;115;122;132;109;121;121;94;124;107;101;117;111;97
18.0;131;117;125;137;113;123;118;89;124;106;105;110;107;95
24.0;135;119;123;138;118;128;112;89;125;103;102;111;102;95
30.0;139;121;128;138;118;133;108;83;125;96;97;112;104;98
36.0;140;122;132;137;124;134;106;82;120;95;94;115;104;95
42.0;142;126;135;135;125;136;107;80;121;96;91;112;99;95
48.0;147;127;135;135;125;138;103;79;123;91;89;111;100;97
54.0;148;128;142;131;127;139;104;75;116;93;89;111;97;100
60.0;149;133;146;133;131;138;102;79;110;94;86;110;92;97
66.0;144;135;150;138;133;141;104;77;105;93;83;105;92;100
72.0;146;135;151;144;138;141;100;79;104;95;84;102;87;94
78.0;145;135;150;150;143;142;101;83;102;92;78;99;84;96
84.0;145;138;153;151;145;138;97;81;101;92;76;105;82;96
90.0;147;137;157;156;148;139;93;79;96;89;76;104;84;95
96.0;148;140;159;157;147;141;94;78;93;89;78;103;81;92
102.0;151;140;157;158;145;144;93;79;96;86;79;103;78;91
108.0;153;141;158;161;142;147;92;79;99;83;75;100;76;94
114.0;158;141;159;162;148;150;95;80;97;81;74;94;69;92
120.0;161;144;163;160;144;154;92;82;93;81;75;93;69;89
126.0;165;147;165;162;143;152;91;85;88;83;72;86;69;92
132.0;167;150;163;162;144;154;89;81;90;81;72;83;73;91
138.0;166;159;161;159;143;159;86;78;88;81;74;81;74;91
144.0;168;159;166;160;145;156;88;77;80;82;72;85;73;89
150.0;171;160;166;157;150;155;85;75;82;80;73;86;74;86
156.0;175;157;167;156;149;156;83;75;86;76;76;85;73;86
162.0;177;155;168;155;152;159;81;74;89;77;76;83;70;84
168.0;179;159;171;156;151;157;77;73;90;76;76;82;70;83
174.0;179;163;169;159;154;159;76;72;87;75;74;79;69;85
180.0;182;164;169;159;154;159;75;69;87;70;72;83;72;85
186.0;182;163;167;160;154;155;78;74;88;72;77;77;72;81
192.0;181;165;169;160;154;152;80;74;92;71;78;73;71;80
198.0;185;161;176;158;152;146;83;71;89;67;81;73;75;83
204.0;185;161;175;160;151;149;85;72;82;67;80;68;77;88
210.0;184;164;175;162;153;143;88;74;77;67;83;67;82;81
216.0;186;166;174;161;153;143;87;71;79;67;82;65;84;82
222.0;185;168;173;158;154;145;86;68;76;68;84;69;82;84
228.0;182;169;174;159;153;144;87;68;76;67;86;70;82;83
234.0;182;172;172;156;152;145;88;68;77;63;85;73;84;83
240.0;191;173;169;155;155;142;94;66;79;63;76;70;84;83
246.0;192;175;167;156;155;141;94;67;76;64;75;70;85;83
252.0;188;174;170;160;156;138;96;66;77;66;77;66;86;80
258.0;187;176;169;163;154;142;96;66;78;66;74;69;85;75
264.0;193;180;166;160;157;144;93;70;76;66;69;68;84;74
270.0;192;184;167;158;158;147;88;72;76;64;67;67;86;74
276.0;192;182;169;155;159;144;89;70;75;63;73;65;89;75
282.0;194;183;165;156;159;144;92;73;75;62;70;66;88;73
288.0;196;181;167;156;159;140;89;71;73;62;73;68;88;77
294.0;202;185;168;155;161;136;86;72;71;61;70;67;90;76
300.0;201;184;175;156;162;133;86;70;66;62;70;68;91;76
306.0;200;187;176;157;163;137;81;72;66;62;69;68;85;77
312.0;199;187;179;157;165;138;83;72;65;62;67;69;79;78
318.0;202;185;176;155;168;144;77;71;68;58;70;66;78;82
324.0;203;183;172;157;167;146;81;71;66;52;72;71;82;77
330.0;203;187;172;158;168;145;80;71;64;51;74;70;79;78
336.0;203;187;173;156;166;150;78;72;68;55;76;69;76;71
342.0;201;188;176;158;166;149;79;70;67;53;79;66;77;71
348.0;202;190;172;156;166;149;81;69;72;49;84;64;77;69
354.0;207;190;176;155;169;151;80;65;71;50;81;63;74;68
360.0;208;190;178;155;174;151;78;65;65;50;85;62;73;66
366.0;209;190;182;151;174;149;76;66;67;51;85;63;73;64
372.0;206;194;180;151;176;148;76;65;69;50;85;66;69;65
378.0;209;198;180;150;177;147;74;62;67;52;86;65;68;65
384.0;209;200;178;151;174;145;76;65;67;52;86;66;69;62
390.0;207;198;175;151;176;147;76;65;71;52;84;67;67;64
396.0;209;196;173;151;176;146;77;64;72;55;81;67;67;66
402.0;210;195;177;150;175;146;74;62;72;55;79;65;68;72
408.0;212;197;175;149;174;150;73;65;72;54;73;68;71;67
414.0;210;200;173;147;176;152;70;64;71;53;74;70;73;67
420.0;211;201;172;145;172;154;69;74;69;53;72;70;73;65
426.0;213;202;172;145;171;153;66;71;71;56;72;71;73;64
432.0;217;202;171;143;170;155;64;71;74;54;72;70;71;66
438.0;220;204;168;145;169;157;66;70;69;56;71;71;67;67
444.0;223;209;169;142;171;157;62;73;64;56;69;73;65;67
450.0;225;203;167;143;170;155;63;74;65;58;71;74;65;67
456.0;223;203;165;141;171;154;61;76;67;63;72;73;63;68
462.0;220;210;162;143;172;156;60;73;68;57;71;72;68;68
468.0;226;209;159;145;170;157;60;68;68;49;75;71;75;68
474.0;228;210;160;143;169;158;62;66;70;53;73;70;75;63
480.0;228;209;163;144;174;159;56;66;69;51;70;71;74;66
486.0;227;209;162;145;170;163;58;63;70;52;71;69;76;65
492.0;229;208;159;146;172;165;57;62;70;49;74;69;77;63
498.0;230;206;161;146;170;164;58;65;66;52;74;68;76;64
504.0;236;209;163;144;168;164;56;65;62;53;70;67;77;66
510.0;236;209;159;142;166;164;59;62;63;54;72;66;80;68
516.0;242;209;156;143;169;163;56;64;64;54;73;62;78;67
522.0;241;210;154;141;166;164;64;62;66;56;69;65;79;63
528.0;237;214;154;138;171;159;64;64;69;58;66;65;78;63
534.0;241;219;150;137;173;158;65;60;70;57;67;64;78;61
540.0;238;217;150;139;172;158;70;59;71;58;64;64;77;63
546.0;241;216;153;135;170;158;67;62;67;63;68;66;74;60
552.0;240;217;151;137;167;158;68;62;68;68;64;65;76;59
558.0;238;216;153;143;164;158;69;61;69;65;66;66;72;60
564.0;234;218;152;145;165;159;71;59;70;64;65;65;73;60
570.0;240;219;150;140;166;158;68;61;73;65;62;64;72;62
576.0;238;220;155;140;166;158;64;65;73;63;63;64;71;60
582.0;237;218;156;141;161;162;65;65;72;59;66;67;69;62
588.0;239;219;151;145;161;164;67;62;76;55;65;62;68;66
594.0;239;221;154;142;161;170;66;61;74;52;66;60;67;67
600.0;235;224;155;138;160;171;71;63;73;51;65;58;69;67
606.0;234;222;156;138;162;169;75;65;74;49;64;59;67;66
612.0;230;224;156;138;162;166;75;65;74;49;61;64;68;68
618.0;227;220;160;136;163;165;72;64;77;52;61;62;69;72
624.0;227;224;162;139;166;162;69;68;79;50;56;65;70;63
630.0;227;225;155;139;166;162;68;71;76;48;58;70;72;63
636.0;229;226;155;139;169;161;64;74;79;49;60;66;70;59
642.0;226;227;153;137;169;159;67;74;79;51;61;63;75;59
648.0;228;227;152;136;165;159;66;74;81;53;65;63;71;60
654.0;231;226;153;139;166;162;66;70;81;53;61;64;72;56
660.0;231;226;154;138;170;165;66;66;75;52;61;67;70;59
666.0;233;226;155;136;168;164;66;64;76;51;67;68;69;57
672.0;233;232;154;140;165;156;65;63;78;50;69;68;69;58
678.0;234;233;154;138;167;155;64;61;81;50;72;67;66;58
684.0;236;228;155;137;172;154;67;61;81;48;72;66;67;56
690.0;235;229;153;135;174;154;66;59;81;50;73;66;67;58
696.0;235;229;154;134;173;152;67;64;77;49;73;67;69;57
702.0;238;229;154;136;174;152;67;63;73;49;72;64;67;62
708.0;237;228;155;133;171;151;67;63;78;53;72;65;66;61
714.0;239;226;152;134;172;152;68;61;77;57;74;60;65;63
720.0;238;227;149;135;172;153;68;60;78;56;73;57;68;66
726.0;240;226;150;134;172;148;68;63;81;59;74;54;65;66
732.0;238;224;150;135;171;146;69;63;83;62;71;56;65;67
738.0;237;227;152;135;168;146;71;65;89;59;70;54;61;66
744.0;234;229;154;134;165;147;71;67;85;56;74;57;62;65
750.0;237;228;150;134;163;144;68;67;87;58;74;61;65;64
756.0;237;227;148;137;165;144;65;65;87;54;77;60;71;63
762.0;241;226;145;134;163;143;66;66;87;56;81;58;72;62
768.0;238;225;144;134;163;145;65;66;89;56;78;58;76;63
774.0;237;227;144;133;165;146;65;65;91;56;73;55;76;67
780.0;238;226;146;135;166;140;67;64;87;54;77;55;80;65
786.0;236;225;149;134;170;144;69;58;89;54;74;51;82;65
792.0;235;222;153;134;166;147;68;60;88;54;74;53;80;66
798.0;234;225;151;131;168;147;64;61;91;56;74;53;78;67
804.0;235;224;150;131;169;149;63;61;88;60;70;57;78;65
810.0;231;228;149;131;165;149;68;61;90;61;72;54;77;64
816.0;234;226;150;132;165;153;66;58;88;64;73;53;74;64
822.0;233;228;147;133;165;159;69;56;89;63;71;51;72;64
828.0;239;230;144;136;164;160;67;51;91;65;67;53;67;66
834.0;235;231;146;141;162;159;67;49;90;65;71;56;62;66
840.0;236;230;141;141;166;159;68;47;88;67;74;54;62;67
846.0;237;230;141;143;166;156;69;45;86;70;75;55;63;64
852.0;234;230;143;144;168;158;68;50;83;67;77;53;62;63
858.0;232;228;145;143;170;153;68;49;82;70;75;58;63;64
864.0;229;226;144;143;173;158;68;52;78;70;73;59;62;65
870.0;232;225;142;145;168;159;64;56;82;68;70;59;65;65
876.0;229;226;143;145;167;156;66;55;87;67;69;61;65;64
882.0;228;227;146;146;168;157;67;53;93;67;64;60;60;64
888.0;226;231;143;148;171;159;69;53;88;66;61;62;59;64
894.0;227;233;140;150;171;161;64;53;88;66;62;58;60;67
900.0;229;233;139;150;166;165;60;53;90;65;63;60;59;68
906.0;226;232;139;153;167;162;57;59;96;62;64;60;59;64
912.0;225;231;134;153;166;165;60;61;96;63;64;61;57;64
918.0;220;230;137;159;164;160;61;62;99;62;65;60;55;66
924.0;220;231;144;160;167;159;60;59;95;60;63;60;57;65
930.0;220;234;142;163;163;158;63;60;97;57;63;58;59;63
936.0;218;238;140;163;163;157;60;61;94;56;67;58;57;68
942.0;221;241;139;165;162;157;60;62;95;56;66;53;58;65
948.0;223;246;139;164;164;155;61;62;89;55;65;50;62;65
954.0;225;246;139;164;161;154;61;65;88;49;70;54;61;63
960.0;224;245;138;163;163;156;63;65;91;50;66;56;59;61
966.0;232;242;137;161;157;156;64;64;87;53;66;56;61;64
972.0;234;237;137;164;158;158;59;61;91;55;63;56;60;67
978.0;232;235;139;163;157;160;55;61;91;56;67;57;60;67
984.0;230;237;138;161;159;165;52;60;91;57;65;58;57;70
990.0;233;236;141;161;157;165;51;61;92;55;60;58;58;72
996.0;233;234;140;162;157;169;53;60;89;56;60;60;54;73
1002.0;234;238;138;165;155;167;54;58;87;58;60;60;55;71
1008.0;235;238;136;164;154;166;54;62;84;56;63;60;57;71
1014.0;235;238;136;162;156;167;56;66;81;57;65;59;57;65
1020.0;239;238;135;163;157;168;59;63;78;54;63;59;60;64
1026.0;243;233;136;164;153;166;62;70;77;48;65;61;60;62
1032.0;246;230;133;163;156;168;64;65;76;48;61;63;59;68
1038.0;246;228;135;157;160;166;66;67;73;49;60;66;60;67
1044.0;248;230;137;157;159;165;68;67;70;52;54;63;59;71
1050.0;247;228;138;158;158;168;65;70;67;54;56;65;58;68
1056.0;250;222;139;156;156;172;66;68;71;56;57;60;62;65
1062.0;256;223;139;151;159;169;64;67;72;57;55;58;63;67
1068.0;259;220;139;155;160;173;60;67;70;56;57;56;61;67
1074.0;260;218;139;154;165;170;61;66;68;56;59;56;63;65
1080.0;261;218;139;158;169;168;66;60;65;55;64;54;57;66
1086.0;260;222;141;159;171;168;64;58;65;56;61;54;58;63
1092.0;261;223;139;156;172;166;65;63;66;54;60;55;58;62
1098.0;258;221;137;155;172;172;61;62;65;54;65;53;60;65
1104.0;252;219;135;155;171;175;65;66;64;55;63;54;59;67
1110.0;254;222;132;159;169;176;64;63;63;58;58;53;59;70
1116.0;254;223;126;162;169;174;61;66;65;57;59;55;55;74
1122.0;250;223;124;157;168;175;65;63;70;56;61;57;56;75
1128.0;249;219;128;155;172;174;63;67;70;66;60;57;51;69
1134.0;252;216;128;156;168;175;60;64;67;67;65;62;51;69
1140.0;253;218;132;158;169;168;61;59;68;64;66;63;55;66
1146.0;252;216;129;157;169;169;60;57;70;66;68;65;56;66
1152.0;251;217;131;152;172;169;58;55;66;66;71;69;55;68
1158.0;253;220;128;150;168;166;59;56;70;66;68;70;55;71
1164.0;251;222;126;147;166;166;59;59;70;67;67;70;57;73
1170.0;247;224;127;149;166;165;62;57;70;69;65;70;54;75
1176.0;243;222;129;148;166;166;63;56;68;71;66;73;53;76
1182.0;247;219;131;146;163;166;62;57;67;70;63;75;53;81
1188.0;247;221;130;142;162;168;64;61;65;74;64;75;50;77
1194.0;246;221;128;150;162;163;64;62;65;68;67;72;56;76
1200.0;245;222;130;152;162;165;63;64;62;65;70;70;54;76
1206.0;244;221;131;152;163;164;64;63;69;62;71;64;54;78
1212.0;242;221;132;156;167;166;64;55;68;65;66;60;58;80
1218.0;244;221;132;155;166;168;66;54;66;62;66;61;59;80
1224.0;244;222;132;152;165;167;67;55;66;61;67;63;60;79
1230.0;238;222;134;154;161;170;71;55;63;63;70;63;59;77
1236.0;238;224;132;158;159;169;69;54;68;59;69;64;64;73
1242.0;235;222;132;158;162;172;67;53;65;60;68;66;66;74
1248.0;236;220;134;159;159;178;63;52;65;62;65;65;68;74
1254.0;237;218;135;164;155;171;67;52;63;63;63;66;68;78
1260.0;235;220;134;163;152;170;69;52;61;69;63;66;67;79
1266.0;234;220;130;165;151;174;67;48;60;67;71;67;67;79
1272.0;234;221;129;167;151;173;69;47;64;66;69;70;66;74
1278.0;233;221;128;166;152;177;66;49;63;65;67;72;69;72
1284.0;226;226;131;167;152;179;67;47;62;64;70;69;68;72
1290.0;227;222;126;170;155;169;66;52;67;64;74;68;68;72
1296.0;229;222;129;172;157;167;67;58;69;61;71;64;61;73
1302.0;228;226;127;169;157;164;67;58;69;59;73;63;63;77
1308.0;224;231;125;171;159;162;69;60;69;57;75;58;60;80
1314.0;224;236;128;177;154;159;72;56;69;59;70;55;62;79
1320.0;223;235;128;172;158;156;67;58;70;60;70;63;64;76
1326.0;225;236;130;168;155;153;63;60;69;58;71;68;66;78
1332.0;222;236;130;160;156;158;64;61;72;61;71;67;68;74
1338.0;221;236;134;158;159;154;61;65;72;61;72;68;67;72
1344.0;220;237;134;159;156;153;63;68;73;61;75;69;61;71
1350.0;223;238;139;156;153;151;61;71;75;65;71;68;61;68
1356.0;224;240;135;155;154;156;63;70;77;61;70;68;60;67
1362.0;223;242;133;159;155;155;65;67;79;59;68;70;57;68
1368.0;224;244;131;161;151;152;65;68;80;61;68;71;58;66
1374.0;226;240;132;160;153;154;65;64;79;60;72;69;63;63
1380.0;224;242;136;160;153;156;64;63;75;57;75;68;62;65
1386.0;223;243;138;161;155;157;65;62;73;55;75;68;60;65
1392.0;223;242;138;163;153;156;69;61;71;58;73;67;58;68
1398.0;223;243;137;167;150;157;66;61;66;60;70;66;64;70
1404.0;224;240;135;162;155;158;63;62;66;61;72;68;64;70
1410.0;227;238;133;158;158;159;66;62;63;61;73;65;65;72
1416.0;232;237;134;161;156;159;64;66;63;58;71;63;64;72
1422.0;228;238;133;159;158;159;63;68;62;59;71;67;63;72
1428.0;228;238;130;158;160;160;61;67;64;60;65;70;65;74
1434.0;231;240;131;157;157;158;58;68;68;59;66;71;65;71
1440.0;228;241;132;158;155;161;55;66;68;60;65;76;62;73
1446.0;228;238;131;154;160;160;56;68;66;61;64;77;64;73
1452.0;227;235;132;156;162;163;56;67;63;65;62;72;64;76
1458.0;227;238;131;158;158;162;56;64;65;65;63;76;63;74
1464.0;228;241;131;159;159;167;57;60;66;61;63;75;61;72
1470.0;230;239;131;154;161;163;60;61;70;57;65;80;56;73
1476.0;231;238;135;151;160;161;62;58;70;59;66;81;56;72
1482.0;234;237;133;150;157;164;63;59;73;58;66;78;56;72
1488.0;234;238;133;150;161;165;60;62;70;59;64;76;55;73
1494.0;236;239;137;152;162;164;59;62;69;63;62;73;56;66
1500.0;241;243;137;150;157;158;61;68;65;68;60;72;55;65
1506.0;243;240;137;148;155;157;62;64;66;68;60;72;61;67
1512.0;243;240;136;146;158;157;66;63;66;67;61;68;61;68
1518.0;243;246;138;147;158;154;60;62;73;69;61;66;56;67
1524.0;244;247;139;149;156;155;62;64;72;68;62;64;55;63
1530.0;240;245;139;152;153;152;62;69;72;67;58;68;58;65
1536.0;239;248;139;153;152;155;60;70;69;64;57;65;60;69
1542.0;242;251;140;152;147;156;60;68;67;65;57;68;60;67
1548.0;242;252;144;153;148;158;58;63;64;61;56;72;61;68
1554.0;241;254;142;157;147;157;58;66;64;56;56;74;59;69
1560.0;239;259;141;156;148;155;59;64;64;54;55;74;60;72
1566.0;240;260;136;158;149;156;57;63;61;54;57;75;60;74
1572.0;241;262;132;154;152;156;58;63;62;56;58;75;58;73
1578.0;242;266;133;152;151;157;53;62;60;57;62;76;59;70
1584.0;242;266;134;150;150;156;53;58;59;59;64;75;64;70
1590.0;241;266;133;150;148;158;54;57;58;60;64;75;66;70
1596.0;238;265;131;149;145;159;55;57;59;60;71;75;68;68
1602.0;241;264;131;146;149;154;57;57;59;63;71;74;69;65
1608.0;241;263;131;147;147;157;60;61;57;65;67;75;67;62
1614.0;241;266;133;148;151;152;60;58;54;64;69;73;67;64
1620.0;244;264;134;152;150;146;58;54;60;64;74;75;63;62
1626.0;248;262;135;150;149;150;57;52;62;65;72;72;66;60
1632.0;246;259;135;149;149;149;59;53;65;64;69;71;67;65
1638.0;250;259;135;148;148;149;60;54;65;66;68;71;63;64
1644.0;248;259;139;147;154;150;56;53;64;65;68;69;65;63
1650.0;247;259;137;147;156;149;57;56;61;67;66;69;65;64
1656.0;251;259;136;152;159;147;58;54;61;70;61;69;63;60
1662.0;253;256;138;152;161;144;57;52;60;75;61;71;60;60
1668.0;249;255;140;153;162;147;59;52;60;73;58;70;59;63
1674.0;247;253;136;151;166;150;62;54;63;78;59;68;54;59
1680.0;248;250;136;153;165;149;63;59;63;78;60;63;53;60
1686.0;249;249;132;153;168;148;67;60;61;74;62;62;53;62
1692.0;250;247;137;154;169;146;68;58;55;74;64;63;52;63
1698.0;247;247;138;154;172;147;67;60;52;74;63;61;54;64
1704.0;247;248;138;151;171;148;68;60;52;74;63;62;51;67
1710.0;246;245;140;153;167;144;72;62;49;76;62;64;48;72
1716.0;244;249;138;154;167;142;75;60;49;77;64;60;53;68
1722.0;247;247;137;157;163;146;77;62;46;77;63;54;54;70
1728.0;250;249;135;157;165;148;75;60;48;77;63;54;51;68
1734.0;252;249;134;159;169;146;73;61;48;77;59;52;54;67
1740.0;251;256;130;157;175;150;69;60;48;75;55;51;52;71
1746.0;250;254;130;155;175;152;68;59;52;76;55;50;54;70
1752.0;249;258;130;153;172;155;67;61;51;75;55;47;54;73
1758.0;249;257;131;151;175;154;64;61;52;72;62;46;53;73
1764.0;252;253;132;150;176;155;62;59;53;78;58;47;53;72
1770.0;249;255;135;149;176;155;62;56;57;75;60;45;55;71
1776.0;245;255;135;149;180;157;63;54;56;73;56;49;55;73
1782.0;247;255;140;146;177;160;65;56;51;76;52;52;50;73
1788.0;246;257;139;147;175;162;66;54;51;75;54;54;51;69
1794.0;242;261;142;145;176;156;68;56;47;75;52;55;56;69
1800.0;241;261;140;145;176;158;69;58;49;73;50;52;57;71
1806.0;243;257;144;141;172;159;64;55;54;73;57;52;59;70
1812.0;242;258;147;140;174;159;63;49;53;74;56;54;59;72
1818.0;239;257;142;139;178;162;64;50;55;71;55;54;60;74
1824.0;240;260;141;140;174;163;62;49;55;70;52;54;64;76
1830.0;244;259;139;139;173;164;62;46;57;67;55;53;66;76
1836.0;245;257;138;143;175;166;60;46;56;67;54;52;66;75
1842.0;244;256;139;146;175;165;62;46;54;70;53;49;65;76
1848.0;242;257;137;147;173;164;65;46;53;72;55;48;65;76
1854.0;246;258;139;145;174;164;63;46;54;71;53;50;63;74
1860.0;246;257;143;145;173;163;64;47;52;72;53;49;61;75
1866.0;248;258;146;146;170;162;62;50;52;71;57;48;59;71
1872.0;247;261;146;149;171;162;61;48;56;70;47;50;59;73
1878.0;244;261;142;146;172;163;60;50;59;69;47;48;62;77
1884.0;245;262;141;150;169;161;59;51;53;74;49;50;60;76
1890.0;242;263;143;148;169;165;59;51;52;69;49;50;63;77
1896.0;242;267;147;147;163;170;60;53;56;69;47;49;60;70
1902.0;243;269;148;149;167;172;60;53;57;63;47;46;62;64
1908.0;241;271;148;149;168;173;57;54;60;60;43;47;63;66
1914.0;244;275;151;147;163;173;55;57;59;57;45;47;61;66
1920.0;244;272;151;145;159;172;53;59;61;62;45;50;61;66
1926.0;246;268;149;147;159;173;53;60;64;64;45;47;63;62
1932.0;243;270;146;149;161;170;55;62;66;63;45;46;60;64
1938.0;242;264;146;152;162;170;56;61;66;63;44;50;61;63
1944.0;241;263;150;154;162;168;56;64;65;63;43;48;64;59
1950.0;240;264;151;152;164;167;55;65;65;67;41;51;63;55
1956.0;239;264;152;151;162;173;57;65;64;63;41;47;65;57
1962.0;243;268;152;147;161;167;55;65;66;64;42;53;62;55
1968.0;243;268;151;148;160;164;55;68;67;67;42;54;60;53
1974.0;245;268;152;147;158;163;55;62;67;67;42;58;57;59
