#auto generated file!
12.0;20;17;13;13;12;20;14;13;11;16;16;11;10;14
18.0;20;17;13;12;12;19;14;14;10;17;15;12;11;14
24.0;20;17;13;11;12;18;15;14;11;17;15;13;11;13
30.0;21;17;13;12;10;17;14;14;11;17;15;13;12;14
36.0;21;17;13;13;11;18;13;13;11;13;16;14;15;12
42.0;21;17;12;14;12;18;13;13;12;12;15;15;15;11
48.0;21;17;12;14;12;18;13;12;13;12;15;15;15;11
54.0;21;19;12;14;12;18;13;11;13;11;15;14;16;11
60.0;21;21;12;14;13;18;12;10;15;8;13;14;16;13
66.0;22;22;12;14;13;18;12;10;14;7;14;12;17;13
72.0;22;23;12;14;13;18;13;8;15;6;14;13;17;12
78.0;22;23;12;14;14;16;12;12;14;6;16;13;15;11
84.0;22;23;12;15;13;16;12;12;13;7;16;14;13;12
90.0;24;22;13;15;14;19;13;11;12;6;15;14;11;11
96.0;26;23;13;17;14;18;15;11;11;5;15;12;12;8
102.0;28;23;14;16;15;17;15;9;10;6;15;11;11;10
108.0;28;24;14;16;15;17;13;10;11;6;13;13;10;10
114.0;28;23;16;16;15;17;13;9;11;6;11;13;10;12
120.0;28;22;16;16;15;17;12;9;11;7;12;12;9;14
126.0;29;22;16;15;15;17;12;10;10;7;12;13;10;12
132.0;27;22;16;15;15;18;13;11;10;7;11;12;10;13
138.0;27;22;16;15;15;17;12;13;10;7;11;12;10;13
144.0;26;22;17;16;15;17;12;13;9;7;11;12;10;13
150.0;27;21;18;15;15;17;13;13;10;7;11;12;9;12
156.0;27;21;20;15;13;16;13;13;8;8;11;14;9;12
162.0;27;19;21;15;12;15;14;14;9;8;12;13;9;12
168.0;26;19;20;16;12;16;14;14;9;8;11;13;10;12
174.0;27;18;20;16;11;16;12;14;11;7;12;12;12;12
180.0;27;17;22;16;11;16;11;14;11;7;11;12;12;13
186.0;28;16;22;16;11;16;11;13;10;8;10;14;13;12
192.0;30;16;23;16;11;16;9;12;11;7;9;14;14;12
198.0;31;16;24;16;11;16;9;12;10;6;8;15;13;13
204.0;29;14;25;18;11;16;10;13;10;6;9;14;12;13
210.0;29;15;25;16;11;18;9;14;11;6;9;15;9;13
216.0;29;15;25;16;11;18;9;14;11;7;9;14;9;13
222.0;31;15;22;16;10;19;8;14;13;8;10;14;7;13
228.0;30;15;22;16;10;18;7;13;13;10;11;13;8;14
234.0;30;14;21;18;13;18;7;13;11;10;10;11;10;14
240.0;30;13;21;18;14;18;7;13;12;9;11;11;9;14
246.0;30;14;22;17;15;20;3;12;12;9;12;12;9;13
252.0;29;14;22;17;18;19;4;10;13;9;12;12;8;13
258.0;29;14;20;18;19;19;4;12;12;9;12;11;9;12
264.0;31;15;21;18;19;19;4;12;11;8;12;10;9;11
270.0;31;15;22;18;19;18;5;11;12;7;13;11;9;9
276.0;31;15;22;18;18;18;4;12;12;7;13;11;9;10
282.0;32;15;23;18;17;19;5;13;11;7;12;10;8;10
288.0;32;16;24;18;17;20;5;13;9;7;12;10;7;10
294.0;32;17;27;18;15;21;6;13;9;7;11;9;7;8
300.0;32;16;26;19;17;20;6;11;9;8;11;10;7;8
306.0;32;16;27;19;16;20;6;11;9;8;10;11;7;8
312.0;34;16;27;19;16;20;7;11;9;8;10;11;7;5
318.0;34;17;26;19;16;21;6;13;9;7;9;10;8;5
324.0;34;17;27;19;16;19;6;13;10;6;9;10;8;6
330.0;34;17;28;20;15;20;7;13;7;6;9;10;8;6
336.0;35;19;27;20;15;20;7;13;6;6;9;9;7;7
342.0;35;19;27;21;15;20;7;13;6;6;10;7;7;7
348.0;35;20;27;22;14;20;8;12;6;5;10;6;8;7
354.0;36;20;26;21;14;21;8;12;5;4;11;7;8;7
360.0;36;19;25;20;15;23;9;10;5;3;12;7;9;7
366.0;37;20;24;21;15;23;9;10;4;4;12;6;9;6
372.0;38;21;24;20;15;22;9;9;4;4;11;6;10;7
378.0;38;22;24;19;14;21;9;9;5;4;12;6;10;7
384.0;39;22;24;20;14;20;8;9;5;4;11;7;10;7
390.0;39;22;23;19;15;20;8;9;6;4;12;7;9;7
396.0;39;22;23;18;16;20;8;9;6;4;13;6;9;7
402.0;38;23;23;18;17;19;8;10;6;4;12;7;9;6
408.0;38;24;23;18;17;19;8;8;6;5;11;7;10;6
414.0;38;23;24;17;16;19;7;8;7;6;11;7;11;6
420.0;38;25;23;17;15;18;6;8;7;5;13;8;11;6
426.0;39;25;22;16;16;19;6;8;6;5;15;8;9;6
432.0;39;25;22;17;15;20;7;8;6;5;13;8;9;6
438.0;40;23;22;17;15;20;6;7;6;5;14;8;11;6
444.0;40;23;22;17;15;20;6;7;6;6;15;8;10;5
450.0;38;24;22;17;14;20;7;7;5;8;16;10;9;3
456.0;37;23;21;17;14;21;8;6;5;8;15;11;10;4
462.0;37;23;21;17;14;21;8;6;6;7;15;9;11;5
468.0;36;24;21;17;16;20;10;6;6;7;15;8;9;5
474.0;35;24;20;17;16;19;10;6;7;7;15;8;11;5
480.0;35;26;20;15;17;19;10;6;7;7;12;8;11;7
486.0;35;25;21;15;17;19;9;6;7;7;12;9;11;7
492.0;34;25;21;16;17;19;11;4;6;7;13;10;10;7
498.0;35;25;21;16;15;18;11;3;6;7;13;13;10;7
504.0;35;25;21;16;15;18;10;4;6;6;13;13;10;8
510.0;35;25;23;16;15;18;9;5;6;6;13;14;7;8
516.0;35;25;21;16;16;14;8;7;8;6;13;16;7;8
522.0;35;25;21;16;17;13;7;6;9;6;13;15;8;9
528.0;34;25;21;17;18;15;7;6;9;6;11;15;7;9
534.0;34;24;21;19;17;15;9;6;6;6;11;15;7;10
540.0;34;24;21;19;17;16;9;6;7;5;13;14;8;7
546.0;35;23;21;18;17;13;10;8;7;6;14;14;8;6
552.0;35;23;21;18;16;13;10;8;7;7;14;14;8;6
558.0;35;23;20;19;15;14;10;8;7;7;14;13;9;6
564.0;38;23;20;19;16;14;9;9;6;7;14;11;7;7
570.0;38;23;20;19;17;13;9;9;6;7;15;10;7;7
576.0;39;23;22;18;17;13;10;8;5;7;15;9;7;7
582.0;40;23;23;18;17;13;10;8;5;5;14;10;7;7
588.0;39;22;23;18;17;13;9;7;7;6;12;12;8;7
594.0;38;23;22;20;17;12;10;7;6;7;10;12;7;9
600.0;38;23;23;20;18;12;9;7;6;6;9;13;7;9
606.0;38;22;22;20;17;12;8;7;9;7;10;10;8;10
612.0;38;23;22;19;17;11;8;7;8;8;10;10;8;11
618.0;38;24;22;19;16;9;8;7;8;8;8;10;11;12
624.0;38;24;23;19;16;8;9;7;8;7;8;10;10;13
630.0;38;25;23;20;17;8;8;6;8;7;8;9;10;13
636.0;39;24;23;21;17;9;7;6;7;6;10;9;10;12
642.0;38;24;22;22;17;8;8;6;8;6;10;8;11;12
648.0;37;23;23;21;17;8;8;7;7;6;10;9;11;13
654.0;34;23;23;20;18;8;10;7;7;7;9;9;12;13
660.0;34;22;22;20;17;9;10;7;9;6;9;7;13;15
666.0;34;21;23;20;17;9;9;7;10;5;9;7;14;15
672.0;34;21;23;20;17;9;9;9;9;4;9;7;14;15
678.0;34;21;22;21;16;9;10;9;9;4;9;7;14;15
684.0;36;21;21;20;16;9;12;9;8;3;8;7;14;16
690.0;36;22;21;18;16;8;11;10;8;3;9;8;14;16
696.0;37;21;21;18;16;9;10;9;7;3;10;9;14;16
702.0;37;21;20;18;16;9;11;8;8;3;8;10;15;16
708.0;37;22;19;18;16;10;11;7;8;4;8;10;14;16
714.0;37;23;19;19;12;10;13;7;8;5;9;9;13;16
720.0;36;23;19;19;12;12;13;7;7;6;8;9;13;16
726.0;36;23;19;18;12;12;13;8;7;7;8;9;12;16
732.0;36;24;19;19;12;12;14;8;7;7;7;8;12;15
738.0;36;25;19;19;12;12;14;9;6;7;7;8;11;15
744.0;36;26;20;19;15;12;14;9;6;7;7;7;11;11
750.0;37;25;20;18;15;11;15;9;7;8;6;8;10;11
756.0;38;25;18;17;15;11;16;9;6;10;5;8;11;11
762.0;39;24;18;17;14;11;18;8;7;9;4;9;10;12
768.0;39;24;19;17;15;11;16;8;8;8;5;9;10;11
774.0;38;24;20;17;15;11;15;7;8;8;7;9;10;11
780.0;39;23;21;17;15;11;16;7;8;7;6;8;10;12
786.0;39;24;21;18;13;11;13;7;7;8;7;9;11;12
792.0;38;23;22;19;12;11;13;7;7;8;7;9;12;12
798.0;38;23;22;19;12;13;12;7;6;9;8;10;9;12
804.0;39;22;22;19;13;13;11;6;7;9;8;9;10;12
810.0;39;23;22;19;14;13;10;6;6;10;9;8;10;11
816.0;40;22;22;18;14;13;12;5;7;11;9;8;10;9
822.0;40;23;22;18;15;12;13;5;6;10;9;7;10;10
828.0;39;23;23;18;15;12;13;5;6;12;10;6;9;9
834.0;38;22;24;18;15;12;13;5;6;12;11;6;9;9
840.0;37;22;23;19;15;12;13;5;6;14;12;6;8;8
846.0;37;23;24;18;15;13;13;5;6;12;12;6;8;8
852.0;36;23;25;17;15;13;13;5;7;12;11;6;8;9
858.0;37;23;26;16;14;13;13;5;7;12;10;6;8;10
864.0;38;24;25;16;14;14;11;5;7;12;10;7;7;10
870.0;36;24;25;15;16;15;10;5;7;13;12;7;4;11
876.0;37;25;27;15;16;15;9;5;7;12;10;7;4;11
882.0;37;27;28;14;16;16;8;5;7;12;10;6;4;10
888.0;37;26;29;14;16;16;8;5;8;11;10;6;4;10
894.0;36;25;29;14;17;16;6;5;8;11;10;7;5;11
900.0;36;25;29;14;17;16;5;6;7;10;11;8;5;11
906.0;36;24;29;13;17;16;5;6;7;12;11;8;5;11
912.0;36;24;29;13;17;15;5;6;8;12;11;7;5;12
918.0;36;24;29;13;17;15;5;7;7;11;11;6;6;13
924.0;36;24;29;13;17;15;6;6;7;11;11;6;6;13
930.0;36;23;30;13;17;15;5;6;8;12;11;6;5;13
936.0;34;24;29;13;16;16;5;6;7;14;10;8;5;13
942.0;33;25;30;11;18;15;4;7;6;15;12;9;3;12
948.0;31;25;30;13;19;15;4;7;6;14;13;10;3;10
954.0;31;25;29;14;19;15;4;7;6;16;14;10;2;8
960.0;31;25;29;14;19;16;4;7;6;17;14;9;1;8
966.0;32;25;28;15;19;17;5;7;7;13;14;9;1;8
972.0;32;25;27;15;19;19;6;8;7;13;13;8;1;7
978.0;29;26;27;16;19;20;6;7;6;13;14;8;1;8
984.0;29;27;28;17;19;20;6;7;5;13;14;7;1;7
990.0;29;27;29;17;19;20;6;7;6;13;13;6;1;7
996.0;28;27;28;18;19;20;6;7;6;15;12;6;1;7
1002.0;29;28;28;17;18;20;5;7;6;14;11;8;2;7
1008.0;30;28;28;18;17;20;6;7;6;12;10;9;2;7
1014.0;29;29;27;20;17;19;6;8;7;10;9;9;3;7
1020.0;29;28;28;21;18;19;6;9;6;9;8;9;3;7
1026.0;29;29;27;21;17;18;6;9;6;9;9;9;4;7
1032.0;29;29;26;22;18;19;7;8;7;9;9;6;4;7
1038.0;29;29;28;19;17;18;8;9;7;9;9;6;4;8
1044.0;29;29;28;19;17;17;8;9;6;9;10;6;4;9
1050.0;29;29;28;20;19;16;8;9;6;9;9;6;4;8
1056.0;30;29;27;19;19;16;8;9;6;9;9;6;4;9
1062.0;30;30;27;20;18;16;7;9;6;9;9;6;4;9
1068.0;29;30;28;20;18;16;7;9;6;8;9;8;4;8
1074.0;29;30;29;19;19;15;7;10;5;8;9;8;4;8
1080.0;28;30;29;19;20;15;7;10;5;9;8;9;4;7
1086.0;29;28;28;20;20;15;8;9;5;10;8;9;4;7
1092.0;28;28;27;19;20;15;9;10;6;9;8;10;4;7
1098.0;28;29;27;17;19;15;10;11;6;9;8;10;5;6
1104.0;29;28;27;17;19;14;11;11;6;8;8;10;6;6
1110.0;29;29;27;18;20;14;10;11;6;7;8;9;6;6
1116.0;28;30;27;19;19;14;10;12;6;7;7;7;8;6
1122.0;30;30;26;18;20;15;10;12;6;6;7;7;7;6
1128.0;31;30;26;18;20;15;10;12;6;6;7;6;7;6
1134.0;31;28;26;18;20;15;11;12;6;6;6;7;7;7
1140.0;31;28;26;19;23;15;10;11;5;6;6;6;7;7
1146.0;31;29;28;21;22;15;10;10;3;6;6;5;7;7
1152.0;31;29;28;21;22;14;11;10;3;6;6;5;7;7
1158.0;31;30;28;21;23;13;11;9;6;6;5;4;7;6
1164.0;31;31;29;19;24;13;11;9;6;6;3;5;7;6
1170.0;32;31;29;19;24;13;10;10;6;6;2;5;7;6
1176.0;31;31;27;19;23;13;12;10;7;7;2;5;7;6
1182.0;31;31;27;19;23;12;12;10;7;8;2;5;6;7
1188.0;29;30;27;20;21;11;13;11;7;9;3;5;7;7
1194.0;30;30;27;20;21;12;12;11;7;7;3;5;8;7
1200.0;30;30;28;20;21;11;10;12;8;7;3;6;8;6
1206.0;31;30;27;20;21;13;10;12;8;4;3;7;8;6
1212.0;31;30;28;19;21;13;10;12;8;4;3;7;8;6
1218.0;31;31;28;18;22;13;9;11;8;3;5;8;9;4
1224.0;33;31;27;18;21;13;9;12;7;3;5;9;7;5
1230.0;34;32;26;18;21;14;9;13;7;2;5;8;6;5
1236.0;35;32;26;18;21;15;9;11;7;2;5;8;6;5
1242.0;36;32;26;20;21;15;7;11;7;2;4;8;6;5
1248.0;37;31;26;20;21;15;7;11;9;1;3;8;6;5
1254.0;36;32;28;22;21;14;7;10;7;1;4;7;7;4
1260.0;36;31;28;22;22;16;7;10;6;1;4;7;7;3
1266.0;36;31;27;23;21;17;6;11;6;1;4;7;7;3
1272.0;36;33;27;23;21;16;7;9;5;1;4;7;8;3
1278.0;35;33;27;22;20;17;7;10;5;1;5;7;8;3
1284.0;35;34;26;22;20;15;8;11;5;2;5;7;8;2
1290.0;33;33;26;23;21;15;8;11;5;2;6;8;8;1
1296.0;34;34;26;24;20;16;8;10;6;1;6;7;6;2
1302.0;33;34;27;23;20;16;7;10;7;1;8;7;5;2
1308.0;32;34;27;23;20;16;7;11;6;1;8;7;6;2
1314.0;32;35;28;23;19;16;6;11;6;1;8;7;6;2
1320.0;32;35;26;24;19;16;6;12;7;1;6;7;7;2
1326.0;33;34;27;24;19;17;6;12;6;0;6;8;6;2
1332.0;34;35;25;24;20;17;6;12;5;0;6;7;7;2
1338.0;35;37;25;23;19;17;6;11;5;2;5;6;6;3
1344.0;35;37;26;24;18;16;6;10;5;2;5;6;7;3
1350.0;35;37;26;23;18;16;6;9;5;3;5;5;7;5
1356.0;35;36;26;22;18;15;6;12;6;3;4;5;7;5
1362.0;36;36;27;21;17;17;6;12;6;2;3;5;7;5
1368.0;37;37;27;21;17;17;6;10;5;2;3;5;7;6
1374.0;37;37;27;21;17;16;6;10;5;3;3;5;6;7
1380.0;37;38;26;22;16;16;6;10;5;3;3;5;7;6
1386.0;36;39;26;22;17;16;5;9;6;3;3;5;7;6
1392.0;36;38;28;22;15;15;6;8;6;4;4;4;8;6
1398.0;36;38;28;20;15;15;7;9;6;4;4;5;8;5
1404.0;36;38;28;19;16;15;7;9;7;4;4;5;7;5
1410.0;36;39;28;20;15;15;7;8;8;4;4;5;7;4
1416.0;37;38;27;20;16;15;6;8;9;4;5;3;8;4
1422.0;37;39;26;20;16;14;6;8;10;3;5;4;7;5
1428.0;35;39;26;20;16;14;6;9;10;4;4;5;7;5
1434.0;35;39;25;20;16;13;6;9;11;4;4;6;7;5
1440.0;36;38;25;20;16;12;6;9;10;5;6;6;6;5
1446.0;36;37;26;20;16;12;5;8;10;6;7;6;6;5
1452.0;35;37;27;19;17;12;6;9;10;4;7;7;7;3
1458.0;35;36;28;19;16;11;7;10;10;4;7;7;7;3
1464.0;34;36;28;19;15;11;6;10;10;5;8;7;8;3
1470.0;34;35;28;19;14;11;5;10;11;6;9;6;9;3
1476.0;35;35;27;19;12;11;4;11;12;6;9;6;9;4
1482.0;35;35;29;20;12;11;5;10;10;5;8;5;9;6
1488.0;35;35;29;20;12;11;4;11;10;5;8;6;8;6
1494.0;37;35;29;20;10;11;4;11;10;4;10;7;7;5
1500.0;37;35;30;20;10;12;3;10;11;4;10;7;7;4
1506.0;37;34;30;19;10;12;4;10;11;3;11;8;7;4
1512.0;37;34;28;18;10;12;4;9;12;3;12;9;8;4
1518.0;36;34;29;17;10;12;4;10;12;3;13;8;8;4
1524.0;37;34;31;16;10;12;5;10;9;3;13;9;7;4
1530.0;37;34;31;15;10;12;5;10;9;3;14;9;7;4
1536.0;38;34;31;13;10;12;6;10;8;4;14;9;7;4
1542.0;38;31;31;14;11;12;6;10;7;4;15;10;7;4
1548.0;37;30;31;13;10;12;6;10;7;5;14;11;8;6
1554.0;38;30;30;12;11;12;7;10;7;6;13;10;8;6
1560.0;39;30;30;12;11;13;8;10;7;6;13;9;8;4
1566.0;39;29;29;12;12;14;9;9;7;5;14;9;8;4
1572.0;39;29;29;13;12;14;8;10;6;5;14;10;7;4
1578.0;38;29;28;12;12;16;9;10;6;6;13;10;7;4
1584.0;39;30;28;12;13;15;8;10;7;6;14;9;6;3
1590.0;40;30;28;11;14;14;7;11;7;7;14;9;5;3
1596.0;41;29;29;11;14;15;5;12;7;6;15;9;4;3
1602.0;41;29;29;11;14;15;5;12;8;6;15;9;4;2
1608.0;41;30;29;11;14;14;5;12;8;6;15;9;4;2
1614.0;40;31;29;11;15;14;6;12;8;5;15;8;4;2
1620.0;41;31;28;12;15;14;5;11;8;5;13;9;3;5
1626.0;43;31;29;12;15;15;4;11;8;4;12;8;3;5
1632.0;43;31;30;12;15;13;4;12;8;3;12;7;4;6
1638.0;44;32;30;13;14;13;5;10;6;3;12;9;3;6
1644.0;43;31;30;12;14;12;6;10;7;3;12;10;4;6
1650.0;43;31;30;12;15;11;6;10;7;3;12;10;5;5
1656.0;43;31;29;12;15;12;5;12;6;6;10;9;5;5
1662.0;42;30;30;12;14;12;6;12;7;5;10;9;6;5
1668.0;43;30;30;13;15;12;6;11;6;5;9;9;5;6
1674.0;41;30;30;12;13;12;5;11;6;6;9;10;8;7
1680.0;40;30;28;11;13;12;7;12;7;6;9;10;7;8
1686.0;40;30;27;11;13;11;8;13;7;6;9;9;7;9
1692.0;39;30;26;11;13;11;7;13;9;6;9;8;9;9
1698.0;39;29;25;11;13;12;6;12;9;7;9;7;9;12
1704.0;38;29;24;11;13;13;6;12;9;7;9;8;9;12
1710.0;38;29;24;11;14;12;6;12;9;8;8;8;9;12
1716.0;37;30;23;11;14;12;7;12;8;7;10;9;8;12
1722.0;37;27;24;12;16;13;6;11;8;7;8;9;8;14
1728.0;37;27;23;12;16;13;6;9;8;7;9;9;9;15
1734.0;37;27;23;13;16;15;7;8;7;7;8;7;9;16
1740.0;38;27;23;14;15;15;7;11;7;8;6;6;7;16
1746.0;38;27;23;13;14;15;6;10;7;9;8;7;7;16
1752.0;37;28;23;15;14;16;5;9;7;9;8;7;7;15
1758.0;38;29;22;15;15;17;4;9;7;7;8;8;7;14
1764.0;37;31;23;15;15;17;4;9;7;7;8;6;6;15
1770.0;36;32;25;15;15;17;4;6;8;6;8;4;7;17
1776.0;35;32;26;15;15;16;3;7;7;6;9;3;9;17
1782.0;35;33;26;14;16;17;3;6;6;6;8;3;10;17
1788.0;35;33;26;14;16;17;3;6;6;6;7;4;10;17
1794.0;35;33;27;13;17;17;3;8;5;6;6;4;9;17
1800.0;36;33;27;14;17;17;2;7;6;7;6;4;8;16
1806.0;35;34;28;12;17;17;2;8;5;7;6;4;9;16
1812.0;34;34;27;13;18;16;3;8;6;7;5;5;9;15
1818.0;35;34;25;14;18;16;3;7;7;7;7;4;9;14
1824.0;35;35;24;15;18;15;3;8;6;7;7;5;8;14
1830.0;34;36;24;13;19;15;5;9;7;8;6;4;7;13
1836.0;34;36;24;13;19;15;5;9;7;8;6;4;7;13
1842.0;33;35;25;12;19;15;5;9;8;8;7;4;7;13
1848.0;33;35;24;13;18;14;6;9;8;8;7;4;7;14
1854.0;33;35;24;13;19;13;6;10;8;8;7;4;6;14
1860.0;32;34;25;13;20;13;6;10;7;8;7;4;7;14
1866.0;30;34;26;14;20;13;6;9;7;8;7;4;7;15
1872.0;30;35;27;15;20;12;7;7;8;10;5;4;6;14
1878.0;30;35;27;15;20;14;7;5;8;9;5;4;7;14
1884.0;30;35;27;14;18;14;8;6;6;9;5;4;8;16
1890.0;31;36;27;13;17;15;8;6;6;9;4;5;8;15
1896.0;31;37;27;13;15;15;9;5;6;9;4;5;9;15
1902.0;31;37;29;14;15;14;8;5;6;9;3;4;9;16
1908.0;30;38;30;13;15;15;7;6;6;9;4;3;9;15
1914.0;30;38;29;13;16;15;7;6;6;9;5;3;9;14
1920.0;30;38;28;13;16;14;7;6;7;10;4;3;9;15
1926.0;30;38;28;13;17;13;6;7;6;9;5;3;10;15
1932.0;30;38;28;13;16;13;5;8;6;10;5;3;11;14
1938.0;30;38;27;14;16;14;5;8;5;10;4;3;12;14
1944.0;30;39;27;13;16;13;5;7;5;11;6;3;11;14
1950.0;29;38;26;13;16;13;5;8;5;11;6;5;11;14
1956.0;29;39;26;13;15;13;5;8;6;11;5;6;10;14
1962.0;28;39;27;13;16;12;5;8;6;11;5;6;10;14
1968.0;30;39;27;12;15;12;6;6;7;10;5;4;12;15
1974.0;30;39;28;12;15;12;6;6;7;10;5;4;12;14
