#auto generated file!
12.0;37;31;34;31;28;29;33;24;24;27;26;25;25;26
18.0;37;30;34;32;28;28;33;26;19;27;27;26;27;26
24.0;37;30;33;31;29;28;35;21;20;28;27;26;28;27
30.0;38;30;34;30;31;28;35;22;19;28;29;24;26;26
36.0;38;31;35;31;29;28;37;23;19;26;28;24;25;26
42.0;39;31;35;32;29;30;36;23;19;26;29;23;23;25
48.0;38;32;37;32;30;30;34;22;19;26;29;23;23;25
54.0;38;35;37;32;30;32;30;22;20;26;28;23;23;24
60.0;37;36;36;32;30;33;29;21;20;27;31;25;22;21
66.0;35;37;36;32;31;36;29;22;21;27;30;24;20;20
72.0;36;38;36;33;31;36;27;22;20;27;31;23;19;21
78.0;37;38;36;35;30;38;24;21;20;27;34;21;20;19
84.0;39;40;36;36;31;40;23;19;20;26;29;23;19;19
90.0;41;41;36;37;31;39;23;19;20;23;29;22;19;20
96.0;41;43;36;38;30;39;23;19;19;22;29;22;18;21
102.0;42;42;39;38;32;41;21;19;16;22;28;22;16;22
108.0;42;42;39;40;31;40;22;19;17;22;27;22;16;21
114.0;41;42;38;40;30;40;22;20;19;23;25;22;16;22
120.0;41;42;36;40;29;40;23;21;20;19;27;25;16;21
126.0;41;44;36;40;30;42;24;21;17;17;27;24;17;20
132.0;43;44;35;40;30;42;25;21;17;17;25;23;17;21
138.0;46;46;35;39;30;41;23;20;18;18;25;21;17;21
144.0;46;49;36;37;30;42;22;19;18;20;25;18;17;21
150.0;47;48;36;33;34;41;22;20;19;19;22;17;18;24
156.0;48;49;36;35;34;43;20;18;18;20;21;15;19;24
162.0;49;52;37;33;35;43;17;19;16;20;19;15;20;25
168.0;49;51;38;34;35;45;17;20;15;19;18;16;19;24
174.0;49;51;37;36;33;46;17;20;16;17;17;16;20;25
180.0;48;51;37;36;34;46;18;20;15;17;16;18;20;24
186.0;52;52;39;34;32;45;19;19;13;18;14;18;20;25
192.0;53;55;39;33;35;45;19;20;12;17;15;17;17;23
198.0;54;55;39;34;34;46;21;19;14;16;15;15;17;21
204.0;54;54;40;34;34;47;18;18;15;17;16;15;17;21
210.0;55;55;41;33;35;49;18;16;17;16;15;15;17;18
216.0;55;56;38;32;36;49;20;17;15;16;13;16;17;20
222.0;59;54;39;31;36;49;23;16;11;16;15;16;18;17
228.0;60;53;39;31;37;48;22;16;10;17;15;15;20;17
234.0;63;52;38;29;37;48;22;16;9;15;16;16;20;19
240.0;65;53;38;30;37;48;19;16;9;15;18;16;17;19
246.0;65;54;38;30;37;49;18;16;9;15;17;17;16;19
252.0;65;54;38;31;36;47;16;15;10;14;17;19;18;20
258.0;66;53;37;31;37;46;15;12;10;16;18;20;19;20
264.0;69;54;34;31;38;45;15;12;9;16;17;21;19;20
270.0;69;52;34;32;38;44;15;13;8;17;17;20;20;21
276.0;70;53;33;31;37;43;15;13;9;17;16;20;20;23
282.0;69;52;33;31;35;44;16;14;9;19;16;19;21;22
288.0;71;53;34;32;35;44;15;13;10;18;14;19;20;22
294.0;70;53;33;31;36;45;16;17;8;15;14;20;21;21
300.0;72;54;32;31;36;45;16;16;8;16;15;18;22;19
306.0;73;56;32;30;37;48;15;15;8;14;15;18;22;17
312.0;74;55;34;30;38;48;14;14;9;14;18;17;19;16
318.0;73;54;34;30;40;47;14;14;9;15;19;17;18;16
324.0;74;53;35;30;39;46;15;14;12;15;18;15;18;16
330.0;70;55;36;31;39;46;14;15;14;15;16;15;17;17
336.0;70;56;35;31;39;48;13;13;16;15;14;15;17;18
342.0;72;54;34;32;39;48;12;15;14;14;14;16;18;18
348.0;73;53;34;32;40;48;11;13;14;15;16;15;17;19
354.0;73;50;33;32;42;49;12;14;13;14;19;13;16;20
360.0;72;49;34;29;41;49;15;15;13;15;17;15;16;20
366.0;73;48;34;28;41;51;14;17;13;15;18;15;14;19
372.0;74;48;34;27;40;52;14;16;14;15;18;16;14;18
378.0;74;46;35;26;40;52;14;16;15;15;17;16;14;20
384.0;73;45;37;27;41;52;12;14;15;16;15;19;15;19
390.0;74;46;36;28;39;51;13;15;12;15;15;21;16;19
396.0;74;45;38;28;39;50;13;15;13;15;14;21;16;19
402.0;73;46;35;27;41;50;14;15;14;14;14;20;17;20
408.0;74;46;37;27;40;50;13;16;14;14;11;21;17;20
414.0;75;46;38;26;40;48;14;16;13;16;10;21;17;20
420.0;75;46;37;27;41;44;15;17;13;17;11;21;18;18
426.0;73;44;38;27;40;44;15;16;14;19;12;21;19;18
432.0;73;44;38;27;41;44;14;16;16;20;12;20;19;16
438.0;71;45;39;27;42;46;16;15;14;19;12;18;21;15
444.0;71;43;39;26;42;44;16;16;15;21;12;19;21;15
450.0;71;44;39;26;41;47;16;14;16;18;13;18;22;15
456.0;71;44;40;26;40;46;16;14;16;19;13;18;22;15
462.0;72;42;41;27;43;46;18;14;15;18;14;17;20;13
468.0;72;43;41;26;43;46;18;13;16;18;15;16;20;13
474.0;72;44;41;27;43;45;17;14;15;18;15;16;20;13
480.0;73;44;41;29;43;43;16;14;15;17;14;15;21;15
486.0;73;44;43;28;44;43;15;13;16;17;14;13;20;17
492.0;74;42;44;29;43;41;16;14;15;15;14;15;20;18
498.0;74;43;45;29;42;39;17;14;15;14;15;16;21;16
504.0;69;44;45;29;43;38;17;14;16;15;15;16;23;16
510.0;68;45;46;29;42;36;19;14;16;14;15;16;24;16
516.0;66;46;45;29;42;37;19;14;17;17;15;15;23;15
522.0;68;46;43;28;41;37;15;17;17;18;17;15;24;14
528.0;68;46;42;29;42;37;15;17;16;19;15;15;23;16
534.0;69;46;43;29;41;36;16;17;16;19;17;14;23;14
540.0;69;46;43;29;40;35;15;17;17;20;17;14;24;14
546.0;68;47;44;29;40;35;16;16;17;20;16;14;24;14
552.0;66;46;46;29;40;35;18;17;16;17;14;16;23;17
558.0;66;47;45;31;39;35;18;15;16;15;16;17;21;19
564.0;65;46;45;32;41;34;19;16;16;15;15;16;22;18
570.0;66;47;46;31;40;32;20;17;14;17;15;15;23;17
576.0;66;48;46;34;37;32;20;17;14;16;16;15;23;16
582.0;66;49;45;31;36;33;23;17;14;13;16;15;26;16
588.0;67;47;47;32;37;33;23;14;14;13;15;16;25;17
594.0;68;47;47;33;36;31;21;15;14;13;14;16;27;18
600.0;69;46;47;34;36;30;19;17;14;14;15;17;25;17
606.0;68;47;46;34;36;32;20;18;16;12;15;17;25;14
612.0;69;46;47;33;37;32;17;21;15;13;14;18;23;15
618.0;70;47;46;33;36;31;18;20;16;14;13;18;23;15
624.0;70;47;46;34;36;33;17;18;17;13;15;17;23;14
630.0;71;48;45;33;34;33;17;19;17;12;16;18;22;15
636.0;71;49;43;34;34;34;18;17;15;12;17;17;22;17
642.0;72;50;43;34;33;36;18;19;14;13;14;17;22;15
648.0;73;50;44;37;33;36;19;18;11;13;14;17;22;13
654.0;73;50;46;39;33;35;19;17;10;12;15;16;20;15
660.0;71;50;46;40;32;36;18;15;12;12;14;18;19;17
666.0;70;48;46;40;33;37;20;16;11;12;14;16;19;18
672.0;70;48;46;40;33;37;20;16;12;12;15;16;17;18
678.0;70;48;49;39;31;38;19;19;14;9;14;16;17;17
684.0;69;47;51;39;30;38;21;18;14;10;12;19;18;14
690.0;70;47;51;39;30;38;21;20;14;11;12;17;16;14
696.0;72;45;49;39;29;39;20;20;12;11;14;19;17;14
702.0;72;46;47;39;30;39;20;20;12;11;14;19;17;14
708.0;70;47;47;39;29;40;20;20;12;11;14;21;16;14
714.0;70;47;47;38;29;40;18;20;12;10;14;21;18;16
720.0;69;48;46;38;31;39;15;17;13;11;14;22;18;19
726.0;70;47;46;37;32;41;15;15;15;12;13;20;18;19
732.0;69;46;46;38;31;41;13;16;15;13;14;20;19;19
738.0;68;44;47;37;34;41;12;16;17;12;14;20;20;18
744.0;68;44;47;36;34;42;14;13;15;12;16;20;20;19
750.0;67;44;46;37;35;41;17;12;15;12;18;21;19;16
756.0;67;44;43;38;36;43;16;12;14;12;19;21;21;14
762.0;67;44;43;38;37;44;16;10;14;13;18;21;21;14
768.0;67;43;43;38;37;44;16;10;15;14;18;20;21;14
774.0;67;43;45;37;37;42;15;10;17;15;19;17;20;16
780.0;68;42;46;38;34;42;18;10;15;15;18;17;20;17
786.0;67;43;46;38;34;41;18;10;16;14;17;18;21;17
792.0;67;44;46;36;33;40;18;13;16;16;17;17;21;16
798.0;68;44;46;36;33;41;19;13;15;14;16;18;21;16
804.0;67;44;46;36;33;40;19;12;18;13;16;19;19;18
810.0;66;45;47;37;32;39;20;13;19;13;15;20;17;17
816.0;68;42;47;39;32;40;19;13;17;14;13;21;19;16
822.0;68;43;45;39;31;40;20;13;18;16;12;21;17;17
828.0;67;44;43;39;32;38;20;12;18;16;14;22;17;18
834.0;67;43;41;41;32;42;16;13;18;16;12;22;18;19
840.0;66;44;41;43;32;42;18;14;15;15;13;18;20;19
846.0;66;43;42;44;32;41;20;13;16;16;12;18;18;19
852.0;67;44;43;46;29;40;20;13;16;16;13;15;18;20
858.0;67;44;43;45;29;38;20;13;18;16;13;16;18;20
864.0;67;44;43;44;29;37;21;13;18;16;12;16;20;20
870.0;67;44;44;44;29;37;20;15;17;17;13;15;19;19
876.0;66;44;45;43;29;37;20;16;16;17;15;15;19;18
882.0;66;45;41;43;29;38;19;16;15;18;12;14;26;18
888.0;67;45;42;39;30;38;20;14;16;20;14;14;23;18
894.0;67;45;40;40;30;39;18;14;14;17;14;17;25;20
900.0;66;47;41;37;29;39;22;14;14;17;12;16;27;19
906.0;65;47;41;37;28;40;22;14;14;18;13;18;24;19
912.0;65;47;41;37;30;38;23;14;14;20;13;16;23;19
918.0;65;47;41;38;30;38;22;13;17;19;12;16;24;18
924.0;66;48;38;38;31;37;22;13;18;18;11;19;24;17
930.0;68;49;39;37;32;36;22;13;18;17;12;19;23;15
936.0;68;50;39;37;31;35;21;13;18;18;13;20;22;15
942.0;68;51;39;38;33;35;19;12;16;18;13;21;22;15
948.0;68;51;39;37;33;35;19;13;15;20;13;21;20;16
954.0;70;49;38;38;33;34;19;13;16;18;13;22;20;17
960.0;72;48;38;38;33;35;17;13;17;19;13;22;20;15
966.0;71;48;37;40;31;35;18;13;19;19;12;22;20;15
972.0;70;49;38;43;33;34;20;13;20;18;11;21;16;14
978.0;71;50;38;42;33;35;20;13;20;17;11;21;16;13
984.0;71;50;39;40;33;35;19;14;21;16;11;19;18;14
990.0;70;50;39;41;33;34;18;14;20;18;12;20;17;14
996.0;70;50;39;40;35;33;16;14;19;16;14;18;20;16
1002.0;71;51;40;41;36;34;15;14;17;14;12;19;19;17
1008.0;71;51;39;41;35;35;15;13;19;13;12;18;21;17
1014.0;71;51;40;41;35;35;16;14;18;14;11;17;21;16
1020.0;71;51;40;40;35;35;16;15;18;14;11;19;21;14
1026.0;71;52;40;40;36;35;16;15;15;14;12;19;21;14
1032.0;72;53;40;42;37;35;16;15;13;16;11;19;19;12
1038.0;74;52;39;41;36;36;17;15;14;15;10;20;19;12
1044.0;74;54;39;38;36;38;16;12;15;16;10;20;20;12
1050.0;73;54;40;35;36;39;16;13;13;15;13;21;20;12
1056.0;74;54;41;36;38;38;15;13;13;15;12;20;19;12
1062.0;75;54;42;38;38;37;15;12;12;13;11;20;20;13
1068.0;75;54;42;35;37;39;17;12;13;14;12;20;17;13
1074.0;74;55;42;34;38;40;17;13;13;14;13;19;16;12
1080.0;74;56;43;34;38;41;17;12;12;13;12;21;15;12
1086.0;74;56;43;34;39;41;17;12;12;13;11;21;14;13
1092.0;75;54;43;33;39;37;18;17;13;11;12;20;13;15
1098.0;75;56;43;33;39;36;15;18;14;11;12;19;13;16
1104.0;75;56;44;34;42;35;15;15;14;11;12;18;13;16
1110.0;74;57;43;34;42;35;15;17;14;11;10;18;14;16
1116.0;76;58;43;33;42;34;17;16;14;10;10;18;13;16
1122.0;74;57;44;33;41;36;17;16;13;10;10;18;14;17
1128.0;76;58;46;34;41;37;16;14;13;8;10;14;15;18
1134.0;77;58;46;33;41;37;16;15;13;6;10;12;17;19
1140.0;75;60;46;33;39;37;16;17;13;6;12;10;18;18
1146.0;75;60;47;33;39;40;15;18;12;6;12;9;17;17
1152.0;73;58;46;35;39;40;15;19;12;7;14;8;17;17
1158.0;73;60;47;35;40;37;15;18;12;7;13;9;17;17
1164.0;72;60;49;35;39;38;14;19;10;7;13;10;17;17
1170.0;72;60;48;38;39;37;15;19;11;7;9;11;18;16
1176.0;73;61;48;38;37;38;14;20;11;8;10;10;15;17
1182.0;72;62;48;37;38;35;12;22;10;10;11;12;14;17
1188.0;72;63;47;37;40;35;13;20;9;10;12;12;14;16
1194.0;73;64;47;37;38;36;13;20;9;11;12;12;13;15
1200.0;74;66;46;37;38;35;11;19;9;12;13;11;13;16
1206.0;74;65;45;37;38;37;10;19;10;13;13;11;12;16
1212.0;75;66;43;39;36;36;9;18;10;15;16;10;11;16
1218.0;75;67;43;39;37;37;9;16;10;14;17;11;10;15
1224.0;75;65;44;39;37;38;8;16;10;14;18;10;11;15
1230.0;74;66;44;39;35;39;9;16;11;12;18;10;10;17
1236.0;73;66;45;40;36;38;8;15;11;11;19;11;11;16
1242.0;71;66;44;41;35;38;9;15;10;11;21;11;12;16
1248.0;73;65;45;41;33;36;10;15;10;11;21;11;13;16
1254.0;73;64;45;42;33;36;9;16;9;11;23;11;13;15
1260.0;72;65;45;43;34;36;10;17;10;11;22;9;12;14
1266.0;72;66;45;45;34;33;10;17;11;11;22;9;12;13
1272.0;71;67;44;44;35;34;11;17;12;11;22;7;12;13
1278.0;69;66;44;46;38;33;11;17;13;12;21;7;12;11
1284.0;69;64;42;46;37;32;13;18;13;13;22;7;12;12
1290.0;69;63;41;45;38;33;15;19;12;12;22;6;12;13
1296.0;70;63;39;46;38;33;14;19;13;11;23;7;11;13
1302.0;68;63;40;45;39;34;13;18;13;10;24;8;11;14
1308.0;67;61;41;44;41;34;15;18;15;11;22;8;10;13
1314.0;69;61;40;45;41;35;13;18;15;11;22;7;10;13
1320.0;70;61;41;44;42;35;12;19;16;10;19;7;11;13
1326.0;71;61;41;44;40;35;13;20;17;9;16;8;12;13
1332.0;68;61;42;44;40;36;14;20;16;9;15;11;12;12
1338.0;71;60;43;40;40;38;14;19;16;11;14;11;12;11
1344.0;70;60;44;38;39;39;15;20;14;12;12;14;13;10
1350.0;69;60;45;38;37;40;14;18;15;11;13;15;15;10
1356.0;69;60;46;36;37;40;14;20;14;13;12;16;15;8
1362.0;70;60;46;38;38;41;15;20;13;12;12;16;12;7
1368.0;73;60;46;39;38;43;13;22;10;11;13;14;11;7
1374.0;74;60;48;38;36;45;12;24;10;12;11;12;11;7
1380.0;72;59;50;38;36;45;13;23;10;12;12;12;11;7
1386.0;72;60;49;37;38;43;13;22;12;12;11;12;12;7
1392.0;71;60;47;37;39;43;13;23;10;14;13;12;11;7
1398.0;73;60;46;37;38;44;13;22;10;14;14;12;11;6
1404.0;72;61;46;39;36;44;13;21;10;15;14;12;11;6
1410.0;72;61;47;39;35;42;12;21;11;14;14;12;13;7
1416.0;72;61;48;39;35;42;12;20;11;14;14;11;14;7
1422.0;70;61;47;37;38;43;12;18;11;13;14;13;13;10
1428.0;67;60;47;37;42;43;12;18;12;12;13;13;13;11
1434.0;68;60;47;37;42;42;11;17;12;12;12;13;15;12
1440.0;66;60;46;37;43;41;12;17;12;13;12;12;15;14
1446.0;66;60;46;36;44;41;11;18;13;13;13;11;15;13
1452.0;64;56;44;37;44;42;12;20;16;12;13;12;14;14
1458.0;62;56;45;38;44;41;11;19;18;13;11;13;15;14
1464.0;63;56;48;39;43;41;10;19;16;11;11;13;15;15
1470.0;64;57;48;39;43;40;10;18;18;12;11;12;15;13
1476.0;63;56;48;39;43;42;11;17;17;12;11;14;14;13
1482.0;64;55;48;39;43;41;11;17;16;13;11;14;14;14
1488.0;64;55;48;37;44;40;9;16;17;13;11;15;16;15
1494.0;64;55;47;37;43;40;9;17;17;13;12;15;16;15
1500.0;62;56;46;38;41;40;9;17;17;13;13;15;16;17
1506.0;60;58;48;38;39;40;10;15;17;13;14;15;16;17
1512.0;60;59;49;38;40;40;11;15;17;11;15;13;17;15
1518.0;60;61;49;35;39;43;11;17;17;10;15;13;15;15
1524.0;60;61;50;36;39;41;10;19;17;10;15;13;14;15
1530.0;60;62;49;36;39;40;10;20;16;11;13;14;15;15
1536.0;60;60;49;35;39;41;10;20;14;13;13;14;15;17
1542.0;60;62;49;32;39;40;10;20;13;15;12;14;17;17
1548.0;57;62;49;33;39;40;12;21;12;16;12;13;16;18
1554.0;59;61;50;35;40;40;9;22;12;14;13;13;14;18
1560.0;58;59;51;37;42;41;10;19;14;13;12;11;13;20
1566.0;58;59;51;38;40;41;13;18;14;13;11;11;13;20
1572.0;58;60;52;37;40;43;12;18;13;13;10;11;12;21
1578.0;59;59;53;35;39;42;12;19;15;13;9;12;13;20
1584.0;58;61;54;33;40;41;11;19;16;14;11;11;12;19
1590.0;58;60;52;33;42;41;10;17;18;16;11;11;9;22
1596.0;62;59;53;31;42;40;11;18;16;16;10;12;10;20
1602.0;61;59;53;31;43;40;11;18;17;14;10;13;10;20
1608.0;59;58;53;32;47;39;9;17;18;14;11;13;10;20
1614.0;59;55;52;33;46;39;10;17;21;11;13;13;10;21
1620.0;62;56;51;33;46;39;11;16;18;11;14;15;7;21
1626.0;63;56;51;32;45;38;11;15;18;10;16;16;7;22
1632.0;62;58;51;32;46;37;11;14;17;10;17;16;7;22
1638.0;61;57;51;34;47;37;10;14;18;10;16;17;7;21
1644.0;61;57;48;34;48;36;9;14;18;14;16;19;5;21
1650.0;61;59;48;34;47;35;9;11;19;15;17;18;7;20
1656.0;63;59;47;36;47;35;8;9;18;16;16;18;7;21
1662.0;60;59;48;37;47;36;9;9;18;15;16;17;8;21
1668.0;61;58;49;38;47;37;9;9;18;15;16;15;9;19
1674.0;60;58;49;36;45;40;10;9;18;14;17;16;10;18
1680.0;61;59;49;38;44;39;11;9;18;14;15;15;10;18
1686.0;59;58;49;34;47;40;11;9;17;16;17;15;9;19
1692.0;58;60;46;34;48;40;11;9;15;18;18;14;9;20
1698.0;58;61;46;34;47;40;11;9;12;18;18;17;10;19
1704.0;58;59;47;35;48;40;11;10;12;18;18;17;10;17
1710.0;59;58;47;35;48;38;11;10;15;18;16;17;11;17
1716.0;59;57;45;35;47;38;11;11;17;16;15;19;12;18
1722.0;57;57;44;33;49;39;9;12;17;17;13;19;13;21
1728.0;57;57;44;33;49;38;10;11;17;16;14;19;15;20
1734.0;56;58;45;36;49;39;10;10;15;16;14;18;15;19
1740.0;56;59;49;37;48;39;10;7;13;17;17;17;14;17
1746.0;58;59;48;38;49;36;11;5;13;20;16;18;12;17
1752.0;60;60;48;37;49;36;11;4;15;22;15;16;12;15
1758.0;61;60;47;34;51;36;12;5;13;19;16;18;13;15
1764.0;61;60;46;34;51;36;13;6;12;19;15;18;13;16
1770.0;60;61;45;33;53;37;12;6;13;17;17;18;13;15
1776.0;59;61;43;34;53;37;13;6;14;17;18;17;13;15
1782.0;59;59;44;33;55;37;13;5;14;16;20;17;13;15
1788.0;60;58;46;33;52;38;13;4;16;16;19;17;13;15
1794.0;60;58;47;34;52;38;12;3;15;19;17;16;14;15
1800.0;60;60;46;34;49;39;12;4;15;19;16;16;14;16
1806.0;60;60;45;33;50;40;12;5;15;17;14;16;16;17
1812.0;61;60;46;32;50;41;13;6;14;15;13;16;15;18
1818.0;62;60;46;32;50;42;12;4;14;15;13;16;15;19
1824.0;61;60;48;32;49;43;12;4;13;16;12;17;15;18
1830.0;62;59;48;31;50;43;13;4;13;15;13;17;16;16
1836.0;62;61;48;30;50;44;13;5;11;13;13;16;18;16
1842.0;62;59;49;32;51;45;13;5;11;14;12;15;16;16
1848.0;59;59;51;29;49;45;13;6;12;13;13;16;18;17
1854.0;59;58;51;29;49;44;13;7;13;14;13;15;19;16
1860.0;60;57;51;29;48;46;11;7;13;16;14;15;16;17
1866.0;60;57;49;29;49;47;11;7;12;16;13;15;18;17
1872.0;61;57;49;28;48;46;9;10;15;17;12;15;18;15
1878.0;62;57;48;28;47;46;8;9;16;17;14;15;19;14
1884.0;62;55;45;27;46;45;9;10;15;19;15;16;23;13
1890.0;62;55;45;27;47;45;9;9;15;20;12;16;26;12
1896.0;58;55;46;26;48;44;10;11;13;22;14;14;27;12
1902.0;58;56;43;26;45;45;10;11;14;22;15;14;27;14
1908.0;57;54;42;24;44;48;11;12;15;23;13;16;28;13
1914.0;58;54;43;24;45;46;13;13;13;20;12;17;28;14
1920.0;59;54;41;24;45;46;12;13;14;18;15;17;27;15
1926.0;58;57;41;26;44;45;14;12;14;17;11;18;29;14
1932.0;57;58;42;25;41;45;14;10;17;17;12;18;29;15
1938.0;60;57;42;25;40;45;15;10;17;19;10;19;28;13
1944.0;61;57;43;26;41;44;16;11;16;19;10;20;24;12
1950.0;60;59;43;25;43;42;14;13;14;20;11;20;24;12
1956.0;59;59;44;26;42;44;14;13;14;20;10;20;23;12
1962.0;61;59;46;25;42;44;16;14;14;18;10;19;19;13
1968.0;60;59;46;23;42;45;16;14;15;18;11;19;20;12
1974.0;60;58;47;23;43;45;15;14;13;18;12;19;20;13
