#auto generated file!
12.0;39;41;35;40;46;33;37;46;48;38;52;42;59;44
18.0;40;42;35;41;44;35;36;44;49;36;52;42;59;45
24.0;42;44;38;43;46;36;39;41;46;35;48;41;57;44
30.0;43;47;37;43;48;39;39;42;44;34;45;42;55;42
36.0;45;47;40;42;47;39;41;43;39;36;44;43;54;40
42.0;45;47;38;43;49;41;38;42;39;38;44;41;55;40
48.0;48;50;38;44;51;42;39;40;35;35;44;37;56;41
54.0;50;50;40;42;53;45;37;40;35;36;41;36;53;42
60.0;49;50;41;44;53;45;37;43;36;33;41;34;52;42
66.0;51;49;39;45;53;50;35;42;38;31;40;32;52;43
72.0;52;51;39;45;53;48;38;42;39;29;38;31;50;45
78.0;55;54;39;45;55;47;39;42;37;26;38;32;47;44
84.0;55;54;41;43;57;48;37;42;35;27;38;32;44;47
90.0;53;55;42;43;58;52;36;42;36;26;37;32;42;46
96.0;55;58;43;45;55;50;36;40;32;29;37;30;43;47
102.0;56;60;44;47;56;49;36;37;31;28;39;32;40;45
108.0;57;60;44;47;57;49;35;37;31;29;37;32;39;46
114.0;58;60;45;49;55;49;36;36;33;27;37;33;34;48
120.0;58;59;45;52;55;49;37;36;33;27;33;33;35;48
126.0;60;58;47;52;54;49;35;36;36;27;32;34;30;50
132.0;62;60;48;50;52;50;35;35;36;29;28;32;34;49
138.0;62;60;48;49;52;50;37;36;39;33;27;30;32;45
144.0;64;60;49;49;50;52;36;36;38;31;28;30;31;46
150.0;65;60;47;53;51;53;33;36;33;31;30;30;32;46
156.0;64;59;47;54;54;54;31;35;34;29;32;27;31;49
162.0;66;60;49;54;53;52;31;35;34;28;33;26;31;48
168.0;67;60;49;55;53;52;30;34;34;27;32;29;33;45
174.0;66;61;50;53;52;52;29;35;35;24;32;30;36;45
180.0;65;61;52;53;52;55;31;34;34;24;30;31;35;43
186.0;66;61;51;52;53;53;30;36;34;25;28;30;38;43
192.0;67;65;51;51;57;53;29;34;34;23;28;31;36;41
198.0;70;64;51;51;57;54;29;33;33;22;29;33;34;40
204.0;72;65;51;50;57;54;28;33;34;23;28;30;34;41
210.0;72;66;52;51;56;54;27;30;36;23;27;30;33;43
216.0;72;66;51;50;56;54;29;32;37;23;27;31;29;43
222.0;71;67;50;49;54;56;30;34;37;20;27;33;28;44
228.0;70;69;51;48;55;58;30;35;34;19;27;34;27;43
234.0;73;73;50;48;58;57;31;32;32;21;23;35;28;39
240.0;73;73;49;49;59;57;30;30;32;22;22;38;28;38
246.0;73;77;49;47;58;58;29;31;32;23;21;37;25;40
252.0;74;78;48;50;57;57;30;31;31;25;21;35;26;37
258.0;78;78;48;49;57;57;32;28;31;22;20;37;26;37
264.0;79;77;49;51;60;59;33;28;27;20;21;37;22;37
270.0;80;77;49;53;62;60;31;27;29;21;21;38;18;34
276.0;81;77;49;53;62;60;31;26;30;23;22;36;17;33
282.0;81;75;52;53;63;63;29;24;29;22;21;34;21;33
288.0;82;76;53;53;64;62;28;25;28;22;21;31;21;34
294.0;83;75;53;54;65;61;28;25;27;21;21;32;22;33
300.0;83;77;56;56;62;58;32;24;27;22;21;28;22;32
306.0;85;78;56;54;63;58;29;24;26;23;23;26;23;32
312.0;85;81;54;54;62;56;27;24;26;23;26;29;22;31
318.0;84;80;54;55;62;57;28;25;27;25;23;29;21;30
324.0;85;79;55;54;63;58;27;26;25;23;25;28;21;31
330.0;84;78;55;58;60;58;28;24;25;26;25;27;21;31
336.0;84;79;55;56;60;60;26;24;23;26;28;28;21;30
342.0;85;79;53;57;57;60;28;23;25;25;28;27;25;28
348.0;85;82;53;56;57;59;28;22;28;27;25;26;25;27
354.0;85;80;53;58;56;60;28;20;28;28;28;25;25;26
360.0;85;82;53;58;54;63;27;19;29;29;27;24;26;24
366.0;87;83;54;56;55;62;26;20;25;31;28;23;25;25
372.0;86;85;54;54;57;63;28;18;24;30;27;25;23;26
378.0;87;86;55;54;57;62;28;17;26;29;29;22;23;25
384.0;89;87;56;52;57;62;27;17;27;29;29;19;24;25
390.0;89;87;57;55;57;62;28;18;26;28;25;20;23;25
396.0;89;88;55;56;60;62;28;19;26;27;24;18;25;23
402.0;89;90;55;56;61;62;27;19;24;26;25;19;26;21
408.0;89;90;54;58;61;61;28;19;24;25;26;18;26;21
414.0;89;89;54;58;64;63;30;18;24;25;26;17;26;17
420.0;89;92;50;60;64;60;31;20;26;24;26;17;24;17
426.0;89;94;47;57;64;60;30;21;25;24;27;19;23;20
432.0;87;96;47;60;63;62;29;22;22;24;27;18;22;21
438.0;91;98;45;57;64;57;29;21;22;23;29;19;23;22
444.0;93;99;45;57;61;54;28;22;20;24;30;19;25;23
450.0;93;100;43;58;60;54;26;22;20;26;29;18;27;24
456.0;95;100;45;59;58;52;27;20;20;25;32;18;27;22
462.0;95;104;45;58;59;53;28;19;18;24;31;18;29;19
468.0;97;103;45;57;62;50;29;19;20;21;29;18;31;19
474.0;99;102;44;59;60;50;28;19;19;18;28;20;34;20
480.0;102;99;46;58;59;49;30;19;19;19;28;20;33;19
486.0;103;101;47;58;61;48;31;19;17;17;30;16;33;19
492.0;104;101;49;56;60;49;32;19;17;19;29;16;30;19
498.0;103;101;50;57;60;49;31;17;19;19;29;16;30;19
504.0;103;101;50;58;60;51;30;16;19;19;29;17;28;19
510.0;102;103;49;60;63;50;28;16;19;19;27;16;27;21
516.0;101;104;52;59;62;50;30;16;18;18;26;16;27;21
522.0;96;102;52;59;62;47;30;18;18;20;30;16;28;22
528.0;98;102;52;59;63;46;31;18;19;18;28;15;28;23
534.0;98;102;51;57;62;47;32;18;17;18;27;16;31;24
540.0;97;101;51;57;63;46;34;18;17;18;27;16;31;24
546.0;99;103;52;56;65;44;31;16;17;17;30;16;30;24
552.0;98;102;52;56;66;43;32;15;16;17;31;16;30;26
558.0;97;104;50;57;65;43;34;16;13;17;31;16;30;27
564.0;98;107;49;55;66;44;32;16;15;16;31;16;29;26
570.0;98;105;50;55;65;47;30;18;15;16;31;15;30;25
576.0;97;107;51;52;65;47;31;19;15;15;29;14;32;26
582.0;96;105;52;54;65;49;29;19;15;16;27;15;32;26
588.0;95;104;52;52;65;48;29;20;16;14;29;15;35;26
594.0;94;104;52;52;67;49;31;19;16;15;28;15;33;25
600.0;93;104;51;54;65;48;29;18;14;17;30;17;36;24
606.0;92;105;53;52;67;45;28;19;15;18;29;21;35;21
612.0;91;105;54;52;67;46;24;19;18;17;30;21;34;22
618.0;90;105;53;52;68;46;23;19;18;16;30;22;36;22
624.0;92;103;54;51;69;47;24;18;16;16;28;22;37;23
630.0;90;104;55;49;71;48;22;20;16;17;27;22;37;22
636.0;92;103;54;44;71;49;22;22;20;17;25;23;36;22
642.0;91;106;55;44;72;50;21;21;20;17;24;23;35;21
648.0;91;106;56;42;73;51;18;23;20;17;24;25;34;20
654.0;95;108;55;41;73;51;16;23;20;17;25;23;33;20
660.0;94;107;54;43;72;49;15;21;19;18;25;26;36;21
666.0;95;108;53;45;70;46;17;23;19;16;25;25;36;22
672.0;94;106;50;45;70;47;18;23;20;16;26;23;38;24
678.0;95;104;49;45;76;48;17;24;18;16;25;23;36;24
684.0;94;101;48;44;77;51;18;22;19;16;24;22;41;23
690.0;96;100;47;44;78;51;19;22;19;15;24;22;42;21
696.0;95;100;47;43;78;53;19;23;20;16;22;19;44;21
702.0;93;100;49;43;76;53;23;24;20;17;22;19;41;20
708.0;94;102;48;43;76;52;25;24;17;20;22;18;38;21
714.0;95;102;45;42;76;53;23;23;20;20;24;18;38;21
720.0;97;103;47;41;77;54;22;23;20;20;19;19;36;22
726.0;94;101;51;41;79;52;24;23;19;22;16;20;37;21
732.0;95;101;49;41;78;51;26;21;20;22;19;23;35;19
738.0;93;102;49;42;77;50;25;22;20;23;19;25;34;19
744.0;94;102;49;42;78;51;24;22;20;24;19;25;32;18
750.0;95;103;50;42;77;51;23;22;19;24;20;25;31;18
756.0;97;104;49;43;76;53;23;21;22;20;20;26;29;17
762.0;97;102;47;46;76;51;22;17;24;23;22;28;27;18
768.0;97;99;49;45;76;51;21;18;25;21;23;30;28;17
774.0;99;99;49;44;74;53;21;17;23;21;23;30;29;18
780.0;99;97;51;45;73;54;21;20;23;19;24;30;28;16
786.0;97;100;51;45;73;53;22;20;25;18;24;29;27;16
792.0;96;99;53;45;74;52;24;21;27;15;21;28;29;16
798.0;98;99;53;45;72;53;24;20;27;15;21;27;31;15
804.0;95;99;55;46;73;53;20;23;26;14;22;25;35;14
810.0;96;98;56;47;72;53;21;25;25;14;20;25;34;14
816.0;95;98;54;50;71;54;22;26;25;15;17;24;34;15
822.0;96;97;56;50;70;54;19;26;25;18;18;23;34;14
828.0;94;97;54;51;71;53;19;26;26;17;20;23;35;14
834.0;94;97;53;52;72;51;18;26;26;18;21;23;34;15
840.0;96;95;51;53;71;50;19;24;28;18;22;24;32;17
846.0;96;95;51;55;69;49;19;25;29;18;21;23;32;18
852.0;98;95;51;54;70;50;22;22;30;17;22;22;32;15
858.0;97;91;52;56;68;50;21;23;32;15;23;23;32;17
864.0;96;88;51;54;67;51;20;24;34;15;24;23;34;19
870.0;97;87;52;52;63;57;20;24;34;16;25;19;33;21
876.0;97;87;52;54;63;57;20;25;32;16;25;18;32;22
882.0;95;84;56;54;63;56;22;24;30;19;25;18;31;23
888.0;95;85;55;54;62;56;22;24;31;20;26;19;31;20
894.0;98;85;55;54;65;54;22;23;31;19;26;20;26;22
900.0;99;88;55;53;66;55;19;24;31;16;28;18;26;22
906.0;97;89;54;54;68;54;21;24;31;17;30;17;23;21
912.0;100;88;53;54;69;54;23;18;32;18;31;17;23;20
918.0;99;89;55;54;71;52;21;20;32;15;31;16;23;22
924.0;102;88;53;56;72;55;20;17;31;17;29;15;24;21
930.0;103;91;54;55;73;54;17;16;31;16;28;21;21;20
936.0;102;92;54;55;74;52;17;18;30;17;27;22;20;20
942.0;99;92;54;55;73;52;19;19;29;17;27;21;22;21
948.0;96;93;54;58;74;54;20;17;28;17;26;21;22;20
954.0;98;93;53;58;70;56;19;19;28;16;27;22;21;20
960.0;98;95;53;55;69;55;20;22;29;17;27;23;19;18
966.0;98;97;55;52;68;52;19;27;29;18;27;25;17;16
972.0;98;96;54;52;66;53;17;25;34;18;29;26;19;13
978.0;101;100;56;52;62;53;20;25;33;17;27;25;17;12
984.0;103;99;54;51;62;56;21;27;31;18;25;26;17;10
990.0;105;99;53;49;63;54;21;29;30;17;24;28;18;10
996.0;103;98;54;51;64;54;21;27;28;18;24;28;19;11
1002.0;101;99;55;53;60;54;19;27;29;18;24;32;16;13
1008.0;101;98;54;54;63;54;20;23;30;18;24;33;15;13
1014.0;102;96;51;57;65;56;20;19;31;18;24;32;16;13
1020.0;100;94;53;59;65;55;20;19;32;19;23;31;16;14
1026.0;101;94;57;61;66;52;21;16;34;18;20;31;15;14
1032.0;100;92;56;61;65;52;20;17;35;17;23;32;16;14
1038.0;98;90;54;60;67;53;21;18;35;18;24;31;18;13
1044.0;100;91;57;55;67;53;22;19;34;18;22;30;17;15
1050.0;99;91;59;55;67;54;21;19;36;20;19;28;16;16
1056.0;99;92;59;54;67;55;21;18;37;20;18;28;17;15
1062.0;99;94;57;51;67;56;21;17;35;18;21;29;17;18
1068.0;100;93;56;50;66;58;20;19;37;19;19;28;17;18
1074.0;102;94;58;49;66;57;18;20;37;19;20;27;17;16
1080.0;103;94;58;47;67;57;18;22;35;19;21;28;15;16
1086.0;103;95;59;50;67;59;18;22;33;19;19;27;15;14
1092.0;103;94;58;52;65;60;20;22;34;18;19;26;15;14
1098.0;104;94;58;52;65;60;22;18;34;17;20;27;15;14
1104.0;105;95;58;52;64;61;23;20;30;15;20;28;15;14
1110.0;105;94;56;52;66;64;22;19;27;15;20;27;17;16
1116.0;104;95;55;54;65;63;23;18;26;16;20;26;18;17
1122.0;104;96;54;55;64;63;24;17;26;14;18;29;19;17
1128.0;103;96;55;58;64;58;23;17;25;13;19;30;22;17
1134.0;103;96;55;57;64;58;22;20;25;13;16;30;23;18
1140.0;104;95;56;56;64;58;19;20;25;12;17;30;24;20
1146.0;104;94;58;57;65;57;20;19;25;14;16;30;22;19
1152.0;104;94;57;56;66;56;20;19;27;15;16;30;23;17
1158.0;104;93;57;57;65;57;20;21;26;15;18;30;23;14
1164.0;104;93;59;54;64;57;21;20;28;15;18;28;24;15
1170.0;103;92;59;53;65;56;22;18;28;16;20;27;25;16
1176.0;101;96;58;53;63;57;20;17;28;15;21;28;25;18
1182.0;104;94;58;52;63;55;21;16;27;15;21;29;26;19
1188.0;102;93;58;52;64;55;22;15;26;14;22;31;25;21
1194.0;102;92;59;52;65;56;24;16;27;15;19;28;23;22
1200.0;102;90;59;51;64;53;26;16;27;16;20;28;24;24
1206.0;101;92;58;52;61;55;25;18;26;16;19;29;24;24
1212.0;101;94;60;52;61;54;24;18;26;18;18;28;22;24
1218.0;100;94;63;54;60;56;23;18;26;19;19;24;21;23
1224.0;100;93;63;55;59;56;23;21;26;18;21;25;19;21
1230.0;103;90;62;54;59;56;23;22;28;18;21;25;17;22
1236.0;104;90;63;55;59;55;20;22;28;18;22;23;19;22
1242.0;101;91;61;55;60;55;19;23;29;19;23;24;18;22
1248.0;101;92;60;55;59;53;22;23;25;19;26;26;19;20
1254.0;103;94;59;58;57;54;22;22;22;21;26;25;20;17
1260.0;102;94;59;59;57;55;23;21;19;21;25;26;22;17
1266.0;101;95;59;59;57;53;21;22;20;21;25;26;24;17
1272.0;102;94;57;61;57;55;20;21;20;21;24;26;24;18
1278.0;101;95;56;61;56;53;20;22;20;21;24;26;25;20
1284.0;100;95;57;61;55;54;19;23;19;22;23;26;28;18
1290.0;101;94;58;62;55;54;20;19;18;23;25;24;31;16
1296.0;103;92;61;62;55;54;18;19;19;24;27;23;25;18
1302.0;102;91;62;60;55;53;18;20;19;24;28;25;25;18
1308.0;103;90;63;58;54;54;18;21;19;24;29;25;24;18
1314.0;103;93;64;57;55;55;22;21;18;22;26;24;24;16
1320.0;104;92;66;56;55;54;24;20;17;23;23;24;24;18
1326.0;103;92;69;57;53;55;23;21;15;21;24;23;25;19
1332.0;102;89;68;56;54;58;23;22;14;21;25;24;26;18
1338.0;103;86;68;55;52;59;20;20;18;24;26;23;28;18
1344.0;102;86;71;56;54;57;21;18;18;22;26;23;28;18
1350.0;104;86;69;56;53;58;22;20;20;19;25;22;27;19
1356.0;104;86;66;58;54;57;21;19;21;20;26;22;25;21
1362.0;106;87;65;59;53;55;21;20;22;18;26;23;23;22
1368.0;108;88;64;59;51;52;22;21;23;20;26;23;22;21
1374.0;108;88;62;60;51;52;23;22;23;21;27;23;18;22
1380.0;105;85;62;58;52;53;26;21;24;20;29;23;18;24
1386.0;104;86;63;59;51;55;25;23;24;20;30;23;16;21
1392.0;105;85;62;54;50;55;24;26;24;20;34;22;18;21
1398.0;103;85;61;53;50;56;25;23;23;20;35;23;20;23
1404.0;105;87;62;52;49;56;26;23;22;18;34;21;21;24
1410.0;106;89;62;54;50;55;25;22;17;17;33;23;22;25
1416.0;105;91;62;51;51;55;24;26;16;16;31;25;21;26
1422.0;103;91;63;51;52;54;23;25;20;14;34;24;21;25
1428.0;99;90;63;53;53;56;24;24;22;14;36;24;21;21
1434.0;100;90;65;51;54;58;23;23;22;15;34;23;21;21
1440.0;102;89;62;51;56;57;22;20;22;16;35;23;23;22
1446.0;102;90;64;52;55;58;23;20;23;15;33;20;25;20
1452.0;104;88;62;52;55;58;25;22;24;16;29;21;25;19
1458.0;102;88;61;51;55;59;26;22;24;18;29;20;25;20
1464.0;103;86;61;51;58;59;27;23;23;17;25;21;26;20
1470.0;103;88;60;51;58;60;23;24;22;18;26;20;25;22
1476.0;104;87;58;52;57;59;23;22;23;20;25;22;26;22
1482.0;104;88;60;52;59;59;22;21;21;19;25;22;25;23
1488.0;102;87;61;51;59;59;24;21;22;19;24;22;26;23
1494.0;103;85;61;53;58;59;25;20;20;21;24;20;26;25
1500.0;102;82;61;51;59;60;27;21;22;19;23;20;27;26
1506.0;103;81;61;50;60;60;28;22;23;18;23;21;25;25
1512.0;101;81;62;52;59;57;28;23;22;19;24;20;25;27
1518.0;100;82;60;51;60;55;29;22;22;19;22;21;26;31
1524.0;99;83;60;51;60;54;30;22;21;18;22;22;27;31
1530.0;103;82;61;52;59;54;29;22;24;18;21;21;24;30
1536.0;103;82;66;54;58;54;26;20;24;19;21;22;26;25
1542.0;102;82;65;52;59;55;25;20;25;18;23;21;27;26
1548.0;103;82;62;53;59;54;24;19;24;19;23;23;28;27
1554.0;103;82;63;51;60;56;23;19;22;19;21;25;28;28
1560.0;104;83;63;48;62;58;21;21;22;22;17;21;30;28
1566.0;105;84;63;48;61;55;22;23;23;21;17;21;29;28
1572.0;100;84;64;48;61;59;21;22;23;22;19;20;29;28
1578.0;97;86;62;49;60;58;21;23;24;23;18;22;31;26
1584.0;97;84;66;50;59;58;21;25;21;25;20;22;28;24
1590.0;97;82;63;52;58;60;22;26;19;24;20;23;29;25
1596.0;100;82;63;52;57;58;21;28;22;21;21;21;28;26
1602.0;100;86;61;51;59;61;23;28;21;22;18;19;26;25
1608.0;100;86;63;52;59;61;24;24;21;22;18;22;24;24
1614.0;101;87;66;50;59;61;26;21;19;22;18;22;24;24
1620.0;102;84;67;52;60;60;25;21;19;22;17;19;24;28
1626.0;101;84;68;55;56;59;24;21;20;22;17;19;28;26
1632.0;102;84;69;57;59;60;24;20;21;21;17;18;25;23
1638.0;103;83;69;57;60;60;23;21;21;22;19;16;25;21
1644.0;104;82;69;59;60;60;24;19;22;23;18;16;23;21
1650.0;104;83;69;57;59;62;24;20;22;22;19;16;22;21
1656.0;103;82;68;58;61;61;24;20;22;22;18;17;23;21
1662.0;101;83;68;57;62;63;25;21;20;21;19;19;22;19
1668.0;101;82;69;55;63;62;25;20;21;20;22;19;20;21
1674.0;101;85;69;51;61;62;25;20;21;20;22;21;20;22
1680.0;101;86;68;53;61;62;25;19;22;22;22;18;19;22
1686.0;100;87;69;52;60;63;25;20;24;18;20;18;20;24
1692.0;99;87;69;53;61;62;25;19;24;17;20;20;19;25
1698.0;99;86;70;55;60;64;25;18;26;18;21;18;18;22
1704.0;98;87;70;56;62;65;23;19;25;17;19;18;18;23
1710.0;101;86;69;58;62;62;22;19;23;18;21;19;16;24
1716.0;103;86;73;56;60;62;20;15;25;18;22;19;16;25
1722.0;104;85;75;55;61;62;20;15;25;17;20;19;17;25
1728.0;105;84;74;55;63;62;21;14;23;16;22;19;16;26
1734.0;105;84;74;56;65;61;19;13;21;18;23;17;17;27
1740.0;105;85;74;56;62;61;19;13;21;20;26;17;17;24
1746.0;104;83;70;60;65;61;20;13;19;19;26;19;17;24
1752.0;103;84;69;59;65;59;20;14;22;19;29;18;16;23
1758.0;104;86;68;59;65;58;20;14;20;19;30;19;16;22
1764.0;99;86;67;58;65;59;23;15;19;21;31;18;18;21
1770.0;98;85;65;57;65;58;22;17;21;21;29;19;21;22
1776.0;97;84;65;56;63;59;24;17;21;23;29;19;20;23
1782.0;95;85;64;54;64;59;25;19;21;25;30;18;18;23
1788.0;94;85;64;53;64;59;24;19;22;26;29;19;20;22
1794.0;96;84;63;52;62;59;25;21;22;26;29;20;21;20
1800.0;96;84;64;50;62;61;25;19;23;24;29;22;22;19
1806.0;94;83;64;49;64;61;26;19;26;22;29;22;23;18
1812.0;91;85;64;48;65;62;25;22;25;21;30;20;24;18
1818.0;89;85;69;50;63;65;24;22;24;19;24;20;26;20
1824.0;90;87;67;50;63;64;24;23;24;21;24;19;27;17
1830.0;90;88;66;51;64;61;21;23;25;23;25;19;28;16
1836.0;91;89;67;51;63;60;19;22;25;22;26;19;30;16
1842.0;91;90;66;52;62;60;22;22;26;21;27;20;27;14
1848.0;91;88;66;51;64;60;24;22;25;21;26;20;28;14
1854.0;89;89;68;53;64;60;23;24;25;19;24;20;27;15
1860.0;87;87;67;53;65;61;23;23;26;20;26;20;27;15
1866.0;90;86;66;51;65;61;24;23;28;19;26;20;27;14
1872.0;91;89;62;51;64;60;24;23;26;21;24;22;28;15
1878.0;92;88;63;50;64;59;27;21;28;20;26;21;28;13
1884.0;92;85;68;51;61;63;28;18;28;19;27;20;28;12
1890.0;93;84;68;50;61;64;27;19;27;19;27;20;28;13
1896.0;92;85;70;49;61;64;28;19;28;19;24;21;27;13
1902.0;90;85;71;49;60;65;28;20;28;20;22;23;26;13
1908.0;89;84;72;47;62;65;30;18;26;21;21;24;26;15
1914.0;89;84;72;48;61;66;28;19;24;20;21;26;27;15
1920.0;87;85;70;48;62;66;27;19;25;19;24;25;28;15
1926.0;87;87;75;48;61;66;25;19;24;18;24;24;27;15
1932.0;86;88;74;50;61;64;24;20;23;20;22;25;28;15
1938.0;86;88;75;53;58;64;22;20;23;21;22;24;29;15
1944.0;86;89;76;54;54;64;22;22;25;21;19;22;30;16
1950.0;85;89;78;55;52;63;24;22;23;21;18;22;32;16
1956.0;86;90;75;55;54;64;25;24;22;20;17;22;29;17
1962.0;83;91;75;55;54;65;25;23;22;21;16;22;30;18
1968.0;85;91;76;56;53;63;25;26;23;22;15;22;27;16
1974.0;84;91;77;54;53;62;25;28;21;24;15;19;29;18
