#auto generated file!
12.0;52;47;74;61;48;57;69;49;53;65;55;58;65;47
18.0;54;46;76;64;49;58;64;52;50;65;55;55;66;46
24.0;55;48;75;63;48;65;62;55;48;62;58;52;64;45
30.0;55;48;75;62;49;68;60;56;48;61;64;49;61;44
36.0;58;52;75;60;51;71;59;55;47;63;66;45;56;42
42.0;59;53;75;60;52;71;58;52;49;64;65;48;51;43
48.0;62;54;74;60;55;70;59;53;48;62;64;49;49;41
54.0;64;52;75;61;56;69;60;53;49;60;63;51;47;40
60.0;66;51;77;60;59;71;64;53;48;58;60;50;42;41
66.0;68;53;73;63;58;72;59;53;49;58;57;53;41;43
72.0;66;54;72;64;57;72;56;56;50;60;58;53;39;43
78.0;68;56;74;66;59;73;53;55;46;59;57;55;36;43
84.0;70;57;73;65;59;72;50;51;48;60;62;56;36;41
90.0;71;59;71;68;61;75;51;49;45;62;56;53;37;42
96.0;71;60;71;69;61;76;50;51;46;58;56;55;34;42
102.0;72;60;71;70;61;77;51;52;47;55;57;52;35;40
108.0;72;62;74;73;61;80;47;53;43;56;54;52;35;38
114.0;73;60;76;73;60;80;47;55;45;56;51;52;33;39
120.0;74;63;79;70;58;83;46;54;44;52;50;52;35;40
126.0;74;66;78;70;58;85;48;54;44;51;48;53;33;38
132.0;75;68;77;71;60;84;51;53;37;50;49;52;35;38
138.0;78;70;77;72;63;84;46;48;36;52;50;51;35;38
144.0;78;72;79;73;63;88;45;44;40;49;47;49;37;36
150.0;81;75;81;72;64;88;44;41;40;46;47;48;40;33
156.0;81;72;80;74;68;89;44;40;41;47;45;47;39;33
162.0;81;73;81;77;66;88;43;39;40;48;43;44;40;37
168.0;82;73;81;79;68;85;46;39;40;49;43;41;38;36
174.0;84;73;79;78;74;84;44;41;41;48;40;39;37;38
180.0;85;74;79;79;74;86;39;42;39;48;42;38;40;35
186.0;85;80;80;73;74;85;40;39;39;48;43;40;40;34
192.0;89;78;82;73;74;82;38;41;37;48;43;38;40;37
198.0;90;78;83;77;72;79;37;44;35;50;42;38;40;35
204.0;90;79;82;77;74;78;37;41;34;49;42;39;43;35
210.0;93;81;82;76;75;79;33;42;33;49;42;37;44;34
216.0;94;82;82;76;75;80;32;41;33;46;40;39;43;37
222.0;93;81;83;77;77;83;37;41;32;41;40;41;41;33
228.0;94;83;85;78;77;82;37;41;30;39;38;39;42;35
234.0;95;85;84;78;76;81;36;40;30;41;37;40;42;35
240.0;96;87;87;78;72;79;36;38;33;39;40;41;41;33
246.0;96;91;85;76;72;78;36;39;31;37;41;42;43;33
252.0;96;95;84;74;72;78;35;38;30;36;40;44;43;35
258.0;96;96;83;74;70;75;34;40;28;39;38;48;42;37
264.0;93;97;85;74;70;77;32;40;30;39;39;46;41;37
270.0;92;98;82;74;70;74;34;38;33;39;41;45;42;38
276.0;93;97;83;76;68;74;34;39;34;41;38;46;39;38
282.0;94;100;86;76;68;78;32;38;35;40;35;44;39;35
288.0;96;99;87;78;67;79;30;40;35;41;31;43;39;35
294.0;99;99;89;77;66;79;30;36;36;41;30;45;36;37
300.0;100;100;89;77;65;79;31;35;33;41;30;46;35;39
306.0;101;98;87;78;64;77;30;35;35;42;30;50;35;38
312.0;101;99;87;77;67;76;29;34;37;40;29;49;35;40
318.0;102;100;86;77;70;77;27;35;38;37;30;49;34;38
324.0;101;100;87;80;72;76;28;33;38;35;28;48;36;38
330.0;103;101;88;78;72;76;29;34;36;34;29;43;39;38
336.0;106;102;87;75;74;76;29;33;36;35;27;43;40;37
342.0;106;104;91;73;76;75;28;33;36;36;26;44;41;31
348.0;106;102;94;73;75;77;28;32;35;34;29;42;42;31
354.0;104;107;96;74;74;76;31;31;35;36;27;43;38;28
360.0;107;106;95;77;75;79;32;30;34;35;24;41;36;29
366.0;108;108;95;73;75;79;31;29;33;37;23;41;38;30
372.0;112;109;94;74;74;79;32;29;32;34;23;41;38;29
378.0;113;110;93;75;71;78;31;32;30;35;23;36;40;33
384.0;111;111;89;74;74;77;32;34;33;34;22;36;41;32
390.0;110;115;90;75;75;77;30;32;33;35;23;35;38;32
396.0;110;116;91;74;76;75;28;32;35;35;24;35;37;32
402.0;110;119;89;76;73;80;27;31;35;34;23;32;38;33
408.0;109;121;88;78;73;80;27;32;36;33;23;29;38;33
414.0;108;123;86;78;75;82;26;32;36;33;21;30;37;33
420.0;106;121;84;78;74;82;28;34;38;35;19;30;39;32
426.0;107;122;83;78;78;81;27;32;38;33;22;27;38;34
432.0;108;124;82;77;78;82;26;31;38;31;25;28;37;33
438.0;107;122;83;76;80;82;23;31;38;32;26;30;36;34
444.0;105;118;83;78;81;82;23;32;37;32;29;31;33;36
450.0;106;117;87;77;80;78;26;35;33;32;28;33;33;35
456.0;106;121;84;76;78;77;27;36;34;32;28;35;30;36
462.0;104;122;84;79;76;77;28;37;36;29;26;36;29;37
468.0;101;120;85;79;76;77;28;40;37;28;27;36;29;37
474.0;103;120;82;78;79;78;28;37;39;26;25;37;29;39
480.0;103;124;81;80;78;78;32;37;39;24;24;34;29;37
486.0;102;125;84;79;75;78;28;39;41;26;23;35;31;34
492.0;101;126;83;79;75;78;29;40;40;27;22;36;33;31
498.0;103;124;83;79;77;77;30;41;39;26;22;35;34;30
504.0;103;127;78;74;74;81;29;42;38;28;25;36;34;31
510.0;101;126;76;71;72;81;29;38;38;28;29;40;36;35
516.0;101;127;76;70;72;81;31;37;40;28;27;37;37;36
522.0;103;129;78;70;73;79;31;36;41;23;28;38;38;33
528.0;103;132;79;69;70;79;31;37;40;21;31;40;34;34
534.0;104;132;83;69;68;80;35;36;38;20;27;40;34;34
540.0;103;136;86;68;67;85;31;34;35;24;26;39;32;34
546.0;107;138;86;69;69;83;27;34;36;24;27;37;33;30
552.0;107;135;87;69;69;84;29;35;35;24;26;35;33;32
558.0;107;137;87;68;69;82;33;36;32;24;23;38;32;32
564.0;107;140;89;68;71;79;26;37;33;24;23;37;34;32
570.0;105;144;87;68;69;78;25;39;34;25;23;36;33;34
576.0;106;144;85;70;70;78;26;38;33;24;22;38;31;35
582.0;110;142;85;68;70;76;26;37;29;24;26;36;34;37
588.0;112;141;87;66;71;75;25;37;29;25;27;35;34;36
594.0;114;140;89;69;73;76;22;33;30;23;28;34;35;34
600.0;114;143;90;68;74;76;21;35;31;24;28;30;32;34
606.0;116;143;89;70;77;76;22;35;30;23;24;31;32;32
612.0;118;140;88;72;79;76;22;32;29;22;25;30;33;34
618.0;115;141;88;71;80;77;23;33;28;24;24;31;32;33
624.0;112;143;87;71;79;78;23;34;32;24;25;28;32;32
630.0;112;142;89;72;83;78;23;33;30;22;24;29;30;33
636.0;114;143;88;72;84;77;23;33;29;20;25;31;30;31
642.0;114;141;87;70;84;80;24;33;30;20;28;27;30;32
648.0;114;137;89;70;81;78;23;36;30;18;29;30;31;34
654.0;115;137;88;69;82;79;23;36;31;16;27;33;31;33
660.0;114;137;86;70;85;80;23;35;31;19;24;31;32;33
666.0;114;138;84;70;85;83;22;34;32;21;24;29;32;32
672.0;112;138;86;70;84;82;23;34;32;19;26;31;32;31
678.0;112;138;85;66;84;79;23;35;33;20;27;31;33;34
684.0;111;138;86;67;85;80;24;34;32;20;26;30;33;34
690.0;109;136;85;69;86;77;26;36;31;22;28;31;32;32
696.0;108;134;84;67;85;76;28;34;34;26;29;32;31;32
702.0;109;135;82;70;89;77;25;32;35;27;30;31;30;28
708.0;108;137;81;70;87;78;27;33;35;27;29;32;29;27
714.0;108;136;83;69;89;79;24;33;35;27;29;33;28;27
720.0;109;138;83;72;90;79;23;33;34;26;32;32;25;24
726.0;110;136;83;74;90;76;24;32;33;26;35;32;25;24
732.0;112;136;84;76;89;75;25;31;31;27;34;31;27;22
738.0;113;135;83;77;91;76;24;30;31;27;35;30;26;22
744.0;113;135;81;77;91;79;25;29;31;27;32;30;25;25
750.0;114;136;79;78;90;76;22;29;34;28;31;31;26;26
756.0;116;135;79;75;89;74;23;29;37;31;31;28;28;25
762.0;116;134;80;74;91;76;24;26;37;30;32;28;27;25
768.0;118;135;82;74;87;79;22;25;35;29;32;29;28;25
774.0;117;134;81;75;87;77;23;24;32;31;31;31;31;26
780.0;117;133;79;76;87;75;23;25;33;30;32;30;33;27
786.0;116;133;79;76;88;77;24;23;33;29;31;31;32;28
792.0;115;132;77;74;91;80;26;24;31;28;31;33;31;27
798.0;113;133;78;72;92;80;30;27;30;27;30;32;29;27
804.0;114;133;78;72;92;78;32;25;28;26;31;33;30;28
810.0;115;133;79;71;91;79;30;24;28;25;30;32;31;32
816.0;115;133;79;73;93;80;30;23;27;25;28;31;32;31
822.0;117;132;78;75;91;78;30;23;26;25;29;31;36;29
828.0;118;133;77;72;94;78;29;25;27;23;26;31;36;31
834.0;118;130;77;69;95;81;30;24;26;24;27;35;37;27
840.0;115;129;80;69;95;81;31;24;26;22;26;38;38;26
846.0;114;130;80;69;93;81;35;24;26;20;28;37;39;24
852.0;116;133;83;68;94;82;35;22;27;19;25;38;36;22
858.0;117;131;84;67;96;83;36;21;29;17;25;37;37;20
864.0;115;130;83;65;98;82;39;22;31;18;25;36;37;19
870.0;115;130;84;66;98;82;39;20;29;20;25;35;36;21
876.0;116;130;82;65;97;84;38;20;31;21;26;36;33;21
882.0;118;130;82;65;97;82;39;20;29;22;28;37;30;21
888.0;119;132;80;64;97;83;41;21;27;23;25;37;31;20
894.0;119;134;81;62;96;83;41;21;30;24;24;35;30;20
900.0;118;135;80;61;97;84;40;21;31;25;25;34;28;21
906.0;120;134;77;58;96;84;39;22;31;27;27;36;28;21
912.0;119;134;76;62;96;85;37;23;31;27;25;35;31;19
918.0;119;133;75;62;96;84;35;24;31;27;28;33;31;22
924.0;121;134;76;62;95;82;33;25;30;27;24;34;32;25
930.0;121;131;78;62;95;81;31;27;28;28;26;33;35;24
936.0;120;130;79;62;93;84;31;27;29;26;27;34;34;24
942.0;120;129;79;61;91;82;34;30;30;24;28;31;35;26
948.0;118;131;82;62;88;81;33;28;29;26;29;31;34;28
954.0;117;130;82;63;88;83;34;26;29;26;30;30;33;29
960.0;116;130;82;64;86;81;34;26;30;28;31;29;32;31
966.0;116;129;82;64;84;83;34;28;32;28;30;27;33;30
972.0;115;129;82;66;84;83;35;28;32;29;29;28;32;28
978.0;113;127;81;66;83;85;31;29;32;28;30;31;36;28
984.0;114;130;81;67;85;84;30;31;33;27;26;28;32;32
990.0;110;131;82;67;84;86;28;30;33;28;27;30;31;33
996.0;111;132;82;65;83;84;30;28;34;27;28;30;32;34
1002.0;113;132;82;65;83;87;29;28;33;27;27;30;31;33
1008.0;113;132;80;66;81;88;29;27;37;27;27;29;30;34
1014.0;112;131;80;66;84;87;27;27;40;29;27;27;30;33
1020.0;111;128;82;64;85;88;27;26;38;29;28;29;32;33
1026.0;110;125;83;67;85;90;25;27;39;28;29;29;31;32
1032.0;110;123;82;66;87;87;29;29;39;27;29;30;29;33
1038.0;110;124;82;66;85;91;32;28;37;27;29;29;28;32
1044.0;109;124;82;65;86;88;35;30;38;27;29;31;28;28
1050.0;110;123;80;64;83;89;35;30;39;27;30;31;28;31
1056.0;113;120;81;64;80;92;34;29;37;30;32;30;28;30
1062.0;115;121;82;62;81;91;34;30;36;29;32;29;29;29
1068.0;118;122;82;62;77;92;34;28;36;31;32;31;26;29
1074.0;120;120;79;58;79;95;34;29;37;30;35;27;28;29
1080.0;119;119;78;59;79;95;34;31;36;30;37;27;27;29
1086.0;119;119;74;59;84;95;32;29;36;28;37;30;29;29
1092.0;118;115;75;57;86;95;31;30;38;32;35;29;29;30
1098.0;116;120;73;59;86;91;30;33;37;33;37;27;29;29
1104.0;121;121;68;60;84;88;30;33;35;35;37;28;31;29
1110.0;122;121;68;61;85;85;31;33;34;34;38;26;30;32
1116.0;122;116;67;62;84;86;30;33;32;35;40;29;31;33
1122.0;126;116;68;60;84;88;28;32;32;34;39;27;30;36
1128.0;124;116;65;61;85;89;27;32;34;35;41;26;31;34
1134.0;128;116;67;60;84;90;30;30;34;34;40;26;28;33
1140.0;127;119;72;58;83;90;31;31;32;33;39;24;29;32
1146.0;127;122;70;59;83;90;29;31;30;34;35;27;31;32
1152.0;127;125;74;60;78;90;27;34;29;32;35;26;30;33
1158.0;127;125;76;60;79;88;28;33;29;34;36;29;26;30
1164.0;128;121;74;63;78;89;28;36;30;34;36;27;26;30
1170.0;129;120;74;64;79;90;27;39;31;32;35;27;25;28
1176.0;134;122;73;63;77;88;27;39;32;32;34;27;24;28
1182.0;134;125;73;61;76;89;26;39;34;32;33;27;24;27
1188.0;132;121;73;61;75;92;24;38;32;35;34;26;26;31
1194.0;128;125;78;55;73;92;24;40;35;34;34;24;25;33
1200.0;129;122;80;59;72;90;25;41;34;34;32;22;25;35
1206.0;129;119;78;61;75;90;24;42;32;34;31;22;25;38
1212.0;130;120;79;63;72;89;24;39;32;34;32;23;25;38
1218.0;130;118;80;63;74;88;23;40;30;33;33;23;26;39
1224.0;133;116;81;61;76;92;22;41;31;29;32;24;26;36
1230.0;134;115;83;62;75;93;23;38;29;29;32;26;27;34
1236.0;133;114;84;62;74;91;23;37;31;29;31;26;28;37
1242.0;132;112;84;63;74;92;22;42;31;30;29;25;28;36
1248.0;131;108;86;67;74;92;23;41;30;33;30;23;25;37
1254.0;130;110;84;67;76;93;23;39;29;31;31;27;24;36
1260.0;132;109;89;66;75;92;23;39;29;29;32;26;24;35
1266.0;132;109;90;64;73;88;21;39;32;31;29;28;27;37
1272.0;133;108;91;65;75;88;19;40;30;29;29;28;26;39
1278.0;131;109;89;67;79;87;20;40;32;28;28;27;27;36
1284.0;129;111;89;68;78;88;22;43;31;28;27;24;27;35
1290.0;126;111;92;69;79;86;24;40;31;25;26;29;29;33
1296.0;125;113;92;67;79;86;24;41;30;25;25;27;30;36
1302.0;128;115;93;69;79;83;24;41;30;24;24;27;27;36
1308.0;132;114;93;70;79;84;22;41;28;23;24;25;27;38
1314.0;132;113;91;72;79;86;22;43;26;24;25;23;27;37
1320.0;132;113;90;73;77;83;25;44;26;23;25;26;27;36
1326.0;131;111;89;75;80;85;26;43;25;25;25;25;25;35
1332.0;129;112;89;77;82;86;26;44;25;24;25;26;25;30
1338.0;132;112;88;77;80;85;25;45;27;24;22;25;24;34
1344.0;131;114;89;76;83;86;25;42;24;25;24;24;25;32
1350.0;133;115;86;75;83;87;29;41;22;25;23;24;24;33
1356.0;133;117;88;76;82;87;29;38;22;27;25;23;23;30
1362.0;134;119;85;75;79;89;29;40;23;24;24;26;22;31
1368.0;137;118;82;74;78;92;28;40;23;22;24;26;24;32
1374.0;133;121;79;78;80;92;24;35;26;20;25;27;28;32
1380.0;132;121;76;78;80;95;26;36;24;22;25;25;28;32
1386.0;135;121;75;77;77;94;28;33;25;21;28;27;28;31
1392.0;130;125;73;76;78;95;29;34;24;21;27;26;30;32
1398.0;128;124;75;77;75;92;31;33;26;22;26;24;31;36
1404.0;129;124;76;77;76;91;31;33;26;22;26;25;29;35
1410.0;130;123;76;76;74;91;29;34;27;23;25;26;30;36
1416.0;126;122;76;78;73;91;30;35;25;25;25;27;32;35
1422.0;125;122;74;79;75;93;29;36;20;26;27;27;30;37
1428.0;125;122;75;77;75;91;28;34;21;25;28;29;31;39
1434.0;125;122;80;76;75;87;30;34;23;24;28;28;32;36
1440.0;125;122;82;75;76;87;27;34;25;23;27;28;34;35
1446.0;123;123;80;78;79;85;27;33;25;24;27;28;34;34
1452.0;124;122;79;79;78;83;25;36;26;24;27;32;31;34
1458.0;124;123;80;77;78;83;25;36;27;22;27;31;32;35
1464.0;124;127;80;76;79;83;23;36;28;21;27;31;33;32
1470.0;125;127;80;76;78;84;24;36;27;22;27;31;32;31
1476.0;127;131;81;77;76;83;20;33;28;21;28;32;34;29
1482.0;126;132;80;77;75;83;21;35;27;23;29;34;30;28
1488.0;129;130;80;76;72;84;24;36;27;21;29;31;29;32
1494.0;127;130;84;74;70;85;25;36;26;20;30;31;29;33
1500.0;129;127;86;74;70;87;28;35;25;21;31;28;27;32
1506.0;128;126;82;73;70;89;30;35;24;21;33;28;27;34
1512.0;130;127;81;70;70;91;30;37;23;20;31;28;29;33
1518.0;130;127;82;70;73;89;31;38;23;21;29;26;29;32
1524.0;129;130;81;72;75;86;34;33;24;21;32;25;29;29
1530.0;130;132;79;72;77;86;29;32;23;24;33;26;29;28
1536.0;131;133;79;72;75;89;30;31;22;23;34;24;28;29
1542.0;127;134;78;72;77;89;28;32;23;25;36;21;29;29
1548.0;126;133;79;73;76;89;27;35;22;29;34;20;28;29
1554.0;127;134;76;72;80;84;26;33;23;31;37;23;28;26
1560.0;129;134;76;72;80;82;24;33;22;32;37;23;29;27
1566.0;128;133;78;71;78;82;24;30;23;32;40;23;31;27
1572.0;126;132;78;71;79;81;25;32;25;33;40;23;28;27
1578.0;125;133;81;69;79;81;25;29;25;35;39;23;27;29
1584.0;122;132;78;72;82;79;27;30;23;35;41;27;27;25
1590.0;124;132;79;68;83;78;25;34;23;33;42;26;28;25
1596.0;126;134;78;69;81;78;26;36;25;33;40;24;27;23
1602.0;125;136;78;70;80;77;27;35;26;33;41;24;26;22
1608.0;119;138;76;73;81;80;26;34;26;33;38;25;27;24
1614.0;122;135;76;72;78;81;25;38;29;30;35;25;30;24
1620.0;121;136;74;72;79;82;24;36;30;30;38;23;31;24
1626.0;120;134;75;73;78;81;23;36;28;32;38;24;32;26
1632.0;117;133;79;71;79;80;25;37;27;29;38;26;32;27
1638.0;118;135;81;72;78;78;25;36;26;29;39;28;31;24
1644.0;116;137;82;72;76;77;29;37;25;30;38;26;31;24
1650.0;118;135;84;72;77;77;28;37;26;30;37;26;29;24
1656.0;118;136;84;69;77;78;31;37;25;32;37;25;28;23
1662.0;120;134;84;68;75;78;32;37;26;32;38;26;28;22
1668.0;121;137;83;69;75;78;31;37;26;32;36;26;28;21
1674.0;120;139;82;70;77;78;30;37;26;30;37;28;26;20
1680.0;119;140;83;71;77;79;30;36;26;29;34;28;27;21
1686.0;119;137;83;75;76;75;28;36;28;29;35;29;27;23
1692.0;120;138;83;78;75;74;27;34;29;27;35;29;28;23
1698.0;121;138;84;79;73;73;27;36;27;26;34;28;30;24
1704.0;120;140;83;80;74;72;29;35;27;27;32;29;30;22
1710.0;119;142;80;80;74;75;31;35;28;27;29;30;28;22
1716.0;118;139;82;79;74;74;29;37;29;27;29;30;28;25
1722.0;118;139;80;77;74;74;30;37;29;28;30;27;31;26
1728.0;121;138;77;76;76;74;32;34;30;29;30;25;31;27
1734.0;118;137;77;77;74;74;31;35;33;29;29;25;30;31
1740.0;116;138;77;77;73;75;30;35;32;29;31;25;30;32
1746.0;117;136;78;77;75;74;29;33;30;32;31;27;29;32
1752.0;118;137;79;77;76;77;31;31;30;32;29;26;29;28
1758.0;116;138;79;79;75;78;30;33;32;29;28;25;29;29
1764.0;116;138;80;79;73;78;29;33;33;29;27;26;28;31
1770.0;117;138;79;80;72;79;29;32;33;29;28;24;29;31
1776.0;119;139;78;81;73;80;29;33;31;25;28;24;30;30
1782.0;116;141;75;81;71;81;29;33;32;30;29;23;30;29
1788.0;118;144;75;81;69;83;30;33;30;29;29;23;31;25
1794.0;116;141;76;84;70;82;31;35;28;30;29;24;30;24
1800.0;114;140;79;84;70;82;31;38;28;28;31;23;30;22
1806.0;114;140;76;83;71;86;30;37;29;25;31;26;31;21
1812.0;115;139;75;83;71;87;31;35;30;25;29;27;32;21
1818.0;117;139;74;84;72;87;30;34;29;25;29;26;33;21
1824.0;117;138;76;87;72;87;30;32;28;25;27;26;32;23
1830.0;115;138;74;87;75;83;31;31;28;27;28;27;33;23
1836.0;117;135;74;87;76;84;28;32;26;27;28;27;33;26
1842.0;117;134;74;90;77;82;28;31;25;27;29;26;33;27
1848.0;116;130;73;93;78;82;32;29;28;27;27;23;34;28
1854.0;117;131;72;93;77;80;33;28;28;28;27;25;32;29
1860.0;118;131;72;92;78;80;35;29;27;25;24;25;33;31
1866.0;117;130;72;94;78;80;33;33;29;22;23;25;34;30
1872.0;116;127;70;93;75;81;32;34;29;23;26;28;35;31
1878.0;116;126;69;92;75;82;34;39;31;23;25;25;33;30
1884.0;114;127;69;93;74;83;34;37;31;21;26;25;36;30
1890.0;113;125;70;92;75;84;36;39;32;20;27;26;30;31
1896.0;113;127;70;91;76;84;32;39;32;23;26;27;29;31
1902.0;114;127;68;92;75;85;32;38;29;25;27;26;28;34
1908.0;115;127;67;94;80;85;31;39;30;23;27;25;28;29
1914.0;115;127;66;97;74;86;31;41;29;27;25;26;29;27
1920.0;115;127;67;94;75;86;32;41;28;29;26;27;27;26
1926.0;115;126;68;91;75;87;32;41;26;28;28;28;30;25
1932.0;116;127;72;92;72;84;30;40;25;29;28;29;30;26
1938.0;118;126;69;92;71;84;31;39;27;27;27;29;32;28
1944.0;120;127;70;92;72;82;31;38;26;27;28;28;31;28
1950.0;121;129;69;91;70;83;30;40;25;26;28;28;30;30
1956.0;119;129;68;90;72;82;30;42;24;29;27;28;29;31
1962.0;120;129;68;90;68;84;32;44;20;31;27;28;28;31
1968.0;121;128;66;90;68;85;31;44;22;32;27;26;29;31
1974.0;123;125;62;89;71;83;32;42;22;33;29;29;29;31
