#auto generated file!
12.0;60;69;82;80;74;77;56;80;61;60;91;60;63;87
18.0;62;72;85;79;75;77;57;77;62;62;87;57;62;86
24.0;65;72;85;78;77;79;60;71;64;61;84;64;57;83
30.0;66;73;90;78;79;80;64;67;61;61;85;61;56;79
36.0;67;75;90;79;79;83;64;66;61;58;85;62;55;76
42.0;67;78;92;82;83;82;64;65;61;58;81;60;54;73
48.0;69;78;88;83;85;81;69;62;61;59;79;60;56;70
54.0;71;80;89;85;84;87;69;58;59;58;75;61;56;68
60.0;72;82;90;86;89;93;67;57;59;52;78;56;55;64
66.0;74;83;93;86;87;94;67;58;60;49;78;56;55;60
72.0;77;86;95;87;85;98;67;55;61;49;75;56;50;59
78.0;76;90;96;89;87;100;63;54;58;50;71;56;49;61
84.0;76;93;96;89;87;99;65;55;56;49;73;55;46;61
90.0;76;94;95;93;89;100;64;57;53;47;71;56;44;61
96.0;78;91;97;93;88;97;65;58;51;50;70;57;41;64
102.0;80;92;99;97;87;99;60;57;53;46;67;59;44;60
108.0;80;95;102;99;87;102;60;54;53;41;70;58;40;59
114.0;79;95;103;100;89;100;58;51;55;41;72;60;40;57
120.0;81;94;100;103;86;99;56;53;57;41;71;62;42;55
126.0;83;99;104;101;84;104;57;52;56;40;67;60;39;54
132.0;84;103;101;97;84;107;56;54;54;39;70;59;40;52
138.0;86;103;102;97;85;106;53;54;53;42;68;59;38;54
144.0;89;103;101;97;85;104;55;52;50;42;68;61;38;55
150.0;90;108;103;96;84;105;52;46;45;42;69;65;42;53
156.0;95;108;99;98;85;102;54;46;41;48;67;63;44;50
162.0;95;111;99;101;86;99;59;45;44;46;66;58;41;50
168.0;94;111;100;105;89;98;60;43;44;47;63;57;41;48
174.0;94;113;98;105;91;101;57;44;46;47;61;58;42;43
180.0;92;112;100;106;95;98;59;45;46;47;61;56;43;40
186.0;94;111;99;108;97;99;61;47;44;44;61;56;43;36
192.0;92;113;100;106;95;99;62;45;46;44;59;56;47;36
198.0;94;114;98;108;92;100;62;45;42;47;57;56;48;37
204.0;91;114;100;109;93;102;62;43;43;48;56;55;47;37
210.0;92;116;99;108;95;106;58;41;43;48;53;57;49;35
216.0;94;116;99;109;97;107;56;42;43;49;51;56;49;32
222.0;97;117;101;107;96;108;55;42;43;50;53;52;48;31
228.0;96;122;101;106;97;101;54;45;46;49;54;53;44;32
234.0;96;124;100;104;94;101;53;45;49;47;55;54;47;31
240.0;97;123;98;106;95;104;49;46;45;47;55;57;46;32
246.0;99;125;103;107;93;104;45;44;44;39;57;59;46;35
252.0;97;131;103;107;93;103;46;45;44;41;53;57;44;36
258.0;96;131;103;108;94;103;47;47;45;40;54;56;40;36
264.0;95;133;105;108;93;102;45;45;46;40;56;57;40;35
270.0;95;138;105;109;94;102;41;45;45;42;50;57;42;35
276.0;98;137;99;111;94;103;42;43;44;41;51;62;42;33
282.0;99;138;99;110;94;104;43;40;45;40;50;60;45;33
288.0;101;137;98;109;95;105;43;40;46;39;52;59;43;33
294.0;101;136;99;111;92;103;44;39;45;40;53;60;43;34
300.0;105;137;100;112;93;102;46;38;44;38;51;56;44;34
306.0;105;138;100;110;95;103;46;37;44;37;50;55;46;34
312.0;105;140;102;108;92;99;49;39;45;35;50;53;47;36
318.0;105;144;101;112;93;99;46;42;46;34;49;49;44;36
324.0;109;146;102;110;96;101;44;40;40;39;50;43;45;35
330.0;109;148;101;107;99;101;42;39;39;41;51;42;47;34
336.0;111;150;105;107;100;99;40;37;39;42;50;43;43;34
342.0;111;152;105;107;99;101;40;37;37;37;48;46;45;35
348.0;108;151;102;107;98;102;39;40;37;39;52;43;46;36
354.0;107;151;103;109;100;98;42;39;36;39;50;40;46;40
360.0;108;151;102;109;100;99;40;39;36;40;47;42;45;42
366.0;111;151;102;113;100;98;40;38;37;39;45;45;41;40
372.0;118;151;103;113;99;95;39;40;36;36;47;45;41;37
378.0;121;150;100;110;102;95;36;37;38;41;47;43;40;40
384.0;125;151;99;109;103;96;35;36;37;41;48;40;43;37
390.0;125;155;99;111;98;95;34;37;31;43;51;43;41;37
396.0;126;156;100;112;98;92;36;38;32;40;49;42;41;38
402.0;127;161;99;112;99;90;35;34;33;41;46;43;43;37
408.0;126;162;99;117;97;89;33;34;33;40;43;45;43;39
414.0;123;162;97;119;91;89;36;33;34;41;40;49;44;42
420.0;124;164;94;117;88;88;35;32;39;41;43;51;43;41
426.0;124;164;93;119;88;86;37;34;36;45;42;51;41;40
432.0;126;163;94;121;88;84;38;30;37;46;44;49;41;39
438.0;128;164;97;122;87;85;37;30;37;46;41;49;41;36
444.0;129;163;98;122;87;82;38;31;39;47;42;48;40;34
450.0;130;161;98;122;86;84;40;32;37;46;42;47;42;33
456.0;126;162;101;120;87;86;39;36;39;47;39;43;44;31
462.0;126;162;102;123;87;86;39;33;42;47;40;41;42;30
468.0;127;162;101;120;86;85;39;32;41;46;43;43;42;33
474.0;131;159;100;120;84;86;40;31;39;49;42;42;43;34
480.0;131;157;98;116;84;87;37;32;39;47;44;44;48;36
486.0;131;154;100;116;83;88;36;32;40;46;46;46;48;34
492.0;132;150;103;118;82;89;37;31;39;46;46;47;47;33
498.0;133;153;102;117;84;89;35;32;35;51;41;49;44;35
504.0;131;153;103;117;84;89;36;32;34;54;40;50;44;33
510.0;130;153;101;119;84;90;36;35;34;53;41;50;44;30
516.0;130;152;99;120;85;93;33;36;36;47;41;51;42;35
522.0;130;150;102;120;85;92;33;33;38;48;41;50;42;36
528.0;131;150;100;118;87;95;31;34;36;47;43;49;43;36
534.0;133;150;99;118;86;93;34;34;35;46;42;48;44;38
540.0;131;153;100;116;85;93;32;36;34;47;42;46;47;38
546.0;133;152;99;115;86;92;33;38;36;47;42;43;46;38
552.0;134;152;104;111;87;90;34;37;34;47;41;42;44;43
558.0;131;153;104;111;89;92;33;37;36;47;42;40;47;38
564.0;131;151;103;108;86;93;36;37;35;51;44;39;48;38
570.0;131;149;104;106;86;93;36;35;37;49;45;40;50;39
576.0;133;148;104;104;89;94;37;33;38;48;44;42;48;38
582.0;132;147;103;104;90;94;33;35;37;50;43;44;49;39
588.0;133;145;97;107;91;93;35;36;36;50;49;43;47;38
594.0;133;142;96;113;92;90;38;36;32;49;51;40;49;39
600.0;133;144;97;114;91;89;36;37;33;50;50;41;48;37
606.0;133;143;99;113;92;88;35;37;31;53;48;41;49;38
612.0;134;143;97;111;92;88;36;40;32;51;48;41;48;39
618.0;134;147;97;109;94;87;35;42;30;50;48;44;44;39
624.0;134;147;96;108;95;84;37;45;29;50;52;42;44;37
630.0;133;146;95;111;93;85;34;47;30;51;53;41;47;34
636.0;138;146;95;112;90;87;34;49;31;52;49;40;43;34
642.0;137;143;97;111;93;89;35;49;30;50;49;39;44;34
648.0;137;139;97;114;93;88;35;50;32;53;46;40;41;35
654.0;139;143;95;115;93;85;35;51;32;51;45;40;43;33
660.0;136;140;95;116;95;86;37;51;33;46;47;39;43;36
666.0;136;141;97;117;95;85;37;51;32;46;48;38;41;36
672.0;138;142;98;114;96;87;37;51;33;42;49;36;40;37
678.0;139;144;100;116;97;88;33;48;35;42;46;37;39;36
684.0;139;145;103;118;93;87;30;50;34;37;48;38;39;39
690.0;139;147;104;119;93;87;30;47;34;36;52;39;38;35
696.0;138;148;106;119;92;92;30;45;35;32;54;35;37;37
702.0;140;152;107;117;93;91;25;43;37;32;52;36;38;37
708.0;141;151;109;120;93;91;26;43;37;34;50;33;36;36
714.0;140;153;109;120;92;91;23;43;38;35;53;36;31;36
720.0;136;152;107;119;90;91;27;47;42;33;52;38;29;37
726.0;136;152;106;119;91;88;27;43;41;32;58;41;27;39
732.0;138;150;103;119;92;88;30;41;37;34;60;39;31;38
738.0;135;147;104;118;93;86;30;41;37;39;60;40;34;36
744.0;135;148;106;119;94;87;30;40;34;41;55;39;33;39
750.0;136;148;104;117;95;85;28;43;35;41;56;38;34;40
756.0;134;148;104;117;95;84;31;42;37;41;53;39;33;42
762.0;133;150;104;121;92;83;28;43;37;42;51;38;34;44
768.0;131;150;106;122;90;83;28;44;39;38;53;40;30;46
774.0;132;148;102;121;91;86;28;45;38;37;53;40;30;49
780.0;131;148;105;121;92;89;27;44;37;36;54;41;27;48
786.0;134;152;104;121;93;89;27;44;39;34;54;38;27;44
792.0;135;151;105;122;94;88;27;46;40;34;55;35;25;43
798.0;137;152;106;115;97;92;26;46;39;35;50;34;28;43
804.0;137;150;107;111;99;92;31;46;41;39;45;29;27;46
810.0;139;150;104;110;100;92;34;46;43;38;43;31;23;47
816.0;138;152;102;109;100;91;34;47;44;38;42;33;23;47
822.0;142;149;103;109;99;92;35;45;41;39;43;33;24;46
828.0;144;144;105;111;98;93;36;44;40;37;45;34;23;46
834.0;145;141;105;111;99;92;35;44;40;36;48;33;25;46
840.0;144;143;108;111;101;92;35;42;39;35;49;34;25;42
846.0;145;141;108;110;101;92;38;44;37;35;45;35;26;43
852.0;147;139;111;107;99;93;39;43;37;34;45;36;27;43
858.0;148;140;110;107;100;93;37;44;35;32;49;32;27;46
864.0;148;139;112;105;101;91;40;42;34;32;45;37;27;47
870.0;149;140;112;105;103;90;38;42;35;32;45;36;25;48
876.0;151;139;112;103;106;87;37;41;37;32;43;35;27;50
882.0;151;139;113;104;108;86;37;41;35;37;44;33;26;46
888.0;153;138;113;105;106;87;37;40;33;37;46;33;27;45
894.0;155;137;115;104;101;86;36;40;34;36;47;35;29;45
900.0;153;137;117;103;100;85;39;43;32;35;46;36;28;46
906.0;151;135;119;104;100;85;40;42;32;34;43;37;30;48
912.0;153;131;125;106;102;85;38;40;35;33;38;36;30;48
918.0;151;132;125;107;100;85;41;42;33;31;38;36;31;48
924.0;150;131;127;107;102;85;41;41;34;30;39;37;31;45
930.0;148;135;127;110;103;84;40;41;35;27;37;37;30;46
936.0;147;134;125;111;103;85;39;42;36;30;38;34;29;47
942.0;146;134;126;109;101;87;41;43;34;32;37;32;33;45
948.0;146;136;122;112;105;90;41;41;33;35;36;33;31;39
954.0;147;135;120;112;103;89;41;40;33;38;38;32;33;39
960.0;149;134;119;110;104;89;41;38;34;38;38;34;33;39
966.0;153;133;120;109;101;90;38;41;35;40;35;34;32;39
972.0;153;130;118;108;104;88;38;40;34;41;38;34;35;39
978.0;154;130;121;108;104;88;35;42;33;40;38;34;33;40
984.0;155;130;121;108;103;86;38;43;33;38;39;34;34;38
990.0;153;128;121;110;102;88;38;41;32;37;37;34;36;43
996.0;155;129;120;105;100;86;38;45;34;37;36;35;38;42
1002.0;153;128;118;103;102;87;40;47;35;34;37;34;41;41
1008.0;151;129;120;104;102;87;41;46;35;34;35;36;44;36
1014.0;148;129;121;104;102;84;44;46;34;33;37;37;44;37
1020.0;148;131;120;103;99;87;43;46;36;35;37;36;42;37
1026.0;149;132;116;102;99;90;44;44;37;36;35;36;45;35
1032.0;149;134;117;104;98;89;46;44;36;34;34;32;49;34
1038.0;150;135;122;103;98;88;47;45;36;34;31;29;45;37
1044.0;148;136;120;104;99;89;46;46;35;31;33;28;50;35
1050.0;147;135;124;104;98;86;44;44;34;33;39;26;49;37
1056.0;145;135;123;102;99;87;44;45;33;34;39;28;49;37
1062.0;145;135;124;102;97;83;45;46;34;38;38;28;49;36
1068.0;140;136;123;101;98;84;46;46;35;38;38;26;50;39
1074.0;137;133;126;104;96;82;43;49;36;41;40;29;47;37
1080.0;137;136;125;100;95;85;43;47;34;44;41;28;47;38
1086.0;135;138;127;98;94;88;42;48;33;46;40;29;46;36
1092.0;134;135;123;98;94;90;42;52;35;48;40;29;44;36
1098.0;131;136;125;98;94;92;43;51;35;50;40;30;40;35
1104.0;132;138;120;102;94;93;42;48;38;50;36;29;44;34
1110.0;131;134;120;102;96;95;42;49;39;50;35;28;44;35
1116.0;132;137;120;102;96;95;41;45;39;50;36;28;44;35
1122.0;130;137;119;103;95;94;40;46;39;50;36;28;44;39
1128.0;133;136;122;103;98;95;39;46;34;51;32;28;43;40
1134.0;133;136;125;102;96;95;39;46;36;51;31;25;42;43
1140.0;131;137;125;106;100;93;39;44;35;50;33;24;43;40
1146.0;136;136;125;104;101;93;38;44;33;47;34;26;44;39
1152.0;138;136;124;104;99;94;38;44;34;46;34;29;42;38
1158.0;139;136;123;106;98;92;37;43;32;47;33;32;43;39
1164.0;140;139;127;106;99;91;36;41;33;48;30;32;42;36
1170.0;141;136;129;110;102;90;36;41;31;46;28;33;42;35
1176.0;142;133;127;113;100;91;39;43;29;45;30;31;40;37
1182.0;147;132;124;111;100;89;39;44;32;44;30;34;38;36
1188.0;149;133;120;107;99;89;39;44;34;42;32;36;39;37
1194.0;150;130;123;109;99;89;40;44;32;42;31;36;39;36
1200.0;152;132;120;105;98;91;42;42;32;43;32;36;38;37
1206.0;155;132;118;105;99;90;42;40;34;46;30;37;39;33
1212.0;160;135;114;106;97;89;45;40;34;45;27;35;41;32
1218.0;159;135;112;105;95;89;43;40;33;48;28;36;43;34
1224.0;160;137;111;103;96;88;43;39;32;48;29;37;42;35
1230.0;162;135;115;101;95;87;38;38;34;45;30;36;47;37
1236.0;161;137;118;101;95;88;39;39;33;41;31;36;46;35
1242.0;163;138;119;102;94;87;39;39;30;41;33;32;48;35
1248.0;161;140;115;102;94;89;40;36;31;44;32;34;49;33
1254.0;164;138;112;103;94;89;41;37;28;42;34;34;52;32
1260.0;164;140;111;102;93;90;40;38;30;43;34;33;52;30
1266.0;164;143;111;100;95;91;39;40;30;39;33;34;50;31
1272.0;166;144;106;101;97;90;41;39;30;37;35;34;48;32
1278.0;172;145;105;98;92;91;42;39;30;36;32;36;49;33
1284.0;172;143;105;98;92;90;42;40;30;33;35;37;49;34
1290.0;171;144;105;96;93;89;43;43;32;30;34;38;47;35
1296.0;170;145;112;95;91;89;43;41;32;29;34;38;47;34
1302.0;166;145;115;93;90;93;40;41;34;29;35;40;44;35
1308.0;165;143;118;92;89;93;38;43;33;28;37;41;42;38
1314.0;167;144;116;93;88;94;40;41;35;32;36;37;40;37
1320.0;166;142;116;95;91;96;37;38;34;33;37;38;38;39
1326.0;168;142;118;93;91;96;37;37;35;33;39;36;38;37
1332.0;172;141;118;94;89;93;34;39;34;33;40;43;36;34
1338.0;175;142;113;94;88;93;37;39;33;34;41;44;35;32
1344.0;175;145;112;96;91;95;36;40;33;34;40;41;31;31
1350.0;173;145;111;100;94;95;36;37;36;36;37;39;30;31
1356.0;174;144;109;98;94;94;36;39;34;37;38;38;34;31
1362.0;175;145;109;100;94;94;38;37;33;35;37;39;35;29
1368.0;172;145;108;102;95;93;36;39;32;34;38;39;37;30
1374.0;169;143;109;104;96;91;38;38;33;35;40;37;38;29
1380.0;169;139;109;101;95;94;39;36;35;33;39;42;39;30
1386.0;167;140;108;102;93;94;43;41;35;33;42;38;35;29
1392.0;165;143;107;104;95;96;41;38;36;34;41;36;36;28
1398.0;166;145;107;103;97;93;44;39;35;32;38;38;37;26
1404.0;165;144;105;102;101;93;44;40;34;34;41;35;37;25
1410.0;165;144;101;102;100;96;44;37;34;36;45;37;36;23
1416.0;165;146;104;100;102;93;40;37;37;33;48;37;33;25
1422.0;163;144;107;98;101;94;39;38;35;35;48;38;32;28
1428.0;164;143;109;101;99;94;40;38;34;35;50;36;29;28
1434.0;164;143;110;99;99;94;42;35;36;34;48;38;30;28
1440.0;163;146;110;98;99;99;42;34;36;32;46;36;31;28
1446.0;166;146;109;97;105;99;42;34;36;31;38;37;32;28
1452.0;164;146;108;96;107;101;45;33;37;32;34;37;32;28
1458.0;165;140;109;95;109;100;44;35;38;32;33;40;31;29
1464.0;164;141;112;94;109;100;45;35;39;29;34;40;31;27
1470.0;165;143;110;92;109;97;44;33;38;29;37;42;34;27
1476.0;163;146;112;92;108;93;46;34;40;31;35;40;35;25
1482.0;165;147;112;95;107;92;47;34;41;28;32;39;35;26
1488.0;165;149;114;96;106;91;47;32;39;28;33;38;35;27
1494.0;165;150;115;98;107;89;47;32;39;28;32;38;33;27
1500.0;167;146;115;99;106;90;47;35;37;29;33;36;34;26
1506.0;163;145;113;101;106;91;49;33;41;28;34;34;35;27
1512.0;166;144;113;100;103;93;49;35;38;30;30;33;37;29
1518.0;163;141;111;98;104;94;49;34;40;31;30;34;40;31
1524.0;159;142;112;99;106;93;48;35;41;32;29;32;40;32
1530.0;154;143;109;105;107;94;51;36;42;32;28;32;38;29
1536.0;153;142;109;105;101;94;52;35;44;35;31;32;37;30
1542.0;150;141;111;106;102;94;47;34;43;35;34;33;39;31
1548.0;146;138;113;107;102;92;52;32;42;35;36;33;43;29
1554.0;147;140;113;107;106;91;53;29;42;34;35;34;38;31
1560.0;145;140;110;104;108;90;54;30;44;33;38;32;40;32
1566.0;148;139;110;104;108;90;51;30;45;34;37;32;38;34
1572.0;150;139;109;101;107;91;53;32;45;33;34;33;39;34
1578.0;149;140;105;97;106;93;51;32;47;36;35;34;38;37
1584.0;152;141;108;98;107;93;48;31;45;35;34;38;38;32
1590.0;149;144;105;98;108;91;48;31;45;39;34;39;40;29
1596.0;148;145;107;96;107;89;49;31;45;41;34;40;42;26
1602.0;148;145;110;96;107;89;44;32;47;41;34;41;40;26
1608.0;147;144;110;98;104;87;47;34;45;41;33;44;40;26
1614.0;149;144;110;100;101;85;47;31;46;44;34;43;40;26
1620.0;149;142;109;101;104;84;49;31;46;48;32;40;39;26
1626.0;148;140;109;99;103;85;49;31;46;49;31;43;38;29
1632.0;149;140;109;97;102;86;51;35;45;42;32;47;36;29
1638.0;148;142;111;90;102;89;53;33;45;40;30;48;37;32
1644.0;146;143;109;90;103;90;55;35;46;43;29;48;32;31
1650.0;144;145;110;93;101;92;52;33;45;44;30;48;31;32
1656.0;141;145;110;89;105;90;52;35;48;44;31;49;32;29
1662.0;144;142;106;93;105;90;53;35;46;43;31;49;31;32
1668.0;147;143;106;93;103;89;52;36;47;41;33;46;31;33
1674.0;145;145;101;95;104;87;52;39;44;44;35;46;29;34
1680.0;143;146;102;96;103;84;54;40;46;42;36;45;28;35
1686.0;144;146;106;95;101;85;53;41;43;48;35;42;27;34
1692.0;146;146;108;92;101;83;53;39;43;49;36;42;30;32
1698.0;145;144;106;93;101;84;53;39;43;50;39;42;30;31
1704.0;144;146;107;92;99;84;51;38;42;52;40;44;32;29
1710.0;145;143;108;93;99;80;48;43;43;54;43;42;29;30
1716.0;147;143;109;91;102;80;44;41;44;53;45;41;29;31
1722.0;144;142;108;92;102;81;44;43;46;54;47;41;26;30
1728.0;147;143;106;96;101;80;43;41;43;52;44;39;34;31
1734.0;146;146;106;98;100;83;44;43;43;49;42;38;31;31
1740.0;147;148;105;96;101;85;43;42;40;50;43;35;32;33
1746.0;148;147;107;95;100;86;43;40;46;48;39;37;32;32
1752.0;147;146;108;97;100;85;41;41;43;49;42;36;36;29
1758.0;143;146;110;97;101;81;41;42;47;50;44;34;32;32
1764.0;140;145;106;100;101;83;38;43;48;50;45;36;34;31
1770.0;144;144;108;97;102;83;38;41;50;50;42;37;35;29
1776.0;146;146;111;96;103;79;35;44;48;53;44;33;33;29
1782.0;150;144;112;99;103;80;32;42;47;54;40;35;32;30
1788.0;152;144;110;97;102;82;32;43;48;52;41;35;30;32
1794.0;152;144;110;95;104;82;35;39;47;52;40;36;31;33
1800.0;150;143;111;95;101;81;34;39;46;52;39;40;33;36
1806.0;151;144;108;92;100;82;39;39;45;51;38;40;33;38
1812.0;152;147;106;91;103;82;39;34;45;49;39;41;34;38
1818.0;152;152;106;91;103;79;38;36;42;49;40;40;35;37
1824.0;152;149;107;92;103;78;38;38;44;47;39;41;34;38
1830.0;150;150;109;92;102;77;39;38;46;43;40;40;37;37
1836.0;152;149;110;92;104;80;35;41;45;40;38;39;38;37
1842.0;154;150;113;91;102;80;36;41;40;39;36;39;39;40
1848.0;154;152;115;93;106;80;36;40;39;38;34;38;38;37
1854.0;152;153;114;92;104;81;37;39;41;37;36;36;40;38
1860.0;151;152;108;93;101;81;37;37;48;38;38;38;40;38
1866.0;149;150;107;95;101;80;38;32;50;39;38;39;42;40
1872.0;151;148;107;95;101;83;37;33;49;35;39;44;40;38
1878.0;155;148;107;98;102;85;36;32;45;33;42;41;40;36
1884.0;155;148;106;97;103;84;34;30;45;32;45;41;42;38
1890.0;153;148;107;98;104;80;35;31;47;33;45;40;39;40
1896.0;152;150;107;99;102;85;34;32;48;33;43;38;38;39
1902.0;155;151;107;97;100;86;34;32;45;32;45;40;38;38
1908.0;154;153;108;98;97;88;36;32;45;30;45;39;38;37
1914.0;155;151;108;95;99;90;37;31;47;31;44;37;38;37
1920.0;156;148;108;98;96;91;38;31;49;31;43;37;37;37
1926.0;153;147;108;96;95;90;38;34;49;30;48;36;38;38
1932.0;155;153;109;96;94;89;38;34;50;28;50;33;36;35
1938.0;156;153;109;92;94;89;39;35;53;26;48;33;37;36
1944.0;157;155;110;90;94;87;37;38;59;24;44;33;35;37
1950.0;154;156;112;88;94;85;36;37;58;26;42;33;40;39
1956.0;156;153;109;91;90;79;39;36;58;28;40;36;42;43
1962.0;157;154;111;93;88;76;37;35;56;29;40;38;43;43
1968.0;159;154;108;92;88;80;39;35;55;30;40;37;42;41
1974.0;163;151;103;92;89;83;40;35;53;32;37;38;44;40
