#auto generated file!
12.0;101;101;97;95;87;89;131;98;90;108;115;82;102;104
18.0;106;107;97;101;83;89;125;96;91;107;112;80;99;107
24.0;108;110;99;99;84;89;130;94;87;102;113;78;99;108
30.0;109;112;101;99;87;88;128;96;82;100;112;76;101;109
36.0;112;118;104;100;89;88;122;95;83;100;113;74;96;106
42.0;118;120;107;99;89;89;117;93;83;94;108;74;99;110
48.0;119;125;109;106;90;94;113;93;82;90;102;75;100;102
54.0;120;125;113;108;89;93;113;93;77;89;103;72;102;103
60.0;123;128;115;109;91;94;109;88;81;85;103;73;101;100
66.0;122;131;115;112;94;92;110;89;82;88;101;70;99;95
72.0;126;137;115;108;95;92;108;88;82;85;101;72;100;91
78.0;127;142;119;107;96;92;107;89;80;83;96;73;101;88
84.0;128;149;126;109;95;97;101;83;82;81;90;74;102;83
90.0;131;150;128;110;96;99;98;82;78;80;90;71;101;86
96.0;135;151;133;115;96;97;100;81;76;73;89;73;97;84
102.0;144;151;128;116;99;97;97;80;77;70;92;72;95;82
108.0;147;151;129;115;98;99;95;80;73;72;94;72;95;80
114.0;143;151;131;111;97;99;95;82;79;70;94;76;94;78
120.0;144;150;134;113;100;100;94;75;75;69;99;77;93;77
126.0;144;151;133;114;102;103;92;73;78;64;98;79;89;80
132.0;148;151;132;114;106;103;89;72;78;64;98;72;94;79
138.0;148;155;131;117;104;103;89;70;78;63;95;73;93;81
144.0;147;161;131;117;102;107;90;70;73;60;92;75;90;85
150.0;147;162;129;121;106;109;91;71;71;60;96;71;87;79
156.0;146;166;131;122;105;113;90;70;73;64;91;72;82;75
162.0;143;167;129;122;107;112;92;68;76;66;88;72;80;78
168.0;141;167;136;125;109;113;87;68;78;66;88;71;73;78
174.0;144;166;137;127;110;113;86;68;78;66;83;73;74;75
180.0;146;169;138;127;108;117;87;67;77;69;83;70;70;72
186.0;151;170;141;122;113;119;83;68;81;65;84;64;68;71
192.0;151;169;149;119;115;120;84;70;76;59;86;67;68;67
198.0;153;168;153;117;114;120;86;65;73;58;88;69;66;70
204.0;153;168;152;118;114;122;80;67;72;56;90;69;68;71
210.0;154;165;151;121;117;122;78;70;71;58;86;67;70;70
216.0;154;167;147;123;117;119;83;66;71;59;85;70;66;73
222.0;153;168;150;120;119;122;82;70;67;59;83;69;65;73
228.0;155;169;151;118;123;124;83;70;68;58;79;71;62;69
234.0;155;175;153;118;127;121;85;67;65;60;75;69;62;68
240.0;156;175;155;119;130;121;86;67;63;58;73;69;62;66
246.0;158;176;154;122;130;124;84;63;68;56;69;68;63;65
252.0;158;178;155;120;131;124;80;66;66;58;68;70;62;64
258.0;155;179;155;123;135;119;79;66;66;61;70;70;61;61
264.0;156;176;156;123;135;120;86;65;62;57;71;72;63;58
270.0;155;176;156;124;136;122;86;69;63;58;70;70;62;53
276.0;158;176;157;122;133;124;83;72;63;57;66;70;67;52
282.0;160;174;157;125;135;121;82;71;65;58;68;71;63;50
288.0;163;177;155;125;139;118;81;69;63;58;70;73;61;48
294.0;168;176;155;125;136;113;80;72;62;56;73;73;60;51
300.0;169;177;151;128;134;117;77;72;63;59;72;73;58;50
306.0;173;178;152;129;134;119;79;71;66;60;71;66;56;46
312.0;170;180;148;129;134;123;80;65;65;66;70;68;56;46
318.0;171;182;147;130;138;120;75;63;69;67;68;65;56;49
324.0;171;183;145;129;138;119;77;61;67;69;69;64;57;51
330.0;176;182;146;135;136;119;81;59;64;66;65;66;58;47
336.0;179;182;148;136;136;118;81;56;63;69;64;63;59;46
342.0;181;184;146;137;136;122;79;57;59;65;63;60;61;50
348.0;180;185;148;139;138;121;74;57;60;66;61;62;56;53
354.0;182;185;153;137;140;122;70;56;60;64;58;63;55;55
360.0;178;185;151;138;137;122;68;60;60;63;60;65;58;55
366.0;181;183;155;140;137;122;64;58;61;67;58;63;60;51
372.0;179;185;155;141;133;123;63;60;63;65;59;64;64;46
378.0;179;184;155;141;133;121;60;60;63;64;64;67;59;50
384.0;181;185;153;139;134;119;58;63;65;62;64;64;61;52
390.0;182;185;149;142;136;117;59;64;62;63;61;64;64;52
396.0;180;185;145;144;133;117;57;64;62;64;63;67;65;54
402.0;179;184;148;142;130;116;57;61;62;63;68;64;68;58
408.0;181;184;145;143;126;117;55;63;63;64;69;60;69;61
414.0;179;185;148;144;126;121;55;62;60;63;71;57;67;62
420.0;180;186;149;146;130;116;57;57;57;59;74;59;68;62
426.0;178;187;150;149;130;115;55;57;61;61;70;55;69;63
432.0;177;187;149;148;131;114;55;56;61;61;74;55;68;64
438.0;177;185;151;148;128;116;54;56;67;60;73;54;67;64
444.0;179;186;151;147;129;117;60;50;70;56;71;54;66;64
450.0;176;186;146;149;128;119;62;51;72;54;69;54;67;67
456.0;174;186;146;147;129;115;63;53;75;54;67;52;72;67
462.0;173;189;146;151;130;115;62;53;74;55;70;50;69;63
468.0;171;187;148;149;132;118;57;56;75;56;70;56;65;60
474.0;177;189;148;149;135;117;53;57;74;50;73;55;64;59
480.0;176;187;150;147;135;117;54;58;70;50;71;55;66;64
486.0;176;188;148;146;136;113;55;59;69;50;72;54;68;66
492.0;175;191;148;142;139;110;58;60;68;50;73;55;65;66
498.0;175;189;146;146;143;110;58;57;68;51;73;56;63;65
504.0;174;190;151;142;140;116;58;55;63;52;72;59;63;65
510.0;177;191;154;138;142;118;63;53;60;52;68;55;60;69
516.0;177;190;153;140;142;119;60;53;63;53;66;56;60;68
522.0;178;192;149;137;140;125;60;54;61;55;68;56;61;64
528.0;177;190;149;139;137;126;62;57;62;52;69;53;61;66
534.0;176;191;150;138;137;126;60;57;59;54;68;52;63;69
540.0;179;192;150;140;139;124;61;56;56;52;65;55;64;67
546.0;183;194;154;140;138;124;60;53;54;50;66;56;64;64
552.0;184;199;157;140;139;120;60;54;52;48;65;57;61;64
558.0;185;201;156;142;140;120;64;55;52;47;63;53;61;61
564.0;184;201;159;138;144;122;63;55;57;47;57;53;60;60
570.0;186;199;163;136;148;123;61;57;52;49;57;52;56;61
576.0;189;201;163;136;150;126;58;54;52;43;53;55;60;60
582.0;189;199;164;137;148;123;57;54;52;46;54;56;59;62
588.0;191;200;161;137;149;124;58;53;52;46;54;54;60;61
594.0;194;201;161;137;149;130;56;54;49;48;52;50;59;60
600.0;192;204;159;137;151;130;53;51;48;50;53;51;58;63
606.0;194;204;163;138;153;126;52;47;48;51;55;52;57;60
612.0;196;205;161;134;153;126;55;48;50;50;54;52;58;58
618.0;197;204;159;141;154;125;54;47;49;46;55;51;59;59
624.0;202;206;156;138;150;126;53;46;51;49;55;51;57;60
630.0;203;206;156;137;149;129;52;42;51;53;52;54;56;60
636.0;205;208;153;137;150;129;50;41;51;55;53;50;58;60
642.0;209;210;155;134;148;128;52;41;48;51;54;47;60;63
648.0;206;210;157;136;147;125;53;42;54;50;52;44;60;64
654.0;208;214;155;136;148;123;52;42;56;49;53;41;56;67
660.0;207;217;154;136;144;121;54;45;52;49;56;39;56;70
666.0;204;218;150;136;145;118;52;47;53;51;54;41;61;70
672.0;201;218;150;135;147;119;53;52;53;51;52;40;63;66
678.0;205;216;147;136;152;118;52;53;54;48;54;39;60;66
684.0;210;214;151;136;147;118;54;55;51;43;53;43;59;66
690.0;211;215;151;139;146;122;55;53;48;44;53;43;55;65
696.0;212;214;153;134;149;119;52;57;48;47;53;46;53;63
702.0;213;214;155;135;149;122;51;58;48;46;51;44;55;59
708.0;213;214;155;132;150;120;51;61;45;49;51;45;55;59
714.0;211;214;150;131;150;122;50;60;46;51;55;45;54;61
720.0;213;216;146;130;152;121;51;56;43;53;55;45;57;62
726.0;212;211;146;127;154;121;48;54;49;52;58;46;58;64
732.0;212;212;143;130;153;120;49;57;49;53;51;47;59;65
738.0;211;211;145;130;155;120;52;59;51;51;51;45;57;62
744.0;214;210;144;129;158;122;49;57;55;51;49;46;55;61
750.0;216;210;140;128;158;118;46;57;57;52;49;50;58;61
756.0;217;209;141;124;159;118;45;60;57;52;49;51;58;60
762.0;219;205;141;125;160;116;44;58;58;52;52;53;56;61
768.0;220;205;139;126;158;119;46;55;57;50;55;54;58;58
774.0;221;205;134;129;158;117;48;53;56;52;53;59;60;55
780.0;228;207;133;127;155;114;49;53;56;52;51;59;58;58
786.0;228;209;129;127;157;115;47;55;58;51;50;56;59;59
792.0;227;207;132;126;157;117;46;57;57;51;51;53;61;58
798.0;227;211;133;127;162;118;42;57;56;48;52;51;59;57
804.0;229;211;133;129;164;119;43;58;51;44;50;52;62;55
810.0;229;211;135;131;162;117;42;55;52;45;48;54;63;56
816.0;229;208;132;133;162;116;39;57;52;46;48;58;64;56
822.0;228;203;132;136;159;118;42;61;50;44;47;57;66;57
828.0;232;203;135;132;160;117;45;58;47;45;47;56;65;58
834.0;229;203;139;130;165;117;49;59;45;42;43;56;66;57
840.0;228;205;140;132;165;114;53;59;44;41;40;53;64;62
846.0;227;204;139;133;167;114;56;59;44;39;42;54;63;59
852.0;229;206;136;136;164;111;60;59;43;40;43;51;66;56
858.0;229;205;137;134;164;110;58;57;45;42;46;51;67;55
864.0;227;206;138;131;163;106;60;61;47;38;50;54;67;52
870.0;227;205;139;129;165;106;63;59;47;37;50;53;68;52
876.0;226;206;139;124;166;109;66;59;48;38;50;51;69;49
882.0;222;207;140;126;165;111;63;57;46;40;51;53;69;50
888.0;221;206;140;123;168;116;63;53;47;35;49;55;70;54
894.0;221;205;142;126;167;118;64;49;45;33;53;57;69;51
900.0;220;207;145;127;164;117;67;48;42;33;54;59;66;51
906.0;220;208;145;127;163;119;61;47;43;38;51;58;69;51
912.0;221;210;146;127;162;119;57;50;42;38;51;57;70;50
918.0;226;207;146;130;158;118;54;47;42;37;53;56;75;51
924.0;225;206;145;134;160;121;53;50;40;39;52;53;75;47
930.0;225;205;144;132;156;123;55;50;42;42;55;47;75;49
936.0;230;207;145;133;153;122;51;50;42;43;57;46;71;50
942.0;227;209;142;138;147;121;52;51;42;45;54;46;70;56
948.0;229;208;138;138;148;122;50;51;40;47;52;49;71;57
954.0;226;208;138;140;150;121;48;50;45;43;52;51;73;55
960.0;228;214;137;139;150;119;48;47;42;44;53;51;73;55
966.0;226;213;139;139;152;120;47;49;44;41;53;50;71;56
972.0;227;212;140;138;152;120;48;47;45;43;51;51;67;59
978.0;226;216;138;137;153;122;50;44;44;43;53;51;66;57
984.0;226;215;141;140;149;123;51;42;45;46;52;49;69;52
990.0;223;219;136;139;149;125;53;43;44;44;54;55;64;52
996.0;223;220;129;139;148;124;53;40;45;47;55;56;67;54
1002.0;221;220;133;140;150;123;48;40;48;54;55;56;62;50
1008.0;223;224;131;143;152;122;48;40;49;53;50;55;59;51
1014.0;225;222;130;139;154;120;54;40;48;51;51;56;58;52
1020.0;225;222;127;139;154;122;52;44;43;55;51;57;57;52
1026.0;223;224;127;137;155;125;57;42;44;54;51;53;54;54
1032.0;220;226;126;140;148;123;57;41;44;55;55;54;56;55
1038.0;222;224;125;139;145;122;60;47;46;54;58;48;55;55
1044.0;219;229;128;138;145;120;58;51;44;53;57;48;55;55
1050.0;214;226;128;140;142;123;58;56;44;54;54;51;54;56
1056.0;212;225;130;142;144;124;57;58;41;51;59;50;55;52
1062.0;212;226;126;139;143;128;59;56;39;53;57;52;57;53
1068.0;211;225;124;141;142;125;61;57;41;58;55;51;56;53
1074.0;210;224;126;143;146;126;59;57;43;59;53;48;50;56
1080.0;208;226;125;145;146;128;58;55;44;58;52;49;52;54
1086.0;207;227;128;142;146;131;58;55;43;58;48;51;50;56
1092.0;209;227;127;143;143;132;61;52;46;60;47;49;52;52
1098.0;213;227;127;141;146;128;59;54;43;60;50;46;50;56
1104.0;215;226;130;139;146;130;59;54;44;61;47;43;51;55
1110.0;213;226;129;136;148;133;63;56;42;63;47;40;52;52
1116.0;216;225;124;138;146;131;63;56;44;63;49;41;56;48
1122.0;216;223;123;138;147;129;62;57;42;62;52;45;52;52
1128.0;215;227;123;142;139;126;63;59;45;60;52;44;55;50
1134.0;217;228;123;140;137;126;65;59;41;60;50;48;54;52
1140.0;213;225;124;142;138;128;66;57;42;62;47;48;55;53
1146.0;212;225;128;139;139;125;65;58;45;64;48;48;54;50
1152.0;213;223;126;139;140;127;63;55;47;65;51;49;50;52
1158.0;211;223;127;140;137;128;64;55;48;70;51;48;47;51
1164.0;208;225;130;140;139;126;64;59;47;69;49;47;47;50
1170.0;207;222;129;142;140;125;68;59;50;67;49;45;50;47
1176.0;207;220;131;145;140;126;63;59;52;66;50;44;47;50
1182.0;207;220;128;147;138;125;66;62;52;62;50;46;47;50
1188.0;203;219;125;148;138;124;68;63;52;61;53;45;52;49
1194.0;206;216;126;149;141;119;67;61;51;61;50;45;52;56
1200.0;208;215;128;148;145;118;63;61;50;64;50;45;48;57
1206.0;209;213;129;149;144;120;58;59;51;69;51;45;47;56
1212.0;205;211;131;146;146;126;58;60;53;68;53;45;46;52
1218.0;206;213;128;140;145;132;65;57;55;65;51;44;44;55
1224.0;206;217;127;138;148;128;64;58;54;65;50;47;45;53
1230.0;210;215;123;140;153;126;65;59;53;65;50;46;47;48
1236.0;212;211;124;141;154;125;65;57;53;66;49;46;45;52
1242.0;210;208;121;140;156;127;66;58;57;64;52;47;44;50
1248.0;208;209;118;137;159;127;67;57;58;66;51;48;41;54
1254.0;208;207;119;137;160;125;67;55;56;66;49;53;42;56
1260.0;209;205;121;137;157;127;67;55;52;66;51;59;42;52
1266.0;209;205;123;137;154;127;66;56;51;62;55;60;43;52
1272.0;206;206;121;134;160;127;66;55;51;60;56;60;45;53
1278.0;206;207;120;137;159;127;66;49;52;61;57;61;49;49
1284.0;209;208;118;140;157;125;68;51;50;61;51;64;50;48
1290.0;209;212;115;142;152;125;66;48;53;61;52;63;53;49
1296.0;213;212;112;145;150;125;68;48;52;60;52;63;52;48
1302.0;213;212;113;147;149;124;67;52;52;57;52;61;55;46
1308.0;211;212;115;148;149;124;65;53;53;57;52;59;57;45
1314.0;209;213;117;147;150;123;67;55;50;54;54;57;59;45
1320.0;208;216;114;146;148;128;69;52;51;52;53;61;60;42
1326.0;207;216;112;149;147;127;66;50;55;56;49;67;58;41
1332.0;209;216;113;149;148;126;69;48;55;56;51;65;55;40
1338.0;210;215;112;148;148;128;69;47;56;54;51;66;53;43
1344.0;210;216;109;147;147;130;64;48;60;52;51;69;54;43
1350.0;208;215;112;150;149;131;63;50;57;51;51;69;56;38
1356.0;208;211;111;151;150;131;63;53;55;47;54;72;55;39
1362.0;208;210;108;150;151;133;66;50;53;49;52;73;55;42
1368.0;210;213;108;147;153;133;65;48;55;48;52;69;56;43
1374.0;211;212;107;147;152;134;71;46;57;48;49;64;56;46
1380.0;216;211;108;146;150;133;71;43;61;46;52;64;53;46
1386.0;213;212;110;143;149;131;73;43;61;51;51;63;52;48
1392.0;209;214;110;142;148;130;74;42;63;52;55;60;54;47
1398.0;211;211;109;138;145;130;74;44;66;50;54;57;62;49
1404.0;210;211;110;139;146;133;78;44;64;49;52;57;59;48
1410.0;209;212;112;139;147;134;75;45;61;51;53;57;57;48
1416.0;209;214;114;141;144;135;73;45;57;55;55;57;54;47
1422.0;211;215;114;142;150;136;71;48;57;52;54;56;52;42
1428.0;209;213;114;142;149;137;74;50;57;52;56;55;47;45
1434.0;206;214;116;143;146;139;74;50;55;55;59;56;44;43
1440.0;206;210;116;148;146;138;72;50;56;55;57;59;43;44
1446.0;207;213;114;147;146;137;69;49;58;53;55;60;47;45
1452.0;209;212;115;151;145;137;70;50;57;52;54;58;45;45
1458.0;211;213;117;150;145;136;69;49;56;54;50;57;46;47
1464.0;208;210;120;149;147;140;69;50;55;54;53;55;47;43
1470.0;208;211;120;150;150;142;68;49;55;51;57;52;47;40
1476.0;207;209;115;155;152;138;67;49;57;51;55;56;47;42
1482.0;206;212;113;155;151;134;67;50;54;50;57;54;51;46
1488.0;205;210;112;153;149;136;66;51;54;51;60;54;51;48
1494.0;207;211;113;155;143;138;64;49;53;56;58;54;51;48
1500.0;208;214;115;155;140;140;64;49;53;55;57;54;48;48
1506.0;208;213;115;156;139;140;61;53;52;53;60;53;48;49
1512.0;208;216;117;155;139;137;61;53;50;56;60;49;46;53
1518.0;206;218;117;157;139;135;61;53;47;56;62;51;47;51
1524.0;206;215;118;156;140;139;62;49;51;55;59;52;50;48
1530.0;205;214;116;157;141;138;61;48;50;56;54;55;54;51
1536.0;208;218;117;156;137;138;58;47;46;55;56;53;52;59
1542.0;212;217;115;155;139;139;58;47;47;55;58;50;51;57
1548.0;212;217;116;154;138;139;58;46;47;57;57;50;52;57
1554.0;211;216;116;154;136;139;62;48;48;54;56;51;52;57
1560.0;214;214;114;152;139;136;62;48;44;60;56;51;52;58
1566.0;214;211;117;149;141;137;61;50;42;58;54;56;52;58
1572.0;217;211;113;149;143;135;60;51;45;57;53;56;50;60
1578.0;216;220;113;147;145;135;58;49;46;61;51;50;48;61
1584.0;212;221;111;149;149;137;55;49;47;60;52;49;48;61
1590.0;212;225;114;148;146;138;49;52;49;59;51;47;49;61
1596.0;209;226;117;143;146;138;49;51;48;58;53;49;55;58
1602.0;210;223;119;141;151;137;47;52;47;61;56;48;53;55
1608.0;211;223;120;140;150;137;49;57;47;58;54;44;55;55
1614.0;211;224;118;140;149;136;53;59;47;57;53;49;49;55
1620.0;214;224;116;138;150;134;49;56;50;55;56;50;54;54
1626.0;215;224;118;140;147;141;50;56;52;51;57;46;52;51
1632.0;210;229;118;140;150;138;50;61;51;52;56;48;48;49
1638.0;211;227;119;140;149;142;49;57;49;55;55;49;46;52
1644.0;213;229;119;139;147;142;46;57;45;60;53;50;46;54
1650.0;215;226;120;138;148;140;46;57;50;61;48;49;48;54
1656.0;212;228;118;139;150;139;44;57;51;60;46;54;45;57
1662.0;210;232;117;138;147;141;44;55;50;60;47;59;46;54
1668.0;211;235;117;141;142;140;44;54;50;60;47;56;48;55
1674.0;212;230;119;140;144;138;45;53;45;61;48;59;51;55
1680.0;217;227;123;139;146;134;48;51;46;56;54;55;52;52
1686.0;218;225;123;136;143;133;52;53;47;55;55;57;48;55
1692.0;221;224;122;131;147;129;53;59;45;53;54;58;48;56
1698.0;220;220;119;132;147;130;52;56;46;56;56;59;50;57
1704.0;221;221;120;133;148;131;53;57;48;58;56;51;52;51
1710.0;223;223;120;135;140;132;55;59;49;58;52;48;50;56
1716.0;225;220;122;134;137;132;54;60;49;61;54;43;50;59
1722.0;224;222;119;134;138;131;52;57;49;64;54;47;49;60
1728.0;226;221;122;137;129;128;53;60;48;67;54;48;47;60
1734.0;227;223;124;139;129;125;52;59;47;64;55;48;46;62
1740.0;229;223;125;143;129;122;53;61;46;61;57;52;41;58
1746.0;228;222;127;142;127;120;54;61;47;61;59;51;41;60
1752.0;224;224;127;141;131;122;52;61;46;61;61;51;39;60
1758.0;227;220;131;138;134;123;53;57;46;61;62;52;38;58
1764.0;226;220;129;139;135;122;56;53;48;63;59;52;36;62
1770.0;227;220;131;140;139;122;54;51;48;61;59;51;37;60
1776.0;228;220;134;139;136;122;53;50;51;63;60;49;36;59
1782.0;229;221;133;139;134;121;59;51;48;60;58;48;38;61
1788.0;225;221;137;138;130;119;57;56;49;59;58;49;40;62
1794.0;225;221;133;140;132;120;58;55;50;58;56;51;40;61
1800.0;224;224;135;141;129;118;58;58;47;59;56;50;41;60
1806.0;222;227;131;139;131;119;56;60;47;57;57;49;46;59
1812.0;222;228;132;140;131;120;54;57;47;55;57;53;46;58
1818.0;222;226;127;140;132;122;56;57;50;57;57;52;44;58
1824.0;223;229;124;139;129;123;57;57;51;57;58;50;49;54
1830.0;225;230;121;139;127;121;59;61;52;58;58;52;47;50
1836.0;225;230;123;146;129;116;55;65;52;55;55;51;47;51
1842.0;221;232;124;148;125;118;53;71;51;50;58;52;48;49
1848.0;221;228;127;146;128;118;56;68;51;49;58;48;51;51
1854.0;219;229;125;146;128;119;59;63;54;52;58;50;49;49
1860.0;220;233;123;147;130;118;60;65;54;49;57;46;48;50
1866.0;219;233;124;145;131;119;57;64;51;53;57;51;46;50
1872.0;221;236;122;145;129;120;61;60;50;52;56;53;47;48
1878.0;218;241;124;143;130;123;60;63;49;50;53;54;46;46
1884.0;219;238;126;142;127;125;58;67;47;52;53;54;46;46
1890.0;220;236;127;139;126;127;61;66;46;47;55;56;46;48
1896.0;222;233;124;140;128;127;59;66;47;47;52;58;45;52
1902.0;222;233;123;140;125;128;58;65;48;45;54;57;51;51
1908.0;220;237;121;142;123;129;57;63;47;45;57;54;54;51
1914.0;218;238;127;144;125;128;59;59;48;41;58;51;55;49
1920.0;220;234;129;143;123;127;59;60;49;42;54;51;57;52
1926.0;225;236;132;143;121;127;56;63;45;44;57;54;54;43
1932.0;226;236;132;144;116;128;56;60;48;44;57;52;56;45
1938.0;223;238;131;145;121;132;56;56;43;49;53;56;55;42
1944.0;228;237;131;148;120;129;54;56;45;49;53;55;51;44
1950.0;228;236;133;146;122;129;53;55;48;47;54;54;49;46
1956.0;230;236;134;144;126;125;50;56;48;47;52;56;48;48
1962.0;230;232;133;144;129;125;53;56;47;47;54;56;50;44
1968.0;228;232;136;141;132;123;52;53;49;50;54;57;53;40
1974.0;224;230;136;140;132;127;54;54;46;51;54;57;50;45
