#auto generated file!
12.0;51;32;41;38;42;46;35;45;50;44;43;44;41;48
18.0;50;32;40;37;46;46;34;44;49;43;43;44;43;49
24.0;50;32;41;38;46;48;32;46;47;40;43;46;42;49
30.0;50;33;42;38;48;48;30;44;43;43;38;45;45;53
36.0;51;35;43;39;47;47;32;45;42;39;38;46;45;51
42.0;52;37;43;40;49;47;31;45;42;40;35;41;46;52
48.0;52;37;43;41;50;47;31;44;41;40;35;42;46;51
54.0;54;35;44;42;53;47;30;44;39;38;35;43;43;53
60.0;55;35;43;43;52;45;30;45;41;39;37;41;41;53
66.0;55;38;44;46;51;43;30;46;40;37;34;41;42;53
72.0;55;37;44;46;51;42;29;45;40;38;34;42;44;53
78.0;55;39;44;47;51;46;32;42;37;38;34;43;41;51
84.0;58;39;45;47;51;48;31;40;38;38;32;41;41;51
90.0;62;39;47;48;52;48;33;37;38;34;29;42;39;52
96.0;65;40;49;47;53;48;33;39;40;27;28;42;38;51
102.0;65;39;49;49;53;51;33;39;39;27;28;39;40;49
108.0;62;40;49;48;54;53;34;41;36;28;28;38;39;50
114.0;63;42;49;46;55;53;35;41;36;28;28;35;39;50
120.0;64;44;50;46;55;53;34;41;39;28;29;30;39;48
126.0;68;45;51;49;53;54;34;37;41;30;26;31;38;43
132.0;72;44;52;49;52;55;33;36;39;30;26;32;38;42
138.0;70;45;53;52;50;58;33;38;38;33;24;28;38;40
144.0;72;46;52;53;53;60;32;38;36;34;24;26;38;36
150.0;71;48;55;54;53;63;29;38;35;34;22;25;37;36
156.0;76;49;53;52;53;63;28;41;34;31;25;26;35;34
162.0;76;50;52;52;55;62;26;39;37;31;27;24;36;33
168.0;75;51;54;52;54;62;27;37;38;32;25;26;35;32
174.0;76;54;54;51;53;66;29;34;35;33;26;26;34;29
180.0;78;55;52;50;53;67;30;34;36;32;26;27;31;29
186.0;79;56;53;51;53;63;30;34;38;32;27;25;31;28
192.0;80;57;51;50;54;64;31;36;38;31;24;25;31;28
198.0;80;55;52;51;54;63;31;36;37;31;25;25;31;29
204.0;83;53;54;52;54;62;32;33;37;30;27;24;29;30
210.0;82;55;55;51;52;62;32;34;34;31;27;25;30;30
216.0;85;56;55;52;50;61;30;34;32;28;28;26;34;29
222.0;85;56;53;54;49;63;31;35;32;25;26;27;35;29
228.0;86;56;53;56;49;62;29;35;31;24;27;27;34;31
234.0;84;56;55;60;48;60;28;38;31;24;27;27;31;31
240.0;84;57;55;61;44;62;26;37;32;23;27;27;32;33
246.0;81;58;54;64;42;62;25;37;34;23;26;29;31;34
252.0;77;58;55;65;44;64;27;36;34;23;25;29;28;35
258.0;77;57;56;64;44;63;29;35;34;23;24;31;30;33
264.0;79;56;56;65;43;62;26;34;33;26;25;30;32;33
270.0;80;57;56;66;43;61;25;35;31;30;24;32;31;29
276.0;79;56;55;64;45;60;24;34;32;29;25;36;33;28
282.0;78;56;55;66;44;60;23;35;32;30;28;32;34;27
288.0;77;60;54;64;44;58;22;34;33;32;29;33;34;26
294.0;77;60;53;63;43;58;21;32;34;33;30;34;35;27
300.0;79;61;54;64;41;58;22;31;35;35;30;31;33;26
306.0;78;62;52;64;40;57;22;30;39;36;28;33;32;27
312.0;80;63;53;65;37;57;20;31;39;36;25;34;34;26
318.0;81;63;53;65;39;59;22;29;37;34;25;35;35;23
324.0;81;63;55;64;39;60;23;28;36;32;26;35;34;24
330.0;83;61;54;63;39;63;25;28;36;33;26;31;34;24
336.0;82;61;54;63;40;66;26;27;36;33;23;32;32;25
342.0;82;62;53;64;39;66;25;28;38;30;24;34;32;23
348.0;81;60;53;65;40;66;25;29;37;30;24;34;31;25
354.0;82;61;53;64;41;67;25;28;36;28;24;37;28;26
360.0;84;62;51;64;41;66;25;28;37;26;23;36;28;29
366.0;87;60;53;65;42;65;24;28;36;26;23;34;28;29
372.0;87;61;52;64;44;63;28;29;35;26;25;31;25;30
378.0;86;60;52;67;45;64;28;25;37;25;27;31;25;28
384.0;88;60;52;68;44;65;27;26;37;23;26;30;26;28
390.0;90;61;52;68;45;66;25;27;38;22;26;26;26;28
396.0;88;61;53;68;47;68;25;25;36;20;28;29;26;26
402.0;87;61;52;68;48;70;27;23;36;20;28;29;27;24
408.0;87;64;52;69;49;71;29;22;35;18;29;28;25;22
414.0;87;66;53;69;49;72;29;22;35;18;29;30;23;18
420.0;88;67;51;68;50;73;28;20;36;19;28;30;23;19
426.0;88;68;49;66;49;73;29;19;40;20;29;27;23;20
432.0;88;68;49;65;50;73;29;20;39;20;30;27;23;19
438.0;87;71;47;65;50;74;28;22;36;23;31;24;23;19
444.0;88;71;48;66;51;72;27;23;34;22;33;24;23;18
450.0;89;71;48;68;50;71;28;23;31;24;34;23;24;16
456.0;91;71;48;66;50;69;31;26;30;24;34;21;25;14
462.0;92;71;48;65;51;68;29;27;31;23;31;21;26;17
468.0;92;73;49;65;50;68;26;28;32;22;31;21;26;17
474.0;91;72;48;62;50;68;28;28;32;22;32;21;28;18
480.0;90;72;47;63;48;66;29;29;31;26;31;21;26;21
486.0;89;73;47;61;47;65;32;29;30;26;29;22;27;23
492.0;89;72;45;62;46;68;32;29;29;27;28;22;30;21
498.0;89;73;46;59;47;67;36;26;29;27;29;21;29;22
504.0;88;75;47;59;49;68;34;25;27;26;32;20;28;22
510.0;89;78;47;57;51;68;35;23;26;24;31;19;30;22
516.0;89;79;48;56;51;68;34;22;26;23;30;20;33;21
522.0;90;78;47;58;52;67;35;20;26;23;31;20;33;20
528.0;91;78;47;57;52;66;33;21;26;25;31;18;34;21
534.0;91;79;46;57;52;66;33;22;26;23;31;21;35;18
540.0;90;80;47;63;52;65;33;20;25;21;30;20;35;19
546.0;86;81;48;62;53;66;33;19;28;22;29;19;32;22
552.0;86;83;50;64;51;67;31;20;27;21;27;19;30;24
558.0;88;84;50;65;51;66;31;19;28;20;27;18;28;25
564.0;90;83;51;64;52;66;31;20;25;20;28;21;27;22
570.0;92;83;49;66;53;64;31;19;27;20;28;19;28;21
576.0;93;82;47;65;55;64;29;19;31;19;26;22;27;21
582.0;95;80;46;66;57;66;27;20;32;21;25;22;24;19
588.0;96;81;47;69;55;65;26;18;37;20;25;18;25;18
594.0;97;80;46;69;57;67;25;19;36;21;24;17;24;18
600.0;96;81;46;67;58;66;23;19;38;23;22;18;26;17
606.0;95;80;50;67;58;67;24;17;35;23;22;18;27;17
612.0;97;80;49;66;58;67;24;17;36;24;22;18;25;17
618.0;98;81;47;66;57;64;25;17;37;24;23;19;24;18
624.0;96;80;46;65;56;64;25;21;37;24;23;20;23;20
630.0;95;80;46;64;56;66;25;19;37;26;22;23;22;19
636.0;93;80;46;62;56;66;27;19;38;25;22;23;22;21
642.0;93;81;41;63;56;66;25;20;38;29;21;22;24;21
648.0;94;81;41;64;55;64;23;22;40;28;22;22;23;21
654.0;92;80;42;66;54;65;26;19;37;27;25;23;22;22
660.0;89;81;43;65;53;66;26;18;38;28;26;22;22;23
666.0;89;79;43;63;54;66;25;18;37;28;27;23;23;25
672.0;90;79;41;60;55;66;28;18;38;26;28;24;23;24
678.0;88;78;39;59;57;66;29;16;38;26;26;25;26;27
684.0;85;78;40;61;56;64;30;17;37;25;26;29;24;28
690.0;84;79;42;62;53;64;29;15;37;26;28;28;26;27
696.0;84;77;43;61;56;65;31;15;37;26;26;27;24;28
702.0;83;77;42;62;57;64;30;16;35;26;27;26;25;30
708.0;83;80;39;61;59;63;31;16;36;28;27;22;26;29
714.0;81;80;40;63;57;65;29;15;37;30;27;21;27;28
720.0;82;80;36;63;58;67;27;16;34;31;28;23;27;28
726.0;85;81;37;61;58;67;26;16;33;31;26;24;27;28
732.0;83;81;39;59;58;67;25;18;33;29;26;25;27;30
738.0;84;82;38;60;56;68;26;18;31;28;25;27;27;30
744.0;84;83;38;60;56;70;27;20;28;27;25;25;27;30
750.0;84;80;40;59;56;72;28;21;29;26;25;22;24;34
756.0;85;79;39;60;55;70;29;22;27;26;27;24;24;33
762.0;85;78;39;61;55;70;28;21;28;26;27;24;24;34
768.0;84;79;39;63;55;70;26;21;26;28;26;22;28;33
774.0;83;82;38;61;54;71;21;21;30;29;26;23;29;32
780.0;87;82;38;60;52;71;21;21;29;30;27;20;28;34
786.0;89;81;37;59;52;74;18;22;29;32;26;20;28;33
792.0;90;83;38;59;52;75;19;23;28;31;25;19;27;31
798.0;88;83;37;61;54;76;18;23;28;32;25;19;25;31
804.0;89;82;37;62;57;77;21;21;25;31;25;19;23;31
810.0;89;81;38;63;61;76;21;23;25;29;22;20;21;31
816.0;88;80;37;64;62;75;17;25;26;30;23;22;21;30
822.0;87;81;39;64;63;74;16;24;28;29;23;23;21;28
828.0;87;83;39;65;62;74;16;23;26;30;22;22;23;28
834.0;88;83;40;64;61;75;16;27;26;28;22;22;19;29
840.0;89;83;41;64;63;75;17;26;25;28;22;21;19;27
846.0;87;82;41;68;65;74;18;26;24;26;24;20;17;28
852.0;90;82;44;65;63;73;18;24;25;27;22;21;16;30
858.0;92;84;45;64;62;76;18;23;21;27;23;20;16;29
864.0;94;82;44;65;62;73;16;23;23;27;23;20;18;30
870.0;96;82;45;64;60;74;17;24;22;28;23;19;17;29
876.0;97;82;43;63;61;74;17;25;19;29;25;20;16;29
882.0;99;81;45;62;60;74;19;24;20;27;25;21;12;31
888.0;99;80;45;60;58;74;22;23;22;26;26;22;13;30
894.0;97;80;42;59;59;73;24;23;22;23;29;23;15;31
900.0;97;78;41;57;59;75;24;23;19;24;30;25;19;29
906.0;98;78;40;58;58;76;25;25;20;25;27;23;21;26
912.0;97;79;41;57;56;75;23;28;21;25;28;22;21;27
918.0;99;82;42;57;55;74;22;27;20;25;27;22;21;27
924.0;99;83;42;59;56;74;24;24;20;26;24;23;21;25
930.0;99;81;42;59;55;73;25;25;21;26;25;23;20;26
936.0;101;80;42;60;54;72;25;25;21;26;23;23;19;29
942.0;100;82;43;63;50;74;25;25;18;27;22;23;19;29
948.0;101;82;45;63;49;73;27;26;20;25;21;24;19;25
954.0;101;80;46;62;47;73;25;25;20;26;22;25;22;26
960.0;102;77;44;60;50;71;27;26;18;25;23;24;24;29
966.0;102;77;46;60;50;68;26;26;18;26;23;26;24;28
972.0;100;79;46;60;49;71;28;23;19;27;23;28;21;26
978.0;102;79;47;61;48;70;27;21;19;26;24;30;21;25
984.0;103;79;47;59;49;71;27;20;20;28;23;28;22;24
990.0;101;78;45;59;48;73;28;20;22;29;23;29;22;23
996.0;99;79;45;61;51;72;27;21;21;28;21;31;21;23
1002.0;100;80;47;60;53;70;25;21;22;26;22;30;21;23
1008.0;101;81;47;61;55;72;23;19;23;25;20;31;19;23
1014.0;99;80;45;61;55;69;23;21;25;25;20;33;20;24
1020.0;100;82;45;60;52;69;22;22;24;25;22;32;20;25
1026.0;98;79;45;63;53;69;22;24;24;24;18;33;22;26
1032.0;100;79;46;62;53;67;23;24;25;23;18;31;22;27
1038.0;100;78;50;63;50;68;20;24;26;21;19;32;21;28
1044.0;97;78;51;61;49;68;19;25;27;21;23;32;21;28
1050.0;96;78;52;60;47;68;19;23;26;23;24;32;22;30
1056.0;96;78;53;59;47;67;20;24;26;21;24;34;21;30
1062.0;97;77;53;57;50;65;21;23;26;21;25;34;21;30
1068.0;97;77;50;58;49;63;23;26;25;22;28;35;18;29
1074.0;98;80;49;58;49;63;21;24;24;23;30;33;20;28
1080.0;98;79;50;59;49;64;22;23;22;24;30;34;20;26
1086.0;99;79;48;59;49;64;22;24;24;23;30;33;20;26
1092.0;101;81;50;56;49;63;21;24;23;23;29;34;21;25
1098.0;104;83;48;55;47;63;21;24;23;20;28;36;22;26
1104.0;105;85;48;57;45;66;20;23;22;20;26;37;23;23
1110.0;102;87;48;58;44;66;21;22;23;19;26;36;23;25
1116.0;99;86;48;56;45;69;21;24;25;22;24;35;25;21
1122.0;99;87;48;55;44;69;20;26;25;21;23;35;23;25
1128.0;98;87;50;55;45;69;21;26;26;23;26;32;19;23
1134.0;99;88;51;55;44;69;21;27;25;23;24;32;20;22
1140.0;99;89;51;54;43;69;21;25;24;24;26;32;20;23
1146.0;100;88;51;57;44;69;20;25;23;23;24;31;21;24
1152.0;98;89;52;55;47;68;20;23;25;23;22;31;23;24
1158.0;99;90;50;55;49;68;20;21;21;25;23;33;23;23
1164.0;99;89;48;55;49;67;20;21;22;25;26;34;23;22
1170.0;96;90;49;54;49;68;19;21;25;25;27;33;23;21
1176.0;97;90;49;53;47;68;20;21;25;26;25;33;23;23
1182.0;97;89;46;55;47;69;21;19;24;25;23;33;26;26
1188.0;98;89;46;53;46;72;22;19;22;27;22;33;26;25
1194.0;96;89;45;52;46;70;22;21;22;31;22;33;27;24
1200.0;97;87;45;53;46;68;24;20;22;32;21;31;28;26
1206.0;100;84;44;54;48;68;24;21;22;32;18;29;30;26
1212.0;101;84;43;55;47;68;24;19;22;33;18;29;31;26
1218.0;98;83;44;55;47;69;25;19;25;31;17;30;30;27
1224.0;100;83;45;55;47;70;27;17;23;32;15;29;31;26
1230.0;102;83;43;55;48;71;27;17;22;33;15;29;28;27
1236.0;101;83;41;55;48;71;27;19;22;33;15;31;28;26
1242.0;101;84;42;55;49;71;27;20;23;32;14;29;28;25
1248.0;103;83;41;55;52;69;26;19;23;33;16;29;28;23
1254.0;104;85;41;56;52;69;25;19;22;35;16;24;28;24
1260.0;101;84;42;57;51;70;23;19;25;34;16;25;29;24
1266.0;101;84;42;59;48;71;21;19;23;33;18;24;29;28
1272.0;99;83;45;59;49;70;20;19;24;35;17;24;28;28
1278.0;100;83;45;57;51;70;20;17;24;34;17;23;31;28
1284.0;101;79;44;59;53;69;23;19;25;30;17;23;30;28
1290.0;101;79;46;60;53;66;22;19;27;32;17;22;28;28
1296.0;100;77;48;60;52;67;24;18;27;33;16;22;29;27
1302.0;97;76;49;61;52;65;22;19;25;35;17;23;30;29
1308.0;96;76;50;60;54;65;20;20;27;37;17;25;28;25
1314.0;95;75;52;60;52;67;23;22;25;35;16;25;30;23
1320.0;98;75;50;59;53;66;21;23;24;33;21;25;29;23
1326.0;98;73;53;59;53;65;20;23;24;33;24;26;27;22
1332.0;99;74;54;58;52;68;19;23;25;29;25;25;27;22
1338.0;100;74;56;55;52;67;17;22;26;31;24;26;27;23
1344.0;99;72;59;55;54;67;19;22;26;30;22;25;27;23
1350.0;99;73;59;56;53;67;20;21;26;30;23;23;28;22
1356.0;97;76;61;53;54;68;21;23;23;29;21;25;29;20
1362.0;95;75;61;53;53;68;24;23;23;27;22;25;29;22
1368.0;95;76;57;54;54;69;24;22;21;28;22;25;29;24
1374.0;95;77;56;54;53;70;23;22;23;26;24;24;29;24
1380.0;95;76;54;52;53;70;24;24;23;26;26;22;29;26
1386.0;95;74;52;52;55;71;23;25;23;25;24;24;29;28
1392.0;96;73;52;54;56;72;24;24;24;24;24;25;27;25
1398.0;96;74;49;54;57;73;23;21;28;23;23;25;27;27
1404.0;96;74;48;53;58;77;24;17;28;24;23;25;26;27
1410.0;97;78;47;52;59;76;24;18;25;25;21;26;28;24
1416.0;96;76;48;52;60;75;23;19;25;26;21;26;29;24
1422.0;96;78;48;51;59;74;22;21;27;25;22;27;27;23
1428.0;96;80;49;49;63;74;22;21;26;24;19;29;27;21
1434.0;96;82;50;50;64;72;20;21;26;25;20;29;25;20
1440.0;97;82;49;49;65;71;18;20;28;26;20;28;26;21
1446.0;97;81;48;47;65;74;20;22;26;27;19;27;26;21
1452.0;94;82;49;46;64;76;21;22;27;26;18;27;26;22
1458.0;93;82;48;46;62;77;21;19;28;26;20;27;29;22
1464.0;92;81;50;48;63;77;17;21;28;28;22;25;27;21
1470.0;91;82;52;48;63;77;19;20;27;28;21;26;26;20
1476.0;96;79;49;50;62;78;20;19;27;27;22;26;26;19
1482.0;95;80;49;49;59;79;19;19;25;26;22;29;30;19
1488.0;95;80;49;48;59;79;21;20;26;25;21;28;30;19
1494.0;99;83;47;48;59;78;21;19;27;25;24;25;28;17
1500.0;99;81;47;50;60;82;21;18;28;26;20;25;27;16
1506.0;103;82;45;49;60;84;21;19;28;25;19;22;27;16
1512.0;103;83;43;51;60;85;21;19;30;23;19;22;25;16
1518.0;103;82;42;51;59;83;21;21;30;21;20;24;28;15
1524.0;103;82;40;53;58;83;25;21;29;21;21;21;28;15
1530.0;103;81;41;54;59;84;25;19;29;23;19;21;28;14
1536.0;105;81;40;55;57;85;26;19;28;22;18;23;29;12
1542.0;104;80;41;53;57;88;26;20;27;22;18;23;29;12
1548.0;104;80;41;54;56;87;27;19;28;22;18;21;29;14
1554.0;105;80;42;53;58;86;27;17;29;23;17;21;27;15
1560.0;106;80;41;53;59;86;27;16;30;25;16;19;26;16
1566.0;106;79;42;55;58;87;28;16;30;24;13;21;26;15
1572.0;105;80;43;54;58;83;26;16;30;25;14;23;28;15
1578.0;103;82;44;54;59;83;24;17;26;27;16;23;26;16
1584.0;103;80;45;55;58;84;23;16;26;30;16;22;27;15
1590.0;105;81;45;53;60;84;23;16;25;32;16;18;27;15
1596.0;105;81;41;53;59;84;24;15;25;30;16;22;29;16
1602.0;105;83;41;52;59;84;24;15;26;30;17;22;27;15
1608.0;106;82;42;51;57;82;23;15;27;30;18;22;27;18
1614.0;103;81;42;51;58;82;24;15;27;34;19;22;24;18
1620.0;105;78;43;52;57;82;24;15;28;29;19;23;24;21
1626.0;107;78;45;52;56;77;25;15;28;27;20;22;25;23
1632.0;107;79;45;53;55;77;25;15;23;26;23;25;25;22
1638.0;107;78;46;54;54;79;25;14;25;25;22;27;23;21
1644.0;109;79;44;55;54;76;24;14;24;25;22;26;24;24
1650.0;108;79;45;56;53;74;24;14;25;28;22;24;22;26
1656.0;110;84;44;53;52;75;25;16;24;26;22;23;23;23
1662.0;110;83;45;53;52;74;24;17;26;27;19;25;22;23
1668.0;110;84;46;55;52;71;25;18;26;26;19;24;21;23
1674.0;107;86;47;55;52;71;26;20;24;27;18;22;22;23
1680.0;105;85;47;56;52;71;24;19;24;26;19;22;25;25
1686.0;104;85;48;52;52;71;25;20;23;24;20;24;26;26
1692.0;106;86;49;50;49;70;25;18;23;26;22;23;27;26
1698.0;106;85;49;51;52;70;23;18;23;24;21;23;25;30
1704.0;105;87;47;52;54;71;22;18;23;24;23;18;26;30
1710.0;104;90;47;53;54;68;23;17;23;23;24;19;27;28
1716.0;105;90;46;52;55;67;23;18;24;20;26;20;25;29
1722.0;106;88;48;51;56;66;22;19;24;19;25;19;25;32
1728.0;107;89;48;51;55;66;22;19;20;20;26;17;28;32
1734.0;107;86;48;51;53;65;22;19;23;22;26;17;29;32
1740.0;106;85;49;50;54;64;23;18;22;22;26;20;31;30
1746.0;105;85;49;50;51;66;22;19;23;24;26;20;31;29
1752.0;104;83;48;49;52;68;26;17;24;23;27;19;31;29
1758.0;103;84;50;47;54;68;25;17;22;25;28;19;30;28
1764.0;104;84;50;48;54;67;24;18;21;24;28;20;30;28
1770.0;103;86;53;49;52;68;26;19;19;21;26;19;29;30
1776.0;103;85;56;48;50;68;24;20;19;23;27;16;32;29
1782.0;104;86;57;48;50;70;22;20;19;21;25;17;32;29
1788.0;101;84;59;48;49;72;23;20;17;19;28;17;33;30
1794.0;100;83;59;49;50;71;23;21;18;17;28;17;33;31
1800.0;100;82;60;50;50;72;24;21;17;18;27;16;33;30
1806.0;100;82;58;49;50;70;25;23;20;17;26;16;34;30
1812.0;100;83;58;48;51;67;26;23;21;16;26;16;36;29
1818.0;100;82;59;48;53;63;28;21;23;17;26;19;32;29
1824.0;100;82;58;49;52;61;30;23;22;15;29;19;31;29
1830.0;97;83;57;50;53;61;31;23;23;16;28;19;30;29
1836.0;98;82;57;48;52;57;32;25;27;17;26;20;32;27
1842.0;96;83;58;49;53;57;31;23;26;19;30;18;31;26
1848.0;96;83;59;49;53;58;28;21;28;19;31;17;32;26
1854.0;95;86;59;48;54;58;26;20;28;20;31;15;32;28
1860.0;93;88;59;49;53;58;23;21;28;24;32;16;31;25
1866.0;95;88;59;50;54;61;24;24;26;23;28;17;27;24
1872.0;95;88;58;50;55;63;23;24;27;23;28;14;27;25
1878.0;94;87;61;51;57;63;22;26;25;23;27;15;27;22
1884.0;94;86;61;52;56;61;23;26;25;24;27;14;28;23
1890.0;94;86;62;52;56;64;26;27;26;21;26;13;26;21
1896.0;96;86;64;52;54;65;27;28;27;18;25;14;25;19
1902.0;94;86;66;53;53;63;28;25;26;22;24;16;23;21
1908.0;94;87;65;53;52;63;29;28;26;21;25;14;21;22
1914.0;93;90;64;52;54;65;29;26;28;20;26;15;18;20
1920.0;93;88;65;52;53;64;29;27;30;20;25;14;18;22
1926.0;94;90;65;52;55;61;26;25;29;21;27;14;18;23
1932.0;93;91;64;53;56;60;24;24;32;21;29;14;17;22
1938.0;94;90;64;54;55;61;25;23;32;21;29;15;16;21
1944.0;93;88;66;53;53;61;26;25;32;21;29;17;16;20
1950.0;96;89;65;50;52;60;27;25;30;21;31;16;17;21
1956.0;97;91;67;49;51;59;26;24;29;20;31;17;19;20
1962.0;97;90;68;51;52;59;24;22;29;20;29;18;21;20
1968.0;96;92;68;52;53;58;22;21;29;19;30;19;21;20
1974.0;99;91;68;52;52;59;21;21;27;19;30;21;19;21
